Seed:  0
GATv2(
  (convs): ModuleList(
    (0-7): 8 x GATv2Conv(256, 256, heads=1)
    (8): GATv2Conv(256, 7, heads=1)
  )
  (residual_fc): Linear(in_features=1433, out_features=256, bias=True)
)
Epoch: 1, Loss: 5.1898, Train: 0.2071, Val: 0.1940, Test: 0.2380
Epoch: 2, Loss: 3.5210, Train: 0.1929, Val: 0.1940, Test: 0.2240
Epoch: 3, Loss: 3.0983, Train: 0.1500, Val: 0.1260, Test: 0.1670
Epoch: 4, Loss: 2.7876, Train: 0.1643, Val: 0.1180, Test: 0.1080
Epoch: 5, Loss: 2.7044, Train: 0.1929, Val: 0.1160, Test: 0.1030
Epoch: 6, Loss: 2.6187, Train: 0.1929, Val: 0.1380, Test: 0.1310
Epoch: 7, Loss: 2.7231, Train: 0.1571, Val: 0.1540, Test: 0.1530
Epoch: 8, Loss: 2.2030, Train: 0.1357, Val: 0.1620, Test: 0.1480
Epoch: 9, Loss: 2.3163, Train: 0.1429, Val: 0.1620, Test: 0.1500
Epoch: 10, Loss: 2.3197, Train: 0.1429, Val: 0.1620, Test: 0.1490
Epoch: 11, Loss: 2.3913, Train: 0.1500, Val: 0.1640, Test: 0.1460
Epoch: 12, Loss: 2.2475, Train: 0.1500, Val: 0.1640, Test: 0.1460
Epoch: 13, Loss: 2.1711, Train: 0.1571, Val: 0.1660, Test: 0.1440
Epoch: 14, Loss: 2.2680, Train: 0.1571, Val: 0.1780, Test: 0.1460
Epoch: 15, Loss: 2.2614, Train: 0.2214, Val: 0.1880, Test: 0.1550
Epoch: 16, Loss: 2.2079, Train: 0.3286, Val: 0.2420, Test: 0.2350
Epoch: 17, Loss: 2.1257, Train: 0.3500, Val: 0.2480, Test: 0.2400
Epoch: 18, Loss: 1.8990, Train: 0.2786, Val: 0.2140, Test: 0.1940
Epoch: 19, Loss: 2.0862, Train: 0.2643, Val: 0.1980, Test: 0.1900
Epoch: 20, Loss: 2.0458, Train: 0.2643, Val: 0.1960, Test: 0.1880
Epoch: 21, Loss: 2.1034, Train: 0.2643, Val: 0.1980, Test: 0.1870
Epoch: 22, Loss: 2.0560, Train: 0.2714, Val: 0.2020, Test: 0.1870
Epoch: 23, Loss: 1.9751, Train: 0.2714, Val: 0.2020, Test: 0.1900
Epoch: 24, Loss: 2.0028, Train: 0.2714, Val: 0.2000, Test: 0.1880
Epoch: 25, Loss: 2.0882, Train: 0.2714, Val: 0.1960, Test: 0.1870
Epoch: 26, Loss: 1.8827, Train: 0.2714, Val: 0.1960, Test: 0.1870
Epoch: 27, Loss: 2.0031, Train: 0.2857, Val: 0.1980, Test: 0.1910
Epoch: 28, Loss: 1.9720, Train: 0.2857, Val: 0.2000, Test: 0.1940
Epoch: 29, Loss: 1.9776, Train: 0.2929, Val: 0.2020, Test: 0.2020
Epoch: 30, Loss: 1.9231, Train: 0.2929, Val: 0.2080, Test: 0.2040
Epoch: 31, Loss: 1.9812, Train: 0.3071, Val: 0.2100, Test: 0.2110
Epoch: 32, Loss: 2.0192, Train: 0.3143, Val: 0.2280, Test: 0.2230
Epoch: 33, Loss: 1.8517, Train: 0.3500, Val: 0.2400, Test: 0.2410
Epoch: 34, Loss: 1.8591, Train: 0.3857, Val: 0.2740, Test: 0.2850
Epoch: 35, Loss: 1.8412, Train: 0.4214, Val: 0.3080, Test: 0.3230
Epoch: 36, Loss: 1.9016, Train: 0.4429, Val: 0.3200, Test: 0.3590
Epoch: 37, Loss: 1.8606, Train: 0.4714, Val: 0.3540, Test: 0.3730
Epoch: 38, Loss: 1.7784, Train: 0.4786, Val: 0.3660, Test: 0.3900
Epoch: 39, Loss: 1.8053, Train: 0.5000, Val: 0.3620, Test: 0.3900
Epoch: 40, Loss: 1.8012, Train: 0.5357, Val: 0.3540, Test: 0.3850
Epoch: 41, Loss: 1.7865, Train: 0.5286, Val: 0.3500, Test: 0.3880
Epoch: 42, Loss: 1.7337, Train: 0.5286, Val: 0.3500, Test: 0.3760
Epoch: 43, Loss: 1.8835, Train: 0.5143, Val: 0.3500, Test: 0.3710
Epoch: 44, Loss: 1.8324, Train: 0.5500, Val: 0.3620, Test: 0.3810
Epoch: 45, Loss: 1.6888, Train: 0.5857, Val: 0.3920, Test: 0.4000
Epoch: 46, Loss: 1.8462, Train: 0.5929, Val: 0.3760, Test: 0.3850
Epoch: 47, Loss: 1.7546, Train: 0.5714, Val: 0.3620, Test: 0.3750
Epoch: 48, Loss: 1.7502, Train: 0.5786, Val: 0.3800, Test: 0.3860
Epoch: 49, Loss: 1.6841, Train: 0.5714, Val: 0.3960, Test: 0.4010
Epoch: 50, Loss: 1.7585, Train: 0.5786, Val: 0.4120, Test: 0.4280
Epoch: 51, Loss: 1.7640, Train: 0.5857, Val: 0.4340, Test: 0.4520
Epoch: 52, Loss: 1.6261, Train: 0.5929, Val: 0.4700, Test: 0.4720
Epoch: 53, Loss: 1.6514, Train: 0.5786, Val: 0.4820, Test: 0.4870
Epoch: 54, Loss: 1.5601, Train: 0.5786, Val: 0.4920, Test: 0.4930
Epoch: 55, Loss: 1.6138, Train: 0.5857, Val: 0.5020, Test: 0.5080
Epoch: 56, Loss: 1.6335, Train: 0.6000, Val: 0.5040, Test: 0.5190
Epoch: 57, Loss: 1.5986, Train: 0.6214, Val: 0.5120, Test: 0.5200
Epoch: 58, Loss: 1.4389, Train: 0.6071, Val: 0.5100, Test: 0.5290
Epoch: 59, Loss: 1.5579, Train: 0.6000, Val: 0.5220, Test: 0.5370
Epoch: 60, Loss: 1.4396, Train: 0.6071, Val: 0.5280, Test: 0.5460
Epoch: 61, Loss: 1.5524, Train: 0.6000, Val: 0.5260, Test: 0.5460
Epoch: 62, Loss: 1.4011, Train: 0.6071, Val: 0.5280, Test: 0.5480
Epoch: 63, Loss: 1.4746, Train: 0.6143, Val: 0.5320, Test: 0.5480
Epoch: 64, Loss: 1.3824, Train: 0.6286, Val: 0.5420, Test: 0.5510
Epoch: 65, Loss: 1.3966, Train: 0.6500, Val: 0.5620, Test: 0.5560
Epoch: 66, Loss: 1.3075, Train: 0.6786, Val: 0.5680, Test: 0.5570
Epoch: 67, Loss: 1.3318, Train: 0.7000, Val: 0.5700, Test: 0.5650
Epoch: 68, Loss: 1.3154, Train: 0.7143, Val: 0.5780, Test: 0.5850
Epoch: 69, Loss: 1.3067, Train: 0.7500, Val: 0.5880, Test: 0.5950
Epoch: 70, Loss: 1.2951, Train: 0.7786, Val: 0.6040, Test: 0.6060
Epoch: 71, Loss: 1.1981, Train: 0.8000, Val: 0.6260, Test: 0.6360
Epoch: 72, Loss: 1.1654, Train: 0.8214, Val: 0.6340, Test: 0.6440
Epoch: 73, Loss: 1.2036, Train: 0.8214, Val: 0.6300, Test: 0.6420
Epoch: 74, Loss: 1.1438, Train: 0.8143, Val: 0.6340, Test: 0.6430
Epoch: 75, Loss: 1.0698, Train: 0.8071, Val: 0.6320, Test: 0.6410
Epoch: 76, Loss: 1.2499, Train: 0.8071, Val: 0.6360, Test: 0.6450
Epoch: 77, Loss: 1.0900, Train: 0.8286, Val: 0.6460, Test: 0.6540
Epoch: 78, Loss: 1.0417, Train: 0.8357, Val: 0.6480, Test: 0.6610
Epoch: 79, Loss: 1.0059, Train: 0.8571, Val: 0.6600, Test: 0.6730
Epoch: 80, Loss: 1.1424, Train: 0.8571, Val: 0.6620, Test: 0.6820
Epoch: 81, Loss: 1.0321, Train: 0.8643, Val: 0.6780, Test: 0.6920
Epoch: 82, Loss: 0.9480, Train: 0.8643, Val: 0.6940, Test: 0.7100
Epoch: 83, Loss: 0.8707, Train: 0.8857, Val: 0.7180, Test: 0.7250
Epoch: 84, Loss: 0.8909, Train: 0.9000, Val: 0.7340, Test: 0.7380
Epoch: 85, Loss: 0.8925, Train: 0.9000, Val: 0.7400, Test: 0.7370
Epoch: 86, Loss: 0.8215, Train: 0.9143, Val: 0.7220, Test: 0.7310
Epoch: 87, Loss: 0.8162, Train: 0.9071, Val: 0.7040, Test: 0.7070
Epoch: 88, Loss: 0.7945, Train: 0.8929, Val: 0.6920, Test: 0.7030
Epoch: 89, Loss: 0.6946, Train: 0.8929, Val: 0.6920, Test: 0.7030
Epoch: 90, Loss: 0.8363, Train: 0.9071, Val: 0.7240, Test: 0.7220
Epoch: 91, Loss: 0.6257, Train: 0.9143, Val: 0.7440, Test: 0.7390
Epoch: 92, Loss: 0.6330, Train: 0.9000, Val: 0.7300, Test: 0.7480
Epoch: 93, Loss: 0.6379, Train: 0.9000, Val: 0.7260, Test: 0.7400
Epoch: 94, Loss: 0.7077, Train: 0.8929, Val: 0.7100, Test: 0.7200
Epoch: 95, Loss: 0.6015, Train: 0.8714, Val: 0.7080, Test: 0.7130
Epoch: 96, Loss: 0.6002, Train: 0.8714, Val: 0.6920, Test: 0.7020
Epoch: 97, Loss: 0.6962, Train: 0.9000, Val: 0.6960, Test: 0.7020
Epoch: 98, Loss: 0.4803, Train: 0.9286, Val: 0.7160, Test: 0.7220
Epoch: 99, Loss: 0.5632, Train: 0.9357, Val: 0.7280, Test: 0.7270
Epoch: 100, Loss: 0.4633, Train: 0.9429, Val: 0.7420, Test: 0.7440
MAD:  0.6643
Best Test Accuracy: 0.7480, Val Accuracy: 0.7300, Train Accuracy: 0.9000
Training completed.
Seed:  1
GATv2(
  (convs): ModuleList(
    (0-7): 8 x GATv2Conv(256, 256, heads=1)
    (8): GATv2Conv(256, 7, heads=1)
  )
  (residual_fc): Linear(in_features=1433, out_features=256, bias=True)
)
Epoch: 1, Loss: 4.1309, Train: 0.1429, Val: 0.1520, Test: 0.1520
Epoch: 2, Loss: 3.0189, Train: 0.1429, Val: 0.1620, Test: 0.1510
Epoch: 3, Loss: 3.2987, Train: 0.1429, Val: 0.1620, Test: 0.1510
Epoch: 4, Loss: 3.1702, Train: 0.1429, Val: 0.1580, Test: 0.1490
Epoch: 5, Loss: 2.5188, Train: 0.1714, Val: 0.1680, Test: 0.1710
Epoch: 6, Loss: 2.9336, Train: 0.2143, Val: 0.2000, Test: 0.2180
Epoch: 7, Loss: 2.6467, Train: 0.2357, Val: 0.2060, Test: 0.2290
Epoch: 8, Loss: 2.1373, Train: 0.2000, Val: 0.1940, Test: 0.2100
Epoch: 9, Loss: 2.3603, Train: 0.2000, Val: 0.1660, Test: 0.1830
Epoch: 10, Loss: 2.1220, Train: 0.2214, Val: 0.1660, Test: 0.1840
Epoch: 11, Loss: 2.2381, Train: 0.2571, Val: 0.2040, Test: 0.2180
Epoch: 12, Loss: 2.1710, Train: 0.2643, Val: 0.2480, Test: 0.2610
Epoch: 13, Loss: 2.2556, Train: 0.3286, Val: 0.2840, Test: 0.2990
Epoch: 14, Loss: 2.3729, Train: 0.3286, Val: 0.3380, Test: 0.3670
Epoch: 15, Loss: 2.2261, Train: 0.3786, Val: 0.3500, Test: 0.3740
Epoch: 16, Loss: 2.1722, Train: 0.3643, Val: 0.3360, Test: 0.3470
Epoch: 17, Loss: 2.0356, Train: 0.3571, Val: 0.3000, Test: 0.3140
Epoch: 18, Loss: 1.9284, Train: 0.3786, Val: 0.2980, Test: 0.3110
Epoch: 19, Loss: 2.0783, Train: 0.3714, Val: 0.2880, Test: 0.2960
Epoch: 20, Loss: 2.0844, Train: 0.3571, Val: 0.3100, Test: 0.3040
Epoch: 21, Loss: 2.0303, Train: 0.3929, Val: 0.3520, Test: 0.3430
Epoch: 22, Loss: 1.9922, Train: 0.4000, Val: 0.3860, Test: 0.3770
Epoch: 23, Loss: 2.0043, Train: 0.4214, Val: 0.4240, Test: 0.4050
Epoch: 24, Loss: 2.0102, Train: 0.4786, Val: 0.4660, Test: 0.4340
Epoch: 25, Loss: 1.9548, Train: 0.5357, Val: 0.4880, Test: 0.4600
Epoch: 26, Loss: 2.0311, Train: 0.5714, Val: 0.5080, Test: 0.4690
Epoch: 27, Loss: 1.9474, Train: 0.5643, Val: 0.4720, Test: 0.4700
Epoch: 28, Loss: 1.9683, Train: 0.5429, Val: 0.4180, Test: 0.4160
Epoch: 29, Loss: 1.9163, Train: 0.5500, Val: 0.3780, Test: 0.3820
Epoch: 30, Loss: 1.9559, Train: 0.5143, Val: 0.3460, Test: 0.3400
Epoch: 31, Loss: 2.0121, Train: 0.5000, Val: 0.2780, Test: 0.2750
Epoch: 32, Loss: 1.9038, Train: 0.4714, Val: 0.2380, Test: 0.2370
Epoch: 33, Loss: 1.8809, Train: 0.4357, Val: 0.2000, Test: 0.2020
Epoch: 34, Loss: 1.9401, Train: 0.4071, Val: 0.1820, Test: 0.1800
Epoch: 35, Loss: 1.8891, Train: 0.3929, Val: 0.1740, Test: 0.1660
Epoch: 36, Loss: 1.8670, Train: 0.3857, Val: 0.1680, Test: 0.1690
Epoch: 37, Loss: 1.9168, Train: 0.4214, Val: 0.1680, Test: 0.1750
Epoch: 38, Loss: 1.8776, Train: 0.4429, Val: 0.1820, Test: 0.1930
Epoch: 39, Loss: 1.9174, Train: 0.4571, Val: 0.2140, Test: 0.2260
Epoch: 40, Loss: 1.9096, Train: 0.4929, Val: 0.2480, Test: 0.2610
Epoch: 41, Loss: 1.7824, Train: 0.5286, Val: 0.3080, Test: 0.3030
Epoch: 42, Loss: 1.8662, Train: 0.5429, Val: 0.3360, Test: 0.3270
Epoch: 43, Loss: 1.8145, Train: 0.5500, Val: 0.3460, Test: 0.3560
Epoch: 44, Loss: 1.8607, Train: 0.5500, Val: 0.3480, Test: 0.3670
Epoch: 45, Loss: 1.8728, Train: 0.5714, Val: 0.3600, Test: 0.3750
Epoch: 46, Loss: 1.9564, Train: 0.5786, Val: 0.3860, Test: 0.3960
Epoch: 47, Loss: 1.8716, Train: 0.5714, Val: 0.3840, Test: 0.4020
Epoch: 48, Loss: 1.8682, Train: 0.5571, Val: 0.3820, Test: 0.3990
Epoch: 49, Loss: 1.7356, Train: 0.5571, Val: 0.3840, Test: 0.3950
Epoch: 50, Loss: 1.6453, Train: 0.5357, Val: 0.3760, Test: 0.3850
Epoch: 51, Loss: 1.7227, Train: 0.5214, Val: 0.3800, Test: 0.3870
Epoch: 52, Loss: 1.7105, Train: 0.5286, Val: 0.3820, Test: 0.3890
Epoch: 53, Loss: 1.7633, Train: 0.5214, Val: 0.3840, Test: 0.3870
Epoch: 54, Loss: 1.7474, Train: 0.5500, Val: 0.3920, Test: 0.3940
Epoch: 55, Loss: 1.7524, Train: 0.5643, Val: 0.3980, Test: 0.4030
Epoch: 56, Loss: 1.6371, Train: 0.5714, Val: 0.4080, Test: 0.4150
Epoch: 57, Loss: 1.6641, Train: 0.5929, Val: 0.4420, Test: 0.4480
Epoch: 58, Loss: 1.5346, Train: 0.6571, Val: 0.4740, Test: 0.4870
Epoch: 59, Loss: 1.6453, Train: 0.6857, Val: 0.5080, Test: 0.5230
Epoch: 60, Loss: 1.9726, Train: 0.7000, Val: 0.5600, Test: 0.5650
Epoch: 61, Loss: 1.4812, Train: 0.7214, Val: 0.5820, Test: 0.5970
Epoch: 62, Loss: 1.3666, Train: 0.7500, Val: 0.6040, Test: 0.6160
Epoch: 63, Loss: 1.4200, Train: 0.7714, Val: 0.6100, Test: 0.6370
Epoch: 64, Loss: 1.3984, Train: 0.7857, Val: 0.6180, Test: 0.6480
Epoch: 65, Loss: 1.3902, Train: 0.7786, Val: 0.6300, Test: 0.6500
Epoch: 66, Loss: 1.3921, Train: 0.8000, Val: 0.6320, Test: 0.6490
Epoch: 67, Loss: 1.2661, Train: 0.8357, Val: 0.6640, Test: 0.6760
Epoch: 68, Loss: 1.3677, Train: 0.8786, Val: 0.7020, Test: 0.7090
Epoch: 69, Loss: 1.3686, Train: 0.9000, Val: 0.7300, Test: 0.7330
Epoch: 70, Loss: 1.0595, Train: 0.9143, Val: 0.7320, Test: 0.7370
Epoch: 71, Loss: 1.0156, Train: 0.9143, Val: 0.7400, Test: 0.7430
Epoch: 72, Loss: 1.1600, Train: 0.9000, Val: 0.7320, Test: 0.7300
Epoch: 73, Loss: 1.0122, Train: 0.9000, Val: 0.7180, Test: 0.7210
Epoch: 74, Loss: 0.9608, Train: 0.9143, Val: 0.7120, Test: 0.7050
Epoch: 75, Loss: 0.8404, Train: 0.9143, Val: 0.7020, Test: 0.7000
Epoch: 76, Loss: 0.7434, Train: 0.9000, Val: 0.6900, Test: 0.6920
Epoch: 77, Loss: 0.9129, Train: 0.9071, Val: 0.6740, Test: 0.6730
Epoch: 78, Loss: 0.9538, Train: 0.9071, Val: 0.6620, Test: 0.6600
Epoch: 79, Loss: 0.7745, Train: 0.9071, Val: 0.6460, Test: 0.6480
Epoch: 80, Loss: 0.8638, Train: 0.9286, Val: 0.6640, Test: 0.6600
Epoch: 81, Loss: 0.7007, Train: 0.9357, Val: 0.6740, Test: 0.6760
Epoch: 82, Loss: 0.7798, Train: 0.9429, Val: 0.6940, Test: 0.6950
Epoch: 83, Loss: 0.6593, Train: 0.9571, Val: 0.6960, Test: 0.7180
Epoch: 84, Loss: 0.6387, Train: 0.9786, Val: 0.7100, Test: 0.7290
Epoch: 85, Loss: 0.6395, Train: 0.9714, Val: 0.7100, Test: 0.7250
Epoch: 86, Loss: 0.6797, Train: 0.9786, Val: 0.7080, Test: 0.7240
Epoch: 87, Loss: 0.5273, Train: 0.9786, Val: 0.7060, Test: 0.7170
Epoch: 88, Loss: 0.6553, Train: 0.9714, Val: 0.7000, Test: 0.7140
Epoch: 89, Loss: 0.4028, Train: 0.9714, Val: 0.6960, Test: 0.7180
Epoch: 90, Loss: 0.5665, Train: 0.9643, Val: 0.7000, Test: 0.7170
Epoch: 91, Loss: 0.6805, Train: 0.9714, Val: 0.7000, Test: 0.7130
Epoch: 92, Loss: 0.4355, Train: 0.9714, Val: 0.7080, Test: 0.7230
Epoch: 93, Loss: 0.4059, Train: 0.9714, Val: 0.7220, Test: 0.7300
Epoch: 94, Loss: 0.4988, Train: 0.9643, Val: 0.7260, Test: 0.7300
Epoch: 95, Loss: 0.3982, Train: 0.9643, Val: 0.7280, Test: 0.7300
Epoch: 96, Loss: 0.4429, Train: 0.9643, Val: 0.7060, Test: 0.7120
Epoch: 97, Loss: 0.4070, Train: 0.9571, Val: 0.6980, Test: 0.6960
Epoch: 98, Loss: 0.3740, Train: 0.9429, Val: 0.6960, Test: 0.6910
Epoch: 99, Loss: 0.4523, Train: 0.9571, Val: 0.6880, Test: 0.6910
Epoch: 100, Loss: 0.3594, Train: 0.9643, Val: 0.6900, Test: 0.7040
MAD:  0.6146
Best Test Accuracy: 0.7430, Val Accuracy: 0.7400, Train Accuracy: 0.9143
Training completed.
Seed:  2
GATv2(
  (convs): ModuleList(
    (0-7): 8 x GATv2Conv(256, 256, heads=1)
    (8): GATv2Conv(256, 7, heads=1)
  )
  (residual_fc): Linear(in_features=1433, out_features=256, bias=True)
)
Epoch: 1, Loss: 3.8125, Train: 0.1429, Val: 0.1220, Test: 0.1300
Epoch: 2, Loss: 3.0493, Train: 0.1429, Val: 0.1220, Test: 0.1300
Epoch: 3, Loss: 3.1160, Train: 0.1429, Val: 0.1220, Test: 0.1300
Epoch: 4, Loss: 2.7044, Train: 0.1429, Val: 0.1240, Test: 0.1290
Epoch: 5, Loss: 2.6596, Train: 0.1286, Val: 0.1200, Test: 0.0950
Epoch: 6, Loss: 2.2532, Train: 0.1357, Val: 0.1540, Test: 0.1360
Epoch: 7, Loss: 2.4251, Train: 0.1429, Val: 0.1560, Test: 0.1440
Epoch: 8, Loss: 2.3491, Train: 0.1429, Val: 0.1560, Test: 0.1440
Epoch: 9, Loss: 2.0830, Train: 0.1429, Val: 0.1560, Test: 0.1440
Epoch: 10, Loss: 2.2437, Train: 0.1500, Val: 0.1560, Test: 0.1450
Epoch: 11, Loss: 2.2424, Train: 0.1500, Val: 0.1560, Test: 0.1450
Epoch: 12, Loss: 2.1852, Train: 0.1857, Val: 0.1600, Test: 0.1470
Epoch: 13, Loss: 2.1819, Train: 0.2000, Val: 0.1640, Test: 0.1500
Epoch: 14, Loss: 2.1700, Train: 0.2643, Val: 0.2020, Test: 0.2010
Epoch: 15, Loss: 1.9658, Train: 0.3714, Val: 0.2240, Test: 0.2350
Epoch: 16, Loss: 2.1139, Train: 0.3500, Val: 0.1780, Test: 0.2010
Epoch: 17, Loss: 1.9768, Train: 0.2857, Val: 0.1300, Test: 0.1340
Epoch: 18, Loss: 2.0572, Train: 0.2643, Val: 0.1140, Test: 0.1150
Epoch: 19, Loss: 1.9238, Train: 0.2357, Val: 0.1040, Test: 0.1090
Epoch: 20, Loss: 2.1043, Train: 0.2571, Val: 0.1100, Test: 0.1150
Epoch: 21, Loss: 1.9353, Train: 0.2643, Val: 0.1180, Test: 0.1250
Epoch: 22, Loss: 1.8814, Train: 0.3214, Val: 0.1480, Test: 0.1400
Epoch: 23, Loss: 1.9967, Train: 0.3500, Val: 0.1600, Test: 0.1710
Epoch: 24, Loss: 1.9422, Train: 0.3786, Val: 0.2100, Test: 0.2110
Epoch: 25, Loss: 1.8983, Train: 0.4143, Val: 0.2500, Test: 0.2360
Epoch: 26, Loss: 1.9659, Train: 0.4357, Val: 0.2620, Test: 0.2640
Epoch: 27, Loss: 1.8368, Train: 0.4357, Val: 0.2680, Test: 0.2660
Epoch: 28, Loss: 2.0095, Train: 0.4500, Val: 0.2820, Test: 0.2690
Epoch: 29, Loss: 1.8514, Train: 0.4643, Val: 0.2960, Test: 0.2880
Epoch: 30, Loss: 1.8929, Train: 0.4714, Val: 0.3080, Test: 0.2940
Epoch: 31, Loss: 1.8485, Train: 0.4929, Val: 0.3220, Test: 0.3040
Epoch: 32, Loss: 1.8846, Train: 0.4929, Val: 0.3280, Test: 0.3190
Epoch: 33, Loss: 1.8932, Train: 0.5000, Val: 0.3380, Test: 0.3290
Epoch: 34, Loss: 1.8313, Train: 0.5071, Val: 0.3440, Test: 0.3340
Epoch: 35, Loss: 1.8445, Train: 0.5143, Val: 0.3560, Test: 0.3460
Epoch: 36, Loss: 1.9006, Train: 0.5143, Val: 0.3600, Test: 0.3460
Epoch: 37, Loss: 1.7641, Train: 0.5286, Val: 0.3560, Test: 0.3440
Epoch: 38, Loss: 1.7694, Train: 0.5357, Val: 0.3600, Test: 0.3490
Epoch: 39, Loss: 1.8397, Train: 0.5429, Val: 0.3620, Test: 0.3530
Epoch: 40, Loss: 1.8068, Train: 0.5429, Val: 0.3640, Test: 0.3570
Epoch: 41, Loss: 1.8118, Train: 0.5429, Val: 0.3600, Test: 0.3570
Epoch: 42, Loss: 1.8601, Train: 0.5357, Val: 0.3560, Test: 0.3640
Epoch: 43, Loss: 1.7736, Train: 0.5429, Val: 0.3580, Test: 0.3590
Epoch: 44, Loss: 1.7933, Train: 0.5214, Val: 0.3580, Test: 0.3580
Epoch: 45, Loss: 1.6852, Train: 0.5214, Val: 0.3620, Test: 0.3560
Epoch: 46, Loss: 1.6806, Train: 0.5214, Val: 0.3620, Test: 0.3550
Epoch: 47, Loss: 1.6992, Train: 0.5286, Val: 0.3660, Test: 0.3570
Epoch: 48, Loss: 1.6457, Train: 0.5571, Val: 0.3720, Test: 0.3620
Epoch: 49, Loss: 1.7838, Train: 0.5571, Val: 0.3780, Test: 0.3680
Epoch: 50, Loss: 1.8075, Train: 0.5643, Val: 0.3840, Test: 0.3730
Epoch: 51, Loss: 1.5719, Train: 0.5714, Val: 0.3920, Test: 0.3810
Epoch: 52, Loss: 1.5743, Train: 0.6000, Val: 0.4080, Test: 0.3900
Epoch: 53, Loss: 1.5865, Train: 0.6071, Val: 0.4240, Test: 0.3990
Epoch: 54, Loss: 1.5065, Train: 0.6071, Val: 0.4280, Test: 0.4040
Epoch: 55, Loss: 1.4787, Train: 0.6214, Val: 0.4400, Test: 0.4150
Epoch: 56, Loss: 1.4008, Train: 0.6286, Val: 0.4440, Test: 0.4220
Epoch: 57, Loss: 1.5411, Train: 0.6571, Val: 0.4640, Test: 0.4410
Epoch: 58, Loss: 1.2956, Train: 0.6786, Val: 0.4800, Test: 0.4530
Epoch: 59, Loss: 1.2570, Train: 0.6857, Val: 0.4940, Test: 0.4620
Epoch: 60, Loss: 1.3692, Train: 0.6857, Val: 0.5020, Test: 0.4660
Epoch: 61, Loss: 1.2621, Train: 0.6857, Val: 0.5040, Test: 0.4760
Epoch: 62, Loss: 1.3590, Train: 0.6786, Val: 0.5120, Test: 0.4830
Epoch: 63, Loss: 1.2116, Train: 0.6786, Val: 0.5060, Test: 0.4880
Epoch: 64, Loss: 1.1458, Train: 0.6929, Val: 0.5040, Test: 0.4970
Epoch: 65, Loss: 1.1986, Train: 0.7000, Val: 0.5100, Test: 0.5010
Epoch: 66, Loss: 1.0832, Train: 0.7286, Val: 0.5280, Test: 0.5200
Epoch: 67, Loss: 1.0368, Train: 0.7500, Val: 0.5640, Test: 0.5630
Epoch: 68, Loss: 0.8959, Train: 0.8071, Val: 0.6260, Test: 0.6070
Epoch: 69, Loss: 0.8067, Train: 0.8143, Val: 0.6480, Test: 0.6230
Epoch: 70, Loss: 0.8779, Train: 0.8071, Val: 0.6460, Test: 0.6280
Epoch: 71, Loss: 1.0726, Train: 0.8000, Val: 0.6380, Test: 0.6110
Epoch: 72, Loss: 0.8652, Train: 0.7929, Val: 0.6100, Test: 0.5970
Epoch: 73, Loss: 0.8574, Train: 0.7857, Val: 0.6000, Test: 0.5820
Epoch: 74, Loss: 0.7672, Train: 0.7929, Val: 0.6040, Test: 0.5850
Epoch: 75, Loss: 0.8023, Train: 0.8214, Val: 0.6200, Test: 0.5990
Epoch: 76, Loss: 0.6531, Train: 0.8643, Val: 0.6320, Test: 0.6080
Epoch: 77, Loss: 0.6248, Train: 0.8643, Val: 0.6540, Test: 0.6580
Epoch: 78, Loss: 0.6687, Train: 0.8929, Val: 0.6840, Test: 0.6720
Epoch: 79, Loss: 0.6244, Train: 0.9000, Val: 0.6860, Test: 0.6720
Epoch: 80, Loss: 0.5726, Train: 0.8786, Val: 0.6820, Test: 0.6700
Epoch: 81, Loss: 0.6157, Train: 0.9214, Val: 0.6980, Test: 0.6900
Epoch: 82, Loss: 0.6043, Train: 0.9429, Val: 0.7060, Test: 0.7170
Epoch: 83, Loss: 0.5988, Train: 0.9357, Val: 0.7420, Test: 0.7540
Epoch: 84, Loss: 0.5301, Train: 0.9571, Val: 0.7700, Test: 0.7700
Epoch: 85, Loss: 0.5506, Train: 0.9571, Val: 0.7820, Test: 0.7720
Epoch: 86, Loss: 0.4782, Train: 0.9500, Val: 0.7780, Test: 0.7700
Epoch: 87, Loss: 0.5461, Train: 0.9571, Val: 0.7780, Test: 0.7690
Epoch: 88, Loss: 0.5726, Train: 0.9429, Val: 0.7680, Test: 0.7680
Epoch: 89, Loss: 0.4814, Train: 0.9500, Val: 0.7620, Test: 0.7690
Epoch: 90, Loss: 0.5295, Train: 0.9500, Val: 0.7680, Test: 0.7620
Epoch: 91, Loss: 0.3966, Train: 0.9500, Val: 0.7680, Test: 0.7640
Epoch: 92, Loss: 0.3046, Train: 0.9571, Val: 0.7680, Test: 0.7670
Epoch: 93, Loss: 0.3343, Train: 0.9571, Val: 0.7640, Test: 0.7680
Epoch: 94, Loss: 0.4278, Train: 0.9643, Val: 0.7660, Test: 0.7670
Epoch: 95, Loss: 0.2733, Train: 0.9643, Val: 0.7680, Test: 0.7650
Epoch: 96, Loss: 0.4098, Train: 0.9643, Val: 0.7660, Test: 0.7620
Epoch: 97, Loss: 0.3218, Train: 0.9643, Val: 0.7760, Test: 0.7630
Epoch: 98, Loss: 0.3042, Train: 0.9643, Val: 0.7760, Test: 0.7680
Epoch: 99, Loss: 0.2613, Train: 0.9571, Val: 0.7740, Test: 0.7730
Epoch: 100, Loss: 0.5068, Train: 0.9500, Val: 0.7740, Test: 0.7770
MAD:  0.7008
Best Test Accuracy: 0.7770, Val Accuracy: 0.7740, Train Accuracy: 0.9500
Training completed.
Seed:  3
GATv2(
  (convs): ModuleList(
    (0-7): 8 x GATv2Conv(256, 256, heads=1)
    (8): GATv2Conv(256, 7, heads=1)
  )
  (residual_fc): Linear(in_features=1433, out_features=256, bias=True)
)
Epoch: 1, Loss: 5.4598, Train: 0.2143, Val: 0.2980, Test: 0.3150
Epoch: 2, Loss: 3.3284, Train: 0.1571, Val: 0.1660, Test: 0.1560
Epoch: 3, Loss: 2.6588, Train: 0.1500, Val: 0.1620, Test: 0.1500
Epoch: 4, Loss: 2.6614, Train: 0.2286, Val: 0.1820, Test: 0.1760
Epoch: 5, Loss: 2.3796, Train: 0.1643, Val: 0.0920, Test: 0.1090
Epoch: 6, Loss: 2.5048, Train: 0.1429, Val: 0.0720, Test: 0.0930
Epoch: 7, Loss: 2.3679, Train: 0.1429, Val: 0.0720, Test: 0.0910
Epoch: 8, Loss: 2.2290, Train: 0.1429, Val: 0.0720, Test: 0.0910
Epoch: 9, Loss: 2.4224, Train: 0.1429, Val: 0.0720, Test: 0.0910
Epoch: 10, Loss: 2.1559, Train: 0.1429, Val: 0.0720, Test: 0.0910
Epoch: 11, Loss: 2.2089, Train: 0.1429, Val: 0.0720, Test: 0.0910
Epoch: 12, Loss: 2.2653, Train: 0.1500, Val: 0.0780, Test: 0.0910
Epoch: 13, Loss: 2.1456, Train: 0.1786, Val: 0.1180, Test: 0.1040
Epoch: 14, Loss: 2.0420, Train: 0.2357, Val: 0.1520, Test: 0.1710
Epoch: 15, Loss: 2.1713, Train: 0.2143, Val: 0.1780, Test: 0.1830
Epoch: 16, Loss: 2.1740, Train: 0.2571, Val: 0.2220, Test: 0.2100
Epoch: 17, Loss: 2.0977, Train: 0.3214, Val: 0.2620, Test: 0.2420
Epoch: 18, Loss: 2.1938, Train: 0.3643, Val: 0.2900, Test: 0.2690
Epoch: 19, Loss: 2.0257, Train: 0.3929, Val: 0.3100, Test: 0.2940
Epoch: 20, Loss: 2.0553, Train: 0.4429, Val: 0.3060, Test: 0.3120
Epoch: 21, Loss: 1.9760, Train: 0.4500, Val: 0.3220, Test: 0.3180
Epoch: 22, Loss: 1.9686, Train: 0.4429, Val: 0.3300, Test: 0.3270
Epoch: 23, Loss: 1.8995, Train: 0.4071, Val: 0.3160, Test: 0.3210
Epoch: 24, Loss: 1.9312, Train: 0.3929, Val: 0.3080, Test: 0.2970
Epoch: 25, Loss: 2.0008, Train: 0.3571, Val: 0.2940, Test: 0.2770
Epoch: 26, Loss: 1.9725, Train: 0.3357, Val: 0.2780, Test: 0.2700
Epoch: 27, Loss: 1.9806, Train: 0.3500, Val: 0.2740, Test: 0.2710
Epoch: 28, Loss: 1.9399, Train: 0.3429, Val: 0.2740, Test: 0.2690
Epoch: 29, Loss: 1.8479, Train: 0.3429, Val: 0.2740, Test: 0.2740
Epoch: 30, Loss: 1.7899, Train: 0.3500, Val: 0.2840, Test: 0.2790
Epoch: 31, Loss: 1.9911, Train: 0.3857, Val: 0.2920, Test: 0.2990
Epoch: 32, Loss: 1.9090, Train: 0.4000, Val: 0.3100, Test: 0.3070
Epoch: 33, Loss: 1.9303, Train: 0.4357, Val: 0.3240, Test: 0.3180
Epoch: 34, Loss: 1.8506, Train: 0.4571, Val: 0.3280, Test: 0.3300
Epoch: 35, Loss: 1.9171, Train: 0.4571, Val: 0.3240, Test: 0.3310
Epoch: 36, Loss: 1.7350, Train: 0.4571, Val: 0.3240, Test: 0.3310
Epoch: 37, Loss: 1.8779, Train: 0.4643, Val: 0.3300, Test: 0.3390
Epoch: 38, Loss: 1.8876, Train: 0.4929, Val: 0.3440, Test: 0.3450
Epoch: 39, Loss: 1.8375, Train: 0.5143, Val: 0.3500, Test: 0.3580
Epoch: 40, Loss: 1.8682, Train: 0.5357, Val: 0.3640, Test: 0.3680
Epoch: 41, Loss: 1.7600, Train: 0.5643, Val: 0.3800, Test: 0.3780
Epoch: 42, Loss: 1.8065, Train: 0.5929, Val: 0.3860, Test: 0.3890
Epoch: 43, Loss: 1.8731, Train: 0.6214, Val: 0.3980, Test: 0.4010
Epoch: 44, Loss: 1.7353, Train: 0.6357, Val: 0.4160, Test: 0.4190
Epoch: 45, Loss: 1.7237, Train: 0.6571, Val: 0.4240, Test: 0.4340
Epoch: 46, Loss: 1.8851, Train: 0.6786, Val: 0.4380, Test: 0.4460
Epoch: 47, Loss: 1.7567, Train: 0.6786, Val: 0.4320, Test: 0.4540
Epoch: 48, Loss: 1.7008, Train: 0.6643, Val: 0.4420, Test: 0.4600
Epoch: 49, Loss: 1.6066, Train: 0.6929, Val: 0.4460, Test: 0.4710
Epoch: 50, Loss: 1.6304, Train: 0.7357, Val: 0.4480, Test: 0.4660
Epoch: 51, Loss: 1.8012, Train: 0.7500, Val: 0.4380, Test: 0.4700
Epoch: 52, Loss: 1.5428, Train: 0.7357, Val: 0.4380, Test: 0.4680
Epoch: 53, Loss: 1.5985, Train: 0.7500, Val: 0.4380, Test: 0.4650
Epoch: 54, Loss: 1.5534, Train: 0.7643, Val: 0.4460, Test: 0.4760
Epoch: 55, Loss: 1.4507, Train: 0.7929, Val: 0.4660, Test: 0.4940
Epoch: 56, Loss: 1.3958, Train: 0.8286, Val: 0.4880, Test: 0.5090
Epoch: 57, Loss: 1.4140, Train: 0.8286, Val: 0.5080, Test: 0.5360
Epoch: 58, Loss: 1.3650, Train: 0.8286, Val: 0.5400, Test: 0.5550
Epoch: 59, Loss: 1.4808, Train: 0.8286, Val: 0.5480, Test: 0.5610
Epoch: 60, Loss: 1.3733, Train: 0.8286, Val: 0.5480, Test: 0.5610
Epoch: 61, Loss: 1.4585, Train: 0.8143, Val: 0.5720, Test: 0.5680
Epoch: 62, Loss: 1.1019, Train: 0.8214, Val: 0.5780, Test: 0.5780
Epoch: 63, Loss: 1.1545, Train: 0.8357, Val: 0.5780, Test: 0.6040
Epoch: 64, Loss: 1.1331, Train: 0.8357, Val: 0.5920, Test: 0.6250
Epoch: 65, Loss: 1.0626, Train: 0.8429, Val: 0.6160, Test: 0.6500
Epoch: 66, Loss: 1.1030, Train: 0.8643, Val: 0.6440, Test: 0.6670
Epoch: 67, Loss: 0.9861, Train: 0.8714, Val: 0.6680, Test: 0.6910
Epoch: 68, Loss: 0.9649, Train: 0.8929, Val: 0.6900, Test: 0.7130
Epoch: 69, Loss: 0.8670, Train: 0.9143, Val: 0.7040, Test: 0.7210
Epoch: 70, Loss: 0.8287, Train: 0.8857, Val: 0.6840, Test: 0.7110
Epoch: 71, Loss: 0.9611, Train: 0.8714, Val: 0.6300, Test: 0.6770
Epoch: 72, Loss: 0.9994, Train: 0.8786, Val: 0.6300, Test: 0.6760
Epoch: 73, Loss: 0.8686, Train: 0.8857, Val: 0.6680, Test: 0.7050
Epoch: 74, Loss: 0.7631, Train: 0.9286, Val: 0.6940, Test: 0.7280
Epoch: 75, Loss: 0.7250, Train: 0.9429, Val: 0.7220, Test: 0.7460
Epoch: 76, Loss: 0.7837, Train: 0.9429, Val: 0.7340, Test: 0.7500
Epoch: 77, Loss: 0.8726, Train: 0.9286, Val: 0.7300, Test: 0.7440
Epoch: 78, Loss: 0.8204, Train: 0.9143, Val: 0.7240, Test: 0.7260
Epoch: 79, Loss: 0.6622, Train: 0.9071, Val: 0.7040, Test: 0.7120
Epoch: 80, Loss: 0.7123, Train: 0.9071, Val: 0.6940, Test: 0.7110
Epoch: 81, Loss: 0.6477, Train: 0.9143, Val: 0.6700, Test: 0.6900
Epoch: 82, Loss: 0.6531, Train: 0.8857, Val: 0.6200, Test: 0.6470
Epoch: 83, Loss: 0.6284, Train: 0.8714, Val: 0.6120, Test: 0.6450
Epoch: 84, Loss: 0.6242, Train: 0.8714, Val: 0.6280, Test: 0.6670
Epoch: 85, Loss: 0.6819, Train: 0.8857, Val: 0.6860, Test: 0.7280
Epoch: 86, Loss: 0.6057, Train: 0.9429, Val: 0.7180, Test: 0.7410
Epoch: 87, Loss: 0.5475, Train: 0.9571, Val: 0.7080, Test: 0.7500
Epoch: 88, Loss: 0.4571, Train: 0.9643, Val: 0.7020, Test: 0.7380
Epoch: 89, Loss: 0.4913, Train: 0.9714, Val: 0.7060, Test: 0.7250
Epoch: 90, Loss: 0.4948, Train: 0.9643, Val: 0.7120, Test: 0.7320
Epoch: 91, Loss: 0.5119, Train: 0.9643, Val: 0.7260, Test: 0.7370
Epoch: 92, Loss: 0.4769, Train: 0.9714, Val: 0.7220, Test: 0.7470
Epoch: 93, Loss: 0.5732, Train: 0.9786, Val: 0.7340, Test: 0.7550
Epoch: 94, Loss: 0.4542, Train: 0.9786, Val: 0.7260, Test: 0.7480
Epoch: 95, Loss: 0.4337, Train: 0.9786, Val: 0.7340, Test: 0.7510
Epoch: 96, Loss: 0.4517, Train: 0.9714, Val: 0.7260, Test: 0.7420
Epoch: 97, Loss: 0.3838, Train: 0.9643, Val: 0.7180, Test: 0.7320
Epoch: 98, Loss: 0.2711, Train: 0.9571, Val: 0.7160, Test: 0.7280
Epoch: 99, Loss: 0.4540, Train: 0.9571, Val: 0.7060, Test: 0.7330
Epoch: 100, Loss: 0.4698, Train: 0.9571, Val: 0.7040, Test: 0.7440
MAD:  0.6205
Best Test Accuracy: 0.7550, Val Accuracy: 0.7340, Train Accuracy: 0.9786
Training completed.
Seed:  4
GATv2(
  (convs): ModuleList(
    (0-7): 8 x GATv2Conv(256, 256, heads=1)
    (8): GATv2Conv(256, 7, heads=1)
  )
  (residual_fc): Linear(in_features=1433, out_features=256, bias=True)
)
Epoch: 1, Loss: 5.0004, Train: 0.1357, Val: 0.3100, Test: 0.3150
Epoch: 2, Loss: 3.5336, Train: 0.1429, Val: 0.3140, Test: 0.3160
Epoch: 3, Loss: 3.2239, Train: 0.1429, Val: 0.3160, Test: 0.3180
Epoch: 4, Loss: 2.7736, Train: 0.1429, Val: 0.3160, Test: 0.3190
Epoch: 5, Loss: 2.8670, Train: 0.1500, Val: 0.3180, Test: 0.3230
Epoch: 6, Loss: 2.6352, Train: 0.1929, Val: 0.3480, Test: 0.3590
Epoch: 7, Loss: 2.6265, Train: 0.1786, Val: 0.2980, Test: 0.3110
Epoch: 8, Loss: 2.5258, Train: 0.1643, Val: 0.2160, Test: 0.2090
Epoch: 9, Loss: 2.0884, Train: 0.1786, Val: 0.2060, Test: 0.1770
Epoch: 10, Loss: 2.3721, Train: 0.2214, Val: 0.1960, Test: 0.1830
Epoch: 11, Loss: 2.1651, Train: 0.1929, Val: 0.1840, Test: 0.1890
Epoch: 12, Loss: 2.1542, Train: 0.2071, Val: 0.1620, Test: 0.1550
Epoch: 13, Loss: 2.2345, Train: 0.1786, Val: 0.1380, Test: 0.1320
Epoch: 14, Loss: 2.1660, Train: 0.1714, Val: 0.1280, Test: 0.1270
Epoch: 15, Loss: 2.1931, Train: 0.1786, Val: 0.1360, Test: 0.1320
Epoch: 16, Loss: 1.9756, Train: 0.2071, Val: 0.1340, Test: 0.1440
Epoch: 17, Loss: 2.1129, Train: 0.1929, Val: 0.1100, Test: 0.1310
Epoch: 18, Loss: 1.9870, Train: 0.1857, Val: 0.1000, Test: 0.1170
Epoch: 19, Loss: 2.2264, Train: 0.1929, Val: 0.0880, Test: 0.1040
Epoch: 20, Loss: 2.0188, Train: 0.1929, Val: 0.0820, Test: 0.1000
Epoch: 21, Loss: 1.9864, Train: 0.2000, Val: 0.0820, Test: 0.0980
Epoch: 22, Loss: 2.0803, Train: 0.2000, Val: 0.0780, Test: 0.0970
Epoch: 23, Loss: 1.9411, Train: 0.2000, Val: 0.0780, Test: 0.0950
Epoch: 24, Loss: 2.0273, Train: 0.2000, Val: 0.0780, Test: 0.0950
Epoch: 25, Loss: 1.9922, Train: 0.2000, Val: 0.0740, Test: 0.0950
Epoch: 26, Loss: 1.9944, Train: 0.2000, Val: 0.0740, Test: 0.0950
Epoch: 27, Loss: 1.9819, Train: 0.2000, Val: 0.0760, Test: 0.0960
Epoch: 28, Loss: 2.0429, Train: 0.2000, Val: 0.0740, Test: 0.0980
Epoch: 29, Loss: 1.9574, Train: 0.1929, Val: 0.0780, Test: 0.0990
Epoch: 30, Loss: 1.8751, Train: 0.1929, Val: 0.0820, Test: 0.1000
Epoch: 31, Loss: 1.9379, Train: 0.2000, Val: 0.0880, Test: 0.1070
Epoch: 32, Loss: 1.9530, Train: 0.1929, Val: 0.0940, Test: 0.1130
Epoch: 33, Loss: 1.8835, Train: 0.2000, Val: 0.0980, Test: 0.1170
Epoch: 34, Loss: 1.9232, Train: 0.2143, Val: 0.1080, Test: 0.1260
Epoch: 35, Loss: 1.9751, Train: 0.2214, Val: 0.1120, Test: 0.1340
Epoch: 36, Loss: 1.9748, Train: 0.2214, Val: 0.1120, Test: 0.1420
Epoch: 37, Loss: 1.8512, Train: 0.2429, Val: 0.1140, Test: 0.1430
Epoch: 38, Loss: 1.9765, Train: 0.2571, Val: 0.1160, Test: 0.1450
Epoch: 39, Loss: 1.9202, Train: 0.2500, Val: 0.1160, Test: 0.1390
Epoch: 40, Loss: 1.9008, Train: 0.2643, Val: 0.1140, Test: 0.1380
Epoch: 41, Loss: 1.9259, Train: 0.2714, Val: 0.1200, Test: 0.1400
Epoch: 42, Loss: 1.8947, Train: 0.2857, Val: 0.1220, Test: 0.1460
Epoch: 43, Loss: 1.9244, Train: 0.2929, Val: 0.1180, Test: 0.1490
Epoch: 44, Loss: 1.8529, Train: 0.3071, Val: 0.1240, Test: 0.1500
Epoch: 45, Loss: 1.9380, Train: 0.3214, Val: 0.1280, Test: 0.1520
Epoch: 46, Loss: 1.9474, Train: 0.3500, Val: 0.1300, Test: 0.1520
Epoch: 47, Loss: 1.8994, Train: 0.3571, Val: 0.1360, Test: 0.1540
Epoch: 48, Loss: 1.8380, Train: 0.3500, Val: 0.1380, Test: 0.1460
Epoch: 49, Loss: 1.7796, Train: 0.3429, Val: 0.1380, Test: 0.1470
Epoch: 50, Loss: 1.8007, Train: 0.3643, Val: 0.1480, Test: 0.1530
Epoch: 51, Loss: 1.8034, Train: 0.3857, Val: 0.1700, Test: 0.1710
Epoch: 52, Loss: 1.7430, Train: 0.4143, Val: 0.1860, Test: 0.1980
Epoch: 53, Loss: 1.7836, Train: 0.4571, Val: 0.2080, Test: 0.2240
Epoch: 54, Loss: 1.7737, Train: 0.5071, Val: 0.2400, Test: 0.2450
Epoch: 55, Loss: 1.8485, Train: 0.5214, Val: 0.2700, Test: 0.2820
Epoch: 56, Loss: 1.8997, Train: 0.5286, Val: 0.2700, Test: 0.2850
Epoch: 57, Loss: 1.7480, Train: 0.5214, Val: 0.2740, Test: 0.2880
Epoch: 58, Loss: 1.8021, Train: 0.5214, Val: 0.2880, Test: 0.2920
Epoch: 59, Loss: 1.6675, Train: 0.5286, Val: 0.2900, Test: 0.2980
Epoch: 60, Loss: 1.6667, Train: 0.5429, Val: 0.3160, Test: 0.3170
Epoch: 61, Loss: 1.5840, Train: 0.5571, Val: 0.3360, Test: 0.3350
Epoch: 62, Loss: 1.6215, Train: 0.5500, Val: 0.3520, Test: 0.3500
Epoch: 63, Loss: 1.6450, Train: 0.5643, Val: 0.3740, Test: 0.3640
Epoch: 64, Loss: 1.6625, Train: 0.5714, Val: 0.3760, Test: 0.3830
Epoch: 65, Loss: 1.6432, Train: 0.6071, Val: 0.3940, Test: 0.4010
Epoch: 66, Loss: 1.5880, Train: 0.6214, Val: 0.4120, Test: 0.4270
Epoch: 67, Loss: 1.4641, Train: 0.6643, Val: 0.4380, Test: 0.4480
Epoch: 68, Loss: 1.5396, Train: 0.7000, Val: 0.4640, Test: 0.4690
Epoch: 69, Loss: 1.4791, Train: 0.7286, Val: 0.4760, Test: 0.4920
Epoch: 70, Loss: 1.4877, Train: 0.7571, Val: 0.5100, Test: 0.5110
Epoch: 71, Loss: 1.4364, Train: 0.7643, Val: 0.5220, Test: 0.5320
Epoch: 72, Loss: 1.3610, Train: 0.7714, Val: 0.5600, Test: 0.5490
Epoch: 73, Loss: 1.3545, Train: 0.7786, Val: 0.5880, Test: 0.5730
Epoch: 74, Loss: 1.3377, Train: 0.7929, Val: 0.6260, Test: 0.6040
Epoch: 75, Loss: 1.2456, Train: 0.8071, Val: 0.6300, Test: 0.6160
Epoch: 76, Loss: 1.0824, Train: 0.8071, Val: 0.6260, Test: 0.6160
Epoch: 77, Loss: 1.0301, Train: 0.8071, Val: 0.6160, Test: 0.6100
Epoch: 78, Loss: 1.1474, Train: 0.8357, Val: 0.6360, Test: 0.6310
Epoch: 79, Loss: 1.1457, Train: 0.8500, Val: 0.6580, Test: 0.6720
Epoch: 80, Loss: 0.9718, Train: 0.8786, Val: 0.6900, Test: 0.7050
Epoch: 81, Loss: 1.1499, Train: 0.9000, Val: 0.7120, Test: 0.7190
Epoch: 82, Loss: 1.0344, Train: 0.9143, Val: 0.7240, Test: 0.7360
Epoch: 83, Loss: 0.8560, Train: 0.9429, Val: 0.7320, Test: 0.7420
Epoch: 84, Loss: 0.9213, Train: 0.9429, Val: 0.7320, Test: 0.7450
Epoch: 85, Loss: 0.8868, Train: 0.9214, Val: 0.7160, Test: 0.7450
Epoch: 86, Loss: 0.8219, Train: 0.9071, Val: 0.7080, Test: 0.7440
Epoch: 87, Loss: 0.7990, Train: 0.9214, Val: 0.7120, Test: 0.7400
Epoch: 88, Loss: 0.6802, Train: 0.9357, Val: 0.7080, Test: 0.7410
Epoch: 89, Loss: 0.7258, Train: 0.9500, Val: 0.7100, Test: 0.7440
Epoch: 90, Loss: 0.5623, Train: 0.9429, Val: 0.7280, Test: 0.7530
Epoch: 91, Loss: 0.7745, Train: 0.9429, Val: 0.7380, Test: 0.7540
Epoch: 92, Loss: 0.5790, Train: 0.9429, Val: 0.7420, Test: 0.7530
Epoch: 93, Loss: 0.6485, Train: 0.9429, Val: 0.7480, Test: 0.7570
Epoch: 94, Loss: 0.6560, Train: 0.9429, Val: 0.7400, Test: 0.7540
Epoch: 95, Loss: 0.5378, Train: 0.9429, Val: 0.7380, Test: 0.7490
Epoch: 96, Loss: 0.5671, Train: 0.9571, Val: 0.7320, Test: 0.7560
Epoch: 97, Loss: 0.6084, Train: 0.9643, Val: 0.7280, Test: 0.7570
Epoch: 98, Loss: 0.5376, Train: 0.9714, Val: 0.7420, Test: 0.7750
Epoch: 99, Loss: 0.4776, Train: 0.9571, Val: 0.7360, Test: 0.7770
Epoch: 100, Loss: 0.5609, Train: 0.9714, Val: 0.7520, Test: 0.7760
MAD:  0.8877
Best Test Accuracy: 0.7770, Val Accuracy: 0.7360, Train Accuracy: 0.9571
Training completed.
Seed:  5
GATv2(
  (convs): ModuleList(
    (0-7): 8 x GATv2Conv(256, 256, heads=1)
    (8): GATv2Conv(256, 7, heads=1)
  )
  (residual_fc): Linear(in_features=1433, out_features=256, bias=True)
)
Epoch: 1, Loss: 5.9047, Train: 0.1429, Val: 0.3160, Test: 0.3190
Epoch: 2, Loss: 3.8137, Train: 0.1429, Val: 0.3160, Test: 0.3190
Epoch: 3, Loss: 3.0787, Train: 0.1286, Val: 0.2400, Test: 0.2420
Epoch: 4, Loss: 3.3670, Train: 0.1643, Val: 0.1220, Test: 0.1170
Epoch: 5, Loss: 2.6595, Train: 0.1286, Val: 0.0960, Test: 0.1010
Epoch: 6, Loss: 2.8585, Train: 0.1357, Val: 0.1000, Test: 0.1050
Epoch: 7, Loss: 2.4015, Train: 0.1500, Val: 0.1020, Test: 0.1040
Epoch: 8, Loss: 2.3390, Train: 0.1643, Val: 0.0940, Test: 0.0860
Epoch: 9, Loss: 2.1649, Train: 0.1571, Val: 0.0660, Test: 0.0700
Epoch: 10, Loss: 2.4080, Train: 0.1571, Val: 0.0640, Test: 0.0680
Epoch: 11, Loss: 2.2081, Train: 0.1571, Val: 0.0640, Test: 0.0680
Epoch: 12, Loss: 2.5442, Train: 0.1500, Val: 0.0580, Test: 0.0640
Epoch: 13, Loss: 2.0453, Train: 0.1429, Val: 0.0580, Test: 0.0640
Epoch: 14, Loss: 2.1565, Train: 0.1500, Val: 0.0640, Test: 0.0660
Epoch: 15, Loss: 1.9974, Train: 0.1643, Val: 0.0640, Test: 0.0690
Epoch: 16, Loss: 2.1045, Train: 0.1929, Val: 0.0940, Test: 0.1000
Epoch: 17, Loss: 2.1760, Train: 0.2000, Val: 0.1320, Test: 0.1530
Epoch: 18, Loss: 1.9993, Train: 0.2357, Val: 0.1600, Test: 0.1640
Epoch: 19, Loss: 2.3265, Train: 0.2357, Val: 0.1700, Test: 0.1590
Epoch: 20, Loss: 2.2872, Train: 0.2357, Val: 0.1700, Test: 0.1630
Epoch: 21, Loss: 1.9927, Train: 0.2286, Val: 0.1700, Test: 0.1620
Epoch: 22, Loss: 1.9853, Train: 0.2357, Val: 0.1720, Test: 0.1620
Epoch: 23, Loss: 1.8433, Train: 0.2357, Val: 0.1720, Test: 0.1620
Epoch: 24, Loss: 1.9324, Train: 0.2357, Val: 0.1720, Test: 0.1620
Epoch: 25, Loss: 1.9629, Train: 0.2429, Val: 0.1720, Test: 0.1630
Epoch: 26, Loss: 1.9949, Train: 0.2571, Val: 0.1740, Test: 0.1650
Epoch: 27, Loss: 2.0056, Train: 0.2571, Val: 0.1760, Test: 0.1660
Epoch: 28, Loss: 1.9566, Train: 0.2500, Val: 0.1760, Test: 0.1690
Epoch: 29, Loss: 1.9127, Train: 0.2500, Val: 0.1760, Test: 0.1720
Epoch: 30, Loss: 1.9016, Train: 0.2500, Val: 0.1740, Test: 0.1730
Epoch: 31, Loss: 1.8536, Train: 0.2571, Val: 0.1780, Test: 0.1730
Epoch: 32, Loss: 1.9053, Train: 0.2714, Val: 0.1780, Test: 0.1750
Epoch: 33, Loss: 1.8607, Train: 0.2714, Val: 0.1780, Test: 0.1760
Epoch: 34, Loss: 1.8592, Train: 0.2714, Val: 0.1780, Test: 0.1750
Epoch: 35, Loss: 1.8638, Train: 0.2714, Val: 0.1820, Test: 0.1750
Epoch: 36, Loss: 1.9539, Train: 0.2714, Val: 0.1820, Test: 0.1770
Epoch: 37, Loss: 1.9356, Train: 0.2929, Val: 0.1900, Test: 0.1840
Epoch: 38, Loss: 1.8680, Train: 0.3000, Val: 0.1980, Test: 0.1900
Epoch: 39, Loss: 1.9565, Train: 0.3143, Val: 0.2060, Test: 0.2000
Epoch: 40, Loss: 1.7519, Train: 0.3357, Val: 0.2140, Test: 0.2100
Epoch: 41, Loss: 1.9208, Train: 0.3500, Val: 0.2220, Test: 0.2160
Epoch: 42, Loss: 1.8266, Train: 0.3571, Val: 0.2260, Test: 0.2220
Epoch: 43, Loss: 1.8318, Train: 0.3571, Val: 0.2300, Test: 0.2270
Epoch: 44, Loss: 1.7853, Train: 0.3571, Val: 0.2300, Test: 0.2280
Epoch: 45, Loss: 1.8574, Train: 0.3714, Val: 0.2420, Test: 0.2320
Epoch: 46, Loss: 1.8730, Train: 0.3857, Val: 0.2440, Test: 0.2390
Epoch: 47, Loss: 1.7251, Train: 0.3929, Val: 0.2460, Test: 0.2520
Epoch: 48, Loss: 1.7985, Train: 0.4214, Val: 0.2540, Test: 0.2610
Epoch: 49, Loss: 1.7459, Train: 0.4357, Val: 0.2720, Test: 0.2830
Epoch: 50, Loss: 1.8803, Train: 0.4500, Val: 0.2840, Test: 0.3000
Epoch: 51, Loss: 1.7638, Train: 0.4786, Val: 0.3040, Test: 0.3190
Epoch: 52, Loss: 1.7116, Train: 0.5143, Val: 0.3220, Test: 0.3360
Epoch: 53, Loss: 1.7090, Train: 0.5500, Val: 0.3420, Test: 0.3610
Epoch: 54, Loss: 1.8013, Train: 0.6000, Val: 0.3620, Test: 0.3790
Epoch: 55, Loss: 1.7813, Train: 0.6143, Val: 0.3760, Test: 0.3880
Epoch: 56, Loss: 1.6699, Train: 0.6214, Val: 0.3820, Test: 0.4020
Epoch: 57, Loss: 1.6833, Train: 0.6571, Val: 0.3960, Test: 0.4090
Epoch: 58, Loss: 1.6985, Train: 0.6857, Val: 0.4120, Test: 0.4180
Epoch: 59, Loss: 1.5884, Train: 0.6929, Val: 0.4220, Test: 0.4250
Epoch: 60, Loss: 1.6126, Train: 0.6857, Val: 0.4280, Test: 0.4330
Epoch: 61, Loss: 1.6595, Train: 0.6786, Val: 0.4300, Test: 0.4450
Epoch: 62, Loss: 1.5827, Train: 0.6857, Val: 0.4380, Test: 0.4520
Epoch: 63, Loss: 1.5363, Train: 0.6857, Val: 0.4400, Test: 0.4540
Epoch: 64, Loss: 1.5842, Train: 0.6786, Val: 0.4280, Test: 0.4430
Epoch: 65, Loss: 1.5818, Train: 0.6929, Val: 0.4240, Test: 0.4410
Epoch: 66, Loss: 1.3905, Train: 0.7000, Val: 0.4200, Test: 0.4380
Epoch: 67, Loss: 1.5140, Train: 0.6857, Val: 0.4200, Test: 0.4300
Epoch: 68, Loss: 1.4369, Train: 0.6786, Val: 0.4180, Test: 0.4280
Epoch: 69, Loss: 1.4122, Train: 0.6643, Val: 0.4180, Test: 0.4260
Epoch: 70, Loss: 1.3582, Train: 0.6643, Val: 0.4220, Test: 0.4260
Epoch: 71, Loss: 1.3228, Train: 0.6643, Val: 0.4260, Test: 0.4320
Epoch: 72, Loss: 1.1865, Train: 0.6643, Val: 0.4380, Test: 0.4370
Epoch: 73, Loss: 1.2637, Train: 0.6714, Val: 0.4500, Test: 0.4460
Epoch: 74, Loss: 1.1911, Train: 0.7143, Val: 0.4700, Test: 0.4700
Epoch: 75, Loss: 1.2378, Train: 0.7500, Val: 0.4780, Test: 0.4880
Epoch: 76, Loss: 1.1092, Train: 0.7571, Val: 0.4940, Test: 0.4960
Epoch: 77, Loss: 0.9898, Train: 0.7643, Val: 0.5080, Test: 0.5100
Epoch: 78, Loss: 1.0218, Train: 0.7714, Val: 0.5140, Test: 0.5240
Epoch: 79, Loss: 0.9763, Train: 0.7714, Val: 0.5280, Test: 0.5300
Epoch: 80, Loss: 0.9709, Train: 0.7786, Val: 0.5400, Test: 0.5340
Epoch: 81, Loss: 0.8714, Train: 0.7929, Val: 0.5400, Test: 0.5460
Epoch: 82, Loss: 1.0630, Train: 0.7929, Val: 0.5480, Test: 0.5520
Epoch: 83, Loss: 0.7746, Train: 0.8000, Val: 0.5480, Test: 0.5580
Epoch: 84, Loss: 0.7234, Train: 0.8000, Val: 0.5540, Test: 0.5600
Epoch: 85, Loss: 0.8354, Train: 0.8071, Val: 0.5580, Test: 0.5590
Epoch: 86, Loss: 1.0528, Train: 0.8143, Val: 0.5520, Test: 0.5570
Epoch: 87, Loss: 0.8247, Train: 0.8000, Val: 0.5420, Test: 0.5570
Epoch: 88, Loss: 0.9349, Train: 0.8000, Val: 0.5420, Test: 0.5600
Epoch: 89, Loss: 0.9358, Train: 0.8071, Val: 0.5500, Test: 0.5660
Epoch: 90, Loss: 0.7457, Train: 0.8286, Val: 0.5740, Test: 0.5950
Epoch: 91, Loss: 0.7421, Train: 0.8857, Val: 0.6080, Test: 0.6230
Epoch: 92, Loss: 0.6522, Train: 0.8929, Val: 0.6280, Test: 0.6450
Epoch: 93, Loss: 0.7334, Train: 0.9000, Val: 0.6560, Test: 0.6570
Epoch: 94, Loss: 0.5820, Train: 0.9214, Val: 0.6760, Test: 0.6750
Epoch: 95, Loss: 0.6467, Train: 0.9286, Val: 0.6800, Test: 0.6810
Epoch: 96, Loss: 0.6321, Train: 0.9286, Val: 0.6840, Test: 0.6810
Epoch: 97, Loss: 0.5019, Train: 0.9214, Val: 0.6740, Test: 0.6720
Epoch: 98, Loss: 0.5518, Train: 0.8929, Val: 0.6640, Test: 0.6610
Epoch: 99, Loss: 0.7056, Train: 0.8929, Val: 0.6620, Test: 0.6660
Epoch: 100, Loss: 0.6047, Train: 0.9071, Val: 0.6600, Test: 0.6780
MAD:  0.7188
Best Test Accuracy: 0.6810, Val Accuracy: 0.6800, Train Accuracy: 0.9286
Training completed.
Seed:  6
GATv2(
  (convs): ModuleList(
    (0-7): 8 x GATv2Conv(256, 256, heads=1)
    (8): GATv2Conv(256, 7, heads=1)
  )
  (residual_fc): Linear(in_features=1433, out_features=256, bias=True)
)
Epoch: 1, Loss: 4.4081, Train: 0.1571, Val: 0.1200, Test: 0.1240
Epoch: 2, Loss: 2.9744, Train: 0.1429, Val: 0.0740, Test: 0.0930
Epoch: 3, Loss: 2.6193, Train: 0.1429, Val: 0.0720, Test: 0.0910
Epoch: 4, Loss: 2.6454, Train: 0.1429, Val: 0.0720, Test: 0.0910
Epoch: 5, Loss: 2.3741, Train: 0.1429, Val: 0.0720, Test: 0.0910
Epoch: 6, Loss: 2.2446, Train: 0.1429, Val: 0.0720, Test: 0.0910
Epoch: 7, Loss: 2.4227, Train: 0.1500, Val: 0.0720, Test: 0.0920
Epoch: 8, Loss: 2.2287, Train: 0.1571, Val: 0.0720, Test: 0.0940
Epoch: 9, Loss: 2.0961, Train: 0.1571, Val: 0.0860, Test: 0.1150
Epoch: 10, Loss: 2.2143, Train: 0.2000, Val: 0.1200, Test: 0.1440
Epoch: 11, Loss: 2.0529, Train: 0.2857, Val: 0.1660, Test: 0.1850
Epoch: 12, Loss: 2.1328, Train: 0.3143, Val: 0.1960, Test: 0.2150
Epoch: 13, Loss: 2.1672, Train: 0.4000, Val: 0.2320, Test: 0.2580
Epoch: 14, Loss: 2.0452, Train: 0.4571, Val: 0.2780, Test: 0.3040
Epoch: 15, Loss: 2.1582, Train: 0.4500, Val: 0.2820, Test: 0.3100
Epoch: 16, Loss: 1.9878, Train: 0.4143, Val: 0.2680, Test: 0.2980
Epoch: 17, Loss: 2.0745, Train: 0.4071, Val: 0.2640, Test: 0.2970
Epoch: 18, Loss: 1.9502, Train: 0.4214, Val: 0.2700, Test: 0.3040
Epoch: 19, Loss: 1.9792, Train: 0.4714, Val: 0.2960, Test: 0.3150
Epoch: 20, Loss: 1.9679, Train: 0.4786, Val: 0.3160, Test: 0.3350
Epoch: 21, Loss: 1.8826, Train: 0.4929, Val: 0.3260, Test: 0.3520
Epoch: 22, Loss: 1.9566, Train: 0.4929, Val: 0.3340, Test: 0.3470
Epoch: 23, Loss: 1.9046, Train: 0.4857, Val: 0.3440, Test: 0.3360
Epoch: 24, Loss: 1.8610, Train: 0.5143, Val: 0.3600, Test: 0.3410
Epoch: 25, Loss: 1.9259, Train: 0.5071, Val: 0.3640, Test: 0.3370
Epoch: 26, Loss: 1.9895, Train: 0.5000, Val: 0.3600, Test: 0.3380
Epoch: 27, Loss: 1.9825, Train: 0.5143, Val: 0.3520, Test: 0.3380
Epoch: 28, Loss: 1.9092, Train: 0.5143, Val: 0.3400, Test: 0.3330
Epoch: 29, Loss: 1.8310, Train: 0.5143, Val: 0.3280, Test: 0.3260
Epoch: 30, Loss: 1.9424, Train: 0.5071, Val: 0.3280, Test: 0.3260
Epoch: 31, Loss: 1.8106, Train: 0.5286, Val: 0.3260, Test: 0.3260
Epoch: 32, Loss: 1.8141, Train: 0.5143, Val: 0.3160, Test: 0.3190
Epoch: 33, Loss: 1.9190, Train: 0.4857, Val: 0.3100, Test: 0.3050
Epoch: 34, Loss: 1.9090, Train: 0.4714, Val: 0.2940, Test: 0.3100
Epoch: 35, Loss: 1.7686, Train: 0.4714, Val: 0.2940, Test: 0.3030
Epoch: 36, Loss: 1.7908, Train: 0.4714, Val: 0.2880, Test: 0.3030
Epoch: 37, Loss: 1.7999, Train: 0.4857, Val: 0.2860, Test: 0.3090
Epoch: 38, Loss: 1.7087, Train: 0.4857, Val: 0.2980, Test: 0.3130
Epoch: 39, Loss: 1.8094, Train: 0.5000, Val: 0.3000, Test: 0.3190
Epoch: 40, Loss: 1.7639, Train: 0.5214, Val: 0.3160, Test: 0.3290
Epoch: 41, Loss: 1.7622, Train: 0.5500, Val: 0.3220, Test: 0.3370
Epoch: 42, Loss: 1.8325, Train: 0.5643, Val: 0.3300, Test: 0.3420
Epoch: 43, Loss: 1.6353, Train: 0.5714, Val: 0.3540, Test: 0.3700
Epoch: 44, Loss: 1.7232, Train: 0.6143, Val: 0.3760, Test: 0.3900
Epoch: 45, Loss: 1.6145, Train: 0.5857, Val: 0.3820, Test: 0.3960
Epoch: 46, Loss: 1.5919, Train: 0.5929, Val: 0.3900, Test: 0.4040
Epoch: 47, Loss: 1.5991, Train: 0.5929, Val: 0.3960, Test: 0.4100
Epoch: 48, Loss: 1.5132, Train: 0.5929, Val: 0.4100, Test: 0.4130
Epoch: 49, Loss: 1.7083, Train: 0.6143, Val: 0.4140, Test: 0.4200
Epoch: 50, Loss: 1.3741, Train: 0.6429, Val: 0.4300, Test: 0.4290
Epoch: 51, Loss: 1.4684, Train: 0.6500, Val: 0.4500, Test: 0.4480
Epoch: 52, Loss: 1.3754, Train: 0.6643, Val: 0.4760, Test: 0.4650
Epoch: 53, Loss: 1.3488, Train: 0.6929, Val: 0.4920, Test: 0.4840
Epoch: 54, Loss: 1.4874, Train: 0.6929, Val: 0.5000, Test: 0.4880
Epoch: 55, Loss: 1.3550, Train: 0.7000, Val: 0.5080, Test: 0.4930
Epoch: 56, Loss: 1.3568, Train: 0.7071, Val: 0.5220, Test: 0.4990
Epoch: 57, Loss: 1.3283, Train: 0.6929, Val: 0.5240, Test: 0.5020
Epoch: 58, Loss: 1.4549, Train: 0.7071, Val: 0.5340, Test: 0.5200
Epoch: 59, Loss: 1.1763, Train: 0.7286, Val: 0.5360, Test: 0.5230
Epoch: 60, Loss: 1.0744, Train: 0.7357, Val: 0.5420, Test: 0.5310
Epoch: 61, Loss: 1.1199, Train: 0.7571, Val: 0.5540, Test: 0.5370
Epoch: 62, Loss: 1.0333, Train: 0.7714, Val: 0.5540, Test: 0.5400
Epoch: 63, Loss: 1.0545, Train: 0.7643, Val: 0.5480, Test: 0.5410
Epoch: 64, Loss: 0.9112, Train: 0.7571, Val: 0.5520, Test: 0.5380
Epoch: 65, Loss: 0.9806, Train: 0.7714, Val: 0.5500, Test: 0.5380
Epoch: 66, Loss: 1.0215, Train: 0.7643, Val: 0.5520, Test: 0.5500
Epoch: 67, Loss: 0.9343, Train: 0.8000, Val: 0.5560, Test: 0.5540
Epoch: 68, Loss: 1.0008, Train: 0.8143, Val: 0.5720, Test: 0.5660
Epoch: 69, Loss: 0.8175, Train: 0.8071, Val: 0.5760, Test: 0.5710
Epoch: 70, Loss: 0.7271, Train: 0.8214, Val: 0.5800, Test: 0.5830
Epoch: 71, Loss: 0.8025, Train: 0.8429, Val: 0.5840, Test: 0.5870
Epoch: 72, Loss: 0.6649, Train: 0.8643, Val: 0.5960, Test: 0.6020
Epoch: 73, Loss: 0.7270, Train: 0.8786, Val: 0.6240, Test: 0.6290
Epoch: 74, Loss: 0.6803, Train: 0.9286, Val: 0.6820, Test: 0.6770
Epoch: 75, Loss: 0.5765, Train: 0.9429, Val: 0.7280, Test: 0.7280
Epoch: 76, Loss: 0.6491, Train: 0.9500, Val: 0.7540, Test: 0.7490
Epoch: 77, Loss: 0.5735, Train: 0.9429, Val: 0.7560, Test: 0.7540
Epoch: 78, Loss: 0.6259, Train: 0.9429, Val: 0.7560, Test: 0.7620
Epoch: 79, Loss: 0.5590, Train: 0.9429, Val: 0.7580, Test: 0.7580
Epoch: 80, Loss: 0.5360, Train: 0.9357, Val: 0.7540, Test: 0.7590
Epoch: 81, Loss: 0.5390, Train: 0.9500, Val: 0.7360, Test: 0.7460
Epoch: 82, Loss: 0.5971, Train: 0.9500, Val: 0.7160, Test: 0.7340
Epoch: 83, Loss: 0.6234, Train: 0.9286, Val: 0.7120, Test: 0.7080
Epoch: 84, Loss: 0.4998, Train: 0.9429, Val: 0.7080, Test: 0.7100
Epoch: 85, Loss: 0.4751, Train: 0.9571, Val: 0.7180, Test: 0.7220
Epoch: 86, Loss: 0.4104, Train: 0.9714, Val: 0.7340, Test: 0.7410
Epoch: 87, Loss: 0.4134, Train: 0.9714, Val: 0.7560, Test: 0.7610
Epoch: 88, Loss: 0.3475, Train: 0.9786, Val: 0.7700, Test: 0.7720
Epoch: 89, Loss: 0.3145, Train: 0.9786, Val: 0.7780, Test: 0.7820
Epoch: 90, Loss: 0.4728, Train: 0.9857, Val: 0.7860, Test: 0.7910
Epoch: 91, Loss: 0.4176, Train: 0.9929, Val: 0.7840, Test: 0.7930
Epoch: 92, Loss: 0.3731, Train: 0.9929, Val: 0.7900, Test: 0.7980
Epoch: 93, Loss: 0.3012, Train: 0.9929, Val: 0.7960, Test: 0.7980
Epoch: 94, Loss: 0.3152, Train: 0.9929, Val: 0.7920, Test: 0.8030
Epoch: 95, Loss: 0.2767, Train: 0.9857, Val: 0.7960, Test: 0.8010
Epoch: 96, Loss: 0.3452, Train: 0.9857, Val: 0.7900, Test: 0.7960
Epoch: 97, Loss: 0.3900, Train: 0.9786, Val: 0.7860, Test: 0.7970
Epoch: 98, Loss: 0.2906, Train: 0.9857, Val: 0.7780, Test: 0.7960
Epoch: 99, Loss: 0.2754, Train: 0.9857, Val: 0.7760, Test: 0.7960
Epoch: 100, Loss: 0.2546, Train: 0.9786, Val: 0.7760, Test: 0.7940
MAD:  0.8131
Best Test Accuracy: 0.8030, Val Accuracy: 0.7920, Train Accuracy: 0.9929
Training completed.
Seed:  7
GATv2(
  (convs): ModuleList(
    (0-7): 8 x GATv2Conv(256, 256, heads=1)
    (8): GATv2Conv(256, 7, heads=1)
  )
  (residual_fc): Linear(in_features=1433, out_features=256, bias=True)
)
Epoch: 1, Loss: 4.0670, Train: 0.1429, Val: 0.0560, Test: 0.0640
Epoch: 2, Loss: 3.5010, Train: 0.1143, Val: 0.0580, Test: 0.0640
Epoch: 3, Loss: 3.3078, Train: 0.1071, Val: 0.0820, Test: 0.1010
Epoch: 4, Loss: 2.6614, Train: 0.1571, Val: 0.1280, Test: 0.1300
Epoch: 5, Loss: 2.9539, Train: 0.1929, Val: 0.1640, Test: 0.1610
Epoch: 6, Loss: 2.5905, Train: 0.1929, Val: 0.1800, Test: 0.1870
Epoch: 7, Loss: 2.5546, Train: 0.1929, Val: 0.2000, Test: 0.2150
Epoch: 8, Loss: 2.3484, Train: 0.1929, Val: 0.2120, Test: 0.2200
Epoch: 9, Loss: 2.2300, Train: 0.1929, Val: 0.2120, Test: 0.2100
Epoch: 10, Loss: 2.1621, Train: 0.2071, Val: 0.2060, Test: 0.2020
Epoch: 11, Loss: 2.1990, Train: 0.2214, Val: 0.1900, Test: 0.1840
Epoch: 12, Loss: 2.1148, Train: 0.2357, Val: 0.1920, Test: 0.1740
Epoch: 13, Loss: 2.2098, Train: 0.2429, Val: 0.2040, Test: 0.1900
Epoch: 14, Loss: 2.0863, Train: 0.2786, Val: 0.2220, Test: 0.2190
Epoch: 15, Loss: 2.1350, Train: 0.3143, Val: 0.2300, Test: 0.2260
Epoch: 16, Loss: 2.1341, Train: 0.3357, Val: 0.2440, Test: 0.2490
Epoch: 17, Loss: 1.9904, Train: 0.3929, Val: 0.2680, Test: 0.2710
Epoch: 18, Loss: 2.0821, Train: 0.3571, Val: 0.2480, Test: 0.2540
Epoch: 19, Loss: 2.0419, Train: 0.3357, Val: 0.1860, Test: 0.2100
Epoch: 20, Loss: 2.1563, Train: 0.3214, Val: 0.1620, Test: 0.1740
Epoch: 21, Loss: 2.0737, Train: 0.2714, Val: 0.1320, Test: 0.1500
Epoch: 22, Loss: 1.9523, Train: 0.2571, Val: 0.1280, Test: 0.1420
Epoch: 23, Loss: 1.9148, Train: 0.2786, Val: 0.1400, Test: 0.1540
Epoch: 24, Loss: 1.9934, Train: 0.2857, Val: 0.1520, Test: 0.1800
Epoch: 25, Loss: 1.9261, Train: 0.3000, Val: 0.1780, Test: 0.1860
Epoch: 26, Loss: 1.8720, Train: 0.2929, Val: 0.1860, Test: 0.1970
Epoch: 27, Loss: 2.0164, Train: 0.3000, Val: 0.2060, Test: 0.2080
Epoch: 28, Loss: 1.9253, Train: 0.3000, Val: 0.2220, Test: 0.2090
Epoch: 29, Loss: 1.9758, Train: 0.3143, Val: 0.2360, Test: 0.2230
Epoch: 30, Loss: 1.9346, Train: 0.3143, Val: 0.2740, Test: 0.2580
Epoch: 31, Loss: 1.8780, Train: 0.3643, Val: 0.3000, Test: 0.2780
Epoch: 32, Loss: 2.0163, Train: 0.4000, Val: 0.2940, Test: 0.2870
Epoch: 33, Loss: 1.9190, Train: 0.4143, Val: 0.3000, Test: 0.2900
Epoch: 34, Loss: 1.8734, Train: 0.4000, Val: 0.2980, Test: 0.2960
Epoch: 35, Loss: 1.8550, Train: 0.4143, Val: 0.3020, Test: 0.3040
Epoch: 36, Loss: 1.9071, Train: 0.4500, Val: 0.3140, Test: 0.3110
Epoch: 37, Loss: 1.8116, Train: 0.4571, Val: 0.3220, Test: 0.3220
Epoch: 38, Loss: 1.8381, Train: 0.5000, Val: 0.3380, Test: 0.3340
Epoch: 39, Loss: 1.8483, Train: 0.5500, Val: 0.3800, Test: 0.3630
Epoch: 40, Loss: 1.8559, Train: 0.5643, Val: 0.4120, Test: 0.3970
Epoch: 41, Loss: 1.8508, Train: 0.6429, Val: 0.4440, Test: 0.4180
Epoch: 42, Loss: 1.7868, Train: 0.6643, Val: 0.4680, Test: 0.4400
Epoch: 43, Loss: 1.8182, Train: 0.6786, Val: 0.4760, Test: 0.4580
Epoch: 44, Loss: 1.7402, Train: 0.6857, Val: 0.4900, Test: 0.4650
Epoch: 45, Loss: 1.7099, Train: 0.6857, Val: 0.4820, Test: 0.4680
Epoch: 46, Loss: 1.7364, Train: 0.6857, Val: 0.4800, Test: 0.4750
Epoch: 47, Loss: 1.7772, Train: 0.6929, Val: 0.5040, Test: 0.4860
Epoch: 48, Loss: 1.8197, Train: 0.7143, Val: 0.5260, Test: 0.5010
Epoch: 49, Loss: 1.7384, Train: 0.7143, Val: 0.5460, Test: 0.5310
Epoch: 50, Loss: 1.7172, Train: 0.7214, Val: 0.5740, Test: 0.5630
Epoch: 51, Loss: 1.7482, Train: 0.7286, Val: 0.6040, Test: 0.5970
Epoch: 52, Loss: 1.6637, Train: 0.7286, Val: 0.6260, Test: 0.6350
Epoch: 53, Loss: 1.5865, Train: 0.7214, Val: 0.6360, Test: 0.6620
Epoch: 54, Loss: 1.6919, Train: 0.7357, Val: 0.6540, Test: 0.6730
Epoch: 55, Loss: 1.5047, Train: 0.7286, Val: 0.6780, Test: 0.6770
Epoch: 56, Loss: 1.6434, Train: 0.7357, Val: 0.6780, Test: 0.6740
Epoch: 57, Loss: 1.5675, Train: 0.7214, Val: 0.6740, Test: 0.6630
Epoch: 58, Loss: 1.6633, Train: 0.7286, Val: 0.6660, Test: 0.6700
Epoch: 59, Loss: 1.7326, Train: 0.7286, Val: 0.6740, Test: 0.6850
Epoch: 60, Loss: 1.4746, Train: 0.7429, Val: 0.6760, Test: 0.6970
Epoch: 61, Loss: 1.5787, Train: 0.7500, Val: 0.6820, Test: 0.7150
Epoch: 62, Loss: 1.3735, Train: 0.7500, Val: 0.6800, Test: 0.7200
Epoch: 63, Loss: 1.4033, Train: 0.7714, Val: 0.6840, Test: 0.7170
Epoch: 64, Loss: 1.3517, Train: 0.7714, Val: 0.6820, Test: 0.6990
Epoch: 65, Loss: 1.4826, Train: 0.7786, Val: 0.6600, Test: 0.6810
Epoch: 66, Loss: 1.3922, Train: 0.7857, Val: 0.6280, Test: 0.6630
Epoch: 67, Loss: 1.1896, Train: 0.7929, Val: 0.6100, Test: 0.6580
Epoch: 68, Loss: 1.1474, Train: 0.8143, Val: 0.6120, Test: 0.6600
Epoch: 69, Loss: 1.2696, Train: 0.8429, Val: 0.6480, Test: 0.6790
Epoch: 70, Loss: 1.3275, Train: 0.8357, Val: 0.6800, Test: 0.7130
Epoch: 71, Loss: 1.1440, Train: 0.8214, Val: 0.6840, Test: 0.7250
Epoch: 72, Loss: 1.2460, Train: 0.7571, Val: 0.6700, Test: 0.7050
Epoch: 73, Loss: 1.0514, Train: 0.7500, Val: 0.6680, Test: 0.7010
Epoch: 74, Loss: 0.9775, Train: 0.7500, Val: 0.6660, Test: 0.7100
Epoch: 75, Loss: 1.2685, Train: 0.7786, Val: 0.6740, Test: 0.7140
Epoch: 76, Loss: 0.9285, Train: 0.8071, Val: 0.6900, Test: 0.7130
Epoch: 77, Loss: 0.9755, Train: 0.8214, Val: 0.6960, Test: 0.7270
Epoch: 78, Loss: 0.8636, Train: 0.8571, Val: 0.6980, Test: 0.7420
Epoch: 79, Loss: 0.9079, Train: 0.8643, Val: 0.6940, Test: 0.7410
Epoch: 80, Loss: 0.8261, Train: 0.8786, Val: 0.7020, Test: 0.7410
Epoch: 81, Loss: 0.6952, Train: 0.8786, Val: 0.6920, Test: 0.7420
Epoch: 82, Loss: 0.8095, Train: 0.9000, Val: 0.7060, Test: 0.7540
Epoch: 83, Loss: 0.7654, Train: 0.9000, Val: 0.7080, Test: 0.7520
Epoch: 84, Loss: 0.6875, Train: 0.8929, Val: 0.7200, Test: 0.7620
Epoch: 85, Loss: 0.7261, Train: 0.8786, Val: 0.7200, Test: 0.7640
Epoch: 86, Loss: 0.8257, Train: 0.8857, Val: 0.7200, Test: 0.7620
Epoch: 87, Loss: 0.6110, Train: 0.9000, Val: 0.7280, Test: 0.7530
Epoch: 88, Loss: 0.8699, Train: 0.9000, Val: 0.7140, Test: 0.7520
Epoch: 89, Loss: 0.6654, Train: 0.9143, Val: 0.7140, Test: 0.7370
Epoch: 90, Loss: 0.6170, Train: 0.9214, Val: 0.7100, Test: 0.7190
Epoch: 91, Loss: 0.5091, Train: 0.9357, Val: 0.7020, Test: 0.7070
Epoch: 92, Loss: 0.5311, Train: 0.9286, Val: 0.6880, Test: 0.6890
Epoch: 93, Loss: 0.5133, Train: 0.9357, Val: 0.6840, Test: 0.6990
Epoch: 94, Loss: 0.5224, Train: 0.9429, Val: 0.7120, Test: 0.7190
Epoch: 95, Loss: 0.4765, Train: 0.9571, Val: 0.7240, Test: 0.7390
Epoch: 96, Loss: 0.4732, Train: 0.9786, Val: 0.7260, Test: 0.7590
Epoch: 97, Loss: 0.4729, Train: 0.9714, Val: 0.7180, Test: 0.7620
Epoch: 98, Loss: 0.3389, Train: 0.9714, Val: 0.7200, Test: 0.7710
Epoch: 99, Loss: 0.3648, Train: 0.9786, Val: 0.7340, Test: 0.7770
Epoch: 100, Loss: 0.4113, Train: 0.9786, Val: 0.7400, Test: 0.7810
MAD:  0.6617
Best Test Accuracy: 0.7810, Val Accuracy: 0.7400, Train Accuracy: 0.9786
Training completed.
Seed:  8
GATv2(
  (convs): ModuleList(
    (0-7): 8 x GATv2Conv(256, 256, heads=1)
    (8): GATv2Conv(256, 7, heads=1)
  )
  (residual_fc): Linear(in_features=1433, out_features=256, bias=True)
)
Epoch: 1, Loss: 6.0417, Train: 0.1643, Val: 0.0660, Test: 0.0840
Epoch: 2, Loss: 4.1192, Train: 0.1429, Val: 0.0600, Test: 0.0690
Epoch: 3, Loss: 3.8646, Train: 0.1357, Val: 0.0560, Test: 0.0660
Epoch: 4, Loss: 3.0196, Train: 0.1214, Val: 0.0540, Test: 0.0600
Epoch: 5, Loss: 2.9225, Train: 0.1357, Val: 0.0520, Test: 0.0630
Epoch: 6, Loss: 2.6931, Train: 0.1357, Val: 0.0600, Test: 0.0650
Epoch: 7, Loss: 2.6355, Train: 0.1429, Val: 0.0600, Test: 0.0660
Epoch: 8, Loss: 2.6244, Train: 0.1500, Val: 0.0600, Test: 0.0660
Epoch: 9, Loss: 2.2797, Train: 0.1500, Val: 0.0580, Test: 0.0660
Epoch: 10, Loss: 2.2324, Train: 0.1571, Val: 0.0700, Test: 0.0710
Epoch: 11, Loss: 2.2845, Train: 0.1714, Val: 0.0820, Test: 0.0910
Epoch: 12, Loss: 2.2548, Train: 0.1857, Val: 0.0980, Test: 0.0990
Epoch: 13, Loss: 2.1634, Train: 0.2143, Val: 0.1020, Test: 0.1230
Epoch: 14, Loss: 2.1309, Train: 0.2286, Val: 0.1260, Test: 0.1430
Epoch: 15, Loss: 2.1333, Train: 0.2929, Val: 0.1580, Test: 0.1750
Epoch: 16, Loss: 2.1492, Train: 0.2714, Val: 0.1840, Test: 0.1860
Epoch: 17, Loss: 2.1530, Train: 0.2500, Val: 0.1540, Test: 0.1450
Epoch: 18, Loss: 2.1480, Train: 0.2000, Val: 0.1220, Test: 0.1230
Epoch: 19, Loss: 1.9767, Train: 0.2071, Val: 0.1080, Test: 0.1120
Epoch: 20, Loss: 2.2160, Train: 0.2071, Val: 0.1100, Test: 0.1120
Epoch: 21, Loss: 2.2355, Train: 0.2071, Val: 0.1120, Test: 0.1140
Epoch: 22, Loss: 2.0677, Train: 0.2214, Val: 0.1160, Test: 0.1170
Epoch: 23, Loss: 2.0969, Train: 0.2286, Val: 0.1240, Test: 0.1230
Epoch: 24, Loss: 1.9902, Train: 0.2429, Val: 0.1360, Test: 0.1330
Epoch: 25, Loss: 1.9953, Train: 0.2429, Val: 0.1360, Test: 0.1350
Epoch: 26, Loss: 1.9956, Train: 0.2429, Val: 0.1440, Test: 0.1370
Epoch: 27, Loss: 2.1865, Train: 0.2500, Val: 0.1460, Test: 0.1450
Epoch: 28, Loss: 1.9381, Train: 0.2571, Val: 0.1520, Test: 0.1480
Epoch: 29, Loss: 2.1408, Train: 0.2786, Val: 0.1620, Test: 0.1620
Epoch: 30, Loss: 1.9989, Train: 0.2857, Val: 0.1620, Test: 0.1750
Epoch: 31, Loss: 1.9355, Train: 0.3286, Val: 0.1720, Test: 0.1840
Epoch: 32, Loss: 1.9618, Train: 0.3286, Val: 0.1800, Test: 0.1910
Epoch: 33, Loss: 1.9641, Train: 0.3357, Val: 0.1640, Test: 0.1870
Epoch: 34, Loss: 1.9077, Train: 0.3429, Val: 0.1440, Test: 0.1700
Epoch: 35, Loss: 1.8836, Train: 0.3214, Val: 0.1380, Test: 0.1530
Epoch: 36, Loss: 1.9028, Train: 0.2929, Val: 0.1200, Test: 0.1370
Epoch: 37, Loss: 1.9801, Train: 0.3000, Val: 0.1120, Test: 0.1310
Epoch: 38, Loss: 1.9327, Train: 0.3000, Val: 0.1040, Test: 0.1270
Epoch: 39, Loss: 2.0088, Train: 0.2857, Val: 0.1040, Test: 0.1250
Epoch: 40, Loss: 1.9820, Train: 0.3143, Val: 0.1180, Test: 0.1350
Epoch: 41, Loss: 1.9705, Train: 0.3143, Val: 0.1340, Test: 0.1520
Epoch: 42, Loss: 1.9877, Train: 0.3286, Val: 0.1560, Test: 0.1740
Epoch: 43, Loss: 1.9368, Train: 0.3643, Val: 0.1800, Test: 0.2010
Epoch: 44, Loss: 1.9713, Train: 0.3857, Val: 0.1960, Test: 0.2180
Epoch: 45, Loss: 1.8067, Train: 0.3857, Val: 0.2200, Test: 0.2360
Epoch: 46, Loss: 1.8707, Train: 0.4071, Val: 0.2360, Test: 0.2520
Epoch: 47, Loss: 2.0086, Train: 0.4143, Val: 0.2380, Test: 0.2610
Epoch: 48, Loss: 1.8183, Train: 0.4429, Val: 0.2500, Test: 0.2820
Epoch: 49, Loss: 1.9761, Train: 0.4429, Val: 0.2700, Test: 0.2970
Epoch: 50, Loss: 1.9030, Train: 0.4643, Val: 0.2860, Test: 0.3160
Epoch: 51, Loss: 1.8633, Train: 0.4929, Val: 0.3100, Test: 0.3380
Epoch: 52, Loss: 1.7686, Train: 0.5000, Val: 0.3320, Test: 0.3480
Epoch: 53, Loss: 2.0319, Train: 0.5000, Val: 0.3320, Test: 0.3430
Epoch: 54, Loss: 1.9517, Train: 0.5143, Val: 0.3360, Test: 0.3540
Epoch: 55, Loss: 1.8593, Train: 0.5214, Val: 0.3460, Test: 0.3710
Epoch: 56, Loss: 1.7885, Train: 0.5357, Val: 0.3600, Test: 0.3870
Epoch: 57, Loss: 1.7972, Train: 0.5571, Val: 0.3720, Test: 0.3910
Epoch: 58, Loss: 1.7866, Train: 0.5571, Val: 0.3880, Test: 0.3980
Epoch: 59, Loss: 1.8764, Train: 0.5643, Val: 0.3880, Test: 0.4080
Epoch: 60, Loss: 1.7815, Train: 0.5714, Val: 0.3960, Test: 0.4100
Epoch: 61, Loss: 1.7789, Train: 0.5714, Val: 0.4000, Test: 0.4070
Epoch: 62, Loss: 1.7224, Train: 0.5857, Val: 0.4020, Test: 0.4060
Epoch: 63, Loss: 1.7460, Train: 0.5857, Val: 0.3900, Test: 0.4000
Epoch: 64, Loss: 1.7144, Train: 0.5714, Val: 0.3900, Test: 0.3960
Epoch: 65, Loss: 1.7095, Train: 0.6000, Val: 0.3940, Test: 0.3960
Epoch: 66, Loss: 1.7487, Train: 0.6143, Val: 0.4060, Test: 0.4060
Epoch: 67, Loss: 1.6085, Train: 0.6286, Val: 0.4140, Test: 0.4170
Epoch: 68, Loss: 1.6143, Train: 0.6429, Val: 0.4100, Test: 0.4320
Epoch: 69, Loss: 1.5095, Train: 0.6571, Val: 0.4140, Test: 0.4370
Epoch: 70, Loss: 1.5539, Train: 0.6643, Val: 0.4360, Test: 0.4500
Epoch: 71, Loss: 1.5288, Train: 0.6929, Val: 0.4460, Test: 0.4650
Epoch: 72, Loss: 1.5124, Train: 0.6929, Val: 0.4600, Test: 0.4740
Epoch: 73, Loss: 1.5786, Train: 0.7214, Val: 0.4800, Test: 0.4880
Epoch: 74, Loss: 1.5772, Train: 0.7214, Val: 0.4960, Test: 0.5010
Epoch: 75, Loss: 1.4061, Train: 0.7286, Val: 0.4980, Test: 0.5100
Epoch: 76, Loss: 1.5924, Train: 0.7071, Val: 0.5020, Test: 0.5150
Epoch: 77, Loss: 1.3940, Train: 0.7214, Val: 0.5000, Test: 0.5130
Epoch: 78, Loss: 1.4749, Train: 0.7500, Val: 0.5140, Test: 0.5240
Epoch: 79, Loss: 1.3015, Train: 0.7500, Val: 0.5260, Test: 0.5450
Epoch: 80, Loss: 1.2900, Train: 0.7714, Val: 0.5460, Test: 0.5580
Epoch: 81, Loss: 1.2436, Train: 0.7929, Val: 0.5560, Test: 0.5560
Epoch: 82, Loss: 1.2332, Train: 0.7929, Val: 0.5780, Test: 0.5760
Epoch: 83, Loss: 1.1933, Train: 0.8000, Val: 0.5800, Test: 0.5700
Epoch: 84, Loss: 1.2311, Train: 0.8071, Val: 0.5820, Test: 0.5750
Epoch: 85, Loss: 1.3340, Train: 0.8143, Val: 0.5760, Test: 0.5710
Epoch: 86, Loss: 1.1923, Train: 0.8071, Val: 0.5880, Test: 0.5760
Epoch: 87, Loss: 1.1062, Train: 0.8000, Val: 0.5740, Test: 0.5780
Epoch: 88, Loss: 1.0860, Train: 0.8071, Val: 0.5820, Test: 0.5760
Epoch: 89, Loss: 1.1931, Train: 0.8143, Val: 0.5760, Test: 0.5930
Epoch: 90, Loss: 1.2324, Train: 0.8357, Val: 0.6060, Test: 0.6220
Epoch: 91, Loss: 1.1227, Train: 0.8500, Val: 0.6440, Test: 0.6570
Epoch: 92, Loss: 0.9867, Train: 0.9000, Val: 0.7040, Test: 0.7030
Epoch: 93, Loss: 0.9493, Train: 0.9000, Val: 0.7260, Test: 0.7280
Epoch: 94, Loss: 0.9359, Train: 0.9071, Val: 0.7420, Test: 0.7420
Epoch: 95, Loss: 0.9404, Train: 0.9071, Val: 0.7500, Test: 0.7490
Epoch: 96, Loss: 0.8524, Train: 0.9214, Val: 0.7540, Test: 0.7560
Epoch: 97, Loss: 0.7589, Train: 0.9214, Val: 0.7500, Test: 0.7550
Epoch: 98, Loss: 0.9110, Train: 0.9143, Val: 0.7280, Test: 0.7480
Epoch: 99, Loss: 0.7553, Train: 0.9000, Val: 0.7120, Test: 0.7270
Epoch: 100, Loss: 0.8066, Train: 0.8643, Val: 0.6860, Test: 0.6940
MAD:  0.6783
Best Test Accuracy: 0.7560, Val Accuracy: 0.7540, Train Accuracy: 0.9214
Training completed.
Seed:  9
GATv2(
  (convs): ModuleList(
    (0-7): 8 x GATv2Conv(256, 256, heads=1)
    (8): GATv2Conv(256, 7, heads=1)
  )
  (residual_fc): Linear(in_features=1433, out_features=256, bias=True)
)
Epoch: 1, Loss: 4.8718, Train: 0.1429, Val: 0.1220, Test: 0.1300
Epoch: 2, Loss: 3.9035, Train: 0.1357, Val: 0.1260, Test: 0.1320
Epoch: 3, Loss: 3.0051, Train: 0.2143, Val: 0.1320, Test: 0.1460
Epoch: 4, Loss: 2.8918, Train: 0.1786, Val: 0.0860, Test: 0.1090
Epoch: 5, Loss: 2.9970, Train: 0.2286, Val: 0.0840, Test: 0.1100
Epoch: 6, Loss: 2.5323, Train: 0.2929, Val: 0.1240, Test: 0.1550
Epoch: 7, Loss: 2.3616, Train: 0.3214, Val: 0.1520, Test: 0.1550
Epoch: 8, Loss: 2.3571, Train: 0.2571, Val: 0.0860, Test: 0.1180
Epoch: 9, Loss: 2.4078, Train: 0.1929, Val: 0.0720, Test: 0.0930
Epoch: 10, Loss: 2.2873, Train: 0.1643, Val: 0.0620, Test: 0.0730
Epoch: 11, Loss: 2.4717, Train: 0.1500, Val: 0.0600, Test: 0.0720
Epoch: 12, Loss: 2.2306, Train: 0.1500, Val: 0.0820, Test: 0.0860
Epoch: 13, Loss: 2.0257, Train: 0.1786, Val: 0.0920, Test: 0.1080
Epoch: 14, Loss: 2.0810, Train: 0.1643, Val: 0.1060, Test: 0.1310
Epoch: 15, Loss: 2.0415, Train: 0.2000, Val: 0.1580, Test: 0.1670
Epoch: 16, Loss: 2.1047, Train: 0.2429, Val: 0.1920, Test: 0.1750
Epoch: 17, Loss: 2.0978, Train: 0.2143, Val: 0.1740, Test: 0.1660
Epoch: 18, Loss: 2.1420, Train: 0.2071, Val: 0.1700, Test: 0.1550
Epoch: 19, Loss: 2.0564, Train: 0.1929, Val: 0.1600, Test: 0.1510
Epoch: 20, Loss: 2.1562, Train: 0.1786, Val: 0.1580, Test: 0.1500
Epoch: 21, Loss: 2.0204, Train: 0.1786, Val: 0.1560, Test: 0.1480
Epoch: 22, Loss: 1.9012, Train: 0.1786, Val: 0.1560, Test: 0.1470
Epoch: 23, Loss: 2.0287, Train: 0.1786, Val: 0.1560, Test: 0.1470
Epoch: 24, Loss: 1.9354, Train: 0.1786, Val: 0.1560, Test: 0.1470
Epoch: 25, Loss: 2.1201, Train: 0.1786, Val: 0.1560, Test: 0.1490
Epoch: 26, Loss: 1.9932, Train: 0.1786, Val: 0.1560, Test: 0.1490
Epoch: 27, Loss: 2.0755, Train: 0.1857, Val: 0.1560, Test: 0.1490
Epoch: 28, Loss: 2.0563, Train: 0.1857, Val: 0.1560, Test: 0.1490
Epoch: 29, Loss: 1.9063, Train: 0.1857, Val: 0.1580, Test: 0.1510
Epoch: 30, Loss: 1.8921, Train: 0.2143, Val: 0.1660, Test: 0.1610
Epoch: 31, Loss: 1.9555, Train: 0.2571, Val: 0.1880, Test: 0.1850
Epoch: 32, Loss: 1.8939, Train: 0.2857, Val: 0.2060, Test: 0.2100
Epoch: 33, Loss: 1.8780, Train: 0.3143, Val: 0.2140, Test: 0.2230
Epoch: 34, Loss: 1.9471, Train: 0.3143, Val: 0.2260, Test: 0.2310
Epoch: 35, Loss: 1.9382, Train: 0.3357, Val: 0.2300, Test: 0.2370
Epoch: 36, Loss: 1.7892, Train: 0.3500, Val: 0.2300, Test: 0.2380
Epoch: 37, Loss: 1.8032, Train: 0.3714, Val: 0.2400, Test: 0.2400
Epoch: 38, Loss: 2.3521, Train: 0.3786, Val: 0.2420, Test: 0.2390
Epoch: 39, Loss: 1.8718, Train: 0.3857, Val: 0.2380, Test: 0.2390
Epoch: 40, Loss: 1.7844, Train: 0.4071, Val: 0.2520, Test: 0.2470
Epoch: 41, Loss: 1.8222, Train: 0.4071, Val: 0.2580, Test: 0.2540
Epoch: 42, Loss: 1.8438, Train: 0.4000, Val: 0.2540, Test: 0.2560
Epoch: 43, Loss: 1.8530, Train: 0.4000, Val: 0.2540, Test: 0.2560
Epoch: 44, Loss: 1.8219, Train: 0.4214, Val: 0.2540, Test: 0.2600
Epoch: 45, Loss: 1.8333, Train: 0.4214, Val: 0.2540, Test: 0.2610
Epoch: 46, Loss: 1.7691, Train: 0.4357, Val: 0.2480, Test: 0.2580
Epoch: 47, Loss: 1.9128, Train: 0.4071, Val: 0.2500, Test: 0.2490
Epoch: 48, Loss: 1.8334, Train: 0.3857, Val: 0.2480, Test: 0.2460
Epoch: 49, Loss: 1.6929, Train: 0.3714, Val: 0.2440, Test: 0.2420
Epoch: 50, Loss: 1.7507, Train: 0.3786, Val: 0.2460, Test: 0.2470
Epoch: 51, Loss: 1.7669, Train: 0.3857, Val: 0.2440, Test: 0.2480
Epoch: 52, Loss: 1.8277, Train: 0.3929, Val: 0.2460, Test: 0.2510
Epoch: 53, Loss: 1.8135, Train: 0.4000, Val: 0.2460, Test: 0.2520
Epoch: 54, Loss: 1.6019, Train: 0.4071, Val: 0.2480, Test: 0.2550
Epoch: 55, Loss: 1.7332, Train: 0.4071, Val: 0.2480, Test: 0.2650
Epoch: 56, Loss: 1.6376, Train: 0.4071, Val: 0.2540, Test: 0.2740
Epoch: 57, Loss: 1.5876, Train: 0.4357, Val: 0.2620, Test: 0.2780
Epoch: 58, Loss: 1.6096, Train: 0.4571, Val: 0.2640, Test: 0.2830
Epoch: 59, Loss: 1.6156, Train: 0.4571, Val: 0.2720, Test: 0.2940
Epoch: 60, Loss: 1.5473, Train: 0.4643, Val: 0.2860, Test: 0.2990
Epoch: 61, Loss: 1.5244, Train: 0.4929, Val: 0.3020, Test: 0.3150
Epoch: 62, Loss: 1.5768, Train: 0.5286, Val: 0.3160, Test: 0.3310
Epoch: 63, Loss: 1.5213, Train: 0.5714, Val: 0.3440, Test: 0.3610
Epoch: 64, Loss: 1.5073, Train: 0.6071, Val: 0.3600, Test: 0.3780
Epoch: 65, Loss: 1.5202, Train: 0.6286, Val: 0.3800, Test: 0.3960
Epoch: 66, Loss: 1.5462, Train: 0.6286, Val: 0.3960, Test: 0.3980
Epoch: 67, Loss: 1.3805, Train: 0.6214, Val: 0.3940, Test: 0.4020
Epoch: 68, Loss: 1.6062, Train: 0.6214, Val: 0.3800, Test: 0.3970
Epoch: 69, Loss: 1.3071, Train: 0.6143, Val: 0.3840, Test: 0.4020
Epoch: 70, Loss: 1.3437, Train: 0.6214, Val: 0.4080, Test: 0.4220
Epoch: 71, Loss: 1.2092, Train: 0.6500, Val: 0.4200, Test: 0.4250
Epoch: 72, Loss: 1.4037, Train: 0.6714, Val: 0.4420, Test: 0.4500
Epoch: 73, Loss: 1.1602, Train: 0.7429, Val: 0.4880, Test: 0.4860
Epoch: 74, Loss: 1.1139, Train: 0.7786, Val: 0.5140, Test: 0.5280
Epoch: 75, Loss: 1.1108, Train: 0.8000, Val: 0.5340, Test: 0.5450
Epoch: 76, Loss: 1.1570, Train: 0.7929, Val: 0.5400, Test: 0.5520
Epoch: 77, Loss: 1.1581, Train: 0.8214, Val: 0.5380, Test: 0.5540
Epoch: 78, Loss: 1.0363, Train: 0.8286, Val: 0.5480, Test: 0.5690
Epoch: 79, Loss: 1.0273, Train: 0.8429, Val: 0.5640, Test: 0.5800
Epoch: 80, Loss: 1.0045, Train: 0.8571, Val: 0.5700, Test: 0.5850
Epoch: 81, Loss: 0.9675, Train: 0.8857, Val: 0.5920, Test: 0.6020
Epoch: 82, Loss: 0.9386, Train: 0.9071, Val: 0.6200, Test: 0.6170
Epoch: 83, Loss: 1.0454, Train: 0.9214, Val: 0.6620, Test: 0.6430
Epoch: 84, Loss: 0.8330, Train: 0.9429, Val: 0.6900, Test: 0.6760
Epoch: 85, Loss: 0.7953, Train: 0.9429, Val: 0.7260, Test: 0.7250
Epoch: 86, Loss: 0.7084, Train: 0.9429, Val: 0.7480, Test: 0.7620
Epoch: 87, Loss: 0.7408, Train: 0.9429, Val: 0.7540, Test: 0.7550
Epoch: 88, Loss: 0.7787, Train: 0.9500, Val: 0.7540, Test: 0.7560
Epoch: 89, Loss: 0.8012, Train: 0.9429, Val: 0.7300, Test: 0.7350
Epoch: 90, Loss: 0.7133, Train: 0.9286, Val: 0.7080, Test: 0.7040
Epoch: 91, Loss: 0.7018, Train: 0.9357, Val: 0.7160, Test: 0.7070
Epoch: 92, Loss: 0.7707, Train: 0.9500, Val: 0.7260, Test: 0.7310
Epoch: 93, Loss: 0.5705, Train: 0.9500, Val: 0.7280, Test: 0.7270
Epoch: 94, Loss: 0.6783, Train: 0.9500, Val: 0.7220, Test: 0.7280
Epoch: 95, Loss: 0.5683, Train: 0.9500, Val: 0.7300, Test: 0.7280
Epoch: 96, Loss: 0.6458, Train: 0.9500, Val: 0.7400, Test: 0.7380
Epoch: 97, Loss: 0.5592, Train: 0.9500, Val: 0.7420, Test: 0.7510
Epoch: 98, Loss: 0.3910, Train: 0.9500, Val: 0.7480, Test: 0.7580
Epoch: 99, Loss: 0.5578, Train: 0.9571, Val: 0.7500, Test: 0.7560
Epoch: 100, Loss: 0.5115, Train: 0.9643, Val: 0.7520, Test: 0.7550
MAD:  0.6284
Best Test Accuracy: 0.7620, Val Accuracy: 0.7480, Train Accuracy: 0.9429
Training completed.
Average Test Accuracy:  0.7583  0.030916176995223713
Average MAD:  0.69882  0.08385421635195217
