Seed:  0
GATv2(
  (convs): ModuleList(
    (0-4): 5 x GATv2Conv(128, 128, heads=1)
    (5): GATv2Conv(128, 7, heads=1)
  )
  (residual_fc): Linear(in_features=1433, out_features=128, bias=True)
)
Epoch: 1, Loss: 2.0343, Train: 0.1929, Val: 0.3040, Test: 0.2880
Epoch: 2, Loss: 1.9518, Train: 0.3071, Val: 0.3620, Test: 0.3300
Epoch: 3, Loss: 1.9274, Train: 0.4000, Val: 0.3680, Test: 0.3450
Epoch: 4, Loss: 1.8648, Train: 0.3714, Val: 0.3880, Test: 0.3640
Epoch: 5, Loss: 1.9575, Train: 0.3643, Val: 0.3340, Test: 0.3170
Epoch: 6, Loss: 1.8525, Train: 0.4143, Val: 0.3040, Test: 0.2980
Epoch: 7, Loss: 1.8131, Train: 0.4714, Val: 0.3180, Test: 0.3240
Epoch: 8, Loss: 1.7706, Train: 0.5786, Val: 0.4020, Test: 0.4190
Epoch: 9, Loss: 1.7496, Train: 0.6500, Val: 0.4540, Test: 0.4780
Epoch: 10, Loss: 1.6675, Train: 0.8214, Val: 0.5540, Test: 0.5680
Epoch: 11, Loss: 1.6367, Train: 0.8571, Val: 0.6460, Test: 0.6470
Epoch: 12, Loss: 1.6158, Train: 0.8857, Val: 0.7080, Test: 0.7060
Epoch: 13, Loss: 1.5426, Train: 0.9000, Val: 0.7120, Test: 0.7340
Epoch: 14, Loss: 1.5177, Train: 0.9000, Val: 0.7160, Test: 0.7370
Epoch: 15, Loss: 1.4179, Train: 0.8857, Val: 0.7060, Test: 0.7150
Epoch: 16, Loss: 1.3925, Train: 0.8571, Val: 0.6780, Test: 0.6820
Epoch: 17, Loss: 1.2731, Train: 0.8571, Val: 0.6580, Test: 0.6620
Epoch: 18, Loss: 1.2864, Train: 0.8571, Val: 0.6480, Test: 0.6560
Epoch: 19, Loss: 1.1463, Train: 0.8714, Val: 0.6560, Test: 0.6620
Epoch: 20, Loss: 1.1054, Train: 0.8929, Val: 0.6700, Test: 0.6910
Epoch: 21, Loss: 1.0363, Train: 0.9071, Val: 0.7060, Test: 0.7170
Epoch: 22, Loss: 1.0450, Train: 0.9143, Val: 0.7280, Test: 0.7450
Epoch: 23, Loss: 0.9237, Train: 0.9286, Val: 0.7360, Test: 0.7510
Epoch: 24, Loss: 0.9025, Train: 0.9286, Val: 0.7440, Test: 0.7580
Epoch: 25, Loss: 0.7802, Train: 0.9429, Val: 0.7520, Test: 0.7630
Epoch: 26, Loss: 0.6462, Train: 0.9500, Val: 0.7560, Test: 0.7700
Epoch: 27, Loss: 0.6815, Train: 0.9500, Val: 0.7640, Test: 0.7720
Epoch: 28, Loss: 0.5810, Train: 0.9571, Val: 0.7620, Test: 0.7730
Epoch: 29, Loss: 0.5727, Train: 0.9500, Val: 0.7740, Test: 0.7840
Epoch: 30, Loss: 0.5895, Train: 0.9571, Val: 0.7820, Test: 0.7870
Epoch: 31, Loss: 0.5761, Train: 0.9643, Val: 0.7800, Test: 0.7940
Epoch: 32, Loss: 0.4547, Train: 0.9714, Val: 0.7880, Test: 0.7960
Epoch: 33, Loss: 0.3772, Train: 0.9714, Val: 0.7780, Test: 0.7970
Epoch: 34, Loss: 0.4010, Train: 0.9714, Val: 0.7780, Test: 0.7980
Epoch: 35, Loss: 0.4287, Train: 0.9786, Val: 0.7760, Test: 0.7980
Epoch: 36, Loss: 0.3294, Train: 0.9857, Val: 0.7740, Test: 0.8000
Epoch: 37, Loss: 0.3060, Train: 0.9857, Val: 0.7760, Test: 0.7950
Epoch: 38, Loss: 0.3226, Train: 0.9857, Val: 0.7700, Test: 0.7860
Epoch: 39, Loss: 0.3572, Train: 0.9857, Val: 0.7680, Test: 0.7850
Epoch: 40, Loss: 0.3038, Train: 0.9786, Val: 0.7680, Test: 0.7860
Epoch: 41, Loss: 0.2695, Train: 0.9786, Val: 0.7640, Test: 0.7850
Epoch: 42, Loss: 0.2587, Train: 0.9857, Val: 0.7680, Test: 0.7870
Epoch: 43, Loss: 0.2448, Train: 0.9857, Val: 0.7680, Test: 0.7900
Epoch: 44, Loss: 0.2546, Train: 0.9857, Val: 0.7700, Test: 0.7920
Epoch: 45, Loss: 0.2322, Train: 0.9857, Val: 0.7720, Test: 0.7960
Epoch: 46, Loss: 0.2601, Train: 0.9786, Val: 0.7660, Test: 0.7960
Epoch: 47, Loss: 0.1971, Train: 0.9857, Val: 0.7580, Test: 0.7940
Epoch: 48, Loss: 0.1096, Train: 0.9786, Val: 0.7560, Test: 0.7950
Epoch: 49, Loss: 0.1969, Train: 0.9786, Val: 0.7540, Test: 0.7910
Epoch: 50, Loss: 0.2068, Train: 0.9786, Val: 0.7520, Test: 0.7900
MAD:  0.8001
Best Test Accuracy: 0.8000, Val Accuracy: 0.7740, Train Accuracy: 0.9857
Training completed.
Seed:  1
GATv2(
  (convs): ModuleList(
    (0-4): 5 x GATv2Conv(128, 128, heads=1)
    (5): GATv2Conv(128, 7, heads=1)
  )
  (residual_fc): Linear(in_features=1433, out_features=128, bias=True)
)
Epoch: 1, Loss: 2.1233, Train: 0.1143, Val: 0.0720, Test: 0.0900
Epoch: 2, Loss: 2.0751, Train: 0.1714, Val: 0.1700, Test: 0.1640
Epoch: 3, Loss: 1.9888, Train: 0.1786, Val: 0.1740, Test: 0.1710
Epoch: 4, Loss: 1.9668, Train: 0.2429, Val: 0.2160, Test: 0.2170
Epoch: 5, Loss: 1.9624, Train: 0.3214, Val: 0.2480, Test: 0.2510
Epoch: 6, Loss: 1.8736, Train: 0.3571, Val: 0.2720, Test: 0.2730
Epoch: 7, Loss: 1.8888, Train: 0.4000, Val: 0.3040, Test: 0.2930
Epoch: 8, Loss: 1.8468, Train: 0.4786, Val: 0.3620, Test: 0.3350
Epoch: 9, Loss: 1.7794, Train: 0.5714, Val: 0.4100, Test: 0.4010
Epoch: 10, Loss: 1.7831, Train: 0.6286, Val: 0.5000, Test: 0.4770
Epoch: 11, Loss: 1.7574, Train: 0.7071, Val: 0.5640, Test: 0.5720
Epoch: 12, Loss: 1.6863, Train: 0.7429, Val: 0.6200, Test: 0.6310
Epoch: 13, Loss: 1.6974, Train: 0.7429, Val: 0.6400, Test: 0.6710
Epoch: 14, Loss: 1.6096, Train: 0.7857, Val: 0.6640, Test: 0.6890
Epoch: 15, Loss: 1.5495, Train: 0.8143, Val: 0.6600, Test: 0.7100
Epoch: 16, Loss: 1.5144, Train: 0.8643, Val: 0.6880, Test: 0.7330
Epoch: 17, Loss: 1.4515, Train: 0.8714, Val: 0.7080, Test: 0.7420
Epoch: 18, Loss: 1.3225, Train: 0.8786, Val: 0.7160, Test: 0.7620
Epoch: 19, Loss: 1.3848, Train: 0.8929, Val: 0.7220, Test: 0.7580
Epoch: 20, Loss: 1.1910, Train: 0.8929, Val: 0.7260, Test: 0.7540
Epoch: 21, Loss: 1.2853, Train: 0.9071, Val: 0.7200, Test: 0.7450
Epoch: 22, Loss: 1.1704, Train: 0.9000, Val: 0.7080, Test: 0.7480
Epoch: 23, Loss: 1.0873, Train: 0.8929, Val: 0.7140, Test: 0.7530
Epoch: 24, Loss: 0.9075, Train: 0.9000, Val: 0.7140, Test: 0.7550
Epoch: 25, Loss: 0.9517, Train: 0.9000, Val: 0.7180, Test: 0.7590
Epoch: 26, Loss: 0.8453, Train: 0.9000, Val: 0.7220, Test: 0.7680
Epoch: 27, Loss: 0.7667, Train: 0.9071, Val: 0.7280, Test: 0.7720
Epoch: 28, Loss: 0.8302, Train: 0.9286, Val: 0.7280, Test: 0.7700
Epoch: 29, Loss: 0.6233, Train: 0.9357, Val: 0.7300, Test: 0.7700
Epoch: 30, Loss: 0.6752, Train: 0.9357, Val: 0.7420, Test: 0.7690
Epoch: 31, Loss: 0.6475, Train: 0.9643, Val: 0.7480, Test: 0.7860
Epoch: 32, Loss: 0.4925, Train: 0.9857, Val: 0.7620, Test: 0.7930
Epoch: 33, Loss: 0.4814, Train: 0.9857, Val: 0.7620, Test: 0.7950
Epoch: 34, Loss: 0.4805, Train: 0.9857, Val: 0.7700, Test: 0.7950
Epoch: 35, Loss: 0.4254, Train: 0.9857, Val: 0.7600, Test: 0.7920
Epoch: 36, Loss: 0.3742, Train: 0.9714, Val: 0.7460, Test: 0.7840
Epoch: 37, Loss: 0.3579, Train: 0.9714, Val: 0.7380, Test: 0.7740
Epoch: 38, Loss: 0.3901, Train: 0.9714, Val: 0.7260, Test: 0.7650
Epoch: 39, Loss: 0.3206, Train: 0.9714, Val: 0.7220, Test: 0.7560
Epoch: 40, Loss: 0.3224, Train: 0.9786, Val: 0.7320, Test: 0.7540
Epoch: 41, Loss: 0.2544, Train: 0.9786, Val: 0.7440, Test: 0.7530
Epoch: 42, Loss: 0.2494, Train: 0.9786, Val: 0.7460, Test: 0.7620
Epoch: 43, Loss: 0.3247, Train: 0.9786, Val: 0.7540, Test: 0.7720
Epoch: 44, Loss: 0.2192, Train: 0.9857, Val: 0.7600, Test: 0.7790
Epoch: 45, Loss: 0.2308, Train: 0.9929, Val: 0.7560, Test: 0.7770
Epoch: 46, Loss: 0.2279, Train: 0.9929, Val: 0.7520, Test: 0.7730
Epoch: 47, Loss: 0.1762, Train: 0.9929, Val: 0.7500, Test: 0.7730
Epoch: 48, Loss: 0.1386, Train: 0.9929, Val: 0.7480, Test: 0.7770
Epoch: 49, Loss: 0.1656, Train: 0.9929, Val: 0.7460, Test: 0.7730
Epoch: 50, Loss: 0.1555, Train: 0.9929, Val: 0.7500, Test: 0.7770
MAD:  0.8265
Best Test Accuracy: 0.7950, Val Accuracy: 0.7620, Train Accuracy: 0.9857
Training completed.
Seed:  2
GATv2(
  (convs): ModuleList(
    (0-4): 5 x GATv2Conv(128, 128, heads=1)
    (5): GATv2Conv(128, 7, heads=1)
  )
  (residual_fc): Linear(in_features=1433, out_features=128, bias=True)
)
Epoch: 1, Loss: 2.1705, Train: 0.2500, Val: 0.1680, Test: 0.1690
Epoch: 2, Loss: 1.9686, Train: 0.2500, Val: 0.1240, Test: 0.1220
Epoch: 3, Loss: 1.9818, Train: 0.2071, Val: 0.1200, Test: 0.1200
Epoch: 4, Loss: 1.9407, Train: 0.3143, Val: 0.1620, Test: 0.1530
Epoch: 5, Loss: 1.9149, Train: 0.4000, Val: 0.2480, Test: 0.2350
Epoch: 6, Loss: 1.8101, Train: 0.4714, Val: 0.3200, Test: 0.2990
Epoch: 7, Loss: 1.8499, Train: 0.5071, Val: 0.3820, Test: 0.3600
Epoch: 8, Loss: 1.7700, Train: 0.6714, Val: 0.4380, Test: 0.4350
Epoch: 9, Loss: 1.7512, Train: 0.7429, Val: 0.5080, Test: 0.4990
Epoch: 10, Loss: 1.7092, Train: 0.8214, Val: 0.5760, Test: 0.5600
Epoch: 11, Loss: 1.6302, Train: 0.8643, Val: 0.6260, Test: 0.6020
Epoch: 12, Loss: 1.6419, Train: 0.8929, Val: 0.6500, Test: 0.6430
Epoch: 13, Loss: 1.5615, Train: 0.9000, Val: 0.6760, Test: 0.6780
Epoch: 14, Loss: 1.5280, Train: 0.8929, Val: 0.6980, Test: 0.7160
Epoch: 15, Loss: 1.4780, Train: 0.9000, Val: 0.7220, Test: 0.7430
Epoch: 16, Loss: 1.3933, Train: 0.9143, Val: 0.7300, Test: 0.7560
Epoch: 17, Loss: 1.2660, Train: 0.9214, Val: 0.7460, Test: 0.7720
Epoch: 18, Loss: 1.2702, Train: 0.9214, Val: 0.7540, Test: 0.7750
Epoch: 19, Loss: 1.1608, Train: 0.9286, Val: 0.7540, Test: 0.7760
Epoch: 20, Loss: 1.1392, Train: 0.9286, Val: 0.7680, Test: 0.7810
Epoch: 21, Loss: 0.9911, Train: 0.9357, Val: 0.7720, Test: 0.7730
Epoch: 22, Loss: 0.8987, Train: 0.9429, Val: 0.7540, Test: 0.7580
Epoch: 23, Loss: 0.8878, Train: 0.9357, Val: 0.7380, Test: 0.7420
Epoch: 24, Loss: 0.8682, Train: 0.9357, Val: 0.7300, Test: 0.7270
Epoch: 25, Loss: 0.7767, Train: 0.9357, Val: 0.7280, Test: 0.7270
Epoch: 26, Loss: 0.6048, Train: 0.9500, Val: 0.7320, Test: 0.7250
Epoch: 27, Loss: 0.6945, Train: 0.9500, Val: 0.7340, Test: 0.7240
Epoch: 28, Loss: 0.7735, Train: 0.9500, Val: 0.7380, Test: 0.7300
Epoch: 29, Loss: 0.5502, Train: 0.9500, Val: 0.7420, Test: 0.7380
Epoch: 30, Loss: 0.6226, Train: 0.9571, Val: 0.7380, Test: 0.7380
Epoch: 31, Loss: 0.5708, Train: 0.9643, Val: 0.7420, Test: 0.7420
Epoch: 32, Loss: 0.5063, Train: 0.9786, Val: 0.7480, Test: 0.7480
Epoch: 33, Loss: 0.4893, Train: 0.9786, Val: 0.7480, Test: 0.7510
Epoch: 34, Loss: 0.4352, Train: 0.9786, Val: 0.7460, Test: 0.7500
Epoch: 35, Loss: 0.3739, Train: 0.9857, Val: 0.7260, Test: 0.7450
Epoch: 36, Loss: 0.5105, Train: 0.9857, Val: 0.7340, Test: 0.7430
Epoch: 37, Loss: 0.4089, Train: 0.9857, Val: 0.7340, Test: 0.7440
Epoch: 38, Loss: 0.4164, Train: 0.9929, Val: 0.7500, Test: 0.7540
Epoch: 39, Loss: 0.3840, Train: 0.9929, Val: 0.7540, Test: 0.7570
Epoch: 40, Loss: 0.5006, Train: 0.9857, Val: 0.7580, Test: 0.7560
Epoch: 41, Loss: 0.3352, Train: 0.9857, Val: 0.7620, Test: 0.7570
Epoch: 42, Loss: 0.2922, Train: 0.9786, Val: 0.7600, Test: 0.7600
Epoch: 43, Loss: 0.2686, Train: 0.9786, Val: 0.7560, Test: 0.7660
Epoch: 44, Loss: 0.2666, Train: 0.9857, Val: 0.7500, Test: 0.7650
Epoch: 45, Loss: 0.2412, Train: 0.9857, Val: 0.7500, Test: 0.7660
Epoch: 46, Loss: 0.3058, Train: 0.9857, Val: 0.7440, Test: 0.7670
Epoch: 47, Loss: 0.2004, Train: 0.9857, Val: 0.7440, Test: 0.7600
Epoch: 48, Loss: 0.2448, Train: 0.9929, Val: 0.7460, Test: 0.7560
Epoch: 49, Loss: 0.1332, Train: 0.9857, Val: 0.7400, Test: 0.7520
Epoch: 50, Loss: 0.1929, Train: 0.9786, Val: 0.7420, Test: 0.7510
MAD:  0.8513
Best Test Accuracy: 0.7810, Val Accuracy: 0.7680, Train Accuracy: 0.9286
Training completed.
Seed:  3
GATv2(
  (convs): ModuleList(
    (0-4): 5 x GATv2Conv(128, 128, heads=1)
    (5): GATv2Conv(128, 7, heads=1)
  )
  (residual_fc): Linear(in_features=1433, out_features=128, bias=True)
)
Epoch: 1, Loss: 2.1545, Train: 0.1786, Val: 0.1420, Test: 0.1370
Epoch: 2, Loss: 2.0327, Train: 0.2714, Val: 0.2960, Test: 0.3040
Epoch: 3, Loss: 1.8964, Train: 0.3000, Val: 0.3600, Test: 0.3650
Epoch: 4, Loss: 1.9376, Train: 0.3286, Val: 0.3860, Test: 0.3890
Epoch: 5, Loss: 1.8781, Train: 0.4071, Val: 0.4260, Test: 0.4250
Epoch: 6, Loss: 1.8962, Train: 0.4929, Val: 0.4480, Test: 0.4800
Epoch: 7, Loss: 1.8479, Train: 0.5786, Val: 0.5060, Test: 0.5480
Epoch: 8, Loss: 1.7827, Train: 0.6214, Val: 0.5520, Test: 0.6030
Epoch: 9, Loss: 1.8050, Train: 0.6714, Val: 0.6020, Test: 0.6310
Epoch: 10, Loss: 1.7411, Train: 0.7429, Val: 0.6460, Test: 0.6910
Epoch: 11, Loss: 1.6953, Train: 0.8071, Val: 0.6720, Test: 0.7090
Epoch: 12, Loss: 1.6352, Train: 0.8429, Val: 0.7020, Test: 0.7320
Epoch: 13, Loss: 1.6336, Train: 0.8714, Val: 0.7320, Test: 0.7470
Epoch: 14, Loss: 1.6050, Train: 0.9000, Val: 0.7460, Test: 0.7540
Epoch: 15, Loss: 1.5061, Train: 0.9071, Val: 0.7460, Test: 0.7670
Epoch: 16, Loss: 1.4548, Train: 0.9286, Val: 0.7460, Test: 0.7650
Epoch: 17, Loss: 1.3460, Train: 0.9214, Val: 0.7460, Test: 0.7590
Epoch: 18, Loss: 1.3387, Train: 0.9214, Val: 0.7400, Test: 0.7580
Epoch: 19, Loss: 1.2872, Train: 0.9214, Val: 0.7440, Test: 0.7610
Epoch: 20, Loss: 1.1865, Train: 0.9214, Val: 0.7520, Test: 0.7630
Epoch: 21, Loss: 1.0900, Train: 0.9286, Val: 0.7540, Test: 0.7690
Epoch: 22, Loss: 1.2605, Train: 0.9357, Val: 0.7540, Test: 0.7700
Epoch: 23, Loss: 1.0702, Train: 0.9286, Val: 0.7480, Test: 0.7680
Epoch: 24, Loss: 0.8585, Train: 0.9357, Val: 0.7560, Test: 0.7730
Epoch: 25, Loss: 0.8390, Train: 0.9429, Val: 0.7680, Test: 0.7800
Epoch: 26, Loss: 0.7896, Train: 0.9429, Val: 0.7800, Test: 0.7860
Epoch: 27, Loss: 0.7355, Train: 0.9429, Val: 0.7820, Test: 0.7880
Epoch: 28, Loss: 0.6862, Train: 0.9571, Val: 0.7880, Test: 0.7960
Epoch: 29, Loss: 0.6807, Train: 0.9714, Val: 0.7880, Test: 0.7980
Epoch: 30, Loss: 0.5370, Train: 0.9786, Val: 0.7860, Test: 0.8040
Epoch: 31, Loss: 0.5828, Train: 0.9786, Val: 0.7880, Test: 0.8000
Epoch: 32, Loss: 0.6922, Train: 0.9786, Val: 0.7820, Test: 0.7890
Epoch: 33, Loss: 0.5059, Train: 0.9786, Val: 0.7780, Test: 0.7780
Epoch: 34, Loss: 0.3882, Train: 0.9786, Val: 0.7780, Test: 0.7740
Epoch: 35, Loss: 0.3353, Train: 0.9786, Val: 0.7680, Test: 0.7690
Epoch: 36, Loss: 0.3609, Train: 0.9714, Val: 0.7760, Test: 0.7740
Epoch: 37, Loss: 0.4141, Train: 0.9857, Val: 0.7880, Test: 0.7840
Epoch: 38, Loss: 0.4450, Train: 0.9857, Val: 0.7820, Test: 0.7820
Epoch: 39, Loss: 0.3368, Train: 0.9786, Val: 0.7780, Test: 0.7860
Epoch: 40, Loss: 0.3821, Train: 0.9714, Val: 0.7760, Test: 0.7950
Epoch: 41, Loss: 0.2608, Train: 0.9714, Val: 0.7840, Test: 0.7950
Epoch: 42, Loss: 0.2524, Train: 0.9786, Val: 0.7840, Test: 0.7880
Epoch: 43, Loss: 0.3050, Train: 0.9857, Val: 0.7760, Test: 0.7850
Epoch: 44, Loss: 0.2030, Train: 0.9857, Val: 0.7700, Test: 0.7830
Epoch: 45, Loss: 0.2631, Train: 0.9786, Val: 0.7660, Test: 0.7790
Epoch: 46, Loss: 0.2713, Train: 0.9857, Val: 0.7540, Test: 0.7680
Epoch: 47, Loss: 0.2356, Train: 0.9929, Val: 0.7620, Test: 0.7720
Epoch: 48, Loss: 0.1996, Train: 1.0000, Val: 0.7640, Test: 0.7770
Epoch: 49, Loss: 0.1845, Train: 0.9929, Val: 0.7660, Test: 0.7810
Epoch: 50, Loss: 0.1463, Train: 0.9929, Val: 0.7660, Test: 0.7760
MAD:  0.8261
Best Test Accuracy: 0.8040, Val Accuracy: 0.7860, Train Accuracy: 0.9786
Training completed.
Seed:  4
GATv2(
  (convs): ModuleList(
    (0-4): 5 x GATv2Conv(128, 128, heads=1)
    (5): GATv2Conv(128, 7, heads=1)
  )
  (residual_fc): Linear(in_features=1433, out_features=128, bias=True)
)
Epoch: 1, Loss: 1.9810, Train: 0.1786, Val: 0.1880, Test: 0.1680
Epoch: 2, Loss: 2.0327, Train: 0.2714, Val: 0.2200, Test: 0.2320
Epoch: 3, Loss: 1.9334, Train: 0.4714, Val: 0.2860, Test: 0.3170
Epoch: 4, Loss: 1.8842, Train: 0.5643, Val: 0.3260, Test: 0.3540
Epoch: 5, Loss: 1.8649, Train: 0.5643, Val: 0.3340, Test: 0.3490
Epoch: 6, Loss: 1.8225, Train: 0.6143, Val: 0.3280, Test: 0.3450
Epoch: 7, Loss: 1.8181, Train: 0.6571, Val: 0.3500, Test: 0.3600
Epoch: 8, Loss: 1.8021, Train: 0.7429, Val: 0.4060, Test: 0.4190
Epoch: 9, Loss: 1.7147, Train: 0.7714, Val: 0.4660, Test: 0.4720
Epoch: 10, Loss: 1.6998, Train: 0.8357, Val: 0.5540, Test: 0.5300
Epoch: 11, Loss: 1.6988, Train: 0.8714, Val: 0.6100, Test: 0.6050
Epoch: 12, Loss: 1.6352, Train: 0.9071, Val: 0.6400, Test: 0.6600
Epoch: 13, Loss: 1.6312, Train: 0.8857, Val: 0.6860, Test: 0.6920
Epoch: 14, Loss: 1.5312, Train: 0.8857, Val: 0.6880, Test: 0.6960
Epoch: 15, Loss: 1.4818, Train: 0.8857, Val: 0.6940, Test: 0.6990
Epoch: 16, Loss: 1.4039, Train: 0.8786, Val: 0.6880, Test: 0.6970
Epoch: 17, Loss: 1.3585, Train: 0.8643, Val: 0.6760, Test: 0.6930
Epoch: 18, Loss: 1.2819, Train: 0.8643, Val: 0.6620, Test: 0.6880
Epoch: 19, Loss: 1.1358, Train: 0.8714, Val: 0.6580, Test: 0.6730
Epoch: 20, Loss: 1.0971, Train: 0.8714, Val: 0.6620, Test: 0.6590
Epoch: 21, Loss: 1.0986, Train: 0.8929, Val: 0.6680, Test: 0.6580
Epoch: 22, Loss: 1.0423, Train: 0.9000, Val: 0.6660, Test: 0.6660
Epoch: 23, Loss: 0.9126, Train: 0.9071, Val: 0.6820, Test: 0.6770
Epoch: 24, Loss: 0.8743, Train: 0.9071, Val: 0.6880, Test: 0.6880
Epoch: 25, Loss: 0.7602, Train: 0.9286, Val: 0.7100, Test: 0.7030
Epoch: 26, Loss: 0.8042, Train: 0.9429, Val: 0.7240, Test: 0.7230
Epoch: 27, Loss: 0.7699, Train: 0.9500, Val: 0.7280, Test: 0.7400
Epoch: 28, Loss: 0.7557, Train: 0.9500, Val: 0.7300, Test: 0.7470
Epoch: 29, Loss: 0.6805, Train: 0.9500, Val: 0.7380, Test: 0.7480
Epoch: 30, Loss: 0.5968, Train: 0.9500, Val: 0.7380, Test: 0.7490
Epoch: 31, Loss: 0.6436, Train: 0.9571, Val: 0.7440, Test: 0.7420
Epoch: 32, Loss: 0.4187, Train: 0.9571, Val: 0.7400, Test: 0.7460
Epoch: 33, Loss: 0.4929, Train: 0.9500, Val: 0.7480, Test: 0.7470
Epoch: 34, Loss: 0.3816, Train: 0.9571, Val: 0.7520, Test: 0.7440
Epoch: 35, Loss: 0.4703, Train: 0.9571, Val: 0.7480, Test: 0.7400
Epoch: 36, Loss: 0.3210, Train: 0.9500, Val: 0.7460, Test: 0.7350
Epoch: 37, Loss: 0.3231, Train: 0.9500, Val: 0.7500, Test: 0.7350
Epoch: 38, Loss: 0.3089, Train: 0.9571, Val: 0.7500, Test: 0.7390
Epoch: 39, Loss: 0.2510, Train: 0.9714, Val: 0.7460, Test: 0.7450
Epoch: 40, Loss: 0.2506, Train: 0.9786, Val: 0.7540, Test: 0.7520
Epoch: 41, Loss: 0.2598, Train: 0.9786, Val: 0.7500, Test: 0.7560
Epoch: 42, Loss: 0.3190, Train: 0.9786, Val: 0.7380, Test: 0.7550
Epoch: 43, Loss: 0.2539, Train: 0.9786, Val: 0.7360, Test: 0.7530
Epoch: 44, Loss: 0.2244, Train: 0.9714, Val: 0.7260, Test: 0.7490
Epoch: 45, Loss: 0.1475, Train: 0.9714, Val: 0.7280, Test: 0.7350
Epoch: 46, Loss: 0.2211, Train: 0.9714, Val: 0.7240, Test: 0.7210
Epoch: 47, Loss: 0.1432, Train: 0.9714, Val: 0.7200, Test: 0.7110
Epoch: 48, Loss: 0.1622, Train: 0.9786, Val: 0.7220, Test: 0.7120
Epoch: 49, Loss: 0.2195, Train: 0.9786, Val: 0.7300, Test: 0.7260
Epoch: 50, Loss: 0.1810, Train: 0.9786, Val: 0.7260, Test: 0.7370
MAD:  0.8401
Best Test Accuracy: 0.7560, Val Accuracy: 0.7500, Train Accuracy: 0.9786
Training completed.
Seed:  5
GATv2(
  (convs): ModuleList(
    (0-4): 5 x GATv2Conv(128, 128, heads=1)
    (5): GATv2Conv(128, 7, heads=1)
  )
  (residual_fc): Linear(in_features=1433, out_features=128, bias=True)
)
Epoch: 1, Loss: 2.1016, Train: 0.1571, Val: 0.1200, Test: 0.1050
Epoch: 2, Loss: 1.9541, Train: 0.2429, Val: 0.1300, Test: 0.1260
Epoch: 3, Loss: 1.9273, Train: 0.4714, Val: 0.2640, Test: 0.2660
Epoch: 4, Loss: 1.9503, Train: 0.4214, Val: 0.2880, Test: 0.2710
Epoch: 5, Loss: 1.9097, Train: 0.3643, Val: 0.2280, Test: 0.2160
Epoch: 6, Loss: 1.8092, Train: 0.3429, Val: 0.2200, Test: 0.2120
Epoch: 7, Loss: 1.8608, Train: 0.3357, Val: 0.2240, Test: 0.2200
Epoch: 8, Loss: 1.7842, Train: 0.3786, Val: 0.2580, Test: 0.2440
Epoch: 9, Loss: 1.7182, Train: 0.4286, Val: 0.3120, Test: 0.2890
Epoch: 10, Loss: 1.7045, Train: 0.4857, Val: 0.3720, Test: 0.3530
Epoch: 11, Loss: 1.6749, Train: 0.6357, Val: 0.4320, Test: 0.4320
Epoch: 12, Loss: 1.6206, Train: 0.7786, Val: 0.5560, Test: 0.5660
Epoch: 13, Loss: 1.5539, Train: 0.8429, Val: 0.6260, Test: 0.6420
Epoch: 14, Loss: 1.4914, Train: 0.8643, Val: 0.6540, Test: 0.6780
Epoch: 15, Loss: 1.4282, Train: 0.8857, Val: 0.6880, Test: 0.7080
Epoch: 16, Loss: 1.4101, Train: 0.8929, Val: 0.7060, Test: 0.7240
Epoch: 17, Loss: 1.4057, Train: 0.9000, Val: 0.7060, Test: 0.7280
Epoch: 18, Loss: 1.2013, Train: 0.9071, Val: 0.7080, Test: 0.7260
Epoch: 19, Loss: 1.1481, Train: 0.9214, Val: 0.7160, Test: 0.7350
Epoch: 20, Loss: 1.0626, Train: 0.9357, Val: 0.7320, Test: 0.7490
Epoch: 21, Loss: 1.0485, Train: 0.9429, Val: 0.7380, Test: 0.7560
Epoch: 22, Loss: 0.9499, Train: 0.9500, Val: 0.7500, Test: 0.7560
Epoch: 23, Loss: 0.9271, Train: 0.9571, Val: 0.7540, Test: 0.7580
Epoch: 24, Loss: 0.8987, Train: 0.9643, Val: 0.7560, Test: 0.7600
Epoch: 25, Loss: 0.7752, Train: 0.9643, Val: 0.7540, Test: 0.7550
Epoch: 26, Loss: 0.7189, Train: 0.9643, Val: 0.7540, Test: 0.7620
Epoch: 27, Loss: 0.5898, Train: 0.9643, Val: 0.7580, Test: 0.7650
Epoch: 28, Loss: 0.5663, Train: 0.9571, Val: 0.7620, Test: 0.7580
Epoch: 29, Loss: 0.5626, Train: 0.9571, Val: 0.7620, Test: 0.7590
Epoch: 30, Loss: 0.5199, Train: 0.9571, Val: 0.7600, Test: 0.7520
Epoch: 31, Loss: 0.5499, Train: 0.9571, Val: 0.7540, Test: 0.7560
Epoch: 32, Loss: 0.4444, Train: 0.9643, Val: 0.7480, Test: 0.7600
Epoch: 33, Loss: 0.4136, Train: 0.9714, Val: 0.7500, Test: 0.7700
Epoch: 34, Loss: 0.3709, Train: 0.9786, Val: 0.7480, Test: 0.7790
Epoch: 35, Loss: 0.3343, Train: 0.9786, Val: 0.7540, Test: 0.7720
Epoch: 36, Loss: 0.3881, Train: 0.9857, Val: 0.7560, Test: 0.7730
Epoch: 37, Loss: 0.2666, Train: 0.9786, Val: 0.7560, Test: 0.7610
Epoch: 38, Loss: 0.3930, Train: 0.9714, Val: 0.7660, Test: 0.7620
Epoch: 39, Loss: 0.3226, Train: 0.9786, Val: 0.7540, Test: 0.7570
Epoch: 40, Loss: 0.1878, Train: 0.9786, Val: 0.7540, Test: 0.7540
Epoch: 41, Loss: 0.1835, Train: 0.9786, Val: 0.7440, Test: 0.7460
Epoch: 42, Loss: 0.2096, Train: 0.9857, Val: 0.7420, Test: 0.7460
Epoch: 43, Loss: 0.1820, Train: 0.9857, Val: 0.7440, Test: 0.7490
Epoch: 44, Loss: 0.2204, Train: 0.9929, Val: 0.7500, Test: 0.7530
Epoch: 45, Loss: 0.2483, Train: 1.0000, Val: 0.7500, Test: 0.7590
Epoch: 46, Loss: 0.1717, Train: 1.0000, Val: 0.7500, Test: 0.7630
Epoch: 47, Loss: 0.1205, Train: 1.0000, Val: 0.7460, Test: 0.7630
Epoch: 48, Loss: 0.1862, Train: 1.0000, Val: 0.7520, Test: 0.7570
Epoch: 49, Loss: 0.1678, Train: 1.0000, Val: 0.7440, Test: 0.7590
Epoch: 50, Loss: 0.1755, Train: 1.0000, Val: 0.7400, Test: 0.7530
MAD:  0.8336
Best Test Accuracy: 0.7790, Val Accuracy: 0.7480, Train Accuracy: 0.9786
Training completed.
Seed:  6
GATv2(
  (convs): ModuleList(
    (0-4): 5 x GATv2Conv(128, 128, heads=1)
    (5): GATv2Conv(128, 7, heads=1)
  )
  (residual_fc): Linear(in_features=1433, out_features=128, bias=True)
)
Epoch: 1, Loss: 2.1839, Train: 0.2286, Val: 0.2100, Test: 0.2410
Epoch: 2, Loss: 1.9723, Train: 0.3214, Val: 0.3000, Test: 0.2650
Epoch: 3, Loss: 1.9868, Train: 0.3857, Val: 0.3320, Test: 0.3130
Epoch: 4, Loss: 1.8749, Train: 0.4214, Val: 0.3440, Test: 0.3530
Epoch: 5, Loss: 1.8935, Train: 0.4286, Val: 0.3340, Test: 0.3380
Epoch: 6, Loss: 1.8641, Train: 0.4500, Val: 0.3500, Test: 0.3460
Epoch: 7, Loss: 1.8046, Train: 0.5000, Val: 0.3800, Test: 0.3690
Epoch: 8, Loss: 1.7906, Train: 0.6000, Val: 0.4280, Test: 0.4230
Epoch: 9, Loss: 1.7577, Train: 0.6857, Val: 0.4680, Test: 0.4760
Epoch: 10, Loss: 1.7450, Train: 0.7214, Val: 0.4900, Test: 0.5140
Epoch: 11, Loss: 1.7156, Train: 0.7857, Val: 0.5560, Test: 0.5450
Epoch: 12, Loss: 1.6351, Train: 0.8286, Val: 0.5860, Test: 0.5910
Epoch: 13, Loss: 1.5986, Train: 0.8929, Val: 0.6120, Test: 0.6210
Epoch: 14, Loss: 1.5657, Train: 0.9143, Val: 0.6460, Test: 0.6410
Epoch: 15, Loss: 1.4793, Train: 0.9143, Val: 0.6760, Test: 0.6670
Epoch: 16, Loss: 1.3860, Train: 0.9357, Val: 0.7020, Test: 0.6940
Epoch: 17, Loss: 1.3897, Train: 0.9357, Val: 0.7100, Test: 0.7070
Epoch: 18, Loss: 1.3316, Train: 0.9357, Val: 0.7240, Test: 0.7300
Epoch: 19, Loss: 1.2009, Train: 0.9357, Val: 0.7240, Test: 0.7470
Epoch: 20, Loss: 1.1162, Train: 0.9429, Val: 0.7340, Test: 0.7580
Epoch: 21, Loss: 1.1377, Train: 0.9500, Val: 0.7440, Test: 0.7580
Epoch: 22, Loss: 1.0642, Train: 0.9571, Val: 0.7460, Test: 0.7540
Epoch: 23, Loss: 0.9334, Train: 0.9500, Val: 0.7500, Test: 0.7600
Epoch: 24, Loss: 0.8694, Train: 0.9500, Val: 0.7560, Test: 0.7640
Epoch: 25, Loss: 0.8766, Train: 0.9500, Val: 0.7580, Test: 0.7650
Epoch: 26, Loss: 0.7488, Train: 0.9571, Val: 0.7600, Test: 0.7600
Epoch: 27, Loss: 0.6329, Train: 0.9571, Val: 0.7560, Test: 0.7600
Epoch: 28, Loss: 0.6678, Train: 0.9571, Val: 0.7600, Test: 0.7660
Epoch: 29, Loss: 0.6084, Train: 0.9643, Val: 0.7640, Test: 0.7740
Epoch: 30, Loss: 0.4657, Train: 0.9714, Val: 0.7660, Test: 0.7790
Epoch: 31, Loss: 0.4238, Train: 0.9857, Val: 0.7660, Test: 0.7800
Epoch: 32, Loss: 0.4024, Train: 0.9857, Val: 0.7720, Test: 0.7800
Epoch: 33, Loss: 0.4297, Train: 0.9786, Val: 0.7660, Test: 0.7830
Epoch: 34, Loss: 0.3320, Train: 0.9857, Val: 0.7660, Test: 0.7770
Epoch: 35, Loss: 0.3554, Train: 0.9857, Val: 0.7620, Test: 0.7780
Epoch: 36, Loss: 0.3568, Train: 0.9857, Val: 0.7620, Test: 0.7800
Epoch: 37, Loss: 0.2254, Train: 0.9857, Val: 0.7580, Test: 0.7820
Epoch: 38, Loss: 0.3038, Train: 0.9857, Val: 0.7520, Test: 0.7770
Epoch: 39, Loss: 0.3862, Train: 0.9857, Val: 0.7500, Test: 0.7700
Epoch: 40, Loss: 0.2392, Train: 0.9857, Val: 0.7500, Test: 0.7670
Epoch: 41, Loss: 0.2397, Train: 0.9929, Val: 0.7480, Test: 0.7720
Epoch: 42, Loss: 0.2088, Train: 0.9929, Val: 0.7440, Test: 0.7620
Epoch: 43, Loss: 0.1775, Train: 0.9929, Val: 0.7460, Test: 0.7590
Epoch: 44, Loss: 0.2607, Train: 0.9929, Val: 0.7440, Test: 0.7620
Epoch: 45, Loss: 0.2597, Train: 0.9929, Val: 0.7480, Test: 0.7600
Epoch: 46, Loss: 0.1817, Train: 0.9929, Val: 0.7440, Test: 0.7640
Epoch: 47, Loss: 0.1498, Train: 1.0000, Val: 0.7480, Test: 0.7650
Epoch: 48, Loss: 0.1604, Train: 0.9929, Val: 0.7460, Test: 0.7650
Epoch: 49, Loss: 0.1827, Train: 0.9929, Val: 0.7480, Test: 0.7740
Epoch: 50, Loss: 0.0961, Train: 1.0000, Val: 0.7560, Test: 0.7790
MAD:  0.9004
Best Test Accuracy: 0.7830, Val Accuracy: 0.7660, Train Accuracy: 0.9786
Training completed.
Seed:  7
GATv2(
  (convs): ModuleList(
    (0-4): 5 x GATv2Conv(128, 128, heads=1)
    (5): GATv2Conv(128, 7, heads=1)
  )
  (residual_fc): Linear(in_features=1433, out_features=128, bias=True)
)
Epoch: 1, Loss: 2.1437, Train: 0.1429, Val: 0.0640, Test: 0.0910
Epoch: 2, Loss: 2.0623, Train: 0.2214, Val: 0.1320, Test: 0.1180
Epoch: 3, Loss: 1.9758, Train: 0.2071, Val: 0.1460, Test: 0.1410
Epoch: 4, Loss: 1.9946, Train: 0.2143, Val: 0.1600, Test: 0.1530
Epoch: 5, Loss: 1.8882, Train: 0.3000, Val: 0.1820, Test: 0.1900
Epoch: 6, Loss: 1.9464, Train: 0.3357, Val: 0.2120, Test: 0.2220
Epoch: 7, Loss: 1.8963, Train: 0.3929, Val: 0.2260, Test: 0.2360
Epoch: 8, Loss: 1.8173, Train: 0.3786, Val: 0.2360, Test: 0.2380
Epoch: 9, Loss: 1.7762, Train: 0.4000, Val: 0.2360, Test: 0.2380
Epoch: 10, Loss: 1.8175, Train: 0.4214, Val: 0.2460, Test: 0.2510
Epoch: 11, Loss: 1.8049, Train: 0.4857, Val: 0.2700, Test: 0.2680
Epoch: 12, Loss: 1.7734, Train: 0.5571, Val: 0.3040, Test: 0.3110
Epoch: 13, Loss: 1.7432, Train: 0.6500, Val: 0.3740, Test: 0.3850
Epoch: 14, Loss: 1.7352, Train: 0.6714, Val: 0.4220, Test: 0.4150
Epoch: 15, Loss: 1.6910, Train: 0.6857, Val: 0.4460, Test: 0.4360
Epoch: 16, Loss: 1.5690, Train: 0.6857, Val: 0.4580, Test: 0.4570
Epoch: 17, Loss: 1.6138, Train: 0.7071, Val: 0.4800, Test: 0.4740
Epoch: 18, Loss: 1.5782, Train: 0.7429, Val: 0.5040, Test: 0.4900
Epoch: 19, Loss: 1.4748, Train: 0.7786, Val: 0.5260, Test: 0.5080
Epoch: 20, Loss: 1.3884, Train: 0.8000, Val: 0.5300, Test: 0.5220
Epoch: 21, Loss: 1.3721, Train: 0.8071, Val: 0.5440, Test: 0.5360
Epoch: 22, Loss: 1.3174, Train: 0.8214, Val: 0.5520, Test: 0.5540
Epoch: 23, Loss: 1.2435, Train: 0.8500, Val: 0.5620, Test: 0.5580
Epoch: 24, Loss: 1.2905, Train: 0.8571, Val: 0.5680, Test: 0.5750
Epoch: 25, Loss: 1.2568, Train: 0.8643, Val: 0.5920, Test: 0.5900
Epoch: 26, Loss: 1.1340, Train: 0.8786, Val: 0.6060, Test: 0.6060
Epoch: 27, Loss: 0.9936, Train: 0.8786, Val: 0.6100, Test: 0.6160
Epoch: 28, Loss: 1.0253, Train: 0.8786, Val: 0.6220, Test: 0.6180
Epoch: 29, Loss: 0.9022, Train: 0.8786, Val: 0.6220, Test: 0.6140
Epoch: 30, Loss: 0.9869, Train: 0.8786, Val: 0.6080, Test: 0.6050
Epoch: 31, Loss: 0.8889, Train: 0.8714, Val: 0.6000, Test: 0.5960
Epoch: 32, Loss: 0.8081, Train: 0.8714, Val: 0.5980, Test: 0.5930
Epoch: 33, Loss: 0.7964, Train: 0.8714, Val: 0.5980, Test: 0.5960
Epoch: 34, Loss: 0.7519, Train: 0.8786, Val: 0.6220, Test: 0.6150
Epoch: 35, Loss: 0.6813, Train: 0.8786, Val: 0.6480, Test: 0.6370
Epoch: 36, Loss: 0.6114, Train: 0.8857, Val: 0.6680, Test: 0.6580
Epoch: 37, Loss: 0.5761, Train: 0.9071, Val: 0.6920, Test: 0.6830
Epoch: 38, Loss: 0.5953, Train: 0.9429, Val: 0.7180, Test: 0.7140
Epoch: 39, Loss: 0.5477, Train: 0.9571, Val: 0.7320, Test: 0.7290
Epoch: 40, Loss: 0.4773, Train: 0.9643, Val: 0.7340, Test: 0.7400
Epoch: 41, Loss: 0.5127, Train: 0.9643, Val: 0.7320, Test: 0.7330
Epoch: 42, Loss: 0.3816, Train: 0.9643, Val: 0.7320, Test: 0.7330
Epoch: 43, Loss: 0.3370, Train: 0.9643, Val: 0.7320, Test: 0.7350
Epoch: 44, Loss: 0.3859, Train: 0.9643, Val: 0.7340, Test: 0.7370
Epoch: 45, Loss: 0.4157, Train: 0.9643, Val: 0.7340, Test: 0.7460
Epoch: 46, Loss: 0.3759, Train: 0.9643, Val: 0.7380, Test: 0.7460
Epoch: 47, Loss: 0.2715, Train: 0.9786, Val: 0.7420, Test: 0.7470
Epoch: 48, Loss: 0.3242, Train: 0.9786, Val: 0.7440, Test: 0.7490
Epoch: 49, Loss: 0.2517, Train: 0.9786, Val: 0.7400, Test: 0.7490
Epoch: 50, Loss: 0.2852, Train: 0.9786, Val: 0.7480, Test: 0.7490
MAD:  0.8625
Best Test Accuracy: 0.7490, Val Accuracy: 0.7440, Train Accuracy: 0.9786
Training completed.
Seed:  8
GATv2(
  (convs): ModuleList(
    (0-4): 5 x GATv2Conv(128, 128, heads=1)
    (5): GATv2Conv(128, 7, heads=1)
  )
  (residual_fc): Linear(in_features=1433, out_features=128, bias=True)
)
Epoch: 1, Loss: 2.1441, Train: 0.1714, Val: 0.3000, Test: 0.3060
Epoch: 2, Loss: 2.0531, Train: 0.4143, Val: 0.2880, Test: 0.3320
Epoch: 3, Loss: 1.9479, Train: 0.2500, Val: 0.2060, Test: 0.1940
Epoch: 4, Loss: 1.9405, Train: 0.2143, Val: 0.1760, Test: 0.1660
Epoch: 5, Loss: 1.8820, Train: 0.2286, Val: 0.1800, Test: 0.1660
Epoch: 6, Loss: 1.8846, Train: 0.3000, Val: 0.2000, Test: 0.1870
Epoch: 7, Loss: 1.8636, Train: 0.3357, Val: 0.2220, Test: 0.2100
Epoch: 8, Loss: 1.8480, Train: 0.4000, Val: 0.2620, Test: 0.2410
Epoch: 9, Loss: 1.8133, Train: 0.4286, Val: 0.2820, Test: 0.2720
Epoch: 10, Loss: 1.7964, Train: 0.5000, Val: 0.3220, Test: 0.3110
Epoch: 11, Loss: 1.7220, Train: 0.5786, Val: 0.4040, Test: 0.3960
Epoch: 12, Loss: 1.6301, Train: 0.6286, Val: 0.4820, Test: 0.4870
Epoch: 13, Loss: 1.6658, Train: 0.7286, Val: 0.5380, Test: 0.5580
Epoch: 14, Loss: 1.6031, Train: 0.8357, Val: 0.6280, Test: 0.6410
Epoch: 15, Loss: 1.4382, Train: 0.8786, Val: 0.6580, Test: 0.6830
Epoch: 16, Loss: 1.4676, Train: 0.9000, Val: 0.6900, Test: 0.7170
Epoch: 17, Loss: 1.3595, Train: 0.9143, Val: 0.7100, Test: 0.7340
Epoch: 18, Loss: 1.2666, Train: 0.9214, Val: 0.7220, Test: 0.7480
Epoch: 19, Loss: 1.3526, Train: 0.9286, Val: 0.7320, Test: 0.7620
Epoch: 20, Loss: 1.2876, Train: 0.9357, Val: 0.7320, Test: 0.7640
Epoch: 21, Loss: 1.2383, Train: 0.9357, Val: 0.7380, Test: 0.7750
Epoch: 22, Loss: 1.1311, Train: 0.9357, Val: 0.7400, Test: 0.7740
Epoch: 23, Loss: 1.0453, Train: 0.9500, Val: 0.7460, Test: 0.7740
Epoch: 24, Loss: 1.0333, Train: 0.9429, Val: 0.7520, Test: 0.7760
Epoch: 25, Loss: 0.8919, Train: 0.9429, Val: 0.7500, Test: 0.7790
Epoch: 26, Loss: 0.8060, Train: 0.9429, Val: 0.7580, Test: 0.7800
Epoch: 27, Loss: 0.6661, Train: 0.9429, Val: 0.7620, Test: 0.7790
Epoch: 28, Loss: 0.6675, Train: 0.9429, Val: 0.7640, Test: 0.7860
Epoch: 29, Loss: 0.6363, Train: 0.9429, Val: 0.7680, Test: 0.7950
Epoch: 30, Loss: 0.6242, Train: 0.9429, Val: 0.7640, Test: 0.7930
Epoch: 31, Loss: 0.5751, Train: 0.9429, Val: 0.7580, Test: 0.7880
Epoch: 32, Loss: 0.5039, Train: 0.9500, Val: 0.7540, Test: 0.7850
Epoch: 33, Loss: 0.4740, Train: 0.9571, Val: 0.7600, Test: 0.7870
Epoch: 34, Loss: 0.4299, Train: 0.9500, Val: 0.7620, Test: 0.7850
Epoch: 35, Loss: 0.4463, Train: 0.9500, Val: 0.7620, Test: 0.7840
Epoch: 36, Loss: 0.3785, Train: 0.9429, Val: 0.7640, Test: 0.7860
Epoch: 37, Loss: 0.3869, Train: 0.9357, Val: 0.7640, Test: 0.7870
Epoch: 38, Loss: 0.3549, Train: 0.9357, Val: 0.7600, Test: 0.7850
Epoch: 39, Loss: 0.3404, Train: 0.9429, Val: 0.7580, Test: 0.7770
Epoch: 40, Loss: 0.3941, Train: 0.9500, Val: 0.7620, Test: 0.7730
Epoch: 41, Loss: 0.2360, Train: 0.9571, Val: 0.7560, Test: 0.7760
Epoch: 42, Loss: 0.4212, Train: 0.9786, Val: 0.7500, Test: 0.7650
Epoch: 43, Loss: 0.2271, Train: 0.9786, Val: 0.7520, Test: 0.7590
Epoch: 44, Loss: 0.2819, Train: 0.9714, Val: 0.7520, Test: 0.7600
Epoch: 45, Loss: 0.2539, Train: 0.9714, Val: 0.7540, Test: 0.7630
Epoch: 46, Loss: 0.1814, Train: 0.9857, Val: 0.7540, Test: 0.7650
Epoch: 47, Loss: 0.1988, Train: 0.9857, Val: 0.7480, Test: 0.7630
Epoch: 48, Loss: 0.1744, Train: 0.9857, Val: 0.7520, Test: 0.7660
Epoch: 49, Loss: 0.2045, Train: 0.9929, Val: 0.7620, Test: 0.7660
Epoch: 50, Loss: 0.1453, Train: 0.9929, Val: 0.7660, Test: 0.7740
MAD:  0.8563
Best Test Accuracy: 0.7950, Val Accuracy: 0.7680, Train Accuracy: 0.9429
Training completed.
Seed:  9
GATv2(
  (convs): ModuleList(
    (0-4): 5 x GATv2Conv(128, 128, heads=1)
    (5): GATv2Conv(128, 7, heads=1)
  )
  (residual_fc): Linear(in_features=1433, out_features=128, bias=True)
)
Epoch: 1, Loss: 2.1627, Train: 0.1429, Val: 0.0720, Test: 0.0910
Epoch: 2, Loss: 1.9719, Train: 0.1786, Val: 0.0960, Test: 0.1100
Epoch: 3, Loss: 2.0160, Train: 0.3643, Val: 0.2300, Test: 0.2330
Epoch: 4, Loss: 1.9321, Train: 0.5571, Val: 0.3100, Test: 0.3280
Epoch: 5, Loss: 1.8884, Train: 0.5643, Val: 0.3140, Test: 0.3430
Epoch: 6, Loss: 1.7701, Train: 0.5714, Val: 0.3280, Test: 0.3490
Epoch: 7, Loss: 1.8629, Train: 0.5857, Val: 0.3420, Test: 0.3580
Epoch: 8, Loss: 1.8323, Train: 0.6000, Val: 0.4120, Test: 0.4000
Epoch: 9, Loss: 1.8096, Train: 0.6500, Val: 0.4580, Test: 0.4600
Epoch: 10, Loss: 1.7297, Train: 0.7143, Val: 0.5200, Test: 0.5200
Epoch: 11, Loss: 1.6880, Train: 0.8000, Val: 0.6280, Test: 0.6360
Epoch: 12, Loss: 1.6267, Train: 0.8643, Val: 0.7040, Test: 0.7240
Epoch: 13, Loss: 1.5659, Train: 0.8857, Val: 0.7320, Test: 0.7510
Epoch: 14, Loss: 1.5901, Train: 0.9071, Val: 0.7580, Test: 0.7690
Epoch: 15, Loss: 1.5178, Train: 0.9286, Val: 0.7700, Test: 0.7760
Epoch: 16, Loss: 1.4914, Train: 0.9214, Val: 0.7700, Test: 0.7780
Epoch: 17, Loss: 1.4953, Train: 0.9286, Val: 0.7720, Test: 0.7810
Epoch: 18, Loss: 1.2825, Train: 0.9357, Val: 0.7680, Test: 0.7740
Epoch: 19, Loss: 1.3061, Train: 0.9357, Val: 0.7720, Test: 0.7700
Epoch: 20, Loss: 1.2285, Train: 0.9357, Val: 0.7680, Test: 0.7750
Epoch: 21, Loss: 1.0645, Train: 0.9357, Val: 0.7680, Test: 0.7730
Epoch: 22, Loss: 1.0662, Train: 0.9429, Val: 0.7720, Test: 0.7700
Epoch: 23, Loss: 0.9400, Train: 0.9429, Val: 0.7700, Test: 0.7670
Epoch: 24, Loss: 0.9513, Train: 0.9429, Val: 0.7720, Test: 0.7690
Epoch: 25, Loss: 0.9256, Train: 0.9429, Val: 0.7760, Test: 0.7690
Epoch: 26, Loss: 0.7846, Train: 0.9357, Val: 0.7840, Test: 0.7710
Epoch: 27, Loss: 0.7119, Train: 0.9429, Val: 0.7840, Test: 0.7690
Epoch: 28, Loss: 0.7689, Train: 0.9429, Val: 0.7860, Test: 0.7740
Epoch: 29, Loss: 0.5567, Train: 0.9429, Val: 0.7900, Test: 0.7840
Epoch: 30, Loss: 0.4882, Train: 0.9500, Val: 0.7840, Test: 0.7890
Epoch: 31, Loss: 0.5615, Train: 0.9643, Val: 0.7820, Test: 0.7860
Epoch: 32, Loss: 0.5110, Train: 0.9786, Val: 0.7840, Test: 0.7840
Epoch: 33, Loss: 0.5757, Train: 0.9714, Val: 0.7740, Test: 0.7750
Epoch: 34, Loss: 0.4780, Train: 0.9786, Val: 0.7800, Test: 0.7800
Epoch: 35, Loss: 0.3892, Train: 0.9786, Val: 0.7760, Test: 0.7800
Epoch: 36, Loss: 0.4839, Train: 0.9857, Val: 0.7680, Test: 0.7800
Epoch: 37, Loss: 0.4122, Train: 0.9786, Val: 0.7560, Test: 0.7810
Epoch: 38, Loss: 0.3085, Train: 0.9786, Val: 0.7560, Test: 0.7810
Epoch: 39, Loss: 0.3129, Train: 0.9714, Val: 0.7580, Test: 0.7870
Epoch: 40, Loss: 0.2701, Train: 0.9714, Val: 0.7540, Test: 0.7910
Epoch: 41, Loss: 0.2293, Train: 0.9786, Val: 0.7580, Test: 0.7910
Epoch: 42, Loss: 0.2453, Train: 0.9857, Val: 0.7560, Test: 0.7900
Epoch: 43, Loss: 0.2730, Train: 0.9929, Val: 0.7580, Test: 0.7890
Epoch: 44, Loss: 0.2147, Train: 0.9929, Val: 0.7640, Test: 0.7900
Epoch: 45, Loss: 0.1818, Train: 0.9929, Val: 0.7720, Test: 0.7900
Epoch: 46, Loss: 0.2125, Train: 0.9857, Val: 0.7760, Test: 0.7840
Epoch: 47, Loss: 0.2982, Train: 0.9857, Val: 0.7800, Test: 0.7880
Epoch: 48, Loss: 0.1737, Train: 0.9857, Val: 0.7800, Test: 0.7880
Epoch: 49, Loss: 0.1465, Train: 0.9857, Val: 0.7760, Test: 0.7900
Epoch: 50, Loss: 0.2384, Train: 0.9857, Val: 0.7740, Test: 0.7940
MAD:  0.8862
Best Test Accuracy: 0.7940, Val Accuracy: 0.7740, Train Accuracy: 0.9857
Training completed.
Average Test Accuracy:  0.7836000000000001 ± 0.017436742815101693
Average MAD:  0.84831 ± 0.028284463933403434
