Seed:  0
GATv2(
  (convs): ModuleList(
    (0-5): 6 x GATv2Conv(128, 128, heads=1)
    (6): GATv2Conv(128, 7, heads=1)
  )
  (residual_fc): Linear(in_features=1433, out_features=128, bias=True)
)
Epoch: 1, Loss: 2.7711, Train: 0.2071, Val: 0.1540, Test: 0.1690
Epoch: 2, Loss: 2.6485, Train: 0.1571, Val: 0.1200, Test: 0.1280
Epoch: 3, Loss: 2.4876, Train: 0.1571, Val: 0.1280, Test: 0.1300
Epoch: 4, Loss: 2.2210, Train: 0.1571, Val: 0.1320, Test: 0.1440
Epoch: 5, Loss: 2.2061, Train: 0.1429, Val: 0.1640, Test: 0.1890
Epoch: 6, Loss: 2.1782, Train: 0.1786, Val: 0.2200, Test: 0.2280
Epoch: 7, Loss: 2.0006, Train: 0.2286, Val: 0.2660, Test: 0.2970
Epoch: 8, Loss: 1.9327, Train: 0.2071, Val: 0.2940, Test: 0.3240
Epoch: 9, Loss: 1.9976, Train: 0.2000, Val: 0.3180, Test: 0.3340
Epoch: 10, Loss: 1.9920, Train: 0.1857, Val: 0.3300, Test: 0.3410
Epoch: 11, Loss: 1.9619, Train: 0.1786, Val: 0.3460, Test: 0.3440
Epoch: 12, Loss: 1.9261, Train: 0.1857, Val: 0.3460, Test: 0.3490
Epoch: 13, Loss: 1.9418, Train: 0.2071, Val: 0.3480, Test: 0.3540
Epoch: 14, Loss: 1.8194, Train: 0.2143, Val: 0.3580, Test: 0.3600
Epoch: 15, Loss: 1.9243, Train: 0.2857, Val: 0.3720, Test: 0.3720
Epoch: 16, Loss: 1.9314, Train: 0.3500, Val: 0.3760, Test: 0.3970
Epoch: 17, Loss: 1.8773, Train: 0.4643, Val: 0.4360, Test: 0.4630
Epoch: 18, Loss: 1.7886, Train: 0.5143, Val: 0.4840, Test: 0.5160
Epoch: 19, Loss: 1.7464, Train: 0.6500, Val: 0.5080, Test: 0.5650
Epoch: 20, Loss: 1.7719, Train: 0.6643, Val: 0.5380, Test: 0.5700
Epoch: 21, Loss: 1.8043, Train: 0.6786, Val: 0.5460, Test: 0.5690
Epoch: 22, Loss: 1.7780, Train: 0.7143, Val: 0.5460, Test: 0.5690
Epoch: 23, Loss: 1.7726, Train: 0.7071, Val: 0.5340, Test: 0.5600
Epoch: 24, Loss: 1.6736, Train: 0.7143, Val: 0.5200, Test: 0.5430
Epoch: 25, Loss: 1.7354, Train: 0.7143, Val: 0.5120, Test: 0.5400
Epoch: 26, Loss: 1.6493, Train: 0.7143, Val: 0.5120, Test: 0.5370
Epoch: 27, Loss: 1.6126, Train: 0.7000, Val: 0.5000, Test: 0.5340
Epoch: 28, Loss: 1.6063, Train: 0.7000, Val: 0.5000, Test: 0.5330
Epoch: 29, Loss: 1.5975, Train: 0.6929, Val: 0.4960, Test: 0.5300
Epoch: 30, Loss: 1.5933, Train: 0.7000, Val: 0.5060, Test: 0.5360
Epoch: 31, Loss: 1.5640, Train: 0.7071, Val: 0.5140, Test: 0.5370
Epoch: 32, Loss: 1.5547, Train: 0.7357, Val: 0.5320, Test: 0.5540
Epoch: 33, Loss: 1.5097, Train: 0.7714, Val: 0.5660, Test: 0.5890
Epoch: 34, Loss: 1.4407, Train: 0.8071, Val: 0.5920, Test: 0.6060
Epoch: 35, Loss: 1.4380, Train: 0.8286, Val: 0.6120, Test: 0.6190
Epoch: 36, Loss: 1.3674, Train: 0.8429, Val: 0.6200, Test: 0.6330
Epoch: 37, Loss: 1.4313, Train: 0.8429, Val: 0.6220, Test: 0.6380
Epoch: 38, Loss: 1.2078, Train: 0.8429, Val: 0.6280, Test: 0.6470
Epoch: 39, Loss: 1.2981, Train: 0.8500, Val: 0.6400, Test: 0.6630
Epoch: 40, Loss: 1.2353, Train: 0.8786, Val: 0.6460, Test: 0.6730
Epoch: 41, Loss: 1.1356, Train: 0.8786, Val: 0.6560, Test: 0.6880
Epoch: 42, Loss: 1.1345, Train: 0.8929, Val: 0.6740, Test: 0.7020
Epoch: 43, Loss: 1.0658, Train: 0.9000, Val: 0.6780, Test: 0.7130
Epoch: 44, Loss: 1.1215, Train: 0.9000, Val: 0.6960, Test: 0.7260
Epoch: 45, Loss: 1.1151, Train: 0.9071, Val: 0.6940, Test: 0.7250
Epoch: 46, Loss: 0.9473, Train: 0.9071, Val: 0.6920, Test: 0.7260
Epoch: 47, Loss: 0.8996, Train: 0.9286, Val: 0.6920, Test: 0.7270
Epoch: 48, Loss: 0.9168, Train: 0.9429, Val: 0.7060, Test: 0.7370
Epoch: 49, Loss: 0.8539, Train: 0.9500, Val: 0.7200, Test: 0.7550
Epoch: 50, Loss: 0.8831, Train: 0.9500, Val: 0.7280, Test: 0.7610
Epoch: 51, Loss: 0.7574, Train: 0.9643, Val: 0.7360, Test: 0.7640
Epoch: 52, Loss: 0.7600, Train: 0.9643, Val: 0.7460, Test: 0.7770
Epoch: 53, Loss: 0.7402, Train: 0.9643, Val: 0.7540, Test: 0.7860
Epoch: 54, Loss: 0.5810, Train: 0.9643, Val: 0.7620, Test: 0.7830
Epoch: 55, Loss: 0.8830, Train: 0.9643, Val: 0.7680, Test: 0.7910
Epoch: 56, Loss: 0.6324, Train: 0.9714, Val: 0.7620, Test: 0.7900
Epoch: 57, Loss: 0.6733, Train: 0.9714, Val: 0.7620, Test: 0.7900
Epoch: 58, Loss: 0.5788, Train: 0.9643, Val: 0.7580, Test: 0.7940
Epoch: 59, Loss: 0.6056, Train: 0.9643, Val: 0.7580, Test: 0.7960
Epoch: 60, Loss: 0.5275, Train: 0.9643, Val: 0.7560, Test: 0.7920
MAD:  0.7927
Best Test Accuracy: 0.7960, Val Accuracy: 0.7580, Train Accuracy: 0.9643
Training completed.
Seed:  1
GATv2(
  (convs): ModuleList(
    (0-5): 6 x GATv2Conv(128, 128, heads=1)
    (6): GATv2Conv(128, 7, heads=1)
  )
  (residual_fc): Linear(in_features=1433, out_features=128, bias=True)
)
Epoch: 1, Loss: 2.2411, Train: 0.1500, Val: 0.0740, Test: 0.0920
Epoch: 2, Loss: 2.1334, Train: 0.1500, Val: 0.0820, Test: 0.0950
Epoch: 3, Loss: 2.1996, Train: 0.1857, Val: 0.1880, Test: 0.1780
Epoch: 4, Loss: 2.2104, Train: 0.2071, Val: 0.1900, Test: 0.1820
Epoch: 5, Loss: 1.9223, Train: 0.2286, Val: 0.1980, Test: 0.1790
Epoch: 6, Loss: 2.0665, Train: 0.2357, Val: 0.1940, Test: 0.1800
Epoch: 7, Loss: 2.0705, Train: 0.2929, Val: 0.2000, Test: 0.1950
Epoch: 8, Loss: 1.9885, Train: 0.3286, Val: 0.2280, Test: 0.2380
Epoch: 9, Loss: 1.9481, Train: 0.4286, Val: 0.2680, Test: 0.2890
Epoch: 10, Loss: 1.9216, Train: 0.4714, Val: 0.3180, Test: 0.3200
Epoch: 11, Loss: 1.8881, Train: 0.5357, Val: 0.3300, Test: 0.3390
Epoch: 12, Loss: 1.8647, Train: 0.5714, Val: 0.3700, Test: 0.3630
Epoch: 13, Loss: 1.8533, Train: 0.5929, Val: 0.3780, Test: 0.3660
Epoch: 14, Loss: 1.8288, Train: 0.6143, Val: 0.3820, Test: 0.3770
Epoch: 15, Loss: 1.8182, Train: 0.6357, Val: 0.4060, Test: 0.3870
Epoch: 16, Loss: 1.8032, Train: 0.6500, Val: 0.4260, Test: 0.4140
Epoch: 17, Loss: 1.8512, Train: 0.6929, Val: 0.4560, Test: 0.4390
Epoch: 18, Loss: 1.7369, Train: 0.6929, Val: 0.4660, Test: 0.4650
Epoch: 19, Loss: 1.8112, Train: 0.7214, Val: 0.4780, Test: 0.4780
Epoch: 20, Loss: 1.7138, Train: 0.7357, Val: 0.4820, Test: 0.4880
Epoch: 21, Loss: 1.7250, Train: 0.7429, Val: 0.5060, Test: 0.5060
Epoch: 22, Loss: 1.7652, Train: 0.7571, Val: 0.5040, Test: 0.5150
Epoch: 23, Loss: 1.7333, Train: 0.7786, Val: 0.5120, Test: 0.5180
Epoch: 24, Loss: 1.5874, Train: 0.7929, Val: 0.5360, Test: 0.5370
Epoch: 25, Loss: 1.6781, Train: 0.8143, Val: 0.5400, Test: 0.5400
Epoch: 26, Loss: 1.6109, Train: 0.8214, Val: 0.5480, Test: 0.5550
Epoch: 27, Loss: 1.5567, Train: 0.8143, Val: 0.5460, Test: 0.5570
Epoch: 28, Loss: 1.5017, Train: 0.8214, Val: 0.5500, Test: 0.5670
Epoch: 29, Loss: 1.4797, Train: 0.8214, Val: 0.5400, Test: 0.5630
Epoch: 30, Loss: 1.4474, Train: 0.8214, Val: 0.5440, Test: 0.5680
Epoch: 31, Loss: 1.3951, Train: 0.8143, Val: 0.5520, Test: 0.5700
Epoch: 32, Loss: 1.2755, Train: 0.8143, Val: 0.5560, Test: 0.5670
Epoch: 33, Loss: 1.3129, Train: 0.7857, Val: 0.5540, Test: 0.5570
Epoch: 34, Loss: 1.1782, Train: 0.7786, Val: 0.5420, Test: 0.5570
Epoch: 35, Loss: 1.2316, Train: 0.7714, Val: 0.5500, Test: 0.5610
Epoch: 36, Loss: 1.1159, Train: 0.7857, Val: 0.5420, Test: 0.5630
Epoch: 37, Loss: 1.0386, Train: 0.7857, Val: 0.5440, Test: 0.5620
Epoch: 38, Loss: 1.1329, Train: 0.8214, Val: 0.5620, Test: 0.5730
Epoch: 39, Loss: 0.9610, Train: 0.8429, Val: 0.5940, Test: 0.5980
Epoch: 40, Loss: 0.9200, Train: 0.8571, Val: 0.6140, Test: 0.6090
Epoch: 41, Loss: 0.8712, Train: 0.8714, Val: 0.6300, Test: 0.6230
Epoch: 42, Loss: 0.8794, Train: 0.8786, Val: 0.6380, Test: 0.6360
Epoch: 43, Loss: 0.8810, Train: 0.8929, Val: 0.6560, Test: 0.6480
Epoch: 44, Loss: 0.8270, Train: 0.9000, Val: 0.6620, Test: 0.6640
Epoch: 45, Loss: 0.8213, Train: 0.9000, Val: 0.6940, Test: 0.6800
Epoch: 46, Loss: 0.7577, Train: 0.9143, Val: 0.6940, Test: 0.6850
Epoch: 47, Loss: 0.8000, Train: 0.9000, Val: 0.6820, Test: 0.6670
Epoch: 48, Loss: 0.6099, Train: 0.8929, Val: 0.6620, Test: 0.6480
Epoch: 49, Loss: 0.6830, Train: 0.8786, Val: 0.6420, Test: 0.6300
Epoch: 50, Loss: 0.6000, Train: 0.8643, Val: 0.6300, Test: 0.6270
Epoch: 51, Loss: 0.4735, Train: 0.8643, Val: 0.6260, Test: 0.6270
Epoch: 52, Loss: 0.6313, Train: 0.8643, Val: 0.6300, Test: 0.6240
Epoch: 53, Loss: 0.6793, Train: 0.8714, Val: 0.6380, Test: 0.6470
Epoch: 54, Loss: 0.5663, Train: 0.9071, Val: 0.6540, Test: 0.6680
Epoch: 55, Loss: 0.5604, Train: 0.9357, Val: 0.6900, Test: 0.6930
Epoch: 56, Loss: 0.4327, Train: 0.9500, Val: 0.7080, Test: 0.7240
Epoch: 57, Loss: 0.4281, Train: 0.9429, Val: 0.7340, Test: 0.7440
Epoch: 58, Loss: 0.5754, Train: 0.9429, Val: 0.7360, Test: 0.7580
Epoch: 59, Loss: 0.4467, Train: 0.9500, Val: 0.7360, Test: 0.7530
Epoch: 60, Loss: 0.4043, Train: 0.9500, Val: 0.7380, Test: 0.7570
MAD:  0.7907
Best Test Accuracy: 0.7580, Val Accuracy: 0.7360, Train Accuracy: 0.9429
Training completed.
Seed:  2
GATv2(
  (convs): ModuleList(
    (0-5): 6 x GATv2Conv(128, 128, heads=1)
    (6): GATv2Conv(128, 7, heads=1)
  )
  (residual_fc): Linear(in_features=1433, out_features=128, bias=True)
)
Epoch: 1, Loss: 2.5890, Train: 0.0643, Val: 0.0820, Test: 0.0880
Epoch: 2, Loss: 2.2213, Train: 0.2500, Val: 0.2120, Test: 0.2240
Epoch: 3, Loss: 2.1057, Train: 0.2643, Val: 0.2440, Test: 0.2390
Epoch: 4, Loss: 2.1311, Train: 0.2571, Val: 0.2420, Test: 0.2340
Epoch: 5, Loss: 2.1008, Train: 0.2571, Val: 0.2400, Test: 0.2290
Epoch: 6, Loss: 2.0823, Train: 0.2786, Val: 0.2620, Test: 0.2560
Epoch: 7, Loss: 1.9088, Train: 0.3214, Val: 0.2880, Test: 0.2860
Epoch: 8, Loss: 2.0052, Train: 0.3929, Val: 0.3160, Test: 0.3220
Epoch: 9, Loss: 1.9017, Train: 0.4286, Val: 0.3600, Test: 0.3620
Epoch: 10, Loss: 1.9012, Train: 0.4286, Val: 0.3580, Test: 0.3700
Epoch: 11, Loss: 1.9543, Train: 0.4357, Val: 0.3440, Test: 0.3470
Epoch: 12, Loss: 1.8472, Train: 0.4286, Val: 0.3380, Test: 0.3440
Epoch: 13, Loss: 1.8324, Train: 0.5500, Val: 0.3640, Test: 0.3660
Epoch: 14, Loss: 1.8713, Train: 0.5857, Val: 0.3960, Test: 0.4020
Epoch: 15, Loss: 1.9505, Train: 0.6286, Val: 0.4280, Test: 0.4260
Epoch: 16, Loss: 1.8681, Train: 0.6714, Val: 0.4540, Test: 0.4520
Epoch: 17, Loss: 1.8503, Train: 0.7071, Val: 0.4900, Test: 0.4850
Epoch: 18, Loss: 1.7880, Train: 0.7500, Val: 0.5040, Test: 0.4980
Epoch: 19, Loss: 1.7941, Train: 0.7714, Val: 0.4960, Test: 0.5050
Epoch: 20, Loss: 1.6997, Train: 0.7714, Val: 0.4820, Test: 0.4920
Epoch: 21, Loss: 1.7354, Train: 0.7571, Val: 0.4660, Test: 0.4710
Epoch: 22, Loss: 1.7201, Train: 0.7143, Val: 0.4420, Test: 0.4610
Epoch: 23, Loss: 1.7047, Train: 0.6857, Val: 0.4400, Test: 0.4530
Epoch: 24, Loss: 1.6521, Train: 0.6857, Val: 0.4340, Test: 0.4450
Epoch: 25, Loss: 1.6460, Train: 0.6929, Val: 0.4480, Test: 0.4540
Epoch: 26, Loss: 1.6050, Train: 0.7143, Val: 0.4580, Test: 0.4640
Epoch: 27, Loss: 1.6199, Train: 0.7429, Val: 0.4840, Test: 0.4840
Epoch: 28, Loss: 1.5433, Train: 0.7786, Val: 0.5100, Test: 0.5180
Epoch: 29, Loss: 1.4539, Train: 0.7929, Val: 0.5380, Test: 0.5500
Epoch: 30, Loss: 1.5318, Train: 0.8000, Val: 0.5620, Test: 0.5650
Epoch: 31, Loss: 1.4274, Train: 0.8286, Val: 0.5840, Test: 0.5910
Epoch: 32, Loss: 1.5878, Train: 0.8571, Val: 0.6040, Test: 0.6200
Epoch: 33, Loss: 1.4690, Train: 0.8643, Val: 0.6180, Test: 0.6400
Epoch: 34, Loss: 1.4104, Train: 0.8571, Val: 0.6280, Test: 0.6460
Epoch: 35, Loss: 1.2394, Train: 0.8500, Val: 0.6300, Test: 0.6320
Epoch: 36, Loss: 1.2040, Train: 0.8286, Val: 0.6140, Test: 0.6110
Epoch: 37, Loss: 1.1114, Train: 0.8000, Val: 0.5920, Test: 0.5920
Epoch: 38, Loss: 1.1810, Train: 0.7929, Val: 0.5700, Test: 0.5540
Epoch: 39, Loss: 1.1846, Train: 0.7929, Val: 0.5560, Test: 0.5450
Epoch: 40, Loss: 1.0490, Train: 0.7857, Val: 0.5440, Test: 0.5440
Epoch: 41, Loss: 0.9613, Train: 0.7857, Val: 0.5380, Test: 0.5470
Epoch: 42, Loss: 1.0240, Train: 0.8000, Val: 0.5420, Test: 0.5460
Epoch: 43, Loss: 1.0414, Train: 0.8000, Val: 0.5420, Test: 0.5480
Epoch: 44, Loss: 0.9927, Train: 0.8000, Val: 0.5500, Test: 0.5670
Epoch: 45, Loss: 0.9965, Train: 0.8214, Val: 0.5620, Test: 0.5710
Epoch: 46, Loss: 0.9554, Train: 0.8357, Val: 0.5680, Test: 0.5760
Epoch: 47, Loss: 0.8363, Train: 0.8500, Val: 0.5600, Test: 0.5790
Epoch: 48, Loss: 0.7985, Train: 0.8643, Val: 0.5720, Test: 0.5810
Epoch: 49, Loss: 0.8723, Train: 0.8714, Val: 0.5920, Test: 0.5820
Epoch: 50, Loss: 0.7273, Train: 0.8786, Val: 0.6020, Test: 0.6030
Epoch: 51, Loss: 0.6361, Train: 0.9000, Val: 0.6300, Test: 0.6280
Epoch: 52, Loss: 0.7072, Train: 0.9286, Val: 0.6760, Test: 0.6730
Epoch: 53, Loss: 0.5384, Train: 0.9500, Val: 0.6900, Test: 0.6980
Epoch: 54, Loss: 0.6487, Train: 0.9500, Val: 0.7000, Test: 0.7140
Epoch: 55, Loss: 0.6628, Train: 0.9500, Val: 0.6920, Test: 0.7040
Epoch: 56, Loss: 0.6690, Train: 0.9500, Val: 0.6840, Test: 0.6830
Epoch: 57, Loss: 0.6570, Train: 0.9500, Val: 0.6660, Test: 0.6710
Epoch: 58, Loss: 0.4571, Train: 0.9571, Val: 0.6720, Test: 0.6770
Epoch: 59, Loss: 0.4715, Train: 0.9571, Val: 0.6760, Test: 0.6820
Epoch: 60, Loss: 0.4665, Train: 0.9571, Val: 0.6940, Test: 0.6970
MAD:  0.893
Best Test Accuracy: 0.7140, Val Accuracy: 0.7000, Train Accuracy: 0.9500
Training completed.
Seed:  3
GATv2(
  (convs): ModuleList(
    (0-5): 6 x GATv2Conv(128, 128, heads=1)
    (6): GATv2Conv(128, 7, heads=1)
  )
  (residual_fc): Linear(in_features=1433, out_features=128, bias=True)
)
Epoch: 1, Loss: 2.4653, Train: 0.1929, Val: 0.1620, Test: 0.1940
Epoch: 2, Loss: 2.1172, Train: 0.1429, Val: 0.0880, Test: 0.0860
Epoch: 3, Loss: 2.1137, Train: 0.1429, Val: 0.0660, Test: 0.0670
Epoch: 4, Loss: 2.0932, Train: 0.1786, Val: 0.0820, Test: 0.0790
Epoch: 5, Loss: 1.9821, Train: 0.2429, Val: 0.1300, Test: 0.1200
Epoch: 6, Loss: 1.9963, Train: 0.2357, Val: 0.1440, Test: 0.1310
Epoch: 7, Loss: 1.9856, Train: 0.2429, Val: 0.1540, Test: 0.1350
Epoch: 8, Loss: 2.0077, Train: 0.2286, Val: 0.1700, Test: 0.1480
Epoch: 9, Loss: 1.9076, Train: 0.2786, Val: 0.2040, Test: 0.1770
Epoch: 10, Loss: 1.8731, Train: 0.3214, Val: 0.2580, Test: 0.2210
Epoch: 11, Loss: 1.9096, Train: 0.4214, Val: 0.2780, Test: 0.2790
Epoch: 12, Loss: 1.8616, Train: 0.4857, Val: 0.3400, Test: 0.3380
Epoch: 13, Loss: 1.8079, Train: 0.5071, Val: 0.4120, Test: 0.4180
Epoch: 14, Loss: 1.8044, Train: 0.5786, Val: 0.4640, Test: 0.4960
Epoch: 15, Loss: 1.8179, Train: 0.6286, Val: 0.5200, Test: 0.5350
Epoch: 16, Loss: 1.8726, Train: 0.6357, Val: 0.5640, Test: 0.5660
Epoch: 17, Loss: 1.8266, Train: 0.6786, Val: 0.6080, Test: 0.6080
Epoch: 18, Loss: 1.6928, Train: 0.7286, Val: 0.6260, Test: 0.6410
Epoch: 19, Loss: 1.6883, Train: 0.7429, Val: 0.6320, Test: 0.6610
Epoch: 20, Loss: 1.6606, Train: 0.7786, Val: 0.6560, Test: 0.6810
Epoch: 21, Loss: 1.6476, Train: 0.7786, Val: 0.6600, Test: 0.6790
Epoch: 22, Loss: 1.6536, Train: 0.7857, Val: 0.6700, Test: 0.6940
Epoch: 23, Loss: 1.6189, Train: 0.8000, Val: 0.6700, Test: 0.6850
Epoch: 24, Loss: 1.5660, Train: 0.8071, Val: 0.6720, Test: 0.6900
Epoch: 25, Loss: 1.4906, Train: 0.8071, Val: 0.6620, Test: 0.6850
Epoch: 26, Loss: 1.5271, Train: 0.8000, Val: 0.6620, Test: 0.6840
Epoch: 27, Loss: 1.3633, Train: 0.8071, Val: 0.6620, Test: 0.6890
Epoch: 28, Loss: 1.4492, Train: 0.8143, Val: 0.6780, Test: 0.7110
Epoch: 29, Loss: 1.3628, Train: 0.8500, Val: 0.6980, Test: 0.7260
Epoch: 30, Loss: 1.2487, Train: 0.8643, Val: 0.7000, Test: 0.7310
Epoch: 31, Loss: 1.1495, Train: 0.8643, Val: 0.7060, Test: 0.7360
Epoch: 32, Loss: 1.1279, Train: 0.8643, Val: 0.7060, Test: 0.7380
Epoch: 33, Loss: 1.1031, Train: 0.8714, Val: 0.7100, Test: 0.7360
Epoch: 34, Loss: 1.1645, Train: 0.8857, Val: 0.7220, Test: 0.7380
Epoch: 35, Loss: 1.0394, Train: 0.9071, Val: 0.7240, Test: 0.7470
Epoch: 36, Loss: 0.9016, Train: 0.9000, Val: 0.7320, Test: 0.7360
Epoch: 37, Loss: 0.9933, Train: 0.9000, Val: 0.6960, Test: 0.7080
Epoch: 38, Loss: 0.9415, Train: 0.9000, Val: 0.6740, Test: 0.6780
Epoch: 39, Loss: 0.8924, Train: 0.8857, Val: 0.6560, Test: 0.6500
Epoch: 40, Loss: 0.8986, Train: 0.9000, Val: 0.6440, Test: 0.6360
Epoch: 41, Loss: 0.8728, Train: 0.9000, Val: 0.6400, Test: 0.6460
Epoch: 42, Loss: 0.8208, Train: 0.9071, Val: 0.6460, Test: 0.6550
Epoch: 43, Loss: 0.7920, Train: 0.9357, Val: 0.6740, Test: 0.6900
Epoch: 44, Loss: 0.7830, Train: 0.9357, Val: 0.7040, Test: 0.7120
Epoch: 45, Loss: 0.6597, Train: 0.9500, Val: 0.7260, Test: 0.7320
Epoch: 46, Loss: 0.6768, Train: 0.9571, Val: 0.7380, Test: 0.7370
Epoch: 47, Loss: 0.6953, Train: 0.9643, Val: 0.7400, Test: 0.7570
Epoch: 48, Loss: 0.5657, Train: 0.9714, Val: 0.7320, Test: 0.7670
Epoch: 49, Loss: 0.6167, Train: 0.9786, Val: 0.7340, Test: 0.7700
Epoch: 50, Loss: 0.6849, Train: 0.9786, Val: 0.7440, Test: 0.7710
Epoch: 51, Loss: 0.3926, Train: 0.9786, Val: 0.7440, Test: 0.7720
Epoch: 52, Loss: 0.4451, Train: 0.9857, Val: 0.7460, Test: 0.7750
Epoch: 53, Loss: 0.4779, Train: 0.9857, Val: 0.7500, Test: 0.7760
Epoch: 54, Loss: 0.3699, Train: 0.9929, Val: 0.7480, Test: 0.7740
Epoch: 55, Loss: 0.4955, Train: 0.9857, Val: 0.7420, Test: 0.7690
Epoch: 56, Loss: 0.4499, Train: 0.9857, Val: 0.7400, Test: 0.7660
Epoch: 57, Loss: 0.3293, Train: 0.9857, Val: 0.7420, Test: 0.7670
Epoch: 58, Loss: 0.4298, Train: 0.9857, Val: 0.7420, Test: 0.7630
Epoch: 59, Loss: 0.2219, Train: 0.9857, Val: 0.7440, Test: 0.7620
Epoch: 60, Loss: 0.3167, Train: 0.9857, Val: 0.7320, Test: 0.7680
MAD:  0.8832
Best Test Accuracy: 0.7760, Val Accuracy: 0.7500, Train Accuracy: 0.9857
Training completed.
Seed:  4
GATv2(
  (convs): ModuleList(
    (0-5): 6 x GATv2Conv(128, 128, heads=1)
    (6): GATv2Conv(128, 7, heads=1)
  )
  (residual_fc): Linear(in_features=1433, out_features=128, bias=True)
)
Epoch: 1, Loss: 2.2643, Train: 0.1429, Val: 0.1320, Test: 0.1440
Epoch: 2, Loss: 2.0614, Train: 0.2000, Val: 0.1780, Test: 0.2170
Epoch: 3, Loss: 2.0496, Train: 0.3143, Val: 0.2460, Test: 0.2270
Epoch: 4, Loss: 1.9366, Train: 0.2643, Val: 0.1860, Test: 0.1670
Epoch: 5, Loss: 1.9325, Train: 0.2786, Val: 0.1720, Test: 0.1610
Epoch: 6, Loss: 1.9430, Train: 0.2643, Val: 0.1520, Test: 0.1420
Epoch: 7, Loss: 1.9428, Train: 0.2643, Val: 0.1320, Test: 0.1350
Epoch: 8, Loss: 1.9049, Train: 0.2500, Val: 0.1240, Test: 0.1320
Epoch: 9, Loss: 1.9294, Train: 0.2643, Val: 0.1360, Test: 0.1380
Epoch: 10, Loss: 1.8689, Train: 0.2929, Val: 0.1460, Test: 0.1510
Epoch: 11, Loss: 1.8469, Train: 0.3500, Val: 0.1740, Test: 0.1730
Epoch: 12, Loss: 1.8067, Train: 0.3929, Val: 0.2180, Test: 0.2190
Epoch: 13, Loss: 1.8354, Train: 0.4786, Val: 0.2800, Test: 0.2960
Epoch: 14, Loss: 1.8099, Train: 0.5714, Val: 0.3560, Test: 0.3540
Epoch: 15, Loss: 1.7780, Train: 0.6500, Val: 0.3920, Test: 0.3900
Epoch: 16, Loss: 1.8029, Train: 0.6857, Val: 0.4220, Test: 0.4320
Epoch: 17, Loss: 1.7881, Train: 0.7071, Val: 0.4680, Test: 0.4610
Epoch: 18, Loss: 1.8020, Train: 0.7071, Val: 0.5060, Test: 0.4970
Epoch: 19, Loss: 1.6546, Train: 0.7500, Val: 0.5300, Test: 0.5130
Epoch: 20, Loss: 1.5842, Train: 0.7500, Val: 0.5540, Test: 0.5330
Epoch: 21, Loss: 1.5512, Train: 0.7786, Val: 0.5500, Test: 0.5430
Epoch: 22, Loss: 1.6271, Train: 0.8071, Val: 0.5500, Test: 0.5490
Epoch: 23, Loss: 1.4421, Train: 0.8286, Val: 0.5500, Test: 0.5640
Epoch: 24, Loss: 1.5887, Train: 0.8214, Val: 0.5660, Test: 0.5880
Epoch: 25, Loss: 1.4572, Train: 0.8214, Val: 0.5900, Test: 0.6160
Epoch: 26, Loss: 1.4051, Train: 0.8286, Val: 0.6300, Test: 0.6340
Epoch: 27, Loss: 1.3679, Train: 0.8429, Val: 0.6500, Test: 0.6470
Epoch: 28, Loss: 1.3022, Train: 0.8357, Val: 0.6700, Test: 0.6590
Epoch: 29, Loss: 1.2214, Train: 0.8429, Val: 0.6780, Test: 0.6700
Epoch: 30, Loss: 1.2217, Train: 0.8357, Val: 0.6660, Test: 0.6620
Epoch: 31, Loss: 1.2351, Train: 0.8429, Val: 0.6540, Test: 0.6550
Epoch: 32, Loss: 1.0563, Train: 0.8500, Val: 0.6520, Test: 0.6510
Epoch: 33, Loss: 1.1303, Train: 0.8571, Val: 0.6560, Test: 0.6600
Epoch: 34, Loss: 1.1042, Train: 0.8714, Val: 0.6540, Test: 0.6690
Epoch: 35, Loss: 1.0706, Train: 0.8929, Val: 0.6520, Test: 0.6670
Epoch: 36, Loss: 0.9924, Train: 0.9071, Val: 0.6540, Test: 0.6700
Epoch: 37, Loss: 0.8446, Train: 0.9143, Val: 0.6760, Test: 0.6800
Epoch: 38, Loss: 0.9093, Train: 0.9214, Val: 0.6840, Test: 0.6950
Epoch: 39, Loss: 0.7473, Train: 0.9214, Val: 0.7000, Test: 0.7060
Epoch: 40, Loss: 0.7201, Train: 0.9214, Val: 0.7080, Test: 0.7100
Epoch: 41, Loss: 0.7484, Train: 0.9143, Val: 0.7240, Test: 0.7220
Epoch: 42, Loss: 0.6466, Train: 0.9286, Val: 0.7300, Test: 0.7280
Epoch: 43, Loss: 0.6966, Train: 0.9357, Val: 0.7380, Test: 0.7310
Epoch: 44, Loss: 0.6989, Train: 0.9357, Val: 0.7520, Test: 0.7360
Epoch: 45, Loss: 0.6786, Train: 0.9500, Val: 0.7580, Test: 0.7480
Epoch: 46, Loss: 0.5549, Train: 0.9500, Val: 0.7600, Test: 0.7510
Epoch: 47, Loss: 0.4759, Train: 0.9571, Val: 0.7600, Test: 0.7610
Epoch: 48, Loss: 0.4916, Train: 0.9571, Val: 0.7620, Test: 0.7660
Epoch: 49, Loss: 0.5143, Train: 0.9643, Val: 0.7620, Test: 0.7640
Epoch: 50, Loss: 0.3994, Train: 0.9643, Val: 0.7640, Test: 0.7580
Epoch: 51, Loss: 0.3962, Train: 0.9643, Val: 0.7620, Test: 0.7550
Epoch: 52, Loss: 0.4061, Train: 0.9643, Val: 0.7600, Test: 0.7600
Epoch: 53, Loss: 0.4727, Train: 0.9571, Val: 0.7560, Test: 0.7500
Epoch: 54, Loss: 0.2878, Train: 0.9643, Val: 0.7600, Test: 0.7530
Epoch: 55, Loss: 0.5604, Train: 0.9714, Val: 0.7700, Test: 0.7550
Epoch: 56, Loss: 0.4241, Train: 0.9714, Val: 0.7740, Test: 0.7590
Epoch: 57, Loss: 0.2434, Train: 0.9714, Val: 0.7800, Test: 0.7640
Epoch: 58, Loss: 0.2424, Train: 0.9786, Val: 0.7780, Test: 0.7790
Epoch: 59, Loss: 0.2172, Train: 0.9929, Val: 0.7860, Test: 0.7820
Epoch: 60, Loss: 0.3306, Train: 0.9929, Val: 0.7940, Test: 0.7840
MAD:  0.7111
Best Test Accuracy: 0.7840, Val Accuracy: 0.7940, Train Accuracy: 0.9929
Training completed.
Seed:  5
GATv2(
  (convs): ModuleList(
    (0-5): 6 x GATv2Conv(128, 128, heads=1)
    (6): GATv2Conv(128, 7, heads=1)
  )
  (residual_fc): Linear(in_features=1433, out_features=128, bias=True)
)
Epoch: 1, Loss: 2.4046, Train: 0.1429, Val: 0.0720, Test: 0.0910
Epoch: 2, Loss: 2.1628, Train: 0.2071, Val: 0.1300, Test: 0.1280
Epoch: 3, Loss: 2.0418, Train: 0.2714, Val: 0.3560, Test: 0.3290
Epoch: 4, Loss: 2.0306, Train: 0.2286, Val: 0.2820, Test: 0.2490
Epoch: 5, Loss: 1.9475, Train: 0.2000, Val: 0.2060, Test: 0.1960
Epoch: 6, Loss: 1.9347, Train: 0.1714, Val: 0.1700, Test: 0.1630
Epoch: 7, Loss: 1.9358, Train: 0.1786, Val: 0.1660, Test: 0.1550
Epoch: 8, Loss: 1.9623, Train: 0.2071, Val: 0.1660, Test: 0.1550
Epoch: 9, Loss: 1.8040, Train: 0.2286, Val: 0.1740, Test: 0.1590
Epoch: 10, Loss: 1.8435, Train: 0.2714, Val: 0.1900, Test: 0.1700
Epoch: 11, Loss: 1.8559, Train: 0.3000, Val: 0.2020, Test: 0.1910
Epoch: 12, Loss: 1.8627, Train: 0.3500, Val: 0.2440, Test: 0.2230
Epoch: 13, Loss: 1.8695, Train: 0.4214, Val: 0.2780, Test: 0.2740
Epoch: 14, Loss: 1.8292, Train: 0.5000, Val: 0.3100, Test: 0.3100
Epoch: 15, Loss: 1.8345, Train: 0.5214, Val: 0.3440, Test: 0.3380
Epoch: 16, Loss: 1.7315, Train: 0.5357, Val: 0.3720, Test: 0.3620
Epoch: 17, Loss: 1.7575, Train: 0.5643, Val: 0.3980, Test: 0.3860
Epoch: 18, Loss: 1.7185, Train: 0.6214, Val: 0.4240, Test: 0.4310
Epoch: 19, Loss: 1.6360, Train: 0.7071, Val: 0.4640, Test: 0.4940
Epoch: 20, Loss: 1.6046, Train: 0.7286, Val: 0.5020, Test: 0.5370
Epoch: 21, Loss: 1.5952, Train: 0.7857, Val: 0.5520, Test: 0.5760
Epoch: 22, Loss: 1.5373, Train: 0.8000, Val: 0.5760, Test: 0.5920
Epoch: 23, Loss: 1.5438, Train: 0.8071, Val: 0.5840, Test: 0.5980
Epoch: 24, Loss: 1.3906, Train: 0.8000, Val: 0.5760, Test: 0.6070
Epoch: 25, Loss: 1.3775, Train: 0.8000, Val: 0.5780, Test: 0.6050
Epoch: 26, Loss: 1.3890, Train: 0.8000, Val: 0.5760, Test: 0.5950
Epoch: 27, Loss: 1.1864, Train: 0.7929, Val: 0.5620, Test: 0.5840
Epoch: 28, Loss: 1.3520, Train: 0.8000, Val: 0.5680, Test: 0.5840
Epoch: 29, Loss: 1.2661, Train: 0.8071, Val: 0.5920, Test: 0.6050
Epoch: 30, Loss: 1.0879, Train: 0.8143, Val: 0.6140, Test: 0.6290
Epoch: 31, Loss: 1.0579, Train: 0.8357, Val: 0.6460, Test: 0.6650
Epoch: 32, Loss: 1.0591, Train: 0.8500, Val: 0.6780, Test: 0.6950
Epoch: 33, Loss: 0.9457, Train: 0.8500, Val: 0.6920, Test: 0.7100
Epoch: 34, Loss: 0.9326, Train: 0.9000, Val: 0.7200, Test: 0.7280
Epoch: 35, Loss: 0.9328, Train: 0.9000, Val: 0.7460, Test: 0.7450
Epoch: 36, Loss: 0.8687, Train: 0.9143, Val: 0.7660, Test: 0.7670
Epoch: 37, Loss: 0.7960, Train: 0.9357, Val: 0.7740, Test: 0.7850
Epoch: 38, Loss: 0.8599, Train: 0.9357, Val: 0.7860, Test: 0.7920
Epoch: 39, Loss: 0.8487, Train: 0.9357, Val: 0.7860, Test: 0.7930
Epoch: 40, Loss: 0.6085, Train: 0.9357, Val: 0.7940, Test: 0.7940
Epoch: 41, Loss: 0.7311, Train: 0.9286, Val: 0.7920, Test: 0.7920
Epoch: 42, Loss: 0.7096, Train: 0.9357, Val: 0.7860, Test: 0.7990
Epoch: 43, Loss: 0.6170, Train: 0.9429, Val: 0.7820, Test: 0.7950
Epoch: 44, Loss: 0.6792, Train: 0.9357, Val: 0.7780, Test: 0.7940
Epoch: 45, Loss: 0.5667, Train: 0.9500, Val: 0.7880, Test: 0.8030
Epoch: 46, Loss: 0.5284, Train: 0.9500, Val: 0.7940, Test: 0.8050
Epoch: 47, Loss: 0.5781, Train: 0.9714, Val: 0.7980, Test: 0.8120
Epoch: 48, Loss: 0.5099, Train: 0.9786, Val: 0.8040, Test: 0.8140
Epoch: 49, Loss: 0.5422, Train: 0.9786, Val: 0.7960, Test: 0.8170
Epoch: 50, Loss: 0.4242, Train: 0.9786, Val: 0.7920, Test: 0.8120
Epoch: 51, Loss: 0.4073, Train: 0.9786, Val: 0.7920, Test: 0.8070
Epoch: 52, Loss: 0.4881, Train: 0.9786, Val: 0.7920, Test: 0.8120
Epoch: 53, Loss: 0.4234, Train: 0.9786, Val: 0.7920, Test: 0.8110
Epoch: 54, Loss: 0.3626, Train: 0.9857, Val: 0.7820, Test: 0.8060
Epoch: 55, Loss: 0.3942, Train: 0.9929, Val: 0.7780, Test: 0.8050
Epoch: 56, Loss: 0.4001, Train: 0.9929, Val: 0.7720, Test: 0.8060
Epoch: 57, Loss: 0.4501, Train: 0.9857, Val: 0.7780, Test: 0.8050
Epoch: 58, Loss: 0.3840, Train: 0.9786, Val: 0.7740, Test: 0.7990
Epoch: 59, Loss: 0.3090, Train: 0.9857, Val: 0.7760, Test: 0.7980
Epoch: 60, Loss: 0.3046, Train: 0.9857, Val: 0.7700, Test: 0.7890
MAD:  0.7241
Best Test Accuracy: 0.8170, Val Accuracy: 0.7960, Train Accuracy: 0.9786
Training completed.
Seed:  6
GATv2(
  (convs): ModuleList(
    (0-5): 6 x GATv2Conv(128, 128, heads=1)
    (6): GATv2Conv(128, 7, heads=1)
  )
  (residual_fc): Linear(in_features=1433, out_features=128, bias=True)
)
Epoch: 1, Loss: 2.5374, Train: 0.1786, Val: 0.1480, Test: 0.1670
Epoch: 2, Loss: 2.1414, Train: 0.2143, Val: 0.1280, Test: 0.1390
Epoch: 3, Loss: 2.1214, Train: 0.2143, Val: 0.1180, Test: 0.1380
Epoch: 4, Loss: 2.0780, Train: 0.2429, Val: 0.1200, Test: 0.1340
Epoch: 5, Loss: 2.0584, Train: 0.2571, Val: 0.1280, Test: 0.1350
Epoch: 6, Loss: 1.9549, Train: 0.3286, Val: 0.1500, Test: 0.1670
Epoch: 7, Loss: 2.0007, Train: 0.3786, Val: 0.2000, Test: 0.2080
Epoch: 8, Loss: 2.0140, Train: 0.4214, Val: 0.2260, Test: 0.2310
Epoch: 9, Loss: 1.9912, Train: 0.4571, Val: 0.2520, Test: 0.2580
Epoch: 10, Loss: 1.8794, Train: 0.4929, Val: 0.2820, Test: 0.2890
Epoch: 11, Loss: 1.9283, Train: 0.5214, Val: 0.2980, Test: 0.3060
Epoch: 12, Loss: 1.9124, Train: 0.5357, Val: 0.3080, Test: 0.3160
Epoch: 13, Loss: 1.9567, Train: 0.5429, Val: 0.3200, Test: 0.3260
Epoch: 14, Loss: 1.8991, Train: 0.5500, Val: 0.3220, Test: 0.3320
Epoch: 15, Loss: 1.8477, Train: 0.5571, Val: 0.3400, Test: 0.3300
Epoch: 16, Loss: 1.7908, Train: 0.5500, Val: 0.3540, Test: 0.3380
Epoch: 17, Loss: 1.8012, Train: 0.5643, Val: 0.3580, Test: 0.3430
Epoch: 18, Loss: 1.8057, Train: 0.5571, Val: 0.3580, Test: 0.3460
Epoch: 19, Loss: 1.7292, Train: 0.5714, Val: 0.3640, Test: 0.3500
Epoch: 20, Loss: 1.7523, Train: 0.5786, Val: 0.3620, Test: 0.3560
Epoch: 21, Loss: 1.7687, Train: 0.5714, Val: 0.3740, Test: 0.3640
Epoch: 22, Loss: 1.6755, Train: 0.5643, Val: 0.3820, Test: 0.3700
Epoch: 23, Loss: 1.7124, Train: 0.5786, Val: 0.3920, Test: 0.3760
Epoch: 24, Loss: 1.6472, Train: 0.6000, Val: 0.4020, Test: 0.3960
Epoch: 25, Loss: 1.6646, Train: 0.6286, Val: 0.4200, Test: 0.4260
Epoch: 26, Loss: 1.6334, Train: 0.6571, Val: 0.4440, Test: 0.4510
Epoch: 27, Loss: 1.6206, Train: 0.7143, Val: 0.4600, Test: 0.4630
Epoch: 28, Loss: 1.5860, Train: 0.7500, Val: 0.4880, Test: 0.4880
Epoch: 29, Loss: 1.5122, Train: 0.7500, Val: 0.5100, Test: 0.5050
Epoch: 30, Loss: 1.3925, Train: 0.7714, Val: 0.5360, Test: 0.5280
Epoch: 31, Loss: 1.4841, Train: 0.7929, Val: 0.5540, Test: 0.5460
Epoch: 32, Loss: 1.3729, Train: 0.7857, Val: 0.5560, Test: 0.5640
Epoch: 33, Loss: 1.4571, Train: 0.7929, Val: 0.5680, Test: 0.5740
Epoch: 34, Loss: 1.3654, Train: 0.8071, Val: 0.5700, Test: 0.5780
Epoch: 35, Loss: 1.3161, Train: 0.8143, Val: 0.5880, Test: 0.5840
Epoch: 36, Loss: 1.2582, Train: 0.8286, Val: 0.5980, Test: 0.5860
Epoch: 37, Loss: 1.2676, Train: 0.8429, Val: 0.6000, Test: 0.5920
Epoch: 38, Loss: 1.2490, Train: 0.8429, Val: 0.6140, Test: 0.6000
Epoch: 39, Loss: 1.1448, Train: 0.8286, Val: 0.6280, Test: 0.5970
Epoch: 40, Loss: 1.1706, Train: 0.8214, Val: 0.6200, Test: 0.5900
Epoch: 41, Loss: 1.1507, Train: 0.8071, Val: 0.6200, Test: 0.5930
Epoch: 42, Loss: 1.1095, Train: 0.8071, Val: 0.6120, Test: 0.5920
Epoch: 43, Loss: 1.0820, Train: 0.8071, Val: 0.6100, Test: 0.5900
Epoch: 44, Loss: 1.0279, Train: 0.8143, Val: 0.6080, Test: 0.5930
Epoch: 45, Loss: 0.9774, Train: 0.8143, Val: 0.6060, Test: 0.6010
Epoch: 46, Loss: 0.9271, Train: 0.8286, Val: 0.6100, Test: 0.6080
Epoch: 47, Loss: 0.9583, Train: 0.8429, Val: 0.6200, Test: 0.6220
Epoch: 48, Loss: 0.7575, Train: 0.8571, Val: 0.6360, Test: 0.6300
Epoch: 49, Loss: 0.8866, Train: 0.8714, Val: 0.6480, Test: 0.6420
Epoch: 50, Loss: 0.8446, Train: 0.8857, Val: 0.6640, Test: 0.6620
Epoch: 51, Loss: 0.8121, Train: 0.9071, Val: 0.6880, Test: 0.6850
Epoch: 52, Loss: 0.8777, Train: 0.9071, Val: 0.7040, Test: 0.7000
Epoch: 53, Loss: 0.7352, Train: 0.9143, Val: 0.7060, Test: 0.7160
Epoch: 54, Loss: 0.6965, Train: 0.9286, Val: 0.7180, Test: 0.7290
Epoch: 55, Loss: 0.7911, Train: 0.9357, Val: 0.7260, Test: 0.7470
Epoch: 56, Loss: 0.6704, Train: 0.9429, Val: 0.7340, Test: 0.7590
Epoch: 57, Loss: 0.7315, Train: 0.9429, Val: 0.7480, Test: 0.7640
Epoch: 58, Loss: 0.6027, Train: 0.9643, Val: 0.7600, Test: 0.7660
Epoch: 59, Loss: 0.7399, Train: 0.9429, Val: 0.7540, Test: 0.7650
Epoch: 60, Loss: 0.5992, Train: 0.9429, Val: 0.7580, Test: 0.7590
MAD:  0.8347
Best Test Accuracy: 0.7660, Val Accuracy: 0.7600, Train Accuracy: 0.9643
Training completed.
Seed:  7
GATv2(
  (convs): ModuleList(
    (0-5): 6 x GATv2Conv(128, 128, heads=1)
    (6): GATv2Conv(128, 7, heads=1)
  )
  (residual_fc): Linear(in_features=1433, out_features=128, bias=True)
)
Epoch: 1, Loss: 2.5227, Train: 0.1429, Val: 0.1140, Test: 0.1040
Epoch: 2, Loss: 2.2761, Train: 0.2500, Val: 0.1560, Test: 0.1550
Epoch: 3, Loss: 2.2397, Train: 0.2286, Val: 0.1520, Test: 0.1510
Epoch: 4, Loss: 2.0901, Train: 0.2214, Val: 0.1560, Test: 0.1660
Epoch: 5, Loss: 1.9076, Train: 0.2429, Val: 0.1780, Test: 0.1790
Epoch: 6, Loss: 1.9513, Train: 0.3071, Val: 0.2100, Test: 0.2120
Epoch: 7, Loss: 2.0296, Train: 0.3500, Val: 0.2340, Test: 0.2380
Epoch: 8, Loss: 1.9317, Train: 0.3143, Val: 0.2260, Test: 0.2150
Epoch: 9, Loss: 1.8454, Train: 0.2786, Val: 0.1700, Test: 0.1890
Epoch: 10, Loss: 1.8767, Train: 0.2643, Val: 0.1600, Test: 0.1640
Epoch: 11, Loss: 1.8830, Train: 0.2429, Val: 0.1520, Test: 0.1580
Epoch: 12, Loss: 1.8530, Train: 0.2714, Val: 0.1540, Test: 0.1690
Epoch: 13, Loss: 1.8156, Train: 0.3714, Val: 0.2020, Test: 0.2090
Epoch: 14, Loss: 1.8191, Train: 0.4786, Val: 0.2560, Test: 0.2660
Epoch: 15, Loss: 1.7332, Train: 0.4929, Val: 0.2920, Test: 0.3080
Epoch: 16, Loss: 1.7691, Train: 0.5643, Val: 0.3420, Test: 0.3450
Epoch: 17, Loss: 1.7637, Train: 0.5929, Val: 0.3840, Test: 0.3870
Epoch: 18, Loss: 1.6307, Train: 0.6786, Val: 0.4160, Test: 0.4220
Epoch: 19, Loss: 1.7022, Train: 0.7000, Val: 0.4480, Test: 0.4500
Epoch: 20, Loss: 1.6659, Train: 0.7357, Val: 0.4720, Test: 0.4840
Epoch: 21, Loss: 1.5561, Train: 0.7643, Val: 0.5000, Test: 0.5090
Epoch: 22, Loss: 1.6666, Train: 0.7857, Val: 0.5460, Test: 0.5350
Epoch: 23, Loss: 1.5962, Train: 0.8000, Val: 0.5880, Test: 0.5720
Epoch: 24, Loss: 1.6143, Train: 0.8143, Val: 0.6040, Test: 0.6090
Epoch: 25, Loss: 1.5532, Train: 0.8286, Val: 0.6240, Test: 0.6340
Epoch: 26, Loss: 1.4138, Train: 0.8286, Val: 0.6460, Test: 0.6480
Epoch: 27, Loss: 1.4205, Train: 0.8357, Val: 0.6540, Test: 0.6490
Epoch: 28, Loss: 1.3839, Train: 0.8286, Val: 0.6440, Test: 0.6370
Epoch: 29, Loss: 1.3059, Train: 0.8429, Val: 0.6380, Test: 0.6330
Epoch: 30, Loss: 1.2773, Train: 0.8643, Val: 0.6580, Test: 0.6400
Epoch: 31, Loss: 1.3540, Train: 0.8571, Val: 0.6560, Test: 0.6460
Epoch: 32, Loss: 1.1424, Train: 0.8571, Val: 0.6520, Test: 0.6490
Epoch: 33, Loss: 1.2841, Train: 0.8571, Val: 0.6500, Test: 0.6470
Epoch: 34, Loss: 1.1567, Train: 0.8571, Val: 0.6460, Test: 0.6510
Epoch: 35, Loss: 0.9531, Train: 0.8571, Val: 0.6520, Test: 0.6510
Epoch: 36, Loss: 1.0555, Train: 0.8571, Val: 0.6600, Test: 0.6610
Epoch: 37, Loss: 0.9530, Train: 0.8786, Val: 0.6620, Test: 0.6660
Epoch: 38, Loss: 0.9259, Train: 0.8857, Val: 0.6680, Test: 0.6700
Epoch: 39, Loss: 0.9027, Train: 0.8929, Val: 0.6740, Test: 0.6790
Epoch: 40, Loss: 0.9122, Train: 0.9000, Val: 0.6900, Test: 0.6900
Epoch: 41, Loss: 0.7657, Train: 0.9000, Val: 0.7100, Test: 0.7050
Epoch: 42, Loss: 0.8274, Train: 0.9071, Val: 0.7140, Test: 0.7230
Epoch: 43, Loss: 0.7246, Train: 0.9286, Val: 0.7280, Test: 0.7330
Epoch: 44, Loss: 0.8345, Train: 0.9357, Val: 0.7340, Test: 0.7400
Epoch: 45, Loss: 0.6841, Train: 0.9429, Val: 0.7380, Test: 0.7440
Epoch: 46, Loss: 0.6274, Train: 0.9571, Val: 0.7320, Test: 0.7320
Epoch: 47, Loss: 0.6671, Train: 0.9571, Val: 0.7300, Test: 0.7230
Epoch: 48, Loss: 0.5107, Train: 0.9571, Val: 0.7280, Test: 0.7200
Epoch: 49, Loss: 0.5159, Train: 0.9500, Val: 0.7300, Test: 0.7300
Epoch: 50, Loss: 0.5601, Train: 0.9643, Val: 0.7440, Test: 0.7460
Epoch: 51, Loss: 0.4790, Train: 0.9714, Val: 0.7520, Test: 0.7620
Epoch: 52, Loss: 0.6058, Train: 0.9857, Val: 0.7520, Test: 0.7630
Epoch: 53, Loss: 0.4688, Train: 0.9857, Val: 0.7560, Test: 0.7620
Epoch: 54, Loss: 0.5059, Train: 0.9857, Val: 0.7580, Test: 0.7610
Epoch: 55, Loss: 0.5588, Train: 0.9857, Val: 0.7620, Test: 0.7630
Epoch: 56, Loss: 0.4495, Train: 0.9643, Val: 0.7600, Test: 0.7650
Epoch: 57, Loss: 0.4283, Train: 0.9714, Val: 0.7600, Test: 0.7640
Epoch: 58, Loss: 0.3690, Train: 0.9714, Val: 0.7680, Test: 0.7630
Epoch: 59, Loss: 0.4184, Train: 0.9714, Val: 0.7660, Test: 0.7630
Epoch: 60, Loss: 0.3795, Train: 0.9714, Val: 0.7620, Test: 0.7640
MAD:  0.7697
Best Test Accuracy: 0.7650, Val Accuracy: 0.7600, Train Accuracy: 0.9643
Training completed.
Seed:  8
GATv2(
  (convs): ModuleList(
    (0-5): 6 x GATv2Conv(128, 128, heads=1)
    (6): GATv2Conv(128, 7, heads=1)
  )
  (residual_fc): Linear(in_features=1433, out_features=128, bias=True)
)
Epoch: 1, Loss: 2.4027, Train: 0.1429, Val: 0.3160, Test: 0.3190
Epoch: 2, Loss: 2.2712, Train: 0.1429, Val: 0.3160, Test: 0.3190
Epoch: 3, Loss: 2.0735, Train: 0.1429, Val: 0.3160, Test: 0.3190
Epoch: 4, Loss: 2.1075, Train: 0.1500, Val: 0.3160, Test: 0.3190
Epoch: 5, Loss: 2.0717, Train: 0.1500, Val: 0.3160, Test: 0.3190
Epoch: 6, Loss: 2.0889, Train: 0.1786, Val: 0.3160, Test: 0.3210
Epoch: 7, Loss: 1.9095, Train: 0.2071, Val: 0.3220, Test: 0.3220
Epoch: 8, Loss: 1.9834, Train: 0.2500, Val: 0.3300, Test: 0.3350
Epoch: 9, Loss: 1.9049, Train: 0.2857, Val: 0.3440, Test: 0.3540
Epoch: 10, Loss: 1.9748, Train: 0.3000, Val: 0.3520, Test: 0.3720
Epoch: 11, Loss: 1.8437, Train: 0.3714, Val: 0.3860, Test: 0.4040
Epoch: 12, Loss: 1.8767, Train: 0.4000, Val: 0.4100, Test: 0.4250
Epoch: 13, Loss: 1.9175, Train: 0.4929, Val: 0.4340, Test: 0.4660
Epoch: 14, Loss: 1.8522, Train: 0.5286, Val: 0.4480, Test: 0.4920
Epoch: 15, Loss: 1.9042, Train: 0.5643, Val: 0.4780, Test: 0.4930
Epoch: 16, Loss: 1.7900, Train: 0.6000, Val: 0.4900, Test: 0.5050
Epoch: 17, Loss: 1.8232, Train: 0.6286, Val: 0.5100, Test: 0.5200
Epoch: 18, Loss: 1.8345, Train: 0.6429, Val: 0.5160, Test: 0.5300
Epoch: 19, Loss: 1.7777, Train: 0.6429, Val: 0.5200, Test: 0.5250
Epoch: 20, Loss: 1.7471, Train: 0.6500, Val: 0.5300, Test: 0.5380
Epoch: 21, Loss: 1.7641, Train: 0.6786, Val: 0.5440, Test: 0.5470
Epoch: 22, Loss: 1.6980, Train: 0.7357, Val: 0.5400, Test: 0.5600
Epoch: 23, Loss: 1.6618, Train: 0.7929, Val: 0.5860, Test: 0.6010
Epoch: 24, Loss: 1.6106, Train: 0.8286, Val: 0.6120, Test: 0.6290
Epoch: 25, Loss: 1.6042, Train: 0.8571, Val: 0.6520, Test: 0.6550
Epoch: 26, Loss: 1.6108, Train: 0.8643, Val: 0.6780, Test: 0.6830
Epoch: 27, Loss: 1.5280, Train: 0.8643, Val: 0.6880, Test: 0.6910
Epoch: 28, Loss: 1.4475, Train: 0.8786, Val: 0.6820, Test: 0.7080
Epoch: 29, Loss: 1.4147, Train: 0.8571, Val: 0.6740, Test: 0.7030
Epoch: 30, Loss: 1.3608, Train: 0.8429, Val: 0.6760, Test: 0.6980
Epoch: 31, Loss: 1.3499, Train: 0.8500, Val: 0.6880, Test: 0.7010
Epoch: 32, Loss: 1.2954, Train: 0.8857, Val: 0.7040, Test: 0.7140
Epoch: 33, Loss: 1.1244, Train: 0.9000, Val: 0.7260, Test: 0.7170
Epoch: 34, Loss: 1.1406, Train: 0.9000, Val: 0.7340, Test: 0.7180
Epoch: 35, Loss: 1.0830, Train: 0.9071, Val: 0.7460, Test: 0.7260
Epoch: 36, Loss: 1.0825, Train: 0.9143, Val: 0.7440, Test: 0.7250
Epoch: 37, Loss: 1.0354, Train: 0.9143, Val: 0.7520, Test: 0.7250
Epoch: 38, Loss: 1.0656, Train: 0.9143, Val: 0.7480, Test: 0.7290
Epoch: 39, Loss: 1.0161, Train: 0.9071, Val: 0.7360, Test: 0.7230
Epoch: 40, Loss: 0.8926, Train: 0.9143, Val: 0.7340, Test: 0.7210
Epoch: 41, Loss: 0.9526, Train: 0.9143, Val: 0.7240, Test: 0.7230
Epoch: 42, Loss: 0.8004, Train: 0.9214, Val: 0.7300, Test: 0.7320
Epoch: 43, Loss: 0.7431, Train: 0.9286, Val: 0.7460, Test: 0.7480
Epoch: 44, Loss: 0.8004, Train: 0.9143, Val: 0.7600, Test: 0.7700
Epoch: 45, Loss: 0.7742, Train: 0.9500, Val: 0.7660, Test: 0.7810
Epoch: 46, Loss: 0.6745, Train: 0.9429, Val: 0.7700, Test: 0.7860
Epoch: 47, Loss: 0.6925, Train: 0.9429, Val: 0.7580, Test: 0.7880
Epoch: 48, Loss: 0.6519, Train: 0.9357, Val: 0.7360, Test: 0.7800
Epoch: 49, Loss: 0.6070, Train: 0.9286, Val: 0.7360, Test: 0.7740
Epoch: 50, Loss: 0.5615, Train: 0.9286, Val: 0.7440, Test: 0.7730
Epoch: 51, Loss: 0.5789, Train: 0.9429, Val: 0.7440, Test: 0.7720
Epoch: 52, Loss: 0.5116, Train: 0.9500, Val: 0.7480, Test: 0.7770
Epoch: 53, Loss: 0.5879, Train: 0.9643, Val: 0.7520, Test: 0.7870
Epoch: 54, Loss: 0.4431, Train: 0.9643, Val: 0.7520, Test: 0.7890
Epoch: 55, Loss: 0.4518, Train: 0.9714, Val: 0.7520, Test: 0.7880
Epoch: 56, Loss: 0.4153, Train: 0.9714, Val: 0.7500, Test: 0.7860
Epoch: 57, Loss: 0.5326, Train: 0.9714, Val: 0.7480, Test: 0.7850
Epoch: 58, Loss: 0.3833, Train: 0.9714, Val: 0.7500, Test: 0.7850
Epoch: 59, Loss: 0.4514, Train: 0.9714, Val: 0.7520, Test: 0.7840
Epoch: 60, Loss: 0.4417, Train: 0.9643, Val: 0.7460, Test: 0.7830
MAD:  0.6541
Best Test Accuracy: 0.7890, Val Accuracy: 0.7520, Train Accuracy: 0.9643
Training completed.
Seed:  9
GATv2(
  (convs): ModuleList(
    (0-5): 6 x GATv2Conv(128, 128, heads=1)
    (6): GATv2Conv(128, 7, heads=1)
  )
  (residual_fc): Linear(in_features=1433, out_features=128, bias=True)
)
Epoch: 1, Loss: 2.5871, Train: 0.1429, Val: 0.0580, Test: 0.0640
Epoch: 2, Loss: 2.2125, Train: 0.1429, Val: 0.0580, Test: 0.0640
Epoch: 3, Loss: 2.1159, Train: 0.1429, Val: 0.0580, Test: 0.0640
Epoch: 4, Loss: 2.0554, Train: 0.1429, Val: 0.0580, Test: 0.0640
Epoch: 5, Loss: 2.0168, Train: 0.1571, Val: 0.0680, Test: 0.0700
Epoch: 6, Loss: 1.9508, Train: 0.2429, Val: 0.1680, Test: 0.1760
Epoch: 7, Loss: 1.9758, Train: 0.3214, Val: 0.3340, Test: 0.3330
Epoch: 8, Loss: 1.9526, Train: 0.3500, Val: 0.4020, Test: 0.4200
Epoch: 9, Loss: 1.9268, Train: 0.3571, Val: 0.4180, Test: 0.4390
Epoch: 10, Loss: 1.9019, Train: 0.4286, Val: 0.4700, Test: 0.4730
Epoch: 11, Loss: 1.8907, Train: 0.4929, Val: 0.5240, Test: 0.5140
Epoch: 12, Loss: 1.9028, Train: 0.5643, Val: 0.5580, Test: 0.5370
Epoch: 13, Loss: 1.9491, Train: 0.6214, Val: 0.5820, Test: 0.5650
Epoch: 14, Loss: 1.8971, Train: 0.6429, Val: 0.6040, Test: 0.5720
Epoch: 15, Loss: 1.8926, Train: 0.6857, Val: 0.5900, Test: 0.5690
Epoch: 16, Loss: 1.8615, Train: 0.7357, Val: 0.5940, Test: 0.5930
Epoch: 17, Loss: 1.8396, Train: 0.7357, Val: 0.5700, Test: 0.5700
Epoch: 18, Loss: 1.8581, Train: 0.7500, Val: 0.5500, Test: 0.5460
Epoch: 19, Loss: 1.7750, Train: 0.7714, Val: 0.5460, Test: 0.5400
Epoch: 20, Loss: 1.7437, Train: 0.7857, Val: 0.5340, Test: 0.5330
Epoch: 21, Loss: 1.7823, Train: 0.7786, Val: 0.5260, Test: 0.5340
Epoch: 22, Loss: 1.7023, Train: 0.7643, Val: 0.5220, Test: 0.5160
Epoch: 23, Loss: 1.6610, Train: 0.7643, Val: 0.5060, Test: 0.4960
Epoch: 24, Loss: 1.6422, Train: 0.7357, Val: 0.4920, Test: 0.4970
Epoch: 25, Loss: 1.5696, Train: 0.7571, Val: 0.5000, Test: 0.5040
Epoch: 26, Loss: 1.5589, Train: 0.7857, Val: 0.5180, Test: 0.5190
Epoch: 27, Loss: 1.5464, Train: 0.7929, Val: 0.5220, Test: 0.5280
Epoch: 28, Loss: 1.6785, Train: 0.8071, Val: 0.5340, Test: 0.5470
Epoch: 29, Loss: 1.5130, Train: 0.8357, Val: 0.5700, Test: 0.5850
Epoch: 30, Loss: 1.4500, Train: 0.8643, Val: 0.6200, Test: 0.6210
Epoch: 31, Loss: 1.3483, Train: 0.8857, Val: 0.6760, Test: 0.6540
Epoch: 32, Loss: 1.3427, Train: 0.9214, Val: 0.6980, Test: 0.6960
Epoch: 33, Loss: 1.2445, Train: 0.9143, Val: 0.6920, Test: 0.6780
Epoch: 34, Loss: 1.1855, Train: 0.9071, Val: 0.6640, Test: 0.6630
Epoch: 35, Loss: 1.1693, Train: 0.8786, Val: 0.6160, Test: 0.6250
Epoch: 36, Loss: 1.0713, Train: 0.8571, Val: 0.6040, Test: 0.6040
Epoch: 37, Loss: 0.9958, Train: 0.8500, Val: 0.6060, Test: 0.5940
Epoch: 38, Loss: 1.0372, Train: 0.8643, Val: 0.6060, Test: 0.6160
Epoch: 39, Loss: 0.9438, Train: 0.8714, Val: 0.6360, Test: 0.6360
Epoch: 40, Loss: 0.8736, Train: 0.8714, Val: 0.6600, Test: 0.6410
Epoch: 41, Loss: 0.9953, Train: 0.8643, Val: 0.6700, Test: 0.6470
Epoch: 42, Loss: 0.8534, Train: 0.8429, Val: 0.6700, Test: 0.6430
Epoch: 43, Loss: 0.9500, Train: 0.8500, Val: 0.6680, Test: 0.6500
Epoch: 44, Loss: 0.8357, Train: 0.8500, Val: 0.6740, Test: 0.6590
Epoch: 45, Loss: 0.7332, Train: 0.8571, Val: 0.6780, Test: 0.6710
Epoch: 46, Loss: 0.6517, Train: 0.8643, Val: 0.6920, Test: 0.6830
Epoch: 47, Loss: 0.6638, Train: 0.8643, Val: 0.6940, Test: 0.6960
Epoch: 48, Loss: 0.7681, Train: 0.8714, Val: 0.7100, Test: 0.7130
Epoch: 49, Loss: 0.5846, Train: 0.9071, Val: 0.7380, Test: 0.7250
Epoch: 50, Loss: 0.5878, Train: 0.9286, Val: 0.7500, Test: 0.7410
Epoch: 51, Loss: 0.6207, Train: 0.9357, Val: 0.7580, Test: 0.7470
Epoch: 52, Loss: 0.5633, Train: 0.9500, Val: 0.7760, Test: 0.7500
Epoch: 53, Loss: 0.5070, Train: 0.9500, Val: 0.7800, Test: 0.7560
Epoch: 54, Loss: 0.4580, Train: 0.9571, Val: 0.7720, Test: 0.7540
Epoch: 55, Loss: 0.4546, Train: 0.9500, Val: 0.7660, Test: 0.7550
Epoch: 56, Loss: 0.4292, Train: 0.9571, Val: 0.7680, Test: 0.7610
Epoch: 57, Loss: 0.3676, Train: 0.9500, Val: 0.7680, Test: 0.7610
Epoch: 58, Loss: 0.4192, Train: 0.9500, Val: 0.7640, Test: 0.7590
Epoch: 59, Loss: 0.4409, Train: 0.9500, Val: 0.7620, Test: 0.7630
Epoch: 60, Loss: 0.3652, Train: 0.9357, Val: 0.7740, Test: 0.7590
MAD:  0.8703
Best Test Accuracy: 0.7630, Val Accuracy: 0.7620, Train Accuracy: 0.9500
Training completed.
Average Test Accuracy:  0.7727999999999999 ± 0.026018454988719072
Average MAD:  0.7923600000000001 ± 0.07559260810423199
