Seed:  0
GATv2(
  (convs): ModuleList(
    (0): GATv2Conv(256, 256, heads=1)
    (1): GATv2Conv(256, 7, heads=1)
  )
  (residual_fc): Linear(in_features=1433, out_features=256, bias=True)
)
Epoch: 1, Loss: 1.9436, Train: 0.6429, Val: 0.2980, Test: 0.3220
Epoch: 2, Loss: 1.8550, Train: 0.9143, Val: 0.5100, Test: 0.5440
Epoch: 3, Loss: 1.7480, Train: 0.9643, Val: 0.6480, Test: 0.6650
Epoch: 4, Loss: 1.6446, Train: 0.9714, Val: 0.6880, Test: 0.6970
Epoch: 5, Loss: 1.5451, Train: 0.9786, Val: 0.7240, Test: 0.7200
Epoch: 6, Loss: 1.4463, Train: 0.9857, Val: 0.7280, Test: 0.7380
Epoch: 7, Loss: 1.3168, Train: 0.9857, Val: 0.7340, Test: 0.7420
Epoch: 8, Loss: 1.2041, Train: 0.9857, Val: 0.7460, Test: 0.7470
Epoch: 9, Loss: 1.0731, Train: 0.9857, Val: 0.7520, Test: 0.7510
Epoch: 10, Loss: 0.9522, Train: 0.9857, Val: 0.7600, Test: 0.7580
Epoch: 11, Loss: 0.8301, Train: 0.9857, Val: 0.7700, Test: 0.7630
Epoch: 12, Loss: 0.7090, Train: 0.9857, Val: 0.7680, Test: 0.7700
Epoch: 13, Loss: 0.6044, Train: 0.9857, Val: 0.7700, Test: 0.7680
Epoch: 14, Loss: 0.5060, Train: 0.9857, Val: 0.7740, Test: 0.7750
Epoch: 15, Loss: 0.4086, Train: 0.9857, Val: 0.7760, Test: 0.7790
Epoch: 16, Loss: 0.3204, Train: 0.9857, Val: 0.7740, Test: 0.7840
Epoch: 17, Loss: 0.2574, Train: 0.9857, Val: 0.7840, Test: 0.7870
Epoch: 18, Loss: 0.2143, Train: 0.9857, Val: 0.7880, Test: 0.7890
Epoch: 19, Loss: 0.1662, Train: 0.9857, Val: 0.7920, Test: 0.7880
Epoch: 20, Loss: 0.1321, Train: 0.9929, Val: 0.7900, Test: 0.7950
Epoch: 21, Loss: 0.1058, Train: 1.0000, Val: 0.7920, Test: 0.7910
Epoch: 22, Loss: 0.0775, Train: 1.0000, Val: 0.8000, Test: 0.7950
Epoch: 23, Loss: 0.0616, Train: 1.0000, Val: 0.8000, Test: 0.7950
Epoch: 24, Loss: 0.0424, Train: 1.0000, Val: 0.7980, Test: 0.7910
Epoch: 25, Loss: 0.0424, Train: 1.0000, Val: 0.7940, Test: 0.7870
Epoch: 26, Loss: 0.0266, Train: 1.0000, Val: 0.7920, Test: 0.7890
Epoch: 27, Loss: 0.0280, Train: 1.0000, Val: 0.7940, Test: 0.7890
Epoch: 28, Loss: 0.0173, Train: 1.0000, Val: 0.7880, Test: 0.7860
Epoch: 29, Loss: 0.0154, Train: 1.0000, Val: 0.7840, Test: 0.7860
Epoch: 30, Loss: 0.0233, Train: 1.0000, Val: 0.7740, Test: 0.7880
Epoch: 31, Loss: 0.0091, Train: 1.0000, Val: 0.7760, Test: 0.7840
Epoch: 32, Loss: 0.0092, Train: 1.0000, Val: 0.7760, Test: 0.7860
Epoch: 33, Loss: 0.0081, Train: 1.0000, Val: 0.7780, Test: 0.7820
Epoch: 34, Loss: 0.0049, Train: 1.0000, Val: 0.7780, Test: 0.7820
Epoch: 35, Loss: 0.0043, Train: 1.0000, Val: 0.7780, Test: 0.7810
Epoch: 36, Loss: 0.0040, Train: 1.0000, Val: 0.7760, Test: 0.7830
Epoch: 37, Loss: 0.0027, Train: 1.0000, Val: 0.7740, Test: 0.7800
Epoch: 38, Loss: 0.0040, Train: 1.0000, Val: 0.7700, Test: 0.7800
Epoch: 39, Loss: 0.0033, Train: 1.0000, Val: 0.7700, Test: 0.7770
Epoch: 40, Loss: 0.0041, Train: 1.0000, Val: 0.7700, Test: 0.7770
Epoch: 41, Loss: 0.0026, Train: 1.0000, Val: 0.7700, Test: 0.7750
Epoch: 42, Loss: 0.0019, Train: 1.0000, Val: 0.7680, Test: 0.7740
Epoch: 43, Loss: 0.0022, Train: 1.0000, Val: 0.7700, Test: 0.7730
Epoch: 44, Loss: 0.0019, Train: 1.0000, Val: 0.7700, Test: 0.7720
Epoch: 45, Loss: 0.0022, Train: 1.0000, Val: 0.7680, Test: 0.7740
Epoch: 46, Loss: 0.0018, Train: 1.0000, Val: 0.7680, Test: 0.7750
Epoch: 47, Loss: 0.0016, Train: 1.0000, Val: 0.7680, Test: 0.7760
Epoch: 48, Loss: 0.0018, Train: 1.0000, Val: 0.7700, Test: 0.7770
Epoch: 49, Loss: 0.0016, Train: 1.0000, Val: 0.7700, Test: 0.7770
Epoch: 50, Loss: 0.0020, Train: 1.0000, Val: 0.7700, Test: 0.7760
MAD:  0.8896
Best Test Accuracy: 0.7950, Val Accuracy: 0.7900, Train Accuracy: 0.9929
Training completed.
Seed:  1
GATv2(
  (convs): ModuleList(
    (0): GATv2Conv(256, 256, heads=1)
    (1): GATv2Conv(256, 7, heads=1)
  )
  (residual_fc): Linear(in_features=1433, out_features=256, bias=True)
)
Epoch: 1, Loss: 1.9572, Train: 0.2857, Val: 0.1280, Test: 0.1350
Epoch: 2, Loss: 1.8601, Train: 0.7857, Val: 0.3260, Test: 0.3400
Epoch: 3, Loss: 1.7676, Train: 0.9500, Val: 0.5120, Test: 0.5360
Epoch: 4, Loss: 1.6694, Train: 0.9786, Val: 0.6160, Test: 0.6300
Epoch: 5, Loss: 1.5602, Train: 0.9786, Val: 0.6700, Test: 0.6830
Epoch: 6, Loss: 1.4456, Train: 0.9786, Val: 0.6880, Test: 0.6980
Epoch: 7, Loss: 1.3293, Train: 0.9643, Val: 0.7020, Test: 0.7090
Epoch: 8, Loss: 1.2054, Train: 0.9643, Val: 0.7020, Test: 0.7180
Epoch: 9, Loss: 1.0907, Train: 0.9714, Val: 0.7220, Test: 0.7270
Epoch: 10, Loss: 0.9614, Train: 0.9714, Val: 0.7320, Test: 0.7370
Epoch: 11, Loss: 0.8213, Train: 0.9786, Val: 0.7340, Test: 0.7440
Epoch: 12, Loss: 0.7097, Train: 0.9786, Val: 0.7440, Test: 0.7510
Epoch: 13, Loss: 0.5891, Train: 0.9857, Val: 0.7540, Test: 0.7580
Epoch: 14, Loss: 0.5048, Train: 0.9857, Val: 0.7520, Test: 0.7730
Epoch: 15, Loss: 0.4113, Train: 0.9929, Val: 0.7600, Test: 0.7820
Epoch: 16, Loss: 0.3256, Train: 0.9929, Val: 0.7640, Test: 0.7850
Epoch: 17, Loss: 0.2581, Train: 0.9929, Val: 0.7640, Test: 0.7950
Epoch: 18, Loss: 0.2128, Train: 0.9929, Val: 0.7620, Test: 0.7980
Epoch: 19, Loss: 0.1789, Train: 0.9929, Val: 0.7540, Test: 0.8000
Epoch: 20, Loss: 0.1344, Train: 0.9929, Val: 0.7560, Test: 0.8000
Epoch: 21, Loss: 0.0952, Train: 0.9929, Val: 0.7540, Test: 0.8010
Epoch: 22, Loss: 0.0809, Train: 0.9929, Val: 0.7540, Test: 0.7980
Epoch: 23, Loss: 0.0692, Train: 0.9929, Val: 0.7480, Test: 0.7930
Epoch: 24, Loss: 0.0480, Train: 1.0000, Val: 0.7380, Test: 0.7910
Epoch: 25, Loss: 0.0429, Train: 1.0000, Val: 0.7340, Test: 0.7890
Epoch: 26, Loss: 0.0319, Train: 1.0000, Val: 0.7340, Test: 0.7820
Epoch: 27, Loss: 0.0284, Train: 1.0000, Val: 0.7280, Test: 0.7750
Epoch: 28, Loss: 0.0239, Train: 1.0000, Val: 0.7220, Test: 0.7670
Epoch: 29, Loss: 0.0195, Train: 1.0000, Val: 0.7200, Test: 0.7670
Epoch: 30, Loss: 0.0422, Train: 1.0000, Val: 0.7280, Test: 0.7730
Epoch: 31, Loss: 0.0308, Train: 1.0000, Val: 0.7280, Test: 0.7840
Epoch: 32, Loss: 0.0077, Train: 1.0000, Val: 0.7240, Test: 0.7850
Epoch: 33, Loss: 0.0148, Train: 1.0000, Val: 0.7240, Test: 0.7840
Epoch: 34, Loss: 0.0062, Train: 1.0000, Val: 0.7220, Test: 0.7800
Epoch: 35, Loss: 0.0045, Train: 1.0000, Val: 0.7180, Test: 0.7810
Epoch: 36, Loss: 0.0049, Train: 1.0000, Val: 0.7200, Test: 0.7770
Epoch: 37, Loss: 0.0036, Train: 1.0000, Val: 0.7180, Test: 0.7790
Epoch: 38, Loss: 0.0046, Train: 1.0000, Val: 0.7180, Test: 0.7790
Epoch: 39, Loss: 0.0046, Train: 1.0000, Val: 0.7180, Test: 0.7760
Epoch: 40, Loss: 0.0104, Train: 1.0000, Val: 0.7180, Test: 0.7710
Epoch: 41, Loss: 0.0032, Train: 1.0000, Val: 0.7180, Test: 0.7560
Epoch: 42, Loss: 0.0039, Train: 1.0000, Val: 0.7220, Test: 0.7520
Epoch: 43, Loss: 0.0030, Train: 1.0000, Val: 0.7240, Test: 0.7490
Epoch: 44, Loss: 0.0024, Train: 1.0000, Val: 0.7180, Test: 0.7430
Epoch: 45, Loss: 0.0024, Train: 1.0000, Val: 0.7180, Test: 0.7350
Epoch: 46, Loss: 0.0022, Train: 1.0000, Val: 0.7180, Test: 0.7300
Epoch: 47, Loss: 0.0016, Train: 1.0000, Val: 0.7140, Test: 0.7270
Epoch: 48, Loss: 0.0021, Train: 1.0000, Val: 0.7140, Test: 0.7280
Epoch: 49, Loss: 0.0038, Train: 1.0000, Val: 0.7140, Test: 0.7260
Epoch: 50, Loss: 0.0023, Train: 1.0000, Val: 0.7140, Test: 0.7280
MAD:  0.9005
Best Test Accuracy: 0.8010, Val Accuracy: 0.7540, Train Accuracy: 0.9929
Training completed.
Seed:  2
GATv2(
  (convs): ModuleList(
    (0): GATv2Conv(256, 256, heads=1)
    (1): GATv2Conv(256, 7, heads=1)
  )
  (residual_fc): Linear(in_features=1433, out_features=256, bias=True)
)
Epoch: 1, Loss: 1.9505, Train: 0.4929, Val: 0.3980, Test: 0.3640
Epoch: 2, Loss: 1.8520, Train: 0.8500, Val: 0.5360, Test: 0.5540
Epoch: 3, Loss: 1.7524, Train: 0.9429, Val: 0.6400, Test: 0.6520
Epoch: 4, Loss: 1.6534, Train: 0.9714, Val: 0.7020, Test: 0.7080
Epoch: 5, Loss: 1.5484, Train: 0.9857, Val: 0.7240, Test: 0.7360
Epoch: 6, Loss: 1.4221, Train: 0.9857, Val: 0.7400, Test: 0.7400
Epoch: 7, Loss: 1.3371, Train: 0.9857, Val: 0.7500, Test: 0.7510
Epoch: 8, Loss: 1.2113, Train: 0.9857, Val: 0.7640, Test: 0.7500
Epoch: 9, Loss: 1.0807, Train: 0.9857, Val: 0.7680, Test: 0.7560
Epoch: 10, Loss: 0.9464, Train: 0.9786, Val: 0.7720, Test: 0.7610
Epoch: 11, Loss: 0.8286, Train: 0.9857, Val: 0.7640, Test: 0.7630
Epoch: 12, Loss: 0.7117, Train: 0.9929, Val: 0.7620, Test: 0.7620
Epoch: 13, Loss: 0.6002, Train: 0.9929, Val: 0.7660, Test: 0.7620
Epoch: 14, Loss: 0.4917, Train: 0.9929, Val: 0.7620, Test: 0.7700
Epoch: 15, Loss: 0.4123, Train: 0.9929, Val: 0.7620, Test: 0.7710
Epoch: 16, Loss: 0.3376, Train: 0.9929, Val: 0.7600, Test: 0.7680
Epoch: 17, Loss: 0.2720, Train: 0.9929, Val: 0.7560, Test: 0.7610
Epoch: 18, Loss: 0.2237, Train: 0.9929, Val: 0.7500, Test: 0.7530
Epoch: 19, Loss: 0.1812, Train: 0.9929, Val: 0.7520, Test: 0.7500
Epoch: 20, Loss: 0.1398, Train: 0.9929, Val: 0.7520, Test: 0.7460
Epoch: 21, Loss: 0.1123, Train: 1.0000, Val: 0.7520, Test: 0.7420
Epoch: 22, Loss: 0.0938, Train: 1.0000, Val: 0.7520, Test: 0.7440
Epoch: 23, Loss: 0.0801, Train: 1.0000, Val: 0.7480, Test: 0.7420
Epoch: 24, Loss: 0.0465, Train: 1.0000, Val: 0.7420, Test: 0.7410
Epoch: 25, Loss: 0.0437, Train: 1.0000, Val: 0.7420, Test: 0.7430
Epoch: 26, Loss: 0.0296, Train: 1.0000, Val: 0.7400, Test: 0.7430
Epoch: 27, Loss: 0.0300, Train: 1.0000, Val: 0.7400, Test: 0.7410
Epoch: 28, Loss: 0.0212, Train: 1.0000, Val: 0.7360, Test: 0.7400
Epoch: 29, Loss: 0.0156, Train: 1.0000, Val: 0.7320, Test: 0.7370
Epoch: 30, Loss: 0.0147, Train: 1.0000, Val: 0.7320, Test: 0.7340
Epoch: 31, Loss: 0.0105, Train: 1.0000, Val: 0.7220, Test: 0.7310
Epoch: 32, Loss: 0.0091, Train: 1.0000, Val: 0.7200, Test: 0.7310
Epoch: 33, Loss: 0.0119, Train: 1.0000, Val: 0.7180, Test: 0.7320
Epoch: 34, Loss: 0.0061, Train: 1.0000, Val: 0.7180, Test: 0.7330
Epoch: 35, Loss: 0.0042, Train: 1.0000, Val: 0.7180, Test: 0.7360
Epoch: 36, Loss: 0.0086, Train: 1.0000, Val: 0.7180, Test: 0.7380
Epoch: 37, Loss: 0.0036, Train: 1.0000, Val: 0.7180, Test: 0.7370
Epoch: 38, Loss: 0.0057, Train: 1.0000, Val: 0.7180, Test: 0.7370
Epoch: 39, Loss: 0.0033, Train: 1.0000, Val: 0.7180, Test: 0.7360
Epoch: 40, Loss: 0.0046, Train: 1.0000, Val: 0.7140, Test: 0.7390
Epoch: 41, Loss: 0.0053, Train: 1.0000, Val: 0.7180, Test: 0.7380
Epoch: 42, Loss: 0.0026, Train: 1.0000, Val: 0.7180, Test: 0.7390
Epoch: 43, Loss: 0.0024, Train: 1.0000, Val: 0.7160, Test: 0.7370
Epoch: 44, Loss: 0.0070, Train: 1.0000, Val: 0.7160, Test: 0.7380
Epoch: 45, Loss: 0.0027, Train: 1.0000, Val: 0.7160, Test: 0.7400
Epoch: 46, Loss: 0.0094, Train: 1.0000, Val: 0.7160, Test: 0.7440
Epoch: 47, Loss: 0.0026, Train: 1.0000, Val: 0.7140, Test: 0.7390
Epoch: 48, Loss: 0.0022, Train: 1.0000, Val: 0.7140, Test: 0.7410
Epoch: 49, Loss: 0.0015, Train: 1.0000, Val: 0.7140, Test: 0.7380
Epoch: 50, Loss: 0.0022, Train: 1.0000, Val: 0.7140, Test: 0.7410
MAD:  0.8878
Best Test Accuracy: 0.7710, Val Accuracy: 0.7620, Train Accuracy: 0.9929
Training completed.
Seed:  3
GATv2(
  (convs): ModuleList(
    (0): GATv2Conv(256, 256, heads=1)
    (1): GATv2Conv(256, 7, heads=1)
  )
  (residual_fc): Linear(in_features=1433, out_features=256, bias=True)
)
Epoch: 1, Loss: 1.9520, Train: 0.8143, Val: 0.4660, Test: 0.4900
Epoch: 2, Loss: 1.8575, Train: 0.9786, Val: 0.6480, Test: 0.6440
Epoch: 3, Loss: 1.7665, Train: 0.9929, Val: 0.7140, Test: 0.6890
Epoch: 4, Loss: 1.6692, Train: 0.9929, Val: 0.7400, Test: 0.7260
Epoch: 5, Loss: 1.5845, Train: 0.9929, Val: 0.7560, Test: 0.7440
Epoch: 6, Loss: 1.4599, Train: 0.9929, Val: 0.7560, Test: 0.7520
Epoch: 7, Loss: 1.3512, Train: 0.9929, Val: 0.7680, Test: 0.7590
Epoch: 8, Loss: 1.2337, Train: 0.9929, Val: 0.7720, Test: 0.7600
Epoch: 9, Loss: 1.1045, Train: 0.9929, Val: 0.7760, Test: 0.7630
Epoch: 10, Loss: 0.9906, Train: 0.9929, Val: 0.7780, Test: 0.7640
Epoch: 11, Loss: 0.8410, Train: 0.9929, Val: 0.7840, Test: 0.7730
Epoch: 12, Loss: 0.7244, Train: 0.9929, Val: 0.7840, Test: 0.7750
Epoch: 13, Loss: 0.6144, Train: 0.9857, Val: 0.7840, Test: 0.7780
Epoch: 14, Loss: 0.5267, Train: 0.9857, Val: 0.7820, Test: 0.7820
Epoch: 15, Loss: 0.4342, Train: 0.9857, Val: 0.7780, Test: 0.7810
Epoch: 16, Loss: 0.3432, Train: 0.9857, Val: 0.7740, Test: 0.7850
Epoch: 17, Loss: 0.2849, Train: 0.9857, Val: 0.7760, Test: 0.7920
Epoch: 18, Loss: 0.2361, Train: 0.9929, Val: 0.7760, Test: 0.7950
Epoch: 19, Loss: 0.1742, Train: 0.9929, Val: 0.7780, Test: 0.7960
Epoch: 20, Loss: 0.1382, Train: 0.9929, Val: 0.7800, Test: 0.7970
Epoch: 21, Loss: 0.1178, Train: 0.9929, Val: 0.7780, Test: 0.7980
Epoch: 22, Loss: 0.0975, Train: 0.9929, Val: 0.7680, Test: 0.7970
Epoch: 23, Loss: 0.0816, Train: 1.0000, Val: 0.7600, Test: 0.7920
Epoch: 24, Loss: 0.0570, Train: 1.0000, Val: 0.7660, Test: 0.7900
Epoch: 25, Loss: 0.0442, Train: 1.0000, Val: 0.7660, Test: 0.7870
Epoch: 26, Loss: 0.0419, Train: 1.0000, Val: 0.7640, Test: 0.7870
Epoch: 27, Loss: 0.0312, Train: 1.0000, Val: 0.7660, Test: 0.7880
Epoch: 28, Loss: 0.0228, Train: 1.0000, Val: 0.7600, Test: 0.7870
Epoch: 29, Loss: 0.0183, Train: 1.0000, Val: 0.7580, Test: 0.7840
Epoch: 30, Loss: 0.0137, Train: 1.0000, Val: 0.7540, Test: 0.7820
Epoch: 31, Loss: 0.0204, Train: 1.0000, Val: 0.7500, Test: 0.7820
Epoch: 32, Loss: 0.0103, Train: 1.0000, Val: 0.7520, Test: 0.7820
Epoch: 33, Loss: 0.0067, Train: 1.0000, Val: 0.7440, Test: 0.7770
Epoch: 34, Loss: 0.0065, Train: 1.0000, Val: 0.7440, Test: 0.7730
Epoch: 35, Loss: 0.0203, Train: 1.0000, Val: 0.7440, Test: 0.7710
Epoch: 36, Loss: 0.0054, Train: 1.0000, Val: 0.7440, Test: 0.7670
Epoch: 37, Loss: 0.0045, Train: 1.0000, Val: 0.7440, Test: 0.7680
Epoch: 38, Loss: 0.0045, Train: 1.0000, Val: 0.7440, Test: 0.7730
Epoch: 39, Loss: 0.0037, Train: 1.0000, Val: 0.7400, Test: 0.7750
Epoch: 40, Loss: 0.0035, Train: 1.0000, Val: 0.7380, Test: 0.7750
Epoch: 41, Loss: 0.0035, Train: 1.0000, Val: 0.7380, Test: 0.7760
Epoch: 42, Loss: 0.0038, Train: 1.0000, Val: 0.7380, Test: 0.7780
Epoch: 43, Loss: 0.0029, Train: 1.0000, Val: 0.7400, Test: 0.7760
Epoch: 44, Loss: 0.0023, Train: 1.0000, Val: 0.7400, Test: 0.7730
Epoch: 45, Loss: 0.0026, Train: 1.0000, Val: 0.7400, Test: 0.7730
Epoch: 46, Loss: 0.0040, Train: 1.0000, Val: 0.7400, Test: 0.7730
Epoch: 47, Loss: 0.0029, Train: 1.0000, Val: 0.7440, Test: 0.7730
Epoch: 48, Loss: 0.0030, Train: 1.0000, Val: 0.7440, Test: 0.7730
Epoch: 49, Loss: 0.0021, Train: 1.0000, Val: 0.7420, Test: 0.7730
Epoch: 50, Loss: 0.0025, Train: 1.0000, Val: 0.7420, Test: 0.7720
MAD:  0.9055
Best Test Accuracy: 0.7980, Val Accuracy: 0.7780, Train Accuracy: 0.9929
Training completed.
Seed:  4
GATv2(
  (convs): ModuleList(
    (0): GATv2Conv(256, 256, heads=1)
    (1): GATv2Conv(256, 7, heads=1)
  )
  (residual_fc): Linear(in_features=1433, out_features=256, bias=True)
)
Epoch: 1, Loss: 1.9520, Train: 0.2429, Val: 0.0880, Test: 0.1100
Epoch: 2, Loss: 1.8485, Train: 0.7429, Val: 0.2580, Test: 0.3040
Epoch: 3, Loss: 1.7605, Train: 0.8571, Val: 0.4560, Test: 0.4490
Epoch: 4, Loss: 1.6494, Train: 0.9214, Val: 0.5960, Test: 0.5600
Epoch: 5, Loss: 1.5542, Train: 0.9429, Val: 0.6420, Test: 0.6370
Epoch: 6, Loss: 1.4454, Train: 0.9429, Val: 0.6700, Test: 0.6720
Epoch: 7, Loss: 1.3270, Train: 0.9429, Val: 0.6780, Test: 0.6920
Epoch: 8, Loss: 1.1978, Train: 0.9571, Val: 0.6900, Test: 0.6980
Epoch: 9, Loss: 1.0752, Train: 0.9571, Val: 0.7080, Test: 0.7090
Epoch: 10, Loss: 0.9486, Train: 0.9571, Val: 0.7240, Test: 0.7150
Epoch: 11, Loss: 0.8272, Train: 0.9571, Val: 0.7320, Test: 0.7300
Epoch: 12, Loss: 0.7138, Train: 0.9643, Val: 0.7400, Test: 0.7390
Epoch: 13, Loss: 0.6035, Train: 0.9643, Val: 0.7460, Test: 0.7560
Epoch: 14, Loss: 0.5093, Train: 0.9786, Val: 0.7660, Test: 0.7690
Epoch: 15, Loss: 0.4125, Train: 0.9857, Val: 0.7780, Test: 0.7780
Epoch: 16, Loss: 0.3381, Train: 0.9857, Val: 0.7880, Test: 0.7860
Epoch: 17, Loss: 0.2725, Train: 0.9929, Val: 0.7920, Test: 0.7910
Epoch: 18, Loss: 0.2176, Train: 0.9929, Val: 0.7940, Test: 0.7990
Epoch: 19, Loss: 0.1678, Train: 0.9929, Val: 0.8040, Test: 0.7970
Epoch: 20, Loss: 0.1397, Train: 0.9929, Val: 0.8040, Test: 0.7980
Epoch: 21, Loss: 0.1175, Train: 0.9929, Val: 0.7940, Test: 0.7990
Epoch: 22, Loss: 0.0819, Train: 1.0000, Val: 0.7960, Test: 0.7990
Epoch: 23, Loss: 0.0739, Train: 1.0000, Val: 0.7960, Test: 0.8010
Epoch: 24, Loss: 0.0515, Train: 1.0000, Val: 0.7920, Test: 0.8010
Epoch: 25, Loss: 0.0429, Train: 1.0000, Val: 0.7840, Test: 0.8030
Epoch: 26, Loss: 0.0324, Train: 1.0000, Val: 0.7780, Test: 0.8070
Epoch: 27, Loss: 0.0252, Train: 1.0000, Val: 0.7740, Test: 0.8050
Epoch: 28, Loss: 0.0252, Train: 1.0000, Val: 0.7800, Test: 0.8060
Epoch: 29, Loss: 0.0147, Train: 1.0000, Val: 0.7780, Test: 0.8030
Epoch: 30, Loss: 0.0122, Train: 1.0000, Val: 0.7760, Test: 0.8020
Epoch: 31, Loss: 0.0101, Train: 1.0000, Val: 0.7740, Test: 0.8010
Epoch: 32, Loss: 0.0078, Train: 1.0000, Val: 0.7760, Test: 0.8020
Epoch: 33, Loss: 0.0064, Train: 1.0000, Val: 0.7760, Test: 0.8000
Epoch: 34, Loss: 0.0063, Train: 1.0000, Val: 0.7760, Test: 0.8000
Epoch: 35, Loss: 0.0053, Train: 1.0000, Val: 0.7760, Test: 0.7990
Epoch: 36, Loss: 0.0043, Train: 1.0000, Val: 0.7760, Test: 0.7970
Epoch: 37, Loss: 0.0041, Train: 1.0000, Val: 0.7740, Test: 0.7970
Epoch: 38, Loss: 0.0033, Train: 1.0000, Val: 0.7720, Test: 0.7980
Epoch: 39, Loss: 0.0035, Train: 1.0000, Val: 0.7700, Test: 0.7970
Epoch: 40, Loss: 0.0043, Train: 1.0000, Val: 0.7700, Test: 0.7970
Epoch: 41, Loss: 0.0025, Train: 1.0000, Val: 0.7700, Test: 0.7960
Epoch: 42, Loss: 0.0021, Train: 1.0000, Val: 0.7640, Test: 0.7940
Epoch: 43, Loss: 0.0024, Train: 1.0000, Val: 0.7640, Test: 0.7920
Epoch: 44, Loss: 0.0028, Train: 1.0000, Val: 0.7660, Test: 0.7900
Epoch: 45, Loss: 0.0022, Train: 1.0000, Val: 0.7660, Test: 0.7900
Epoch: 46, Loss: 0.0026, Train: 1.0000, Val: 0.7660, Test: 0.7900
Epoch: 47, Loss: 0.0042, Train: 1.0000, Val: 0.7680, Test: 0.7910
Epoch: 48, Loss: 0.0017, Train: 1.0000, Val: 0.7680, Test: 0.7890
Epoch: 49, Loss: 0.0015, Train: 1.0000, Val: 0.7680, Test: 0.7880
Epoch: 50, Loss: 0.0018, Train: 1.0000, Val: 0.7660, Test: 0.7900
MAD:  0.8776
Best Test Accuracy: 0.8070, Val Accuracy: 0.7780, Train Accuracy: 1.0000
Training completed.
Seed:  5
GATv2(
  (convs): ModuleList(
    (0): GATv2Conv(256, 256, heads=1)
    (1): GATv2Conv(256, 7, heads=1)
  )
  (residual_fc): Linear(in_features=1433, out_features=256, bias=True)
)
Epoch: 1, Loss: 1.9523, Train: 0.7429, Val: 0.4320, Test: 0.4240
Epoch: 2, Loss: 1.8641, Train: 0.9429, Val: 0.6400, Test: 0.6530
Epoch: 3, Loss: 1.7609, Train: 0.9643, Val: 0.7180, Test: 0.7300
Epoch: 4, Loss: 1.6493, Train: 0.9786, Val: 0.7520, Test: 0.7490
Epoch: 5, Loss: 1.5457, Train: 0.9786, Val: 0.7560, Test: 0.7570
Epoch: 6, Loss: 1.4443, Train: 0.9786, Val: 0.7680, Test: 0.7690
Epoch: 7, Loss: 1.3183, Train: 0.9786, Val: 0.7740, Test: 0.7810
Epoch: 8, Loss: 1.1965, Train: 0.9786, Val: 0.7820, Test: 0.7840
Epoch: 9, Loss: 1.0678, Train: 0.9786, Val: 0.7840, Test: 0.7870
Epoch: 10, Loss: 0.9405, Train: 0.9786, Val: 0.7860, Test: 0.7920
Epoch: 11, Loss: 0.8162, Train: 0.9786, Val: 0.7780, Test: 0.7870
Epoch: 12, Loss: 0.6920, Train: 0.9857, Val: 0.7700, Test: 0.7870
Epoch: 13, Loss: 0.5704, Train: 0.9857, Val: 0.7680, Test: 0.7860
Epoch: 14, Loss: 0.4801, Train: 0.9857, Val: 0.7660, Test: 0.7850
Epoch: 15, Loss: 0.3984, Train: 0.9857, Val: 0.7660, Test: 0.7860
Epoch: 16, Loss: 0.3146, Train: 0.9857, Val: 0.7640, Test: 0.7840
Epoch: 17, Loss: 0.2444, Train: 0.9857, Val: 0.7620, Test: 0.7820
Epoch: 18, Loss: 0.1986, Train: 0.9857, Val: 0.7620, Test: 0.7780
Epoch: 19, Loss: 0.1631, Train: 0.9857, Val: 0.7600, Test: 0.7760
Epoch: 20, Loss: 0.1207, Train: 0.9857, Val: 0.7540, Test: 0.7750
Epoch: 21, Loss: 0.0987, Train: 0.9929, Val: 0.7460, Test: 0.7750
Epoch: 22, Loss: 0.0727, Train: 1.0000, Val: 0.7540, Test: 0.7770
Epoch: 23, Loss: 0.0595, Train: 1.0000, Val: 0.7500, Test: 0.7780
Epoch: 24, Loss: 0.0572, Train: 1.0000, Val: 0.7480, Test: 0.7740
Epoch: 25, Loss: 0.0419, Train: 1.0000, Val: 0.7420, Test: 0.7730
Epoch: 26, Loss: 0.0355, Train: 1.0000, Val: 0.7360, Test: 0.7720
Epoch: 27, Loss: 0.0215, Train: 1.0000, Val: 0.7260, Test: 0.7700
Epoch: 28, Loss: 0.0161, Train: 1.0000, Val: 0.7280, Test: 0.7700
Epoch: 29, Loss: 0.0163, Train: 1.0000, Val: 0.7240, Test: 0.7670
Epoch: 30, Loss: 0.0098, Train: 1.0000, Val: 0.7180, Test: 0.7660
Epoch: 31, Loss: 0.0099, Train: 1.0000, Val: 0.7180, Test: 0.7630
Epoch: 32, Loss: 0.0054, Train: 1.0000, Val: 0.7160, Test: 0.7630
Epoch: 33, Loss: 0.0074, Train: 1.0000, Val: 0.7140, Test: 0.7600
Epoch: 34, Loss: 0.0048, Train: 1.0000, Val: 0.7140, Test: 0.7560
Epoch: 35, Loss: 0.0043, Train: 1.0000, Val: 0.7140, Test: 0.7540
Epoch: 36, Loss: 0.0100, Train: 1.0000, Val: 0.7160, Test: 0.7520
Epoch: 37, Loss: 0.0031, Train: 1.0000, Val: 0.7140, Test: 0.7550
Epoch: 38, Loss: 0.0026, Train: 1.0000, Val: 0.7140, Test: 0.7530
Epoch: 39, Loss: 0.0019, Train: 1.0000, Val: 0.7140, Test: 0.7520
Epoch: 40, Loss: 0.0031, Train: 1.0000, Val: 0.7140, Test: 0.7510
Epoch: 41, Loss: 0.0018, Train: 1.0000, Val: 0.7140, Test: 0.7520
Epoch: 42, Loss: 0.0027, Train: 1.0000, Val: 0.7140, Test: 0.7510
Epoch: 43, Loss: 0.0024, Train: 1.0000, Val: 0.7140, Test: 0.7500
Epoch: 44, Loss: 0.0020, Train: 1.0000, Val: 0.7120, Test: 0.7490
Epoch: 45, Loss: 0.0013, Train: 1.0000, Val: 0.7080, Test: 0.7480
Epoch: 46, Loss: 0.0022, Train: 1.0000, Val: 0.7080, Test: 0.7440
Epoch: 47, Loss: 0.0013, Train: 1.0000, Val: 0.7100, Test: 0.7460
Epoch: 48, Loss: 0.0019, Train: 1.0000, Val: 0.7100, Test: 0.7490
Epoch: 49, Loss: 0.0011, Train: 1.0000, Val: 0.7080, Test: 0.7500
Epoch: 50, Loss: 0.0015, Train: 1.0000, Val: 0.7060, Test: 0.7510
MAD:  0.9049
Best Test Accuracy: 0.7920, Val Accuracy: 0.7860, Train Accuracy: 0.9786
Training completed.
Seed:  6
GATv2(
  (convs): ModuleList(
    (0): GATv2Conv(256, 256, heads=1)
    (1): GATv2Conv(256, 7, heads=1)
  )
  (residual_fc): Linear(in_features=1433, out_features=256, bias=True)
)
Epoch: 1, Loss: 1.9499, Train: 0.6500, Val: 0.2720, Test: 0.3080
Epoch: 2, Loss: 1.8573, Train: 0.9286, Val: 0.5140, Test: 0.5630
Epoch: 3, Loss: 1.7727, Train: 0.9857, Val: 0.6720, Test: 0.7110
Epoch: 4, Loss: 1.6622, Train: 0.9929, Val: 0.7220, Test: 0.7600
Epoch: 5, Loss: 1.5712, Train: 0.9929, Val: 0.7420, Test: 0.7740
Epoch: 6, Loss: 1.4494, Train: 0.9929, Val: 0.7500, Test: 0.7800
Epoch: 7, Loss: 1.3334, Train: 0.9929, Val: 0.7560, Test: 0.7850
Epoch: 8, Loss: 1.2083, Train: 0.9929, Val: 0.7620, Test: 0.7940
Epoch: 9, Loss: 1.0872, Train: 0.9929, Val: 0.7660, Test: 0.7960
Epoch: 10, Loss: 0.9436, Train: 0.9929, Val: 0.7680, Test: 0.7970
Epoch: 11, Loss: 0.8265, Train: 0.9929, Val: 0.7680, Test: 0.7980
Epoch: 12, Loss: 0.6974, Train: 0.9929, Val: 0.7700, Test: 0.7980
Epoch: 13, Loss: 0.5911, Train: 0.9929, Val: 0.7720, Test: 0.7970
Epoch: 14, Loss: 0.4815, Train: 0.9929, Val: 0.7800, Test: 0.7920
Epoch: 15, Loss: 0.3771, Train: 0.9929, Val: 0.7880, Test: 0.7900
Epoch: 16, Loss: 0.3088, Train: 0.9929, Val: 0.7880, Test: 0.7900
Epoch: 17, Loss: 0.2431, Train: 0.9929, Val: 0.7820, Test: 0.7900
Epoch: 18, Loss: 0.1878, Train: 0.9929, Val: 0.7780, Test: 0.7870
Epoch: 19, Loss: 0.1671, Train: 0.9929, Val: 0.7760, Test: 0.7840
Epoch: 20, Loss: 0.1163, Train: 0.9929, Val: 0.7740, Test: 0.7770
Epoch: 21, Loss: 0.0980, Train: 0.9929, Val: 0.7660, Test: 0.7700
Epoch: 22, Loss: 0.0725, Train: 0.9929, Val: 0.7580, Test: 0.7710
Epoch: 23, Loss: 0.0580, Train: 1.0000, Val: 0.7520, Test: 0.7710
Epoch: 24, Loss: 0.0483, Train: 1.0000, Val: 0.7480, Test: 0.7720
Epoch: 25, Loss: 0.0318, Train: 1.0000, Val: 0.7460, Test: 0.7680
Epoch: 26, Loss: 0.0270, Train: 1.0000, Val: 0.7400, Test: 0.7690
Epoch: 27, Loss: 0.0222, Train: 1.0000, Val: 0.7380, Test: 0.7670
Epoch: 28, Loss: 0.0138, Train: 1.0000, Val: 0.7380, Test: 0.7650
Epoch: 29, Loss: 0.0112, Train: 1.0000, Val: 0.7340, Test: 0.7650
Epoch: 30, Loss: 0.0098, Train: 1.0000, Val: 0.7300, Test: 0.7640
Epoch: 31, Loss: 0.0064, Train: 1.0000, Val: 0.7300, Test: 0.7600
Epoch: 32, Loss: 0.0057, Train: 1.0000, Val: 0.7280, Test: 0.7570
Epoch: 33, Loss: 0.0041, Train: 1.0000, Val: 0.7220, Test: 0.7580
Epoch: 34, Loss: 0.0042, Train: 1.0000, Val: 0.7180, Test: 0.7570
Epoch: 35, Loss: 0.0033, Train: 1.0000, Val: 0.7180, Test: 0.7570
Epoch: 36, Loss: 0.0027, Train: 1.0000, Val: 0.7180, Test: 0.7570
Epoch: 37, Loss: 0.0024, Train: 1.0000, Val: 0.7160, Test: 0.7570
Epoch: 38, Loss: 0.0025, Train: 1.0000, Val: 0.7180, Test: 0.7560
Epoch: 39, Loss: 0.0034, Train: 1.0000, Val: 0.7140, Test: 0.7520
Epoch: 40, Loss: 0.0019, Train: 1.0000, Val: 0.7140, Test: 0.7520
Epoch: 41, Loss: 0.0020, Train: 1.0000, Val: 0.7120, Test: 0.7510
Epoch: 42, Loss: 0.0015, Train: 1.0000, Val: 0.7100, Test: 0.7520
Epoch: 43, Loss: 0.0012, Train: 1.0000, Val: 0.7100, Test: 0.7520
Epoch: 44, Loss: 0.0014, Train: 1.0000, Val: 0.7100, Test: 0.7520
Epoch: 45, Loss: 0.0011, Train: 1.0000, Val: 0.7040, Test: 0.7520
Epoch: 46, Loss: 0.0023, Train: 1.0000, Val: 0.7040, Test: 0.7530
Epoch: 47, Loss: 0.0013, Train: 1.0000, Val: 0.7100, Test: 0.7520
Epoch: 48, Loss: 0.0010, Train: 1.0000, Val: 0.7100, Test: 0.7530
Epoch: 49, Loss: 0.0012, Train: 1.0000, Val: 0.7100, Test: 0.7540
Epoch: 50, Loss: 0.0018, Train: 1.0000, Val: 0.7100, Test: 0.7550
MAD:  0.9287
Best Test Accuracy: 0.7980, Val Accuracy: 0.7680, Train Accuracy: 0.9929
Training completed.
Seed:  7
GATv2(
  (convs): ModuleList(
    (0): GATv2Conv(256, 256, heads=1)
    (1): GATv2Conv(256, 7, heads=1)
  )
  (residual_fc): Linear(in_features=1433, out_features=256, bias=True)
)
Epoch: 1, Loss: 1.9514, Train: 0.5357, Val: 0.3320, Test: 0.3090
Epoch: 2, Loss: 1.8436, Train: 0.8929, Val: 0.5480, Test: 0.5480
Epoch: 3, Loss: 1.7432, Train: 0.9786, Val: 0.6740, Test: 0.7040
Epoch: 4, Loss: 1.6518, Train: 0.9857, Val: 0.7300, Test: 0.7580
Epoch: 5, Loss: 1.5283, Train: 0.9857, Val: 0.7520, Test: 0.7690
Epoch: 6, Loss: 1.4223, Train: 0.9857, Val: 0.7580, Test: 0.7810
Epoch: 7, Loss: 1.3002, Train: 0.9857, Val: 0.7600, Test: 0.7840
Epoch: 8, Loss: 1.1721, Train: 0.9857, Val: 0.7660, Test: 0.7890
Epoch: 9, Loss: 1.0341, Train: 0.9857, Val: 0.7680, Test: 0.7860
Epoch: 10, Loss: 0.9140, Train: 0.9786, Val: 0.7640, Test: 0.7880
Epoch: 11, Loss: 0.8010, Train: 0.9857, Val: 0.7680, Test: 0.7890
Epoch: 12, Loss: 0.6799, Train: 0.9857, Val: 0.7740, Test: 0.7880
Epoch: 13, Loss: 0.5665, Train: 0.9857, Val: 0.7740, Test: 0.7930
Epoch: 14, Loss: 0.4581, Train: 0.9857, Val: 0.7780, Test: 0.7900
Epoch: 15, Loss: 0.3825, Train: 0.9857, Val: 0.7760, Test: 0.7930
Epoch: 16, Loss: 0.3105, Train: 0.9857, Val: 0.7700, Test: 0.7940
Epoch: 17, Loss: 0.2489, Train: 0.9857, Val: 0.7720, Test: 0.7940
Epoch: 18, Loss: 0.1984, Train: 0.9929, Val: 0.7720, Test: 0.7970
Epoch: 19, Loss: 0.1561, Train: 0.9929, Val: 0.7680, Test: 0.7930
Epoch: 20, Loss: 0.1216, Train: 0.9929, Val: 0.7680, Test: 0.7950
Epoch: 21, Loss: 0.1099, Train: 0.9929, Val: 0.7700, Test: 0.7960
Epoch: 22, Loss: 0.0921, Train: 0.9929, Val: 0.7760, Test: 0.7960
Epoch: 23, Loss: 0.0757, Train: 0.9929, Val: 0.7780, Test: 0.8010
Epoch: 24, Loss: 0.0652, Train: 1.0000, Val: 0.7820, Test: 0.8000
Epoch: 25, Loss: 0.0426, Train: 1.0000, Val: 0.7820, Test: 0.7990
Epoch: 26, Loss: 0.0411, Train: 1.0000, Val: 0.7780, Test: 0.8000
Epoch: 27, Loss: 0.0307, Train: 1.0000, Val: 0.7680, Test: 0.7970
Epoch: 28, Loss: 0.0292, Train: 1.0000, Val: 0.7680, Test: 0.7970
Epoch: 29, Loss: 0.0213, Train: 1.0000, Val: 0.7680, Test: 0.7950
Epoch: 30, Loss: 0.0186, Train: 1.0000, Val: 0.7640, Test: 0.7900
Epoch: 31, Loss: 0.0162, Train: 1.0000, Val: 0.7680, Test: 0.7870
Epoch: 32, Loss: 0.0098, Train: 1.0000, Val: 0.7680, Test: 0.7860
Epoch: 33, Loss: 0.0065, Train: 1.0000, Val: 0.7700, Test: 0.7870
Epoch: 34, Loss: 0.0060, Train: 1.0000, Val: 0.7640, Test: 0.7850
Epoch: 35, Loss: 0.0041, Train: 1.0000, Val: 0.7560, Test: 0.7830
Epoch: 36, Loss: 0.0034, Train: 1.0000, Val: 0.7600, Test: 0.7830
Epoch: 37, Loss: 0.0057, Train: 1.0000, Val: 0.7600, Test: 0.7810
Epoch: 38, Loss: 0.0038, Train: 1.0000, Val: 0.7600, Test: 0.7810
Epoch: 39, Loss: 0.0035, Train: 1.0000, Val: 0.7620, Test: 0.7810
Epoch: 40, Loss: 0.0026, Train: 1.0000, Val: 0.7600, Test: 0.7780
Epoch: 41, Loss: 0.0023, Train: 1.0000, Val: 0.7560, Test: 0.7790
Epoch: 42, Loss: 0.0020, Train: 1.0000, Val: 0.7560, Test: 0.7810
Epoch: 43, Loss: 0.0021, Train: 1.0000, Val: 0.7560, Test: 0.7800
Epoch: 44, Loss: 0.0023, Train: 1.0000, Val: 0.7560, Test: 0.7810
Epoch: 45, Loss: 0.0020, Train: 1.0000, Val: 0.7560, Test: 0.7800
Epoch: 46, Loss: 0.0016, Train: 1.0000, Val: 0.7560, Test: 0.7800
Epoch: 47, Loss: 0.0020, Train: 1.0000, Val: 0.7560, Test: 0.7780
Epoch: 48, Loss: 0.0050, Train: 1.0000, Val: 0.7560, Test: 0.7770
Epoch: 49, Loss: 0.0016, Train: 1.0000, Val: 0.7540, Test: 0.7770
Epoch: 50, Loss: 0.0032, Train: 1.0000, Val: 0.7540, Test: 0.7720
MAD:  0.8533
Best Test Accuracy: 0.8010, Val Accuracy: 0.7780, Train Accuracy: 0.9929
Training completed.
Seed:  8
GATv2(
  (convs): ModuleList(
    (0): GATv2Conv(256, 256, heads=1)
    (1): GATv2Conv(256, 7, heads=1)
  )
  (residual_fc): Linear(in_features=1433, out_features=256, bias=True)
)
Epoch: 1, Loss: 1.9570, Train: 0.6929, Val: 0.5080, Test: 0.5190
Epoch: 2, Loss: 1.8538, Train: 0.9571, Val: 0.6960, Test: 0.7030
Epoch: 3, Loss: 1.7488, Train: 0.9714, Val: 0.7320, Test: 0.7440
Epoch: 4, Loss: 1.6554, Train: 0.9857, Val: 0.7440, Test: 0.7600
Epoch: 5, Loss: 1.5458, Train: 0.9857, Val: 0.7440, Test: 0.7680
Epoch: 6, Loss: 1.4295, Train: 0.9857, Val: 0.7580, Test: 0.7760
Epoch: 7, Loss: 1.3133, Train: 0.9857, Val: 0.7580, Test: 0.7810
Epoch: 8, Loss: 1.1864, Train: 0.9786, Val: 0.7620, Test: 0.7820
Epoch: 9, Loss: 1.0551, Train: 0.9786, Val: 0.7740, Test: 0.7870
Epoch: 10, Loss: 0.9246, Train: 0.9786, Val: 0.7780, Test: 0.7900
Epoch: 11, Loss: 0.8211, Train: 0.9786, Val: 0.7800, Test: 0.7930
Epoch: 12, Loss: 0.7032, Train: 0.9786, Val: 0.7740, Test: 0.7950
Epoch: 13, Loss: 0.5754, Train: 0.9786, Val: 0.7720, Test: 0.7940
Epoch: 14, Loss: 0.4962, Train: 0.9786, Val: 0.7640, Test: 0.7930
Epoch: 15, Loss: 0.4236, Train: 0.9786, Val: 0.7620, Test: 0.7930
Epoch: 16, Loss: 0.3240, Train: 0.9786, Val: 0.7540, Test: 0.7910
Epoch: 17, Loss: 0.2806, Train: 0.9786, Val: 0.7580, Test: 0.7890
Epoch: 18, Loss: 0.2236, Train: 0.9857, Val: 0.7560, Test: 0.7890
Epoch: 19, Loss: 0.1853, Train: 0.9857, Val: 0.7480, Test: 0.7860
Epoch: 20, Loss: 0.1437, Train: 0.9857, Val: 0.7400, Test: 0.7840
Epoch: 21, Loss: 0.1280, Train: 0.9857, Val: 0.7280, Test: 0.7810
Epoch: 22, Loss: 0.0927, Train: 0.9929, Val: 0.7240, Test: 0.7830
Epoch: 23, Loss: 0.0745, Train: 0.9929, Val: 0.7240, Test: 0.7800
Epoch: 24, Loss: 0.0600, Train: 1.0000, Val: 0.7220, Test: 0.7770
Epoch: 25, Loss: 0.0460, Train: 1.0000, Val: 0.7220, Test: 0.7800
Epoch: 26, Loss: 0.0403, Train: 1.0000, Val: 0.7220, Test: 0.7750
Epoch: 27, Loss: 0.0281, Train: 1.0000, Val: 0.7240, Test: 0.7740
Epoch: 28, Loss: 0.0322, Train: 1.0000, Val: 0.7220, Test: 0.7730
Epoch: 29, Loss: 0.0243, Train: 0.9929, Val: 0.7180, Test: 0.7700
Epoch: 30, Loss: 0.0205, Train: 0.9929, Val: 0.7160, Test: 0.7620
Epoch: 31, Loss: 0.0177, Train: 0.9929, Val: 0.7160, Test: 0.7600
Epoch: 32, Loss: 0.0229, Train: 1.0000, Val: 0.7140, Test: 0.7580
Epoch: 33, Loss: 0.0113, Train: 1.0000, Val: 0.7140, Test: 0.7580
Epoch: 34, Loss: 0.0103, Train: 0.9929, Val: 0.7160, Test: 0.7570
Epoch: 35, Loss: 0.0366, Train: 1.0000, Val: 0.7120, Test: 0.7550
Epoch: 36, Loss: 0.0082, Train: 1.0000, Val: 0.7100, Test: 0.7530
Epoch: 37, Loss: 0.0089, Train: 1.0000, Val: 0.7160, Test: 0.7510
Epoch: 38, Loss: 0.0131, Train: 1.0000, Val: 0.7160, Test: 0.7520
Epoch: 39, Loss: 0.0084, Train: 1.0000, Val: 0.7140, Test: 0.7510
Epoch: 40, Loss: 0.0086, Train: 1.0000, Val: 0.7180, Test: 0.7510
Epoch: 41, Loss: 0.0048, Train: 1.0000, Val: 0.7180, Test: 0.7520
Epoch: 42, Loss: 0.0075, Train: 1.0000, Val: 0.7240, Test: 0.7510
Epoch: 43, Loss: 0.0053, Train: 1.0000, Val: 0.7240, Test: 0.7530
Epoch: 44, Loss: 0.0055, Train: 1.0000, Val: 0.7260, Test: 0.7540
Epoch: 45, Loss: 0.0045, Train: 1.0000, Val: 0.7260, Test: 0.7550
Epoch: 46, Loss: 0.0046, Train: 1.0000, Val: 0.7260, Test: 0.7590
Epoch: 47, Loss: 0.0044, Train: 1.0000, Val: 0.7260, Test: 0.7590
Epoch: 48, Loss: 0.0024, Train: 1.0000, Val: 0.7280, Test: 0.7630
Epoch: 49, Loss: 0.0060, Train: 1.0000, Val: 0.7300, Test: 0.7640
Epoch: 50, Loss: 0.0100, Train: 1.0000, Val: 0.7300, Test: 0.7630
MAD:  0.9101
Best Test Accuracy: 0.7950, Val Accuracy: 0.7740, Train Accuracy: 0.9786
Training completed.
Seed:  9
GATv2(
  (convs): ModuleList(
    (0): GATv2Conv(256, 256, heads=1)
    (1): GATv2Conv(256, 7, heads=1)
  )
  (residual_fc): Linear(in_features=1433, out_features=256, bias=True)
)
Epoch: 1, Loss: 1.9540, Train: 0.5857, Val: 0.3560, Test: 0.3800
Epoch: 2, Loss: 1.8663, Train: 0.9214, Val: 0.5940, Test: 0.6090
Epoch: 3, Loss: 1.7757, Train: 0.9500, Val: 0.6840, Test: 0.6870
Epoch: 4, Loss: 1.6759, Train: 0.9786, Val: 0.7240, Test: 0.7280
Epoch: 5, Loss: 1.5826, Train: 0.9786, Val: 0.7440, Test: 0.7440
Epoch: 6, Loss: 1.4717, Train: 0.9929, Val: 0.7540, Test: 0.7500
Epoch: 7, Loss: 1.3542, Train: 0.9929, Val: 0.7640, Test: 0.7540
Epoch: 8, Loss: 1.2255, Train: 0.9929, Val: 0.7640, Test: 0.7640
Epoch: 9, Loss: 1.1025, Train: 0.9929, Val: 0.7660, Test: 0.7670
Epoch: 10, Loss: 0.9658, Train: 0.9929, Val: 0.7680, Test: 0.7730
Epoch: 11, Loss: 0.8648, Train: 0.9929, Val: 0.7720, Test: 0.7720
Epoch: 12, Loss: 0.7338, Train: 0.9929, Val: 0.7800, Test: 0.7740
Epoch: 13, Loss: 0.6236, Train: 0.9929, Val: 0.7900, Test: 0.7830
Epoch: 14, Loss: 0.5089, Train: 0.9929, Val: 0.7920, Test: 0.7840
Epoch: 15, Loss: 0.4205, Train: 0.9929, Val: 0.7960, Test: 0.7970
Epoch: 16, Loss: 0.3371, Train: 0.9929, Val: 0.8020, Test: 0.8000
Epoch: 17, Loss: 0.2617, Train: 0.9929, Val: 0.8060, Test: 0.8000
Epoch: 18, Loss: 0.2127, Train: 0.9929, Val: 0.8020, Test: 0.8000
Epoch: 19, Loss: 0.1673, Train: 0.9929, Val: 0.8000, Test: 0.8000
Epoch: 20, Loss: 0.1341, Train: 0.9929, Val: 0.7980, Test: 0.7980
Epoch: 21, Loss: 0.1128, Train: 0.9929, Val: 0.7940, Test: 0.7970
Epoch: 22, Loss: 0.0823, Train: 0.9929, Val: 0.7940, Test: 0.8000
Epoch: 23, Loss: 0.0662, Train: 0.9929, Val: 0.7820, Test: 0.8000
Epoch: 24, Loss: 0.0591, Train: 1.0000, Val: 0.7800, Test: 0.8010
Epoch: 25, Loss: 0.0412, Train: 1.0000, Val: 0.7780, Test: 0.8030
Epoch: 26, Loss: 0.0370, Train: 1.0000, Val: 0.7780, Test: 0.7960
Epoch: 27, Loss: 0.0284, Train: 1.0000, Val: 0.7780, Test: 0.7880
Epoch: 28, Loss: 0.0215, Train: 1.0000, Val: 0.7700, Test: 0.7870
Epoch: 29, Loss: 0.0162, Train: 1.0000, Val: 0.7660, Test: 0.7830
Epoch: 30, Loss: 0.0144, Train: 1.0000, Val: 0.7660, Test: 0.7830
Epoch: 31, Loss: 0.0142, Train: 1.0000, Val: 0.7620, Test: 0.7840
Epoch: 32, Loss: 0.0177, Train: 1.0000, Val: 0.7640, Test: 0.7810
Epoch: 33, Loss: 0.0088, Train: 1.0000, Val: 0.7620, Test: 0.7850
Epoch: 34, Loss: 0.0068, Train: 1.0000, Val: 0.7560, Test: 0.7830
Epoch: 35, Loss: 0.0053, Train: 1.0000, Val: 0.7560, Test: 0.7830
Epoch: 36, Loss: 0.0050, Train: 1.0000, Val: 0.7580, Test: 0.7850
Epoch: 37, Loss: 0.0043, Train: 1.0000, Val: 0.7560, Test: 0.7880
Epoch: 38, Loss: 0.0056, Train: 1.0000, Val: 0.7560, Test: 0.7880
Epoch: 39, Loss: 0.0028, Train: 1.0000, Val: 0.7580, Test: 0.7870
Epoch: 40, Loss: 0.0027, Train: 1.0000, Val: 0.7600, Test: 0.7860
Epoch: 41, Loss: 0.0023, Train: 1.0000, Val: 0.7600, Test: 0.7850
Epoch: 42, Loss: 0.0020, Train: 1.0000, Val: 0.7580, Test: 0.7830
Epoch: 43, Loss: 0.0021, Train: 1.0000, Val: 0.7540, Test: 0.7830
Epoch: 44, Loss: 0.0015, Train: 1.0000, Val: 0.7540, Test: 0.7840
Epoch: 45, Loss: 0.0020, Train: 1.0000, Val: 0.7520, Test: 0.7820
Epoch: 46, Loss: 0.0020, Train: 1.0000, Val: 0.7520, Test: 0.7810
Epoch: 47, Loss: 0.0013, Train: 1.0000, Val: 0.7500, Test: 0.7800
Epoch: 48, Loss: 0.0017, Train: 1.0000, Val: 0.7500, Test: 0.7800
Epoch: 49, Loss: 0.0013, Train: 1.0000, Val: 0.7520, Test: 0.7800
Epoch: 50, Loss: 0.0014, Train: 1.0000, Val: 0.7540, Test: 0.7770
MAD:  0.922
Best Test Accuracy: 0.8030, Val Accuracy: 0.7780, Train Accuracy: 1.0000
Training completed.
Average Test Accuracy:  0.7961 ± 0.009332202312423373
Average MAD:  0.898 ± 0.0208898539966176
