Seed:  0
GATv2(
  (convs): ModuleList(
    (0): GATv2Conv(1433, 128, heads=1)
    (1-4): 4 x GATv2Conv(128, 128, heads=1)
    (5): GATv2Conv(128, 7, heads=1)
  )
  (batch_norm): LayerNorm((128,), eps=1e-05, elementwise_affine=True)
  (residual_fc): Linear(in_features=1433, out_features=128, bias=True)
)
Epoch: 1, Loss: 2.5035, Train: 0.2714, Val: 0.2480, Test: 0.2360
Epoch: 2, Loss: 2.2357, Train: 0.2214, Val: 0.2580, Test: 0.2410
Epoch: 3, Loss: 2.0684, Train: 0.2357, Val: 0.2660, Test: 0.2320
Epoch: 4, Loss: 2.1218, Train: 0.2429, Val: 0.2720, Test: 0.2390
Epoch: 5, Loss: 1.9618, Train: 0.3571, Val: 0.3100, Test: 0.2940
Epoch: 6, Loss: 1.8268, Train: 0.5786, Val: 0.4240, Test: 0.4120
Epoch: 7, Loss: 1.7910, Train: 0.7286, Val: 0.5380, Test: 0.5520
Epoch: 8, Loss: 1.6350, Train: 0.7643, Val: 0.5600, Test: 0.6000
Epoch: 9, Loss: 1.5568, Train: 0.7929, Val: 0.5820, Test: 0.6330
Epoch: 10, Loss: 1.5570, Train: 0.7857, Val: 0.6360, Test: 0.6540
Epoch: 11, Loss: 1.4140, Train: 0.8214, Val: 0.6560, Test: 0.6810
Epoch: 12, Loss: 1.3803, Train: 0.8429, Val: 0.6740, Test: 0.6950
Epoch: 13, Loss: 1.3411, Train: 0.8571, Val: 0.6880, Test: 0.7050
Epoch: 14, Loss: 1.3042, Train: 0.8429, Val: 0.6860, Test: 0.7060
Epoch: 15, Loss: 1.1162, Train: 0.8500, Val: 0.7020, Test: 0.7090
Epoch: 16, Loss: 1.1104, Train: 0.8500, Val: 0.7180, Test: 0.7220
Epoch: 17, Loss: 1.0405, Train: 0.8571, Val: 0.7280, Test: 0.7320
Epoch: 18, Loss: 0.9558, Train: 0.8571, Val: 0.7220, Test: 0.7330
Epoch: 19, Loss: 0.8716, Train: 0.8929, Val: 0.7260, Test: 0.7370
Epoch: 20, Loss: 0.7464, Train: 0.9143, Val: 0.7380, Test: 0.7410
Epoch: 21, Loss: 0.7014, Train: 0.9357, Val: 0.7480, Test: 0.7490
Epoch: 22, Loss: 0.6894, Train: 0.9357, Val: 0.7480, Test: 0.7490
Epoch: 23, Loss: 0.7477, Train: 0.9429, Val: 0.7520, Test: 0.7600
Epoch: 24, Loss: 0.6419, Train: 0.9571, Val: 0.7600, Test: 0.7660
Epoch: 25, Loss: 0.5148, Train: 0.9571, Val: 0.7660, Test: 0.7730
Epoch: 26, Loss: 0.5497, Train: 0.9571, Val: 0.7660, Test: 0.7820
Epoch: 27, Loss: 0.5244, Train: 0.9643, Val: 0.7620, Test: 0.7830
Epoch: 28, Loss: 0.5517, Train: 0.9714, Val: 0.7560, Test: 0.7840
Epoch: 29, Loss: 0.4347, Train: 0.9714, Val: 0.7600, Test: 0.7780
Epoch: 30, Loss: 0.3846, Train: 0.9786, Val: 0.7600, Test: 0.7730
Epoch: 31, Loss: 0.3715, Train: 0.9643, Val: 0.7560, Test: 0.7640
Epoch: 32, Loss: 0.3948, Train: 0.9643, Val: 0.7520, Test: 0.7620
Epoch: 33, Loss: 0.3554, Train: 0.9643, Val: 0.7540, Test: 0.7570
Epoch: 34, Loss: 0.3670, Train: 0.9714, Val: 0.7540, Test: 0.7580
Epoch: 35, Loss: 0.3325, Train: 0.9857, Val: 0.7540, Test: 0.7630
Epoch: 36, Loss: 0.3035, Train: 0.9929, Val: 0.7540, Test: 0.7680
Epoch: 37, Loss: 0.2718, Train: 0.9929, Val: 0.7600, Test: 0.7740
Epoch: 38, Loss: 0.3164, Train: 0.9857, Val: 0.7620, Test: 0.7800
Epoch: 39, Loss: 0.2906, Train: 0.9857, Val: 0.7640, Test: 0.7810
Epoch: 40, Loss: 0.2971, Train: 0.9857, Val: 0.7640, Test: 0.7830
Epoch: 41, Loss: 0.2690, Train: 0.9857, Val: 0.7620, Test: 0.7790
Epoch: 42, Loss: 0.2679, Train: 0.9857, Val: 0.7540, Test: 0.7770
Epoch: 43, Loss: 0.2482, Train: 0.9857, Val: 0.7540, Test: 0.7670
Epoch: 44, Loss: 0.1990, Train: 0.9857, Val: 0.7400, Test: 0.7560
Epoch: 45, Loss: 0.2285, Train: 0.9857, Val: 0.7420, Test: 0.7540
Epoch: 46, Loss: 0.1964, Train: 0.9857, Val: 0.7400, Test: 0.7670
Epoch: 47, Loss: 0.1700, Train: 0.9929, Val: 0.7500, Test: 0.7710
Epoch: 48, Loss: 0.1919, Train: 1.0000, Val: 0.7520, Test: 0.7790
Epoch: 49, Loss: 0.1739, Train: 0.9929, Val: 0.7680, Test: 0.7830
Epoch: 50, Loss: 0.1554, Train: 0.9929, Val: 0.7700, Test: 0.7900
MAD:  0.817
Best Test Accuracy: 0.7900, Val Accuracy: 0.7700, Train Accuracy: 0.9929
Training completed.
Seed:  1
GATv2(
  (convs): ModuleList(
    (0): GATv2Conv(1433, 128, heads=1)
    (1-4): 4 x GATv2Conv(128, 128, heads=1)
    (5): GATv2Conv(128, 7, heads=1)
  )
  (batch_norm): LayerNorm((128,), eps=1e-05, elementwise_affine=True)
  (residual_fc): Linear(in_features=1433, out_features=128, bias=True)
)
Epoch: 1, Loss: 2.4925, Train: 0.1429, Val: 0.1280, Test: 0.1430
Epoch: 2, Loss: 2.1734, Train: 0.2857, Val: 0.2120, Test: 0.2190
Epoch: 3, Loss: 2.0065, Train: 0.3857, Val: 0.3140, Test: 0.2930
Epoch: 4, Loss: 1.9489, Train: 0.5000, Val: 0.4260, Test: 0.4160
Epoch: 5, Loss: 1.7572, Train: 0.5571, Val: 0.3840, Test: 0.3990
Epoch: 6, Loss: 1.6772, Train: 0.5857, Val: 0.3460, Test: 0.3790
Epoch: 7, Loss: 1.6728, Train: 0.6000, Val: 0.3420, Test: 0.3860
Epoch: 8, Loss: 1.5476, Train: 0.6500, Val: 0.3780, Test: 0.4160
Epoch: 9, Loss: 1.3963, Train: 0.7214, Val: 0.4400, Test: 0.4850
Epoch: 10, Loss: 1.3918, Train: 0.7429, Val: 0.5140, Test: 0.5790
Epoch: 11, Loss: 1.2669, Train: 0.8071, Val: 0.6360, Test: 0.6670
Epoch: 12, Loss: 1.3322, Train: 0.8429, Val: 0.6760, Test: 0.7090
Epoch: 13, Loss: 1.1767, Train: 0.8714, Val: 0.6880, Test: 0.7200
Epoch: 14, Loss: 1.1017, Train: 0.8786, Val: 0.7220, Test: 0.7360
Epoch: 15, Loss: 1.0691, Train: 0.9143, Val: 0.7280, Test: 0.7470
Epoch: 16, Loss: 1.0300, Train: 0.9143, Val: 0.7440, Test: 0.7470
Epoch: 17, Loss: 0.8923, Train: 0.9214, Val: 0.7400, Test: 0.7460
Epoch: 18, Loss: 0.8339, Train: 0.9357, Val: 0.7400, Test: 0.7460
Epoch: 19, Loss: 0.8133, Train: 0.9357, Val: 0.7480, Test: 0.7520
Epoch: 20, Loss: 0.8284, Train: 0.9357, Val: 0.7500, Test: 0.7580
Epoch: 21, Loss: 0.7002, Train: 0.9286, Val: 0.7540, Test: 0.7530
Epoch: 22, Loss: 0.7052, Train: 0.9357, Val: 0.7560, Test: 0.7660
Epoch: 23, Loss: 0.6197, Train: 0.9357, Val: 0.7560, Test: 0.7670
Epoch: 24, Loss: 0.6591, Train: 0.9357, Val: 0.7660, Test: 0.7830
Epoch: 25, Loss: 0.6275, Train: 0.9357, Val: 0.7740, Test: 0.7870
Epoch: 26, Loss: 0.5274, Train: 0.9357, Val: 0.7740, Test: 0.7940
Epoch: 27, Loss: 0.5406, Train: 0.9357, Val: 0.7640, Test: 0.7940
Epoch: 28, Loss: 0.4960, Train: 0.9429, Val: 0.7660, Test: 0.7890
Epoch: 29, Loss: 0.4331, Train: 0.9429, Val: 0.7600, Test: 0.7850
Epoch: 30, Loss: 0.4491, Train: 0.9500, Val: 0.7620, Test: 0.7900
Epoch: 31, Loss: 0.3939, Train: 0.9500, Val: 0.7680, Test: 0.7910
Epoch: 32, Loss: 0.4310, Train: 0.9500, Val: 0.7700, Test: 0.7950
Epoch: 33, Loss: 0.4106, Train: 0.9500, Val: 0.7720, Test: 0.7920
Epoch: 34, Loss: 0.3508, Train: 0.9571, Val: 0.7760, Test: 0.7940
Epoch: 35, Loss: 0.4040, Train: 0.9500, Val: 0.7720, Test: 0.7930
Epoch: 36, Loss: 0.3223, Train: 0.9571, Val: 0.7700, Test: 0.7930
Epoch: 37, Loss: 0.3157, Train: 0.9571, Val: 0.7660, Test: 0.7930
Epoch: 38, Loss: 0.3150, Train: 0.9571, Val: 0.7660, Test: 0.7890
Epoch: 39, Loss: 0.2947, Train: 0.9571, Val: 0.7640, Test: 0.7860
Epoch: 40, Loss: 0.2489, Train: 0.9643, Val: 0.7640, Test: 0.7830
Epoch: 41, Loss: 0.2519, Train: 0.9643, Val: 0.7700, Test: 0.7850
Epoch: 42, Loss: 0.2297, Train: 0.9643, Val: 0.7720, Test: 0.7880
Epoch: 43, Loss: 0.2181, Train: 0.9643, Val: 0.7660, Test: 0.7940
Epoch: 44, Loss: 0.2448, Train: 0.9714, Val: 0.7720, Test: 0.7900
Epoch: 45, Loss: 0.2093, Train: 0.9714, Val: 0.7740, Test: 0.7880
Epoch: 46, Loss: 0.2314, Train: 0.9643, Val: 0.7760, Test: 0.7900
Epoch: 47, Loss: 0.1756, Train: 0.9643, Val: 0.7720, Test: 0.7890
Epoch: 48, Loss: 0.1979, Train: 0.9714, Val: 0.7680, Test: 0.7850
Epoch: 49, Loss: 0.1999, Train: 0.9714, Val: 0.7700, Test: 0.7900
Epoch: 50, Loss: 0.2041, Train: 0.9714, Val: 0.7660, Test: 0.7920
MAD:  0.8261
Best Test Accuracy: 0.7950, Val Accuracy: 0.7700, Train Accuracy: 0.9500
Training completed.
Seed:  2
GATv2(
  (convs): ModuleList(
    (0): GATv2Conv(1433, 128, heads=1)
    (1-4): 4 x GATv2Conv(128, 128, heads=1)
    (5): GATv2Conv(128, 7, heads=1)
  )
  (batch_norm): LayerNorm((128,), eps=1e-05, elementwise_affine=True)
  (residual_fc): Linear(in_features=1433, out_features=128, bias=True)
)
Epoch: 1, Loss: 2.1303, Train: 0.3643, Val: 0.2560, Test: 0.2600
Epoch: 2, Loss: 1.9809, Train: 0.4571, Val: 0.3440, Test: 0.3330
Epoch: 3, Loss: 1.8445, Train: 0.6429, Val: 0.5060, Test: 0.5170
Epoch: 4, Loss: 1.9256, Train: 0.7000, Val: 0.5320, Test: 0.5480
Epoch: 5, Loss: 1.7535, Train: 0.6786, Val: 0.5220, Test: 0.5210
Epoch: 6, Loss: 1.6459, Train: 0.7071, Val: 0.5040, Test: 0.5200
Epoch: 7, Loss: 1.6393, Train: 0.7357, Val: 0.5420, Test: 0.5440
Epoch: 8, Loss: 1.6311, Train: 0.7571, Val: 0.5780, Test: 0.5800
Epoch: 9, Loss: 1.4877, Train: 0.8357, Val: 0.6380, Test: 0.6310
Epoch: 10, Loss: 1.3669, Train: 0.8714, Val: 0.6960, Test: 0.6770
Epoch: 11, Loss: 1.3547, Train: 0.8929, Val: 0.7120, Test: 0.6940
Epoch: 12, Loss: 1.1992, Train: 0.9000, Val: 0.7140, Test: 0.7070
Epoch: 13, Loss: 1.1131, Train: 0.9071, Val: 0.7360, Test: 0.7240
Epoch: 14, Loss: 1.1276, Train: 0.9071, Val: 0.7580, Test: 0.7490
Epoch: 15, Loss: 1.0077, Train: 0.9143, Val: 0.7660, Test: 0.7530
Epoch: 16, Loss: 0.9834, Train: 0.9214, Val: 0.7640, Test: 0.7520
Epoch: 17, Loss: 0.8358, Train: 0.9286, Val: 0.7760, Test: 0.7510
Epoch: 18, Loss: 0.7873, Train: 0.9357, Val: 0.7800, Test: 0.7510
Epoch: 19, Loss: 0.7446, Train: 0.9357, Val: 0.7800, Test: 0.7610
Epoch: 20, Loss: 0.7321, Train: 0.9357, Val: 0.7800, Test: 0.7650
Epoch: 21, Loss: 0.6874, Train: 0.9500, Val: 0.7820, Test: 0.7620
Epoch: 22, Loss: 0.6164, Train: 0.9429, Val: 0.7880, Test: 0.7690
Epoch: 23, Loss: 0.5911, Train: 0.9429, Val: 0.7900, Test: 0.7690
Epoch: 24, Loss: 0.6619, Train: 0.9429, Val: 0.7720, Test: 0.7670
Epoch: 25, Loss: 0.5482, Train: 0.9357, Val: 0.7680, Test: 0.7590
Epoch: 26, Loss: 0.4984, Train: 0.9500, Val: 0.7580, Test: 0.7580
Epoch: 27, Loss: 0.5381, Train: 0.9500, Val: 0.7580, Test: 0.7570
Epoch: 28, Loss: 0.4580, Train: 0.9643, Val: 0.7560, Test: 0.7600
Epoch: 29, Loss: 0.3887, Train: 0.9643, Val: 0.7480, Test: 0.7600
Epoch: 30, Loss: 0.3562, Train: 0.9786, Val: 0.7580, Test: 0.7560
Epoch: 31, Loss: 0.3875, Train: 0.9786, Val: 0.7620, Test: 0.7510
Epoch: 32, Loss: 0.3040, Train: 0.9786, Val: 0.7600, Test: 0.7520
Epoch: 33, Loss: 0.2928, Train: 0.9857, Val: 0.7560, Test: 0.7590
Epoch: 34, Loss: 0.2927, Train: 0.9857, Val: 0.7600, Test: 0.7620
Epoch: 35, Loss: 0.2755, Train: 0.9857, Val: 0.7620, Test: 0.7680
Epoch: 36, Loss: 0.2669, Train: 0.9857, Val: 0.7620, Test: 0.7660
Epoch: 37, Loss: 0.2393, Train: 0.9929, Val: 0.7640, Test: 0.7630
Epoch: 38, Loss: 0.2344, Train: 0.9857, Val: 0.7680, Test: 0.7590
Epoch: 39, Loss: 0.2665, Train: 0.9857, Val: 0.7680, Test: 0.7640
Epoch: 40, Loss: 0.2870, Train: 0.9857, Val: 0.7640, Test: 0.7660
Epoch: 41, Loss: 0.1984, Train: 1.0000, Val: 0.7640, Test: 0.7680
Epoch: 42, Loss: 0.1717, Train: 1.0000, Val: 0.7660, Test: 0.7680
Epoch: 43, Loss: 0.1526, Train: 1.0000, Val: 0.7580, Test: 0.7660
Epoch: 44, Loss: 0.2127, Train: 1.0000, Val: 0.7560, Test: 0.7650
Epoch: 45, Loss: 0.1819, Train: 1.0000, Val: 0.7500, Test: 0.7620
Epoch: 46, Loss: 0.1963, Train: 1.0000, Val: 0.7540, Test: 0.7590
Epoch: 47, Loss: 0.1570, Train: 1.0000, Val: 0.7500, Test: 0.7540
Epoch: 48, Loss: 0.1426, Train: 1.0000, Val: 0.7420, Test: 0.7530
Epoch: 49, Loss: 0.1231, Train: 1.0000, Val: 0.7460, Test: 0.7480
Epoch: 50, Loss: 0.1230, Train: 1.0000, Val: 0.7400, Test: 0.7470
MAD:  0.9489
Best Test Accuracy: 0.7690, Val Accuracy: 0.7880, Train Accuracy: 0.9429
Training completed.
Seed:  3
GATv2(
  (convs): ModuleList(
    (0): GATv2Conv(1433, 128, heads=1)
    (1-4): 4 x GATv2Conv(128, 128, heads=1)
    (5): GATv2Conv(128, 7, heads=1)
  )
  (batch_norm): LayerNorm((128,), eps=1e-05, elementwise_affine=True)
  (residual_fc): Linear(in_features=1433, out_features=128, bias=True)
)
Epoch: 1, Loss: 2.2083, Train: 0.2143, Val: 0.1180, Test: 0.1320
Epoch: 2, Loss: 2.0906, Train: 0.3214, Val: 0.2060, Test: 0.1990
Epoch: 3, Loss: 1.9624, Train: 0.5143, Val: 0.4340, Test: 0.4480
Epoch: 4, Loss: 1.8640, Train: 0.5929, Val: 0.5420, Test: 0.5700
Epoch: 5, Loss: 1.7758, Train: 0.7571, Val: 0.6700, Test: 0.7140
Epoch: 6, Loss: 1.6643, Train: 0.8000, Val: 0.6880, Test: 0.7250
Epoch: 7, Loss: 1.6251, Train: 0.7643, Val: 0.6700, Test: 0.7070
Epoch: 8, Loss: 1.5742, Train: 0.7786, Val: 0.6780, Test: 0.7110
Epoch: 9, Loss: 1.4402, Train: 0.8214, Val: 0.6920, Test: 0.7370
Epoch: 10, Loss: 1.3097, Train: 0.8357, Val: 0.7200, Test: 0.7740
Epoch: 11, Loss: 1.2533, Train: 0.8714, Val: 0.7400, Test: 0.7650
Epoch: 12, Loss: 1.1805, Train: 0.8571, Val: 0.7340, Test: 0.7580
Epoch: 13, Loss: 1.1381, Train: 0.8929, Val: 0.7520, Test: 0.7730
Epoch: 14, Loss: 1.0420, Train: 0.9000, Val: 0.7560, Test: 0.7750
Epoch: 15, Loss: 1.0019, Train: 0.9071, Val: 0.7660, Test: 0.7760
Epoch: 16, Loss: 0.9496, Train: 0.9286, Val: 0.7700, Test: 0.7760
Epoch: 17, Loss: 0.8082, Train: 0.9429, Val: 0.7600, Test: 0.7730
Epoch: 18, Loss: 0.8626, Train: 0.9357, Val: 0.7580, Test: 0.7690
Epoch: 19, Loss: 0.8265, Train: 0.9429, Val: 0.7720, Test: 0.7730
Epoch: 20, Loss: 0.7366, Train: 0.9500, Val: 0.7740, Test: 0.7830
Epoch: 21, Loss: 0.6442, Train: 0.9429, Val: 0.7800, Test: 0.7900
Epoch: 22, Loss: 0.6202, Train: 0.9500, Val: 0.7840, Test: 0.7890
Epoch: 23, Loss: 0.5502, Train: 0.9643, Val: 0.7840, Test: 0.7890
Epoch: 24, Loss: 0.5396, Train: 0.9571, Val: 0.7840, Test: 0.7830
Epoch: 25, Loss: 0.5312, Train: 0.9500, Val: 0.7840, Test: 0.7840
Epoch: 26, Loss: 0.5287, Train: 0.9571, Val: 0.7860, Test: 0.7900
Epoch: 27, Loss: 0.4580, Train: 0.9643, Val: 0.7860, Test: 0.7890
Epoch: 28, Loss: 0.4231, Train: 0.9714, Val: 0.7860, Test: 0.7900
Epoch: 29, Loss: 0.3893, Train: 0.9714, Val: 0.7800, Test: 0.7870
Epoch: 30, Loss: 0.4172, Train: 0.9643, Val: 0.7780, Test: 0.7850
Epoch: 31, Loss: 0.3420, Train: 0.9714, Val: 0.7780, Test: 0.7940
Epoch: 32, Loss: 0.3360, Train: 0.9786, Val: 0.7840, Test: 0.7960
Epoch: 33, Loss: 0.3262, Train: 0.9786, Val: 0.7880, Test: 0.7970
Epoch: 34, Loss: 0.2953, Train: 0.9929, Val: 0.7900, Test: 0.7920
Epoch: 35, Loss: 0.2626, Train: 0.9929, Val: 0.7840, Test: 0.7890
Epoch: 36, Loss: 0.3083, Train: 0.9929, Val: 0.7760, Test: 0.7880
Epoch: 37, Loss: 0.2275, Train: 0.9929, Val: 0.7780, Test: 0.7900
Epoch: 38, Loss: 0.2229, Train: 0.9929, Val: 0.7760, Test: 0.7920
Epoch: 39, Loss: 0.2129, Train: 0.9929, Val: 0.7780, Test: 0.7880
Epoch: 40, Loss: 0.2030, Train: 1.0000, Val: 0.7860, Test: 0.7900
Epoch: 41, Loss: 0.2153, Train: 1.0000, Val: 0.7860, Test: 0.7930
Epoch: 42, Loss: 0.1839, Train: 1.0000, Val: 0.7820, Test: 0.7880
Epoch: 43, Loss: 0.1496, Train: 1.0000, Val: 0.7760, Test: 0.7820
Epoch: 44, Loss: 0.1661, Train: 0.9929, Val: 0.7780, Test: 0.7760
Epoch: 45, Loss: 0.1702, Train: 0.9929, Val: 0.7720, Test: 0.7780
Epoch: 46, Loss: 0.1405, Train: 0.9929, Val: 0.7760, Test: 0.7770
Epoch: 47, Loss: 0.2257, Train: 0.9929, Val: 0.7760, Test: 0.7780
Epoch: 48, Loss: 0.1405, Train: 0.9929, Val: 0.7760, Test: 0.7770
Epoch: 49, Loss: 0.1118, Train: 0.9929, Val: 0.7780, Test: 0.7750
Epoch: 50, Loss: 0.1274, Train: 1.0000, Val: 0.7800, Test: 0.7790
MAD:  0.892
Best Test Accuracy: 0.7970, Val Accuracy: 0.7880, Train Accuracy: 0.9786
Training completed.
Seed:  4
GATv2(
  (convs): ModuleList(
    (0): GATv2Conv(1433, 128, heads=1)
    (1-4): 4 x GATv2Conv(128, 128, heads=1)
    (5): GATv2Conv(128, 7, heads=1)
  )
  (batch_norm): LayerNorm((128,), eps=1e-05, elementwise_affine=True)
  (residual_fc): Linear(in_features=1433, out_features=128, bias=True)
)
Epoch: 1, Loss: 2.6476, Train: 0.2500, Val: 0.1540, Test: 0.1660
Epoch: 2, Loss: 2.2760, Train: 0.3929, Val: 0.2020, Test: 0.2170
Epoch: 3, Loss: 2.1139, Train: 0.5143, Val: 0.3000, Test: 0.3040
Epoch: 4, Loss: 1.9169, Train: 0.5929, Val: 0.4160, Test: 0.4090
Epoch: 5, Loss: 1.8512, Train: 0.6643, Val: 0.4500, Test: 0.4680
Epoch: 6, Loss: 1.7198, Train: 0.7071, Val: 0.5620, Test: 0.5920
Epoch: 7, Loss: 1.6368, Train: 0.7786, Val: 0.6500, Test: 0.6560
Epoch: 8, Loss: 1.4177, Train: 0.7929, Val: 0.6920, Test: 0.6970
Epoch: 9, Loss: 1.4771, Train: 0.8214, Val: 0.7100, Test: 0.7190
Epoch: 10, Loss: 1.3922, Train: 0.8929, Val: 0.6900, Test: 0.7310
Epoch: 11, Loss: 1.2378, Train: 0.8714, Val: 0.6760, Test: 0.7060
Epoch: 12, Loss: 1.1334, Train: 0.8643, Val: 0.6800, Test: 0.6800
Epoch: 13, Loss: 1.0441, Train: 0.8857, Val: 0.6740, Test: 0.6750
Epoch: 14, Loss: 1.0824, Train: 0.8714, Val: 0.6680, Test: 0.6620
Epoch: 15, Loss: 0.9853, Train: 0.8714, Val: 0.6760, Test: 0.6590
Epoch: 16, Loss: 0.9893, Train: 0.8714, Val: 0.6820, Test: 0.6650
Epoch: 17, Loss: 0.9132, Train: 0.8786, Val: 0.7040, Test: 0.6890
Epoch: 18, Loss: 0.8717, Train: 0.9000, Val: 0.7200, Test: 0.7030
Epoch: 19, Loss: 0.7611, Train: 0.9071, Val: 0.7180, Test: 0.7240
Epoch: 20, Loss: 0.8234, Train: 0.9143, Val: 0.7360, Test: 0.7380
Epoch: 21, Loss: 0.7114, Train: 0.9286, Val: 0.7400, Test: 0.7500
Epoch: 22, Loss: 0.6876, Train: 0.9357, Val: 0.7540, Test: 0.7650
Epoch: 23, Loss: 0.6337, Train: 0.9500, Val: 0.7660, Test: 0.7770
Epoch: 24, Loss: 0.5781, Train: 0.9714, Val: 0.7780, Test: 0.7880
Epoch: 25, Loss: 0.5595, Train: 0.9643, Val: 0.7900, Test: 0.7900
Epoch: 26, Loss: 0.5016, Train: 0.9643, Val: 0.7860, Test: 0.7930
Epoch: 27, Loss: 0.5063, Train: 0.9643, Val: 0.7940, Test: 0.7930
Epoch: 28, Loss: 0.4480, Train: 0.9643, Val: 0.7940, Test: 0.7970
Epoch: 29, Loss: 0.4227, Train: 0.9786, Val: 0.7820, Test: 0.7940
Epoch: 30, Loss: 0.3756, Train: 0.9786, Val: 0.7720, Test: 0.7900
Epoch: 31, Loss: 0.3318, Train: 0.9786, Val: 0.7660, Test: 0.7810
Epoch: 32, Loss: 0.3559, Train: 0.9714, Val: 0.7600, Test: 0.7700
Epoch: 33, Loss: 0.3312, Train: 0.9857, Val: 0.7620, Test: 0.7770
Epoch: 34, Loss: 0.3001, Train: 0.9857, Val: 0.7680, Test: 0.7820
Epoch: 35, Loss: 0.2745, Train: 0.9857, Val: 0.7660, Test: 0.7850
Epoch: 36, Loss: 0.2333, Train: 0.9786, Val: 0.7680, Test: 0.7910
Epoch: 37, Loss: 0.2572, Train: 0.9929, Val: 0.7720, Test: 0.8010
Epoch: 38, Loss: 0.2383, Train: 0.9929, Val: 0.7700, Test: 0.8000
Epoch: 39, Loss: 0.2205, Train: 0.9929, Val: 0.7740, Test: 0.8010
Epoch: 40, Loss: 0.2077, Train: 0.9929, Val: 0.7780, Test: 0.8000
Epoch: 41, Loss: 0.2073, Train: 1.0000, Val: 0.7740, Test: 0.7980
Epoch: 42, Loss: 0.2115, Train: 1.0000, Val: 0.7720, Test: 0.7990
Epoch: 43, Loss: 0.2007, Train: 1.0000, Val: 0.7640, Test: 0.7980
Epoch: 44, Loss: 0.1558, Train: 1.0000, Val: 0.7660, Test: 0.7940
Epoch: 45, Loss: 0.1497, Train: 1.0000, Val: 0.7620, Test: 0.7870
Epoch: 46, Loss: 0.1349, Train: 0.9929, Val: 0.7560, Test: 0.7860
Epoch: 47, Loss: 0.1307, Train: 0.9929, Val: 0.7560, Test: 0.7840
Epoch: 48, Loss: 0.1584, Train: 0.9929, Val: 0.7540, Test: 0.7810
Epoch: 49, Loss: 0.1375, Train: 1.0000, Val: 0.7520, Test: 0.7760
Epoch: 50, Loss: 0.1218, Train: 1.0000, Val: 0.7480, Test: 0.7790
MAD:  0.8887
Best Test Accuracy: 0.8010, Val Accuracy: 0.7720, Train Accuracy: 0.9929
Training completed.
Seed:  5
GATv2(
  (convs): ModuleList(
    (0): GATv2Conv(1433, 128, heads=1)
    (1-4): 4 x GATv2Conv(128, 128, heads=1)
    (5): GATv2Conv(128, 7, heads=1)
  )
  (batch_norm): LayerNorm((128,), eps=1e-05, elementwise_affine=True)
  (residual_fc): Linear(in_features=1433, out_features=128, bias=True)
)
Epoch: 1, Loss: 2.4184, Train: 0.1714, Val: 0.1980, Test: 0.1700
Epoch: 2, Loss: 2.2782, Train: 0.3286, Val: 0.2920, Test: 0.2920
Epoch: 3, Loss: 2.1165, Train: 0.4214, Val: 0.4140, Test: 0.4030
Epoch: 4, Loss: 1.9237, Train: 0.4000, Val: 0.4440, Test: 0.4270
Epoch: 5, Loss: 1.9515, Train: 0.4500, Val: 0.4860, Test: 0.4710
Epoch: 6, Loss: 1.7996, Train: 0.5714, Val: 0.5560, Test: 0.5270
Epoch: 7, Loss: 1.6948, Train: 0.6500, Val: 0.5580, Test: 0.5550
Epoch: 8, Loss: 1.6283, Train: 0.7571, Val: 0.6040, Test: 0.6070
Epoch: 9, Loss: 1.4935, Train: 0.8429, Val: 0.6800, Test: 0.6770
Epoch: 10, Loss: 1.4382, Train: 0.8929, Val: 0.7060, Test: 0.7230
Epoch: 11, Loss: 1.4521, Train: 0.8786, Val: 0.7240, Test: 0.7330
Epoch: 12, Loss: 1.3735, Train: 0.8929, Val: 0.7220, Test: 0.7410
Epoch: 13, Loss: 1.2965, Train: 0.8857, Val: 0.7380, Test: 0.7520
Epoch: 14, Loss: 1.2414, Train: 0.8929, Val: 0.7520, Test: 0.7540
Epoch: 15, Loss: 1.1580, Train: 0.8929, Val: 0.7540, Test: 0.7520
Epoch: 16, Loss: 0.9654, Train: 0.9000, Val: 0.7400, Test: 0.7550
Epoch: 17, Loss: 0.9181, Train: 0.9071, Val: 0.7340, Test: 0.7540
Epoch: 18, Loss: 0.8565, Train: 0.9214, Val: 0.7240, Test: 0.7400
Epoch: 19, Loss: 0.8967, Train: 0.9071, Val: 0.7240, Test: 0.7390
Epoch: 20, Loss: 0.8763, Train: 0.9214, Val: 0.7300, Test: 0.7410
Epoch: 21, Loss: 0.7016, Train: 0.9143, Val: 0.7300, Test: 0.7470
Epoch: 22, Loss: 0.7153, Train: 0.9214, Val: 0.7440, Test: 0.7620
Epoch: 23, Loss: 0.6699, Train: 0.9286, Val: 0.7520, Test: 0.7700
Epoch: 24, Loss: 0.6215, Train: 0.9286, Val: 0.7640, Test: 0.7790
Epoch: 25, Loss: 0.6006, Train: 0.9429, Val: 0.7720, Test: 0.7910
Epoch: 26, Loss: 0.5894, Train: 0.9429, Val: 0.7680, Test: 0.7840
Epoch: 27, Loss: 0.5126, Train: 0.9429, Val: 0.7640, Test: 0.7730
Epoch: 28, Loss: 0.4535, Train: 0.9429, Val: 0.7580, Test: 0.7650
Epoch: 29, Loss: 0.4594, Train: 0.9500, Val: 0.7500, Test: 0.7500
Epoch: 30, Loss: 0.4698, Train: 0.9429, Val: 0.7480, Test: 0.7430
Epoch: 31, Loss: 0.3883, Train: 0.9500, Val: 0.7560, Test: 0.7350
Epoch: 32, Loss: 0.3479, Train: 0.9643, Val: 0.7500, Test: 0.7340
Epoch: 33, Loss: 0.3691, Train: 0.9714, Val: 0.7480, Test: 0.7410
Epoch: 34, Loss: 0.3638, Train: 0.9714, Val: 0.7520, Test: 0.7470
Epoch: 35, Loss: 0.3258, Train: 0.9786, Val: 0.7500, Test: 0.7500
Epoch: 36, Loss: 0.3504, Train: 0.9929, Val: 0.7500, Test: 0.7520
Epoch: 37, Loss: 0.2887, Train: 0.9929, Val: 0.7480, Test: 0.7590
Epoch: 38, Loss: 0.3379, Train: 0.9929, Val: 0.7540, Test: 0.7620
Epoch: 39, Loss: 0.2639, Train: 0.9929, Val: 0.7540, Test: 0.7630
Epoch: 40, Loss: 0.2942, Train: 0.9929, Val: 0.7500, Test: 0.7620
Epoch: 41, Loss: 0.2500, Train: 0.9929, Val: 0.7460, Test: 0.7550
Epoch: 42, Loss: 0.2014, Train: 0.9929, Val: 0.7460, Test: 0.7570
Epoch: 43, Loss: 0.1820, Train: 0.9929, Val: 0.7380, Test: 0.7570
Epoch: 44, Loss: 0.2275, Train: 0.9929, Val: 0.7360, Test: 0.7580
Epoch: 45, Loss: 0.2364, Train: 1.0000, Val: 0.7400, Test: 0.7590
Epoch: 46, Loss: 0.1562, Train: 1.0000, Val: 0.7400, Test: 0.7560
Epoch: 47, Loss: 0.1892, Train: 1.0000, Val: 0.7300, Test: 0.7530
Epoch: 48, Loss: 0.2236, Train: 0.9929, Val: 0.7300, Test: 0.7480
Epoch: 49, Loss: 0.1928, Train: 0.9929, Val: 0.7320, Test: 0.7460
Epoch: 50, Loss: 0.1690, Train: 0.9857, Val: 0.7220, Test: 0.7430
MAD:  0.7734
Best Test Accuracy: 0.7910, Val Accuracy: 0.7720, Train Accuracy: 0.9429
Training completed.
Seed:  6
GATv2(
  (convs): ModuleList(
    (0): GATv2Conv(1433, 128, heads=1)
    (1-4): 4 x GATv2Conv(128, 128, heads=1)
    (5): GATv2Conv(128, 7, heads=1)
  )
  (batch_norm): LayerNorm((128,), eps=1e-05, elementwise_affine=True)
  (residual_fc): Linear(in_features=1433, out_features=128, bias=True)
)
Epoch: 1, Loss: 2.4143, Train: 0.2571, Val: 0.1880, Test: 0.1660
Epoch: 2, Loss: 2.0712, Train: 0.2571, Val: 0.2020, Test: 0.1930
Epoch: 3, Loss: 1.9744, Train: 0.4286, Val: 0.3200, Test: 0.3530
Epoch: 4, Loss: 1.8409, Train: 0.6429, Val: 0.5300, Test: 0.5460
Epoch: 5, Loss: 1.7410, Train: 0.7429, Val: 0.6000, Test: 0.5960
Epoch: 6, Loss: 1.7014, Train: 0.7857, Val: 0.5920, Test: 0.5840
Epoch: 7, Loss: 1.5645, Train: 0.7929, Val: 0.5940, Test: 0.5890
Epoch: 8, Loss: 1.5532, Train: 0.8214, Val: 0.6080, Test: 0.6130
Epoch: 9, Loss: 1.5179, Train: 0.8571, Val: 0.6700, Test: 0.6490
Epoch: 10, Loss: 1.3035, Train: 0.8929, Val: 0.7000, Test: 0.6880
Epoch: 11, Loss: 1.2198, Train: 0.8929, Val: 0.7320, Test: 0.7140
Epoch: 12, Loss: 1.0651, Train: 0.8786, Val: 0.7440, Test: 0.7270
Epoch: 13, Loss: 1.0274, Train: 0.8857, Val: 0.7600, Test: 0.7400
Epoch: 14, Loss: 0.9485, Train: 0.9000, Val: 0.7600, Test: 0.7450
Epoch: 15, Loss: 0.9250, Train: 0.9071, Val: 0.7600, Test: 0.7520
Epoch: 16, Loss: 0.9494, Train: 0.9286, Val: 0.7700, Test: 0.7520
Epoch: 17, Loss: 0.7757, Train: 0.9429, Val: 0.7640, Test: 0.7600
Epoch: 18, Loss: 0.6919, Train: 0.9571, Val: 0.7560, Test: 0.7650
Epoch: 19, Loss: 0.7129, Train: 0.9571, Val: 0.7480, Test: 0.7690
Epoch: 20, Loss: 0.6961, Train: 0.9571, Val: 0.7440, Test: 0.7570
Epoch: 21, Loss: 0.5784, Train: 0.9571, Val: 0.7480, Test: 0.7530
Epoch: 22, Loss: 0.5329, Train: 0.9571, Val: 0.7440, Test: 0.7550
Epoch: 23, Loss: 0.5386, Train: 0.9571, Val: 0.7480, Test: 0.7570
Epoch: 24, Loss: 0.6226, Train: 0.9643, Val: 0.7480, Test: 0.7600
Epoch: 25, Loss: 0.5177, Train: 0.9643, Val: 0.7580, Test: 0.7620
Epoch: 26, Loss: 0.5037, Train: 0.9643, Val: 0.7520, Test: 0.7680
Epoch: 27, Loss: 0.4936, Train: 0.9714, Val: 0.7540, Test: 0.7700
Epoch: 28, Loss: 0.4048, Train: 0.9714, Val: 0.7480, Test: 0.7670
Epoch: 29, Loss: 0.3828, Train: 0.9786, Val: 0.7580, Test: 0.7630
Epoch: 30, Loss: 0.3363, Train: 0.9786, Val: 0.7480, Test: 0.7640
Epoch: 31, Loss: 0.3329, Train: 0.9786, Val: 0.7420, Test: 0.7580
Epoch: 32, Loss: 0.3443, Train: 0.9786, Val: 0.7340, Test: 0.7540
Epoch: 33, Loss: 0.2550, Train: 0.9786, Val: 0.7380, Test: 0.7570
Epoch: 34, Loss: 0.2650, Train: 0.9786, Val: 0.7400, Test: 0.7520
Epoch: 35, Loss: 0.3040, Train: 0.9786, Val: 0.7420, Test: 0.7570
Epoch: 36, Loss: 0.2591, Train: 0.9857, Val: 0.7420, Test: 0.7610
Epoch: 37, Loss: 0.2256, Train: 0.9929, Val: 0.7420, Test: 0.7590
Epoch: 38, Loss: 0.2092, Train: 1.0000, Val: 0.7400, Test: 0.7650
Epoch: 39, Loss: 0.2078, Train: 0.9929, Val: 0.7380, Test: 0.7670
Epoch: 40, Loss: 0.2305, Train: 0.9929, Val: 0.7380, Test: 0.7710
Epoch: 41, Loss: 0.2189, Train: 0.9857, Val: 0.7400, Test: 0.7710
Epoch: 42, Loss: 0.1982, Train: 0.9929, Val: 0.7420, Test: 0.7740
Epoch: 43, Loss: 0.1794, Train: 0.9929, Val: 0.7380, Test: 0.7690
Epoch: 44, Loss: 0.2059, Train: 0.9929, Val: 0.7380, Test: 0.7700
Epoch: 45, Loss: 0.1510, Train: 0.9929, Val: 0.7300, Test: 0.7590
Epoch: 46, Loss: 0.1945, Train: 0.9929, Val: 0.7280, Test: 0.7530
Epoch: 47, Loss: 0.1597, Train: 0.9929, Val: 0.7300, Test: 0.7500
Epoch: 48, Loss: 0.1447, Train: 1.0000, Val: 0.7320, Test: 0.7500
Epoch: 49, Loss: 0.1646, Train: 1.0000, Val: 0.7320, Test: 0.7500
Epoch: 50, Loss: 0.1616, Train: 1.0000, Val: 0.7300, Test: 0.7460
MAD:  0.9156
Best Test Accuracy: 0.7740, Val Accuracy: 0.7420, Train Accuracy: 0.9929
Training completed.
Seed:  7
GATv2(
  (convs): ModuleList(
    (0): GATv2Conv(1433, 128, heads=1)
    (1-4): 4 x GATv2Conv(128, 128, heads=1)
    (5): GATv2Conv(128, 7, heads=1)
  )
  (batch_norm): LayerNorm((128,), eps=1e-05, elementwise_affine=True)
  (residual_fc): Linear(in_features=1433, out_features=128, bias=True)
)
Epoch: 1, Loss: 2.4908, Train: 0.1714, Val: 0.1300, Test: 0.1530
Epoch: 2, Loss: 2.1781, Train: 0.2500, Val: 0.1480, Test: 0.1700
Epoch: 3, Loss: 2.1783, Train: 0.3143, Val: 0.1360, Test: 0.1600
Epoch: 4, Loss: 1.9837, Train: 0.4071, Val: 0.2880, Test: 0.2760
Epoch: 5, Loss: 1.8493, Train: 0.3786, Val: 0.2640, Test: 0.2640
Epoch: 6, Loss: 1.8022, Train: 0.2929, Val: 0.2200, Test: 0.2140
Epoch: 7, Loss: 1.8157, Train: 0.3000, Val: 0.2260, Test: 0.2160
Epoch: 8, Loss: 1.8427, Train: 0.4000, Val: 0.2820, Test: 0.2640
Epoch: 9, Loss: 1.6781, Train: 0.5929, Val: 0.3940, Test: 0.3810
Epoch: 10, Loss: 1.6129, Train: 0.7643, Val: 0.5320, Test: 0.5400
Epoch: 11, Loss: 1.5836, Train: 0.8500, Val: 0.6560, Test: 0.6810
Epoch: 12, Loss: 1.4596, Train: 0.8571, Val: 0.7180, Test: 0.7320
Epoch: 13, Loss: 1.3554, Train: 0.8857, Val: 0.7480, Test: 0.7470
Epoch: 14, Loss: 1.2985, Train: 0.9143, Val: 0.7500, Test: 0.7490
Epoch: 15, Loss: 1.1572, Train: 0.9357, Val: 0.7560, Test: 0.7580
Epoch: 16, Loss: 1.0465, Train: 0.9286, Val: 0.7460, Test: 0.7480
Epoch: 17, Loss: 1.0899, Train: 0.9357, Val: 0.7320, Test: 0.7480
Epoch: 18, Loss: 0.9306, Train: 0.9286, Val: 0.7260, Test: 0.7490
Epoch: 19, Loss: 0.9242, Train: 0.9286, Val: 0.7280, Test: 0.7510
Epoch: 20, Loss: 0.8922, Train: 0.9286, Val: 0.7380, Test: 0.7600
Epoch: 21, Loss: 0.8408, Train: 0.9357, Val: 0.7420, Test: 0.7610
Epoch: 22, Loss: 0.7288, Train: 0.9286, Val: 0.7380, Test: 0.7650
Epoch: 23, Loss: 0.7508, Train: 0.9500, Val: 0.7460, Test: 0.7720
Epoch: 24, Loss: 0.6616, Train: 0.9500, Val: 0.7500, Test: 0.7780
Epoch: 25, Loss: 0.6390, Train: 0.9571, Val: 0.7540, Test: 0.7840
Epoch: 26, Loss: 0.6061, Train: 0.9571, Val: 0.7620, Test: 0.7970
Epoch: 27, Loss: 0.5851, Train: 0.9786, Val: 0.7680, Test: 0.8080
Epoch: 28, Loss: 0.5314, Train: 0.9786, Val: 0.7660, Test: 0.8030
Epoch: 29, Loss: 0.4757, Train: 0.9786, Val: 0.7660, Test: 0.8000
Epoch: 30, Loss: 0.4514, Train: 0.9786, Val: 0.7600, Test: 0.7950
Epoch: 31, Loss: 0.4158, Train: 0.9786, Val: 0.7540, Test: 0.7910
Epoch: 32, Loss: 0.3856, Train: 0.9786, Val: 0.7500, Test: 0.7810
Epoch: 33, Loss: 0.3510, Train: 0.9714, Val: 0.7460, Test: 0.7650
Epoch: 34, Loss: 0.3246, Train: 0.9786, Val: 0.7480, Test: 0.7620
Epoch: 35, Loss: 0.3482, Train: 0.9786, Val: 0.7480, Test: 0.7610
Epoch: 36, Loss: 0.3242, Train: 0.9857, Val: 0.7440, Test: 0.7700
Epoch: 37, Loss: 0.3433, Train: 0.9786, Val: 0.7480, Test: 0.7760
Epoch: 38, Loss: 0.2593, Train: 0.9786, Val: 0.7560, Test: 0.7780
Epoch: 39, Loss: 0.2419, Train: 0.9929, Val: 0.7560, Test: 0.7850
Epoch: 40, Loss: 0.2726, Train: 0.9929, Val: 0.7560, Test: 0.7840
Epoch: 41, Loss: 0.2085, Train: 0.9857, Val: 0.7540, Test: 0.7800
Epoch: 42, Loss: 0.2269, Train: 0.9857, Val: 0.7520, Test: 0.7810
Epoch: 43, Loss: 0.2011, Train: 0.9857, Val: 0.7500, Test: 0.7810
Epoch: 44, Loss: 0.1950, Train: 0.9857, Val: 0.7540, Test: 0.7750
Epoch: 45, Loss: 0.2247, Train: 0.9857, Val: 0.7460, Test: 0.7720
Epoch: 46, Loss: 0.1325, Train: 0.9929, Val: 0.7420, Test: 0.7650
Epoch: 47, Loss: 0.1771, Train: 0.9929, Val: 0.7340, Test: 0.7640
Epoch: 48, Loss: 0.1638, Train: 0.9857, Val: 0.7260, Test: 0.7650
Epoch: 49, Loss: 0.1838, Train: 0.9857, Val: 0.7280, Test: 0.7620
Epoch: 50, Loss: 0.1508, Train: 0.9857, Val: 0.7280, Test: 0.7610
MAD:  0.8473
Best Test Accuracy: 0.8080, Val Accuracy: 0.7680, Train Accuracy: 0.9786
Training completed.
Seed:  8
GATv2(
  (convs): ModuleList(
    (0): GATv2Conv(1433, 128, heads=1)
    (1-4): 4 x GATv2Conv(128, 128, heads=1)
    (5): GATv2Conv(128, 7, heads=1)
  )
  (batch_norm): LayerNorm((128,), eps=1e-05, elementwise_affine=True)
  (residual_fc): Linear(in_features=1433, out_features=128, bias=True)
)
Epoch: 1, Loss: 2.3761, Train: 0.2643, Val: 0.3200, Test: 0.3230
Epoch: 2, Loss: 2.0635, Train: 0.4000, Val: 0.4340, Test: 0.4080
Epoch: 3, Loss: 1.8933, Train: 0.4429, Val: 0.4080, Test: 0.3930
Epoch: 4, Loss: 1.8301, Train: 0.5286, Val: 0.4640, Test: 0.4680
Epoch: 5, Loss: 1.7832, Train: 0.6929, Val: 0.6220, Test: 0.5960
Epoch: 6, Loss: 1.7976, Train: 0.8214, Val: 0.7000, Test: 0.6800
Epoch: 7, Loss: 1.5632, Train: 0.8429, Val: 0.6960, Test: 0.7140
Epoch: 8, Loss: 1.5149, Train: 0.8357, Val: 0.7200, Test: 0.7400
Epoch: 9, Loss: 1.5599, Train: 0.8286, Val: 0.7300, Test: 0.7450
Epoch: 10, Loss: 1.3173, Train: 0.8357, Val: 0.7300, Test: 0.7450
Epoch: 11, Loss: 1.3633, Train: 0.8643, Val: 0.7280, Test: 0.7490
Epoch: 12, Loss: 1.2819, Train: 0.8786, Val: 0.7420, Test: 0.7450
Epoch: 13, Loss: 1.1498, Train: 0.9071, Val: 0.7500, Test: 0.7460
Epoch: 14, Loss: 1.0292, Train: 0.9000, Val: 0.7600, Test: 0.7350
Epoch: 15, Loss: 1.0677, Train: 0.9071, Val: 0.7640, Test: 0.7400
Epoch: 16, Loss: 0.9316, Train: 0.9000, Val: 0.7720, Test: 0.7430
Epoch: 17, Loss: 0.8896, Train: 0.9071, Val: 0.7720, Test: 0.7500
Epoch: 18, Loss: 0.8542, Train: 0.9071, Val: 0.7740, Test: 0.7570
Epoch: 19, Loss: 0.7392, Train: 0.9143, Val: 0.7780, Test: 0.7710
Epoch: 20, Loss: 0.7242, Train: 0.9143, Val: 0.7820, Test: 0.7750
Epoch: 21, Loss: 0.6404, Train: 0.9429, Val: 0.7820, Test: 0.7760
Epoch: 22, Loss: 0.6380, Train: 0.9429, Val: 0.7760, Test: 0.7740
Epoch: 23, Loss: 0.6527, Train: 0.9357, Val: 0.7820, Test: 0.7730
Epoch: 24, Loss: 0.5709, Train: 0.9357, Val: 0.7880, Test: 0.7650
Epoch: 25, Loss: 0.5487, Train: 0.9357, Val: 0.7800, Test: 0.7630
Epoch: 26, Loss: 0.5340, Train: 0.9429, Val: 0.7860, Test: 0.7620
Epoch: 27, Loss: 0.4731, Train: 0.9429, Val: 0.7880, Test: 0.7640
Epoch: 28, Loss: 0.4873, Train: 0.9429, Val: 0.7880, Test: 0.7610
Epoch: 29, Loss: 0.4510, Train: 0.9429, Val: 0.7920, Test: 0.7640
Epoch: 30, Loss: 0.4038, Train: 0.9571, Val: 0.7940, Test: 0.7650
Epoch: 31, Loss: 0.4057, Train: 0.9714, Val: 0.7980, Test: 0.7680
Epoch: 32, Loss: 0.3479, Train: 0.9714, Val: 0.7980, Test: 0.7720
Epoch: 33, Loss: 0.3647, Train: 0.9714, Val: 0.7960, Test: 0.7790
Epoch: 34, Loss: 0.3525, Train: 0.9786, Val: 0.7980, Test: 0.7860
Epoch: 35, Loss: 0.3091, Train: 0.9786, Val: 0.7940, Test: 0.7910
Epoch: 36, Loss: 0.2879, Train: 0.9714, Val: 0.7940, Test: 0.7860
Epoch: 37, Loss: 0.3448, Train: 0.9714, Val: 0.7920, Test: 0.7860
Epoch: 38, Loss: 0.3033, Train: 0.9929, Val: 0.7880, Test: 0.7850
Epoch: 39, Loss: 0.3573, Train: 0.9857, Val: 0.7800, Test: 0.7850
Epoch: 40, Loss: 0.2339, Train: 0.9929, Val: 0.7740, Test: 0.7820
Epoch: 41, Loss: 0.2779, Train: 1.0000, Val: 0.7780, Test: 0.7790
Epoch: 42, Loss: 0.2423, Train: 0.9929, Val: 0.7800, Test: 0.7790
Epoch: 43, Loss: 0.2236, Train: 0.9857, Val: 0.7840, Test: 0.7830
Epoch: 44, Loss: 0.1843, Train: 0.9857, Val: 0.7780, Test: 0.7880
Epoch: 45, Loss: 0.2690, Train: 0.9857, Val: 0.7760, Test: 0.7870
Epoch: 46, Loss: 0.2134, Train: 0.9857, Val: 0.7740, Test: 0.7880
Epoch: 47, Loss: 0.2177, Train: 0.9857, Val: 0.7740, Test: 0.7930
Epoch: 48, Loss: 0.1586, Train: 0.9857, Val: 0.7740, Test: 0.8000
Epoch: 49, Loss: 0.2055, Train: 0.9857, Val: 0.7700, Test: 0.7990
Epoch: 50, Loss: 0.1637, Train: 0.9857, Val: 0.7760, Test: 0.7980
MAD:  0.8315
Best Test Accuracy: 0.8000, Val Accuracy: 0.7740, Train Accuracy: 0.9857
Training completed.
Seed:  9
GATv2(
  (convs): ModuleList(
    (0): GATv2Conv(1433, 128, heads=1)
    (1-4): 4 x GATv2Conv(128, 128, heads=1)
    (5): GATv2Conv(128, 7, heads=1)
  )
  (batch_norm): LayerNorm((128,), eps=1e-05, elementwise_affine=True)
  (residual_fc): Linear(in_features=1433, out_features=128, bias=True)
)
Epoch: 1, Loss: 2.4550, Train: 0.1571, Val: 0.1700, Test: 0.1560
Epoch: 2, Loss: 2.2276, Train: 0.3500, Val: 0.2800, Test: 0.2750
Epoch: 3, Loss: 2.1098, Train: 0.3643, Val: 0.2840, Test: 0.2890
Epoch: 4, Loss: 1.8855, Train: 0.4143, Val: 0.3140, Test: 0.3210
Epoch: 5, Loss: 1.8863, Train: 0.4929, Val: 0.3560, Test: 0.3780
Epoch: 6, Loss: 1.7838, Train: 0.6214, Val: 0.4400, Test: 0.4760
Epoch: 7, Loss: 1.7629, Train: 0.7071, Val: 0.5680, Test: 0.5900
Epoch: 8, Loss: 1.6951, Train: 0.7143, Val: 0.6060, Test: 0.6210
Epoch: 9, Loss: 1.6250, Train: 0.7643, Val: 0.6420, Test: 0.6460
Epoch: 10, Loss: 1.5502, Train: 0.7857, Val: 0.6680, Test: 0.6740
Epoch: 11, Loss: 1.4305, Train: 0.8143, Val: 0.6640, Test: 0.6550
Epoch: 12, Loss: 1.4321, Train: 0.8500, Val: 0.6500, Test: 0.6460
Epoch: 13, Loss: 1.3147, Train: 0.8571, Val: 0.6480, Test: 0.6410
Epoch: 14, Loss: 1.2751, Train: 0.8643, Val: 0.6700, Test: 0.6760
Epoch: 15, Loss: 1.1794, Train: 0.8857, Val: 0.6980, Test: 0.7150
Epoch: 16, Loss: 1.0819, Train: 0.8929, Val: 0.7220, Test: 0.7420
Epoch: 17, Loss: 1.0509, Train: 0.8857, Val: 0.7340, Test: 0.7530
Epoch: 18, Loss: 0.8570, Train: 0.9000, Val: 0.7440, Test: 0.7610
Epoch: 19, Loss: 0.9040, Train: 0.9000, Val: 0.7300, Test: 0.7580
Epoch: 20, Loss: 0.7985, Train: 0.9071, Val: 0.7320, Test: 0.7450
Epoch: 21, Loss: 0.8444, Train: 0.9143, Val: 0.7240, Test: 0.7330
Epoch: 22, Loss: 0.6466, Train: 0.9214, Val: 0.7160, Test: 0.7240
Epoch: 23, Loss: 0.6592, Train: 0.9214, Val: 0.7180, Test: 0.7340
Epoch: 24, Loss: 0.6342, Train: 0.9214, Val: 0.7240, Test: 0.7460
Epoch: 25, Loss: 0.6480, Train: 0.9429, Val: 0.7240, Test: 0.7500
Epoch: 26, Loss: 0.5624, Train: 0.9571, Val: 0.7320, Test: 0.7590
Epoch: 27, Loss: 0.4619, Train: 0.9500, Val: 0.7400, Test: 0.7570
Epoch: 28, Loss: 0.4920, Train: 0.9643, Val: 0.7440, Test: 0.7540
Epoch: 29, Loss: 0.5278, Train: 0.9643, Val: 0.7560, Test: 0.7670
Epoch: 30, Loss: 0.4816, Train: 0.9714, Val: 0.7660, Test: 0.7660
Epoch: 31, Loss: 0.4367, Train: 0.9786, Val: 0.7660, Test: 0.7650
Epoch: 32, Loss: 0.3403, Train: 0.9857, Val: 0.7680, Test: 0.7670
Epoch: 33, Loss: 0.2938, Train: 0.9857, Val: 0.7560, Test: 0.7610
Epoch: 34, Loss: 0.4098, Train: 0.9786, Val: 0.7440, Test: 0.7430
Epoch: 35, Loss: 0.3170, Train: 0.9643, Val: 0.7180, Test: 0.7310
Epoch: 36, Loss: 0.2434, Train: 0.9714, Val: 0.7040, Test: 0.7170
Epoch: 37, Loss: 0.3006, Train: 0.9643, Val: 0.7040, Test: 0.7130
Epoch: 38, Loss: 0.2665, Train: 0.9714, Val: 0.7200, Test: 0.7300
Epoch: 39, Loss: 0.2750, Train: 0.9786, Val: 0.7360, Test: 0.7400
Epoch: 40, Loss: 0.2281, Train: 0.9714, Val: 0.7460, Test: 0.7540
Epoch: 41, Loss: 0.2233, Train: 0.9929, Val: 0.7500, Test: 0.7590
Epoch: 42, Loss: 0.1996, Train: 0.9929, Val: 0.7500, Test: 0.7580
Epoch: 43, Loss: 0.2152, Train: 0.9929, Val: 0.7540, Test: 0.7580
Epoch: 44, Loss: 0.1892, Train: 0.9786, Val: 0.7580, Test: 0.7530
Epoch: 45, Loss: 0.1810, Train: 0.9786, Val: 0.7620, Test: 0.7520
Epoch: 46, Loss: 0.1259, Train: 0.9786, Val: 0.7580, Test: 0.7470
Epoch: 47, Loss: 0.1825, Train: 0.9786, Val: 0.7520, Test: 0.7460
Epoch: 48, Loss: 0.1866, Train: 0.9857, Val: 0.7460, Test: 0.7370
Epoch: 49, Loss: 0.1534, Train: 0.9857, Val: 0.7440, Test: 0.7370
Epoch: 50, Loss: 0.1184, Train: 0.9857, Val: 0.7420, Test: 0.7370
MAD:  0.9139
Best Test Accuracy: 0.7670, Val Accuracy: 0.7560, Train Accuracy: 0.9643
Training completed.
Average Test Accuracy:  0.7916666666666666 ± 0.011981467170407628
Average MAD:  0.8756666666666667 ± 0.044108729294777924
