Seed:  0
GATv2(
  (convs): ModuleList(
    (0): GATv2Conv(1433, 128, heads=1)
    (1-6): 6 x GATv2Conv(128, 128, heads=1)
    (7): GATv2Conv(128, 7, heads=1)
  )
)
Epoch: 1, Loss: 1.9501, Train: 0.1429, Val: 0.1140, Test: 0.1030
Epoch: 2, Loss: 1.9477, Train: 0.1429, Val: 0.1140, Test: 0.1030
Epoch: 3, Loss: 1.9448, Train: 0.1429, Val: 0.1140, Test: 0.1030
Epoch: 4, Loss: 1.9479, Train: 0.1571, Val: 0.1140, Test: 0.1120
Epoch: 5, Loss: 1.9435, Train: 0.3000, Val: 0.1920, Test: 0.1940
Epoch: 6, Loss: 1.9387, Train: 0.3214, Val: 0.2280, Test: 0.2330
Epoch: 7, Loss: 1.9354, Train: 0.2857, Val: 0.1760, Test: 0.1950
Epoch: 8, Loss: 1.9318, Train: 0.3143, Val: 0.1760, Test: 0.2050
Epoch: 9, Loss: 1.9343, Train: 0.4286, Val: 0.2460, Test: 0.2730
Epoch: 10, Loss: 1.9223, Train: 0.4929, Val: 0.2940, Test: 0.3140
Epoch: 11, Loss: 1.9400, Train: 0.6071, Val: 0.4820, Test: 0.5080
Epoch: 12, Loss: 1.9175, Train: 0.6357, Val: 0.5480, Test: 0.5860
Epoch: 13, Loss: 1.9055, Train: 0.7143, Val: 0.5900, Test: 0.6170
Epoch: 14, Loss: 1.8926, Train: 0.6786, Val: 0.5080, Test: 0.5260
Epoch: 15, Loss: 1.8962, Train: 0.6786, Val: 0.4860, Test: 0.5040
Epoch: 16, Loss: 1.8725, Train: 0.6571, Val: 0.4640, Test: 0.4550
Epoch: 17, Loss: 1.8488, Train: 0.6500, Val: 0.4540, Test: 0.4380
Epoch: 18, Loss: 1.8433, Train: 0.5857, Val: 0.3960, Test: 0.3930
Epoch: 19, Loss: 1.8067, Train: 0.4714, Val: 0.3200, Test: 0.3160
Epoch: 20, Loss: 1.7600, Train: 0.5143, Val: 0.3400, Test: 0.3370
Epoch: 21, Loss: 1.7213, Train: 0.5071, Val: 0.3440, Test: 0.3570
Epoch: 22, Loss: 1.6567, Train: 0.5214, Val: 0.3400, Test: 0.3610
Epoch: 23, Loss: 1.6201, Train: 0.5571, Val: 0.3640, Test: 0.3770
Epoch: 24, Loss: 1.5460, Train: 0.5571, Val: 0.3660, Test: 0.3820
Epoch: 25, Loss: 1.4418, Train: 0.5071, Val: 0.3340, Test: 0.3380
Epoch: 26, Loss: 1.4209, Train: 0.5857, Val: 0.3740, Test: 0.3920
Epoch: 27, Loss: 1.3283, Train: 0.6071, Val: 0.4060, Test: 0.4140
Epoch: 28, Loss: 1.2841, Train: 0.5857, Val: 0.4060, Test: 0.4240
Epoch: 29, Loss: 1.2290, Train: 0.6643, Val: 0.4820, Test: 0.4850
Epoch: 30, Loss: 1.1641, Train: 0.7214, Val: 0.5660, Test: 0.5510
Epoch: 31, Loss: 1.0229, Train: 0.7857, Val: 0.6920, Test: 0.6920
Epoch: 32, Loss: 0.9210, Train: 0.7500, Val: 0.5780, Test: 0.6150
Epoch: 33, Loss: 0.9188, Train: 0.7714, Val: 0.6400, Test: 0.6560
Epoch: 34, Loss: 0.8909, Train: 0.7643, Val: 0.6400, Test: 0.6520
Epoch: 35, Loss: 0.8770, Train: 0.8286, Val: 0.7260, Test: 0.7200
Epoch: 36, Loss: 0.7734, Train: 0.8143, Val: 0.6920, Test: 0.6870
Epoch: 37, Loss: 0.7387, Train: 0.7571, Val: 0.5660, Test: 0.5720
Epoch: 38, Loss: 0.6897, Train: 0.7357, Val: 0.5440, Test: 0.5470
Epoch: 39, Loss: 0.7866, Train: 0.8500, Val: 0.6720, Test: 0.6540
Epoch: 40, Loss: 0.6497, Train: 0.8786, Val: 0.7060, Test: 0.6890
Epoch: 41, Loss: 0.6847, Train: 0.8786, Val: 0.7260, Test: 0.7220
Epoch: 42, Loss: 0.5347, Train: 0.8714, Val: 0.7520, Test: 0.7360
Epoch: 43, Loss: 0.5503, Train: 0.8714, Val: 0.7640, Test: 0.7500
Epoch: 44, Loss: 0.5582, Train: 0.8786, Val: 0.7480, Test: 0.7610
Epoch: 45, Loss: 0.5226, Train: 0.8786, Val: 0.7300, Test: 0.7340
Epoch: 46, Loss: 0.4894, Train: 0.8786, Val: 0.7200, Test: 0.7230
Epoch: 47, Loss: 0.5464, Train: 0.9000, Val: 0.7260, Test: 0.7370
Epoch: 48, Loss: 0.4832, Train: 0.9071, Val: 0.7200, Test: 0.7370
Epoch: 49, Loss: 0.4314, Train: 0.9214, Val: 0.7080, Test: 0.7240
Epoch: 50, Loss: 0.4078, Train: 0.9214, Val: 0.7160, Test: 0.7240
MAD:  0.836
Best Test Accuracy: 0.7610, Val Accuracy: 0.7480, Train Accuracy: 0.8786
Training completed.
Seed:  1
GATv2(
  (convs): ModuleList(
    (0): GATv2Conv(1433, 128, heads=1)
    (1-6): 6 x GATv2Conv(128, 128, heads=1)
    (7): GATv2Conv(128, 7, heads=1)
  )
)
Epoch: 1, Loss: 1.9479, Train: 0.1429, Val: 0.1140, Test: 0.1030
Epoch: 2, Loss: 1.9461, Train: 0.1429, Val: 0.1140, Test: 0.1030
Epoch: 3, Loss: 1.9463, Train: 0.1429, Val: 0.1140, Test: 0.1030
Epoch: 4, Loss: 1.9398, Train: 0.1429, Val: 0.1140, Test: 0.1030
Epoch: 5, Loss: 1.9436, Train: 0.2286, Val: 0.1780, Test: 0.1740
Epoch: 6, Loss: 1.9392, Train: 0.4714, Val: 0.3220, Test: 0.3510
Epoch: 7, Loss: 1.9389, Train: 0.5000, Val: 0.3740, Test: 0.3890
Epoch: 8, Loss: 1.9364, Train: 0.5571, Val: 0.4120, Test: 0.4310
Epoch: 9, Loss: 1.9316, Train: 0.6357, Val: 0.5320, Test: 0.5390
Epoch: 10, Loss: 1.9254, Train: 0.6786, Val: 0.5840, Test: 0.5860
Epoch: 11, Loss: 1.9191, Train: 0.7000, Val: 0.6140, Test: 0.5910
Epoch: 12, Loss: 1.9083, Train: 0.5786, Val: 0.5160, Test: 0.4910
Epoch: 13, Loss: 1.8970, Train: 0.5143, Val: 0.4520, Test: 0.4260
Epoch: 14, Loss: 1.8833, Train: 0.5000, Val: 0.4080, Test: 0.3960
Epoch: 15, Loss: 1.8761, Train: 0.5071, Val: 0.4240, Test: 0.4060
Epoch: 16, Loss: 1.8434, Train: 0.5000, Val: 0.4360, Test: 0.4170
Epoch: 17, Loss: 1.8030, Train: 0.5143, Val: 0.4380, Test: 0.4240
Epoch: 18, Loss: 1.7756, Train: 0.5071, Val: 0.4360, Test: 0.4250
Epoch: 19, Loss: 1.7540, Train: 0.5000, Val: 0.4380, Test: 0.4260
Epoch: 20, Loss: 1.7005, Train: 0.4929, Val: 0.4400, Test: 0.4250
Epoch: 21, Loss: 1.6395, Train: 0.5000, Val: 0.4380, Test: 0.4290
Epoch: 22, Loss: 1.5920, Train: 0.5357, Val: 0.4460, Test: 0.4340
Epoch: 23, Loss: 1.5685, Train: 0.5357, Val: 0.4520, Test: 0.4310
Epoch: 24, Loss: 1.4701, Train: 0.5571, Val: 0.4420, Test: 0.4390
Epoch: 25, Loss: 1.4108, Train: 0.5714, Val: 0.4580, Test: 0.4450
Epoch: 26, Loss: 1.3318, Train: 0.6071, Val: 0.4840, Test: 0.4650
Epoch: 27, Loss: 1.3017, Train: 0.6500, Val: 0.5100, Test: 0.4790
Epoch: 28, Loss: 1.2203, Train: 0.6500, Val: 0.5120, Test: 0.4810
Epoch: 29, Loss: 1.2388, Train: 0.6929, Val: 0.5200, Test: 0.5270
Epoch: 30, Loss: 1.1766, Train: 0.7214, Val: 0.6180, Test: 0.6170
Epoch: 31, Loss: 1.0423, Train: 0.7786, Val: 0.6540, Test: 0.6460
Epoch: 32, Loss: 0.9084, Train: 0.7786, Val: 0.6300, Test: 0.6290
Epoch: 33, Loss: 0.9285, Train: 0.7786, Val: 0.6540, Test: 0.6480
Epoch: 34, Loss: 0.8667, Train: 0.8357, Val: 0.6580, Test: 0.6390
Epoch: 35, Loss: 0.8374, Train: 0.8357, Val: 0.6180, Test: 0.6230
Epoch: 36, Loss: 0.9065, Train: 0.8357, Val: 0.6220, Test: 0.6330
Epoch: 37, Loss: 0.7625, Train: 0.8214, Val: 0.6540, Test: 0.6350
Epoch: 38, Loss: 0.8217, Train: 0.8214, Val: 0.6400, Test: 0.6400
Epoch: 39, Loss: 0.7857, Train: 0.8357, Val: 0.6580, Test: 0.6490
Epoch: 40, Loss: 0.7438, Train: 0.8786, Val: 0.6780, Test: 0.6670
Epoch: 41, Loss: 0.6699, Train: 0.9143, Val: 0.7200, Test: 0.7030
Epoch: 42, Loss: 0.6054, Train: 0.9429, Val: 0.7360, Test: 0.7290
Epoch: 43, Loss: 0.6707, Train: 0.9500, Val: 0.7580, Test: 0.7360
Epoch: 44, Loss: 0.5708, Train: 0.9357, Val: 0.7700, Test: 0.7750
Epoch: 45, Loss: 0.6193, Train: 0.8929, Val: 0.7560, Test: 0.7720
Epoch: 46, Loss: 0.5937, Train: 0.9071, Val: 0.7600, Test: 0.7700
Epoch: 47, Loss: 0.5030, Train: 0.9429, Val: 0.7680, Test: 0.7640
Epoch: 48, Loss: 0.5055, Train: 0.9429, Val: 0.7560, Test: 0.7320
Epoch: 49, Loss: 0.4628, Train: 0.9429, Val: 0.7400, Test: 0.7230
Epoch: 50, Loss: 0.4539, Train: 0.9500, Val: 0.7580, Test: 0.7360
MAD:  0.879
Best Test Accuracy: 0.7750, Val Accuracy: 0.7700, Train Accuracy: 0.9357
Training completed.
Seed:  2
GATv2(
  (convs): ModuleList(
    (0): GATv2Conv(1433, 128, heads=1)
    (1-6): 6 x GATv2Conv(128, 128, heads=1)
    (7): GATv2Conv(128, 7, heads=1)
  )
)
Epoch: 1, Loss: 1.9469, Train: 0.1429, Val: 0.1220, Test: 0.1300
Epoch: 2, Loss: 1.9411, Train: 0.1429, Val: 0.1220, Test: 0.1300
Epoch: 3, Loss: 1.9519, Train: 0.1643, Val: 0.1260, Test: 0.1380
Epoch: 4, Loss: 1.9409, Train: 0.2929, Val: 0.1980, Test: 0.2270
Epoch: 5, Loss: 1.9420, Train: 0.2714, Val: 0.2340, Test: 0.2720
Epoch: 6, Loss: 1.9419, Train: 0.3143, Val: 0.3120, Test: 0.3580
Epoch: 7, Loss: 1.9339, Train: 0.4857, Val: 0.4840, Test: 0.5120
Epoch: 8, Loss: 1.9333, Train: 0.5429, Val: 0.5780, Test: 0.5850
Epoch: 9, Loss: 1.9377, Train: 0.5357, Val: 0.5680, Test: 0.5760
Epoch: 10, Loss: 1.9305, Train: 0.5357, Val: 0.5560, Test: 0.5640
Epoch: 11, Loss: 1.9285, Train: 0.5214, Val: 0.5440, Test: 0.5550
Epoch: 12, Loss: 1.9103, Train: 0.5571, Val: 0.5580, Test: 0.5640
Epoch: 13, Loss: 1.9144, Train: 0.5929, Val: 0.5660, Test: 0.5760
Epoch: 14, Loss: 1.9027, Train: 0.6143, Val: 0.5840, Test: 0.5960
Epoch: 15, Loss: 1.8964, Train: 0.6500, Val: 0.6020, Test: 0.6190
Epoch: 16, Loss: 1.8760, Train: 0.6643, Val: 0.6060, Test: 0.6380
Epoch: 17, Loss: 1.8456, Train: 0.5929, Val: 0.5800, Test: 0.5840
Epoch: 18, Loss: 1.8229, Train: 0.5571, Val: 0.5600, Test: 0.5590
Epoch: 19, Loss: 1.7983, Train: 0.5429, Val: 0.5580, Test: 0.5560
Epoch: 20, Loss: 1.7434, Train: 0.5357, Val: 0.5500, Test: 0.5530
Epoch: 21, Loss: 1.7040, Train: 0.5429, Val: 0.5520, Test: 0.5500
Epoch: 22, Loss: 1.6533, Train: 0.5286, Val: 0.5480, Test: 0.5430
Epoch: 23, Loss: 1.5851, Train: 0.5357, Val: 0.5520, Test: 0.5510
Epoch: 24, Loss: 1.5490, Train: 0.5357, Val: 0.5620, Test: 0.5510
Epoch: 25, Loss: 1.4486, Train: 0.5500, Val: 0.5760, Test: 0.5600
Epoch: 26, Loss: 1.3581, Train: 0.6286, Val: 0.6160, Test: 0.6040
Epoch: 27, Loss: 1.2977, Train: 0.6857, Val: 0.6400, Test: 0.6580
Epoch: 28, Loss: 1.1283, Train: 0.7071, Val: 0.6780, Test: 0.6760
Epoch: 29, Loss: 1.0721, Train: 0.7929, Val: 0.7040, Test: 0.6930
Epoch: 30, Loss: 0.9816, Train: 0.8143, Val: 0.6980, Test: 0.7020
Epoch: 31, Loss: 0.9332, Train: 0.8571, Val: 0.7060, Test: 0.7190
Epoch: 32, Loss: 0.7498, Train: 0.8786, Val: 0.7020, Test: 0.7210
Epoch: 33, Loss: 0.8478, Train: 0.8857, Val: 0.6580, Test: 0.6790
Epoch: 34, Loss: 0.7925, Train: 0.9000, Val: 0.6820, Test: 0.6950
Epoch: 35, Loss: 0.7684, Train: 0.8643, Val: 0.6340, Test: 0.6170
Epoch: 36, Loss: 0.6266, Train: 0.8643, Val: 0.6180, Test: 0.6000
Epoch: 37, Loss: 0.6552, Train: 0.8857, Val: 0.6540, Test: 0.6360
Epoch: 38, Loss: 0.6843, Train: 0.8786, Val: 0.7160, Test: 0.6960
Epoch: 39, Loss: 0.6407, Train: 0.8857, Val: 0.7220, Test: 0.7230
Epoch: 40, Loss: 0.5448, Train: 0.9000, Val: 0.7100, Test: 0.7130
Epoch: 41, Loss: 0.4960, Train: 0.9143, Val: 0.6920, Test: 0.7000
Epoch: 42, Loss: 0.4773, Train: 0.9214, Val: 0.7280, Test: 0.7360
Epoch: 43, Loss: 0.4783, Train: 0.9571, Val: 0.7300, Test: 0.7420
Epoch: 44, Loss: 0.4114, Train: 0.9643, Val: 0.7280, Test: 0.7400
Epoch: 45, Loss: 0.4536, Train: 0.9643, Val: 0.7240, Test: 0.7290
Epoch: 46, Loss: 0.4211, Train: 0.9500, Val: 0.7380, Test: 0.7200
Epoch: 47, Loss: 0.3483, Train: 0.9143, Val: 0.7120, Test: 0.7020
Epoch: 48, Loss: 0.4025, Train: 0.9286, Val: 0.7160, Test: 0.7080
Epoch: 49, Loss: 0.3219, Train: 0.9643, Val: 0.7320, Test: 0.7250
Epoch: 50, Loss: 0.3431, Train: 0.9786, Val: 0.7320, Test: 0.7510
MAD:  0.9141
Best Test Accuracy: 0.7510, Val Accuracy: 0.7320, Train Accuracy: 0.9786
Training completed.
Seed:  3
GATv2(
  (convs): ModuleList(
    (0): GATv2Conv(1433, 128, heads=1)
    (1-6): 6 x GATv2Conv(128, 128, heads=1)
    (7): GATv2Conv(128, 7, heads=1)
  )
)
Epoch: 1, Loss: 1.9525, Train: 0.1429, Val: 0.1140, Test: 0.1030
Epoch: 2, Loss: 1.9455, Train: 0.1429, Val: 0.1140, Test: 0.1030
Epoch: 3, Loss: 1.9438, Train: 0.1571, Val: 0.1140, Test: 0.1060
Epoch: 4, Loss: 1.9412, Train: 0.1714, Val: 0.1160, Test: 0.1100
Epoch: 5, Loss: 1.9392, Train: 0.2643, Val: 0.1640, Test: 0.1710
Epoch: 6, Loss: 1.9372, Train: 0.3143, Val: 0.1880, Test: 0.1890
Epoch: 7, Loss: 1.9384, Train: 0.4571, Val: 0.2860, Test: 0.2900
Epoch: 8, Loss: 1.9327, Train: 0.5286, Val: 0.3220, Test: 0.3230
Epoch: 9, Loss: 1.9342, Train: 0.4643, Val: 0.2900, Test: 0.3040
Epoch: 10, Loss: 1.9327, Train: 0.6071, Val: 0.4300, Test: 0.4150
Epoch: 11, Loss: 1.9304, Train: 0.6571, Val: 0.4620, Test: 0.4400
Epoch: 12, Loss: 1.9241, Train: 0.6357, Val: 0.4560, Test: 0.4270
Epoch: 13, Loss: 1.9259, Train: 0.6000, Val: 0.4460, Test: 0.4260
Epoch: 14, Loss: 1.9121, Train: 0.5929, Val: 0.4540, Test: 0.4310
Epoch: 15, Loss: 1.9109, Train: 0.5857, Val: 0.4400, Test: 0.4350
Epoch: 16, Loss: 1.8914, Train: 0.5643, Val: 0.4360, Test: 0.4230
Epoch: 17, Loss: 1.8797, Train: 0.5643, Val: 0.4340, Test: 0.4240
Epoch: 18, Loss: 1.8693, Train: 0.5714, Val: 0.4320, Test: 0.4210
Epoch: 19, Loss: 1.8559, Train: 0.5786, Val: 0.4580, Test: 0.4450
Epoch: 20, Loss: 1.8108, Train: 0.5929, Val: 0.4920, Test: 0.4780
Epoch: 21, Loss: 1.7987, Train: 0.6000, Val: 0.5120, Test: 0.4830
Epoch: 22, Loss: 1.7659, Train: 0.5929, Val: 0.5080, Test: 0.4850
Epoch: 23, Loss: 1.7313, Train: 0.6000, Val: 0.4920, Test: 0.4860
Epoch: 24, Loss: 1.6656, Train: 0.6071, Val: 0.4840, Test: 0.4630
Epoch: 25, Loss: 1.6246, Train: 0.6071, Val: 0.4840, Test: 0.4730
Epoch: 26, Loss: 1.5328, Train: 0.6143, Val: 0.4860, Test: 0.4750
Epoch: 27, Loss: 1.4897, Train: 0.6429, Val: 0.4820, Test: 0.4800
Epoch: 28, Loss: 1.3687, Train: 0.6500, Val: 0.5160, Test: 0.5000
Epoch: 29, Loss: 1.2774, Train: 0.6286, Val: 0.5240, Test: 0.5040
Epoch: 30, Loss: 1.1709, Train: 0.6786, Val: 0.5940, Test: 0.5910
Epoch: 31, Loss: 1.1245, Train: 0.7500, Val: 0.6340, Test: 0.6200
Epoch: 32, Loss: 0.9832, Train: 0.6714, Val: 0.5640, Test: 0.5440
Epoch: 33, Loss: 0.9993, Train: 0.8286, Val: 0.6820, Test: 0.6740
Epoch: 34, Loss: 0.8602, Train: 0.8786, Val: 0.6920, Test: 0.7120
Epoch: 35, Loss: 0.9242, Train: 0.8429, Val: 0.7320, Test: 0.7270
Epoch: 36, Loss: 0.7987, Train: 0.8143, Val: 0.6760, Test: 0.6510
Epoch: 37, Loss: 0.9254, Train: 0.8571, Val: 0.6940, Test: 0.6790
Epoch: 38, Loss: 0.7656, Train: 0.9000, Val: 0.7060, Test: 0.7130
Epoch: 39, Loss: 0.7065, Train: 0.9286, Val: 0.6620, Test: 0.6710
Epoch: 40, Loss: 0.7493, Train: 0.9214, Val: 0.6940, Test: 0.6690
Epoch: 41, Loss: 0.7357, Train: 0.9071, Val: 0.6780, Test: 0.6780
Epoch: 42, Loss: 0.6402, Train: 0.8929, Val: 0.6840, Test: 0.6800
Epoch: 43, Loss: 0.6624, Train: 0.9286, Val: 0.7100, Test: 0.6990
Epoch: 44, Loss: 0.6472, Train: 0.9429, Val: 0.7500, Test: 0.7290
Epoch: 45, Loss: 0.5464, Train: 0.9357, Val: 0.7440, Test: 0.7150
Epoch: 46, Loss: 0.5572, Train: 0.9429, Val: 0.7480, Test: 0.7240
Epoch: 47, Loss: 0.5102, Train: 0.9643, Val: 0.7660, Test: 0.7490
Epoch: 48, Loss: 0.4922, Train: 0.9500, Val: 0.7600, Test: 0.7380
Epoch: 49, Loss: 0.5799, Train: 0.9571, Val: 0.7720, Test: 0.7590
Epoch: 50, Loss: 0.4405, Train: 0.9571, Val: 0.7780, Test: 0.7630
MAD:  0.8016
Best Test Accuracy: 0.7630, Val Accuracy: 0.7780, Train Accuracy: 0.9571
Training completed.
Seed:  4
GATv2(
  (convs): ModuleList(
    (0): GATv2Conv(1433, 128, heads=1)
    (1-6): 6 x GATv2Conv(128, 128, heads=1)
    (7): GATv2Conv(128, 7, heads=1)
  )
)
Epoch: 1, Loss: 1.9463, Train: 0.2000, Val: 0.1820, Test: 0.1790
Epoch: 2, Loss: 1.9418, Train: 0.1500, Val: 0.1640, Test: 0.1590
Epoch: 3, Loss: 1.9344, Train: 0.3500, Val: 0.2640, Test: 0.2660
Epoch: 4, Loss: 1.9365, Train: 0.3214, Val: 0.2320, Test: 0.2330
Epoch: 5, Loss: 1.9393, Train: 0.3286, Val: 0.2280, Test: 0.2330
Epoch: 6, Loss: 1.9361, Train: 0.4429, Val: 0.3800, Test: 0.4020
Epoch: 7, Loss: 1.9442, Train: 0.4643, Val: 0.4540, Test: 0.4800
Epoch: 8, Loss: 1.9314, Train: 0.4857, Val: 0.5220, Test: 0.5410
Epoch: 9, Loss: 1.9335, Train: 0.6643, Val: 0.6640, Test: 0.6860
Epoch: 10, Loss: 1.9274, Train: 0.7857, Val: 0.7080, Test: 0.7220
Epoch: 11, Loss: 1.9240, Train: 0.8000, Val: 0.7080, Test: 0.7100
Epoch: 12, Loss: 1.8965, Train: 0.8071, Val: 0.7040, Test: 0.6980
Epoch: 13, Loss: 1.9042, Train: 0.8071, Val: 0.6920, Test: 0.6970
Epoch: 14, Loss: 1.8815, Train: 0.7929, Val: 0.6960, Test: 0.7040
Epoch: 15, Loss: 1.8657, Train: 0.7643, Val: 0.6820, Test: 0.6920
Epoch: 16, Loss: 1.8406, Train: 0.6214, Val: 0.6340, Test: 0.6330
Epoch: 17, Loss: 1.8297, Train: 0.6071, Val: 0.6080, Test: 0.6170
Epoch: 18, Loss: 1.7747, Train: 0.5857, Val: 0.6100, Test: 0.6140
Epoch: 19, Loss: 1.7513, Train: 0.5929, Val: 0.6180, Test: 0.6240
Epoch: 20, Loss: 1.6842, Train: 0.6286, Val: 0.6300, Test: 0.6300
Epoch: 21, Loss: 1.6832, Train: 0.6429, Val: 0.6460, Test: 0.6350
Epoch: 22, Loss: 1.6244, Train: 0.6643, Val: 0.6600, Test: 0.6340
Epoch: 23, Loss: 1.5487, Train: 0.6857, Val: 0.6560, Test: 0.6340
Epoch: 24, Loss: 1.4408, Train: 0.6929, Val: 0.6520, Test: 0.6330
Epoch: 25, Loss: 1.3912, Train: 0.7214, Val: 0.6540, Test: 0.6370
Epoch: 26, Loss: 1.3105, Train: 0.7357, Val: 0.6540, Test: 0.6320
Epoch: 27, Loss: 1.2116, Train: 0.7500, Val: 0.6280, Test: 0.5980
Epoch: 28, Loss: 1.1045, Train: 0.6643, Val: 0.5240, Test: 0.5190
Epoch: 29, Loss: 0.9981, Train: 0.6786, Val: 0.5000, Test: 0.4930
Epoch: 30, Loss: 1.0090, Train: 0.6643, Val: 0.4920, Test: 0.4950
Epoch: 31, Loss: 0.9587, Train: 0.7214, Val: 0.5460, Test: 0.5400
Epoch: 32, Loss: 0.8478, Train: 0.8500, Val: 0.6400, Test: 0.6280
Epoch: 33, Loss: 0.7559, Train: 0.8643, Val: 0.6500, Test: 0.6420
Epoch: 34, Loss: 0.7768, Train: 0.8714, Val: 0.6320, Test: 0.6310
Epoch: 35, Loss: 0.8043, Train: 0.7857, Val: 0.5780, Test: 0.5610
Epoch: 36, Loss: 0.6579, Train: 0.8000, Val: 0.5860, Test: 0.5600
Epoch: 37, Loss: 0.8451, Train: 0.8500, Val: 0.6060, Test: 0.5930
Epoch: 38, Loss: 0.7413, Train: 0.9357, Val: 0.6700, Test: 0.6670
Epoch: 39, Loss: 0.6076, Train: 0.9500, Val: 0.6940, Test: 0.7180
Epoch: 40, Loss: 0.7445, Train: 0.9429, Val: 0.6620, Test: 0.6710
Epoch: 41, Loss: 0.4792, Train: 0.9214, Val: 0.6320, Test: 0.6310
Epoch: 42, Loss: 0.4874, Train: 0.9143, Val: 0.6260, Test: 0.6240
Epoch: 43, Loss: 0.5093, Train: 0.9000, Val: 0.6280, Test: 0.6200
Epoch: 44, Loss: 0.5222, Train: 0.9143, Val: 0.6380, Test: 0.6420
Epoch: 45, Loss: 0.4026, Train: 0.9571, Val: 0.6580, Test: 0.6750
Epoch: 46, Loss: 0.4315, Train: 0.9500, Val: 0.6840, Test: 0.6860
Epoch: 47, Loss: 0.4279, Train: 0.9357, Val: 0.6800, Test: 0.6950
Epoch: 48, Loss: 0.3888, Train: 0.9500, Val: 0.6860, Test: 0.6930
Epoch: 49, Loss: 0.3644, Train: 0.9643, Val: 0.6880, Test: 0.6900
Epoch: 50, Loss: 0.3409, Train: 0.9357, Val: 0.6920, Test: 0.6780
MAD:  0.6629
Best Test Accuracy: 0.7220, Val Accuracy: 0.7080, Train Accuracy: 0.7857
Training completed.
Seed:  5
GATv2(
  (convs): ModuleList(
    (0): GATv2Conv(1433, 128, heads=1)
    (1-6): 6 x GATv2Conv(128, 128, heads=1)
    (7): GATv2Conv(128, 7, heads=1)
  )
)
Epoch: 1, Loss: 1.9454, Train: 0.1429, Val: 0.0720, Test: 0.0910
Epoch: 2, Loss: 1.9398, Train: 0.1429, Val: 0.0720, Test: 0.0910
Epoch: 3, Loss: 1.9504, Train: 0.1429, Val: 0.0720, Test: 0.0910
Epoch: 4, Loss: 1.9501, Train: 0.1429, Val: 0.0720, Test: 0.0910
Epoch: 5, Loss: 1.9377, Train: 0.1429, Val: 0.0720, Test: 0.0910
Epoch: 6, Loss: 1.9394, Train: 0.1786, Val: 0.0720, Test: 0.0940
Epoch: 7, Loss: 1.9369, Train: 0.1857, Val: 0.0760, Test: 0.0950
Epoch: 8, Loss: 1.9304, Train: 0.2214, Val: 0.1320, Test: 0.1450
Epoch: 9, Loss: 1.9288, Train: 0.4571, Val: 0.2960, Test: 0.3300
Epoch: 10, Loss: 1.9331, Train: 0.4929, Val: 0.3800, Test: 0.3720
Epoch: 11, Loss: 1.9229, Train: 0.5286, Val: 0.4200, Test: 0.4100
Epoch: 12, Loss: 1.9065, Train: 0.5714, Val: 0.4300, Test: 0.4120
Epoch: 13, Loss: 1.9132, Train: 0.6000, Val: 0.4400, Test: 0.4220
Epoch: 14, Loss: 1.8964, Train: 0.6214, Val: 0.4540, Test: 0.4350
Epoch: 15, Loss: 1.8725, Train: 0.6500, Val: 0.4720, Test: 0.4520
Epoch: 16, Loss: 1.8761, Train: 0.6571, Val: 0.4900, Test: 0.4700
Epoch: 17, Loss: 1.8606, Train: 0.6786, Val: 0.5020, Test: 0.4880
Epoch: 18, Loss: 1.8374, Train: 0.6714, Val: 0.5000, Test: 0.4980
Epoch: 19, Loss: 1.8076, Train: 0.6214, Val: 0.4580, Test: 0.4640
Epoch: 20, Loss: 1.7731, Train: 0.5643, Val: 0.4400, Test: 0.4400
Epoch: 21, Loss: 1.7369, Train: 0.5429, Val: 0.4360, Test: 0.4340
Epoch: 22, Loss: 1.7143, Train: 0.5571, Val: 0.4320, Test: 0.4230
Epoch: 23, Loss: 1.6463, Train: 0.5571, Val: 0.4360, Test: 0.4350
Epoch: 24, Loss: 1.5563, Train: 0.5786, Val: 0.4440, Test: 0.4410
Epoch: 25, Loss: 1.4906, Train: 0.6286, Val: 0.4800, Test: 0.4780
Epoch: 26, Loss: 1.4191, Train: 0.6000, Val: 0.4640, Test: 0.4420
Epoch: 27, Loss: 1.3488, Train: 0.5714, Val: 0.4540, Test: 0.4310
Epoch: 28, Loss: 1.2668, Train: 0.5786, Val: 0.4700, Test: 0.4210
Epoch: 29, Loss: 1.1614, Train: 0.5857, Val: 0.4720, Test: 0.4300
Epoch: 30, Loss: 1.1149, Train: 0.6000, Val: 0.4680, Test: 0.4490
Epoch: 31, Loss: 1.0297, Train: 0.7214, Val: 0.5020, Test: 0.4880
Epoch: 32, Loss: 0.9704, Train: 0.7214, Val: 0.5260, Test: 0.5080
Epoch: 33, Loss: 0.9832, Train: 0.7000, Val: 0.5240, Test: 0.5020
Epoch: 34, Loss: 0.8955, Train: 0.7857, Val: 0.5860, Test: 0.5580
Epoch: 35, Loss: 0.9027, Train: 0.8000, Val: 0.5940, Test: 0.5680
Epoch: 36, Loss: 0.7820, Train: 0.7929, Val: 0.5760, Test: 0.5560
Epoch: 37, Loss: 0.7756, Train: 0.8071, Val: 0.5700, Test: 0.5610
Epoch: 38, Loss: 0.7503, Train: 0.8286, Val: 0.6160, Test: 0.6050
Epoch: 39, Loss: 0.7331, Train: 0.8714, Val: 0.6300, Test: 0.6380
Epoch: 40, Loss: 0.6970, Train: 0.8643, Val: 0.6200, Test: 0.6160
Epoch: 41, Loss: 0.7136, Train: 0.7929, Val: 0.5880, Test: 0.5590
Epoch: 42, Loss: 0.6295, Train: 0.7929, Val: 0.6120, Test: 0.5700
Epoch: 43, Loss: 0.5597, Train: 0.8429, Val: 0.6040, Test: 0.5790
Epoch: 44, Loss: 0.5529, Train: 0.8286, Val: 0.6020, Test: 0.5750
Epoch: 45, Loss: 0.5226, Train: 0.8357, Val: 0.6000, Test: 0.5690
Epoch: 46, Loss: 0.5375, Train: 0.8357, Val: 0.6100, Test: 0.5700
Epoch: 47, Loss: 0.5140, Train: 0.8429, Val: 0.6080, Test: 0.5740
Epoch: 48, Loss: 0.4593, Train: 0.8429, Val: 0.6180, Test: 0.5790
Epoch: 49, Loss: 0.4623, Train: 0.8429, Val: 0.6060, Test: 0.5760
Epoch: 50, Loss: 0.3720, Train: 0.8429, Val: 0.6060, Test: 0.5750
MAD:  0.8432
Best Test Accuracy: 0.6380, Val Accuracy: 0.6300, Train Accuracy: 0.8714
Training completed.
Seed:  6
GATv2(
  (convs): ModuleList(
    (0): GATv2Conv(1433, 128, heads=1)
    (1-6): 6 x GATv2Conv(128, 128, heads=1)
    (7): GATv2Conv(128, 7, heads=1)
  )
)
Epoch: 1, Loss: 1.9567, Train: 0.1643, Val: 0.1720, Test: 0.1600
Epoch: 2, Loss: 1.9440, Train: 0.1786, Val: 0.2000, Test: 0.1740
Epoch: 3, Loss: 1.9432, Train: 0.1429, Val: 0.1620, Test: 0.1490
Epoch: 4, Loss: 1.9433, Train: 0.1429, Val: 0.1620, Test: 0.1490
Epoch: 5, Loss: 1.9433, Train: 0.2786, Val: 0.2140, Test: 0.2250
Epoch: 6, Loss: 1.9425, Train: 0.2929, Val: 0.1820, Test: 0.1860
Epoch: 7, Loss: 1.9308, Train: 0.4357, Val: 0.2200, Test: 0.2340
Epoch: 8, Loss: 1.9282, Train: 0.4857, Val: 0.3360, Test: 0.3260
Epoch: 9, Loss: 1.9255, Train: 0.5286, Val: 0.3760, Test: 0.3560
Epoch: 10, Loss: 1.9276, Train: 0.6000, Val: 0.4400, Test: 0.4180
Epoch: 11, Loss: 1.9121, Train: 0.7286, Val: 0.5300, Test: 0.5200
Epoch: 12, Loss: 1.9045, Train: 0.6429, Val: 0.5100, Test: 0.4830
Epoch: 13, Loss: 1.8993, Train: 0.6214, Val: 0.4560, Test: 0.4470
Epoch: 14, Loss: 1.8742, Train: 0.6286, Val: 0.4420, Test: 0.4400
Epoch: 15, Loss: 1.8660, Train: 0.6214, Val: 0.4420, Test: 0.4310
Epoch: 16, Loss: 1.8348, Train: 0.5857, Val: 0.4180, Test: 0.4170
Epoch: 17, Loss: 1.7986, Train: 0.5500, Val: 0.3840, Test: 0.3900
Epoch: 18, Loss: 1.7822, Train: 0.5357, Val: 0.3580, Test: 0.3660
Epoch: 19, Loss: 1.7335, Train: 0.5000, Val: 0.3540, Test: 0.3320
Epoch: 20, Loss: 1.7148, Train: 0.4857, Val: 0.3480, Test: 0.3280
Epoch: 21, Loss: 1.6590, Train: 0.5071, Val: 0.3580, Test: 0.3450
Epoch: 22, Loss: 1.5819, Train: 0.5286, Val: 0.3980, Test: 0.3740
Epoch: 23, Loss: 1.5554, Train: 0.5857, Val: 0.4460, Test: 0.4170
Epoch: 24, Loss: 1.4304, Train: 0.6429, Val: 0.4760, Test: 0.4420
Epoch: 25, Loss: 1.2984, Train: 0.6429, Val: 0.4960, Test: 0.4660
Epoch: 26, Loss: 1.2619, Train: 0.6786, Val: 0.5400, Test: 0.5150
Epoch: 27, Loss: 1.1435, Train: 0.7286, Val: 0.6060, Test: 0.5930
Epoch: 28, Loss: 1.1515, Train: 0.7857, Val: 0.6300, Test: 0.6240
Epoch: 29, Loss: 1.0325, Train: 0.7571, Val: 0.6140, Test: 0.6110
Epoch: 30, Loss: 1.0436, Train: 0.7714, Val: 0.6080, Test: 0.6110
Epoch: 31, Loss: 0.9468, Train: 0.7571, Val: 0.5940, Test: 0.5870
Epoch: 32, Loss: 0.9630, Train: 0.8214, Val: 0.6380, Test: 0.6400
Epoch: 33, Loss: 0.8328, Train: 0.8929, Val: 0.7500, Test: 0.7580
Epoch: 34, Loss: 0.8448, Train: 0.8643, Val: 0.7160, Test: 0.7260
Epoch: 35, Loss: 0.8398, Train: 0.8571, Val: 0.7100, Test: 0.7110
Epoch: 36, Loss: 0.7143, Train: 0.9071, Val: 0.7360, Test: 0.7310
Epoch: 37, Loss: 0.6404, Train: 0.9143, Val: 0.7640, Test: 0.7570
Epoch: 38, Loss: 0.7055, Train: 0.8929, Val: 0.7420, Test: 0.7400
Epoch: 39, Loss: 0.5700, Train: 0.9071, Val: 0.6980, Test: 0.7080
Epoch: 40, Loss: 0.5826, Train: 0.9143, Val: 0.7180, Test: 0.7080
Epoch: 41, Loss: 0.6096, Train: 0.9500, Val: 0.7560, Test: 0.7570
Epoch: 42, Loss: 0.4763, Train: 0.9071, Val: 0.7520, Test: 0.7740
Epoch: 43, Loss: 0.4973, Train: 0.8929, Val: 0.7480, Test: 0.7780
Epoch: 44, Loss: 0.4786, Train: 0.9500, Val: 0.7540, Test: 0.7790
Epoch: 45, Loss: 0.4658, Train: 0.9643, Val: 0.7420, Test: 0.7450
Epoch: 46, Loss: 0.3834, Train: 0.9429, Val: 0.7280, Test: 0.7150
Epoch: 47, Loss: 0.4123, Train: 0.9429, Val: 0.7300, Test: 0.7150
Epoch: 48, Loss: 0.3698, Train: 0.9571, Val: 0.7480, Test: 0.7420
Epoch: 49, Loss: 0.3590, Train: 0.9643, Val: 0.7560, Test: 0.7610
Epoch: 50, Loss: 0.3847, Train: 0.9643, Val: 0.7560, Test: 0.7690
MAD:  0.8014
Best Test Accuracy: 0.7790, Val Accuracy: 0.7540, Train Accuracy: 0.9500
Training completed.
Seed:  7
GATv2(
  (convs): ModuleList(
    (0): GATv2Conv(1433, 128, heads=1)
    (1-6): 6 x GATv2Conv(128, 128, heads=1)
    (7): GATv2Conv(128, 7, heads=1)
  )
)
Epoch: 1, Loss: 1.9504, Train: 0.1857, Val: 0.1580, Test: 0.1540
Epoch: 2, Loss: 1.9408, Train: 0.1429, Val: 0.1560, Test: 0.1450
Epoch: 3, Loss: 1.9458, Train: 0.1429, Val: 0.1560, Test: 0.1470
Epoch: 4, Loss: 1.9492, Train: 0.1786, Val: 0.1560, Test: 0.1490
Epoch: 5, Loss: 1.9414, Train: 0.2357, Val: 0.1740, Test: 0.1690
Epoch: 6, Loss: 1.9384, Train: 0.3857, Val: 0.2580, Test: 0.2540
Epoch: 7, Loss: 1.9324, Train: 0.4071, Val: 0.3020, Test: 0.2980
Epoch: 8, Loss: 1.9292, Train: 0.4000, Val: 0.2900, Test: 0.2870
Epoch: 9, Loss: 1.9306, Train: 0.4286, Val: 0.2980, Test: 0.2980
Epoch: 10, Loss: 1.9261, Train: 0.5429, Val: 0.4920, Test: 0.4790
Epoch: 11, Loss: 1.9161, Train: 0.5143, Val: 0.5440, Test: 0.5320
Epoch: 12, Loss: 1.9139, Train: 0.4286, Val: 0.5300, Test: 0.5210
Epoch: 13, Loss: 1.9046, Train: 0.4286, Val: 0.5280, Test: 0.5150
Epoch: 14, Loss: 1.8996, Train: 0.4500, Val: 0.5360, Test: 0.5280
Epoch: 15, Loss: 1.8686, Train: 0.5000, Val: 0.5480, Test: 0.5380
Epoch: 16, Loss: 1.8805, Train: 0.5143, Val: 0.5480, Test: 0.5550
Epoch: 17, Loss: 1.8410, Train: 0.5143, Val: 0.5460, Test: 0.5540
Epoch: 18, Loss: 1.8203, Train: 0.5000, Val: 0.5560, Test: 0.5500
Epoch: 19, Loss: 1.7922, Train: 0.5000, Val: 0.5620, Test: 0.5470
Epoch: 20, Loss: 1.7479, Train: 0.5000, Val: 0.5640, Test: 0.5460
Epoch: 21, Loss: 1.6848, Train: 0.5071, Val: 0.5600, Test: 0.5460
Epoch: 22, Loss: 1.6614, Train: 0.5071, Val: 0.5580, Test: 0.5470
Epoch: 23, Loss: 1.5676, Train: 0.5071, Val: 0.5520, Test: 0.5490
Epoch: 24, Loss: 1.4976, Train: 0.5214, Val: 0.5480, Test: 0.5590
Epoch: 25, Loss: 1.4374, Train: 0.5643, Val: 0.5660, Test: 0.5770
Epoch: 26, Loss: 1.3241, Train: 0.6500, Val: 0.5920, Test: 0.6180
Epoch: 27, Loss: 1.3081, Train: 0.6929, Val: 0.6100, Test: 0.6130
Epoch: 28, Loss: 1.2215, Train: 0.7357, Val: 0.6120, Test: 0.6180
Epoch: 29, Loss: 1.0895, Train: 0.7714, Val: 0.5680, Test: 0.5840
Epoch: 30, Loss: 1.0413, Train: 0.7214, Val: 0.4860, Test: 0.5030
Epoch: 31, Loss: 0.9924, Train: 0.7429, Val: 0.5100, Test: 0.5130
Epoch: 32, Loss: 0.9206, Train: 0.7000, Val: 0.4600, Test: 0.4850
Epoch: 33, Loss: 0.9393, Train: 0.7071, Val: 0.4660, Test: 0.4670
Epoch: 34, Loss: 0.8490, Train: 0.7500, Val: 0.4960, Test: 0.5060
Epoch: 35, Loss: 0.7978, Train: 0.7500, Val: 0.4920, Test: 0.4980
Epoch: 36, Loss: 0.8382, Train: 0.8071, Val: 0.5400, Test: 0.5360
Epoch: 37, Loss: 0.7269, Train: 0.7857, Val: 0.5380, Test: 0.5240
Epoch: 38, Loss: 0.7606, Train: 0.8143, Val: 0.5360, Test: 0.5300
Epoch: 39, Loss: 0.6502, Train: 0.8714, Val: 0.5880, Test: 0.5790
Epoch: 40, Loss: 0.5750, Train: 0.9143, Val: 0.6360, Test: 0.6380
Epoch: 41, Loss: 0.5689, Train: 0.9143, Val: 0.6620, Test: 0.6600
Epoch: 42, Loss: 0.5844, Train: 0.9071, Val: 0.6180, Test: 0.6180
Epoch: 43, Loss: 0.5184, Train: 0.8714, Val: 0.5940, Test: 0.5810
Epoch: 44, Loss: 0.5383, Train: 0.8786, Val: 0.5980, Test: 0.5870
Epoch: 45, Loss: 0.5273, Train: 0.8643, Val: 0.5720, Test: 0.5710
Epoch: 46, Loss: 0.4493, Train: 0.8571, Val: 0.5760, Test: 0.5790
Epoch: 47, Loss: 0.4527, Train: 0.8857, Val: 0.5860, Test: 0.5930
Epoch: 48, Loss: 0.4401, Train: 0.9143, Val: 0.6220, Test: 0.6260
Epoch: 49, Loss: 0.3398, Train: 0.9500, Val: 0.6840, Test: 0.6760
Epoch: 50, Loss: 0.3449, Train: 0.9571, Val: 0.7080, Test: 0.7180
MAD:  0.8705
Best Test Accuracy: 0.7180, Val Accuracy: 0.7080, Train Accuracy: 0.9571
Training completed.
Seed:  8
GATv2(
  (convs): ModuleList(
    (0): GATv2Conv(1433, 128, heads=1)
    (1-6): 6 x GATv2Conv(128, 128, heads=1)
    (7): GATv2Conv(128, 7, heads=1)
  )
)
Epoch: 1, Loss: 1.9616, Train: 0.1429, Val: 0.1220, Test: 0.1300
Epoch: 2, Loss: 1.9507, Train: 0.1429, Val: 0.1220, Test: 0.1290
Epoch: 3, Loss: 1.9394, Train: 0.1571, Val: 0.1440, Test: 0.1540
Epoch: 4, Loss: 1.9375, Train: 0.2143, Val: 0.2120, Test: 0.2130
Epoch: 5, Loss: 1.9434, Train: 0.1571, Val: 0.1740, Test: 0.1530
Epoch: 6, Loss: 1.9392, Train: 0.1857, Val: 0.1640, Test: 0.1540
Epoch: 7, Loss: 1.9324, Train: 0.2000, Val: 0.1680, Test: 0.1560
Epoch: 8, Loss: 1.9376, Train: 0.2357, Val: 0.1860, Test: 0.1750
Epoch: 9, Loss: 1.9286, Train: 0.2571, Val: 0.1880, Test: 0.1810
Epoch: 10, Loss: 1.9241, Train: 0.3429, Val: 0.2420, Test: 0.2480
Epoch: 11, Loss: 1.9236, Train: 0.4286, Val: 0.3020, Test: 0.3090
Epoch: 12, Loss: 1.9312, Train: 0.5857, Val: 0.4960, Test: 0.4620
Epoch: 13, Loss: 1.9127, Train: 0.5214, Val: 0.4540, Test: 0.4280
Epoch: 14, Loss: 1.9041, Train: 0.4429, Val: 0.3760, Test: 0.3530
Epoch: 15, Loss: 1.8817, Train: 0.4357, Val: 0.3120, Test: 0.3070
Epoch: 16, Loss: 1.8756, Train: 0.4500, Val: 0.3700, Test: 0.3610
Epoch: 17, Loss: 1.8503, Train: 0.5286, Val: 0.4340, Test: 0.4110
Epoch: 18, Loss: 1.8274, Train: 0.5857, Val: 0.4780, Test: 0.4520
Epoch: 19, Loss: 1.7893, Train: 0.5929, Val: 0.4860, Test: 0.4680
Epoch: 20, Loss: 1.7464, Train: 0.5714, Val: 0.4620, Test: 0.4360
Epoch: 21, Loss: 1.7157, Train: 0.4929, Val: 0.4200, Test: 0.3890
Epoch: 22, Loss: 1.6710, Train: 0.4786, Val: 0.3660, Test: 0.3390
Epoch: 23, Loss: 1.6115, Train: 0.4500, Val: 0.3560, Test: 0.3230
Epoch: 24, Loss: 1.5317, Train: 0.4429, Val: 0.3400, Test: 0.3030
Epoch: 25, Loss: 1.4715, Train: 0.4500, Val: 0.3560, Test: 0.3240
Epoch: 26, Loss: 1.4307, Train: 0.4786, Val: 0.3700, Test: 0.3630
Epoch: 27, Loss: 1.3356, Train: 0.5143, Val: 0.4240, Test: 0.3930
Epoch: 28, Loss: 1.2661, Train: 0.5429, Val: 0.4600, Test: 0.4290
Epoch: 29, Loss: 1.2218, Train: 0.5857, Val: 0.4940, Test: 0.4560
Epoch: 30, Loss: 1.1711, Train: 0.5857, Val: 0.5240, Test: 0.4920
Epoch: 31, Loss: 1.0865, Train: 0.6429, Val: 0.5520, Test: 0.5340
Epoch: 32, Loss: 1.0495, Train: 0.7071, Val: 0.6200, Test: 0.5970
Epoch: 33, Loss: 0.9473, Train: 0.7429, Val: 0.6480, Test: 0.6320
Epoch: 34, Loss: 0.9057, Train: 0.8071, Val: 0.6920, Test: 0.6740
Epoch: 35, Loss: 0.8861, Train: 0.7857, Val: 0.7060, Test: 0.7040
Epoch: 36, Loss: 0.8273, Train: 0.8143, Val: 0.7080, Test: 0.7170
Epoch: 37, Loss: 0.8252, Train: 0.8286, Val: 0.7260, Test: 0.7390
Epoch: 38, Loss: 0.7425, Train: 0.8714, Val: 0.7420, Test: 0.7690
Epoch: 39, Loss: 0.6870, Train: 0.9143, Val: 0.7520, Test: 0.7720
Epoch: 40, Loss: 0.7432, Train: 0.9071, Val: 0.7380, Test: 0.7720
Epoch: 41, Loss: 0.6683, Train: 0.9000, Val: 0.7340, Test: 0.7550
Epoch: 42, Loss: 0.6077, Train: 0.9214, Val: 0.7440, Test: 0.7700
Epoch: 43, Loss: 0.5736, Train: 0.9571, Val: 0.7600, Test: 0.7780
Epoch: 44, Loss: 0.5995, Train: 0.9500, Val: 0.7520, Test: 0.7630
Epoch: 45, Loss: 0.4923, Train: 0.9357, Val: 0.7660, Test: 0.7780
Epoch: 46, Loss: 0.4437, Train: 0.9571, Val: 0.7680, Test: 0.7820
Epoch: 47, Loss: 0.5577, Train: 0.9643, Val: 0.7880, Test: 0.7900
Epoch: 48, Loss: 0.4486, Train: 0.9500, Val: 0.7820, Test: 0.7880
Epoch: 49, Loss: 0.4512, Train: 0.9643, Val: 0.7780, Test: 0.7930
Epoch: 50, Loss: 0.3521, Train: 0.9643, Val: 0.7780, Test: 0.7980
MAD:  0.7852
Best Test Accuracy: 0.7980, Val Accuracy: 0.7780, Train Accuracy: 0.9643
Training completed.
Seed:  9
GATv2(
  (convs): ModuleList(
    (0): GATv2Conv(1433, 128, heads=1)
    (1-6): 6 x GATv2Conv(128, 128, heads=1)
    (7): GATv2Conv(128, 7, heads=1)
  )
)
Epoch: 1, Loss: 1.9639, Train: 0.1429, Val: 0.1560, Test: 0.1440
Epoch: 2, Loss: 1.9455, Train: 0.1429, Val: 0.1560, Test: 0.1440
Epoch: 3, Loss: 1.9454, Train: 0.1429, Val: 0.1560, Test: 0.1440
Epoch: 4, Loss: 1.9485, Train: 0.1429, Val: 0.1560, Test: 0.1460
Epoch: 5, Loss: 1.9396, Train: 0.1571, Val: 0.1860, Test: 0.1670
Epoch: 6, Loss: 1.9423, Train: 0.3714, Val: 0.4720, Test: 0.4480
Epoch: 7, Loss: 1.9329, Train: 0.3786, Val: 0.4760, Test: 0.4790
Epoch: 8, Loss: 1.9441, Train: 0.5357, Val: 0.5380, Test: 0.5670
Epoch: 9, Loss: 1.9278, Train: 0.5786, Val: 0.5240, Test: 0.5540
Epoch: 10, Loss: 1.9222, Train: 0.5071, Val: 0.4480, Test: 0.4830
Epoch: 11, Loss: 1.9225, Train: 0.4500, Val: 0.3860, Test: 0.4120
Epoch: 12, Loss: 1.9323, Train: 0.4000, Val: 0.3500, Test: 0.3720
Epoch: 13, Loss: 1.9088, Train: 0.4143, Val: 0.3460, Test: 0.3690
Epoch: 14, Loss: 1.9065, Train: 0.4286, Val: 0.3660, Test: 0.3790
Epoch: 15, Loss: 1.8956, Train: 0.4714, Val: 0.3820, Test: 0.4140
Epoch: 16, Loss: 1.8739, Train: 0.5500, Val: 0.4660, Test: 0.4970
Epoch: 17, Loss: 1.8476, Train: 0.7000, Val: 0.5460, Test: 0.5710
Epoch: 18, Loss: 1.8567, Train: 0.7143, Val: 0.5800, Test: 0.5820
Epoch: 19, Loss: 1.8215, Train: 0.7500, Val: 0.5280, Test: 0.5530
Epoch: 20, Loss: 1.7773, Train: 0.6857, Val: 0.5000, Test: 0.5170
Epoch: 21, Loss: 1.7349, Train: 0.6786, Val: 0.4760, Test: 0.4840
Epoch: 22, Loss: 1.6999, Train: 0.6714, Val: 0.4740, Test: 0.4780
Epoch: 23, Loss: 1.6568, Train: 0.6643, Val: 0.4580, Test: 0.4690
Epoch: 24, Loss: 1.5578, Train: 0.6643, Val: 0.4620, Test: 0.4730
Epoch: 25, Loss: 1.5095, Train: 0.6786, Val: 0.4720, Test: 0.4770
Epoch: 26, Loss: 1.4001, Train: 0.6929, Val: 0.4740, Test: 0.4870
Epoch: 27, Loss: 1.3032, Train: 0.7214, Val: 0.4720, Test: 0.4840
Epoch: 28, Loss: 1.2389, Train: 0.7143, Val: 0.4900, Test: 0.5030
Epoch: 29, Loss: 1.1314, Train: 0.7429, Val: 0.4960, Test: 0.5150
Epoch: 30, Loss: 0.9873, Train: 0.7786, Val: 0.5300, Test: 0.5440
Epoch: 31, Loss: 0.9773, Train: 0.7214, Val: 0.5040, Test: 0.5350
Epoch: 32, Loss: 0.8932, Train: 0.7429, Val: 0.5180, Test: 0.5370
Epoch: 33, Loss: 0.8399, Train: 0.7857, Val: 0.5460, Test: 0.5480
Epoch: 34, Loss: 0.9702, Train: 0.7786, Val: 0.5420, Test: 0.5470
Epoch: 35, Loss: 0.7417, Train: 0.7500, Val: 0.5360, Test: 0.5380
Epoch: 36, Loss: 0.7239, Train: 0.7714, Val: 0.5440, Test: 0.5390
Epoch: 37, Loss: 0.7321, Train: 0.7786, Val: 0.5600, Test: 0.5590
Epoch: 38, Loss: 0.5899, Train: 0.8071, Val: 0.5760, Test: 0.5690
Epoch: 39, Loss: 0.6990, Train: 0.7857, Val: 0.5820, Test: 0.5820
Epoch: 40, Loss: 0.5930, Train: 0.8000, Val: 0.6160, Test: 0.6180
Epoch: 41, Loss: 0.6660, Train: 0.8429, Val: 0.6620, Test: 0.6620
Epoch: 42, Loss: 0.6117, Train: 0.8571, Val: 0.7000, Test: 0.6810
Epoch: 43, Loss: 0.5934, Train: 0.8571, Val: 0.7040, Test: 0.6730
Epoch: 44, Loss: 0.5084, Train: 0.8643, Val: 0.7000, Test: 0.6540
Epoch: 45, Loss: 0.5053, Train: 0.8429, Val: 0.6740, Test: 0.6360
Epoch: 46, Loss: 0.4441, Train: 0.8357, Val: 0.6240, Test: 0.6090
Epoch: 47, Loss: 0.4320, Train: 0.8357, Val: 0.6080, Test: 0.5880
Epoch: 48, Loss: 0.4399, Train: 0.8643, Val: 0.6060, Test: 0.5890
Epoch: 49, Loss: 0.3939, Train: 0.8643, Val: 0.6120, Test: 0.5950
Epoch: 50, Loss: 0.3688, Train: 0.8714, Val: 0.6440, Test: 0.6260
MAD:  0.8149
Best Test Accuracy: 0.6810, Val Accuracy: 0.7000, Train Accuracy: 0.8571
Training completed.
Average Test Accuracy:  0.7386 ± 0.046770075903295266
Average MAD:  0.82088 ± 0.06501887110677945
