Seed:  0
GATv2(
  (convs): ModuleList(
    (0-6): 7 x GATv2Conv(128, 128, heads=1)
    (7): GATv2Conv(128, 7, heads=1)
  )
  (residual_fc): Linear(in_features=1433, out_features=128, bias=True)
)
Epoch: 1, Loss: 3.6172, Train: 0.2214, Val: 0.2300, Test: 0.2340
Epoch: 2, Loss: 2.8908, Train: 0.2357, Val: 0.2180, Test: 0.2210
Epoch: 3, Loss: 2.4093, Train: 0.1429, Val: 0.1660, Test: 0.1510
Epoch: 4, Loss: 2.5386, Train: 0.1500, Val: 0.1780, Test: 0.1640
Epoch: 5, Loss: 2.3881, Train: 0.2071, Val: 0.2080, Test: 0.1950
Epoch: 6, Loss: 2.2680, Train: 0.2357, Val: 0.2140, Test: 0.1920
Epoch: 7, Loss: 2.2526, Train: 0.2357, Val: 0.2000, Test: 0.1840
Epoch: 8, Loss: 2.0405, Train: 0.2214, Val: 0.2080, Test: 0.1940
Epoch: 9, Loss: 2.1377, Train: 0.2214, Val: 0.2120, Test: 0.2030
Epoch: 10, Loss: 2.0829, Train: 0.2214, Val: 0.2260, Test: 0.2190
Epoch: 11, Loss: 2.0959, Train: 0.2500, Val: 0.2340, Test: 0.2280
Epoch: 12, Loss: 2.1864, Train: 0.2643, Val: 0.2300, Test: 0.2210
Epoch: 13, Loss: 2.0463, Train: 0.2571, Val: 0.2300, Test: 0.2270
Epoch: 14, Loss: 1.9996, Train: 0.2643, Val: 0.2180, Test: 0.2190
Epoch: 15, Loss: 2.1074, Train: 0.2643, Val: 0.2060, Test: 0.2110
Epoch: 16, Loss: 2.0314, Train: 0.2643, Val: 0.2060, Test: 0.2100
Epoch: 17, Loss: 1.9741, Train: 0.2571, Val: 0.2140, Test: 0.2070
Epoch: 18, Loss: 1.8986, Train: 0.2571, Val: 0.2200, Test: 0.2070
Epoch: 19, Loss: 1.9865, Train: 0.2429, Val: 0.2180, Test: 0.2100
Epoch: 20, Loss: 1.9422, Train: 0.2929, Val: 0.2020, Test: 0.1950
Epoch: 21, Loss: 1.9127, Train: 0.2714, Val: 0.1200, Test: 0.1540
Epoch: 22, Loss: 1.9457, Train: 0.2286, Val: 0.0980, Test: 0.1190
Epoch: 23, Loss: 1.9310, Train: 0.2429, Val: 0.0880, Test: 0.1160
Epoch: 24, Loss: 1.9136, Train: 0.2286, Val: 0.0880, Test: 0.1100
Epoch: 25, Loss: 1.8379, Train: 0.2214, Val: 0.0820, Test: 0.1050
Epoch: 26, Loss: 1.9559, Train: 0.2143, Val: 0.0740, Test: 0.1020
Epoch: 27, Loss: 1.9215, Train: 0.2143, Val: 0.0740, Test: 0.1010
Epoch: 28, Loss: 1.8895, Train: 0.2143, Val: 0.0740, Test: 0.0990
Epoch: 29, Loss: 1.8925, Train: 0.2143, Val: 0.0740, Test: 0.0980
Epoch: 30, Loss: 1.8934, Train: 0.2143, Val: 0.0740, Test: 0.0980
Epoch: 31, Loss: 1.8545, Train: 0.2214, Val: 0.0760, Test: 0.0980
Epoch: 32, Loss: 1.8548, Train: 0.2214, Val: 0.0760, Test: 0.0980
Epoch: 33, Loss: 1.8211, Train: 0.2214, Val: 0.0780, Test: 0.0990
Epoch: 34, Loss: 1.8510, Train: 0.2143, Val: 0.0780, Test: 0.0980
Epoch: 35, Loss: 1.8997, Train: 0.2214, Val: 0.0800, Test: 0.0990
Epoch: 36, Loss: 1.8849, Train: 0.2214, Val: 0.0820, Test: 0.1020
Epoch: 37, Loss: 1.7839, Train: 0.2286, Val: 0.0840, Test: 0.1040
Epoch: 38, Loss: 1.7260, Train: 0.2714, Val: 0.0860, Test: 0.1110
Epoch: 39, Loss: 1.7056, Train: 0.2786, Val: 0.0860, Test: 0.1140
Epoch: 40, Loss: 1.7877, Train: 0.2929, Val: 0.0920, Test: 0.1170
Epoch: 41, Loss: 1.8604, Train: 0.2929, Val: 0.1020, Test: 0.1240
Epoch: 42, Loss: 1.7517, Train: 0.3000, Val: 0.1140, Test: 0.1370
Epoch: 43, Loss: 1.7039, Train: 0.3500, Val: 0.1360, Test: 0.1690
Epoch: 44, Loss: 1.7392, Train: 0.3857, Val: 0.1640, Test: 0.2020
Epoch: 45, Loss: 1.6735, Train: 0.4214, Val: 0.2100, Test: 0.2320
Epoch: 46, Loss: 1.7084, Train: 0.4714, Val: 0.2520, Test: 0.2600
Epoch: 47, Loss: 1.6890, Train: 0.4929, Val: 0.2740, Test: 0.2830
Epoch: 48, Loss: 1.6960, Train: 0.5286, Val: 0.3120, Test: 0.3330
Epoch: 49, Loss: 1.6639, Train: 0.5929, Val: 0.3700, Test: 0.3710
Epoch: 50, Loss: 1.5850, Train: 0.6286, Val: 0.4020, Test: 0.4050
Epoch: 51, Loss: 1.6386, Train: 0.6571, Val: 0.4320, Test: 0.4360
Epoch: 52, Loss: 1.5811, Train: 0.6643, Val: 0.4660, Test: 0.4580
Epoch: 53, Loss: 1.5902, Train: 0.6929, Val: 0.4960, Test: 0.4860
Epoch: 54, Loss: 1.5857, Train: 0.7429, Val: 0.5160, Test: 0.5130
Epoch: 55, Loss: 1.8683, Train: 0.7429, Val: 0.5260, Test: 0.5210
Epoch: 56, Loss: 1.7064, Train: 0.7357, Val: 0.5300, Test: 0.5220
Epoch: 57, Loss: 1.4207, Train: 0.7357, Val: 0.5340, Test: 0.5230
Epoch: 58, Loss: 1.3787, Train: 0.7500, Val: 0.5360, Test: 0.5270
Epoch: 59, Loss: 1.3976, Train: 0.7786, Val: 0.5460, Test: 0.5360
Epoch: 60, Loss: 1.4203, Train: 0.7714, Val: 0.5580, Test: 0.5540
Epoch: 61, Loss: 1.4317, Train: 0.7857, Val: 0.5720, Test: 0.5680
Epoch: 62, Loss: 1.2991, Train: 0.8071, Val: 0.5860, Test: 0.5810
Epoch: 63, Loss: 1.3497, Train: 0.8071, Val: 0.5920, Test: 0.5880
Epoch: 64, Loss: 1.2073, Train: 0.8071, Val: 0.6120, Test: 0.5990
Epoch: 65, Loss: 1.3640, Train: 0.8143, Val: 0.6160, Test: 0.6180
Epoch: 66, Loss: 1.1447, Train: 0.8429, Val: 0.6320, Test: 0.6360
Epoch: 67, Loss: 1.1344, Train: 0.8714, Val: 0.6520, Test: 0.6480
Epoch: 68, Loss: 1.1826, Train: 0.8786, Val: 0.6600, Test: 0.6560
Epoch: 69, Loss: 1.0211, Train: 0.8857, Val: 0.6760, Test: 0.6650
Epoch: 70, Loss: 1.1449, Train: 0.8857, Val: 0.6660, Test: 0.6670
Epoch: 71, Loss: 0.9958, Train: 0.8857, Val: 0.6840, Test: 0.6720
Epoch: 72, Loss: 0.9002, Train: 0.8714, Val: 0.6880, Test: 0.6820
Epoch: 73, Loss: 1.0845, Train: 0.8929, Val: 0.6900, Test: 0.6860
Epoch: 74, Loss: 0.9518, Train: 0.8929, Val: 0.7000, Test: 0.6890
Epoch: 75, Loss: 0.8589, Train: 0.8929, Val: 0.7120, Test: 0.7070
Epoch: 76, Loss: 0.7675, Train: 0.8929, Val: 0.7300, Test: 0.7250
Epoch: 77, Loss: 0.8748, Train: 0.9143, Val: 0.7420, Test: 0.7400
Epoch: 78, Loss: 0.9978, Train: 0.9071, Val: 0.7480, Test: 0.7510
Epoch: 79, Loss: 0.7812, Train: 0.9143, Val: 0.7520, Test: 0.7400
Epoch: 80, Loss: 0.6897, Train: 0.9071, Val: 0.7480, Test: 0.7330
Epoch: 81, Loss: 0.6413, Train: 0.9143, Val: 0.7140, Test: 0.7000
Epoch: 82, Loss: 0.6915, Train: 0.9000, Val: 0.6900, Test: 0.6700
Epoch: 83, Loss: 0.9022, Train: 0.8786, Val: 0.6720, Test: 0.6560
Epoch: 84, Loss: 0.6688, Train: 0.8643, Val: 0.6620, Test: 0.6560
Epoch: 85, Loss: 0.5864, Train: 0.8929, Val: 0.6800, Test: 0.6690
Epoch: 86, Loss: 0.5272, Train: 0.9143, Val: 0.6880, Test: 0.6920
Epoch: 87, Loss: 0.5853, Train: 0.9429, Val: 0.7040, Test: 0.7000
Epoch: 88, Loss: 0.5981, Train: 0.9429, Val: 0.7060, Test: 0.6980
Epoch: 89, Loss: 0.6444, Train: 0.9500, Val: 0.6980, Test: 0.6950
Epoch: 90, Loss: 0.4977, Train: 0.9357, Val: 0.7000, Test: 0.6960
Epoch: 91, Loss: 0.4573, Train: 0.9429, Val: 0.7000, Test: 0.6950
Epoch: 92, Loss: 0.5808, Train: 0.9429, Val: 0.7020, Test: 0.6960
Epoch: 93, Loss: 0.5007, Train: 0.9357, Val: 0.7060, Test: 0.6940
Epoch: 94, Loss: 0.3954, Train: 0.9357, Val: 0.7020, Test: 0.6980
Epoch: 95, Loss: 0.6030, Train: 0.9429, Val: 0.7000, Test: 0.6930
Epoch: 96, Loss: 0.4415, Train: 0.9429, Val: 0.6860, Test: 0.6830
Epoch: 97, Loss: 0.3245, Train: 0.9571, Val: 0.6800, Test: 0.6770
Epoch: 98, Loss: 0.5009, Train: 0.9571, Val: 0.6960, Test: 0.6890
Epoch: 99, Loss: 0.5030, Train: 0.9643, Val: 0.7180, Test: 0.7040
Epoch: 100, Loss: 0.3092, Train: 0.9786, Val: 0.7300, Test: 0.7160
MAD:  0.8481
Best Test Accuracy: 0.7510, Val Accuracy: 0.7480, Train Accuracy: 0.9071
Training completed.
Seed:  1
GATv2(
  (convs): ModuleList(
    (0-6): 7 x GATv2Conv(128, 128, heads=1)
    (7): GATv2Conv(128, 7, heads=1)
  )
  (residual_fc): Linear(in_features=1433, out_features=128, bias=True)
)
Epoch: 1, Loss: 3.6505, Train: 0.1429, Val: 0.1220, Test: 0.1300
Epoch: 2, Loss: 3.2108, Train: 0.1429, Val: 0.1220, Test: 0.1300
Epoch: 3, Loss: 2.6354, Train: 0.1500, Val: 0.1200, Test: 0.1310
Epoch: 4, Loss: 2.5535, Train: 0.1357, Val: 0.1080, Test: 0.0990
Epoch: 5, Loss: 2.4388, Train: 0.1500, Val: 0.0840, Test: 0.0750
Epoch: 6, Loss: 2.2992, Train: 0.2143, Val: 0.1200, Test: 0.1230
Epoch: 7, Loss: 2.1973, Train: 0.2429, Val: 0.1680, Test: 0.1770
Epoch: 8, Loss: 2.2042, Train: 0.2714, Val: 0.2220, Test: 0.2140
Epoch: 9, Loss: 2.1707, Train: 0.3143, Val: 0.2560, Test: 0.2340
Epoch: 10, Loss: 2.0874, Train: 0.3214, Val: 0.2700, Test: 0.2460
Epoch: 11, Loss: 2.1687, Train: 0.3143, Val: 0.2540, Test: 0.2590
Epoch: 12, Loss: 2.0830, Train: 0.3071, Val: 0.2360, Test: 0.2370
Epoch: 13, Loss: 2.0523, Train: 0.2929, Val: 0.2160, Test: 0.2160
Epoch: 14, Loss: 2.0851, Train: 0.3143, Val: 0.2040, Test: 0.2010
Epoch: 15, Loss: 2.1390, Train: 0.3143, Val: 0.1960, Test: 0.1900
Epoch: 16, Loss: 1.9777, Train: 0.3214, Val: 0.1940, Test: 0.1880
Epoch: 17, Loss: 1.9918, Train: 0.3357, Val: 0.2020, Test: 0.1940
Epoch: 18, Loss: 1.9425, Train: 0.3571, Val: 0.2100, Test: 0.2110
Epoch: 19, Loss: 1.9638, Train: 0.3571, Val: 0.2260, Test: 0.2200
Epoch: 20, Loss: 2.0564, Train: 0.3500, Val: 0.2460, Test: 0.2330
Epoch: 21, Loss: 1.9745, Train: 0.3643, Val: 0.2580, Test: 0.2460
Epoch: 22, Loss: 1.9028, Train: 0.3929, Val: 0.2660, Test: 0.2660
Epoch: 23, Loss: 2.0524, Train: 0.3857, Val: 0.2840, Test: 0.2800
Epoch: 24, Loss: 2.0595, Train: 0.4357, Val: 0.3120, Test: 0.3090
Epoch: 25, Loss: 1.9591, Train: 0.4429, Val: 0.3320, Test: 0.3300
Epoch: 26, Loss: 1.8591, Train: 0.5143, Val: 0.3420, Test: 0.3480
Epoch: 27, Loss: 1.9399, Train: 0.5643, Val: 0.3620, Test: 0.3620
Epoch: 28, Loss: 1.9025, Train: 0.5357, Val: 0.3580, Test: 0.3640
Epoch: 29, Loss: 1.8496, Train: 0.5429, Val: 0.3560, Test: 0.3610
Epoch: 30, Loss: 1.8796, Train: 0.5429, Val: 0.3400, Test: 0.3480
Epoch: 31, Loss: 1.8549, Train: 0.5571, Val: 0.3360, Test: 0.3460
Epoch: 32, Loss: 1.9110, Train: 0.5571, Val: 0.3360, Test: 0.3450
Epoch: 33, Loss: 1.8267, Train: 0.5500, Val: 0.3400, Test: 0.3560
Epoch: 34, Loss: 1.8577, Train: 0.5500, Val: 0.3460, Test: 0.3610
Epoch: 35, Loss: 1.8476, Train: 0.5571, Val: 0.3500, Test: 0.3680
Epoch: 36, Loss: 1.8038, Train: 0.5786, Val: 0.3560, Test: 0.3730
Epoch: 37, Loss: 1.8043, Train: 0.5786, Val: 0.3600, Test: 0.3800
Epoch: 38, Loss: 1.7955, Train: 0.5786, Val: 0.3660, Test: 0.3960
Epoch: 39, Loss: 1.8585, Train: 0.5786, Val: 0.3720, Test: 0.3970
Epoch: 40, Loss: 1.7769, Train: 0.5857, Val: 0.3820, Test: 0.4060
Epoch: 41, Loss: 1.7966, Train: 0.5929, Val: 0.3940, Test: 0.4130
Epoch: 42, Loss: 1.7819, Train: 0.6143, Val: 0.4080, Test: 0.4200
Epoch: 43, Loss: 1.7821, Train: 0.6286, Val: 0.4160, Test: 0.4290
Epoch: 44, Loss: 1.8144, Train: 0.6357, Val: 0.4200, Test: 0.4330
Epoch: 45, Loss: 1.7949, Train: 0.6286, Val: 0.4300, Test: 0.4450
Epoch: 46, Loss: 1.7407, Train: 0.6429, Val: 0.4500, Test: 0.4620
Epoch: 47, Loss: 1.7415, Train: 0.6714, Val: 0.4740, Test: 0.4750
Epoch: 48, Loss: 1.6974, Train: 0.6929, Val: 0.5060, Test: 0.5020
Epoch: 49, Loss: 1.6541, Train: 0.7143, Val: 0.5200, Test: 0.5230
Epoch: 50, Loss: 1.6556, Train: 0.7357, Val: 0.5420, Test: 0.5400
Epoch: 51, Loss: 1.7137, Train: 0.7714, Val: 0.5880, Test: 0.5700
Epoch: 52, Loss: 1.6628, Train: 0.7714, Val: 0.6100, Test: 0.6140
Epoch: 53, Loss: 1.5576, Train: 0.8143, Val: 0.6400, Test: 0.6420
Epoch: 54, Loss: 1.5625, Train: 0.8214, Val: 0.6640, Test: 0.6670
Epoch: 55, Loss: 1.5928, Train: 0.8429, Val: 0.6720, Test: 0.6780
Epoch: 56, Loss: 1.4976, Train: 0.8500, Val: 0.6760, Test: 0.6980
Epoch: 57, Loss: 1.4893, Train: 0.8571, Val: 0.6900, Test: 0.6990
Epoch: 58, Loss: 1.4610, Train: 0.8500, Val: 0.6880, Test: 0.7030
Epoch: 59, Loss: 1.5102, Train: 0.8643, Val: 0.6940, Test: 0.7010
Epoch: 60, Loss: 1.3281, Train: 0.8500, Val: 0.6860, Test: 0.7030
Epoch: 61, Loss: 1.4154, Train: 0.8643, Val: 0.6980, Test: 0.7120
Epoch: 62, Loss: 1.4096, Train: 0.8643, Val: 0.7140, Test: 0.7200
Epoch: 63, Loss: 1.6485, Train: 0.8857, Val: 0.7140, Test: 0.7300
Epoch: 64, Loss: 1.2535, Train: 0.8857, Val: 0.7200, Test: 0.7270
Epoch: 65, Loss: 1.4031, Train: 0.8786, Val: 0.7220, Test: 0.7270
Epoch: 66, Loss: 1.2674, Train: 0.8714, Val: 0.7200, Test: 0.7190
Epoch: 67, Loss: 1.2761, Train: 0.8714, Val: 0.7200, Test: 0.7160
Epoch: 68, Loss: 1.2755, Train: 0.8643, Val: 0.7040, Test: 0.7070
Epoch: 69, Loss: 1.3210, Train: 0.8643, Val: 0.7060, Test: 0.7040
Epoch: 70, Loss: 1.1131, Train: 0.8714, Val: 0.7080, Test: 0.7000
Epoch: 71, Loss: 1.1824, Train: 0.8786, Val: 0.7180, Test: 0.7110
Epoch: 72, Loss: 1.0983, Train: 0.8786, Val: 0.7240, Test: 0.7290
Epoch: 73, Loss: 1.1593, Train: 0.8929, Val: 0.7300, Test: 0.7470
Epoch: 74, Loss: 1.0077, Train: 0.8929, Val: 0.7420, Test: 0.7580
Epoch: 75, Loss: 1.1342, Train: 0.9071, Val: 0.7540, Test: 0.7670
Epoch: 76, Loss: 0.9693, Train: 0.9071, Val: 0.7480, Test: 0.7710
Epoch: 77, Loss: 0.9700, Train: 0.9000, Val: 0.7540, Test: 0.7750
Epoch: 78, Loss: 0.9434, Train: 0.9071, Val: 0.7560, Test: 0.7700
Epoch: 79, Loss: 0.9333, Train: 0.9071, Val: 0.7500, Test: 0.7720
Epoch: 80, Loss: 0.8415, Train: 0.9143, Val: 0.7500, Test: 0.7670
Epoch: 81, Loss: 0.8925, Train: 0.9214, Val: 0.7460, Test: 0.7630
Epoch: 82, Loss: 0.8722, Train: 0.9357, Val: 0.7400, Test: 0.7610
Epoch: 83, Loss: 0.9245, Train: 0.9357, Val: 0.7420, Test: 0.7670
Epoch: 84, Loss: 0.8004, Train: 0.9357, Val: 0.7380, Test: 0.7640
Epoch: 85, Loss: 0.7654, Train: 0.9357, Val: 0.7400, Test: 0.7630
Epoch: 86, Loss: 0.7980, Train: 0.9429, Val: 0.7420, Test: 0.7650
Epoch: 87, Loss: 0.7768, Train: 0.9500, Val: 0.7380, Test: 0.7670
Epoch: 88, Loss: 0.6855, Train: 0.9429, Val: 0.7440, Test: 0.7730
Epoch: 89, Loss: 0.6909, Train: 0.9429, Val: 0.7520, Test: 0.7750
Epoch: 90, Loss: 0.6165, Train: 0.9643, Val: 0.7600, Test: 0.7720
Epoch: 91, Loss: 0.7279, Train: 0.9643, Val: 0.7500, Test: 0.7650
Epoch: 92, Loss: 0.6356, Train: 0.9643, Val: 0.7480, Test: 0.7620
Epoch: 93, Loss: 0.6154, Train: 0.9643, Val: 0.7480, Test: 0.7650
Epoch: 94, Loss: 0.5631, Train: 0.9714, Val: 0.7520, Test: 0.7680
Epoch: 95, Loss: 0.7138, Train: 0.9643, Val: 0.7600, Test: 0.7720
Epoch: 96, Loss: 0.5873, Train: 0.9643, Val: 0.7600, Test: 0.7740
Epoch: 97, Loss: 0.6351, Train: 0.9571, Val: 0.7620, Test: 0.7800
Epoch: 98, Loss: 0.4724, Train: 0.9643, Val: 0.7620, Test: 0.7800
Epoch: 99, Loss: 0.4984, Train: 0.9714, Val: 0.7640, Test: 0.7760
Epoch: 100, Loss: 0.5317, Train: 0.9714, Val: 0.7660, Test: 0.7740
MAD:  0.8356
Best Test Accuracy: 0.7800, Val Accuracy: 0.7620, Train Accuracy: 0.9571
Training completed.
Seed:  2
GATv2(
  (convs): ModuleList(
    (0-6): 7 x GATv2Conv(128, 128, heads=1)
    (7): GATv2Conv(128, 7, heads=1)
  )
  (residual_fc): Linear(in_features=1433, out_features=128, bias=True)
)
Epoch: 1, Loss: 3.8358, Train: 0.1429, Val: 0.1220, Test: 0.1300
Epoch: 2, Loss: 3.1896, Train: 0.1357, Val: 0.1480, Test: 0.1450
Epoch: 3, Loss: 2.9280, Train: 0.1500, Val: 0.3220, Test: 0.3260
Epoch: 4, Loss: 2.6487, Train: 0.1429, Val: 0.3180, Test: 0.3150
Epoch: 5, Loss: 2.5223, Train: 0.1429, Val: 0.3160, Test: 0.3190
Epoch: 6, Loss: 2.4207, Train: 0.1429, Val: 0.3160, Test: 0.3190
Epoch: 7, Loss: 2.3753, Train: 0.1429, Val: 0.3160, Test: 0.3190
Epoch: 8, Loss: 2.1582, Train: 0.1429, Val: 0.3160, Test: 0.3190
Epoch: 9, Loss: 2.1465, Train: 0.1429, Val: 0.3160, Test: 0.3190
Epoch: 10, Loss: 2.2352, Train: 0.1429, Val: 0.3160, Test: 0.3190
Epoch: 11, Loss: 2.1321, Train: 0.1429, Val: 0.3160, Test: 0.3190
Epoch: 12, Loss: 2.2459, Train: 0.1429, Val: 0.3160, Test: 0.3190
Epoch: 13, Loss: 2.0662, Train: 0.1429, Val: 0.3160, Test: 0.3190
Epoch: 14, Loss: 2.0890, Train: 0.1429, Val: 0.3160, Test: 0.3190
Epoch: 15, Loss: 2.0396, Train: 0.1429, Val: 0.3160, Test: 0.3190
Epoch: 16, Loss: 2.1070, Train: 0.1429, Val: 0.3160, Test: 0.3190
Epoch: 17, Loss: 2.1153, Train: 0.1429, Val: 0.3160, Test: 0.3190
Epoch: 18, Loss: 2.0544, Train: 0.1429, Val: 0.3160, Test: 0.3190
Epoch: 19, Loss: 2.0510, Train: 0.1429, Val: 0.3160, Test: 0.3190
Epoch: 20, Loss: 1.9978, Train: 0.1429, Val: 0.3160, Test: 0.3190
Epoch: 21, Loss: 1.9836, Train: 0.1429, Val: 0.3160, Test: 0.3190
Epoch: 22, Loss: 1.9604, Train: 0.1429, Val: 0.3160, Test: 0.3190
Epoch: 23, Loss: 1.9973, Train: 0.1429, Val: 0.3160, Test: 0.3190
Epoch: 24, Loss: 1.9601, Train: 0.1429, Val: 0.3160, Test: 0.3190
Epoch: 25, Loss: 1.9793, Train: 0.1429, Val: 0.3160, Test: 0.3190
Epoch: 26, Loss: 1.9053, Train: 0.1429, Val: 0.3180, Test: 0.3190
Epoch: 27, Loss: 1.9288, Train: 0.1500, Val: 0.3180, Test: 0.3200
Epoch: 28, Loss: 2.0137, Train: 0.1571, Val: 0.3220, Test: 0.3260
Epoch: 29, Loss: 1.8748, Train: 0.1929, Val: 0.3260, Test: 0.3280
Epoch: 30, Loss: 1.8940, Train: 0.2286, Val: 0.3460, Test: 0.3460
Epoch: 31, Loss: 1.9384, Train: 0.2929, Val: 0.3620, Test: 0.3650
Epoch: 32, Loss: 1.9221, Train: 0.3286, Val: 0.3920, Test: 0.4060
Epoch: 33, Loss: 1.8824, Train: 0.3929, Val: 0.3980, Test: 0.4350
Epoch: 34, Loss: 1.8639, Train: 0.4357, Val: 0.3820, Test: 0.4330
Epoch: 35, Loss: 1.8745, Train: 0.4571, Val: 0.3460, Test: 0.4080
Epoch: 36, Loss: 1.8791, Train: 0.4714, Val: 0.3100, Test: 0.3690
Epoch: 37, Loss: 1.9226, Train: 0.4500, Val: 0.2800, Test: 0.3290
Epoch: 38, Loss: 1.9044, Train: 0.4714, Val: 0.2640, Test: 0.2990
Epoch: 39, Loss: 1.8723, Train: 0.4714, Val: 0.2600, Test: 0.2910
Epoch: 40, Loss: 1.8070, Train: 0.4714, Val: 0.2660, Test: 0.2920
Epoch: 41, Loss: 1.8520, Train: 0.5071, Val: 0.2880, Test: 0.2970
Epoch: 42, Loss: 1.7850, Train: 0.5071, Val: 0.3020, Test: 0.3090
Epoch: 43, Loss: 1.8110, Train: 0.5071, Val: 0.3180, Test: 0.3200
Epoch: 44, Loss: 1.8292, Train: 0.5286, Val: 0.3340, Test: 0.3320
Epoch: 45, Loss: 1.7737, Train: 0.5571, Val: 0.3520, Test: 0.3410
Epoch: 46, Loss: 1.8421, Train: 0.5571, Val: 0.3580, Test: 0.3440
Epoch: 47, Loss: 1.7772, Train: 0.5643, Val: 0.3600, Test: 0.3510
Epoch: 48, Loss: 1.8069, Train: 0.5571, Val: 0.3640, Test: 0.3590
Epoch: 49, Loss: 1.7521, Train: 0.5571, Val: 0.3680, Test: 0.3610
Epoch: 50, Loss: 1.7699, Train: 0.5714, Val: 0.3680, Test: 0.3610
Epoch: 51, Loss: 1.6736, Train: 0.5714, Val: 0.3620, Test: 0.3570
Epoch: 52, Loss: 1.9968, Train: 0.5571, Val: 0.3460, Test: 0.3590
Epoch: 53, Loss: 1.7346, Train: 0.5571, Val: 0.3420, Test: 0.3530
Epoch: 54, Loss: 1.7074, Train: 0.5429, Val: 0.3320, Test: 0.3410
Epoch: 55, Loss: 1.6787, Train: 0.5286, Val: 0.3300, Test: 0.3410
Epoch: 56, Loss: 1.6336, Train: 0.5286, Val: 0.3280, Test: 0.3350
Epoch: 57, Loss: 1.5927, Train: 0.5143, Val: 0.3280, Test: 0.3340
Epoch: 58, Loss: 1.5600, Train: 0.5143, Val: 0.3300, Test: 0.3340
Epoch: 59, Loss: 1.4478, Train: 0.5143, Val: 0.3340, Test: 0.3310
Epoch: 60, Loss: 1.5165, Train: 0.5071, Val: 0.3340, Test: 0.3360
Epoch: 61, Loss: 1.4675, Train: 0.5000, Val: 0.3340, Test: 0.3340
Epoch: 62, Loss: 1.4742, Train: 0.5214, Val: 0.3380, Test: 0.3360
Epoch: 63, Loss: 1.5190, Train: 0.5429, Val: 0.3580, Test: 0.3490
Epoch: 64, Loss: 1.3918, Train: 0.5714, Val: 0.3680, Test: 0.3660
Epoch: 65, Loss: 1.5082, Train: 0.6071, Val: 0.3860, Test: 0.3880
Epoch: 66, Loss: 1.3935, Train: 0.6286, Val: 0.4100, Test: 0.4020
Epoch: 67, Loss: 1.2713, Train: 0.6214, Val: 0.4180, Test: 0.4160
Epoch: 68, Loss: 1.4385, Train: 0.6286, Val: 0.4280, Test: 0.4210
Epoch: 69, Loss: 1.4280, Train: 0.6286, Val: 0.4360, Test: 0.4280
Epoch: 70, Loss: 1.4041, Train: 0.6357, Val: 0.4380, Test: 0.4350
Epoch: 71, Loss: 1.3981, Train: 0.6357, Val: 0.4400, Test: 0.4330
Epoch: 72, Loss: 1.3531, Train: 0.6500, Val: 0.4460, Test: 0.4330
Epoch: 73, Loss: 1.1880, Train: 0.6643, Val: 0.4520, Test: 0.4430
Epoch: 74, Loss: 1.2968, Train: 0.6714, Val: 0.4500, Test: 0.4460
Epoch: 75, Loss: 1.1041, Train: 0.6857, Val: 0.4580, Test: 0.4450
Epoch: 76, Loss: 1.4603, Train: 0.6857, Val: 0.4600, Test: 0.4510
Epoch: 77, Loss: 1.1895, Train: 0.6857, Val: 0.4660, Test: 0.4520
Epoch: 78, Loss: 1.1268, Train: 0.6786, Val: 0.4720, Test: 0.4530
Epoch: 79, Loss: 1.1278, Train: 0.6714, Val: 0.4720, Test: 0.4520
Epoch: 80, Loss: 1.0942, Train: 0.6714, Val: 0.4760, Test: 0.4530
Epoch: 81, Loss: 0.9856, Train: 0.6714, Val: 0.4780, Test: 0.4530
Epoch: 82, Loss: 1.0922, Train: 0.6714, Val: 0.4840, Test: 0.4540
Epoch: 83, Loss: 1.0414, Train: 0.6786, Val: 0.4900, Test: 0.4600
Epoch: 84, Loss: 1.0697, Train: 0.6857, Val: 0.5000, Test: 0.4710
Epoch: 85, Loss: 0.9319, Train: 0.6929, Val: 0.5120, Test: 0.4800
Epoch: 86, Loss: 1.1211, Train: 0.7000, Val: 0.5080, Test: 0.4920
Epoch: 87, Loss: 0.9420, Train: 0.7071, Val: 0.5200, Test: 0.5070
Epoch: 88, Loss: 0.9730, Train: 0.7214, Val: 0.5220, Test: 0.5130
Epoch: 89, Loss: 0.9660, Train: 0.7357, Val: 0.5260, Test: 0.5180
Epoch: 90, Loss: 0.9193, Train: 0.7357, Val: 0.5300, Test: 0.5210
Epoch: 91, Loss: 0.8543, Train: 0.7214, Val: 0.5260, Test: 0.5180
Epoch: 92, Loss: 0.8574, Train: 0.7286, Val: 0.5260, Test: 0.5170
Epoch: 93, Loss: 0.9201, Train: 0.7214, Val: 0.5160, Test: 0.5090
Epoch: 94, Loss: 0.8265, Train: 0.7286, Val: 0.5200, Test: 0.5080
Epoch: 95, Loss: 0.9199, Train: 0.7286, Val: 0.5100, Test: 0.5040
Epoch: 96, Loss: 0.7839, Train: 0.7214, Val: 0.5140, Test: 0.5000
Epoch: 97, Loss: 0.8069, Train: 0.7143, Val: 0.5160, Test: 0.4950
Epoch: 98, Loss: 0.7726, Train: 0.7286, Val: 0.5160, Test: 0.4950
Epoch: 99, Loss: 0.7127, Train: 0.7286, Val: 0.5160, Test: 0.4980
Epoch: 100, Loss: 0.7554, Train: 0.7357, Val: 0.5120, Test: 0.5080
MAD:  0.6185
Best Test Accuracy: 0.5210, Val Accuracy: 0.5300, Train Accuracy: 0.7357
Training completed.
Seed:  3
GATv2(
  (convs): ModuleList(
    (0-6): 7 x GATv2Conv(128, 128, heads=1)
    (7): GATv2Conv(128, 7, heads=1)
  )
  (residual_fc): Linear(in_features=1433, out_features=128, bias=True)
)
Epoch: 1, Loss: 3.8744, Train: 0.1643, Val: 0.1700, Test: 0.1730
Epoch: 2, Loss: 2.7962, Train: 0.1714, Val: 0.2200, Test: 0.2020
Epoch: 3, Loss: 2.4662, Train: 0.1500, Val: 0.1660, Test: 0.1680
Epoch: 4, Loss: 2.5496, Train: 0.1429, Val: 0.1620, Test: 0.1480
Epoch: 5, Loss: 2.1624, Train: 0.1429, Val: 0.1620, Test: 0.1490
Epoch: 6, Loss: 2.4984, Train: 0.1429, Val: 0.1620, Test: 0.1490
Epoch: 7, Loss: 2.2198, Train: 0.1429, Val: 0.1620, Test: 0.1490
Epoch: 8, Loss: 2.3666, Train: 0.1429, Val: 0.1620, Test: 0.1490
Epoch: 9, Loss: 2.2553, Train: 0.1429, Val: 0.1620, Test: 0.1490
Epoch: 10, Loss: 2.4519, Train: 0.1429, Val: 0.1620, Test: 0.1490
Epoch: 11, Loss: 2.0649, Train: 0.1429, Val: 0.1620, Test: 0.1490
Epoch: 12, Loss: 2.1040, Train: 0.1429, Val: 0.1620, Test: 0.1490
Epoch: 13, Loss: 2.1843, Train: 0.1429, Val: 0.1620, Test: 0.1490
Epoch: 14, Loss: 2.0344, Train: 0.1429, Val: 0.1620, Test: 0.1490
Epoch: 15, Loss: 2.0127, Train: 0.1500, Val: 0.1620, Test: 0.1500
Epoch: 16, Loss: 1.9735, Train: 0.1643, Val: 0.1620, Test: 0.1530
Epoch: 17, Loss: 2.0187, Train: 0.1929, Val: 0.1620, Test: 0.1590
Epoch: 18, Loss: 2.0134, Train: 0.2000, Val: 0.1620, Test: 0.1650
Epoch: 19, Loss: 2.0500, Train: 0.2214, Val: 0.1620, Test: 0.1680
Epoch: 20, Loss: 1.9444, Train: 0.2357, Val: 0.1660, Test: 0.1760
Epoch: 21, Loss: 1.8483, Train: 0.2571, Val: 0.1780, Test: 0.1830
Epoch: 22, Loss: 1.9063, Train: 0.3000, Val: 0.1920, Test: 0.1990
Epoch: 23, Loss: 1.9800, Train: 0.3429, Val: 0.2220, Test: 0.2240
Epoch: 24, Loss: 1.9137, Train: 0.4143, Val: 0.2440, Test: 0.2510
Epoch: 25, Loss: 1.9593, Train: 0.4643, Val: 0.2740, Test: 0.2890
Epoch: 26, Loss: 1.8994, Train: 0.4929, Val: 0.2880, Test: 0.3080
Epoch: 27, Loss: 1.8580, Train: 0.5000, Val: 0.2960, Test: 0.3240
Epoch: 28, Loss: 1.8700, Train: 0.5286, Val: 0.2960, Test: 0.3240
Epoch: 29, Loss: 1.9043, Train: 0.5071, Val: 0.3000, Test: 0.3290
Epoch: 30, Loss: 1.8819, Train: 0.5357, Val: 0.3080, Test: 0.3330
Epoch: 31, Loss: 1.8549, Train: 0.5571, Val: 0.3080, Test: 0.3470
Epoch: 32, Loss: 1.8662, Train: 0.5857, Val: 0.3360, Test: 0.3680
Epoch: 33, Loss: 1.8251, Train: 0.6214, Val: 0.3780, Test: 0.4020
Epoch: 34, Loss: 1.7844, Train: 0.6429, Val: 0.4100, Test: 0.4370
Epoch: 35, Loss: 1.7918, Train: 0.6857, Val: 0.4480, Test: 0.4550
Epoch: 36, Loss: 1.8628, Train: 0.7357, Val: 0.4660, Test: 0.4870
Epoch: 37, Loss: 1.7846, Train: 0.7571, Val: 0.4840, Test: 0.4940
Epoch: 38, Loss: 1.7452, Train: 0.7714, Val: 0.4940, Test: 0.4980
Epoch: 39, Loss: 1.8507, Train: 0.7643, Val: 0.5140, Test: 0.5020
Epoch: 40, Loss: 1.7465, Train: 0.7571, Val: 0.5120, Test: 0.5080
Epoch: 41, Loss: 1.7481, Train: 0.7643, Val: 0.5100, Test: 0.5160
Epoch: 42, Loss: 1.6667, Train: 0.7643, Val: 0.5140, Test: 0.5130
Epoch: 43, Loss: 1.6214, Train: 0.7500, Val: 0.5160, Test: 0.5090
Epoch: 44, Loss: 1.6574, Train: 0.7643, Val: 0.5120, Test: 0.5130
Epoch: 45, Loss: 1.5226, Train: 0.7714, Val: 0.5040, Test: 0.5110
Epoch: 46, Loss: 1.6208, Train: 0.7643, Val: 0.5000, Test: 0.5130
Epoch: 47, Loss: 1.5471, Train: 0.7643, Val: 0.5060, Test: 0.5170
Epoch: 48, Loss: 1.5248, Train: 0.7786, Val: 0.5080, Test: 0.5160
Epoch: 49, Loss: 1.6137, Train: 0.7786, Val: 0.5140, Test: 0.5180
Epoch: 50, Loss: 1.5429, Train: 0.7714, Val: 0.5140, Test: 0.5250
Epoch: 51, Loss: 1.4843, Train: 0.7786, Val: 0.5160, Test: 0.5370
Epoch: 52, Loss: 1.4113, Train: 0.8143, Val: 0.5300, Test: 0.5440
Epoch: 53, Loss: 1.5155, Train: 0.8357, Val: 0.5480, Test: 0.5560
Epoch: 54, Loss: 1.5205, Train: 0.8500, Val: 0.5580, Test: 0.5680
Epoch: 55, Loss: 1.3654, Train: 0.8500, Val: 0.5580, Test: 0.5670
Epoch: 56, Loss: 1.2812, Train: 0.8429, Val: 0.5580, Test: 0.5660
Epoch: 57, Loss: 1.3219, Train: 0.8429, Val: 0.5600, Test: 0.5660
Epoch: 58, Loss: 1.3519, Train: 0.8429, Val: 0.5600, Test: 0.5660
Epoch: 59, Loss: 1.2533, Train: 0.8429, Val: 0.5620, Test: 0.5610
Epoch: 60, Loss: 1.2545, Train: 0.8429, Val: 0.5680, Test: 0.5710
Epoch: 61, Loss: 1.2550, Train: 0.8571, Val: 0.5780, Test: 0.5790
Epoch: 62, Loss: 1.3076, Train: 0.8571, Val: 0.5800, Test: 0.5810
Epoch: 63, Loss: 1.2187, Train: 0.8571, Val: 0.5820, Test: 0.5840
Epoch: 64, Loss: 1.0922, Train: 0.8643, Val: 0.5900, Test: 0.5960
Epoch: 65, Loss: 1.0998, Train: 0.8786, Val: 0.6000, Test: 0.6020
Epoch: 66, Loss: 1.0981, Train: 0.8786, Val: 0.6040, Test: 0.6090
Epoch: 67, Loss: 1.0816, Train: 0.8929, Val: 0.6140, Test: 0.6160
Epoch: 68, Loss: 1.0234, Train: 0.8857, Val: 0.6140, Test: 0.6140
Epoch: 69, Loss: 1.0704, Train: 0.8857, Val: 0.6180, Test: 0.6140
Epoch: 70, Loss: 0.9619, Train: 0.8857, Val: 0.6200, Test: 0.6160
Epoch: 71, Loss: 0.8065, Train: 0.8857, Val: 0.6160, Test: 0.6110
Epoch: 72, Loss: 0.8450, Train: 0.8929, Val: 0.6140, Test: 0.6050
Epoch: 73, Loss: 0.8291, Train: 0.8929, Val: 0.6240, Test: 0.6060
Epoch: 74, Loss: 0.7670, Train: 0.8929, Val: 0.6320, Test: 0.6150
Epoch: 75, Loss: 0.9718, Train: 0.9071, Val: 0.6420, Test: 0.6290
Epoch: 76, Loss: 0.6507, Train: 0.9143, Val: 0.6500, Test: 0.6400
Epoch: 77, Loss: 0.6677, Train: 0.9214, Val: 0.6520, Test: 0.6510
Epoch: 78, Loss: 0.7402, Train: 0.9286, Val: 0.6580, Test: 0.6620
Epoch: 79, Loss: 0.6364, Train: 0.9357, Val: 0.6660, Test: 0.6720
Epoch: 80, Loss: 0.6095, Train: 0.9429, Val: 0.6800, Test: 0.6890
Epoch: 81, Loss: 0.5851, Train: 0.9429, Val: 0.6840, Test: 0.6910
Epoch: 82, Loss: 0.6133, Train: 0.9500, Val: 0.6840, Test: 0.6840
Epoch: 83, Loss: 0.8117, Train: 0.9500, Val: 0.6840, Test: 0.6820
Epoch: 84, Loss: 0.6715, Train: 0.9500, Val: 0.6720, Test: 0.6700
Epoch: 85, Loss: 0.5890, Train: 0.9500, Val: 0.6600, Test: 0.6680
Epoch: 86, Loss: 0.5232, Train: 0.9429, Val: 0.6560, Test: 0.6640
Epoch: 87, Loss: 0.6352, Train: 0.9500, Val: 0.6600, Test: 0.6670
Epoch: 88, Loss: 0.4346, Train: 0.9500, Val: 0.6760, Test: 0.6810
Epoch: 89, Loss: 0.5806, Train: 0.9500, Val: 0.6800, Test: 0.7000
Epoch: 90, Loss: 0.4086, Train: 0.9571, Val: 0.6920, Test: 0.7220
Epoch: 91, Loss: 0.4268, Train: 0.9714, Val: 0.7160, Test: 0.7350
Epoch: 92, Loss: 0.4960, Train: 0.9786, Val: 0.7240, Test: 0.7460
Epoch: 93, Loss: 0.3884, Train: 0.9714, Val: 0.7320, Test: 0.7540
Epoch: 94, Loss: 0.4038, Train: 0.9714, Val: 0.7460, Test: 0.7580
Epoch: 95, Loss: 0.5945, Train: 0.9714, Val: 0.7380, Test: 0.7500
Epoch: 96, Loss: 0.3073, Train: 0.9643, Val: 0.7260, Test: 0.7400
Epoch: 97, Loss: 0.3825, Train: 0.9643, Val: 0.7240, Test: 0.7340
Epoch: 98, Loss: 0.3994, Train: 0.9643, Val: 0.7200, Test: 0.7300
Epoch: 99, Loss: 0.2497, Train: 0.9643, Val: 0.7080, Test: 0.7290
Epoch: 100, Loss: 0.3393, Train: 0.9571, Val: 0.7060, Test: 0.7300
MAD:  0.7569
Best Test Accuracy: 0.7580, Val Accuracy: 0.7460, Train Accuracy: 0.9714
Training completed.
Seed:  4
GATv2(
  (convs): ModuleList(
    (0-6): 7 x GATv2Conv(128, 128, heads=1)
    (7): GATv2Conv(128, 7, heads=1)
  )
  (residual_fc): Linear(in_features=1433, out_features=128, bias=True)
)
Epoch: 1, Loss: 3.1308, Train: 0.1429, Val: 0.1140, Test: 0.1030
Epoch: 2, Loss: 2.6209, Train: 0.1429, Val: 0.1140, Test: 0.1030
Epoch: 3, Loss: 2.2682, Train: 0.1500, Val: 0.1160, Test: 0.1050
Epoch: 4, Loss: 2.1714, Train: 0.1643, Val: 0.1180, Test: 0.1000
Epoch: 5, Loss: 2.1611, Train: 0.1429, Val: 0.0800, Test: 0.0710
Epoch: 6, Loss: 2.1366, Train: 0.1429, Val: 0.0640, Test: 0.0640
Epoch: 7, Loss: 2.0927, Train: 0.1429, Val: 0.0640, Test: 0.0660
Epoch: 8, Loss: 2.0689, Train: 0.1714, Val: 0.0960, Test: 0.0920
Epoch: 9, Loss: 2.1003, Train: 0.2000, Val: 0.1220, Test: 0.1270
Epoch: 10, Loss: 2.0171, Train: 0.2357, Val: 0.1820, Test: 0.1810
Epoch: 11, Loss: 1.9479, Train: 0.2286, Val: 0.2440, Test: 0.2360
Epoch: 12, Loss: 2.0410, Train: 0.2500, Val: 0.2860, Test: 0.2720
Epoch: 13, Loss: 2.0132, Train: 0.2571, Val: 0.3200, Test: 0.3000
Epoch: 14, Loss: 1.9871, Train: 0.2714, Val: 0.3260, Test: 0.3180
Epoch: 15, Loss: 1.9712, Train: 0.2571, Val: 0.3280, Test: 0.3250
Epoch: 16, Loss: 1.9268, Train: 0.2500, Val: 0.3220, Test: 0.3220
Epoch: 17, Loss: 1.9443, Train: 0.2429, Val: 0.3220, Test: 0.3220
Epoch: 18, Loss: 1.9585, Train: 0.2286, Val: 0.3220, Test: 0.3190
Epoch: 19, Loss: 2.0474, Train: 0.2286, Val: 0.3260, Test: 0.3230
Epoch: 20, Loss: 1.8815, Train: 0.2286, Val: 0.3240, Test: 0.3240
Epoch: 21, Loss: 1.8983, Train: 0.2357, Val: 0.3220, Test: 0.3250
Epoch: 22, Loss: 1.9405, Train: 0.2357, Val: 0.3220, Test: 0.3240
Epoch: 23, Loss: 1.9025, Train: 0.2286, Val: 0.3200, Test: 0.3240
Epoch: 24, Loss: 1.9289, Train: 0.2286, Val: 0.3200, Test: 0.3260
Epoch: 25, Loss: 1.7660, Train: 0.2143, Val: 0.3200, Test: 0.3270
Epoch: 26, Loss: 1.8589, Train: 0.2214, Val: 0.3220, Test: 0.3280
Epoch: 27, Loss: 1.8607, Train: 0.2214, Val: 0.3220, Test: 0.3290
Epoch: 28, Loss: 1.8867, Train: 0.2214, Val: 0.3220, Test: 0.3290
Epoch: 29, Loss: 1.8788, Train: 0.2286, Val: 0.3260, Test: 0.3300
Epoch: 30, Loss: 1.8128, Train: 0.2286, Val: 0.3260, Test: 0.3340
Epoch: 31, Loss: 1.8254, Train: 0.2429, Val: 0.3260, Test: 0.3390
Epoch: 32, Loss: 1.7698, Train: 0.2643, Val: 0.3360, Test: 0.3490
Epoch: 33, Loss: 1.8971, Train: 0.3286, Val: 0.3540, Test: 0.3700
Epoch: 34, Loss: 1.7419, Train: 0.3929, Val: 0.3780, Test: 0.3950
Epoch: 35, Loss: 1.7749, Train: 0.4429, Val: 0.4120, Test: 0.4280
Epoch: 36, Loss: 1.7784, Train: 0.5143, Val: 0.4520, Test: 0.4670
Epoch: 37, Loss: 1.7399, Train: 0.6000, Val: 0.5280, Test: 0.5310
Epoch: 38, Loss: 1.7855, Train: 0.6429, Val: 0.6100, Test: 0.5950
Epoch: 39, Loss: 1.8034, Train: 0.7357, Val: 0.6560, Test: 0.6650
Epoch: 40, Loss: 1.6938, Train: 0.7786, Val: 0.6800, Test: 0.6990
Epoch: 41, Loss: 1.7315, Train: 0.8500, Val: 0.7000, Test: 0.7260
Epoch: 42, Loss: 1.6275, Train: 0.8643, Val: 0.7280, Test: 0.7420
Epoch: 43, Loss: 1.5380, Train: 0.8714, Val: 0.7200, Test: 0.7440
Epoch: 44, Loss: 1.6736, Train: 0.8929, Val: 0.7300, Test: 0.7440
Epoch: 45, Loss: 1.6699, Train: 0.8857, Val: 0.7180, Test: 0.7300
Epoch: 46, Loss: 1.4610, Train: 0.8571, Val: 0.7140, Test: 0.7210
Epoch: 47, Loss: 1.4373, Train: 0.8286, Val: 0.6980, Test: 0.7180
Epoch: 48, Loss: 1.5155, Train: 0.8500, Val: 0.6980, Test: 0.7130
Epoch: 49, Loss: 1.5194, Train: 0.8857, Val: 0.7020, Test: 0.7080
Epoch: 50, Loss: 1.4672, Train: 0.8929, Val: 0.6980, Test: 0.6960
Epoch: 51, Loss: 1.5743, Train: 0.8857, Val: 0.6860, Test: 0.6960
Epoch: 52, Loss: 1.3698, Train: 0.9000, Val: 0.7020, Test: 0.6970
Epoch: 53, Loss: 1.2603, Train: 0.9071, Val: 0.7200, Test: 0.7090
Epoch: 54, Loss: 1.2314, Train: 0.9000, Val: 0.7120, Test: 0.7090
Epoch: 55, Loss: 1.2613, Train: 0.9143, Val: 0.7140, Test: 0.7160
Epoch: 56, Loss: 1.2377, Train: 0.9000, Val: 0.7120, Test: 0.7210
Epoch: 57, Loss: 1.1707, Train: 0.8857, Val: 0.7200, Test: 0.7350
Epoch: 58, Loss: 1.1655, Train: 0.8929, Val: 0.7240, Test: 0.7450
Epoch: 59, Loss: 1.1067, Train: 0.8857, Val: 0.7300, Test: 0.7560
Epoch: 60, Loss: 1.0801, Train: 0.9000, Val: 0.7520, Test: 0.7700
Epoch: 61, Loss: 1.1539, Train: 0.9214, Val: 0.7600, Test: 0.7770
Epoch: 62, Loss: 1.0240, Train: 0.9429, Val: 0.7700, Test: 0.7830
Epoch: 63, Loss: 1.0706, Train: 0.9429, Val: 0.7660, Test: 0.7800
Epoch: 64, Loss: 0.9063, Train: 0.9214, Val: 0.7640, Test: 0.7840
Epoch: 65, Loss: 0.9225, Train: 0.9143, Val: 0.7720, Test: 0.7870
Epoch: 66, Loss: 1.0775, Train: 0.9143, Val: 0.7760, Test: 0.7860
Epoch: 67, Loss: 0.9096, Train: 0.9214, Val: 0.7840, Test: 0.7890
Epoch: 68, Loss: 0.9065, Train: 0.9357, Val: 0.7880, Test: 0.7880
Epoch: 69, Loss: 0.8521, Train: 0.9357, Val: 0.7820, Test: 0.7820
Epoch: 70, Loss: 0.8669, Train: 0.9357, Val: 0.7840, Test: 0.7850
Epoch: 71, Loss: 1.0270, Train: 0.9429, Val: 0.7820, Test: 0.7870
Epoch: 72, Loss: 0.8156, Train: 0.9429, Val: 0.7840, Test: 0.7960
Epoch: 73, Loss: 0.7226, Train: 0.9500, Val: 0.7880, Test: 0.7930
Epoch: 74, Loss: 0.9069, Train: 0.9500, Val: 0.7840, Test: 0.7900
Epoch: 75, Loss: 0.7797, Train: 0.9571, Val: 0.7900, Test: 0.7950
Epoch: 76, Loss: 0.8306, Train: 0.9571, Val: 0.7840, Test: 0.7960
Epoch: 77, Loss: 0.6093, Train: 0.9500, Val: 0.7860, Test: 0.7950
Epoch: 78, Loss: 0.7501, Train: 0.9500, Val: 0.7760, Test: 0.7910
Epoch: 79, Loss: 0.7209, Train: 0.9500, Val: 0.7720, Test: 0.7910
Epoch: 80, Loss: 0.6139, Train: 0.9500, Val: 0.7720, Test: 0.7880
Epoch: 81, Loss: 0.5314, Train: 0.9500, Val: 0.7780, Test: 0.7840
Epoch: 82, Loss: 0.6060, Train: 0.9429, Val: 0.7780, Test: 0.7800
Epoch: 83, Loss: 0.6641, Train: 0.9571, Val: 0.7740, Test: 0.7770
Epoch: 84, Loss: 0.5949, Train: 0.9643, Val: 0.7720, Test: 0.7790
Epoch: 85, Loss: 0.6829, Train: 0.9643, Val: 0.7820, Test: 0.7870
Epoch: 86, Loss: 0.6729, Train: 0.9714, Val: 0.7880, Test: 0.7870
Epoch: 87, Loss: 0.4775, Train: 0.9714, Val: 0.7860, Test: 0.7900
Epoch: 88, Loss: 0.5697, Train: 0.9714, Val: 0.7820, Test: 0.7870
Epoch: 89, Loss: 0.5059, Train: 0.9714, Val: 0.7800, Test: 0.7920
Epoch: 90, Loss: 0.6383, Train: 0.9714, Val: 0.7740, Test: 0.7860
Epoch: 91, Loss: 0.5029, Train: 0.9714, Val: 0.7680, Test: 0.7830
Epoch: 92, Loss: 0.5359, Train: 0.9714, Val: 0.7660, Test: 0.7810
Epoch: 93, Loss: 0.5496, Train: 0.9857, Val: 0.7600, Test: 0.7790
Epoch: 94, Loss: 0.4060, Train: 0.9786, Val: 0.7500, Test: 0.7780
Epoch: 95, Loss: 0.5955, Train: 0.9786, Val: 0.7520, Test: 0.7730
Epoch: 96, Loss: 0.3504, Train: 0.9786, Val: 0.7520, Test: 0.7750
Epoch: 97, Loss: 0.4510, Train: 0.9786, Val: 0.7440, Test: 0.7770
Epoch: 98, Loss: 0.4036, Train: 0.9786, Val: 0.7580, Test: 0.7780
Epoch: 99, Loss: 0.4132, Train: 0.9786, Val: 0.7660, Test: 0.7790
Epoch: 100, Loss: 0.3791, Train: 0.9786, Val: 0.7740, Test: 0.7860
MAD:  0.7323
Best Test Accuracy: 0.7960, Val Accuracy: 0.7840, Train Accuracy: 0.9429
Training completed.
Seed:  5
GATv2(
  (convs): ModuleList(
    (0-6): 7 x GATv2Conv(128, 128, heads=1)
    (7): GATv2Conv(128, 7, heads=1)
  )
  (residual_fc): Linear(in_features=1433, out_features=128, bias=True)
)
Epoch: 1, Loss: 3.3037, Train: 0.1357, Val: 0.1100, Test: 0.1310
Epoch: 2, Loss: 2.7942, Train: 0.1714, Val: 0.1240, Test: 0.1180
Epoch: 3, Loss: 2.4346, Train: 0.2143, Val: 0.1540, Test: 0.1790
Epoch: 4, Loss: 2.4158, Train: 0.2429, Val: 0.2380, Test: 0.2410
Epoch: 5, Loss: 2.1964, Train: 0.2571, Val: 0.2940, Test: 0.2900
Epoch: 6, Loss: 2.1075, Train: 0.2786, Val: 0.2900, Test: 0.2930
Epoch: 7, Loss: 2.1494, Train: 0.2571, Val: 0.2760, Test: 0.2730
Epoch: 8, Loss: 2.1124, Train: 0.2429, Val: 0.2780, Test: 0.2800
Epoch: 9, Loss: 2.1167, Train: 0.2500, Val: 0.2900, Test: 0.2960
Epoch: 10, Loss: 2.0277, Train: 0.2714, Val: 0.3080, Test: 0.3170
Epoch: 11, Loss: 1.9582, Train: 0.2714, Val: 0.3160, Test: 0.3470
Epoch: 12, Loss: 1.9911, Train: 0.2571, Val: 0.3100, Test: 0.3320
Epoch: 13, Loss: 1.9347, Train: 0.2429, Val: 0.3120, Test: 0.3290
Epoch: 14, Loss: 1.9797, Train: 0.2357, Val: 0.3180, Test: 0.3260
Epoch: 15, Loss: 2.0169, Train: 0.2143, Val: 0.3080, Test: 0.3270
Epoch: 16, Loss: 1.9643, Train: 0.2214, Val: 0.3100, Test: 0.3300
Epoch: 17, Loss: 2.0514, Train: 0.2357, Val: 0.3280, Test: 0.3340
Epoch: 18, Loss: 2.1102, Train: 0.2571, Val: 0.3380, Test: 0.3520
Epoch: 19, Loss: 1.8561, Train: 0.3143, Val: 0.3800, Test: 0.3940
Epoch: 20, Loss: 2.0134, Train: 0.3214, Val: 0.3980, Test: 0.4150
Epoch: 21, Loss: 1.8860, Train: 0.3500, Val: 0.4160, Test: 0.4160
Epoch: 22, Loss: 1.7819, Train: 0.3571, Val: 0.4200, Test: 0.4210
Epoch: 23, Loss: 1.8819, Train: 0.3929, Val: 0.4460, Test: 0.4290
Epoch: 24, Loss: 1.8316, Train: 0.4286, Val: 0.4500, Test: 0.4270
Epoch: 25, Loss: 1.8966, Train: 0.4357, Val: 0.4540, Test: 0.4340
Epoch: 26, Loss: 1.7553, Train: 0.4429, Val: 0.4460, Test: 0.4410
Epoch: 27, Loss: 1.7301, Train: 0.4786, Val: 0.4600, Test: 0.4600
Epoch: 28, Loss: 1.8769, Train: 0.5500, Val: 0.5060, Test: 0.4820
Epoch: 29, Loss: 1.7891, Train: 0.6071, Val: 0.5080, Test: 0.5040
Epoch: 30, Loss: 1.7226, Train: 0.6429, Val: 0.5160, Test: 0.5140
Epoch: 31, Loss: 1.7669, Train: 0.6571, Val: 0.5220, Test: 0.5350
Epoch: 32, Loss: 1.7851, Train: 0.6714, Val: 0.5320, Test: 0.5390
Epoch: 33, Loss: 1.7159, Train: 0.7000, Val: 0.5500, Test: 0.5650
Epoch: 34, Loss: 1.6965, Train: 0.7143, Val: 0.5580, Test: 0.5740
Epoch: 35, Loss: 1.7571, Train: 0.7214, Val: 0.5640, Test: 0.5670
Epoch: 36, Loss: 1.6858, Train: 0.7357, Val: 0.5640, Test: 0.5680
Epoch: 37, Loss: 1.6407, Train: 0.7286, Val: 0.5620, Test: 0.5680
Epoch: 38, Loss: 1.5356, Train: 0.7071, Val: 0.5600, Test: 0.5720
Epoch: 39, Loss: 1.6073, Train: 0.7214, Val: 0.5580, Test: 0.5740
Epoch: 40, Loss: 1.6395, Train: 0.7214, Val: 0.5560, Test: 0.5630
Epoch: 41, Loss: 1.6150, Train: 0.7286, Val: 0.5460, Test: 0.5570
Epoch: 42, Loss: 1.4773, Train: 0.7214, Val: 0.5320, Test: 0.5460
Epoch: 43, Loss: 1.4028, Train: 0.7000, Val: 0.5180, Test: 0.5360
Epoch: 44, Loss: 1.5319, Train: 0.7000, Val: 0.5220, Test: 0.5350
Epoch: 45, Loss: 1.5243, Train: 0.7000, Val: 0.5340, Test: 0.5410
Epoch: 46, Loss: 1.4053, Train: 0.7071, Val: 0.5500, Test: 0.5520
Epoch: 47, Loss: 1.3504, Train: 0.7214, Val: 0.5540, Test: 0.5610
Epoch: 48, Loss: 1.3485, Train: 0.7429, Val: 0.5540, Test: 0.5620
Epoch: 49, Loss: 1.3581, Train: 0.7429, Val: 0.5700, Test: 0.5760
Epoch: 50, Loss: 1.4637, Train: 0.7714, Val: 0.5860, Test: 0.5930
Epoch: 51, Loss: 1.2553, Train: 0.7714, Val: 0.6080, Test: 0.6110
Epoch: 52, Loss: 1.3297, Train: 0.7857, Val: 0.6220, Test: 0.6350
Epoch: 53, Loss: 1.1770, Train: 0.7857, Val: 0.6480, Test: 0.6430
Epoch: 54, Loss: 1.2286, Train: 0.7929, Val: 0.6600, Test: 0.6480
Epoch: 55, Loss: 1.2721, Train: 0.8000, Val: 0.6620, Test: 0.6560
Epoch: 56, Loss: 1.1044, Train: 0.8143, Val: 0.6540, Test: 0.6510
Epoch: 57, Loss: 1.2047, Train: 0.8143, Val: 0.6480, Test: 0.6440
Epoch: 58, Loss: 1.1110, Train: 0.8214, Val: 0.6580, Test: 0.6510
Epoch: 59, Loss: 1.1736, Train: 0.8214, Val: 0.6400, Test: 0.6490
Epoch: 60, Loss: 1.0413, Train: 0.8143, Val: 0.6360, Test: 0.6480
Epoch: 61, Loss: 1.0975, Train: 0.8429, Val: 0.6480, Test: 0.6540
Epoch: 62, Loss: 1.0433, Train: 0.8714, Val: 0.6420, Test: 0.6600
Epoch: 63, Loss: 1.1021, Train: 0.8643, Val: 0.6640, Test: 0.6820
Epoch: 64, Loss: 1.0266, Train: 0.8571, Val: 0.6700, Test: 0.6880
Epoch: 65, Loss: 0.9460, Train: 0.8714, Val: 0.6800, Test: 0.6950
Epoch: 66, Loss: 0.7933, Train: 0.8857, Val: 0.6900, Test: 0.7010
Epoch: 67, Loss: 0.8283, Train: 0.9000, Val: 0.6880, Test: 0.7120
Epoch: 68, Loss: 0.8465, Train: 0.8929, Val: 0.6900, Test: 0.7170
Epoch: 69, Loss: 0.8927, Train: 0.9071, Val: 0.7040, Test: 0.7210
Epoch: 70, Loss: 0.8302, Train: 0.9214, Val: 0.7180, Test: 0.7330
Epoch: 71, Loss: 0.7632, Train: 0.9214, Val: 0.7280, Test: 0.7480
Epoch: 72, Loss: 0.7486, Train: 0.9143, Val: 0.7420, Test: 0.7580
Epoch: 73, Loss: 0.7901, Train: 0.9143, Val: 0.7560, Test: 0.7640
Epoch: 74, Loss: 0.6983, Train: 0.9071, Val: 0.7600, Test: 0.7630
Epoch: 75, Loss: 0.7636, Train: 0.9214, Val: 0.7740, Test: 0.7620
Epoch: 76, Loss: 0.7526, Train: 0.9214, Val: 0.7760, Test: 0.7610
Epoch: 77, Loss: 0.7623, Train: 0.9357, Val: 0.7860, Test: 0.7690
Epoch: 78, Loss: 0.7685, Train: 0.9429, Val: 0.7820, Test: 0.7730
Epoch: 79, Loss: 0.7660, Train: 0.9500, Val: 0.7840, Test: 0.7830
Epoch: 80, Loss: 0.7079, Train: 0.9500, Val: 0.7840, Test: 0.7870
Epoch: 81, Loss: 0.7409, Train: 0.9500, Val: 0.7880, Test: 0.7940
Epoch: 82, Loss: 0.8002, Train: 0.9357, Val: 0.7860, Test: 0.7940
Epoch: 83, Loss: 0.7604, Train: 0.9357, Val: 0.7820, Test: 0.7960
Epoch: 84, Loss: 0.6410, Train: 0.9357, Val: 0.7800, Test: 0.7970
Epoch: 85, Loss: 0.6170, Train: 0.9286, Val: 0.7660, Test: 0.7920
Epoch: 86, Loss: 0.6720, Train: 0.9286, Val: 0.7720, Test: 0.7800
Epoch: 87, Loss: 0.5562, Train: 0.9286, Val: 0.7640, Test: 0.7750
Epoch: 88, Loss: 0.4784, Train: 0.9286, Val: 0.7620, Test: 0.7690
Epoch: 89, Loss: 0.4132, Train: 0.9286, Val: 0.7580, Test: 0.7690
Epoch: 90, Loss: 0.5175, Train: 0.9286, Val: 0.7720, Test: 0.7690
Epoch: 91, Loss: 0.4516, Train: 0.9429, Val: 0.7780, Test: 0.7780
Epoch: 92, Loss: 0.6487, Train: 0.9500, Val: 0.7800, Test: 0.7810
Epoch: 93, Loss: 0.5876, Train: 0.9643, Val: 0.7720, Test: 0.7910
Epoch: 94, Loss: 0.4862, Train: 0.9714, Val: 0.7740, Test: 0.7990
Epoch: 95, Loss: 0.4747, Train: 0.9786, Val: 0.7740, Test: 0.7990
Epoch: 96, Loss: 0.4528, Train: 0.9786, Val: 0.7760, Test: 0.8040
Epoch: 97, Loss: 0.4401, Train: 0.9786, Val: 0.7720, Test: 0.7990
Epoch: 98, Loss: 0.5183, Train: 0.9786, Val: 0.7740, Test: 0.8020
Epoch: 99, Loss: 0.3976, Train: 0.9857, Val: 0.7780, Test: 0.7960
Epoch: 100, Loss: 0.4623, Train: 0.9857, Val: 0.7780, Test: 0.8000
MAD:  0.7511
Best Test Accuracy: 0.8040, Val Accuracy: 0.7760, Train Accuracy: 0.9786
Training completed.
Seed:  6
GATv2(
  (convs): ModuleList(
    (0-6): 7 x GATv2Conv(128, 128, heads=1)
    (7): GATv2Conv(128, 7, heads=1)
  )
  (residual_fc): Linear(in_features=1433, out_features=128, bias=True)
)
Epoch: 1, Loss: 3.5210, Train: 0.1286, Val: 0.0580, Test: 0.0620
Epoch: 2, Loss: 2.8245, Train: 0.1286, Val: 0.1000, Test: 0.1040
Epoch: 3, Loss: 2.8682, Train: 0.1429, Val: 0.1220, Test: 0.1300
Epoch: 4, Loss: 2.3955, Train: 0.1429, Val: 0.1220, Test: 0.1300
Epoch: 5, Loss: 2.4743, Train: 0.1429, Val: 0.1220, Test: 0.1300
Epoch: 6, Loss: 2.2185, Train: 0.1429, Val: 0.1220, Test: 0.1300
Epoch: 7, Loss: 2.3683, Train: 0.1429, Val: 0.1220, Test: 0.1300
Epoch: 8, Loss: 2.3119, Train: 0.1429, Val: 0.1220, Test: 0.1300
Epoch: 9, Loss: 2.0898, Train: 0.1429, Val: 0.1220, Test: 0.1300
Epoch: 10, Loss: 2.2484, Train: 0.1500, Val: 0.1220, Test: 0.1300
Epoch: 11, Loss: 1.9870, Train: 0.1500, Val: 0.1220, Test: 0.1300
Epoch: 12, Loss: 2.2008, Train: 0.1500, Val: 0.1220, Test: 0.1300
Epoch: 13, Loss: 2.2308, Train: 0.1500, Val: 0.1220, Test: 0.1300
Epoch: 14, Loss: 1.9993, Train: 0.1500, Val: 0.1220, Test: 0.1300
Epoch: 15, Loss: 2.1096, Train: 0.1500, Val: 0.1220, Test: 0.1300
Epoch: 16, Loss: 1.9432, Train: 0.1500, Val: 0.1240, Test: 0.1300
Epoch: 17, Loss: 2.0570, Train: 0.1571, Val: 0.1240, Test: 0.1300
Epoch: 18, Loss: 1.9988, Train: 0.1571, Val: 0.1240, Test: 0.1320
Epoch: 19, Loss: 1.9909, Train: 0.1643, Val: 0.1260, Test: 0.1350
Epoch: 20, Loss: 1.8387, Train: 0.1643, Val: 0.1380, Test: 0.1510
Epoch: 21, Loss: 1.9802, Train: 0.2000, Val: 0.1580, Test: 0.1680
Epoch: 22, Loss: 1.9277, Train: 0.2500, Val: 0.1780, Test: 0.1850
Epoch: 23, Loss: 1.8390, Train: 0.2929, Val: 0.1960, Test: 0.2130
Epoch: 24, Loss: 1.9067, Train: 0.3357, Val: 0.2140, Test: 0.2490
Epoch: 25, Loss: 1.9732, Train: 0.3643, Val: 0.2500, Test: 0.2820
Epoch: 26, Loss: 1.9254, Train: 0.4214, Val: 0.2900, Test: 0.3040
Epoch: 27, Loss: 1.9031, Train: 0.4714, Val: 0.3220, Test: 0.3270
Epoch: 28, Loss: 1.8627, Train: 0.5143, Val: 0.3520, Test: 0.3510
Epoch: 29, Loss: 1.9599, Train: 0.5643, Val: 0.3880, Test: 0.3820
Epoch: 30, Loss: 1.8980, Train: 0.6071, Val: 0.4120, Test: 0.4030
Epoch: 31, Loss: 1.8442, Train: 0.6286, Val: 0.4340, Test: 0.4230
Epoch: 32, Loss: 1.8020, Train: 0.6571, Val: 0.4620, Test: 0.4540
Epoch: 33, Loss: 1.9161, Train: 0.6929, Val: 0.4780, Test: 0.4850
Epoch: 34, Loss: 1.8955, Train: 0.7000, Val: 0.4980, Test: 0.4850
Epoch: 35, Loss: 1.7909, Train: 0.6857, Val: 0.4920, Test: 0.4830
Epoch: 36, Loss: 1.7600, Train: 0.6786, Val: 0.5060, Test: 0.4960
Epoch: 37, Loss: 1.8323, Train: 0.7000, Val: 0.5040, Test: 0.4980
Epoch: 38, Loss: 1.6799, Train: 0.7000, Val: 0.4880, Test: 0.4950
Epoch: 39, Loss: 1.7520, Train: 0.7143, Val: 0.4880, Test: 0.4900
Epoch: 40, Loss: 1.7497, Train: 0.7000, Val: 0.4880, Test: 0.4840
Epoch: 41, Loss: 1.7088, Train: 0.6929, Val: 0.4860, Test: 0.4850
Epoch: 42, Loss: 1.8035, Train: 0.7071, Val: 0.4840, Test: 0.4900
Epoch: 43, Loss: 1.6793, Train: 0.7357, Val: 0.4940, Test: 0.4970
Epoch: 44, Loss: 1.8311, Train: 0.7500, Val: 0.5020, Test: 0.5040
Epoch: 45, Loss: 1.7063, Train: 0.7786, Val: 0.5260, Test: 0.5240
Epoch: 46, Loss: 1.6021, Train: 0.7857, Val: 0.5480, Test: 0.5420
Epoch: 47, Loss: 1.6079, Train: 0.7929, Val: 0.5600, Test: 0.5550
Epoch: 48, Loss: 1.5587, Train: 0.8143, Val: 0.5860, Test: 0.5720
Epoch: 49, Loss: 1.4414, Train: 0.8214, Val: 0.6140, Test: 0.5940
Epoch: 50, Loss: 1.5733, Train: 0.8286, Val: 0.6420, Test: 0.6150
Epoch: 51, Loss: 1.4683, Train: 0.8429, Val: 0.6660, Test: 0.6370
Epoch: 52, Loss: 1.4835, Train: 0.8643, Val: 0.6900, Test: 0.6640
Epoch: 53, Loss: 1.3663, Train: 0.8643, Val: 0.7060, Test: 0.6800
Epoch: 54, Loss: 1.4458, Train: 0.8786, Val: 0.7060, Test: 0.6910
Epoch: 55, Loss: 1.4114, Train: 0.8857, Val: 0.7140, Test: 0.7020
Epoch: 56, Loss: 1.3787, Train: 0.8929, Val: 0.7140, Test: 0.6990
Epoch: 57, Loss: 1.2473, Train: 0.8929, Val: 0.7220, Test: 0.7010
Epoch: 58, Loss: 1.1997, Train: 0.8929, Val: 0.7300, Test: 0.7080
Epoch: 59, Loss: 1.2550, Train: 0.8929, Val: 0.7340, Test: 0.7100
Epoch: 60, Loss: 1.1948, Train: 0.8857, Val: 0.7320, Test: 0.7080
Epoch: 61, Loss: 1.1891, Train: 0.8929, Val: 0.7260, Test: 0.7100
Epoch: 62, Loss: 1.0679, Train: 0.8929, Val: 0.7240, Test: 0.7080
Epoch: 63, Loss: 1.1741, Train: 0.8929, Val: 0.7260, Test: 0.7090
Epoch: 64, Loss: 1.1381, Train: 0.9000, Val: 0.7220, Test: 0.7050
Epoch: 65, Loss: 1.0758, Train: 0.9071, Val: 0.7240, Test: 0.7050
Epoch: 66, Loss: 1.0543, Train: 0.9143, Val: 0.7260, Test: 0.7110
Epoch: 67, Loss: 0.9687, Train: 0.9143, Val: 0.7320, Test: 0.7220
Epoch: 68, Loss: 1.1169, Train: 0.9214, Val: 0.7380, Test: 0.7220
Epoch: 69, Loss: 1.0364, Train: 0.9286, Val: 0.7500, Test: 0.7310
Epoch: 70, Loss: 1.0055, Train: 0.9286, Val: 0.7500, Test: 0.7340
Epoch: 71, Loss: 1.1967, Train: 0.9357, Val: 0.7380, Test: 0.7290
Epoch: 72, Loss: 0.8674, Train: 0.9429, Val: 0.7360, Test: 0.7270
Epoch: 73, Loss: 0.9302, Train: 0.9571, Val: 0.7340, Test: 0.7300
Epoch: 74, Loss: 0.8046, Train: 0.9643, Val: 0.7320, Test: 0.7370
Epoch: 75, Loss: 0.8767, Train: 0.9643, Val: 0.7400, Test: 0.7460
Epoch: 76, Loss: 0.7025, Train: 0.9643, Val: 0.7480, Test: 0.7510
Epoch: 77, Loss: 0.7366, Train: 0.9500, Val: 0.7660, Test: 0.7660
Epoch: 78, Loss: 0.6865, Train: 0.9500, Val: 0.7800, Test: 0.7720
Epoch: 79, Loss: 0.6871, Train: 0.9500, Val: 0.7780, Test: 0.7770
Epoch: 80, Loss: 0.6055, Train: 0.9429, Val: 0.7840, Test: 0.7800
Epoch: 81, Loss: 0.7153, Train: 0.9429, Val: 0.7900, Test: 0.7930
Epoch: 82, Loss: 0.6538, Train: 0.9429, Val: 0.7840, Test: 0.7910
Epoch: 83, Loss: 0.7470, Train: 0.9500, Val: 0.7800, Test: 0.7810
Epoch: 84, Loss: 0.6233, Train: 0.9571, Val: 0.7640, Test: 0.7760
Epoch: 85, Loss: 0.5738, Train: 0.9714, Val: 0.7700, Test: 0.7690
Epoch: 86, Loss: 0.7356, Train: 0.9714, Val: 0.7600, Test: 0.7640
Epoch: 87, Loss: 0.6266, Train: 0.9714, Val: 0.7400, Test: 0.7480
Epoch: 88, Loss: 0.5655, Train: 0.9714, Val: 0.7380, Test: 0.7370
Epoch: 89, Loss: 0.4750, Train: 0.9643, Val: 0.7200, Test: 0.7320
Epoch: 90, Loss: 0.5810, Train: 0.9643, Val: 0.7120, Test: 0.7250
Epoch: 91, Loss: 0.6266, Train: 0.9643, Val: 0.7160, Test: 0.7270
Epoch: 92, Loss: 0.5009, Train: 0.9643, Val: 0.7220, Test: 0.7330
Epoch: 93, Loss: 0.3951, Train: 0.9714, Val: 0.7320, Test: 0.7440
Epoch: 94, Loss: 0.5519, Train: 0.9643, Val: 0.7480, Test: 0.7620
Epoch: 95, Loss: 0.4879, Train: 0.9714, Val: 0.7580, Test: 0.7740
Epoch: 96, Loss: 0.3458, Train: 0.9786, Val: 0.7600, Test: 0.7820
Epoch: 97, Loss: 0.4037, Train: 0.9714, Val: 0.7640, Test: 0.7870
Epoch: 98, Loss: 0.4309, Train: 0.9786, Val: 0.7660, Test: 0.7850
Epoch: 99, Loss: 0.4020, Train: 0.9786, Val: 0.7720, Test: 0.7760
Epoch: 100, Loss: 0.4503, Train: 0.9786, Val: 0.7720, Test: 0.7690
MAD:  0.6416
Best Test Accuracy: 0.7930, Val Accuracy: 0.7900, Train Accuracy: 0.9429
Training completed.
Seed:  7
GATv2(
  (convs): ModuleList(
    (0-6): 7 x GATv2Conv(128, 128, heads=1)
    (7): GATv2Conv(128, 7, heads=1)
  )
  (residual_fc): Linear(in_features=1433, out_features=128, bias=True)
)
Epoch: 1, Loss: 3.1059, Train: 0.1500, Val: 0.3200, Test: 0.3110
Epoch: 2, Loss: 2.6221, Train: 0.1500, Val: 0.3260, Test: 0.3200
Epoch: 3, Loss: 2.5337, Train: 0.1429, Val: 0.3200, Test: 0.3180
Epoch: 4, Loss: 2.1248, Train: 0.1429, Val: 0.3160, Test: 0.3190
Epoch: 5, Loss: 2.3170, Train: 0.1429, Val: 0.3140, Test: 0.3180
Epoch: 6, Loss: 2.1573, Train: 0.1429, Val: 0.3140, Test: 0.3160
Epoch: 7, Loss: 2.0916, Train: 0.1429, Val: 0.3140, Test: 0.3160
Epoch: 8, Loss: 2.0671, Train: 0.1500, Val: 0.3160, Test: 0.3180
Epoch: 9, Loss: 2.1328, Train: 0.1571, Val: 0.3160, Test: 0.3200
Epoch: 10, Loss: 2.1389, Train: 0.1571, Val: 0.3180, Test: 0.3210
Epoch: 11, Loss: 2.1260, Train: 0.1929, Val: 0.3200, Test: 0.3250
Epoch: 12, Loss: 1.9823, Train: 0.2000, Val: 0.3200, Test: 0.3270
Epoch: 13, Loss: 2.0833, Train: 0.2000, Val: 0.3300, Test: 0.3280
Epoch: 14, Loss: 2.0061, Train: 0.2143, Val: 0.3300, Test: 0.3330
Epoch: 15, Loss: 1.9023, Train: 0.2214, Val: 0.3400, Test: 0.3350
Epoch: 16, Loss: 1.8864, Train: 0.2357, Val: 0.3460, Test: 0.3380
Epoch: 17, Loss: 1.8683, Train: 0.2643, Val: 0.3520, Test: 0.3440
Epoch: 18, Loss: 2.0111, Train: 0.3214, Val: 0.3660, Test: 0.3730
Epoch: 19, Loss: 1.8339, Train: 0.3857, Val: 0.3880, Test: 0.3970
Epoch: 20, Loss: 1.9257, Train: 0.4571, Val: 0.4540, Test: 0.4510
Epoch: 21, Loss: 1.9536, Train: 0.5714, Val: 0.4860, Test: 0.5270
Epoch: 22, Loss: 1.8919, Train: 0.6000, Val: 0.5000, Test: 0.5080
Epoch: 23, Loss: 1.8544, Train: 0.6000, Val: 0.4680, Test: 0.4520
Epoch: 24, Loss: 1.8141, Train: 0.6071, Val: 0.4320, Test: 0.4190
Epoch: 25, Loss: 1.8203, Train: 0.6000, Val: 0.4140, Test: 0.4110
Epoch: 26, Loss: 1.8618, Train: 0.6071, Val: 0.4120, Test: 0.4010
Epoch: 27, Loss: 1.9276, Train: 0.6071, Val: 0.4020, Test: 0.3980
Epoch: 28, Loss: 1.8796, Train: 0.6000, Val: 0.4020, Test: 0.4030
Epoch: 29, Loss: 1.7924, Train: 0.6000, Val: 0.4160, Test: 0.4070
Epoch: 30, Loss: 1.7639, Train: 0.5929, Val: 0.4220, Test: 0.4130
Epoch: 31, Loss: 1.8357, Train: 0.6071, Val: 0.4260, Test: 0.4250
Epoch: 32, Loss: 1.7935, Train: 0.6357, Val: 0.4440, Test: 0.4360
Epoch: 33, Loss: 1.8751, Train: 0.6286, Val: 0.4400, Test: 0.4360
Epoch: 34, Loss: 1.8500, Train: 0.6357, Val: 0.4420, Test: 0.4440
Epoch: 35, Loss: 1.8112, Train: 0.6286, Val: 0.4600, Test: 0.4510
Epoch: 36, Loss: 1.7870, Train: 0.6429, Val: 0.4660, Test: 0.4600
Epoch: 37, Loss: 1.7843, Train: 0.6357, Val: 0.4620, Test: 0.4560
Epoch: 38, Loss: 1.6784, Train: 0.6429, Val: 0.4480, Test: 0.4520
Epoch: 39, Loss: 1.7214, Train: 0.6429, Val: 0.4460, Test: 0.4490
Epoch: 40, Loss: 1.6044, Train: 0.6357, Val: 0.4520, Test: 0.4590
Epoch: 41, Loss: 1.7121, Train: 0.6786, Val: 0.4780, Test: 0.4720
Epoch: 42, Loss: 1.5798, Train: 0.6857, Val: 0.5060, Test: 0.5040
Epoch: 43, Loss: 1.5611, Train: 0.7143, Val: 0.5300, Test: 0.5430
Epoch: 44, Loss: 1.4366, Train: 0.7357, Val: 0.5580, Test: 0.5710
Epoch: 45, Loss: 1.4607, Train: 0.7643, Val: 0.5720, Test: 0.5950
Epoch: 46, Loss: 1.4766, Train: 0.7714, Val: 0.5980, Test: 0.6190
Epoch: 47, Loss: 1.4624, Train: 0.7714, Val: 0.6020, Test: 0.6300
Epoch: 48, Loss: 1.6166, Train: 0.7857, Val: 0.6220, Test: 0.6450
Epoch: 49, Loss: 1.3605, Train: 0.7857, Val: 0.6380, Test: 0.6520
Epoch: 50, Loss: 1.2931, Train: 0.8000, Val: 0.6500, Test: 0.6640
Epoch: 51, Loss: 1.3326, Train: 0.8214, Val: 0.6580, Test: 0.6610
Epoch: 52, Loss: 1.2173, Train: 0.8286, Val: 0.6540, Test: 0.6600
Epoch: 53, Loss: 1.2850, Train: 0.8214, Val: 0.6580, Test: 0.6570
Epoch: 54, Loss: 1.3251, Train: 0.8286, Val: 0.6540, Test: 0.6570
Epoch: 55, Loss: 1.2279, Train: 0.8357, Val: 0.6540, Test: 0.6550
Epoch: 56, Loss: 1.2250, Train: 0.8500, Val: 0.6580, Test: 0.6560
Epoch: 57, Loss: 1.1206, Train: 0.8429, Val: 0.6600, Test: 0.6550
Epoch: 58, Loss: 1.1537, Train: 0.8429, Val: 0.6440, Test: 0.6560
Epoch: 59, Loss: 1.0277, Train: 0.8429, Val: 0.6460, Test: 0.6510
Epoch: 60, Loss: 1.0194, Train: 0.8500, Val: 0.6460, Test: 0.6550
Epoch: 61, Loss: 0.9208, Train: 0.8500, Val: 0.6580, Test: 0.6600
Epoch: 62, Loss: 1.0206, Train: 0.8500, Val: 0.6620, Test: 0.6660
Epoch: 63, Loss: 0.9016, Train: 0.8571, Val: 0.6680, Test: 0.6790
Epoch: 64, Loss: 0.8667, Train: 0.8571, Val: 0.6800, Test: 0.6940
Epoch: 65, Loss: 0.8360, Train: 0.8714, Val: 0.6940, Test: 0.6960
Epoch: 66, Loss: 0.7734, Train: 0.8714, Val: 0.7060, Test: 0.7110
Epoch: 67, Loss: 0.8587, Train: 0.9000, Val: 0.7140, Test: 0.7230
Epoch: 68, Loss: 0.8532, Train: 0.9071, Val: 0.7260, Test: 0.7350
Epoch: 69, Loss: 0.8647, Train: 0.9071, Val: 0.7360, Test: 0.7440
Epoch: 70, Loss: 0.8057, Train: 0.9214, Val: 0.7300, Test: 0.7540
Epoch: 71, Loss: 0.6355, Train: 0.9214, Val: 0.7380, Test: 0.7570
Epoch: 72, Loss: 0.9035, Train: 0.9357, Val: 0.7360, Test: 0.7590
Epoch: 73, Loss: 0.6635, Train: 0.9071, Val: 0.7300, Test: 0.7600
Epoch: 74, Loss: 0.7307, Train: 0.9286, Val: 0.7160, Test: 0.7610
Epoch: 75, Loss: 0.6791, Train: 0.9286, Val: 0.7100, Test: 0.7470
Epoch: 76, Loss: 0.5772, Train: 0.9357, Val: 0.7040, Test: 0.7480
Epoch: 77, Loss: 0.6442, Train: 0.9357, Val: 0.7100, Test: 0.7540
Epoch: 78, Loss: 0.5167, Train: 0.9429, Val: 0.7080, Test: 0.7610
Epoch: 79, Loss: 0.6761, Train: 0.9429, Val: 0.7180, Test: 0.7610
Epoch: 80, Loss: 0.5536, Train: 0.9571, Val: 0.7280, Test: 0.7620
Epoch: 81, Loss: 0.5924, Train: 0.9571, Val: 0.7260, Test: 0.7600
Epoch: 82, Loss: 0.6028, Train: 0.9571, Val: 0.7300, Test: 0.7530
Epoch: 83, Loss: 0.4633, Train: 0.9786, Val: 0.7280, Test: 0.7500
Epoch: 84, Loss: 0.5089, Train: 0.9786, Val: 0.7420, Test: 0.7510
Epoch: 85, Loss: 0.4980, Train: 0.9857, Val: 0.7380, Test: 0.7600
Epoch: 86, Loss: 0.4284, Train: 0.9857, Val: 0.7440, Test: 0.7650
Epoch: 87, Loss: 0.4769, Train: 0.9786, Val: 0.7500, Test: 0.7740
Epoch: 88, Loss: 0.4544, Train: 0.9786, Val: 0.7560, Test: 0.7860
Epoch: 89, Loss: 0.4777, Train: 0.9714, Val: 0.7620, Test: 0.7920
Epoch: 90, Loss: 0.6058, Train: 0.9714, Val: 0.7620, Test: 0.7950
Epoch: 91, Loss: 0.4561, Train: 0.9786, Val: 0.7600, Test: 0.7920
Epoch: 92, Loss: 0.4336, Train: 0.9857, Val: 0.7620, Test: 0.7920
Epoch: 93, Loss: 0.4181, Train: 0.9857, Val: 0.7560, Test: 0.7810
Epoch: 94, Loss: 0.4548, Train: 0.9929, Val: 0.7600, Test: 0.7740
Epoch: 95, Loss: 0.3822, Train: 0.9929, Val: 0.7480, Test: 0.7620
Epoch: 96, Loss: 0.3384, Train: 0.9929, Val: 0.7400, Test: 0.7640
Epoch: 97, Loss: 0.3703, Train: 0.9929, Val: 0.7460, Test: 0.7630
Epoch: 98, Loss: 0.2715, Train: 0.9929, Val: 0.7440, Test: 0.7640
Epoch: 99, Loss: 0.3288, Train: 0.9929, Val: 0.7500, Test: 0.7700
Epoch: 100, Loss: 0.3544, Train: 0.9929, Val: 0.7440, Test: 0.7750
MAD:  0.742
Best Test Accuracy: 0.7950, Val Accuracy: 0.7620, Train Accuracy: 0.9714
Training completed.
Seed:  8
GATv2(
  (convs): ModuleList(
    (0-6): 7 x GATv2Conv(128, 128, heads=1)
    (7): GATv2Conv(128, 7, heads=1)
  )
  (residual_fc): Linear(in_features=1433, out_features=128, bias=True)
)
Epoch: 1, Loss: 2.8301, Train: 0.1429, Val: 0.1220, Test: 0.1320
Epoch: 2, Loss: 2.5837, Train: 0.1429, Val: 0.1240, Test: 0.1320
Epoch: 3, Loss: 2.1471, Train: 0.1571, Val: 0.1340, Test: 0.1390
Epoch: 4, Loss: 2.1607, Train: 0.2286, Val: 0.2040, Test: 0.2020
Epoch: 5, Loss: 2.1504, Train: 0.1929, Val: 0.3200, Test: 0.3050
Epoch: 6, Loss: 2.0865, Train: 0.2071, Val: 0.3140, Test: 0.3170
Epoch: 7, Loss: 2.1624, Train: 0.2071, Val: 0.3140, Test: 0.3190
Epoch: 8, Loss: 2.1139, Train: 0.2143, Val: 0.3220, Test: 0.3290
Epoch: 9, Loss: 1.9847, Train: 0.2143, Val: 0.3260, Test: 0.3320
Epoch: 10, Loss: 1.9683, Train: 0.2000, Val: 0.3220, Test: 0.3330
Epoch: 11, Loss: 2.0634, Train: 0.2071, Val: 0.3280, Test: 0.3340
Epoch: 12, Loss: 1.9962, Train: 0.2071, Val: 0.3240, Test: 0.3320
Epoch: 13, Loss: 2.0217, Train: 0.2214, Val: 0.3240, Test: 0.3360
Epoch: 14, Loss: 1.9366, Train: 0.2286, Val: 0.3280, Test: 0.3400
Epoch: 15, Loss: 1.9690, Train: 0.2929, Val: 0.3460, Test: 0.3610
Epoch: 16, Loss: 1.9147, Train: 0.3286, Val: 0.3920, Test: 0.4170
Epoch: 17, Loss: 1.9560, Train: 0.3357, Val: 0.4500, Test: 0.4410
Epoch: 18, Loss: 1.8820, Train: 0.3500, Val: 0.4540, Test: 0.4330
Epoch: 19, Loss: 1.9039, Train: 0.3643, Val: 0.4340, Test: 0.4150
Epoch: 20, Loss: 1.8884, Train: 0.3500, Val: 0.3800, Test: 0.3660
Epoch: 21, Loss: 1.9289, Train: 0.3429, Val: 0.3300, Test: 0.3060
Epoch: 22, Loss: 1.8595, Train: 0.3286, Val: 0.2900, Test: 0.2690
Epoch: 23, Loss: 1.9270, Train: 0.3143, Val: 0.2760, Test: 0.2600
Epoch: 24, Loss: 1.8130, Train: 0.3500, Val: 0.2720, Test: 0.2440
Epoch: 25, Loss: 1.8580, Train: 0.3429, Val: 0.2560, Test: 0.2350
Epoch: 26, Loss: 1.7908, Train: 0.3571, Val: 0.2440, Test: 0.2300
Epoch: 27, Loss: 1.7652, Train: 0.3714, Val: 0.2480, Test: 0.2290
Epoch: 28, Loss: 1.8827, Train: 0.3857, Val: 0.2600, Test: 0.2330
Epoch: 29, Loss: 1.7518, Train: 0.4071, Val: 0.2660, Test: 0.2500
Epoch: 30, Loss: 1.7966, Train: 0.4500, Val: 0.2920, Test: 0.2730
Epoch: 31, Loss: 1.7571, Train: 0.4929, Val: 0.3420, Test: 0.3120
Epoch: 32, Loss: 1.6325, Train: 0.5643, Val: 0.4140, Test: 0.3690
Epoch: 33, Loss: 1.6878, Train: 0.6357, Val: 0.4860, Test: 0.4450
Epoch: 34, Loss: 1.6624, Train: 0.6643, Val: 0.5280, Test: 0.5100
Epoch: 35, Loss: 1.7152, Train: 0.7071, Val: 0.5940, Test: 0.5730
Epoch: 36, Loss: 1.5893, Train: 0.7214, Val: 0.6360, Test: 0.6280
Epoch: 37, Loss: 1.6685, Train: 0.7643, Val: 0.6580, Test: 0.6580
Epoch: 38, Loss: 1.6982, Train: 0.7786, Val: 0.6680, Test: 0.6790
Epoch: 39, Loss: 1.5175, Train: 0.8000, Val: 0.6700, Test: 0.6760
Epoch: 40, Loss: 1.6004, Train: 0.8071, Val: 0.6680, Test: 0.6770
Epoch: 41, Loss: 1.5864, Train: 0.8000, Val: 0.6600, Test: 0.6690
Epoch: 42, Loss: 1.3977, Train: 0.8000, Val: 0.6640, Test: 0.6630
Epoch: 43, Loss: 1.2772, Train: 0.7714, Val: 0.6700, Test: 0.6580
Epoch: 44, Loss: 1.2954, Train: 0.7929, Val: 0.6680, Test: 0.6600
Epoch: 45, Loss: 1.4348, Train: 0.8000, Val: 0.6700, Test: 0.6770
Epoch: 46, Loss: 1.3414, Train: 0.8071, Val: 0.6880, Test: 0.6940
Epoch: 47, Loss: 1.2914, Train: 0.8000, Val: 0.7040, Test: 0.7090
Epoch: 48, Loss: 1.2497, Train: 0.8357, Val: 0.7100, Test: 0.7260
Epoch: 49, Loss: 1.2050, Train: 0.8500, Val: 0.7240, Test: 0.7320
Epoch: 50, Loss: 1.2100, Train: 0.8571, Val: 0.7360, Test: 0.7410
Epoch: 51, Loss: 1.0768, Train: 0.8571, Val: 0.7360, Test: 0.7430
Epoch: 52, Loss: 1.1661, Train: 0.8643, Val: 0.7460, Test: 0.7460
Epoch: 53, Loss: 1.1192, Train: 0.8500, Val: 0.7520, Test: 0.7470
Epoch: 54, Loss: 1.0748, Train: 0.8571, Val: 0.7500, Test: 0.7510
Epoch: 55, Loss: 0.9615, Train: 0.8429, Val: 0.7520, Test: 0.7500
Epoch: 56, Loss: 0.9644, Train: 0.8429, Val: 0.7520, Test: 0.7510
Epoch: 57, Loss: 0.8630, Train: 0.8500, Val: 0.7480, Test: 0.7540
Epoch: 58, Loss: 0.9278, Train: 0.8571, Val: 0.7460, Test: 0.7600
Epoch: 59, Loss: 0.8808, Train: 0.9071, Val: 0.7440, Test: 0.7680
Epoch: 60, Loss: 0.8051, Train: 0.9143, Val: 0.7540, Test: 0.7880
Epoch: 61, Loss: 0.8927, Train: 0.9143, Val: 0.7540, Test: 0.7930
Epoch: 62, Loss: 0.7926, Train: 0.9143, Val: 0.7560, Test: 0.8030
Epoch: 63, Loss: 0.6106, Train: 0.9143, Val: 0.7540, Test: 0.7940
Epoch: 64, Loss: 0.7760, Train: 0.9357, Val: 0.7540, Test: 0.7900
Epoch: 65, Loss: 0.6924, Train: 0.9357, Val: 0.7500, Test: 0.7820
Epoch: 66, Loss: 0.7121, Train: 0.9214, Val: 0.7440, Test: 0.7680
Epoch: 67, Loss: 0.6489, Train: 0.9214, Val: 0.7400, Test: 0.7650
Epoch: 68, Loss: 0.5980, Train: 0.9357, Val: 0.7440, Test: 0.7730
Epoch: 69, Loss: 0.6649, Train: 0.9500, Val: 0.7540, Test: 0.7860
Epoch: 70, Loss: 0.6485, Train: 0.9500, Val: 0.7700, Test: 0.7920
Epoch: 71, Loss: 0.5815, Train: 0.9429, Val: 0.7580, Test: 0.7930
Epoch: 72, Loss: 0.4947, Train: 0.9500, Val: 0.7580, Test: 0.7920
Epoch: 73, Loss: 0.5213, Train: 0.9429, Val: 0.7600, Test: 0.7910
Epoch: 74, Loss: 0.5906, Train: 0.9571, Val: 0.7600, Test: 0.7890
Epoch: 75, Loss: 0.4939, Train: 0.9643, Val: 0.7600, Test: 0.7890
Epoch: 76, Loss: 0.4495, Train: 0.9643, Val: 0.7680, Test: 0.7920
Epoch: 77, Loss: 0.4664, Train: 0.9571, Val: 0.7700, Test: 0.7910
Epoch: 78, Loss: 0.5686, Train: 0.9571, Val: 0.7720, Test: 0.7870
Epoch: 79, Loss: 0.5541, Train: 0.9500, Val: 0.7700, Test: 0.7820
Epoch: 80, Loss: 0.5132, Train: 0.9429, Val: 0.7700, Test: 0.7830
Epoch: 81, Loss: 0.5111, Train: 0.9429, Val: 0.7700, Test: 0.7830
Epoch: 82, Loss: 0.4227, Train: 0.9571, Val: 0.7700, Test: 0.7870
Epoch: 83, Loss: 0.4763, Train: 0.9571, Val: 0.7700, Test: 0.7890
Epoch: 84, Loss: 0.4561, Train: 0.9571, Val: 0.7700, Test: 0.7900
Epoch: 85, Loss: 0.3748, Train: 0.9714, Val: 0.7620, Test: 0.7950
Epoch: 86, Loss: 0.5164, Train: 0.9571, Val: 0.7600, Test: 0.7920
Epoch: 87, Loss: 0.4115, Train: 0.9500, Val: 0.7560, Test: 0.7910
Epoch: 88, Loss: 0.3900, Train: 0.9500, Val: 0.7520, Test: 0.7860
Epoch: 89, Loss: 0.4361, Train: 0.9500, Val: 0.7520, Test: 0.7860
Epoch: 90, Loss: 0.6660, Train: 0.9500, Val: 0.7480, Test: 0.7850
Epoch: 91, Loss: 0.3720, Train: 0.9500, Val: 0.7460, Test: 0.7840
Epoch: 92, Loss: 0.3843, Train: 0.9643, Val: 0.7400, Test: 0.7780
Epoch: 93, Loss: 0.3882, Train: 0.9643, Val: 0.7400, Test: 0.7770
Epoch: 94, Loss: 0.5108, Train: 0.9714, Val: 0.7460, Test: 0.7790
Epoch: 95, Loss: 0.4813, Train: 0.9714, Val: 0.7460, Test: 0.7790
Epoch: 96, Loss: 0.4127, Train: 0.9714, Val: 0.7480, Test: 0.7840
Epoch: 97, Loss: 0.4210, Train: 0.9643, Val: 0.7520, Test: 0.7860
Epoch: 98, Loss: 0.3729, Train: 0.9643, Val: 0.7560, Test: 0.7850
Epoch: 99, Loss: 0.3318, Train: 0.9643, Val: 0.7560, Test: 0.7880
Epoch: 100, Loss: 0.2388, Train: 0.9643, Val: 0.7560, Test: 0.7910
MAD:  0.6869
Best Test Accuracy: 0.8030, Val Accuracy: 0.7560, Train Accuracy: 0.9143
Training completed.
Seed:  9
GATv2(
  (convs): ModuleList(
    (0-6): 7 x GATv2Conv(128, 128, heads=1)
    (7): GATv2Conv(128, 7, heads=1)
  )
  (residual_fc): Linear(in_features=1433, out_features=128, bias=True)
)
Epoch: 1, Loss: 3.1021, Train: 0.1786, Val: 0.1580, Test: 0.1580
Epoch: 2, Loss: 3.0094, Train: 0.2000, Val: 0.1620, Test: 0.1730
Epoch: 3, Loss: 2.7447, Train: 0.1286, Val: 0.1080, Test: 0.1140
Epoch: 4, Loss: 2.4896, Train: 0.1429, Val: 0.1100, Test: 0.1130
Epoch: 5, Loss: 2.1881, Train: 0.1429, Val: 0.1120, Test: 0.1050
Epoch: 6, Loss: 2.2064, Train: 0.1643, Val: 0.1240, Test: 0.1200
Epoch: 7, Loss: 2.2085, Train: 0.1571, Val: 0.1300, Test: 0.1310
Epoch: 8, Loss: 2.2797, Train: 0.1571, Val: 0.1300, Test: 0.1300
Epoch: 9, Loss: 2.0772, Train: 0.1500, Val: 0.1220, Test: 0.1300
Epoch: 10, Loss: 2.1209, Train: 0.1500, Val: 0.1220, Test: 0.1300
Epoch: 11, Loss: 2.0183, Train: 0.1500, Val: 0.1220, Test: 0.1300
Epoch: 12, Loss: 2.0648, Train: 0.1500, Val: 0.1220, Test: 0.1300
Epoch: 13, Loss: 2.0579, Train: 0.1500, Val: 0.1220, Test: 0.1300
Epoch: 14, Loss: 2.0237, Train: 0.1500, Val: 0.1240, Test: 0.1310
Epoch: 15, Loss: 1.9609, Train: 0.1500, Val: 0.1240, Test: 0.1320
Epoch: 16, Loss: 2.0361, Train: 0.1500, Val: 0.1260, Test: 0.1360
Epoch: 17, Loss: 1.9861, Train: 0.1714, Val: 0.1260, Test: 0.1430
Epoch: 18, Loss: 1.8855, Train: 0.2000, Val: 0.1700, Test: 0.1730
Epoch: 19, Loss: 1.9032, Train: 0.1857, Val: 0.1940, Test: 0.1740
Epoch: 20, Loss: 1.9582, Train: 0.2286, Val: 0.1940, Test: 0.1840
Epoch: 21, Loss: 1.9740, Train: 0.2286, Val: 0.1920, Test: 0.2000
Epoch: 22, Loss: 1.8990, Train: 0.2357, Val: 0.1980, Test: 0.1990
Epoch: 23, Loss: 1.9032, Train: 0.2357, Val: 0.1960, Test: 0.1990
Epoch: 24, Loss: 1.8445, Train: 0.2500, Val: 0.1960, Test: 0.2050
Epoch: 25, Loss: 1.8986, Train: 0.2571, Val: 0.2000, Test: 0.2120
Epoch: 26, Loss: 1.9679, Train: 0.2714, Val: 0.2000, Test: 0.2140
Epoch: 27, Loss: 1.8654, Train: 0.2714, Val: 0.2000, Test: 0.2120
Epoch: 28, Loss: 1.9079, Train: 0.3000, Val: 0.2020, Test: 0.2150
Epoch: 29, Loss: 1.9033, Train: 0.3214, Val: 0.2040, Test: 0.2160
Epoch: 30, Loss: 1.8873, Train: 0.3429, Val: 0.2040, Test: 0.2190
Epoch: 31, Loss: 1.8627, Train: 0.3429, Val: 0.2120, Test: 0.2260
Epoch: 32, Loss: 1.7707, Train: 0.3714, Val: 0.2220, Test: 0.2330
Epoch: 33, Loss: 1.8508, Train: 0.3786, Val: 0.2220, Test: 0.2380
Epoch: 34, Loss: 1.8757, Train: 0.3929, Val: 0.2280, Test: 0.2420
Epoch: 35, Loss: 1.9101, Train: 0.3929, Val: 0.2280, Test: 0.2460
Epoch: 36, Loss: 1.8763, Train: 0.4071, Val: 0.2360, Test: 0.2550
Epoch: 37, Loss: 1.8016, Train: 0.4429, Val: 0.2480, Test: 0.2630
Epoch: 38, Loss: 1.7673, Train: 0.5071, Val: 0.2720, Test: 0.2930
Epoch: 39, Loss: 1.7490, Train: 0.5643, Val: 0.3140, Test: 0.3280
Epoch: 40, Loss: 1.7637, Train: 0.5929, Val: 0.3340, Test: 0.3630
Epoch: 41, Loss: 1.7023, Train: 0.6429, Val: 0.3740, Test: 0.4050
Epoch: 42, Loss: 1.8027, Train: 0.6500, Val: 0.4160, Test: 0.4230
Epoch: 43, Loss: 1.6837, Train: 0.6571, Val: 0.4500, Test: 0.4400
Epoch: 44, Loss: 1.7627, Train: 0.6786, Val: 0.4660, Test: 0.4660
Epoch: 45, Loss: 1.8034, Train: 0.6714, Val: 0.4800, Test: 0.4860
Epoch: 46, Loss: 1.6203, Train: 0.6714, Val: 0.5060, Test: 0.5150
Epoch: 47, Loss: 1.6757, Train: 0.6786, Val: 0.5220, Test: 0.5370
Epoch: 48, Loss: 1.6357, Train: 0.6929, Val: 0.5340, Test: 0.5570
Epoch: 49, Loss: 1.5760, Train: 0.7000, Val: 0.5480, Test: 0.5720
Epoch: 50, Loss: 1.5371, Train: 0.7000, Val: 0.5600, Test: 0.5830
Epoch: 51, Loss: 1.5060, Train: 0.7071, Val: 0.5680, Test: 0.5860
Epoch: 52, Loss: 1.4514, Train: 0.7429, Val: 0.5940, Test: 0.6110
Epoch: 53, Loss: 1.5706, Train: 0.7714, Val: 0.6200, Test: 0.6380
Epoch: 54, Loss: 1.4901, Train: 0.7929, Val: 0.6400, Test: 0.6540
Epoch: 55, Loss: 1.3638, Train: 0.8071, Val: 0.6360, Test: 0.6630
Epoch: 56, Loss: 1.4955, Train: 0.8143, Val: 0.6140, Test: 0.6530
Epoch: 57, Loss: 1.4099, Train: 0.8000, Val: 0.6040, Test: 0.6210
Epoch: 58, Loss: 1.3531, Train: 0.8071, Val: 0.5940, Test: 0.6170
Epoch: 59, Loss: 1.2689, Train: 0.8071, Val: 0.5920, Test: 0.6310
Epoch: 60, Loss: 1.2380, Train: 0.8286, Val: 0.6100, Test: 0.6520
Epoch: 61, Loss: 1.1683, Train: 0.8500, Val: 0.6320, Test: 0.6640
Epoch: 62, Loss: 1.2818, Train: 0.8500, Val: 0.6500, Test: 0.6860
Epoch: 63, Loss: 1.1833, Train: 0.8500, Val: 0.6880, Test: 0.7260
Epoch: 64, Loss: 1.2114, Train: 0.8714, Val: 0.7140, Test: 0.7550
Epoch: 65, Loss: 1.2424, Train: 0.8857, Val: 0.7080, Test: 0.7610
Epoch: 66, Loss: 1.0232, Train: 0.8786, Val: 0.7100, Test: 0.7670
Epoch: 67, Loss: 1.0533, Train: 0.8929, Val: 0.7120, Test: 0.7720
Epoch: 68, Loss: 1.0128, Train: 0.8929, Val: 0.7120, Test: 0.7710
Epoch: 69, Loss: 1.0517, Train: 0.8857, Val: 0.7080, Test: 0.7690
Epoch: 70, Loss: 0.9372, Train: 0.8857, Val: 0.7060, Test: 0.7590
Epoch: 71, Loss: 1.0270, Train: 0.8929, Val: 0.7140, Test: 0.7560
Epoch: 72, Loss: 1.0999, Train: 0.9071, Val: 0.7240, Test: 0.7510
Epoch: 73, Loss: 0.9474, Train: 0.9214, Val: 0.7320, Test: 0.7510
Epoch: 74, Loss: 0.9540, Train: 0.9214, Val: 0.7320, Test: 0.7640
Epoch: 75, Loss: 0.8013, Train: 0.9214, Val: 0.7440, Test: 0.7690
Epoch: 76, Loss: 0.9189, Train: 0.9286, Val: 0.7380, Test: 0.7640
Epoch: 77, Loss: 0.9414, Train: 0.9357, Val: 0.7380, Test: 0.7590
Epoch: 78, Loss: 0.8062, Train: 0.9500, Val: 0.7420, Test: 0.7630
Epoch: 79, Loss: 0.8535, Train: 0.9571, Val: 0.7480, Test: 0.7700
Epoch: 80, Loss: 0.7818, Train: 0.9571, Val: 0.7460, Test: 0.7680
Epoch: 81, Loss: 0.7861, Train: 0.9643, Val: 0.7480, Test: 0.7780
Epoch: 82, Loss: 0.6772, Train: 0.9643, Val: 0.7540, Test: 0.7820
Epoch: 83, Loss: 0.6308, Train: 0.9571, Val: 0.7560, Test: 0.7800
Epoch: 84, Loss: 0.7060, Train: 0.9500, Val: 0.7660, Test: 0.7750
Epoch: 85, Loss: 0.5875, Train: 0.9643, Val: 0.7620, Test: 0.7760
Epoch: 86, Loss: 0.6369, Train: 0.9786, Val: 0.7660, Test: 0.7800
Epoch: 87, Loss: 0.6391, Train: 0.9786, Val: 0.7640, Test: 0.7930
Epoch: 88, Loss: 0.6323, Train: 0.9643, Val: 0.7640, Test: 0.7920
Epoch: 89, Loss: 0.5693, Train: 0.9643, Val: 0.7680, Test: 0.7870
Epoch: 90, Loss: 0.8723, Train: 0.9643, Val: 0.7660, Test: 0.7850
Epoch: 91, Loss: 0.5215, Train: 0.9571, Val: 0.7580, Test: 0.7780
Epoch: 92, Loss: 0.5079, Train: 0.9429, Val: 0.7540, Test: 0.7650
Epoch: 93, Loss: 0.5155, Train: 0.9500, Val: 0.7500, Test: 0.7570
Epoch: 94, Loss: 0.4060, Train: 0.9500, Val: 0.7420, Test: 0.7500
Epoch: 95, Loss: 0.5616, Train: 0.9571, Val: 0.7420, Test: 0.7500
Epoch: 96, Loss: 0.4696, Train: 0.9571, Val: 0.7480, Test: 0.7470
Epoch: 97, Loss: 0.7348, Train: 0.9714, Val: 0.7520, Test: 0.7490
Epoch: 98, Loss: 0.3790, Train: 0.9786, Val: 0.7400, Test: 0.7490
Epoch: 99, Loss: 0.4431, Train: 0.9786, Val: 0.7380, Test: 0.7490
Epoch: 100, Loss: 0.4380, Train: 0.9714, Val: 0.7300, Test: 0.7460
MAD:  0.7106
Best Test Accuracy: 0.7930, Val Accuracy: 0.7640, Train Accuracy: 0.9786
Training completed.
Average Test Accuracy:  0.7594000000000001  0.08129354217894556
Average MAD:  0.73236  0.06988716906557312
