Seed:  0
GATv2(
  (convs): ModuleList(
    (0-1): 2 x GATv2Conv(128, 128, heads=1)
    (2): GATv2Conv(128, 7, heads=1)
  )
  (residual_fc): Linear(in_features=1433, out_features=128, bias=True)
)
Epoch: 1, Loss: 1.9577, Train: 0.3429, Val: 0.2240, Test: 0.2450
Epoch: 2, Loss: 1.9029, Train: 0.5643, Val: 0.3280, Test: 0.3770
Epoch: 3, Loss: 1.8503, Train: 0.7000, Val: 0.4480, Test: 0.4820
Epoch: 4, Loss: 1.7866, Train: 0.8643, Val: 0.5580, Test: 0.5820
Epoch: 5, Loss: 1.7332, Train: 0.9357, Val: 0.6300, Test: 0.6720
Epoch: 6, Loss: 1.6592, Train: 0.9857, Val: 0.6800, Test: 0.7320
Epoch: 7, Loss: 1.6046, Train: 0.9857, Val: 0.7120, Test: 0.7540
Epoch: 8, Loss: 1.5262, Train: 0.9786, Val: 0.7380, Test: 0.7740
Epoch: 9, Loss: 1.4248, Train: 0.9786, Val: 0.7480, Test: 0.7800
Epoch: 10, Loss: 1.3553, Train: 0.9786, Val: 0.7520, Test: 0.7770
Epoch: 11, Loss: 1.2797, Train: 0.9786, Val: 0.7580, Test: 0.7800
Epoch: 12, Loss: 1.1827, Train: 0.9786, Val: 0.7600, Test: 0.7850
Epoch: 13, Loss: 1.0870, Train: 0.9786, Val: 0.7620, Test: 0.7850
Epoch: 14, Loss: 0.9704, Train: 0.9786, Val: 0.7640, Test: 0.7850
Epoch: 15, Loss: 0.8675, Train: 0.9786, Val: 0.7580, Test: 0.7820
Epoch: 16, Loss: 0.7798, Train: 0.9786, Val: 0.7600, Test: 0.7860
Epoch: 17, Loss: 0.6833, Train: 0.9786, Val: 0.7620, Test: 0.7840
Epoch: 18, Loss: 0.5783, Train: 0.9786, Val: 0.7580, Test: 0.7880
Epoch: 19, Loss: 0.5080, Train: 0.9857, Val: 0.7600, Test: 0.7890
Epoch: 20, Loss: 0.4415, Train: 0.9929, Val: 0.7620, Test: 0.7860
Epoch: 21, Loss: 0.3525, Train: 0.9929, Val: 0.7580, Test: 0.7800
Epoch: 22, Loss: 0.3411, Train: 0.9929, Val: 0.7580, Test: 0.7790
Epoch: 23, Loss: 0.2579, Train: 0.9929, Val: 0.7540, Test: 0.7700
Epoch: 24, Loss: 0.2612, Train: 0.9929, Val: 0.7500, Test: 0.7720
Epoch: 25, Loss: 0.2170, Train: 0.9929, Val: 0.7500, Test: 0.7780
Epoch: 26, Loss: 0.1918, Train: 0.9929, Val: 0.7540, Test: 0.7750
Epoch: 27, Loss: 0.1537, Train: 0.9929, Val: 0.7500, Test: 0.7740
Epoch: 28, Loss: 0.2057, Train: 0.9929, Val: 0.7460, Test: 0.7670
Epoch: 29, Loss: 0.1507, Train: 0.9929, Val: 0.7340, Test: 0.7590
Epoch: 30, Loss: 0.1350, Train: 0.9929, Val: 0.7300, Test: 0.7530
Epoch: 31, Loss: 0.1131, Train: 1.0000, Val: 0.7280, Test: 0.7520
Epoch: 32, Loss: 0.0985, Train: 1.0000, Val: 0.7320, Test: 0.7470
Epoch: 33, Loss: 0.0865, Train: 0.9929, Val: 0.7360, Test: 0.7430
Epoch: 34, Loss: 0.0831, Train: 1.0000, Val: 0.7320, Test: 0.7420
Epoch: 35, Loss: 0.0657, Train: 1.0000, Val: 0.7360, Test: 0.7460
Epoch: 36, Loss: 0.0508, Train: 1.0000, Val: 0.7280, Test: 0.7490
Epoch: 37, Loss: 0.0649, Train: 1.0000, Val: 0.7320, Test: 0.7490
Epoch: 38, Loss: 0.0438, Train: 1.0000, Val: 0.7300, Test: 0.7530
Epoch: 39, Loss: 0.0601, Train: 1.0000, Val: 0.7280, Test: 0.7560
Epoch: 40, Loss: 0.0472, Train: 1.0000, Val: 0.7280, Test: 0.7550
Epoch: 41, Loss: 0.0422, Train: 1.0000, Val: 0.7220, Test: 0.7530
Epoch: 42, Loss: 0.0199, Train: 1.0000, Val: 0.7280, Test: 0.7480
Epoch: 43, Loss: 0.0242, Train: 1.0000, Val: 0.7260, Test: 0.7440
Epoch: 44, Loss: 0.0413, Train: 1.0000, Val: 0.7200, Test: 0.7440
Epoch: 45, Loss: 0.0367, Train: 1.0000, Val: 0.7160, Test: 0.7440
Epoch: 46, Loss: 0.0378, Train: 1.0000, Val: 0.7220, Test: 0.7450
Epoch: 47, Loss: 0.0335, Train: 1.0000, Val: 0.7220, Test: 0.7420
Epoch: 48, Loss: 0.0313, Train: 1.0000, Val: 0.7240, Test: 0.7440
Epoch: 49, Loss: 0.0222, Train: 1.0000, Val: 0.7280, Test: 0.7440
Epoch: 50, Loss: 0.0179, Train: 1.0000, Val: 0.7260, Test: 0.7480
MAD:  0.8605
Best Test Accuracy: 0.7890, Val Accuracy: 0.7600, Train Accuracy: 0.9857
Training completed.
Seed:  1
GATv2(
  (convs): ModuleList(
    (0-1): 2 x GATv2Conv(128, 128, heads=1)
    (2): GATv2Conv(128, 7, heads=1)
  )
  (residual_fc): Linear(in_features=1433, out_features=128, bias=True)
)
Epoch: 1, Loss: 1.9640, Train: 0.4500, Val: 0.2060, Test: 0.2190
Epoch: 2, Loss: 1.8911, Train: 0.6214, Val: 0.3520, Test: 0.3490
Epoch: 3, Loss: 1.8318, Train: 0.7643, Val: 0.4400, Test: 0.4440
Epoch: 4, Loss: 1.7662, Train: 0.8357, Val: 0.4800, Test: 0.5240
Epoch: 5, Loss: 1.7046, Train: 0.8857, Val: 0.5340, Test: 0.5560
Epoch: 6, Loss: 1.6231, Train: 0.9357, Val: 0.5700, Test: 0.5880
Epoch: 7, Loss: 1.5644, Train: 0.9500, Val: 0.6040, Test: 0.6170
Epoch: 8, Loss: 1.4910, Train: 0.9571, Val: 0.6260, Test: 0.6450
Epoch: 9, Loss: 1.3837, Train: 0.9571, Val: 0.6560, Test: 0.6570
Epoch: 10, Loss: 1.2915, Train: 0.9643, Val: 0.6800, Test: 0.6740
Epoch: 11, Loss: 1.2096, Train: 0.9714, Val: 0.7080, Test: 0.6960
Epoch: 12, Loss: 1.1245, Train: 0.9714, Val: 0.7220, Test: 0.7190
Epoch: 13, Loss: 0.9854, Train: 0.9786, Val: 0.7400, Test: 0.7370
Epoch: 14, Loss: 0.9224, Train: 0.9857, Val: 0.7560, Test: 0.7490
Epoch: 15, Loss: 0.8587, Train: 0.9786, Val: 0.7560, Test: 0.7590
Epoch: 16, Loss: 0.7549, Train: 0.9786, Val: 0.7600, Test: 0.7720
Epoch: 17, Loss: 0.6378, Train: 0.9786, Val: 0.7620, Test: 0.7830
Epoch: 18, Loss: 0.5559, Train: 0.9857, Val: 0.7640, Test: 0.7920
Epoch: 19, Loss: 0.4861, Train: 0.9857, Val: 0.7660, Test: 0.7940
Epoch: 20, Loss: 0.4457, Train: 0.9857, Val: 0.7700, Test: 0.7950
Epoch: 21, Loss: 0.3615, Train: 0.9857, Val: 0.7680, Test: 0.7960
Epoch: 22, Loss: 0.3097, Train: 0.9857, Val: 0.7680, Test: 0.7910
Epoch: 23, Loss: 0.2743, Train: 0.9857, Val: 0.7700, Test: 0.7860
Epoch: 24, Loss: 0.2228, Train: 0.9857, Val: 0.7700, Test: 0.7830
Epoch: 25, Loss: 0.2222, Train: 0.9857, Val: 0.7680, Test: 0.7810
Epoch: 26, Loss: 0.1976, Train: 0.9857, Val: 0.7640, Test: 0.7810
Epoch: 27, Loss: 0.1578, Train: 0.9857, Val: 0.7600, Test: 0.7770
Epoch: 28, Loss: 0.1775, Train: 0.9857, Val: 0.7620, Test: 0.7800
Epoch: 29, Loss: 0.1327, Train: 0.9857, Val: 0.7600, Test: 0.7770
Epoch: 30, Loss: 0.1256, Train: 0.9929, Val: 0.7640, Test: 0.7720
Epoch: 31, Loss: 0.1153, Train: 0.9929, Val: 0.7660, Test: 0.7690
Epoch: 32, Loss: 0.0930, Train: 0.9929, Val: 0.7600, Test: 0.7680
Epoch: 33, Loss: 0.0687, Train: 0.9929, Val: 0.7560, Test: 0.7660
Epoch: 34, Loss: 0.0882, Train: 1.0000, Val: 0.7500, Test: 0.7560
Epoch: 35, Loss: 0.0618, Train: 1.0000, Val: 0.7400, Test: 0.7510
Epoch: 36, Loss: 0.0671, Train: 1.0000, Val: 0.7420, Test: 0.7500
Epoch: 37, Loss: 0.0509, Train: 1.0000, Val: 0.7420, Test: 0.7520
Epoch: 38, Loss: 0.0884, Train: 1.0000, Val: 0.7320, Test: 0.7530
Epoch: 39, Loss: 0.0614, Train: 1.0000, Val: 0.7240, Test: 0.7490
Epoch: 40, Loss: 0.0467, Train: 1.0000, Val: 0.7340, Test: 0.7500
Epoch: 41, Loss: 0.0570, Train: 1.0000, Val: 0.7340, Test: 0.7680
Epoch: 42, Loss: 0.0461, Train: 1.0000, Val: 0.7400, Test: 0.7730
Epoch: 43, Loss: 0.0406, Train: 1.0000, Val: 0.7380, Test: 0.7760
Epoch: 44, Loss: 0.0480, Train: 1.0000, Val: 0.7460, Test: 0.7720
Epoch: 45, Loss: 0.0286, Train: 1.0000, Val: 0.7480, Test: 0.7760
Epoch: 46, Loss: 0.0438, Train: 1.0000, Val: 0.7540, Test: 0.7810
Epoch: 47, Loss: 0.0526, Train: 1.0000, Val: 0.7560, Test: 0.7800
Epoch: 48, Loss: 0.0246, Train: 1.0000, Val: 0.7560, Test: 0.7800
Epoch: 49, Loss: 0.0230, Train: 1.0000, Val: 0.7620, Test: 0.7800
Epoch: 50, Loss: 0.0182, Train: 1.0000, Val: 0.7660, Test: 0.7790
MAD:  0.8085
Best Test Accuracy: 0.7960, Val Accuracy: 0.7680, Train Accuracy: 0.9857
Training completed.
Seed:  2
GATv2(
  (convs): ModuleList(
    (0-1): 2 x GATv2Conv(128, 128, heads=1)
    (2): GATv2Conv(128, 7, heads=1)
  )
  (residual_fc): Linear(in_features=1433, out_features=128, bias=True)
)
Epoch: 1, Loss: 1.9866, Train: 0.3286, Val: 0.1700, Test: 0.1570
Epoch: 2, Loss: 1.9028, Train: 0.5357, Val: 0.2820, Test: 0.2690
Epoch: 3, Loss: 1.8362, Train: 0.7571, Val: 0.4160, Test: 0.4210
Epoch: 4, Loss: 1.7877, Train: 0.8857, Val: 0.5580, Test: 0.5460
Epoch: 5, Loss: 1.7139, Train: 0.9500, Val: 0.6600, Test: 0.6490
Epoch: 6, Loss: 1.6520, Train: 0.9714, Val: 0.6980, Test: 0.6970
Epoch: 7, Loss: 1.5805, Train: 0.9857, Val: 0.7340, Test: 0.7350
Epoch: 8, Loss: 1.5225, Train: 0.9857, Val: 0.7500, Test: 0.7490
Epoch: 9, Loss: 1.4262, Train: 0.9857, Val: 0.7540, Test: 0.7570
Epoch: 10, Loss: 1.3190, Train: 0.9857, Val: 0.7540, Test: 0.7650
Epoch: 11, Loss: 1.2418, Train: 0.9857, Val: 0.7500, Test: 0.7680
Epoch: 12, Loss: 1.1312, Train: 0.9857, Val: 0.7540, Test: 0.7730
Epoch: 13, Loss: 1.0367, Train: 0.9857, Val: 0.7580, Test: 0.7760
Epoch: 14, Loss: 0.9941, Train: 0.9857, Val: 0.7620, Test: 0.7760
Epoch: 15, Loss: 0.8208, Train: 0.9857, Val: 0.7620, Test: 0.7770
Epoch: 16, Loss: 0.7716, Train: 0.9857, Val: 0.7760, Test: 0.7810
Epoch: 17, Loss: 0.6605, Train: 0.9857, Val: 0.7800, Test: 0.7800
Epoch: 18, Loss: 0.5827, Train: 0.9929, Val: 0.7800, Test: 0.7810
Epoch: 19, Loss: 0.5162, Train: 0.9929, Val: 0.7780, Test: 0.7840
Epoch: 20, Loss: 0.4380, Train: 0.9929, Val: 0.7780, Test: 0.7840
Epoch: 21, Loss: 0.3933, Train: 0.9929, Val: 0.7820, Test: 0.7830
Epoch: 22, Loss: 0.3347, Train: 0.9929, Val: 0.7700, Test: 0.7800
Epoch: 23, Loss: 0.2582, Train: 0.9929, Val: 0.7680, Test: 0.7860
Epoch: 24, Loss: 0.2269, Train: 0.9929, Val: 0.7620, Test: 0.7820
Epoch: 25, Loss: 0.2062, Train: 0.9929, Val: 0.7620, Test: 0.7830
Epoch: 26, Loss: 0.1778, Train: 0.9929, Val: 0.7580, Test: 0.7800
Epoch: 27, Loss: 0.1528, Train: 0.9929, Val: 0.7540, Test: 0.7750
Epoch: 28, Loss: 0.1624, Train: 0.9929, Val: 0.7540, Test: 0.7720
Epoch: 29, Loss: 0.1405, Train: 0.9929, Val: 0.7560, Test: 0.7730
Epoch: 30, Loss: 0.1243, Train: 0.9929, Val: 0.7580, Test: 0.7720
Epoch: 31, Loss: 0.1334, Train: 0.9929, Val: 0.7560, Test: 0.7710
Epoch: 32, Loss: 0.0758, Train: 0.9929, Val: 0.7520, Test: 0.7730
Epoch: 33, Loss: 0.0746, Train: 1.0000, Val: 0.7500, Test: 0.7750
Epoch: 34, Loss: 0.0740, Train: 1.0000, Val: 0.7520, Test: 0.7720
Epoch: 35, Loss: 0.0486, Train: 1.0000, Val: 0.7560, Test: 0.7690
Epoch: 36, Loss: 0.0829, Train: 1.0000, Val: 0.7600, Test: 0.7690
Epoch: 37, Loss: 0.0310, Train: 1.0000, Val: 0.7560, Test: 0.7700
Epoch: 38, Loss: 0.0618, Train: 1.0000, Val: 0.7600, Test: 0.7690
Epoch: 39, Loss: 0.0470, Train: 1.0000, Val: 0.7620, Test: 0.7660
Epoch: 40, Loss: 0.0480, Train: 1.0000, Val: 0.7580, Test: 0.7640
Epoch: 41, Loss: 0.0371, Train: 1.0000, Val: 0.7560, Test: 0.7610
Epoch: 42, Loss: 0.0337, Train: 1.0000, Val: 0.7520, Test: 0.7610
Epoch: 43, Loss: 0.0405, Train: 1.0000, Val: 0.7480, Test: 0.7610
Epoch: 44, Loss: 0.0222, Train: 1.0000, Val: 0.7440, Test: 0.7660
Epoch: 45, Loss: 0.0245, Train: 1.0000, Val: 0.7400, Test: 0.7670
Epoch: 46, Loss: 0.0271, Train: 1.0000, Val: 0.7460, Test: 0.7630
Epoch: 47, Loss: 0.0201, Train: 1.0000, Val: 0.7520, Test: 0.7660
Epoch: 48, Loss: 0.0337, Train: 1.0000, Val: 0.7500, Test: 0.7680
Epoch: 49, Loss: 0.0173, Train: 1.0000, Val: 0.7500, Test: 0.7640
Epoch: 50, Loss: 0.0213, Train: 1.0000, Val: 0.7520, Test: 0.7620
MAD:  0.8639
Best Test Accuracy: 0.7860, Val Accuracy: 0.7680, Train Accuracy: 0.9929
Training completed.
Seed:  3
GATv2(
  (convs): ModuleList(
    (0-1): 2 x GATv2Conv(128, 128, heads=1)
    (2): GATv2Conv(128, 7, heads=1)
  )
  (residual_fc): Linear(in_features=1433, out_features=128, bias=True)
)
Epoch: 1, Loss: 1.9697, Train: 0.2714, Val: 0.2140, Test: 0.1890
Epoch: 2, Loss: 1.8980, Train: 0.6571, Val: 0.4320, Test: 0.4120
Epoch: 3, Loss: 1.8457, Train: 0.8643, Val: 0.5820, Test: 0.5790
Epoch: 4, Loss: 1.7444, Train: 0.9286, Val: 0.6640, Test: 0.6920
Epoch: 5, Loss: 1.7101, Train: 0.9786, Val: 0.7100, Test: 0.7460
Epoch: 6, Loss: 1.6334, Train: 0.9857, Val: 0.7460, Test: 0.7770
Epoch: 7, Loss: 1.5398, Train: 0.9857, Val: 0.7640, Test: 0.7870
Epoch: 8, Loss: 1.4666, Train: 0.9857, Val: 0.7700, Test: 0.7890
Epoch: 9, Loss: 1.3834, Train: 0.9929, Val: 0.7700, Test: 0.7820
Epoch: 10, Loss: 1.2926, Train: 0.9929, Val: 0.7740, Test: 0.7850
Epoch: 11, Loss: 1.1778, Train: 0.9929, Val: 0.7720, Test: 0.7920
Epoch: 12, Loss: 1.0625, Train: 0.9929, Val: 0.7700, Test: 0.7950
Epoch: 13, Loss: 0.9421, Train: 0.9929, Val: 0.7740, Test: 0.8060
Epoch: 14, Loss: 0.9324, Train: 0.9929, Val: 0.7740, Test: 0.8040
Epoch: 15, Loss: 0.7731, Train: 0.9929, Val: 0.7680, Test: 0.8030
Epoch: 16, Loss: 0.6884, Train: 0.9929, Val: 0.7660, Test: 0.7980
Epoch: 17, Loss: 0.6056, Train: 0.9929, Val: 0.7640, Test: 0.7920
Epoch: 18, Loss: 0.5310, Train: 0.9929, Val: 0.7600, Test: 0.7900
Epoch: 19, Loss: 0.4460, Train: 0.9929, Val: 0.7600, Test: 0.7900
Epoch: 20, Loss: 0.4017, Train: 0.9929, Val: 0.7580, Test: 0.7850
Epoch: 21, Loss: 0.2965, Train: 0.9929, Val: 0.7540, Test: 0.7840
Epoch: 22, Loss: 0.2801, Train: 0.9929, Val: 0.7520, Test: 0.7870
Epoch: 23, Loss: 0.2471, Train: 0.9929, Val: 0.7500, Test: 0.7820
Epoch: 24, Loss: 0.1996, Train: 0.9929, Val: 0.7560, Test: 0.7810
Epoch: 25, Loss: 0.1851, Train: 0.9857, Val: 0.7520, Test: 0.7810
Epoch: 26, Loss: 0.1389, Train: 0.9857, Val: 0.7540, Test: 0.7740
Epoch: 27, Loss: 0.1483, Train: 0.9857, Val: 0.7480, Test: 0.7660
Epoch: 28, Loss: 0.1211, Train: 0.9857, Val: 0.7480, Test: 0.7630
Epoch: 29, Loss: 0.0953, Train: 0.9857, Val: 0.7460, Test: 0.7580
Epoch: 30, Loss: 0.0871, Train: 0.9929, Val: 0.7460, Test: 0.7560
Epoch: 31, Loss: 0.0739, Train: 0.9929, Val: 0.7440, Test: 0.7530
Epoch: 32, Loss: 0.0972, Train: 0.9929, Val: 0.7320, Test: 0.7500
Epoch: 33, Loss: 0.0737, Train: 0.9857, Val: 0.7200, Test: 0.7430
Epoch: 34, Loss: 0.1004, Train: 0.9857, Val: 0.7160, Test: 0.7390
Epoch: 35, Loss: 0.0720, Train: 0.9857, Val: 0.7100, Test: 0.7310
Epoch: 36, Loss: 0.0610, Train: 0.9857, Val: 0.7120, Test: 0.7300
Epoch: 37, Loss: 0.0711, Train: 1.0000, Val: 0.7140, Test: 0.7350
Epoch: 38, Loss: 0.0354, Train: 1.0000, Val: 0.7140, Test: 0.7380
Epoch: 39, Loss: 0.0638, Train: 1.0000, Val: 0.7200, Test: 0.7370
Epoch: 40, Loss: 0.0438, Train: 1.0000, Val: 0.7280, Test: 0.7430
Epoch: 41, Loss: 0.0473, Train: 1.0000, Val: 0.7380, Test: 0.7570
Epoch: 42, Loss: 0.0228, Train: 1.0000, Val: 0.7460, Test: 0.7590
Epoch: 43, Loss: 0.0457, Train: 1.0000, Val: 0.7440, Test: 0.7620
Epoch: 44, Loss: 0.0389, Train: 1.0000, Val: 0.7460, Test: 0.7590
Epoch: 45, Loss: 0.0377, Train: 1.0000, Val: 0.7400, Test: 0.7580
Epoch: 46, Loss: 0.0180, Train: 1.0000, Val: 0.7320, Test: 0.7590
Epoch: 47, Loss: 0.0196, Train: 1.0000, Val: 0.7260, Test: 0.7540
Epoch: 48, Loss: 0.0339, Train: 1.0000, Val: 0.7280, Test: 0.7540
Epoch: 49, Loss: 0.0208, Train: 1.0000, Val: 0.7280, Test: 0.7520
Epoch: 50, Loss: 0.0107, Train: 1.0000, Val: 0.7260, Test: 0.7520
MAD:  0.8153
Best Test Accuracy: 0.8060, Val Accuracy: 0.7740, Train Accuracy: 0.9929
Training completed.
Seed:  4
GATv2(
  (convs): ModuleList(
    (0-1): 2 x GATv2Conv(128, 128, heads=1)
    (2): GATv2Conv(128, 7, heads=1)
  )
  (residual_fc): Linear(in_features=1433, out_features=128, bias=True)
)
Epoch: 1, Loss: 1.9414, Train: 0.4714, Val: 0.2600, Test: 0.3000
Epoch: 2, Loss: 1.8981, Train: 0.6786, Val: 0.4280, Test: 0.4740
Epoch: 3, Loss: 1.8233, Train: 0.7857, Val: 0.5380, Test: 0.5710
Epoch: 4, Loss: 1.7823, Train: 0.8857, Val: 0.6360, Test: 0.6610
Epoch: 5, Loss: 1.7036, Train: 0.9357, Val: 0.6940, Test: 0.7160
Epoch: 6, Loss: 1.6364, Train: 0.9429, Val: 0.7240, Test: 0.7590
Epoch: 7, Loss: 1.5604, Train: 0.9429, Val: 0.7480, Test: 0.7670
Epoch: 8, Loss: 1.4833, Train: 0.9643, Val: 0.7580, Test: 0.7870
Epoch: 9, Loss: 1.3840, Train: 0.9643, Val: 0.7620, Test: 0.7950
Epoch: 10, Loss: 1.3144, Train: 0.9571, Val: 0.7720, Test: 0.8050
Epoch: 11, Loss: 1.2184, Train: 0.9643, Val: 0.7900, Test: 0.8160
Epoch: 12, Loss: 1.1165, Train: 0.9714, Val: 0.7920, Test: 0.8170
Epoch: 13, Loss: 0.9954, Train: 0.9786, Val: 0.8000, Test: 0.8150
Epoch: 14, Loss: 0.8631, Train: 0.9786, Val: 0.8040, Test: 0.8120
Epoch: 15, Loss: 0.7844, Train: 0.9714, Val: 0.7960, Test: 0.8050
Epoch: 16, Loss: 0.7235, Train: 0.9714, Val: 0.7960, Test: 0.8000
Epoch: 17, Loss: 0.5894, Train: 0.9714, Val: 0.7860, Test: 0.7930
Epoch: 18, Loss: 0.5262, Train: 0.9786, Val: 0.7880, Test: 0.7900
Epoch: 19, Loss: 0.4793, Train: 0.9857, Val: 0.7920, Test: 0.7890
Epoch: 20, Loss: 0.4273, Train: 0.9929, Val: 0.7920, Test: 0.7960
Epoch: 21, Loss: 0.3642, Train: 0.9929, Val: 0.7920, Test: 0.8000
Epoch: 22, Loss: 0.3435, Train: 0.9857, Val: 0.7940, Test: 0.8080
Epoch: 23, Loss: 0.2821, Train: 0.9857, Val: 0.7920, Test: 0.8100
Epoch: 24, Loss: 0.2468, Train: 0.9857, Val: 0.7940, Test: 0.8050
Epoch: 25, Loss: 0.2019, Train: 0.9929, Val: 0.7960, Test: 0.8080
Epoch: 26, Loss: 0.1922, Train: 0.9929, Val: 0.7880, Test: 0.8040
Epoch: 27, Loss: 0.1581, Train: 0.9929, Val: 0.7860, Test: 0.8050
Epoch: 28, Loss: 0.1431, Train: 0.9929, Val: 0.7920, Test: 0.8040
Epoch: 29, Loss: 0.1270, Train: 1.0000, Val: 0.7800, Test: 0.8030
Epoch: 30, Loss: 0.1145, Train: 1.0000, Val: 0.7720, Test: 0.8010
Epoch: 31, Loss: 0.1148, Train: 0.9929, Val: 0.7720, Test: 0.8010
Epoch: 32, Loss: 0.0931, Train: 0.9929, Val: 0.7640, Test: 0.8000
Epoch: 33, Loss: 0.0998, Train: 1.0000, Val: 0.7660, Test: 0.7990
Epoch: 34, Loss: 0.0855, Train: 1.0000, Val: 0.7640, Test: 0.7990
Epoch: 35, Loss: 0.0560, Train: 1.0000, Val: 0.7580, Test: 0.8040
Epoch: 36, Loss: 0.0780, Train: 1.0000, Val: 0.7600, Test: 0.8060
Epoch: 37, Loss: 0.0793, Train: 1.0000, Val: 0.7660, Test: 0.8040
Epoch: 38, Loss: 0.0516, Train: 1.0000, Val: 0.7620, Test: 0.8050
Epoch: 39, Loss: 0.0473, Train: 1.0000, Val: 0.7620, Test: 0.8010
Epoch: 40, Loss: 0.0379, Train: 1.0000, Val: 0.7620, Test: 0.7980
Epoch: 41, Loss: 0.0237, Train: 1.0000, Val: 0.7600, Test: 0.7980
Epoch: 42, Loss: 0.0249, Train: 1.0000, Val: 0.7620, Test: 0.7970
Epoch: 43, Loss: 0.0251, Train: 1.0000, Val: 0.7620, Test: 0.7990
Epoch: 44, Loss: 0.0244, Train: 1.0000, Val: 0.7640, Test: 0.7970
Epoch: 45, Loss: 0.0421, Train: 1.0000, Val: 0.7640, Test: 0.7950
Epoch: 46, Loss: 0.0134, Train: 1.0000, Val: 0.7640, Test: 0.7920
Epoch: 47, Loss: 0.0145, Train: 1.0000, Val: 0.7580, Test: 0.7880
Epoch: 48, Loss: 0.0331, Train: 1.0000, Val: 0.7580, Test: 0.7870
Epoch: 49, Loss: 0.0181, Train: 1.0000, Val: 0.7580, Test: 0.7870
Epoch: 50, Loss: 0.0142, Train: 1.0000, Val: 0.7580, Test: 0.7860
MAD:  0.8595
Best Test Accuracy: 0.8170, Val Accuracy: 0.7920, Train Accuracy: 0.9714
Training completed.
Seed:  5
GATv2(
  (convs): ModuleList(
    (0-1): 2 x GATv2Conv(128, 128, heads=1)
    (2): GATv2Conv(128, 7, heads=1)
  )
  (residual_fc): Linear(in_features=1433, out_features=128, bias=True)
)
Epoch: 1, Loss: 1.9406, Train: 0.2929, Val: 0.1380, Test: 0.1670
Epoch: 2, Loss: 1.8768, Train: 0.6000, Val: 0.2960, Test: 0.3260
Epoch: 3, Loss: 1.8235, Train: 0.7429, Val: 0.4220, Test: 0.4390
Epoch: 4, Loss: 1.7889, Train: 0.8643, Val: 0.5120, Test: 0.5360
Epoch: 5, Loss: 1.7102, Train: 0.9429, Val: 0.5560, Test: 0.5840
Epoch: 6, Loss: 1.6064, Train: 0.9571, Val: 0.5920, Test: 0.6190
Epoch: 7, Loss: 1.5754, Train: 0.9643, Val: 0.6180, Test: 0.6460
Epoch: 8, Loss: 1.4553, Train: 0.9643, Val: 0.6520, Test: 0.6700
Epoch: 9, Loss: 1.3991, Train: 0.9714, Val: 0.6840, Test: 0.6850
Epoch: 10, Loss: 1.2855, Train: 0.9786, Val: 0.6880, Test: 0.7050
Epoch: 11, Loss: 1.2111, Train: 0.9714, Val: 0.6960, Test: 0.7210
Epoch: 12, Loss: 1.1051, Train: 0.9786, Val: 0.7060, Test: 0.7400
Epoch: 13, Loss: 1.0243, Train: 0.9857, Val: 0.7140, Test: 0.7510
Epoch: 14, Loss: 0.8980, Train: 0.9857, Val: 0.7280, Test: 0.7600
Epoch: 15, Loss: 0.8311, Train: 0.9929, Val: 0.7360, Test: 0.7630
Epoch: 16, Loss: 0.7618, Train: 0.9929, Val: 0.7520, Test: 0.7770
Epoch: 17, Loss: 0.6554, Train: 0.9929, Val: 0.7600, Test: 0.7810
Epoch: 18, Loss: 0.5796, Train: 0.9929, Val: 0.7660, Test: 0.7810
Epoch: 19, Loss: 0.5266, Train: 0.9929, Val: 0.7620, Test: 0.7820
Epoch: 20, Loss: 0.4536, Train: 0.9929, Val: 0.7560, Test: 0.7750
Epoch: 21, Loss: 0.3541, Train: 0.9929, Val: 0.7480, Test: 0.7650
Epoch: 22, Loss: 0.3223, Train: 0.9929, Val: 0.7520, Test: 0.7600
Epoch: 23, Loss: 0.2865, Train: 0.9929, Val: 0.7480, Test: 0.7570
Epoch: 24, Loss: 0.2490, Train: 0.9929, Val: 0.7440, Test: 0.7520
Epoch: 25, Loss: 0.2255, Train: 0.9929, Val: 0.7420, Test: 0.7520
Epoch: 26, Loss: 0.2056, Train: 0.9929, Val: 0.7400, Test: 0.7540
Epoch: 27, Loss: 0.1385, Train: 0.9929, Val: 0.7400, Test: 0.7550
Epoch: 28, Loss: 0.1192, Train: 0.9929, Val: 0.7400, Test: 0.7570
Epoch: 29, Loss: 0.1036, Train: 0.9929, Val: 0.7420, Test: 0.7580
Epoch: 30, Loss: 0.1178, Train: 0.9929, Val: 0.7420, Test: 0.7570
Epoch: 31, Loss: 0.1004, Train: 1.0000, Val: 0.7440, Test: 0.7610
Epoch: 32, Loss: 0.0806, Train: 1.0000, Val: 0.7360, Test: 0.7590
Epoch: 33, Loss: 0.0792, Train: 1.0000, Val: 0.7340, Test: 0.7590
Epoch: 34, Loss: 0.0525, Train: 1.0000, Val: 0.7320, Test: 0.7600
Epoch: 35, Loss: 0.0577, Train: 1.0000, Val: 0.7300, Test: 0.7610
Epoch: 36, Loss: 0.1007, Train: 1.0000, Val: 0.7300, Test: 0.7600
Epoch: 37, Loss: 0.0642, Train: 1.0000, Val: 0.7320, Test: 0.7620
Epoch: 38, Loss: 0.0358, Train: 1.0000, Val: 0.7360, Test: 0.7610
Epoch: 39, Loss: 0.0832, Train: 1.0000, Val: 0.7380, Test: 0.7640
Epoch: 40, Loss: 0.0512, Train: 1.0000, Val: 0.7360, Test: 0.7630
Epoch: 41, Loss: 0.0443, Train: 1.0000, Val: 0.7480, Test: 0.7620
Epoch: 42, Loss: 0.0432, Train: 1.0000, Val: 0.7480, Test: 0.7600
Epoch: 43, Loss: 0.0214, Train: 1.0000, Val: 0.7420, Test: 0.7600
Epoch: 44, Loss: 0.0206, Train: 1.0000, Val: 0.7400, Test: 0.7580
Epoch: 45, Loss: 0.0318, Train: 1.0000, Val: 0.7360, Test: 0.7610
Epoch: 46, Loss: 0.0511, Train: 1.0000, Val: 0.7340, Test: 0.7660
Epoch: 47, Loss: 0.0293, Train: 1.0000, Val: 0.7320, Test: 0.7670
Epoch: 48, Loss: 0.0317, Train: 1.0000, Val: 0.7300, Test: 0.7690
Epoch: 49, Loss: 0.0214, Train: 1.0000, Val: 0.7320, Test: 0.7680
Epoch: 50, Loss: 0.0248, Train: 1.0000, Val: 0.7320, Test: 0.7680
MAD:  0.8701
Best Test Accuracy: 0.7820, Val Accuracy: 0.7620, Train Accuracy: 0.9929
Training completed.
Seed:  6
GATv2(
  (convs): ModuleList(
    (0-1): 2 x GATv2Conv(128, 128, heads=1)
    (2): GATv2Conv(128, 7, heads=1)
  )
  (residual_fc): Linear(in_features=1433, out_features=128, bias=True)
)
Epoch: 1, Loss: 1.9551, Train: 0.2071, Val: 0.1460, Test: 0.1570
Epoch: 2, Loss: 1.9091, Train: 0.5643, Val: 0.2540, Test: 0.3060
Epoch: 3, Loss: 1.8485, Train: 0.7929, Val: 0.3820, Test: 0.4100
Epoch: 4, Loss: 1.8015, Train: 0.8643, Val: 0.4840, Test: 0.4910
Epoch: 5, Loss: 1.7339, Train: 0.8786, Val: 0.5540, Test: 0.5520
Epoch: 6, Loss: 1.6708, Train: 0.9143, Val: 0.6040, Test: 0.6100
Epoch: 7, Loss: 1.6055, Train: 0.9214, Val: 0.6400, Test: 0.6420
Epoch: 8, Loss: 1.5203, Train: 0.9429, Val: 0.6740, Test: 0.6580
Epoch: 9, Loss: 1.4717, Train: 0.9500, Val: 0.6940, Test: 0.6800
Epoch: 10, Loss: 1.3645, Train: 0.9500, Val: 0.7000, Test: 0.6900
Epoch: 11, Loss: 1.2793, Train: 0.9571, Val: 0.7100, Test: 0.7050
Epoch: 12, Loss: 1.1841, Train: 0.9571, Val: 0.7240, Test: 0.7210
Epoch: 13, Loss: 1.1073, Train: 0.9643, Val: 0.7320, Test: 0.7320
Epoch: 14, Loss: 1.0169, Train: 0.9643, Val: 0.7340, Test: 0.7420
Epoch: 15, Loss: 0.9366, Train: 0.9786, Val: 0.7480, Test: 0.7500
Epoch: 16, Loss: 0.8239, Train: 0.9857, Val: 0.7500, Test: 0.7590
Epoch: 17, Loss: 0.7538, Train: 0.9857, Val: 0.7620, Test: 0.7630
Epoch: 18, Loss: 0.6686, Train: 0.9857, Val: 0.7680, Test: 0.7680
Epoch: 19, Loss: 0.6009, Train: 0.9857, Val: 0.7700, Test: 0.7740
Epoch: 20, Loss: 0.5268, Train: 0.9929, Val: 0.7820, Test: 0.7830
Epoch: 21, Loss: 0.4437, Train: 0.9929, Val: 0.7900, Test: 0.7880
Epoch: 22, Loss: 0.3808, Train: 0.9929, Val: 0.7880, Test: 0.7860
Epoch: 23, Loss: 0.3439, Train: 0.9929, Val: 0.7840, Test: 0.7900
Epoch: 24, Loss: 0.3034, Train: 0.9857, Val: 0.7880, Test: 0.7870
Epoch: 25, Loss: 0.2841, Train: 0.9857, Val: 0.7880, Test: 0.7880
Epoch: 26, Loss: 0.2626, Train: 0.9929, Val: 0.7880, Test: 0.7910
Epoch: 27, Loss: 0.2538, Train: 0.9929, Val: 0.7860, Test: 0.7890
Epoch: 28, Loss: 0.1877, Train: 0.9929, Val: 0.7880, Test: 0.7860
Epoch: 29, Loss: 0.1574, Train: 0.9929, Val: 0.7840, Test: 0.7860
Epoch: 30, Loss: 0.1613, Train: 0.9929, Val: 0.7860, Test: 0.7880
Epoch: 31, Loss: 0.1438, Train: 0.9929, Val: 0.7800, Test: 0.7880
Epoch: 32, Loss: 0.1073, Train: 0.9929, Val: 0.7760, Test: 0.7880
Epoch: 33, Loss: 0.0929, Train: 1.0000, Val: 0.7680, Test: 0.7830
Epoch: 34, Loss: 0.0828, Train: 1.0000, Val: 0.7660, Test: 0.7830
Epoch: 35, Loss: 0.0663, Train: 1.0000, Val: 0.7640, Test: 0.7840
Epoch: 36, Loss: 0.1046, Train: 1.0000, Val: 0.7580, Test: 0.7830
Epoch: 37, Loss: 0.0595, Train: 1.0000, Val: 0.7540, Test: 0.7810
Epoch: 38, Loss: 0.0827, Train: 1.0000, Val: 0.7540, Test: 0.7750
Epoch: 39, Loss: 0.0657, Train: 1.0000, Val: 0.7540, Test: 0.7780
Epoch: 40, Loss: 0.0521, Train: 1.0000, Val: 0.7520, Test: 0.7780
Epoch: 41, Loss: 0.0701, Train: 1.0000, Val: 0.7560, Test: 0.7820
Epoch: 42, Loss: 0.0625, Train: 1.0000, Val: 0.7560, Test: 0.7850
Epoch: 43, Loss: 0.0390, Train: 1.0000, Val: 0.7680, Test: 0.7900
Epoch: 44, Loss: 0.0482, Train: 1.0000, Val: 0.7760, Test: 0.7850
Epoch: 45, Loss: 0.0273, Train: 1.0000, Val: 0.7740, Test: 0.7850
Epoch: 46, Loss: 0.0522, Train: 1.0000, Val: 0.7760, Test: 0.7870
Epoch: 47, Loss: 0.0363, Train: 1.0000, Val: 0.7680, Test: 0.7890
Epoch: 48, Loss: 0.0484, Train: 1.0000, Val: 0.7700, Test: 0.7860
Epoch: 49, Loss: 0.0347, Train: 1.0000, Val: 0.7700, Test: 0.7830
Epoch: 50, Loss: 0.0247, Train: 1.0000, Val: 0.7640, Test: 0.7830
MAD:  0.8656
Best Test Accuracy: 0.7910, Val Accuracy: 0.7880, Train Accuracy: 0.9929
Training completed.
Seed:  7
GATv2(
  (convs): ModuleList(
    (0-1): 2 x GATv2Conv(128, 128, heads=1)
    (2): GATv2Conv(128, 7, heads=1)
  )
  (residual_fc): Linear(in_features=1433, out_features=128, bias=True)
)
Epoch: 1, Loss: 1.9629, Train: 0.3000, Val: 0.1880, Test: 0.2150
Epoch: 2, Loss: 1.9050, Train: 0.4286, Val: 0.2640, Test: 0.2740
Epoch: 3, Loss: 1.8505, Train: 0.7071, Val: 0.4220, Test: 0.4130
Epoch: 4, Loss: 1.8006, Train: 0.8643, Val: 0.5880, Test: 0.5920
Epoch: 5, Loss: 1.7343, Train: 0.9071, Val: 0.6500, Test: 0.6580
Epoch: 6, Loss: 1.6706, Train: 0.9286, Val: 0.6680, Test: 0.6780
Epoch: 7, Loss: 1.5931, Train: 0.9214, Val: 0.6900, Test: 0.6880
Epoch: 8, Loss: 1.5090, Train: 0.9357, Val: 0.6980, Test: 0.6950
Epoch: 9, Loss: 1.4468, Train: 0.9357, Val: 0.7100, Test: 0.7010
Epoch: 10, Loss: 1.3576, Train: 0.9357, Val: 0.7240, Test: 0.7060
Epoch: 11, Loss: 1.2890, Train: 0.9429, Val: 0.7240, Test: 0.7150
Epoch: 12, Loss: 1.1987, Train: 0.9429, Val: 0.7240, Test: 0.7230
Epoch: 13, Loss: 1.0818, Train: 0.9429, Val: 0.7320, Test: 0.7240
Epoch: 14, Loss: 0.9556, Train: 0.9500, Val: 0.7360, Test: 0.7340
Epoch: 15, Loss: 0.8644, Train: 0.9500, Val: 0.7400, Test: 0.7360
Epoch: 16, Loss: 0.7546, Train: 0.9500, Val: 0.7460, Test: 0.7430
Epoch: 17, Loss: 0.6792, Train: 0.9571, Val: 0.7560, Test: 0.7450
Epoch: 18, Loss: 0.6090, Train: 0.9571, Val: 0.7720, Test: 0.7540
Epoch: 19, Loss: 0.5202, Train: 0.9786, Val: 0.7700, Test: 0.7610
Epoch: 20, Loss: 0.4330, Train: 0.9857, Val: 0.7740, Test: 0.7710
Epoch: 21, Loss: 0.4163, Train: 0.9857, Val: 0.7780, Test: 0.7850
Epoch: 22, Loss: 0.3598, Train: 0.9857, Val: 0.7800, Test: 0.7940
Epoch: 23, Loss: 0.3011, Train: 0.9857, Val: 0.7820, Test: 0.8000
Epoch: 24, Loss: 0.2455, Train: 0.9857, Val: 0.7720, Test: 0.8080
Epoch: 25, Loss: 0.2285, Train: 0.9786, Val: 0.7740, Test: 0.8120
Epoch: 26, Loss: 0.2029, Train: 0.9857, Val: 0.7800, Test: 0.8210
Epoch: 27, Loss: 0.1477, Train: 0.9857, Val: 0.7760, Test: 0.8180
Epoch: 28, Loss: 0.1654, Train: 0.9857, Val: 0.7740, Test: 0.8200
Epoch: 29, Loss: 0.1347, Train: 0.9857, Val: 0.7740, Test: 0.8150
Epoch: 30, Loss: 0.1243, Train: 0.9929, Val: 0.7700, Test: 0.8100
Epoch: 31, Loss: 0.1393, Train: 0.9929, Val: 0.7700, Test: 0.8090
Epoch: 32, Loss: 0.0985, Train: 1.0000, Val: 0.7660, Test: 0.8090
Epoch: 33, Loss: 0.0951, Train: 1.0000, Val: 0.7600, Test: 0.8050
Epoch: 34, Loss: 0.0615, Train: 1.0000, Val: 0.7520, Test: 0.8030
Epoch: 35, Loss: 0.0471, Train: 1.0000, Val: 0.7480, Test: 0.8010
Epoch: 36, Loss: 0.0719, Train: 1.0000, Val: 0.7520, Test: 0.8010
Epoch: 37, Loss: 0.0373, Train: 1.0000, Val: 0.7540, Test: 0.8030
Epoch: 38, Loss: 0.0496, Train: 1.0000, Val: 0.7540, Test: 0.7980
Epoch: 39, Loss: 0.0421, Train: 1.0000, Val: 0.7520, Test: 0.7970
Epoch: 40, Loss: 0.0355, Train: 1.0000, Val: 0.7460, Test: 0.7960
Epoch: 41, Loss: 0.0422, Train: 1.0000, Val: 0.7480, Test: 0.7940
Epoch: 42, Loss: 0.0283, Train: 1.0000, Val: 0.7460, Test: 0.7940
Epoch: 43, Loss: 0.0211, Train: 1.0000, Val: 0.7500, Test: 0.7940
Epoch: 44, Loss: 0.0286, Train: 1.0000, Val: 0.7500, Test: 0.7970
Epoch: 45, Loss: 0.0190, Train: 1.0000, Val: 0.7480, Test: 0.7950
Epoch: 46, Loss: 0.0202, Train: 1.0000, Val: 0.7480, Test: 0.7900
Epoch: 47, Loss: 0.0179, Train: 1.0000, Val: 0.7480, Test: 0.7890
Epoch: 48, Loss: 0.0250, Train: 1.0000, Val: 0.7440, Test: 0.7860
Epoch: 49, Loss: 0.0193, Train: 1.0000, Val: 0.7440, Test: 0.7890
Epoch: 50, Loss: 0.0145, Train: 1.0000, Val: 0.7460, Test: 0.7860
MAD:  0.8442
Best Test Accuracy: 0.8210, Val Accuracy: 0.7800, Train Accuracy: 0.9857
Training completed.
Seed:  8
GATv2(
  (convs): ModuleList(
    (0-1): 2 x GATv2Conv(128, 128, heads=1)
    (2): GATv2Conv(128, 7, heads=1)
  )
  (residual_fc): Linear(in_features=1433, out_features=128, bias=True)
)
Epoch: 1, Loss: 1.9487, Train: 0.2643, Val: 0.2360, Test: 0.2610
Epoch: 2, Loss: 1.9062, Train: 0.5000, Val: 0.3740, Test: 0.3990
Epoch: 3, Loss: 1.8286, Train: 0.7000, Val: 0.5180, Test: 0.5410
Epoch: 4, Loss: 1.7980, Train: 0.8714, Val: 0.6420, Test: 0.6430
Epoch: 5, Loss: 1.7335, Train: 0.9286, Val: 0.6900, Test: 0.7130
Epoch: 6, Loss: 1.6578, Train: 0.9714, Val: 0.7200, Test: 0.7450
Epoch: 7, Loss: 1.6011, Train: 0.9714, Val: 0.7360, Test: 0.7640
Epoch: 8, Loss: 1.5257, Train: 0.9714, Val: 0.7560, Test: 0.7720
Epoch: 9, Loss: 1.4624, Train: 0.9714, Val: 0.7660, Test: 0.7830
Epoch: 10, Loss: 1.3707, Train: 0.9714, Val: 0.7740, Test: 0.7840
Epoch: 11, Loss: 1.2644, Train: 0.9643, Val: 0.7760, Test: 0.7900
Epoch: 12, Loss: 1.1952, Train: 0.9643, Val: 0.7760, Test: 0.7850
Epoch: 13, Loss: 1.0852, Train: 0.9714, Val: 0.7740, Test: 0.7860
Epoch: 14, Loss: 0.9819, Train: 0.9714, Val: 0.7700, Test: 0.7830
Epoch: 15, Loss: 0.9246, Train: 0.9786, Val: 0.7680, Test: 0.7800
Epoch: 16, Loss: 0.8155, Train: 0.9786, Val: 0.7720, Test: 0.7810
Epoch: 17, Loss: 0.7018, Train: 0.9786, Val: 0.7740, Test: 0.7820
Epoch: 18, Loss: 0.6392, Train: 0.9857, Val: 0.7740, Test: 0.7840
Epoch: 19, Loss: 0.5339, Train: 0.9929, Val: 0.7760, Test: 0.7860
Epoch: 20, Loss: 0.5067, Train: 0.9929, Val: 0.7760, Test: 0.7830
Epoch: 21, Loss: 0.4216, Train: 0.9929, Val: 0.7820, Test: 0.7760
Epoch: 22, Loss: 0.3562, Train: 0.9929, Val: 0.7840, Test: 0.7720
Epoch: 23, Loss: 0.3146, Train: 0.9929, Val: 0.7780, Test: 0.7700
Epoch: 24, Loss: 0.2309, Train: 0.9929, Val: 0.7780, Test: 0.7670
Epoch: 25, Loss: 0.2321, Train: 0.9929, Val: 0.7740, Test: 0.7670
Epoch: 26, Loss: 0.1991, Train: 0.9929, Val: 0.7740, Test: 0.7710
Epoch: 27, Loss: 0.1600, Train: 0.9929, Val: 0.7720, Test: 0.7720
Epoch: 28, Loss: 0.1684, Train: 0.9929, Val: 0.7660, Test: 0.7720
Epoch: 29, Loss: 0.1435, Train: 0.9929, Val: 0.7640, Test: 0.7700
Epoch: 30, Loss: 0.1205, Train: 0.9929, Val: 0.7580, Test: 0.7620
Epoch: 31, Loss: 0.0919, Train: 0.9929, Val: 0.7520, Test: 0.7600
Epoch: 32, Loss: 0.0811, Train: 0.9929, Val: 0.7540, Test: 0.7620
Epoch: 33, Loss: 0.0983, Train: 1.0000, Val: 0.7580, Test: 0.7610
Epoch: 34, Loss: 0.0760, Train: 1.0000, Val: 0.7560, Test: 0.7650
Epoch: 35, Loss: 0.0687, Train: 1.0000, Val: 0.7600, Test: 0.7710
Epoch: 36, Loss: 0.0818, Train: 1.0000, Val: 0.7640, Test: 0.7760
Epoch: 37, Loss: 0.0548, Train: 1.0000, Val: 0.7640, Test: 0.7800
Epoch: 38, Loss: 0.0745, Train: 1.0000, Val: 0.7600, Test: 0.7810
Epoch: 39, Loss: 0.0763, Train: 1.0000, Val: 0.7560, Test: 0.7800
Epoch: 40, Loss: 0.0430, Train: 1.0000, Val: 0.7580, Test: 0.7770
Epoch: 41, Loss: 0.0329, Train: 1.0000, Val: 0.7600, Test: 0.7720
Epoch: 42, Loss: 0.0314, Train: 1.0000, Val: 0.7560, Test: 0.7710
Epoch: 43, Loss: 0.0296, Train: 1.0000, Val: 0.7540, Test: 0.7740
Epoch: 44, Loss: 0.0356, Train: 1.0000, Val: 0.7520, Test: 0.7730
Epoch: 45, Loss: 0.0415, Train: 1.0000, Val: 0.7480, Test: 0.7670
Epoch: 46, Loss: 0.0211, Train: 1.0000, Val: 0.7460, Test: 0.7640
Epoch: 47, Loss: 0.0218, Train: 1.0000, Val: 0.7480, Test: 0.7630
Epoch: 48, Loss: 0.0296, Train: 1.0000, Val: 0.7400, Test: 0.7630
Epoch: 49, Loss: 0.0330, Train: 1.0000, Val: 0.7400, Test: 0.7620
Epoch: 50, Loss: 0.0224, Train: 1.0000, Val: 0.7360, Test: 0.7600
MAD:  0.8566
Best Test Accuracy: 0.7900, Val Accuracy: 0.7760, Train Accuracy: 0.9643
Training completed.
Seed:  9
GATv2(
  (convs): ModuleList(
    (0-1): 2 x GATv2Conv(128, 128, heads=1)
    (2): GATv2Conv(128, 7, heads=1)
  )
  (residual_fc): Linear(in_features=1433, out_features=128, bias=True)
)
Epoch: 1, Loss: 1.9484, Train: 0.3929, Val: 0.2240, Test: 0.2450
Epoch: 2, Loss: 1.8985, Train: 0.7071, Val: 0.4180, Test: 0.4230
Epoch: 3, Loss: 1.8489, Train: 0.9214, Val: 0.5940, Test: 0.6190
Epoch: 4, Loss: 1.7737, Train: 0.9714, Val: 0.6700, Test: 0.7080
Epoch: 5, Loss: 1.7100, Train: 0.9714, Val: 0.7120, Test: 0.7500
Epoch: 6, Loss: 1.6518, Train: 0.9714, Val: 0.7280, Test: 0.7730
Epoch: 7, Loss: 1.5753, Train: 0.9786, Val: 0.7420, Test: 0.7800
Epoch: 8, Loss: 1.4934, Train: 0.9786, Val: 0.7480, Test: 0.7890
Epoch: 9, Loss: 1.4250, Train: 0.9786, Val: 0.7640, Test: 0.7950
Epoch: 10, Loss: 1.3297, Train: 0.9786, Val: 0.7680, Test: 0.7900
Epoch: 11, Loss: 1.2219, Train: 0.9786, Val: 0.7780, Test: 0.7960
Epoch: 12, Loss: 1.1328, Train: 0.9857, Val: 0.7780, Test: 0.7970
Epoch: 13, Loss: 1.0581, Train: 0.9857, Val: 0.7700, Test: 0.7990
Epoch: 14, Loss: 0.9368, Train: 0.9929, Val: 0.7640, Test: 0.7900
Epoch: 15, Loss: 0.8540, Train: 0.9929, Val: 0.7580, Test: 0.7870
Epoch: 16, Loss: 0.7497, Train: 0.9929, Val: 0.7540, Test: 0.7830
Epoch: 17, Loss: 0.6464, Train: 0.9857, Val: 0.7460, Test: 0.7810
Epoch: 18, Loss: 0.5936, Train: 0.9857, Val: 0.7480, Test: 0.7800
Epoch: 19, Loss: 0.5392, Train: 0.9857, Val: 0.7440, Test: 0.7740
Epoch: 20, Loss: 0.4464, Train: 0.9857, Val: 0.7360, Test: 0.7700
Epoch: 21, Loss: 0.3710, Train: 0.9857, Val: 0.7280, Test: 0.7680
Epoch: 22, Loss: 0.3249, Train: 0.9857, Val: 0.7240, Test: 0.7620
Epoch: 23, Loss: 0.2929, Train: 0.9857, Val: 0.7260, Test: 0.7600
Epoch: 24, Loss: 0.2554, Train: 0.9857, Val: 0.7280, Test: 0.7580
Epoch: 25, Loss: 0.2579, Train: 0.9857, Val: 0.7340, Test: 0.7580
Epoch: 26, Loss: 0.1901, Train: 0.9857, Val: 0.7380, Test: 0.7590
Epoch: 27, Loss: 0.1665, Train: 0.9857, Val: 0.7420, Test: 0.7570
Epoch: 28, Loss: 0.1428, Train: 0.9857, Val: 0.7440, Test: 0.7570
Epoch: 29, Loss: 0.1251, Train: 0.9929, Val: 0.7400, Test: 0.7610
Epoch: 30, Loss: 0.1302, Train: 0.9929, Val: 0.7420, Test: 0.7640
Epoch: 31, Loss: 0.1177, Train: 0.9929, Val: 0.7380, Test: 0.7620
Epoch: 32, Loss: 0.1049, Train: 0.9929, Val: 0.7420, Test: 0.7640
Epoch: 33, Loss: 0.0845, Train: 0.9929, Val: 0.7380, Test: 0.7610
Epoch: 34, Loss: 0.0826, Train: 0.9857, Val: 0.7320, Test: 0.7570
Epoch: 35, Loss: 0.0536, Train: 0.9857, Val: 0.7260, Test: 0.7500
Epoch: 36, Loss: 0.0629, Train: 0.9857, Val: 0.7180, Test: 0.7460
Epoch: 37, Loss: 0.0980, Train: 0.9929, Val: 0.7220, Test: 0.7480
Epoch: 38, Loss: 0.0456, Train: 0.9929, Val: 0.7180, Test: 0.7530
Epoch: 39, Loss: 0.0404, Train: 0.9929, Val: 0.7200, Test: 0.7550
Epoch: 40, Loss: 0.0626, Train: 0.9929, Val: 0.7140, Test: 0.7540
Epoch: 41, Loss: 0.0378, Train: 0.9929, Val: 0.7180, Test: 0.7600
Epoch: 42, Loss: 0.0467, Train: 0.9929, Val: 0.7280, Test: 0.7620
Epoch: 43, Loss: 0.0440, Train: 1.0000, Val: 0.7320, Test: 0.7600
Epoch: 44, Loss: 0.0402, Train: 1.0000, Val: 0.7340, Test: 0.7560
Epoch: 45, Loss: 0.0408, Train: 1.0000, Val: 0.7260, Test: 0.7580
Epoch: 46, Loss: 0.0367, Train: 1.0000, Val: 0.7240, Test: 0.7550
Epoch: 47, Loss: 0.0283, Train: 1.0000, Val: 0.7260, Test: 0.7560
Epoch: 48, Loss: 0.0307, Train: 1.0000, Val: 0.7260, Test: 0.7540
Epoch: 49, Loss: 0.0263, Train: 1.0000, Val: 0.7280, Test: 0.7520
Epoch: 50, Loss: 0.0221, Train: 1.0000, Val: 0.7300, Test: 0.7500
MAD:  0.7853
Best Test Accuracy: 0.7990, Val Accuracy: 0.7700, Train Accuracy: 0.9857
Training completed.
Average Test Accuracy:  0.7977000000000001 ± 0.012458330546264992
Average MAD:  0.8429500000000001 ± 0.027809503771193046
