Seed:  0
PDN(
  (batch_norm): LayerNorm((128,), eps=1e-05, elementwise_affine=True)
  (convs): ModuleList(
    (0): PDNConv(1433, 128)
    (1-10): 10 x PDNConv(128, 128)
    (11): PDNConv(128, 7)
  )
  (residual_fc): Linear(in_features=1433, out_features=128, bias=True)
)
Epoch: 1, Loss: 1.9465, Train: 0.1786, Val: 0.1320, Test: 0.1400
Epoch: 2, Loss: 1.9459, Train: 0.1429, Val: 0.1620, Test: 0.1480
Epoch: 3, Loss: 1.9456, Train: 0.1429, Val: 0.1620, Test: 0.1480
Epoch: 4, Loss: 1.9453, Train: 0.1429, Val: 0.1620, Test: 0.1500
Epoch: 5, Loss: 1.9462, Train: 0.1571, Val: 0.1660, Test: 0.1520
Epoch: 6, Loss: 1.9451, Train: 0.1857, Val: 0.1820, Test: 0.1640
Epoch: 7, Loss: 1.9453, Train: 0.2143, Val: 0.1960, Test: 0.1780
Epoch: 8, Loss: 1.9451, Train: 0.2143, Val: 0.2060, Test: 0.1870
Epoch: 9, Loss: 1.9452, Train: 0.2071, Val: 0.1800, Test: 0.1730
Epoch: 10, Loss: 1.9442, Train: 0.2071, Val: 0.1920, Test: 0.1820
Epoch: 11, Loss: 1.9447, Train: 0.2429, Val: 0.2100, Test: 0.2040
Epoch: 12, Loss: 1.9442, Train: 0.2286, Val: 0.2240, Test: 0.2140
Epoch: 13, Loss: 1.9439, Train: 0.2429, Val: 0.2260, Test: 0.2190
Epoch: 14, Loss: 1.9430, Train: 0.2286, Val: 0.2240, Test: 0.2100
Epoch: 15, Loss: 1.9436, Train: 0.2286, Val: 0.2080, Test: 0.1910
Epoch: 16, Loss: 1.9423, Train: 0.1643, Val: 0.1740, Test: 0.1670
Epoch: 17, Loss: 1.9422, Train: 0.1500, Val: 0.1680, Test: 0.1530
Epoch: 18, Loss: 1.9424, Train: 0.1429, Val: 0.1620, Test: 0.1480
Epoch: 19, Loss: 1.9409, Train: 0.1429, Val: 0.1620, Test: 0.1490
Epoch: 20, Loss: 1.9396, Train: 0.1429, Val: 0.1620, Test: 0.1490
Epoch: 21, Loss: 1.9396, Train: 0.1429, Val: 0.1620, Test: 0.1490
Epoch: 22, Loss: 1.9371, Train: 0.1429, Val: 0.1620, Test: 0.1490
Epoch: 23, Loss: 1.9348, Train: 0.1429, Val: 0.1620, Test: 0.1490
Epoch: 24, Loss: 1.9338, Train: 0.1429, Val: 0.1620, Test: 0.1490
Epoch: 25, Loss: 1.9273, Train: 0.1429, Val: 0.1640, Test: 0.1490
Epoch: 26, Loss: 1.9187, Train: 0.1429, Val: 0.1620, Test: 0.1520
Epoch: 27, Loss: 1.9071, Train: 0.1500, Val: 0.1640, Test: 0.1530
Epoch: 28, Loss: 1.8778, Train: 0.1643, Val: 0.1640, Test: 0.1570
Epoch: 29, Loss: 1.8537, Train: 0.2071, Val: 0.1740, Test: 0.1650
Epoch: 30, Loss: 1.8183, Train: 0.2071, Val: 0.1800, Test: 0.1710
Epoch: 31, Loss: 1.7751, Train: 0.2357, Val: 0.1960, Test: 0.1830
Epoch: 32, Loss: 1.7384, Train: 0.2643, Val: 0.2140, Test: 0.1980
Epoch: 33, Loss: 1.7244, Train: 0.3071, Val: 0.2240, Test: 0.2290
Epoch: 34, Loss: 1.7011, Train: 0.3357, Val: 0.2340, Test: 0.2330
Epoch: 35, Loss: 1.7029, Train: 0.3357, Val: 0.2380, Test: 0.2340
Epoch: 36, Loss: 1.6723, Train: 0.3571, Val: 0.2380, Test: 0.2340
Epoch: 37, Loss: 1.6525, Train: 0.3571, Val: 0.2420, Test: 0.2460
Epoch: 38, Loss: 1.6457, Train: 0.3286, Val: 0.2480, Test: 0.2560
Epoch: 39, Loss: 1.6268, Train: 0.3286, Val: 0.2940, Test: 0.2810
Epoch: 40, Loss: 1.6418, Train: 0.3643, Val: 0.3280, Test: 0.3180
Epoch: 41, Loss: 1.6451, Train: 0.3714, Val: 0.3240, Test: 0.3070
Epoch: 42, Loss: 1.6157, Train: 0.3429, Val: 0.2860, Test: 0.2670
Epoch: 43, Loss: 1.6259, Train: 0.3143, Val: 0.2560, Test: 0.2520
Epoch: 44, Loss: 1.6232, Train: 0.2929, Val: 0.2420, Test: 0.2340
Epoch: 45, Loss: 1.6188, Train: 0.3071, Val: 0.2380, Test: 0.2420
Epoch: 46, Loss: 1.5372, Train: 0.3000, Val: 0.2780, Test: 0.2790
Epoch: 47, Loss: 1.5451, Train: 0.3000, Val: 0.2880, Test: 0.2890
Epoch: 48, Loss: 1.5215, Train: 0.3643, Val: 0.3260, Test: 0.3300
Epoch: 49, Loss: 1.5402, Train: 0.4214, Val: 0.3300, Test: 0.3390
Epoch: 50, Loss: 1.5181, Train: 0.3429, Val: 0.2760, Test: 0.2690
MAD:  0.7433
Best Test Accuracy: 0.3390, Val Accuracy: 0.3300, Train Accuracy: 0.4214
Training completed.
Seed:  1
PDN(
  (batch_norm): LayerNorm((128,), eps=1e-05, elementwise_affine=True)
  (convs): ModuleList(
    (0): PDNConv(1433, 128)
    (1-10): 10 x PDNConv(128, 128)
    (11): PDNConv(128, 7)
  )
  (residual_fc): Linear(in_features=1433, out_features=128, bias=True)
)
Epoch: 1, Loss: 1.9464, Train: 0.1429, Val: 0.1240, Test: 0.1300
Epoch: 2, Loss: 1.9455, Train: 0.1429, Val: 0.1220, Test: 0.1300
Epoch: 3, Loss: 1.9461, Train: 0.1429, Val: 0.1220, Test: 0.1300
Epoch: 4, Loss: 1.9448, Train: 0.1429, Val: 0.1220, Test: 0.1300
Epoch: 5, Loss: 1.9448, Train: 0.1429, Val: 0.1220, Test: 0.1300
Epoch: 6, Loss: 1.9456, Train: 0.1429, Val: 0.1220, Test: 0.1300
Epoch: 7, Loss: 1.9451, Train: 0.1429, Val: 0.1220, Test: 0.1300
Epoch: 8, Loss: 1.9444, Train: 0.1429, Val: 0.1220, Test: 0.1300
Epoch: 9, Loss: 1.9456, Train: 0.1429, Val: 0.1220, Test: 0.1300
Epoch: 10, Loss: 1.9449, Train: 0.1429, Val: 0.1220, Test: 0.1300
Epoch: 11, Loss: 1.9455, Train: 0.1429, Val: 0.1220, Test: 0.1300
Epoch: 12, Loss: 1.9435, Train: 0.1429, Val: 0.1220, Test: 0.1300
Epoch: 13, Loss: 1.9434, Train: 0.1429, Val: 0.1220, Test: 0.1300
Epoch: 14, Loss: 1.9441, Train: 0.1429, Val: 0.1220, Test: 0.1300
Epoch: 15, Loss: 1.9434, Train: 0.1429, Val: 0.1220, Test: 0.1300
Epoch: 16, Loss: 1.9445, Train: 0.1429, Val: 0.1220, Test: 0.1300
Epoch: 17, Loss: 1.9434, Train: 0.1429, Val: 0.1220, Test: 0.1300
Epoch: 18, Loss: 1.9437, Train: 0.1429, Val: 0.1220, Test: 0.1300
Epoch: 19, Loss: 1.9418, Train: 0.1429, Val: 0.1220, Test: 0.1300
Epoch: 20, Loss: 1.9426, Train: 0.1429, Val: 0.1220, Test: 0.1300
Epoch: 21, Loss: 1.9426, Train: 0.1429, Val: 0.1220, Test: 0.1300
Epoch: 22, Loss: 1.9418, Train: 0.1429, Val: 0.1220, Test: 0.1300
Epoch: 23, Loss: 1.9429, Train: 0.1429, Val: 0.1220, Test: 0.1300
Epoch: 24, Loss: 1.9407, Train: 0.1643, Val: 0.1220, Test: 0.1320
Epoch: 25, Loss: 1.9419, Train: 0.1786, Val: 0.1220, Test: 0.1330
Epoch: 26, Loss: 1.9404, Train: 0.1786, Val: 0.1220, Test: 0.1330
Epoch: 27, Loss: 1.9398, Train: 0.1857, Val: 0.1220, Test: 0.1380
Epoch: 28, Loss: 1.9365, Train: 0.2000, Val: 0.1320, Test: 0.1440
Epoch: 29, Loss: 1.9342, Train: 0.2000, Val: 0.1340, Test: 0.1440
Epoch: 30, Loss: 1.9357, Train: 0.2071, Val: 0.1340, Test: 0.1450
Epoch: 31, Loss: 1.9298, Train: 0.2143, Val: 0.1360, Test: 0.1450
Epoch: 32, Loss: 1.9309, Train: 0.2143, Val: 0.1360, Test: 0.1450
Epoch: 33, Loss: 1.9179, Train: 0.2214, Val: 0.1380, Test: 0.1500
Epoch: 34, Loss: 1.9135, Train: 0.2786, Val: 0.1560, Test: 0.1710
Epoch: 35, Loss: 1.9054, Train: 0.2429, Val: 0.1380, Test: 0.1580
Epoch: 36, Loss: 1.8701, Train: 0.2357, Val: 0.1220, Test: 0.1490
Epoch: 37, Loss: 1.8572, Train: 0.2429, Val: 0.1240, Test: 0.1520
Epoch: 38, Loss: 1.7847, Train: 0.2500, Val: 0.1440, Test: 0.1600
Epoch: 39, Loss: 1.7370, Train: 0.2500, Val: 0.1460, Test: 0.1600
Epoch: 40, Loss: 1.6944, Train: 0.2714, Val: 0.1520, Test: 0.1750
Epoch: 41, Loss: 1.6413, Train: 0.2786, Val: 0.1540, Test: 0.1750
Epoch: 42, Loss: 1.6086, Train: 0.2786, Val: 0.1540, Test: 0.1750
Epoch: 43, Loss: 1.5519, Train: 0.2500, Val: 0.1460, Test: 0.1640
Epoch: 44, Loss: 1.5314, Train: 0.2714, Val: 0.1620, Test: 0.1750
Epoch: 45, Loss: 1.6064, Train: 0.2857, Val: 0.1640, Test: 0.1770
Epoch: 46, Loss: 1.4670, Train: 0.2714, Val: 0.1480, Test: 0.1700
Epoch: 47, Loss: 1.4345, Train: 0.2714, Val: 0.1620, Test: 0.1760
Epoch: 48, Loss: 1.4240, Train: 0.3214, Val: 0.1560, Test: 0.1950
Epoch: 49, Loss: 1.3637, Train: 0.3286, Val: 0.1620, Test: 0.1970
Epoch: 50, Loss: 1.3516, Train: 0.3286, Val: 0.1760, Test: 0.2080
MAD:  0.5509
Best Test Accuracy: 0.2080, Val Accuracy: 0.1760, Train Accuracy: 0.3286
Training completed.
Seed:  2
PDN(
  (batch_norm): LayerNorm((128,), eps=1e-05, elementwise_affine=True)
  (convs): ModuleList(
    (0): PDNConv(1433, 128)
    (1-10): 10 x PDNConv(128, 128)
    (11): PDNConv(128, 7)
  )
  (residual_fc): Linear(in_features=1433, out_features=128, bias=True)
)
Epoch: 1, Loss: 1.9464, Train: 0.1571, Val: 0.1140, Test: 0.1120
Epoch: 2, Loss: 1.9465, Train: 0.1786, Val: 0.1480, Test: 0.1630
Epoch: 3, Loss: 1.9457, Train: 0.1643, Val: 0.1800, Test: 0.1640
Epoch: 4, Loss: 1.9455, Train: 0.1857, Val: 0.1920, Test: 0.1790
Epoch: 5, Loss: 1.9456, Train: 0.2000, Val: 0.1960, Test: 0.1760
Epoch: 6, Loss: 1.9452, Train: 0.1714, Val: 0.1880, Test: 0.1670
Epoch: 7, Loss: 1.9457, Train: 0.1857, Val: 0.1840, Test: 0.1650
Epoch: 8, Loss: 1.9451, Train: 0.1857, Val: 0.2060, Test: 0.1860
Epoch: 9, Loss: 1.9447, Train: 0.2000, Val: 0.1940, Test: 0.1760
Epoch: 10, Loss: 1.9441, Train: 0.1500, Val: 0.1500, Test: 0.1500
Epoch: 11, Loss: 1.9444, Train: 0.1500, Val: 0.1460, Test: 0.1450
Epoch: 12, Loss: 1.9441, Train: 0.1857, Val: 0.1340, Test: 0.1400
Epoch: 13, Loss: 1.9438, Train: 0.1857, Val: 0.1240, Test: 0.1350
Epoch: 14, Loss: 1.9436, Train: 0.1857, Val: 0.1260, Test: 0.1380
Epoch: 15, Loss: 1.9430, Train: 0.2071, Val: 0.1340, Test: 0.1440
Epoch: 16, Loss: 1.9438, Train: 0.2286, Val: 0.1360, Test: 0.1500
Epoch: 17, Loss: 1.9444, Train: 0.2286, Val: 0.1380, Test: 0.1540
Epoch: 18, Loss: 1.9432, Train: 0.2357, Val: 0.1380, Test: 0.1530
Epoch: 19, Loss: 1.9422, Train: 0.2429, Val: 0.1380, Test: 0.1510
Epoch: 20, Loss: 1.9402, Train: 0.2214, Val: 0.1340, Test: 0.1480
Epoch: 21, Loss: 1.9404, Train: 0.2000, Val: 0.1040, Test: 0.1300
Epoch: 22, Loss: 1.9374, Train: 0.1857, Val: 0.0860, Test: 0.1010
Epoch: 23, Loss: 1.9352, Train: 0.1571, Val: 0.0680, Test: 0.0760
Epoch: 24, Loss: 1.9315, Train: 0.1500, Val: 0.0580, Test: 0.0720
Epoch: 25, Loss: 1.9294, Train: 0.1571, Val: 0.0580, Test: 0.0700
Epoch: 26, Loss: 1.9207, Train: 0.1571, Val: 0.0580, Test: 0.0720
Epoch: 27, Loss: 1.9132, Train: 0.1571, Val: 0.0600, Test: 0.0800
Epoch: 28, Loss: 1.8871, Train: 0.2000, Val: 0.0740, Test: 0.1000
Epoch: 29, Loss: 1.8580, Train: 0.2071, Val: 0.0780, Test: 0.1040
Epoch: 30, Loss: 1.8290, Train: 0.2000, Val: 0.0760, Test: 0.1040
Epoch: 31, Loss: 1.8091, Train: 0.2000, Val: 0.0800, Test: 0.1100
Epoch: 32, Loss: 1.7663, Train: 0.2071, Val: 0.0880, Test: 0.1260
Epoch: 33, Loss: 1.7423, Train: 0.2571, Val: 0.1080, Test: 0.1400
Epoch: 34, Loss: 1.7197, Train: 0.2857, Val: 0.1100, Test: 0.1510
Epoch: 35, Loss: 1.6778, Train: 0.2786, Val: 0.1220, Test: 0.1530
Epoch: 36, Loss: 1.6495, Train: 0.2571, Val: 0.1120, Test: 0.1440
Epoch: 37, Loss: 1.6405, Train: 0.2143, Val: 0.0860, Test: 0.1290
Epoch: 38, Loss: 1.6677, Train: 0.2214, Val: 0.1060, Test: 0.1410
Epoch: 39, Loss: 1.6251, Train: 0.2643, Val: 0.1220, Test: 0.1600
Epoch: 40, Loss: 1.6195, Train: 0.2643, Val: 0.1360, Test: 0.1580
Epoch: 41, Loss: 1.6490, Train: 0.2500, Val: 0.1060, Test: 0.1440
Epoch: 42, Loss: 1.5941, Train: 0.2429, Val: 0.1060, Test: 0.1440
Epoch: 43, Loss: 1.5949, Train: 0.2500, Val: 0.1160, Test: 0.1510
Epoch: 44, Loss: 1.5831, Train: 0.3143, Val: 0.1280, Test: 0.1630
Epoch: 45, Loss: 1.5981, Train: 0.3143, Val: 0.1300, Test: 0.1650
Epoch: 46, Loss: 1.5789, Train: 0.3214, Val: 0.1240, Test: 0.1630
Epoch: 47, Loss: 1.5828, Train: 0.3000, Val: 0.1260, Test: 0.1580
Epoch: 48, Loss: 1.5732, Train: 0.2643, Val: 0.1260, Test: 0.1560
Epoch: 49, Loss: 1.5716, Train: 0.2500, Val: 0.1240, Test: 0.1560
Epoch: 50, Loss: 1.5656, Train: 0.2929, Val: 0.1280, Test: 0.1700
MAD:  0.0282
Best Test Accuracy: 0.1860, Val Accuracy: 0.2060, Train Accuracy: 0.1857
Training completed.
Seed:  3
PDN(
  (batch_norm): LayerNorm((128,), eps=1e-05, elementwise_affine=True)
  (convs): ModuleList(
    (0): PDNConv(1433, 128)
    (1-10): 10 x PDNConv(128, 128)
    (11): PDNConv(128, 7)
  )
  (residual_fc): Linear(in_features=1433, out_features=128, bias=True)
)
Epoch: 1, Loss: 1.9449, Train: 0.1429, Val: 0.1340, Test: 0.1330
Epoch: 2, Loss: 1.9455, Train: 0.1357, Val: 0.1220, Test: 0.1280
Epoch: 3, Loss: 1.9452, Train: 0.1429, Val: 0.1220, Test: 0.1310
Epoch: 4, Loss: 1.9452, Train: 0.1429, Val: 0.1220, Test: 0.1300
Epoch: 5, Loss: 1.9433, Train: 0.1429, Val: 0.1220, Test: 0.1300
Epoch: 6, Loss: 1.9440, Train: 0.1429, Val: 0.1220, Test: 0.1300
Epoch: 7, Loss: 1.9437, Train: 0.1429, Val: 0.1220, Test: 0.1300
Epoch: 8, Loss: 1.9435, Train: 0.1429, Val: 0.1220, Test: 0.1300
Epoch: 9, Loss: 1.9437, Train: 0.1429, Val: 0.1220, Test: 0.1300
Epoch: 10, Loss: 1.9437, Train: 0.1429, Val: 0.1220, Test: 0.1300
Epoch: 11, Loss: 1.9433, Train: 0.1429, Val: 0.1220, Test: 0.1300
Epoch: 12, Loss: 1.9418, Train: 0.1429, Val: 0.1220, Test: 0.1300
Epoch: 13, Loss: 1.9446, Train: 0.1429, Val: 0.1220, Test: 0.1300
Epoch: 14, Loss: 1.9393, Train: 0.1429, Val: 0.1220, Test: 0.1300
Epoch: 15, Loss: 1.9412, Train: 0.1429, Val: 0.1220, Test: 0.1300
Epoch: 16, Loss: 1.9376, Train: 0.1429, Val: 0.1220, Test: 0.1300
Epoch: 17, Loss: 1.9370, Train: 0.1429, Val: 0.1220, Test: 0.1300
Epoch: 18, Loss: 1.9359, Train: 0.1429, Val: 0.1220, Test: 0.1300
Epoch: 19, Loss: 1.9328, Train: 0.1429, Val: 0.1220, Test: 0.1300
Epoch: 20, Loss: 1.9209, Train: 0.1429, Val: 0.1220, Test: 0.1300
Epoch: 21, Loss: 1.9293, Train: 0.1429, Val: 0.1220, Test: 0.1300
Epoch: 22, Loss: 1.9154, Train: 0.1429, Val: 0.1220, Test: 0.1300
Epoch: 23, Loss: 1.8926, Train: 0.1429, Val: 0.1220, Test: 0.1300
Epoch: 24, Loss: 1.8978, Train: 0.1429, Val: 0.1220, Test: 0.1300
Epoch: 25, Loss: 1.8772, Train: 0.1429, Val: 0.1220, Test: 0.1300
Epoch: 26, Loss: 1.8506, Train: 0.1429, Val: 0.1220, Test: 0.1300
Epoch: 27, Loss: 1.8323, Train: 0.1643, Val: 0.1440, Test: 0.1480
Epoch: 28, Loss: 1.8297, Train: 0.1857, Val: 0.1560, Test: 0.1570
Epoch: 29, Loss: 1.7851, Train: 0.1857, Val: 0.1540, Test: 0.1640
Epoch: 30, Loss: 1.7715, Train: 0.2571, Val: 0.1720, Test: 0.1810
Epoch: 31, Loss: 1.7568, Train: 0.2429, Val: 0.1300, Test: 0.1380
Epoch: 32, Loss: 1.7621, Train: 0.2714, Val: 0.1460, Test: 0.1430
Epoch: 33, Loss: 1.6976, Train: 0.2643, Val: 0.1420, Test: 0.1420
Epoch: 34, Loss: 1.7010, Train: 0.2500, Val: 0.1380, Test: 0.1360
Epoch: 35, Loss: 1.7032, Train: 0.2500, Val: 0.1420, Test: 0.1450
Epoch: 36, Loss: 1.7233, Train: 0.2643, Val: 0.1660, Test: 0.1450
Epoch: 37, Loss: 1.7514, Train: 0.2571, Val: 0.1600, Test: 0.1450
Epoch: 38, Loss: 1.6488, Train: 0.2500, Val: 0.1480, Test: 0.1410
Epoch: 39, Loss: 1.6514, Train: 0.2429, Val: 0.1380, Test: 0.1310
Epoch: 40, Loss: 1.6629, Train: 0.2500, Val: 0.1360, Test: 0.1360
Epoch: 41, Loss: 1.5955, Train: 0.2643, Val: 0.1360, Test: 0.1370
Epoch: 42, Loss: 1.6173, Train: 0.2500, Val: 0.1420, Test: 0.1450
Epoch: 43, Loss: 1.6284, Train: 0.2714, Val: 0.1460, Test: 0.1460
Epoch: 44, Loss: 1.6336, Train: 0.2786, Val: 0.1500, Test: 0.1440
Epoch: 45, Loss: 1.6266, Train: 0.2429, Val: 0.1380, Test: 0.1350
Epoch: 46, Loss: 1.6001, Train: 0.2429, Val: 0.1420, Test: 0.1350
Epoch: 47, Loss: 1.6216, Train: 0.2429, Val: 0.1640, Test: 0.1610
Epoch: 48, Loss: 1.6094, Train: 0.2714, Val: 0.1760, Test: 0.1590
Epoch: 49, Loss: 1.5885, Train: 0.3071, Val: 0.1620, Test: 0.1640
Epoch: 50, Loss: 1.5746, Train: 0.2786, Val: 0.1860, Test: 0.1610
MAD:  0.5632
Best Test Accuracy: 0.1810, Val Accuracy: 0.1720, Train Accuracy: 0.2571
Training completed.
Seed:  4
PDN(
  (batch_norm): LayerNorm((128,), eps=1e-05, elementwise_affine=True)
  (convs): ModuleList(
    (0): PDNConv(1433, 128)
    (1-10): 10 x PDNConv(128, 128)
    (11): PDNConv(128, 7)
  )
  (residual_fc): Linear(in_features=1433, out_features=128, bias=True)
)
Epoch: 1, Loss: 1.9462, Train: 0.1429, Val: 0.1220, Test: 0.1300
Epoch: 2, Loss: 1.9454, Train: 0.1429, Val: 0.1220, Test: 0.1300
Epoch: 3, Loss: 1.9453, Train: 0.1429, Val: 0.1220, Test: 0.1300
Epoch: 4, Loss: 1.9455, Train: 0.1429, Val: 0.1220, Test: 0.1300
Epoch: 5, Loss: 1.9448, Train: 0.1429, Val: 0.1220, Test: 0.1300
Epoch: 6, Loss: 1.9441, Train: 0.1429, Val: 0.1220, Test: 0.1300
Epoch: 7, Loss: 1.9451, Train: 0.1429, Val: 0.1220, Test: 0.1300
Epoch: 8, Loss: 1.9443, Train: 0.1429, Val: 0.1220, Test: 0.1300
Epoch: 9, Loss: 1.9438, Train: 0.1429, Val: 0.1220, Test: 0.1300
Epoch: 10, Loss: 1.9437, Train: 0.1429, Val: 0.1220, Test: 0.1300
Epoch: 11, Loss: 1.9430, Train: 0.1429, Val: 0.1220, Test: 0.1300
Epoch: 12, Loss: 1.9436, Train: 0.1429, Val: 0.1220, Test: 0.1300
Epoch: 13, Loss: 1.9444, Train: 0.1429, Val: 0.1220, Test: 0.1300
Epoch: 14, Loss: 1.9424, Train: 0.1429, Val: 0.1220, Test: 0.1300
Epoch: 15, Loss: 1.9409, Train: 0.1429, Val: 0.1220, Test: 0.1300
Epoch: 16, Loss: 1.9410, Train: 0.1429, Val: 0.1220, Test: 0.1300
Epoch: 17, Loss: 1.9407, Train: 0.1429, Val: 0.1220, Test: 0.1300
Epoch: 18, Loss: 1.9419, Train: 0.1429, Val: 0.1220, Test: 0.1300
Epoch: 19, Loss: 1.9400, Train: 0.1429, Val: 0.1220, Test: 0.1300
Epoch: 20, Loss: 1.9381, Train: 0.1429, Val: 0.1220, Test: 0.1300
Epoch: 21, Loss: 1.9364, Train: 0.1429, Val: 0.1220, Test: 0.1300
Epoch: 22, Loss: 1.9367, Train: 0.1429, Val: 0.1220, Test: 0.1300
Epoch: 23, Loss: 1.9266, Train: 0.1429, Val: 0.1220, Test: 0.1300
Epoch: 24, Loss: 1.9240, Train: 0.1429, Val: 0.1220, Test: 0.1300
Epoch: 25, Loss: 1.9174, Train: 0.1429, Val: 0.1220, Test: 0.1300
Epoch: 26, Loss: 1.9050, Train: 0.1429, Val: 0.1220, Test: 0.1300
Epoch: 27, Loss: 1.8947, Train: 0.1429, Val: 0.1220, Test: 0.1300
Epoch: 28, Loss: 1.8713, Train: 0.1571, Val: 0.1220, Test: 0.1320
Epoch: 29, Loss: 1.8424, Train: 0.2000, Val: 0.1340, Test: 0.1430
Epoch: 30, Loss: 1.8280, Train: 0.3357, Val: 0.2500, Test: 0.2450
Epoch: 31, Loss: 1.7978, Train: 0.2214, Val: 0.1920, Test: 0.1710
Epoch: 32, Loss: 1.7572, Train: 0.2357, Val: 0.1900, Test: 0.1770
Epoch: 33, Loss: 1.7452, Train: 0.2714, Val: 0.2040, Test: 0.1860
Epoch: 34, Loss: 1.7086, Train: 0.2714, Val: 0.2000, Test: 0.1890
Epoch: 35, Loss: 1.6797, Train: 0.2714, Val: 0.2000, Test: 0.1870
Epoch: 36, Loss: 1.7053, Train: 0.2786, Val: 0.2160, Test: 0.2030
Epoch: 37, Loss: 1.6657, Train: 0.2929, Val: 0.2280, Test: 0.2230
Epoch: 38, Loss: 1.6905, Train: 0.3071, Val: 0.2340, Test: 0.2270
Epoch: 39, Loss: 1.7311, Train: 0.3143, Val: 0.2380, Test: 0.2340
Epoch: 40, Loss: 1.6798, Train: 0.3071, Val: 0.2320, Test: 0.2270
Epoch: 41, Loss: 1.6521, Train: 0.3000, Val: 0.2400, Test: 0.2360
Epoch: 42, Loss: 1.7223, Train: 0.2929, Val: 0.2640, Test: 0.2440
Epoch: 43, Loss: 1.6127, Train: 0.2929, Val: 0.2560, Test: 0.2390
Epoch: 44, Loss: 1.6140, Train: 0.2857, Val: 0.2560, Test: 0.2440
Epoch: 45, Loss: 1.6170, Train: 0.2929, Val: 0.2580, Test: 0.2440
Epoch: 46, Loss: 1.6410, Train: 0.2929, Val: 0.2620, Test: 0.2410
Epoch: 47, Loss: 1.6008, Train: 0.3000, Val: 0.2600, Test: 0.2470
Epoch: 48, Loss: 1.6153, Train: 0.3071, Val: 0.2560, Test: 0.2470
Epoch: 49, Loss: 1.6142, Train: 0.3214, Val: 0.2540, Test: 0.2450
Epoch: 50, Loss: 1.5798, Train: 0.3071, Val: 0.2520, Test: 0.2440
MAD:  0.8692
Best Test Accuracy: 0.2470, Val Accuracy: 0.2600, Train Accuracy: 0.3000
Training completed.
Seed:  5
PDN(
  (batch_norm): LayerNorm((128,), eps=1e-05, elementwise_affine=True)
  (convs): ModuleList(
    (0): PDNConv(1433, 128)
    (1-10): 10 x PDNConv(128, 128)
    (11): PDNConv(128, 7)
  )
  (residual_fc): Linear(in_features=1433, out_features=128, bias=True)
)
Epoch: 1, Loss: 1.9453, Train: 0.1429, Val: 0.1240, Test: 0.1300
Epoch: 2, Loss: 1.9460, Train: 0.1429, Val: 0.1220, Test: 0.1290
Epoch: 3, Loss: 1.9458, Train: 0.1429, Val: 0.1220, Test: 0.1300
Epoch: 4, Loss: 1.9457, Train: 0.1429, Val: 0.1220, Test: 0.1330
Epoch: 5, Loss: 1.9460, Train: 0.1429, Val: 0.1200, Test: 0.1320
Epoch: 6, Loss: 1.9437, Train: 0.1429, Val: 0.1220, Test: 0.1330
Epoch: 7, Loss: 1.9453, Train: 0.1429, Val: 0.1220, Test: 0.1300
Epoch: 8, Loss: 1.9451, Train: 0.1429, Val: 0.1220, Test: 0.1300
Epoch: 9, Loss: 1.9444, Train: 0.1429, Val: 0.1220, Test: 0.1300
Epoch: 10, Loss: 1.9449, Train: 0.1429, Val: 0.1220, Test: 0.1300
Epoch: 11, Loss: 1.9441, Train: 0.1429, Val: 0.1220, Test: 0.1300
Epoch: 12, Loss: 1.9441, Train: 0.1429, Val: 0.1220, Test: 0.1300
Epoch: 13, Loss: 1.9452, Train: 0.1429, Val: 0.1220, Test: 0.1300
Epoch: 14, Loss: 1.9444, Train: 0.1429, Val: 0.1220, Test: 0.1310
Epoch: 15, Loss: 1.9433, Train: 0.1786, Val: 0.1220, Test: 0.1330
Epoch: 16, Loss: 1.9429, Train: 0.2000, Val: 0.1220, Test: 0.1390
Epoch: 17, Loss: 1.9434, Train: 0.2143, Val: 0.1300, Test: 0.1440
Epoch: 18, Loss: 1.9429, Train: 0.2143, Val: 0.1340, Test: 0.1420
Epoch: 19, Loss: 1.9416, Train: 0.2143, Val: 0.1420, Test: 0.1440
Epoch: 20, Loss: 1.9401, Train: 0.2286, Val: 0.1400, Test: 0.1480
Epoch: 21, Loss: 1.9400, Train: 0.2357, Val: 0.1360, Test: 0.1560
Epoch: 22, Loss: 1.9399, Train: 0.2286, Val: 0.1340, Test: 0.1560
Epoch: 23, Loss: 1.9365, Train: 0.2500, Val: 0.1200, Test: 0.1470
Epoch: 24, Loss: 1.9376, Train: 0.2429, Val: 0.1140, Test: 0.1460
Epoch: 25, Loss: 1.9321, Train: 0.2286, Val: 0.1080, Test: 0.1440
Epoch: 26, Loss: 1.9223, Train: 0.2286, Val: 0.1040, Test: 0.1410
Epoch: 27, Loss: 1.9116, Train: 0.2143, Val: 0.1060, Test: 0.1410
Epoch: 28, Loss: 1.8956, Train: 0.2286, Val: 0.1080, Test: 0.1420
Epoch: 29, Loss: 1.8697, Train: 0.2429, Val: 0.1120, Test: 0.1370
Epoch: 30, Loss: 1.8522, Train: 0.2429, Val: 0.1080, Test: 0.1410
Epoch: 31, Loss: 1.8120, Train: 0.2429, Val: 0.1100, Test: 0.1410
Epoch: 32, Loss: 1.7853, Train: 0.2357, Val: 0.1200, Test: 0.1460
Epoch: 33, Loss: 1.7481, Train: 0.2786, Val: 0.1200, Test: 0.1570
Epoch: 34, Loss: 1.7371, Train: 0.2929, Val: 0.1180, Test: 0.1600
Epoch: 35, Loss: 1.6974, Train: 0.3000, Val: 0.1200, Test: 0.1590
Epoch: 36, Loss: 1.6856, Train: 0.2929, Val: 0.1120, Test: 0.1600
Epoch: 37, Loss: 1.6687, Train: 0.2786, Val: 0.1220, Test: 0.1550
Epoch: 38, Loss: 1.6728, Train: 0.2714, Val: 0.1220, Test: 0.1540
Epoch: 39, Loss: 1.6547, Train: 0.3143, Val: 0.1180, Test: 0.1710
Epoch: 40, Loss: 1.6529, Train: 0.3071, Val: 0.1300, Test: 0.1660
Epoch: 41, Loss: 1.6301, Train: 0.2786, Val: 0.1360, Test: 0.1670
Epoch: 42, Loss: 1.6143, Train: 0.2857, Val: 0.1280, Test: 0.1640
Epoch: 43, Loss: 1.6270, Train: 0.3214, Val: 0.1360, Test: 0.1750
Epoch: 44, Loss: 1.5967, Train: 0.3429, Val: 0.1480, Test: 0.1820
Epoch: 45, Loss: 1.5846, Train: 0.3429, Val: 0.1480, Test: 0.1820
Epoch: 46, Loss: 1.5653, Train: 0.3214, Val: 0.1400, Test: 0.1710
Epoch: 47, Loss: 1.5990, Train: 0.2786, Val: 0.1260, Test: 0.1550
Epoch: 48, Loss: 1.5502, Train: 0.2857, Val: 0.1420, Test: 0.1610
Epoch: 49, Loss: 1.5991, Train: 0.3071, Val: 0.1500, Test: 0.1760
Epoch: 50, Loss: 1.5471, Train: 0.2857, Val: 0.1560, Test: 0.1860
MAD:  0.5032
Best Test Accuracy: 0.1860, Val Accuracy: 0.1560, Train Accuracy: 0.2857
Training completed.
Seed:  6
PDN(
  (batch_norm): LayerNorm((128,), eps=1e-05, elementwise_affine=True)
  (convs): ModuleList(
    (0): PDNConv(1433, 128)
    (1-10): 10 x PDNConv(128, 128)
    (11): PDNConv(128, 7)
  )
  (residual_fc): Linear(in_features=1433, out_features=128, bias=True)
)
Epoch: 1, Loss: 1.9461, Train: 0.1643, Val: 0.0800, Test: 0.0950
Epoch: 2, Loss: 1.9465, Train: 0.1429, Val: 0.1240, Test: 0.1310
Epoch: 3, Loss: 1.9460, Train: 0.1429, Val: 0.1220, Test: 0.1300
Epoch: 4, Loss: 1.9461, Train: 0.1429, Val: 0.1220, Test: 0.1300
Epoch: 5, Loss: 1.9456, Train: 0.1429, Val: 0.1220, Test: 0.1300
Epoch: 6, Loss: 1.9454, Train: 0.1429, Val: 0.1220, Test: 0.1300
Epoch: 7, Loss: 1.9448, Train: 0.1429, Val: 0.1220, Test: 0.1300
Epoch: 8, Loss: 1.9451, Train: 0.1429, Val: 0.1220, Test: 0.1300
Epoch: 9, Loss: 1.9449, Train: 0.1429, Val: 0.1220, Test: 0.1300
Epoch: 10, Loss: 1.9451, Train: 0.1429, Val: 0.1220, Test: 0.1300
Epoch: 11, Loss: 1.9448, Train: 0.1429, Val: 0.1220, Test: 0.1300
Epoch: 12, Loss: 1.9447, Train: 0.1429, Val: 0.1220, Test: 0.1300
Epoch: 13, Loss: 1.9441, Train: 0.1429, Val: 0.1220, Test: 0.1300
Epoch: 14, Loss: 1.9440, Train: 0.1429, Val: 0.1220, Test: 0.1300
Epoch: 15, Loss: 1.9438, Train: 0.1429, Val: 0.1220, Test: 0.1300
Epoch: 16, Loss: 1.9444, Train: 0.1429, Val: 0.1220, Test: 0.1300
Epoch: 17, Loss: 1.9437, Train: 0.1429, Val: 0.1220, Test: 0.1300
Epoch: 18, Loss: 1.9429, Train: 0.1429, Val: 0.1220, Test: 0.1300
Epoch: 19, Loss: 1.9426, Train: 0.1429, Val: 0.1220, Test: 0.1300
Epoch: 20, Loss: 1.9423, Train: 0.1429, Val: 0.1220, Test: 0.1300
Epoch: 21, Loss: 1.9427, Train: 0.1429, Val: 0.1220, Test: 0.1300
Epoch: 22, Loss: 1.9420, Train: 0.1429, Val: 0.1220, Test: 0.1300
Epoch: 23, Loss: 1.9421, Train: 0.1429, Val: 0.1220, Test: 0.1300
Epoch: 24, Loss: 1.9432, Train: 0.1429, Val: 0.1220, Test: 0.1300
Epoch: 25, Loss: 1.9416, Train: 0.1429, Val: 0.1220, Test: 0.1300
Epoch: 26, Loss: 1.9428, Train: 0.1429, Val: 0.1220, Test: 0.1300
Epoch: 27, Loss: 1.9416, Train: 0.1429, Val: 0.1220, Test: 0.1300
Epoch: 28, Loss: 1.9398, Train: 0.1429, Val: 0.1220, Test: 0.1300
Epoch: 29, Loss: 1.9411, Train: 0.1429, Val: 0.1220, Test: 0.1300
Epoch: 30, Loss: 1.9360, Train: 0.1429, Val: 0.1220, Test: 0.1300
Epoch: 31, Loss: 1.9357, Train: 0.1571, Val: 0.1340, Test: 0.1420
Epoch: 32, Loss: 1.9345, Train: 0.2071, Val: 0.1620, Test: 0.1680
Epoch: 33, Loss: 1.9293, Train: 0.2286, Val: 0.1500, Test: 0.1620
Epoch: 34, Loss: 1.9261, Train: 0.2286, Val: 0.1440, Test: 0.1530
Epoch: 35, Loss: 1.9115, Train: 0.2214, Val: 0.1320, Test: 0.1340
Epoch: 36, Loss: 1.8994, Train: 0.2143, Val: 0.1040, Test: 0.1200
Epoch: 37, Loss: 1.8792, Train: 0.2143, Val: 0.0940, Test: 0.1110
Epoch: 38, Loss: 1.8427, Train: 0.2071, Val: 0.0840, Test: 0.1040
Epoch: 39, Loss: 1.8151, Train: 0.2143, Val: 0.0840, Test: 0.1020
Epoch: 40, Loss: 1.7770, Train: 0.2429, Val: 0.0980, Test: 0.1100
Epoch: 41, Loss: 1.7210, Train: 0.2500, Val: 0.1260, Test: 0.1320
Epoch: 42, Loss: 1.7069, Train: 0.2571, Val: 0.1400, Test: 0.1490
Epoch: 43, Loss: 1.6546, Train: 0.2714, Val: 0.1380, Test: 0.1540
Epoch: 44, Loss: 1.6480, Train: 0.2571, Val: 0.1580, Test: 0.1570
Epoch: 45, Loss: 1.6433, Train: 0.2643, Val: 0.1500, Test: 0.1550
Epoch: 46, Loss: 1.6348, Train: 0.1929, Val: 0.1200, Test: 0.1160
Epoch: 47, Loss: 1.6274, Train: 0.2857, Val: 0.1420, Test: 0.1450
Epoch: 48, Loss: 1.5882, Train: 0.2857, Val: 0.1460, Test: 0.1620
Epoch: 49, Loss: 1.6521, Train: 0.2929, Val: 0.1620, Test: 0.1630
Epoch: 50, Loss: 1.5573, Train: 0.2786, Val: 0.1580, Test: 0.1610
MAD:  0.0984
Best Test Accuracy: 0.1680, Val Accuracy: 0.1620, Train Accuracy: 0.2071
Training completed.
Seed:  7
PDN(
  (batch_norm): LayerNorm((128,), eps=1e-05, elementwise_affine=True)
  (convs): ModuleList(
    (0): PDNConv(1433, 128)
    (1-10): 10 x PDNConv(128, 128)
    (11): PDNConv(128, 7)
  )
  (residual_fc): Linear(in_features=1433, out_features=128, bias=True)
)
Epoch: 1, Loss: 1.9466, Train: 0.1429, Val: 0.1220, Test: 0.1300
Epoch: 2, Loss: 1.9455, Train: 0.1429, Val: 0.1220, Test: 0.1300
Epoch: 3, Loss: 1.9456, Train: 0.1429, Val: 0.1220, Test: 0.1300
Epoch: 4, Loss: 1.9449, Train: 0.1429, Val: 0.1220, Test: 0.1300
Epoch: 5, Loss: 1.9452, Train: 0.1429, Val: 0.1220, Test: 0.1300
Epoch: 6, Loss: 1.9447, Train: 0.1429, Val: 0.1220, Test: 0.1300
Epoch: 7, Loss: 1.9442, Train: 0.1429, Val: 0.1220, Test: 0.1300
Epoch: 8, Loss: 1.9447, Train: 0.1429, Val: 0.1220, Test: 0.1300
Epoch: 9, Loss: 1.9447, Train: 0.1429, Val: 0.1220, Test: 0.1300
Epoch: 10, Loss: 1.9439, Train: 0.1429, Val: 0.1220, Test: 0.1300
Epoch: 11, Loss: 1.9442, Train: 0.1429, Val: 0.1220, Test: 0.1300
Epoch: 12, Loss: 1.9439, Train: 0.1429, Val: 0.1220, Test: 0.1300
Epoch: 13, Loss: 1.9436, Train: 0.1429, Val: 0.1220, Test: 0.1300
Epoch: 14, Loss: 1.9423, Train: 0.1429, Val: 0.1220, Test: 0.1300
Epoch: 15, Loss: 1.9423, Train: 0.1429, Val: 0.1220, Test: 0.1300
Epoch: 16, Loss: 1.9414, Train: 0.1429, Val: 0.1220, Test: 0.1300
Epoch: 17, Loss: 1.9436, Train: 0.1429, Val: 0.1220, Test: 0.1300
Epoch: 18, Loss: 1.9395, Train: 0.1429, Val: 0.1220, Test: 0.1300
Epoch: 19, Loss: 1.9403, Train: 0.1429, Val: 0.1220, Test: 0.1300
Epoch: 20, Loss: 1.9385, Train: 0.1429, Val: 0.1220, Test: 0.1300
Epoch: 21, Loss: 1.9374, Train: 0.1429, Val: 0.1220, Test: 0.1300
Epoch: 22, Loss: 1.9340, Train: 0.1429, Val: 0.1220, Test: 0.1300
Epoch: 23, Loss: 1.9279, Train: 0.1429, Val: 0.1220, Test: 0.1300
Epoch: 24, Loss: 1.9184, Train: 0.1429, Val: 0.1220, Test: 0.1300
Epoch: 25, Loss: 1.9128, Train: 0.1429, Val: 0.1220, Test: 0.1300
Epoch: 26, Loss: 1.8986, Train: 0.1429, Val: 0.1220, Test: 0.1320
Epoch: 27, Loss: 1.8799, Train: 0.1500, Val: 0.1260, Test: 0.1430
Epoch: 28, Loss: 1.8540, Train: 0.1786, Val: 0.1640, Test: 0.1830
Epoch: 29, Loss: 1.8254, Train: 0.2071, Val: 0.2140, Test: 0.2300
Epoch: 30, Loss: 1.7909, Train: 0.2286, Val: 0.2580, Test: 0.2650
Epoch: 31, Loss: 1.7800, Train: 0.2357, Val: 0.3040, Test: 0.3290
Epoch: 32, Loss: 1.7464, Train: 0.2357, Val: 0.3160, Test: 0.3350
Epoch: 33, Loss: 1.7331, Train: 0.2429, Val: 0.3220, Test: 0.3400
Epoch: 34, Loss: 1.7156, Train: 0.2429, Val: 0.3380, Test: 0.3510
Epoch: 35, Loss: 1.7111, Train: 0.2571, Val: 0.3600, Test: 0.3650
Epoch: 36, Loss: 1.6955, Train: 0.2429, Val: 0.3480, Test: 0.3560
Epoch: 37, Loss: 1.6938, Train: 0.2429, Val: 0.3460, Test: 0.3530
Epoch: 38, Loss: 1.6801, Train: 0.2714, Val: 0.3480, Test: 0.3670
Epoch: 39, Loss: 1.6606, Train: 0.2429, Val: 0.3260, Test: 0.3380
Epoch: 40, Loss: 1.6566, Train: 0.2643, Val: 0.3380, Test: 0.3510
Epoch: 41, Loss: 1.6411, Train: 0.2857, Val: 0.3520, Test: 0.3750
Epoch: 42, Loss: 1.6214, Train: 0.2571, Val: 0.3520, Test: 0.3580
Epoch: 43, Loss: 1.6333, Train: 0.2357, Val: 0.3240, Test: 0.3410
Epoch: 44, Loss: 1.6423, Train: 0.2429, Val: 0.3340, Test: 0.3470
Epoch: 45, Loss: 1.6519, Train: 0.2571, Val: 0.3520, Test: 0.3770
Epoch: 46, Loss: 1.5893, Train: 0.3000, Val: 0.3800, Test: 0.4030
Epoch: 47, Loss: 1.6404, Train: 0.2929, Val: 0.3900, Test: 0.4070
Epoch: 48, Loss: 1.5937, Train: 0.2786, Val: 0.3740, Test: 0.3890
Epoch: 49, Loss: 1.5903, Train: 0.2643, Val: 0.3620, Test: 0.3890
Epoch: 50, Loss: 1.5684, Train: 0.2643, Val: 0.3600, Test: 0.3870
MAD:  0.7706
Best Test Accuracy: 0.4070, Val Accuracy: 0.3900, Train Accuracy: 0.2929
Training completed.
Seed:  8
PDN(
  (batch_norm): LayerNorm((128,), eps=1e-05, elementwise_affine=True)
  (convs): ModuleList(
    (0): PDNConv(1433, 128)
    (1-10): 10 x PDNConv(128, 128)
    (11): PDNConv(128, 7)
  )
  (residual_fc): Linear(in_features=1433, out_features=128, bias=True)
)
Epoch: 1, Loss: 1.9463, Train: 0.1429, Val: 0.0780, Test: 0.0950
Epoch: 2, Loss: 1.9462, Train: 0.1429, Val: 0.0720, Test: 0.0910
Epoch: 3, Loss: 1.9462, Train: 0.1571, Val: 0.0740, Test: 0.0930
Epoch: 4, Loss: 1.9464, Train: 0.1857, Val: 0.1140, Test: 0.1160
Epoch: 5, Loss: 1.9462, Train: 0.1214, Val: 0.1300, Test: 0.1280
Epoch: 6, Loss: 1.9459, Train: 0.1571, Val: 0.1320, Test: 0.1410
Epoch: 7, Loss: 1.9445, Train: 0.1571, Val: 0.1340, Test: 0.1420
Epoch: 8, Loss: 1.9445, Train: 0.1714, Val: 0.1340, Test: 0.1380
Epoch: 9, Loss: 1.9441, Train: 0.1857, Val: 0.1420, Test: 0.1410
Epoch: 10, Loss: 1.9436, Train: 0.1643, Val: 0.1560, Test: 0.1520
Epoch: 11, Loss: 1.9441, Train: 0.1714, Val: 0.1700, Test: 0.1520
Epoch: 12, Loss: 1.9437, Train: 0.1500, Val: 0.1700, Test: 0.1560
Epoch: 13, Loss: 1.9434, Train: 0.1500, Val: 0.1620, Test: 0.1520
Epoch: 14, Loss: 1.9427, Train: 0.1429, Val: 0.1640, Test: 0.1490
Epoch: 15, Loss: 1.9443, Train: 0.1429, Val: 0.1620, Test: 0.1490
Epoch: 16, Loss: 1.9448, Train: 0.1429, Val: 0.1620, Test: 0.1490
Epoch: 17, Loss: 1.9440, Train: 0.1429, Val: 0.1620, Test: 0.1490
Epoch: 18, Loss: 1.9432, Train: 0.1429, Val: 0.1620, Test: 0.1490
Epoch: 19, Loss: 1.9426, Train: 0.1429, Val: 0.1620, Test: 0.1490
Epoch: 20, Loss: 1.9415, Train: 0.1429, Val: 0.1620, Test: 0.1490
Epoch: 21, Loss: 1.9439, Train: 0.1429, Val: 0.1620, Test: 0.1490
Epoch: 22, Loss: 1.9420, Train: 0.1429, Val: 0.1620, Test: 0.1490
Epoch: 23, Loss: 1.9422, Train: 0.1429, Val: 0.1620, Test: 0.1490
Epoch: 24, Loss: 1.9393, Train: 0.1429, Val: 0.1620, Test: 0.1490
Epoch: 25, Loss: 1.9406, Train: 0.1429, Val: 0.1620, Test: 0.1490
Epoch: 26, Loss: 1.9405, Train: 0.1429, Val: 0.1620, Test: 0.1490
Epoch: 27, Loss: 1.9376, Train: 0.1429, Val: 0.1620, Test: 0.1490
Epoch: 28, Loss: 1.9403, Train: 0.1429, Val: 0.1620, Test: 0.1490
Epoch: 29, Loss: 1.9363, Train: 0.1429, Val: 0.1620, Test: 0.1490
Epoch: 30, Loss: 1.9333, Train: 0.1429, Val: 0.1620, Test: 0.1490
Epoch: 31, Loss: 1.9306, Train: 0.1429, Val: 0.1620, Test: 0.1490
Epoch: 32, Loss: 1.9181, Train: 0.1429, Val: 0.1620, Test: 0.1490
Epoch: 33, Loss: 1.9082, Train: 0.1429, Val: 0.1620, Test: 0.1490
Epoch: 34, Loss: 1.8906, Train: 0.1500, Val: 0.1620, Test: 0.1490
Epoch: 35, Loss: 1.8684, Train: 0.1571, Val: 0.1620, Test: 0.1510
Epoch: 36, Loss: 1.8259, Train: 0.2071, Val: 0.1720, Test: 0.1620
Epoch: 37, Loss: 1.7945, Train: 0.2143, Val: 0.1780, Test: 0.1650
Epoch: 38, Loss: 1.7565, Train: 0.2286, Val: 0.1840, Test: 0.1730
Epoch: 39, Loss: 1.7439, Train: 0.2500, Val: 0.1980, Test: 0.1830
Epoch: 40, Loss: 1.7165, Train: 0.2571, Val: 0.2000, Test: 0.1910
Epoch: 41, Loss: 1.7125, Train: 0.2571, Val: 0.2040, Test: 0.1960
Epoch: 42, Loss: 1.6635, Train: 0.2571, Val: 0.1980, Test: 0.1920
Epoch: 43, Loss: 1.7565, Train: 0.2857, Val: 0.2020, Test: 0.1940
Epoch: 44, Loss: 1.6888, Train: 0.2857, Val: 0.1980, Test: 0.1940
Epoch: 45, Loss: 1.6901, Train: 0.2857, Val: 0.2000, Test: 0.1940
Epoch: 46, Loss: 1.6671, Train: 0.2786, Val: 0.2020, Test: 0.1970
Epoch: 47, Loss: 1.6558, Train: 0.2786, Val: 0.2020, Test: 0.1980
Epoch: 48, Loss: 1.6768, Train: 0.2857, Val: 0.2020, Test: 0.1980
Epoch: 49, Loss: 1.6647, Train: 0.2929, Val: 0.2000, Test: 0.2020
Epoch: 50, Loss: 1.6715, Train: 0.2857, Val: 0.2020, Test: 0.2080
MAD:  0.9491
Best Test Accuracy: 0.2080, Val Accuracy: 0.2020, Train Accuracy: 0.2857
Training completed.
Seed:  9
PDN(
  (batch_norm): LayerNorm((128,), eps=1e-05, elementwise_affine=True)
  (convs): ModuleList(
    (0): PDNConv(1433, 128)
    (1-10): 10 x PDNConv(128, 128)
    (11): PDNConv(128, 7)
  )
  (residual_fc): Linear(in_features=1433, out_features=128, bias=True)
)
Epoch: 1, Loss: 1.9460, Train: 0.1429, Val: 0.1220, Test: 0.1300
Epoch: 2, Loss: 1.9457, Train: 0.1357, Val: 0.1200, Test: 0.1280
Epoch: 3, Loss: 1.9459, Train: 0.1214, Val: 0.1220, Test: 0.1260
Epoch: 4, Loss: 1.9457, Train: 0.1643, Val: 0.1140, Test: 0.1140
Epoch: 5, Loss: 1.9459, Train: 0.1500, Val: 0.1220, Test: 0.1180
Epoch: 6, Loss: 1.9450, Train: 0.1214, Val: 0.1240, Test: 0.1270
Epoch: 7, Loss: 1.9450, Train: 0.1357, Val: 0.1220, Test: 0.1290
Epoch: 8, Loss: 1.9448, Train: 0.1429, Val: 0.1240, Test: 0.1300
Epoch: 9, Loss: 1.9447, Train: 0.1429, Val: 0.1220, Test: 0.1300
Epoch: 10, Loss: 1.9448, Train: 0.1500, Val: 0.1260, Test: 0.1330
Epoch: 11, Loss: 1.9446, Train: 0.1429, Val: 0.1260, Test: 0.1320
Epoch: 12, Loss: 1.9436, Train: 0.1429, Val: 0.1220, Test: 0.1300
Epoch: 13, Loss: 1.9441, Train: 0.1429, Val: 0.1220, Test: 0.1300
Epoch: 14, Loss: 1.9451, Train: 0.1429, Val: 0.1220, Test: 0.1300
Epoch: 15, Loss: 1.9457, Train: 0.1429, Val: 0.1220, Test: 0.1300
Epoch: 16, Loss: 1.9444, Train: 0.1429, Val: 0.1220, Test: 0.1300
Epoch: 17, Loss: 1.9447, Train: 0.1429, Val: 0.1220, Test: 0.1300
Epoch: 18, Loss: 1.9452, Train: 0.1429, Val: 0.1220, Test: 0.1300
Epoch: 19, Loss: 1.9445, Train: 0.1429, Val: 0.1220, Test: 0.1300
Epoch: 20, Loss: 1.9454, Train: 0.1429, Val: 0.1220, Test: 0.1300
Epoch: 21, Loss: 1.9438, Train: 0.1429, Val: 0.1220, Test: 0.1300
Epoch: 22, Loss: 1.9444, Train: 0.1429, Val: 0.1220, Test: 0.1300
Epoch: 23, Loss: 1.9448, Train: 0.1429, Val: 0.1220, Test: 0.1300
Epoch: 24, Loss: 1.9447, Train: 0.1429, Val: 0.1220, Test: 0.1300
Epoch: 25, Loss: 1.9442, Train: 0.1429, Val: 0.1220, Test: 0.1300
Epoch: 26, Loss: 1.9428, Train: 0.1429, Val: 0.1220, Test: 0.1300
Epoch: 27, Loss: 1.9430, Train: 0.1429, Val: 0.1220, Test: 0.1300
Epoch: 28, Loss: 1.9450, Train: 0.1429, Val: 0.1220, Test: 0.1300
Epoch: 29, Loss: 1.9424, Train: 0.1429, Val: 0.1220, Test: 0.1300
Epoch: 30, Loss: 1.9443, Train: 0.1429, Val: 0.1220, Test: 0.1300
Epoch: 31, Loss: 1.9427, Train: 0.1429, Val: 0.1220, Test: 0.1300
Epoch: 32, Loss: 1.9422, Train: 0.1429, Val: 0.1220, Test: 0.1300
Epoch: 33, Loss: 1.9424, Train: 0.1429, Val: 0.1220, Test: 0.1300
Epoch: 34, Loss: 1.9433, Train: 0.1429, Val: 0.1220, Test: 0.1300
Epoch: 35, Loss: 1.9407, Train: 0.1429, Val: 0.1220, Test: 0.1300
Epoch: 36, Loss: 1.9443, Train: 0.1429, Val: 0.1220, Test: 0.1300
Epoch: 37, Loss: 1.9417, Train: 0.1429, Val: 0.1220, Test: 0.1300
Epoch: 38, Loss: 1.9405, Train: 0.1429, Val: 0.1220, Test: 0.1300
Epoch: 39, Loss: 1.9406, Train: 0.1429, Val: 0.1220, Test: 0.1300
Epoch: 40, Loss: 1.9431, Train: 0.1429, Val: 0.1220, Test: 0.1300
Epoch: 41, Loss: 1.9399, Train: 0.1429, Val: 0.1220, Test: 0.1300
Epoch: 42, Loss: 1.9387, Train: 0.1429, Val: 0.1220, Test: 0.1300
Epoch: 43, Loss: 1.9400, Train: 0.1429, Val: 0.1220, Test: 0.1300
Epoch: 44, Loss: 1.9369, Train: 0.1429, Val: 0.1220, Test: 0.1300
Epoch: 45, Loss: 1.9373, Train: 0.1429, Val: 0.1220, Test: 0.1300
Epoch: 46, Loss: 1.9354, Train: 0.1429, Val: 0.1220, Test: 0.1300
Epoch: 47, Loss: 1.9343, Train: 0.1429, Val: 0.1220, Test: 0.1300
Epoch: 48, Loss: 1.9327, Train: 0.1429, Val: 0.1220, Test: 0.1300
Epoch: 49, Loss: 1.9325, Train: 0.1429, Val: 0.1220, Test: 0.1300
Epoch: 50, Loss: 1.9211, Train: 0.1429, Val: 0.1220, Test: 0.1300
MAD:  0.019
Best Test Accuracy: 0.1330, Val Accuracy: 0.1260, Train Accuracy: 0.1500
Training completed.
Average Test Accuracy:  0.22630000000000003 ± 0.07991001188837353
Average MAD:  0.50951 ± 0.33035562489535425
