Seed:  0
PDN(
  (batch_norm): LayerNorm((128,), eps=1e-05, elementwise_affine=True)
  (convs): ModuleList(
    (0): PDNConv(1433, 128)
    (1): PDNConv(128, 128)
    (2): PDNConv(128, 7)
  )
  (residual_fc): Linear(in_features=1433, out_features=128, bias=True)
)
Epoch: 1, Loss: 1.9472, Train: 0.2714, Val: 0.1360, Test: 0.1450
Epoch: 2, Loss: 1.9224, Train: 0.3143, Val: 0.1860, Test: 0.1850
Epoch: 3, Loss: 1.8993, Train: 0.4286, Val: 0.2220, Test: 0.2290
Epoch: 4, Loss: 1.8816, Train: 0.5714, Val: 0.2620, Test: 0.2940
Epoch: 5, Loss: 1.8504, Train: 0.6643, Val: 0.3560, Test: 0.3720
Epoch: 6, Loss: 1.8266, Train: 0.7286, Val: 0.4140, Test: 0.4230
Epoch: 7, Loss: 1.7948, Train: 0.7643, Val: 0.4620, Test: 0.4640
Epoch: 8, Loss: 1.7700, Train: 0.8071, Val: 0.5000, Test: 0.4920
Epoch: 9, Loss: 1.7339, Train: 0.8357, Val: 0.5340, Test: 0.5280
Epoch: 10, Loss: 1.6947, Train: 0.8643, Val: 0.5760, Test: 0.5510
Epoch: 11, Loss: 1.6577, Train: 0.8714, Val: 0.5920, Test: 0.5660
Epoch: 12, Loss: 1.6030, Train: 0.8857, Val: 0.6040, Test: 0.5820
Epoch: 13, Loss: 1.5565, Train: 0.8929, Val: 0.6180, Test: 0.6070
Epoch: 14, Loss: 1.5321, Train: 0.9071, Val: 0.6360, Test: 0.6280
Epoch: 15, Loss: 1.4614, Train: 0.9071, Val: 0.6600, Test: 0.6440
Epoch: 16, Loss: 1.4055, Train: 0.9071, Val: 0.6740, Test: 0.6640
Epoch: 17, Loss: 1.3602, Train: 0.9214, Val: 0.6940, Test: 0.6890
Epoch: 18, Loss: 1.2991, Train: 0.9214, Val: 0.7020, Test: 0.7040
Epoch: 19, Loss: 1.2558, Train: 0.9143, Val: 0.7100, Test: 0.7110
Epoch: 20, Loss: 1.1690, Train: 0.9286, Val: 0.7220, Test: 0.7310
Epoch: 21, Loss: 1.1361, Train: 0.9429, Val: 0.7340, Test: 0.7450
Epoch: 22, Loss: 1.0412, Train: 0.9500, Val: 0.7500, Test: 0.7670
Epoch: 23, Loss: 0.9530, Train: 0.9643, Val: 0.7560, Test: 0.7720
Epoch: 24, Loss: 0.9168, Train: 0.9643, Val: 0.7660, Test: 0.7900
Epoch: 25, Loss: 0.8384, Train: 0.9714, Val: 0.7700, Test: 0.7960
Epoch: 26, Loss: 0.7876, Train: 0.9714, Val: 0.7740, Test: 0.7980
Epoch: 27, Loss: 0.7257, Train: 0.9786, Val: 0.7840, Test: 0.7990
Epoch: 28, Loss: 0.6642, Train: 0.9786, Val: 0.7840, Test: 0.8030
Epoch: 29, Loss: 0.6132, Train: 0.9786, Val: 0.7820, Test: 0.8040
Epoch: 30, Loss: 0.5748, Train: 0.9786, Val: 0.7860, Test: 0.8050
Epoch: 31, Loss: 0.5115, Train: 0.9714, Val: 0.7860, Test: 0.8030
Epoch: 32, Loss: 0.4783, Train: 0.9714, Val: 0.7840, Test: 0.8050
Epoch: 33, Loss: 0.4353, Train: 0.9714, Val: 0.7840, Test: 0.8050
Epoch: 34, Loss: 0.3904, Train: 0.9714, Val: 0.7860, Test: 0.8060
Epoch: 35, Loss: 0.3682, Train: 0.9786, Val: 0.7880, Test: 0.8050
Epoch: 36, Loss: 0.3450, Train: 0.9786, Val: 0.7880, Test: 0.8040
Epoch: 37, Loss: 0.2998, Train: 0.9786, Val: 0.7880, Test: 0.8010
Epoch: 38, Loss: 0.2824, Train: 0.9786, Val: 0.7880, Test: 0.8030
Epoch: 39, Loss: 0.2470, Train: 0.9786, Val: 0.7920, Test: 0.8010
Epoch: 40, Loss: 0.2410, Train: 0.9857, Val: 0.7940, Test: 0.8030
Epoch: 41, Loss: 0.1997, Train: 0.9929, Val: 0.7880, Test: 0.8040
Epoch: 42, Loss: 0.1926, Train: 0.9929, Val: 0.7900, Test: 0.8060
Epoch: 43, Loss: 0.1684, Train: 0.9857, Val: 0.7880, Test: 0.8100
Epoch: 44, Loss: 0.1614, Train: 0.9857, Val: 0.7840, Test: 0.8100
Epoch: 45, Loss: 0.1526, Train: 1.0000, Val: 0.7780, Test: 0.8070
Epoch: 46, Loss: 0.1289, Train: 0.9929, Val: 0.7760, Test: 0.8000
Epoch: 47, Loss: 0.1390, Train: 0.9929, Val: 0.7740, Test: 0.7990
Epoch: 48, Loss: 0.1288, Train: 0.9929, Val: 0.7700, Test: 0.7990
Epoch: 49, Loss: 0.1223, Train: 0.9929, Val: 0.7680, Test: 0.7970
Epoch: 50, Loss: 0.1118, Train: 1.0000, Val: 0.7700, Test: 0.8010
MAD:  0.8524
Best Test Accuracy: 0.8100, Val Accuracy: 0.7880, Train Accuracy: 0.9857
Training completed.
Seed:  1
PDN(
  (batch_norm): LayerNorm((128,), eps=1e-05, elementwise_affine=True)
  (convs): ModuleList(
    (0): PDNConv(1433, 128)
    (1): PDNConv(128, 128)
    (2): PDNConv(128, 7)
  )
  (residual_fc): Linear(in_features=1433, out_features=128, bias=True)
)
Epoch: 1, Loss: 1.9498, Train: 0.2714, Val: 0.0980, Test: 0.1270
Epoch: 2, Loss: 1.9228, Train: 0.3429, Val: 0.1260, Test: 0.1550
Epoch: 3, Loss: 1.9076, Train: 0.4357, Val: 0.1800, Test: 0.2190
Epoch: 4, Loss: 1.8793, Train: 0.6071, Val: 0.2820, Test: 0.3130
Epoch: 5, Loss: 1.8609, Train: 0.7714, Val: 0.4120, Test: 0.4280
Epoch: 6, Loss: 1.8300, Train: 0.8286, Val: 0.4860, Test: 0.5030
Epoch: 7, Loss: 1.8024, Train: 0.8786, Val: 0.5640, Test: 0.5550
Epoch: 8, Loss: 1.7757, Train: 0.9071, Val: 0.5980, Test: 0.6020
Epoch: 9, Loss: 1.7452, Train: 0.9214, Val: 0.6040, Test: 0.6260
Epoch: 10, Loss: 1.6933, Train: 0.9214, Val: 0.6320, Test: 0.6430
Epoch: 11, Loss: 1.6693, Train: 0.9143, Val: 0.6440, Test: 0.6570
Epoch: 12, Loss: 1.6221, Train: 0.9143, Val: 0.6560, Test: 0.6630
Epoch: 13, Loss: 1.5838, Train: 0.9143, Val: 0.6600, Test: 0.6670
Epoch: 14, Loss: 1.5330, Train: 0.9143, Val: 0.6760, Test: 0.6750
Epoch: 15, Loss: 1.4832, Train: 0.9214, Val: 0.6860, Test: 0.6860
Epoch: 16, Loss: 1.4188, Train: 0.9214, Val: 0.6940, Test: 0.6990
Epoch: 17, Loss: 1.3516, Train: 0.9214, Val: 0.7080, Test: 0.7080
Epoch: 18, Loss: 1.3109, Train: 0.9286, Val: 0.7120, Test: 0.7210
Epoch: 19, Loss: 1.2197, Train: 0.9429, Val: 0.7160, Test: 0.7320
Epoch: 20, Loss: 1.1808, Train: 0.9500, Val: 0.7240, Test: 0.7350
Epoch: 21, Loss: 1.1120, Train: 0.9643, Val: 0.7280, Test: 0.7390
Epoch: 22, Loss: 1.0756, Train: 0.9714, Val: 0.7360, Test: 0.7420
Epoch: 23, Loss: 1.0060, Train: 0.9714, Val: 0.7480, Test: 0.7510
Epoch: 24, Loss: 0.8849, Train: 0.9714, Val: 0.7560, Test: 0.7550
Epoch: 25, Loss: 0.8505, Train: 0.9714, Val: 0.7560, Test: 0.7640
Epoch: 26, Loss: 0.7881, Train: 0.9786, Val: 0.7600, Test: 0.7680
Epoch: 27, Loss: 0.7302, Train: 0.9786, Val: 0.7660, Test: 0.7690
Epoch: 28, Loss: 0.6783, Train: 0.9786, Val: 0.7660, Test: 0.7740
Epoch: 29, Loss: 0.6377, Train: 0.9786, Val: 0.7680, Test: 0.7810
Epoch: 30, Loss: 0.5585, Train: 0.9786, Val: 0.7680, Test: 0.7870
Epoch: 31, Loss: 0.5209, Train: 0.9786, Val: 0.7700, Test: 0.7930
Epoch: 32, Loss: 0.4732, Train: 0.9786, Val: 0.7760, Test: 0.7960
Epoch: 33, Loss: 0.4422, Train: 0.9786, Val: 0.7760, Test: 0.8020
Epoch: 34, Loss: 0.4125, Train: 0.9786, Val: 0.7780, Test: 0.8030
Epoch: 35, Loss: 0.3824, Train: 0.9786, Val: 0.7780, Test: 0.8030
Epoch: 36, Loss: 0.3417, Train: 0.9929, Val: 0.7760, Test: 0.8040
Epoch: 37, Loss: 0.3156, Train: 0.9929, Val: 0.7800, Test: 0.8050
Epoch: 38, Loss: 0.2904, Train: 0.9929, Val: 0.7880, Test: 0.8000
Epoch: 39, Loss: 0.2697, Train: 0.9929, Val: 0.7840, Test: 0.8020
Epoch: 40, Loss: 0.2501, Train: 0.9857, Val: 0.7860, Test: 0.8010
Epoch: 41, Loss: 0.2136, Train: 0.9857, Val: 0.7880, Test: 0.8040
Epoch: 42, Loss: 0.2038, Train: 0.9857, Val: 0.7840, Test: 0.8030
Epoch: 43, Loss: 0.1972, Train: 0.9857, Val: 0.7840, Test: 0.8000
Epoch: 44, Loss: 0.1601, Train: 0.9929, Val: 0.7860, Test: 0.7960
Epoch: 45, Loss: 0.1526, Train: 1.0000, Val: 0.7800, Test: 0.7970
Epoch: 46, Loss: 0.1454, Train: 1.0000, Val: 0.7780, Test: 0.7990
Epoch: 47, Loss: 0.1272, Train: 1.0000, Val: 0.7780, Test: 0.8010
Epoch: 48, Loss: 0.1247, Train: 1.0000, Val: 0.7760, Test: 0.8040
Epoch: 49, Loss: 0.1092, Train: 1.0000, Val: 0.7740, Test: 0.8080
Epoch: 50, Loss: 0.1035, Train: 1.0000, Val: 0.7740, Test: 0.8120
MAD:  0.9088
Best Test Accuracy: 0.8120, Val Accuracy: 0.7740, Train Accuracy: 1.0000
Training completed.
Seed:  2
PDN(
  (batch_norm): LayerNorm((128,), eps=1e-05, elementwise_affine=True)
  (convs): ModuleList(
    (0): PDNConv(1433, 128)
    (1): PDNConv(128, 128)
    (2): PDNConv(128, 7)
  )
  (residual_fc): Linear(in_features=1433, out_features=128, bias=True)
)
Epoch: 1, Loss: 1.9498, Train: 0.2500, Val: 0.1260, Test: 0.1540
Epoch: 2, Loss: 1.9288, Train: 0.4143, Val: 0.1940, Test: 0.2210
Epoch: 3, Loss: 1.9031, Train: 0.5286, Val: 0.2760, Test: 0.2900
Epoch: 4, Loss: 1.8821, Train: 0.6286, Val: 0.3220, Test: 0.3500
Epoch: 5, Loss: 1.8577, Train: 0.7214, Val: 0.3880, Test: 0.4180
Epoch: 6, Loss: 1.8360, Train: 0.7643, Val: 0.4400, Test: 0.4890
Epoch: 7, Loss: 1.8170, Train: 0.8286, Val: 0.4720, Test: 0.5450
Epoch: 8, Loss: 1.7840, Train: 0.8571, Val: 0.4980, Test: 0.5720
Epoch: 9, Loss: 1.7508, Train: 0.8786, Val: 0.5340, Test: 0.5990
Epoch: 10, Loss: 1.7257, Train: 0.9071, Val: 0.5760, Test: 0.6130
Epoch: 11, Loss: 1.6874, Train: 0.9143, Val: 0.6020, Test: 0.6340
Epoch: 12, Loss: 1.6520, Train: 0.9214, Val: 0.6280, Test: 0.6590
Epoch: 13, Loss: 1.6141, Train: 0.9357, Val: 0.6460, Test: 0.6770
Epoch: 14, Loss: 1.5709, Train: 0.9357, Val: 0.6600, Test: 0.6830
Epoch: 15, Loss: 1.5004, Train: 0.9500, Val: 0.6700, Test: 0.6890
Epoch: 16, Loss: 1.4436, Train: 0.9500, Val: 0.6760, Test: 0.6960
Epoch: 17, Loss: 1.4060, Train: 0.9500, Val: 0.6840, Test: 0.7000
Epoch: 18, Loss: 1.3234, Train: 0.9571, Val: 0.6960, Test: 0.7100
Epoch: 19, Loss: 1.2761, Train: 0.9571, Val: 0.6960, Test: 0.7120
Epoch: 20, Loss: 1.2168, Train: 0.9643, Val: 0.7140, Test: 0.7230
Epoch: 21, Loss: 1.1393, Train: 0.9643, Val: 0.7280, Test: 0.7250
Epoch: 22, Loss: 1.0414, Train: 0.9643, Val: 0.7320, Test: 0.7310
Epoch: 23, Loss: 1.0015, Train: 0.9571, Val: 0.7380, Test: 0.7410
Epoch: 24, Loss: 0.9388, Train: 0.9571, Val: 0.7480, Test: 0.7530
Epoch: 25, Loss: 0.9098, Train: 0.9643, Val: 0.7520, Test: 0.7590
Epoch: 26, Loss: 0.8472, Train: 0.9714, Val: 0.7620, Test: 0.7690
Epoch: 27, Loss: 0.7663, Train: 0.9714, Val: 0.7740, Test: 0.7740
Epoch: 28, Loss: 0.6993, Train: 0.9714, Val: 0.7840, Test: 0.7820
Epoch: 29, Loss: 0.6559, Train: 0.9786, Val: 0.7860, Test: 0.7860
Epoch: 30, Loss: 0.5951, Train: 0.9786, Val: 0.7860, Test: 0.7890
Epoch: 31, Loss: 0.5441, Train: 0.9786, Val: 0.7880, Test: 0.7900
Epoch: 32, Loss: 0.5189, Train: 0.9786, Val: 0.7900, Test: 0.7900
Epoch: 33, Loss: 0.4730, Train: 0.9786, Val: 0.7900, Test: 0.7930
Epoch: 34, Loss: 0.4174, Train: 0.9786, Val: 0.7900, Test: 0.7940
Epoch: 35, Loss: 0.3785, Train: 0.9786, Val: 0.7840, Test: 0.7930
Epoch: 36, Loss: 0.3503, Train: 0.9786, Val: 0.7820, Test: 0.7930
Epoch: 37, Loss: 0.3307, Train: 0.9857, Val: 0.7800, Test: 0.7920
Epoch: 38, Loss: 0.2989, Train: 0.9857, Val: 0.7820, Test: 0.7910
Epoch: 39, Loss: 0.2691, Train: 0.9857, Val: 0.7840, Test: 0.7940
Epoch: 40, Loss: 0.2477, Train: 0.9857, Val: 0.7820, Test: 0.7950
Epoch: 41, Loss: 0.2275, Train: 0.9857, Val: 0.7840, Test: 0.7960
Epoch: 42, Loss: 0.2162, Train: 0.9929, Val: 0.7900, Test: 0.7980
Epoch: 43, Loss: 0.2049, Train: 0.9929, Val: 0.7900, Test: 0.8010
Epoch: 44, Loss: 0.1739, Train: 0.9929, Val: 0.7900, Test: 0.8050
Epoch: 45, Loss: 0.1839, Train: 0.9929, Val: 0.7940, Test: 0.8090
Epoch: 46, Loss: 0.1533, Train: 0.9929, Val: 0.7940, Test: 0.8070
Epoch: 47, Loss: 0.1346, Train: 0.9929, Val: 0.7900, Test: 0.8010
Epoch: 48, Loss: 0.1439, Train: 0.9929, Val: 0.7860, Test: 0.7990
Epoch: 49, Loss: 0.1519, Train: 0.9929, Val: 0.7800, Test: 0.7950
Epoch: 50, Loss: 0.1322, Train: 0.9929, Val: 0.7800, Test: 0.7950
MAD:  0.8836
Best Test Accuracy: 0.8090, Val Accuracy: 0.7940, Train Accuracy: 0.9929
Training completed.
Seed:  3
PDN(
  (batch_norm): LayerNorm((128,), eps=1e-05, elementwise_affine=True)
  (convs): ModuleList(
    (0): PDNConv(1433, 128)
    (1): PDNConv(128, 128)
    (2): PDNConv(128, 7)
  )
  (residual_fc): Linear(in_features=1433, out_features=128, bias=True)
)
Epoch: 1, Loss: 1.9462, Train: 0.2357, Val: 0.1920, Test: 0.1830
Epoch: 2, Loss: 1.9188, Train: 0.3929, Val: 0.2500, Test: 0.2610
Epoch: 3, Loss: 1.9031, Train: 0.4786, Val: 0.3040, Test: 0.3240
Epoch: 4, Loss: 1.8712, Train: 0.6214, Val: 0.3560, Test: 0.3660
Epoch: 5, Loss: 1.8516, Train: 0.7000, Val: 0.3880, Test: 0.4140
Epoch: 6, Loss: 1.8253, Train: 0.7143, Val: 0.4120, Test: 0.4390
Epoch: 7, Loss: 1.7961, Train: 0.7714, Val: 0.4340, Test: 0.4680
Epoch: 8, Loss: 1.7753, Train: 0.7929, Val: 0.4680, Test: 0.4950
Epoch: 9, Loss: 1.7349, Train: 0.8214, Val: 0.5040, Test: 0.5260
Epoch: 10, Loss: 1.7139, Train: 0.8286, Val: 0.5220, Test: 0.5670
Epoch: 11, Loss: 1.6718, Train: 0.8286, Val: 0.5400, Test: 0.5900
Epoch: 12, Loss: 1.6165, Train: 0.8429, Val: 0.5820, Test: 0.6190
Epoch: 13, Loss: 1.5780, Train: 0.8643, Val: 0.6140, Test: 0.6480
Epoch: 14, Loss: 1.5174, Train: 0.8643, Val: 0.6440, Test: 0.6650
Epoch: 15, Loss: 1.4745, Train: 0.8857, Val: 0.6520, Test: 0.6830
Epoch: 16, Loss: 1.4120, Train: 0.9000, Val: 0.6680, Test: 0.6950
Epoch: 17, Loss: 1.3550, Train: 0.9143, Val: 0.6960, Test: 0.7200
Epoch: 18, Loss: 1.3098, Train: 0.9214, Val: 0.7080, Test: 0.7360
Epoch: 19, Loss: 1.2559, Train: 0.9214, Val: 0.7160, Test: 0.7490
Epoch: 20, Loss: 1.1774, Train: 0.9286, Val: 0.7300, Test: 0.7600
Epoch: 21, Loss: 1.1092, Train: 0.9286, Val: 0.7340, Test: 0.7680
Epoch: 22, Loss: 1.0602, Train: 0.9357, Val: 0.7640, Test: 0.7810
Epoch: 23, Loss: 0.9828, Train: 0.9429, Val: 0.7720, Test: 0.7880
Epoch: 24, Loss: 0.8882, Train: 0.9571, Val: 0.7800, Test: 0.7920
Epoch: 25, Loss: 0.8365, Train: 0.9571, Val: 0.7780, Test: 0.7960
Epoch: 26, Loss: 0.7683, Train: 0.9643, Val: 0.7760, Test: 0.7970
Epoch: 27, Loss: 0.7242, Train: 0.9643, Val: 0.7820, Test: 0.8000
Epoch: 28, Loss: 0.6580, Train: 0.9643, Val: 0.7840, Test: 0.8000
Epoch: 29, Loss: 0.6018, Train: 0.9714, Val: 0.7860, Test: 0.7990
Epoch: 30, Loss: 0.5407, Train: 0.9714, Val: 0.7840, Test: 0.8000
Epoch: 31, Loss: 0.4985, Train: 0.9714, Val: 0.7840, Test: 0.8000
Epoch: 32, Loss: 0.4760, Train: 0.9786, Val: 0.7820, Test: 0.7980
Epoch: 33, Loss: 0.4017, Train: 0.9857, Val: 0.7820, Test: 0.7980
Epoch: 34, Loss: 0.3778, Train: 0.9857, Val: 0.7840, Test: 0.7990
Epoch: 35, Loss: 0.3490, Train: 0.9857, Val: 0.7840, Test: 0.7960
Epoch: 36, Loss: 0.3289, Train: 0.9857, Val: 0.7800, Test: 0.7930
Epoch: 37, Loss: 0.3100, Train: 0.9857, Val: 0.7840, Test: 0.7950
Epoch: 38, Loss: 0.2504, Train: 0.9929, Val: 0.7840, Test: 0.7980
Epoch: 39, Loss: 0.2352, Train: 0.9929, Val: 0.7820, Test: 0.7980
Epoch: 40, Loss: 0.2320, Train: 0.9929, Val: 0.7800, Test: 0.7990
Epoch: 41, Loss: 0.2050, Train: 0.9929, Val: 0.7800, Test: 0.8000
Epoch: 42, Loss: 0.2040, Train: 0.9929, Val: 0.7820, Test: 0.8010
Epoch: 43, Loss: 0.1716, Train: 1.0000, Val: 0.7780, Test: 0.8000
Epoch: 44, Loss: 0.1611, Train: 0.9929, Val: 0.7760, Test: 0.8020
Epoch: 45, Loss: 0.1462, Train: 0.9929, Val: 0.7740, Test: 0.8040
Epoch: 46, Loss: 0.1328, Train: 0.9929, Val: 0.7740, Test: 0.8000
Epoch: 47, Loss: 0.1278, Train: 0.9929, Val: 0.7780, Test: 0.7960
Epoch: 48, Loss: 0.1141, Train: 1.0000, Val: 0.7780, Test: 0.7970
Epoch: 49, Loss: 0.1237, Train: 1.0000, Val: 0.7780, Test: 0.7990
Epoch: 50, Loss: 0.0969, Train: 1.0000, Val: 0.7840, Test: 0.8010
MAD:  0.8493
Best Test Accuracy: 0.8040, Val Accuracy: 0.7740, Train Accuracy: 0.9929
Training completed.
Seed:  4
PDN(
  (batch_norm): LayerNorm((128,), eps=1e-05, elementwise_affine=True)
  (convs): ModuleList(
    (0): PDNConv(1433, 128)
    (1): PDNConv(128, 128)
    (2): PDNConv(128, 7)
  )
  (residual_fc): Linear(in_features=1433, out_features=128, bias=True)
)
Epoch: 1, Loss: 1.9483, Train: 0.3000, Val: 0.1320, Test: 0.1410
Epoch: 2, Loss: 1.9255, Train: 0.5000, Val: 0.2140, Test: 0.2430
Epoch: 3, Loss: 1.9021, Train: 0.6857, Val: 0.3200, Test: 0.3670
Epoch: 4, Loss: 1.8795, Train: 0.8071, Val: 0.4280, Test: 0.4620
Epoch: 5, Loss: 1.8559, Train: 0.8857, Val: 0.5240, Test: 0.5330
Epoch: 6, Loss: 1.8388, Train: 0.9000, Val: 0.5840, Test: 0.5900
Epoch: 7, Loss: 1.8054, Train: 0.9143, Val: 0.6160, Test: 0.6130
Epoch: 8, Loss: 1.7717, Train: 0.9286, Val: 0.6320, Test: 0.6360
Epoch: 9, Loss: 1.7433, Train: 0.9286, Val: 0.6500, Test: 0.6570
Epoch: 10, Loss: 1.7074, Train: 0.9286, Val: 0.6560, Test: 0.6720
Epoch: 11, Loss: 1.6574, Train: 0.9286, Val: 0.6620, Test: 0.6890
Epoch: 12, Loss: 1.6287, Train: 0.9429, Val: 0.6800, Test: 0.7030
Epoch: 13, Loss: 1.5820, Train: 0.9571, Val: 0.6980, Test: 0.7150
Epoch: 14, Loss: 1.5369, Train: 0.9571, Val: 0.7080, Test: 0.7230
Epoch: 15, Loss: 1.4850, Train: 0.9643, Val: 0.7180, Test: 0.7300
Epoch: 16, Loss: 1.4258, Train: 0.9643, Val: 0.7180, Test: 0.7410
Epoch: 17, Loss: 1.3594, Train: 0.9643, Val: 0.7240, Test: 0.7510
Epoch: 18, Loss: 1.3256, Train: 0.9643, Val: 0.7280, Test: 0.7530
Epoch: 19, Loss: 1.2591, Train: 0.9643, Val: 0.7380, Test: 0.7600
Epoch: 20, Loss: 1.1960, Train: 0.9643, Val: 0.7420, Test: 0.7700
Epoch: 21, Loss: 1.1369, Train: 0.9643, Val: 0.7500, Test: 0.7770
Epoch: 22, Loss: 1.0480, Train: 0.9643, Val: 0.7560, Test: 0.7820
Epoch: 23, Loss: 1.0001, Train: 0.9714, Val: 0.7660, Test: 0.7850
Epoch: 24, Loss: 0.9076, Train: 0.9714, Val: 0.7680, Test: 0.7940
Epoch: 25, Loss: 0.8303, Train: 0.9786, Val: 0.7720, Test: 0.7980
Epoch: 26, Loss: 0.8042, Train: 0.9786, Val: 0.7760, Test: 0.8000
Epoch: 27, Loss: 0.7170, Train: 0.9786, Val: 0.7760, Test: 0.8020
Epoch: 28, Loss: 0.6828, Train: 0.9786, Val: 0.7780, Test: 0.8030
Epoch: 29, Loss: 0.6143, Train: 0.9786, Val: 0.7800, Test: 0.8060
Epoch: 30, Loss: 0.5660, Train: 0.9786, Val: 0.7880, Test: 0.8110
Epoch: 31, Loss: 0.5129, Train: 0.9786, Val: 0.7900, Test: 0.8090
Epoch: 32, Loss: 0.4583, Train: 0.9786, Val: 0.7920, Test: 0.8070
Epoch: 33, Loss: 0.4288, Train: 0.9786, Val: 0.7920, Test: 0.8070
Epoch: 34, Loss: 0.3811, Train: 0.9786, Val: 0.7880, Test: 0.8080
Epoch: 35, Loss: 0.3394, Train: 0.9786, Val: 0.7860, Test: 0.8070
Epoch: 36, Loss: 0.3341, Train: 0.9786, Val: 0.7840, Test: 0.8100
Epoch: 37, Loss: 0.2986, Train: 0.9857, Val: 0.7840, Test: 0.8120
Epoch: 38, Loss: 0.2842, Train: 0.9857, Val: 0.7840, Test: 0.8140
Epoch: 39, Loss: 0.2644, Train: 0.9857, Val: 0.7860, Test: 0.8140
Epoch: 40, Loss: 0.2283, Train: 0.9929, Val: 0.7860, Test: 0.8170
Epoch: 41, Loss: 0.2007, Train: 0.9929, Val: 0.7840, Test: 0.8170
Epoch: 42, Loss: 0.1708, Train: 0.9929, Val: 0.7800, Test: 0.8170
Epoch: 43, Loss: 0.1933, Train: 0.9929, Val: 0.7800, Test: 0.8160
Epoch: 44, Loss: 0.1633, Train: 1.0000, Val: 0.7820, Test: 0.8180
Epoch: 45, Loss: 0.1384, Train: 1.0000, Val: 0.7860, Test: 0.8150
Epoch: 46, Loss: 0.1420, Train: 1.0000, Val: 0.7800, Test: 0.8140
Epoch: 47, Loss: 0.1256, Train: 1.0000, Val: 0.7800, Test: 0.8080
Epoch: 48, Loss: 0.1163, Train: 1.0000, Val: 0.7800, Test: 0.8080
Epoch: 49, Loss: 0.1024, Train: 1.0000, Val: 0.7760, Test: 0.8090
Epoch: 50, Loss: 0.0906, Train: 1.0000, Val: 0.7700, Test: 0.8090
MAD:  0.9341
Best Test Accuracy: 0.8180, Val Accuracy: 0.7820, Train Accuracy: 1.0000
Training completed.
Seed:  5
PDN(
  (batch_norm): LayerNorm((128,), eps=1e-05, elementwise_affine=True)
  (convs): ModuleList(
    (0): PDNConv(1433, 128)
    (1): PDNConv(128, 128)
    (2): PDNConv(128, 7)
  )
  (residual_fc): Linear(in_features=1433, out_features=128, bias=True)
)
Epoch: 1, Loss: 1.9538, Train: 0.1643, Val: 0.1380, Test: 0.1230
Epoch: 2, Loss: 1.9273, Train: 0.2786, Val: 0.2040, Test: 0.1870
Epoch: 3, Loss: 1.9119, Train: 0.3571, Val: 0.2720, Test: 0.2480
Epoch: 4, Loss: 1.8950, Train: 0.4643, Val: 0.3100, Test: 0.3150
Epoch: 5, Loss: 1.8704, Train: 0.5643, Val: 0.3560, Test: 0.3650
Epoch: 6, Loss: 1.8504, Train: 0.7143, Val: 0.4160, Test: 0.4160
Epoch: 7, Loss: 1.8288, Train: 0.7357, Val: 0.4540, Test: 0.4570
Epoch: 8, Loss: 1.8044, Train: 0.7857, Val: 0.4660, Test: 0.4930
Epoch: 9, Loss: 1.7895, Train: 0.8143, Val: 0.5060, Test: 0.5190
Epoch: 10, Loss: 1.7477, Train: 0.8429, Val: 0.5420, Test: 0.5390
Epoch: 11, Loss: 1.7181, Train: 0.8571, Val: 0.5760, Test: 0.5680
Epoch: 12, Loss: 1.6715, Train: 0.8571, Val: 0.5820, Test: 0.5900
Epoch: 13, Loss: 1.6262, Train: 0.8786, Val: 0.5940, Test: 0.6050
Epoch: 14, Loss: 1.5971, Train: 0.8714, Val: 0.6180, Test: 0.6350
Epoch: 15, Loss: 1.5338, Train: 0.8929, Val: 0.6440, Test: 0.6510
Epoch: 16, Loss: 1.4892, Train: 0.9143, Val: 0.6680, Test: 0.6760
Epoch: 17, Loss: 1.4506, Train: 0.9143, Val: 0.6880, Test: 0.6930
Epoch: 18, Loss: 1.3666, Train: 0.9143, Val: 0.7080, Test: 0.7120
Epoch: 19, Loss: 1.3180, Train: 0.9214, Val: 0.7180, Test: 0.7300
Epoch: 20, Loss: 1.2642, Train: 0.9357, Val: 0.7360, Test: 0.7490
Epoch: 21, Loss: 1.2055, Train: 0.9500, Val: 0.7480, Test: 0.7580
Epoch: 22, Loss: 1.1385, Train: 0.9571, Val: 0.7600, Test: 0.7670
Epoch: 23, Loss: 1.0601, Train: 0.9571, Val: 0.7680, Test: 0.7740
Epoch: 24, Loss: 1.0107, Train: 0.9571, Val: 0.7680, Test: 0.7780
Epoch: 25, Loss: 0.9483, Train: 0.9643, Val: 0.7780, Test: 0.7820
Epoch: 26, Loss: 0.8734, Train: 0.9643, Val: 0.7840, Test: 0.7870
Epoch: 27, Loss: 0.7508, Train: 0.9643, Val: 0.7880, Test: 0.7930
Epoch: 28, Loss: 0.7516, Train: 0.9643, Val: 0.7920, Test: 0.7990
Epoch: 29, Loss: 0.6845, Train: 0.9643, Val: 0.7920, Test: 0.8010
Epoch: 30, Loss: 0.6276, Train: 0.9643, Val: 0.7940, Test: 0.8040
Epoch: 31, Loss: 0.5895, Train: 0.9714, Val: 0.7920, Test: 0.8050
Epoch: 32, Loss: 0.5516, Train: 0.9714, Val: 0.7920, Test: 0.8050
Epoch: 33, Loss: 0.4817, Train: 0.9786, Val: 0.7940, Test: 0.8070
Epoch: 34, Loss: 0.4528, Train: 0.9786, Val: 0.7980, Test: 0.8100
Epoch: 35, Loss: 0.3910, Train: 0.9786, Val: 0.7920, Test: 0.8120
Epoch: 36, Loss: 0.3971, Train: 0.9786, Val: 0.7940, Test: 0.8140
Epoch: 37, Loss: 0.3526, Train: 0.9786, Val: 0.7940, Test: 0.8130
Epoch: 38, Loss: 0.2959, Train: 0.9786, Val: 0.7920, Test: 0.8120
Epoch: 39, Loss: 0.2917, Train: 0.9786, Val: 0.7880, Test: 0.8160
Epoch: 40, Loss: 0.2516, Train: 0.9857, Val: 0.7860, Test: 0.8160
Epoch: 41, Loss: 0.2326, Train: 0.9857, Val: 0.7900, Test: 0.8180
Epoch: 42, Loss: 0.2340, Train: 0.9929, Val: 0.7900, Test: 0.8150
Epoch: 43, Loss: 0.1864, Train: 0.9929, Val: 0.7900, Test: 0.8150
Epoch: 44, Loss: 0.1885, Train: 0.9929, Val: 0.7900, Test: 0.8140
Epoch: 45, Loss: 0.1600, Train: 0.9929, Val: 0.7900, Test: 0.8070
Epoch: 46, Loss: 0.1580, Train: 0.9929, Val: 0.7860, Test: 0.8060
Epoch: 47, Loss: 0.1435, Train: 0.9929, Val: 0.7840, Test: 0.8040
Epoch: 48, Loss: 0.1245, Train: 0.9929, Val: 0.7880, Test: 0.8030
Epoch: 49, Loss: 0.1187, Train: 0.9929, Val: 0.7900, Test: 0.8040
Epoch: 50, Loss: 0.1148, Train: 0.9929, Val: 0.7880, Test: 0.8060
MAD:  0.9285
Best Test Accuracy: 0.8180, Val Accuracy: 0.7900, Train Accuracy: 0.9857
Training completed.
Seed:  6
PDN(
  (batch_norm): LayerNorm((128,), eps=1e-05, elementwise_affine=True)
  (convs): ModuleList(
    (0): PDNConv(1433, 128)
    (1): PDNConv(128, 128)
    (2): PDNConv(128, 7)
  )
  (residual_fc): Linear(in_features=1433, out_features=128, bias=True)
)
Epoch: 1, Loss: 1.9380, Train: 0.3286, Val: 0.3360, Test: 0.3470
Epoch: 2, Loss: 1.9131, Train: 0.5000, Val: 0.4140, Test: 0.4400
Epoch: 3, Loss: 1.8890, Train: 0.7000, Val: 0.5000, Test: 0.5360
Epoch: 4, Loss: 1.8584, Train: 0.8000, Val: 0.5540, Test: 0.6030
Epoch: 5, Loss: 1.8387, Train: 0.8500, Val: 0.6120, Test: 0.6510
Epoch: 6, Loss: 1.7997, Train: 0.8929, Val: 0.6380, Test: 0.6770
Epoch: 7, Loss: 1.7740, Train: 0.9000, Val: 0.6680, Test: 0.6910
Epoch: 8, Loss: 1.7413, Train: 0.9071, Val: 0.6940, Test: 0.7050
Epoch: 9, Loss: 1.6878, Train: 0.9143, Val: 0.6940, Test: 0.7230
Epoch: 10, Loss: 1.6563, Train: 0.9143, Val: 0.7100, Test: 0.7390
Epoch: 11, Loss: 1.6085, Train: 0.9214, Val: 0.7080, Test: 0.7440
Epoch: 12, Loss: 1.5629, Train: 0.9357, Val: 0.7300, Test: 0.7490
Epoch: 13, Loss: 1.5023, Train: 0.9357, Val: 0.7380, Test: 0.7560
Epoch: 14, Loss: 1.4351, Train: 0.9357, Val: 0.7480, Test: 0.7640
Epoch: 15, Loss: 1.4020, Train: 0.9357, Val: 0.7520, Test: 0.7670
Epoch: 16, Loss: 1.3516, Train: 0.9357, Val: 0.7580, Test: 0.7760
Epoch: 17, Loss: 1.2770, Train: 0.9357, Val: 0.7660, Test: 0.7810
Epoch: 18, Loss: 1.1989, Train: 0.9429, Val: 0.7640, Test: 0.7870
Epoch: 19, Loss: 1.1337, Train: 0.9357, Val: 0.7680, Test: 0.7910
Epoch: 20, Loss: 1.0660, Train: 0.9429, Val: 0.7740, Test: 0.7950
Epoch: 21, Loss: 1.0206, Train: 0.9429, Val: 0.7800, Test: 0.8000
Epoch: 22, Loss: 0.9418, Train: 0.9643, Val: 0.7880, Test: 0.8010
Epoch: 23, Loss: 0.8904, Train: 0.9714, Val: 0.7920, Test: 0.8020
Epoch: 24, Loss: 0.8176, Train: 0.9786, Val: 0.7900, Test: 0.8060
Epoch: 25, Loss: 0.7520, Train: 0.9786, Val: 0.7960, Test: 0.8100
Epoch: 26, Loss: 0.7299, Train: 0.9786, Val: 0.7960, Test: 0.8070
Epoch: 27, Loss: 0.6411, Train: 0.9786, Val: 0.7940, Test: 0.8030
Epoch: 28, Loss: 0.5862, Train: 0.9786, Val: 0.7920, Test: 0.8040
Epoch: 29, Loss: 0.5298, Train: 0.9786, Val: 0.7880, Test: 0.8040
Epoch: 30, Loss: 0.4941, Train: 0.9786, Val: 0.7900, Test: 0.8050
Epoch: 31, Loss: 0.4509, Train: 0.9786, Val: 0.7900, Test: 0.8030
Epoch: 32, Loss: 0.4262, Train: 0.9786, Val: 0.7920, Test: 0.8070
Epoch: 33, Loss: 0.3726, Train: 0.9786, Val: 0.7940, Test: 0.8100
Epoch: 34, Loss: 0.3520, Train: 0.9857, Val: 0.7900, Test: 0.8110
Epoch: 35, Loss: 0.2930, Train: 0.9857, Val: 0.7940, Test: 0.8190
Epoch: 36, Loss: 0.2885, Train: 0.9929, Val: 0.7940, Test: 0.8200
Epoch: 37, Loss: 0.2583, Train: 0.9929, Val: 0.7920, Test: 0.8180
Epoch: 38, Loss: 0.2309, Train: 0.9929, Val: 0.7920, Test: 0.8150
Epoch: 39, Loss: 0.2206, Train: 0.9929, Val: 0.7880, Test: 0.8150
Epoch: 40, Loss: 0.2028, Train: 0.9929, Val: 0.7900, Test: 0.8150
Epoch: 41, Loss: 0.1840, Train: 0.9929, Val: 0.7880, Test: 0.8120
Epoch: 42, Loss: 0.1650, Train: 0.9929, Val: 0.7880, Test: 0.8090
Epoch: 43, Loss: 0.1542, Train: 0.9929, Val: 0.7860, Test: 0.8090
Epoch: 44, Loss: 0.1479, Train: 1.0000, Val: 0.7800, Test: 0.8070
Epoch: 45, Loss: 0.1514, Train: 1.0000, Val: 0.7820, Test: 0.8080
Epoch: 46, Loss: 0.1195, Train: 1.0000, Val: 0.7820, Test: 0.8070
Epoch: 47, Loss: 0.1141, Train: 1.0000, Val: 0.7820, Test: 0.8080
Epoch: 48, Loss: 0.1132, Train: 1.0000, Val: 0.7760, Test: 0.8020
Epoch: 49, Loss: 0.0965, Train: 1.0000, Val: 0.7760, Test: 0.8020
Epoch: 50, Loss: 0.0959, Train: 1.0000, Val: 0.7780, Test: 0.8040
MAD:  0.9193
Best Test Accuracy: 0.8200, Val Accuracy: 0.7940, Train Accuracy: 0.9929
Training completed.
Seed:  7
PDN(
  (batch_norm): LayerNorm((128,), eps=1e-05, elementwise_affine=True)
  (convs): ModuleList(
    (0): PDNConv(1433, 128)
    (1): PDNConv(128, 128)
    (2): PDNConv(128, 7)
  )
  (residual_fc): Linear(in_features=1433, out_features=128, bias=True)
)
Epoch: 1, Loss: 1.9561, Train: 0.3286, Val: 0.3120, Test: 0.2740
Epoch: 2, Loss: 1.9379, Train: 0.4857, Val: 0.3840, Test: 0.3730
Epoch: 3, Loss: 1.9096, Train: 0.5857, Val: 0.4900, Test: 0.4780
Epoch: 4, Loss: 1.8873, Train: 0.6500, Val: 0.5560, Test: 0.5470
Epoch: 5, Loss: 1.8624, Train: 0.6857, Val: 0.6040, Test: 0.5870
Epoch: 6, Loss: 1.8362, Train: 0.7429, Val: 0.6240, Test: 0.6320
Epoch: 7, Loss: 1.8144, Train: 0.8143, Val: 0.6500, Test: 0.6670
Epoch: 8, Loss: 1.7853, Train: 0.8429, Val: 0.6620, Test: 0.6890
Epoch: 9, Loss: 1.7596, Train: 0.8429, Val: 0.6760, Test: 0.7030
Epoch: 10, Loss: 1.7164, Train: 0.8500, Val: 0.6860, Test: 0.7160
Epoch: 11, Loss: 1.6693, Train: 0.8500, Val: 0.6980, Test: 0.7170
Epoch: 12, Loss: 1.6417, Train: 0.8643, Val: 0.7060, Test: 0.7310
Epoch: 13, Loss: 1.6001, Train: 0.8786, Val: 0.7100, Test: 0.7340
Epoch: 14, Loss: 1.5371, Train: 0.8857, Val: 0.7200, Test: 0.7420
Epoch: 15, Loss: 1.4979, Train: 0.9000, Val: 0.7200, Test: 0.7510
Epoch: 16, Loss: 1.4632, Train: 0.9071, Val: 0.7280, Test: 0.7600
Epoch: 17, Loss: 1.4012, Train: 0.9071, Val: 0.7380, Test: 0.7630
Epoch: 18, Loss: 1.3604, Train: 0.9143, Val: 0.7480, Test: 0.7630
Epoch: 19, Loss: 1.2862, Train: 0.9214, Val: 0.7560, Test: 0.7700
Epoch: 20, Loss: 1.2241, Train: 0.9143, Val: 0.7660, Test: 0.7710
Epoch: 21, Loss: 1.1774, Train: 0.9286, Val: 0.7640, Test: 0.7740
Epoch: 22, Loss: 1.0992, Train: 0.9429, Val: 0.7660, Test: 0.7840
Epoch: 23, Loss: 1.0306, Train: 0.9429, Val: 0.7720, Test: 0.7890
Epoch: 24, Loss: 0.9791, Train: 0.9429, Val: 0.7800, Test: 0.7960
Epoch: 25, Loss: 0.9099, Train: 0.9429, Val: 0.7800, Test: 0.8080
Epoch: 26, Loss: 0.8395, Train: 0.9429, Val: 0.7840, Test: 0.8130
Epoch: 27, Loss: 0.7789, Train: 0.9500, Val: 0.7880, Test: 0.8180
Epoch: 28, Loss: 0.7221, Train: 0.9571, Val: 0.7880, Test: 0.8190
Epoch: 29, Loss: 0.6785, Train: 0.9714, Val: 0.7900, Test: 0.8150
Epoch: 30, Loss: 0.6313, Train: 0.9714, Val: 0.7940, Test: 0.8150
Epoch: 31, Loss: 0.5758, Train: 0.9857, Val: 0.7940, Test: 0.8130
Epoch: 32, Loss: 0.5393, Train: 0.9857, Val: 0.7920, Test: 0.8140
Epoch: 33, Loss: 0.4522, Train: 0.9857, Val: 0.7940, Test: 0.8110
Epoch: 34, Loss: 0.4521, Train: 0.9857, Val: 0.7940, Test: 0.8100
Epoch: 35, Loss: 0.3817, Train: 0.9857, Val: 0.7920, Test: 0.8100
Epoch: 36, Loss: 0.3487, Train: 0.9857, Val: 0.7860, Test: 0.8110
Epoch: 37, Loss: 0.3511, Train: 0.9929, Val: 0.7860, Test: 0.8110
Epoch: 38, Loss: 0.3128, Train: 0.9929, Val: 0.7860, Test: 0.8100
Epoch: 39, Loss: 0.2717, Train: 0.9857, Val: 0.7860, Test: 0.8090
Epoch: 40, Loss: 0.2605, Train: 0.9857, Val: 0.7820, Test: 0.8060
Epoch: 41, Loss: 0.2429, Train: 0.9857, Val: 0.7820, Test: 0.8080
Epoch: 42, Loss: 0.2120, Train: 0.9929, Val: 0.7780, Test: 0.8050
Epoch: 43, Loss: 0.1958, Train: 0.9929, Val: 0.7800, Test: 0.8040
Epoch: 44, Loss: 0.1961, Train: 1.0000, Val: 0.7800, Test: 0.8000
Epoch: 45, Loss: 0.1706, Train: 1.0000, Val: 0.7780, Test: 0.8010
Epoch: 46, Loss: 0.1710, Train: 1.0000, Val: 0.7780, Test: 0.7980
Epoch: 47, Loss: 0.1475, Train: 1.0000, Val: 0.7780, Test: 0.7950
Epoch: 48, Loss: 0.1298, Train: 1.0000, Val: 0.7780, Test: 0.7960
Epoch: 49, Loss: 0.1255, Train: 1.0000, Val: 0.7760, Test: 0.7980
Epoch: 50, Loss: 0.1276, Train: 1.0000, Val: 0.7780, Test: 0.7960
MAD:  0.9178
Best Test Accuracy: 0.8190, Val Accuracy: 0.7880, Train Accuracy: 0.9571
Training completed.
Seed:  8
PDN(
  (batch_norm): LayerNorm((128,), eps=1e-05, elementwise_affine=True)
  (convs): ModuleList(
    (0): PDNConv(1433, 128)
    (1): PDNConv(128, 128)
    (2): PDNConv(128, 7)
  )
  (residual_fc): Linear(in_features=1433, out_features=128, bias=True)
)
Epoch: 1, Loss: 1.9644, Train: 0.1786, Val: 0.3200, Test: 0.3060
Epoch: 2, Loss: 1.9401, Train: 0.3143, Val: 0.3900, Test: 0.3820
Epoch: 3, Loss: 1.9130, Train: 0.5286, Val: 0.5100, Test: 0.4840
Epoch: 4, Loss: 1.8854, Train: 0.6929, Val: 0.6040, Test: 0.6030
Epoch: 5, Loss: 1.8644, Train: 0.8000, Val: 0.6220, Test: 0.6530
Epoch: 6, Loss: 1.8384, Train: 0.8429, Val: 0.6560, Test: 0.6960
Epoch: 7, Loss: 1.8133, Train: 0.8786, Val: 0.6840, Test: 0.7220
Epoch: 8, Loss: 1.7726, Train: 0.9357, Val: 0.7060, Test: 0.7450
Epoch: 9, Loss: 1.7495, Train: 0.9500, Val: 0.7360, Test: 0.7620
Epoch: 10, Loss: 1.7165, Train: 0.9571, Val: 0.7540, Test: 0.7800
Epoch: 11, Loss: 1.6727, Train: 0.9571, Val: 0.7680, Test: 0.7860
Epoch: 12, Loss: 1.6419, Train: 0.9643, Val: 0.7740, Test: 0.7910
Epoch: 13, Loss: 1.5894, Train: 0.9643, Val: 0.7740, Test: 0.7960
Epoch: 14, Loss: 1.5510, Train: 0.9643, Val: 0.7800, Test: 0.8040
Epoch: 15, Loss: 1.4879, Train: 0.9643, Val: 0.7900, Test: 0.8080
Epoch: 16, Loss: 1.4317, Train: 0.9643, Val: 0.7940, Test: 0.8140
Epoch: 17, Loss: 1.3847, Train: 0.9643, Val: 0.7960, Test: 0.8150
Epoch: 18, Loss: 1.3380, Train: 0.9643, Val: 0.7940, Test: 0.8210
Epoch: 19, Loss: 1.2428, Train: 0.9643, Val: 0.7920, Test: 0.8250
Epoch: 20, Loss: 1.2127, Train: 0.9643, Val: 0.7960, Test: 0.8270
Epoch: 21, Loss: 1.1258, Train: 0.9714, Val: 0.7980, Test: 0.8310
Epoch: 22, Loss: 1.0892, Train: 0.9714, Val: 0.7980, Test: 0.8340
Epoch: 23, Loss: 1.0044, Train: 0.9714, Val: 0.8020, Test: 0.8350
Epoch: 24, Loss: 0.9391, Train: 0.9714, Val: 0.8000, Test: 0.8350
Epoch: 25, Loss: 0.8847, Train: 0.9714, Val: 0.8020, Test: 0.8300
Epoch: 26, Loss: 0.8132, Train: 0.9714, Val: 0.8040, Test: 0.8290
Epoch: 27, Loss: 0.7502, Train: 0.9786, Val: 0.8020, Test: 0.8280
Epoch: 28, Loss: 0.6943, Train: 0.9714, Val: 0.8040, Test: 0.8280
Epoch: 29, Loss: 0.6167, Train: 0.9714, Val: 0.7980, Test: 0.8230
Epoch: 30, Loss: 0.5601, Train: 0.9714, Val: 0.7940, Test: 0.8230
Epoch: 31, Loss: 0.5487, Train: 0.9786, Val: 0.7920, Test: 0.8210
Epoch: 32, Loss: 0.4817, Train: 0.9786, Val: 0.7880, Test: 0.8220
Epoch: 33, Loss: 0.4645, Train: 0.9786, Val: 0.7900, Test: 0.8210
Epoch: 34, Loss: 0.4058, Train: 0.9857, Val: 0.7900, Test: 0.8170
Epoch: 35, Loss: 0.3746, Train: 0.9857, Val: 0.7920, Test: 0.8190
Epoch: 36, Loss: 0.3439, Train: 0.9857, Val: 0.7940, Test: 0.8200
Epoch: 37, Loss: 0.2996, Train: 0.9857, Val: 0.7920, Test: 0.8190
Epoch: 38, Loss: 0.2845, Train: 0.9857, Val: 0.7940, Test: 0.8220
Epoch: 39, Loss: 0.2717, Train: 0.9857, Val: 0.7960, Test: 0.8230
Epoch: 40, Loss: 0.2429, Train: 0.9857, Val: 0.7960, Test: 0.8210
Epoch: 41, Loss: 0.2223, Train: 0.9857, Val: 0.7960, Test: 0.8260
Epoch: 42, Loss: 0.1984, Train: 0.9857, Val: 0.7960, Test: 0.8250
Epoch: 43, Loss: 0.1933, Train: 0.9929, Val: 0.7960, Test: 0.8240
Epoch: 44, Loss: 0.1639, Train: 0.9929, Val: 0.7980, Test: 0.8230
Epoch: 45, Loss: 0.1495, Train: 1.0000, Val: 0.7980, Test: 0.8240
Epoch: 46, Loss: 0.1464, Train: 1.0000, Val: 0.7980, Test: 0.8230
Epoch: 47, Loss: 0.1305, Train: 1.0000, Val: 0.7960, Test: 0.8230
Epoch: 48, Loss: 0.1380, Train: 1.0000, Val: 0.7900, Test: 0.8220
Epoch: 49, Loss: 0.1206, Train: 1.0000, Val: 0.7880, Test: 0.8180
Epoch: 50, Loss: 0.1102, Train: 1.0000, Val: 0.7860, Test: 0.8110
MAD:  0.8052
Best Test Accuracy: 0.8350, Val Accuracy: 0.8020, Train Accuracy: 0.9714
Training completed.
Seed:  9
PDN(
  (batch_norm): LayerNorm((128,), eps=1e-05, elementwise_affine=True)
  (convs): ModuleList(
    (0): PDNConv(1433, 128)
    (1): PDNConv(128, 128)
    (2): PDNConv(128, 7)
  )
  (residual_fc): Linear(in_features=1433, out_features=128, bias=True)
)
Epoch: 1, Loss: 1.9443, Train: 0.1643, Val: 0.1480, Test: 0.1560
Epoch: 2, Loss: 1.9197, Train: 0.2857, Val: 0.1820, Test: 0.2100
Epoch: 3, Loss: 1.8969, Train: 0.3857, Val: 0.2140, Test: 0.2720
Epoch: 4, Loss: 1.8727, Train: 0.4786, Val: 0.2840, Test: 0.3430
Epoch: 5, Loss: 1.8442, Train: 0.5500, Val: 0.3360, Test: 0.4000
Epoch: 6, Loss: 1.8234, Train: 0.6786, Val: 0.3920, Test: 0.4450
Epoch: 7, Loss: 1.7939, Train: 0.7429, Val: 0.4560, Test: 0.5050
Epoch: 8, Loss: 1.7557, Train: 0.8071, Val: 0.5040, Test: 0.5410
Epoch: 9, Loss: 1.7305, Train: 0.8214, Val: 0.5480, Test: 0.5790
Epoch: 10, Loss: 1.6949, Train: 0.8357, Val: 0.5780, Test: 0.6060
Epoch: 11, Loss: 1.6707, Train: 0.8571, Val: 0.6040, Test: 0.6380
Epoch: 12, Loss: 1.6067, Train: 0.8643, Val: 0.6300, Test: 0.6540
Epoch: 13, Loss: 1.5707, Train: 0.8643, Val: 0.6540, Test: 0.6820
Epoch: 14, Loss: 1.5210, Train: 0.9000, Val: 0.6680, Test: 0.7040
Epoch: 15, Loss: 1.4696, Train: 0.9214, Val: 0.6940, Test: 0.7160
Epoch: 16, Loss: 1.4136, Train: 0.9214, Val: 0.6940, Test: 0.7290
Epoch: 17, Loss: 1.3704, Train: 0.9286, Val: 0.7160, Test: 0.7450
Epoch: 18, Loss: 1.2970, Train: 0.9357, Val: 0.7340, Test: 0.7530
Epoch: 19, Loss: 1.2118, Train: 0.9357, Val: 0.7560, Test: 0.7660
Epoch: 20, Loss: 1.1335, Train: 0.9500, Val: 0.7620, Test: 0.7740
Epoch: 21, Loss: 1.0899, Train: 0.9571, Val: 0.7620, Test: 0.7760
Epoch: 22, Loss: 1.0162, Train: 0.9571, Val: 0.7620, Test: 0.7840
Epoch: 23, Loss: 0.9651, Train: 0.9571, Val: 0.7660, Test: 0.7870
Epoch: 24, Loss: 0.9005, Train: 0.9571, Val: 0.7660, Test: 0.7870
Epoch: 25, Loss: 0.8147, Train: 0.9643, Val: 0.7720, Test: 0.7940
Epoch: 26, Loss: 0.7436, Train: 0.9714, Val: 0.7720, Test: 0.7960
Epoch: 27, Loss: 0.6633, Train: 0.9786, Val: 0.7740, Test: 0.7980
Epoch: 28, Loss: 0.6531, Train: 0.9786, Val: 0.7780, Test: 0.7970
Epoch: 29, Loss: 0.6012, Train: 0.9786, Val: 0.7820, Test: 0.8010
Epoch: 30, Loss: 0.5474, Train: 0.9786, Val: 0.7820, Test: 0.8020
Epoch: 31, Loss: 0.5042, Train: 0.9786, Val: 0.7800, Test: 0.8030
Epoch: 32, Loss: 0.4673, Train: 0.9786, Val: 0.7740, Test: 0.7990
Epoch: 33, Loss: 0.4100, Train: 0.9786, Val: 0.7740, Test: 0.7990
Epoch: 34, Loss: 0.3726, Train: 0.9857, Val: 0.7780, Test: 0.7980
Epoch: 35, Loss: 0.3486, Train: 0.9857, Val: 0.7800, Test: 0.8000
Epoch: 36, Loss: 0.3257, Train: 0.9857, Val: 0.7800, Test: 0.7990
Epoch: 37, Loss: 0.3031, Train: 0.9857, Val: 0.7780, Test: 0.8050
Epoch: 38, Loss: 0.2547, Train: 0.9857, Val: 0.7800, Test: 0.8050
Epoch: 39, Loss: 0.2427, Train: 0.9929, Val: 0.7780, Test: 0.8040
Epoch: 40, Loss: 0.2250, Train: 0.9929, Val: 0.7760, Test: 0.8050
Epoch: 41, Loss: 0.1915, Train: 0.9929, Val: 0.7760, Test: 0.8070
Epoch: 42, Loss: 0.2143, Train: 0.9929, Val: 0.7820, Test: 0.8080
Epoch: 43, Loss: 0.1560, Train: 0.9929, Val: 0.7820, Test: 0.8070
Epoch: 44, Loss: 0.1485, Train: 0.9929, Val: 0.7780, Test: 0.8040
Epoch: 45, Loss: 0.1355, Train: 1.0000, Val: 0.7740, Test: 0.8030
Epoch: 46, Loss: 0.1351, Train: 1.0000, Val: 0.7740, Test: 0.8020
Epoch: 47, Loss: 0.1247, Train: 1.0000, Val: 0.7720, Test: 0.8010
Epoch: 48, Loss: 0.1211, Train: 1.0000, Val: 0.7740, Test: 0.8010
Epoch: 49, Loss: 0.1152, Train: 1.0000, Val: 0.7760, Test: 0.8050
Epoch: 50, Loss: 0.1227, Train: 1.0000, Val: 0.7760, Test: 0.8040
MAD:  0.9143
Best Test Accuracy: 0.8080, Val Accuracy: 0.7820, Train Accuracy: 0.9929
Training completed.
Average Test Accuracy:  0.8153 ± 0.008355237878121686
Average MAD:  0.8913300000000002 ± 0.040357008065514455
