Seed:  0
PDN(
  (batch_norm): LayerNorm((128,), eps=1e-05, elementwise_affine=True)
  (convs): ModuleList(
    (0): PDNConv(1433, 128)
    (1-3): 3 x PDNConv(128, 128)
    (4): PDNConv(128, 7)
  )
  (residual_fc): Linear(in_features=1433, out_features=128, bias=True)
)
Epoch: 1, Loss: 2.3116, Train: 0.2571, Val: 0.1920, Test: 0.1740
Epoch: 2, Loss: 2.2130, Train: 0.4143, Val: 0.2800, Test: 0.2650
Epoch: 3, Loss: 2.0222, Train: 0.5929, Val: 0.3920, Test: 0.3740
Epoch: 4, Loss: 1.9013, Train: 0.6429, Val: 0.4040, Test: 0.4020
Epoch: 5, Loss: 1.8067, Train: 0.7071, Val: 0.4220, Test: 0.4280
Epoch: 6, Loss: 1.7059, Train: 0.7500, Val: 0.4580, Test: 0.4490
Epoch: 7, Loss: 1.6758, Train: 0.7857, Val: 0.4920, Test: 0.4860
Epoch: 8, Loss: 1.5058, Train: 0.8429, Val: 0.5260, Test: 0.5450
Epoch: 9, Loss: 1.5573, Train: 0.8714, Val: 0.5520, Test: 0.5950
Epoch: 10, Loss: 1.4853, Train: 0.9143, Val: 0.5840, Test: 0.6290
Epoch: 11, Loss: 1.3387, Train: 0.9214, Val: 0.6160, Test: 0.6580
Epoch: 12, Loss: 1.2034, Train: 0.9357, Val: 0.6460, Test: 0.6810
Epoch: 13, Loss: 1.1787, Train: 0.9357, Val: 0.6580, Test: 0.6990
Epoch: 14, Loss: 1.1120, Train: 0.9500, Val: 0.6740, Test: 0.7160
Epoch: 15, Loss: 1.0380, Train: 0.9714, Val: 0.6940, Test: 0.7200
Epoch: 16, Loss: 1.0279, Train: 0.9714, Val: 0.6960, Test: 0.7210
Epoch: 17, Loss: 0.8897, Train: 0.9786, Val: 0.7060, Test: 0.7240
Epoch: 18, Loss: 0.8941, Train: 0.9786, Val: 0.7080, Test: 0.7340
Epoch: 19, Loss: 0.8199, Train: 0.9786, Val: 0.7220, Test: 0.7340
Epoch: 20, Loss: 0.7775, Train: 0.9714, Val: 0.7240, Test: 0.7410
Epoch: 21, Loss: 0.7796, Train: 0.9714, Val: 0.7320, Test: 0.7460
Epoch: 22, Loss: 0.7459, Train: 0.9714, Val: 0.7400, Test: 0.7520
Epoch: 23, Loss: 0.6380, Train: 0.9714, Val: 0.7440, Test: 0.7670
Epoch: 24, Loss: 0.6541, Train: 0.9786, Val: 0.7460, Test: 0.7690
Epoch: 25, Loss: 0.5887, Train: 0.9786, Val: 0.7460, Test: 0.7670
Epoch: 26, Loss: 0.5176, Train: 0.9786, Val: 0.7500, Test: 0.7700
Epoch: 27, Loss: 0.5331, Train: 0.9786, Val: 0.7540, Test: 0.7680
Epoch: 28, Loss: 0.4878, Train: 0.9786, Val: 0.7540, Test: 0.7690
Epoch: 29, Loss: 0.5223, Train: 0.9857, Val: 0.7520, Test: 0.7670
Epoch: 30, Loss: 0.4471, Train: 0.9857, Val: 0.7580, Test: 0.7670
Epoch: 31, Loss: 0.4080, Train: 0.9857, Val: 0.7600, Test: 0.7690
Epoch: 32, Loss: 0.4360, Train: 0.9929, Val: 0.7620, Test: 0.7720
Epoch: 33, Loss: 0.3424, Train: 0.9929, Val: 0.7620, Test: 0.7760
Epoch: 34, Loss: 0.3836, Train: 0.9929, Val: 0.7620, Test: 0.7800
Epoch: 35, Loss: 0.3695, Train: 0.9929, Val: 0.7640, Test: 0.7840
Epoch: 36, Loss: 0.3304, Train: 0.9929, Val: 0.7760, Test: 0.7880
Epoch: 37, Loss: 0.3242, Train: 0.9929, Val: 0.7840, Test: 0.7890
Epoch: 38, Loss: 0.2960, Train: 0.9929, Val: 0.7840, Test: 0.7880
Epoch: 39, Loss: 0.2912, Train: 0.9929, Val: 0.7860, Test: 0.7910
Epoch: 40, Loss: 0.3074, Train: 0.9929, Val: 0.7900, Test: 0.7910
Epoch: 41, Loss: 0.2346, Train: 0.9929, Val: 0.7880, Test: 0.7890
Epoch: 42, Loss: 0.2395, Train: 0.9929, Val: 0.7880, Test: 0.7880
Epoch: 43, Loss: 0.2442, Train: 0.9929, Val: 0.7900, Test: 0.7880
Epoch: 44, Loss: 0.2112, Train: 0.9929, Val: 0.7900, Test: 0.7890
Epoch: 45, Loss: 0.2092, Train: 0.9929, Val: 0.7860, Test: 0.7880
Epoch: 46, Loss: 0.2030, Train: 0.9929, Val: 0.7880, Test: 0.7850
Epoch: 47, Loss: 0.2136, Train: 0.9929, Val: 0.7860, Test: 0.7860
Epoch: 48, Loss: 0.2000, Train: 0.9929, Val: 0.7780, Test: 0.7840
Epoch: 49, Loss: 0.2034, Train: 1.0000, Val: 0.7740, Test: 0.7800
Epoch: 50, Loss: 0.1746, Train: 1.0000, Val: 0.7740, Test: 0.7800
MAD:  0.8623
Best Test Accuracy: 0.7910, Val Accuracy: 0.7860, Train Accuracy: 0.9929
Training completed.
Seed:  1
PDN(
  (batch_norm): LayerNorm((128,), eps=1e-05, elementwise_affine=True)
  (convs): ModuleList(
    (0): PDNConv(1433, 128)
    (1-3): 3 x PDNConv(128, 128)
    (4): PDNConv(128, 7)
  )
  (residual_fc): Linear(in_features=1433, out_features=128, bias=True)
)
Epoch: 1, Loss: 2.2605, Train: 0.3071, Val: 0.2420, Test: 0.2120
Epoch: 2, Loss: 2.1699, Train: 0.4929, Val: 0.3540, Test: 0.3290
Epoch: 3, Loss: 1.9127, Train: 0.6357, Val: 0.4600, Test: 0.4410
Epoch: 4, Loss: 1.8572, Train: 0.7643, Val: 0.5120, Test: 0.5090
Epoch: 5, Loss: 1.6822, Train: 0.7929, Val: 0.5620, Test: 0.5590
Epoch: 6, Loss: 1.6093, Train: 0.8500, Val: 0.5980, Test: 0.6100
Epoch: 7, Loss: 1.5252, Train: 0.9000, Val: 0.6240, Test: 0.6320
Epoch: 8, Loss: 1.4765, Train: 0.9000, Val: 0.6320, Test: 0.6500
Epoch: 9, Loss: 1.4200, Train: 0.9214, Val: 0.6480, Test: 0.6710
Epoch: 10, Loss: 1.2383, Train: 0.9143, Val: 0.6620, Test: 0.6810
Epoch: 11, Loss: 1.2749, Train: 0.9214, Val: 0.6760, Test: 0.6900
Epoch: 12, Loss: 1.2142, Train: 0.9214, Val: 0.6840, Test: 0.6990
Epoch: 13, Loss: 1.1933, Train: 0.9286, Val: 0.6920, Test: 0.7030
Epoch: 14, Loss: 0.9858, Train: 0.9286, Val: 0.6960, Test: 0.7150
Epoch: 15, Loss: 1.0121, Train: 0.9286, Val: 0.6980, Test: 0.7220
Epoch: 16, Loss: 0.8970, Train: 0.9571, Val: 0.7120, Test: 0.7320
Epoch: 17, Loss: 0.8851, Train: 0.9571, Val: 0.7180, Test: 0.7410
Epoch: 18, Loss: 0.8891, Train: 0.9714, Val: 0.7340, Test: 0.7470
Epoch: 19, Loss: 0.8545, Train: 0.9786, Val: 0.7420, Test: 0.7510
Epoch: 20, Loss: 0.7780, Train: 0.9857, Val: 0.7480, Test: 0.7540
Epoch: 21, Loss: 0.7543, Train: 0.9857, Val: 0.7560, Test: 0.7570
Epoch: 22, Loss: 0.7283, Train: 0.9857, Val: 0.7600, Test: 0.7570
Epoch: 23, Loss: 0.6744, Train: 0.9857, Val: 0.7580, Test: 0.7600
Epoch: 24, Loss: 0.6762, Train: 0.9857, Val: 0.7540, Test: 0.7620
Epoch: 25, Loss: 0.5960, Train: 0.9929, Val: 0.7540, Test: 0.7640
Epoch: 26, Loss: 0.5284, Train: 0.9929, Val: 0.7560, Test: 0.7630
Epoch: 27, Loss: 0.5304, Train: 0.9929, Val: 0.7560, Test: 0.7630
Epoch: 28, Loss: 0.5697, Train: 0.9929, Val: 0.7520, Test: 0.7640
Epoch: 29, Loss: 0.4264, Train: 0.9929, Val: 0.7440, Test: 0.7620
Epoch: 30, Loss: 0.4058, Train: 0.9929, Val: 0.7380, Test: 0.7620
Epoch: 31, Loss: 0.4282, Train: 0.9929, Val: 0.7380, Test: 0.7620
Epoch: 32, Loss: 0.3905, Train: 0.9929, Val: 0.7380, Test: 0.7650
Epoch: 33, Loss: 0.3791, Train: 1.0000, Val: 0.7400, Test: 0.7670
Epoch: 34, Loss: 0.3301, Train: 1.0000, Val: 0.7400, Test: 0.7740
Epoch: 35, Loss: 0.3666, Train: 1.0000, Val: 0.7400, Test: 0.7740
Epoch: 36, Loss: 0.3069, Train: 1.0000, Val: 0.7500, Test: 0.7790
Epoch: 37, Loss: 0.3373, Train: 1.0000, Val: 0.7560, Test: 0.7790
Epoch: 38, Loss: 0.3016, Train: 1.0000, Val: 0.7620, Test: 0.7810
Epoch: 39, Loss: 0.2631, Train: 1.0000, Val: 0.7680, Test: 0.7820
Epoch: 40, Loss: 0.2973, Train: 1.0000, Val: 0.7640, Test: 0.7820
Epoch: 41, Loss: 0.2314, Train: 1.0000, Val: 0.7660, Test: 0.7800
Epoch: 42, Loss: 0.2493, Train: 1.0000, Val: 0.7620, Test: 0.7770
Epoch: 43, Loss: 0.2210, Train: 1.0000, Val: 0.7640, Test: 0.7750
Epoch: 44, Loss: 0.2192, Train: 1.0000, Val: 0.7640, Test: 0.7760
Epoch: 45, Loss: 0.2280, Train: 1.0000, Val: 0.7640, Test: 0.7750
Epoch: 46, Loss: 0.2169, Train: 1.0000, Val: 0.7640, Test: 0.7750
Epoch: 47, Loss: 0.2079, Train: 1.0000, Val: 0.7660, Test: 0.7740
Epoch: 48, Loss: 0.1880, Train: 1.0000, Val: 0.7680, Test: 0.7730
Epoch: 49, Loss: 0.1836, Train: 1.0000, Val: 0.7700, Test: 0.7720
Epoch: 50, Loss: 0.1567, Train: 1.0000, Val: 0.7700, Test: 0.7740
MAD:  0.9625
Best Test Accuracy: 0.7820, Val Accuracy: 0.7680, Train Accuracy: 1.0000
Training completed.
Seed:  2
PDN(
  (batch_norm): LayerNorm((128,), eps=1e-05, elementwise_affine=True)
  (convs): ModuleList(
    (0): PDNConv(1433, 128)
    (1-3): 3 x PDNConv(128, 128)
    (4): PDNConv(128, 7)
  )
  (residual_fc): Linear(in_features=1433, out_features=128, bias=True)
)
Epoch: 1, Loss: 2.3506, Train: 0.2571, Val: 0.1900, Test: 0.1810
Epoch: 2, Loss: 2.0730, Train: 0.4286, Val: 0.2360, Test: 0.2530
Epoch: 3, Loss: 2.0870, Train: 0.5571, Val: 0.2940, Test: 0.3270
Epoch: 4, Loss: 1.9778, Train: 0.6214, Val: 0.3360, Test: 0.3680
Epoch: 5, Loss: 1.7890, Train: 0.7000, Val: 0.3920, Test: 0.4180
Epoch: 6, Loss: 1.7250, Train: 0.7429, Val: 0.4320, Test: 0.4500
Epoch: 7, Loss: 1.5239, Train: 0.8071, Val: 0.4620, Test: 0.4790
Epoch: 8, Loss: 1.4642, Train: 0.8429, Val: 0.5080, Test: 0.5000
Epoch: 9, Loss: 1.3698, Train: 0.8643, Val: 0.5460, Test: 0.5430
Epoch: 10, Loss: 1.3609, Train: 0.9143, Val: 0.5800, Test: 0.5870
Epoch: 11, Loss: 1.2837, Train: 0.9571, Val: 0.6320, Test: 0.6380
Epoch: 12, Loss: 1.2079, Train: 0.9643, Val: 0.6720, Test: 0.6840
Epoch: 13, Loss: 1.1864, Train: 0.9643, Val: 0.6860, Test: 0.7100
Epoch: 14, Loss: 1.1470, Train: 0.9643, Val: 0.7140, Test: 0.7270
Epoch: 15, Loss: 1.0639, Train: 0.9643, Val: 0.7300, Test: 0.7380
Epoch: 16, Loss: 1.0292, Train: 0.9643, Val: 0.7300, Test: 0.7400
Epoch: 17, Loss: 0.9601, Train: 0.9643, Val: 0.7320, Test: 0.7290
Epoch: 18, Loss: 0.8899, Train: 0.9643, Val: 0.7280, Test: 0.7290
Epoch: 19, Loss: 0.9127, Train: 0.9643, Val: 0.7280, Test: 0.7290
Epoch: 20, Loss: 0.7976, Train: 0.9643, Val: 0.7300, Test: 0.7290
Epoch: 21, Loss: 0.7855, Train: 0.9643, Val: 0.7260, Test: 0.7290
Epoch: 22, Loss: 0.6949, Train: 0.9714, Val: 0.7300, Test: 0.7300
Epoch: 23, Loss: 0.6838, Train: 0.9714, Val: 0.7300, Test: 0.7300
Epoch: 24, Loss: 0.6915, Train: 0.9714, Val: 0.7260, Test: 0.7300
Epoch: 25, Loss: 0.6613, Train: 0.9714, Val: 0.7300, Test: 0.7350
Epoch: 26, Loss: 0.5911, Train: 0.9786, Val: 0.7340, Test: 0.7400
Epoch: 27, Loss: 0.5450, Train: 0.9786, Val: 0.7420, Test: 0.7480
Epoch: 28, Loss: 0.5110, Train: 0.9786, Val: 0.7500, Test: 0.7540
Epoch: 29, Loss: 0.4782, Train: 0.9786, Val: 0.7600, Test: 0.7650
Epoch: 30, Loss: 0.4943, Train: 0.9786, Val: 0.7640, Test: 0.7700
Epoch: 31, Loss: 0.4430, Train: 1.0000, Val: 0.7600, Test: 0.7750
Epoch: 32, Loss: 0.3992, Train: 1.0000, Val: 0.7680, Test: 0.7780
Epoch: 33, Loss: 0.4333, Train: 1.0000, Val: 0.7740, Test: 0.7860
Epoch: 34, Loss: 0.3492, Train: 1.0000, Val: 0.7740, Test: 0.7890
Epoch: 35, Loss: 0.3361, Train: 1.0000, Val: 0.7780, Test: 0.7880
Epoch: 36, Loss: 0.3291, Train: 1.0000, Val: 0.7760, Test: 0.7900
Epoch: 37, Loss: 0.2950, Train: 1.0000, Val: 0.7760, Test: 0.7900
Epoch: 38, Loss: 0.3039, Train: 1.0000, Val: 0.7760, Test: 0.7900
Epoch: 39, Loss: 0.2842, Train: 1.0000, Val: 0.7720, Test: 0.7900
Epoch: 40, Loss: 0.3055, Train: 1.0000, Val: 0.7720, Test: 0.7900
Epoch: 41, Loss: 0.3027, Train: 1.0000, Val: 0.7700, Test: 0.7900
Epoch: 42, Loss: 0.2650, Train: 1.0000, Val: 0.7680, Test: 0.7910
Epoch: 43, Loss: 0.2764, Train: 1.0000, Val: 0.7680, Test: 0.7910
Epoch: 44, Loss: 0.2237, Train: 1.0000, Val: 0.7700, Test: 0.7940
Epoch: 45, Loss: 0.2374, Train: 1.0000, Val: 0.7700, Test: 0.7920
Epoch: 46, Loss: 0.1875, Train: 1.0000, Val: 0.7700, Test: 0.7910
Epoch: 47, Loss: 0.1710, Train: 1.0000, Val: 0.7700, Test: 0.7930
Epoch: 48, Loss: 0.1828, Train: 1.0000, Val: 0.7720, Test: 0.7920
Epoch: 49, Loss: 0.1867, Train: 1.0000, Val: 0.7720, Test: 0.7890
Epoch: 50, Loss: 0.1647, Train: 1.0000, Val: 0.7740, Test: 0.7910
MAD:  0.9503
Best Test Accuracy: 0.7940, Val Accuracy: 0.7700, Train Accuracy: 1.0000
Training completed.
Seed:  3
PDN(
  (batch_norm): LayerNorm((128,), eps=1e-05, elementwise_affine=True)
  (convs): ModuleList(
    (0): PDNConv(1433, 128)
    (1-3): 3 x PDNConv(128, 128)
    (4): PDNConv(128, 7)
  )
  (residual_fc): Linear(in_features=1433, out_features=128, bias=True)
)
Epoch: 1, Loss: 2.1345, Train: 0.3714, Val: 0.2540, Test: 0.2710
Epoch: 2, Loss: 2.0003, Train: 0.6000, Val: 0.3880, Test: 0.4040
Epoch: 3, Loss: 2.0424, Train: 0.7000, Val: 0.4840, Test: 0.5020
Epoch: 4, Loss: 1.9311, Train: 0.7357, Val: 0.5400, Test: 0.5520
Epoch: 5, Loss: 1.7762, Train: 0.7929, Val: 0.5780, Test: 0.6040
Epoch: 6, Loss: 1.6619, Train: 0.8500, Val: 0.6200, Test: 0.6400
Epoch: 7, Loss: 1.5862, Train: 0.9214, Val: 0.6380, Test: 0.6820
Epoch: 8, Loss: 1.4104, Train: 0.9429, Val: 0.6640, Test: 0.7030
Epoch: 9, Loss: 1.4016, Train: 0.9571, Val: 0.6840, Test: 0.7290
Epoch: 10, Loss: 1.3293, Train: 0.9571, Val: 0.6880, Test: 0.7360
Epoch: 11, Loss: 1.2023, Train: 0.9571, Val: 0.6940, Test: 0.7440
Epoch: 12, Loss: 1.1259, Train: 0.9500, Val: 0.7100, Test: 0.7580
Epoch: 13, Loss: 1.0620, Train: 0.9500, Val: 0.7080, Test: 0.7660
Epoch: 14, Loss: 1.0238, Train: 0.9571, Val: 0.7180, Test: 0.7710
Epoch: 15, Loss: 0.9440, Train: 0.9643, Val: 0.7240, Test: 0.7740
Epoch: 16, Loss: 0.9573, Train: 0.9643, Val: 0.7340, Test: 0.7780
Epoch: 17, Loss: 0.8712, Train: 0.9643, Val: 0.7400, Test: 0.7800
Epoch: 18, Loss: 0.7981, Train: 0.9643, Val: 0.7440, Test: 0.7820
Epoch: 19, Loss: 0.7278, Train: 0.9714, Val: 0.7520, Test: 0.7840
Epoch: 20, Loss: 0.7911, Train: 0.9643, Val: 0.7540, Test: 0.7870
Epoch: 21, Loss: 0.7307, Train: 0.9643, Val: 0.7540, Test: 0.7930
Epoch: 22, Loss: 0.6479, Train: 0.9643, Val: 0.7580, Test: 0.7940
Epoch: 23, Loss: 0.5900, Train: 0.9786, Val: 0.7560, Test: 0.7900
Epoch: 24, Loss: 0.5707, Train: 0.9786, Val: 0.7640, Test: 0.7920
Epoch: 25, Loss: 0.5250, Train: 0.9857, Val: 0.7680, Test: 0.7960
Epoch: 26, Loss: 0.5458, Train: 0.9857, Val: 0.7700, Test: 0.7960
Epoch: 27, Loss: 0.5084, Train: 0.9929, Val: 0.7660, Test: 0.7940
Epoch: 28, Loss: 0.4698, Train: 0.9929, Val: 0.7680, Test: 0.7920
Epoch: 29, Loss: 0.4247, Train: 0.9929, Val: 0.7740, Test: 0.7920
Epoch: 30, Loss: 0.4237, Train: 0.9929, Val: 0.7780, Test: 0.7920
Epoch: 31, Loss: 0.3730, Train: 0.9929, Val: 0.7760, Test: 0.7870
Epoch: 32, Loss: 0.3864, Train: 0.9929, Val: 0.7740, Test: 0.7890
Epoch: 33, Loss: 0.3373, Train: 0.9929, Val: 0.7740, Test: 0.7860
Epoch: 34, Loss: 0.3298, Train: 0.9929, Val: 0.7800, Test: 0.7860
Epoch: 35, Loss: 0.3174, Train: 0.9929, Val: 0.7740, Test: 0.7850
Epoch: 36, Loss: 0.3160, Train: 0.9929, Val: 0.7740, Test: 0.7870
Epoch: 37, Loss: 0.2797, Train: 0.9929, Val: 0.7740, Test: 0.7900
Epoch: 38, Loss: 0.2731, Train: 0.9929, Val: 0.7700, Test: 0.7880
Epoch: 39, Loss: 0.2378, Train: 1.0000, Val: 0.7720, Test: 0.7830
Epoch: 40, Loss: 0.2647, Train: 1.0000, Val: 0.7800, Test: 0.7810
Epoch: 41, Loss: 0.2045, Train: 1.0000, Val: 0.7840, Test: 0.7820
Epoch: 42, Loss: 0.2154, Train: 1.0000, Val: 0.7800, Test: 0.7820
Epoch: 43, Loss: 0.2061, Train: 1.0000, Val: 0.7820, Test: 0.7820
Epoch: 44, Loss: 0.2197, Train: 1.0000, Val: 0.7840, Test: 0.7830
Epoch: 45, Loss: 0.2056, Train: 1.0000, Val: 0.7840, Test: 0.7850
Epoch: 46, Loss: 0.2120, Train: 1.0000, Val: 0.7820, Test: 0.7840
Epoch: 47, Loss: 0.2178, Train: 1.0000, Val: 0.7840, Test: 0.7850
Epoch: 48, Loss: 0.1804, Train: 1.0000, Val: 0.7920, Test: 0.7820
Epoch: 49, Loss: 0.1704, Train: 1.0000, Val: 0.7900, Test: 0.7830
Epoch: 50, Loss: 0.1591, Train: 1.0000, Val: 0.7880, Test: 0.7820
MAD:  0.8968
Best Test Accuracy: 0.7960, Val Accuracy: 0.7680, Train Accuracy: 0.9857
Training completed.
Seed:  4
PDN(
  (batch_norm): LayerNorm((128,), eps=1e-05, elementwise_affine=True)
  (convs): ModuleList(
    (0): PDNConv(1433, 128)
    (1-3): 3 x PDNConv(128, 128)
    (4): PDNConv(128, 7)
  )
  (residual_fc): Linear(in_features=1433, out_features=128, bias=True)
)
Epoch: 1, Loss: 2.3402, Train: 0.2786, Val: 0.2080, Test: 0.2470
Epoch: 2, Loss: 2.1980, Train: 0.4643, Val: 0.3200, Test: 0.3530
Epoch: 3, Loss: 1.9154, Train: 0.5500, Val: 0.3560, Test: 0.4220
Epoch: 4, Loss: 1.8703, Train: 0.6286, Val: 0.4080, Test: 0.4310
Epoch: 5, Loss: 1.8413, Train: 0.6643, Val: 0.4120, Test: 0.4370
Epoch: 6, Loss: 1.6367, Train: 0.7143, Val: 0.4320, Test: 0.4560
Epoch: 7, Loss: 1.4212, Train: 0.7571, Val: 0.4720, Test: 0.4960
Epoch: 8, Loss: 1.5331, Train: 0.8429, Val: 0.5080, Test: 0.5470
Epoch: 9, Loss: 1.2676, Train: 0.8643, Val: 0.5700, Test: 0.6060
Epoch: 10, Loss: 1.3105, Train: 0.9143, Val: 0.6080, Test: 0.6410
Epoch: 11, Loss: 1.2578, Train: 0.9429, Val: 0.6400, Test: 0.6780
Epoch: 12, Loss: 1.1092, Train: 0.9571, Val: 0.6740, Test: 0.7120
Epoch: 13, Loss: 1.0502, Train: 0.9643, Val: 0.6840, Test: 0.7270
Epoch: 14, Loss: 1.0703, Train: 0.9786, Val: 0.7060, Test: 0.7430
Epoch: 15, Loss: 1.0393, Train: 0.9786, Val: 0.7300, Test: 0.7500
Epoch: 16, Loss: 0.8323, Train: 0.9786, Val: 0.7440, Test: 0.7540
Epoch: 17, Loss: 0.7983, Train: 0.9786, Val: 0.7560, Test: 0.7580
Epoch: 18, Loss: 0.8071, Train: 0.9786, Val: 0.7580, Test: 0.7630
Epoch: 19, Loss: 0.8081, Train: 0.9786, Val: 0.7620, Test: 0.7660
Epoch: 20, Loss: 0.7330, Train: 0.9786, Val: 0.7640, Test: 0.7680
Epoch: 21, Loss: 0.6806, Train: 0.9786, Val: 0.7680, Test: 0.7700
Epoch: 22, Loss: 0.6667, Train: 0.9786, Val: 0.7680, Test: 0.7690
Epoch: 23, Loss: 0.6368, Train: 0.9857, Val: 0.7680, Test: 0.7720
Epoch: 24, Loss: 0.5523, Train: 0.9857, Val: 0.7740, Test: 0.7820
Epoch: 25, Loss: 0.4840, Train: 0.9857, Val: 0.7740, Test: 0.7860
Epoch: 26, Loss: 0.5134, Train: 0.9929, Val: 0.7740, Test: 0.7870
Epoch: 27, Loss: 0.4647, Train: 0.9929, Val: 0.7740, Test: 0.7860
Epoch: 28, Loss: 0.4406, Train: 0.9929, Val: 0.7740, Test: 0.7900
Epoch: 29, Loss: 0.3982, Train: 1.0000, Val: 0.7760, Test: 0.7900
Epoch: 30, Loss: 0.3602, Train: 1.0000, Val: 0.7800, Test: 0.7890
Epoch: 31, Loss: 0.3507, Train: 1.0000, Val: 0.7780, Test: 0.7880
Epoch: 32, Loss: 0.3411, Train: 1.0000, Val: 0.7780, Test: 0.7920
Epoch: 33, Loss: 0.3395, Train: 1.0000, Val: 0.7800, Test: 0.7940
Epoch: 34, Loss: 0.3174, Train: 1.0000, Val: 0.7840, Test: 0.7970
Epoch: 35, Loss: 0.2887, Train: 1.0000, Val: 0.7820, Test: 0.7990
Epoch: 36, Loss: 0.2759, Train: 1.0000, Val: 0.7880, Test: 0.7990
Epoch: 37, Loss: 0.2682, Train: 1.0000, Val: 0.7900, Test: 0.7980
Epoch: 38, Loss: 0.2467, Train: 1.0000, Val: 0.7860, Test: 0.7960
Epoch: 39, Loss: 0.2348, Train: 1.0000, Val: 0.7840, Test: 0.7970
Epoch: 40, Loss: 0.2252, Train: 1.0000, Val: 0.7820, Test: 0.7960
Epoch: 41, Loss: 0.1985, Train: 1.0000, Val: 0.7780, Test: 0.7930
Epoch: 42, Loss: 0.2250, Train: 1.0000, Val: 0.7780, Test: 0.7900
Epoch: 43, Loss: 0.1759, Train: 1.0000, Val: 0.7780, Test: 0.7910
Epoch: 44, Loss: 0.2003, Train: 1.0000, Val: 0.7760, Test: 0.7910
Epoch: 45, Loss: 0.1682, Train: 1.0000, Val: 0.7680, Test: 0.7910
Epoch: 46, Loss: 0.1671, Train: 1.0000, Val: 0.7700, Test: 0.7870
Epoch: 47, Loss: 0.1472, Train: 1.0000, Val: 0.7700, Test: 0.7870
Epoch: 48, Loss: 0.1412, Train: 1.0000, Val: 0.7680, Test: 0.7880
Epoch: 49, Loss: 0.1418, Train: 1.0000, Val: 0.7680, Test: 0.7900
Epoch: 50, Loss: 0.1384, Train: 1.0000, Val: 0.7700, Test: 0.7900
MAD:  0.9257
Best Test Accuracy: 0.7990, Val Accuracy: 0.7820, Train Accuracy: 1.0000
Training completed.
Seed:  5
PDN(
  (batch_norm): LayerNorm((128,), eps=1e-05, elementwise_affine=True)
  (convs): ModuleList(
    (0): PDNConv(1433, 128)
    (1-3): 3 x PDNConv(128, 128)
    (4): PDNConv(128, 7)
  )
  (residual_fc): Linear(in_features=1433, out_features=128, bias=True)
)
Epoch: 1, Loss: 2.4166, Train: 0.2143, Val: 0.2020, Test: 0.1590
Epoch: 2, Loss: 2.1728, Train: 0.3429, Val: 0.2340, Test: 0.2160
Epoch: 3, Loss: 2.0605, Train: 0.4643, Val: 0.2560, Test: 0.2480
Epoch: 4, Loss: 1.9499, Train: 0.5071, Val: 0.2580, Test: 0.2640
Epoch: 5, Loss: 1.8730, Train: 0.5500, Val: 0.2740, Test: 0.2760
Epoch: 6, Loss: 1.7350, Train: 0.6429, Val: 0.2900, Test: 0.3160
Epoch: 7, Loss: 1.6078, Train: 0.7000, Val: 0.3340, Test: 0.3590
Epoch: 8, Loss: 1.4772, Train: 0.7786, Val: 0.3960, Test: 0.4250
Epoch: 9, Loss: 1.4485, Train: 0.8429, Val: 0.4700, Test: 0.5020
Epoch: 10, Loss: 1.4502, Train: 0.9071, Val: 0.5540, Test: 0.5820
Epoch: 11, Loss: 1.3067, Train: 0.9500, Val: 0.6100, Test: 0.6470
Epoch: 12, Loss: 1.2408, Train: 0.9786, Val: 0.6400, Test: 0.6790
Epoch: 13, Loss: 1.2340, Train: 0.9786, Val: 0.6880, Test: 0.7090
Epoch: 14, Loss: 1.1396, Train: 0.9786, Val: 0.7080, Test: 0.7220
Epoch: 15, Loss: 1.0040, Train: 0.9786, Val: 0.7320, Test: 0.7340
Epoch: 16, Loss: 0.9311, Train: 0.9786, Val: 0.7460, Test: 0.7350
Epoch: 17, Loss: 0.9416, Train: 0.9786, Val: 0.7580, Test: 0.7410
Epoch: 18, Loss: 1.0036, Train: 0.9786, Val: 0.7580, Test: 0.7480
Epoch: 19, Loss: 0.8091, Train: 0.9786, Val: 0.7600, Test: 0.7500
Epoch: 20, Loss: 0.8209, Train: 0.9786, Val: 0.7580, Test: 0.7470
Epoch: 21, Loss: 0.7505, Train: 0.9786, Val: 0.7580, Test: 0.7450
Epoch: 22, Loss: 0.7073, Train: 0.9857, Val: 0.7600, Test: 0.7500
Epoch: 23, Loss: 0.7102, Train: 0.9857, Val: 0.7600, Test: 0.7540
Epoch: 24, Loss: 0.6358, Train: 0.9857, Val: 0.7600, Test: 0.7560
Epoch: 25, Loss: 0.6130, Train: 0.9857, Val: 0.7580, Test: 0.7590
Epoch: 26, Loss: 0.5540, Train: 0.9929, Val: 0.7620, Test: 0.7640
Epoch: 27, Loss: 0.5728, Train: 0.9929, Val: 0.7640, Test: 0.7720
Epoch: 28, Loss: 0.5061, Train: 0.9929, Val: 0.7680, Test: 0.7730
Epoch: 29, Loss: 0.4599, Train: 0.9929, Val: 0.7660, Test: 0.7730
Epoch: 30, Loss: 0.5017, Train: 0.9929, Val: 0.7680, Test: 0.7720
Epoch: 31, Loss: 0.4115, Train: 0.9929, Val: 0.7680, Test: 0.7720
Epoch: 32, Loss: 0.4297, Train: 1.0000, Val: 0.7700, Test: 0.7780
Epoch: 33, Loss: 0.3792, Train: 1.0000, Val: 0.7720, Test: 0.7840
Epoch: 34, Loss: 0.3605, Train: 0.9929, Val: 0.7700, Test: 0.7870
Epoch: 35, Loss: 0.3406, Train: 0.9929, Val: 0.7740, Test: 0.7910
Epoch: 36, Loss: 0.3703, Train: 0.9929, Val: 0.7720, Test: 0.7900
Epoch: 37, Loss: 0.3594, Train: 0.9929, Val: 0.7740, Test: 0.7900
Epoch: 38, Loss: 0.3228, Train: 1.0000, Val: 0.7780, Test: 0.7930
Epoch: 39, Loss: 0.2807, Train: 1.0000, Val: 0.7760, Test: 0.7960
Epoch: 40, Loss: 0.2429, Train: 1.0000, Val: 0.7740, Test: 0.7960
Epoch: 41, Loss: 0.2432, Train: 1.0000, Val: 0.7780, Test: 0.7970
Epoch: 42, Loss: 0.2467, Train: 1.0000, Val: 0.7740, Test: 0.7930
Epoch: 43, Loss: 0.2672, Train: 1.0000, Val: 0.7740, Test: 0.7950
Epoch: 44, Loss: 0.2447, Train: 1.0000, Val: 0.7660, Test: 0.7880
Epoch: 45, Loss: 0.2147, Train: 1.0000, Val: 0.7700, Test: 0.7800
Epoch: 46, Loss: 0.2192, Train: 1.0000, Val: 0.7680, Test: 0.7780
Epoch: 47, Loss: 0.2445, Train: 1.0000, Val: 0.7660, Test: 0.7780
Epoch: 48, Loss: 0.1936, Train: 1.0000, Val: 0.7640, Test: 0.7760
Epoch: 49, Loss: 0.2037, Train: 1.0000, Val: 0.7640, Test: 0.7770
Epoch: 50, Loss: 0.1862, Train: 1.0000, Val: 0.7660, Test: 0.7780
MAD:  0.9294
Best Test Accuracy: 0.7970, Val Accuracy: 0.7780, Train Accuracy: 1.0000
Training completed.
Seed:  6
PDN(
  (batch_norm): LayerNorm((128,), eps=1e-05, elementwise_affine=True)
  (convs): ModuleList(
    (0): PDNConv(1433, 128)
    (1-3): 3 x PDNConv(128, 128)
    (4): PDNConv(128, 7)
  )
  (residual_fc): Linear(in_features=1433, out_features=128, bias=True)
)
Epoch: 1, Loss: 2.3348, Train: 0.2500, Val: 0.1420, Test: 0.1410
Epoch: 2, Loss: 2.1909, Train: 0.3714, Val: 0.2380, Test: 0.2320
Epoch: 3, Loss: 2.0259, Train: 0.5000, Val: 0.2860, Test: 0.3230
Epoch: 4, Loss: 1.8577, Train: 0.5857, Val: 0.3240, Test: 0.3530
Epoch: 5, Loss: 1.8805, Train: 0.6429, Val: 0.3420, Test: 0.3730
Epoch: 6, Loss: 1.7429, Train: 0.6643, Val: 0.3720, Test: 0.4040
Epoch: 7, Loss: 1.6567, Train: 0.7286, Val: 0.4120, Test: 0.4330
Epoch: 8, Loss: 1.5631, Train: 0.7786, Val: 0.4760, Test: 0.4850
Epoch: 9, Loss: 1.4876, Train: 0.8714, Val: 0.5180, Test: 0.5340
Epoch: 10, Loss: 1.4227, Train: 0.9214, Val: 0.5480, Test: 0.5670
Epoch: 11, Loss: 1.3213, Train: 0.9429, Val: 0.5900, Test: 0.6150
Epoch: 12, Loss: 1.2961, Train: 0.9500, Val: 0.6220, Test: 0.6420
Epoch: 13, Loss: 1.2690, Train: 0.9714, Val: 0.6440, Test: 0.6650
Epoch: 14, Loss: 1.1711, Train: 0.9714, Val: 0.6580, Test: 0.6730
Epoch: 15, Loss: 1.0288, Train: 0.9714, Val: 0.6640, Test: 0.6850
Epoch: 16, Loss: 1.0408, Train: 0.9714, Val: 0.6760, Test: 0.6950
Epoch: 17, Loss: 1.0474, Train: 0.9786, Val: 0.6800, Test: 0.7060
Epoch: 18, Loss: 0.8710, Train: 0.9786, Val: 0.6900, Test: 0.7140
Epoch: 19, Loss: 0.8824, Train: 0.9786, Val: 0.7020, Test: 0.7290
Epoch: 20, Loss: 0.8351, Train: 0.9786, Val: 0.7060, Test: 0.7340
Epoch: 21, Loss: 0.8550, Train: 0.9714, Val: 0.7080, Test: 0.7410
Epoch: 22, Loss: 0.7082, Train: 0.9786, Val: 0.7160, Test: 0.7440
Epoch: 23, Loss: 0.7844, Train: 0.9786, Val: 0.7240, Test: 0.7510
Epoch: 24, Loss: 0.6963, Train: 0.9786, Val: 0.7240, Test: 0.7550
Epoch: 25, Loss: 0.6684, Train: 0.9786, Val: 0.7320, Test: 0.7570
Epoch: 26, Loss: 0.7186, Train: 0.9786, Val: 0.7360, Test: 0.7620
Epoch: 27, Loss: 0.5624, Train: 0.9786, Val: 0.7360, Test: 0.7640
Epoch: 28, Loss: 0.5473, Train: 0.9786, Val: 0.7340, Test: 0.7660
Epoch: 29, Loss: 0.5377, Train: 0.9857, Val: 0.7380, Test: 0.7710
Epoch: 30, Loss: 0.5243, Train: 0.9857, Val: 0.7360, Test: 0.7820
Epoch: 31, Loss: 0.4814, Train: 0.9929, Val: 0.7420, Test: 0.7830
Epoch: 32, Loss: 0.4917, Train: 0.9929, Val: 0.7420, Test: 0.7860
Epoch: 33, Loss: 0.4847, Train: 0.9929, Val: 0.7460, Test: 0.7870
Epoch: 34, Loss: 0.4182, Train: 0.9929, Val: 0.7480, Test: 0.7880
Epoch: 35, Loss: 0.3778, Train: 1.0000, Val: 0.7480, Test: 0.7890
Epoch: 36, Loss: 0.3526, Train: 1.0000, Val: 0.7460, Test: 0.7900
Epoch: 37, Loss: 0.3389, Train: 1.0000, Val: 0.7460, Test: 0.7900
Epoch: 38, Loss: 0.3099, Train: 1.0000, Val: 0.7520, Test: 0.7910
Epoch: 39, Loss: 0.3018, Train: 1.0000, Val: 0.7520, Test: 0.7930
Epoch: 40, Loss: 0.2598, Train: 1.0000, Val: 0.7500, Test: 0.7980
Epoch: 41, Loss: 0.3014, Train: 1.0000, Val: 0.7420, Test: 0.7950
Epoch: 42, Loss: 0.3209, Train: 1.0000, Val: 0.7460, Test: 0.7940
Epoch: 43, Loss: 0.2668, Train: 1.0000, Val: 0.7480, Test: 0.7940
Epoch: 44, Loss: 0.2254, Train: 1.0000, Val: 0.7520, Test: 0.7930
Epoch: 45, Loss: 0.1928, Train: 1.0000, Val: 0.7520, Test: 0.7930
Epoch: 46, Loss: 0.2305, Train: 1.0000, Val: 0.7560, Test: 0.7910
Epoch: 47, Loss: 0.2239, Train: 1.0000, Val: 0.7560, Test: 0.7910
Epoch: 48, Loss: 0.2076, Train: 1.0000, Val: 0.7520, Test: 0.7920
Epoch: 49, Loss: 0.1717, Train: 1.0000, Val: 0.7540, Test: 0.7920
Epoch: 50, Loss: 0.1758, Train: 1.0000, Val: 0.7520, Test: 0.7860
MAD:  0.9412
Best Test Accuracy: 0.7980, Val Accuracy: 0.7500, Train Accuracy: 1.0000
Training completed.
Seed:  7
PDN(
  (batch_norm): LayerNorm((128,), eps=1e-05, elementwise_affine=True)
  (convs): ModuleList(
    (0): PDNConv(1433, 128)
    (1-3): 3 x PDNConv(128, 128)
    (4): PDNConv(128, 7)
  )
  (residual_fc): Linear(in_features=1433, out_features=128, bias=True)
)
Epoch: 1, Loss: 2.1598, Train: 0.2714, Val: 0.1840, Test: 0.1900
Epoch: 2, Loss: 2.0004, Train: 0.4929, Val: 0.2960, Test: 0.2820
Epoch: 3, Loss: 1.9348, Train: 0.5500, Val: 0.3360, Test: 0.3510
Epoch: 4, Loss: 1.8004, Train: 0.6643, Val: 0.3920, Test: 0.3980
Epoch: 5, Loss: 1.6341, Train: 0.7357, Val: 0.4400, Test: 0.4450
Epoch: 6, Loss: 1.6384, Train: 0.7929, Val: 0.4920, Test: 0.4940
Epoch: 7, Loss: 1.5079, Train: 0.8571, Val: 0.5540, Test: 0.5620
Epoch: 8, Loss: 1.4440, Train: 0.8929, Val: 0.6000, Test: 0.6100
Epoch: 9, Loss: 1.4052, Train: 0.9214, Val: 0.6520, Test: 0.6550
Epoch: 10, Loss: 1.1898, Train: 0.9429, Val: 0.6800, Test: 0.6990
Epoch: 11, Loss: 1.1841, Train: 0.9500, Val: 0.7000, Test: 0.7130
Epoch: 12, Loss: 1.2301, Train: 0.9643, Val: 0.7220, Test: 0.7430
Epoch: 13, Loss: 1.0148, Train: 0.9643, Val: 0.7400, Test: 0.7590
Epoch: 14, Loss: 1.0457, Train: 0.9786, Val: 0.7580, Test: 0.7640
Epoch: 15, Loss: 0.8876, Train: 0.9786, Val: 0.7620, Test: 0.7720
Epoch: 16, Loss: 0.9245, Train: 0.9786, Val: 0.7680, Test: 0.7760
Epoch: 17, Loss: 0.9586, Train: 0.9857, Val: 0.7720, Test: 0.7750
Epoch: 18, Loss: 0.7598, Train: 0.9929, Val: 0.7740, Test: 0.7760
Epoch: 19, Loss: 0.8117, Train: 0.9929, Val: 0.7720, Test: 0.7730
Epoch: 20, Loss: 0.7257, Train: 0.9929, Val: 0.7640, Test: 0.7690
Epoch: 21, Loss: 0.6643, Train: 0.9929, Val: 0.7720, Test: 0.7700
Epoch: 22, Loss: 0.6451, Train: 0.9929, Val: 0.7740, Test: 0.7680
Epoch: 23, Loss: 0.6776, Train: 0.9929, Val: 0.7760, Test: 0.7730
Epoch: 24, Loss: 0.5810, Train: 0.9929, Val: 0.7760, Test: 0.7750
Epoch: 25, Loss: 0.5599, Train: 0.9929, Val: 0.7780, Test: 0.7790
Epoch: 26, Loss: 0.5198, Train: 0.9929, Val: 0.7780, Test: 0.7770
Epoch: 27, Loss: 0.5345, Train: 0.9929, Val: 0.7820, Test: 0.7830
Epoch: 28, Loss: 0.4719, Train: 0.9929, Val: 0.7800, Test: 0.7880
Epoch: 29, Loss: 0.4539, Train: 0.9929, Val: 0.7780, Test: 0.7900
Epoch: 30, Loss: 0.3823, Train: 0.9929, Val: 0.7780, Test: 0.7940
Epoch: 31, Loss: 0.4077, Train: 0.9929, Val: 0.7800, Test: 0.7940
Epoch: 32, Loss: 0.4220, Train: 0.9929, Val: 0.7760, Test: 0.7930
Epoch: 33, Loss: 0.2965, Train: 0.9929, Val: 0.7780, Test: 0.7920
Epoch: 34, Loss: 0.3454, Train: 0.9929, Val: 0.7800, Test: 0.7970
Epoch: 35, Loss: 0.3375, Train: 0.9929, Val: 0.7800, Test: 0.7960
Epoch: 36, Loss: 0.3128, Train: 0.9929, Val: 0.7820, Test: 0.7950
Epoch: 37, Loss: 0.2878, Train: 1.0000, Val: 0.7800, Test: 0.7940
Epoch: 38, Loss: 0.2782, Train: 1.0000, Val: 0.7800, Test: 0.7970
Epoch: 39, Loss: 0.2583, Train: 1.0000, Val: 0.7840, Test: 0.7960
Epoch: 40, Loss: 0.2283, Train: 1.0000, Val: 0.7880, Test: 0.7940
Epoch: 41, Loss: 0.2187, Train: 1.0000, Val: 0.7860, Test: 0.7950
Epoch: 42, Loss: 0.1966, Train: 1.0000, Val: 0.7880, Test: 0.7900
Epoch: 43, Loss: 0.2100, Train: 1.0000, Val: 0.7880, Test: 0.7900
Epoch: 44, Loss: 0.1966, Train: 1.0000, Val: 0.7860, Test: 0.7870
Epoch: 45, Loss: 0.2151, Train: 1.0000, Val: 0.7860, Test: 0.7840
Epoch: 46, Loss: 0.1670, Train: 1.0000, Val: 0.7820, Test: 0.7850
Epoch: 47, Loss: 0.1695, Train: 1.0000, Val: 0.7820, Test: 0.7850
Epoch: 48, Loss: 0.1568, Train: 1.0000, Val: 0.7800, Test: 0.7860
Epoch: 49, Loss: 0.1478, Train: 1.0000, Val: 0.7800, Test: 0.7840
Epoch: 50, Loss: 0.1864, Train: 1.0000, Val: 0.7800, Test: 0.7840
MAD:  0.9457
Best Test Accuracy: 0.7970, Val Accuracy: 0.7800, Train Accuracy: 0.9929
Training completed.
Seed:  8
PDN(
  (batch_norm): LayerNorm((128,), eps=1e-05, elementwise_affine=True)
  (convs): ModuleList(
    (0): PDNConv(1433, 128)
    (1-3): 3 x PDNConv(128, 128)
    (4): PDNConv(128, 7)
  )
  (residual_fc): Linear(in_features=1433, out_features=128, bias=True)
)
Epoch: 1, Loss: 2.1163, Train: 0.2643, Val: 0.2220, Test: 0.2130
Epoch: 2, Loss: 2.0410, Train: 0.5286, Val: 0.3560, Test: 0.3490
Epoch: 3, Loss: 1.8628, Train: 0.6786, Val: 0.4540, Test: 0.4570
Epoch: 4, Loss: 1.6860, Train: 0.7571, Val: 0.5260, Test: 0.5530
Epoch: 5, Loss: 1.7253, Train: 0.8571, Val: 0.5920, Test: 0.6150
Epoch: 6, Loss: 1.6504, Train: 0.9000, Val: 0.6280, Test: 0.6540
Epoch: 7, Loss: 1.3818, Train: 0.9214, Val: 0.6680, Test: 0.6840
Epoch: 8, Loss: 1.4597, Train: 0.9357, Val: 0.6700, Test: 0.6920
Epoch: 9, Loss: 1.3197, Train: 0.9429, Val: 0.6780, Test: 0.7020
Epoch: 10, Loss: 1.2852, Train: 0.9429, Val: 0.6900, Test: 0.7110
Epoch: 11, Loss: 1.2439, Train: 0.9643, Val: 0.6960, Test: 0.7220
Epoch: 12, Loss: 1.1158, Train: 0.9643, Val: 0.7020, Test: 0.7310
Epoch: 13, Loss: 1.0127, Train: 0.9571, Val: 0.7140, Test: 0.7340
Epoch: 14, Loss: 1.0022, Train: 0.9643, Val: 0.7320, Test: 0.7420
Epoch: 15, Loss: 0.8986, Train: 0.9643, Val: 0.7360, Test: 0.7520
Epoch: 16, Loss: 0.8677, Train: 0.9714, Val: 0.7420, Test: 0.7600
Epoch: 17, Loss: 0.8939, Train: 0.9786, Val: 0.7500, Test: 0.7700
Epoch: 18, Loss: 0.8509, Train: 0.9786, Val: 0.7520, Test: 0.7750
Epoch: 19, Loss: 0.8048, Train: 0.9857, Val: 0.7540, Test: 0.7790
Epoch: 20, Loss: 0.7086, Train: 0.9857, Val: 0.7600, Test: 0.7810
Epoch: 21, Loss: 0.7339, Train: 0.9857, Val: 0.7620, Test: 0.7850
Epoch: 22, Loss: 0.6833, Train: 0.9857, Val: 0.7620, Test: 0.7900
Epoch: 23, Loss: 0.5791, Train: 0.9857, Val: 0.7640, Test: 0.7920
Epoch: 24, Loss: 0.6296, Train: 0.9857, Val: 0.7720, Test: 0.7950
Epoch: 25, Loss: 0.5481, Train: 0.9857, Val: 0.7700, Test: 0.7960
Epoch: 26, Loss: 0.4973, Train: 0.9929, Val: 0.7700, Test: 0.7920
Epoch: 27, Loss: 0.5143, Train: 0.9929, Val: 0.7740, Test: 0.7930
Epoch: 28, Loss: 0.4800, Train: 0.9929, Val: 0.7740, Test: 0.7910
Epoch: 29, Loss: 0.4480, Train: 0.9929, Val: 0.7740, Test: 0.7920
Epoch: 30, Loss: 0.3870, Train: 0.9929, Val: 0.7740, Test: 0.7940
Epoch: 31, Loss: 0.3922, Train: 1.0000, Val: 0.7740, Test: 0.7940
Epoch: 32, Loss: 0.3970, Train: 1.0000, Val: 0.7780, Test: 0.7910
Epoch: 33, Loss: 0.3677, Train: 1.0000, Val: 0.7740, Test: 0.7910
Epoch: 34, Loss: 0.3470, Train: 1.0000, Val: 0.7760, Test: 0.7900
Epoch: 35, Loss: 0.3171, Train: 1.0000, Val: 0.7780, Test: 0.7850
Epoch: 36, Loss: 0.3000, Train: 1.0000, Val: 0.7780, Test: 0.7860
Epoch: 37, Loss: 0.2734, Train: 1.0000, Val: 0.7840, Test: 0.7840
Epoch: 38, Loss: 0.2571, Train: 1.0000, Val: 0.7800, Test: 0.7820
Epoch: 39, Loss: 0.2451, Train: 1.0000, Val: 0.7800, Test: 0.7850
Epoch: 40, Loss: 0.2594, Train: 1.0000, Val: 0.7880, Test: 0.7880
Epoch: 41, Loss: 0.2628, Train: 1.0000, Val: 0.7880, Test: 0.7910
Epoch: 42, Loss: 0.2096, Train: 1.0000, Val: 0.7880, Test: 0.7920
Epoch: 43, Loss: 0.2230, Train: 1.0000, Val: 0.7900, Test: 0.7930
Epoch: 44, Loss: 0.2349, Train: 1.0000, Val: 0.7880, Test: 0.7910
Epoch: 45, Loss: 0.1858, Train: 1.0000, Val: 0.7860, Test: 0.7890
Epoch: 46, Loss: 0.1585, Train: 1.0000, Val: 0.7840, Test: 0.7860
Epoch: 47, Loss: 0.1987, Train: 1.0000, Val: 0.7820, Test: 0.7860
Epoch: 48, Loss: 0.1812, Train: 1.0000, Val: 0.7800, Test: 0.7850
Epoch: 49, Loss: 0.1627, Train: 1.0000, Val: 0.7780, Test: 0.7840
Epoch: 50, Loss: 0.1529, Train: 1.0000, Val: 0.7800, Test: 0.7800
MAD:  0.9352
Best Test Accuracy: 0.7960, Val Accuracy: 0.7700, Train Accuracy: 0.9857
Training completed.
Seed:  9
PDN(
  (batch_norm): LayerNorm((128,), eps=1e-05, elementwise_affine=True)
  (convs): ModuleList(
    (0): PDNConv(1433, 128)
    (1-3): 3 x PDNConv(128, 128)
    (4): PDNConv(128, 7)
  )
  (residual_fc): Linear(in_features=1433, out_features=128, bias=True)
)
Epoch: 1, Loss: 2.3560, Train: 0.1929, Val: 0.1900, Test: 0.1520
Epoch: 2, Loss: 2.0198, Train: 0.4429, Val: 0.2780, Test: 0.2690
Epoch: 3, Loss: 1.9040, Train: 0.6143, Val: 0.3760, Test: 0.3710
Epoch: 4, Loss: 1.8538, Train: 0.7500, Val: 0.4920, Test: 0.4770
Epoch: 5, Loss: 1.7021, Train: 0.8071, Val: 0.5460, Test: 0.5420
Epoch: 6, Loss: 1.6580, Train: 0.8500, Val: 0.5820, Test: 0.5940
Epoch: 7, Loss: 1.5869, Train: 0.8929, Val: 0.6120, Test: 0.6220
Epoch: 8, Loss: 1.4231, Train: 0.9214, Val: 0.6340, Test: 0.6420
Epoch: 9, Loss: 1.3628, Train: 0.9286, Val: 0.6540, Test: 0.6720
Epoch: 10, Loss: 1.2712, Train: 0.9500, Val: 0.6760, Test: 0.6880
Epoch: 11, Loss: 1.2112, Train: 0.9571, Val: 0.7180, Test: 0.7060
Epoch: 12, Loss: 1.1393, Train: 0.9714, Val: 0.7340, Test: 0.7200
Epoch: 13, Loss: 1.0457, Train: 0.9786, Val: 0.7420, Test: 0.7260
Epoch: 14, Loss: 0.9974, Train: 0.9786, Val: 0.7500, Test: 0.7350
Epoch: 15, Loss: 0.9650, Train: 0.9857, Val: 0.7540, Test: 0.7460
Epoch: 16, Loss: 0.9451, Train: 0.9857, Val: 0.7520, Test: 0.7470
Epoch: 17, Loss: 0.7925, Train: 0.9857, Val: 0.7580, Test: 0.7530
Epoch: 18, Loss: 0.7709, Train: 0.9857, Val: 0.7660, Test: 0.7530
Epoch: 19, Loss: 0.8239, Train: 0.9929, Val: 0.7660, Test: 0.7570
Epoch: 20, Loss: 0.7832, Train: 0.9929, Val: 0.7700, Test: 0.7550
Epoch: 21, Loss: 0.6847, Train: 0.9929, Val: 0.7740, Test: 0.7610
Epoch: 22, Loss: 0.6628, Train: 0.9929, Val: 0.7780, Test: 0.7670
Epoch: 23, Loss: 0.6264, Train: 0.9929, Val: 0.7840, Test: 0.7690
Epoch: 24, Loss: 0.5756, Train: 0.9929, Val: 0.7840, Test: 0.7710
Epoch: 25, Loss: 0.6319, Train: 0.9929, Val: 0.7820, Test: 0.7760
Epoch: 26, Loss: 0.5321, Train: 0.9857, Val: 0.7820, Test: 0.7790
Epoch: 27, Loss: 0.4760, Train: 0.9857, Val: 0.7880, Test: 0.7820
Epoch: 28, Loss: 0.4438, Train: 0.9857, Val: 0.7940, Test: 0.7800
Epoch: 29, Loss: 0.4511, Train: 0.9857, Val: 0.7920, Test: 0.7810
Epoch: 30, Loss: 0.4150, Train: 0.9857, Val: 0.7960, Test: 0.7810
Epoch: 31, Loss: 0.3529, Train: 0.9857, Val: 0.7960, Test: 0.7820
Epoch: 32, Loss: 0.3636, Train: 0.9857, Val: 0.7960, Test: 0.7820
Epoch: 33, Loss: 0.3584, Train: 0.9857, Val: 0.7960, Test: 0.7810
Epoch: 34, Loss: 0.3407, Train: 0.9857, Val: 0.7920, Test: 0.7790
Epoch: 35, Loss: 0.3271, Train: 0.9857, Val: 0.7900, Test: 0.7800
Epoch: 36, Loss: 0.2902, Train: 0.9929, Val: 0.7880, Test: 0.7820
Epoch: 37, Loss: 0.2512, Train: 0.9929, Val: 0.7880, Test: 0.7810
Epoch: 38, Loss: 0.2803, Train: 0.9929, Val: 0.7900, Test: 0.7790
Epoch: 39, Loss: 0.2959, Train: 0.9929, Val: 0.7800, Test: 0.7760
Epoch: 40, Loss: 0.2570, Train: 0.9929, Val: 0.7800, Test: 0.7770
Epoch: 41, Loss: 0.2228, Train: 1.0000, Val: 0.7780, Test: 0.7730
Epoch: 42, Loss: 0.2141, Train: 1.0000, Val: 0.7780, Test: 0.7730
Epoch: 43, Loss: 0.2078, Train: 1.0000, Val: 0.7800, Test: 0.7710
Epoch: 44, Loss: 0.2053, Train: 1.0000, Val: 0.7820, Test: 0.7680
Epoch: 45, Loss: 0.1989, Train: 1.0000, Val: 0.7840, Test: 0.7700
Epoch: 46, Loss: 0.1880, Train: 1.0000, Val: 0.7840, Test: 0.7690
Epoch: 47, Loss: 0.1803, Train: 1.0000, Val: 0.7840, Test: 0.7690
Epoch: 48, Loss: 0.1953, Train: 1.0000, Val: 0.7840, Test: 0.7700
Epoch: 49, Loss: 0.1496, Train: 1.0000, Val: 0.7840, Test: 0.7700
Epoch: 50, Loss: 0.1601, Train: 1.0000, Val: 0.7820, Test: 0.7730
MAD:  0.9396
Best Test Accuracy: 0.7820, Val Accuracy: 0.7880, Train Accuracy: 0.9857
Training completed.
Average Test Accuracy:  0.7932000000000001 ± 0.0059799665550904265
Average MAD:  0.9288700000000001 ± 0.02766058748472275
