Seed:  0
PDN(
  (convs): ModuleList(
    (0): PDNConv(1433, 7)
  )
  (residual_fc): Linear(in_features=1433, out_features=128, bias=True)
)
Epoch: 1, Loss: 1.9496, Train: 0.1286, Val: 0.1840, Test: 0.1290
Epoch: 2, Loss: 1.9351, Train: 0.1786, Val: 0.2060, Test: 0.1320
Epoch: 3, Loss: 1.9207, Train: 0.2571, Val: 0.2200, Test: 0.1560
Epoch: 4, Loss: 1.9063, Train: 0.3143, Val: 0.2440, Test: 0.1800
Epoch: 5, Loss: 1.8920, Train: 0.3571, Val: 0.2620, Test: 0.2040
Epoch: 6, Loss: 1.8777, Train: 0.4429, Val: 0.2760, Test: 0.2320
Epoch: 7, Loss: 1.8635, Train: 0.5286, Val: 0.3040, Test: 0.2600
Epoch: 8, Loss: 1.8494, Train: 0.5929, Val: 0.3260, Test: 0.2850
Epoch: 9, Loss: 1.8353, Train: 0.6714, Val: 0.3400, Test: 0.3080
Epoch: 10, Loss: 1.8213, Train: 0.7143, Val: 0.3740, Test: 0.3350
Epoch: 11, Loss: 1.8073, Train: 0.7643, Val: 0.3940, Test: 0.3550
Epoch: 12, Loss: 1.7934, Train: 0.7857, Val: 0.4300, Test: 0.3730
Epoch: 13, Loss: 1.7796, Train: 0.8214, Val: 0.4400, Test: 0.3910
Epoch: 14, Loss: 1.7658, Train: 0.8500, Val: 0.4560, Test: 0.4090
Epoch: 15, Loss: 1.7521, Train: 0.8643, Val: 0.4600, Test: 0.4340
Epoch: 16, Loss: 1.7384, Train: 0.8786, Val: 0.4740, Test: 0.4520
Epoch: 17, Loss: 1.7249, Train: 0.9000, Val: 0.4820, Test: 0.4650
Epoch: 18, Loss: 1.7114, Train: 0.9143, Val: 0.4920, Test: 0.4810
Epoch: 19, Loss: 1.6979, Train: 0.9286, Val: 0.5040, Test: 0.4960
Epoch: 20, Loss: 1.6846, Train: 0.9429, Val: 0.5220, Test: 0.5170
Epoch: 21, Loss: 1.6713, Train: 0.9429, Val: 0.5360, Test: 0.5390
Epoch: 22, Loss: 1.6581, Train: 0.9643, Val: 0.5540, Test: 0.5490
Epoch: 23, Loss: 1.6449, Train: 0.9643, Val: 0.5540, Test: 0.5580
Epoch: 24, Loss: 1.6319, Train: 0.9643, Val: 0.5600, Test: 0.5690
Epoch: 25, Loss: 1.6189, Train: 0.9714, Val: 0.5640, Test: 0.5720
Epoch: 26, Loss: 1.6060, Train: 0.9786, Val: 0.5760, Test: 0.5780
Epoch: 27, Loss: 1.5932, Train: 0.9786, Val: 0.5880, Test: 0.5850
Epoch: 28, Loss: 1.5804, Train: 0.9786, Val: 0.5900, Test: 0.5990
Epoch: 29, Loss: 1.5678, Train: 0.9786, Val: 0.6000, Test: 0.6090
Epoch: 30, Loss: 1.5552, Train: 0.9786, Val: 0.6040, Test: 0.6210
Epoch: 31, Loss: 1.5427, Train: 0.9786, Val: 0.6040, Test: 0.6280
Epoch: 32, Loss: 1.5303, Train: 0.9786, Val: 0.6060, Test: 0.6330
Epoch: 33, Loss: 1.5180, Train: 0.9786, Val: 0.6060, Test: 0.6380
Epoch: 34, Loss: 1.5057, Train: 0.9786, Val: 0.6160, Test: 0.6450
Epoch: 35, Loss: 1.4936, Train: 0.9786, Val: 0.6180, Test: 0.6490
Epoch: 36, Loss: 1.4815, Train: 0.9786, Val: 0.6260, Test: 0.6520
Epoch: 37, Loss: 1.4695, Train: 0.9786, Val: 0.6280, Test: 0.6550
Epoch: 38, Loss: 1.4576, Train: 0.9857, Val: 0.6300, Test: 0.6570
Epoch: 39, Loss: 1.4458, Train: 0.9857, Val: 0.6340, Test: 0.6580
Epoch: 40, Loss: 1.4341, Train: 0.9857, Val: 0.6340, Test: 0.6570
Epoch: 41, Loss: 1.4224, Train: 0.9857, Val: 0.6340, Test: 0.6620
Epoch: 42, Loss: 1.4109, Train: 0.9857, Val: 0.6380, Test: 0.6620
Epoch: 43, Loss: 1.3994, Train: 0.9857, Val: 0.6400, Test: 0.6680
Epoch: 44, Loss: 1.3880, Train: 0.9857, Val: 0.6420, Test: 0.6730
Epoch: 45, Loss: 1.3768, Train: 0.9857, Val: 0.6480, Test: 0.6760
Epoch: 46, Loss: 1.3656, Train: 0.9857, Val: 0.6500, Test: 0.6790
Epoch: 47, Loss: 1.3545, Train: 0.9857, Val: 0.6500, Test: 0.6790
Epoch: 48, Loss: 1.3435, Train: 0.9857, Val: 0.6580, Test: 0.6810
Epoch: 49, Loss: 1.3325, Train: 0.9857, Val: 0.6580, Test: 0.6840
Epoch: 50, Loss: 1.3217, Train: 0.9929, Val: 0.6580, Test: 0.6860
MAD:  0.5331
Best Test Accuracy: 0.6860, Val Accuracy: 0.6580, Train Accuracy: 0.9929
Training completed.
Seed:  1
PDN(
  (convs): ModuleList(
    (0): PDNConv(1433, 7)
  )
  (residual_fc): Linear(in_features=1433, out_features=128, bias=True)
)
Epoch: 1, Loss: 1.9489, Train: 0.1857, Val: 0.1560, Test: 0.1520
Epoch: 2, Loss: 1.9344, Train: 0.2357, Val: 0.1640, Test: 0.1650
Epoch: 3, Loss: 1.9200, Train: 0.2571, Val: 0.1880, Test: 0.1780
Epoch: 4, Loss: 1.9056, Train: 0.2929, Val: 0.2040, Test: 0.1920
Epoch: 5, Loss: 1.8913, Train: 0.3571, Val: 0.2100, Test: 0.2080
Epoch: 6, Loss: 1.8770, Train: 0.4143, Val: 0.2240, Test: 0.2280
Epoch: 7, Loss: 1.8628, Train: 0.4714, Val: 0.2440, Test: 0.2500
Epoch: 8, Loss: 1.8487, Train: 0.5643, Val: 0.2700, Test: 0.2710
Epoch: 9, Loss: 1.8346, Train: 0.6571, Val: 0.2900, Test: 0.2950
Epoch: 10, Loss: 1.8206, Train: 0.7000, Val: 0.3100, Test: 0.3080
Epoch: 11, Loss: 1.8066, Train: 0.7143, Val: 0.3340, Test: 0.3320
Epoch: 12, Loss: 1.7927, Train: 0.7571, Val: 0.3540, Test: 0.3460
Epoch: 13, Loss: 1.7789, Train: 0.8000, Val: 0.3760, Test: 0.3690
Epoch: 14, Loss: 1.7651, Train: 0.8286, Val: 0.3940, Test: 0.3930
Epoch: 15, Loss: 1.7514, Train: 0.8643, Val: 0.4100, Test: 0.4110
Epoch: 16, Loss: 1.7377, Train: 0.8857, Val: 0.4320, Test: 0.4240
Epoch: 17, Loss: 1.7242, Train: 0.8929, Val: 0.4420, Test: 0.4410
Epoch: 18, Loss: 1.7107, Train: 0.9071, Val: 0.4520, Test: 0.4560
Epoch: 19, Loss: 1.6972, Train: 0.9143, Val: 0.4740, Test: 0.4700
Epoch: 20, Loss: 1.6839, Train: 0.9357, Val: 0.4760, Test: 0.4860
Epoch: 21, Loss: 1.6706, Train: 0.9571, Val: 0.4880, Test: 0.5040
Epoch: 22, Loss: 1.6574, Train: 0.9714, Val: 0.5040, Test: 0.5150
Epoch: 23, Loss: 1.6442, Train: 0.9786, Val: 0.5120, Test: 0.5200
Epoch: 24, Loss: 1.6312, Train: 0.9786, Val: 0.5240, Test: 0.5290
Epoch: 25, Loss: 1.6182, Train: 0.9786, Val: 0.5320, Test: 0.5360
Epoch: 26, Loss: 1.6053, Train: 0.9786, Val: 0.5420, Test: 0.5450
Epoch: 27, Loss: 1.5925, Train: 0.9786, Val: 0.5520, Test: 0.5560
Epoch: 28, Loss: 1.5797, Train: 0.9786, Val: 0.5560, Test: 0.5620
Epoch: 29, Loss: 1.5671, Train: 0.9786, Val: 0.5640, Test: 0.5710
Epoch: 30, Loss: 1.5545, Train: 0.9786, Val: 0.5660, Test: 0.5770
Epoch: 31, Loss: 1.5420, Train: 0.9857, Val: 0.5700, Test: 0.5870
Epoch: 32, Loss: 1.5296, Train: 0.9929, Val: 0.5840, Test: 0.5930
Epoch: 33, Loss: 1.5173, Train: 0.9929, Val: 0.5880, Test: 0.5970
Epoch: 34, Loss: 1.5050, Train: 0.9929, Val: 0.6000, Test: 0.6010
Epoch: 35, Loss: 1.4929, Train: 0.9929, Val: 0.6040, Test: 0.6050
Epoch: 36, Loss: 1.4808, Train: 0.9929, Val: 0.6020, Test: 0.6080
Epoch: 37, Loss: 1.4688, Train: 0.9929, Val: 0.6020, Test: 0.6100
Epoch: 38, Loss: 1.4569, Train: 0.9929, Val: 0.6100, Test: 0.6170
Epoch: 39, Loss: 1.4451, Train: 0.9929, Val: 0.6100, Test: 0.6220
Epoch: 40, Loss: 1.4334, Train: 0.9929, Val: 0.6100, Test: 0.6250
Epoch: 41, Loss: 1.4218, Train: 0.9929, Val: 0.6180, Test: 0.6310
Epoch: 42, Loss: 1.4102, Train: 0.9929, Val: 0.6200, Test: 0.6380
Epoch: 43, Loss: 1.3988, Train: 0.9929, Val: 0.6200, Test: 0.6420
Epoch: 44, Loss: 1.3874, Train: 0.9929, Val: 0.6260, Test: 0.6480
Epoch: 45, Loss: 1.3761, Train: 0.9929, Val: 0.6280, Test: 0.6510
Epoch: 46, Loss: 1.3649, Train: 0.9929, Val: 0.6320, Test: 0.6520
Epoch: 47, Loss: 1.3538, Train: 0.9929, Val: 0.6380, Test: 0.6550
Epoch: 48, Loss: 1.3428, Train: 0.9929, Val: 0.6400, Test: 0.6550
Epoch: 49, Loss: 1.3319, Train: 0.9929, Val: 0.6480, Test: 0.6590
Epoch: 50, Loss: 1.3210, Train: 0.9929, Val: 0.6500, Test: 0.6600
MAD:  0.5989
Best Test Accuracy: 0.6600, Val Accuracy: 0.6500, Train Accuracy: 0.9929
Training completed.
Seed:  2
PDN(
  (convs): ModuleList(
    (0): PDNConv(1433, 7)
  )
  (residual_fc): Linear(in_features=1433, out_features=128, bias=True)
)
Epoch: 1, Loss: 1.9558, Train: 0.1571, Val: 0.1320, Test: 0.1680
Epoch: 2, Loss: 1.9413, Train: 0.1857, Val: 0.1520, Test: 0.1830
Epoch: 3, Loss: 1.9269, Train: 0.2357, Val: 0.1680, Test: 0.2050
Epoch: 4, Loss: 1.9125, Train: 0.3071, Val: 0.1920, Test: 0.2240
Epoch: 5, Loss: 1.8982, Train: 0.3643, Val: 0.2120, Test: 0.2420
Epoch: 6, Loss: 1.8839, Train: 0.4143, Val: 0.2220, Test: 0.2600
Epoch: 7, Loss: 1.8697, Train: 0.4786, Val: 0.2380, Test: 0.2910
Epoch: 8, Loss: 1.8556, Train: 0.5286, Val: 0.2620, Test: 0.3160
Epoch: 9, Loss: 1.8415, Train: 0.5857, Val: 0.2740, Test: 0.3310
Epoch: 10, Loss: 1.8275, Train: 0.6500, Val: 0.2920, Test: 0.3490
Epoch: 11, Loss: 1.8135, Train: 0.6714, Val: 0.3180, Test: 0.3670
Epoch: 12, Loss: 1.7996, Train: 0.7143, Val: 0.3400, Test: 0.3960
Epoch: 13, Loss: 1.7857, Train: 0.7571, Val: 0.3560, Test: 0.4090
Epoch: 14, Loss: 1.7720, Train: 0.7857, Val: 0.3780, Test: 0.4320
Epoch: 15, Loss: 1.7583, Train: 0.8143, Val: 0.3840, Test: 0.4480
Epoch: 16, Loss: 1.7446, Train: 0.8357, Val: 0.4100, Test: 0.4620
Epoch: 17, Loss: 1.7311, Train: 0.8643, Val: 0.4200, Test: 0.4760
Epoch: 18, Loss: 1.7176, Train: 0.8786, Val: 0.4420, Test: 0.4900
Epoch: 19, Loss: 1.7041, Train: 0.8857, Val: 0.4600, Test: 0.5040
Epoch: 20, Loss: 1.6908, Train: 0.9000, Val: 0.4780, Test: 0.5110
Epoch: 21, Loss: 1.6775, Train: 0.9071, Val: 0.5000, Test: 0.5240
Epoch: 22, Loss: 1.6643, Train: 0.9071, Val: 0.5180, Test: 0.5330
Epoch: 23, Loss: 1.6512, Train: 0.9143, Val: 0.5280, Test: 0.5450
Epoch: 24, Loss: 1.6381, Train: 0.9357, Val: 0.5320, Test: 0.5560
Epoch: 25, Loss: 1.6251, Train: 0.9429, Val: 0.5400, Test: 0.5680
Epoch: 26, Loss: 1.6122, Train: 0.9429, Val: 0.5500, Test: 0.5730
Epoch: 27, Loss: 1.5994, Train: 0.9500, Val: 0.5560, Test: 0.5840
Epoch: 28, Loss: 1.5866, Train: 0.9500, Val: 0.5580, Test: 0.5900
Epoch: 29, Loss: 1.5740, Train: 0.9500, Val: 0.5680, Test: 0.5940
Epoch: 30, Loss: 1.5614, Train: 0.9571, Val: 0.5740, Test: 0.6080
Epoch: 31, Loss: 1.5489, Train: 0.9571, Val: 0.5780, Test: 0.6210
Epoch: 32, Loss: 1.5365, Train: 0.9571, Val: 0.5840, Test: 0.6240
Epoch: 33, Loss: 1.5241, Train: 0.9571, Val: 0.5960, Test: 0.6280
Epoch: 34, Loss: 1.5119, Train: 0.9571, Val: 0.5980, Test: 0.6320
Epoch: 35, Loss: 1.4997, Train: 0.9571, Val: 0.6020, Test: 0.6410
Epoch: 36, Loss: 1.4876, Train: 0.9643, Val: 0.6080, Test: 0.6460
Epoch: 37, Loss: 1.4756, Train: 0.9714, Val: 0.6120, Test: 0.6500
Epoch: 38, Loss: 1.4637, Train: 0.9714, Val: 0.6160, Test: 0.6520
Epoch: 39, Loss: 1.4519, Train: 0.9786, Val: 0.6160, Test: 0.6540
Epoch: 40, Loss: 1.4402, Train: 0.9786, Val: 0.6160, Test: 0.6620
Epoch: 41, Loss: 1.4285, Train: 0.9786, Val: 0.6200, Test: 0.6640
Epoch: 42, Loss: 1.4170, Train: 0.9786, Val: 0.6200, Test: 0.6680
Epoch: 43, Loss: 1.4055, Train: 0.9857, Val: 0.6260, Test: 0.6730
Epoch: 44, Loss: 1.3941, Train: 0.9857, Val: 0.6280, Test: 0.6740
Epoch: 45, Loss: 1.3828, Train: 0.9857, Val: 0.6280, Test: 0.6740
Epoch: 46, Loss: 1.3716, Train: 0.9857, Val: 0.6320, Test: 0.6810
Epoch: 47, Loss: 1.3605, Train: 0.9857, Val: 0.6340, Test: 0.6830
Epoch: 48, Loss: 1.3495, Train: 0.9857, Val: 0.6380, Test: 0.6870
Epoch: 49, Loss: 1.3385, Train: 0.9857, Val: 0.6420, Test: 0.6880
Epoch: 50, Loss: 1.3277, Train: 0.9857, Val: 0.6420, Test: 0.6890
MAD:  0.5643
Best Test Accuracy: 0.6890, Val Accuracy: 0.6420, Train Accuracy: 0.9857
Training completed.
Seed:  3
PDN(
  (convs): ModuleList(
    (0): PDNConv(1433, 7)
  )
  (residual_fc): Linear(in_features=1433, out_features=128, bias=True)
)
Epoch: 1, Loss: 1.9523, Train: 0.1500, Val: 0.1320, Test: 0.1660
Epoch: 2, Loss: 1.9378, Train: 0.1929, Val: 0.1500, Test: 0.1820
Epoch: 3, Loss: 1.9233, Train: 0.2714, Val: 0.1760, Test: 0.2100
Epoch: 4, Loss: 1.9089, Train: 0.3071, Val: 0.1900, Test: 0.2270
Epoch: 5, Loss: 1.8945, Train: 0.3429, Val: 0.2140, Test: 0.2540
Epoch: 6, Loss: 1.8802, Train: 0.4000, Val: 0.2460, Test: 0.2710
Epoch: 7, Loss: 1.8660, Train: 0.4714, Val: 0.2740, Test: 0.2910
Epoch: 8, Loss: 1.8518, Train: 0.5214, Val: 0.3000, Test: 0.3130
Epoch: 9, Loss: 1.8377, Train: 0.5857, Val: 0.3160, Test: 0.3290
Epoch: 10, Loss: 1.8236, Train: 0.6286, Val: 0.3520, Test: 0.3470
Epoch: 11, Loss: 1.8096, Train: 0.6714, Val: 0.3820, Test: 0.3800
Epoch: 12, Loss: 1.7957, Train: 0.7071, Val: 0.3920, Test: 0.4060
Epoch: 13, Loss: 1.7818, Train: 0.7429, Val: 0.4140, Test: 0.4210
Epoch: 14, Loss: 1.7680, Train: 0.7857, Val: 0.4300, Test: 0.4380
Epoch: 15, Loss: 1.7543, Train: 0.8071, Val: 0.4440, Test: 0.4580
Epoch: 16, Loss: 1.7407, Train: 0.8429, Val: 0.4640, Test: 0.4750
Epoch: 17, Loss: 1.7271, Train: 0.8786, Val: 0.4800, Test: 0.4950
Epoch: 18, Loss: 1.7136, Train: 0.8857, Val: 0.4880, Test: 0.5100
Epoch: 19, Loss: 1.7001, Train: 0.8857, Val: 0.4980, Test: 0.5230
Epoch: 20, Loss: 1.6868, Train: 0.9000, Val: 0.5140, Test: 0.5330
Epoch: 21, Loss: 1.6735, Train: 0.9000, Val: 0.5240, Test: 0.5460
Epoch: 22, Loss: 1.6602, Train: 0.9071, Val: 0.5320, Test: 0.5600
Epoch: 23, Loss: 1.6471, Train: 0.9143, Val: 0.5440, Test: 0.5680
Epoch: 24, Loss: 1.6340, Train: 0.9214, Val: 0.5500, Test: 0.5780
Epoch: 25, Loss: 1.6210, Train: 0.9214, Val: 0.5560, Test: 0.5890
Epoch: 26, Loss: 1.6081, Train: 0.9286, Val: 0.5700, Test: 0.5970
Epoch: 27, Loss: 1.5953, Train: 0.9357, Val: 0.5740, Test: 0.6070
Epoch: 28, Loss: 1.5825, Train: 0.9500, Val: 0.5840, Test: 0.6150
Epoch: 29, Loss: 1.5699, Train: 0.9571, Val: 0.5860, Test: 0.6240
Epoch: 30, Loss: 1.5573, Train: 0.9571, Val: 0.5860, Test: 0.6290
Epoch: 31, Loss: 1.5448, Train: 0.9571, Val: 0.5940, Test: 0.6360
Epoch: 32, Loss: 1.5324, Train: 0.9643, Val: 0.5960, Test: 0.6440
Epoch: 33, Loss: 1.5200, Train: 0.9714, Val: 0.6020, Test: 0.6490
Epoch: 34, Loss: 1.5078, Train: 0.9714, Val: 0.6040, Test: 0.6530
Epoch: 35, Loss: 1.4956, Train: 0.9714, Val: 0.6140, Test: 0.6560
Epoch: 36, Loss: 1.4835, Train: 0.9714, Val: 0.6200, Test: 0.6580
Epoch: 37, Loss: 1.4715, Train: 0.9714, Val: 0.6180, Test: 0.6570
Epoch: 38, Loss: 1.4596, Train: 0.9786, Val: 0.6200, Test: 0.6600
Epoch: 39, Loss: 1.4478, Train: 0.9786, Val: 0.6240, Test: 0.6640
Epoch: 40, Loss: 1.4361, Train: 0.9786, Val: 0.6300, Test: 0.6650
Epoch: 41, Loss: 1.4244, Train: 0.9786, Val: 0.6360, Test: 0.6690
Epoch: 42, Loss: 1.4129, Train: 0.9786, Val: 0.6380, Test: 0.6740
Epoch: 43, Loss: 1.4014, Train: 0.9786, Val: 0.6420, Test: 0.6750
Epoch: 44, Loss: 1.3901, Train: 0.9786, Val: 0.6420, Test: 0.6760
Epoch: 45, Loss: 1.3788, Train: 0.9786, Val: 0.6460, Test: 0.6780
Epoch: 46, Loss: 1.3676, Train: 0.9786, Val: 0.6480, Test: 0.6810
Epoch: 47, Loss: 1.3565, Train: 0.9786, Val: 0.6520, Test: 0.6880
Epoch: 48, Loss: 1.3454, Train: 0.9786, Val: 0.6540, Test: 0.6930
Epoch: 49, Loss: 1.3345, Train: 0.9786, Val: 0.6560, Test: 0.6960
Epoch: 50, Loss: 1.3237, Train: 0.9786, Val: 0.6560, Test: 0.6980
MAD:  0.5526
Best Test Accuracy: 0.6980, Val Accuracy: 0.6560, Train Accuracy: 0.9786
Training completed.
Seed:  4
PDN(
  (convs): ModuleList(
    (0): PDNConv(1433, 7)
  )
  (residual_fc): Linear(in_features=1433, out_features=128, bias=True)
)
Epoch: 1, Loss: 1.9501, Train: 0.2071, Val: 0.1780, Test: 0.1860
Epoch: 2, Loss: 1.9355, Train: 0.2429, Val: 0.1900, Test: 0.2090
Epoch: 3, Loss: 1.9210, Train: 0.2714, Val: 0.1960, Test: 0.2300
Epoch: 4, Loss: 1.9066, Train: 0.3357, Val: 0.2200, Test: 0.2530
Epoch: 5, Loss: 1.8922, Train: 0.4143, Val: 0.2260, Test: 0.2780
Epoch: 6, Loss: 1.8779, Train: 0.4571, Val: 0.2520, Test: 0.3040
Epoch: 7, Loss: 1.8636, Train: 0.5071, Val: 0.2660, Test: 0.3330
Epoch: 8, Loss: 1.8494, Train: 0.5571, Val: 0.2860, Test: 0.3610
Epoch: 9, Loss: 1.8353, Train: 0.6071, Val: 0.3040, Test: 0.3820
Epoch: 10, Loss: 1.8212, Train: 0.6571, Val: 0.3180, Test: 0.4020
Epoch: 11, Loss: 1.8072, Train: 0.6929, Val: 0.3480, Test: 0.4180
Epoch: 12, Loss: 1.7933, Train: 0.7214, Val: 0.3780, Test: 0.4430
Epoch: 13, Loss: 1.7794, Train: 0.7643, Val: 0.3920, Test: 0.4660
Epoch: 14, Loss: 1.7657, Train: 0.7857, Val: 0.4080, Test: 0.4860
Epoch: 15, Loss: 1.7519, Train: 0.8071, Val: 0.4240, Test: 0.5020
Epoch: 16, Loss: 1.7383, Train: 0.8143, Val: 0.4480, Test: 0.5080
Epoch: 17, Loss: 1.7247, Train: 0.8571, Val: 0.4660, Test: 0.5350
Epoch: 18, Loss: 1.7112, Train: 0.8857, Val: 0.4700, Test: 0.5530
Epoch: 19, Loss: 1.6978, Train: 0.9214, Val: 0.4760, Test: 0.5630
Epoch: 20, Loss: 1.6844, Train: 0.9429, Val: 0.4840, Test: 0.5710
Epoch: 21, Loss: 1.6712, Train: 0.9429, Val: 0.4980, Test: 0.5780
Epoch: 22, Loss: 1.6580, Train: 0.9429, Val: 0.5140, Test: 0.5880
Epoch: 23, Loss: 1.6448, Train: 0.9429, Val: 0.5340, Test: 0.5940
Epoch: 24, Loss: 1.6318, Train: 0.9500, Val: 0.5400, Test: 0.6000
Epoch: 25, Loss: 1.6188, Train: 0.9571, Val: 0.5560, Test: 0.6070
Epoch: 26, Loss: 1.6059, Train: 0.9571, Val: 0.5660, Test: 0.6150
Epoch: 27, Loss: 1.5931, Train: 0.9786, Val: 0.5800, Test: 0.6280
Epoch: 28, Loss: 1.5804, Train: 0.9857, Val: 0.5900, Test: 0.6380
Epoch: 29, Loss: 1.5677, Train: 0.9857, Val: 0.5980, Test: 0.6420
Epoch: 30, Loss: 1.5552, Train: 0.9857, Val: 0.6020, Test: 0.6510
Epoch: 31, Loss: 1.5427, Train: 0.9857, Val: 0.6140, Test: 0.6540
Epoch: 32, Loss: 1.5303, Train: 0.9857, Val: 0.6160, Test: 0.6580
Epoch: 33, Loss: 1.5180, Train: 0.9857, Val: 0.6180, Test: 0.6620
Epoch: 34, Loss: 1.5057, Train: 0.9857, Val: 0.6260, Test: 0.6700
Epoch: 35, Loss: 1.4936, Train: 0.9857, Val: 0.6380, Test: 0.6720
Epoch: 36, Loss: 1.4815, Train: 0.9857, Val: 0.6480, Test: 0.6770
Epoch: 37, Loss: 1.4696, Train: 0.9857, Val: 0.6560, Test: 0.6810
Epoch: 38, Loss: 1.4577, Train: 0.9857, Val: 0.6600, Test: 0.6830
Epoch: 39, Loss: 1.4459, Train: 0.9929, Val: 0.6620, Test: 0.6860
Epoch: 40, Loss: 1.4342, Train: 0.9929, Val: 0.6660, Test: 0.6890
Epoch: 41, Loss: 1.4225, Train: 0.9929, Val: 0.6680, Test: 0.6900
Epoch: 42, Loss: 1.4110, Train: 0.9929, Val: 0.6700, Test: 0.6940
Epoch: 43, Loss: 1.3996, Train: 0.9929, Val: 0.6760, Test: 0.6950
Epoch: 44, Loss: 1.3882, Train: 0.9929, Val: 0.6760, Test: 0.6980
Epoch: 45, Loss: 1.3769, Train: 0.9929, Val: 0.6780, Test: 0.6980
Epoch: 46, Loss: 1.3657, Train: 0.9929, Val: 0.6820, Test: 0.6990
Epoch: 47, Loss: 1.3546, Train: 0.9929, Val: 0.6880, Test: 0.7010
Epoch: 48, Loss: 1.3436, Train: 0.9929, Val: 0.6880, Test: 0.7020
Epoch: 49, Loss: 1.3327, Train: 0.9929, Val: 0.6880, Test: 0.7050
Epoch: 50, Loss: 1.3219, Train: 0.9929, Val: 0.6880, Test: 0.7060
MAD:  0.4934
Best Test Accuracy: 0.7060, Val Accuracy: 0.6880, Train Accuracy: 0.9929
Training completed.
Seed:  5
PDN(
  (convs): ModuleList(
    (0): PDNConv(1433, 7)
  )
  (residual_fc): Linear(in_features=1433, out_features=128, bias=True)
)
Epoch: 1, Loss: 1.9421, Train: 0.2071, Val: 0.1680, Test: 0.1710
Epoch: 2, Loss: 1.9277, Train: 0.2500, Val: 0.1980, Test: 0.1900
Epoch: 3, Loss: 1.9132, Train: 0.3000, Val: 0.2240, Test: 0.2170
Epoch: 4, Loss: 1.8989, Train: 0.3714, Val: 0.2400, Test: 0.2340
Epoch: 5, Loss: 1.8845, Train: 0.4214, Val: 0.2540, Test: 0.2520
Epoch: 6, Loss: 1.8703, Train: 0.4929, Val: 0.2740, Test: 0.2680
Epoch: 7, Loss: 1.8561, Train: 0.5357, Val: 0.2980, Test: 0.2890
Epoch: 8, Loss: 1.8420, Train: 0.6000, Val: 0.3100, Test: 0.3110
Epoch: 9, Loss: 1.8279, Train: 0.6571, Val: 0.3180, Test: 0.3380
Epoch: 10, Loss: 1.8139, Train: 0.7143, Val: 0.3480, Test: 0.3530
Epoch: 11, Loss: 1.8000, Train: 0.7429, Val: 0.3560, Test: 0.3730
Epoch: 12, Loss: 1.7861, Train: 0.7714, Val: 0.3800, Test: 0.3950
Epoch: 13, Loss: 1.7723, Train: 0.7857, Val: 0.4020, Test: 0.4120
Epoch: 14, Loss: 1.7586, Train: 0.8286, Val: 0.4200, Test: 0.4270
Epoch: 15, Loss: 1.7449, Train: 0.8500, Val: 0.4360, Test: 0.4510
Epoch: 16, Loss: 1.7313, Train: 0.8786, Val: 0.4480, Test: 0.4660
Epoch: 17, Loss: 1.7178, Train: 0.8857, Val: 0.4540, Test: 0.4800
Epoch: 18, Loss: 1.7044, Train: 0.9000, Val: 0.4760, Test: 0.4940
Epoch: 19, Loss: 1.6910, Train: 0.9286, Val: 0.4880, Test: 0.5080
Epoch: 20, Loss: 1.6777, Train: 0.9286, Val: 0.4980, Test: 0.5320
Epoch: 21, Loss: 1.6644, Train: 0.9429, Val: 0.5140, Test: 0.5420
Epoch: 22, Loss: 1.6513, Train: 0.9429, Val: 0.5220, Test: 0.5560
Epoch: 23, Loss: 1.6382, Train: 0.9429, Val: 0.5320, Test: 0.5670
Epoch: 24, Loss: 1.6252, Train: 0.9500, Val: 0.5440, Test: 0.5750
Epoch: 25, Loss: 1.6123, Train: 0.9571, Val: 0.5500, Test: 0.5870
Epoch: 26, Loss: 1.5994, Train: 0.9643, Val: 0.5520, Test: 0.5950
Epoch: 27, Loss: 1.5867, Train: 0.9643, Val: 0.5640, Test: 0.6000
Epoch: 28, Loss: 1.5740, Train: 0.9643, Val: 0.5760, Test: 0.6050
Epoch: 29, Loss: 1.5614, Train: 0.9643, Val: 0.5800, Test: 0.6160
Epoch: 30, Loss: 1.5489, Train: 0.9643, Val: 0.5820, Test: 0.6230
Epoch: 31, Loss: 1.5364, Train: 0.9643, Val: 0.5900, Test: 0.6260
Epoch: 32, Loss: 1.5241, Train: 0.9714, Val: 0.6000, Test: 0.6350
Epoch: 33, Loss: 1.5118, Train: 0.9714, Val: 0.6060, Test: 0.6410
Epoch: 34, Loss: 1.4996, Train: 0.9714, Val: 0.6080, Test: 0.6450
Epoch: 35, Loss: 1.4875, Train: 0.9714, Val: 0.6120, Test: 0.6480
Epoch: 36, Loss: 1.4755, Train: 0.9786, Val: 0.6160, Test: 0.6570
Epoch: 37, Loss: 1.4636, Train: 0.9857, Val: 0.6240, Test: 0.6630
Epoch: 38, Loss: 1.4517, Train: 0.9857, Val: 0.6360, Test: 0.6680
Epoch: 39, Loss: 1.4400, Train: 0.9857, Val: 0.6440, Test: 0.6710
Epoch: 40, Loss: 1.4283, Train: 0.9857, Val: 0.6460, Test: 0.6790
Epoch: 41, Loss: 1.4168, Train: 0.9857, Val: 0.6520, Test: 0.6820
Epoch: 42, Loss: 1.4053, Train: 0.9857, Val: 0.6560, Test: 0.6850
Epoch: 43, Loss: 1.3939, Train: 0.9857, Val: 0.6600, Test: 0.6880
Epoch: 44, Loss: 1.3826, Train: 0.9857, Val: 0.6620, Test: 0.6890
Epoch: 45, Loss: 1.3713, Train: 0.9929, Val: 0.6660, Test: 0.6880
Epoch: 46, Loss: 1.3602, Train: 0.9929, Val: 0.6700, Test: 0.6890
Epoch: 47, Loss: 1.3492, Train: 0.9929, Val: 0.6700, Test: 0.6910
Epoch: 48, Loss: 1.3382, Train: 0.9929, Val: 0.6760, Test: 0.6940
Epoch: 49, Loss: 1.3274, Train: 0.9929, Val: 0.6780, Test: 0.6950
Epoch: 50, Loss: 1.3166, Train: 0.9929, Val: 0.6820, Test: 0.6980
MAD:  0.4987
Best Test Accuracy: 0.6980, Val Accuracy: 0.6820, Train Accuracy: 0.9929
Training completed.
Seed:  6
PDN(
  (convs): ModuleList(
    (0): PDNConv(1433, 7)
  )
  (residual_fc): Linear(in_features=1433, out_features=128, bias=True)
)
Epoch: 1, Loss: 1.9312, Train: 0.2571, Val: 0.1540, Test: 0.1480
Epoch: 2, Loss: 1.9167, Train: 0.2714, Val: 0.1660, Test: 0.1700
Epoch: 3, Loss: 1.9022, Train: 0.3357, Val: 0.1860, Test: 0.1880
Epoch: 4, Loss: 1.8879, Train: 0.4143, Val: 0.2000, Test: 0.2050
Epoch: 5, Loss: 1.8736, Train: 0.4786, Val: 0.2200, Test: 0.2250
Epoch: 6, Loss: 1.8593, Train: 0.5071, Val: 0.2300, Test: 0.2470
Epoch: 7, Loss: 1.8451, Train: 0.5786, Val: 0.2520, Test: 0.2620
Epoch: 8, Loss: 1.8310, Train: 0.6286, Val: 0.2840, Test: 0.2880
Epoch: 9, Loss: 1.8169, Train: 0.6571, Val: 0.3080, Test: 0.3070
Epoch: 10, Loss: 1.8029, Train: 0.6929, Val: 0.3160, Test: 0.3340
Epoch: 11, Loss: 1.7890, Train: 0.7429, Val: 0.3460, Test: 0.3430
Epoch: 12, Loss: 1.7751, Train: 0.7929, Val: 0.3580, Test: 0.3560
Epoch: 13, Loss: 1.7614, Train: 0.8286, Val: 0.3760, Test: 0.3690
Epoch: 14, Loss: 1.7476, Train: 0.8357, Val: 0.4000, Test: 0.3900
Epoch: 15, Loss: 1.7340, Train: 0.8500, Val: 0.4140, Test: 0.4050
Epoch: 16, Loss: 1.7204, Train: 0.8571, Val: 0.4300, Test: 0.4240
Epoch: 17, Loss: 1.7069, Train: 0.8643, Val: 0.4460, Test: 0.4380
Epoch: 18, Loss: 1.6935, Train: 0.8929, Val: 0.4660, Test: 0.4480
Epoch: 19, Loss: 1.6801, Train: 0.9000, Val: 0.4780, Test: 0.4680
Epoch: 20, Loss: 1.6668, Train: 0.9214, Val: 0.4840, Test: 0.4890
Epoch: 21, Loss: 1.6536, Train: 0.9286, Val: 0.4900, Test: 0.5000
Epoch: 22, Loss: 1.6404, Train: 0.9286, Val: 0.5000, Test: 0.5040
Epoch: 23, Loss: 1.6274, Train: 0.9357, Val: 0.5060, Test: 0.5110
Epoch: 24, Loss: 1.6144, Train: 0.9643, Val: 0.5140, Test: 0.5160
Epoch: 25, Loss: 1.6015, Train: 0.9643, Val: 0.5220, Test: 0.5300
Epoch: 26, Loss: 1.5887, Train: 0.9643, Val: 0.5280, Test: 0.5350
Epoch: 27, Loss: 1.5759, Train: 0.9643, Val: 0.5300, Test: 0.5420
Epoch: 28, Loss: 1.5633, Train: 0.9714, Val: 0.5340, Test: 0.5560
Epoch: 29, Loss: 1.5507, Train: 0.9786, Val: 0.5500, Test: 0.5620
Epoch: 30, Loss: 1.5382, Train: 0.9786, Val: 0.5540, Test: 0.5710
Epoch: 31, Loss: 1.5258, Train: 0.9786, Val: 0.5740, Test: 0.5790
Epoch: 32, Loss: 1.5135, Train: 0.9857, Val: 0.5820, Test: 0.5870
Epoch: 33, Loss: 1.5012, Train: 0.9857, Val: 0.5920, Test: 0.5920
Epoch: 34, Loss: 1.4890, Train: 0.9857, Val: 0.5940, Test: 0.6000
Epoch: 35, Loss: 1.4770, Train: 0.9857, Val: 0.6000, Test: 0.6070
Epoch: 36, Loss: 1.4650, Train: 0.9857, Val: 0.6060, Test: 0.6200
Epoch: 37, Loss: 1.4531, Train: 0.9857, Val: 0.6080, Test: 0.6260
Epoch: 38, Loss: 1.4413, Train: 0.9857, Val: 0.6100, Test: 0.6330
Epoch: 39, Loss: 1.4296, Train: 0.9857, Val: 0.6100, Test: 0.6380
Epoch: 40, Loss: 1.4179, Train: 0.9857, Val: 0.6160, Test: 0.6420
Epoch: 41, Loss: 1.4064, Train: 0.9857, Val: 0.6200, Test: 0.6450
Epoch: 42, Loss: 1.3949, Train: 0.9857, Val: 0.6220, Test: 0.6520
Epoch: 43, Loss: 1.3836, Train: 0.9857, Val: 0.6260, Test: 0.6570
Epoch: 44, Loss: 1.3723, Train: 0.9857, Val: 0.6300, Test: 0.6610
Epoch: 45, Loss: 1.3611, Train: 0.9857, Val: 0.6320, Test: 0.6620
Epoch: 46, Loss: 1.3500, Train: 0.9857, Val: 0.6340, Test: 0.6670
Epoch: 47, Loss: 1.3390, Train: 0.9857, Val: 0.6360, Test: 0.6670
Epoch: 48, Loss: 1.3281, Train: 0.9857, Val: 0.6380, Test: 0.6680
Epoch: 49, Loss: 1.3172, Train: 0.9857, Val: 0.6460, Test: 0.6720
Epoch: 50, Loss: 1.3065, Train: 0.9857, Val: 0.6460, Test: 0.6750
MAD:  0.5306
Best Test Accuracy: 0.6750, Val Accuracy: 0.6460, Train Accuracy: 0.9857
Training completed.
Seed:  7
PDN(
  (convs): ModuleList(
    (0): PDNConv(1433, 7)
  )
  (residual_fc): Linear(in_features=1433, out_features=128, bias=True)
)
Epoch: 1, Loss: 1.9507, Train: 0.1929, Val: 0.1800, Test: 0.2080
Epoch: 2, Loss: 1.9362, Train: 0.2286, Val: 0.1860, Test: 0.2220
Epoch: 3, Loss: 1.9217, Train: 0.2857, Val: 0.1940, Test: 0.2330
Epoch: 4, Loss: 1.9073, Train: 0.3143, Val: 0.2120, Test: 0.2450
Epoch: 5, Loss: 1.8930, Train: 0.3643, Val: 0.2320, Test: 0.2740
Epoch: 6, Loss: 1.8787, Train: 0.4214, Val: 0.2380, Test: 0.2880
Epoch: 7, Loss: 1.8645, Train: 0.4786, Val: 0.2640, Test: 0.3030
Epoch: 8, Loss: 1.8504, Train: 0.5214, Val: 0.2900, Test: 0.3220
Epoch: 9, Loss: 1.8363, Train: 0.5429, Val: 0.3000, Test: 0.3380
Epoch: 10, Loss: 1.8222, Train: 0.6143, Val: 0.3420, Test: 0.3540
Epoch: 11, Loss: 1.8083, Train: 0.6786, Val: 0.3580, Test: 0.3710
Epoch: 12, Loss: 1.7944, Train: 0.7143, Val: 0.3700, Test: 0.3930
Epoch: 13, Loss: 1.7805, Train: 0.7929, Val: 0.3880, Test: 0.4190
Epoch: 14, Loss: 1.7668, Train: 0.8357, Val: 0.4080, Test: 0.4390
Epoch: 15, Loss: 1.7531, Train: 0.8786, Val: 0.4200, Test: 0.4580
Epoch: 16, Loss: 1.7394, Train: 0.9071, Val: 0.4480, Test: 0.4770
Epoch: 17, Loss: 1.7259, Train: 0.9071, Val: 0.4640, Test: 0.4920
Epoch: 18, Loss: 1.7124, Train: 0.9143, Val: 0.4700, Test: 0.5140
Epoch: 19, Loss: 1.6990, Train: 0.9214, Val: 0.4840, Test: 0.5310
Epoch: 20, Loss: 1.6856, Train: 0.9214, Val: 0.5040, Test: 0.5350
Epoch: 21, Loss: 1.6723, Train: 0.9214, Val: 0.5140, Test: 0.5410
Epoch: 22, Loss: 1.6591, Train: 0.9286, Val: 0.5280, Test: 0.5540
Epoch: 23, Loss: 1.6460, Train: 0.9286, Val: 0.5400, Test: 0.5690
Epoch: 24, Loss: 1.6330, Train: 0.9357, Val: 0.5520, Test: 0.5790
Epoch: 25, Loss: 1.6200, Train: 0.9357, Val: 0.5640, Test: 0.5870
Epoch: 26, Loss: 1.6071, Train: 0.9357, Val: 0.5720, Test: 0.5950
Epoch: 27, Loss: 1.5943, Train: 0.9500, Val: 0.5820, Test: 0.6060
Epoch: 28, Loss: 1.5816, Train: 0.9571, Val: 0.5860, Test: 0.6100
Epoch: 29, Loss: 1.5690, Train: 0.9571, Val: 0.5900, Test: 0.6170
Epoch: 30, Loss: 1.5564, Train: 0.9643, Val: 0.5900, Test: 0.6240
Epoch: 31, Loss: 1.5439, Train: 0.9714, Val: 0.5920, Test: 0.6290
Epoch: 32, Loss: 1.5315, Train: 0.9786, Val: 0.5960, Test: 0.6340
Epoch: 33, Loss: 1.5192, Train: 0.9857, Val: 0.6040, Test: 0.6360
Epoch: 34, Loss: 1.5070, Train: 0.9857, Val: 0.6020, Test: 0.6370
Epoch: 35, Loss: 1.4948, Train: 0.9857, Val: 0.6140, Test: 0.6400
Epoch: 36, Loss: 1.4828, Train: 0.9857, Val: 0.6200, Test: 0.6430
Epoch: 37, Loss: 1.4708, Train: 0.9929, Val: 0.6200, Test: 0.6470
Epoch: 38, Loss: 1.4589, Train: 0.9929, Val: 0.6320, Test: 0.6530
Epoch: 39, Loss: 1.4471, Train: 0.9929, Val: 0.6380, Test: 0.6580
Epoch: 40, Loss: 1.4354, Train: 0.9929, Val: 0.6360, Test: 0.6580
Epoch: 41, Loss: 1.4238, Train: 0.9929, Val: 0.6400, Test: 0.6600
Epoch: 42, Loss: 1.4123, Train: 0.9929, Val: 0.6440, Test: 0.6610
Epoch: 43, Loss: 1.4008, Train: 0.9929, Val: 0.6480, Test: 0.6610
Epoch: 44, Loss: 1.3895, Train: 0.9929, Val: 0.6500, Test: 0.6640
Epoch: 45, Loss: 1.3782, Train: 0.9929, Val: 0.6560, Test: 0.6660
Epoch: 46, Loss: 1.3670, Train: 0.9929, Val: 0.6560, Test: 0.6670
Epoch: 47, Loss: 1.3559, Train: 0.9929, Val: 0.6580, Test: 0.6720
Epoch: 48, Loss: 1.3449, Train: 0.9929, Val: 0.6600, Test: 0.6750
Epoch: 49, Loss: 1.3340, Train: 0.9929, Val: 0.6600, Test: 0.6790
Epoch: 50, Loss: 1.3232, Train: 0.9929, Val: 0.6600, Test: 0.6810
MAD:  0.4317
Best Test Accuracy: 0.6810, Val Accuracy: 0.6600, Train Accuracy: 0.9929
Training completed.
Seed:  8
PDN(
  (convs): ModuleList(
    (0): PDNConv(1433, 7)
  )
  (residual_fc): Linear(in_features=1433, out_features=128, bias=True)
)
Epoch: 1, Loss: 1.9471, Train: 0.1714, Val: 0.1580, Test: 0.1680
Epoch: 2, Loss: 1.9326, Train: 0.2000, Val: 0.1640, Test: 0.1840
Epoch: 3, Loss: 1.9181, Train: 0.2500, Val: 0.1740, Test: 0.2030
Epoch: 4, Loss: 1.9038, Train: 0.3286, Val: 0.1920, Test: 0.2170
Epoch: 5, Loss: 1.8894, Train: 0.3857, Val: 0.2100, Test: 0.2290
Epoch: 6, Loss: 1.8752, Train: 0.4714, Val: 0.2420, Test: 0.2550
Epoch: 7, Loss: 1.8610, Train: 0.5357, Val: 0.2740, Test: 0.2790
Epoch: 8, Loss: 1.8468, Train: 0.6000, Val: 0.2840, Test: 0.3110
Epoch: 9, Loss: 1.8327, Train: 0.6429, Val: 0.3020, Test: 0.3380
Epoch: 10, Loss: 1.8187, Train: 0.6857, Val: 0.3260, Test: 0.3540
Epoch: 11, Loss: 1.8047, Train: 0.7643, Val: 0.3460, Test: 0.3760
Epoch: 12, Loss: 1.7908, Train: 0.8000, Val: 0.3700, Test: 0.3940
Epoch: 13, Loss: 1.7770, Train: 0.8429, Val: 0.3860, Test: 0.4230
Epoch: 14, Loss: 1.7632, Train: 0.8643, Val: 0.4020, Test: 0.4480
Epoch: 15, Loss: 1.7495, Train: 0.8857, Val: 0.4140, Test: 0.4650
Epoch: 16, Loss: 1.7359, Train: 0.9000, Val: 0.4440, Test: 0.4890
Epoch: 17, Loss: 1.7223, Train: 0.9000, Val: 0.4560, Test: 0.5050
Epoch: 18, Loss: 1.7088, Train: 0.9000, Val: 0.4740, Test: 0.5210
Epoch: 19, Loss: 1.6954, Train: 0.9143, Val: 0.4960, Test: 0.5380
Epoch: 20, Loss: 1.6820, Train: 0.9286, Val: 0.5140, Test: 0.5480
Epoch: 21, Loss: 1.6687, Train: 0.9286, Val: 0.5260, Test: 0.5540
Epoch: 22, Loss: 1.6555, Train: 0.9500, Val: 0.5380, Test: 0.5640
Epoch: 23, Loss: 1.6424, Train: 0.9500, Val: 0.5480, Test: 0.5760
Epoch: 24, Loss: 1.6293, Train: 0.9571, Val: 0.5600, Test: 0.5790
Epoch: 25, Loss: 1.6163, Train: 0.9571, Val: 0.5720, Test: 0.5910
Epoch: 26, Loss: 1.6034, Train: 0.9571, Val: 0.5860, Test: 0.5990
Epoch: 27, Loss: 1.5906, Train: 0.9571, Val: 0.5920, Test: 0.6070
Epoch: 28, Loss: 1.5779, Train: 0.9571, Val: 0.5980, Test: 0.6110
Epoch: 29, Loss: 1.5652, Train: 0.9643, Val: 0.6040, Test: 0.6170
Epoch: 30, Loss: 1.5526, Train: 0.9643, Val: 0.6060, Test: 0.6200
Epoch: 31, Loss: 1.5401, Train: 0.9643, Val: 0.6100, Test: 0.6230
Epoch: 32, Loss: 1.5277, Train: 0.9643, Val: 0.6140, Test: 0.6300
Epoch: 33, Loss: 1.5154, Train: 0.9714, Val: 0.6180, Test: 0.6370
Epoch: 34, Loss: 1.5031, Train: 0.9786, Val: 0.6240, Test: 0.6420
Epoch: 35, Loss: 1.4910, Train: 0.9786, Val: 0.6300, Test: 0.6470
Epoch: 36, Loss: 1.4789, Train: 0.9786, Val: 0.6360, Test: 0.6530
Epoch: 37, Loss: 1.4669, Train: 0.9786, Val: 0.6400, Test: 0.6550
Epoch: 38, Loss: 1.4550, Train: 0.9929, Val: 0.6420, Test: 0.6590
Epoch: 39, Loss: 1.4432, Train: 0.9929, Val: 0.6460, Test: 0.6640
Epoch: 40, Loss: 1.4314, Train: 0.9929, Val: 0.6480, Test: 0.6660
Epoch: 41, Loss: 1.4198, Train: 0.9929, Val: 0.6520, Test: 0.6670
Epoch: 42, Loss: 1.4083, Train: 0.9929, Val: 0.6520, Test: 0.6690
Epoch: 43, Loss: 1.3968, Train: 0.9929, Val: 0.6580, Test: 0.6730
Epoch: 44, Loss: 1.3854, Train: 0.9929, Val: 0.6580, Test: 0.6740
Epoch: 45, Loss: 1.3741, Train: 0.9929, Val: 0.6620, Test: 0.6730
Epoch: 46, Loss: 1.3629, Train: 0.9929, Val: 0.6600, Test: 0.6770
Epoch: 47, Loss: 1.3518, Train: 0.9929, Val: 0.6600, Test: 0.6760
Epoch: 48, Loss: 1.3408, Train: 0.9929, Val: 0.6620, Test: 0.6770
Epoch: 49, Loss: 1.3299, Train: 0.9929, Val: 0.6680, Test: 0.6800
Epoch: 50, Loss: 1.3190, Train: 0.9929, Val: 0.6720, Test: 0.6850
MAD:  0.4661
Best Test Accuracy: 0.6850, Val Accuracy: 0.6720, Train Accuracy: 0.9929
Training completed.
Seed:  9
PDN(
  (convs): ModuleList(
    (0): PDNConv(1433, 7)
  )
  (residual_fc): Linear(in_features=1433, out_features=128, bias=True)
)
Epoch: 1, Loss: 1.9397, Train: 0.2429, Val: 0.1280, Test: 0.1320
Epoch: 2, Loss: 1.9253, Train: 0.2857, Val: 0.1480, Test: 0.1520
Epoch: 3, Loss: 1.9109, Train: 0.3286, Val: 0.1680, Test: 0.1750
Epoch: 4, Loss: 1.8966, Train: 0.3786, Val: 0.1860, Test: 0.1940
Epoch: 5, Loss: 1.8823, Train: 0.4286, Val: 0.2140, Test: 0.2180
Epoch: 6, Loss: 1.8681, Train: 0.4857, Val: 0.2360, Test: 0.2370
Epoch: 7, Loss: 1.8539, Train: 0.5429, Val: 0.2540, Test: 0.2610
Epoch: 8, Loss: 1.8398, Train: 0.6143, Val: 0.2780, Test: 0.2850
Epoch: 9, Loss: 1.8258, Train: 0.6643, Val: 0.2880, Test: 0.3190
Epoch: 10, Loss: 1.8118, Train: 0.6786, Val: 0.3180, Test: 0.3340
Epoch: 11, Loss: 1.7978, Train: 0.7071, Val: 0.3400, Test: 0.3590
Epoch: 12, Loss: 1.7840, Train: 0.7286, Val: 0.3700, Test: 0.3700
Epoch: 13, Loss: 1.7702, Train: 0.7429, Val: 0.3840, Test: 0.3880
Epoch: 14, Loss: 1.7565, Train: 0.7857, Val: 0.4140, Test: 0.4110
Epoch: 15, Loss: 1.7428, Train: 0.8143, Val: 0.4280, Test: 0.4310
Epoch: 16, Loss: 1.7292, Train: 0.8214, Val: 0.4500, Test: 0.4450
Epoch: 17, Loss: 1.7157, Train: 0.8286, Val: 0.4580, Test: 0.4630
Epoch: 18, Loss: 1.7022, Train: 0.8571, Val: 0.4660, Test: 0.4730
Epoch: 19, Loss: 1.6888, Train: 0.8929, Val: 0.4860, Test: 0.4920
Epoch: 20, Loss: 1.6755, Train: 0.9214, Val: 0.4940, Test: 0.5030
Epoch: 21, Loss: 1.6623, Train: 0.9429, Val: 0.5080, Test: 0.5200
Epoch: 22, Loss: 1.6491, Train: 0.9429, Val: 0.5280, Test: 0.5300
Epoch: 23, Loss: 1.6360, Train: 0.9429, Val: 0.5320, Test: 0.5360
Epoch: 24, Loss: 1.6230, Train: 0.9571, Val: 0.5360, Test: 0.5490
Epoch: 25, Loss: 1.6101, Train: 0.9643, Val: 0.5420, Test: 0.5570
Epoch: 26, Loss: 1.5972, Train: 0.9643, Val: 0.5480, Test: 0.5620
Epoch: 27, Loss: 1.5845, Train: 0.9643, Val: 0.5540, Test: 0.5680
Epoch: 28, Loss: 1.5718, Train: 0.9643, Val: 0.5620, Test: 0.5760
Epoch: 29, Loss: 1.5592, Train: 0.9643, Val: 0.5760, Test: 0.5840
Epoch: 30, Loss: 1.5466, Train: 0.9643, Val: 0.5820, Test: 0.5900
Epoch: 31, Loss: 1.5342, Train: 0.9643, Val: 0.5920, Test: 0.6000
Epoch: 32, Loss: 1.5218, Train: 0.9643, Val: 0.6040, Test: 0.6090
Epoch: 33, Loss: 1.5096, Train: 0.9643, Val: 0.6060, Test: 0.6180
Epoch: 34, Loss: 1.4974, Train: 0.9786, Val: 0.6080, Test: 0.6240
Epoch: 35, Loss: 1.4852, Train: 0.9786, Val: 0.6100, Test: 0.6250
Epoch: 36, Loss: 1.4732, Train: 0.9786, Val: 0.6120, Test: 0.6300
Epoch: 37, Loss: 1.4613, Train: 0.9786, Val: 0.6180, Test: 0.6350
Epoch: 38, Loss: 1.4494, Train: 0.9786, Val: 0.6240, Test: 0.6370
Epoch: 39, Loss: 1.4377, Train: 0.9786, Val: 0.6220, Test: 0.6420
Epoch: 40, Loss: 1.4260, Train: 0.9786, Val: 0.6320, Test: 0.6490
Epoch: 41, Loss: 1.4144, Train: 0.9857, Val: 0.6320, Test: 0.6510
Epoch: 42, Loss: 1.4029, Train: 0.9857, Val: 0.6380, Test: 0.6530
Epoch: 43, Loss: 1.3915, Train: 0.9857, Val: 0.6440, Test: 0.6530
Epoch: 44, Loss: 1.3802, Train: 0.9857, Val: 0.6500, Test: 0.6570
Epoch: 45, Loss: 1.3690, Train: 0.9857, Val: 0.6520, Test: 0.6590
Epoch: 46, Loss: 1.3578, Train: 0.9929, Val: 0.6540, Test: 0.6620
Epoch: 47, Loss: 1.3468, Train: 0.9929, Val: 0.6540, Test: 0.6640
Epoch: 48, Loss: 1.3358, Train: 0.9929, Val: 0.6560, Test: 0.6670
Epoch: 49, Loss: 1.3249, Train: 0.9929, Val: 0.6580, Test: 0.6700
Epoch: 50, Loss: 1.3141, Train: 0.9929, Val: 0.6580, Test: 0.6710
MAD:  0.4637
Best Test Accuracy: 0.6710, Val Accuracy: 0.6580, Train Accuracy: 0.9929
Training completed.
Average Test Accuracy:  0.6849000000000001 ± 0.013163965967746922
Average MAD:  0.5133099999999999 ± 0.04911202398598535
