Seed:  0
PDN(
  (batch_norm): LayerNorm((128,), eps=1e-05, elementwise_affine=True)
  (convs): ModuleList(
    (0): PDNConv(1433, 128)
    (1-5): 5 x PDNConv(128, 128)
    (6): PDNConv(128, 7)
  )
  (residual_fc): Linear(in_features=1433, out_features=128, bias=True)
)
Epoch: 1, Loss: 1.9473, Train: 0.1429, Val: 0.1220, Test: 0.1310
Epoch: 2, Loss: 1.9413, Train: 0.1429, Val: 0.1220, Test: 0.1300
Epoch: 3, Loss: 1.9392, Train: 0.1429, Val: 0.1220, Test: 0.1300
Epoch: 4, Loss: 1.9356, Train: 0.1429, Val: 0.1220, Test: 0.1300
Epoch: 5, Loss: 1.9319, Train: 0.1429, Val: 0.1220, Test: 0.1300
Epoch: 6, Loss: 1.9216, Train: 0.1429, Val: 0.1220, Test: 0.1300
Epoch: 7, Loss: 1.9227, Train: 0.1429, Val: 0.1220, Test: 0.1300
Epoch: 8, Loss: 1.9195, Train: 0.1429, Val: 0.1220, Test: 0.1300
Epoch: 9, Loss: 1.9133, Train: 0.1429, Val: 0.1220, Test: 0.1300
Epoch: 10, Loss: 1.8955, Train: 0.1786, Val: 0.1220, Test: 0.1330
Epoch: 11, Loss: 1.8857, Train: 0.1786, Val: 0.1220, Test: 0.1330
Epoch: 12, Loss: 1.8666, Train: 0.1929, Val: 0.1220, Test: 0.1350
Epoch: 13, Loss: 1.8480, Train: 0.2000, Val: 0.1240, Test: 0.1410
Epoch: 14, Loss: 1.8424, Train: 0.2000, Val: 0.1340, Test: 0.1430
Epoch: 15, Loss: 1.7933, Train: 0.2214, Val: 0.1380, Test: 0.1500
Epoch: 16, Loss: 1.7665, Train: 0.2500, Val: 0.1420, Test: 0.1550
Epoch: 17, Loss: 1.7327, Train: 0.2714, Val: 0.1480, Test: 0.1670
Epoch: 18, Loss: 1.6927, Train: 0.3429, Val: 0.1680, Test: 0.1960
Epoch: 19, Loss: 1.6380, Train: 0.4000, Val: 0.2100, Test: 0.2470
Epoch: 20, Loss: 1.6001, Train: 0.5071, Val: 0.2520, Test: 0.3090
Epoch: 21, Loss: 1.5476, Train: 0.5929, Val: 0.4360, Test: 0.4700
Epoch: 22, Loss: 1.4269, Train: 0.6357, Val: 0.5240, Test: 0.5590
Epoch: 23, Loss: 1.4048, Train: 0.6214, Val: 0.5300, Test: 0.5770
Epoch: 24, Loss: 1.3473, Train: 0.6429, Val: 0.5440, Test: 0.5810
Epoch: 25, Loss: 1.2188, Train: 0.6429, Val: 0.5340, Test: 0.5860
Epoch: 26, Loss: 1.1966, Train: 0.6429, Val: 0.5280, Test: 0.5770
Epoch: 27, Loss: 1.1129, Train: 0.6429, Val: 0.5300, Test: 0.5840
Epoch: 28, Loss: 1.0617, Train: 0.6214, Val: 0.5240, Test: 0.5820
Epoch: 29, Loss: 0.9835, Train: 0.6643, Val: 0.5500, Test: 0.6060
Epoch: 30, Loss: 0.8868, Train: 0.7786, Val: 0.6160, Test: 0.6950
Epoch: 31, Loss: 0.8483, Train: 0.8857, Val: 0.7060, Test: 0.7190
Epoch: 32, Loss: 0.7360, Train: 0.9000, Val: 0.7340, Test: 0.7560
Epoch: 33, Loss: 0.7171, Train: 0.9214, Val: 0.7200, Test: 0.7640
Epoch: 34, Loss: 0.6403, Train: 0.9500, Val: 0.7260, Test: 0.7610
Epoch: 35, Loss: 0.5833, Train: 0.9500, Val: 0.7300, Test: 0.7620
Epoch: 36, Loss: 0.5454, Train: 0.9429, Val: 0.7300, Test: 0.7640
Epoch: 37, Loss: 0.4789, Train: 0.9357, Val: 0.7360, Test: 0.7700
Epoch: 38, Loss: 0.4488, Train: 0.9571, Val: 0.7440, Test: 0.7790
Epoch: 39, Loss: 0.4164, Train: 0.9714, Val: 0.7340, Test: 0.7730
Epoch: 40, Loss: 0.3275, Train: 0.9714, Val: 0.7360, Test: 0.7660
Epoch: 41, Loss: 0.4108, Train: 0.9500, Val: 0.7420, Test: 0.7830
Epoch: 42, Loss: 0.3954, Train: 0.9571, Val: 0.7420, Test: 0.7770
Epoch: 43, Loss: 0.3068, Train: 0.9571, Val: 0.7420, Test: 0.7610
Epoch: 44, Loss: 0.3067, Train: 0.9714, Val: 0.7400, Test: 0.7630
Epoch: 45, Loss: 0.2971, Train: 0.9714, Val: 0.7460, Test: 0.7700
Epoch: 46, Loss: 0.2424, Train: 0.9714, Val: 0.7580, Test: 0.7740
Epoch: 47, Loss: 0.2831, Train: 0.9643, Val: 0.7540, Test: 0.7780
Epoch: 48, Loss: 0.2030, Train: 0.9643, Val: 0.7360, Test: 0.7590
Epoch: 49, Loss: 0.1657, Train: 0.9786, Val: 0.7160, Test: 0.7470
Epoch: 50, Loss: 0.2044, Train: 0.9714, Val: 0.7100, Test: 0.7340
MAD:  0.8679
Best Test Accuracy: 0.7830, Val Accuracy: 0.7420, Train Accuracy: 0.9500
Training completed.
Seed:  1
PDN(
  (batch_norm): LayerNorm((128,), eps=1e-05, elementwise_affine=True)
  (convs): ModuleList(
    (0): PDNConv(1433, 128)
    (1-5): 5 x PDNConv(128, 128)
    (6): PDNConv(128, 7)
  )
  (residual_fc): Linear(in_features=1433, out_features=128, bias=True)
)
Epoch: 1, Loss: 1.9451, Train: 0.2143, Val: 0.0820, Test: 0.1110
Epoch: 2, Loss: 1.9437, Train: 0.2929, Val: 0.1520, Test: 0.1810
Epoch: 3, Loss: 1.9425, Train: 0.2286, Val: 0.1380, Test: 0.1540
Epoch: 4, Loss: 1.9389, Train: 0.2286, Val: 0.1360, Test: 0.1470
Epoch: 5, Loss: 1.9369, Train: 0.2929, Val: 0.1700, Test: 0.1790
Epoch: 6, Loss: 1.9341, Train: 0.3357, Val: 0.1920, Test: 0.2180
Epoch: 7, Loss: 1.9276, Train: 0.3357, Val: 0.1820, Test: 0.2090
Epoch: 8, Loss: 1.9205, Train: 0.2929, Val: 0.1500, Test: 0.1550
Epoch: 9, Loss: 1.9110, Train: 0.2714, Val: 0.1420, Test: 0.1370
Epoch: 10, Loss: 1.9136, Train: 0.2786, Val: 0.1580, Test: 0.1460
Epoch: 11, Loss: 1.9028, Train: 0.3000, Val: 0.1480, Test: 0.1560
Epoch: 12, Loss: 1.8805, Train: 0.3000, Val: 0.1580, Test: 0.1620
Epoch: 13, Loss: 1.8669, Train: 0.3143, Val: 0.1660, Test: 0.1770
Epoch: 14, Loss: 1.8513, Train: 0.3571, Val: 0.1900, Test: 0.1930
Epoch: 15, Loss: 1.8293, Train: 0.3714, Val: 0.2060, Test: 0.2130
Epoch: 16, Loss: 1.7822, Train: 0.3857, Val: 0.2000, Test: 0.2070
Epoch: 17, Loss: 1.7277, Train: 0.4143, Val: 0.2260, Test: 0.2140
Epoch: 18, Loss: 1.6959, Train: 0.4357, Val: 0.2600, Test: 0.2410
Epoch: 19, Loss: 1.6539, Train: 0.4643, Val: 0.3120, Test: 0.3030
Epoch: 20, Loss: 1.5883, Train: 0.5714, Val: 0.3800, Test: 0.3920
Epoch: 21, Loss: 1.5091, Train: 0.6429, Val: 0.4600, Test: 0.4570
Epoch: 22, Loss: 1.4385, Train: 0.6643, Val: 0.4760, Test: 0.4760
Epoch: 23, Loss: 1.3885, Train: 0.7286, Val: 0.5440, Test: 0.5410
Epoch: 24, Loss: 1.3152, Train: 0.7500, Val: 0.5780, Test: 0.5840
Epoch: 25, Loss: 1.2071, Train: 0.7714, Val: 0.6000, Test: 0.6150
Epoch: 26, Loss: 1.1676, Train: 0.8071, Val: 0.6080, Test: 0.6150
Epoch: 27, Loss: 1.0569, Train: 0.8357, Val: 0.6340, Test: 0.6360
Epoch: 28, Loss: 0.9681, Train: 0.9071, Val: 0.6840, Test: 0.6960
Epoch: 29, Loss: 0.8604, Train: 0.9286, Val: 0.7000, Test: 0.7040
Epoch: 30, Loss: 0.8156, Train: 0.9071, Val: 0.6640, Test: 0.6650
Epoch: 31, Loss: 0.7484, Train: 0.9286, Val: 0.7120, Test: 0.7150
Epoch: 32, Loss: 0.5984, Train: 0.9357, Val: 0.7320, Test: 0.7490
Epoch: 33, Loss: 0.5044, Train: 0.9357, Val: 0.7020, Test: 0.6850
Epoch: 34, Loss: 0.5130, Train: 0.9286, Val: 0.6880, Test: 0.6780
Epoch: 35, Loss: 0.4552, Train: 0.9500, Val: 0.7460, Test: 0.7340
Epoch: 36, Loss: 0.3829, Train: 0.9643, Val: 0.7440, Test: 0.7380
Epoch: 37, Loss: 0.4166, Train: 0.9500, Val: 0.6800, Test: 0.6790
Epoch: 38, Loss: 0.3794, Train: 0.9571, Val: 0.7100, Test: 0.7130
Epoch: 39, Loss: 0.3160, Train: 0.9714, Val: 0.7480, Test: 0.7440
Epoch: 40, Loss: 0.3043, Train: 0.9500, Val: 0.7420, Test: 0.7530
Epoch: 41, Loss: 0.3038, Train: 0.9571, Val: 0.7480, Test: 0.7550
Epoch: 42, Loss: 0.2927, Train: 0.9786, Val: 0.7400, Test: 0.7410
Epoch: 43, Loss: 0.1755, Train: 0.9714, Val: 0.7140, Test: 0.7010
Epoch: 44, Loss: 0.1619, Train: 0.9714, Val: 0.7060, Test: 0.6950
Epoch: 45, Loss: 0.2678, Train: 0.9714, Val: 0.7340, Test: 0.7370
Epoch: 46, Loss: 0.2615, Train: 0.9714, Val: 0.7380, Test: 0.7360
Epoch: 47, Loss: 0.1562, Train: 0.9643, Val: 0.7340, Test: 0.7400
Epoch: 48, Loss: 0.1944, Train: 0.9643, Val: 0.7360, Test: 0.7390
Epoch: 49, Loss: 0.1410, Train: 0.9714, Val: 0.7300, Test: 0.7360
Epoch: 50, Loss: 0.1386, Train: 0.9786, Val: 0.7260, Test: 0.7420
MAD:  0.7867
Best Test Accuracy: 0.7550, Val Accuracy: 0.7480, Train Accuracy: 0.9571
Training completed.
Seed:  2
PDN(
  (batch_norm): LayerNorm((128,), eps=1e-05, elementwise_affine=True)
  (convs): ModuleList(
    (0): PDNConv(1433, 128)
    (1-5): 5 x PDNConv(128, 128)
    (6): PDNConv(128, 7)
  )
  (residual_fc): Linear(in_features=1433, out_features=128, bias=True)
)
Epoch: 1, Loss: 1.9465, Train: 0.2571, Val: 0.3060, Test: 0.3450
Epoch: 2, Loss: 1.9441, Train: 0.4143, Val: 0.2600, Test: 0.3230
Epoch: 3, Loss: 1.9422, Train: 0.2571, Val: 0.2040, Test: 0.2410
Epoch: 4, Loss: 1.9396, Train: 0.2571, Val: 0.1660, Test: 0.2040
Epoch: 5, Loss: 1.9406, Train: 0.2643, Val: 0.1960, Test: 0.2340
Epoch: 6, Loss: 1.9381, Train: 0.3786, Val: 0.2900, Test: 0.3490
Epoch: 7, Loss: 1.9320, Train: 0.4714, Val: 0.4260, Test: 0.4870
Epoch: 8, Loss: 1.9269, Train: 0.5429, Val: 0.4840, Test: 0.5350
Epoch: 9, Loss: 1.9245, Train: 0.5214, Val: 0.4940, Test: 0.5520
Epoch: 10, Loss: 1.9156, Train: 0.5214, Val: 0.4880, Test: 0.5600
Epoch: 11, Loss: 1.9043, Train: 0.4714, Val: 0.4880, Test: 0.5460
Epoch: 12, Loss: 1.8969, Train: 0.4286, Val: 0.4640, Test: 0.5080
Epoch: 13, Loss: 1.8829, Train: 0.3929, Val: 0.4380, Test: 0.4800
Epoch: 14, Loss: 1.8664, Train: 0.3929, Val: 0.4300, Test: 0.4620
Epoch: 15, Loss: 1.8458, Train: 0.4143, Val: 0.4440, Test: 0.4730
Epoch: 16, Loss: 1.8032, Train: 0.4571, Val: 0.4740, Test: 0.5060
Epoch: 17, Loss: 1.7790, Train: 0.5857, Val: 0.5500, Test: 0.5900
Epoch: 18, Loss: 1.7366, Train: 0.6500, Val: 0.6160, Test: 0.6470
Epoch: 19, Loss: 1.6957, Train: 0.7500, Val: 0.6700, Test: 0.7220
Epoch: 20, Loss: 1.6218, Train: 0.7786, Val: 0.7040, Test: 0.7450
Epoch: 21, Loss: 1.5587, Train: 0.8071, Val: 0.7200, Test: 0.7480
Epoch: 22, Loss: 1.4661, Train: 0.8286, Val: 0.7340, Test: 0.7510
Epoch: 23, Loss: 1.3955, Train: 0.8714, Val: 0.7560, Test: 0.7730
Epoch: 24, Loss: 1.2720, Train: 0.8714, Val: 0.7540, Test: 0.7670
Epoch: 25, Loss: 1.1284, Train: 0.9000, Val: 0.7740, Test: 0.8010
Epoch: 26, Loss: 1.0757, Train: 0.9071, Val: 0.7800, Test: 0.7970
Epoch: 27, Loss: 0.9653, Train: 0.9357, Val: 0.7800, Test: 0.7910
Epoch: 28, Loss: 0.8498, Train: 0.9286, Val: 0.7740, Test: 0.7880
Epoch: 29, Loss: 0.7303, Train: 0.9286, Val: 0.7800, Test: 0.7960
Epoch: 30, Loss: 0.6154, Train: 0.9357, Val: 0.8000, Test: 0.8130
Epoch: 31, Loss: 0.5400, Train: 0.9357, Val: 0.8040, Test: 0.8210
Epoch: 32, Loss: 0.5352, Train: 0.9357, Val: 0.8020, Test: 0.8180
Epoch: 33, Loss: 0.4163, Train: 0.9357, Val: 0.7960, Test: 0.8130
Epoch: 34, Loss: 0.3667, Train: 0.9500, Val: 0.7780, Test: 0.7850
Epoch: 35, Loss: 0.3524, Train: 0.9571, Val: 0.7880, Test: 0.7950
Epoch: 36, Loss: 0.3276, Train: 0.9500, Val: 0.7960, Test: 0.8060
Epoch: 37, Loss: 0.2741, Train: 0.9643, Val: 0.7820, Test: 0.8080
Epoch: 38, Loss: 0.2339, Train: 0.9714, Val: 0.7840, Test: 0.7970
Epoch: 39, Loss: 0.2239, Train: 0.9714, Val: 0.7900, Test: 0.8000
Epoch: 40, Loss: 0.1977, Train: 0.9571, Val: 0.7860, Test: 0.7950
Epoch: 41, Loss: 0.2064, Train: 0.9714, Val: 0.7860, Test: 0.7980
Epoch: 42, Loss: 0.2017, Train: 0.9857, Val: 0.7920, Test: 0.7960
Epoch: 43, Loss: 0.1676, Train: 0.9714, Val: 0.7720, Test: 0.7770
Epoch: 44, Loss: 0.1718, Train: 0.9571, Val: 0.7600, Test: 0.7650
Epoch: 45, Loss: 0.1988, Train: 0.9643, Val: 0.7620, Test: 0.7680
Epoch: 46, Loss: 0.1966, Train: 0.9714, Val: 0.7760, Test: 0.7860
Epoch: 47, Loss: 0.1469, Train: 0.9643, Val: 0.7920, Test: 0.7760
Epoch: 48, Loss: 0.2229, Train: 0.9714, Val: 0.7880, Test: 0.7790
Epoch: 49, Loss: 0.1151, Train: 0.9714, Val: 0.7960, Test: 0.7870
Epoch: 50, Loss: 0.1309, Train: 0.9786, Val: 0.7820, Test: 0.7850
MAD:  0.8083
Best Test Accuracy: 0.8210, Val Accuracy: 0.8040, Train Accuracy: 0.9357
Training completed.
Seed:  3
PDN(
  (batch_norm): LayerNorm((128,), eps=1e-05, elementwise_affine=True)
  (convs): ModuleList(
    (0): PDNConv(1433, 128)
    (1-5): 5 x PDNConv(128, 128)
    (6): PDNConv(128, 7)
  )
  (residual_fc): Linear(in_features=1433, out_features=128, bias=True)
)
Epoch: 1, Loss: 1.9469, Train: 0.2000, Val: 0.1420, Test: 0.1400
Epoch: 2, Loss: 1.9373, Train: 0.2286, Val: 0.1380, Test: 0.1460
Epoch: 3, Loss: 1.9430, Train: 0.2214, Val: 0.1320, Test: 0.1420
Epoch: 4, Loss: 1.9382, Train: 0.2143, Val: 0.1260, Test: 0.1410
Epoch: 5, Loss: 1.9314, Train: 0.2071, Val: 0.1340, Test: 0.1450
Epoch: 6, Loss: 1.9288, Train: 0.2000, Val: 0.1340, Test: 0.1480
Epoch: 7, Loss: 1.9193, Train: 0.2071, Val: 0.1380, Test: 0.1450
Epoch: 8, Loss: 1.9158, Train: 0.2143, Val: 0.1380, Test: 0.1480
Epoch: 9, Loss: 1.9146, Train: 0.2571, Val: 0.1440, Test: 0.1510
Epoch: 10, Loss: 1.8953, Train: 0.3071, Val: 0.1680, Test: 0.1670
Epoch: 11, Loss: 1.8822, Train: 0.3214, Val: 0.1960, Test: 0.2000
Epoch: 12, Loss: 1.8655, Train: 0.3786, Val: 0.2260, Test: 0.2310
Epoch: 13, Loss: 1.8519, Train: 0.4143, Val: 0.2580, Test: 0.2540
Epoch: 14, Loss: 1.8229, Train: 0.4500, Val: 0.2780, Test: 0.2840
Epoch: 15, Loss: 1.7647, Train: 0.4500, Val: 0.2900, Test: 0.2980
Epoch: 16, Loss: 1.7521, Train: 0.4929, Val: 0.3060, Test: 0.3140
Epoch: 17, Loss: 1.7096, Train: 0.5357, Val: 0.3420, Test: 0.3420
Epoch: 18, Loss: 1.6519, Train: 0.5643, Val: 0.3920, Test: 0.3870
Epoch: 19, Loss: 1.6399, Train: 0.5929, Val: 0.4380, Test: 0.4260
Epoch: 20, Loss: 1.5604, Train: 0.6000, Val: 0.4600, Test: 0.4570
Epoch: 21, Loss: 1.4964, Train: 0.6357, Val: 0.4720, Test: 0.4810
Epoch: 22, Loss: 1.4105, Train: 0.6714, Val: 0.4840, Test: 0.4900
Epoch: 23, Loss: 1.3552, Train: 0.7143, Val: 0.5140, Test: 0.5350
Epoch: 24, Loss: 1.2717, Train: 0.7357, Val: 0.5480, Test: 0.5550
Epoch: 25, Loss: 1.1893, Train: 0.7571, Val: 0.5680, Test: 0.5790
Epoch: 26, Loss: 1.1163, Train: 0.7500, Val: 0.5640, Test: 0.5910
Epoch: 27, Loss: 1.0306, Train: 0.7571, Val: 0.6120, Test: 0.6300
Epoch: 28, Loss: 0.9227, Train: 0.7929, Val: 0.6440, Test: 0.6650
Epoch: 29, Loss: 0.8510, Train: 0.7857, Val: 0.6380, Test: 0.6540
Epoch: 30, Loss: 0.7836, Train: 0.8000, Val: 0.6360, Test: 0.6650
Epoch: 31, Loss: 0.6976, Train: 0.8571, Val: 0.6680, Test: 0.7050
Epoch: 32, Loss: 0.6255, Train: 0.9071, Val: 0.7000, Test: 0.7340
Epoch: 33, Loss: 0.6144, Train: 0.9357, Val: 0.7220, Test: 0.7590
Epoch: 34, Loss: 0.4719, Train: 0.9429, Val: 0.7340, Test: 0.7690
Epoch: 35, Loss: 0.5621, Train: 0.9500, Val: 0.7280, Test: 0.7660
Epoch: 36, Loss: 0.3894, Train: 0.9714, Val: 0.7680, Test: 0.7830
Epoch: 37, Loss: 0.3567, Train: 0.9571, Val: 0.7860, Test: 0.7970
Epoch: 38, Loss: 0.3654, Train: 0.9714, Val: 0.7680, Test: 0.7690
Epoch: 39, Loss: 0.3118, Train: 0.9786, Val: 0.7280, Test: 0.7540
Epoch: 40, Loss: 0.2984, Train: 0.9714, Val: 0.7140, Test: 0.7410
Epoch: 41, Loss: 0.3787, Train: 0.9857, Val: 0.7560, Test: 0.7680
Epoch: 42, Loss: 0.2320, Train: 0.9857, Val: 0.7660, Test: 0.7840
Epoch: 43, Loss: 0.2258, Train: 0.9786, Val: 0.7700, Test: 0.7860
Epoch: 44, Loss: 0.1642, Train: 0.9929, Val: 0.7620, Test: 0.7750
Epoch: 45, Loss: 0.1421, Train: 0.9714, Val: 0.7680, Test: 0.7760
Epoch: 46, Loss: 0.1356, Train: 0.9786, Val: 0.7560, Test: 0.7750
Epoch: 47, Loss: 0.1801, Train: 0.9857, Val: 0.7480, Test: 0.7590
Epoch: 48, Loss: 0.1151, Train: 0.9857, Val: 0.7520, Test: 0.7610
Epoch: 49, Loss: 0.1681, Train: 0.9786, Val: 0.7540, Test: 0.7720
Epoch: 50, Loss: 0.1694, Train: 0.9786, Val: 0.7500, Test: 0.7670
MAD:  0.7728
Best Test Accuracy: 0.7970, Val Accuracy: 0.7860, Train Accuracy: 0.9571
Training completed.
Seed:  4
PDN(
  (batch_norm): LayerNorm((128,), eps=1e-05, elementwise_affine=True)
  (convs): ModuleList(
    (0): PDNConv(1433, 128)
    (1-5): 5 x PDNConv(128, 128)
    (6): PDNConv(128, 7)
  )
  (residual_fc): Linear(in_features=1433, out_features=128, bias=True)
)
Epoch: 1, Loss: 1.9428, Train: 0.1643, Val: 0.1180, Test: 0.1160
Epoch: 2, Loss: 1.9415, Train: 0.2214, Val: 0.2520, Test: 0.2710
Epoch: 3, Loss: 1.9372, Train: 0.2286, Val: 0.3260, Test: 0.3340
Epoch: 4, Loss: 1.9383, Train: 0.2000, Val: 0.3220, Test: 0.3260
Epoch: 5, Loss: 1.9321, Train: 0.2143, Val: 0.3320, Test: 0.3380
Epoch: 6, Loss: 1.9226, Train: 0.2429, Val: 0.3440, Test: 0.3490
Epoch: 7, Loss: 1.9211, Train: 0.2500, Val: 0.3500, Test: 0.3560
Epoch: 8, Loss: 1.9156, Train: 0.2500, Val: 0.3520, Test: 0.3560
Epoch: 9, Loss: 1.9106, Train: 0.2571, Val: 0.3440, Test: 0.3530
Epoch: 10, Loss: 1.9001, Train: 0.2929, Val: 0.3480, Test: 0.3590
Epoch: 11, Loss: 1.8750, Train: 0.3071, Val: 0.3420, Test: 0.3760
Epoch: 12, Loss: 1.8585, Train: 0.3429, Val: 0.3360, Test: 0.3900
Epoch: 13, Loss: 1.8528, Train: 0.4214, Val: 0.3580, Test: 0.4170
Epoch: 14, Loss: 1.8225, Train: 0.4571, Val: 0.3800, Test: 0.4240
Epoch: 15, Loss: 1.7848, Train: 0.4643, Val: 0.3720, Test: 0.4260
Epoch: 16, Loss: 1.7639, Train: 0.4714, Val: 0.3720, Test: 0.4320
Epoch: 17, Loss: 1.7283, Train: 0.5429, Val: 0.4160, Test: 0.4690
Epoch: 18, Loss: 1.6741, Train: 0.6071, Val: 0.4560, Test: 0.5110
Epoch: 19, Loss: 1.6250, Train: 0.6286, Val: 0.4780, Test: 0.5420
Epoch: 20, Loss: 1.5627, Train: 0.6286, Val: 0.4880, Test: 0.5500
Epoch: 21, Loss: 1.5492, Train: 0.6286, Val: 0.4860, Test: 0.5500
Epoch: 22, Loss: 1.4743, Train: 0.6286, Val: 0.4920, Test: 0.5500
Epoch: 23, Loss: 1.4090, Train: 0.6357, Val: 0.4980, Test: 0.5500
Epoch: 24, Loss: 1.3170, Train: 0.6429, Val: 0.4940, Test: 0.5540
Epoch: 25, Loss: 1.2859, Train: 0.6571, Val: 0.4960, Test: 0.5490
Epoch: 26, Loss: 1.1627, Train: 0.7071, Val: 0.5020, Test: 0.5450
Epoch: 27, Loss: 1.0855, Train: 0.7286, Val: 0.5100, Test: 0.5500
Epoch: 28, Loss: 1.0186, Train: 0.7643, Val: 0.5460, Test: 0.5810
Epoch: 29, Loss: 0.9529, Train: 0.7643, Val: 0.5700, Test: 0.6130
Epoch: 30, Loss: 0.9442, Train: 0.8000, Val: 0.5920, Test: 0.6270
Epoch: 31, Loss: 0.8495, Train: 0.7857, Val: 0.5920, Test: 0.6090
Epoch: 32, Loss: 0.7623, Train: 0.8000, Val: 0.6020, Test: 0.6280
Epoch: 33, Loss: 0.6738, Train: 0.8000, Val: 0.5860, Test: 0.6390
Epoch: 34, Loss: 0.6635, Train: 0.8000, Val: 0.5920, Test: 0.6220
Epoch: 35, Loss: 0.5800, Train: 0.8357, Val: 0.6020, Test: 0.6250
Epoch: 36, Loss: 0.4969, Train: 0.9357, Val: 0.6640, Test: 0.6860
Epoch: 37, Loss: 0.4951, Train: 0.9357, Val: 0.6820, Test: 0.7120
Epoch: 38, Loss: 0.4555, Train: 0.9429, Val: 0.6980, Test: 0.7300
Epoch: 39, Loss: 0.4683, Train: 0.9571, Val: 0.7060, Test: 0.7360
Epoch: 40, Loss: 0.4241, Train: 0.9643, Val: 0.7080, Test: 0.7410
Epoch: 41, Loss: 0.4244, Train: 0.9500, Val: 0.7080, Test: 0.7230
Epoch: 42, Loss: 0.4338, Train: 0.9786, Val: 0.7180, Test: 0.7470
Epoch: 43, Loss: 0.2901, Train: 0.9714, Val: 0.7320, Test: 0.7590
Epoch: 44, Loss: 0.2335, Train: 0.9786, Val: 0.7200, Test: 0.7530
Epoch: 45, Loss: 0.2337, Train: 0.9857, Val: 0.7140, Test: 0.7470
Epoch: 46, Loss: 0.2452, Train: 0.9786, Val: 0.7280, Test: 0.7450
Epoch: 47, Loss: 0.1928, Train: 0.9786, Val: 0.7200, Test: 0.7320
Epoch: 48, Loss: 0.2211, Train: 0.9643, Val: 0.7000, Test: 0.7050
Epoch: 49, Loss: 0.1949, Train: 0.9643, Val: 0.6920, Test: 0.7110
Epoch: 50, Loss: 0.2224, Train: 0.9857, Val: 0.7080, Test: 0.7300
MAD:  0.905
Best Test Accuracy: 0.7590, Val Accuracy: 0.7320, Train Accuracy: 0.9714
Training completed.
Seed:  5
PDN(
  (batch_norm): LayerNorm((128,), eps=1e-05, elementwise_affine=True)
  (convs): ModuleList(
    (0): PDNConv(1433, 128)
    (1-5): 5 x PDNConv(128, 128)
    (6): PDNConv(128, 7)
  )
  (residual_fc): Linear(in_features=1433, out_features=128, bias=True)
)
Epoch: 1, Loss: 1.9451, Train: 0.1429, Val: 0.1220, Test: 0.1300
Epoch: 2, Loss: 1.9424, Train: 0.1429, Val: 0.1220, Test: 0.1300
Epoch: 3, Loss: 1.9426, Train: 0.1786, Val: 0.1220, Test: 0.1330
Epoch: 4, Loss: 1.9399, Train: 0.1786, Val: 0.1220, Test: 0.1330
Epoch: 5, Loss: 1.9356, Train: 0.1786, Val: 0.1240, Test: 0.1330
Epoch: 6, Loss: 1.9366, Train: 0.1857, Val: 0.1240, Test: 0.1350
Epoch: 7, Loss: 1.9288, Train: 0.2000, Val: 0.1260, Test: 0.1390
Epoch: 8, Loss: 1.9257, Train: 0.2143, Val: 0.1300, Test: 0.1460
Epoch: 9, Loss: 1.9192, Train: 0.2357, Val: 0.1380, Test: 0.1480
Epoch: 10, Loss: 1.9083, Train: 0.2429, Val: 0.1440, Test: 0.1510
Epoch: 11, Loss: 1.9023, Train: 0.2500, Val: 0.1420, Test: 0.1550
Epoch: 12, Loss: 1.8818, Train: 0.2500, Val: 0.1420, Test: 0.1590
Epoch: 13, Loss: 1.8591, Train: 0.2786, Val: 0.1480, Test: 0.1660
Epoch: 14, Loss: 1.8411, Train: 0.3143, Val: 0.1600, Test: 0.1790
Epoch: 15, Loss: 1.8149, Train: 0.3357, Val: 0.1620, Test: 0.1900
Epoch: 16, Loss: 1.7929, Train: 0.3714, Val: 0.1900, Test: 0.2150
Epoch: 17, Loss: 1.7543, Train: 0.4429, Val: 0.2420, Test: 0.2750
Epoch: 18, Loss: 1.6863, Train: 0.4857, Val: 0.3300, Test: 0.3330
Epoch: 19, Loss: 1.6669, Train: 0.5143, Val: 0.3860, Test: 0.3840
Epoch: 20, Loss: 1.5993, Train: 0.5429, Val: 0.4000, Test: 0.3980
Epoch: 21, Loss: 1.5331, Train: 0.6286, Val: 0.4460, Test: 0.4470
Epoch: 22, Loss: 1.4725, Train: 0.6714, Val: 0.4660, Test: 0.4630
Epoch: 23, Loss: 1.3865, Train: 0.7143, Val: 0.4920, Test: 0.5020
Epoch: 24, Loss: 1.3169, Train: 0.7786, Val: 0.5340, Test: 0.5420
Epoch: 25, Loss: 1.2303, Train: 0.8071, Val: 0.5560, Test: 0.5610
Epoch: 26, Loss: 1.1683, Train: 0.8071, Val: 0.5620, Test: 0.5700
Epoch: 27, Loss: 1.0155, Train: 0.8000, Val: 0.5500, Test: 0.5610
Epoch: 28, Loss: 0.9873, Train: 0.7929, Val: 0.5720, Test: 0.5740
Epoch: 29, Loss: 0.8507, Train: 0.8643, Val: 0.6080, Test: 0.6260
Epoch: 30, Loss: 0.8556, Train: 0.8643, Val: 0.5940, Test: 0.6140
Epoch: 31, Loss: 0.7533, Train: 0.9214, Val: 0.7020, Test: 0.7280
Epoch: 32, Loss: 0.7364, Train: 0.9357, Val: 0.7600, Test: 0.7900
Epoch: 33, Loss: 0.6007, Train: 0.9143, Val: 0.7560, Test: 0.7930
Epoch: 34, Loss: 0.5418, Train: 0.9357, Val: 0.7560, Test: 0.7790
Epoch: 35, Loss: 0.4608, Train: 0.9571, Val: 0.7580, Test: 0.7860
Epoch: 36, Loss: 0.5198, Train: 0.9500, Val: 0.7500, Test: 0.7770
Epoch: 37, Loss: 0.4699, Train: 0.9500, Val: 0.7360, Test: 0.7690
Epoch: 38, Loss: 0.3017, Train: 0.9571, Val: 0.7460, Test: 0.7590
Epoch: 39, Loss: 0.3662, Train: 0.9786, Val: 0.7580, Test: 0.7580
Epoch: 40, Loss: 0.3949, Train: 0.9500, Val: 0.7720, Test: 0.7940
Epoch: 41, Loss: 0.3482, Train: 0.9571, Val: 0.7600, Test: 0.7950
Epoch: 42, Loss: 0.3040, Train: 0.9786, Val: 0.7620, Test: 0.7850
Epoch: 43, Loss: 0.2557, Train: 0.9500, Val: 0.7480, Test: 0.7720
Epoch: 44, Loss: 0.2582, Train: 0.9714, Val: 0.7680, Test: 0.7760
Epoch: 45, Loss: 0.2745, Train: 0.9786, Val: 0.7820, Test: 0.7870
Epoch: 46, Loss: 0.1890, Train: 0.9500, Val: 0.7680, Test: 0.7970
Epoch: 47, Loss: 0.2349, Train: 0.9500, Val: 0.7640, Test: 0.7880
Epoch: 48, Loss: 0.1846, Train: 0.9643, Val: 0.7620, Test: 0.7830
Epoch: 49, Loss: 0.1968, Train: 0.9714, Val: 0.7580, Test: 0.7680
Epoch: 50, Loss: 0.2125, Train: 0.9786, Val: 0.7700, Test: 0.7740
MAD:  0.8534
Best Test Accuracy: 0.7970, Val Accuracy: 0.7680, Train Accuracy: 0.9500
Training completed.
Seed:  6
PDN(
  (batch_norm): LayerNorm((128,), eps=1e-05, elementwise_affine=True)
  (convs): ModuleList(
    (0): PDNConv(1433, 128)
    (1-5): 5 x PDNConv(128, 128)
    (6): PDNConv(128, 7)
  )
  (residual_fc): Linear(in_features=1433, out_features=128, bias=True)
)
Epoch: 1, Loss: 1.9465, Train: 0.3000, Val: 0.2320, Test: 0.2410
Epoch: 2, Loss: 1.9443, Train: 0.4143, Val: 0.2580, Test: 0.2780
Epoch: 3, Loss: 1.9428, Train: 0.4286, Val: 0.2760, Test: 0.3000
Epoch: 4, Loss: 1.9413, Train: 0.4500, Val: 0.3040, Test: 0.3090
Epoch: 5, Loss: 1.9387, Train: 0.4429, Val: 0.3180, Test: 0.3190
Epoch: 6, Loss: 1.9371, Train: 0.4286, Val: 0.3160, Test: 0.3270
Epoch: 7, Loss: 1.9326, Train: 0.3714, Val: 0.2920, Test: 0.2940
Epoch: 8, Loss: 1.9300, Train: 0.3143, Val: 0.2780, Test: 0.2940
Epoch: 9, Loss: 1.9227, Train: 0.3643, Val: 0.3440, Test: 0.3490
Epoch: 10, Loss: 1.9208, Train: 0.4857, Val: 0.4000, Test: 0.4210
Epoch: 11, Loss: 1.9010, Train: 0.6000, Val: 0.4900, Test: 0.5110
Epoch: 12, Loss: 1.8918, Train: 0.6571, Val: 0.5640, Test: 0.5570
Epoch: 13, Loss: 1.8799, Train: 0.6643, Val: 0.5760, Test: 0.5710
Epoch: 14, Loss: 1.8578, Train: 0.7143, Val: 0.5860, Test: 0.5930
Epoch: 15, Loss: 1.8355, Train: 0.7643, Val: 0.6260, Test: 0.6270
Epoch: 16, Loss: 1.7904, Train: 0.8071, Val: 0.6600, Test: 0.6570
Epoch: 17, Loss: 1.7710, Train: 0.8357, Val: 0.6680, Test: 0.6900
Epoch: 18, Loss: 1.7231, Train: 0.8214, Val: 0.6880, Test: 0.7090
Epoch: 19, Loss: 1.6700, Train: 0.8214, Val: 0.6960, Test: 0.7230
Epoch: 20, Loss: 1.6020, Train: 0.8214, Val: 0.6960, Test: 0.7230
Epoch: 21, Loss: 1.5161, Train: 0.8286, Val: 0.7020, Test: 0.7320
Epoch: 22, Loss: 1.4196, Train: 0.8357, Val: 0.7200, Test: 0.7400
Epoch: 23, Loss: 1.3603, Train: 0.8571, Val: 0.7340, Test: 0.7440
Epoch: 24, Loss: 1.1837, Train: 0.8643, Val: 0.7320, Test: 0.7480
Epoch: 25, Loss: 1.0860, Train: 0.8714, Val: 0.7580, Test: 0.7730
Epoch: 26, Loss: 0.9540, Train: 0.8857, Val: 0.7560, Test: 0.7590
Epoch: 27, Loss: 0.8445, Train: 0.8929, Val: 0.7520, Test: 0.7620
Epoch: 28, Loss: 0.7244, Train: 0.9000, Val: 0.7720, Test: 0.7920
Epoch: 29, Loss: 0.6871, Train: 0.9214, Val: 0.7740, Test: 0.8010
Epoch: 30, Loss: 0.6510, Train: 0.9286, Val: 0.7660, Test: 0.7820
Epoch: 31, Loss: 0.5734, Train: 0.9357, Val: 0.7520, Test: 0.7510
Epoch: 32, Loss: 0.4534, Train: 0.9357, Val: 0.7540, Test: 0.7560
Epoch: 33, Loss: 0.4631, Train: 0.9286, Val: 0.7600, Test: 0.7750
Epoch: 34, Loss: 0.3504, Train: 0.9214, Val: 0.7700, Test: 0.7920
Epoch: 35, Loss: 0.3366, Train: 0.9571, Val: 0.7740, Test: 0.7770
Epoch: 36, Loss: 0.2729, Train: 0.9571, Val: 0.7740, Test: 0.7720
Epoch: 37, Loss: 0.2449, Train: 0.9643, Val: 0.7780, Test: 0.7780
Epoch: 38, Loss: 0.2467, Train: 0.9571, Val: 0.7900, Test: 0.7840
Epoch: 39, Loss: 0.2289, Train: 0.9643, Val: 0.7880, Test: 0.7850
Epoch: 40, Loss: 0.2824, Train: 0.9500, Val: 0.7820, Test: 0.7880
Epoch: 41, Loss: 0.1364, Train: 0.9786, Val: 0.7760, Test: 0.7750
Epoch: 42, Loss: 0.1586, Train: 0.9786, Val: 0.7860, Test: 0.7810
Epoch: 43, Loss: 0.1630, Train: 0.9786, Val: 0.7780, Test: 0.7680
Epoch: 44, Loss: 0.1616, Train: 0.9929, Val: 0.7760, Test: 0.7710
Epoch: 45, Loss: 0.2145, Train: 0.9714, Val: 0.7660, Test: 0.7690
Epoch: 46, Loss: 0.1477, Train: 0.9786, Val: 0.7720, Test: 0.7730
Epoch: 47, Loss: 0.1213, Train: 0.9786, Val: 0.7720, Test: 0.7800
Epoch: 48, Loss: 0.1147, Train: 0.9857, Val: 0.7780, Test: 0.7820
Epoch: 49, Loss: 0.0841, Train: 0.9857, Val: 0.7700, Test: 0.7770
Epoch: 50, Loss: 0.0860, Train: 0.9929, Val: 0.7660, Test: 0.7700
MAD:  0.9258
Best Test Accuracy: 0.8010, Val Accuracy: 0.7740, Train Accuracy: 0.9214
Training completed.
Seed:  7
PDN(
  (batch_norm): LayerNorm((128,), eps=1e-05, elementwise_affine=True)
  (convs): ModuleList(
    (0): PDNConv(1433, 128)
    (1-5): 5 x PDNConv(128, 128)
    (6): PDNConv(128, 7)
  )
  (residual_fc): Linear(in_features=1433, out_features=128, bias=True)
)
Epoch: 1, Loss: 1.9481, Train: 0.1357, Val: 0.1280, Test: 0.1090
Epoch: 2, Loss: 1.9438, Train: 0.2714, Val: 0.2460, Test: 0.2480
Epoch: 3, Loss: 1.9415, Train: 0.3571, Val: 0.3440, Test: 0.3750
Epoch: 4, Loss: 1.9439, Train: 0.3643, Val: 0.2760, Test: 0.3030
Epoch: 5, Loss: 1.9382, Train: 0.3929, Val: 0.2500, Test: 0.2690
Epoch: 6, Loss: 1.9342, Train: 0.4143, Val: 0.2900, Test: 0.2900
Epoch: 7, Loss: 1.9328, Train: 0.4929, Val: 0.3220, Test: 0.3290
Epoch: 8, Loss: 1.9299, Train: 0.5357, Val: 0.3240, Test: 0.3700
Epoch: 9, Loss: 1.9233, Train: 0.5357, Val: 0.3540, Test: 0.3930
Epoch: 10, Loss: 1.9160, Train: 0.5500, Val: 0.3920, Test: 0.4170
Epoch: 11, Loss: 1.9039, Train: 0.5714, Val: 0.4320, Test: 0.4480
Epoch: 12, Loss: 1.8913, Train: 0.6071, Val: 0.4400, Test: 0.4680
Epoch: 13, Loss: 1.8836, Train: 0.6286, Val: 0.4580, Test: 0.4810
Epoch: 14, Loss: 1.8682, Train: 0.6357, Val: 0.4720, Test: 0.4850
Epoch: 15, Loss: 1.8382, Train: 0.6286, Val: 0.4860, Test: 0.4780
Epoch: 16, Loss: 1.8104, Train: 0.6143, Val: 0.4900, Test: 0.5030
Epoch: 17, Loss: 1.7828, Train: 0.6214, Val: 0.4820, Test: 0.5030
Epoch: 18, Loss: 1.7290, Train: 0.6000, Val: 0.4780, Test: 0.4740
Epoch: 19, Loss: 1.6867, Train: 0.6500, Val: 0.4740, Test: 0.4760
Epoch: 20, Loss: 1.6114, Train: 0.6500, Val: 0.4640, Test: 0.4720
Epoch: 21, Loss: 1.5530, Train: 0.6643, Val: 0.4500, Test: 0.4740
Epoch: 22, Loss: 1.4868, Train: 0.6714, Val: 0.4600, Test: 0.4760
Epoch: 23, Loss: 1.3849, Train: 0.6857, Val: 0.4680, Test: 0.4830
Epoch: 24, Loss: 1.3291, Train: 0.7143, Val: 0.5100, Test: 0.5080
Epoch: 25, Loss: 1.2453, Train: 0.7286, Val: 0.5120, Test: 0.5090
Epoch: 26, Loss: 1.1067, Train: 0.7714, Val: 0.5380, Test: 0.5350
Epoch: 27, Loss: 1.0588, Train: 0.7857, Val: 0.5540, Test: 0.5650
Epoch: 28, Loss: 0.9340, Train: 0.8286, Val: 0.5940, Test: 0.6020
Epoch: 29, Loss: 0.9074, Train: 0.8429, Val: 0.6400, Test: 0.6250
Epoch: 30, Loss: 0.7637, Train: 0.8786, Val: 0.7020, Test: 0.6950
Epoch: 31, Loss: 0.8381, Train: 0.8857, Val: 0.7120, Test: 0.7140
Epoch: 32, Loss: 0.7360, Train: 0.8929, Val: 0.7220, Test: 0.7230
Epoch: 33, Loss: 0.7255, Train: 0.8857, Val: 0.6800, Test: 0.6830
Epoch: 34, Loss: 0.6574, Train: 0.9071, Val: 0.6720, Test: 0.6750
Epoch: 35, Loss: 0.6020, Train: 0.9071, Val: 0.7020, Test: 0.6950
Epoch: 36, Loss: 0.5030, Train: 0.9143, Val: 0.7120, Test: 0.7050
Epoch: 37, Loss: 0.5887, Train: 0.9286, Val: 0.7300, Test: 0.7200
Epoch: 38, Loss: 0.4855, Train: 0.9000, Val: 0.7320, Test: 0.7260
Epoch: 39, Loss: 0.5127, Train: 0.9071, Val: 0.7400, Test: 0.7370
Epoch: 40, Loss: 0.4369, Train: 0.9214, Val: 0.7740, Test: 0.7430
Epoch: 41, Loss: 0.3971, Train: 0.9429, Val: 0.7520, Test: 0.7400
Epoch: 42, Loss: 0.3383, Train: 0.9357, Val: 0.7480, Test: 0.7470
Epoch: 43, Loss: 0.3151, Train: 0.9429, Val: 0.7220, Test: 0.7320
Epoch: 44, Loss: 0.3084, Train: 0.9571, Val: 0.7160, Test: 0.7090
Epoch: 45, Loss: 0.3632, Train: 0.9571, Val: 0.7120, Test: 0.7210
Epoch: 46, Loss: 0.2497, Train: 0.9643, Val: 0.7220, Test: 0.7170
Epoch: 47, Loss: 0.3279, Train: 0.9571, Val: 0.7320, Test: 0.7240
Epoch: 48, Loss: 0.2381, Train: 0.9500, Val: 0.7360, Test: 0.7280
Epoch: 49, Loss: 0.2368, Train: 0.9714, Val: 0.7680, Test: 0.7470
Epoch: 50, Loss: 0.2411, Train: 0.9786, Val: 0.7640, Test: 0.7530
MAD:  0.8838
Best Test Accuracy: 0.7530, Val Accuracy: 0.7640, Train Accuracy: 0.9786
Training completed.
Seed:  8
PDN(
  (batch_norm): LayerNorm((128,), eps=1e-05, elementwise_affine=True)
  (convs): ModuleList(
    (0): PDNConv(1433, 128)
    (1-5): 5 x PDNConv(128, 128)
    (6): PDNConv(128, 7)
  )
  (residual_fc): Linear(in_features=1433, out_features=128, bias=True)
)
Epoch: 1, Loss: 1.9477, Train: 0.1714, Val: 0.1320, Test: 0.1380
Epoch: 2, Loss: 1.9431, Train: 0.2214, Val: 0.1380, Test: 0.1620
Epoch: 3, Loss: 1.9423, Train: 0.2500, Val: 0.1380, Test: 0.1560
Epoch: 4, Loss: 1.9362, Train: 0.2286, Val: 0.1360, Test: 0.1530
Epoch: 5, Loss: 1.9355, Train: 0.2214, Val: 0.1260, Test: 0.1510
Epoch: 6, Loss: 1.9320, Train: 0.2286, Val: 0.1240, Test: 0.1480
Epoch: 7, Loss: 1.9272, Train: 0.2143, Val: 0.1240, Test: 0.1470
Epoch: 8, Loss: 1.9176, Train: 0.2214, Val: 0.1240, Test: 0.1470
Epoch: 9, Loss: 1.9097, Train: 0.2214, Val: 0.1240, Test: 0.1480
Epoch: 10, Loss: 1.8983, Train: 0.2286, Val: 0.1320, Test: 0.1480
Epoch: 11, Loss: 1.8867, Train: 0.2500, Val: 0.1360, Test: 0.1490
Epoch: 12, Loss: 1.8746, Train: 0.2714, Val: 0.1440, Test: 0.1640
Epoch: 13, Loss: 1.8439, Train: 0.2714, Val: 0.1520, Test: 0.1730
Epoch: 14, Loss: 1.8101, Train: 0.2929, Val: 0.1640, Test: 0.1840
Epoch: 15, Loss: 1.8035, Train: 0.3857, Val: 0.2120, Test: 0.2470
Epoch: 16, Loss: 1.7615, Train: 0.4714, Val: 0.2840, Test: 0.3140
Epoch: 17, Loss: 1.7166, Train: 0.5643, Val: 0.3920, Test: 0.4060
Epoch: 18, Loss: 1.6645, Train: 0.7143, Val: 0.5200, Test: 0.5600
Epoch: 19, Loss: 1.5867, Train: 0.7571, Val: 0.6020, Test: 0.6150
Epoch: 20, Loss: 1.5521, Train: 0.8143, Val: 0.6540, Test: 0.6690
Epoch: 21, Loss: 1.4591, Train: 0.8643, Val: 0.6980, Test: 0.7110
Epoch: 22, Loss: 1.3551, Train: 0.8929, Val: 0.7360, Test: 0.7520
Epoch: 23, Loss: 1.2569, Train: 0.8857, Val: 0.7520, Test: 0.7740
Epoch: 24, Loss: 1.1521, Train: 0.9071, Val: 0.7700, Test: 0.7810
Epoch: 25, Loss: 1.0905, Train: 0.9143, Val: 0.7580, Test: 0.7820
Epoch: 26, Loss: 0.9569, Train: 0.9071, Val: 0.7520, Test: 0.7740
Epoch: 27, Loss: 0.9112, Train: 0.9071, Val: 0.7500, Test: 0.7800
Epoch: 28, Loss: 0.7766, Train: 0.8929, Val: 0.7560, Test: 0.7920
Epoch: 29, Loss: 0.6839, Train: 0.9143, Val: 0.7680, Test: 0.7850
Epoch: 30, Loss: 0.5910, Train: 0.9286, Val: 0.7620, Test: 0.7790
Epoch: 31, Loss: 0.5117, Train: 0.9214, Val: 0.7660, Test: 0.7940
Epoch: 32, Loss: 0.5056, Train: 0.9214, Val: 0.7800, Test: 0.8040
Epoch: 33, Loss: 0.4597, Train: 0.9357, Val: 0.7780, Test: 0.8050
Epoch: 34, Loss: 0.4458, Train: 0.9571, Val: 0.7860, Test: 0.8130
Epoch: 35, Loss: 0.4639, Train: 0.9429, Val: 0.7720, Test: 0.7990
Epoch: 36, Loss: 0.3811, Train: 0.9571, Val: 0.7620, Test: 0.7900
Epoch: 37, Loss: 0.4235, Train: 0.9429, Val: 0.7740, Test: 0.7880
Epoch: 38, Loss: 0.2752, Train: 0.9429, Val: 0.7600, Test: 0.7970
Epoch: 39, Loss: 0.3241, Train: 0.9714, Val: 0.7600, Test: 0.7970
Epoch: 40, Loss: 0.2399, Train: 0.9786, Val: 0.7580, Test: 0.7750
Epoch: 41, Loss: 0.2561, Train: 0.9571, Val: 0.7500, Test: 0.7630
Epoch: 42, Loss: 0.2266, Train: 0.9571, Val: 0.7680, Test: 0.7820
Epoch: 43, Loss: 0.1770, Train: 0.9714, Val: 0.7780, Test: 0.7880
Epoch: 44, Loss: 0.1716, Train: 0.9571, Val: 0.7720, Test: 0.7900
Epoch: 45, Loss: 0.2199, Train: 0.9643, Val: 0.7620, Test: 0.7910
Epoch: 46, Loss: 0.1732, Train: 0.9929, Val: 0.7620, Test: 0.7790
Epoch: 47, Loss: 0.1683, Train: 0.9929, Val: 0.7620, Test: 0.7780
Epoch: 48, Loss: 0.1660, Train: 0.9857, Val: 0.7640, Test: 0.7820
Epoch: 49, Loss: 0.1793, Train: 0.9857, Val: 0.7660, Test: 0.7860
Epoch: 50, Loss: 0.1325, Train: 0.9786, Val: 0.7700, Test: 0.7820
MAD:  0.7285
Best Test Accuracy: 0.8130, Val Accuracy: 0.7860, Train Accuracy: 0.9571
Training completed.
Seed:  9
PDN(
  (batch_norm): LayerNorm((128,), eps=1e-05, elementwise_affine=True)
  (convs): ModuleList(
    (0): PDNConv(1433, 128)
    (1-5): 5 x PDNConv(128, 128)
    (6): PDNConv(128, 7)
  )
  (residual_fc): Linear(in_features=1433, out_features=128, bias=True)
)
Epoch: 1, Loss: 1.9430, Train: 0.2000, Val: 0.1440, Test: 0.1440
Epoch: 2, Loss: 1.9425, Train: 0.2286, Val: 0.1480, Test: 0.1640
Epoch: 3, Loss: 1.9420, Train: 0.2429, Val: 0.1500, Test: 0.1670
Epoch: 4, Loss: 1.9370, Train: 0.2500, Val: 0.1480, Test: 0.1690
Epoch: 5, Loss: 1.9369, Train: 0.2500, Val: 0.1500, Test: 0.1680
Epoch: 6, Loss: 1.9328, Train: 0.2571, Val: 0.1580, Test: 0.1700
Epoch: 7, Loss: 1.9260, Train: 0.2786, Val: 0.1780, Test: 0.1890
Epoch: 8, Loss: 1.9230, Train: 0.2929, Val: 0.1940, Test: 0.2040
Epoch: 9, Loss: 1.9129, Train: 0.3143, Val: 0.2080, Test: 0.2100
Epoch: 10, Loss: 1.9054, Train: 0.3286, Val: 0.2220, Test: 0.2220
Epoch: 11, Loss: 1.8972, Train: 0.3429, Val: 0.2280, Test: 0.2310
Epoch: 12, Loss: 1.8870, Train: 0.3500, Val: 0.2320, Test: 0.2310
Epoch: 13, Loss: 1.8669, Train: 0.3500, Val: 0.2380, Test: 0.2330
Epoch: 14, Loss: 1.8453, Train: 0.3500, Val: 0.2360, Test: 0.2350
Epoch: 15, Loss: 1.8329, Train: 0.3429, Val: 0.2380, Test: 0.2400
Epoch: 16, Loss: 1.8088, Train: 0.3929, Val: 0.2640, Test: 0.2660
Epoch: 17, Loss: 1.7796, Train: 0.4143, Val: 0.2800, Test: 0.2820
Epoch: 18, Loss: 1.7375, Train: 0.4357, Val: 0.3000, Test: 0.2970
Epoch: 19, Loss: 1.6769, Train: 0.4786, Val: 0.3080, Test: 0.3130
Epoch: 20, Loss: 1.6473, Train: 0.5000, Val: 0.3220, Test: 0.3200
Epoch: 21, Loss: 1.5962, Train: 0.5214, Val: 0.3380, Test: 0.3530
Epoch: 22, Loss: 1.5428, Train: 0.5286, Val: 0.3520, Test: 0.3620
Epoch: 23, Loss: 1.4810, Train: 0.5286, Val: 0.3540, Test: 0.3700
Epoch: 24, Loss: 1.4249, Train: 0.5357, Val: 0.3700, Test: 0.3740
Epoch: 25, Loss: 1.3568, Train: 0.5500, Val: 0.3900, Test: 0.3890
Epoch: 26, Loss: 1.3078, Train: 0.5714, Val: 0.4040, Test: 0.4090
Epoch: 27, Loss: 1.2401, Train: 0.5786, Val: 0.4040, Test: 0.4070
Epoch: 28, Loss: 1.1663, Train: 0.6357, Val: 0.4180, Test: 0.4250
Epoch: 29, Loss: 1.1181, Train: 0.6857, Val: 0.4600, Test: 0.4680
Epoch: 30, Loss: 1.0577, Train: 0.7071, Val: 0.5180, Test: 0.5210
Epoch: 31, Loss: 0.9858, Train: 0.7214, Val: 0.5600, Test: 0.5510
Epoch: 32, Loss: 0.9563, Train: 0.7429, Val: 0.5960, Test: 0.5840
Epoch: 33, Loss: 0.8556, Train: 0.7857, Val: 0.6140, Test: 0.6200
Epoch: 34, Loss: 0.8180, Train: 0.7714, Val: 0.5560, Test: 0.5620
Epoch: 35, Loss: 0.7286, Train: 0.7714, Val: 0.5500, Test: 0.5590
Epoch: 36, Loss: 0.7557, Train: 0.7929, Val: 0.6080, Test: 0.6090
Epoch: 37, Loss: 0.6048, Train: 0.8571, Val: 0.6500, Test: 0.6720
Epoch: 38, Loss: 0.6136, Train: 0.8786, Val: 0.6940, Test: 0.7070
Epoch: 39, Loss: 0.5128, Train: 0.9286, Val: 0.7160, Test: 0.7360
Epoch: 40, Loss: 0.5157, Train: 0.9571, Val: 0.7260, Test: 0.7480
Epoch: 41, Loss: 0.4670, Train: 0.9500, Val: 0.7620, Test: 0.7730
Epoch: 42, Loss: 0.4652, Train: 0.9571, Val: 0.7400, Test: 0.7650
Epoch: 43, Loss: 0.4254, Train: 0.9643, Val: 0.7400, Test: 0.7600
Epoch: 44, Loss: 0.3614, Train: 0.9500, Val: 0.7240, Test: 0.7370
Epoch: 45, Loss: 0.3297, Train: 0.9714, Val: 0.7520, Test: 0.7560
Epoch: 46, Loss: 0.2452, Train: 0.9714, Val: 0.7400, Test: 0.7570
Epoch: 47, Loss: 0.2564, Train: 0.9714, Val: 0.7600, Test: 0.7660
Epoch: 48, Loss: 0.2333, Train: 0.9857, Val: 0.7720, Test: 0.7890
Epoch: 49, Loss: 0.2720, Train: 0.9857, Val: 0.7580, Test: 0.7830
Epoch: 50, Loss: 0.1489, Train: 0.9714, Val: 0.7520, Test: 0.7850
MAD:  0.8283
Best Test Accuracy: 0.7890, Val Accuracy: 0.7720, Train Accuracy: 0.9857
Training completed.
Average Test Accuracy:  0.7867999999999999 ± 0.022828929015615246
Average MAD:  0.83605 ± 0.059361422658154
