Seed:  0
PDN(
  (batch_norm): LayerNorm((128,), eps=1e-05, elementwise_affine=True)
  (convs): ModuleList(
    (0): PDNConv(1433, 128)
    (1-5): 5 x PDNConv(128, 128)
    (6): PDNConv(128, 7)
  )
  (residual_fc): Linear(in_features=1433, out_features=128, bias=True)
)
Epoch: 1, Loss: 2.2238, Train: 0.1714, Val: 0.1880, Test: 0.1880
Epoch: 2, Loss: 2.2555, Train: 0.2214, Val: 0.2100, Test: 0.2100
Epoch: 3, Loss: 2.1224, Train: 0.2429, Val: 0.2320, Test: 0.2150
Epoch: 4, Loss: 2.0620, Train: 0.3143, Val: 0.2440, Test: 0.2250
Epoch: 5, Loss: 2.0280, Train: 0.3500, Val: 0.2660, Test: 0.2500
Epoch: 6, Loss: 1.9619, Train: 0.4214, Val: 0.3040, Test: 0.2920
Epoch: 7, Loss: 1.8978, Train: 0.5071, Val: 0.3620, Test: 0.3610
Epoch: 8, Loss: 2.0303, Train: 0.5714, Val: 0.4020, Test: 0.4410
Epoch: 9, Loss: 2.0581, Train: 0.6214, Val: 0.4640, Test: 0.4990
Epoch: 10, Loss: 1.8705, Train: 0.6357, Val: 0.5020, Test: 0.5400
Epoch: 11, Loss: 1.8223, Train: 0.6857, Val: 0.5420, Test: 0.5740
Epoch: 12, Loss: 1.8704, Train: 0.6929, Val: 0.5780, Test: 0.5920
Epoch: 13, Loss: 1.8310, Train: 0.7357, Val: 0.6020, Test: 0.6130
Epoch: 14, Loss: 1.7815, Train: 0.7643, Val: 0.6120, Test: 0.6280
Epoch: 15, Loss: 1.6449, Train: 0.7857, Val: 0.6380, Test: 0.6450
Epoch: 16, Loss: 1.6700, Train: 0.8000, Val: 0.6600, Test: 0.6710
Epoch: 17, Loss: 1.5716, Train: 0.8214, Val: 0.6840, Test: 0.6920
Epoch: 18, Loss: 1.5628, Train: 0.8143, Val: 0.6900, Test: 0.7030
Epoch: 19, Loss: 1.5430, Train: 0.8214, Val: 0.7060, Test: 0.7090
Epoch: 20, Loss: 1.5527, Train: 0.8357, Val: 0.7120, Test: 0.7180
Epoch: 21, Loss: 1.5712, Train: 0.8357, Val: 0.7100, Test: 0.7230
Epoch: 22, Loss: 1.4901, Train: 0.8429, Val: 0.7100, Test: 0.7260
Epoch: 23, Loss: 1.3431, Train: 0.8571, Val: 0.7140, Test: 0.7320
Epoch: 24, Loss: 1.3550, Train: 0.9000, Val: 0.7240, Test: 0.7360
Epoch: 25, Loss: 1.3232, Train: 0.9071, Val: 0.7340, Test: 0.7400
Epoch: 26, Loss: 1.3522, Train: 0.9214, Val: 0.7380, Test: 0.7470
Epoch: 27, Loss: 1.2971, Train: 0.9286, Val: 0.7400, Test: 0.7530
Epoch: 28, Loss: 1.1692, Train: 0.9286, Val: 0.7420, Test: 0.7620
Epoch: 29, Loss: 1.1689, Train: 0.9357, Val: 0.7460, Test: 0.7630
Epoch: 30, Loss: 1.1027, Train: 0.9643, Val: 0.7520, Test: 0.7650
Epoch: 31, Loss: 1.1286, Train: 0.9643, Val: 0.7480, Test: 0.7700
Epoch: 32, Loss: 1.0415, Train: 0.9643, Val: 0.7420, Test: 0.7720
Epoch: 33, Loss: 1.0786, Train: 0.9643, Val: 0.7460, Test: 0.7710
Epoch: 34, Loss: 0.9788, Train: 0.9643, Val: 0.7520, Test: 0.7740
Epoch: 35, Loss: 0.9971, Train: 0.9643, Val: 0.7520, Test: 0.7690
Epoch: 36, Loss: 0.9787, Train: 0.9643, Val: 0.7520, Test: 0.7720
Epoch: 37, Loss: 0.9176, Train: 0.9643, Val: 0.7620, Test: 0.7720
Epoch: 38, Loss: 0.8221, Train: 0.9643, Val: 0.7680, Test: 0.7690
Epoch: 39, Loss: 0.8118, Train: 0.9643, Val: 0.7640, Test: 0.7690
Epoch: 40, Loss: 0.9055, Train: 0.9571, Val: 0.7660, Test: 0.7730
Epoch: 41, Loss: 0.8099, Train: 0.9714, Val: 0.7660, Test: 0.7750
Epoch: 42, Loss: 0.7453, Train: 0.9786, Val: 0.7640, Test: 0.7770
Epoch: 43, Loss: 0.7608, Train: 0.9786, Val: 0.7640, Test: 0.7810
Epoch: 44, Loss: 0.7025, Train: 0.9786, Val: 0.7600, Test: 0.7800
Epoch: 45, Loss: 0.7019, Train: 0.9857, Val: 0.7580, Test: 0.7810
Epoch: 46, Loss: 0.6435, Train: 0.9929, Val: 0.7620, Test: 0.7830
Epoch: 47, Loss: 0.6438, Train: 0.9929, Val: 0.7580, Test: 0.7840
Epoch: 48, Loss: 0.5948, Train: 0.9929, Val: 0.7620, Test: 0.7840
Epoch: 49, Loss: 0.5776, Train: 0.9929, Val: 0.7640, Test: 0.7860
Epoch: 50, Loss: 0.4928, Train: 1.0000, Val: 0.7660, Test: 0.7870
MAD:  0.8988
Best Test Accuracy: 0.7870, Val Accuracy: 0.7660, Train Accuracy: 1.0000
Training completed.
Seed:  1
PDN(
  (batch_norm): LayerNorm((128,), eps=1e-05, elementwise_affine=True)
  (convs): ModuleList(
    (0): PDNConv(1433, 128)
    (1-5): 5 x PDNConv(128, 128)
    (6): PDNConv(128, 7)
  )
  (residual_fc): Linear(in_features=1433, out_features=128, bias=True)
)
Epoch: 1, Loss: 2.2438, Train: 0.1500, Val: 0.1680, Test: 0.1420
Epoch: 2, Loss: 2.1001, Train: 0.2214, Val: 0.2020, Test: 0.2060
Epoch: 3, Loss: 2.0577, Train: 0.3429, Val: 0.2720, Test: 0.2730
Epoch: 4, Loss: 2.2122, Train: 0.4214, Val: 0.3260, Test: 0.3230
Epoch: 5, Loss: 1.9846, Train: 0.4786, Val: 0.3380, Test: 0.3690
Epoch: 6, Loss: 2.1055, Train: 0.5286, Val: 0.3860, Test: 0.4140
Epoch: 7, Loss: 1.9888, Train: 0.5429, Val: 0.4140, Test: 0.4530
Epoch: 8, Loss: 1.9163, Train: 0.5643, Val: 0.4480, Test: 0.4830
Epoch: 9, Loss: 1.9143, Train: 0.5929, Val: 0.4780, Test: 0.5270
Epoch: 10, Loss: 1.8788, Train: 0.6143, Val: 0.4880, Test: 0.5390
Epoch: 11, Loss: 1.8752, Train: 0.6429, Val: 0.4940, Test: 0.5520
Epoch: 12, Loss: 1.9718, Train: 0.6786, Val: 0.5240, Test: 0.5770
Epoch: 13, Loss: 1.7787, Train: 0.7429, Val: 0.5640, Test: 0.5970
Epoch: 14, Loss: 1.8269, Train: 0.8214, Val: 0.5900, Test: 0.6270
Epoch: 15, Loss: 1.6937, Train: 0.8357, Val: 0.6080, Test: 0.6530
Epoch: 16, Loss: 1.6497, Train: 0.8429, Val: 0.6280, Test: 0.6630
Epoch: 17, Loss: 1.6285, Train: 0.8643, Val: 0.6600, Test: 0.6840
Epoch: 18, Loss: 1.6713, Train: 0.8571, Val: 0.6780, Test: 0.6990
Epoch: 19, Loss: 1.6507, Train: 0.8500, Val: 0.6880, Test: 0.7160
Epoch: 20, Loss: 1.5533, Train: 0.8643, Val: 0.6920, Test: 0.7220
Epoch: 21, Loss: 1.4787, Train: 0.8714, Val: 0.6980, Test: 0.7300
Epoch: 22, Loss: 1.5191, Train: 0.8714, Val: 0.7020, Test: 0.7330
Epoch: 23, Loss: 1.5201, Train: 0.8929, Val: 0.7160, Test: 0.7400
Epoch: 24, Loss: 1.3711, Train: 0.8929, Val: 0.7260, Test: 0.7380
Epoch: 25, Loss: 1.3514, Train: 0.8857, Val: 0.7260, Test: 0.7350
Epoch: 26, Loss: 1.4467, Train: 0.9000, Val: 0.7280, Test: 0.7390
Epoch: 27, Loss: 1.3010, Train: 0.9071, Val: 0.7280, Test: 0.7450
Epoch: 28, Loss: 1.3133, Train: 0.9214, Val: 0.7260, Test: 0.7430
Epoch: 29, Loss: 1.2938, Train: 0.9286, Val: 0.7280, Test: 0.7440
Epoch: 30, Loss: 1.2892, Train: 0.9214, Val: 0.7320, Test: 0.7460
Epoch: 31, Loss: 1.2131, Train: 0.9214, Val: 0.7360, Test: 0.7500
Epoch: 32, Loss: 1.0802, Train: 0.9286, Val: 0.7400, Test: 0.7550
Epoch: 33, Loss: 1.1660, Train: 0.9286, Val: 0.7400, Test: 0.7540
Epoch: 34, Loss: 1.0826, Train: 0.9357, Val: 0.7380, Test: 0.7590
Epoch: 35, Loss: 1.0629, Train: 0.9500, Val: 0.7400, Test: 0.7640
Epoch: 36, Loss: 1.0325, Train: 0.9500, Val: 0.7440, Test: 0.7720
Epoch: 37, Loss: 0.9892, Train: 0.9500, Val: 0.7500, Test: 0.7740
Epoch: 38, Loss: 0.9437, Train: 0.9429, Val: 0.7560, Test: 0.7740
Epoch: 39, Loss: 0.9377, Train: 0.9500, Val: 0.7540, Test: 0.7700
Epoch: 40, Loss: 0.8182, Train: 0.9500, Val: 0.7560, Test: 0.7710
Epoch: 41, Loss: 0.8928, Train: 0.9500, Val: 0.7560, Test: 0.7730
Epoch: 42, Loss: 0.7667, Train: 0.9500, Val: 0.7540, Test: 0.7730
Epoch: 43, Loss: 0.8274, Train: 0.9500, Val: 0.7560, Test: 0.7750
Epoch: 44, Loss: 0.7387, Train: 0.9500, Val: 0.7540, Test: 0.7790
Epoch: 45, Loss: 0.7315, Train: 0.9571, Val: 0.7540, Test: 0.7750
Epoch: 46, Loss: 0.6622, Train: 0.9643, Val: 0.7540, Test: 0.7790
Epoch: 47, Loss: 0.6886, Train: 0.9714, Val: 0.7540, Test: 0.7800
Epoch: 48, Loss: 0.7448, Train: 0.9643, Val: 0.7540, Test: 0.7840
Epoch: 49, Loss: 0.6316, Train: 0.9714, Val: 0.7520, Test: 0.7830
Epoch: 50, Loss: 0.5976, Train: 0.9714, Val: 0.7560, Test: 0.7820
MAD:  0.8793
Best Test Accuracy: 0.7840, Val Accuracy: 0.7540, Train Accuracy: 0.9643
Training completed.
Seed:  2
PDN(
  (batch_norm): LayerNorm((128,), eps=1e-05, elementwise_affine=True)
  (convs): ModuleList(
    (0): PDNConv(1433, 128)
    (1-5): 5 x PDNConv(128, 128)
    (6): PDNConv(128, 7)
  )
  (residual_fc): Linear(in_features=1433, out_features=128, bias=True)
)
Epoch: 1, Loss: 2.4594, Train: 0.1643, Val: 0.1680, Test: 0.1900
Epoch: 2, Loss: 2.1762, Train: 0.2357, Val: 0.1760, Test: 0.2280
Epoch: 3, Loss: 2.1209, Train: 0.3500, Val: 0.2260, Test: 0.2680
Epoch: 4, Loss: 2.0640, Train: 0.3929, Val: 0.2500, Test: 0.2980
Epoch: 5, Loss: 2.1652, Train: 0.3857, Val: 0.2460, Test: 0.2830
Epoch: 6, Loss: 2.0394, Train: 0.3929, Val: 0.2560, Test: 0.2850
Epoch: 7, Loss: 2.0888, Train: 0.4571, Val: 0.2580, Test: 0.3070
Epoch: 8, Loss: 2.0416, Train: 0.4571, Val: 0.2860, Test: 0.3130
Epoch: 9, Loss: 2.0060, Train: 0.5071, Val: 0.2980, Test: 0.3290
Epoch: 10, Loss: 1.9261, Train: 0.5643, Val: 0.3340, Test: 0.3600
Epoch: 11, Loss: 2.0418, Train: 0.5857, Val: 0.3660, Test: 0.3790
Epoch: 12, Loss: 1.9642, Train: 0.6571, Val: 0.4040, Test: 0.4240
Epoch: 13, Loss: 1.7702, Train: 0.7286, Val: 0.4380, Test: 0.4620
Epoch: 14, Loss: 1.9499, Train: 0.7714, Val: 0.4920, Test: 0.5060
Epoch: 15, Loss: 1.7593, Train: 0.8357, Val: 0.5240, Test: 0.5500
Epoch: 16, Loss: 1.8145, Train: 0.8357, Val: 0.5500, Test: 0.5830
Epoch: 17, Loss: 1.9188, Train: 0.8643, Val: 0.5780, Test: 0.6100
Epoch: 18, Loss: 1.7721, Train: 0.8929, Val: 0.6120, Test: 0.6500
Epoch: 19, Loss: 1.7469, Train: 0.9071, Val: 0.6520, Test: 0.6860
Epoch: 20, Loss: 1.6304, Train: 0.9214, Val: 0.6700, Test: 0.7050
Epoch: 21, Loss: 1.7094, Train: 0.9143, Val: 0.6840, Test: 0.7140
Epoch: 22, Loss: 1.6337, Train: 0.9286, Val: 0.6860, Test: 0.7220
Epoch: 23, Loss: 1.6841, Train: 0.9357, Val: 0.6860, Test: 0.7220
Epoch: 24, Loss: 1.6828, Train: 0.9429, Val: 0.6680, Test: 0.7130
Epoch: 25, Loss: 1.5279, Train: 0.9286, Val: 0.6580, Test: 0.7050
Epoch: 26, Loss: 1.5565, Train: 0.9143, Val: 0.6680, Test: 0.6950
Epoch: 27, Loss: 1.4548, Train: 0.9143, Val: 0.6660, Test: 0.6950
Epoch: 28, Loss: 1.4391, Train: 0.9071, Val: 0.6640, Test: 0.6910
Epoch: 29, Loss: 1.4399, Train: 0.9143, Val: 0.6720, Test: 0.6940
Epoch: 30, Loss: 1.3681, Train: 0.9214, Val: 0.6680, Test: 0.7030
Epoch: 31, Loss: 1.3613, Train: 0.9357, Val: 0.6780, Test: 0.7120
Epoch: 32, Loss: 1.3066, Train: 0.9357, Val: 0.6840, Test: 0.7200
Epoch: 33, Loss: 1.2728, Train: 0.9429, Val: 0.6940, Test: 0.7250
Epoch: 34, Loss: 1.2676, Train: 0.9429, Val: 0.7060, Test: 0.7310
Epoch: 35, Loss: 1.1825, Train: 0.9429, Val: 0.7100, Test: 0.7370
Epoch: 36, Loss: 1.2108, Train: 0.9429, Val: 0.7100, Test: 0.7450
Epoch: 37, Loss: 1.2455, Train: 0.9429, Val: 0.7140, Test: 0.7470
Epoch: 38, Loss: 1.0944, Train: 0.9429, Val: 0.7220, Test: 0.7470
Epoch: 39, Loss: 1.0475, Train: 0.9429, Val: 0.7180, Test: 0.7510
Epoch: 40, Loss: 1.1167, Train: 0.9500, Val: 0.7240, Test: 0.7510
Epoch: 41, Loss: 1.0326, Train: 0.9500, Val: 0.7240, Test: 0.7480
Epoch: 42, Loss: 0.9824, Train: 0.9429, Val: 0.7220, Test: 0.7480
Epoch: 43, Loss: 0.9074, Train: 0.9429, Val: 0.7200, Test: 0.7470
Epoch: 44, Loss: 0.8638, Train: 0.9429, Val: 0.7160, Test: 0.7460
Epoch: 45, Loss: 0.8233, Train: 0.9500, Val: 0.7180, Test: 0.7410
Epoch: 46, Loss: 0.7745, Train: 0.9500, Val: 0.7220, Test: 0.7410
Epoch: 47, Loss: 0.8664, Train: 0.9500, Val: 0.7220, Test: 0.7430
Epoch: 48, Loss: 0.7303, Train: 0.9571, Val: 0.7240, Test: 0.7450
Epoch: 49, Loss: 0.7142, Train: 0.9643, Val: 0.7240, Test: 0.7500
Epoch: 50, Loss: 0.6941, Train: 0.9643, Val: 0.7280, Test: 0.7550
MAD:  0.9388
Best Test Accuracy: 0.7550, Val Accuracy: 0.7280, Train Accuracy: 0.9643
Training completed.
Seed:  3
PDN(
  (batch_norm): LayerNorm((128,), eps=1e-05, elementwise_affine=True)
  (convs): ModuleList(
    (0): PDNConv(1433, 128)
    (1-5): 5 x PDNConv(128, 128)
    (6): PDNConv(128, 7)
  )
  (residual_fc): Linear(in_features=1433, out_features=128, bias=True)
)
Epoch: 1, Loss: 2.3048, Train: 0.2000, Val: 0.1920, Test: 0.1640
Epoch: 2, Loss: 2.1776, Train: 0.2571, Val: 0.2080, Test: 0.1870
Epoch: 3, Loss: 2.1287, Train: 0.2929, Val: 0.2000, Test: 0.1870
Epoch: 4, Loss: 2.2177, Train: 0.3357, Val: 0.1980, Test: 0.1890
Epoch: 5, Loss: 2.0955, Train: 0.3786, Val: 0.2100, Test: 0.1920
Epoch: 6, Loss: 2.2435, Train: 0.3929, Val: 0.2140, Test: 0.1920
Epoch: 7, Loss: 1.8987, Train: 0.4214, Val: 0.2100, Test: 0.1960
Epoch: 8, Loss: 1.9508, Train: 0.3929, Val: 0.2060, Test: 0.1870
Epoch: 9, Loss: 2.1022, Train: 0.3786, Val: 0.2080, Test: 0.1920
Epoch: 10, Loss: 2.0624, Train: 0.4143, Val: 0.2120, Test: 0.2060
Epoch: 11, Loss: 2.0127, Train: 0.4714, Val: 0.2340, Test: 0.2300
Epoch: 12, Loss: 1.8377, Train: 0.5143, Val: 0.2600, Test: 0.2620
Epoch: 13, Loss: 1.9629, Train: 0.5929, Val: 0.3260, Test: 0.3150
Epoch: 14, Loss: 1.7635, Train: 0.6714, Val: 0.3820, Test: 0.3920
Epoch: 15, Loss: 1.7910, Train: 0.7214, Val: 0.4480, Test: 0.4460
Epoch: 16, Loss: 1.7601, Train: 0.7929, Val: 0.4960, Test: 0.5020
Epoch: 17, Loss: 1.7465, Train: 0.8000, Val: 0.5360, Test: 0.5470
Epoch: 18, Loss: 1.6024, Train: 0.8357, Val: 0.5560, Test: 0.5660
Epoch: 19, Loss: 1.8062, Train: 0.8500, Val: 0.5740, Test: 0.5860
Epoch: 20, Loss: 1.6594, Train: 0.8429, Val: 0.5840, Test: 0.5950
Epoch: 21, Loss: 1.6812, Train: 0.8643, Val: 0.5940, Test: 0.6010
Epoch: 22, Loss: 1.5764, Train: 0.8643, Val: 0.6080, Test: 0.6040
Epoch: 23, Loss: 1.5134, Train: 0.8643, Val: 0.6260, Test: 0.6280
Epoch: 24, Loss: 1.5552, Train: 0.8714, Val: 0.6300, Test: 0.6470
Epoch: 25, Loss: 1.4678, Train: 0.8786, Val: 0.6460, Test: 0.6620
Epoch: 26, Loss: 1.5932, Train: 0.9000, Val: 0.6660, Test: 0.6830
Epoch: 27, Loss: 1.4258, Train: 0.9071, Val: 0.6820, Test: 0.6980
Epoch: 28, Loss: 1.3692, Train: 0.9071, Val: 0.6960, Test: 0.7130
Epoch: 29, Loss: 1.2658, Train: 0.9143, Val: 0.7080, Test: 0.7210
Epoch: 30, Loss: 1.2904, Train: 0.9286, Val: 0.7180, Test: 0.7280
Epoch: 31, Loss: 1.1969, Train: 0.9286, Val: 0.7340, Test: 0.7350
Epoch: 32, Loss: 1.2956, Train: 0.9286, Val: 0.7440, Test: 0.7470
Epoch: 33, Loss: 1.2339, Train: 0.9286, Val: 0.7480, Test: 0.7580
Epoch: 34, Loss: 1.1468, Train: 0.9429, Val: 0.7560, Test: 0.7530
Epoch: 35, Loss: 1.1719, Train: 0.9500, Val: 0.7580, Test: 0.7590
Epoch: 36, Loss: 1.2636, Train: 0.9500, Val: 0.7680, Test: 0.7620
Epoch: 37, Loss: 1.0430, Train: 0.9429, Val: 0.7660, Test: 0.7680
Epoch: 38, Loss: 1.0057, Train: 0.9500, Val: 0.7720, Test: 0.7680
Epoch: 39, Loss: 0.9743, Train: 0.9571, Val: 0.7720, Test: 0.7700
Epoch: 40, Loss: 0.9952, Train: 0.9643, Val: 0.7700, Test: 0.7710
Epoch: 41, Loss: 1.0064, Train: 0.9643, Val: 0.7720, Test: 0.7750
Epoch: 42, Loss: 0.8795, Train: 0.9643, Val: 0.7720, Test: 0.7770
Epoch: 43, Loss: 0.8745, Train: 0.9714, Val: 0.7740, Test: 0.7790
Epoch: 44, Loss: 0.7676, Train: 0.9714, Val: 0.7760, Test: 0.7800
Epoch: 45, Loss: 0.7268, Train: 0.9714, Val: 0.7760, Test: 0.7810
Epoch: 46, Loss: 0.7339, Train: 0.9714, Val: 0.7860, Test: 0.7840
Epoch: 47, Loss: 0.7491, Train: 0.9714, Val: 0.7860, Test: 0.7870
Epoch: 48, Loss: 0.6855, Train: 0.9714, Val: 0.7900, Test: 0.7870
Epoch: 49, Loss: 0.7122, Train: 0.9714, Val: 0.7900, Test: 0.7920
Epoch: 50, Loss: 0.6585, Train: 0.9714, Val: 0.8020, Test: 0.7950
MAD:  0.941
Best Test Accuracy: 0.7950, Val Accuracy: 0.8020, Train Accuracy: 0.9714
Training completed.
Seed:  4
PDN(
  (batch_norm): LayerNorm((128,), eps=1e-05, elementwise_affine=True)
  (convs): ModuleList(
    (0): PDNConv(1433, 128)
    (1-5): 5 x PDNConv(128, 128)
    (6): PDNConv(128, 7)
  )
  (residual_fc): Linear(in_features=1433, out_features=128, bias=True)
)
Epoch: 1, Loss: 2.2150, Train: 0.2143, Val: 0.1480, Test: 0.1450
Epoch: 2, Loss: 2.1568, Train: 0.3429, Val: 0.1680, Test: 0.1700
Epoch: 3, Loss: 2.0463, Train: 0.3643, Val: 0.1700, Test: 0.1830
Epoch: 4, Loss: 2.1580, Train: 0.3286, Val: 0.1800, Test: 0.1910
Epoch: 5, Loss: 2.0279, Train: 0.3429, Val: 0.1760, Test: 0.2030
Epoch: 6, Loss: 1.9593, Train: 0.3571, Val: 0.1980, Test: 0.2200
Epoch: 7, Loss: 1.9856, Train: 0.4143, Val: 0.2280, Test: 0.2450
Epoch: 8, Loss: 2.0082, Train: 0.4429, Val: 0.2640, Test: 0.2650
Epoch: 9, Loss: 2.0184, Train: 0.5143, Val: 0.3080, Test: 0.3150
Epoch: 10, Loss: 1.9384, Train: 0.5857, Val: 0.3680, Test: 0.3760
Epoch: 11, Loss: 1.8232, Train: 0.6500, Val: 0.4220, Test: 0.4250
Epoch: 12, Loss: 1.9449, Train: 0.6929, Val: 0.4620, Test: 0.4720
Epoch: 13, Loss: 1.8834, Train: 0.7429, Val: 0.5020, Test: 0.5020
Epoch: 14, Loss: 1.8595, Train: 0.7714, Val: 0.5480, Test: 0.5390
Epoch: 15, Loss: 1.7059, Train: 0.8143, Val: 0.5700, Test: 0.5640
Epoch: 16, Loss: 1.7086, Train: 0.8714, Val: 0.5980, Test: 0.5990
Epoch: 17, Loss: 1.7797, Train: 0.8714, Val: 0.6320, Test: 0.6170
Epoch: 18, Loss: 1.5928, Train: 0.8857, Val: 0.6460, Test: 0.6360
Epoch: 19, Loss: 1.5661, Train: 0.8929, Val: 0.6560, Test: 0.6520
Epoch: 20, Loss: 1.5288, Train: 0.9000, Val: 0.6560, Test: 0.6570
Epoch: 21, Loss: 1.5776, Train: 0.9071, Val: 0.6480, Test: 0.6570
Epoch: 22, Loss: 1.5845, Train: 0.9000, Val: 0.6500, Test: 0.6580
Epoch: 23, Loss: 1.5022, Train: 0.9143, Val: 0.6540, Test: 0.6640
Epoch: 24, Loss: 1.5018, Train: 0.9143, Val: 0.6580, Test: 0.6710
Epoch: 25, Loss: 1.4877, Train: 0.9143, Val: 0.6720, Test: 0.6960
Epoch: 26, Loss: 1.3162, Train: 0.9214, Val: 0.6920, Test: 0.7120
Epoch: 27, Loss: 1.1961, Train: 0.9214, Val: 0.7000, Test: 0.7290
Epoch: 28, Loss: 1.2863, Train: 0.9214, Val: 0.7020, Test: 0.7400
Epoch: 29, Loss: 1.2280, Train: 0.9214, Val: 0.7100, Test: 0.7470
Epoch: 30, Loss: 1.1881, Train: 0.9214, Val: 0.7220, Test: 0.7530
Epoch: 31, Loss: 1.1740, Train: 0.9286, Val: 0.7420, Test: 0.7660
Epoch: 32, Loss: 1.0798, Train: 0.9357, Val: 0.7500, Test: 0.7720
Epoch: 33, Loss: 1.1254, Train: 0.9357, Val: 0.7500, Test: 0.7770
Epoch: 34, Loss: 1.0933, Train: 0.9357, Val: 0.7500, Test: 0.7850
Epoch: 35, Loss: 1.1132, Train: 0.9357, Val: 0.7500, Test: 0.7870
Epoch: 36, Loss: 1.0229, Train: 0.9357, Val: 0.7540, Test: 0.7870
Epoch: 37, Loss: 1.0288, Train: 0.9429, Val: 0.7540, Test: 0.7890
Epoch: 38, Loss: 0.9879, Train: 0.9429, Val: 0.7580, Test: 0.7900
Epoch: 39, Loss: 0.9348, Train: 0.9429, Val: 0.7520, Test: 0.7900
Epoch: 40, Loss: 0.8555, Train: 0.9500, Val: 0.7500, Test: 0.7920
Epoch: 41, Loss: 0.8953, Train: 0.9500, Val: 0.7520, Test: 0.7930
Epoch: 42, Loss: 0.8225, Train: 0.9500, Val: 0.7520, Test: 0.7920
Epoch: 43, Loss: 0.9043, Train: 0.9571, Val: 0.7560, Test: 0.7950
Epoch: 44, Loss: 0.7121, Train: 0.9571, Val: 0.7660, Test: 0.7940
Epoch: 45, Loss: 0.7701, Train: 0.9571, Val: 0.7740, Test: 0.7910
Epoch: 46, Loss: 0.7680, Train: 0.9571, Val: 0.7760, Test: 0.7900
Epoch: 47, Loss: 0.6955, Train: 0.9714, Val: 0.7760, Test: 0.7850
Epoch: 48, Loss: 0.6294, Train: 0.9786, Val: 0.7740, Test: 0.7890
Epoch: 49, Loss: 0.5981, Train: 0.9929, Val: 0.7700, Test: 0.7890
Epoch: 50, Loss: 0.6231, Train: 0.9929, Val: 0.7720, Test: 0.7870
MAD:  0.9449
Best Test Accuracy: 0.7950, Val Accuracy: 0.7560, Train Accuracy: 0.9571
Training completed.
Seed:  5
PDN(
  (batch_norm): LayerNorm((128,), eps=1e-05, elementwise_affine=True)
  (convs): ModuleList(
    (0): PDNConv(1433, 128)
    (1-5): 5 x PDNConv(128, 128)
    (6): PDNConv(128, 7)
  )
  (residual_fc): Linear(in_features=1433, out_features=128, bias=True)
)
Epoch: 1, Loss: 2.2085, Train: 0.1357, Val: 0.0920, Test: 0.0880
Epoch: 2, Loss: 2.2227, Train: 0.1500, Val: 0.1340, Test: 0.1290
Epoch: 3, Loss: 2.2018, Train: 0.2143, Val: 0.1860, Test: 0.1740
Epoch: 4, Loss: 2.1661, Train: 0.2500, Val: 0.1960, Test: 0.2210
Epoch: 5, Loss: 2.1383, Train: 0.2643, Val: 0.2420, Test: 0.2650
Epoch: 6, Loss: 2.1027, Train: 0.3214, Val: 0.2800, Test: 0.3080
Epoch: 7, Loss: 2.1093, Train: 0.3500, Val: 0.3020, Test: 0.3420
Epoch: 8, Loss: 2.0327, Train: 0.3857, Val: 0.3240, Test: 0.3610
Epoch: 9, Loss: 1.9324, Train: 0.4143, Val: 0.3340, Test: 0.3960
Epoch: 10, Loss: 1.9273, Train: 0.5071, Val: 0.3740, Test: 0.4270
Epoch: 11, Loss: 1.8811, Train: 0.5571, Val: 0.4140, Test: 0.4520
Epoch: 12, Loss: 1.9476, Train: 0.5929, Val: 0.4320, Test: 0.4880
Epoch: 13, Loss: 1.9075, Train: 0.7000, Val: 0.4860, Test: 0.5220
Epoch: 14, Loss: 1.8193, Train: 0.7643, Val: 0.5180, Test: 0.5530
Epoch: 15, Loss: 1.8247, Train: 0.8286, Val: 0.5340, Test: 0.5810
Epoch: 16, Loss: 1.7148, Train: 0.8500, Val: 0.5460, Test: 0.5870
Epoch: 17, Loss: 1.7242, Train: 0.8643, Val: 0.5580, Test: 0.6010
Epoch: 18, Loss: 1.7747, Train: 0.8571, Val: 0.5680, Test: 0.6100
Epoch: 19, Loss: 1.7258, Train: 0.8714, Val: 0.5760, Test: 0.6030
Epoch: 20, Loss: 1.7766, Train: 0.8714, Val: 0.5920, Test: 0.6030
Epoch: 21, Loss: 1.6368, Train: 0.8857, Val: 0.5960, Test: 0.6080
Epoch: 22, Loss: 1.6615, Train: 0.8857, Val: 0.5960, Test: 0.6040
Epoch: 23, Loss: 1.4959, Train: 0.8857, Val: 0.6000, Test: 0.6060
Epoch: 24, Loss: 1.4989, Train: 0.9000, Val: 0.6180, Test: 0.6180
Epoch: 25, Loss: 1.5754, Train: 0.9071, Val: 0.6340, Test: 0.6340
Epoch: 26, Loss: 1.6099, Train: 0.9143, Val: 0.6560, Test: 0.6540
Epoch: 27, Loss: 1.4779, Train: 0.9214, Val: 0.6620, Test: 0.6680
Epoch: 28, Loss: 1.4540, Train: 0.9286, Val: 0.6680, Test: 0.6770
Epoch: 29, Loss: 1.3653, Train: 0.9357, Val: 0.6760, Test: 0.6960
Epoch: 30, Loss: 1.3449, Train: 0.9429, Val: 0.6980, Test: 0.7050
Epoch: 31, Loss: 1.3311, Train: 0.9429, Val: 0.6980, Test: 0.7100
Epoch: 32, Loss: 1.3592, Train: 0.9500, Val: 0.7000, Test: 0.7170
Epoch: 33, Loss: 1.1892, Train: 0.9571, Val: 0.6980, Test: 0.7220
Epoch: 34, Loss: 1.2177, Train: 0.9571, Val: 0.6980, Test: 0.7230
Epoch: 35, Loss: 1.2068, Train: 0.9571, Val: 0.6940, Test: 0.7290
Epoch: 36, Loss: 1.1520, Train: 0.9571, Val: 0.6920, Test: 0.7290
Epoch: 37, Loss: 1.0971, Train: 0.9500, Val: 0.6980, Test: 0.7330
Epoch: 38, Loss: 1.0912, Train: 0.9500, Val: 0.7160, Test: 0.7380
Epoch: 39, Loss: 1.0527, Train: 0.9571, Val: 0.7180, Test: 0.7420
Epoch: 40, Loss: 0.9871, Train: 0.9571, Val: 0.7260, Test: 0.7420
Epoch: 41, Loss: 0.9925, Train: 0.9571, Val: 0.7300, Test: 0.7410
Epoch: 42, Loss: 0.9143, Train: 0.9571, Val: 0.7340, Test: 0.7450
Epoch: 43, Loss: 0.9180, Train: 0.9571, Val: 0.7300, Test: 0.7470
Epoch: 44, Loss: 0.8729, Train: 0.9500, Val: 0.7320, Test: 0.7510
Epoch: 45, Loss: 0.8615, Train: 0.9500, Val: 0.7320, Test: 0.7500
Epoch: 46, Loss: 0.8725, Train: 0.9643, Val: 0.7360, Test: 0.7530
Epoch: 47, Loss: 0.7606, Train: 0.9643, Val: 0.7360, Test: 0.7520
Epoch: 48, Loss: 0.7667, Train: 0.9714, Val: 0.7380, Test: 0.7550
Epoch: 49, Loss: 0.7211, Train: 0.9786, Val: 0.7400, Test: 0.7580
Epoch: 50, Loss: 0.7615, Train: 0.9786, Val: 0.7460, Test: 0.7590
MAD:  0.8636
Best Test Accuracy: 0.7590, Val Accuracy: 0.7460, Train Accuracy: 0.9786
Training completed.
Seed:  6
PDN(
  (batch_norm): LayerNorm((128,), eps=1e-05, elementwise_affine=True)
  (convs): ModuleList(
    (0): PDNConv(1433, 128)
    (1-5): 5 x PDNConv(128, 128)
    (6): PDNConv(128, 7)
  )
  (residual_fc): Linear(in_features=1433, out_features=128, bias=True)
)
Epoch: 1, Loss: 2.2255, Train: 0.1786, Val: 0.1660, Test: 0.1600
Epoch: 2, Loss: 2.2365, Train: 0.2357, Val: 0.2080, Test: 0.2060
Epoch: 3, Loss: 2.2315, Train: 0.3071, Val: 0.2560, Test: 0.2540
Epoch: 4, Loss: 2.0974, Train: 0.3857, Val: 0.3040, Test: 0.2950
Epoch: 5, Loss: 2.0585, Train: 0.3929, Val: 0.3260, Test: 0.3110
Epoch: 6, Loss: 2.0938, Train: 0.4571, Val: 0.3600, Test: 0.3400
Epoch: 7, Loss: 2.0356, Train: 0.5429, Val: 0.3920, Test: 0.3640
Epoch: 8, Loss: 2.0180, Train: 0.5714, Val: 0.4360, Test: 0.4170
Epoch: 9, Loss: 1.9814, Train: 0.6643, Val: 0.4920, Test: 0.4740
Epoch: 10, Loss: 1.8801, Train: 0.7000, Val: 0.5480, Test: 0.5170
Epoch: 11, Loss: 1.9078, Train: 0.7000, Val: 0.5700, Test: 0.5480
Epoch: 12, Loss: 1.8391, Train: 0.7071, Val: 0.5960, Test: 0.5730
Epoch: 13, Loss: 1.8948, Train: 0.7500, Val: 0.6060, Test: 0.5890
Epoch: 14, Loss: 1.7662, Train: 0.7643, Val: 0.6160, Test: 0.6020
Epoch: 15, Loss: 1.7190, Train: 0.8000, Val: 0.6240, Test: 0.6120
Epoch: 16, Loss: 1.8121, Train: 0.8143, Val: 0.6260, Test: 0.6330
Epoch: 17, Loss: 1.7000, Train: 0.8214, Val: 0.6380, Test: 0.6550
Epoch: 18, Loss: 1.6301, Train: 0.8429, Val: 0.6580, Test: 0.6780
Epoch: 19, Loss: 1.6689, Train: 0.8786, Val: 0.6740, Test: 0.6910
Epoch: 20, Loss: 1.5562, Train: 0.8857, Val: 0.6900, Test: 0.7060
Epoch: 21, Loss: 1.7357, Train: 0.8929, Val: 0.6960, Test: 0.7190
Epoch: 22, Loss: 1.5798, Train: 0.9143, Val: 0.7000, Test: 0.7250
Epoch: 23, Loss: 1.4962, Train: 0.9214, Val: 0.7060, Test: 0.7240
Epoch: 24, Loss: 1.4828, Train: 0.9286, Val: 0.7080, Test: 0.7320
Epoch: 25, Loss: 1.4624, Train: 0.9286, Val: 0.7080, Test: 0.7370
Epoch: 26, Loss: 1.3423, Train: 0.9286, Val: 0.7020, Test: 0.7410
Epoch: 27, Loss: 1.3671, Train: 0.9214, Val: 0.7040, Test: 0.7440
Epoch: 28, Loss: 1.3241, Train: 0.9357, Val: 0.7040, Test: 0.7490
Epoch: 29, Loss: 1.1717, Train: 0.9357, Val: 0.7080, Test: 0.7540
Epoch: 30, Loss: 1.3859, Train: 0.9429, Val: 0.7160, Test: 0.7580
Epoch: 31, Loss: 1.1665, Train: 0.9429, Val: 0.7220, Test: 0.7540
Epoch: 32, Loss: 1.2008, Train: 0.9429, Val: 0.7280, Test: 0.7590
Epoch: 33, Loss: 1.1546, Train: 0.9429, Val: 0.7360, Test: 0.7640
Epoch: 34, Loss: 1.1296, Train: 0.9429, Val: 0.7420, Test: 0.7740
Epoch: 35, Loss: 1.1680, Train: 0.9429, Val: 0.7460, Test: 0.7750
Epoch: 36, Loss: 1.1016, Train: 0.9500, Val: 0.7520, Test: 0.7750
Epoch: 37, Loss: 0.9324, Train: 0.9500, Val: 0.7560, Test: 0.7800
Epoch: 38, Loss: 1.0480, Train: 0.9500, Val: 0.7620, Test: 0.7810
Epoch: 39, Loss: 1.0941, Train: 0.9571, Val: 0.7680, Test: 0.7810
Epoch: 40, Loss: 0.9297, Train: 0.9571, Val: 0.7700, Test: 0.7860
Epoch: 41, Loss: 0.8307, Train: 0.9571, Val: 0.7740, Test: 0.7880
Epoch: 42, Loss: 0.9213, Train: 0.9571, Val: 0.7740, Test: 0.7870
Epoch: 43, Loss: 0.8789, Train: 0.9571, Val: 0.7780, Test: 0.7860
Epoch: 44, Loss: 0.7903, Train: 0.9571, Val: 0.7800, Test: 0.7870
Epoch: 45, Loss: 0.7866, Train: 0.9571, Val: 0.7820, Test: 0.7860
Epoch: 46, Loss: 0.8182, Train: 0.9571, Val: 0.7880, Test: 0.7870
Epoch: 47, Loss: 0.7361, Train: 0.9643, Val: 0.7900, Test: 0.7930
Epoch: 48, Loss: 0.6374, Train: 0.9714, Val: 0.7880, Test: 0.7930
Epoch: 49, Loss: 0.6365, Train: 0.9714, Val: 0.7880, Test: 0.7920
Epoch: 50, Loss: 0.6298, Train: 0.9714, Val: 0.7820, Test: 0.7940
MAD:  0.9473
Best Test Accuracy: 0.7940, Val Accuracy: 0.7820, Train Accuracy: 0.9714
Training completed.
Seed:  7
PDN(
  (batch_norm): LayerNorm((128,), eps=1e-05, elementwise_affine=True)
  (convs): ModuleList(
    (0): PDNConv(1433, 128)
    (1-5): 5 x PDNConv(128, 128)
    (6): PDNConv(128, 7)
  )
  (residual_fc): Linear(in_features=1433, out_features=128, bias=True)
)
Epoch: 1, Loss: 2.3262, Train: 0.2286, Val: 0.1600, Test: 0.1550
Epoch: 2, Loss: 2.1267, Train: 0.2429, Val: 0.1600, Test: 0.1660
Epoch: 3, Loss: 2.1367, Train: 0.2714, Val: 0.1920, Test: 0.1990
Epoch: 4, Loss: 2.1070, Train: 0.2929, Val: 0.2160, Test: 0.2120
Epoch: 5, Loss: 2.0549, Train: 0.3214, Val: 0.2320, Test: 0.2300
Epoch: 6, Loss: 2.1090, Train: 0.3786, Val: 0.2600, Test: 0.2440
Epoch: 7, Loss: 2.0126, Train: 0.3786, Val: 0.2660, Test: 0.2630
Epoch: 8, Loss: 1.9703, Train: 0.3857, Val: 0.2800, Test: 0.2760
Epoch: 9, Loss: 2.0147, Train: 0.3929, Val: 0.2960, Test: 0.2960
Epoch: 10, Loss: 1.9173, Train: 0.4286, Val: 0.3220, Test: 0.3170
Epoch: 11, Loss: 1.9217, Train: 0.4714, Val: 0.3360, Test: 0.3450
Epoch: 12, Loss: 1.9264, Train: 0.5071, Val: 0.3540, Test: 0.3680
Epoch: 13, Loss: 1.8502, Train: 0.5286, Val: 0.3780, Test: 0.3860
Epoch: 14, Loss: 1.8200, Train: 0.5714, Val: 0.3880, Test: 0.3930
Epoch: 15, Loss: 1.7981, Train: 0.6000, Val: 0.3880, Test: 0.4110
Epoch: 16, Loss: 1.7966, Train: 0.6500, Val: 0.4140, Test: 0.4260
Epoch: 17, Loss: 1.7764, Train: 0.6429, Val: 0.4260, Test: 0.4370
Epoch: 18, Loss: 1.6487, Train: 0.6714, Val: 0.4300, Test: 0.4340
Epoch: 19, Loss: 1.7547, Train: 0.6929, Val: 0.4360, Test: 0.4350
Epoch: 20, Loss: 1.5824, Train: 0.7071, Val: 0.4340, Test: 0.4360
Epoch: 21, Loss: 1.5980, Train: 0.7071, Val: 0.4440, Test: 0.4440
Epoch: 22, Loss: 1.6106, Train: 0.7357, Val: 0.4580, Test: 0.4620
Epoch: 23, Loss: 1.5427, Train: 0.7500, Val: 0.4700, Test: 0.4740
Epoch: 24, Loss: 1.5003, Train: 0.7857, Val: 0.5000, Test: 0.4990
Epoch: 25, Loss: 1.5322, Train: 0.8071, Val: 0.5220, Test: 0.5270
Epoch: 26, Loss: 1.3934, Train: 0.8429, Val: 0.5440, Test: 0.5480
Epoch: 27, Loss: 1.3927, Train: 0.8643, Val: 0.5700, Test: 0.5690
Epoch: 28, Loss: 1.3954, Train: 0.8571, Val: 0.5760, Test: 0.5810
Epoch: 29, Loss: 1.2914, Train: 0.8714, Val: 0.5880, Test: 0.5930
Epoch: 30, Loss: 1.2744, Train: 0.8714, Val: 0.5980, Test: 0.5970
Epoch: 31, Loss: 1.2453, Train: 0.8714, Val: 0.6040, Test: 0.6020
Epoch: 32, Loss: 1.2164, Train: 0.8714, Val: 0.6180, Test: 0.6070
Epoch: 33, Loss: 1.1743, Train: 0.8929, Val: 0.6240, Test: 0.6240
Epoch: 34, Loss: 1.2114, Train: 0.9000, Val: 0.6300, Test: 0.6310
Epoch: 35, Loss: 1.0106, Train: 0.9357, Val: 0.6340, Test: 0.6360
Epoch: 36, Loss: 1.1052, Train: 0.9357, Val: 0.6420, Test: 0.6500
Epoch: 37, Loss: 1.0523, Train: 0.9357, Val: 0.6460, Test: 0.6620
Epoch: 38, Loss: 1.0330, Train: 0.9357, Val: 0.6500, Test: 0.6690
Epoch: 39, Loss: 1.0286, Train: 0.9357, Val: 0.6520, Test: 0.6850
Epoch: 40, Loss: 0.9586, Train: 0.9357, Val: 0.6620, Test: 0.6970
Epoch: 41, Loss: 0.9417, Train: 0.9429, Val: 0.6720, Test: 0.7000
Epoch: 42, Loss: 0.8461, Train: 0.9429, Val: 0.6740, Test: 0.6950
Epoch: 43, Loss: 0.8219, Train: 0.9500, Val: 0.6780, Test: 0.6980
Epoch: 44, Loss: 0.8007, Train: 0.9500, Val: 0.6780, Test: 0.7010
Epoch: 45, Loss: 0.7778, Train: 0.9500, Val: 0.6800, Test: 0.7040
Epoch: 46, Loss: 0.7403, Train: 0.9500, Val: 0.6800, Test: 0.7090
Epoch: 47, Loss: 0.7015, Train: 0.9429, Val: 0.6820, Test: 0.7110
Epoch: 48, Loss: 0.7034, Train: 0.9500, Val: 0.7020, Test: 0.7180
Epoch: 49, Loss: 0.6898, Train: 0.9571, Val: 0.7160, Test: 0.7270
Epoch: 50, Loss: 0.6573, Train: 0.9571, Val: 0.7160, Test: 0.7370
MAD:  0.8886
Best Test Accuracy: 0.7370, Val Accuracy: 0.7160, Train Accuracy: 0.9571
Training completed.
Seed:  8
PDN(
  (batch_norm): LayerNorm((128,), eps=1e-05, elementwise_affine=True)
  (convs): ModuleList(
    (0): PDNConv(1433, 128)
    (1-5): 5 x PDNConv(128, 128)
    (6): PDNConv(128, 7)
  )
  (residual_fc): Linear(in_features=1433, out_features=128, bias=True)
)
Epoch: 1, Loss: 2.2343, Train: 0.1071, Val: 0.1560, Test: 0.1950
Epoch: 2, Loss: 2.0869, Train: 0.1714, Val: 0.2040, Test: 0.2330
Epoch: 3, Loss: 2.0932, Train: 0.2643, Val: 0.2660, Test: 0.2880
Epoch: 4, Loss: 2.1156, Train: 0.3643, Val: 0.3040, Test: 0.3270
Epoch: 5, Loss: 1.9692, Train: 0.3571, Val: 0.3200, Test: 0.3460
Epoch: 6, Loss: 2.1102, Train: 0.4214, Val: 0.3420, Test: 0.3750
Epoch: 7, Loss: 2.0153, Train: 0.4786, Val: 0.3600, Test: 0.4050
Epoch: 8, Loss: 1.9248, Train: 0.5071, Val: 0.3840, Test: 0.4210
Epoch: 9, Loss: 1.9838, Train: 0.6071, Val: 0.4260, Test: 0.4720
Epoch: 10, Loss: 1.9015, Train: 0.6500, Val: 0.4720, Test: 0.5220
Epoch: 11, Loss: 1.9123, Train: 0.7000, Val: 0.5220, Test: 0.5670
Epoch: 12, Loss: 1.6789, Train: 0.7571, Val: 0.5680, Test: 0.6340
Epoch: 13, Loss: 1.8268, Train: 0.7786, Val: 0.6060, Test: 0.6650
Epoch: 14, Loss: 1.7789, Train: 0.8143, Val: 0.6280, Test: 0.6930
Epoch: 15, Loss: 1.8416, Train: 0.8500, Val: 0.6600, Test: 0.7070
Epoch: 16, Loss: 1.6806, Train: 0.8857, Val: 0.6800, Test: 0.7220
Epoch: 17, Loss: 1.6661, Train: 0.9000, Val: 0.6980, Test: 0.7340
Epoch: 18, Loss: 1.7712, Train: 0.9000, Val: 0.7160, Test: 0.7410
Epoch: 19, Loss: 1.6567, Train: 0.9143, Val: 0.7240, Test: 0.7470
Epoch: 20, Loss: 1.4889, Train: 0.9000, Val: 0.7240, Test: 0.7480
Epoch: 21, Loss: 1.5338, Train: 0.9214, Val: 0.7300, Test: 0.7580
Epoch: 22, Loss: 1.4886, Train: 0.9286, Val: 0.7400, Test: 0.7610
Epoch: 23, Loss: 1.4737, Train: 0.9286, Val: 0.7380, Test: 0.7690
Epoch: 24, Loss: 1.4596, Train: 0.9286, Val: 0.7420, Test: 0.7700
Epoch: 25, Loss: 1.5726, Train: 0.9286, Val: 0.7380, Test: 0.7730
Epoch: 26, Loss: 1.3675, Train: 0.9286, Val: 0.7500, Test: 0.7780
Epoch: 27, Loss: 1.3886, Train: 0.9357, Val: 0.7460, Test: 0.7820
Epoch: 28, Loss: 1.4189, Train: 0.9214, Val: 0.7480, Test: 0.7860
Epoch: 29, Loss: 1.2835, Train: 0.9286, Val: 0.7540, Test: 0.7850
Epoch: 30, Loss: 1.2364, Train: 0.9286, Val: 0.7640, Test: 0.7860
Epoch: 31, Loss: 1.2237, Train: 0.9286, Val: 0.7620, Test: 0.7860
Epoch: 32, Loss: 1.1560, Train: 0.9429, Val: 0.7700, Test: 0.7900
Epoch: 33, Loss: 1.1615, Train: 0.9429, Val: 0.7660, Test: 0.7930
Epoch: 34, Loss: 1.1595, Train: 0.9500, Val: 0.7660, Test: 0.7900
Epoch: 35, Loss: 1.1325, Train: 0.9500, Val: 0.7680, Test: 0.7900
Epoch: 36, Loss: 1.0604, Train: 0.9500, Val: 0.7700, Test: 0.7930
Epoch: 37, Loss: 1.0046, Train: 0.9500, Val: 0.7780, Test: 0.7980
Epoch: 38, Loss: 0.9837, Train: 0.9500, Val: 0.7820, Test: 0.8040
Epoch: 39, Loss: 0.9130, Train: 0.9500, Val: 0.7800, Test: 0.8040
Epoch: 40, Loss: 0.9047, Train: 0.9500, Val: 0.7820, Test: 0.8080
Epoch: 41, Loss: 0.8616, Train: 0.9500, Val: 0.7820, Test: 0.8120
Epoch: 42, Loss: 0.7996, Train: 0.9500, Val: 0.7820, Test: 0.8130
Epoch: 43, Loss: 0.7465, Train: 0.9571, Val: 0.7860, Test: 0.8120
Epoch: 44, Loss: 0.7736, Train: 0.9643, Val: 0.7900, Test: 0.8120
Epoch: 45, Loss: 0.7421, Train: 0.9643, Val: 0.7900, Test: 0.8110
Epoch: 46, Loss: 0.7456, Train: 0.9643, Val: 0.7900, Test: 0.8100
Epoch: 47, Loss: 0.7413, Train: 0.9786, Val: 0.7880, Test: 0.8120
Epoch: 48, Loss: 0.6498, Train: 0.9786, Val: 0.7940, Test: 0.8080
Epoch: 49, Loss: 0.6614, Train: 0.9786, Val: 0.7920, Test: 0.8090
Epoch: 50, Loss: 0.6868, Train: 0.9786, Val: 0.7940, Test: 0.8080
MAD:  0.8645
Best Test Accuracy: 0.8130, Val Accuracy: 0.7820, Train Accuracy: 0.9500
Training completed.
Seed:  9
PDN(
  (batch_norm): LayerNorm((128,), eps=1e-05, elementwise_affine=True)
  (convs): ModuleList(
    (0): PDNConv(1433, 128)
    (1-5): 5 x PDNConv(128, 128)
    (6): PDNConv(128, 7)
  )
  (residual_fc): Linear(in_features=1433, out_features=128, bias=True)
)
Epoch: 1, Loss: 2.3451, Train: 0.1643, Val: 0.1360, Test: 0.1620
Epoch: 2, Loss: 2.2286, Train: 0.2429, Val: 0.1800, Test: 0.1890
Epoch: 3, Loss: 2.1282, Train: 0.2929, Val: 0.2000, Test: 0.2140
Epoch: 4, Loss: 2.1710, Train: 0.3429, Val: 0.2240, Test: 0.2370
Epoch: 5, Loss: 2.0529, Train: 0.3500, Val: 0.2540, Test: 0.2540
Epoch: 6, Loss: 2.0658, Train: 0.4214, Val: 0.2900, Test: 0.2620
Epoch: 7, Loss: 2.0773, Train: 0.4357, Val: 0.3040, Test: 0.2880
Epoch: 8, Loss: 1.9802, Train: 0.4286, Val: 0.3260, Test: 0.3070
Epoch: 9, Loss: 1.9578, Train: 0.4786, Val: 0.3380, Test: 0.3260
Epoch: 10, Loss: 2.0797, Train: 0.4929, Val: 0.3440, Test: 0.3470
Epoch: 11, Loss: 1.8628, Train: 0.5429, Val: 0.3660, Test: 0.3670
Epoch: 12, Loss: 2.0267, Train: 0.5857, Val: 0.3860, Test: 0.3980
Epoch: 13, Loss: 1.9763, Train: 0.6357, Val: 0.4140, Test: 0.4230
Epoch: 14, Loss: 1.8811, Train: 0.6929, Val: 0.4320, Test: 0.4520
Epoch: 15, Loss: 1.8482, Train: 0.7429, Val: 0.4560, Test: 0.4900
Epoch: 16, Loss: 1.7337, Train: 0.7357, Val: 0.4840, Test: 0.5040
Epoch: 17, Loss: 1.9489, Train: 0.7643, Val: 0.5020, Test: 0.5400
Epoch: 18, Loss: 1.7341, Train: 0.7643, Val: 0.5160, Test: 0.5620
Epoch: 19, Loss: 1.7849, Train: 0.7643, Val: 0.5420, Test: 0.5830
Epoch: 20, Loss: 1.6546, Train: 0.8143, Val: 0.5600, Test: 0.6050
Epoch: 21, Loss: 1.6288, Train: 0.8286, Val: 0.5840, Test: 0.6180
Epoch: 22, Loss: 1.6504, Train: 0.8286, Val: 0.5860, Test: 0.6460
Epoch: 23, Loss: 1.6466, Train: 0.8643, Val: 0.6040, Test: 0.6560
Epoch: 24, Loss: 1.5408, Train: 0.8643, Val: 0.6220, Test: 0.6630
Epoch: 25, Loss: 1.5317, Train: 0.8786, Val: 0.6280, Test: 0.6750
Epoch: 26, Loss: 1.4722, Train: 0.8857, Val: 0.6260, Test: 0.6830
Epoch: 27, Loss: 1.4791, Train: 0.8929, Val: 0.6320, Test: 0.6910
Epoch: 28, Loss: 1.4391, Train: 0.9071, Val: 0.6340, Test: 0.6910
Epoch: 29, Loss: 1.4515, Train: 0.8929, Val: 0.6400, Test: 0.6920
Epoch: 30, Loss: 1.4264, Train: 0.8929, Val: 0.6500, Test: 0.6920
Epoch: 31, Loss: 1.3662, Train: 0.9000, Val: 0.6600, Test: 0.6930
Epoch: 32, Loss: 1.3566, Train: 0.8929, Val: 0.6620, Test: 0.6880
Epoch: 33, Loss: 1.2682, Train: 0.9143, Val: 0.6700, Test: 0.6890
Epoch: 34, Loss: 1.2524, Train: 0.9143, Val: 0.6620, Test: 0.6930
Epoch: 35, Loss: 1.1330, Train: 0.9286, Val: 0.6540, Test: 0.6960
Epoch: 36, Loss: 1.1449, Train: 0.9286, Val: 0.6640, Test: 0.7030
Epoch: 37, Loss: 1.1372, Train: 0.9357, Val: 0.6680, Test: 0.7130
Epoch: 38, Loss: 1.0845, Train: 0.9429, Val: 0.6760, Test: 0.7200
Epoch: 39, Loss: 1.1085, Train: 0.9357, Val: 0.6800, Test: 0.7290
Epoch: 40, Loss: 1.0404, Train: 0.9429, Val: 0.6960, Test: 0.7310
Epoch: 41, Loss: 0.9728, Train: 0.9500, Val: 0.7140, Test: 0.7470
Epoch: 42, Loss: 1.1413, Train: 0.9571, Val: 0.7200, Test: 0.7540
Epoch: 43, Loss: 0.9235, Train: 0.9643, Val: 0.7300, Test: 0.7570
Epoch: 44, Loss: 0.9216, Train: 0.9786, Val: 0.7300, Test: 0.7600
Epoch: 45, Loss: 0.8570, Train: 0.9786, Val: 0.7260, Test: 0.7620
Epoch: 46, Loss: 0.8887, Train: 0.9786, Val: 0.7260, Test: 0.7620
Epoch: 47, Loss: 0.8456, Train: 0.9786, Val: 0.7260, Test: 0.7660
Epoch: 48, Loss: 0.8030, Train: 0.9857, Val: 0.7300, Test: 0.7760
Epoch: 49, Loss: 0.7858, Train: 0.9857, Val: 0.7380, Test: 0.7820
Epoch: 50, Loss: 0.6872, Train: 0.9857, Val: 0.7440, Test: 0.7880
MAD:  0.9596
Best Test Accuracy: 0.7880, Val Accuracy: 0.7440, Train Accuracy: 0.9857
Training completed.
Average Test Accuracy:  0.7807000000000001 ± 0.021849713956937744
Average MAD:  0.91264 ± 0.035410879684074484
