Seed:  0
PDN(
  (batch_norm): LayerNorm((128,), eps=1e-05, elementwise_affine=True)
  (convs): ModuleList(
    (0): PDNConv(1433, 128)
    (1-4): 4 x PDNConv(128, 128)
    (5): PDNConv(128, 7)
  )
  (residual_fc): Linear(in_features=1433, out_features=128, bias=True)
)
Epoch: 1, Loss: 1.9513, Train: 0.1286, Val: 0.1160, Test: 0.1440
Epoch: 2, Loss: 1.9458, Train: 0.2643, Val: 0.2480, Test: 0.2780
Epoch: 3, Loss: 1.9404, Train: 0.2929, Val: 0.2940, Test: 0.2990
Epoch: 4, Loss: 1.9343, Train: 0.2929, Val: 0.3020, Test: 0.3190
Epoch: 5, Loss: 1.9325, Train: 0.3286, Val: 0.3400, Test: 0.3550
Epoch: 6, Loss: 1.9210, Train: 0.3857, Val: 0.3800, Test: 0.4220
Epoch: 7, Loss: 1.9170, Train: 0.4714, Val: 0.4340, Test: 0.4840
Epoch: 8, Loss: 1.9072, Train: 0.5071, Val: 0.4720, Test: 0.5120
Epoch: 9, Loss: 1.8972, Train: 0.4929, Val: 0.4920, Test: 0.5330
Epoch: 10, Loss: 1.8798, Train: 0.4929, Val: 0.5020, Test: 0.5340
Epoch: 11, Loss: 1.8647, Train: 0.5214, Val: 0.5160, Test: 0.5490
Epoch: 12, Loss: 1.8556, Train: 0.5357, Val: 0.5220, Test: 0.5620
Epoch: 13, Loss: 1.8322, Train: 0.5857, Val: 0.5580, Test: 0.5990
Epoch: 14, Loss: 1.7832, Train: 0.6429, Val: 0.5740, Test: 0.6150
Epoch: 15, Loss: 1.7648, Train: 0.6643, Val: 0.6000, Test: 0.6360
Epoch: 16, Loss: 1.7078, Train: 0.7357, Val: 0.6380, Test: 0.6670
Epoch: 17, Loss: 1.6606, Train: 0.8214, Val: 0.6800, Test: 0.7040
Epoch: 18, Loss: 1.6172, Train: 0.8571, Val: 0.6960, Test: 0.7210
Epoch: 19, Loss: 1.5601, Train: 0.8786, Val: 0.7160, Test: 0.7420
Epoch: 20, Loss: 1.4654, Train: 0.9000, Val: 0.7160, Test: 0.7510
Epoch: 21, Loss: 1.3940, Train: 0.9286, Val: 0.7200, Test: 0.7620
Epoch: 22, Loss: 1.2762, Train: 0.9286, Val: 0.7340, Test: 0.7660
Epoch: 23, Loss: 1.1866, Train: 0.9286, Val: 0.7520, Test: 0.7800
Epoch: 24, Loss: 1.1073, Train: 0.9214, Val: 0.7840, Test: 0.7910
Epoch: 25, Loss: 0.9654, Train: 0.9214, Val: 0.7920, Test: 0.7940
Epoch: 26, Loss: 0.8005, Train: 0.9214, Val: 0.7880, Test: 0.8030
Epoch: 27, Loss: 0.7137, Train: 0.9143, Val: 0.7920, Test: 0.8050
Epoch: 28, Loss: 0.6516, Train: 0.9143, Val: 0.7920, Test: 0.7970
Epoch: 29, Loss: 0.5989, Train: 0.9286, Val: 0.7940, Test: 0.7940
Epoch: 30, Loss: 0.4767, Train: 0.9429, Val: 0.7880, Test: 0.7850
Epoch: 31, Loss: 0.4647, Train: 0.9500, Val: 0.7980, Test: 0.7900
Epoch: 32, Loss: 0.4284, Train: 0.9571, Val: 0.8080, Test: 0.7980
Epoch: 33, Loss: 0.3619, Train: 0.9643, Val: 0.8060, Test: 0.8040
Epoch: 34, Loss: 0.3073, Train: 0.9643, Val: 0.8020, Test: 0.7980
Epoch: 35, Loss: 0.3124, Train: 0.9643, Val: 0.7840, Test: 0.7850
Epoch: 36, Loss: 0.2849, Train: 0.9643, Val: 0.7880, Test: 0.7820
Epoch: 37, Loss: 0.2493, Train: 0.9643, Val: 0.7840, Test: 0.7830
Epoch: 38, Loss: 0.1982, Train: 0.9643, Val: 0.7960, Test: 0.7860
Epoch: 39, Loss: 0.2360, Train: 0.9786, Val: 0.8020, Test: 0.7860
Epoch: 40, Loss: 0.1930, Train: 0.9786, Val: 0.7900, Test: 0.7770
Epoch: 41, Loss: 0.1830, Train: 0.9714, Val: 0.7600, Test: 0.7630
Epoch: 42, Loss: 0.1783, Train: 0.9714, Val: 0.7580, Test: 0.7680
Epoch: 43, Loss: 0.1598, Train: 0.9929, Val: 0.7840, Test: 0.7830
Epoch: 44, Loss: 0.1534, Train: 0.9929, Val: 0.7920, Test: 0.7850
Epoch: 45, Loss: 0.0897, Train: 0.9714, Val: 0.7840, Test: 0.7770
Epoch: 46, Loss: 0.1268, Train: 0.9786, Val: 0.7840, Test: 0.7760
Epoch: 47, Loss: 0.1427, Train: 1.0000, Val: 0.7620, Test: 0.7790
Epoch: 48, Loss: 0.0869, Train: 0.9929, Val: 0.7560, Test: 0.7690
Epoch: 49, Loss: 0.0936, Train: 0.9786, Val: 0.7520, Test: 0.7630
Epoch: 50, Loss: 0.0902, Train: 0.9786, Val: 0.7520, Test: 0.7630
MAD:  0.9031
Best Test Accuracy: 0.8050, Val Accuracy: 0.7920, Train Accuracy: 0.9143
Training completed.
Seed:  1
PDN(
  (batch_norm): LayerNorm((128,), eps=1e-05, elementwise_affine=True)
  (convs): ModuleList(
    (0): PDNConv(1433, 128)
    (1-4): 4 x PDNConv(128, 128)
    (5): PDNConv(128, 7)
  )
  (residual_fc): Linear(in_features=1433, out_features=128, bias=True)
)
Epoch: 1, Loss: 1.9459, Train: 0.2000, Val: 0.2360, Test: 0.2440
Epoch: 2, Loss: 1.9432, Train: 0.3214, Val: 0.2660, Test: 0.2870
Epoch: 3, Loss: 1.9440, Train: 0.3714, Val: 0.2740, Test: 0.2940
Epoch: 4, Loss: 1.9414, Train: 0.4214, Val: 0.2400, Test: 0.2810
Epoch: 5, Loss: 1.9319, Train: 0.4214, Val: 0.2540, Test: 0.2830
Epoch: 6, Loss: 1.9278, Train: 0.4357, Val: 0.2700, Test: 0.2900
Epoch: 7, Loss: 1.9173, Train: 0.4571, Val: 0.2780, Test: 0.3080
Epoch: 8, Loss: 1.9097, Train: 0.4643, Val: 0.2920, Test: 0.3250
Epoch: 9, Loss: 1.8990, Train: 0.4714, Val: 0.3040, Test: 0.3260
Epoch: 10, Loss: 1.8861, Train: 0.4857, Val: 0.3120, Test: 0.3370
Epoch: 11, Loss: 1.8619, Train: 0.5214, Val: 0.3300, Test: 0.3470
Epoch: 12, Loss: 1.8576, Train: 0.5500, Val: 0.3560, Test: 0.3750
Epoch: 13, Loss: 1.8237, Train: 0.6286, Val: 0.4060, Test: 0.4290
Epoch: 14, Loss: 1.7900, Train: 0.6929, Val: 0.4480, Test: 0.4610
Epoch: 15, Loss: 1.7541, Train: 0.7214, Val: 0.4720, Test: 0.4890
Epoch: 16, Loss: 1.7028, Train: 0.7571, Val: 0.5020, Test: 0.5210
Epoch: 17, Loss: 1.6454, Train: 0.7714, Val: 0.5160, Test: 0.5330
Epoch: 18, Loss: 1.5866, Train: 0.7857, Val: 0.5320, Test: 0.5470
Epoch: 19, Loss: 1.5075, Train: 0.8071, Val: 0.5360, Test: 0.5530
Epoch: 20, Loss: 1.4248, Train: 0.8214, Val: 0.5560, Test: 0.5750
Epoch: 21, Loss: 1.3573, Train: 0.8571, Val: 0.6240, Test: 0.6150
Epoch: 22, Loss: 1.2411, Train: 0.8643, Val: 0.6480, Test: 0.6400
Epoch: 23, Loss: 1.1529, Train: 0.8571, Val: 0.6600, Test: 0.6560
Epoch: 24, Loss: 1.0450, Train: 0.8786, Val: 0.6560, Test: 0.6500
Epoch: 25, Loss: 0.9242, Train: 0.8857, Val: 0.6840, Test: 0.6650
Epoch: 26, Loss: 0.8486, Train: 0.9000, Val: 0.7100, Test: 0.6880
Epoch: 27, Loss: 0.7214, Train: 0.8857, Val: 0.7580, Test: 0.7270
Epoch: 28, Loss: 0.6702, Train: 0.9214, Val: 0.7740, Test: 0.7570
Epoch: 29, Loss: 0.6149, Train: 0.9143, Val: 0.7940, Test: 0.7800
Epoch: 30, Loss: 0.5411, Train: 0.9143, Val: 0.7880, Test: 0.7830
Epoch: 31, Loss: 0.4674, Train: 0.9357, Val: 0.7880, Test: 0.7800
Epoch: 32, Loss: 0.4859, Train: 0.9286, Val: 0.7860, Test: 0.7590
Epoch: 33, Loss: 0.4377, Train: 0.9357, Val: 0.7600, Test: 0.7340
Epoch: 34, Loss: 0.4377, Train: 0.9500, Val: 0.7740, Test: 0.7490
Epoch: 35, Loss: 0.3573, Train: 0.9643, Val: 0.7940, Test: 0.7740
Epoch: 36, Loss: 0.3110, Train: 0.9643, Val: 0.8040, Test: 0.7790
Epoch: 37, Loss: 0.3136, Train: 0.9643, Val: 0.7920, Test: 0.7890
Epoch: 38, Loss: 0.2693, Train: 0.9786, Val: 0.8000, Test: 0.7880
Epoch: 39, Loss: 0.3189, Train: 0.9714, Val: 0.7880, Test: 0.7790
Epoch: 40, Loss: 0.2021, Train: 0.9643, Val: 0.7840, Test: 0.7760
Epoch: 41, Loss: 0.2245, Train: 0.9786, Val: 0.7980, Test: 0.7900
Epoch: 42, Loss: 0.1949, Train: 0.9643, Val: 0.7860, Test: 0.7810
Epoch: 43, Loss: 0.1462, Train: 0.9571, Val: 0.7800, Test: 0.7710
Epoch: 44, Loss: 0.1729, Train: 0.9714, Val: 0.7880, Test: 0.7770
Epoch: 45, Loss: 0.1156, Train: 0.9786, Val: 0.7740, Test: 0.7690
Epoch: 46, Loss: 0.1386, Train: 0.9929, Val: 0.7620, Test: 0.7610
Epoch: 47, Loss: 0.1228, Train: 0.9786, Val: 0.7500, Test: 0.7380
Epoch: 48, Loss: 0.1150, Train: 0.9857, Val: 0.7500, Test: 0.7400
Epoch: 49, Loss: 0.1182, Train: 0.9929, Val: 0.7520, Test: 0.7600
Epoch: 50, Loss: 0.1066, Train: 0.9929, Val: 0.7560, Test: 0.7720
MAD:  0.8528
Best Test Accuracy: 0.7900, Val Accuracy: 0.7980, Train Accuracy: 0.9786
Training completed.
Seed:  2
PDN(
  (batch_norm): LayerNorm((128,), eps=1e-05, elementwise_affine=True)
  (convs): ModuleList(
    (0): PDNConv(1433, 128)
    (1-4): 4 x PDNConv(128, 128)
    (5): PDNConv(128, 7)
  )
  (residual_fc): Linear(in_features=1433, out_features=128, bias=True)
)
Epoch: 1, Loss: 1.9465, Train: 0.1429, Val: 0.3160, Test: 0.3170
Epoch: 2, Loss: 1.9416, Train: 0.1714, Val: 0.3340, Test: 0.3450
Epoch: 3, Loss: 1.9387, Train: 0.1929, Val: 0.3500, Test: 0.3570
Epoch: 4, Loss: 1.9333, Train: 0.2714, Val: 0.3520, Test: 0.3710
Epoch: 5, Loss: 1.9280, Train: 0.2786, Val: 0.3820, Test: 0.3940
Epoch: 6, Loss: 1.9185, Train: 0.2857, Val: 0.3840, Test: 0.3940
Epoch: 7, Loss: 1.9064, Train: 0.2929, Val: 0.3740, Test: 0.3920
Epoch: 8, Loss: 1.9016, Train: 0.2929, Val: 0.3720, Test: 0.3910
Epoch: 9, Loss: 1.8860, Train: 0.3000, Val: 0.3720, Test: 0.3900
Epoch: 10, Loss: 1.8692, Train: 0.3071, Val: 0.3760, Test: 0.4010
Epoch: 11, Loss: 1.8389, Train: 0.3143, Val: 0.3820, Test: 0.4030
Epoch: 12, Loss: 1.8313, Train: 0.3214, Val: 0.4040, Test: 0.4090
Epoch: 13, Loss: 1.7789, Train: 0.3571, Val: 0.4140, Test: 0.4190
Epoch: 14, Loss: 1.7595, Train: 0.4357, Val: 0.4600, Test: 0.4540
Epoch: 15, Loss: 1.7194, Train: 0.5929, Val: 0.5420, Test: 0.5370
Epoch: 16, Loss: 1.6869, Train: 0.7214, Val: 0.6360, Test: 0.6390
Epoch: 17, Loss: 1.5902, Train: 0.8000, Val: 0.6660, Test: 0.6870
Epoch: 18, Loss: 1.5408, Train: 0.8429, Val: 0.6900, Test: 0.7160
Epoch: 19, Loss: 1.4832, Train: 0.8571, Val: 0.7080, Test: 0.7420
Epoch: 20, Loss: 1.4051, Train: 0.8786, Val: 0.7320, Test: 0.7590
Epoch: 21, Loss: 1.3021, Train: 0.8929, Val: 0.7480, Test: 0.7640
Epoch: 22, Loss: 1.2034, Train: 0.8929, Val: 0.7620, Test: 0.7710
Epoch: 23, Loss: 1.1015, Train: 0.9000, Val: 0.7580, Test: 0.7710
Epoch: 24, Loss: 1.0166, Train: 0.9000, Val: 0.7620, Test: 0.7810
Epoch: 25, Loss: 0.9098, Train: 0.9000, Val: 0.7740, Test: 0.7890
Epoch: 26, Loss: 0.7526, Train: 0.9357, Val: 0.7760, Test: 0.7960
Epoch: 27, Loss: 0.7054, Train: 0.9429, Val: 0.7860, Test: 0.7970
Epoch: 28, Loss: 0.6300, Train: 0.9429, Val: 0.7920, Test: 0.8040
Epoch: 29, Loss: 0.5687, Train: 0.9357, Val: 0.7900, Test: 0.7880
Epoch: 30, Loss: 0.5358, Train: 0.9429, Val: 0.7960, Test: 0.7930
Epoch: 31, Loss: 0.4394, Train: 0.9643, Val: 0.7900, Test: 0.7910
Epoch: 32, Loss: 0.4215, Train: 0.9500, Val: 0.7680, Test: 0.7870
Epoch: 33, Loss: 0.4151, Train: 0.9500, Val: 0.7640, Test: 0.7880
Epoch: 34, Loss: 0.2870, Train: 0.9571, Val: 0.7760, Test: 0.7840
Epoch: 35, Loss: 0.2596, Train: 0.9643, Val: 0.7800, Test: 0.7870
Epoch: 36, Loss: 0.2772, Train: 0.9643, Val: 0.7780, Test: 0.7840
Epoch: 37, Loss: 0.2018, Train: 0.9786, Val: 0.7660, Test: 0.7700
Epoch: 38, Loss: 0.2485, Train: 0.9786, Val: 0.7740, Test: 0.7830
Epoch: 39, Loss: 0.1721, Train: 0.9786, Val: 0.7640, Test: 0.8070
Epoch: 40, Loss: 0.2128, Train: 0.9643, Val: 0.7620, Test: 0.7890
Epoch: 41, Loss: 0.1428, Train: 0.9571, Val: 0.7560, Test: 0.7660
Epoch: 42, Loss: 0.1766, Train: 0.9643, Val: 0.7640, Test: 0.7750
Epoch: 43, Loss: 0.1270, Train: 0.9857, Val: 0.7640, Test: 0.7810
Epoch: 44, Loss: 0.1150, Train: 0.9857, Val: 0.7660, Test: 0.7870
Epoch: 45, Loss: 0.1078, Train: 0.9857, Val: 0.7580, Test: 0.7770
Epoch: 46, Loss: 0.1213, Train: 0.9929, Val: 0.7600, Test: 0.7880
Epoch: 47, Loss: 0.0929, Train: 0.9857, Val: 0.7720, Test: 0.7850
Epoch: 48, Loss: 0.0939, Train: 0.9786, Val: 0.7720, Test: 0.7830
Epoch: 49, Loss: 0.0720, Train: 0.9786, Val: 0.7620, Test: 0.7730
Epoch: 50, Loss: 0.0934, Train: 0.9857, Val: 0.7620, Test: 0.7600
MAD:  0.8344
Best Test Accuracy: 0.8070, Val Accuracy: 0.7640, Train Accuracy: 0.9786
Training completed.
Seed:  3
PDN(
  (batch_norm): LayerNorm((128,), eps=1e-05, elementwise_affine=True)
  (convs): ModuleList(
    (0): PDNConv(1433, 128)
    (1-4): 4 x PDNConv(128, 128)
    (5): PDNConv(128, 7)
  )
  (residual_fc): Linear(in_features=1433, out_features=128, bias=True)
)
Epoch: 1, Loss: 1.9478, Train: 0.2214, Val: 0.1520, Test: 0.1840
Epoch: 2, Loss: 1.9422, Train: 0.3071, Val: 0.2060, Test: 0.2130
Epoch: 3, Loss: 1.9372, Train: 0.3429, Val: 0.2260, Test: 0.2280
Epoch: 4, Loss: 1.9286, Train: 0.3429, Val: 0.2220, Test: 0.2310
Epoch: 5, Loss: 1.9197, Train: 0.3643, Val: 0.2260, Test: 0.2450
Epoch: 6, Loss: 1.9113, Train: 0.4143, Val: 0.2300, Test: 0.2560
Epoch: 7, Loss: 1.8999, Train: 0.4643, Val: 0.2560, Test: 0.2770
Epoch: 8, Loss: 1.8827, Train: 0.4929, Val: 0.2920, Test: 0.3050
Epoch: 9, Loss: 1.8725, Train: 0.5500, Val: 0.3140, Test: 0.3400
Epoch: 10, Loss: 1.8472, Train: 0.5571, Val: 0.3200, Test: 0.3540
Epoch: 11, Loss: 1.8259, Train: 0.5714, Val: 0.3260, Test: 0.3660
Epoch: 12, Loss: 1.7938, Train: 0.5786, Val: 0.3420, Test: 0.3800
Epoch: 13, Loss: 1.7743, Train: 0.6000, Val: 0.3600, Test: 0.3910
Epoch: 14, Loss: 1.6912, Train: 0.6071, Val: 0.3940, Test: 0.4020
Epoch: 15, Loss: 1.6599, Train: 0.6286, Val: 0.4000, Test: 0.4150
Epoch: 16, Loss: 1.5933, Train: 0.6357, Val: 0.4200, Test: 0.4260
Epoch: 17, Loss: 1.5140, Train: 0.6429, Val: 0.4220, Test: 0.4360
Epoch: 18, Loss: 1.4407, Train: 0.6429, Val: 0.4180, Test: 0.4420
Epoch: 19, Loss: 1.3641, Train: 0.6857, Val: 0.4520, Test: 0.4780
Epoch: 20, Loss: 1.2772, Train: 0.7143, Val: 0.5060, Test: 0.5160
Epoch: 21, Loss: 1.1751, Train: 0.7857, Val: 0.5940, Test: 0.6100
Epoch: 22, Loss: 1.1029, Train: 0.8571, Val: 0.6640, Test: 0.6590
Epoch: 23, Loss: 1.0311, Train: 0.8857, Val: 0.6940, Test: 0.6990
Epoch: 24, Loss: 0.8856, Train: 0.8857, Val: 0.7140, Test: 0.7180
Epoch: 25, Loss: 0.8402, Train: 0.8929, Val: 0.7360, Test: 0.7350
Epoch: 26, Loss: 0.7286, Train: 0.9143, Val: 0.7440, Test: 0.7580
Epoch: 27, Loss: 0.6849, Train: 0.9357, Val: 0.7640, Test: 0.7690
Epoch: 28, Loss: 0.5904, Train: 0.9286, Val: 0.7700, Test: 0.7760
Epoch: 29, Loss: 0.5038, Train: 0.9286, Val: 0.7720, Test: 0.7710
Epoch: 30, Loss: 0.4650, Train: 0.9429, Val: 0.7860, Test: 0.7780
Epoch: 31, Loss: 0.4444, Train: 0.9500, Val: 0.7800, Test: 0.7690
Epoch: 32, Loss: 0.4162, Train: 0.9429, Val: 0.7960, Test: 0.7810
Epoch: 33, Loss: 0.3965, Train: 0.9643, Val: 0.7980, Test: 0.7980
Epoch: 34, Loss: 0.4208, Train: 0.9643, Val: 0.7980, Test: 0.7990
Epoch: 35, Loss: 0.2459, Train: 0.9643, Val: 0.7980, Test: 0.7890
Epoch: 36, Loss: 0.2701, Train: 0.9714, Val: 0.7860, Test: 0.7920
Epoch: 37, Loss: 0.2879, Train: 0.9643, Val: 0.7980, Test: 0.7950
Epoch: 38, Loss: 0.2020, Train: 0.9714, Val: 0.7880, Test: 0.7860
Epoch: 39, Loss: 0.1960, Train: 0.9714, Val: 0.7840, Test: 0.7760
Epoch: 40, Loss: 0.2468, Train: 0.9786, Val: 0.7780, Test: 0.7800
Epoch: 41, Loss: 0.1796, Train: 0.9857, Val: 0.7840, Test: 0.7850
Epoch: 42, Loss: 0.1828, Train: 0.9857, Val: 0.7840, Test: 0.7900
Epoch: 43, Loss: 0.1787, Train: 0.9857, Val: 0.7780, Test: 0.7910
Epoch: 44, Loss: 0.1703, Train: 0.9929, Val: 0.7900, Test: 0.7990
Epoch: 45, Loss: 0.1913, Train: 0.9857, Val: 0.7920, Test: 0.7890
Epoch: 46, Loss: 0.1201, Train: 0.9929, Val: 0.7920, Test: 0.7830
Epoch: 47, Loss: 0.1490, Train: 0.9929, Val: 0.7940, Test: 0.7840
Epoch: 48, Loss: 0.1238, Train: 1.0000, Val: 0.7920, Test: 0.7880
Epoch: 49, Loss: 0.0750, Train: 1.0000, Val: 0.7820, Test: 0.7970
Epoch: 50, Loss: 0.0698, Train: 1.0000, Val: 0.7800, Test: 0.7870
MAD:  0.7361
Best Test Accuracy: 0.7990, Val Accuracy: 0.7980, Train Accuracy: 0.9643
Training completed.
Seed:  4
PDN(
  (batch_norm): LayerNorm((128,), eps=1e-05, elementwise_affine=True)
  (convs): ModuleList(
    (0): PDNConv(1433, 128)
    (1-4): 4 x PDNConv(128, 128)
    (5): PDNConv(128, 7)
  )
  (residual_fc): Linear(in_features=1433, out_features=128, bias=True)
)
Epoch: 1, Loss: 1.9478, Train: 0.1929, Val: 0.1480, Test: 0.1620
Epoch: 2, Loss: 1.9413, Train: 0.2429, Val: 0.2440, Test: 0.2640
Epoch: 3, Loss: 1.9378, Train: 0.3429, Val: 0.2960, Test: 0.3220
Epoch: 4, Loss: 1.9330, Train: 0.3786, Val: 0.3300, Test: 0.3790
Epoch: 5, Loss: 1.9283, Train: 0.3786, Val: 0.3260, Test: 0.3700
Epoch: 6, Loss: 1.9217, Train: 0.3857, Val: 0.3340, Test: 0.3820
Epoch: 7, Loss: 1.9126, Train: 0.4500, Val: 0.3520, Test: 0.3920
Epoch: 8, Loss: 1.9021, Train: 0.4786, Val: 0.3840, Test: 0.4110
Epoch: 9, Loss: 1.8949, Train: 0.5286, Val: 0.4500, Test: 0.4640
Epoch: 10, Loss: 1.8833, Train: 0.6000, Val: 0.4900, Test: 0.5200
Epoch: 11, Loss: 1.8546, Train: 0.6786, Val: 0.5300, Test: 0.5620
Epoch: 12, Loss: 1.8318, Train: 0.7000, Val: 0.5660, Test: 0.5990
Epoch: 13, Loss: 1.7928, Train: 0.7071, Val: 0.5840, Test: 0.6200
Epoch: 14, Loss: 1.7707, Train: 0.7071, Val: 0.5960, Test: 0.6330
Epoch: 15, Loss: 1.7135, Train: 0.7071, Val: 0.6180, Test: 0.6440
Epoch: 16, Loss: 1.6780, Train: 0.7214, Val: 0.6300, Test: 0.6570
Epoch: 17, Loss: 1.5976, Train: 0.7357, Val: 0.6260, Test: 0.6610
Epoch: 18, Loss: 1.5373, Train: 0.7429, Val: 0.6360, Test: 0.6680
Epoch: 19, Loss: 1.4764, Train: 0.7500, Val: 0.6620, Test: 0.6800
Epoch: 20, Loss: 1.3789, Train: 0.7714, Val: 0.6660, Test: 0.6890
Epoch: 21, Loss: 1.2818, Train: 0.8143, Val: 0.6820, Test: 0.7230
Epoch: 22, Loss: 1.2246, Train: 0.8429, Val: 0.7100, Test: 0.7500
Epoch: 23, Loss: 1.1301, Train: 0.8929, Val: 0.7480, Test: 0.7790
Epoch: 24, Loss: 1.0274, Train: 0.9071, Val: 0.7780, Test: 0.7810
Epoch: 25, Loss: 0.9402, Train: 0.9071, Val: 0.7660, Test: 0.7600
Epoch: 26, Loss: 0.8802, Train: 0.9071, Val: 0.7540, Test: 0.7520
Epoch: 27, Loss: 0.8005, Train: 0.8929, Val: 0.7240, Test: 0.7510
Epoch: 28, Loss: 0.8078, Train: 0.9071, Val: 0.7460, Test: 0.7720
Epoch: 29, Loss: 0.6588, Train: 0.9000, Val: 0.7560, Test: 0.7710
Epoch: 30, Loss: 0.6399, Train: 0.9286, Val: 0.7620, Test: 0.7700
Epoch: 31, Loss: 0.5862, Train: 0.9500, Val: 0.7740, Test: 0.7820
Epoch: 32, Loss: 0.6018, Train: 0.9429, Val: 0.7800, Test: 0.7790
Epoch: 33, Loss: 0.5365, Train: 0.9286, Val: 0.7900, Test: 0.7820
Epoch: 34, Loss: 0.4829, Train: 0.9429, Val: 0.7820, Test: 0.8000
Epoch: 35, Loss: 0.4339, Train: 0.9357, Val: 0.7760, Test: 0.7940
Epoch: 36, Loss: 0.4041, Train: 0.9571, Val: 0.7740, Test: 0.7980
Epoch: 37, Loss: 0.4569, Train: 0.9643, Val: 0.7780, Test: 0.7980
Epoch: 38, Loss: 0.4016, Train: 0.9643, Val: 0.7740, Test: 0.8010
Epoch: 39, Loss: 0.3138, Train: 0.9714, Val: 0.7700, Test: 0.7890
Epoch: 40, Loss: 0.2574, Train: 0.9643, Val: 0.7800, Test: 0.8000
Epoch: 41, Loss: 0.2715, Train: 0.9643, Val: 0.7800, Test: 0.8050
Epoch: 42, Loss: 0.2242, Train: 0.9643, Val: 0.7740, Test: 0.7980
Epoch: 43, Loss: 0.2401, Train: 0.9714, Val: 0.7660, Test: 0.8020
Epoch: 44, Loss: 0.2154, Train: 0.9929, Val: 0.7700, Test: 0.8050
Epoch: 45, Loss: 0.1864, Train: 0.9929, Val: 0.7800, Test: 0.8050
Epoch: 46, Loss: 0.1544, Train: 0.9643, Val: 0.7720, Test: 0.7930
Epoch: 47, Loss: 0.1772, Train: 0.9714, Val: 0.7720, Test: 0.7880
Epoch: 48, Loss: 0.1727, Train: 0.9929, Val: 0.7720, Test: 0.7980
Epoch: 49, Loss: 0.2097, Train: 0.9929, Val: 0.7780, Test: 0.8050
Epoch: 50, Loss: 0.1147, Train: 0.9857, Val: 0.7460, Test: 0.7860
MAD:  0.7944
Best Test Accuracy: 0.8050, Val Accuracy: 0.7800, Train Accuracy: 0.9643
Training completed.
Seed:  5
PDN(
  (batch_norm): LayerNorm((128,), eps=1e-05, elementwise_affine=True)
  (convs): ModuleList(
    (0): PDNConv(1433, 128)
    (1-4): 4 x PDNConv(128, 128)
    (5): PDNConv(128, 7)
  )
  (residual_fc): Linear(in_features=1433, out_features=128, bias=True)
)
Epoch: 1, Loss: 1.9473, Train: 0.2071, Val: 0.1760, Test: 0.1700
Epoch: 2, Loss: 1.9420, Train: 0.2786, Val: 0.1860, Test: 0.2070
Epoch: 3, Loss: 1.9390, Train: 0.3429, Val: 0.2020, Test: 0.2170
Epoch: 4, Loss: 1.9361, Train: 0.3571, Val: 0.2000, Test: 0.2100
Epoch: 5, Loss: 1.9312, Train: 0.3714, Val: 0.1960, Test: 0.2230
Epoch: 6, Loss: 1.9270, Train: 0.4000, Val: 0.2120, Test: 0.2290
Epoch: 7, Loss: 1.9265, Train: 0.4286, Val: 0.2080, Test: 0.2300
Epoch: 8, Loss: 1.9180, Train: 0.4357, Val: 0.2220, Test: 0.2470
Epoch: 9, Loss: 1.9083, Train: 0.4786, Val: 0.2540, Test: 0.2970
Epoch: 10, Loss: 1.8957, Train: 0.5714, Val: 0.3340, Test: 0.3850
Epoch: 11, Loss: 1.8840, Train: 0.5929, Val: 0.4200, Test: 0.4590
Epoch: 12, Loss: 1.8712, Train: 0.6071, Val: 0.4540, Test: 0.4980
Epoch: 13, Loss: 1.8506, Train: 0.6357, Val: 0.4680, Test: 0.5240
Epoch: 14, Loss: 1.8259, Train: 0.6643, Val: 0.5040, Test: 0.5460
Epoch: 15, Loss: 1.7848, Train: 0.6786, Val: 0.5260, Test: 0.5590
Epoch: 16, Loss: 1.7494, Train: 0.7143, Val: 0.5540, Test: 0.5800
Epoch: 17, Loss: 1.7255, Train: 0.7286, Val: 0.5640, Test: 0.6040
Epoch: 18, Loss: 1.6807, Train: 0.7643, Val: 0.6020, Test: 0.6200
Epoch: 19, Loss: 1.6095, Train: 0.7929, Val: 0.6220, Test: 0.6330
Epoch: 20, Loss: 1.5617, Train: 0.8000, Val: 0.6320, Test: 0.6520
Epoch: 21, Loss: 1.5061, Train: 0.7929, Val: 0.6500, Test: 0.6600
Epoch: 22, Loss: 1.4127, Train: 0.7929, Val: 0.6480, Test: 0.6660
Epoch: 23, Loss: 1.3393, Train: 0.8214, Val: 0.6620, Test: 0.6760
Epoch: 24, Loss: 1.2419, Train: 0.8286, Val: 0.6920, Test: 0.6930
Epoch: 25, Loss: 1.1454, Train: 0.8643, Val: 0.7340, Test: 0.7290
Epoch: 26, Loss: 1.0199, Train: 0.8929, Val: 0.7560, Test: 0.7470
Epoch: 27, Loss: 0.9427, Train: 0.8929, Val: 0.7520, Test: 0.7510
Epoch: 28, Loss: 0.8370, Train: 0.9000, Val: 0.7580, Test: 0.7650
Epoch: 29, Loss: 0.7465, Train: 0.9214, Val: 0.7620, Test: 0.7710
Epoch: 30, Loss: 0.6649, Train: 0.9286, Val: 0.7780, Test: 0.7760
Epoch: 31, Loss: 0.5933, Train: 0.9286, Val: 0.7680, Test: 0.7710
Epoch: 32, Loss: 0.5139, Train: 0.9429, Val: 0.7640, Test: 0.7710
Epoch: 33, Loss: 0.4307, Train: 0.9500, Val: 0.7600, Test: 0.7820
Epoch: 34, Loss: 0.3724, Train: 0.9357, Val: 0.7560, Test: 0.7680
Epoch: 35, Loss: 0.3564, Train: 0.9429, Val: 0.7660, Test: 0.7790
Epoch: 36, Loss: 0.3599, Train: 0.9643, Val: 0.7700, Test: 0.7890
Epoch: 37, Loss: 0.2839, Train: 0.9643, Val: 0.7780, Test: 0.7870
Epoch: 38, Loss: 0.2855, Train: 0.9714, Val: 0.7820, Test: 0.7790
Epoch: 39, Loss: 0.2345, Train: 0.9786, Val: 0.7580, Test: 0.7620
Epoch: 40, Loss: 0.2170, Train: 0.9714, Val: 0.7600, Test: 0.7660
Epoch: 41, Loss: 0.1912, Train: 0.9714, Val: 0.7420, Test: 0.7570
Epoch: 42, Loss: 0.2142, Train: 0.9786, Val: 0.7460, Test: 0.7590
Epoch: 43, Loss: 0.2129, Train: 0.9929, Val: 0.7700, Test: 0.7740
Epoch: 44, Loss: 0.1545, Train: 0.9929, Val: 0.7760, Test: 0.7810
Epoch: 45, Loss: 0.1326, Train: 0.9857, Val: 0.7740, Test: 0.7750
Epoch: 46, Loss: 0.1079, Train: 0.9857, Val: 0.7580, Test: 0.7690
Epoch: 47, Loss: 0.1504, Train: 0.9857, Val: 0.7520, Test: 0.7600
Epoch: 48, Loss: 0.0941, Train: 0.9929, Val: 0.7440, Test: 0.7530
Epoch: 49, Loss: 0.0665, Train: 0.9929, Val: 0.7560, Test: 0.7490
Epoch: 50, Loss: 0.1031, Train: 1.0000, Val: 0.7760, Test: 0.7670
MAD:  0.7733
Best Test Accuracy: 0.7890, Val Accuracy: 0.7700, Train Accuracy: 0.9643
Training completed.
Seed:  6
PDN(
  (batch_norm): LayerNorm((128,), eps=1e-05, elementwise_affine=True)
  (convs): ModuleList(
    (0): PDNConv(1433, 128)
    (1-4): 4 x PDNConv(128, 128)
    (5): PDNConv(128, 7)
  )
  (residual_fc): Linear(in_features=1433, out_features=128, bias=True)
)
Epoch: 1, Loss: 1.9461, Train: 0.2214, Val: 0.2180, Test: 0.2090
Epoch: 2, Loss: 1.9438, Train: 0.3500, Val: 0.3080, Test: 0.3010
Epoch: 3, Loss: 1.9407, Train: 0.3500, Val: 0.3140, Test: 0.3160
Epoch: 4, Loss: 1.9350, Train: 0.4000, Val: 0.3280, Test: 0.3380
Epoch: 5, Loss: 1.9311, Train: 0.4071, Val: 0.3440, Test: 0.3520
Epoch: 6, Loss: 1.9253, Train: 0.4214, Val: 0.3740, Test: 0.3630
Epoch: 7, Loss: 1.9200, Train: 0.4143, Val: 0.3840, Test: 0.3840
Epoch: 8, Loss: 1.9126, Train: 0.4357, Val: 0.4080, Test: 0.3900
Epoch: 9, Loss: 1.8987, Train: 0.4857, Val: 0.4360, Test: 0.4470
Epoch: 10, Loss: 1.8928, Train: 0.5500, Val: 0.4960, Test: 0.5070
Epoch: 11, Loss: 1.8743, Train: 0.5786, Val: 0.5340, Test: 0.5390
Epoch: 12, Loss: 1.8476, Train: 0.5929, Val: 0.5440, Test: 0.5580
Epoch: 13, Loss: 1.8294, Train: 0.6143, Val: 0.5660, Test: 0.5860
Epoch: 14, Loss: 1.8072, Train: 0.6429, Val: 0.5800, Test: 0.6070
Epoch: 15, Loss: 1.7582, Train: 0.6571, Val: 0.5900, Test: 0.6190
Epoch: 16, Loss: 1.7151, Train: 0.6929, Val: 0.5940, Test: 0.6290
Epoch: 17, Loss: 1.6654, Train: 0.7143, Val: 0.5960, Test: 0.6360
Epoch: 18, Loss: 1.6067, Train: 0.7429, Val: 0.6080, Test: 0.6440
Epoch: 19, Loss: 1.5353, Train: 0.7500, Val: 0.6160, Test: 0.6500
Epoch: 20, Loss: 1.4561, Train: 0.7500, Val: 0.6360, Test: 0.6550
Epoch: 21, Loss: 1.3873, Train: 0.7571, Val: 0.6420, Test: 0.6600
Epoch: 22, Loss: 1.3068, Train: 0.7786, Val: 0.6400, Test: 0.6610
Epoch: 23, Loss: 1.1796, Train: 0.7643, Val: 0.6380, Test: 0.6520
Epoch: 24, Loss: 1.0782, Train: 0.7714, Val: 0.6420, Test: 0.6450
Epoch: 25, Loss: 1.0274, Train: 0.7786, Val: 0.6480, Test: 0.6440
Epoch: 26, Loss: 0.9593, Train: 0.7857, Val: 0.6500, Test: 0.6490
Epoch: 27, Loss: 0.8645, Train: 0.7857, Val: 0.6600, Test: 0.6560
Epoch: 28, Loss: 0.7769, Train: 0.8571, Val: 0.6900, Test: 0.6950
Epoch: 29, Loss: 0.7216, Train: 0.9286, Val: 0.7720, Test: 0.7670
Epoch: 30, Loss: 0.5831, Train: 0.9500, Val: 0.7920, Test: 0.7880
Epoch: 31, Loss: 0.5575, Train: 0.9357, Val: 0.7960, Test: 0.7950
Epoch: 32, Loss: 0.4831, Train: 0.9429, Val: 0.7960, Test: 0.7990
Epoch: 33, Loss: 0.4077, Train: 0.9571, Val: 0.7920, Test: 0.7920
Epoch: 34, Loss: 0.4075, Train: 0.9571, Val: 0.7820, Test: 0.7750
Epoch: 35, Loss: 0.3326, Train: 0.9714, Val: 0.7900, Test: 0.7830
Epoch: 36, Loss: 0.3307, Train: 0.9643, Val: 0.7960, Test: 0.7870
Epoch: 37, Loss: 0.2778, Train: 0.9714, Val: 0.7980, Test: 0.7900
Epoch: 38, Loss: 0.3339, Train: 0.9786, Val: 0.7880, Test: 0.7900
Epoch: 39, Loss: 0.2521, Train: 0.9714, Val: 0.7820, Test: 0.7830
Epoch: 40, Loss: 0.1633, Train: 0.9929, Val: 0.7880, Test: 0.7820
Epoch: 41, Loss: 0.1880, Train: 1.0000, Val: 0.7840, Test: 0.7840
Epoch: 42, Loss: 0.1863, Train: 1.0000, Val: 0.7700, Test: 0.7700
Epoch: 43, Loss: 0.1364, Train: 1.0000, Val: 0.7640, Test: 0.7650
Epoch: 44, Loss: 0.1599, Train: 1.0000, Val: 0.7820, Test: 0.7690
Epoch: 45, Loss: 0.0757, Train: 0.9929, Val: 0.7660, Test: 0.7630
Epoch: 46, Loss: 0.1109, Train: 0.9786, Val: 0.7620, Test: 0.7610
Epoch: 47, Loss: 0.1152, Train: 0.9786, Val: 0.7680, Test: 0.7640
Epoch: 48, Loss: 0.1089, Train: 0.9714, Val: 0.7680, Test: 0.7670
Epoch: 49, Loss: 0.1162, Train: 0.9857, Val: 0.7680, Test: 0.7610
Epoch: 50, Loss: 0.0961, Train: 0.9857, Val: 0.7440, Test: 0.7450
MAD:  0.9057
Best Test Accuracy: 0.7990, Val Accuracy: 0.7960, Train Accuracy: 0.9429
Training completed.
Seed:  7
PDN(
  (batch_norm): LayerNorm((128,), eps=1e-05, elementwise_affine=True)
  (convs): ModuleList(
    (0): PDNConv(1433, 128)
    (1-4): 4 x PDNConv(128, 128)
    (5): PDNConv(128, 7)
  )
  (residual_fc): Linear(in_features=1433, out_features=128, bias=True)
)
Epoch: 1, Loss: 1.9471, Train: 0.1929, Val: 0.1160, Test: 0.1410
Epoch: 2, Loss: 1.9447, Train: 0.3143, Val: 0.1620, Test: 0.2170
Epoch: 3, Loss: 1.9394, Train: 0.3429, Val: 0.2060, Test: 0.2400
Epoch: 4, Loss: 1.9345, Train: 0.3857, Val: 0.2220, Test: 0.2590
Epoch: 5, Loss: 1.9321, Train: 0.4357, Val: 0.2700, Test: 0.2850
Epoch: 6, Loss: 1.9250, Train: 0.5286, Val: 0.3400, Test: 0.3320
Epoch: 7, Loss: 1.9110, Train: 0.5714, Val: 0.4020, Test: 0.3820
Epoch: 8, Loss: 1.8978, Train: 0.6000, Val: 0.4480, Test: 0.4190
Epoch: 9, Loss: 1.8872, Train: 0.5929, Val: 0.4820, Test: 0.4640
Epoch: 10, Loss: 1.8774, Train: 0.6143, Val: 0.4880, Test: 0.5040
Epoch: 11, Loss: 1.8672, Train: 0.6500, Val: 0.5220, Test: 0.5290
Epoch: 12, Loss: 1.8256, Train: 0.6643, Val: 0.5280, Test: 0.5360
Epoch: 13, Loss: 1.7987, Train: 0.6857, Val: 0.5460, Test: 0.5480
Epoch: 14, Loss: 1.7767, Train: 0.7000, Val: 0.5620, Test: 0.5710
Epoch: 15, Loss: 1.7308, Train: 0.7143, Val: 0.5800, Test: 0.5810
Epoch: 16, Loss: 1.6669, Train: 0.7143, Val: 0.5880, Test: 0.5850
Epoch: 17, Loss: 1.5899, Train: 0.7286, Val: 0.6000, Test: 0.6110
Epoch: 18, Loss: 1.5546, Train: 0.7643, Val: 0.6240, Test: 0.6260
Epoch: 19, Loss: 1.4606, Train: 0.7786, Val: 0.6540, Test: 0.6570
Epoch: 20, Loss: 1.3511, Train: 0.7857, Val: 0.6660, Test: 0.6700
Epoch: 21, Loss: 1.2589, Train: 0.7857, Val: 0.6880, Test: 0.6790
Epoch: 22, Loss: 1.2107, Train: 0.8000, Val: 0.6860, Test: 0.6830
Epoch: 23, Loss: 1.0906, Train: 0.8286, Val: 0.7000, Test: 0.6960
Epoch: 24, Loss: 0.9531, Train: 0.8786, Val: 0.7080, Test: 0.7300
Epoch: 25, Loss: 0.9048, Train: 0.9143, Val: 0.7360, Test: 0.7410
Epoch: 26, Loss: 0.7852, Train: 0.9071, Val: 0.7700, Test: 0.7550
Epoch: 27, Loss: 0.7133, Train: 0.9143, Val: 0.7540, Test: 0.7630
Epoch: 28, Loss: 0.5826, Train: 0.9214, Val: 0.7620, Test: 0.7750
Epoch: 29, Loss: 0.5419, Train: 0.9357, Val: 0.7680, Test: 0.7870
Epoch: 30, Loss: 0.4877, Train: 0.9500, Val: 0.7660, Test: 0.7780
Epoch: 31, Loss: 0.4594, Train: 0.9500, Val: 0.7680, Test: 0.7650
Epoch: 32, Loss: 0.4685, Train: 0.9500, Val: 0.7380, Test: 0.7560
Epoch: 33, Loss: 0.3513, Train: 0.9571, Val: 0.7620, Test: 0.7690
Epoch: 34, Loss: 0.3416, Train: 0.9643, Val: 0.7820, Test: 0.7900
Epoch: 35, Loss: 0.3681, Train: 0.9643, Val: 0.7940, Test: 0.8040
Epoch: 36, Loss: 0.3380, Train: 0.9714, Val: 0.7860, Test: 0.8010
Epoch: 37, Loss: 0.2199, Train: 0.9786, Val: 0.7720, Test: 0.7770
Epoch: 38, Loss: 0.2051, Train: 0.9857, Val: 0.7660, Test: 0.7660
Epoch: 39, Loss: 0.2287, Train: 0.9857, Val: 0.7580, Test: 0.7650
Epoch: 40, Loss: 0.2000, Train: 0.9786, Val: 0.7540, Test: 0.7620
Epoch: 41, Loss: 0.2126, Train: 0.9786, Val: 0.7580, Test: 0.7740
Epoch: 42, Loss: 0.1579, Train: 0.9786, Val: 0.7700, Test: 0.7800
Epoch: 43, Loss: 0.1111, Train: 0.9714, Val: 0.7800, Test: 0.7900
Epoch: 44, Loss: 0.1494, Train: 0.9857, Val: 0.7740, Test: 0.7900
Epoch: 45, Loss: 0.1397, Train: 0.9929, Val: 0.7740, Test: 0.7860
Epoch: 46, Loss: 0.1029, Train: 0.9857, Val: 0.7720, Test: 0.7730
Epoch: 47, Loss: 0.1237, Train: 0.9714, Val: 0.7520, Test: 0.7630
Epoch: 48, Loss: 0.1185, Train: 0.9714, Val: 0.7520, Test: 0.7620
Epoch: 49, Loss: 0.1039, Train: 0.9929, Val: 0.7640, Test: 0.7700
Epoch: 50, Loss: 0.0628, Train: 0.9929, Val: 0.7700, Test: 0.7780
MAD:  0.876
Best Test Accuracy: 0.8040, Val Accuracy: 0.7940, Train Accuracy: 0.9643
Training completed.
Seed:  8
PDN(
  (batch_norm): LayerNorm((128,), eps=1e-05, elementwise_affine=True)
  (convs): ModuleList(
    (0): PDNConv(1433, 128)
    (1-4): 4 x PDNConv(128, 128)
    (5): PDNConv(128, 7)
  )
  (residual_fc): Linear(in_features=1433, out_features=128, bias=True)
)
Epoch: 1, Loss: 1.9451, Train: 0.1429, Val: 0.0600, Test: 0.0780
Epoch: 2, Loss: 1.9405, Train: 0.2429, Val: 0.1760, Test: 0.1630
Epoch: 3, Loss: 1.9334, Train: 0.3571, Val: 0.2740, Test: 0.2870
Epoch: 4, Loss: 1.9294, Train: 0.3214, Val: 0.2940, Test: 0.3000
Epoch: 5, Loss: 1.9229, Train: 0.2857, Val: 0.2860, Test: 0.2960
Epoch: 6, Loss: 1.9117, Train: 0.2714, Val: 0.2740, Test: 0.2880
Epoch: 7, Loss: 1.9061, Train: 0.2643, Val: 0.2820, Test: 0.2820
Epoch: 8, Loss: 1.8922, Train: 0.2643, Val: 0.2840, Test: 0.2890
Epoch: 9, Loss: 1.8641, Train: 0.2643, Val: 0.2740, Test: 0.2900
Epoch: 10, Loss: 1.8535, Train: 0.2500, Val: 0.2740, Test: 0.2930
Epoch: 11, Loss: 1.8447, Train: 0.2714, Val: 0.2880, Test: 0.3120
Epoch: 12, Loss: 1.8096, Train: 0.3143, Val: 0.3020, Test: 0.3310
Epoch: 13, Loss: 1.7843, Train: 0.4143, Val: 0.3500, Test: 0.3770
Epoch: 14, Loss: 1.7583, Train: 0.4929, Val: 0.4200, Test: 0.4500
Epoch: 15, Loss: 1.6963, Train: 0.5571, Val: 0.4900, Test: 0.5080
Epoch: 16, Loss: 1.6586, Train: 0.5857, Val: 0.5420, Test: 0.5520
Epoch: 17, Loss: 1.5904, Train: 0.6500, Val: 0.5580, Test: 0.5840
Epoch: 18, Loss: 1.5414, Train: 0.6929, Val: 0.5800, Test: 0.6070
Epoch: 19, Loss: 1.4874, Train: 0.7357, Val: 0.6520, Test: 0.6520
Epoch: 20, Loss: 1.3980, Train: 0.7929, Val: 0.6800, Test: 0.7040
Epoch: 21, Loss: 1.3117, Train: 0.8286, Val: 0.7240, Test: 0.7520
Epoch: 22, Loss: 1.2669, Train: 0.8571, Val: 0.7520, Test: 0.7660
Epoch: 23, Loss: 1.1555, Train: 0.8786, Val: 0.7500, Test: 0.7650
Epoch: 24, Loss: 1.0707, Train: 0.8857, Val: 0.7420, Test: 0.7530
Epoch: 25, Loss: 1.0033, Train: 0.9071, Val: 0.7460, Test: 0.7490
Epoch: 26, Loss: 0.9201, Train: 0.9214, Val: 0.7460, Test: 0.7540
Epoch: 27, Loss: 0.7857, Train: 0.9357, Val: 0.7580, Test: 0.7570
Epoch: 28, Loss: 0.7061, Train: 0.9214, Val: 0.7360, Test: 0.7360
Epoch: 29, Loss: 0.6567, Train: 0.9071, Val: 0.7200, Test: 0.7240
Epoch: 30, Loss: 0.6286, Train: 0.9500, Val: 0.7420, Test: 0.7390
Epoch: 31, Loss: 0.5144, Train: 0.9643, Val: 0.7620, Test: 0.7830
Epoch: 32, Loss: 0.4104, Train: 0.9571, Val: 0.7680, Test: 0.7860
Epoch: 33, Loss: 0.4319, Train: 0.9714, Val: 0.7760, Test: 0.7930
Epoch: 34, Loss: 0.3719, Train: 0.9643, Val: 0.7680, Test: 0.7840
Epoch: 35, Loss: 0.3810, Train: 0.9643, Val: 0.7600, Test: 0.7820
Epoch: 36, Loss: 0.2599, Train: 0.9714, Val: 0.7600, Test: 0.7590
Epoch: 37, Loss: 0.2894, Train: 0.9714, Val: 0.7580, Test: 0.7740
Epoch: 38, Loss: 0.2529, Train: 0.9786, Val: 0.7700, Test: 0.7950
Epoch: 39, Loss: 0.2532, Train: 0.9714, Val: 0.7500, Test: 0.7740
Epoch: 40, Loss: 0.2610, Train: 0.9857, Val: 0.7280, Test: 0.7510
Epoch: 41, Loss: 0.2217, Train: 0.9643, Val: 0.7200, Test: 0.7270
Epoch: 42, Loss: 0.2415, Train: 0.9643, Val: 0.7020, Test: 0.7210
Epoch: 43, Loss: 0.1627, Train: 0.9786, Val: 0.7220, Test: 0.7360
Epoch: 44, Loss: 0.1390, Train: 0.9786, Val: 0.7440, Test: 0.7580
Epoch: 45, Loss: 0.1760, Train: 0.9857, Val: 0.7540, Test: 0.7740
Epoch: 46, Loss: 0.1069, Train: 0.9786, Val: 0.7560, Test: 0.7900
Epoch: 47, Loss: 0.1315, Train: 0.9857, Val: 0.7720, Test: 0.7940
Epoch: 48, Loss: 0.1163, Train: 0.9857, Val: 0.7580, Test: 0.7840
Epoch: 49, Loss: 0.1559, Train: 0.9857, Val: 0.7480, Test: 0.7670
Epoch: 50, Loss: 0.1379, Train: 0.9929, Val: 0.7540, Test: 0.7710
MAD:  0.8355
Best Test Accuracy: 0.7950, Val Accuracy: 0.7700, Train Accuracy: 0.9786
Training completed.
Seed:  9
PDN(
  (batch_norm): LayerNorm((128,), eps=1e-05, elementwise_affine=True)
  (convs): ModuleList(
    (0): PDNConv(1433, 128)
    (1-4): 4 x PDNConv(128, 128)
    (5): PDNConv(128, 7)
  )
  (residual_fc): Linear(in_features=1433, out_features=128, bias=True)
)
Epoch: 1, Loss: 1.9439, Train: 0.2571, Val: 0.2460, Test: 0.2870
Epoch: 2, Loss: 1.9370, Train: 0.3214, Val: 0.3640, Test: 0.3770
Epoch: 3, Loss: 1.9352, Train: 0.3357, Val: 0.3660, Test: 0.3730
Epoch: 4, Loss: 1.9310, Train: 0.3571, Val: 0.3480, Test: 0.3590
Epoch: 5, Loss: 1.9260, Train: 0.3714, Val: 0.3260, Test: 0.3430
Epoch: 6, Loss: 1.9182, Train: 0.3929, Val: 0.3160, Test: 0.3330
Epoch: 7, Loss: 1.9033, Train: 0.3786, Val: 0.3080, Test: 0.3260
Epoch: 8, Loss: 1.8976, Train: 0.4214, Val: 0.3340, Test: 0.3330
Epoch: 9, Loss: 1.8798, Train: 0.4500, Val: 0.3380, Test: 0.3410
Epoch: 10, Loss: 1.8603, Train: 0.4429, Val: 0.3260, Test: 0.3280
Epoch: 11, Loss: 1.8305, Train: 0.4714, Val: 0.3180, Test: 0.3120
Epoch: 12, Loss: 1.8260, Train: 0.5071, Val: 0.3280, Test: 0.3160
Epoch: 13, Loss: 1.7900, Train: 0.5357, Val: 0.3540, Test: 0.3400
Epoch: 14, Loss: 1.7411, Train: 0.5714, Val: 0.3780, Test: 0.3730
Epoch: 15, Loss: 1.7167, Train: 0.6286, Val: 0.4320, Test: 0.4370
Epoch: 16, Loss: 1.6640, Train: 0.6643, Val: 0.4760, Test: 0.4760
Epoch: 17, Loss: 1.6278, Train: 0.7500, Val: 0.5040, Test: 0.5070
Epoch: 18, Loss: 1.5638, Train: 0.8071, Val: 0.5340, Test: 0.5530
Epoch: 19, Loss: 1.4691, Train: 0.8571, Val: 0.5840, Test: 0.6080
Epoch: 20, Loss: 1.4204, Train: 0.8643, Val: 0.6100, Test: 0.6300
Epoch: 21, Loss: 1.3247, Train: 0.8571, Val: 0.6300, Test: 0.6390
Epoch: 22, Loss: 1.2595, Train: 0.8643, Val: 0.6480, Test: 0.6550
Epoch: 23, Loss: 1.1306, Train: 0.8571, Val: 0.6600, Test: 0.6610
Epoch: 24, Loss: 1.0736, Train: 0.8571, Val: 0.6820, Test: 0.6780
Epoch: 25, Loss: 0.9475, Train: 0.9071, Val: 0.7180, Test: 0.7180
Epoch: 26, Loss: 0.8589, Train: 0.9286, Val: 0.7300, Test: 0.7310
Epoch: 27, Loss: 0.7746, Train: 0.9357, Val: 0.7480, Test: 0.7390
Epoch: 28, Loss: 0.6790, Train: 0.9429, Val: 0.7540, Test: 0.7530
Epoch: 29, Loss: 0.5639, Train: 0.9500, Val: 0.7460, Test: 0.7550
Epoch: 30, Loss: 0.5166, Train: 0.9571, Val: 0.7540, Test: 0.7450
Epoch: 31, Loss: 0.4654, Train: 0.9500, Val: 0.7640, Test: 0.7430
Epoch: 32, Loss: 0.4113, Train: 0.9429, Val: 0.7640, Test: 0.7590
Epoch: 33, Loss: 0.2822, Train: 0.9286, Val: 0.7700, Test: 0.7830
Epoch: 34, Loss: 0.3960, Train: 0.9571, Val: 0.7540, Test: 0.7650
Epoch: 35, Loss: 0.3167, Train: 0.9429, Val: 0.7340, Test: 0.7300
Epoch: 36, Loss: 0.3197, Train: 0.9357, Val: 0.7200, Test: 0.7200
Epoch: 37, Loss: 0.3025, Train: 0.9571, Val: 0.7340, Test: 0.7390
Epoch: 38, Loss: 0.1649, Train: 0.9714, Val: 0.7540, Test: 0.7690
Epoch: 39, Loss: 0.1790, Train: 0.9571, Val: 0.7700, Test: 0.7820
Epoch: 40, Loss: 0.2423, Train: 0.9714, Val: 0.7700, Test: 0.7780
Epoch: 41, Loss: 0.1581, Train: 0.9643, Val: 0.7740, Test: 0.7810
Epoch: 42, Loss: 0.1563, Train: 0.9786, Val: 0.7520, Test: 0.7730
Epoch: 43, Loss: 0.1419, Train: 0.9786, Val: 0.7420, Test: 0.7440
Epoch: 44, Loss: 0.1535, Train: 0.9714, Val: 0.7440, Test: 0.7330
Epoch: 45, Loss: 0.1731, Train: 0.9857, Val: 0.7440, Test: 0.7440
Epoch: 46, Loss: 0.1229, Train: 0.9857, Val: 0.7460, Test: 0.7540
Epoch: 47, Loss: 0.0898, Train: 0.9857, Val: 0.7540, Test: 0.7620
Epoch: 48, Loss: 0.1196, Train: 0.9857, Val: 0.7600, Test: 0.7840
Epoch: 49, Loss: 0.0733, Train: 0.9857, Val: 0.7560, Test: 0.7870
Epoch: 50, Loss: 0.0981, Train: 0.9786, Val: 0.7600, Test: 0.7790
MAD:  0.8996
Best Test Accuracy: 0.7870, Val Accuracy: 0.7560, Train Accuracy: 0.9857
Training completed.
Average Test Accuracy:  0.798 ± 0.007014271166700079
Average MAD:  0.84109 ± 0.05538347136104778
