Seed:  0
PDN(
  (batch_norm): LayerNorm((128,), eps=1e-05, elementwise_affine=True)
  (convs): ModuleList(
    (0): PDNConv(1433, 128)
    (1-4): 4 x PDNConv(128, 128)
    (5): PDNConv(128, 7)
  )
  (residual_fc): Linear(in_features=1433, out_features=128, bias=True)
)
Epoch: 1, Loss: 2.3084, Train: 0.2357, Val: 0.2320, Test: 0.2220
Epoch: 2, Loss: 2.1541, Train: 0.3143, Val: 0.2560, Test: 0.2410
Epoch: 3, Loss: 2.0421, Train: 0.4143, Val: 0.3040, Test: 0.2680
Epoch: 4, Loss: 1.9159, Train: 0.4786, Val: 0.3360, Test: 0.3070
Epoch: 5, Loss: 1.9981, Train: 0.5857, Val: 0.3720, Test: 0.3410
Epoch: 6, Loss: 1.7661, Train: 0.6571, Val: 0.4060, Test: 0.3830
Epoch: 7, Loss: 1.7536, Train: 0.7143, Val: 0.4260, Test: 0.4380
Epoch: 8, Loss: 1.7943, Train: 0.7786, Val: 0.4620, Test: 0.4700
Epoch: 9, Loss: 1.7260, Train: 0.8000, Val: 0.5020, Test: 0.5060
Epoch: 10, Loss: 1.6586, Train: 0.8214, Val: 0.5320, Test: 0.5260
Epoch: 11, Loss: 1.5857, Train: 0.8500, Val: 0.5540, Test: 0.5490
Epoch: 12, Loss: 1.6863, Train: 0.8643, Val: 0.5840, Test: 0.5860
Epoch: 13, Loss: 1.6147, Train: 0.9000, Val: 0.6140, Test: 0.6160
Epoch: 14, Loss: 1.4970, Train: 0.9071, Val: 0.6340, Test: 0.6510
Epoch: 15, Loss: 1.4711, Train: 0.9143, Val: 0.6500, Test: 0.6740
Epoch: 16, Loss: 1.4075, Train: 0.9143, Val: 0.6640, Test: 0.6860
Epoch: 17, Loss: 1.4145, Train: 0.9071, Val: 0.6660, Test: 0.6960
Epoch: 18, Loss: 1.3107, Train: 0.9143, Val: 0.6720, Test: 0.6950
Epoch: 19, Loss: 1.2575, Train: 0.9143, Val: 0.6840, Test: 0.7000
Epoch: 20, Loss: 1.2890, Train: 0.9214, Val: 0.6900, Test: 0.7100
Epoch: 21, Loss: 1.2553, Train: 0.9214, Val: 0.6960, Test: 0.7080
Epoch: 22, Loss: 1.2431, Train: 0.9357, Val: 0.7000, Test: 0.7090
Epoch: 23, Loss: 1.0946, Train: 0.9357, Val: 0.7060, Test: 0.7160
Epoch: 24, Loss: 1.2097, Train: 0.9357, Val: 0.7120, Test: 0.7230
Epoch: 25, Loss: 1.0706, Train: 0.9500, Val: 0.7240, Test: 0.7300
Epoch: 26, Loss: 0.9324, Train: 0.9571, Val: 0.7300, Test: 0.7390
Epoch: 27, Loss: 0.8857, Train: 0.9643, Val: 0.7300, Test: 0.7460
Epoch: 28, Loss: 0.8993, Train: 0.9643, Val: 0.7300, Test: 0.7470
Epoch: 29, Loss: 0.9225, Train: 0.9714, Val: 0.7340, Test: 0.7550
Epoch: 30, Loss: 0.8910, Train: 0.9714, Val: 0.7340, Test: 0.7570
Epoch: 31, Loss: 0.7980, Train: 0.9714, Val: 0.7440, Test: 0.7620
Epoch: 32, Loss: 0.8848, Train: 0.9714, Val: 0.7460, Test: 0.7620
Epoch: 33, Loss: 0.7695, Train: 0.9714, Val: 0.7440, Test: 0.7640
Epoch: 34, Loss: 0.7365, Train: 0.9714, Val: 0.7460, Test: 0.7670
Epoch: 35, Loss: 0.6274, Train: 0.9857, Val: 0.7440, Test: 0.7710
Epoch: 36, Loss: 0.6458, Train: 0.9857, Val: 0.7460, Test: 0.7710
Epoch: 37, Loss: 0.6472, Train: 0.9857, Val: 0.7440, Test: 0.7730
Epoch: 38, Loss: 0.7036, Train: 0.9857, Val: 0.7420, Test: 0.7720
Epoch: 39, Loss: 0.6034, Train: 0.9857, Val: 0.7420, Test: 0.7660
Epoch: 40, Loss: 0.5402, Train: 0.9857, Val: 0.7440, Test: 0.7660
Epoch: 41, Loss: 0.5393, Train: 0.9857, Val: 0.7460, Test: 0.7730
Epoch: 42, Loss: 0.4774, Train: 0.9857, Val: 0.7460, Test: 0.7790
Epoch: 43, Loss: 0.4777, Train: 0.9857, Val: 0.7480, Test: 0.7800
Epoch: 44, Loss: 0.4805, Train: 0.9857, Val: 0.7480, Test: 0.7830
Epoch: 45, Loss: 0.4205, Train: 0.9857, Val: 0.7520, Test: 0.7920
Epoch: 46, Loss: 0.4318, Train: 0.9857, Val: 0.7500, Test: 0.7930
Epoch: 47, Loss: 0.3415, Train: 0.9857, Val: 0.7500, Test: 0.7960
Epoch: 48, Loss: 0.3765, Train: 0.9929, Val: 0.7520, Test: 0.7960
Epoch: 49, Loss: 0.3614, Train: 0.9929, Val: 0.7520, Test: 0.7980
Epoch: 50, Loss: 0.3567, Train: 0.9929, Val: 0.7540, Test: 0.8010
MAD:  0.9522
Best Test Accuracy: 0.8010, Val Accuracy: 0.7540, Train Accuracy: 0.9929
Training completed.
Seed:  1
PDN(
  (batch_norm): LayerNorm((128,), eps=1e-05, elementwise_affine=True)
  (convs): ModuleList(
    (0): PDNConv(1433, 128)
    (1-4): 4 x PDNConv(128, 128)
    (5): PDNConv(128, 7)
  )
  (residual_fc): Linear(in_features=1433, out_features=128, bias=True)
)
Epoch: 1, Loss: 2.2538, Train: 0.1643, Val: 0.1320, Test: 0.1470
Epoch: 2, Loss: 2.2444, Train: 0.2786, Val: 0.1620, Test: 0.1810
Epoch: 3, Loss: 2.1360, Train: 0.3500, Val: 0.2060, Test: 0.2280
Epoch: 4, Loss: 2.1534, Train: 0.4500, Val: 0.2720, Test: 0.2820
Epoch: 5, Loss: 2.0218, Train: 0.5143, Val: 0.3160, Test: 0.3250
Epoch: 6, Loss: 1.9226, Train: 0.5571, Val: 0.3540, Test: 0.3680
Epoch: 7, Loss: 1.8507, Train: 0.6500, Val: 0.4040, Test: 0.4160
Epoch: 8, Loss: 1.8938, Train: 0.7143, Val: 0.4380, Test: 0.4630
Epoch: 9, Loss: 1.7912, Train: 0.7714, Val: 0.4720, Test: 0.4930
Epoch: 10, Loss: 1.7370, Train: 0.8214, Val: 0.5140, Test: 0.5240
Epoch: 11, Loss: 1.5846, Train: 0.8643, Val: 0.5280, Test: 0.5460
Epoch: 12, Loss: 1.7209, Train: 0.8643, Val: 0.5520, Test: 0.5690
Epoch: 13, Loss: 1.5583, Train: 0.8786, Val: 0.5700, Test: 0.5790
Epoch: 14, Loss: 1.5449, Train: 0.8857, Val: 0.5860, Test: 0.6090
Epoch: 15, Loss: 1.5754, Train: 0.9143, Val: 0.6100, Test: 0.6360
Epoch: 16, Loss: 1.4351, Train: 0.9214, Val: 0.6440, Test: 0.6620
Epoch: 17, Loss: 1.4988, Train: 0.9357, Val: 0.6580, Test: 0.6810
Epoch: 18, Loss: 1.3928, Train: 0.9286, Val: 0.6700, Test: 0.7000
Epoch: 19, Loss: 1.3942, Train: 0.9286, Val: 0.6800, Test: 0.7060
Epoch: 20, Loss: 1.2379, Train: 0.9357, Val: 0.6780, Test: 0.7160
Epoch: 21, Loss: 1.3244, Train: 0.9357, Val: 0.6880, Test: 0.7160
Epoch: 22, Loss: 1.1574, Train: 0.9429, Val: 0.6960, Test: 0.7200
Epoch: 23, Loss: 1.2188, Train: 0.9429, Val: 0.7000, Test: 0.7160
Epoch: 24, Loss: 1.1198, Train: 0.9500, Val: 0.7060, Test: 0.7140
Epoch: 25, Loss: 1.0972, Train: 0.9571, Val: 0.7120, Test: 0.7150
Epoch: 26, Loss: 0.9951, Train: 0.9714, Val: 0.7240, Test: 0.7180
Epoch: 27, Loss: 0.9932, Train: 0.9714, Val: 0.7200, Test: 0.7220
Epoch: 28, Loss: 0.9980, Train: 0.9714, Val: 0.7220, Test: 0.7250
Epoch: 29, Loss: 0.9050, Train: 0.9714, Val: 0.7240, Test: 0.7360
Epoch: 30, Loss: 0.8255, Train: 0.9714, Val: 0.7260, Test: 0.7380
Epoch: 31, Loss: 0.8481, Train: 0.9714, Val: 0.7260, Test: 0.7420
Epoch: 32, Loss: 0.7777, Train: 0.9714, Val: 0.7340, Test: 0.7390
Epoch: 33, Loss: 0.7439, Train: 0.9714, Val: 0.7360, Test: 0.7440
Epoch: 34, Loss: 0.7431, Train: 0.9714, Val: 0.7420, Test: 0.7430
Epoch: 35, Loss: 0.6587, Train: 0.9714, Val: 0.7460, Test: 0.7490
Epoch: 36, Loss: 0.6352, Train: 0.9714, Val: 0.7480, Test: 0.7530
Epoch: 37, Loss: 0.6355, Train: 0.9786, Val: 0.7520, Test: 0.7580
Epoch: 38, Loss: 0.6222, Train: 0.9786, Val: 0.7520, Test: 0.7590
Epoch: 39, Loss: 0.5709, Train: 0.9786, Val: 0.7480, Test: 0.7620
Epoch: 40, Loss: 0.5822, Train: 0.9786, Val: 0.7520, Test: 0.7650
Epoch: 41, Loss: 0.5586, Train: 0.9786, Val: 0.7500, Test: 0.7670
Epoch: 42, Loss: 0.5121, Train: 0.9857, Val: 0.7560, Test: 0.7700
Epoch: 43, Loss: 0.4692, Train: 0.9857, Val: 0.7540, Test: 0.7740
Epoch: 44, Loss: 0.4777, Train: 0.9857, Val: 0.7520, Test: 0.7770
Epoch: 45, Loss: 0.4164, Train: 0.9857, Val: 0.7540, Test: 0.7780
Epoch: 46, Loss: 0.4625, Train: 0.9857, Val: 0.7560, Test: 0.7770
Epoch: 47, Loss: 0.3620, Train: 0.9857, Val: 0.7560, Test: 0.7790
Epoch: 48, Loss: 0.4275, Train: 0.9857, Val: 0.7580, Test: 0.7810
Epoch: 49, Loss: 0.4026, Train: 0.9857, Val: 0.7580, Test: 0.7810
Epoch: 50, Loss: 0.3718, Train: 0.9857, Val: 0.7580, Test: 0.7820
MAD:  0.9569
Best Test Accuracy: 0.7820, Val Accuracy: 0.7580, Train Accuracy: 0.9857
Training completed.
Seed:  2
PDN(
  (batch_norm): LayerNorm((128,), eps=1e-05, elementwise_affine=True)
  (convs): ModuleList(
    (0): PDNConv(1433, 128)
    (1-4): 4 x PDNConv(128, 128)
    (5): PDNConv(128, 7)
  )
  (residual_fc): Linear(in_features=1433, out_features=128, bias=True)
)
Epoch: 1, Loss: 2.3870, Train: 0.1786, Val: 0.2020, Test: 0.2070
Epoch: 2, Loss: 2.2342, Train: 0.2643, Val: 0.1780, Test: 0.2130
Epoch: 3, Loss: 2.0166, Train: 0.3000, Val: 0.1860, Test: 0.2060
Epoch: 4, Loss: 2.0461, Train: 0.3000, Val: 0.1920, Test: 0.2080
Epoch: 5, Loss: 1.8696, Train: 0.3500, Val: 0.2140, Test: 0.2240
Epoch: 6, Loss: 1.9788, Train: 0.4071, Val: 0.2200, Test: 0.2390
Epoch: 7, Loss: 1.7658, Train: 0.4357, Val: 0.2360, Test: 0.2600
Epoch: 8, Loss: 1.7730, Train: 0.4857, Val: 0.2600, Test: 0.2850
Epoch: 9, Loss: 1.6716, Train: 0.5357, Val: 0.3000, Test: 0.3170
Epoch: 10, Loss: 1.8235, Train: 0.5643, Val: 0.3320, Test: 0.3640
Epoch: 11, Loss: 1.6819, Train: 0.6643, Val: 0.3840, Test: 0.4040
Epoch: 12, Loss: 1.5747, Train: 0.7286, Val: 0.4480, Test: 0.4630
Epoch: 13, Loss: 1.5271, Train: 0.7714, Val: 0.4800, Test: 0.5030
Epoch: 14, Loss: 1.5265, Train: 0.8000, Val: 0.5220, Test: 0.5410
Epoch: 15, Loss: 1.4622, Train: 0.8429, Val: 0.5520, Test: 0.5720
Epoch: 16, Loss: 1.4466, Train: 0.8571, Val: 0.5840, Test: 0.5980
Epoch: 17, Loss: 1.3920, Train: 0.8714, Val: 0.6100, Test: 0.6300
Epoch: 18, Loss: 1.3716, Train: 0.8857, Val: 0.6140, Test: 0.6520
Epoch: 19, Loss: 1.2476, Train: 0.8857, Val: 0.6340, Test: 0.6640
Epoch: 20, Loss: 1.2529, Train: 0.9071, Val: 0.6440, Test: 0.6770
Epoch: 21, Loss: 1.2676, Train: 0.9143, Val: 0.6580, Test: 0.6910
Epoch: 22, Loss: 1.1547, Train: 0.9214, Val: 0.6700, Test: 0.7000
Epoch: 23, Loss: 1.0570, Train: 0.9214, Val: 0.6780, Test: 0.7100
Epoch: 24, Loss: 1.0575, Train: 0.9500, Val: 0.6840, Test: 0.7180
Epoch: 25, Loss: 1.0829, Train: 0.9500, Val: 0.6980, Test: 0.7270
Epoch: 26, Loss: 0.9604, Train: 0.9500, Val: 0.7120, Test: 0.7310
Epoch: 27, Loss: 1.0074, Train: 0.9571, Val: 0.7140, Test: 0.7390
Epoch: 28, Loss: 0.9422, Train: 0.9643, Val: 0.7160, Test: 0.7400
Epoch: 29, Loss: 0.9087, Train: 0.9643, Val: 0.7160, Test: 0.7420
Epoch: 30, Loss: 0.7692, Train: 0.9643, Val: 0.7160, Test: 0.7400
Epoch: 31, Loss: 0.7933, Train: 0.9714, Val: 0.7200, Test: 0.7390
Epoch: 32, Loss: 0.7406, Train: 0.9714, Val: 0.7200, Test: 0.7390
Epoch: 33, Loss: 0.7526, Train: 0.9714, Val: 0.7220, Test: 0.7400
Epoch: 34, Loss: 0.7373, Train: 0.9714, Val: 0.7200, Test: 0.7400
Epoch: 35, Loss: 0.6303, Train: 0.9714, Val: 0.7240, Test: 0.7450
Epoch: 36, Loss: 0.6083, Train: 0.9714, Val: 0.7220, Test: 0.7450
Epoch: 37, Loss: 0.5813, Train: 0.9786, Val: 0.7220, Test: 0.7480
Epoch: 38, Loss: 0.5901, Train: 0.9786, Val: 0.7300, Test: 0.7510
Epoch: 39, Loss: 0.6217, Train: 0.9786, Val: 0.7320, Test: 0.7550
Epoch: 40, Loss: 0.5187, Train: 0.9714, Val: 0.7340, Test: 0.7590
Epoch: 41, Loss: 0.5458, Train: 0.9714, Val: 0.7380, Test: 0.7600
Epoch: 42, Loss: 0.5465, Train: 0.9786, Val: 0.7460, Test: 0.7600
Epoch: 43, Loss: 0.4837, Train: 0.9786, Val: 0.7440, Test: 0.7630
Epoch: 44, Loss: 0.4297, Train: 0.9786, Val: 0.7500, Test: 0.7670
Epoch: 45, Loss: 0.4466, Train: 0.9786, Val: 0.7520, Test: 0.7710
Epoch: 46, Loss: 0.3876, Train: 0.9786, Val: 0.7560, Test: 0.7740
Epoch: 47, Loss: 0.3864, Train: 0.9786, Val: 0.7560, Test: 0.7790
Epoch: 48, Loss: 0.4070, Train: 0.9786, Val: 0.7600, Test: 0.7810
Epoch: 49, Loss: 0.3578, Train: 0.9786, Val: 0.7640, Test: 0.7840
Epoch: 50, Loss: 0.3645, Train: 0.9786, Val: 0.7640, Test: 0.7860
MAD:  0.9515
Best Test Accuracy: 0.7860, Val Accuracy: 0.7640, Train Accuracy: 0.9786
Training completed.
Seed:  3
PDN(
  (batch_norm): LayerNorm((128,), eps=1e-05, elementwise_affine=True)
  (convs): ModuleList(
    (0): PDNConv(1433, 128)
    (1-4): 4 x PDNConv(128, 128)
    (5): PDNConv(128, 7)
  )
  (residual_fc): Linear(in_features=1433, out_features=128, bias=True)
)
Epoch: 1, Loss: 2.2978, Train: 0.2071, Val: 0.2240, Test: 0.2110
Epoch: 2, Loss: 2.2137, Train: 0.2929, Val: 0.2940, Test: 0.2850
Epoch: 3, Loss: 2.0838, Train: 0.4429, Val: 0.3260, Test: 0.3400
Epoch: 4, Loss: 1.9485, Train: 0.5214, Val: 0.3780, Test: 0.3900
Epoch: 5, Loss: 2.0209, Train: 0.6786, Val: 0.4380, Test: 0.4440
Epoch: 6, Loss: 1.8967, Train: 0.7143, Val: 0.4560, Test: 0.4770
Epoch: 7, Loss: 1.7305, Train: 0.7429, Val: 0.4920, Test: 0.5060
Epoch: 8, Loss: 1.6759, Train: 0.7714, Val: 0.5320, Test: 0.5300
Epoch: 9, Loss: 1.7439, Train: 0.7929, Val: 0.5440, Test: 0.5420
Epoch: 10, Loss: 1.6779, Train: 0.8286, Val: 0.5600, Test: 0.5560
Epoch: 11, Loss: 1.6903, Train: 0.8286, Val: 0.5720, Test: 0.5600
Epoch: 12, Loss: 1.5556, Train: 0.8286, Val: 0.5960, Test: 0.5850
Epoch: 13, Loss: 1.5457, Train: 0.8643, Val: 0.6020, Test: 0.6030
Epoch: 14, Loss: 1.4736, Train: 0.8786, Val: 0.6260, Test: 0.6160
Epoch: 15, Loss: 1.4286, Train: 0.8929, Val: 0.6420, Test: 0.6340
Epoch: 16, Loss: 1.3279, Train: 0.9000, Val: 0.6620, Test: 0.6650
Epoch: 17, Loss: 1.1740, Train: 0.9286, Val: 0.6680, Test: 0.6750
Epoch: 18, Loss: 1.2372, Train: 0.9357, Val: 0.6800, Test: 0.7000
Epoch: 19, Loss: 1.2238, Train: 0.9500, Val: 0.6940, Test: 0.7110
Epoch: 20, Loss: 1.1847, Train: 0.9571, Val: 0.7060, Test: 0.7190
Epoch: 21, Loss: 1.0959, Train: 0.9571, Val: 0.7240, Test: 0.7280
Epoch: 22, Loss: 1.0525, Train: 0.9571, Val: 0.7360, Test: 0.7390
Epoch: 23, Loss: 1.1233, Train: 0.9500, Val: 0.7420, Test: 0.7450
Epoch: 24, Loss: 1.1376, Train: 0.9571, Val: 0.7540, Test: 0.7470
Epoch: 25, Loss: 1.0301, Train: 0.9571, Val: 0.7500, Test: 0.7520
Epoch: 26, Loss: 0.9322, Train: 0.9571, Val: 0.7500, Test: 0.7540
Epoch: 27, Loss: 0.9200, Train: 0.9643, Val: 0.7560, Test: 0.7560
Epoch: 28, Loss: 0.9283, Train: 0.9643, Val: 0.7520, Test: 0.7530
Epoch: 29, Loss: 0.8809, Train: 0.9571, Val: 0.7540, Test: 0.7450
Epoch: 30, Loss: 0.8049, Train: 0.9571, Val: 0.7540, Test: 0.7440
Epoch: 31, Loss: 0.7457, Train: 0.9571, Val: 0.7540, Test: 0.7480
Epoch: 32, Loss: 0.7525, Train: 0.9571, Val: 0.7600, Test: 0.7500
Epoch: 33, Loss: 0.7136, Train: 0.9571, Val: 0.7580, Test: 0.7520
Epoch: 34, Loss: 0.6842, Train: 0.9571, Val: 0.7620, Test: 0.7560
Epoch: 35, Loss: 0.6412, Train: 0.9714, Val: 0.7640, Test: 0.7590
Epoch: 36, Loss: 0.6179, Train: 0.9714, Val: 0.7620, Test: 0.7610
Epoch: 37, Loss: 0.5917, Train: 0.9714, Val: 0.7620, Test: 0.7630
Epoch: 38, Loss: 0.6530, Train: 0.9714, Val: 0.7720, Test: 0.7700
Epoch: 39, Loss: 0.5504, Train: 0.9786, Val: 0.7700, Test: 0.7820
Epoch: 40, Loss: 0.4538, Train: 0.9786, Val: 0.7720, Test: 0.7840
Epoch: 41, Loss: 0.5905, Train: 0.9786, Val: 0.7700, Test: 0.7870
Epoch: 42, Loss: 0.4565, Train: 0.9786, Val: 0.7720, Test: 0.7890
Epoch: 43, Loss: 0.4621, Train: 0.9786, Val: 0.7700, Test: 0.7880
Epoch: 44, Loss: 0.4690, Train: 0.9786, Val: 0.7700, Test: 0.7880
Epoch: 45, Loss: 0.4583, Train: 0.9786, Val: 0.7740, Test: 0.7900
Epoch: 46, Loss: 0.3967, Train: 0.9857, Val: 0.7740, Test: 0.7910
Epoch: 47, Loss: 0.3484, Train: 0.9857, Val: 0.7700, Test: 0.7880
Epoch: 48, Loss: 0.3814, Train: 0.9857, Val: 0.7680, Test: 0.7830
Epoch: 49, Loss: 0.3386, Train: 0.9857, Val: 0.7720, Test: 0.7830
Epoch: 50, Loss: 0.3464, Train: 0.9857, Val: 0.7700, Test: 0.7810
MAD:  0.912
Best Test Accuracy: 0.7910, Val Accuracy: 0.7740, Train Accuracy: 0.9857
Training completed.
Seed:  4
PDN(
  (batch_norm): LayerNorm((128,), eps=1e-05, elementwise_affine=True)
  (convs): ModuleList(
    (0): PDNConv(1433, 128)
    (1-4): 4 x PDNConv(128, 128)
    (5): PDNConv(128, 7)
  )
  (residual_fc): Linear(in_features=1433, out_features=128, bias=True)
)
Epoch: 1, Loss: 2.2307, Train: 0.2500, Val: 0.1380, Test: 0.1600
Epoch: 2, Loss: 2.1758, Train: 0.3929, Val: 0.2260, Test: 0.2500
Epoch: 3, Loss: 2.1525, Train: 0.4429, Val: 0.3120, Test: 0.3320
Epoch: 4, Loss: 2.0552, Train: 0.5357, Val: 0.4000, Test: 0.4120
Epoch: 5, Loss: 2.0694, Train: 0.5857, Val: 0.4600, Test: 0.4820
Epoch: 6, Loss: 2.0113, Train: 0.6643, Val: 0.5280, Test: 0.5410
Epoch: 7, Loss: 1.9408, Train: 0.7143, Val: 0.5720, Test: 0.5820
Epoch: 8, Loss: 1.7808, Train: 0.7500, Val: 0.5940, Test: 0.6090
Epoch: 9, Loss: 1.7560, Train: 0.8000, Val: 0.6080, Test: 0.6260
Epoch: 10, Loss: 1.7750, Train: 0.8357, Val: 0.6320, Test: 0.6450
Epoch: 11, Loss: 1.6045, Train: 0.8643, Val: 0.6540, Test: 0.6790
Epoch: 12, Loss: 1.5185, Train: 0.9000, Val: 0.6740, Test: 0.7010
Epoch: 13, Loss: 1.4753, Train: 0.9286, Val: 0.6880, Test: 0.7160
Epoch: 14, Loss: 1.6092, Train: 0.9286, Val: 0.6980, Test: 0.7340
Epoch: 15, Loss: 1.4892, Train: 0.9286, Val: 0.6940, Test: 0.7400
Epoch: 16, Loss: 1.4199, Train: 0.9571, Val: 0.6980, Test: 0.7500
Epoch: 17, Loss: 1.4354, Train: 0.9571, Val: 0.7060, Test: 0.7580
Epoch: 18, Loss: 1.3727, Train: 0.9571, Val: 0.7040, Test: 0.7590
Epoch: 19, Loss: 1.3118, Train: 0.9571, Val: 0.7080, Test: 0.7630
Epoch: 20, Loss: 1.3064, Train: 0.9571, Val: 0.7080, Test: 0.7610
Epoch: 21, Loss: 1.1170, Train: 0.9571, Val: 0.7120, Test: 0.7560
Epoch: 22, Loss: 1.1788, Train: 0.9643, Val: 0.7120, Test: 0.7520
Epoch: 23, Loss: 1.0922, Train: 0.9571, Val: 0.7100, Test: 0.7430
Epoch: 24, Loss: 1.0739, Train: 0.9571, Val: 0.7120, Test: 0.7400
Epoch: 25, Loss: 1.0746, Train: 0.9571, Val: 0.7060, Test: 0.7360
Epoch: 26, Loss: 1.0129, Train: 0.9571, Val: 0.7100, Test: 0.7360
Epoch: 27, Loss: 1.0061, Train: 0.9571, Val: 0.7100, Test: 0.7370
Epoch: 28, Loss: 0.9497, Train: 0.9571, Val: 0.7180, Test: 0.7380
Epoch: 29, Loss: 0.8347, Train: 0.9643, Val: 0.7260, Test: 0.7410
Epoch: 30, Loss: 0.8741, Train: 0.9643, Val: 0.7280, Test: 0.7480
Epoch: 31, Loss: 0.8033, Train: 0.9643, Val: 0.7360, Test: 0.7630
Epoch: 32, Loss: 0.7702, Train: 0.9714, Val: 0.7460, Test: 0.7740
Epoch: 33, Loss: 0.7759, Train: 0.9786, Val: 0.7480, Test: 0.7860
Epoch: 34, Loss: 0.6995, Train: 0.9857, Val: 0.7580, Test: 0.7880
Epoch: 35, Loss: 0.6439, Train: 0.9857, Val: 0.7600, Test: 0.7880
Epoch: 36, Loss: 0.6550, Train: 0.9929, Val: 0.7660, Test: 0.7930
Epoch: 37, Loss: 0.6011, Train: 0.9929, Val: 0.7660, Test: 0.7930
Epoch: 38, Loss: 0.6562, Train: 0.9857, Val: 0.7660, Test: 0.7940
Epoch: 39, Loss: 0.5715, Train: 0.9857, Val: 0.7680, Test: 0.7930
Epoch: 40, Loss: 0.5368, Train: 0.9857, Val: 0.7620, Test: 0.7930
Epoch: 41, Loss: 0.5259, Train: 0.9857, Val: 0.7640, Test: 0.7910
Epoch: 42, Loss: 0.4692, Train: 0.9857, Val: 0.7660, Test: 0.7920
Epoch: 43, Loss: 0.4492, Train: 0.9857, Val: 0.7600, Test: 0.7920
Epoch: 44, Loss: 0.4165, Train: 0.9857, Val: 0.7600, Test: 0.7910
Epoch: 45, Loss: 0.3634, Train: 0.9929, Val: 0.7660, Test: 0.7900
Epoch: 46, Loss: 0.3861, Train: 0.9929, Val: 0.7720, Test: 0.7890
Epoch: 47, Loss: 0.3903, Train: 1.0000, Val: 0.7740, Test: 0.7880
Epoch: 48, Loss: 0.4060, Train: 1.0000, Val: 0.7720, Test: 0.7850
Epoch: 49, Loss: 0.3309, Train: 1.0000, Val: 0.7720, Test: 0.7870
Epoch: 50, Loss: 0.3068, Train: 1.0000, Val: 0.7760, Test: 0.7860
MAD:  0.9259
Best Test Accuracy: 0.7940, Val Accuracy: 0.7660, Train Accuracy: 0.9857
Training completed.
Seed:  5
PDN(
  (batch_norm): LayerNorm((128,), eps=1e-05, elementwise_affine=True)
  (convs): ModuleList(
    (0): PDNConv(1433, 128)
    (1-4): 4 x PDNConv(128, 128)
    (5): PDNConv(128, 7)
  )
  (residual_fc): Linear(in_features=1433, out_features=128, bias=True)
)
Epoch: 1, Loss: 2.3218, Train: 0.2714, Val: 0.1760, Test: 0.2120
Epoch: 2, Loss: 2.2353, Train: 0.3714, Val: 0.1580, Test: 0.2000
Epoch: 3, Loss: 2.0672, Train: 0.3929, Val: 0.1800, Test: 0.2160
Epoch: 4, Loss: 2.0924, Train: 0.4429, Val: 0.1880, Test: 0.2230
Epoch: 5, Loss: 1.9524, Train: 0.4571, Val: 0.1920, Test: 0.2280
Epoch: 6, Loss: 1.8960, Train: 0.4857, Val: 0.2360, Test: 0.2450
Epoch: 7, Loss: 1.8181, Train: 0.5643, Val: 0.2700, Test: 0.2780
Epoch: 8, Loss: 1.8150, Train: 0.6357, Val: 0.3180, Test: 0.3340
Epoch: 9, Loss: 1.8672, Train: 0.6429, Val: 0.3520, Test: 0.3730
Epoch: 10, Loss: 1.7898, Train: 0.7000, Val: 0.3780, Test: 0.4000
Epoch: 11, Loss: 1.6895, Train: 0.7214, Val: 0.4060, Test: 0.4210
Epoch: 12, Loss: 1.5927, Train: 0.7500, Val: 0.4280, Test: 0.4620
Epoch: 13, Loss: 1.5705, Train: 0.7929, Val: 0.4800, Test: 0.5070
Epoch: 14, Loss: 1.5262, Train: 0.8786, Val: 0.5240, Test: 0.5560
Epoch: 15, Loss: 1.5264, Train: 0.9071, Val: 0.5580, Test: 0.5970
Epoch: 16, Loss: 1.3894, Train: 0.9286, Val: 0.5900, Test: 0.6500
Epoch: 17, Loss: 1.3754, Train: 0.9429, Val: 0.6120, Test: 0.6770
Epoch: 18, Loss: 1.3096, Train: 0.9571, Val: 0.6180, Test: 0.6920
Epoch: 19, Loss: 1.2766, Train: 0.9500, Val: 0.6300, Test: 0.7060
Epoch: 20, Loss: 1.3147, Train: 0.9429, Val: 0.6360, Test: 0.7040
Epoch: 21, Loss: 1.1936, Train: 0.9357, Val: 0.6440, Test: 0.7100
Epoch: 22, Loss: 1.1318, Train: 0.9357, Val: 0.6500, Test: 0.7120
Epoch: 23, Loss: 1.1476, Train: 0.9357, Val: 0.6540, Test: 0.7160
Epoch: 24, Loss: 1.0204, Train: 0.9500, Val: 0.6640, Test: 0.7250
Epoch: 25, Loss: 1.0444, Train: 0.9500, Val: 0.6720, Test: 0.7360
Epoch: 26, Loss: 1.0143, Train: 0.9500, Val: 0.6760, Test: 0.7420
Epoch: 27, Loss: 0.9983, Train: 0.9571, Val: 0.6840, Test: 0.7440
Epoch: 28, Loss: 0.8461, Train: 0.9571, Val: 0.6960, Test: 0.7460
Epoch: 29, Loss: 0.8948, Train: 0.9643, Val: 0.6960, Test: 0.7470
Epoch: 30, Loss: 0.8301, Train: 0.9643, Val: 0.7060, Test: 0.7550
Epoch: 31, Loss: 0.8157, Train: 0.9643, Val: 0.7100, Test: 0.7560
Epoch: 32, Loss: 0.8695, Train: 0.9643, Val: 0.7140, Test: 0.7590
Epoch: 33, Loss: 0.7642, Train: 0.9643, Val: 0.7180, Test: 0.7610
Epoch: 34, Loss: 0.6782, Train: 0.9643, Val: 0.7200, Test: 0.7620
Epoch: 35, Loss: 0.7012, Train: 0.9714, Val: 0.7180, Test: 0.7620
Epoch: 36, Loss: 0.6199, Train: 0.9786, Val: 0.7200, Test: 0.7600
Epoch: 37, Loss: 0.6023, Train: 0.9786, Val: 0.7220, Test: 0.7600
Epoch: 38, Loss: 0.5900, Train: 0.9786, Val: 0.7220, Test: 0.7630
Epoch: 39, Loss: 0.5746, Train: 0.9786, Val: 0.7260, Test: 0.7620
Epoch: 40, Loss: 0.5733, Train: 0.9786, Val: 0.7300, Test: 0.7600
Epoch: 41, Loss: 0.5189, Train: 0.9786, Val: 0.7280, Test: 0.7630
Epoch: 42, Loss: 0.4594, Train: 0.9786, Val: 0.7280, Test: 0.7630
Epoch: 43, Loss: 0.4938, Train: 0.9786, Val: 0.7260, Test: 0.7690
Epoch: 44, Loss: 0.4374, Train: 0.9786, Val: 0.7360, Test: 0.7720
Epoch: 45, Loss: 0.4104, Train: 0.9857, Val: 0.7440, Test: 0.7780
Epoch: 46, Loss: 0.4291, Train: 0.9857, Val: 0.7440, Test: 0.7790
Epoch: 47, Loss: 0.3749, Train: 0.9857, Val: 0.7440, Test: 0.7810
Epoch: 48, Loss: 0.3532, Train: 0.9857, Val: 0.7480, Test: 0.7890
Epoch: 49, Loss: 0.3481, Train: 0.9857, Val: 0.7500, Test: 0.7910
Epoch: 50, Loss: 0.3343, Train: 0.9929, Val: 0.7560, Test: 0.7910
MAD:  0.9318
Best Test Accuracy: 0.7910, Val Accuracy: 0.7500, Train Accuracy: 0.9857
Training completed.
Seed:  6
PDN(
  (batch_norm): LayerNorm((128,), eps=1e-05, elementwise_affine=True)
  (convs): ModuleList(
    (0): PDNConv(1433, 128)
    (1-4): 4 x PDNConv(128, 128)
    (5): PDNConv(128, 7)
  )
  (residual_fc): Linear(in_features=1433, out_features=128, bias=True)
)
Epoch: 1, Loss: 2.3992, Train: 0.2643, Val: 0.1860, Test: 0.1670
Epoch: 2, Loss: 2.1974, Train: 0.3571, Val: 0.2440, Test: 0.2430
Epoch: 3, Loss: 2.1031, Train: 0.4429, Val: 0.3080, Test: 0.3400
Epoch: 4, Loss: 1.9568, Train: 0.5214, Val: 0.3500, Test: 0.4020
Epoch: 5, Loss: 1.9075, Train: 0.5571, Val: 0.3940, Test: 0.4620
Epoch: 6, Loss: 1.9160, Train: 0.6071, Val: 0.4800, Test: 0.5070
Epoch: 7, Loss: 1.8265, Train: 0.6500, Val: 0.5060, Test: 0.5290
Epoch: 8, Loss: 1.8015, Train: 0.6857, Val: 0.5720, Test: 0.5650
Epoch: 9, Loss: 1.8319, Train: 0.7714, Val: 0.6140, Test: 0.6050
Epoch: 10, Loss: 1.6700, Train: 0.8143, Val: 0.6580, Test: 0.6360
Epoch: 11, Loss: 1.5751, Train: 0.8214, Val: 0.6800, Test: 0.6710
Epoch: 12, Loss: 1.5922, Train: 0.8714, Val: 0.6940, Test: 0.6980
Epoch: 13, Loss: 1.4990, Train: 0.8929, Val: 0.7040, Test: 0.7140
Epoch: 14, Loss: 1.4615, Train: 0.9000, Val: 0.7300, Test: 0.7230
Epoch: 15, Loss: 1.4201, Train: 0.9000, Val: 0.7340, Test: 0.7360
Epoch: 16, Loss: 1.5358, Train: 0.9071, Val: 0.7420, Test: 0.7520
Epoch: 17, Loss: 1.3166, Train: 0.9071, Val: 0.7500, Test: 0.7610
Epoch: 18, Loss: 1.2774, Train: 0.9071, Val: 0.7520, Test: 0.7710
Epoch: 19, Loss: 1.1754, Train: 0.9071, Val: 0.7460, Test: 0.7710
Epoch: 20, Loss: 1.2083, Train: 0.9071, Val: 0.7460, Test: 0.7720
Epoch: 21, Loss: 1.1729, Train: 0.9143, Val: 0.7500, Test: 0.7700
Epoch: 22, Loss: 1.0433, Train: 0.9143, Val: 0.7560, Test: 0.7800
Epoch: 23, Loss: 1.0892, Train: 0.9286, Val: 0.7600, Test: 0.7800
Epoch: 24, Loss: 1.1068, Train: 0.9429, Val: 0.7540, Test: 0.7800
Epoch: 25, Loss: 1.1165, Train: 0.9429, Val: 0.7540, Test: 0.7730
Epoch: 26, Loss: 0.9389, Train: 0.9500, Val: 0.7480, Test: 0.7680
Epoch: 27, Loss: 1.0065, Train: 0.9643, Val: 0.7460, Test: 0.7670
Epoch: 28, Loss: 0.9130, Train: 0.9714, Val: 0.7540, Test: 0.7630
Epoch: 29, Loss: 0.8507, Train: 0.9786, Val: 0.7560, Test: 0.7630
Epoch: 30, Loss: 0.7607, Train: 0.9857, Val: 0.7560, Test: 0.7650
Epoch: 31, Loss: 0.8345, Train: 0.9857, Val: 0.7620, Test: 0.7710
Epoch: 32, Loss: 0.7509, Train: 0.9857, Val: 0.7600, Test: 0.7750
Epoch: 33, Loss: 0.7058, Train: 0.9857, Val: 0.7620, Test: 0.7780
Epoch: 34, Loss: 0.6300, Train: 0.9857, Val: 0.7680, Test: 0.7820
Epoch: 35, Loss: 0.6234, Train: 0.9857, Val: 0.7700, Test: 0.7900
Epoch: 36, Loss: 0.5525, Train: 0.9857, Val: 0.7660, Test: 0.7950
Epoch: 37, Loss: 0.5655, Train: 0.9857, Val: 0.7700, Test: 0.7940
Epoch: 38, Loss: 0.4807, Train: 0.9857, Val: 0.7680, Test: 0.7930
Epoch: 39, Loss: 0.5095, Train: 0.9929, Val: 0.7680, Test: 0.7940
Epoch: 40, Loss: 0.5216, Train: 0.9929, Val: 0.7700, Test: 0.7920
Epoch: 41, Loss: 0.5038, Train: 0.9929, Val: 0.7720, Test: 0.7920
Epoch: 42, Loss: 0.4622, Train: 0.9929, Val: 0.7700, Test: 0.7880
Epoch: 43, Loss: 0.4239, Train: 0.9929, Val: 0.7660, Test: 0.7890
Epoch: 44, Loss: 0.4341, Train: 0.9929, Val: 0.7620, Test: 0.7850
Epoch: 45, Loss: 0.3646, Train: 1.0000, Val: 0.7600, Test: 0.7840
Epoch: 46, Loss: 0.3824, Train: 0.9929, Val: 0.7620, Test: 0.7850
Epoch: 47, Loss: 0.3267, Train: 0.9929, Val: 0.7600, Test: 0.7810
Epoch: 48, Loss: 0.3513, Train: 0.9929, Val: 0.7600, Test: 0.7800
Epoch: 49, Loss: 0.2868, Train: 0.9929, Val: 0.7660, Test: 0.7790
Epoch: 50, Loss: 0.3072, Train: 0.9929, Val: 0.7660, Test: 0.7790
MAD:  0.9149
Best Test Accuracy: 0.7950, Val Accuracy: 0.7660, Train Accuracy: 0.9857
Training completed.
Seed:  7
PDN(
  (batch_norm): LayerNorm((128,), eps=1e-05, elementwise_affine=True)
  (convs): ModuleList(
    (0): PDNConv(1433, 128)
    (1-4): 4 x PDNConv(128, 128)
    (5): PDNConv(128, 7)
  )
  (residual_fc): Linear(in_features=1433, out_features=128, bias=True)
)
Epoch: 1, Loss: 2.3662, Train: 0.2643, Val: 0.1840, Test: 0.1840
Epoch: 2, Loss: 2.1483, Train: 0.3429, Val: 0.2420, Test: 0.2360
Epoch: 3, Loss: 2.1258, Train: 0.3643, Val: 0.2640, Test: 0.2790
Epoch: 4, Loss: 1.9590, Train: 0.3714, Val: 0.2900, Test: 0.3050
Epoch: 5, Loss: 1.9471, Train: 0.3786, Val: 0.3000, Test: 0.3260
Epoch: 6, Loss: 1.9696, Train: 0.3857, Val: 0.2940, Test: 0.3340
Epoch: 7, Loss: 1.8452, Train: 0.4429, Val: 0.3200, Test: 0.3510
Epoch: 8, Loss: 1.8998, Train: 0.5429, Val: 0.3680, Test: 0.4050
Epoch: 9, Loss: 1.8047, Train: 0.6714, Val: 0.4260, Test: 0.4550
Epoch: 10, Loss: 1.6264, Train: 0.7071, Val: 0.4640, Test: 0.5030
Epoch: 11, Loss: 1.6013, Train: 0.7857, Val: 0.5180, Test: 0.5540
Epoch: 12, Loss: 1.6767, Train: 0.8286, Val: 0.5720, Test: 0.6050
Epoch: 13, Loss: 1.5145, Train: 0.8857, Val: 0.6080, Test: 0.6610
Epoch: 14, Loss: 1.4809, Train: 0.9214, Val: 0.6540, Test: 0.6960
Epoch: 15, Loss: 1.4281, Train: 0.9214, Val: 0.6700, Test: 0.7110
Epoch: 16, Loss: 1.4153, Train: 0.9214, Val: 0.6980, Test: 0.7260
Epoch: 17, Loss: 1.4365, Train: 0.9286, Val: 0.7040, Test: 0.7410
Epoch: 18, Loss: 1.3045, Train: 0.9429, Val: 0.7000, Test: 0.7380
Epoch: 19, Loss: 1.2505, Train: 0.9429, Val: 0.7040, Test: 0.7450
Epoch: 20, Loss: 1.1934, Train: 0.9500, Val: 0.7120, Test: 0.7490
Epoch: 21, Loss: 1.1682, Train: 0.9571, Val: 0.7100, Test: 0.7540
Epoch: 22, Loss: 1.2189, Train: 0.9571, Val: 0.7180, Test: 0.7620
Epoch: 23, Loss: 1.0553, Train: 0.9571, Val: 0.7200, Test: 0.7670
Epoch: 24, Loss: 1.0250, Train: 0.9643, Val: 0.7320, Test: 0.7690
Epoch: 25, Loss: 1.0018, Train: 0.9643, Val: 0.7360, Test: 0.7710
Epoch: 26, Loss: 0.9515, Train: 0.9643, Val: 0.7420, Test: 0.7720
Epoch: 27, Loss: 0.9164, Train: 0.9714, Val: 0.7480, Test: 0.7720
Epoch: 28, Loss: 0.9034, Train: 0.9714, Val: 0.7520, Test: 0.7720
Epoch: 29, Loss: 0.9253, Train: 0.9714, Val: 0.7560, Test: 0.7730
Epoch: 30, Loss: 0.8222, Train: 0.9714, Val: 0.7580, Test: 0.7740
Epoch: 31, Loss: 0.7962, Train: 0.9714, Val: 0.7580, Test: 0.7770
Epoch: 32, Loss: 0.7406, Train: 0.9714, Val: 0.7620, Test: 0.7760
Epoch: 33, Loss: 0.6983, Train: 0.9714, Val: 0.7580, Test: 0.7780
Epoch: 34, Loss: 0.6798, Train: 0.9714, Val: 0.7620, Test: 0.7790
Epoch: 35, Loss: 0.6618, Train: 0.9714, Val: 0.7620, Test: 0.7800
Epoch: 36, Loss: 0.6457, Train: 0.9786, Val: 0.7600, Test: 0.7810
Epoch: 37, Loss: 0.6034, Train: 0.9786, Val: 0.7640, Test: 0.7800
Epoch: 38, Loss: 0.5283, Train: 0.9929, Val: 0.7620, Test: 0.7860
Epoch: 39, Loss: 0.5273, Train: 0.9929, Val: 0.7680, Test: 0.7880
Epoch: 40, Loss: 0.5090, Train: 0.9929, Val: 0.7660, Test: 0.7880
Epoch: 41, Loss: 0.4969, Train: 0.9929, Val: 0.7660, Test: 0.7870
Epoch: 42, Loss: 0.4247, Train: 0.9929, Val: 0.7640, Test: 0.7870
Epoch: 43, Loss: 0.4354, Train: 0.9929, Val: 0.7680, Test: 0.7900
Epoch: 44, Loss: 0.3886, Train: 0.9929, Val: 0.7680, Test: 0.7890
Epoch: 45, Loss: 0.3685, Train: 0.9929, Val: 0.7640, Test: 0.7900
Epoch: 46, Loss: 0.3811, Train: 0.9929, Val: 0.7640, Test: 0.7890
Epoch: 47, Loss: 0.3399, Train: 0.9929, Val: 0.7640, Test: 0.7910
Epoch: 48, Loss: 0.3762, Train: 1.0000, Val: 0.7600, Test: 0.7930
Epoch: 49, Loss: 0.3762, Train: 1.0000, Val: 0.7580, Test: 0.7910
Epoch: 50, Loss: 0.3125, Train: 1.0000, Val: 0.7620, Test: 0.7910
MAD:  0.9205
Best Test Accuracy: 0.7930, Val Accuracy: 0.7600, Train Accuracy: 1.0000
Training completed.
Seed:  8
PDN(
  (batch_norm): LayerNorm((128,), eps=1e-05, elementwise_affine=True)
  (convs): ModuleList(
    (0): PDNConv(1433, 128)
    (1-4): 4 x PDNConv(128, 128)
    (5): PDNConv(128, 7)
  )
  (residual_fc): Linear(in_features=1433, out_features=128, bias=True)
)
Epoch: 1, Loss: 2.3161, Train: 0.2214, Val: 0.1740, Test: 0.1750
Epoch: 2, Loss: 2.1889, Train: 0.2929, Val: 0.2580, Test: 0.2840
Epoch: 3, Loss: 2.0407, Train: 0.3429, Val: 0.3380, Test: 0.3400
Epoch: 4, Loss: 1.9209, Train: 0.4214, Val: 0.4060, Test: 0.4020
Epoch: 5, Loss: 1.9259, Train: 0.4929, Val: 0.4360, Test: 0.4520
Epoch: 6, Loss: 1.8834, Train: 0.5714, Val: 0.4540, Test: 0.4940
Epoch: 7, Loss: 1.8208, Train: 0.6071, Val: 0.4820, Test: 0.5230
Epoch: 8, Loss: 1.7714, Train: 0.6571, Val: 0.5200, Test: 0.5600
Epoch: 9, Loss: 1.6831, Train: 0.7571, Val: 0.5520, Test: 0.5940
Epoch: 10, Loss: 1.5298, Train: 0.8214, Val: 0.5760, Test: 0.6090
Epoch: 11, Loss: 1.6448, Train: 0.8643, Val: 0.6180, Test: 0.6360
Epoch: 12, Loss: 1.5039, Train: 0.9143, Val: 0.6520, Test: 0.6590
Epoch: 13, Loss: 1.6439, Train: 0.9357, Val: 0.6560, Test: 0.6850
Epoch: 14, Loss: 1.5284, Train: 0.9429, Val: 0.6780, Test: 0.7040
Epoch: 15, Loss: 1.4744, Train: 0.9643, Val: 0.6860, Test: 0.7200
Epoch: 16, Loss: 1.4895, Train: 0.9571, Val: 0.6980, Test: 0.7320
Epoch: 17, Loss: 1.3047, Train: 0.9500, Val: 0.7080, Test: 0.7370
Epoch: 18, Loss: 1.2511, Train: 0.9500, Val: 0.7120, Test: 0.7480
Epoch: 19, Loss: 1.2520, Train: 0.9500, Val: 0.7140, Test: 0.7510
Epoch: 20, Loss: 1.1998, Train: 0.9500, Val: 0.7180, Test: 0.7590
Epoch: 21, Loss: 1.1690, Train: 0.9571, Val: 0.7260, Test: 0.7670
Epoch: 22, Loss: 1.2553, Train: 0.9643, Val: 0.7300, Test: 0.7690
Epoch: 23, Loss: 1.0386, Train: 0.9643, Val: 0.7380, Test: 0.7740
Epoch: 24, Loss: 1.0389, Train: 0.9643, Val: 0.7420, Test: 0.7800
Epoch: 25, Loss: 0.9317, Train: 0.9643, Val: 0.7460, Test: 0.7890
Epoch: 26, Loss: 0.8933, Train: 0.9714, Val: 0.7460, Test: 0.7890
Epoch: 27, Loss: 0.9372, Train: 0.9714, Val: 0.7480, Test: 0.7940
Epoch: 28, Loss: 0.8266, Train: 0.9714, Val: 0.7440, Test: 0.7930
Epoch: 29, Loss: 0.7882, Train: 0.9714, Val: 0.7460, Test: 0.7920
Epoch: 30, Loss: 0.8488, Train: 0.9714, Val: 0.7500, Test: 0.7900
Epoch: 31, Loss: 0.7601, Train: 0.9714, Val: 0.7460, Test: 0.7870
Epoch: 32, Loss: 0.7470, Train: 0.9786, Val: 0.7420, Test: 0.7850
Epoch: 33, Loss: 0.7293, Train: 0.9786, Val: 0.7380, Test: 0.7850
Epoch: 34, Loss: 0.5728, Train: 0.9786, Val: 0.7400, Test: 0.7880
Epoch: 35, Loss: 0.6141, Train: 0.9786, Val: 0.7500, Test: 0.7900
Epoch: 36, Loss: 0.5841, Train: 0.9786, Val: 0.7500, Test: 0.7900
Epoch: 37, Loss: 0.6038, Train: 0.9786, Val: 0.7560, Test: 0.7900
Epoch: 38, Loss: 0.5360, Train: 0.9786, Val: 0.7560, Test: 0.7910
Epoch: 39, Loss: 0.5503, Train: 0.9786, Val: 0.7600, Test: 0.7950
Epoch: 40, Loss: 0.4780, Train: 0.9786, Val: 0.7620, Test: 0.7970
Epoch: 41, Loss: 0.4904, Train: 0.9786, Val: 0.7600, Test: 0.7990
Epoch: 42, Loss: 0.4561, Train: 0.9786, Val: 0.7640, Test: 0.7990
Epoch: 43, Loss: 0.4052, Train: 0.9857, Val: 0.7660, Test: 0.7990
Epoch: 44, Loss: 0.3870, Train: 0.9929, Val: 0.7640, Test: 0.8000
Epoch: 45, Loss: 0.4339, Train: 1.0000, Val: 0.7660, Test: 0.7980
Epoch: 46, Loss: 0.3667, Train: 1.0000, Val: 0.7660, Test: 0.7970
Epoch: 47, Loss: 0.3866, Train: 1.0000, Val: 0.7660, Test: 0.7940
Epoch: 48, Loss: 0.3488, Train: 1.0000, Val: 0.7680, Test: 0.7940
Epoch: 49, Loss: 0.3211, Train: 1.0000, Val: 0.7720, Test: 0.7930
Epoch: 50, Loss: 0.3128, Train: 1.0000, Val: 0.7700, Test: 0.7920
MAD:  0.9307
Best Test Accuracy: 0.8000, Val Accuracy: 0.7640, Train Accuracy: 0.9929
Training completed.
Seed:  9
PDN(
  (batch_norm): LayerNorm((128,), eps=1e-05, elementwise_affine=True)
  (convs): ModuleList(
    (0): PDNConv(1433, 128)
    (1-4): 4 x PDNConv(128, 128)
    (5): PDNConv(128, 7)
  )
  (residual_fc): Linear(in_features=1433, out_features=128, bias=True)
)
Epoch: 1, Loss: 2.3037, Train: 0.1643, Val: 0.1940, Test: 0.1850
Epoch: 2, Loss: 2.2567, Train: 0.2429, Val: 0.2500, Test: 0.1930
Epoch: 3, Loss: 2.0971, Train: 0.3214, Val: 0.2540, Test: 0.2390
Epoch: 4, Loss: 2.0611, Train: 0.3571, Val: 0.2420, Test: 0.2520
Epoch: 5, Loss: 2.0370, Train: 0.3643, Val: 0.2540, Test: 0.2520
Epoch: 6, Loss: 1.9590, Train: 0.4357, Val: 0.2660, Test: 0.2620
Epoch: 7, Loss: 1.8633, Train: 0.5357, Val: 0.3140, Test: 0.3020
Epoch: 8, Loss: 1.8140, Train: 0.6286, Val: 0.3540, Test: 0.3450
Epoch: 9, Loss: 1.8579, Train: 0.6714, Val: 0.4080, Test: 0.3990
Epoch: 10, Loss: 1.7371, Train: 0.7214, Val: 0.4780, Test: 0.4580
Epoch: 11, Loss: 1.6379, Train: 0.7929, Val: 0.5360, Test: 0.5300
Epoch: 12, Loss: 1.6699, Train: 0.8357, Val: 0.5840, Test: 0.6060
Epoch: 13, Loss: 1.7290, Train: 0.8929, Val: 0.6380, Test: 0.6640
Epoch: 14, Loss: 1.5514, Train: 0.9214, Val: 0.6720, Test: 0.7010
Epoch: 15, Loss: 1.5347, Train: 0.9500, Val: 0.6940, Test: 0.7230
Epoch: 16, Loss: 1.5899, Train: 0.9643, Val: 0.7200, Test: 0.7390
Epoch: 17, Loss: 1.4584, Train: 0.9714, Val: 0.7360, Test: 0.7490
Epoch: 18, Loss: 1.3994, Train: 0.9714, Val: 0.7340, Test: 0.7520
Epoch: 19, Loss: 1.2736, Train: 0.9786, Val: 0.7300, Test: 0.7520
Epoch: 20, Loss: 1.3096, Train: 0.9786, Val: 0.7320, Test: 0.7560
Epoch: 21, Loss: 1.2719, Train: 0.9786, Val: 0.7280, Test: 0.7560
Epoch: 22, Loss: 1.2479, Train: 0.9786, Val: 0.7280, Test: 0.7550
Epoch: 23, Loss: 1.2006, Train: 0.9714, Val: 0.7240, Test: 0.7500
Epoch: 24, Loss: 1.0760, Train: 0.9786, Val: 0.7280, Test: 0.7510
Epoch: 25, Loss: 1.0870, Train: 0.9786, Val: 0.7280, Test: 0.7520
Epoch: 26, Loss: 1.0453, Train: 0.9929, Val: 0.7320, Test: 0.7500
Epoch: 27, Loss: 0.9650, Train: 0.9929, Val: 0.7320, Test: 0.7520
Epoch: 28, Loss: 0.9758, Train: 0.9929, Val: 0.7360, Test: 0.7550
Epoch: 29, Loss: 0.8829, Train: 0.9929, Val: 0.7400, Test: 0.7600
Epoch: 30, Loss: 0.8664, Train: 0.9929, Val: 0.7460, Test: 0.7650
Epoch: 31, Loss: 0.8017, Train: 0.9929, Val: 0.7560, Test: 0.7710
Epoch: 32, Loss: 0.7440, Train: 0.9929, Val: 0.7560, Test: 0.7790
Epoch: 33, Loss: 0.7752, Train: 0.9929, Val: 0.7540, Test: 0.7830
Epoch: 34, Loss: 0.7817, Train: 0.9929, Val: 0.7540, Test: 0.7830
Epoch: 35, Loss: 0.7049, Train: 0.9929, Val: 0.7540, Test: 0.7840
Epoch: 36, Loss: 0.6876, Train: 0.9929, Val: 0.7580, Test: 0.7850
Epoch: 37, Loss: 0.6994, Train: 0.9929, Val: 0.7560, Test: 0.7840
Epoch: 38, Loss: 0.5467, Train: 0.9929, Val: 0.7560, Test: 0.7850
Epoch: 39, Loss: 0.5638, Train: 0.9929, Val: 0.7600, Test: 0.7880
Epoch: 40, Loss: 0.5764, Train: 0.9929, Val: 0.7620, Test: 0.7870
Epoch: 41, Loss: 0.4948, Train: 0.9929, Val: 0.7620, Test: 0.7870
Epoch: 42, Loss: 0.4659, Train: 0.9929, Val: 0.7640, Test: 0.7880
Epoch: 43, Loss: 0.4929, Train: 0.9929, Val: 0.7640, Test: 0.7870
Epoch: 44, Loss: 0.4630, Train: 0.9929, Val: 0.7660, Test: 0.7840
Epoch: 45, Loss: 0.5243, Train: 0.9929, Val: 0.7660, Test: 0.7840
Epoch: 46, Loss: 0.4133, Train: 0.9929, Val: 0.7660, Test: 0.7820
Epoch: 47, Loss: 0.4011, Train: 0.9929, Val: 0.7660, Test: 0.7810
Epoch: 48, Loss: 0.4015, Train: 1.0000, Val: 0.7660, Test: 0.7820
Epoch: 49, Loss: 0.3421, Train: 1.0000, Val: 0.7700, Test: 0.7830
Epoch: 50, Loss: 0.3623, Train: 1.0000, Val: 0.7720, Test: 0.7820
MAD:  0.9475
Best Test Accuracy: 0.7880, Val Accuracy: 0.7600, Train Accuracy: 0.9929
Training completed.
Average Test Accuracy:  0.7921 ± 0.005593746508378803
Average MAD:  0.9343899999999999 ± 0.015668532158437814
