Seed:  0
PDN(
  (batch_norm): LayerNorm((128,), eps=1e-05, elementwise_affine=True)
  (convs): ModuleList(
    (0): PDNConv(1433, 128)
    (1-2): 2 x PDNConv(128, 128)
    (3): PDNConv(128, 7)
  )
  (residual_fc): Linear(in_features=1433, out_features=128, bias=True)
)
Epoch: 1, Loss: 2.4157, Train: 0.2357, Val: 0.1800, Test: 0.1670
Epoch: 2, Loss: 2.0923, Train: 0.4643, Val: 0.2540, Test: 0.2630
Epoch: 3, Loss: 1.8088, Train: 0.7071, Val: 0.3520, Test: 0.4010
Epoch: 4, Loss: 1.7151, Train: 0.8429, Val: 0.4580, Test: 0.4980
Epoch: 5, Loss: 1.4159, Train: 0.9214, Val: 0.5120, Test: 0.5320
Epoch: 6, Loss: 1.3279, Train: 0.9357, Val: 0.5340, Test: 0.5590
Epoch: 7, Loss: 1.1535, Train: 0.9571, Val: 0.5700, Test: 0.5820
Epoch: 8, Loss: 1.0572, Train: 0.9571, Val: 0.6100, Test: 0.6240
Epoch: 9, Loss: 0.9997, Train: 0.9571, Val: 0.6380, Test: 0.6630
Epoch: 10, Loss: 0.8609, Train: 0.9643, Val: 0.6720, Test: 0.6910
Epoch: 11, Loss: 0.8401, Train: 0.9571, Val: 0.6900, Test: 0.7210
Epoch: 12, Loss: 0.7875, Train: 0.9571, Val: 0.7040, Test: 0.7360
Epoch: 13, Loss: 0.7358, Train: 0.9857, Val: 0.7200, Test: 0.7480
Epoch: 14, Loss: 0.5720, Train: 0.9857, Val: 0.7300, Test: 0.7540
Epoch: 15, Loss: 0.5272, Train: 0.9929, Val: 0.7400, Test: 0.7640
Epoch: 16, Loss: 0.5228, Train: 0.9929, Val: 0.7380, Test: 0.7650
Epoch: 17, Loss: 0.4982, Train: 0.9929, Val: 0.7400, Test: 0.7650
Epoch: 18, Loss: 0.4302, Train: 0.9929, Val: 0.7400, Test: 0.7660
Epoch: 19, Loss: 0.4330, Train: 0.9929, Val: 0.7440, Test: 0.7680
Epoch: 20, Loss: 0.4250, Train: 0.9929, Val: 0.7460, Test: 0.7700
Epoch: 21, Loss: 0.3750, Train: 1.0000, Val: 0.7420, Test: 0.7720
Epoch: 22, Loss: 0.3396, Train: 1.0000, Val: 0.7360, Test: 0.7740
Epoch: 23, Loss: 0.2825, Train: 1.0000, Val: 0.7380, Test: 0.7770
Epoch: 24, Loss: 0.3097, Train: 1.0000, Val: 0.7400, Test: 0.7780
Epoch: 25, Loss: 0.2916, Train: 1.0000, Val: 0.7400, Test: 0.7780
Epoch: 26, Loss: 0.2409, Train: 1.0000, Val: 0.7400, Test: 0.7780
Epoch: 27, Loss: 0.2455, Train: 1.0000, Val: 0.7420, Test: 0.7770
Epoch: 28, Loss: 0.2185, Train: 1.0000, Val: 0.7420, Test: 0.7730
Epoch: 29, Loss: 0.2325, Train: 1.0000, Val: 0.7440, Test: 0.7750
Epoch: 30, Loss: 0.1713, Train: 1.0000, Val: 0.7460, Test: 0.7770
Epoch: 31, Loss: 0.1798, Train: 1.0000, Val: 0.7520, Test: 0.7820
Epoch: 32, Loss: 0.1614, Train: 1.0000, Val: 0.7540, Test: 0.7820
Epoch: 33, Loss: 0.1902, Train: 1.0000, Val: 0.7580, Test: 0.7820
Epoch: 34, Loss: 0.1663, Train: 1.0000, Val: 0.7580, Test: 0.7830
Epoch: 35, Loss: 0.1633, Train: 1.0000, Val: 0.7600, Test: 0.7800
Epoch: 36, Loss: 0.1701, Train: 1.0000, Val: 0.7580, Test: 0.7820
Epoch: 37, Loss: 0.1427, Train: 1.0000, Val: 0.7580, Test: 0.7820
Epoch: 38, Loss: 0.1342, Train: 1.0000, Val: 0.7560, Test: 0.7800
Epoch: 39, Loss: 0.1333, Train: 1.0000, Val: 0.7520, Test: 0.7780
Epoch: 40, Loss: 0.1271, Train: 1.0000, Val: 0.7520, Test: 0.7780
Epoch: 41, Loss: 0.1025, Train: 1.0000, Val: 0.7520, Test: 0.7750
Epoch: 42, Loss: 0.1338, Train: 1.0000, Val: 0.7520, Test: 0.7730
Epoch: 43, Loss: 0.0923, Train: 1.0000, Val: 0.7520, Test: 0.7730
Epoch: 44, Loss: 0.1207, Train: 1.0000, Val: 0.7500, Test: 0.7720
Epoch: 45, Loss: 0.0907, Train: 1.0000, Val: 0.7480, Test: 0.7730
Epoch: 46, Loss: 0.0980, Train: 1.0000, Val: 0.7500, Test: 0.7710
Epoch: 47, Loss: 0.0901, Train: 1.0000, Val: 0.7480, Test: 0.7710
Epoch: 48, Loss: 0.0955, Train: 1.0000, Val: 0.7500, Test: 0.7700
Epoch: 49, Loss: 0.1019, Train: 1.0000, Val: 0.7500, Test: 0.7700
Epoch: 50, Loss: 0.0825, Train: 1.0000, Val: 0.7500, Test: 0.7710
MAD:  0.9571
Best Test Accuracy: 0.7830, Val Accuracy: 0.7580, Train Accuracy: 1.0000
Training completed.
Seed:  1
PDN(
  (batch_norm): LayerNorm((128,), eps=1e-05, elementwise_affine=True)
  (convs): ModuleList(
    (0): PDNConv(1433, 128)
    (1-2): 2 x PDNConv(128, 128)
    (3): PDNConv(128, 7)
  )
  (residual_fc): Linear(in_features=1433, out_features=128, bias=True)
)
Epoch: 1, Loss: 2.2540, Train: 0.3929, Val: 0.1760, Test: 0.1890
Epoch: 2, Loss: 1.9464, Train: 0.5571, Val: 0.2880, Test: 0.2800
Epoch: 3, Loss: 1.7225, Train: 0.7286, Val: 0.3980, Test: 0.3820
Epoch: 4, Loss: 1.5448, Train: 0.8643, Val: 0.4600, Test: 0.4800
Epoch: 5, Loss: 1.2999, Train: 0.9143, Val: 0.5340, Test: 0.5720
Epoch: 6, Loss: 1.2339, Train: 0.9143, Val: 0.6000, Test: 0.6400
Epoch: 7, Loss: 1.1166, Train: 0.9500, Val: 0.6340, Test: 0.6780
Epoch: 8, Loss: 0.9914, Train: 0.9714, Val: 0.6660, Test: 0.7100
Epoch: 9, Loss: 0.8564, Train: 0.9786, Val: 0.6920, Test: 0.7310
Epoch: 10, Loss: 0.8684, Train: 0.9857, Val: 0.7120, Test: 0.7530
Epoch: 11, Loss: 0.7297, Train: 0.9929, Val: 0.7320, Test: 0.7640
Epoch: 12, Loss: 0.7155, Train: 0.9929, Val: 0.7380, Test: 0.7770
Epoch: 13, Loss: 0.6106, Train: 0.9929, Val: 0.7460, Test: 0.7770
Epoch: 14, Loss: 0.5790, Train: 1.0000, Val: 0.7520, Test: 0.7780
Epoch: 15, Loss: 0.5433, Train: 1.0000, Val: 0.7540, Test: 0.7860
Epoch: 16, Loss: 0.4675, Train: 1.0000, Val: 0.7520, Test: 0.7840
Epoch: 17, Loss: 0.4503, Train: 1.0000, Val: 0.7500, Test: 0.7780
Epoch: 18, Loss: 0.3867, Train: 1.0000, Val: 0.7540, Test: 0.7790
Epoch: 19, Loss: 0.4034, Train: 1.0000, Val: 0.7600, Test: 0.7840
Epoch: 20, Loss: 0.3251, Train: 1.0000, Val: 0.7600, Test: 0.7810
Epoch: 21, Loss: 0.3046, Train: 1.0000, Val: 0.7580, Test: 0.7810
Epoch: 22, Loss: 0.3314, Train: 1.0000, Val: 0.7580, Test: 0.7790
Epoch: 23, Loss: 0.2457, Train: 1.0000, Val: 0.7680, Test: 0.7790
Epoch: 24, Loss: 0.2747, Train: 1.0000, Val: 0.7700, Test: 0.7800
Epoch: 25, Loss: 0.2809, Train: 1.0000, Val: 0.7640, Test: 0.7820
Epoch: 26, Loss: 0.2033, Train: 1.0000, Val: 0.7620, Test: 0.7830
Epoch: 27, Loss: 0.2163, Train: 1.0000, Val: 0.7600, Test: 0.7860
Epoch: 28, Loss: 0.2403, Train: 1.0000, Val: 0.7620, Test: 0.7860
Epoch: 29, Loss: 0.2151, Train: 1.0000, Val: 0.7640, Test: 0.7870
Epoch: 30, Loss: 0.1778, Train: 1.0000, Val: 0.7660, Test: 0.7850
Epoch: 31, Loss: 0.1928, Train: 1.0000, Val: 0.7680, Test: 0.7840
Epoch: 32, Loss: 0.1469, Train: 1.0000, Val: 0.7720, Test: 0.7850
Epoch: 33, Loss: 0.1655, Train: 1.0000, Val: 0.7720, Test: 0.7840
Epoch: 34, Loss: 0.1448, Train: 1.0000, Val: 0.7740, Test: 0.7830
Epoch: 35, Loss: 0.1523, Train: 1.0000, Val: 0.7720, Test: 0.7850
Epoch: 36, Loss: 0.1158, Train: 1.0000, Val: 0.7680, Test: 0.7860
Epoch: 37, Loss: 0.1400, Train: 1.0000, Val: 0.7700, Test: 0.7860
Epoch: 38, Loss: 0.1250, Train: 1.0000, Val: 0.7680, Test: 0.7850
Epoch: 39, Loss: 0.1217, Train: 1.0000, Val: 0.7680, Test: 0.7820
Epoch: 40, Loss: 0.1175, Train: 1.0000, Val: 0.7680, Test: 0.7820
Epoch: 41, Loss: 0.1151, Train: 1.0000, Val: 0.7640, Test: 0.7810
Epoch: 42, Loss: 0.0982, Train: 1.0000, Val: 0.7620, Test: 0.7840
Epoch: 43, Loss: 0.1102, Train: 1.0000, Val: 0.7660, Test: 0.7840
Epoch: 44, Loss: 0.1200, Train: 1.0000, Val: 0.7700, Test: 0.7840
Epoch: 45, Loss: 0.0932, Train: 1.0000, Val: 0.7740, Test: 0.7840
Epoch: 46, Loss: 0.0963, Train: 1.0000, Val: 0.7740, Test: 0.7830
Epoch: 47, Loss: 0.0884, Train: 1.0000, Val: 0.7740, Test: 0.7830
Epoch: 48, Loss: 0.0824, Train: 1.0000, Val: 0.7720, Test: 0.7830
Epoch: 49, Loss: 0.0756, Train: 1.0000, Val: 0.7720, Test: 0.7820
Epoch: 50, Loss: 0.0830, Train: 1.0000, Val: 0.7780, Test: 0.7830
MAD:  0.9527
Best Test Accuracy: 0.7870, Val Accuracy: 0.7640, Train Accuracy: 1.0000
Training completed.
Seed:  2
PDN(
  (batch_norm): LayerNorm((128,), eps=1e-05, elementwise_affine=True)
  (convs): ModuleList(
    (0): PDNConv(1433, 128)
    (1-2): 2 x PDNConv(128, 128)
    (3): PDNConv(128, 7)
  )
  (residual_fc): Linear(in_features=1433, out_features=128, bias=True)
)
Epoch: 1, Loss: 2.1219, Train: 0.5071, Val: 0.2540, Test: 0.2590
Epoch: 2, Loss: 1.8310, Train: 0.6786, Val: 0.3660, Test: 0.3620
Epoch: 3, Loss: 1.6030, Train: 0.7857, Val: 0.4620, Test: 0.4760
Epoch: 4, Loss: 1.5395, Train: 0.8786, Val: 0.5320, Test: 0.5590
Epoch: 5, Loss: 1.2549, Train: 0.9357, Val: 0.6020, Test: 0.6190
Epoch: 6, Loss: 1.2090, Train: 0.9643, Val: 0.6380, Test: 0.6560
Epoch: 7, Loss: 1.0244, Train: 0.9643, Val: 0.6720, Test: 0.6880
Epoch: 8, Loss: 0.9816, Train: 0.9786, Val: 0.6800, Test: 0.7040
Epoch: 9, Loss: 0.8980, Train: 0.9786, Val: 0.7080, Test: 0.7210
Epoch: 10, Loss: 0.8106, Train: 0.9857, Val: 0.7260, Test: 0.7430
Epoch: 11, Loss: 0.6780, Train: 0.9929, Val: 0.7320, Test: 0.7540
Epoch: 12, Loss: 0.6637, Train: 0.9929, Val: 0.7380, Test: 0.7680
Epoch: 13, Loss: 0.5916, Train: 0.9929, Val: 0.7500, Test: 0.7730
Epoch: 14, Loss: 0.5911, Train: 0.9929, Val: 0.7540, Test: 0.7820
Epoch: 15, Loss: 0.5457, Train: 0.9929, Val: 0.7560, Test: 0.7830
Epoch: 16, Loss: 0.4473, Train: 0.9929, Val: 0.7640, Test: 0.7880
Epoch: 17, Loss: 0.4731, Train: 1.0000, Val: 0.7700, Test: 0.7880
Epoch: 18, Loss: 0.4069, Train: 1.0000, Val: 0.7800, Test: 0.7880
Epoch: 19, Loss: 0.4056, Train: 1.0000, Val: 0.7780, Test: 0.7890
Epoch: 20, Loss: 0.3224, Train: 1.0000, Val: 0.7780, Test: 0.7910
Epoch: 21, Loss: 0.3719, Train: 1.0000, Val: 0.7740, Test: 0.7940
Epoch: 22, Loss: 0.2983, Train: 1.0000, Val: 0.7680, Test: 0.7920
Epoch: 23, Loss: 0.2897, Train: 1.0000, Val: 0.7660, Test: 0.7890
Epoch: 24, Loss: 0.2803, Train: 1.0000, Val: 0.7660, Test: 0.7890
Epoch: 25, Loss: 0.2409, Train: 1.0000, Val: 0.7660, Test: 0.7870
Epoch: 26, Loss: 0.2486, Train: 1.0000, Val: 0.7660, Test: 0.7860
Epoch: 27, Loss: 0.2165, Train: 1.0000, Val: 0.7660, Test: 0.7810
Epoch: 28, Loss: 0.1958, Train: 1.0000, Val: 0.7660, Test: 0.7820
Epoch: 29, Loss: 0.1793, Train: 1.0000, Val: 0.7620, Test: 0.7810
Epoch: 30, Loss: 0.1915, Train: 1.0000, Val: 0.7620, Test: 0.7830
Epoch: 31, Loss: 0.1802, Train: 1.0000, Val: 0.7640, Test: 0.7850
Epoch: 32, Loss: 0.1609, Train: 1.0000, Val: 0.7680, Test: 0.7860
Epoch: 33, Loss: 0.1460, Train: 1.0000, Val: 0.7680, Test: 0.7870
Epoch: 34, Loss: 0.1786, Train: 1.0000, Val: 0.7680, Test: 0.7880
Epoch: 35, Loss: 0.1184, Train: 1.0000, Val: 0.7680, Test: 0.7880
Epoch: 36, Loss: 0.1272, Train: 1.0000, Val: 0.7660, Test: 0.7870
Epoch: 37, Loss: 0.1155, Train: 1.0000, Val: 0.7640, Test: 0.7820
Epoch: 38, Loss: 0.1291, Train: 1.0000, Val: 0.7640, Test: 0.7820
Epoch: 39, Loss: 0.1006, Train: 1.0000, Val: 0.7640, Test: 0.7840
Epoch: 40, Loss: 0.1245, Train: 1.0000, Val: 0.7600, Test: 0.7850
Epoch: 41, Loss: 0.0983, Train: 1.0000, Val: 0.7600, Test: 0.7860
Epoch: 42, Loss: 0.0949, Train: 1.0000, Val: 0.7620, Test: 0.7850
Epoch: 43, Loss: 0.0965, Train: 1.0000, Val: 0.7620, Test: 0.7820
Epoch: 44, Loss: 0.0999, Train: 1.0000, Val: 0.7600, Test: 0.7810
Epoch: 45, Loss: 0.0995, Train: 1.0000, Val: 0.7580, Test: 0.7780
Epoch: 46, Loss: 0.0884, Train: 1.0000, Val: 0.7580, Test: 0.7760
Epoch: 47, Loss: 0.0875, Train: 1.0000, Val: 0.7580, Test: 0.7750
Epoch: 48, Loss: 0.0717, Train: 1.0000, Val: 0.7560, Test: 0.7760
Epoch: 49, Loss: 0.0731, Train: 1.0000, Val: 0.7520, Test: 0.7740
Epoch: 50, Loss: 0.0840, Train: 1.0000, Val: 0.7540, Test: 0.7720
MAD:  0.95
Best Test Accuracy: 0.7940, Val Accuracy: 0.7740, Train Accuracy: 1.0000
Training completed.
Seed:  3
PDN(
  (batch_norm): LayerNorm((128,), eps=1e-05, elementwise_affine=True)
  (convs): ModuleList(
    (0): PDNConv(1433, 128)
    (1-2): 2 x PDNConv(128, 128)
    (3): PDNConv(128, 7)
  )
  (residual_fc): Linear(in_features=1433, out_features=128, bias=True)
)
Epoch: 1, Loss: 2.3957, Train: 0.2929, Val: 0.1900, Test: 0.2050
Epoch: 2, Loss: 2.1329, Train: 0.5000, Val: 0.3040, Test: 0.3120
Epoch: 3, Loss: 1.9413, Train: 0.6714, Val: 0.3860, Test: 0.4010
Epoch: 4, Loss: 1.7074, Train: 0.8000, Val: 0.4680, Test: 0.4760
Epoch: 5, Loss: 1.4470, Train: 0.8857, Val: 0.5200, Test: 0.5790
Epoch: 6, Loss: 1.3783, Train: 0.9357, Val: 0.5880, Test: 0.6460
Epoch: 7, Loss: 1.2611, Train: 0.9643, Val: 0.6520, Test: 0.6950
Epoch: 8, Loss: 1.0416, Train: 0.9786, Val: 0.6840, Test: 0.7240
Epoch: 9, Loss: 1.0089, Train: 0.9857, Val: 0.7200, Test: 0.7380
Epoch: 10, Loss: 0.8006, Train: 0.9857, Val: 0.7360, Test: 0.7580
Epoch: 11, Loss: 0.7714, Train: 0.9929, Val: 0.7400, Test: 0.7730
Epoch: 12, Loss: 0.7038, Train: 0.9929, Val: 0.7500, Test: 0.7780
Epoch: 13, Loss: 0.6437, Train: 0.9929, Val: 0.7540, Test: 0.7840
Epoch: 14, Loss: 0.6219, Train: 0.9929, Val: 0.7600, Test: 0.7900
Epoch: 15, Loss: 0.6018, Train: 0.9929, Val: 0.7700, Test: 0.7930
Epoch: 16, Loss: 0.5720, Train: 0.9929, Val: 0.7800, Test: 0.7960
Epoch: 17, Loss: 0.5018, Train: 0.9929, Val: 0.7840, Test: 0.8000
Epoch: 18, Loss: 0.4788, Train: 0.9929, Val: 0.7800, Test: 0.8040
Epoch: 19, Loss: 0.4518, Train: 1.0000, Val: 0.7820, Test: 0.8050
Epoch: 20, Loss: 0.3961, Train: 1.0000, Val: 0.7860, Test: 0.8040
Epoch: 21, Loss: 0.3372, Train: 1.0000, Val: 0.7840, Test: 0.8020
Epoch: 22, Loss: 0.3758, Train: 1.0000, Val: 0.7820, Test: 0.8000
Epoch: 23, Loss: 0.3338, Train: 1.0000, Val: 0.7820, Test: 0.8020
Epoch: 24, Loss: 0.3235, Train: 1.0000, Val: 0.7840, Test: 0.8000
Epoch: 25, Loss: 0.2784, Train: 1.0000, Val: 0.7820, Test: 0.8000
Epoch: 26, Loss: 0.2737, Train: 1.0000, Val: 0.7820, Test: 0.7990
Epoch: 27, Loss: 0.2634, Train: 1.0000, Val: 0.7780, Test: 0.7980
Epoch: 28, Loss: 0.2397, Train: 1.0000, Val: 0.7780, Test: 0.7960
Epoch: 29, Loss: 0.2277, Train: 1.0000, Val: 0.7780, Test: 0.8000
Epoch: 30, Loss: 0.2070, Train: 1.0000, Val: 0.7760, Test: 0.8010
Epoch: 31, Loss: 0.1989, Train: 1.0000, Val: 0.7820, Test: 0.8010
Epoch: 32, Loss: 0.1911, Train: 1.0000, Val: 0.7860, Test: 0.8020
Epoch: 33, Loss: 0.1914, Train: 1.0000, Val: 0.7860, Test: 0.8030
Epoch: 34, Loss: 0.1709, Train: 1.0000, Val: 0.7920, Test: 0.8040
Epoch: 35, Loss: 0.1631, Train: 1.0000, Val: 0.7920, Test: 0.8030
Epoch: 36, Loss: 0.1674, Train: 1.0000, Val: 0.7920, Test: 0.8030
Epoch: 37, Loss: 0.1552, Train: 1.0000, Val: 0.7900, Test: 0.8010
Epoch: 38, Loss: 0.1387, Train: 1.0000, Val: 0.7860, Test: 0.7960
Epoch: 39, Loss: 0.1349, Train: 1.0000, Val: 0.7860, Test: 0.7970
Epoch: 40, Loss: 0.1146, Train: 1.0000, Val: 0.7840, Test: 0.7960
Epoch: 41, Loss: 0.1405, Train: 1.0000, Val: 0.7840, Test: 0.7940
Epoch: 42, Loss: 0.1277, Train: 1.0000, Val: 0.7840, Test: 0.7920
Epoch: 43, Loss: 0.1022, Train: 1.0000, Val: 0.7840, Test: 0.7920
Epoch: 44, Loss: 0.0954, Train: 1.0000, Val: 0.7840, Test: 0.7920
Epoch: 45, Loss: 0.1053, Train: 1.0000, Val: 0.7840, Test: 0.7910
Epoch: 46, Loss: 0.1003, Train: 1.0000, Val: 0.7860, Test: 0.7910
Epoch: 47, Loss: 0.0876, Train: 1.0000, Val: 0.7860, Test: 0.7910
Epoch: 48, Loss: 0.0894, Train: 1.0000, Val: 0.7860, Test: 0.7900
Epoch: 49, Loss: 0.0755, Train: 1.0000, Val: 0.7860, Test: 0.7910
Epoch: 50, Loss: 0.0756, Train: 1.0000, Val: 0.7860, Test: 0.7880
MAD:  0.8467
Best Test Accuracy: 0.8050, Val Accuracy: 0.7820, Train Accuracy: 1.0000
Training completed.
Seed:  4
PDN(
  (batch_norm): LayerNorm((128,), eps=1e-05, elementwise_affine=True)
  (convs): ModuleList(
    (0): PDNConv(1433, 128)
    (1-2): 2 x PDNConv(128, 128)
    (3): PDNConv(128, 7)
  )
  (residual_fc): Linear(in_features=1433, out_features=128, bias=True)
)
Epoch: 1, Loss: 2.4274, Train: 0.2429, Val: 0.2620, Test: 0.2900
Epoch: 2, Loss: 1.9945, Train: 0.5429, Val: 0.3620, Test: 0.3790
Epoch: 3, Loss: 1.9123, Train: 0.7143, Val: 0.4060, Test: 0.4390
Epoch: 4, Loss: 1.5614, Train: 0.8286, Val: 0.4540, Test: 0.5000
Epoch: 5, Loss: 1.4929, Train: 0.9071, Val: 0.5220, Test: 0.5540
Epoch: 6, Loss: 1.2635, Train: 0.9571, Val: 0.5780, Test: 0.6080
Epoch: 7, Loss: 1.1513, Train: 0.9714, Val: 0.6040, Test: 0.6460
Epoch: 8, Loss: 1.0718, Train: 0.9714, Val: 0.6460, Test: 0.6870
Epoch: 9, Loss: 0.9782, Train: 0.9714, Val: 0.6660, Test: 0.7180
Epoch: 10, Loss: 0.8164, Train: 0.9786, Val: 0.7020, Test: 0.7400
Epoch: 11, Loss: 0.7556, Train: 0.9857, Val: 0.7080, Test: 0.7570
Epoch: 12, Loss: 0.7053, Train: 0.9857, Val: 0.7120, Test: 0.7650
Epoch: 13, Loss: 0.7159, Train: 0.9857, Val: 0.7260, Test: 0.7730
Epoch: 14, Loss: 0.6230, Train: 0.9929, Val: 0.7320, Test: 0.7760
Epoch: 15, Loss: 0.5860, Train: 0.9929, Val: 0.7340, Test: 0.7820
Epoch: 16, Loss: 0.5185, Train: 0.9929, Val: 0.7460, Test: 0.7800
Epoch: 17, Loss: 0.4724, Train: 0.9929, Val: 0.7540, Test: 0.7800
Epoch: 18, Loss: 0.4207, Train: 0.9857, Val: 0.7540, Test: 0.7860
Epoch: 19, Loss: 0.4280, Train: 0.9929, Val: 0.7580, Test: 0.7840
Epoch: 20, Loss: 0.3867, Train: 0.9929, Val: 0.7560, Test: 0.7820
Epoch: 21, Loss: 0.3499, Train: 0.9929, Val: 0.7560, Test: 0.7790
Epoch: 22, Loss: 0.3244, Train: 0.9929, Val: 0.7540, Test: 0.7790
Epoch: 23, Loss: 0.3057, Train: 0.9929, Val: 0.7500, Test: 0.7770
Epoch: 24, Loss: 0.3117, Train: 0.9929, Val: 0.7480, Test: 0.7760
Epoch: 25, Loss: 0.2901, Train: 0.9929, Val: 0.7500, Test: 0.7760
Epoch: 26, Loss: 0.2444, Train: 0.9929, Val: 0.7480, Test: 0.7790
Epoch: 27, Loss: 0.2529, Train: 1.0000, Val: 0.7480, Test: 0.7800
Epoch: 28, Loss: 0.2451, Train: 1.0000, Val: 0.7480, Test: 0.7830
Epoch: 29, Loss: 0.2159, Train: 1.0000, Val: 0.7480, Test: 0.7820
Epoch: 30, Loss: 0.2017, Train: 1.0000, Val: 0.7540, Test: 0.7820
Epoch: 31, Loss: 0.1757, Train: 1.0000, Val: 0.7560, Test: 0.7840
Epoch: 32, Loss: 0.1839, Train: 1.0000, Val: 0.7580, Test: 0.7870
Epoch: 33, Loss: 0.1551, Train: 1.0000, Val: 0.7560, Test: 0.7870
Epoch: 34, Loss: 0.1794, Train: 1.0000, Val: 0.7600, Test: 0.7860
Epoch: 35, Loss: 0.1479, Train: 1.0000, Val: 0.7580, Test: 0.7860
Epoch: 36, Loss: 0.1574, Train: 1.0000, Val: 0.7580, Test: 0.7860
Epoch: 37, Loss: 0.1241, Train: 1.0000, Val: 0.7600, Test: 0.7880
Epoch: 38, Loss: 0.1251, Train: 1.0000, Val: 0.7600, Test: 0.7910
Epoch: 39, Loss: 0.1214, Train: 1.0000, Val: 0.7600, Test: 0.7920
Epoch: 40, Loss: 0.1276, Train: 1.0000, Val: 0.7580, Test: 0.7930
Epoch: 41, Loss: 0.1166, Train: 1.0000, Val: 0.7600, Test: 0.7940
Epoch: 42, Loss: 0.0941, Train: 1.0000, Val: 0.7600, Test: 0.7950
Epoch: 43, Loss: 0.1207, Train: 1.0000, Val: 0.7580, Test: 0.7960
Epoch: 44, Loss: 0.0910, Train: 1.0000, Val: 0.7580, Test: 0.7950
Epoch: 45, Loss: 0.0927, Train: 1.0000, Val: 0.7560, Test: 0.7940
Epoch: 46, Loss: 0.1020, Train: 1.0000, Val: 0.7540, Test: 0.7920
Epoch: 47, Loss: 0.0818, Train: 1.0000, Val: 0.7520, Test: 0.7930
Epoch: 48, Loss: 0.0831, Train: 1.0000, Val: 0.7520, Test: 0.7920
Epoch: 49, Loss: 0.0813, Train: 1.0000, Val: 0.7520, Test: 0.7910
Epoch: 50, Loss: 0.0733, Train: 1.0000, Val: 0.7540, Test: 0.7900
MAD:  0.9381
Best Test Accuracy: 0.7960, Val Accuracy: 0.7580, Train Accuracy: 1.0000
Training completed.
Seed:  5
PDN(
  (batch_norm): LayerNorm((128,), eps=1e-05, elementwise_affine=True)
  (convs): ModuleList(
    (0): PDNConv(1433, 128)
    (1-2): 2 x PDNConv(128, 128)
    (3): PDNConv(128, 7)
  )
  (residual_fc): Linear(in_features=1433, out_features=128, bias=True)
)
Epoch: 1, Loss: 2.2306, Train: 0.3714, Val: 0.2460, Test: 0.2360
Epoch: 2, Loss: 1.8699, Train: 0.5857, Val: 0.3160, Test: 0.3280
Epoch: 3, Loss: 1.7330, Train: 0.7143, Val: 0.3860, Test: 0.4120
Epoch: 4, Loss: 1.5162, Train: 0.7714, Val: 0.4420, Test: 0.4790
Epoch: 5, Loss: 1.4880, Train: 0.8429, Val: 0.5220, Test: 0.5470
Epoch: 6, Loss: 1.2985, Train: 0.9214, Val: 0.5920, Test: 0.6100
Epoch: 7, Loss: 1.2059, Train: 0.9571, Val: 0.6500, Test: 0.6540
Epoch: 8, Loss: 1.0729, Train: 0.9714, Val: 0.6760, Test: 0.6940
Epoch: 9, Loss: 0.9055, Train: 0.9714, Val: 0.6980, Test: 0.7220
Epoch: 10, Loss: 0.7780, Train: 0.9857, Val: 0.7120, Test: 0.7360
Epoch: 11, Loss: 0.7930, Train: 0.9929, Val: 0.7220, Test: 0.7500
Epoch: 12, Loss: 0.7331, Train: 0.9929, Val: 0.7280, Test: 0.7610
Epoch: 13, Loss: 0.6524, Train: 0.9929, Val: 0.7300, Test: 0.7630
Epoch: 14, Loss: 0.5946, Train: 0.9929, Val: 0.7360, Test: 0.7750
Epoch: 15, Loss: 0.5784, Train: 0.9929, Val: 0.7400, Test: 0.7760
Epoch: 16, Loss: 0.4911, Train: 1.0000, Val: 0.7540, Test: 0.7770
Epoch: 17, Loss: 0.5119, Train: 1.0000, Val: 0.7580, Test: 0.7780
Epoch: 18, Loss: 0.4728, Train: 1.0000, Val: 0.7600, Test: 0.7750
Epoch: 19, Loss: 0.4396, Train: 1.0000, Val: 0.7620, Test: 0.7770
Epoch: 20, Loss: 0.4657, Train: 1.0000, Val: 0.7620, Test: 0.7760
Epoch: 21, Loss: 0.3297, Train: 1.0000, Val: 0.7700, Test: 0.7760
Epoch: 22, Loss: 0.3130, Train: 1.0000, Val: 0.7700, Test: 0.7780
Epoch: 23, Loss: 0.3229, Train: 1.0000, Val: 0.7700, Test: 0.7770
Epoch: 24, Loss: 0.3091, Train: 1.0000, Val: 0.7700, Test: 0.7790
Epoch: 25, Loss: 0.2519, Train: 1.0000, Val: 0.7700, Test: 0.7810
Epoch: 26, Loss: 0.2764, Train: 1.0000, Val: 0.7740, Test: 0.7820
Epoch: 27, Loss: 0.2752, Train: 1.0000, Val: 0.7760, Test: 0.7820
Epoch: 28, Loss: 0.2230, Train: 1.0000, Val: 0.7760, Test: 0.7820
Epoch: 29, Loss: 0.2352, Train: 1.0000, Val: 0.7760, Test: 0.7840
Epoch: 30, Loss: 0.2060, Train: 1.0000, Val: 0.7760, Test: 0.7830
Epoch: 31, Loss: 0.1805, Train: 1.0000, Val: 0.7760, Test: 0.7820
Epoch: 32, Loss: 0.1722, Train: 1.0000, Val: 0.7780, Test: 0.7800
Epoch: 33, Loss: 0.1878, Train: 1.0000, Val: 0.7800, Test: 0.7830
Epoch: 34, Loss: 0.1742, Train: 1.0000, Val: 0.7800, Test: 0.7840
Epoch: 35, Loss: 0.1637, Train: 1.0000, Val: 0.7780, Test: 0.7820
Epoch: 36, Loss: 0.1717, Train: 1.0000, Val: 0.7780, Test: 0.7860
Epoch: 37, Loss: 0.1498, Train: 1.0000, Val: 0.7780, Test: 0.7860
Epoch: 38, Loss: 0.1207, Train: 1.0000, Val: 0.7820, Test: 0.7830
Epoch: 39, Loss: 0.1105, Train: 1.0000, Val: 0.7820, Test: 0.7810
Epoch: 40, Loss: 0.1575, Train: 1.0000, Val: 0.7820, Test: 0.7810
Epoch: 41, Loss: 0.1369, Train: 1.0000, Val: 0.7780, Test: 0.7770
Epoch: 42, Loss: 0.1154, Train: 1.0000, Val: 0.7780, Test: 0.7780
Epoch: 43, Loss: 0.1153, Train: 1.0000, Val: 0.7780, Test: 0.7770
Epoch: 44, Loss: 0.1043, Train: 1.0000, Val: 0.7800, Test: 0.7780
Epoch: 45, Loss: 0.1021, Train: 1.0000, Val: 0.7800, Test: 0.7810
Epoch: 46, Loss: 0.1017, Train: 1.0000, Val: 0.7800, Test: 0.7840
Epoch: 47, Loss: 0.1019, Train: 1.0000, Val: 0.7800, Test: 0.7840
Epoch: 48, Loss: 0.0886, Train: 1.0000, Val: 0.7760, Test: 0.7860
Epoch: 49, Loss: 0.0922, Train: 1.0000, Val: 0.7760, Test: 0.7870
Epoch: 50, Loss: 0.1051, Train: 1.0000, Val: 0.7780, Test: 0.7850
MAD:  0.9472
Best Test Accuracy: 0.7870, Val Accuracy: 0.7760, Train Accuracy: 1.0000
Training completed.
Seed:  6
PDN(
  (batch_norm): LayerNorm((128,), eps=1e-05, elementwise_affine=True)
  (convs): ModuleList(
    (0): PDNConv(1433, 128)
    (1-2): 2 x PDNConv(128, 128)
    (3): PDNConv(128, 7)
  )
  (residual_fc): Linear(in_features=1433, out_features=128, bias=True)
)
Epoch: 1, Loss: 2.4978, Train: 0.2857, Val: 0.2380, Test: 0.2510
Epoch: 2, Loss: 2.1568, Train: 0.5500, Val: 0.3580, Test: 0.3710
Epoch: 3, Loss: 1.8393, Train: 0.7357, Val: 0.4420, Test: 0.4660
Epoch: 4, Loss: 1.6164, Train: 0.8143, Val: 0.4760, Test: 0.4960
Epoch: 5, Loss: 1.5184, Train: 0.8286, Val: 0.5040, Test: 0.5420
Epoch: 6, Loss: 1.3597, Train: 0.9000, Val: 0.5440, Test: 0.5770
Epoch: 7, Loss: 1.1753, Train: 0.9214, Val: 0.5940, Test: 0.6140
Epoch: 8, Loss: 1.1115, Train: 0.9429, Val: 0.6440, Test: 0.6580
Epoch: 9, Loss: 0.9110, Train: 0.9643, Val: 0.6760, Test: 0.7020
Epoch: 10, Loss: 0.9033, Train: 0.9786, Val: 0.7020, Test: 0.7360
Epoch: 11, Loss: 0.9019, Train: 0.9857, Val: 0.7260, Test: 0.7530
Epoch: 12, Loss: 0.7362, Train: 0.9929, Val: 0.7280, Test: 0.7660
Epoch: 13, Loss: 0.7270, Train: 0.9929, Val: 0.7440, Test: 0.7710
Epoch: 14, Loss: 0.6595, Train: 0.9929, Val: 0.7480, Test: 0.7760
Epoch: 15, Loss: 0.5825, Train: 0.9929, Val: 0.7440, Test: 0.7750
Epoch: 16, Loss: 0.5360, Train: 0.9929, Val: 0.7440, Test: 0.7770
Epoch: 17, Loss: 0.5246, Train: 0.9929, Val: 0.7520, Test: 0.7850
Epoch: 18, Loss: 0.4459, Train: 0.9929, Val: 0.7480, Test: 0.7810
Epoch: 19, Loss: 0.4615, Train: 1.0000, Val: 0.7480, Test: 0.7800
Epoch: 20, Loss: 0.4275, Train: 1.0000, Val: 0.7440, Test: 0.7790
Epoch: 21, Loss: 0.3681, Train: 1.0000, Val: 0.7440, Test: 0.7750
Epoch: 22, Loss: 0.3997, Train: 1.0000, Val: 0.7460, Test: 0.7740
Epoch: 23, Loss: 0.3764, Train: 1.0000, Val: 0.7520, Test: 0.7730
Epoch: 24, Loss: 0.2817, Train: 1.0000, Val: 0.7600, Test: 0.7710
Epoch: 25, Loss: 0.2852, Train: 1.0000, Val: 0.7560, Test: 0.7750
Epoch: 26, Loss: 0.3156, Train: 1.0000, Val: 0.7560, Test: 0.7780
Epoch: 27, Loss: 0.2779, Train: 1.0000, Val: 0.7600, Test: 0.7790
Epoch: 28, Loss: 0.2503, Train: 1.0000, Val: 0.7620, Test: 0.7810
Epoch: 29, Loss: 0.2293, Train: 1.0000, Val: 0.7600, Test: 0.7790
Epoch: 30, Loss: 0.2617, Train: 1.0000, Val: 0.7580, Test: 0.7770
Epoch: 31, Loss: 0.2134, Train: 1.0000, Val: 0.7540, Test: 0.7760
Epoch: 32, Loss: 0.1815, Train: 1.0000, Val: 0.7560, Test: 0.7750
Epoch: 33, Loss: 0.1545, Train: 1.0000, Val: 0.7560, Test: 0.7730
Epoch: 34, Loss: 0.1781, Train: 1.0000, Val: 0.7560, Test: 0.7750
Epoch: 35, Loss: 0.1712, Train: 1.0000, Val: 0.7580, Test: 0.7780
Epoch: 36, Loss: 0.1491, Train: 1.0000, Val: 0.7600, Test: 0.7790
Epoch: 37, Loss: 0.1499, Train: 1.0000, Val: 0.7620, Test: 0.7810
Epoch: 38, Loss: 0.1254, Train: 1.0000, Val: 0.7640, Test: 0.7820
Epoch: 39, Loss: 0.1422, Train: 1.0000, Val: 0.7620, Test: 0.7830
Epoch: 40, Loss: 0.1186, Train: 1.0000, Val: 0.7620, Test: 0.7840
Epoch: 41, Loss: 0.1140, Train: 1.0000, Val: 0.7600, Test: 0.7820
Epoch: 42, Loss: 0.1281, Train: 1.0000, Val: 0.7620, Test: 0.7810
Epoch: 43, Loss: 0.1161, Train: 1.0000, Val: 0.7620, Test: 0.7820
Epoch: 44, Loss: 0.1145, Train: 1.0000, Val: 0.7620, Test: 0.7810
Epoch: 45, Loss: 0.1208, Train: 1.0000, Val: 0.7620, Test: 0.7800
Epoch: 46, Loss: 0.0994, Train: 1.0000, Val: 0.7620, Test: 0.7760
Epoch: 47, Loss: 0.1231, Train: 1.0000, Val: 0.7620, Test: 0.7770
Epoch: 48, Loss: 0.0926, Train: 1.0000, Val: 0.7620, Test: 0.7770
Epoch: 49, Loss: 0.0921, Train: 1.0000, Val: 0.7640, Test: 0.7790
Epoch: 50, Loss: 0.0924, Train: 1.0000, Val: 0.7640, Test: 0.7800
MAD:  0.9181
Best Test Accuracy: 0.7850, Val Accuracy: 0.7520, Train Accuracy: 0.9929
Training completed.
Seed:  7
PDN(
  (batch_norm): LayerNorm((128,), eps=1e-05, elementwise_affine=True)
  (convs): ModuleList(
    (0): PDNConv(1433, 128)
    (1-2): 2 x PDNConv(128, 128)
    (3): PDNConv(128, 7)
  )
  (residual_fc): Linear(in_features=1433, out_features=128, bias=True)
)
Epoch: 1, Loss: 2.2285, Train: 0.2929, Val: 0.2080, Test: 0.1900
Epoch: 2, Loss: 2.0551, Train: 0.5500, Val: 0.3060, Test: 0.3230
Epoch: 3, Loss: 1.7965, Train: 0.6714, Val: 0.3780, Test: 0.3960
Epoch: 4, Loss: 1.5784, Train: 0.7429, Val: 0.4240, Test: 0.4630
Epoch: 5, Loss: 1.4366, Train: 0.8000, Val: 0.4960, Test: 0.5150
Epoch: 6, Loss: 1.2934, Train: 0.8786, Val: 0.5500, Test: 0.5600
Epoch: 7, Loss: 1.0947, Train: 0.9214, Val: 0.6020, Test: 0.6140
Epoch: 8, Loss: 1.0467, Train: 0.9357, Val: 0.6320, Test: 0.6620
Epoch: 9, Loss: 0.9567, Train: 0.9571, Val: 0.6620, Test: 0.6950
Epoch: 10, Loss: 0.8600, Train: 0.9857, Val: 0.6760, Test: 0.7130
Epoch: 11, Loss: 0.8402, Train: 0.9857, Val: 0.6880, Test: 0.7280
Epoch: 12, Loss: 0.6904, Train: 0.9857, Val: 0.7060, Test: 0.7390
Epoch: 13, Loss: 0.6611, Train: 0.9857, Val: 0.7200, Test: 0.7550
Epoch: 14, Loss: 0.6797, Train: 0.9929, Val: 0.7320, Test: 0.7590
Epoch: 15, Loss: 0.5969, Train: 1.0000, Val: 0.7420, Test: 0.7640
Epoch: 16, Loss: 0.5788, Train: 1.0000, Val: 0.7440, Test: 0.7630
Epoch: 17, Loss: 0.5490, Train: 1.0000, Val: 0.7440, Test: 0.7640
Epoch: 18, Loss: 0.4435, Train: 1.0000, Val: 0.7480, Test: 0.7640
Epoch: 19, Loss: 0.4470, Train: 1.0000, Val: 0.7500, Test: 0.7640
Epoch: 20, Loss: 0.4012, Train: 1.0000, Val: 0.7480, Test: 0.7660
Epoch: 21, Loss: 0.3786, Train: 1.0000, Val: 0.7500, Test: 0.7670
Epoch: 22, Loss: 0.3277, Train: 1.0000, Val: 0.7500, Test: 0.7650
Epoch: 23, Loss: 0.2990, Train: 1.0000, Val: 0.7520, Test: 0.7630
Epoch: 24, Loss: 0.3268, Train: 1.0000, Val: 0.7560, Test: 0.7610
Epoch: 25, Loss: 0.2770, Train: 1.0000, Val: 0.7560, Test: 0.7640
Epoch: 26, Loss: 0.2679, Train: 1.0000, Val: 0.7520, Test: 0.7640
Epoch: 27, Loss: 0.2575, Train: 1.0000, Val: 0.7500, Test: 0.7620
Epoch: 28, Loss: 0.2688, Train: 1.0000, Val: 0.7500, Test: 0.7630
Epoch: 29, Loss: 0.2279, Train: 1.0000, Val: 0.7540, Test: 0.7630
Epoch: 30, Loss: 0.2125, Train: 1.0000, Val: 0.7540, Test: 0.7640
Epoch: 31, Loss: 0.2092, Train: 1.0000, Val: 0.7560, Test: 0.7610
Epoch: 32, Loss: 0.1857, Train: 1.0000, Val: 0.7540, Test: 0.7620
Epoch: 33, Loss: 0.1837, Train: 1.0000, Val: 0.7500, Test: 0.7610
Epoch: 34, Loss: 0.1516, Train: 1.0000, Val: 0.7440, Test: 0.7620
Epoch: 35, Loss: 0.1628, Train: 1.0000, Val: 0.7460, Test: 0.7630
Epoch: 36, Loss: 0.1560, Train: 1.0000, Val: 0.7480, Test: 0.7610
Epoch: 37, Loss: 0.1597, Train: 1.0000, Val: 0.7500, Test: 0.7660
Epoch: 38, Loss: 0.1223, Train: 1.0000, Val: 0.7500, Test: 0.7650
Epoch: 39, Loss: 0.1072, Train: 1.0000, Val: 0.7500, Test: 0.7620
Epoch: 40, Loss: 0.1399, Train: 1.0000, Val: 0.7520, Test: 0.7610
Epoch: 41, Loss: 0.1169, Train: 1.0000, Val: 0.7560, Test: 0.7620
Epoch: 42, Loss: 0.1231, Train: 1.0000, Val: 0.7560, Test: 0.7610
Epoch: 43, Loss: 0.1042, Train: 1.0000, Val: 0.7560, Test: 0.7620
Epoch: 44, Loss: 0.0983, Train: 1.0000, Val: 0.7580, Test: 0.7640
Epoch: 45, Loss: 0.1050, Train: 1.0000, Val: 0.7600, Test: 0.7640
Epoch: 46, Loss: 0.1040, Train: 1.0000, Val: 0.7560, Test: 0.7660
Epoch: 47, Loss: 0.1039, Train: 1.0000, Val: 0.7600, Test: 0.7680
Epoch: 48, Loss: 0.1100, Train: 1.0000, Val: 0.7640, Test: 0.7690
Epoch: 49, Loss: 0.0933, Train: 1.0000, Val: 0.7620, Test: 0.7710
Epoch: 50, Loss: 0.0724, Train: 1.0000, Val: 0.7620, Test: 0.7690
MAD:  0.932
Best Test Accuracy: 0.7710, Val Accuracy: 0.7620, Train Accuracy: 1.0000
Training completed.
Seed:  8
PDN(
  (batch_norm): LayerNorm((128,), eps=1e-05, elementwise_affine=True)
  (convs): ModuleList(
    (0): PDNConv(1433, 128)
    (1-2): 2 x PDNConv(128, 128)
    (3): PDNConv(128, 7)
  )
  (residual_fc): Linear(in_features=1433, out_features=128, bias=True)
)
Epoch: 1, Loss: 2.3170, Train: 0.4143, Val: 0.2040, Test: 0.2120
Epoch: 2, Loss: 1.9234, Train: 0.6357, Val: 0.3400, Test: 0.3670
Epoch: 3, Loss: 1.6462, Train: 0.7357, Val: 0.4400, Test: 0.4200
Epoch: 4, Loss: 1.5234, Train: 0.8071, Val: 0.4840, Test: 0.4890
Epoch: 5, Loss: 1.3803, Train: 0.8857, Val: 0.5660, Test: 0.5610
Epoch: 6, Loss: 1.1821, Train: 0.9357, Val: 0.6240, Test: 0.6180
Epoch: 7, Loss: 1.0580, Train: 0.9571, Val: 0.6540, Test: 0.6740
Epoch: 8, Loss: 0.9331, Train: 0.9714, Val: 0.6900, Test: 0.7040
Epoch: 9, Loss: 0.9072, Train: 0.9857, Val: 0.7140, Test: 0.7340
Epoch: 10, Loss: 0.8703, Train: 0.9857, Val: 0.7180, Test: 0.7520
Epoch: 11, Loss: 0.7257, Train: 0.9857, Val: 0.7320, Test: 0.7610
Epoch: 12, Loss: 0.6771, Train: 0.9857, Val: 0.7380, Test: 0.7640
Epoch: 13, Loss: 0.6391, Train: 0.9857, Val: 0.7460, Test: 0.7670
Epoch: 14, Loss: 0.5395, Train: 0.9857, Val: 0.7520, Test: 0.7710
Epoch: 15, Loss: 0.5315, Train: 0.9929, Val: 0.7560, Test: 0.7710
Epoch: 16, Loss: 0.4772, Train: 0.9929, Val: 0.7600, Test: 0.7690
Epoch: 17, Loss: 0.4159, Train: 0.9929, Val: 0.7640, Test: 0.7760
Epoch: 18, Loss: 0.4422, Train: 0.9929, Val: 0.7660, Test: 0.7770
Epoch: 19, Loss: 0.4368, Train: 1.0000, Val: 0.7640, Test: 0.7760
Epoch: 20, Loss: 0.3548, Train: 1.0000, Val: 0.7700, Test: 0.7770
Epoch: 21, Loss: 0.3217, Train: 1.0000, Val: 0.7780, Test: 0.7840
Epoch: 22, Loss: 0.3257, Train: 1.0000, Val: 0.7840, Test: 0.7850
Epoch: 23, Loss: 0.3300, Train: 1.0000, Val: 0.7760, Test: 0.7870
Epoch: 24, Loss: 0.2740, Train: 1.0000, Val: 0.7820, Test: 0.7890
Epoch: 25, Loss: 0.2695, Train: 1.0000, Val: 0.7820, Test: 0.7880
Epoch: 26, Loss: 0.2876, Train: 1.0000, Val: 0.7820, Test: 0.7890
Epoch: 27, Loss: 0.2342, Train: 1.0000, Val: 0.7840, Test: 0.7900
Epoch: 28, Loss: 0.2116, Train: 1.0000, Val: 0.7840, Test: 0.7890
Epoch: 29, Loss: 0.2055, Train: 1.0000, Val: 0.7840, Test: 0.7890
Epoch: 30, Loss: 0.1776, Train: 1.0000, Val: 0.7820, Test: 0.7890
Epoch: 31, Loss: 0.1740, Train: 1.0000, Val: 0.7820, Test: 0.7890
Epoch: 32, Loss: 0.1890, Train: 1.0000, Val: 0.7820, Test: 0.7880
Epoch: 33, Loss: 0.1544, Train: 1.0000, Val: 0.7780, Test: 0.7860
Epoch: 34, Loss: 0.1646, Train: 1.0000, Val: 0.7780, Test: 0.7860
Epoch: 35, Loss: 0.1466, Train: 1.0000, Val: 0.7760, Test: 0.7860
Epoch: 36, Loss: 0.1447, Train: 1.0000, Val: 0.7740, Test: 0.7870
Epoch: 37, Loss: 0.1458, Train: 1.0000, Val: 0.7740, Test: 0.7870
Epoch: 38, Loss: 0.1408, Train: 1.0000, Val: 0.7760, Test: 0.7880
Epoch: 39, Loss: 0.1067, Train: 1.0000, Val: 0.7740, Test: 0.7870
Epoch: 40, Loss: 0.1186, Train: 1.0000, Val: 0.7740, Test: 0.7880
Epoch: 41, Loss: 0.1117, Train: 1.0000, Val: 0.7760, Test: 0.7900
Epoch: 42, Loss: 0.1035, Train: 1.0000, Val: 0.7800, Test: 0.7870
Epoch: 43, Loss: 0.1054, Train: 1.0000, Val: 0.7820, Test: 0.7870
Epoch: 44, Loss: 0.0972, Train: 1.0000, Val: 0.7820, Test: 0.7900
Epoch: 45, Loss: 0.0965, Train: 1.0000, Val: 0.7820, Test: 0.7910
Epoch: 46, Loss: 0.0840, Train: 1.0000, Val: 0.7820, Test: 0.7960
Epoch: 47, Loss: 0.0967, Train: 1.0000, Val: 0.7840, Test: 0.7970
Epoch: 48, Loss: 0.0905, Train: 1.0000, Val: 0.7900, Test: 0.7970
Epoch: 49, Loss: 0.1000, Train: 1.0000, Val: 0.7920, Test: 0.8000
Epoch: 50, Loss: 0.0834, Train: 1.0000, Val: 0.7940, Test: 0.8000
MAD:  0.9201
Best Test Accuracy: 0.8000, Val Accuracy: 0.7920, Train Accuracy: 1.0000
Training completed.
Seed:  9
PDN(
  (batch_norm): LayerNorm((128,), eps=1e-05, elementwise_affine=True)
  (convs): ModuleList(
    (0): PDNConv(1433, 128)
    (1-2): 2 x PDNConv(128, 128)
    (3): PDNConv(128, 7)
  )
  (residual_fc): Linear(in_features=1433, out_features=128, bias=True)
)
Epoch: 1, Loss: 2.2041, Train: 0.4286, Val: 0.2520, Test: 0.2400
Epoch: 2, Loss: 1.9712, Train: 0.6500, Val: 0.3760, Test: 0.3570
Epoch: 3, Loss: 1.7252, Train: 0.7357, Val: 0.4080, Test: 0.4180
Epoch: 4, Loss: 1.5979, Train: 0.8357, Val: 0.4440, Test: 0.4640
Epoch: 5, Loss: 1.3760, Train: 0.9000, Val: 0.4860, Test: 0.5200
Epoch: 6, Loss: 1.2175, Train: 0.9357, Val: 0.5400, Test: 0.5630
Epoch: 7, Loss: 1.1689, Train: 0.9286, Val: 0.5940, Test: 0.6110
Epoch: 8, Loss: 1.0061, Train: 0.9571, Val: 0.6440, Test: 0.6420
Epoch: 9, Loss: 0.8454, Train: 0.9643, Val: 0.6600, Test: 0.6690
Epoch: 10, Loss: 0.7977, Train: 0.9714, Val: 0.6880, Test: 0.6910
Epoch: 11, Loss: 0.7354, Train: 0.9714, Val: 0.7080, Test: 0.6970
Epoch: 12, Loss: 0.6923, Train: 0.9857, Val: 0.7240, Test: 0.7090
Epoch: 13, Loss: 0.6318, Train: 0.9857, Val: 0.7340, Test: 0.7190
Epoch: 14, Loss: 0.6496, Train: 0.9786, Val: 0.7440, Test: 0.7310
Epoch: 15, Loss: 0.5664, Train: 0.9786, Val: 0.7460, Test: 0.7420
Epoch: 16, Loss: 0.5528, Train: 0.9786, Val: 0.7500, Test: 0.7540
Epoch: 17, Loss: 0.5119, Train: 0.9857, Val: 0.7600, Test: 0.7650
Epoch: 18, Loss: 0.4661, Train: 0.9857, Val: 0.7660, Test: 0.7660
Epoch: 19, Loss: 0.4078, Train: 0.9929, Val: 0.7680, Test: 0.7720
Epoch: 20, Loss: 0.4134, Train: 0.9929, Val: 0.7700, Test: 0.7760
Epoch: 21, Loss: 0.3989, Train: 0.9929, Val: 0.7720, Test: 0.7780
Epoch: 22, Loss: 0.3516, Train: 1.0000, Val: 0.7780, Test: 0.7820
Epoch: 23, Loss: 0.3399, Train: 1.0000, Val: 0.7740, Test: 0.7800
Epoch: 24, Loss: 0.2863, Train: 1.0000, Val: 0.7740, Test: 0.7770
Epoch: 25, Loss: 0.2550, Train: 1.0000, Val: 0.7700, Test: 0.7750
Epoch: 26, Loss: 0.2306, Train: 1.0000, Val: 0.7680, Test: 0.7740
Epoch: 27, Loss: 0.2312, Train: 1.0000, Val: 0.7660, Test: 0.7740
Epoch: 28, Loss: 0.2355, Train: 1.0000, Val: 0.7620, Test: 0.7720
Epoch: 29, Loss: 0.2019, Train: 1.0000, Val: 0.7600, Test: 0.7700
Epoch: 30, Loss: 0.1959, Train: 1.0000, Val: 0.7640, Test: 0.7700
Epoch: 31, Loss: 0.1903, Train: 1.0000, Val: 0.7700, Test: 0.7710
Epoch: 32, Loss: 0.1691, Train: 1.0000, Val: 0.7720, Test: 0.7700
Epoch: 33, Loss: 0.1950, Train: 1.0000, Val: 0.7780, Test: 0.7710
Epoch: 34, Loss: 0.1369, Train: 1.0000, Val: 0.7800, Test: 0.7710
Epoch: 35, Loss: 0.1603, Train: 1.0000, Val: 0.7820, Test: 0.7730
Epoch: 36, Loss: 0.1314, Train: 1.0000, Val: 0.7820, Test: 0.7740
Epoch: 37, Loss: 0.1239, Train: 1.0000, Val: 0.7820, Test: 0.7750
Epoch: 38, Loss: 0.1298, Train: 1.0000, Val: 0.7840, Test: 0.7780
Epoch: 39, Loss: 0.1348, Train: 1.0000, Val: 0.7840, Test: 0.7790
Epoch: 40, Loss: 0.1409, Train: 1.0000, Val: 0.7840, Test: 0.7800
Epoch: 41, Loss: 0.0956, Train: 1.0000, Val: 0.7840, Test: 0.7810
Epoch: 42, Loss: 0.1057, Train: 1.0000, Val: 0.7800, Test: 0.7800
Epoch: 43, Loss: 0.1126, Train: 1.0000, Val: 0.7800, Test: 0.7800
Epoch: 44, Loss: 0.1024, Train: 1.0000, Val: 0.7820, Test: 0.7800
Epoch: 45, Loss: 0.1115, Train: 1.0000, Val: 0.7800, Test: 0.7800
Epoch: 46, Loss: 0.1030, Train: 1.0000, Val: 0.7780, Test: 0.7820
Epoch: 47, Loss: 0.0946, Train: 1.0000, Val: 0.7800, Test: 0.7830
Epoch: 48, Loss: 0.0850, Train: 1.0000, Val: 0.7800, Test: 0.7830
Epoch: 49, Loss: 0.0740, Train: 1.0000, Val: 0.7800, Test: 0.7820
Epoch: 50, Loss: 0.0882, Train: 1.0000, Val: 0.7780, Test: 0.7810
MAD:  0.9586
Best Test Accuracy: 0.7830, Val Accuracy: 0.7800, Train Accuracy: 1.0000
Training completed.
Average Test Accuracy:  0.7891000000000001 ± 0.009332202312423373
Average MAD:  0.9320600000000001 ± 0.03157401463228899
