Seed:  0
GCN(
  (convs): ModuleList(
    (0): GCNConv(1433, 128)
    (1-10): 10 x GCNConv(128, 128)
    (11): GCNConv(128, 7)
  )
)
Epoch: 1, Loss: 1.9467, Train: 0.1429, Val: 0.0720, Test: 0.0910
Epoch: 2, Loss: 1.9467, Train: 0.1429, Val: 0.0720, Test: 0.0910
Epoch: 3, Loss: 1.9471, Train: 0.1429, Val: 0.0720, Test: 0.0910
Epoch: 4, Loss: 1.9459, Train: 0.1429, Val: 0.0720, Test: 0.0910
Epoch: 5, Loss: 1.9448, Train: 0.1429, Val: 0.0720, Test: 0.0910
Epoch: 6, Loss: 1.9460, Train: 0.1429, Val: 0.0720, Test: 0.0910
Epoch: 7, Loss: 1.9446, Train: 0.1429, Val: 0.0720, Test: 0.0910
Epoch: 8, Loss: 1.9456, Train: 0.1429, Val: 0.0720, Test: 0.0910
Epoch: 9, Loss: 1.9465, Train: 0.1429, Val: 0.0720, Test: 0.0910
Epoch: 10, Loss: 1.9470, Train: 0.1429, Val: 0.0720, Test: 0.0910
Epoch: 11, Loss: 1.9436, Train: 0.1429, Val: 0.0720, Test: 0.0910
Epoch: 12, Loss: 1.9465, Train: 0.1429, Val: 0.0720, Test: 0.0910
Epoch: 13, Loss: 1.9463, Train: 0.1429, Val: 0.0720, Test: 0.0910
Epoch: 14, Loss: 1.9438, Train: 0.1429, Val: 0.0720, Test: 0.0910
Epoch: 15, Loss: 1.9441, Train: 0.1429, Val: 0.0720, Test: 0.0910
Epoch: 16, Loss: 1.9460, Train: 0.1429, Val: 0.0720, Test: 0.0910
Epoch: 17, Loss: 1.9467, Train: 0.1429, Val: 0.0720, Test: 0.0910
Epoch: 18, Loss: 1.9447, Train: 0.1429, Val: 0.0720, Test: 0.0910
Epoch: 19, Loss: 1.9453, Train: 0.1429, Val: 0.0720, Test: 0.0910
Epoch: 20, Loss: 1.9424, Train: 0.1429, Val: 0.0720, Test: 0.0910
Epoch: 21, Loss: 1.9439, Train: 0.1429, Val: 0.0720, Test: 0.0910
Epoch: 22, Loss: 1.9427, Train: 0.1786, Val: 0.0720, Test: 0.0940
Epoch: 23, Loss: 1.9401, Train: 0.1786, Val: 0.0740, Test: 0.0950
Epoch: 24, Loss: 1.9408, Train: 0.2000, Val: 0.0780, Test: 0.1040
Epoch: 25, Loss: 1.9374, Train: 0.2000, Val: 0.0860, Test: 0.1060
Epoch: 26, Loss: 1.9331, Train: 0.2000, Val: 0.0820, Test: 0.1060
Epoch: 27, Loss: 1.9395, Train: 0.2143, Val: 0.0900, Test: 0.1130
Epoch: 28, Loss: 1.9285, Train: 0.2357, Val: 0.1100, Test: 0.1310
Epoch: 29, Loss: 1.9171, Train: 0.2429, Val: 0.1200, Test: 0.1430
Epoch: 30, Loss: 1.9073, Train: 0.2357, Val: 0.1100, Test: 0.1320
Epoch: 31, Loss: 1.8909, Train: 0.2357, Val: 0.1020, Test: 0.1250
Epoch: 32, Loss: 1.8945, Train: 0.2357, Val: 0.1120, Test: 0.1380
Epoch: 33, Loss: 1.8838, Train: 0.2429, Val: 0.1180, Test: 0.1420
Epoch: 34, Loss: 1.8451, Train: 0.2429, Val: 0.1160, Test: 0.1430
Epoch: 35, Loss: 1.7905, Train: 0.2429, Val: 0.1160, Test: 0.1410
Epoch: 36, Loss: 1.8416, Train: 0.2500, Val: 0.1160, Test: 0.1400
Epoch: 37, Loss: 1.8073, Train: 0.2571, Val: 0.1200, Test: 0.1400
Epoch: 38, Loss: 1.8321, Train: 0.2714, Val: 0.1220, Test: 0.1450
Epoch: 39, Loss: 1.8135, Train: 0.2857, Val: 0.1240, Test: 0.1420
Epoch: 40, Loss: 1.7858, Train: 0.2857, Val: 0.1240, Test: 0.1410
Epoch: 41, Loss: 1.8158, Train: 0.2786, Val: 0.1240, Test: 0.1430
Epoch: 42, Loss: 1.8166, Train: 0.2714, Val: 0.1220, Test: 0.1450
Epoch: 43, Loss: 1.8138, Train: 0.2643, Val: 0.1220, Test: 0.1460
Epoch: 44, Loss: 1.8102, Train: 0.2643, Val: 0.1200, Test: 0.1450
Epoch: 45, Loss: 1.8145, Train: 0.2643, Val: 0.1200, Test: 0.1450
Epoch: 46, Loss: 1.8385, Train: 0.2643, Val: 0.1220, Test: 0.1450
Epoch: 47, Loss: 1.8362, Train: 0.2643, Val: 0.1220, Test: 0.1450
Epoch: 48, Loss: 1.8255, Train: 0.2714, Val: 0.1240, Test: 0.1430
Epoch: 49, Loss: 1.7707, Train: 0.2929, Val: 0.1220, Test: 0.1420
Epoch: 50, Loss: 1.7979, Train: 0.2857, Val: 0.1220, Test: 0.1420
Epoch: 51, Loss: 1.7654, Train: 0.2714, Val: 0.1240, Test: 0.1450
Epoch: 52, Loss: 1.8087, Train: 0.2857, Val: 0.1260, Test: 0.1480
Epoch: 53, Loss: 1.8107, Train: 0.2929, Val: 0.1280, Test: 0.1480
Epoch: 54, Loss: 1.7918, Train: 0.3000, Val: 0.1320, Test: 0.1530
Epoch: 55, Loss: 1.7786, Train: 0.3071, Val: 0.1320, Test: 0.1550
Epoch: 56, Loss: 1.8372, Train: 0.3000, Val: 0.1300, Test: 0.1560
Epoch: 57, Loss: 1.8217, Train: 0.2857, Val: 0.1200, Test: 0.1630
Epoch: 58, Loss: 1.8286, Train: 0.2929, Val: 0.1320, Test: 0.1580
Epoch: 59, Loss: 1.7953, Train: 0.2929, Val: 0.1320, Test: 0.1550
Epoch: 60, Loss: 1.8076, Train: 0.3071, Val: 0.1240, Test: 0.1600
Epoch: 61, Loss: 1.8356, Train: 0.3143, Val: 0.1240, Test: 0.1620
Epoch: 62, Loss: 1.8321, Train: 0.3357, Val: 0.1360, Test: 0.1600
Epoch: 63, Loss: 1.8485, Train: 0.3071, Val: 0.1260, Test: 0.1590
Epoch: 64, Loss: 1.7638, Train: 0.2929, Val: 0.1240, Test: 0.1650
Epoch: 65, Loss: 1.7986, Train: 0.2857, Val: 0.1240, Test: 0.1630
Epoch: 66, Loss: 1.8344, Train: 0.2929, Val: 0.1260, Test: 0.1610
Epoch: 67, Loss: 1.8143, Train: 0.2929, Val: 0.1260, Test: 0.1610
Epoch: 68, Loss: 1.8057, Train: 0.2857, Val: 0.1240, Test: 0.1630
Epoch: 69, Loss: 1.8073, Train: 0.2857, Val: 0.1240, Test: 0.1680
Epoch: 70, Loss: 1.7427, Train: 0.2857, Val: 0.1260, Test: 0.1700
Epoch: 71, Loss: 1.8146, Train: 0.2857, Val: 0.1300, Test: 0.1700
Epoch: 72, Loss: 1.8161, Train: 0.3000, Val: 0.1300, Test: 0.1720
Epoch: 73, Loss: 1.8391, Train: 0.3000, Val: 0.1380, Test: 0.1810
Epoch: 74, Loss: 1.8063, Train: 0.3071, Val: 0.1380, Test: 0.1880
Epoch: 75, Loss: 1.7431, Train: 0.2643, Val: 0.1820, Test: 0.2000
Epoch: 76, Loss: 1.8330, Train: 0.2857, Val: 0.1820, Test: 0.2010
Epoch: 77, Loss: 1.8475, Train: 0.2857, Val: 0.1820, Test: 0.2010
Epoch: 78, Loss: 1.7987, Train: 0.2857, Val: 0.1820, Test: 0.2010
Epoch: 79, Loss: 1.8289, Train: 0.2857, Val: 0.1820, Test: 0.2020
Epoch: 80, Loss: 1.8543, Train: 0.2857, Val: 0.1820, Test: 0.2020
Epoch: 81, Loss: 1.8544, Train: 0.2857, Val: 0.1820, Test: 0.2010
Epoch: 82, Loss: 1.7962, Train: 0.2857, Val: 0.1820, Test: 0.2020
Epoch: 83, Loss: 1.8160, Train: 0.2857, Val: 0.1820, Test: 0.2020
Epoch: 84, Loss: 1.8579, Train: 0.2857, Val: 0.1820, Test: 0.2020
Epoch: 85, Loss: 1.8246, Train: 0.2857, Val: 0.1820, Test: 0.2020
Epoch: 86, Loss: 1.8187, Train: 0.2857, Val: 0.1820, Test: 0.2020
Epoch: 87, Loss: 1.8932, Train: 0.2857, Val: 0.1820, Test: 0.2010
Epoch: 88, Loss: 1.7982, Train: 0.2857, Val: 0.1820, Test: 0.2020
Epoch: 89, Loss: 1.7663, Train: 0.2857, Val: 0.1820, Test: 0.2010
Epoch: 90, Loss: 1.8435, Train: 0.2857, Val: 0.1820, Test: 0.2010
Epoch: 91, Loss: 1.7602, Train: 0.2857, Val: 0.1820, Test: 0.2010
Epoch: 92, Loss: 1.8650, Train: 0.2857, Val: 0.1820, Test: 0.2020
Epoch: 93, Loss: 1.8453, Train: 0.2857, Val: 0.1820, Test: 0.2020
Epoch: 94, Loss: 1.8463, Train: 0.2857, Val: 0.1820, Test: 0.2030
Epoch: 95, Loss: 1.7627, Train: 0.2857, Val: 0.1820, Test: 0.2020
Epoch: 96, Loss: 1.7869, Train: 0.2857, Val: 0.1820, Test: 0.2020
Epoch: 97, Loss: 1.7883, Train: 0.2857, Val: 0.1820, Test: 0.2020
Epoch: 98, Loss: 1.8454, Train: 0.2857, Val: 0.1820, Test: 0.2020
Epoch: 99, Loss: 1.7755, Train: 0.2857, Val: 0.1820, Test: 0.2020
Epoch: 100, Loss: 1.8040, Train: 0.2857, Val: 0.1840, Test: 0.2030
MAD:  0.239
Best Test Accuracy: 0.2030, Val Accuracy: 0.1820, Train Accuracy: 0.2857
Training completed.
Seed:  1
GCN(
  (convs): ModuleList(
    (0): GCNConv(1433, 128)
    (1-10): 10 x GCNConv(128, 128)
    (11): GCNConv(128, 7)
  )
)
Epoch: 1, Loss: 1.9457, Train: 0.1429, Val: 0.1560, Test: 0.1440
Epoch: 2, Loss: 1.9476, Train: 0.1429, Val: 0.1540, Test: 0.1450
Epoch: 3, Loss: 1.9463, Train: 0.1429, Val: 0.1600, Test: 0.1470
Epoch: 4, Loss: 1.9461, Train: 0.1786, Val: 0.1820, Test: 0.1540
Epoch: 5, Loss: 1.9456, Train: 0.1429, Val: 0.1220, Test: 0.1300
Epoch: 6, Loss: 1.9439, Train: 0.1429, Val: 0.1220, Test: 0.1300
Epoch: 7, Loss: 1.9460, Train: 0.1429, Val: 0.1220, Test: 0.1300
Epoch: 8, Loss: 1.9464, Train: 0.1429, Val: 0.1220, Test: 0.1300
Epoch: 9, Loss: 1.9469, Train: 0.1429, Val: 0.1220, Test: 0.1300
Epoch: 10, Loss: 1.9447, Train: 0.1500, Val: 0.1280, Test: 0.1330
Epoch: 11, Loss: 1.9468, Train: 0.1429, Val: 0.1220, Test: 0.1300
Epoch: 12, Loss: 1.9461, Train: 0.1429, Val: 0.1220, Test: 0.1300
Epoch: 13, Loss: 1.9442, Train: 0.1429, Val: 0.1220, Test: 0.1300
Epoch: 14, Loss: 1.9446, Train: 0.1429, Val: 0.1220, Test: 0.1300
Epoch: 15, Loss: 1.9449, Train: 0.1429, Val: 0.1220, Test: 0.1300
Epoch: 16, Loss: 1.9449, Train: 0.1429, Val: 0.1220, Test: 0.1300
Epoch: 17, Loss: 1.9446, Train: 0.1429, Val: 0.1220, Test: 0.1300
Epoch: 18, Loss: 1.9467, Train: 0.1429, Val: 0.1220, Test: 0.1300
Epoch: 19, Loss: 1.9416, Train: 0.1429, Val: 0.1220, Test: 0.1300
Epoch: 20, Loss: 1.9453, Train: 0.1429, Val: 0.1220, Test: 0.1300
Epoch: 21, Loss: 1.9458, Train: 0.1429, Val: 0.1220, Test: 0.1300
Epoch: 22, Loss: 1.9436, Train: 0.1429, Val: 0.1220, Test: 0.1300
Epoch: 23, Loss: 1.9444, Train: 0.1429, Val: 0.1220, Test: 0.1300
Epoch: 24, Loss: 1.9477, Train: 0.1429, Val: 0.1220, Test: 0.1300
Epoch: 25, Loss: 1.9474, Train: 0.1429, Val: 0.1220, Test: 0.1300
Epoch: 26, Loss: 1.9488, Train: 0.1429, Val: 0.1240, Test: 0.1290
Epoch: 27, Loss: 1.9436, Train: 0.1571, Val: 0.1240, Test: 0.1320
Epoch: 28, Loss: 1.9433, Train: 0.1429, Val: 0.1480, Test: 0.1430
Epoch: 29, Loss: 1.9437, Train: 0.1286, Val: 0.1360, Test: 0.1380
Epoch: 30, Loss: 1.9452, Train: 0.1500, Val: 0.1540, Test: 0.1440
Epoch: 31, Loss: 1.9457, Train: 0.1500, Val: 0.1620, Test: 0.1480
Epoch: 32, Loss: 1.9452, Train: 0.1429, Val: 0.1620, Test: 0.1490
Epoch: 33, Loss: 1.9430, Train: 0.1429, Val: 0.1620, Test: 0.1490
Epoch: 34, Loss: 1.9454, Train: 0.1429, Val: 0.1620, Test: 0.1490
Epoch: 35, Loss: 1.9468, Train: 0.1429, Val: 0.1620, Test: 0.1490
Epoch: 36, Loss: 1.9482, Train: 0.1429, Val: 0.1620, Test: 0.1490
Epoch: 37, Loss: 1.9458, Train: 0.1429, Val: 0.1620, Test: 0.1490
Epoch: 38, Loss: 1.9457, Train: 0.1429, Val: 0.1620, Test: 0.1490
Epoch: 39, Loss: 1.9423, Train: 0.1500, Val: 0.1620, Test: 0.1480
Epoch: 40, Loss: 1.9475, Train: 0.1571, Val: 0.1680, Test: 0.1480
Epoch: 41, Loss: 1.9435, Train: 0.1429, Val: 0.1200, Test: 0.1430
Epoch: 42, Loss: 1.9451, Train: 0.1429, Val: 0.1220, Test: 0.1290
Epoch: 43, Loss: 1.9432, Train: 0.1429, Val: 0.1220, Test: 0.1300
Epoch: 44, Loss: 1.9429, Train: 0.1429, Val: 0.1220, Test: 0.1300
Epoch: 45, Loss: 1.9441, Train: 0.1429, Val: 0.1220, Test: 0.1300
Epoch: 46, Loss: 1.9459, Train: 0.1429, Val: 0.1220, Test: 0.1300
Epoch: 47, Loss: 1.9460, Train: 0.1429, Val: 0.1220, Test: 0.1300
Epoch: 48, Loss: 1.9459, Train: 0.1429, Val: 0.1220, Test: 0.1300
Epoch: 49, Loss: 1.9478, Train: 0.1429, Val: 0.1220, Test: 0.1300
Epoch: 50, Loss: 1.9408, Train: 0.1429, Val: 0.1220, Test: 0.1300
Epoch: 51, Loss: 1.9479, Train: 0.1429, Val: 0.1220, Test: 0.1300
Epoch: 52, Loss: 1.9467, Train: 0.1429, Val: 0.1220, Test: 0.1300
Epoch: 53, Loss: 1.9442, Train: 0.1429, Val: 0.1220, Test: 0.1300
Epoch: 54, Loss: 1.9459, Train: 0.1429, Val: 0.1220, Test: 0.1300
Epoch: 55, Loss: 1.9447, Train: 0.1429, Val: 0.1220, Test: 0.1300
Epoch: 56, Loss: 1.9404, Train: 0.1429, Val: 0.1220, Test: 0.1300
Epoch: 57, Loss: 1.9459, Train: 0.1429, Val: 0.1220, Test: 0.1300
Epoch: 58, Loss: 1.9428, Train: 0.1429, Val: 0.1220, Test: 0.1300
Epoch: 59, Loss: 1.9455, Train: 0.1429, Val: 0.1220, Test: 0.1300
Epoch: 60, Loss: 1.9458, Train: 0.1429, Val: 0.1220, Test: 0.1300
Epoch: 61, Loss: 1.9494, Train: 0.1429, Val: 0.1220, Test: 0.1300
Epoch: 62, Loss: 1.9435, Train: 0.1429, Val: 0.1220, Test: 0.1300
Epoch: 63, Loss: 1.9438, Train: 0.1429, Val: 0.1220, Test: 0.1300
Epoch: 64, Loss: 1.9455, Train: 0.1429, Val: 0.1220, Test: 0.1300
Epoch: 65, Loss: 1.9447, Train: 0.1429, Val: 0.1220, Test: 0.1300
Epoch: 66, Loss: 1.9452, Train: 0.1429, Val: 0.1220, Test: 0.1300
Epoch: 67, Loss: 1.9460, Train: 0.1429, Val: 0.1220, Test: 0.1300
Epoch: 68, Loss: 1.9435, Train: 0.1429, Val: 0.1220, Test: 0.1300
Epoch: 69, Loss: 1.9434, Train: 0.1429, Val: 0.1220, Test: 0.1300
Epoch: 70, Loss: 1.9449, Train: 0.1429, Val: 0.1220, Test: 0.1300
Epoch: 71, Loss: 1.9494, Train: 0.1429, Val: 0.1220, Test: 0.1300
Epoch: 72, Loss: 1.9445, Train: 0.1429, Val: 0.1220, Test: 0.1300
Epoch: 73, Loss: 1.9399, Train: 0.1429, Val: 0.1220, Test: 0.1300
Epoch: 74, Loss: 1.9453, Train: 0.1429, Val: 0.1220, Test: 0.1300
Epoch: 75, Loss: 1.9457, Train: 0.1429, Val: 0.1220, Test: 0.1300
Epoch: 76, Loss: 1.9460, Train: 0.1429, Val: 0.1220, Test: 0.1300
Epoch: 77, Loss: 1.9440, Train: 0.1429, Val: 0.1220, Test: 0.1300
Epoch: 78, Loss: 1.9426, Train: 0.1429, Val: 0.1220, Test: 0.1300
Epoch: 79, Loss: 1.9475, Train: 0.1571, Val: 0.1240, Test: 0.1320
Epoch: 80, Loss: 1.9458, Train: 0.1571, Val: 0.1240, Test: 0.1320
Epoch: 81, Loss: 1.9456, Train: 0.1714, Val: 0.1260, Test: 0.1340
Epoch: 82, Loss: 1.9454, Train: 0.1714, Val: 0.1280, Test: 0.1370
Epoch: 83, Loss: 1.9462, Train: 0.1714, Val: 0.1320, Test: 0.1380
Epoch: 84, Loss: 1.9442, Train: 0.1786, Val: 0.1240, Test: 0.1430
Epoch: 85, Loss: 1.9484, Train: 0.1643, Val: 0.1340, Test: 0.1450
Epoch: 86, Loss: 1.9447, Train: 0.1786, Val: 0.1360, Test: 0.1400
Epoch: 87, Loss: 1.9447, Train: 0.1643, Val: 0.1540, Test: 0.1470
Epoch: 88, Loss: 1.9441, Train: 0.1643, Val: 0.1620, Test: 0.1500
Epoch: 89, Loss: 1.9440, Train: 0.1714, Val: 0.1620, Test: 0.1460
Epoch: 90, Loss: 1.9454, Train: 0.1571, Val: 0.1580, Test: 0.1400
Epoch: 91, Loss: 1.9439, Train: 0.1429, Val: 0.1640, Test: 0.1390
Epoch: 92, Loss: 1.9449, Train: 0.1429, Val: 0.1640, Test: 0.1340
Epoch: 93, Loss: 1.9480, Train: 0.1286, Val: 0.1740, Test: 0.1370
Epoch: 94, Loss: 1.9448, Train: 0.1429, Val: 0.1980, Test: 0.1560
Epoch: 95, Loss: 1.9468, Train: 0.1786, Val: 0.2040, Test: 0.1590
Epoch: 96, Loss: 1.9434, Train: 0.1857, Val: 0.2080, Test: 0.1660
Epoch: 97, Loss: 1.9422, Train: 0.1714, Val: 0.2020, Test: 0.1670
Epoch: 98, Loss: 1.9429, Train: 0.1714, Val: 0.1900, Test: 0.1660
Epoch: 99, Loss: 1.9420, Train: 0.1643, Val: 0.1780, Test: 0.1640
Epoch: 100, Loss: 1.9455, Train: 0.1643, Val: 0.1760, Test: 0.1650
MAD:  0.0774
Best Test Accuracy: 0.1670, Val Accuracy: 0.2020, Train Accuracy: 0.1714
Training completed.
Seed:  2
GCN(
  (convs): ModuleList(
    (0): GCNConv(1433, 128)
    (1-10): 10 x GCNConv(128, 128)
    (11): GCNConv(128, 7)
  )
)
Epoch: 1, Loss: 1.9470, Train: 0.1429, Val: 0.1220, Test: 0.1310
Epoch: 2, Loss: 1.9463, Train: 0.1357, Val: 0.1300, Test: 0.1360
Epoch: 3, Loss: 1.9458, Train: 0.1357, Val: 0.1320, Test: 0.1350
Epoch: 4, Loss: 1.9458, Train: 0.1429, Val: 0.3160, Test: 0.3190
Epoch: 5, Loss: 1.9457, Train: 0.1429, Val: 0.3160, Test: 0.3190
Epoch: 6, Loss: 1.9452, Train: 0.1429, Val: 0.3160, Test: 0.3190
Epoch: 7, Loss: 1.9467, Train: 0.1429, Val: 0.3160, Test: 0.3190
Epoch: 8, Loss: 1.9458, Train: 0.1429, Val: 0.3160, Test: 0.3190
Epoch: 9, Loss: 1.9455, Train: 0.1500, Val: 0.3160, Test: 0.3160
Epoch: 10, Loss: 1.9453, Train: 0.1429, Val: 0.1220, Test: 0.1300
Epoch: 11, Loss: 1.9464, Train: 0.1429, Val: 0.1220, Test: 0.1300
Epoch: 12, Loss: 1.9453, Train: 0.1429, Val: 0.1220, Test: 0.1300
Epoch: 13, Loss: 1.9465, Train: 0.1429, Val: 0.1220, Test: 0.1300
Epoch: 14, Loss: 1.9457, Train: 0.1429, Val: 0.1220, Test: 0.1300
Epoch: 15, Loss: 1.9448, Train: 0.1429, Val: 0.1220, Test: 0.1300
Epoch: 16, Loss: 1.9443, Train: 0.1429, Val: 0.1220, Test: 0.1300
Epoch: 17, Loss: 1.9450, Train: 0.1429, Val: 0.1220, Test: 0.1300
Epoch: 18, Loss: 1.9451, Train: 0.1429, Val: 0.1220, Test: 0.1300
Epoch: 19, Loss: 1.9475, Train: 0.1429, Val: 0.1220, Test: 0.1300
Epoch: 20, Loss: 1.9465, Train: 0.1429, Val: 0.1220, Test: 0.1300
Epoch: 21, Loss: 1.9451, Train: 0.1429, Val: 0.1220, Test: 0.1300
Epoch: 22, Loss: 1.9468, Train: 0.1429, Val: 0.1220, Test: 0.1300
Epoch: 23, Loss: 1.9445, Train: 0.1429, Val: 0.1220, Test: 0.1300
Epoch: 24, Loss: 1.9471, Train: 0.1429, Val: 0.1220, Test: 0.1300
Epoch: 25, Loss: 1.9469, Train: 0.1429, Val: 0.1220, Test: 0.1300
Epoch: 26, Loss: 1.9465, Train: 0.1429, Val: 0.1220, Test: 0.1300
Epoch: 27, Loss: 1.9474, Train: 0.1429, Val: 0.1220, Test: 0.1300
Epoch: 28, Loss: 1.9465, Train: 0.1429, Val: 0.1220, Test: 0.1300
Epoch: 29, Loss: 1.9458, Train: 0.1429, Val: 0.1220, Test: 0.1300
Epoch: 30, Loss: 1.9445, Train: 0.1429, Val: 0.1220, Test: 0.1300
Epoch: 31, Loss: 1.9474, Train: 0.1429, Val: 0.1220, Test: 0.1300
Epoch: 32, Loss: 1.9457, Train: 0.1429, Val: 0.1220, Test: 0.1300
Epoch: 33, Loss: 1.9459, Train: 0.1429, Val: 0.1220, Test: 0.1300
Epoch: 34, Loss: 1.9448, Train: 0.1429, Val: 0.1220, Test: 0.1300
Epoch: 35, Loss: 1.9461, Train: 0.1429, Val: 0.1220, Test: 0.1300
Epoch: 36, Loss: 1.9450, Train: 0.1429, Val: 0.1220, Test: 0.1300
Epoch: 37, Loss: 1.9453, Train: 0.1429, Val: 0.1220, Test: 0.1300
Epoch: 38, Loss: 1.9449, Train: 0.1429, Val: 0.1220, Test: 0.1300
Epoch: 39, Loss: 1.9451, Train: 0.1429, Val: 0.1220, Test: 0.1300
Epoch: 40, Loss: 1.9457, Train: 0.1429, Val: 0.1220, Test: 0.1300
Epoch: 41, Loss: 1.9452, Train: 0.1429, Val: 0.1220, Test: 0.1300
Epoch: 42, Loss: 1.9451, Train: 0.1429, Val: 0.1220, Test: 0.1300
Epoch: 43, Loss: 1.9444, Train: 0.1429, Val: 0.1220, Test: 0.1300
Epoch: 44, Loss: 1.9454, Train: 0.1429, Val: 0.1220, Test: 0.1300
Epoch: 45, Loss: 1.9452, Train: 0.1429, Val: 0.1220, Test: 0.1300
Epoch: 46, Loss: 1.9472, Train: 0.1429, Val: 0.1220, Test: 0.1300
Epoch: 47, Loss: 1.9442, Train: 0.1429, Val: 0.1220, Test: 0.1300
Epoch: 48, Loss: 1.9444, Train: 0.1429, Val: 0.1220, Test: 0.1300
Epoch: 49, Loss: 1.9457, Train: 0.1429, Val: 0.1220, Test: 0.1300
Epoch: 50, Loss: 1.9437, Train: 0.1429, Val: 0.1220, Test: 0.1300
Epoch: 51, Loss: 1.9477, Train: 0.1429, Val: 0.1220, Test: 0.1300
Epoch: 52, Loss: 1.9442, Train: 0.1429, Val: 0.1220, Test: 0.1300
Epoch: 53, Loss: 1.9466, Train: 0.1429, Val: 0.1220, Test: 0.1300
Epoch: 54, Loss: 1.9408, Train: 0.1429, Val: 0.1220, Test: 0.1300
Epoch: 55, Loss: 1.9475, Train: 0.1429, Val: 0.1220, Test: 0.1300
Epoch: 56, Loss: 1.9461, Train: 0.1429, Val: 0.1220, Test: 0.1300
Epoch: 57, Loss: 1.9436, Train: 0.1429, Val: 0.1220, Test: 0.1300
Epoch: 58, Loss: 1.9456, Train: 0.1429, Val: 0.1220, Test: 0.1300
Epoch: 59, Loss: 1.9425, Train: 0.1429, Val: 0.1220, Test: 0.1300
Epoch: 60, Loss: 1.9470, Train: 0.1429, Val: 0.1220, Test: 0.1300
Epoch: 61, Loss: 1.9440, Train: 0.1429, Val: 0.1220, Test: 0.1300
Epoch: 62, Loss: 1.9472, Train: 0.1429, Val: 0.1220, Test: 0.1300
Epoch: 63, Loss: 1.9456, Train: 0.1429, Val: 0.1220, Test: 0.1300
Epoch: 64, Loss: 1.9436, Train: 0.1429, Val: 0.1220, Test: 0.1300
Epoch: 65, Loss: 1.9449, Train: 0.1429, Val: 0.1220, Test: 0.1300
Epoch: 66, Loss: 1.9418, Train: 0.1429, Val: 0.1220, Test: 0.1300
Epoch: 67, Loss: 1.9474, Train: 0.1429, Val: 0.1220, Test: 0.1300
Epoch: 68, Loss: 1.9500, Train: 0.1429, Val: 0.1220, Test: 0.1300
Epoch: 69, Loss: 1.9448, Train: 0.1429, Val: 0.1220, Test: 0.1300
Epoch: 70, Loss: 1.9427, Train: 0.1429, Val: 0.1220, Test: 0.1300
Epoch: 71, Loss: 1.9443, Train: 0.1429, Val: 0.1220, Test: 0.1300
Epoch: 72, Loss: 1.9481, Train: 0.1429, Val: 0.1220, Test: 0.1300
Epoch: 73, Loss: 1.9440, Train: 0.1429, Val: 0.1220, Test: 0.1300
Epoch: 74, Loss: 1.9445, Train: 0.1429, Val: 0.1220, Test: 0.1300
Epoch: 75, Loss: 1.9476, Train: 0.1429, Val: 0.1220, Test: 0.1300
Epoch: 76, Loss: 1.9472, Train: 0.1429, Val: 0.1220, Test: 0.1300
Epoch: 77, Loss: 1.9450, Train: 0.1429, Val: 0.1220, Test: 0.1300
Epoch: 78, Loss: 1.9434, Train: 0.1429, Val: 0.1220, Test: 0.1300
Epoch: 79, Loss: 1.9451, Train: 0.1429, Val: 0.1220, Test: 0.1300
Epoch: 80, Loss: 1.9464, Train: 0.1429, Val: 0.1220, Test: 0.1300
Epoch: 81, Loss: 1.9474, Train: 0.1429, Val: 0.1220, Test: 0.1300
Epoch: 82, Loss: 1.9457, Train: 0.1429, Val: 0.1220, Test: 0.1300
Epoch: 83, Loss: 1.9456, Train: 0.1429, Val: 0.1220, Test: 0.1300
Epoch: 84, Loss: 1.9454, Train: 0.1429, Val: 0.1220, Test: 0.1300
Epoch: 85, Loss: 1.9454, Train: 0.1429, Val: 0.1220, Test: 0.1300
Epoch: 86, Loss: 1.9472, Train: 0.1429, Val: 0.1220, Test: 0.1300
Epoch: 87, Loss: 1.9431, Train: 0.1429, Val: 0.1220, Test: 0.1300
Epoch: 88, Loss: 1.9468, Train: 0.1429, Val: 0.1220, Test: 0.1300
Epoch: 89, Loss: 1.9442, Train: 0.1429, Val: 0.1220, Test: 0.1300
Epoch: 90, Loss: 1.9460, Train: 0.1429, Val: 0.1220, Test: 0.1300
Epoch: 91, Loss: 1.9443, Train: 0.1429, Val: 0.1220, Test: 0.1300
Epoch: 92, Loss: 1.9430, Train: 0.1429, Val: 0.1220, Test: 0.1300
Epoch: 93, Loss: 1.9452, Train: 0.1429, Val: 0.1220, Test: 0.1300
Epoch: 94, Loss: 1.9448, Train: 0.1429, Val: 0.1220, Test: 0.1300
Epoch: 95, Loss: 1.9455, Train: 0.1429, Val: 0.1220, Test: 0.1300
Epoch: 96, Loss: 1.9437, Train: 0.1429, Val: 0.1220, Test: 0.1300
Epoch: 97, Loss: 1.9420, Train: 0.1429, Val: 0.1220, Test: 0.1300
Epoch: 98, Loss: 1.9467, Train: 0.1429, Val: 0.1220, Test: 0.1300
Epoch: 99, Loss: 1.9453, Train: 0.1429, Val: 0.1220, Test: 0.1300
Epoch: 100, Loss: 1.9448, Train: 0.1429, Val: 0.1220, Test: 0.1300
MAD:  0.0005
Best Test Accuracy: 0.3190, Val Accuracy: 0.3160, Train Accuracy: 0.1429
Training completed.
Seed:  3
GCN(
  (convs): ModuleList(
    (0): GCNConv(1433, 128)
    (1-10): 10 x GCNConv(128, 128)
    (11): GCNConv(128, 7)
  )
)
Epoch: 1, Loss: 1.9463, Train: 0.1429, Val: 0.0580, Test: 0.0640
Epoch: 2, Loss: 1.9471, Train: 0.1429, Val: 0.0580, Test: 0.0640
Epoch: 3, Loss: 1.9453, Train: 0.1429, Val: 0.0580, Test: 0.0640
Epoch: 4, Loss: 1.9439, Train: 0.1429, Val: 0.0580, Test: 0.0640
Epoch: 5, Loss: 1.9479, Train: 0.1429, Val: 0.0580, Test: 0.0640
Epoch: 6, Loss: 1.9448, Train: 0.1429, Val: 0.0580, Test: 0.0640
Epoch: 7, Loss: 1.9425, Train: 0.1429, Val: 0.0580, Test: 0.0640
Epoch: 8, Loss: 1.9440, Train: 0.1429, Val: 0.0580, Test: 0.0640
Epoch: 9, Loss: 1.9463, Train: 0.1429, Val: 0.0580, Test: 0.0640
Epoch: 10, Loss: 1.9463, Train: 0.1429, Val: 0.0580, Test: 0.0640
Epoch: 11, Loss: 1.9446, Train: 0.1429, Val: 0.0580, Test: 0.0640
Epoch: 12, Loss: 1.9429, Train: 0.1429, Val: 0.0580, Test: 0.0640
Epoch: 13, Loss: 1.9456, Train: 0.1429, Val: 0.0580, Test: 0.0640
Epoch: 14, Loss: 1.9415, Train: 0.1429, Val: 0.0580, Test: 0.0640
Epoch: 15, Loss: 1.9415, Train: 0.1429, Val: 0.0580, Test: 0.0640
Epoch: 16, Loss: 1.9358, Train: 0.1429, Val: 0.0580, Test: 0.0640
Epoch: 17, Loss: 1.9404, Train: 0.1429, Val: 0.0580, Test: 0.0640
Epoch: 18, Loss: 1.9340, Train: 0.1429, Val: 0.0580, Test: 0.0640
Epoch: 19, Loss: 1.9243, Train: 0.1429, Val: 0.0580, Test: 0.0640
Epoch: 20, Loss: 1.9162, Train: 0.1429, Val: 0.0580, Test: 0.0640
Epoch: 21, Loss: 1.9130, Train: 0.1429, Val: 0.0580, Test: 0.0640
Epoch: 22, Loss: 1.9179, Train: 0.1429, Val: 0.0580, Test: 0.0650
Epoch: 23, Loss: 1.9040, Train: 0.1500, Val: 0.0600, Test: 0.0720
Epoch: 24, Loss: 1.8859, Train: 0.1643, Val: 0.0740, Test: 0.0830
Epoch: 25, Loss: 1.8322, Train: 0.1714, Val: 0.0900, Test: 0.1040
Epoch: 26, Loss: 1.9115, Train: 0.2071, Val: 0.1100, Test: 0.1220
Epoch: 27, Loss: 1.8400, Train: 0.1929, Val: 0.0980, Test: 0.1110
Epoch: 28, Loss: 1.9046, Train: 0.2143, Val: 0.1260, Test: 0.1260
Epoch: 29, Loss: 1.8038, Train: 0.2714, Val: 0.1760, Test: 0.1850
Epoch: 30, Loss: 1.8194, Train: 0.3357, Val: 0.2300, Test: 0.2190
Epoch: 31, Loss: 1.8378, Train: 0.3071, Val: 0.2120, Test: 0.2080
Epoch: 32, Loss: 1.8092, Train: 0.2857, Val: 0.2120, Test: 0.2030
Epoch: 33, Loss: 1.8184, Train: 0.2857, Val: 0.2100, Test: 0.2000
Epoch: 34, Loss: 1.8616, Train: 0.2857, Val: 0.2080, Test: 0.2000
Epoch: 35, Loss: 1.8264, Train: 0.2857, Val: 0.2080, Test: 0.2010
Epoch: 36, Loss: 1.7697, Train: 0.2857, Val: 0.2080, Test: 0.2010
Epoch: 37, Loss: 1.7991, Train: 0.2857, Val: 0.2080, Test: 0.2010
Epoch: 38, Loss: 1.8081, Train: 0.2857, Val: 0.2060, Test: 0.2010
Epoch: 39, Loss: 1.8000, Train: 0.2857, Val: 0.2060, Test: 0.2010
Epoch: 40, Loss: 1.8687, Train: 0.2857, Val: 0.2060, Test: 0.2010
Epoch: 41, Loss: 1.7967, Train: 0.2857, Val: 0.2080, Test: 0.1990
Epoch: 42, Loss: 1.7960, Train: 0.2857, Val: 0.2080, Test: 0.1990
Epoch: 43, Loss: 1.7816, Train: 0.2857, Val: 0.2080, Test: 0.2000
Epoch: 44, Loss: 1.8124, Train: 0.2857, Val: 0.2060, Test: 0.2010
Epoch: 45, Loss: 1.7795, Train: 0.2857, Val: 0.2060, Test: 0.2010
Epoch: 46, Loss: 1.7863, Train: 0.2857, Val: 0.2060, Test: 0.2010
Epoch: 47, Loss: 1.8909, Train: 0.2857, Val: 0.2060, Test: 0.2010
Epoch: 48, Loss: 1.7965, Train: 0.2857, Val: 0.2060, Test: 0.2000
Epoch: 49, Loss: 1.8494, Train: 0.2857, Val: 0.2040, Test: 0.1970
Epoch: 50, Loss: 1.8514, Train: 0.2857, Val: 0.2040, Test: 0.1970
Epoch: 51, Loss: 1.8777, Train: 0.2857, Val: 0.2000, Test: 0.1950
Epoch: 52, Loss: 1.8391, Train: 0.2857, Val: 0.2000, Test: 0.1950
Epoch: 53, Loss: 1.8310, Train: 0.2857, Val: 0.2000, Test: 0.1950
Epoch: 54, Loss: 1.7994, Train: 0.2857, Val: 0.2040, Test: 0.1970
Epoch: 55, Loss: 1.7572, Train: 0.2857, Val: 0.2060, Test: 0.2010
Epoch: 56, Loss: 1.7851, Train: 0.2857, Val: 0.2080, Test: 0.2010
Epoch: 57, Loss: 1.7688, Train: 0.2857, Val: 0.2080, Test: 0.2000
Epoch: 58, Loss: 1.8145, Train: 0.2857, Val: 0.2080, Test: 0.1990
Epoch: 59, Loss: 1.8274, Train: 0.2857, Val: 0.2080, Test: 0.2000
Epoch: 60, Loss: 1.8258, Train: 0.2857, Val: 0.2080, Test: 0.2010
Epoch: 61, Loss: 1.8066, Train: 0.2857, Val: 0.2080, Test: 0.2010
Epoch: 62, Loss: 1.8360, Train: 0.2857, Val: 0.2060, Test: 0.1970
Epoch: 63, Loss: 1.7513, Train: 0.2857, Val: 0.2040, Test: 0.1980
Epoch: 64, Loss: 1.7953, Train: 0.2857, Val: 0.2040, Test: 0.1950
Epoch: 65, Loss: 1.8114, Train: 0.2857, Val: 0.2040, Test: 0.1950
Epoch: 66, Loss: 1.8217, Train: 0.2857, Val: 0.2040, Test: 0.1950
Epoch: 67, Loss: 1.7741, Train: 0.2857, Val: 0.2060, Test: 0.1970
Epoch: 68, Loss: 1.8778, Train: 0.2857, Val: 0.2080, Test: 0.2000
Epoch: 69, Loss: 1.8504, Train: 0.2857, Val: 0.2160, Test: 0.2040
Epoch: 70, Loss: 1.8208, Train: 0.3000, Val: 0.2140, Test: 0.2050
Epoch: 71, Loss: 1.7942, Train: 0.2929, Val: 0.2180, Test: 0.2060
Epoch: 72, Loss: 1.8252, Train: 0.2929, Val: 0.2200, Test: 0.2070
Epoch: 73, Loss: 1.8277, Train: 0.3000, Val: 0.2220, Test: 0.2090
Epoch: 74, Loss: 1.8213, Train: 0.3071, Val: 0.2220, Test: 0.2100
Epoch: 75, Loss: 1.8624, Train: 0.2929, Val: 0.2180, Test: 0.2090
Epoch: 76, Loss: 1.8189, Train: 0.3071, Val: 0.2140, Test: 0.2060
Epoch: 77, Loss: 1.8340, Train: 0.3143, Val: 0.2100, Test: 0.2030
Epoch: 78, Loss: 1.8066, Train: 0.3143, Val: 0.2120, Test: 0.2040
Epoch: 79, Loss: 1.8441, Train: 0.3143, Val: 0.2160, Test: 0.2070
Epoch: 80, Loss: 1.7995, Train: 0.3071, Val: 0.2260, Test: 0.2130
Epoch: 81, Loss: 1.8358, Train: 0.3214, Val: 0.2260, Test: 0.2170
Epoch: 82, Loss: 1.8462, Train: 0.3143, Val: 0.2280, Test: 0.2180
Epoch: 83, Loss: 1.8188, Train: 0.3071, Val: 0.2320, Test: 0.2190
Epoch: 84, Loss: 1.8605, Train: 0.3143, Val: 0.2340, Test: 0.2170
Epoch: 85, Loss: 1.8073, Train: 0.3214, Val: 0.2340, Test: 0.2160
Epoch: 86, Loss: 1.8028, Train: 0.3286, Val: 0.2340, Test: 0.2210
Epoch: 87, Loss: 1.8199, Train: 0.3286, Val: 0.2340, Test: 0.2220
Epoch: 88, Loss: 1.7768, Train: 0.3286, Val: 0.2360, Test: 0.2250
Epoch: 89, Loss: 1.7911, Train: 0.3286, Val: 0.2380, Test: 0.2300
Epoch: 90, Loss: 1.7559, Train: 0.3429, Val: 0.2420, Test: 0.2330
Epoch: 91, Loss: 1.7899, Train: 0.3429, Val: 0.2380, Test: 0.2340
Epoch: 92, Loss: 1.8220, Train: 0.3429, Val: 0.2380, Test: 0.2290
Epoch: 93, Loss: 1.8354, Train: 0.3500, Val: 0.2400, Test: 0.2320
Epoch: 94, Loss: 1.8030, Train: 0.3429, Val: 0.2460, Test: 0.2330
Epoch: 95, Loss: 1.8180, Train: 0.3500, Val: 0.2280, Test: 0.2210
Epoch: 96, Loss: 1.7696, Train: 0.3286, Val: 0.2160, Test: 0.2040
Epoch: 97, Loss: 1.8012, Train: 0.3071, Val: 0.1800, Test: 0.1900
Epoch: 98, Loss: 1.7830, Train: 0.2929, Val: 0.1600, Test: 0.1710
Epoch: 99, Loss: 1.8210, Train: 0.2714, Val: 0.1560, Test: 0.1660
Epoch: 100, Loss: 1.8177, Train: 0.2714, Val: 0.1520, Test: 0.1670
MAD:  0.2497
Best Test Accuracy: 0.2340, Val Accuracy: 0.2380, Train Accuracy: 0.3429
Training completed.
Seed:  4
GCN(
  (convs): ModuleList(
    (0): GCNConv(1433, 128)
    (1-10): 10 x GCNConv(128, 128)
    (11): GCNConv(128, 7)
  )
)
Epoch: 1, Loss: 1.9457, Train: 0.1429, Val: 0.1480, Test: 0.1370
Epoch: 2, Loss: 1.9460, Train: 0.1429, Val: 0.1620, Test: 0.1490
Epoch: 3, Loss: 1.9453, Train: 0.1429, Val: 0.1620, Test: 0.1490
Epoch: 4, Loss: 1.9443, Train: 0.1429, Val: 0.1620, Test: 0.1490
Epoch: 5, Loss: 1.9474, Train: 0.1429, Val: 0.1620, Test: 0.1490
Epoch: 6, Loss: 1.9456, Train: 0.1500, Val: 0.3220, Test: 0.3200
Epoch: 7, Loss: 1.9446, Train: 0.1429, Val: 0.3160, Test: 0.3190
Epoch: 8, Loss: 1.9462, Train: 0.1429, Val: 0.3160, Test: 0.3190
Epoch: 9, Loss: 1.9431, Train: 0.1429, Val: 0.3160, Test: 0.3190
Epoch: 10, Loss: 1.9444, Train: 0.1429, Val: 0.3160, Test: 0.3190
Epoch: 11, Loss: 1.9444, Train: 0.1429, Val: 0.3160, Test: 0.3190
Epoch: 12, Loss: 1.9496, Train: 0.1429, Val: 0.3160, Test: 0.3190
Epoch: 13, Loss: 1.9505, Train: 0.1429, Val: 0.3160, Test: 0.3190
Epoch: 14, Loss: 1.9427, Train: 0.1429, Val: 0.3160, Test: 0.3190
Epoch: 15, Loss: 1.9493, Train: 0.1429, Val: 0.3160, Test: 0.3190
Epoch: 16, Loss: 1.9439, Train: 0.1429, Val: 0.3160, Test: 0.3190
Epoch: 17, Loss: 1.9489, Train: 0.1429, Val: 0.3160, Test: 0.3190
Epoch: 18, Loss: 1.9438, Train: 0.1429, Val: 0.3160, Test: 0.3190
Epoch: 19, Loss: 1.9464, Train: 0.1429, Val: 0.3160, Test: 0.3190
Epoch: 20, Loss: 1.9464, Train: 0.1429, Val: 0.3160, Test: 0.3190
Epoch: 21, Loss: 1.9446, Train: 0.1429, Val: 0.3160, Test: 0.3190
Epoch: 22, Loss: 1.9457, Train: 0.1429, Val: 0.3160, Test: 0.3190
Epoch: 23, Loss: 1.9465, Train: 0.1429, Val: 0.3160, Test: 0.3190
Epoch: 24, Loss: 1.9481, Train: 0.1429, Val: 0.3160, Test: 0.3190
Epoch: 25, Loss: 1.9479, Train: 0.1429, Val: 0.3160, Test: 0.3190
Epoch: 26, Loss: 1.9447, Train: 0.1429, Val: 0.3160, Test: 0.3190
Epoch: 27, Loss: 1.9451, Train: 0.1429, Val: 0.3160, Test: 0.3190
Epoch: 28, Loss: 1.9461, Train: 0.1429, Val: 0.3160, Test: 0.3190
Epoch: 29, Loss: 1.9458, Train: 0.1429, Val: 0.3160, Test: 0.3180
Epoch: 30, Loss: 1.9462, Train: 0.1429, Val: 0.3120, Test: 0.3210
Epoch: 31, Loss: 1.9457, Train: 0.1643, Val: 0.3120, Test: 0.3240
Epoch: 32, Loss: 1.9457, Train: 0.2143, Val: 0.3300, Test: 0.3150
Epoch: 33, Loss: 1.9461, Train: 0.1571, Val: 0.1600, Test: 0.1460
Epoch: 34, Loss: 1.9455, Train: 0.1500, Val: 0.1560, Test: 0.1440
Epoch: 35, Loss: 1.9461, Train: 0.1500, Val: 0.1560, Test: 0.1440
Epoch: 36, Loss: 1.9456, Train: 0.1500, Val: 0.1560, Test: 0.1440
Epoch: 37, Loss: 1.9461, Train: 0.1429, Val: 0.1560, Test: 0.1440
Epoch: 38, Loss: 1.9457, Train: 0.1500, Val: 0.1560, Test: 0.1440
Epoch: 39, Loss: 1.9453, Train: 0.1500, Val: 0.1560, Test: 0.1440
Epoch: 40, Loss: 1.9456, Train: 0.1429, Val: 0.1560, Test: 0.1440
Epoch: 41, Loss: 1.9462, Train: 0.1429, Val: 0.1560, Test: 0.1440
Epoch: 42, Loss: 1.9461, Train: 0.1429, Val: 0.1560, Test: 0.1440
Epoch: 43, Loss: 1.9462, Train: 0.1500, Val: 0.1560, Test: 0.1440
Epoch: 44, Loss: 1.9461, Train: 0.1500, Val: 0.1560, Test: 0.1440
Epoch: 45, Loss: 1.9460, Train: 0.1500, Val: 0.1580, Test: 0.1450
Epoch: 46, Loss: 1.9459, Train: 0.1643, Val: 0.1600, Test: 0.1450
Epoch: 47, Loss: 1.9455, Train: 0.1643, Val: 0.1600, Test: 0.1440
Epoch: 48, Loss: 1.9459, Train: 0.1643, Val: 0.1600, Test: 0.1460
Epoch: 49, Loss: 1.9458, Train: 0.1643, Val: 0.1620, Test: 0.1460
Epoch: 50, Loss: 1.9459, Train: 0.1643, Val: 0.1600, Test: 0.1460
Epoch: 51, Loss: 1.9459, Train: 0.1643, Val: 0.1640, Test: 0.1460
Epoch: 52, Loss: 1.9460, Train: 0.1643, Val: 0.1600, Test: 0.1450
Epoch: 53, Loss: 1.9458, Train: 0.1643, Val: 0.1600, Test: 0.1440
Epoch: 54, Loss: 1.9459, Train: 0.1714, Val: 0.1600, Test: 0.1450
Epoch: 55, Loss: 1.9460, Train: 0.1643, Val: 0.1600, Test: 0.1440
Epoch: 56, Loss: 1.9455, Train: 0.1714, Val: 0.1620, Test: 0.1440
Epoch: 57, Loss: 1.9458, Train: 0.1643, Val: 0.1600, Test: 0.1450
Epoch: 58, Loss: 1.9459, Train: 0.1643, Val: 0.1580, Test: 0.1450
Epoch: 59, Loss: 1.9453, Train: 0.1643, Val: 0.1580, Test: 0.1450
Epoch: 60, Loss: 1.9456, Train: 0.1643, Val: 0.1580, Test: 0.1450
Epoch: 61, Loss: 1.9461, Train: 0.1643, Val: 0.1580, Test: 0.1450
Epoch: 62, Loss: 1.9455, Train: 0.1643, Val: 0.1600, Test: 0.1440
Epoch: 63, Loss: 1.9457, Train: 0.1643, Val: 0.1600, Test: 0.1440
Epoch: 64, Loss: 1.9454, Train: 0.1643, Val: 0.1600, Test: 0.1440
Epoch: 65, Loss: 1.9458, Train: 0.1643, Val: 0.1600, Test: 0.1440
Epoch: 66, Loss: 1.9459, Train: 0.1643, Val: 0.1600, Test: 0.1450
Epoch: 67, Loss: 1.9457, Train: 0.1571, Val: 0.1600, Test: 0.1460
Epoch: 68, Loss: 1.9460, Train: 0.1571, Val: 0.1600, Test: 0.1450
Epoch: 69, Loss: 1.9461, Train: 0.1571, Val: 0.1600, Test: 0.1450
Epoch: 70, Loss: 1.9455, Train: 0.1500, Val: 0.1580, Test: 0.1460
Epoch: 71, Loss: 1.9460, Train: 0.1500, Val: 0.1580, Test: 0.1450
Epoch: 72, Loss: 1.9459, Train: 0.1500, Val: 0.1580, Test: 0.1430
Epoch: 73, Loss: 1.9458, Train: 0.1500, Val: 0.1580, Test: 0.1430
Epoch: 74, Loss: 1.9460, Train: 0.1500, Val: 0.1580, Test: 0.1440
Epoch: 75, Loss: 1.9458, Train: 0.1500, Val: 0.1580, Test: 0.1430
Epoch: 76, Loss: 1.9459, Train: 0.1500, Val: 0.1580, Test: 0.1460
Epoch: 77, Loss: 1.9461, Train: 0.1571, Val: 0.1600, Test: 0.1460
Epoch: 78, Loss: 1.9455, Train: 0.1643, Val: 0.1600, Test: 0.1450
Epoch: 79, Loss: 1.9454, Train: 0.1643, Val: 0.1580, Test: 0.1450
Epoch: 80, Loss: 1.9458, Train: 0.1643, Val: 0.1600, Test: 0.1440
Epoch: 81, Loss: 1.9453, Train: 0.1643, Val: 0.1600, Test: 0.1440
Epoch: 82, Loss: 1.9462, Train: 0.1714, Val: 0.1600, Test: 0.1450
Epoch: 83, Loss: 1.9463, Train: 0.1643, Val: 0.1600, Test: 0.1440
Epoch: 84, Loss: 1.9464, Train: 0.1571, Val: 0.1680, Test: 0.1490
Epoch: 85, Loss: 1.9458, Train: 0.1643, Val: 0.1640, Test: 0.1480
Epoch: 86, Loss: 1.9460, Train: 0.1786, Val: 0.1660, Test: 0.1390
Epoch: 87, Loss: 1.9460, Train: 0.1643, Val: 0.1620, Test: 0.1370
Epoch: 88, Loss: 1.9460, Train: 0.1429, Val: 0.1600, Test: 0.1370
Epoch: 89, Loss: 1.9457, Train: 0.1571, Val: 0.1640, Test: 0.1460
Epoch: 90, Loss: 1.9458, Train: 0.1643, Val: 0.1580, Test: 0.1470
Epoch: 91, Loss: 1.9458, Train: 0.1714, Val: 0.1540, Test: 0.1450
Epoch: 92, Loss: 1.9458, Train: 0.1714, Val: 0.1540, Test: 0.1450
Epoch: 93, Loss: 1.9458, Train: 0.1714, Val: 0.1560, Test: 0.1440
Epoch: 94, Loss: 1.9458, Train: 0.1643, Val: 0.1600, Test: 0.1450
Epoch: 95, Loss: 1.9459, Train: 0.1500, Val: 0.1600, Test: 0.1400
Epoch: 96, Loss: 1.9458, Train: 0.1429, Val: 0.1600, Test: 0.1370
Epoch: 97, Loss: 1.9458, Train: 0.1571, Val: 0.1600, Test: 0.1320
Epoch: 98, Loss: 1.9458, Train: 0.1643, Val: 0.1620, Test: 0.1390
Epoch: 99, Loss: 1.9457, Train: 0.1714, Val: 0.1660, Test: 0.1390
Epoch: 100, Loss: 1.9454, Train: 0.1643, Val: 0.1640, Test: 0.1480
MAD:  0.1153
Best Test Accuracy: 0.3240, Val Accuracy: 0.3120, Train Accuracy: 0.1643
Training completed.
Seed:  5
GCN(
  (convs): ModuleList(
    (0): GCNConv(1433, 128)
    (1-10): 10 x GCNConv(128, 128)
    (11): GCNConv(128, 7)
  )
)
Epoch: 1, Loss: 1.9452, Train: 0.1429, Val: 0.1200, Test: 0.1290
Epoch: 2, Loss: 1.9447, Train: 0.1429, Val: 0.1220, Test: 0.1300
Epoch: 3, Loss: 1.9467, Train: 0.1429, Val: 0.1220, Test: 0.1300
Epoch: 4, Loss: 1.9464, Train: 0.1429, Val: 0.1220, Test: 0.1300
Epoch: 5, Loss: 1.9459, Train: 0.1429, Val: 0.1220, Test: 0.1300
Epoch: 6, Loss: 1.9482, Train: 0.1429, Val: 0.1220, Test: 0.1300
Epoch: 7, Loss: 1.9448, Train: 0.1429, Val: 0.1220, Test: 0.1300
Epoch: 8, Loss: 1.9457, Train: 0.1429, Val: 0.1220, Test: 0.1300
Epoch: 9, Loss: 1.9440, Train: 0.1429, Val: 0.1220, Test: 0.1300
Epoch: 10, Loss: 1.9462, Train: 0.1429, Val: 0.1220, Test: 0.1300
Epoch: 11, Loss: 1.9449, Train: 0.1429, Val: 0.1220, Test: 0.1300
Epoch: 12, Loss: 1.9430, Train: 0.1429, Val: 0.1220, Test: 0.1300
Epoch: 13, Loss: 1.9476, Train: 0.1429, Val: 0.1220, Test: 0.1300
Epoch: 14, Loss: 1.9434, Train: 0.1429, Val: 0.1220, Test: 0.1300
Epoch: 15, Loss: 1.9443, Train: 0.1429, Val: 0.1220, Test: 0.1300
Epoch: 16, Loss: 1.9463, Train: 0.1429, Val: 0.1220, Test: 0.1300
Epoch: 17, Loss: 1.9455, Train: 0.1429, Val: 0.1220, Test: 0.1300
Epoch: 18, Loss: 1.9475, Train: 0.1429, Val: 0.1220, Test: 0.1300
Epoch: 19, Loss: 1.9437, Train: 0.1429, Val: 0.1220, Test: 0.1300
Epoch: 20, Loss: 1.9447, Train: 0.1429, Val: 0.1220, Test: 0.1300
Epoch: 21, Loss: 1.9426, Train: 0.1429, Val: 0.1220, Test: 0.1300
Epoch: 22, Loss: 1.9434, Train: 0.1429, Val: 0.1220, Test: 0.1300
Epoch: 23, Loss: 1.9429, Train: 0.1429, Val: 0.1220, Test: 0.1300
Epoch: 24, Loss: 1.9462, Train: 0.1429, Val: 0.1220, Test: 0.1300
Epoch: 25, Loss: 1.9385, Train: 0.1429, Val: 0.1220, Test: 0.1300
Epoch: 26, Loss: 1.9385, Train: 0.1429, Val: 0.1220, Test: 0.1300
Epoch: 27, Loss: 1.9454, Train: 0.1429, Val: 0.1220, Test: 0.1300
Epoch: 28, Loss: 1.9384, Train: 0.1429, Val: 0.1220, Test: 0.1300
Epoch: 29, Loss: 1.9449, Train: 0.1429, Val: 0.1220, Test: 0.1300
Epoch: 30, Loss: 1.9330, Train: 0.1429, Val: 0.1220, Test: 0.1300
Epoch: 31, Loss: 1.9390, Train: 0.1429, Val: 0.1220, Test: 0.1300
Epoch: 32, Loss: 1.9304, Train: 0.1429, Val: 0.1220, Test: 0.1300
Epoch: 33, Loss: 1.9514, Train: 0.1429, Val: 0.1220, Test: 0.1300
Epoch: 34, Loss: 1.9166, Train: 0.1429, Val: 0.1220, Test: 0.1300
Epoch: 35, Loss: 1.9274, Train: 0.1429, Val: 0.1220, Test: 0.1300
Epoch: 36, Loss: 1.9120, Train: 0.1429, Val: 0.1220, Test: 0.1300
Epoch: 37, Loss: 1.9134, Train: 0.1429, Val: 0.1220, Test: 0.1300
Epoch: 38, Loss: 1.9051, Train: 0.1429, Val: 0.1220, Test: 0.1300
Epoch: 39, Loss: 1.9098, Train: 0.1643, Val: 0.1240, Test: 0.1410
Epoch: 40, Loss: 1.9234, Train: 0.1857, Val: 0.1400, Test: 0.1610
Epoch: 41, Loss: 1.9392, Train: 0.2500, Val: 0.1760, Test: 0.1970
Epoch: 42, Loss: 1.8970, Train: 0.2643, Val: 0.1800, Test: 0.2000
Epoch: 43, Loss: 1.9291, Train: 0.2571, Val: 0.1940, Test: 0.2030
Epoch: 44, Loss: 1.9153, Train: 0.3214, Val: 0.1800, Test: 0.1920
Epoch: 45, Loss: 1.9132, Train: 0.2786, Val: 0.1280, Test: 0.1420
Epoch: 46, Loss: 1.8802, Train: 0.2857, Val: 0.1200, Test: 0.1430
Epoch: 47, Loss: 1.9035, Train: 0.2857, Val: 0.1220, Test: 0.1430
Epoch: 48, Loss: 1.9065, Train: 0.2857, Val: 0.1200, Test: 0.1440
Epoch: 49, Loss: 1.8550, Train: 0.2857, Val: 0.1220, Test: 0.1430
Epoch: 50, Loss: 1.8863, Train: 0.2857, Val: 0.1220, Test: 0.1430
Epoch: 51, Loss: 1.7742, Train: 0.2571, Val: 0.1020, Test: 0.1270
Epoch: 52, Loss: 1.9304, Train: 0.2786, Val: 0.1200, Test: 0.1410
Epoch: 53, Loss: 1.7419, Train: 0.2857, Val: 0.1200, Test: 0.1430
Epoch: 54, Loss: 1.8640, Train: 0.2857, Val: 0.1180, Test: 0.1440
Epoch: 55, Loss: 1.8250, Train: 0.2857, Val: 0.1220, Test: 0.1460
Epoch: 56, Loss: 1.8810, Train: 0.2857, Val: 0.1220, Test: 0.1450
Epoch: 57, Loss: 1.8860, Train: 0.2857, Val: 0.1280, Test: 0.1500
Epoch: 58, Loss: 1.9092, Train: 0.2857, Val: 0.1360, Test: 0.1570
Epoch: 59, Loss: 1.9050, Train: 0.2786, Val: 0.1400, Test: 0.1590
Epoch: 60, Loss: 1.8746, Train: 0.3071, Val: 0.1520, Test: 0.1640
Epoch: 61, Loss: 1.8838, Train: 0.3071, Val: 0.1320, Test: 0.1640
Epoch: 62, Loss: 1.8100, Train: 0.3000, Val: 0.1220, Test: 0.1480
Epoch: 63, Loss: 1.8862, Train: 0.2929, Val: 0.1300, Test: 0.1520
Epoch: 64, Loss: 1.8803, Train: 0.3000, Val: 0.1300, Test: 0.1520
Epoch: 65, Loss: 1.8154, Train: 0.3000, Val: 0.1340, Test: 0.1620
Epoch: 66, Loss: 1.8619, Train: 0.3286, Val: 0.1340, Test: 0.1730
Epoch: 67, Loss: 1.8479, Train: 0.3357, Val: 0.1540, Test: 0.1830
Epoch: 68, Loss: 1.8708, Train: 0.3357, Val: 0.1600, Test: 0.1910
Epoch: 69, Loss: 1.8974, Train: 0.3357, Val: 0.1640, Test: 0.1970
Epoch: 70, Loss: 1.9257, Train: 0.3286, Val: 0.1660, Test: 0.1990
Epoch: 71, Loss: 1.8584, Train: 0.3429, Val: 0.1680, Test: 0.1890
Epoch: 72, Loss: 1.8527, Train: 0.3143, Val: 0.1440, Test: 0.1750
Epoch: 73, Loss: 1.8366, Train: 0.3071, Val: 0.1200, Test: 0.1620
Epoch: 74, Loss: 1.8799, Train: 0.3000, Val: 0.1220, Test: 0.1540
Epoch: 75, Loss: 1.8142, Train: 0.2929, Val: 0.1200, Test: 0.1510
Epoch: 76, Loss: 1.8516, Train: 0.3000, Val: 0.1200, Test: 0.1550
Epoch: 77, Loss: 1.7699, Train: 0.3000, Val: 0.1220, Test: 0.1550
Epoch: 78, Loss: 1.8603, Train: 0.3071, Val: 0.1240, Test: 0.1610
Epoch: 79, Loss: 1.8762, Train: 0.2857, Val: 0.1400, Test: 0.1580
Epoch: 80, Loss: 1.8293, Train: 0.2929, Val: 0.1280, Test: 0.1560
Epoch: 81, Loss: 1.8066, Train: 0.2857, Val: 0.1260, Test: 0.1550
Epoch: 82, Loss: 1.8416, Train: 0.3000, Val: 0.1200, Test: 0.1580
Epoch: 83, Loss: 1.7503, Train: 0.2857, Val: 0.1200, Test: 0.1520
Epoch: 84, Loss: 1.8124, Train: 0.2929, Val: 0.1240, Test: 0.1530
Epoch: 85, Loss: 1.7818, Train: 0.3000, Val: 0.1360, Test: 0.1650
Epoch: 86, Loss: 1.7673, Train: 0.3214, Val: 0.1460, Test: 0.1760
Epoch: 87, Loss: 1.8666, Train: 0.3214, Val: 0.1460, Test: 0.1730
Epoch: 88, Loss: 1.8313, Train: 0.3286, Val: 0.1620, Test: 0.1760
Epoch: 89, Loss: 1.8198, Train: 0.3571, Val: 0.1760, Test: 0.1940
Epoch: 90, Loss: 1.8156, Train: 0.3500, Val: 0.1800, Test: 0.1990
Epoch: 91, Loss: 1.7597, Train: 0.3357, Val: 0.1680, Test: 0.1940
Epoch: 92, Loss: 1.8175, Train: 0.3143, Val: 0.1560, Test: 0.1960
Epoch: 93, Loss: 1.8297, Train: 0.3500, Val: 0.1760, Test: 0.2060
Epoch: 94, Loss: 1.7766, Train: 0.3929, Val: 0.2180, Test: 0.2280
Epoch: 95, Loss: 1.7278, Train: 0.4357, Val: 0.2220, Test: 0.2510
Epoch: 96, Loss: 1.8557, Train: 0.4214, Val: 0.2100, Test: 0.2400
Epoch: 97, Loss: 1.8042, Train: 0.4000, Val: 0.1880, Test: 0.2250
Epoch: 98, Loss: 1.8451, Train: 0.4000, Val: 0.1960, Test: 0.2220
Epoch: 99, Loss: 1.7657, Train: 0.4143, Val: 0.1940, Test: 0.2360
Epoch: 100, Loss: 1.8156, Train: 0.4071, Val: 0.1900, Test: 0.2310
MAD:  0.4053
Best Test Accuracy: 0.2510, Val Accuracy: 0.2220, Train Accuracy: 0.4357
Training completed.
Seed:  6
GCN(
  (convs): ModuleList(
    (0): GCNConv(1433, 128)
    (1-10): 10 x GCNConv(128, 128)
    (11): GCNConv(128, 7)
  )
)
Epoch: 1, Loss: 1.9457, Train: 0.1429, Val: 0.1580, Test: 0.1450
Epoch: 2, Loss: 1.9468, Train: 0.1429, Val: 0.1620, Test: 0.1490
Epoch: 3, Loss: 1.9450, Train: 0.1429, Val: 0.1620, Test: 0.1490
Epoch: 4, Loss: 1.9460, Train: 0.1429, Val: 0.1620, Test: 0.1490
Epoch: 5, Loss: 1.9459, Train: 0.1429, Val: 0.1620, Test: 0.1490
Epoch: 6, Loss: 1.9448, Train: 0.1429, Val: 0.1620, Test: 0.1490
Epoch: 7, Loss: 1.9434, Train: 0.1429, Val: 0.1620, Test: 0.1490
Epoch: 8, Loss: 1.9455, Train: 0.1429, Val: 0.1620, Test: 0.1490
Epoch: 9, Loss: 1.9442, Train: 0.1429, Val: 0.1620, Test: 0.1490
Epoch: 10, Loss: 1.9431, Train: 0.1429, Val: 0.1620, Test: 0.1490
Epoch: 11, Loss: 1.9454, Train: 0.1429, Val: 0.1620, Test: 0.1490
Epoch: 12, Loss: 1.9456, Train: 0.1429, Val: 0.1620, Test: 0.1490
Epoch: 13, Loss: 1.9435, Train: 0.1429, Val: 0.1620, Test: 0.1490
Epoch: 14, Loss: 1.9476, Train: 0.1429, Val: 0.1620, Test: 0.1490
Epoch: 15, Loss: 1.9482, Train: 0.1429, Val: 0.1620, Test: 0.1490
Epoch: 16, Loss: 1.9428, Train: 0.1429, Val: 0.1620, Test: 0.1490
Epoch: 17, Loss: 1.9495, Train: 0.1429, Val: 0.1620, Test: 0.1490
Epoch: 18, Loss: 1.9472, Train: 0.1429, Val: 0.1620, Test: 0.1490
Epoch: 19, Loss: 1.9442, Train: 0.1429, Val: 0.1620, Test: 0.1490
Epoch: 20, Loss: 1.9471, Train: 0.1429, Val: 0.1620, Test: 0.1490
Epoch: 21, Loss: 1.9470, Train: 0.1429, Val: 0.1620, Test: 0.1490
Epoch: 22, Loss: 1.9440, Train: 0.1429, Val: 0.1620, Test: 0.1490
Epoch: 23, Loss: 1.9449, Train: 0.1429, Val: 0.1620, Test: 0.1490
Epoch: 24, Loss: 1.9451, Train: 0.1429, Val: 0.1620, Test: 0.1490
Epoch: 25, Loss: 1.9430, Train: 0.1429, Val: 0.1620, Test: 0.1490
Epoch: 26, Loss: 1.9425, Train: 0.1429, Val: 0.1620, Test: 0.1490
Epoch: 27, Loss: 1.9450, Train: 0.1429, Val: 0.1620, Test: 0.1500
Epoch: 28, Loss: 1.9442, Train: 0.1929, Val: 0.1620, Test: 0.1550
Epoch: 29, Loss: 1.9410, Train: 0.2143, Val: 0.1740, Test: 0.1630
Epoch: 30, Loss: 1.9447, Train: 0.2143, Val: 0.1740, Test: 0.1640
Epoch: 31, Loss: 1.9423, Train: 0.2143, Val: 0.1740, Test: 0.1640
Epoch: 32, Loss: 1.9402, Train: 0.2000, Val: 0.1760, Test: 0.1620
Epoch: 33, Loss: 1.9369, Train: 0.2429, Val: 0.1840, Test: 0.1680
Epoch: 34, Loss: 1.9433, Train: 0.2357, Val: 0.1800, Test: 0.1750
Epoch: 35, Loss: 1.9389, Train: 0.2500, Val: 0.1780, Test: 0.1710
Epoch: 36, Loss: 1.9343, Train: 0.2143, Val: 0.1500, Test: 0.1420
Epoch: 37, Loss: 1.9305, Train: 0.1786, Val: 0.0860, Test: 0.0910
Epoch: 38, Loss: 1.9157, Train: 0.1429, Val: 0.0600, Test: 0.0660
Epoch: 39, Loss: 1.8846, Train: 0.1500, Val: 0.0620, Test: 0.0740
Epoch: 40, Loss: 1.9142, Train: 0.2000, Val: 0.1160, Test: 0.1140
Epoch: 41, Loss: 1.9102, Train: 0.2643, Val: 0.1860, Test: 0.1890
Epoch: 42, Loss: 1.8723, Train: 0.2643, Val: 0.1900, Test: 0.1930
Epoch: 43, Loss: 1.8602, Train: 0.2286, Val: 0.1240, Test: 0.1620
Epoch: 44, Loss: 1.9014, Train: 0.1929, Val: 0.1100, Test: 0.1200
Epoch: 45, Loss: 1.8356, Train: 0.2000, Val: 0.1060, Test: 0.1350
Epoch: 46, Loss: 1.8442, Train: 0.2500, Val: 0.1280, Test: 0.1430
Epoch: 47, Loss: 1.8358, Train: 0.2429, Val: 0.1420, Test: 0.1370
Epoch: 48, Loss: 1.8421, Train: 0.2643, Val: 0.1540, Test: 0.1360
Epoch: 49, Loss: 1.7987, Train: 0.2429, Val: 0.1420, Test: 0.1400
Epoch: 50, Loss: 1.8183, Train: 0.2500, Val: 0.1360, Test: 0.1430
Epoch: 51, Loss: 1.8251, Train: 0.2571, Val: 0.1300, Test: 0.1490
Epoch: 52, Loss: 1.8271, Train: 0.2357, Val: 0.1300, Test: 0.1510
Epoch: 53, Loss: 1.8016, Train: 0.2357, Val: 0.1240, Test: 0.1460
Epoch: 54, Loss: 1.8167, Train: 0.2357, Val: 0.1240, Test: 0.1450
Epoch: 55, Loss: 1.8131, Train: 0.2357, Val: 0.1240, Test: 0.1480
Epoch: 56, Loss: 1.8274, Train: 0.2429, Val: 0.1380, Test: 0.1540
Epoch: 57, Loss: 1.7968, Train: 0.2929, Val: 0.1360, Test: 0.1570
Epoch: 58, Loss: 1.8231, Train: 0.2786, Val: 0.1600, Test: 0.1420
Epoch: 59, Loss: 1.8526, Train: 0.2857, Val: 0.1540, Test: 0.1390
Epoch: 60, Loss: 1.8124, Train: 0.2786, Val: 0.1540, Test: 0.1390
Epoch: 61, Loss: 1.8138, Train: 0.2786, Val: 0.1520, Test: 0.1360
Epoch: 62, Loss: 1.8844, Train: 0.2786, Val: 0.1540, Test: 0.1360
Epoch: 63, Loss: 1.7840, Train: 0.2714, Val: 0.1500, Test: 0.1320
Epoch: 64, Loss: 1.8083, Train: 0.3214, Val: 0.2280, Test: 0.2260
Epoch: 65, Loss: 1.8407, Train: 0.3000, Val: 0.2100, Test: 0.2160
Epoch: 66, Loss: 1.7988, Train: 0.2857, Val: 0.2080, Test: 0.2130
Epoch: 67, Loss: 1.7991, Train: 0.2929, Val: 0.2140, Test: 0.2100
Epoch: 68, Loss: 1.8769, Train: 0.2929, Val: 0.2100, Test: 0.2100
Epoch: 69, Loss: 1.8209, Train: 0.3000, Val: 0.2060, Test: 0.2010
Epoch: 70, Loss: 1.7258, Train: 0.2857, Val: 0.2040, Test: 0.1990
Epoch: 71, Loss: 1.8234, Train: 0.2857, Val: 0.2020, Test: 0.1990
Epoch: 72, Loss: 1.7802, Train: 0.2857, Val: 0.2000, Test: 0.1970
Epoch: 73, Loss: 1.8373, Train: 0.2857, Val: 0.2020, Test: 0.1960
Epoch: 74, Loss: 1.7636, Train: 0.2857, Val: 0.2020, Test: 0.1970
Epoch: 75, Loss: 1.8365, Train: 0.2857, Val: 0.2040, Test: 0.1990
Epoch: 76, Loss: 1.8355, Train: 0.2857, Val: 0.2040, Test: 0.1970
Epoch: 77, Loss: 1.7338, Train: 0.2857, Val: 0.2020, Test: 0.1960
Epoch: 78, Loss: 1.8353, Train: 0.2857, Val: 0.2020, Test: 0.1960
Epoch: 79, Loss: 1.8632, Train: 0.2857, Val: 0.2020, Test: 0.1960
Epoch: 80, Loss: 1.8258, Train: 0.2857, Val: 0.2060, Test: 0.1990
Epoch: 81, Loss: 1.7815, Train: 0.2857, Val: 0.2060, Test: 0.2000
Epoch: 82, Loss: 1.8024, Train: 0.2786, Val: 0.2060, Test: 0.2020
Epoch: 83, Loss: 1.7578, Train: 0.2786, Val: 0.2060, Test: 0.2030
Epoch: 84, Loss: 1.7935, Train: 0.2786, Val: 0.2060, Test: 0.2020
Epoch: 85, Loss: 1.7919, Train: 0.2786, Val: 0.2060, Test: 0.2020
Epoch: 86, Loss: 1.7930, Train: 0.2857, Val: 0.2060, Test: 0.2020
Epoch: 87, Loss: 1.8198, Train: 0.2857, Val: 0.2060, Test: 0.2020
Epoch: 88, Loss: 1.8204, Train: 0.2857, Val: 0.2040, Test: 0.2000
Epoch: 89, Loss: 1.7641, Train: 0.2857, Val: 0.2020, Test: 0.1980
Epoch: 90, Loss: 1.7760, Train: 0.2857, Val: 0.2020, Test: 0.1980
Epoch: 91, Loss: 1.8450, Train: 0.2857, Val: 0.2020, Test: 0.1980
Epoch: 92, Loss: 1.8164, Train: 0.2857, Val: 0.2040, Test: 0.2000
Epoch: 93, Loss: 1.7939, Train: 0.2857, Val: 0.2060, Test: 0.2020
Epoch: 94, Loss: 1.7736, Train: 0.2857, Val: 0.2060, Test: 0.2030
Epoch: 95, Loss: 1.8013, Train: 0.2786, Val: 0.2080, Test: 0.2040
Epoch: 96, Loss: 1.7829, Train: 0.2786, Val: 0.2060, Test: 0.2040
Epoch: 97, Loss: 1.7864, Train: 0.2786, Val: 0.2060, Test: 0.2040
Epoch: 98, Loss: 1.8158, Train: 0.2786, Val: 0.2060, Test: 0.2040
Epoch: 99, Loss: 1.8142, Train: 0.2857, Val: 0.2060, Test: 0.2030
Epoch: 100, Loss: 1.8195, Train: 0.2857, Val: 0.2060, Test: 0.2010
MAD:  0.4568
Best Test Accuracy: 0.2260, Val Accuracy: 0.2280, Train Accuracy: 0.3214
Training completed.
Seed:  7
GCN(
  (convs): ModuleList(
    (0): GCNConv(1433, 128)
    (1-10): 10 x GCNConv(128, 128)
    (11): GCNConv(128, 7)
  )
)
Epoch: 1, Loss: 1.9460, Train: 0.1429, Val: 0.1220, Test: 0.1300
Epoch: 2, Loss: 1.9453, Train: 0.1429, Val: 0.1220, Test: 0.1300
Epoch: 3, Loss: 1.9454, Train: 0.1429, Val: 0.1220, Test: 0.1300
Epoch: 4, Loss: 1.9457, Train: 0.1429, Val: 0.1220, Test: 0.1300
Epoch: 5, Loss: 1.9463, Train: 0.1429, Val: 0.1220, Test: 0.1300
Epoch: 6, Loss: 1.9460, Train: 0.1429, Val: 0.1220, Test: 0.1300
Epoch: 7, Loss: 1.9456, Train: 0.1429, Val: 0.1220, Test: 0.1300
Epoch: 8, Loss: 1.9461, Train: 0.1429, Val: 0.1220, Test: 0.1300
Epoch: 9, Loss: 1.9483, Train: 0.1429, Val: 0.1220, Test: 0.1300
Epoch: 10, Loss: 1.9466, Train: 0.1429, Val: 0.1220, Test: 0.1300
Epoch: 11, Loss: 1.9464, Train: 0.1429, Val: 0.1220, Test: 0.1300
Epoch: 12, Loss: 1.9443, Train: 0.1429, Val: 0.1220, Test: 0.1300
Epoch: 13, Loss: 1.9460, Train: 0.1429, Val: 0.1220, Test: 0.1300
Epoch: 14, Loss: 1.9458, Train: 0.1429, Val: 0.1220, Test: 0.1300
Epoch: 15, Loss: 1.9460, Train: 0.1429, Val: 0.1220, Test: 0.1300
Epoch: 16, Loss: 1.9469, Train: 0.1429, Val: 0.1220, Test: 0.1300
Epoch: 17, Loss: 1.9450, Train: 0.1429, Val: 0.1220, Test: 0.1300
Epoch: 18, Loss: 1.9460, Train: 0.1429, Val: 0.1220, Test: 0.1300
Epoch: 19, Loss: 1.9451, Train: 0.1429, Val: 0.1220, Test: 0.1300
Epoch: 20, Loss: 1.9458, Train: 0.1429, Val: 0.1220, Test: 0.1300
Epoch: 21, Loss: 1.9456, Train: 0.1429, Val: 0.1220, Test: 0.1300
Epoch: 22, Loss: 1.9455, Train: 0.1429, Val: 0.1220, Test: 0.1300
Epoch: 23, Loss: 1.9464, Train: 0.1429, Val: 0.1220, Test: 0.1300
Epoch: 24, Loss: 1.9455, Train: 0.1429, Val: 0.1220, Test: 0.1300
Epoch: 25, Loss: 1.9466, Train: 0.1429, Val: 0.1220, Test: 0.1300
Epoch: 26, Loss: 1.9454, Train: 0.1429, Val: 0.1220, Test: 0.1300
Epoch: 27, Loss: 1.9457, Train: 0.1429, Val: 0.1220, Test: 0.1300
Epoch: 28, Loss: 1.9456, Train: 0.1429, Val: 0.1220, Test: 0.1300
Epoch: 29, Loss: 1.9451, Train: 0.1500, Val: 0.1140, Test: 0.1220
Epoch: 30, Loss: 1.9463, Train: 0.1357, Val: 0.0900, Test: 0.0940
Epoch: 31, Loss: 1.9455, Train: 0.1714, Val: 0.0780, Test: 0.0760
Epoch: 32, Loss: 1.9457, Train: 0.1643, Val: 0.0660, Test: 0.0660
Epoch: 33, Loss: 1.9459, Train: 0.1429, Val: 0.0600, Test: 0.0640
Epoch: 34, Loss: 1.9449, Train: 0.1429, Val: 0.0600, Test: 0.0640
Epoch: 35, Loss: 1.9449, Train: 0.1429, Val: 0.0580, Test: 0.0640
Epoch: 36, Loss: 1.9464, Train: 0.1429, Val: 0.0580, Test: 0.0640
Epoch: 37, Loss: 1.9457, Train: 0.1429, Val: 0.0580, Test: 0.0640
Epoch: 38, Loss: 1.9454, Train: 0.1429, Val: 0.0580, Test: 0.0640
Epoch: 39, Loss: 1.9462, Train: 0.1429, Val: 0.0580, Test: 0.0640
Epoch: 40, Loss: 1.9461, Train: 0.1429, Val: 0.0580, Test: 0.0640
Epoch: 41, Loss: 1.9457, Train: 0.1429, Val: 0.0580, Test: 0.0640
Epoch: 42, Loss: 1.9463, Train: 0.1429, Val: 0.0580, Test: 0.0640
Epoch: 43, Loss: 1.9446, Train: 0.1429, Val: 0.0580, Test: 0.0640
Epoch: 44, Loss: 1.9458, Train: 0.1429, Val: 0.0580, Test: 0.0640
Epoch: 45, Loss: 1.9465, Train: 0.1500, Val: 0.0600, Test: 0.0630
Epoch: 46, Loss: 1.9445, Train: 0.1643, Val: 0.0680, Test: 0.0690
Epoch: 47, Loss: 1.9453, Train: 0.1500, Val: 0.0820, Test: 0.0810
Epoch: 48, Loss: 1.9458, Train: 0.1286, Val: 0.1080, Test: 0.1100
Epoch: 49, Loss: 1.9466, Train: 0.1429, Val: 0.1200, Test: 0.1250
Epoch: 50, Loss: 1.9469, Train: 0.1429, Val: 0.1220, Test: 0.1280
Epoch: 51, Loss: 1.9479, Train: 0.1429, Val: 0.1220, Test: 0.1300
Epoch: 52, Loss: 1.9464, Train: 0.1429, Val: 0.1220, Test: 0.1300
Epoch: 53, Loss: 1.9436, Train: 0.1429, Val: 0.1220, Test: 0.1300
Epoch: 54, Loss: 1.9461, Train: 0.1429, Val: 0.1220, Test: 0.1300
Epoch: 55, Loss: 1.9450, Train: 0.1429, Val: 0.1220, Test: 0.1300
Epoch: 56, Loss: 1.9456, Train: 0.1429, Val: 0.1220, Test: 0.1300
Epoch: 57, Loss: 1.9445, Train: 0.1429, Val: 0.1220, Test: 0.1300
Epoch: 58, Loss: 1.9450, Train: 0.1429, Val: 0.1220, Test: 0.1300
Epoch: 59, Loss: 1.9464, Train: 0.1429, Val: 0.1220, Test: 0.1300
Epoch: 60, Loss: 1.9451, Train: 0.1429, Val: 0.1220, Test: 0.1300
Epoch: 61, Loss: 1.9457, Train: 0.1429, Val: 0.1220, Test: 0.1300
Epoch: 62, Loss: 1.9444, Train: 0.1429, Val: 0.1220, Test: 0.1300
Epoch: 63, Loss: 1.9444, Train: 0.1429, Val: 0.1220, Test: 0.1300
Epoch: 64, Loss: 1.9443, Train: 0.1429, Val: 0.1220, Test: 0.1300
Epoch: 65, Loss: 1.9459, Train: 0.1429, Val: 0.1220, Test: 0.1300
Epoch: 66, Loss: 1.9450, Train: 0.1429, Val: 0.1220, Test: 0.1300
Epoch: 67, Loss: 1.9453, Train: 0.1429, Val: 0.1220, Test: 0.1300
Epoch: 68, Loss: 1.9460, Train: 0.1429, Val: 0.1220, Test: 0.1300
Epoch: 69, Loss: 1.9448, Train: 0.1429, Val: 0.1220, Test: 0.1300
Epoch: 70, Loss: 1.9471, Train: 0.1429, Val: 0.1220, Test: 0.1300
Epoch: 71, Loss: 1.9461, Train: 0.1429, Val: 0.1220, Test: 0.1300
Epoch: 72, Loss: 1.9462, Train: 0.1429, Val: 0.1220, Test: 0.1300
Epoch: 73, Loss: 1.9462, Train: 0.1429, Val: 0.1220, Test: 0.1300
Epoch: 74, Loss: 1.9420, Train: 0.1429, Val: 0.1220, Test: 0.1300
Epoch: 75, Loss: 1.9472, Train: 0.1429, Val: 0.1220, Test: 0.1300
Epoch: 76, Loss: 1.9475, Train: 0.1429, Val: 0.1220, Test: 0.1250
Epoch: 77, Loss: 1.9475, Train: 0.1429, Val: 0.1140, Test: 0.1230
Epoch: 78, Loss: 1.9464, Train: 0.1286, Val: 0.1160, Test: 0.1160
Epoch: 79, Loss: 1.9469, Train: 0.1357, Val: 0.1160, Test: 0.1110
Epoch: 80, Loss: 1.9470, Train: 0.1143, Val: 0.0920, Test: 0.0830
Epoch: 81, Loss: 1.9480, Train: 0.1429, Val: 0.0800, Test: 0.0780
Epoch: 82, Loss: 1.9453, Train: 0.1571, Val: 0.0740, Test: 0.0800
Epoch: 83, Loss: 1.9451, Train: 0.1571, Val: 0.0720, Test: 0.0750
Epoch: 84, Loss: 1.9451, Train: 0.1571, Val: 0.0720, Test: 0.0730
Epoch: 85, Loss: 1.9439, Train: 0.1643, Val: 0.0700, Test: 0.0730
Epoch: 86, Loss: 1.9464, Train: 0.1571, Val: 0.0660, Test: 0.0660
Epoch: 87, Loss: 1.9458, Train: 0.1571, Val: 0.0660, Test: 0.0650
Epoch: 88, Loss: 1.9470, Train: 0.1643, Val: 0.0720, Test: 0.0720
Epoch: 89, Loss: 1.9451, Train: 0.1571, Val: 0.0720, Test: 0.0750
Epoch: 90, Loss: 1.9451, Train: 0.1500, Val: 0.0780, Test: 0.0770
Epoch: 91, Loss: 1.9466, Train: 0.1143, Val: 0.0980, Test: 0.0920
Epoch: 92, Loss: 1.9433, Train: 0.1286, Val: 0.1160, Test: 0.1170
Epoch: 93, Loss: 1.9474, Train: 0.1429, Val: 0.1200, Test: 0.1250
Epoch: 94, Loss: 1.9455, Train: 0.1429, Val: 0.1220, Test: 0.1280
Epoch: 95, Loss: 1.9456, Train: 0.1429, Val: 0.1220, Test: 0.1300
Epoch: 96, Loss: 1.9454, Train: 0.1429, Val: 0.1220, Test: 0.1300
Epoch: 97, Loss: 1.9450, Train: 0.1429, Val: 0.1220, Test: 0.1300
Epoch: 98, Loss: 1.9465, Train: 0.1429, Val: 0.1220, Test: 0.1300
Epoch: 99, Loss: 1.9446, Train: 0.1429, Val: 0.1220, Test: 0.1300
Epoch: 100, Loss: 1.9436, Train: 0.1429, Val: 0.1220, Test: 0.1300
MAD:  0.0033
Best Test Accuracy: 0.1300, Val Accuracy: 0.1220, Train Accuracy: 0.1429
Training completed.
Seed:  8
GCN(
  (convs): ModuleList(
    (0): GCNConv(1433, 128)
    (1-10): 10 x GCNConv(128, 128)
    (11): GCNConv(128, 7)
  )
)
Epoch: 1, Loss: 1.9460, Train: 0.0429, Val: 0.1180, Test: 0.1050
Epoch: 2, Loss: 1.9458, Train: 0.1429, Val: 0.1260, Test: 0.1360
Epoch: 3, Loss: 1.9458, Train: 0.1500, Val: 0.0960, Test: 0.1030
Epoch: 4, Loss: 1.9460, Train: 0.1429, Val: 0.1240, Test: 0.1310
Epoch: 5, Loss: 1.9461, Train: 0.1429, Val: 0.1220, Test: 0.1300
Epoch: 6, Loss: 1.9459, Train: 0.1429, Val: 0.1220, Test: 0.1300
Epoch: 7, Loss: 1.9460, Train: 0.1429, Val: 0.1220, Test: 0.1300
Epoch: 8, Loss: 1.9460, Train: 0.1429, Val: 0.1220, Test: 0.1300
Epoch: 9, Loss: 1.9459, Train: 0.1429, Val: 0.1220, Test: 0.1300
Epoch: 10, Loss: 1.9459, Train: 0.1429, Val: 0.1220, Test: 0.1300
Epoch: 11, Loss: 1.9459, Train: 0.1429, Val: 0.1220, Test: 0.1300
Epoch: 12, Loss: 1.9459, Train: 0.1429, Val: 0.1220, Test: 0.1300
Epoch: 13, Loss: 1.9459, Train: 0.1429, Val: 0.1220, Test: 0.1300
Epoch: 14, Loss: 1.9459, Train: 0.1429, Val: 0.1220, Test: 0.1300
Epoch: 15, Loss: 1.9459, Train: 0.1429, Val: 0.1220, Test: 0.1300
Epoch: 16, Loss: 1.9459, Train: 0.1429, Val: 0.1220, Test: 0.1300
Epoch: 17, Loss: 1.9459, Train: 0.1429, Val: 0.1220, Test: 0.1300
Epoch: 18, Loss: 1.9459, Train: 0.1429, Val: 0.1220, Test: 0.1300
Epoch: 19, Loss: 1.9459, Train: 0.1429, Val: 0.1220, Test: 0.1300
Epoch: 20, Loss: 1.9459, Train: 0.1429, Val: 0.1220, Test: 0.1300
Epoch: 21, Loss: 1.9459, Train: 0.1429, Val: 0.1220, Test: 0.1300
Epoch: 22, Loss: 1.9459, Train: 0.1429, Val: 0.1220, Test: 0.1300
Epoch: 23, Loss: 1.9459, Train: 0.1429, Val: 0.1220, Test: 0.1300
Epoch: 24, Loss: 1.9459, Train: 0.1429, Val: 0.1220, Test: 0.1300
Epoch: 25, Loss: 1.9459, Train: 0.1429, Val: 0.1220, Test: 0.1300
Epoch: 26, Loss: 1.9459, Train: 0.1429, Val: 0.1220, Test: 0.1300
Epoch: 27, Loss: 1.9459, Train: 0.1429, Val: 0.1220, Test: 0.1300
Epoch: 28, Loss: 1.9459, Train: 0.1429, Val: 0.1220, Test: 0.1300
Epoch: 29, Loss: 1.9459, Train: 0.1429, Val: 0.1220, Test: 0.1300
Epoch: 30, Loss: 1.9459, Train: 0.1429, Val: 0.1220, Test: 0.1300
Epoch: 31, Loss: 1.9459, Train: 0.1429, Val: 0.1220, Test: 0.1300
Epoch: 32, Loss: 1.9459, Train: 0.1429, Val: 0.1220, Test: 0.1300
Epoch: 33, Loss: 1.9459, Train: 0.1429, Val: 0.1220, Test: 0.1300
Epoch: 34, Loss: 1.9459, Train: 0.1429, Val: 0.1220, Test: 0.1300
Epoch: 35, Loss: 1.9459, Train: 0.1429, Val: 0.1220, Test: 0.1300
Epoch: 36, Loss: 1.9459, Train: 0.1429, Val: 0.1220, Test: 0.1300
Epoch: 37, Loss: 1.9459, Train: 0.1429, Val: 0.1220, Test: 0.1300
Epoch: 38, Loss: 1.9459, Train: 0.1429, Val: 0.1220, Test: 0.1300
Epoch: 39, Loss: 1.9459, Train: 0.1429, Val: 0.1220, Test: 0.1300
Epoch: 40, Loss: 1.9459, Train: 0.1429, Val: 0.1220, Test: 0.1300
Epoch: 41, Loss: 1.9459, Train: 0.1429, Val: 0.1220, Test: 0.1300
Epoch: 42, Loss: 1.9459, Train: 0.1429, Val: 0.1220, Test: 0.1300
Epoch: 43, Loss: 1.9459, Train: 0.1429, Val: 0.1220, Test: 0.1300
Epoch: 44, Loss: 1.9459, Train: 0.1429, Val: 0.1220, Test: 0.1300
Epoch: 45, Loss: 1.9459, Train: 0.1429, Val: 0.1220, Test: 0.1300
Epoch: 46, Loss: 1.9459, Train: 0.1429, Val: 0.1220, Test: 0.1300
Epoch: 47, Loss: 1.9459, Train: 0.1429, Val: 0.1220, Test: 0.1300
Epoch: 48, Loss: 1.9459, Train: 0.1429, Val: 0.1220, Test: 0.1300
Epoch: 49, Loss: 1.9459, Train: 0.1429, Val: 0.1220, Test: 0.1300
Epoch: 50, Loss: 1.9459, Train: 0.1429, Val: 0.1220, Test: 0.1300
Epoch: 51, Loss: 1.9459, Train: 0.1429, Val: 0.1220, Test: 0.1300
Epoch: 52, Loss: 1.9459, Train: 0.1429, Val: 0.1220, Test: 0.1300
Epoch: 53, Loss: 1.9459, Train: 0.1429, Val: 0.1220, Test: 0.1300
Epoch: 54, Loss: 1.9459, Train: 0.1429, Val: 0.1220, Test: 0.1300
Epoch: 55, Loss: 1.9459, Train: 0.1429, Val: 0.1220, Test: 0.1300
Epoch: 56, Loss: 1.9459, Train: 0.1429, Val: 0.1220, Test: 0.1300
Epoch: 57, Loss: 1.9459, Train: 0.1429, Val: 0.1220, Test: 0.1300
Epoch: 58, Loss: 1.9459, Train: 0.1429, Val: 0.1220, Test: 0.1300
Epoch: 59, Loss: 1.9459, Train: 0.1429, Val: 0.1220, Test: 0.1300
Epoch: 60, Loss: 1.9459, Train: 0.1429, Val: 0.1220, Test: 0.1300
Epoch: 61, Loss: 1.9459, Train: 0.1429, Val: 0.1220, Test: 0.1300
Epoch: 62, Loss: 1.9459, Train: 0.1429, Val: 0.1220, Test: 0.1300
Epoch: 63, Loss: 1.9459, Train: 0.1429, Val: 0.1220, Test: 0.1300
Epoch: 64, Loss: 1.9459, Train: 0.1429, Val: 0.1220, Test: 0.1300
Epoch: 65, Loss: 1.9459, Train: 0.1429, Val: 0.1220, Test: 0.1300
Epoch: 66, Loss: 1.9459, Train: 0.1429, Val: 0.1220, Test: 0.1300
Epoch: 67, Loss: 1.9459, Train: 0.1429, Val: 0.1220, Test: 0.1300
Epoch: 68, Loss: 1.9459, Train: 0.1429, Val: 0.1220, Test: 0.1300
Epoch: 69, Loss: 1.9459, Train: 0.1429, Val: 0.1220, Test: 0.1300
Epoch: 70, Loss: 1.9459, Train: 0.1429, Val: 0.1220, Test: 0.1300
Epoch: 71, Loss: 1.9459, Train: 0.1429, Val: 0.1220, Test: 0.1300
Epoch: 72, Loss: 1.9459, Train: 0.1429, Val: 0.1220, Test: 0.1300
Epoch: 73, Loss: 1.9459, Train: 0.1429, Val: 0.1220, Test: 0.1300
Epoch: 74, Loss: 1.9459, Train: 0.1429, Val: 0.1220, Test: 0.1300
Epoch: 75, Loss: 1.9459, Train: 0.1429, Val: 0.1220, Test: 0.1300
Epoch: 76, Loss: 1.9459, Train: 0.1429, Val: 0.1220, Test: 0.1300
Epoch: 77, Loss: 1.9459, Train: 0.1429, Val: 0.1220, Test: 0.1300
Epoch: 78, Loss: 1.9459, Train: 0.1429, Val: 0.1220, Test: 0.1300
Epoch: 79, Loss: 1.9459, Train: 0.1429, Val: 0.1220, Test: 0.1300
Epoch: 80, Loss: 1.9459, Train: 0.1429, Val: 0.1220, Test: 0.1300
Epoch: 81, Loss: 1.9459, Train: 0.1429, Val: 0.1220, Test: 0.1300
Epoch: 82, Loss: 1.9459, Train: 0.1429, Val: 0.1220, Test: 0.1300
Epoch: 83, Loss: 1.9459, Train: 0.1429, Val: 0.1220, Test: 0.1300
Epoch: 84, Loss: 1.9459, Train: 0.1429, Val: 0.1220, Test: 0.1300
Epoch: 85, Loss: 1.9459, Train: 0.1429, Val: 0.1220, Test: 0.1300
Epoch: 86, Loss: 1.9459, Train: 0.1429, Val: 0.1220, Test: 0.1300
Epoch: 87, Loss: 1.9459, Train: 0.1429, Val: 0.1220, Test: 0.1300
Epoch: 88, Loss: 1.9459, Train: 0.1429, Val: 0.1220, Test: 0.1300
Epoch: 89, Loss: 1.9459, Train: 0.1429, Val: 0.1220, Test: 0.1300
Epoch: 90, Loss: 1.9459, Train: 0.1429, Val: 0.1220, Test: 0.1300
Epoch: 91, Loss: 1.9459, Train: 0.1429, Val: 0.1220, Test: 0.1300
Epoch: 92, Loss: 1.9459, Train: 0.1429, Val: 0.1220, Test: 0.1300
Epoch: 93, Loss: 1.9459, Train: 0.1429, Val: 0.1220, Test: 0.1300
Epoch: 94, Loss: 1.9459, Train: 0.1429, Val: 0.1220, Test: 0.1300
Epoch: 95, Loss: 1.9459, Train: 0.1429, Val: 0.1220, Test: 0.1300
Epoch: 96, Loss: 1.9459, Train: 0.1429, Val: 0.1220, Test: 0.1300
Epoch: 97, Loss: 1.9459, Train: 0.1429, Val: 0.1220, Test: 0.1300
Epoch: 98, Loss: 1.9459, Train: 0.1429, Val: 0.1220, Test: 0.1300
Epoch: 99, Loss: 1.9459, Train: 0.1429, Val: 0.1220, Test: 0.1300
Epoch: 100, Loss: 1.9459, Train: 0.1429, Val: 0.1220, Test: 0.1300
MAD:  1.0
Best Test Accuracy: 0.1360, Val Accuracy: 0.1260, Train Accuracy: 0.1429
Training completed.
Seed:  9
GCN(
  (convs): ModuleList(
    (0): GCNConv(1433, 128)
    (1-10): 10 x GCNConv(128, 128)
    (11): GCNConv(128, 7)
  )
)
Epoch: 1, Loss: 1.9462, Train: 0.1429, Val: 0.1140, Test: 0.1030
Epoch: 2, Loss: 1.9458, Train: 0.1429, Val: 0.1140, Test: 0.1020
Epoch: 3, Loss: 1.9461, Train: 0.1429, Val: 0.1220, Test: 0.1300
Epoch: 4, Loss: 1.9459, Train: 0.1429, Val: 0.1220, Test: 0.1300
Epoch: 5, Loss: 1.9459, Train: 0.1429, Val: 0.1220, Test: 0.1300
Epoch: 6, Loss: 1.9460, Train: 0.1429, Val: 0.1220, Test: 0.1300
Epoch: 7, Loss: 1.9459, Train: 0.1429, Val: 0.1220, Test: 0.1300
Epoch: 8, Loss: 1.9456, Train: 0.1429, Val: 0.1220, Test: 0.1300
Epoch: 9, Loss: 1.9459, Train: 0.1643, Val: 0.1160, Test: 0.1130
Epoch: 10, Loss: 1.9457, Train: 0.1429, Val: 0.1140, Test: 0.1030
Epoch: 11, Loss: 1.9460, Train: 0.1429, Val: 0.1140, Test: 0.1030
Epoch: 12, Loss: 1.9459, Train: 0.1429, Val: 0.1140, Test: 0.1030
Epoch: 13, Loss: 1.9459, Train: 0.1429, Val: 0.1140, Test: 0.1030
Epoch: 14, Loss: 1.9463, Train: 0.1429, Val: 0.1140, Test: 0.1030
Epoch: 15, Loss: 1.9459, Train: 0.1429, Val: 0.1160, Test: 0.1130
Epoch: 16, Loss: 1.9459, Train: 0.1429, Val: 0.1220, Test: 0.1300
Epoch: 17, Loss: 1.9459, Train: 0.1429, Val: 0.1220, Test: 0.1300
Epoch: 18, Loss: 1.9459, Train: 0.1429, Val: 0.1220, Test: 0.1300
Epoch: 19, Loss: 1.9459, Train: 0.1643, Val: 0.0940, Test: 0.1020
Epoch: 20, Loss: 1.9459, Train: 0.1429, Val: 0.0580, Test: 0.0640
Epoch: 21, Loss: 1.9459, Train: 0.1429, Val: 0.0580, Test: 0.0640
Epoch: 22, Loss: 1.9460, Train: 0.1429, Val: 0.0580, Test: 0.0640
Epoch: 23, Loss: 1.9459, Train: 0.1429, Val: 0.0580, Test: 0.0640
Epoch: 24, Loss: 1.9460, Train: 0.1429, Val: 0.0580, Test: 0.0640
Epoch: 25, Loss: 1.9459, Train: 0.1429, Val: 0.0580, Test: 0.0640
Epoch: 26, Loss: 1.9455, Train: 0.1429, Val: 0.0580, Test: 0.0640
Epoch: 27, Loss: 1.9460, Train: 0.1429, Val: 0.0580, Test: 0.0640
Epoch: 28, Loss: 1.9461, Train: 0.1429, Val: 0.0620, Test: 0.0710
Epoch: 29, Loss: 1.9461, Train: 0.1214, Val: 0.1120, Test: 0.1240
Epoch: 30, Loss: 1.9460, Train: 0.1429, Val: 0.1220, Test: 0.1300
Epoch: 31, Loss: 1.9459, Train: 0.1429, Val: 0.1220, Test: 0.1300
Epoch: 32, Loss: 1.9459, Train: 0.1429, Val: 0.1220, Test: 0.1300
Epoch: 33, Loss: 1.9459, Train: 0.1429, Val: 0.1220, Test: 0.1300
Epoch: 34, Loss: 1.9459, Train: 0.1429, Val: 0.1220, Test: 0.1300
Epoch: 35, Loss: 1.9459, Train: 0.1429, Val: 0.1220, Test: 0.1300
Epoch: 36, Loss: 1.9459, Train: 0.1429, Val: 0.1220, Test: 0.1300
Epoch: 37, Loss: 1.9459, Train: 0.1429, Val: 0.1220, Test: 0.1300
Epoch: 38, Loss: 1.9459, Train: 0.1429, Val: 0.1220, Test: 0.1300
Epoch: 39, Loss: 1.9459, Train: 0.1429, Val: 0.1220, Test: 0.1300
Epoch: 40, Loss: 1.9459, Train: 0.1429, Val: 0.1220, Test: 0.1300
Epoch: 41, Loss: 1.9459, Train: 0.1429, Val: 0.1220, Test: 0.1300
Epoch: 42, Loss: 1.9459, Train: 0.1429, Val: 0.1220, Test: 0.1300
Epoch: 43, Loss: 1.9459, Train: 0.1429, Val: 0.1220, Test: 0.1300
Epoch: 44, Loss: 1.9459, Train: 0.1429, Val: 0.1220, Test: 0.1300
Epoch: 45, Loss: 1.9459, Train: 0.1429, Val: 0.1220, Test: 0.1300
Epoch: 46, Loss: 1.9459, Train: 0.1429, Val: 0.1220, Test: 0.1300
Epoch: 47, Loss: 1.9459, Train: 0.1429, Val: 0.1220, Test: 0.1300
Epoch: 48, Loss: 1.9459, Train: 0.1429, Val: 0.1220, Test: 0.1300
Epoch: 49, Loss: 1.9459, Train: 0.1429, Val: 0.1220, Test: 0.1300
Epoch: 50, Loss: 1.9459, Train: 0.1429, Val: 0.1220, Test: 0.1300
Epoch: 51, Loss: 1.9459, Train: 0.1429, Val: 0.1220, Test: 0.1300
Epoch: 52, Loss: 1.9459, Train: 0.1429, Val: 0.1220, Test: 0.1300
Epoch: 53, Loss: 1.9460, Train: 0.1429, Val: 0.1220, Test: 0.1300
Epoch: 54, Loss: 1.9459, Train: 0.1429, Val: 0.1220, Test: 0.1300
Epoch: 55, Loss: 1.9459, Train: 0.1429, Val: 0.1220, Test: 0.1300
Epoch: 56, Loss: 1.9460, Train: 0.1429, Val: 0.1220, Test: 0.1300
Epoch: 57, Loss: 1.9459, Train: 0.1429, Val: 0.1220, Test: 0.1300
Epoch: 58, Loss: 1.9459, Train: 0.1429, Val: 0.3160, Test: 0.3190
Epoch: 59, Loss: 1.9458, Train: 0.1429, Val: 0.3160, Test: 0.3190
Epoch: 60, Loss: 1.9459, Train: 0.1429, Val: 0.3160, Test: 0.3190
Epoch: 61, Loss: 1.9456, Train: 0.1429, Val: 0.3160, Test: 0.3190
Epoch: 62, Loss: 1.9458, Train: 0.1429, Val: 0.3160, Test: 0.3190
Epoch: 63, Loss: 1.9456, Train: 0.1429, Val: 0.3160, Test: 0.3190
Epoch: 64, Loss: 1.9462, Train: 0.1429, Val: 0.3160, Test: 0.3190
Epoch: 65, Loss: 1.9462, Train: 0.1429, Val: 0.3160, Test: 0.3190
Epoch: 66, Loss: 1.9458, Train: 0.1429, Val: 0.3160, Test: 0.3190
Epoch: 67, Loss: 1.9459, Train: 0.1429, Val: 0.3160, Test: 0.3190
Epoch: 68, Loss: 1.9466, Train: 0.1429, Val: 0.3160, Test: 0.3190
Epoch: 69, Loss: 1.9459, Train: 0.1429, Val: 0.3160, Test: 0.3190
Epoch: 70, Loss: 1.9458, Train: 0.1429, Val: 0.3160, Test: 0.3190
Epoch: 71, Loss: 1.9462, Train: 0.1429, Val: 0.3160, Test: 0.3190
Epoch: 72, Loss: 1.9458, Train: 0.1429, Val: 0.3160, Test: 0.3190
Epoch: 73, Loss: 1.9460, Train: 0.1429, Val: 0.3160, Test: 0.3190
Epoch: 74, Loss: 1.9462, Train: 0.1429, Val: 0.3160, Test: 0.3190
Epoch: 75, Loss: 1.9458, Train: 0.1429, Val: 0.3160, Test: 0.3190
Epoch: 76, Loss: 1.9459, Train: 0.1429, Val: 0.3160, Test: 0.3190
Epoch: 77, Loss: 1.9461, Train: 0.1429, Val: 0.3160, Test: 0.3190
Epoch: 78, Loss: 1.9460, Train: 0.1500, Val: 0.3100, Test: 0.3170
Epoch: 79, Loss: 1.9461, Train: 0.1429, Val: 0.2320, Test: 0.2180
Epoch: 80, Loss: 1.9458, Train: 0.1500, Val: 0.1480, Test: 0.1490
Epoch: 81, Loss: 1.9459, Train: 0.1500, Val: 0.1300, Test: 0.1340
Epoch: 82, Loss: 1.9460, Train: 0.1429, Val: 0.1220, Test: 0.1300
Epoch: 83, Loss: 1.9459, Train: 0.1429, Val: 0.1220, Test: 0.1300
Epoch: 84, Loss: 1.9459, Train: 0.1429, Val: 0.1220, Test: 0.1300
Epoch: 85, Loss: 1.9459, Train: 0.1429, Val: 0.1220, Test: 0.1300
Epoch: 86, Loss: 1.9459, Train: 0.1429, Val: 0.1220, Test: 0.1300
Epoch: 87, Loss: 1.9459, Train: 0.1429, Val: 0.1220, Test: 0.1300
Epoch: 88, Loss: 1.9459, Train: 0.1429, Val: 0.1220, Test: 0.1300
Epoch: 89, Loss: 1.9459, Train: 0.1429, Val: 0.1220, Test: 0.1300
Epoch: 90, Loss: 1.9459, Train: 0.1429, Val: 0.1220, Test: 0.1300
Epoch: 91, Loss: 1.9459, Train: 0.1429, Val: 0.1220, Test: 0.1300
Epoch: 92, Loss: 1.9459, Train: 0.1429, Val: 0.1220, Test: 0.1300
Epoch: 93, Loss: 1.9459, Train: 0.1429, Val: 0.1220, Test: 0.1300
Epoch: 94, Loss: 1.9459, Train: 0.1429, Val: 0.1220, Test: 0.1300
Epoch: 95, Loss: 1.9459, Train: 0.1429, Val: 0.1220, Test: 0.1300
Epoch: 96, Loss: 1.9459, Train: 0.1429, Val: 0.1220, Test: 0.1300
Epoch: 97, Loss: 1.9459, Train: 0.1429, Val: 0.1220, Test: 0.1300
Epoch: 98, Loss: 1.9459, Train: 0.1429, Val: 0.1220, Test: 0.1300
Epoch: 99, Loss: 1.9459, Train: 0.1429, Val: 0.1220, Test: 0.1300
Epoch: 100, Loss: 1.9459, Train: 0.1429, Val: 0.1220, Test: 0.1300
MAD:  0.0
Best Test Accuracy: 0.3190, Val Accuracy: 0.3160, Train Accuracy: 0.1429
Training completed.
Average Test Accuracy:  0.23090000000000002  0.0697688325830381
Average MAD:  0.25473  0.2937392859322702
