/home/mayi/anaconda3/envs/zzy_DIR/lib/python3.9/site-packages/torch_geometric/deprecation.py:26: UserWarning: 'data.DataLoader' is deprecated, use 'loader.DataLoader' instead
  warnings.warn(out)
2024-11-18 18:44:55,804 - /home/mayi/data/zzy/DIR-GNN/utils/helper.py[line:49] - INFO: +----------------+---------------------------------+
| Parameter      | Value                           |
+----------------+---------------------------------+
| cuda           | 1                               |
+----------------+---------------------------------+
| datadir        | data/                           |
+----------------+---------------------------------+
| epoch          | 10                              |
+----------------+---------------------------------+
| reg            | True                            |
+----------------+---------------------------------+
| seed           | [1, 2, 3, 4, 5, 6, 7, 8, 9, 10] |
+----------------+---------------------------------+
| channels       | 128                             |
+----------------+---------------------------------+
| commit         |                                 |
+----------------+---------------------------------+
| type           | none                            |
+----------------+---------------------------------+
| input_channels | 768                             |
+----------------+---------------------------------+
| pretrain       | 0                               |
+----------------+---------------------------------+
| alpha          | 10                              |
+----------------+---------------------------------+
| r              | 0.500                           |
+----------------+---------------------------------+
| batch_size     | 256                             |
+----------------+---------------------------------+
| net_lr         | 0.000                           |
+----------------+---------------------------------+
2024-11-18 18:44:55,804 - /home/mayi/data/zzy/DIR-GNN/train/teen_dir_GCN.py[line:137] - INFO: Seed:  1
2024-11-18 18:44:55,963 - /home/mayi/data/zzy/DIR-GNN/train/teen_dir_GCN.py[line:188] - INFO: # Train: 45655  #Test: 5708.0 #Val: 5706
/home/mayi/anaconda3/envs/zzy_DIR/lib/python3.9/site-packages/sklearn/metrics/_classification.py:1517: UndefinedMetricWarning: Precision is ill-defined and being set to 0.0 due to no predicted samples. Use `zero_division` parameter to control this behavior.
  _warn_prf(average, modifier, f"{metric.capitalize()} is", len(result))
/home/mayi/anaconda3/envs/zzy_DIR/lib/python3.9/site-packages/sklearn/metrics/_classification.py:1517: UndefinedMetricWarning: Precision is ill-defined and being set to 0.0 due to no predicted samples. Use `zero_division` parameter to control this behavior.
  _warn_prf(average, modifier, f"{metric.capitalize()} is", len(result))
/home/mayi/anaconda3/envs/zzy_DIR/lib/python3.9/site-packages/sklearn/metrics/_classification.py:1517: UndefinedMetricWarning: Precision is ill-defined and being set to 0.0 due to no predicted samples. Use `zero_division` parameter to control this behavior.
  _warn_prf(average, modifier, f"{metric.capitalize()} is", len(result))
2024-11-18 18:45:18,473 - /home/mayi/data/zzy/DIR-GNN/train/teen_dir_GCN.py[line:219] - INFO: Epoch [  0/10]Train_ACC:0.613 Test_ACC:0.622  Val_ACC:0.619  Train_Pre:0.000 Test_Pre:0.000  Val_Pre:0.000  Train_Recall:0.000 Test_Recall:0.000  Val_Recall:0.000  Train_F1:0.000 Test_F1:0.000  Val_F1:0.000  
2024-11-18 18:45:38,991 - /home/mayi/data/zzy/DIR-GNN/train/teen_dir_GCN.py[line:219] - INFO: Epoch [  1/10]Train_ACC:0.834 Test_ACC:0.835  Val_ACC:0.835  Train_Pre:0.973 Test_Pre:0.971  Val_Pre:0.969  Train_Recall:0.588 Test_Recall:0.581  Val_Recall:0.584  Train_F1:0.733 Test_F1:0.727  Val_F1:0.729  
2024-11-18 18:45:59,576 - /home/mayi/data/zzy/DIR-GNN/train/teen_dir_GCN.py[line:219] - INFO: Epoch [  2/10]Train_ACC:0.901 Test_ACC:0.902  Val_ACC:0.899  Train_Pre:0.901 Test_Pre:0.899  Val_Pre:0.899  Train_Recall:0.836 Test_Recall:0.835  Val_Recall:0.827  Train_F1:0.867 Test_F1:0.866  Val_F1:0.862  
2024-11-18 18:46:19,890 - /home/mayi/data/zzy/DIR-GNN/train/teen_dir_GCN.py[line:219] - INFO: Epoch [  3/10]Train_ACC:0.910 Test_ACC:0.908  Val_ACC:0.907  Train_Pre:0.884 Test_Pre:0.880  Val_Pre:0.878  Train_Recall:0.885 Test_Recall:0.878  Val_Recall:0.879  Train_F1:0.884 Test_F1:0.879  Val_F1:0.879  
2024-11-18 18:46:39,919 - /home/mayi/data/zzy/DIR-GNN/train/teen_dir_GCN.py[line:219] - INFO: Epoch [  4/10]Train_ACC:0.922 Test_ACC:0.923  Val_ACC:0.921  Train_Pre:0.891 Test_Pre:0.892  Val_Pre:0.887  Train_Recall:0.910 Test_Recall:0.907  Val_Recall:0.907  Train_F1:0.900 Test_F1:0.899  Val_F1:0.897  
2024-11-18 18:47:00,133 - /home/mayi/data/zzy/DIR-GNN/train/teen_dir_GCN.py[line:219] - INFO: Epoch [  5/10]Train_ACC:0.931 Test_ACC:0.930  Val_ACC:0.929  Train_Pre:0.908 Test_Pre:0.908  Val_Pre:0.903  Train_Recall:0.914 Test_Recall:0.907  Val_Recall:0.911  Train_F1:0.911 Test_F1:0.907  Val_F1:0.907  
2024-11-18 18:47:21,043 - /home/mayi/data/zzy/DIR-GNN/train/teen_dir_GCN.py[line:219] - INFO: Epoch [  6/10]Train_ACC:0.936 Test_ACC:0.934  Val_ACC:0.934  Train_Pre:0.913 Test_Pre:0.910  Val_Pre:0.908  Train_Recall:0.923 Test_Recall:0.915  Val_Recall:0.919  Train_F1:0.918 Test_F1:0.913  Val_F1:0.913  
2024-11-18 18:47:41,627 - /home/mayi/data/zzy/DIR-GNN/train/teen_dir_GCN.py[line:219] - INFO: Epoch [  7/10]Train_ACC:0.941 Test_ACC:0.938  Val_ACC:0.939  Train_Pre:0.920 Test_Pre:0.915  Val_Pre:0.913  Train_Recall:0.928 Test_Recall:0.922  Val_Recall:0.929  Train_F1:0.924 Test_F1:0.918  Val_F1:0.921  
2024-11-18 18:48:02,087 - /home/mayi/data/zzy/DIR-GNN/train/teen_dir_GCN.py[line:219] - INFO: Epoch [  8/10]Train_ACC:0.945 Test_ACC:0.943  Val_ACC:0.944  Train_Pre:0.927 Test_Pre:0.925  Val_Pre:0.922  Train_Recall:0.931 Test_Recall:0.924  Val_Recall:0.931  Train_F1:0.929 Test_F1:0.924  Val_F1:0.927  
2024-11-18 18:48:22,753 - /home/mayi/data/zzy/DIR-GNN/train/teen_dir_GCN.py[line:219] - INFO: Epoch [  9/10]Train_ACC:0.952 Test_ACC:0.947  Val_ACC:0.950  Train_Pre:0.938 Test_Pre:0.932  Val_Pre:0.933  Train_Recall:0.936 Test_Recall:0.929  Val_Recall:0.936  Train_F1:0.937 Test_F1:0.930  Val_F1:0.935  
2024-11-18 18:48:22,753 - /home/mayi/data/zzy/DIR-GNN/train/teen_dir_GCN.py[line:266] - INFO: ====================================================================================================
2024-11-18 18:48:22,753 - /home/mayi/data/zzy/DIR-GNN/train/teen_dir_GCN.py[line:137] - INFO: Seed:  2
2024-11-18 18:48:22,755 - /home/mayi/data/zzy/DIR-GNN/train/teen_dir_GCN.py[line:188] - INFO: # Train: 45655  #Test: 5708.0 #Val: 5706
/home/mayi/anaconda3/envs/zzy_DIR/lib/python3.9/site-packages/sklearn/metrics/_classification.py:1517: UndefinedMetricWarning: Precision is ill-defined and being set to 0.0 due to no predicted samples. Use `zero_division` parameter to control this behavior.
  _warn_prf(average, modifier, f"{metric.capitalize()} is", len(result))
2024-11-18 18:48:43,414 - /home/mayi/data/zzy/DIR-GNN/train/teen_dir_GCN.py[line:219] - INFO: Epoch [  0/10]Train_ACC:0.613 Test_ACC:0.622  Val_ACC:0.619  Train_Pre:0.222 Test_Pre:0.000  Val_Pre:0.000  Train_Recall:0.000 Test_Recall:0.000  Val_Recall:0.000  Train_F1:0.000 Test_F1:0.000  Val_F1:0.000  
2024-11-18 18:49:04,153 - /home/mayi/data/zzy/DIR-GNN/train/teen_dir_GCN.py[line:219] - INFO: Epoch [  1/10]Train_ACC:0.819 Test_ACC:0.822  Val_ACC:0.824  Train_Pre:0.943 Test_Pre:0.938  Val_Pre:0.945  Train_Recall:0.568 Test_Recall:0.567  Val_Recall:0.570  Train_F1:0.709 Test_F1:0.707  Val_F1:0.711  
2024-11-18 18:49:24,347 - /home/mayi/data/zzy/DIR-GNN/train/teen_dir_GCN.py[line:219] - INFO: Epoch [  2/10]Train_ACC:0.882 Test_ACC:0.880  Val_ACC:0.878  Train_Pre:0.879 Test_Pre:0.872  Val_Pre:0.868  Train_Recall:0.806 Test_Recall:0.799  Val_Recall:0.800  Train_F1:0.841 Test_F1:0.834  Val_F1:0.833  
2024-11-18 18:49:45,007 - /home/mayi/data/zzy/DIR-GNN/train/teen_dir_GCN.py[line:219] - INFO: Epoch [  3/10]Train_ACC:0.893 Test_ACC:0.891  Val_ACC:0.891  Train_Pre:0.870 Test_Pre:0.864  Val_Pre:0.860  Train_Recall:0.851 Test_Recall:0.846  Val_Recall:0.853  Train_F1:0.860 Test_F1:0.855  Val_F1:0.856  
2024-11-18 18:50:05,363 - /home/mayi/data/zzy/DIR-GNN/train/teen_dir_GCN.py[line:219] - INFO: Epoch [  4/10]Train_ACC:0.905 Test_ACC:0.903  Val_ACC:0.903  Train_Pre:0.885 Test_Pre:0.875  Val_Pre:0.873  Train_Recall:0.868 Test_Recall:0.866  Val_Recall:0.872  Train_F1:0.876 Test_F1:0.871  Val_F1:0.873  
2024-11-18 18:50:25,756 - /home/mayi/data/zzy/DIR-GNN/train/teen_dir_GCN.py[line:219] - INFO: Epoch [  5/10]Train_ACC:0.916 Test_ACC:0.914  Val_ACC:0.913  Train_Pre:0.892 Test_Pre:0.881  Val_Pre:0.881  Train_Recall:0.891 Test_Recall:0.893  Val_Recall:0.891  Train_F1:0.891 Test_F1:0.887  Val_F1:0.886  
2024-11-18 18:50:46,643 - /home/mayi/data/zzy/DIR-GNN/train/teen_dir_GCN.py[line:219] - INFO: Epoch [  6/10]Train_ACC:0.925 Test_ACC:0.923  Val_ACC:0.921  Train_Pre:0.904 Test_Pre:0.896  Val_Pre:0.892  Train_Recall:0.903 Test_Recall:0.900  Val_Recall:0.901  Train_F1:0.903 Test_F1:0.898  Val_F1:0.897  
2024-11-18 18:51:07,061 - /home/mayi/data/zzy/DIR-GNN/train/teen_dir_GCN.py[line:219] - INFO: Epoch [  7/10]Train_ACC:0.930 Test_ACC:0.928  Val_ACC:0.925  Train_Pre:0.909 Test_Pre:0.902  Val_Pre:0.899  Train_Recall:0.912 Test_Recall:0.909  Val_Recall:0.905  Train_F1:0.910 Test_F1:0.906  Val_F1:0.902  
2024-11-18 18:51:27,571 - /home/mayi/data/zzy/DIR-GNN/train/teen_dir_GCN.py[line:219] - INFO: Epoch [  8/10]Train_ACC:0.935 Test_ACC:0.932  Val_ACC:0.930  Train_Pre:0.915 Test_Pre:0.907  Val_Pre:0.906  Train_Recall:0.918 Test_Recall:0.914  Val_Recall:0.912  Train_F1:0.917 Test_F1:0.911  Val_F1:0.909  
2024-11-18 18:51:48,240 - /home/mayi/data/zzy/DIR-GNN/train/teen_dir_GCN.py[line:219] - INFO: Epoch [  9/10]Train_ACC:0.940 Test_ACC:0.935  Val_ACC:0.935  Train_Pre:0.922 Test_Pre:0.912  Val_Pre:0.913  Train_Recall:0.923 Test_Recall:0.917  Val_Recall:0.918  Train_F1:0.922 Test_F1:0.914  Val_F1:0.915  
2024-11-18 18:51:48,240 - /home/mayi/data/zzy/DIR-GNN/train/teen_dir_GCN.py[line:266] - INFO: ====================================================================================================
2024-11-18 18:51:48,240 - /home/mayi/data/zzy/DIR-GNN/train/teen_dir_GCN.py[line:137] - INFO: Seed:  3
2024-11-18 18:51:48,242 - /home/mayi/data/zzy/DIR-GNN/train/teen_dir_GCN.py[line:188] - INFO: # Train: 45655  #Test: 5708.0 #Val: 5706
/home/mayi/anaconda3/envs/zzy_DIR/lib/python3.9/site-packages/sklearn/metrics/_classification.py:1517: UndefinedMetricWarning: Precision is ill-defined and being set to 0.0 due to no predicted samples. Use `zero_division` parameter to control this behavior.
  _warn_prf(average, modifier, f"{metric.capitalize()} is", len(result))
/home/mayi/anaconda3/envs/zzy_DIR/lib/python3.9/site-packages/sklearn/metrics/_classification.py:1517: UndefinedMetricWarning: Precision is ill-defined and being set to 0.0 due to no predicted samples. Use `zero_division` parameter to control this behavior.
  _warn_prf(average, modifier, f"{metric.capitalize()} is", len(result))
/home/mayi/anaconda3/envs/zzy_DIR/lib/python3.9/site-packages/sklearn/metrics/_classification.py:1517: UndefinedMetricWarning: Precision is ill-defined and being set to 0.0 due to no predicted samples. Use `zero_division` parameter to control this behavior.
  _warn_prf(average, modifier, f"{metric.capitalize()} is", len(result))
2024-11-18 18:52:08,996 - /home/mayi/data/zzy/DIR-GNN/train/teen_dir_GCN.py[line:219] - INFO: Epoch [  0/10]Train_ACC:0.613 Test_ACC:0.622  Val_ACC:0.619  Train_Pre:0.000 Test_Pre:0.000  Val_Pre:0.000  Train_Recall:0.000 Test_Recall:0.000  Val_Recall:0.000  Train_F1:0.000 Test_F1:0.000  Val_F1:0.000  
2024-11-18 18:52:29,661 - /home/mayi/data/zzy/DIR-GNN/train/teen_dir_GCN.py[line:219] - INFO: Epoch [  1/10]Train_ACC:0.700 Test_ACC:0.710  Val_ACC:0.708  Train_Pre:0.983 Test_Pre:0.983  Val_Pre:0.977  Train_Recall:0.228 Test_Recall:0.237  Val_Recall:0.238  Train_F1:0.370 Test_F1:0.382  Val_F1:0.383  
2024-11-18 18:52:50,278 - /home/mayi/data/zzy/DIR-GNN/train/teen_dir_GCN.py[line:219] - INFO: Epoch [  2/10]Train_ACC:0.897 Test_ACC:0.893  Val_ACC:0.893  Train_Pre:0.923 Test_Pre:0.914  Val_Pre:0.915  Train_Recall:0.800 Test_Recall:0.791  Val_Recall:0.794  Train_F1:0.857 Test_F1:0.848  Val_F1:0.850  
2024-11-18 18:53:10,728 - /home/mayi/data/zzy/DIR-GNN/train/teen_dir_GCN.py[line:219] - INFO: Epoch [  3/10]Train_ACC:0.899 Test_ACC:0.900  Val_ACC:0.892  Train_Pre:0.885 Test_Pre:0.884  Val_Pre:0.871  Train_Recall:0.849 Test_Recall:0.848  Val_Recall:0.842  Train_F1:0.867 Test_F1:0.866  Val_F1:0.856  
2024-11-18 18:53:31,589 - /home/mayi/data/zzy/DIR-GNN/train/teen_dir_GCN.py[line:219] - INFO: Epoch [  4/10]Train_ACC:0.907 Test_ACC:0.909  Val_ACC:0.902  Train_Pre:0.887 Test_Pre:0.888  Val_Pre:0.875  Train_Recall:0.870 Test_Recall:0.869  Val_Recall:0.866  Train_F1:0.878 Test_F1:0.879  Val_F1:0.871  
2024-11-18 18:53:52,254 - /home/mayi/data/zzy/DIR-GNN/train/teen_dir_GCN.py[line:219] - INFO: Epoch [  5/10]Train_ACC:0.914 Test_ACC:0.916  Val_ACC:0.911  Train_Pre:0.896 Test_Pre:0.897  Val_Pre:0.885  Train_Recall:0.881 Test_Recall:0.879  Val_Recall:0.880  Train_F1:0.889 Test_F1:0.888  Val_F1:0.882  
2024-11-18 18:54:13,570 - /home/mayi/data/zzy/DIR-GNN/train/teen_dir_GCN.py[line:219] - INFO: Epoch [  6/10]Train_ACC:0.924 Test_ACC:0.924  Val_ACC:0.921  Train_Pre:0.908 Test_Pre:0.905  Val_Pre:0.898  Train_Recall:0.895 Test_Recall:0.892  Val_Recall:0.894  Train_F1:0.901 Test_F1:0.898  Val_F1:0.896  
2024-11-18 18:54:34,583 - /home/mayi/data/zzy/DIR-GNN/train/teen_dir_GCN.py[line:219] - INFO: Epoch [  7/10]Train_ACC:0.931 Test_ACC:0.930  Val_ACC:0.929  Train_Pre:0.920 Test_Pre:0.914  Val_Pre:0.912  Train_Recall:0.901 Test_Recall:0.897  Val_Recall:0.899  Train_F1:0.910 Test_F1:0.906  Val_F1:0.906  
2024-11-18 18:54:55,453 - /home/mayi/data/zzy/DIR-GNN/train/teen_dir_GCN.py[line:219] - INFO: Epoch [  8/10]Train_ACC:0.936 Test_ACC:0.934  Val_ACC:0.934  Train_Pre:0.921 Test_Pre:0.916  Val_Pre:0.914  Train_Recall:0.914 Test_Recall:0.909  Val_Recall:0.913  Train_F1:0.917 Test_F1:0.912  Val_F1:0.914  
2024-11-18 18:55:16,206 - /home/mayi/data/zzy/DIR-GNN/train/teen_dir_GCN.py[line:219] - INFO: Epoch [  9/10]Train_ACC:0.940 Test_ACC:0.938  Val_ACC:0.939  Train_Pre:0.925 Test_Pre:0.921  Val_Pre:0.918  Train_Recall:0.920 Test_Recall:0.914  Val_Recall:0.922  Train_F1:0.923 Test_F1:0.917  Val_F1:0.920  
2024-11-18 18:55:16,206 - /home/mayi/data/zzy/DIR-GNN/train/teen_dir_GCN.py[line:266] - INFO: ====================================================================================================
2024-11-18 18:55:16,206 - /home/mayi/data/zzy/DIR-GNN/train/teen_dir_GCN.py[line:137] - INFO: Seed:  4
2024-11-18 18:55:16,208 - /home/mayi/data/zzy/DIR-GNN/train/teen_dir_GCN.py[line:188] - INFO: # Train: 45655  #Test: 5708.0 #Val: 5706
2024-11-18 18:55:37,211 - /home/mayi/data/zzy/DIR-GNN/train/teen_dir_GCN.py[line:219] - INFO: Epoch [  0/10]Train_ACC:0.638 Test_ACC:0.647  Val_ACC:0.647  Train_Pre:0.907 Test_Pre:0.902  Val_Pre:0.920  Train_Recall:0.072 Test_Recall:0.073  Val_Recall:0.080  Train_F1:0.134 Test_F1:0.135  Val_F1:0.147  
2024-11-18 18:55:57,642 - /home/mayi/data/zzy/DIR-GNN/train/teen_dir_GCN.py[line:219] - INFO: Epoch [  1/10]Train_ACC:0.858 Test_ACC:0.855  Val_ACC:0.860  Train_Pre:0.868 Test_Pre:0.863  Val_Pre:0.867  Train_Recall:0.746 Test_Recall:0.733  Val_Recall:0.746  Train_F1:0.802 Test_F1:0.793  Val_F1:0.802  
2024-11-18 18:56:18,684 - /home/mayi/data/zzy/DIR-GNN/train/teen_dir_GCN.py[line:219] - INFO: Epoch [  2/10]Train_ACC:0.874 Test_ACC:0.875  Val_ACC:0.875  Train_Pre:0.851 Test_Pre:0.849  Val_Pre:0.846  Train_Recall:0.819 Test_Recall:0.813  Val_Recall:0.820  Train_F1:0.834 Test_F1:0.831  Val_F1:0.833  
2024-11-18 18:56:39,377 - /home/mayi/data/zzy/DIR-GNN/train/teen_dir_GCN.py[line:219] - INFO: Epoch [  3/10]Train_ACC:0.883 Test_ACC:0.883  Val_ACC:0.882  Train_Pre:0.848 Test_Pre:0.847  Val_Pre:0.841  Train_Recall:0.851 Test_Recall:0.842  Val_Recall:0.853  Train_F1:0.850 Test_F1:0.844  Val_F1:0.847  
2024-11-18 18:57:00,151 - /home/mayi/data/zzy/DIR-GNN/train/teen_dir_GCN.py[line:219] - INFO: Epoch [  4/10]Train_ACC:0.896 Test_ACC:0.895  Val_ACC:0.899  Train_Pre:0.864 Test_Pre:0.860  Val_Pre:0.863  Train_Recall:0.870 Test_Recall:0.863  Val_Recall:0.873  Train_F1:0.867 Test_F1:0.862  Val_F1:0.868  
2024-11-18 18:57:20,774 - /home/mayi/data/zzy/DIR-GNN/train/teen_dir_GCN.py[line:219] - INFO: Epoch [  5/10]Train_ACC:0.904 Test_ACC:0.902  Val_ACC:0.907  Train_Pre:0.870 Test_Pre:0.864  Val_Pre:0.868  Train_Recall:0.884 Test_Recall:0.878  Val_Recall:0.891  Train_F1:0.877 Test_F1:0.871  Val_F1:0.879  
2024-11-18 18:57:41,467 - /home/mayi/data/zzy/DIR-GNN/train/teen_dir_GCN.py[line:219] - INFO: Epoch [  6/10]Train_ACC:0.910 Test_ACC:0.908  Val_ACC:0.910  Train_Pre:0.872 Test_Pre:0.868  Val_Pre:0.866  Train_Recall:0.899 Test_Recall:0.893  Val_Recall:0.902  Train_F1:0.885 Test_F1:0.880  Val_F1:0.884  
2024-11-18 18:58:01,897 - /home/mayi/data/zzy/DIR-GNN/train/teen_dir_GCN.py[line:219] - INFO: Epoch [  7/10]Train_ACC:0.916 Test_ACC:0.914  Val_ACC:0.916  Train_Pre:0.884 Test_Pre:0.879  Val_Pre:0.881  Train_Recall:0.902 Test_Recall:0.897  Val_Recall:0.903  Train_F1:0.893 Test_F1:0.888  Val_F1:0.892  
2024-11-18 18:58:22,657 - /home/mayi/data/zzy/DIR-GNN/train/teen_dir_GCN.py[line:219] - INFO: Epoch [  8/10]Train_ACC:0.922 Test_ACC:0.919  Val_ACC:0.922  Train_Pre:0.897 Test_Pre:0.886  Val_Pre:0.890  Train_Recall:0.904 Test_Recall:0.902  Val_Recall:0.906  Train_F1:0.900 Test_F1:0.894  Val_F1:0.898  
2024-11-18 18:58:43,164 - /home/mayi/data/zzy/DIR-GNN/train/teen_dir_GCN.py[line:219] - INFO: Epoch [  9/10]Train_ACC:0.930 Test_ACC:0.927  Val_ACC:0.928  Train_Pre:0.913 Test_Pre:0.904  Val_Pre:0.903  Train_Recall:0.905 Test_Recall:0.902  Val_Recall:0.908  Train_F1:0.909 Test_F1:0.903  Val_F1:0.905  
2024-11-18 18:58:43,164 - /home/mayi/data/zzy/DIR-GNN/train/teen_dir_GCN.py[line:266] - INFO: ====================================================================================================
2024-11-18 18:58:43,164 - /home/mayi/data/zzy/DIR-GNN/train/teen_dir_GCN.py[line:137] - INFO: Seed:  5
2024-11-18 18:58:43,166 - /home/mayi/data/zzy/DIR-GNN/train/teen_dir_GCN.py[line:188] - INFO: # Train: 45655  #Test: 5708.0 #Val: 5706
2024-11-18 18:59:03,820 - /home/mayi/data/zzy/DIR-GNN/train/teen_dir_GCN.py[line:219] - INFO: Epoch [  0/10]Train_ACC:0.615 Test_ACC:0.624  Val_ACC:0.623  Train_Pre:1.000 Test_Pre:1.000  Val_Pre:1.000  Train_Recall:0.006 Test_Recall:0.005  Val_Recall:0.008  Train_F1:0.012 Test_F1:0.010  Val_F1:0.016  
2024-11-18 18:59:24,245 - /home/mayi/data/zzy/DIR-GNN/train/teen_dir_GCN.py[line:219] - INFO: Epoch [  1/10]Train_ACC:0.849 Test_ACC:0.851  Val_ACC:0.850  Train_Pre:0.915 Test_Pre:0.912  Val_Pre:0.906  Train_Recall:0.672 Test_Recall:0.672  Val_Recall:0.676  Train_F1:0.775 Test_F1:0.774  Val_F1:0.774  
2024-11-18 18:59:45,029 - /home/mayi/data/zzy/DIR-GNN/train/teen_dir_GCN.py[line:219] - INFO: Epoch [  2/10]Train_ACC:0.882 Test_ACC:0.882  Val_ACC:0.881  Train_Pre:0.868 Test_Pre:0.869  Val_Pre:0.863  Train_Recall:0.818 Test_Recall:0.808  Val_Recall:0.817  Train_F1:0.843 Test_F1:0.838  Val_F1:0.839  
2024-11-18 19:00:05,363 - /home/mayi/data/zzy/DIR-GNN/train/teen_dir_GCN.py[line:219] - INFO: Epoch [  3/10]Train_ACC:0.889 Test_ACC:0.892  Val_ACC:0.885  Train_Pre:0.868 Test_Pre:0.873  Val_Pre:0.859  Train_Recall:0.841 Test_Recall:0.836  Val_Recall:0.835  Train_F1:0.854 Test_F1:0.854  Val_F1:0.847  
2024-11-18 19:00:25,782 - /home/mayi/data/zzy/DIR-GNN/train/teen_dir_GCN.py[line:219] - INFO: Epoch [  4/10]Train_ACC:0.900 Test_ACC:0.902  Val_ACC:0.895  Train_Pre:0.868 Test_Pre:0.874  Val_Pre:0.860  Train_Recall:0.874 Test_Recall:0.866  Val_Recall:0.866  Train_F1:0.871 Test_F1:0.870  Val_F1:0.863  
2024-11-18 19:00:46,634 - /home/mayi/data/zzy/DIR-GNN/train/teen_dir_GCN.py[line:219] - INFO: Epoch [  5/10]Train_ACC:0.911 Test_ACC:0.911  Val_ACC:0.908  Train_Pre:0.885 Test_Pre:0.886  Val_Pre:0.873  Train_Recall:0.886 Test_Recall:0.879  Val_Recall:0.887  Train_F1:0.885 Test_F1:0.882  Val_F1:0.880  
2024-11-18 19:01:07,699 - /home/mayi/data/zzy/DIR-GNN/train/teen_dir_GCN.py[line:219] - INFO: Epoch [  6/10]Train_ACC:0.919 Test_ACC:0.921  Val_ACC:0.914  Train_Pre:0.898 Test_Pre:0.902  Val_Pre:0.885  Train_Recall:0.893 Test_Recall:0.888  Val_Recall:0.890  Train_F1:0.895 Test_F1:0.895  Val_F1:0.888  
2024-11-18 19:01:28,335 - /home/mayi/data/zzy/DIR-GNN/train/teen_dir_GCN.py[line:219] - INFO: Epoch [  7/10]Train_ACC:0.926 Test_ACC:0.925  Val_ACC:0.924  Train_Pre:0.904 Test_Pre:0.903  Val_Pre:0.896  Train_Recall:0.906 Test_Recall:0.898  Val_Recall:0.905  Train_F1:0.905 Test_F1:0.901  Val_F1:0.900  
2024-11-18 19:01:48,999 - /home/mayi/data/zzy/DIR-GNN/train/teen_dir_GCN.py[line:219] - INFO: Epoch [  8/10]Train_ACC:0.930 Test_ACC:0.930  Val_ACC:0.927  Train_Pre:0.905 Test_Pre:0.904  Val_Pre:0.897  Train_Recall:0.915 Test_Recall:0.910  Val_Recall:0.915  Train_F1:0.910 Test_F1:0.907  Val_F1:0.906  
2024-11-18 19:02:09,483 - /home/mayi/data/zzy/DIR-GNN/train/teen_dir_GCN.py[line:219] - INFO: Epoch [  9/10]Train_ACC:0.935 Test_ACC:0.931  Val_ACC:0.933  Train_Pre:0.909 Test_Pre:0.904  Val_Pre:0.902  Train_Recall:0.925 Test_Recall:0.916  Val_Recall:0.925  Train_F1:0.917 Test_F1:0.910  Val_F1:0.913  
2024-11-18 19:02:09,483 - /home/mayi/data/zzy/DIR-GNN/train/teen_dir_GCN.py[line:266] - INFO: ====================================================================================================
2024-11-18 19:02:09,483 - /home/mayi/data/zzy/DIR-GNN/train/teen_dir_GCN.py[line:137] - INFO: Seed:  6
2024-11-18 19:02:09,485 - /home/mayi/data/zzy/DIR-GNN/train/teen_dir_GCN.py[line:188] - INFO: # Train: 45655  #Test: 5708.0 #Val: 5706
/home/mayi/anaconda3/envs/zzy_DIR/lib/python3.9/site-packages/sklearn/metrics/_classification.py:1517: UndefinedMetricWarning: Precision is ill-defined and being set to 0.0 due to no predicted samples. Use `zero_division` parameter to control this behavior.
  _warn_prf(average, modifier, f"{metric.capitalize()} is", len(result))
/home/mayi/anaconda3/envs/zzy_DIR/lib/python3.9/site-packages/sklearn/metrics/_classification.py:1517: UndefinedMetricWarning: Precision is ill-defined and being set to 0.0 due to no predicted samples. Use `zero_division` parameter to control this behavior.
  _warn_prf(average, modifier, f"{metric.capitalize()} is", len(result))
/home/mayi/anaconda3/envs/zzy_DIR/lib/python3.9/site-packages/sklearn/metrics/_classification.py:1517: UndefinedMetricWarning: Precision is ill-defined and being set to 0.0 due to no predicted samples. Use `zero_division` parameter to control this behavior.
  _warn_prf(average, modifier, f"{metric.capitalize()} is", len(result))
2024-11-18 19:02:30,246 - /home/mayi/data/zzy/DIR-GNN/train/teen_dir_GCN.py[line:219] - INFO: Epoch [  0/10]Train_ACC:0.613 Test_ACC:0.622  Val_ACC:0.619  Train_Pre:0.000 Test_Pre:0.000  Val_Pre:0.000  Train_Recall:0.000 Test_Recall:0.000  Val_Recall:0.000  Train_F1:0.000 Test_F1:0.000  Val_F1:0.000  
2024-11-18 19:02:50,764 - /home/mayi/data/zzy/DIR-GNN/train/teen_dir_GCN.py[line:219] - INFO: Epoch [  1/10]Train_ACC:0.860 Test_ACC:0.861  Val_ACC:0.865  Train_Pre:0.905 Test_Pre:0.900  Val_Pre:0.904  Train_Recall:0.714 Test_Recall:0.711  Val_Recall:0.722  Train_F1:0.798 Test_F1:0.794  Val_F1:0.803  
2024-11-18 19:03:11,329 - /home/mayi/data/zzy/DIR-GNN/train/teen_dir_GCN.py[line:219] - INFO: Epoch [  2/10]Train_ACC:0.888 Test_ACC:0.892  Val_ACC:0.887  Train_Pre:0.866 Test_Pre:0.870  Val_Pre:0.860  Train_Recall:0.840 Test_Recall:0.839  Val_Recall:0.839  Train_F1:0.853 Test_F1:0.854  Val_F1:0.849  
2024-11-18 19:03:31,642 - /home/mayi/data/zzy/DIR-GNN/train/teen_dir_GCN.py[line:219] - INFO: Epoch [  3/10]Train_ACC:0.899 Test_ACC:0.902  Val_ACC:0.897  Train_Pre:0.867 Test_Pre:0.870  Val_Pre:0.861  Train_Recall:0.875 Test_Recall:0.870  Val_Recall:0.871  Train_F1:0.871 Test_F1:0.870  Val_F1:0.866  
2024-11-18 19:03:51,885 - /home/mayi/data/zzy/DIR-GNN/train/teen_dir_GCN.py[line:219] - INFO: Epoch [  4/10]Train_ACC:0.907 Test_ACC:0.909  Val_ACC:0.905  Train_Pre:0.873 Test_Pre:0.874  Val_Pre:0.866  Train_Recall:0.889 Test_Recall:0.885  Val_Recall:0.888  Train_F1:0.881 Test_F1:0.880  Val_F1:0.877  
2024-11-18 19:04:12,533 - /home/mayi/data/zzy/DIR-GNN/train/teen_dir_GCN.py[line:219] - INFO: Epoch [  5/10]Train_ACC:0.916 Test_ACC:0.917  Val_ACC:0.913  Train_Pre:0.882 Test_Pre:0.882  Val_Pre:0.875  Train_Recall:0.904 Test_Recall:0.900  Val_Recall:0.901  Train_F1:0.893 Test_F1:0.891  Val_F1:0.888  
2024-11-18 19:04:32,928 - /home/mayi/data/zzy/DIR-GNN/train/teen_dir_GCN.py[line:219] - INFO: Epoch [  6/10]Train_ACC:0.928 Test_ACC:0.927  Val_ACC:0.926  Train_Pre:0.904 Test_Pre:0.902  Val_Pre:0.899  Train_Recall:0.911 Test_Recall:0.906  Val_Recall:0.908  Train_F1:0.908 Test_F1:0.904  Val_F1:0.903  
2024-11-18 19:04:53,227 - /home/mayi/data/zzy/DIR-GNN/train/teen_dir_GCN.py[line:219] - INFO: Epoch [  7/10]Train_ACC:0.936 Test_ACC:0.936  Val_ACC:0.934  Train_Pre:0.919 Test_Pre:0.917  Val_Pre:0.914  Train_Recall:0.914 Test_Recall:0.913  Val_Recall:0.912  Train_F1:0.917 Test_F1:0.915  Val_F1:0.913  
2024-11-18 19:05:13,329 - /home/mayi/data/zzy/DIR-GNN/train/teen_dir_GCN.py[line:219] - INFO: Epoch [  8/10]Train_ACC:0.939 Test_ACC:0.940  Val_ACC:0.939  Train_Pre:0.919 Test_Pre:0.915  Val_Pre:0.916  Train_Recall:0.924 Test_Recall:0.927  Val_Recall:0.923  Train_F1:0.921 Test_F1:0.921  Val_F1:0.920  
2024-11-18 19:05:33,766 - /home/mayi/data/zzy/DIR-GNN/train/teen_dir_GCN.py[line:219] - INFO: Epoch [  9/10]Train_ACC:0.942 Test_ACC:0.942  Val_ACC:0.940  Train_Pre:0.926 Test_Pre:0.919  Val_Pre:0.918  Train_Recall:0.925 Test_Recall:0.929  Val_Recall:0.925  Train_F1:0.926 Test_F1:0.924  Val_F1:0.922  
2024-11-18 19:05:33,766 - /home/mayi/data/zzy/DIR-GNN/train/teen_dir_GCN.py[line:266] - INFO: ====================================================================================================
2024-11-18 19:05:33,766 - /home/mayi/data/zzy/DIR-GNN/train/teen_dir_GCN.py[line:137] - INFO: Seed:  7
2024-11-18 19:05:33,768 - /home/mayi/data/zzy/DIR-GNN/train/teen_dir_GCN.py[line:188] - INFO: # Train: 45655  #Test: 5708.0 #Val: 5706
2024-11-18 19:05:54,494 - /home/mayi/data/zzy/DIR-GNN/train/teen_dir_GCN.py[line:219] - INFO: Epoch [  0/10]Train_ACC:0.662 Test_ACC:0.676  Val_ACC:0.669  Train_Pre:0.917 Test_Pre:0.931  Val_Pre:0.908  Train_Recall:0.139 Test_Recall:0.155  Val_Recall:0.145  Train_F1:0.242 Test_F1:0.266  Val_F1:0.249  
2024-11-18 19:06:15,187 - /home/mayi/data/zzy/DIR-GNN/train/teen_dir_GCN.py[line:219] - INFO: Epoch [  1/10]Train_ACC:0.887 Test_ACC:0.886  Val_ACC:0.881  Train_Pre:0.884 Test_Pre:0.881  Val_Pre:0.876  Train_Recall:0.815 Test_Recall:0.809  Val_Recall:0.800  Train_F1:0.848 Test_F1:0.843  Val_F1:0.836  
2024-11-18 19:06:35,885 - /home/mayi/data/zzy/DIR-GNN/train/teen_dir_GCN.py[line:219] - INFO: Epoch [  2/10]Train_ACC:0.891 Test_ACC:0.890  Val_ACC:0.884  Train_Pre:0.871 Test_Pre:0.871  Val_Pre:0.858  Train_Recall:0.842 Test_Recall:0.833  Val_Recall:0.832  Train_F1:0.856 Test_F1:0.852  Val_F1:0.845  
2024-11-18 19:06:56,662 - /home/mayi/data/zzy/DIR-GNN/train/teen_dir_GCN.py[line:219] - INFO: Epoch [  3/10]Train_ACC:0.897 Test_ACC:0.897  Val_ACC:0.892  Train_Pre:0.872 Test_Pre:0.870  Val_Pre:0.861  Train_Recall:0.861 Test_Recall:0.856  Val_Recall:0.855  Train_F1:0.867 Test_F1:0.863  Val_F1:0.858  
2024-11-18 19:07:17,570 - /home/mayi/data/zzy/DIR-GNN/train/teen_dir_GCN.py[line:219] - INFO: Epoch [  4/10]Train_ACC:0.910 Test_ACC:0.906  Val_ACC:0.907  Train_Pre:0.887 Test_Pre:0.880  Val_Pre:0.879  Train_Recall:0.878 Test_Recall:0.870  Val_Recall:0.878  Train_F1:0.883 Test_F1:0.875  Val_F1:0.878  
2024-11-18 19:07:38,212 - /home/mayi/data/zzy/DIR-GNN/train/teen_dir_GCN.py[line:219] - INFO: Epoch [  5/10]Train_ACC:0.918 Test_ACC:0.914  Val_ACC:0.915  Train_Pre:0.895 Test_Pre:0.886  Val_Pre:0.886  Train_Recall:0.891 Test_Recall:0.887  Val_Recall:0.890  Train_F1:0.893 Test_F1:0.887  Val_F1:0.888  
2024-11-18 19:07:58,454 - /home/mayi/data/zzy/DIR-GNN/train/teen_dir_GCN.py[line:219] - INFO: Epoch [  6/10]Train_ACC:0.924 Test_ACC:0.922  Val_ACC:0.921  Train_Pre:0.898 Test_Pre:0.890  Val_Pre:0.887  Train_Recall:0.908 Test_Recall:0.906  Val_Recall:0.908  Train_F1:0.903 Test_F1:0.898  Val_F1:0.898  
2024-11-18 19:08:19,179 - /home/mayi/data/zzy/DIR-GNN/train/teen_dir_GCN.py[line:219] - INFO: Epoch [  7/10]Train_ACC:0.930 Test_ACC:0.927  Val_ACC:0.928  Train_Pre:0.911 Test_Pre:0.902  Val_Pre:0.900  Train_Recall:0.910 Test_Recall:0.905  Val_Recall:0.911  Train_F1:0.910 Test_F1:0.904  Val_F1:0.905  
2024-11-18 19:08:40,085 - /home/mayi/data/zzy/DIR-GNN/train/teen_dir_GCN.py[line:219] - INFO: Epoch [  8/10]Train_ACC:0.935 Test_ACC:0.930  Val_ACC:0.932  Train_Pre:0.913 Test_Pre:0.902  Val_Pre:0.902  Train_Recall:0.920 Test_Recall:0.915  Val_Recall:0.922  Train_F1:0.916 Test_F1:0.908  Val_F1:0.912  
2024-11-18 19:09:01,261 - /home/mayi/data/zzy/DIR-GNN/train/teen_dir_GCN.py[line:219] - INFO: Epoch [  9/10]Train_ACC:0.940 Test_ACC:0.934  Val_ACC:0.936  Train_Pre:0.918 Test_Pre:0.905  Val_Pre:0.907  Train_Recall:0.927 Test_Recall:0.922  Val_Recall:0.926  Train_F1:0.923 Test_F1:0.913  Val_F1:0.916  
2024-11-18 19:09:01,261 - /home/mayi/data/zzy/DIR-GNN/train/teen_dir_GCN.py[line:266] - INFO: ====================================================================================================
2024-11-18 19:09:01,261 - /home/mayi/data/zzy/DIR-GNN/train/teen_dir_GCN.py[line:137] - INFO: Seed:  8
2024-11-18 19:09:01,263 - /home/mayi/data/zzy/DIR-GNN/train/teen_dir_GCN.py[line:188] - INFO: # Train: 45655  #Test: 5708.0 #Val: 5706
/home/mayi/anaconda3/envs/zzy_DIR/lib/python3.9/site-packages/sklearn/metrics/_classification.py:1517: UndefinedMetricWarning: Precision is ill-defined and being set to 0.0 due to no predicted samples. Use `zero_division` parameter to control this behavior.
  _warn_prf(average, modifier, f"{metric.capitalize()} is", len(result))
/home/mayi/anaconda3/envs/zzy_DIR/lib/python3.9/site-packages/sklearn/metrics/_classification.py:1517: UndefinedMetricWarning: Precision is ill-defined and being set to 0.0 due to no predicted samples. Use `zero_division` parameter to control this behavior.
  _warn_prf(average, modifier, f"{metric.capitalize()} is", len(result))
/home/mayi/anaconda3/envs/zzy_DIR/lib/python3.9/site-packages/sklearn/metrics/_classification.py:1517: UndefinedMetricWarning: Precision is ill-defined and being set to 0.0 due to no predicted samples. Use `zero_division` parameter to control this behavior.
  _warn_prf(average, modifier, f"{metric.capitalize()} is", len(result))
2024-11-18 19:09:21,981 - /home/mayi/data/zzy/DIR-GNN/train/teen_dir_GCN.py[line:219] - INFO: Epoch [  0/10]Train_ACC:0.613 Test_ACC:0.622  Val_ACC:0.619  Train_Pre:0.000 Test_Pre:0.000  Val_Pre:0.000  Train_Recall:0.000 Test_Recall:0.000  Val_Recall:0.000  Train_F1:0.000 Test_F1:0.000  Val_F1:0.000  
2024-11-18 19:09:42,999 - /home/mayi/data/zzy/DIR-GNN/train/teen_dir_GCN.py[line:219] - INFO: Epoch [  1/10]Train_ACC:0.832 Test_ACC:0.836  Val_ACC:0.838  Train_Pre:0.912 Test_Pre:0.911  Val_Pre:0.916  Train_Recall:0.627 Test_Recall:0.628  Val_Recall:0.634  Train_F1:0.743 Test_F1:0.743  Val_F1:0.749  
2024-11-18 19:10:03,646 - /home/mayi/data/zzy/DIR-GNN/train/teen_dir_GCN.py[line:219] - INFO: Epoch [  2/10]Train_ACC:0.869 Test_ACC:0.870  Val_ACC:0.867  Train_Pre:0.875 Test_Pre:0.875  Val_Pre:0.870  Train_Recall:0.772 Test_Recall:0.764  Val_Recall:0.765  Train_F1:0.820 Test_F1:0.816  Val_F1:0.814  
2024-11-18 19:10:24,659 - /home/mayi/data/zzy/DIR-GNN/train/teen_dir_GCN.py[line:219] - INFO: Epoch [  3/10]Train_ACC:0.891 Test_ACC:0.891  Val_ACC:0.888  Train_Pre:0.862 Test_Pre:0.864  Val_Pre:0.853  Train_Recall:0.854 Test_Recall:0.845  Val_Recall:0.854  Train_F1:0.858 Test_F1:0.854  Val_F1:0.853  
2024-11-18 19:10:45,923 - /home/mayi/data/zzy/DIR-GNN/train/teen_dir_GCN.py[line:219] - INFO: Epoch [  4/10]Train_ACC:0.905 Test_ACC:0.904  Val_ACC:0.905  Train_Pre:0.878 Test_Pre:0.876  Val_Pre:0.872  Train_Recall:0.877 Test_Recall:0.869  Val_Recall:0.880  Train_F1:0.878 Test_F1:0.872  Val_F1:0.876  
2024-11-18 19:11:06,839 - /home/mayi/data/zzy/DIR-GNN/train/teen_dir_GCN.py[line:219] - INFO: Epoch [  5/10]Train_ACC:0.914 Test_ACC:0.914  Val_ACC:0.915  Train_Pre:0.883 Test_Pre:0.884  Val_Pre:0.880  Train_Recall:0.895 Test_Recall:0.890  Val_Recall:0.898  Train_F1:0.889 Test_F1:0.887  Val_F1:0.889  
2024-11-18 19:11:27,692 - /home/mayi/data/zzy/DIR-GNN/train/teen_dir_GCN.py[line:219] - INFO: Epoch [  6/10]Train_ACC:0.920 Test_ACC:0.922  Val_ACC:0.922  Train_Pre:0.892 Test_Pre:0.893  Val_Pre:0.888  Train_Recall:0.902 Test_Recall:0.902  Val_Recall:0.909  Train_F1:0.897 Test_F1:0.897  Val_F1:0.899  
2024-11-18 19:11:48,390 - /home/mayi/data/zzy/DIR-GNN/train/teen_dir_GCN.py[line:219] - INFO: Epoch [  7/10]Train_ACC:0.928 Test_ACC:0.927  Val_ACC:0.929  Train_Pre:0.904 Test_Pre:0.900  Val_Pre:0.900  Train_Recall:0.910 Test_Recall:0.908  Val_Recall:0.915  Train_F1:0.907 Test_F1:0.904  Val_F1:0.907  
2024-11-18 19:12:09,133 - /home/mayi/data/zzy/DIR-GNN/train/teen_dir_GCN.py[line:219] - INFO: Epoch [  8/10]Train_ACC:0.932 Test_ACC:0.930  Val_ACC:0.931  Train_Pre:0.914 Test_Pre:0.908  Val_Pre:0.905  Train_Recall:0.909 Test_Recall:0.906  Val_Recall:0.914  Train_F1:0.912 Test_F1:0.907  Val_F1:0.910  
2024-11-18 19:12:29,503 - /home/mayi/data/zzy/DIR-GNN/train/teen_dir_GCN.py[line:219] - INFO: Epoch [  9/10]Train_ACC:0.935 Test_ACC:0.933  Val_ACC:0.936  Train_Pre:0.917 Test_Pre:0.913  Val_Pre:0.912  Train_Recall:0.913 Test_Recall:0.910  Val_Recall:0.919  Train_F1:0.915 Test_F1:0.911  Val_F1:0.916  
2024-11-18 19:12:29,503 - /home/mayi/data/zzy/DIR-GNN/train/teen_dir_GCN.py[line:266] - INFO: ====================================================================================================
2024-11-18 19:12:29,503 - /home/mayi/data/zzy/DIR-GNN/train/teen_dir_GCN.py[line:137] - INFO: Seed:  9
2024-11-18 19:12:29,505 - /home/mayi/data/zzy/DIR-GNN/train/teen_dir_GCN.py[line:188] - INFO: # Train: 45655  #Test: 5708.0 #Val: 5706
/home/mayi/anaconda3/envs/zzy_DIR/lib/python3.9/site-packages/sklearn/metrics/_classification.py:1517: UndefinedMetricWarning: Precision is ill-defined and being set to 0.0 due to no predicted samples. Use `zero_division` parameter to control this behavior.
  _warn_prf(average, modifier, f"{metric.capitalize()} is", len(result))
/home/mayi/anaconda3/envs/zzy_DIR/lib/python3.9/site-packages/sklearn/metrics/_classification.py:1517: UndefinedMetricWarning: Precision is ill-defined and being set to 0.0 due to no predicted samples. Use `zero_division` parameter to control this behavior.
  _warn_prf(average, modifier, f"{metric.capitalize()} is", len(result))
/home/mayi/anaconda3/envs/zzy_DIR/lib/python3.9/site-packages/sklearn/metrics/_classification.py:1517: UndefinedMetricWarning: Precision is ill-defined and being set to 0.0 due to no predicted samples. Use `zero_division` parameter to control this behavior.
  _warn_prf(average, modifier, f"{metric.capitalize()} is", len(result))
2024-11-18 19:12:50,209 - /home/mayi/data/zzy/DIR-GNN/train/teen_dir_GCN.py[line:219] - INFO: Epoch [  0/10]Train_ACC:0.613 Test_ACC:0.622  Val_ACC:0.619  Train_Pre:0.000 Test_Pre:0.000  Val_Pre:0.000  Train_Recall:0.000 Test_Recall:0.000  Val_Recall:0.000  Train_F1:0.000 Test_F1:0.000  Val_F1:0.000  
2024-11-18 19:13:11,158 - /home/mayi/data/zzy/DIR-GNN/train/teen_dir_GCN.py[line:219] - INFO: Epoch [  1/10]Train_ACC:0.823 Test_ACC:0.821  Val_ACC:0.828  Train_Pre:0.941 Test_Pre:0.933  Val_Pre:0.940  Train_Recall:0.580 Test_Recall:0.566  Val_Recall:0.587  Train_F1:0.717 Test_F1:0.704  Val_F1:0.722  
2024-11-18 19:13:32,092 - /home/mayi/data/zzy/DIR-GNN/train/teen_dir_GCN.py[line:219] - INFO: Epoch [  2/10]Train_ACC:0.886 Test_ACC:0.889  Val_ACC:0.887  Train_Pre:0.874 Test_Pre:0.874  Val_Pre:0.869  Train_Recall:0.825 Test_Recall:0.827  Val_Recall:0.828  Train_F1:0.849 Test_F1:0.849  Val_F1:0.848  
2024-11-18 19:13:53,201 - /home/mayi/data/zzy/DIR-GNN/train/teen_dir_GCN.py[line:219] - INFO: Epoch [  3/10]Train_ACC:0.899 Test_ACC:0.900  Val_ACC:0.899  Train_Pre:0.875 Test_Pre:0.876  Val_Pre:0.870  Train_Recall:0.861 Test_Recall:0.858  Val_Recall:0.863  Train_F1:0.868 Test_F1:0.867  Val_F1:0.866  
2024-11-18 19:14:13,985 - /home/mayi/data/zzy/DIR-GNN/train/teen_dir_GCN.py[line:219] - INFO: Epoch [  4/10]Train_ACC:0.906 Test_ACC:0.905  Val_ACC:0.904  Train_Pre:0.872 Test_Pre:0.870  Val_Pre:0.864  Train_Recall:0.887 Test_Recall:0.881  Val_Recall:0.888  Train_F1:0.880 Test_F1:0.875  Val_F1:0.876  
2024-11-18 19:14:34,705 - /home/mayi/data/zzy/DIR-GNN/train/teen_dir_GCN.py[line:219] - INFO: Epoch [  5/10]Train_ACC:0.913 Test_ACC:0.911  Val_ACC:0.911  Train_Pre:0.882 Test_Pre:0.875  Val_Pre:0.873  Train_Recall:0.895 Test_Recall:0.893  Val_Recall:0.896  Train_F1:0.889 Test_F1:0.884  Val_F1:0.885  
2024-11-18 19:14:55,421 - /home/mayi/data/zzy/DIR-GNN/train/teen_dir_GCN.py[line:219] - INFO: Epoch [  6/10]Train_ACC:0.918 Test_ACC:0.916  Val_ACC:0.915  Train_Pre:0.888 Test_Pre:0.881  Val_Pre:0.879  Train_Recall:0.902 Test_Recall:0.901  Val_Recall:0.901  Train_F1:0.895 Test_F1:0.891  Val_F1:0.890  
2024-11-18 19:15:16,011 - /home/mayi/data/zzy/DIR-GNN/train/teen_dir_GCN.py[line:219] - INFO: Epoch [  7/10]Train_ACC:0.923 Test_ACC:0.922  Val_ACC:0.920  Train_Pre:0.896 Test_Pre:0.888  Val_Pre:0.886  Train_Recall:0.907 Test_Recall:0.907  Val_Recall:0.906  Train_F1:0.901 Test_F1:0.898  Val_F1:0.896  
2024-11-18 19:15:36,311 - /home/mayi/data/zzy/DIR-GNN/train/teen_dir_GCN.py[line:219] - INFO: Epoch [  8/10]Train_ACC:0.929 Test_ACC:0.926  Val_ACC:0.927  Train_Pre:0.899 Test_Pre:0.887  Val_Pre:0.890  Train_Recall:0.920 Test_Recall:0.920  Val_Recall:0.921  Train_F1:0.910 Test_F1:0.903  Val_F1:0.905  
2024-11-18 19:15:57,055 - /home/mayi/data/zzy/DIR-GNN/train/teen_dir_GCN.py[line:219] - INFO: Epoch [  9/10]Train_ACC:0.935 Test_ACC:0.931  Val_ACC:0.935  Train_Pre:0.911 Test_Pre:0.898  Val_Pre:0.905  Train_Recall:0.924 Test_Recall:0.921  Val_Recall:0.926  Train_F1:0.917 Test_F1:0.909  Val_F1:0.916  
2024-11-18 19:15:57,055 - /home/mayi/data/zzy/DIR-GNN/train/teen_dir_GCN.py[line:266] - INFO: ====================================================================================================
2024-11-18 19:15:57,055 - /home/mayi/data/zzy/DIR-GNN/train/teen_dir_GCN.py[line:137] - INFO: Seed: 10
2024-11-18 19:15:57,057 - /home/mayi/data/zzy/DIR-GNN/train/teen_dir_GCN.py[line:188] - INFO: # Train: 45655  #Test: 5708.0 #Val: 5706
/home/mayi/anaconda3/envs/zzy_DIR/lib/python3.9/site-packages/sklearn/metrics/_classification.py:1517: UndefinedMetricWarning: Precision is ill-defined and being set to 0.0 due to no predicted samples. Use `zero_division` parameter to control this behavior.
  _warn_prf(average, modifier, f"{metric.capitalize()} is", len(result))
/home/mayi/anaconda3/envs/zzy_DIR/lib/python3.9/site-packages/sklearn/metrics/_classification.py:1517: UndefinedMetricWarning: Precision is ill-defined and being set to 0.0 due to no predicted samples. Use `zero_division` parameter to control this behavior.
  _warn_prf(average, modifier, f"{metric.capitalize()} is", len(result))
/home/mayi/anaconda3/envs/zzy_DIR/lib/python3.9/site-packages/sklearn/metrics/_classification.py:1517: UndefinedMetricWarning: Precision is ill-defined and being set to 0.0 due to no predicted samples. Use `zero_division` parameter to control this behavior.
  _warn_prf(average, modifier, f"{metric.capitalize()} is", len(result))
2024-11-18 19:16:17,613 - /home/mayi/data/zzy/DIR-GNN/train/teen_dir_GCN.py[line:219] - INFO: Epoch [  0/10]Train_ACC:0.613 Test_ACC:0.622  Val_ACC:0.619  Train_Pre:0.000 Test_Pre:0.000  Val_Pre:0.000  Train_Recall:0.000 Test_Recall:0.000  Val_Recall:0.000  Train_F1:0.000 Test_F1:0.000  Val_F1:0.000  
2024-11-18 19:16:38,474 - /home/mayi/data/zzy/DIR-GNN/train/teen_dir_GCN.py[line:219] - INFO: Epoch [  1/10]Train_ACC:0.872 Test_ACC:0.874  Val_ACC:0.871  Train_Pre:0.933 Test_Pre:0.935  Val_Pre:0.929  Train_Recall:0.721 Test_Recall:0.716  Val_Recall:0.716  Train_F1:0.814 Test_F1:0.811  Val_F1:0.809  
2024-11-18 19:16:59,228 - /home/mayi/data/zzy/DIR-GNN/train/teen_dir_GCN.py[line:219] - INFO: Epoch [  2/10]Train_ACC:0.889 Test_ACC:0.889  Val_ACC:0.888  Train_Pre:0.883 Test_Pre:0.881  Val_Pre:0.882  Train_Recall:0.821 Test_Recall:0.815  Val_Recall:0.814  Train_F1:0.851 Test_F1:0.847  Val_F1:0.847  
2024-11-18 19:17:19,843 - /home/mayi/data/zzy/DIR-GNN/train/teen_dir_GCN.py[line:219] - INFO: Epoch [  3/10]Train_ACC:0.897 Test_ACC:0.897  Val_ACC:0.893  Train_Pre:0.878 Test_Pre:0.876  Val_Pre:0.873  Train_Recall:0.854 Test_Recall:0.847  Val_Recall:0.840  Train_F1:0.866 Test_F1:0.862  Val_F1:0.856  
2024-11-18 19:17:40,455 - /home/mayi/data/zzy/DIR-GNN/train/teen_dir_GCN.py[line:219] - INFO: Epoch [  4/10]Train_ACC:0.909 Test_ACC:0.910  Val_ACC:0.903  Train_Pre:0.893 Test_Pre:0.894  Val_Pre:0.882  Train_Recall:0.869 Test_Recall:0.865  Val_Recall:0.859  Train_F1:0.881 Test_F1:0.880  Val_F1:0.870  
2024-11-18 19:18:00,913 - /home/mayi/data/zzy/DIR-GNN/train/teen_dir_GCN.py[line:219] - INFO: Epoch [  5/10]Train_ACC:0.921 Test_ACC:0.920  Val_ACC:0.917  Train_Pre:0.907 Test_Pre:0.903  Val_Pre:0.899  Train_Recall:0.888 Test_Recall:0.883  Val_Recall:0.883  Train_F1:0.897 Test_F1:0.893  Val_F1:0.891  
2024-11-18 19:18:21,756 - /home/mayi/data/zzy/DIR-GNN/train/teen_dir_GCN.py[line:219] - INFO: Epoch [  6/10]Train_ACC:0.931 Test_ACC:0.930  Val_ACC:0.929  Train_Pre:0.909 Test_Pre:0.908  Val_Pre:0.905  Train_Recall:0.912 Test_Recall:0.908  Val_Recall:0.909  Train_F1:0.911 Test_F1:0.908  Val_F1:0.907  
2024-11-18 19:18:42,253 - /home/mayi/data/zzy/DIR-GNN/train/teen_dir_GCN.py[line:219] - INFO: Epoch [  7/10]Train_ACC:0.938 Test_ACC:0.934  Val_ACC:0.937  Train_Pre:0.929 Test_Pre:0.918  Val_Pre:0.924  Train_Recall:0.911 Test_Recall:0.905  Val_Recall:0.909  Train_F1:0.920 Test_F1:0.911  Val_F1:0.916  
2024-11-18 19:19:02,923 - /home/mayi/data/zzy/DIR-GNN/train/teen_dir_GCN.py[line:219] - INFO: Epoch [  8/10]Train_ACC:0.943 Test_ACC:0.939  Val_ACC:0.941  Train_Pre:0.934 Test_Pre:0.923  Val_Pre:0.929  Train_Recall:0.918 Test_Recall:0.915  Val_Recall:0.915  Train_F1:0.926 Test_F1:0.919  Val_F1:0.922  
2024-11-18 19:19:23,672 - /home/mayi/data/zzy/DIR-GNN/train/teen_dir_GCN.py[line:219] - INFO: Epoch [  9/10]Train_ACC:0.947 Test_ACC:0.945  Val_ACC:0.944  Train_Pre:0.940 Test_Pre:0.932  Val_Pre:0.932  Train_Recall:0.923 Test_Recall:0.921  Val_Recall:0.919  Train_F1:0.931 Test_F1:0.927  Val_F1:0.926  
2024-11-18 19:19:23,672 - /home/mayi/data/zzy/DIR-GNN/train/teen_dir_GCN.py[line:266] - INFO: ====================================================================================================
2024-11-18 19:19:23,672 - /home/mayi/data/zzy/DIR-GNN/train/teen_dir_GCN.py[line:268] - INFO: Test ACC:0.9376±0.0062  Train ACC:0.9396±0.0065  Val ACC:0.9363±0.0067
2024-11-18 19:19:23,672 - /home/mayi/data/zzy/DIR-GNN/train/teen_dir_GCN.py[line:273] - INFO: Test Pre:0.9144±0.0113  Train Pre:0.9218±0.0107  Val Pre:0.9139±0.0119
2024-11-18 19:19:23,672 - /home/mayi/data/zzy/DIR-GNN/train/teen_dir_GCN.py[line:278] - INFO: Test Recall:0.9225±0.0072  Train Recall:0.9222±0.0084  Val Recall:0.9179±0.0083
2024-11-18 19:19:23,672 - /home/mayi/data/zzy/DIR-GNN/train/teen_dir_GCN.py[line:283] - INFO: Test F1:0.9184±0.0079  Train F1:0.9220±0.0082  Val F1:0.9159±0.0087
