/home/mayi/anaconda3/envs/zzy_DIR/lib/python3.9/site-packages/torch_geometric/deprecation.py:26: UserWarning: 'data.DataLoader' is deprecated, use 'loader.DataLoader' instead
  warnings.warn(out)
2025-01-02 12:29:08,371 - /home/mayi/data/zzy/DIR-GNN/utils/helper.py[line:49] - INFO: +----------------+---------------------------------+
| Parameter      | Value                           |
+----------------+---------------------------------+
| cuda           | 0                               |
+----------------+---------------------------------+
| datadir        | ../data/                        |
+----------------+---------------------------------+
| epoch          | 10                              |
+----------------+---------------------------------+
| reg            | True                            |
+----------------+---------------------------------+
| seed           | [1, 2, 3, 4, 5, 6, 7, 8, 9, 10] |
+----------------+---------------------------------+
| channels       | 128                             |
+----------------+---------------------------------+
| commit         |                                 |
+----------------+---------------------------------+
| type           | none                            |
+----------------+---------------------------------+
| input_channels | 768                             |
+----------------+---------------------------------+
| pretrain       | 0                               |
+----------------+---------------------------------+
| alpha          | 10                              |
+----------------+---------------------------------+
| r              | 0.500                           |
+----------------+---------------------------------+
| batch_size     | 128                             |
+----------------+---------------------------------+
| net_lr         | 0.000                           |
+----------------+---------------------------------+
2025-01-02 12:29:08,371 - /home/mayi/data/zzy/DIR-GNN/train/teen_dir_GCN.py[line:312] - INFO: Seed:  1
2025-01-02 12:29:08,542 - /home/mayi/data/zzy/DIR-GNN/train/teen_dir_GCN.py[line:367] - INFO: # Train: 22827  #Test: 17122.0 #Val: 17120
/home/mayi/anaconda3/envs/zzy_DIR/lib/python3.9/site-packages/sklearn/metrics/_classification.py:1517: UndefinedMetricWarning: Precision is ill-defined and being set to 0.0 in labels with no predicted samples. Use `zero_division` parameter to control this behavior.
  _warn_prf(average, modifier, f"{metric.capitalize()} is", len(result))
/home/mayi/anaconda3/envs/zzy_DIR/lib/python3.9/site-packages/sklearn/metrics/_classification.py:1517: UndefinedMetricWarning: Precision is ill-defined and being set to 0.0 in labels with no predicted samples. Use `zero_division` parameter to control this behavior.
  _warn_prf(average, modifier, f"{metric.capitalize()} is", len(result))
/home/mayi/anaconda3/envs/zzy_DIR/lib/python3.9/site-packages/sklearn/metrics/_classification.py:1517: UndefinedMetricWarning: Precision is ill-defined and being set to 0.0 in labels with no predicted samples. Use `zero_division` parameter to control this behavior.
  _warn_prf(average, modifier, f"{metric.capitalize()} is", len(result))
2025-01-02 12:29:24,871 - /home/mayi/data/zzy/DIR-GNN/train/teen_dir_GCN.py[line:400] - INFO: Epoch [  0/10]Train_ACC:0.610 Test_ACC:0.616  Val_ACC:0.619  Train_Pre:0.372 Test_Pre:0.379  Val_Pre:0.383  Train_Recall:0.610 Test_Recall:0.616  Val_Recall:0.619  Train_F1:0.462 Test_F1:0.470  Val_F1:0.473  
2025-01-02 12:29:38,978 - /home/mayi/data/zzy/DIR-GNN/train/teen_dir_GCN.py[line:400] - INFO: Epoch [  1/10]Train_ACC:0.615 Test_ACC:0.621  Val_ACC:0.624  Train_Pre:0.732 Test_Pre:0.737  Val_Pre:0.742  Train_Recall:0.615 Test_Recall:0.621  Val_Recall:0.624  Train_F1:0.475 Test_F1:0.483  Val_F1:0.486  
2025-01-02 12:29:52,846 - /home/mayi/data/zzy/DIR-GNN/train/teen_dir_GCN.py[line:400] - INFO: Epoch [  2/10]Train_ACC:0.842 Test_ACC:0.844  Val_ACC:0.846  Train_Pre:0.865 Test_Pre:0.867  Val_Pre:0.867  Train_Recall:0.842 Test_Recall:0.844  Val_Recall:0.846  Train_F1:0.833 Test_F1:0.835  Val_F1:0.837  
2025-01-02 12:30:06,772 - /home/mayi/data/zzy/DIR-GNN/train/teen_dir_GCN.py[line:400] - INFO: Epoch [  3/10]Train_ACC:0.901 Test_ACC:0.904  Val_ACC:0.901  Train_Pre:0.903 Test_Pre:0.906  Val_Pre:0.902  Train_Recall:0.901 Test_Recall:0.904  Val_Recall:0.901  Train_F1:0.899 Test_F1:0.902  Val_F1:0.899  
2025-01-02 12:30:20,644 - /home/mayi/data/zzy/DIR-GNN/train/teen_dir_GCN.py[line:400] - INFO: Epoch [  4/10]Train_ACC:0.913 Test_ACC:0.915  Val_ACC:0.912  Train_Pre:0.913 Test_Pre:0.915  Val_Pre:0.912  Train_Recall:0.913 Test_Recall:0.915  Val_Recall:0.912  Train_F1:0.913 Test_F1:0.914  Val_F1:0.912  
2025-01-02 12:30:33,613 - /home/mayi/data/zzy/DIR-GNN/train/teen_dir_GCN.py[line:400] - INFO: Epoch [  5/10]Train_ACC:0.915 Test_ACC:0.917  Val_ACC:0.915  Train_Pre:0.915 Test_Pre:0.917  Val_Pre:0.915  Train_Recall:0.915 Test_Recall:0.917  Val_Recall:0.915  Train_F1:0.915 Test_F1:0.917  Val_F1:0.915  
2025-01-02 12:30:45,843 - /home/mayi/data/zzy/DIR-GNN/train/teen_dir_GCN.py[line:400] - INFO: Epoch [  6/10]Train_ACC:0.918 Test_ACC:0.921  Val_ACC:0.919  Train_Pre:0.918 Test_Pre:0.921  Val_Pre:0.919  Train_Recall:0.918 Test_Recall:0.921  Val_Recall:0.919  Train_F1:0.918 Test_F1:0.921  Val_F1:0.919  
2025-01-02 12:30:58,006 - /home/mayi/data/zzy/DIR-GNN/train/teen_dir_GCN.py[line:400] - INFO: Epoch [  7/10]Train_ACC:0.920 Test_ACC:0.922  Val_ACC:0.920  Train_Pre:0.920 Test_Pre:0.923  Val_Pre:0.920  Train_Recall:0.920 Test_Recall:0.922  Val_Recall:0.920  Train_F1:0.920 Test_F1:0.922  Val_F1:0.920  
2025-01-02 12:31:09,913 - /home/mayi/data/zzy/DIR-GNN/train/teen_dir_GCN.py[line:400] - INFO: Epoch [  8/10]Train_ACC:0.924 Test_ACC:0.927  Val_ACC:0.923  Train_Pre:0.925 Test_Pre:0.927  Val_Pre:0.923  Train_Recall:0.924 Test_Recall:0.927  Val_Recall:0.923  Train_F1:0.925 Test_F1:0.927  Val_F1:0.923  
2025-01-02 12:31:21,691 - /home/mayi/data/zzy/DIR-GNN/train/teen_dir_GCN.py[line:400] - INFO: Epoch [  9/10]Train_ACC:0.927 Test_ACC:0.928  Val_ACC:0.925  Train_Pre:0.927 Test_Pre:0.929  Val_Pre:0.925  Train_Recall:0.927 Test_Recall:0.928  Val_Recall:0.925  Train_F1:0.927 Test_F1:0.928  Val_F1:0.925  
2025-01-02 12:31:21,691 - /home/mayi/data/zzy/DIR-GNN/train/teen_dir_GCN.py[line:457] - INFO: ====================================================================================================
2025-01-02 12:31:21,691 - /home/mayi/data/zzy/DIR-GNN/train/teen_dir_GCN.py[line:312] - INFO: Seed:  2
2025-01-02 12:31:21,693 - /home/mayi/data/zzy/DIR-GNN/train/teen_dir_GCN.py[line:367] - INFO: # Train: 22827  #Test: 17122.0 #Val: 17120
/home/mayi/anaconda3/envs/zzy_DIR/lib/python3.9/site-packages/sklearn/metrics/_classification.py:1517: UndefinedMetricWarning: Precision is ill-defined and being set to 0.0 in labels with no predicted samples. Use `zero_division` parameter to control this behavior.
  _warn_prf(average, modifier, f"{metric.capitalize()} is", len(result))
/home/mayi/anaconda3/envs/zzy_DIR/lib/python3.9/site-packages/sklearn/metrics/_classification.py:1517: UndefinedMetricWarning: Precision is ill-defined and being set to 0.0 in labels with no predicted samples. Use `zero_division` parameter to control this behavior.
  _warn_prf(average, modifier, f"{metric.capitalize()} is", len(result))
/home/mayi/anaconda3/envs/zzy_DIR/lib/python3.9/site-packages/sklearn/metrics/_classification.py:1517: UndefinedMetricWarning: Precision is ill-defined and being set to 0.0 in labels with no predicted samples. Use `zero_division` parameter to control this behavior.
  _warn_prf(average, modifier, f"{metric.capitalize()} is", len(result))
2025-01-02 12:31:33,479 - /home/mayi/data/zzy/DIR-GNN/train/teen_dir_GCN.py[line:400] - INFO: Epoch [  0/10]Train_ACC:0.610 Test_ACC:0.616  Val_ACC:0.619  Train_Pre:0.372 Test_Pre:0.379  Val_Pre:0.383  Train_Recall:0.610 Test_Recall:0.616  Val_Recall:0.619  Train_F1:0.462 Test_F1:0.470  Val_F1:0.473  
2025-01-02 12:31:45,489 - /home/mayi/data/zzy/DIR-GNN/train/teen_dir_GCN.py[line:400] - INFO: Epoch [  1/10]Train_ACC:0.612 Test_ACC:0.619  Val_ACC:0.621  Train_Pre:0.755 Test_Pre:0.749  Val_Pre:0.745  Train_Recall:0.612 Test_Recall:0.619  Val_Recall:0.621  Train_F1:0.467 Test_F1:0.476  Val_F1:0.478  
2025-01-02 12:31:57,654 - /home/mayi/data/zzy/DIR-GNN/train/teen_dir_GCN.py[line:400] - INFO: Epoch [  2/10]Train_ACC:0.841 Test_ACC:0.843  Val_ACC:0.844  Train_Pre:0.864 Test_Pre:0.867  Val_Pre:0.866  Train_Recall:0.841 Test_Recall:0.843  Val_Recall:0.844  Train_F1:0.831 Test_F1:0.834  Val_F1:0.835  
2025-01-02 12:32:09,463 - /home/mayi/data/zzy/DIR-GNN/train/teen_dir_GCN.py[line:400] - INFO: Epoch [  3/10]Train_ACC:0.898 Test_ACC:0.901  Val_ACC:0.898  Train_Pre:0.900 Test_Pre:0.903  Val_Pre:0.900  Train_Recall:0.898 Test_Recall:0.901  Val_Recall:0.898  Train_F1:0.897 Test_F1:0.900  Val_F1:0.897  
2025-01-02 12:32:21,269 - /home/mayi/data/zzy/DIR-GNN/train/teen_dir_GCN.py[line:400] - INFO: Epoch [  4/10]Train_ACC:0.912 Test_ACC:0.913  Val_ACC:0.910  Train_Pre:0.911 Test_Pre:0.913  Val_Pre:0.910  Train_Recall:0.912 Test_Recall:0.913  Val_Recall:0.910  Train_F1:0.911 Test_F1:0.912  Val_F1:0.909  
2025-01-02 12:32:33,082 - /home/mayi/data/zzy/DIR-GNN/train/teen_dir_GCN.py[line:400] - INFO: Epoch [  5/10]Train_ACC:0.913 Test_ACC:0.913  Val_ACC:0.911  Train_Pre:0.913 Test_Pre:0.913  Val_Pre:0.911  Train_Recall:0.913 Test_Recall:0.913  Val_Recall:0.911  Train_F1:0.913 Test_F1:0.913  Val_F1:0.911  
2025-01-02 12:32:44,876 - /home/mayi/data/zzy/DIR-GNN/train/teen_dir_GCN.py[line:400] - INFO: Epoch [  6/10]Train_ACC:0.917 Test_ACC:0.919  Val_ACC:0.917  Train_Pre:0.917 Test_Pre:0.919  Val_Pre:0.917  Train_Recall:0.917 Test_Recall:0.919  Val_Recall:0.917  Train_F1:0.917 Test_F1:0.919  Val_F1:0.917  
2025-01-02 12:32:56,929 - /home/mayi/data/zzy/DIR-GNN/train/teen_dir_GCN.py[line:400] - INFO: Epoch [  7/10]Train_ACC:0.919 Test_ACC:0.921  Val_ACC:0.918  Train_Pre:0.919 Test_Pre:0.921  Val_Pre:0.918  Train_Recall:0.919 Test_Recall:0.921  Val_Recall:0.918  Train_F1:0.919 Test_F1:0.921  Val_F1:0.918  
2025-01-02 12:33:08,740 - /home/mayi/data/zzy/DIR-GNN/train/teen_dir_GCN.py[line:400] - INFO: Epoch [  8/10]Train_ACC:0.922 Test_ACC:0.923  Val_ACC:0.920  Train_Pre:0.922 Test_Pre:0.924  Val_Pre:0.921  Train_Recall:0.922 Test_Recall:0.923  Val_Recall:0.920  Train_F1:0.922 Test_F1:0.924  Val_F1:0.921  
2025-01-02 12:33:20,532 - /home/mayi/data/zzy/DIR-GNN/train/teen_dir_GCN.py[line:400] - INFO: Epoch [  9/10]Train_ACC:0.926 Test_ACC:0.927  Val_ACC:0.924  Train_Pre:0.926 Test_Pre:0.927  Val_Pre:0.924  Train_Recall:0.926 Test_Recall:0.927  Val_Recall:0.924  Train_F1:0.926 Test_F1:0.927  Val_F1:0.924  
2025-01-02 12:33:20,532 - /home/mayi/data/zzy/DIR-GNN/train/teen_dir_GCN.py[line:457] - INFO: ====================================================================================================
2025-01-02 12:33:20,532 - /home/mayi/data/zzy/DIR-GNN/train/teen_dir_GCN.py[line:312] - INFO: Seed:  3
2025-01-02 12:33:20,534 - /home/mayi/data/zzy/DIR-GNN/train/teen_dir_GCN.py[line:367] - INFO: # Train: 22827  #Test: 17122.0 #Val: 17120
/home/mayi/anaconda3/envs/zzy_DIR/lib/python3.9/site-packages/sklearn/metrics/_classification.py:1517: UndefinedMetricWarning: Precision is ill-defined and being set to 0.0 in labels with no predicted samples. Use `zero_division` parameter to control this behavior.
  _warn_prf(average, modifier, f"{metric.capitalize()} is", len(result))
/home/mayi/anaconda3/envs/zzy_DIR/lib/python3.9/site-packages/sklearn/metrics/_classification.py:1517: UndefinedMetricWarning: Precision is ill-defined and being set to 0.0 in labels with no predicted samples. Use `zero_division` parameter to control this behavior.
  _warn_prf(average, modifier, f"{metric.capitalize()} is", len(result))
/home/mayi/anaconda3/envs/zzy_DIR/lib/python3.9/site-packages/sklearn/metrics/_classification.py:1517: UndefinedMetricWarning: Precision is ill-defined and being set to 0.0 in labels with no predicted samples. Use `zero_division` parameter to control this behavior.
  _warn_prf(average, modifier, f"{metric.capitalize()} is", len(result))
2025-01-02 12:33:32,364 - /home/mayi/data/zzy/DIR-GNN/train/teen_dir_GCN.py[line:400] - INFO: Epoch [  0/10]Train_ACC:0.610 Test_ACC:0.616  Val_ACC:0.619  Train_Pre:0.372 Test_Pre:0.379  Val_Pre:0.383  Train_Recall:0.610 Test_Recall:0.616  Val_Recall:0.619  Train_F1:0.462 Test_F1:0.470  Val_F1:0.473  
2025-01-02 12:33:44,527 - /home/mayi/data/zzy/DIR-GNN/train/teen_dir_GCN.py[line:400] - INFO: Epoch [  1/10]Train_ACC:0.678 Test_ACC:0.685  Val_ACC:0.689  Train_Pre:0.782 Test_Pre:0.786  Val_Pre:0.787  Train_Recall:0.678 Test_Recall:0.685  Val_Recall:0.689  Train_F1:0.599 Test_F1:0.609  Val_F1:0.614  
2025-01-02 12:33:56,403 - /home/mayi/data/zzy/DIR-GNN/train/teen_dir_GCN.py[line:400] - INFO: Epoch [  2/10]Train_ACC:0.888 Test_ACC:0.889  Val_ACC:0.886  Train_Pre:0.893 Test_Pre:0.895  Val_Pre:0.891  Train_Recall:0.888 Test_Recall:0.889  Val_Recall:0.886  Train_F1:0.885 Test_F1:0.887  Val_F1:0.884  
2025-01-02 12:34:08,285 - /home/mayi/data/zzy/DIR-GNN/train/teen_dir_GCN.py[line:400] - INFO: Epoch [  3/10]Train_ACC:0.905 Test_ACC:0.908  Val_ACC:0.906  Train_Pre:0.905 Test_Pre:0.908  Val_Pre:0.906  Train_Recall:0.905 Test_Recall:0.908  Val_Recall:0.906  Train_F1:0.904 Test_F1:0.907  Val_F1:0.905  
2025-01-02 12:34:20,187 - /home/mayi/data/zzy/DIR-GNN/train/teen_dir_GCN.py[line:400] - INFO: Epoch [  4/10]Train_ACC:0.914 Test_ACC:0.915  Val_ACC:0.914  Train_Pre:0.914 Test_Pre:0.915  Val_Pre:0.914  Train_Recall:0.914 Test_Recall:0.915  Val_Recall:0.914  Train_F1:0.914 Test_F1:0.915  Val_F1:0.914  
2025-01-02 12:34:32,033 - /home/mayi/data/zzy/DIR-GNN/train/teen_dir_GCN.py[line:400] - INFO: Epoch [  5/10]Train_ACC:0.917 Test_ACC:0.918  Val_ACC:0.916  Train_Pre:0.917 Test_Pre:0.918  Val_Pre:0.916  Train_Recall:0.917 Test_Recall:0.918  Val_Recall:0.916  Train_F1:0.917 Test_F1:0.918  Val_F1:0.916  
2025-01-02 12:34:44,253 - /home/mayi/data/zzy/DIR-GNN/train/teen_dir_GCN.py[line:400] - INFO: Epoch [  6/10]Train_ACC:0.921 Test_ACC:0.922  Val_ACC:0.921  Train_Pre:0.921 Test_Pre:0.923  Val_Pre:0.921  Train_Recall:0.921 Test_Recall:0.922  Val_Recall:0.921  Train_F1:0.921 Test_F1:0.922  Val_F1:0.921  
2025-01-02 12:34:56,058 - /home/mayi/data/zzy/DIR-GNN/train/teen_dir_GCN.py[line:400] - INFO: Epoch [  7/10]Train_ACC:0.922 Test_ACC:0.923  Val_ACC:0.921  Train_Pre:0.923 Test_Pre:0.923  Val_Pre:0.922  Train_Recall:0.922 Test_Recall:0.923  Val_Recall:0.921  Train_F1:0.922 Test_F1:0.923  Val_F1:0.921  
2025-01-02 12:35:07,989 - /home/mayi/data/zzy/DIR-GNN/train/teen_dir_GCN.py[line:400] - INFO: Epoch [  8/10]Train_ACC:0.926 Test_ACC:0.927  Val_ACC:0.924  Train_Pre:0.926 Test_Pre:0.927  Val_Pre:0.924  Train_Recall:0.926 Test_Recall:0.927  Val_Recall:0.924  Train_F1:0.926 Test_F1:0.927  Val_F1:0.924  
2025-01-02 12:35:19,802 - /home/mayi/data/zzy/DIR-GNN/train/teen_dir_GCN.py[line:400] - INFO: Epoch [  9/10]Train_ACC:0.929 Test_ACC:0.930  Val_ACC:0.927  Train_Pre:0.929 Test_Pre:0.930  Val_Pre:0.928  Train_Recall:0.929 Test_Recall:0.930  Val_Recall:0.927  Train_F1:0.929 Test_F1:0.930  Val_F1:0.927  
2025-01-02 12:35:19,802 - /home/mayi/data/zzy/DIR-GNN/train/teen_dir_GCN.py[line:457] - INFO: ====================================================================================================
2025-01-02 12:35:19,802 - /home/mayi/data/zzy/DIR-GNN/train/teen_dir_GCN.py[line:312] - INFO: Seed:  4
2025-01-02 12:35:19,804 - /home/mayi/data/zzy/DIR-GNN/train/teen_dir_GCN.py[line:367] - INFO: # Train: 22827  #Test: 17122.0 #Val: 17120
/home/mayi/anaconda3/envs/zzy_DIR/lib/python3.9/site-packages/sklearn/metrics/_classification.py:1517: UndefinedMetricWarning: Precision is ill-defined and being set to 0.0 in labels with no predicted samples. Use `zero_division` parameter to control this behavior.
  _warn_prf(average, modifier, f"{metric.capitalize()} is", len(result))
/home/mayi/anaconda3/envs/zzy_DIR/lib/python3.9/site-packages/sklearn/metrics/_classification.py:1517: UndefinedMetricWarning: Precision is ill-defined and being set to 0.0 in labels with no predicted samples. Use `zero_division` parameter to control this behavior.
  _warn_prf(average, modifier, f"{metric.capitalize()} is", len(result))
/home/mayi/anaconda3/envs/zzy_DIR/lib/python3.9/site-packages/sklearn/metrics/_classification.py:1517: UndefinedMetricWarning: Precision is ill-defined and being set to 0.0 in labels with no predicted samples. Use `zero_division` parameter to control this behavior.
  _warn_prf(average, modifier, f"{metric.capitalize()} is", len(result))
2025-01-02 12:35:31,886 - /home/mayi/data/zzy/DIR-GNN/train/teen_dir_GCN.py[line:400] - INFO: Epoch [  0/10]Train_ACC:0.610 Test_ACC:0.616  Val_ACC:0.619  Train_Pre:0.372 Test_Pre:0.379  Val_Pre:0.383  Train_Recall:0.610 Test_Recall:0.616  Val_Recall:0.619  Train_F1:0.462 Test_F1:0.470  Val_F1:0.473  
2025-01-02 12:35:43,776 - /home/mayi/data/zzy/DIR-GNN/train/teen_dir_GCN.py[line:400] - INFO: Epoch [  1/10]Train_ACC:0.621 Test_ACC:0.627  Val_ACC:0.629  Train_Pre:0.763 Test_Pre:0.766  Val_Pre:0.762  Train_Recall:0.621 Test_Recall:0.627  Val_Recall:0.629  Train_F1:0.487 Test_F1:0.495  Val_F1:0.496  
2025-01-02 12:35:55,677 - /home/mayi/data/zzy/DIR-GNN/train/teen_dir_GCN.py[line:400] - INFO: Epoch [  2/10]Train_ACC:0.861 Test_ACC:0.860  Val_ACC:0.861  Train_Pre:0.876 Test_Pre:0.875  Val_Pre:0.876  Train_Recall:0.861 Test_Recall:0.860  Val_Recall:0.861  Train_F1:0.855 Test_F1:0.853  Val_F1:0.855  
2025-01-02 12:36:07,541 - /home/mayi/data/zzy/DIR-GNN/train/teen_dir_GCN.py[line:400] - INFO: Epoch [  3/10]Train_ACC:0.905 Test_ACC:0.905  Val_ACC:0.903  Train_Pre:0.906 Test_Pre:0.906  Val_Pre:0.903  Train_Recall:0.905 Test_Recall:0.905  Val_Recall:0.903  Train_F1:0.904 Test_F1:0.904  Val_F1:0.902  
2025-01-02 12:36:19,370 - /home/mayi/data/zzy/DIR-GNN/train/teen_dir_GCN.py[line:400] - INFO: Epoch [  4/10]Train_ACC:0.915 Test_ACC:0.916  Val_ACC:0.915  Train_Pre:0.915 Test_Pre:0.916  Val_Pre:0.915  Train_Recall:0.915 Test_Recall:0.916  Val_Recall:0.915  Train_F1:0.915 Test_F1:0.916  Val_F1:0.915  
2025-01-02 12:36:31,441 - /home/mayi/data/zzy/DIR-GNN/train/teen_dir_GCN.py[line:400] - INFO: Epoch [  5/10]Train_ACC:0.916 Test_ACC:0.918  Val_ACC:0.915  Train_Pre:0.916 Test_Pre:0.918  Val_Pre:0.915  Train_Recall:0.916 Test_Recall:0.918  Val_Recall:0.915  Train_F1:0.916 Test_F1:0.918  Val_F1:0.915  
2025-01-02 12:36:43,243 - /home/mayi/data/zzy/DIR-GNN/train/teen_dir_GCN.py[line:400] - INFO: Epoch [  6/10]Train_ACC:0.918 Test_ACC:0.920  Val_ACC:0.918  Train_Pre:0.919 Test_Pre:0.920  Val_Pre:0.918  Train_Recall:0.918 Test_Recall:0.920  Val_Recall:0.918  Train_F1:0.918 Test_F1:0.920  Val_F1:0.918  
2025-01-02 12:36:55,058 - /home/mayi/data/zzy/DIR-GNN/train/teen_dir_GCN.py[line:400] - INFO: Epoch [  7/10]Train_ACC:0.921 Test_ACC:0.922  Val_ACC:0.920  Train_Pre:0.922 Test_Pre:0.923  Val_Pre:0.920  Train_Recall:0.921 Test_Recall:0.922  Val_Recall:0.920  Train_F1:0.921 Test_F1:0.922  Val_F1:0.920  
2025-01-02 12:37:06,758 - /home/mayi/data/zzy/DIR-GNN/train/teen_dir_GCN.py[line:400] - INFO: Epoch [  8/10]Train_ACC:0.922 Test_ACC:0.924  Val_ACC:0.921  Train_Pre:0.923 Test_Pre:0.924  Val_Pre:0.921  Train_Recall:0.922 Test_Recall:0.924  Val_Recall:0.921  Train_F1:0.923 Test_F1:0.924  Val_F1:0.921  
2025-01-02 12:37:18,841 - /home/mayi/data/zzy/DIR-GNN/train/teen_dir_GCN.py[line:400] - INFO: Epoch [  9/10]Train_ACC:0.926 Test_ACC:0.927  Val_ACC:0.924  Train_Pre:0.927 Test_Pre:0.927  Val_Pre:0.925  Train_Recall:0.926 Test_Recall:0.927  Val_Recall:0.924  Train_F1:0.927 Test_F1:0.927  Val_F1:0.924  
2025-01-02 12:37:18,841 - /home/mayi/data/zzy/DIR-GNN/train/teen_dir_GCN.py[line:457] - INFO: ====================================================================================================
2025-01-02 12:37:18,841 - /home/mayi/data/zzy/DIR-GNN/train/teen_dir_GCN.py[line:312] - INFO: Seed:  5
2025-01-02 12:37:18,843 - /home/mayi/data/zzy/DIR-GNN/train/teen_dir_GCN.py[line:367] - INFO: # Train: 22827  #Test: 17122.0 #Val: 17120
/home/mayi/anaconda3/envs/zzy_DIR/lib/python3.9/site-packages/sklearn/metrics/_classification.py:1517: UndefinedMetricWarning: Precision is ill-defined and being set to 0.0 in labels with no predicted samples. Use `zero_division` parameter to control this behavior.
  _warn_prf(average, modifier, f"{metric.capitalize()} is", len(result))
/home/mayi/anaconda3/envs/zzy_DIR/lib/python3.9/site-packages/sklearn/metrics/_classification.py:1517: UndefinedMetricWarning: Precision is ill-defined and being set to 0.0 in labels with no predicted samples. Use `zero_division` parameter to control this behavior.
  _warn_prf(average, modifier, f"{metric.capitalize()} is", len(result))
/home/mayi/anaconda3/envs/zzy_DIR/lib/python3.9/site-packages/sklearn/metrics/_classification.py:1517: UndefinedMetricWarning: Precision is ill-defined and being set to 0.0 in labels with no predicted samples. Use `zero_division` parameter to control this behavior.
  _warn_prf(average, modifier, f"{metric.capitalize()} is", len(result))
2025-01-02 12:37:30,647 - /home/mayi/data/zzy/DIR-GNN/train/teen_dir_GCN.py[line:400] - INFO: Epoch [  0/10]Train_ACC:0.610 Test_ACC:0.616  Val_ACC:0.619  Train_Pre:0.372 Test_Pre:0.379  Val_Pre:0.383  Train_Recall:0.610 Test_Recall:0.616  Val_Recall:0.619  Train_F1:0.462 Test_F1:0.470  Val_F1:0.473  
2025-01-02 12:37:42,538 - /home/mayi/data/zzy/DIR-GNN/train/teen_dir_GCN.py[line:400] - INFO: Epoch [  1/10]Train_ACC:0.614 Test_ACC:0.620  Val_ACC:0.623  Train_Pre:0.764 Test_Pre:0.765  Val_Pre:0.766  Train_Recall:0.614 Test_Recall:0.620  Val_Recall:0.623  Train_F1:0.472 Test_F1:0.478  Val_F1:0.482  
2025-01-02 12:37:54,444 - /home/mayi/data/zzy/DIR-GNN/train/teen_dir_GCN.py[line:400] - INFO: Epoch [  2/10]Train_ACC:0.813 Test_ACC:0.814  Val_ACC:0.817  Train_Pre:0.847 Test_Pre:0.848  Val_Pre:0.849  Train_Recall:0.813 Test_Recall:0.814  Val_Recall:0.817  Train_F1:0.798 Test_F1:0.798  Val_F1:0.802  
2025-01-02 12:38:06,772 - /home/mayi/data/zzy/DIR-GNN/train/teen_dir_GCN.py[line:400] - INFO: Epoch [  3/10]Train_ACC:0.899 Test_ACC:0.901  Val_ACC:0.899  Train_Pre:0.901 Test_Pre:0.904  Val_Pre:0.901  Train_Recall:0.899 Test_Recall:0.901  Val_Recall:0.899  Train_F1:0.897 Test_F1:0.899  Val_F1:0.897  
2025-01-02 12:38:20,811 - /home/mayi/data/zzy/DIR-GNN/train/teen_dir_GCN.py[line:400] - INFO: Epoch [  4/10]Train_ACC:0.911 Test_ACC:0.911  Val_ACC:0.910  Train_Pre:0.911 Test_Pre:0.911  Val_Pre:0.910  Train_Recall:0.911 Test_Recall:0.911  Val_Recall:0.910  Train_F1:0.910 Test_F1:0.911  Val_F1:0.910  
2025-01-02 12:38:35,113 - /home/mayi/data/zzy/DIR-GNN/train/teen_dir_GCN.py[line:400] - INFO: Epoch [  5/10]Train_ACC:0.915 Test_ACC:0.916  Val_ACC:0.914  Train_Pre:0.916 Test_Pre:0.917  Val_Pre:0.914  Train_Recall:0.915 Test_Recall:0.916  Val_Recall:0.914  Train_F1:0.916 Test_F1:0.917  Val_F1:0.914  
2025-01-02 12:38:49,526 - /home/mayi/data/zzy/DIR-GNN/train/teen_dir_GCN.py[line:400] - INFO: Epoch [  6/10]Train_ACC:0.918 Test_ACC:0.919  Val_ACC:0.916  Train_Pre:0.919 Test_Pre:0.919  Val_Pre:0.917  Train_Recall:0.918 Test_Recall:0.919  Val_Recall:0.916  Train_F1:0.918 Test_F1:0.919  Val_F1:0.916  
2025-01-02 12:39:03,872 - /home/mayi/data/zzy/DIR-GNN/train/teen_dir_GCN.py[line:400] - INFO: Epoch [  7/10]Train_ACC:0.921 Test_ACC:0.923  Val_ACC:0.920  Train_Pre:0.922 Test_Pre:0.923  Val_Pre:0.920  Train_Recall:0.921 Test_Recall:0.923  Val_Recall:0.920  Train_F1:0.922 Test_F1:0.923  Val_F1:0.920  
2025-01-02 12:39:18,343 - /home/mayi/data/zzy/DIR-GNN/train/teen_dir_GCN.py[line:400] - INFO: Epoch [  8/10]Train_ACC:0.924 Test_ACC:0.924  Val_ACC:0.922  Train_Pre:0.924 Test_Pre:0.925  Val_Pre:0.922  Train_Recall:0.924 Test_Recall:0.924  Val_Recall:0.922  Train_F1:0.924 Test_F1:0.924  Val_F1:0.922  
2025-01-02 12:39:33,025 - /home/mayi/data/zzy/DIR-GNN/train/teen_dir_GCN.py[line:400] - INFO: Epoch [  9/10]Train_ACC:0.925 Test_ACC:0.928  Val_ACC:0.923  Train_Pre:0.925 Test_Pre:0.927  Val_Pre:0.923  Train_Recall:0.925 Test_Recall:0.928  Val_Recall:0.923  Train_F1:0.925 Test_F1:0.927  Val_F1:0.923  
2025-01-02 12:39:33,025 - /home/mayi/data/zzy/DIR-GNN/train/teen_dir_GCN.py[line:457] - INFO: ====================================================================================================
2025-01-02 12:39:33,025 - /home/mayi/data/zzy/DIR-GNN/train/teen_dir_GCN.py[line:312] - INFO: Seed:  6
2025-01-02 12:39:33,027 - /home/mayi/data/zzy/DIR-GNN/train/teen_dir_GCN.py[line:367] - INFO: # Train: 22827  #Test: 17122.0 #Val: 17120
/home/mayi/anaconda3/envs/zzy_DIR/lib/python3.9/site-packages/sklearn/metrics/_classification.py:1517: UndefinedMetricWarning: Precision is ill-defined and being set to 0.0 in labels with no predicted samples. Use `zero_division` parameter to control this behavior.
  _warn_prf(average, modifier, f"{metric.capitalize()} is", len(result))
/home/mayi/anaconda3/envs/zzy_DIR/lib/python3.9/site-packages/sklearn/metrics/_classification.py:1517: UndefinedMetricWarning: Precision is ill-defined and being set to 0.0 in labels with no predicted samples. Use `zero_division` parameter to control this behavior.
  _warn_prf(average, modifier, f"{metric.capitalize()} is", len(result))
/home/mayi/anaconda3/envs/zzy_DIR/lib/python3.9/site-packages/sklearn/metrics/_classification.py:1517: UndefinedMetricWarning: Precision is ill-defined and being set to 0.0 in labels with no predicted samples. Use `zero_division` parameter to control this behavior.
  _warn_prf(average, modifier, f"{metric.capitalize()} is", len(result))
2025-01-02 12:39:47,433 - /home/mayi/data/zzy/DIR-GNN/train/teen_dir_GCN.py[line:400] - INFO: Epoch [  0/10]Train_ACC:0.610 Test_ACC:0.616  Val_ACC:0.619  Train_Pre:0.372 Test_Pre:0.379  Val_Pre:0.383  Train_Recall:0.610 Test_Recall:0.616  Val_Recall:0.619  Train_F1:0.462 Test_F1:0.470  Val_F1:0.473  
2025-01-02 12:40:01,747 - /home/mayi/data/zzy/DIR-GNN/train/teen_dir_GCN.py[line:400] - INFO: Epoch [  1/10]Train_ACC:0.619 Test_ACC:0.626  Val_ACC:0.628  Train_Pre:0.757 Test_Pre:0.760  Val_Pre:0.756  Train_Recall:0.619 Test_Recall:0.626  Val_Recall:0.628  Train_F1:0.484 Test_F1:0.491  Val_F1:0.494  
2025-01-02 12:40:15,846 - /home/mayi/data/zzy/DIR-GNN/train/teen_dir_GCN.py[line:400] - INFO: Epoch [  2/10]Train_ACC:0.856 Test_ACC:0.857  Val_ACC:0.859  Train_Pre:0.873 Test_Pre:0.875  Val_Pre:0.875  Train_Recall:0.856 Test_Recall:0.857  Val_Recall:0.859  Train_F1:0.849 Test_F1:0.849  Val_F1:0.852  
2025-01-02 12:40:30,226 - /home/mayi/data/zzy/DIR-GNN/train/teen_dir_GCN.py[line:400] - INFO: Epoch [  3/10]Train_ACC:0.907 Test_ACC:0.909  Val_ACC:0.906  Train_Pre:0.908 Test_Pre:0.909  Val_Pre:0.906  Train_Recall:0.907 Test_Recall:0.909  Val_Recall:0.906  Train_F1:0.907 Test_F1:0.908  Val_F1:0.905  
2025-01-02 12:40:44,387 - /home/mayi/data/zzy/DIR-GNN/train/teen_dir_GCN.py[line:400] - INFO: Epoch [  4/10]Train_ACC:0.918 Test_ACC:0.920  Val_ACC:0.917  Train_Pre:0.917 Test_Pre:0.920  Val_Pre:0.916  Train_Recall:0.918 Test_Recall:0.920  Val_Recall:0.917  Train_F1:0.917 Test_F1:0.920  Val_F1:0.916  
2025-01-02 12:40:58,486 - /home/mayi/data/zzy/DIR-GNN/train/teen_dir_GCN.py[line:400] - INFO: Epoch [  5/10]Train_ACC:0.919 Test_ACC:0.920  Val_ACC:0.919  Train_Pre:0.919 Test_Pre:0.920  Val_Pre:0.919  Train_Recall:0.919 Test_Recall:0.920  Val_Recall:0.919  Train_F1:0.919 Test_F1:0.920  Val_F1:0.919  
2025-01-02 12:41:12,718 - /home/mayi/data/zzy/DIR-GNN/train/teen_dir_GCN.py[line:400] - INFO: Epoch [  6/10]Train_ACC:0.920 Test_ACC:0.922  Val_ACC:0.920  Train_Pre:0.921 Test_Pre:0.922  Val_Pre:0.920  Train_Recall:0.920 Test_Recall:0.922  Val_Recall:0.920  Train_F1:0.921 Test_F1:0.922  Val_F1:0.920  
2025-01-02 12:41:26,987 - /home/mayi/data/zzy/DIR-GNN/train/teen_dir_GCN.py[line:400] - INFO: Epoch [  7/10]Train_ACC:0.924 Test_ACC:0.925  Val_ACC:0.922  Train_Pre:0.924 Test_Pre:0.925  Val_Pre:0.922  Train_Recall:0.924 Test_Recall:0.925  Val_Recall:0.922  Train_F1:0.924 Test_F1:0.925  Val_F1:0.922  
2025-01-02 12:41:41,356 - /home/mayi/data/zzy/DIR-GNN/train/teen_dir_GCN.py[line:400] - INFO: Epoch [  8/10]Train_ACC:0.925 Test_ACC:0.927  Val_ACC:0.922  Train_Pre:0.925 Test_Pre:0.927  Val_Pre:0.923  Train_Recall:0.925 Test_Recall:0.927  Val_Recall:0.922  Train_F1:0.925 Test_F1:0.927  Val_F1:0.923  
2025-01-02 12:41:55,374 - /home/mayi/data/zzy/DIR-GNN/train/teen_dir_GCN.py[line:400] - INFO: Epoch [  9/10]Train_ACC:0.929 Test_ACC:0.930  Val_ACC:0.926  Train_Pre:0.929 Test_Pre:0.930  Val_Pre:0.926  Train_Recall:0.929 Test_Recall:0.930  Val_Recall:0.926  Train_F1:0.929 Test_F1:0.930  Val_F1:0.926  
2025-01-02 12:41:55,374 - /home/mayi/data/zzy/DIR-GNN/train/teen_dir_GCN.py[line:457] - INFO: ====================================================================================================
2025-01-02 12:41:55,374 - /home/mayi/data/zzy/DIR-GNN/train/teen_dir_GCN.py[line:312] - INFO: Seed:  7
2025-01-02 12:41:55,377 - /home/mayi/data/zzy/DIR-GNN/train/teen_dir_GCN.py[line:367] - INFO: # Train: 22827  #Test: 17122.0 #Val: 17120
/home/mayi/anaconda3/envs/zzy_DIR/lib/python3.9/site-packages/sklearn/metrics/_classification.py:1517: UndefinedMetricWarning: Precision is ill-defined and being set to 0.0 in labels with no predicted samples. Use `zero_division` parameter to control this behavior.
  _warn_prf(average, modifier, f"{metric.capitalize()} is", len(result))
/home/mayi/anaconda3/envs/zzy_DIR/lib/python3.9/site-packages/sklearn/metrics/_classification.py:1517: UndefinedMetricWarning: Precision is ill-defined and being set to 0.0 in labels with no predicted samples. Use `zero_division` parameter to control this behavior.
  _warn_prf(average, modifier, f"{metric.capitalize()} is", len(result))
/home/mayi/anaconda3/envs/zzy_DIR/lib/python3.9/site-packages/sklearn/metrics/_classification.py:1517: UndefinedMetricWarning: Precision is ill-defined and being set to 0.0 in labels with no predicted samples. Use `zero_division` parameter to control this behavior.
  _warn_prf(average, modifier, f"{metric.capitalize()} is", len(result))
2025-01-02 12:42:09,602 - /home/mayi/data/zzy/DIR-GNN/train/teen_dir_GCN.py[line:400] - INFO: Epoch [  0/10]Train_ACC:0.610 Test_ACC:0.616  Val_ACC:0.619  Train_Pre:0.372 Test_Pre:0.379  Val_Pre:0.383  Train_Recall:0.610 Test_Recall:0.616  Val_Recall:0.619  Train_F1:0.462 Test_F1:0.470  Val_F1:0.473  
2025-01-02 12:42:24,105 - /home/mayi/data/zzy/DIR-GNN/train/teen_dir_GCN.py[line:400] - INFO: Epoch [  1/10]Train_ACC:0.611 Test_ACC:0.617  Val_ACC:0.620  Train_Pre:0.763 Test_Pre:0.764  Val_Pre:0.765  Train_Recall:0.611 Test_Recall:0.617  Val_Recall:0.620  Train_F1:0.465 Test_F1:0.472  Val_F1:0.476  
2025-01-02 12:42:38,548 - /home/mayi/data/zzy/DIR-GNN/train/teen_dir_GCN.py[line:400] - INFO: Epoch [  2/10]Train_ACC:0.822 Test_ACC:0.825  Val_ACC:0.826  Train_Pre:0.853 Test_Pre:0.857  Val_Pre:0.855  Train_Recall:0.822 Test_Recall:0.825  Val_Recall:0.826  Train_F1:0.808 Test_F1:0.812  Val_F1:0.813  
2025-01-02 12:42:52,894 - /home/mayi/data/zzy/DIR-GNN/train/teen_dir_GCN.py[line:400] - INFO: Epoch [  3/10]Train_ACC:0.902 Test_ACC:0.905  Val_ACC:0.902  Train_Pre:0.904 Test_Pre:0.907  Val_Pre:0.903  Train_Recall:0.902 Test_Recall:0.905  Val_Recall:0.902  Train_F1:0.900 Test_F1:0.903  Val_F1:0.900  
2025-01-02 12:43:07,132 - /home/mayi/data/zzy/DIR-GNN/train/teen_dir_GCN.py[line:400] - INFO: Epoch [  4/10]Train_ACC:0.913 Test_ACC:0.914  Val_ACC:0.912  Train_Pre:0.913 Test_Pre:0.915  Val_Pre:0.911  Train_Recall:0.913 Test_Recall:0.914  Val_Recall:0.912  Train_F1:0.913 Test_F1:0.914  Val_F1:0.911  
2025-01-02 12:43:21,175 - /home/mayi/data/zzy/DIR-GNN/train/teen_dir_GCN.py[line:400] - INFO: Epoch [  5/10]Train_ACC:0.919 Test_ACC:0.921  Val_ACC:0.918  Train_Pre:0.919 Test_Pre:0.920  Val_Pre:0.918  Train_Recall:0.919 Test_Recall:0.921  Val_Recall:0.918  Train_F1:0.919 Test_F1:0.920  Val_F1:0.918  
2025-01-02 12:43:35,134 - /home/mayi/data/zzy/DIR-GNN/train/teen_dir_GCN.py[line:400] - INFO: Epoch [  6/10]Train_ACC:0.922 Test_ACC:0.923  Val_ACC:0.920  Train_Pre:0.922 Test_Pre:0.923  Val_Pre:0.920  Train_Recall:0.922 Test_Recall:0.923  Val_Recall:0.920  Train_F1:0.922 Test_F1:0.923  Val_F1:0.920  
2025-01-02 12:43:49,336 - /home/mayi/data/zzy/DIR-GNN/train/teen_dir_GCN.py[line:400] - INFO: Epoch [  7/10]Train_ACC:0.924 Test_ACC:0.926  Val_ACC:0.922  Train_Pre:0.925 Test_Pre:0.926  Val_Pre:0.923  Train_Recall:0.924 Test_Recall:0.926  Val_Recall:0.922  Train_F1:0.924 Test_F1:0.926  Val_F1:0.922  
2025-01-02 12:44:03,402 - /home/mayi/data/zzy/DIR-GNN/train/teen_dir_GCN.py[line:400] - INFO: Epoch [  8/10]Train_ACC:0.925 Test_ACC:0.926  Val_ACC:0.924  Train_Pre:0.925 Test_Pre:0.927  Val_Pre:0.925  Train_Recall:0.925 Test_Recall:0.926  Val_Recall:0.924  Train_F1:0.925 Test_F1:0.926  Val_F1:0.924  
2025-01-02 12:44:17,504 - /home/mayi/data/zzy/DIR-GNN/train/teen_dir_GCN.py[line:400] - INFO: Epoch [  9/10]Train_ACC:0.929 Test_ACC:0.930  Val_ACC:0.927  Train_Pre:0.929 Test_Pre:0.930  Val_Pre:0.928  Train_Recall:0.929 Test_Recall:0.930  Val_Recall:0.927  Train_F1:0.929 Test_F1:0.930  Val_F1:0.927  
2025-01-02 12:44:17,504 - /home/mayi/data/zzy/DIR-GNN/train/teen_dir_GCN.py[line:457] - INFO: ====================================================================================================
2025-01-02 12:44:17,504 - /home/mayi/data/zzy/DIR-GNN/train/teen_dir_GCN.py[line:312] - INFO: Seed:  8
2025-01-02 12:44:17,506 - /home/mayi/data/zzy/DIR-GNN/train/teen_dir_GCN.py[line:367] - INFO: # Train: 22827  #Test: 17122.0 #Val: 17120
2025-01-02 12:44:31,782 - /home/mayi/data/zzy/DIR-GNN/train/teen_dir_GCN.py[line:400] - INFO: Epoch [  0/10]Train_ACC:0.613 Test_ACC:0.618  Val_ACC:0.620  Train_Pre:0.685 Test_Pre:0.656  Val_Pre:0.654  Train_Recall:0.613 Test_Recall:0.618  Val_Recall:0.620  Train_F1:0.471 Test_F1:0.476  Val_F1:0.478  
2025-01-02 12:44:46,256 - /home/mayi/data/zzy/DIR-GNN/train/teen_dir_GCN.py[line:400] - INFO: Epoch [  1/10]Train_ACC:0.611 Test_ACC:0.617  Val_ACC:0.619  Train_Pre:0.737 Test_Pre:0.738  Val_Pre:0.717  Train_Recall:0.611 Test_Recall:0.617  Val_Recall:0.619  Train_F1:0.465 Test_F1:0.471  Val_F1:0.474  
2025-01-02 12:45:00,503 - /home/mayi/data/zzy/DIR-GNN/train/teen_dir_GCN.py[line:400] - INFO: Epoch [  2/10]Train_ACC:0.832 Test_ACC:0.832  Val_ACC:0.834  Train_Pre:0.859 Test_Pre:0.860  Val_Pre:0.860  Train_Recall:0.832 Test_Recall:0.832  Val_Recall:0.834  Train_F1:0.820 Test_F1:0.820  Val_F1:0.823  
2025-01-02 12:45:14,704 - /home/mayi/data/zzy/DIR-GNN/train/teen_dir_GCN.py[line:400] - INFO: Epoch [  3/10]Train_ACC:0.905 Test_ACC:0.908  Val_ACC:0.905  Train_Pre:0.907 Test_Pre:0.911  Val_Pre:0.907  Train_Recall:0.905 Test_Recall:0.908  Val_Recall:0.905  Train_F1:0.903 Test_F1:0.907  Val_F1:0.903  
2025-01-02 12:45:28,862 - /home/mayi/data/zzy/DIR-GNN/train/teen_dir_GCN.py[line:400] - INFO: Epoch [  4/10]Train_ACC:0.916 Test_ACC:0.917  Val_ACC:0.916  Train_Pre:0.916 Test_Pre:0.917  Val_Pre:0.915  Train_Recall:0.916 Test_Recall:0.917  Val_Recall:0.916  Train_F1:0.916 Test_F1:0.917  Val_F1:0.915  
2025-01-02 12:45:43,082 - /home/mayi/data/zzy/DIR-GNN/train/teen_dir_GCN.py[line:400] - INFO: Epoch [  5/10]Train_ACC:0.919 Test_ACC:0.919  Val_ACC:0.917  Train_Pre:0.919 Test_Pre:0.919  Val_Pre:0.917  Train_Recall:0.919 Test_Recall:0.919  Val_Recall:0.917  Train_F1:0.919 Test_F1:0.919  Val_F1:0.917  
2025-01-02 12:45:57,589 - /home/mayi/data/zzy/DIR-GNN/train/teen_dir_GCN.py[line:400] - INFO: Epoch [  6/10]Train_ACC:0.921 Test_ACC:0.922  Val_ACC:0.920  Train_Pre:0.921 Test_Pre:0.922  Val_Pre:0.920  Train_Recall:0.921 Test_Recall:0.922  Val_Recall:0.920  Train_F1:0.921 Test_F1:0.922  Val_F1:0.920  
2025-01-02 12:46:11,710 - /home/mayi/data/zzy/DIR-GNN/train/teen_dir_GCN.py[line:400] - INFO: Epoch [  7/10]Train_ACC:0.925 Test_ACC:0.926  Val_ACC:0.922  Train_Pre:0.925 Test_Pre:0.926  Val_Pre:0.922  Train_Recall:0.925 Test_Recall:0.926  Val_Recall:0.922  Train_F1:0.925 Test_F1:0.926  Val_F1:0.922  
2025-01-02 12:46:26,019 - /home/mayi/data/zzy/DIR-GNN/train/teen_dir_GCN.py[line:400] - INFO: Epoch [  8/10]Train_ACC:0.928 Test_ACC:0.929  Val_ACC:0.925  Train_Pre:0.928 Test_Pre:0.929  Val_Pre:0.925  Train_Recall:0.928 Test_Recall:0.929  Val_Recall:0.925  Train_F1:0.928 Test_F1:0.929  Val_F1:0.925  
2025-01-02 12:46:40,213 - /home/mayi/data/zzy/DIR-GNN/train/teen_dir_GCN.py[line:400] - INFO: Epoch [  9/10]Train_ACC:0.931 Test_ACC:0.931  Val_ACC:0.928  Train_Pre:0.931 Test_Pre:0.931  Val_Pre:0.928  Train_Recall:0.931 Test_Recall:0.931  Val_Recall:0.928  Train_F1:0.931 Test_F1:0.931  Val_F1:0.928  
2025-01-02 12:46:40,213 - /home/mayi/data/zzy/DIR-GNN/train/teen_dir_GCN.py[line:457] - INFO: ====================================================================================================
2025-01-02 12:46:40,213 - /home/mayi/data/zzy/DIR-GNN/train/teen_dir_GCN.py[line:312] - INFO: Seed:  9
2025-01-02 12:46:40,215 - /home/mayi/data/zzy/DIR-GNN/train/teen_dir_GCN.py[line:367] - INFO: # Train: 22827  #Test: 17122.0 #Val: 17120
/home/mayi/anaconda3/envs/zzy_DIR/lib/python3.9/site-packages/sklearn/metrics/_classification.py:1517: UndefinedMetricWarning: Precision is ill-defined and being set to 0.0 in labels with no predicted samples. Use `zero_division` parameter to control this behavior.
  _warn_prf(average, modifier, f"{metric.capitalize()} is", len(result))
/home/mayi/anaconda3/envs/zzy_DIR/lib/python3.9/site-packages/sklearn/metrics/_classification.py:1517: UndefinedMetricWarning: Precision is ill-defined and being set to 0.0 in labels with no predicted samples. Use `zero_division` parameter to control this behavior.
  _warn_prf(average, modifier, f"{metric.capitalize()} is", len(result))
2025-01-02 12:46:54,684 - /home/mayi/data/zzy/DIR-GNN/train/teen_dir_GCN.py[line:400] - INFO: Epoch [  0/10]Train_ACC:0.610 Test_ACC:0.616  Val_ACC:0.619  Train_Pre:0.762 Test_Pre:0.379  Val_Pre:0.383  Train_Recall:0.610 Test_Recall:0.616  Val_Recall:0.619  Train_F1:0.462 Test_F1:0.470  Val_F1:0.473  
2025-01-02 12:47:08,872 - /home/mayi/data/zzy/DIR-GNN/train/teen_dir_GCN.py[line:400] - INFO: Epoch [  1/10]Train_ACC:0.790 Test_ACC:0.793  Val_ACC:0.793  Train_Pre:0.833 Test_Pre:0.836  Val_Pre:0.834  Train_Recall:0.790 Test_Recall:0.793  Val_Recall:0.793  Train_F1:0.770 Test_F1:0.772  Val_F1:0.771  
2025-01-02 12:47:23,036 - /home/mayi/data/zzy/DIR-GNN/train/teen_dir_GCN.py[line:400] - INFO: Epoch [  2/10]Train_ACC:0.903 Test_ACC:0.905  Val_ACC:0.902  Train_Pre:0.905 Test_Pre:0.907  Val_Pre:0.903  Train_Recall:0.903 Test_Recall:0.905  Val_Recall:0.902  Train_F1:0.901 Test_F1:0.903  Val_F1:0.901  
2025-01-02 12:47:37,209 - /home/mayi/data/zzy/DIR-GNN/train/teen_dir_GCN.py[line:400] - INFO: Epoch [  3/10]Train_ACC:0.912 Test_ACC:0.912  Val_ACC:0.910  Train_Pre:0.912 Test_Pre:0.912  Val_Pre:0.909  Train_Recall:0.912 Test_Recall:0.912  Val_Recall:0.910  Train_F1:0.912 Test_F1:0.912  Val_F1:0.909  
2025-01-02 12:47:51,355 - /home/mayi/data/zzy/DIR-GNN/train/teen_dir_GCN.py[line:400] - INFO: Epoch [  4/10]Train_ACC:0.915 Test_ACC:0.917  Val_ACC:0.914  Train_Pre:0.915 Test_Pre:0.917  Val_Pre:0.914  Train_Recall:0.915 Test_Recall:0.917  Val_Recall:0.914  Train_F1:0.915 Test_F1:0.917  Val_F1:0.914  
2025-01-02 12:48:05,533 - /home/mayi/data/zzy/DIR-GNN/train/teen_dir_GCN.py[line:400] - INFO: Epoch [  5/10]Train_ACC:0.917 Test_ACC:0.918  Val_ACC:0.915  Train_Pre:0.917 Test_Pre:0.919  Val_Pre:0.916  Train_Recall:0.917 Test_Recall:0.918  Val_Recall:0.915  Train_F1:0.917 Test_F1:0.919  Val_F1:0.915  
2025-01-02 12:48:19,451 - /home/mayi/data/zzy/DIR-GNN/train/teen_dir_GCN.py[line:400] - INFO: Epoch [  6/10]Train_ACC:0.920 Test_ACC:0.922  Val_ACC:0.919  Train_Pre:0.920 Test_Pre:0.922  Val_Pre:0.919  Train_Recall:0.920 Test_Recall:0.922  Val_Recall:0.919  Train_F1:0.920 Test_F1:0.922  Val_F1:0.919  
2025-01-02 12:48:33,464 - /home/mayi/data/zzy/DIR-GNN/train/teen_dir_GCN.py[line:400] - INFO: Epoch [  7/10]Train_ACC:0.923 Test_ACC:0.924  Val_ACC:0.922  Train_Pre:0.923 Test_Pre:0.924  Val_Pre:0.922  Train_Recall:0.923 Test_Recall:0.924  Val_Recall:0.922  Train_F1:0.923 Test_F1:0.924  Val_F1:0.922  
2025-01-02 12:48:47,537 - /home/mayi/data/zzy/DIR-GNN/train/teen_dir_GCN.py[line:400] - INFO: Epoch [  8/10]Train_ACC:0.926 Test_ACC:0.927  Val_ACC:0.924  Train_Pre:0.927 Test_Pre:0.928  Val_Pre:0.925  Train_Recall:0.926 Test_Recall:0.927  Val_Recall:0.924  Train_F1:0.927 Test_F1:0.928  Val_F1:0.924  
2025-01-02 12:49:01,794 - /home/mayi/data/zzy/DIR-GNN/train/teen_dir_GCN.py[line:400] - INFO: Epoch [  9/10]Train_ACC:0.929 Test_ACC:0.930  Val_ACC:0.927  Train_Pre:0.929 Test_Pre:0.930  Val_Pre:0.928  Train_Recall:0.929 Test_Recall:0.930  Val_Recall:0.927  Train_F1:0.929 Test_F1:0.930  Val_F1:0.927  
2025-01-02 12:49:01,794 - /home/mayi/data/zzy/DIR-GNN/train/teen_dir_GCN.py[line:457] - INFO: ====================================================================================================
2025-01-02 12:49:01,794 - /home/mayi/data/zzy/DIR-GNN/train/teen_dir_GCN.py[line:312] - INFO: Seed: 10
2025-01-02 12:49:01,796 - /home/mayi/data/zzy/DIR-GNN/train/teen_dir_GCN.py[line:367] - INFO: # Train: 22827  #Test: 17122.0 #Val: 17120
/home/mayi/anaconda3/envs/zzy_DIR/lib/python3.9/site-packages/sklearn/metrics/_classification.py:1517: UndefinedMetricWarning: Precision is ill-defined and being set to 0.0 in labels with no predicted samples. Use `zero_division` parameter to control this behavior.
  _warn_prf(average, modifier, f"{metric.capitalize()} is", len(result))
/home/mayi/anaconda3/envs/zzy_DIR/lib/python3.9/site-packages/sklearn/metrics/_classification.py:1517: UndefinedMetricWarning: Precision is ill-defined and being set to 0.0 in labels with no predicted samples. Use `zero_division` parameter to control this behavior.
  _warn_prf(average, modifier, f"{metric.capitalize()} is", len(result))
/home/mayi/anaconda3/envs/zzy_DIR/lib/python3.9/site-packages/sklearn/metrics/_classification.py:1517: UndefinedMetricWarning: Precision is ill-defined and being set to 0.0 in labels with no predicted samples. Use `zero_division` parameter to control this behavior.
  _warn_prf(average, modifier, f"{metric.capitalize()} is", len(result))
2025-01-02 12:49:15,838 - /home/mayi/data/zzy/DIR-GNN/train/teen_dir_GCN.py[line:400] - INFO: Epoch [  0/10]Train_ACC:0.610 Test_ACC:0.616  Val_ACC:0.619  Train_Pre:0.372 Test_Pre:0.379  Val_Pre:0.383  Train_Recall:0.610 Test_Recall:0.616  Val_Recall:0.619  Train_F1:0.462 Test_F1:0.470  Val_F1:0.473  
2025-01-02 12:49:30,064 - /home/mayi/data/zzy/DIR-GNN/train/teen_dir_GCN.py[line:400] - INFO: Epoch [  1/10]Train_ACC:0.690 Test_ACC:0.696  Val_ACC:0.698  Train_Pre:0.786 Test_Pre:0.790  Val_Pre:0.788  Train_Recall:0.690 Test_Recall:0.696  Val_Recall:0.698  Train_F1:0.621 Test_F1:0.628  Val_F1:0.630  
2025-01-02 12:49:43,901 - /home/mayi/data/zzy/DIR-GNN/train/teen_dir_GCN.py[line:400] - INFO: Epoch [  2/10]Train_ACC:0.879 Test_ACC:0.883  Val_ACC:0.880  Train_Pre:0.888 Test_Pre:0.891  Val_Pre:0.888  Train_Recall:0.879 Test_Recall:0.883  Val_Recall:0.880  Train_F1:0.876 Test_F1:0.879  Val_F1:0.876  
2025-01-02 12:49:57,763 - /home/mayi/data/zzy/DIR-GNN/train/teen_dir_GCN.py[line:400] - INFO: Epoch [  3/10]Train_ACC:0.905 Test_ACC:0.906  Val_ACC:0.904  Train_Pre:0.905 Test_Pre:0.907  Val_Pre:0.904  Train_Recall:0.905 Test_Recall:0.906  Val_Recall:0.904  Train_F1:0.904 Test_F1:0.906  Val_F1:0.903  
2025-01-02 12:50:11,933 - /home/mayi/data/zzy/DIR-GNN/train/teen_dir_GCN.py[line:400] - INFO: Epoch [  4/10]Train_ACC:0.912 Test_ACC:0.913  Val_ACC:0.910  Train_Pre:0.912 Test_Pre:0.913  Val_Pre:0.910  Train_Recall:0.912 Test_Recall:0.913  Val_Recall:0.910  Train_F1:0.912 Test_F1:0.913  Val_F1:0.910  
2025-01-02 12:50:25,993 - /home/mayi/data/zzy/DIR-GNN/train/teen_dir_GCN.py[line:400] - INFO: Epoch [  5/10]Train_ACC:0.915 Test_ACC:0.916  Val_ACC:0.914  Train_Pre:0.915 Test_Pre:0.916  Val_Pre:0.914  Train_Recall:0.915 Test_Recall:0.916  Val_Recall:0.914  Train_F1:0.915 Test_F1:0.916  Val_F1:0.914  
2025-01-02 12:50:40,123 - /home/mayi/data/zzy/DIR-GNN/train/teen_dir_GCN.py[line:400] - INFO: Epoch [  6/10]Train_ACC:0.917 Test_ACC:0.919  Val_ACC:0.916  Train_Pre:0.917 Test_Pre:0.919  Val_Pre:0.916  Train_Recall:0.917 Test_Recall:0.919  Val_Recall:0.916  Train_F1:0.917 Test_F1:0.919  Val_F1:0.916  
2025-01-02 12:50:54,182 - /home/mayi/data/zzy/DIR-GNN/train/teen_dir_GCN.py[line:400] - INFO: Epoch [  7/10]Train_ACC:0.921 Test_ACC:0.922  Val_ACC:0.919  Train_Pre:0.921 Test_Pre:0.923  Val_Pre:0.920  Train_Recall:0.921 Test_Recall:0.922  Val_Recall:0.919  Train_F1:0.921 Test_F1:0.923  Val_F1:0.919  
2025-01-02 12:51:08,276 - /home/mayi/data/zzy/DIR-GNN/train/teen_dir_GCN.py[line:400] - INFO: Epoch [  8/10]Train_ACC:0.924 Test_ACC:0.925  Val_ACC:0.922  Train_Pre:0.924 Test_Pre:0.926  Val_Pre:0.922  Train_Recall:0.924 Test_Recall:0.925  Val_Recall:0.922  Train_F1:0.924 Test_F1:0.925  Val_F1:0.922  
2025-01-02 12:51:22,520 - /home/mayi/data/zzy/DIR-GNN/train/teen_dir_GCN.py[line:400] - INFO: Epoch [  9/10]Train_ACC:0.927 Test_ACC:0.928  Val_ACC:0.925  Train_Pre:0.927 Test_Pre:0.928  Val_Pre:0.926  Train_Recall:0.927 Test_Recall:0.928  Val_Recall:0.925  Train_F1:0.927 Test_F1:0.928  Val_F1:0.926  
2025-01-02 12:51:22,520 - /home/mayi/data/zzy/DIR-GNN/train/teen_dir_GCN.py[line:457] - INFO: ====================================================================================================
2025-01-02 12:51:22,527 - /home/mayi/data/zzy/DIR-GNN/train/teen_dir_GCN.py[line:459] - INFO: Test ACC:0.9257±0.0016  Train ACC:0.9278±0.0017  Val ACC:0.9288±0.0015
2025-01-02 12:51:22,528 - /home/mayi/data/zzy/DIR-GNN/train/teen_dir_GCN.py[line:469] - INFO: Test Pre:0.9260±0.0016  Train Pre:0.9281±0.0017  Val Pre:0.9290±0.0015
2025-01-02 12:51:22,528 - /home/mayi/data/zzy/DIR-GNN/train/teen_dir_GCN.py[line:479] - INFO: Test Recall:0.9257±0.0016  Train Recall:0.9278±0.0017  Val Recall:0.9288±0.0015
2025-01-02 12:51:22,528 - /home/mayi/data/zzy/DIR-GNN/train/teen_dir_GCN.py[line:489] - INFO: Test F1:0.9258±0.0016  Train F1:0.9279±0.0017  Val F1:0.9289±0.0015
