/home/mayi/anaconda3/envs/zzy_DIR/lib/python3.9/site-packages/torch_geometric/deprecation.py:26: UserWarning: 'data.DataLoader' is deprecated, use 'loader.DataLoader' instead
  warnings.warn(out)
2024-11-21 10:42:25,340 - /home/mayi/data/zzy/DIR-GNN/utils/helper.py[line:49] - INFO: +----------------+---------------------------------+
| Parameter      | Value                           |
+----------------+---------------------------------+
| cuda           | 1                               |
+----------------+---------------------------------+
| datadir        | data/                           |
+----------------+---------------------------------+
| epoch          | 10                              |
+----------------+---------------------------------+
| reg            | True                            |
+----------------+---------------------------------+
| seed           | [1, 2, 3, 4, 5, 6, 7, 8, 9, 10] |
+----------------+---------------------------------+
| channels       | 128                             |
+----------------+---------------------------------+
| commit         |                                 |
+----------------+---------------------------------+
| type           | none                            |
+----------------+---------------------------------+
| input_channels | 768                             |
+----------------+---------------------------------+
| pretrain       | 0                               |
+----------------+---------------------------------+
| alpha          | 10                              |
+----------------+---------------------------------+
| r              | 0.250                           |
+----------------+---------------------------------+
| batch_size     | 256                             |
+----------------+---------------------------------+
| net_lr         | 0.000                           |
+----------------+---------------------------------+
2024-11-21 10:42:25,340 - /home/mayi/data/zzy/DIR-GNN/train/teen_dir_GCN.py[line:187] - INFO: Seed:  1
2024-11-21 10:42:25,482 - /home/mayi/data/zzy/DIR-GNN/train/teen_dir_GCN.py[line:240] - INFO: # Train: 22827  #Test: 17122.0 #Val: 17120
2024-11-21 10:42:58,360 - /home/mayi/data/zzy/DIR-GNN/train/teen_dir_GCN.py[line:271] - INFO: Epoch [  0/10]Train_ACC:0.723 Test_ACC:0.728  Val_ACC:0.727  Train_Pre:0.778 Test_Pre:0.784  Val_Pre:0.778  Train_Recall:0.723 Test_Recall:0.728  Val_Recall:0.727  Train_F1:0.681 Test_F1:0.685  Val_F1:0.684  
2024-11-21 10:43:29,597 - /home/mayi/data/zzy/DIR-GNN/train/teen_dir_GCN.py[line:271] - INFO: Epoch [  1/10]Train_ACC:0.879 Test_ACC:0.883  Val_ACC:0.881  Train_Pre:0.883 Test_Pre:0.887  Val_Pre:0.884  Train_Recall:0.879 Test_Recall:0.883  Val_Recall:0.881  Train_F1:0.877 Test_F1:0.881  Val_F1:0.879  
2024-11-21 10:44:00,595 - /home/mayi/data/zzy/DIR-GNN/train/teen_dir_GCN.py[line:271] - INFO: Epoch [  2/10]Train_ACC:0.905 Test_ACC:0.908  Val_ACC:0.904  Train_Pre:0.905 Test_Pre:0.907  Val_Pre:0.904  Train_Recall:0.905 Test_Recall:0.908  Val_Recall:0.904  Train_F1:0.905 Test_F1:0.907  Val_F1:0.904  
2024-11-21 10:44:31,769 - /home/mayi/data/zzy/DIR-GNN/train/teen_dir_GCN.py[line:271] - INFO: Epoch [  3/10]Train_ACC:0.912 Test_ACC:0.915  Val_ACC:0.911  Train_Pre:0.912 Test_Pre:0.915  Val_Pre:0.911  Train_Recall:0.912 Test_Recall:0.915  Val_Recall:0.911  Train_F1:0.912 Test_F1:0.915  Val_F1:0.911  
2024-11-21 10:45:02,795 - /home/mayi/data/zzy/DIR-GNN/train/teen_dir_GCN.py[line:271] - INFO: Epoch [  4/10]Train_ACC:0.915 Test_ACC:0.918  Val_ACC:0.913  Train_Pre:0.916 Test_Pre:0.918  Val_Pre:0.914  Train_Recall:0.915 Test_Recall:0.918  Val_Recall:0.913  Train_F1:0.915 Test_F1:0.918  Val_F1:0.914  
2024-11-21 10:45:33,718 - /home/mayi/data/zzy/DIR-GNN/train/teen_dir_GCN.py[line:271] - INFO: Epoch [  5/10]Train_ACC:0.919 Test_ACC:0.921  Val_ACC:0.918  Train_Pre:0.919 Test_Pre:0.921  Val_Pre:0.918  Train_Recall:0.919 Test_Recall:0.921  Val_Recall:0.918  Train_F1:0.919 Test_F1:0.921  Val_F1:0.918  
2024-11-21 10:46:04,818 - /home/mayi/data/zzy/DIR-GNN/train/teen_dir_GCN.py[line:271] - INFO: Epoch [  6/10]Train_ACC:0.922 Test_ACC:0.924  Val_ACC:0.920  Train_Pre:0.922 Test_Pre:0.924  Val_Pre:0.920  Train_Recall:0.922 Test_Recall:0.924  Val_Recall:0.920  Train_F1:0.922 Test_F1:0.924  Val_F1:0.920  
2024-11-21 10:46:35,844 - /home/mayi/data/zzy/DIR-GNN/train/teen_dir_GCN.py[line:271] - INFO: Epoch [  7/10]Train_ACC:0.926 Test_ACC:0.927  Val_ACC:0.924  Train_Pre:0.927 Test_Pre:0.927  Val_Pre:0.924  Train_Recall:0.926 Test_Recall:0.927  Val_Recall:0.924  Train_F1:0.926 Test_F1:0.927  Val_F1:0.924  
2024-11-21 10:47:06,681 - /home/mayi/data/zzy/DIR-GNN/train/teen_dir_GCN.py[line:271] - INFO: Epoch [  8/10]Train_ACC:0.931 Test_ACC:0.932  Val_ACC:0.928  Train_Pre:0.931 Test_Pre:0.932  Val_Pre:0.928  Train_Recall:0.931 Test_Recall:0.932  Val_Recall:0.928  Train_F1:0.931 Test_F1:0.932  Val_F1:0.928  
2024-11-21 10:47:37,749 - /home/mayi/data/zzy/DIR-GNN/train/teen_dir_GCN.py[line:271] - INFO: Epoch [  9/10]Train_ACC:0.935 Test_ACC:0.936  Val_ACC:0.933  Train_Pre:0.935 Test_Pre:0.936  Val_Pre:0.933  Train_Recall:0.935 Test_Recall:0.936  Val_Recall:0.933  Train_F1:0.935 Test_F1:0.936  Val_F1:0.933  
2024-11-21 10:47:37,749 - /home/mayi/data/zzy/DIR-GNN/train/teen_dir_GCN.py[line:318] - INFO: ====================================================================================================
2024-11-21 10:47:37,749 - /home/mayi/data/zzy/DIR-GNN/train/teen_dir_GCN.py[line:187] - INFO: Seed:  2
2024-11-21 10:47:37,757 - /home/mayi/data/zzy/DIR-GNN/train/teen_dir_GCN.py[line:240] - INFO: # Train: 22827  #Test: 17122.0 #Val: 17120
2024-11-21 10:48:08,867 - /home/mayi/data/zzy/DIR-GNN/train/teen_dir_GCN.py[line:271] - INFO: Epoch [  0/10]Train_ACC:0.643 Test_ACC:0.647  Val_ACC:0.650  Train_Pre:0.714 Test_Pre:0.722  Val_Pre:0.715  Train_Recall:0.643 Test_Recall:0.647  Val_Recall:0.650  Train_F1:0.542 Test_F1:0.546  Val_F1:0.550  
2024-11-21 10:48:39,941 - /home/mayi/data/zzy/DIR-GNN/train/teen_dir_GCN.py[line:271] - INFO: Epoch [  1/10]Train_ACC:0.873 Test_ACC:0.879  Val_ACC:0.874  Train_Pre:0.877 Test_Pre:0.884  Val_Pre:0.877  Train_Recall:0.873 Test_Recall:0.879  Val_Recall:0.874  Train_F1:0.870 Test_F1:0.876  Val_F1:0.871  
2024-11-21 10:49:10,961 - /home/mayi/data/zzy/DIR-GNN/train/teen_dir_GCN.py[line:271] - INFO: Epoch [  2/10]Train_ACC:0.897 Test_ACC:0.901  Val_ACC:0.897  Train_Pre:0.897 Test_Pre:0.900  Val_Pre:0.897  Train_Recall:0.897 Test_Recall:0.901  Val_Recall:0.897  Train_F1:0.897 Test_F1:0.900  Val_F1:0.896  
2024-11-21 10:49:41,900 - /home/mayi/data/zzy/DIR-GNN/train/teen_dir_GCN.py[line:271] - INFO: Epoch [  3/10]Train_ACC:0.906 Test_ACC:0.908  Val_ACC:0.905  Train_Pre:0.906 Test_Pre:0.907  Val_Pre:0.905  Train_Recall:0.906 Test_Recall:0.908  Val_Recall:0.905  Train_F1:0.906 Test_F1:0.908  Val_F1:0.905  
2024-11-21 10:50:12,997 - /home/mayi/data/zzy/DIR-GNN/train/teen_dir_GCN.py[line:271] - INFO: Epoch [  4/10]Train_ACC:0.912 Test_ACC:0.914  Val_ACC:0.911  Train_Pre:0.912 Test_Pre:0.914  Val_Pre:0.911  Train_Recall:0.912 Test_Recall:0.914  Val_Recall:0.911  Train_F1:0.912 Test_F1:0.914  Val_F1:0.911  
2024-11-21 10:50:44,004 - /home/mayi/data/zzy/DIR-GNN/train/teen_dir_GCN.py[line:271] - INFO: Epoch [  5/10]Train_ACC:0.916 Test_ACC:0.917  Val_ACC:0.914  Train_Pre:0.916 Test_Pre:0.917  Val_Pre:0.914  Train_Recall:0.916 Test_Recall:0.917  Val_Recall:0.914  Train_F1:0.916 Test_F1:0.917  Val_F1:0.914  
2024-11-21 10:51:14,949 - /home/mayi/data/zzy/DIR-GNN/train/teen_dir_GCN.py[line:271] - INFO: Epoch [  6/10]Train_ACC:0.919 Test_ACC:0.921  Val_ACC:0.917  Train_Pre:0.920 Test_Pre:0.922  Val_Pre:0.918  Train_Recall:0.919 Test_Recall:0.921  Val_Recall:0.917  Train_F1:0.919 Test_F1:0.921  Val_F1:0.918  
2024-11-21 10:51:45,775 - /home/mayi/data/zzy/DIR-GNN/train/teen_dir_GCN.py[line:271] - INFO: Epoch [  7/10]Train_ACC:0.923 Test_ACC:0.925  Val_ACC:0.921  Train_Pre:0.924 Test_Pre:0.925  Val_Pre:0.921  Train_Recall:0.923 Test_Recall:0.925  Val_Recall:0.921  Train_F1:0.923 Test_F1:0.925  Val_F1:0.921  
2024-11-21 10:52:16,884 - /home/mayi/data/zzy/DIR-GNN/train/teen_dir_GCN.py[line:271] - INFO: Epoch [  8/10]Train_ACC:0.927 Test_ACC:0.928  Val_ACC:0.924  Train_Pre:0.927 Test_Pre:0.928  Val_Pre:0.925  Train_Recall:0.927 Test_Recall:0.928  Val_Recall:0.924  Train_F1:0.927 Test_F1:0.928  Val_F1:0.924  
2024-11-21 10:52:47,854 - /home/mayi/data/zzy/DIR-GNN/train/teen_dir_GCN.py[line:271] - INFO: Epoch [  9/10]Train_ACC:0.932 Test_ACC:0.933  Val_ACC:0.929  Train_Pre:0.931 Test_Pre:0.933  Val_Pre:0.929  Train_Recall:0.932 Test_Recall:0.933  Val_Recall:0.929  Train_F1:0.932 Test_F1:0.933  Val_F1:0.929  
2024-11-21 10:52:47,855 - /home/mayi/data/zzy/DIR-GNN/train/teen_dir_GCN.py[line:318] - INFO: ====================================================================================================
2024-11-21 10:52:47,855 - /home/mayi/data/zzy/DIR-GNN/train/teen_dir_GCN.py[line:187] - INFO: Seed:  3
2024-11-21 10:52:47,862 - /home/mayi/data/zzy/DIR-GNN/train/teen_dir_GCN.py[line:240] - INFO: # Train: 22827  #Test: 17122.0 #Val: 17120
2024-11-21 10:53:19,212 - /home/mayi/data/zzy/DIR-GNN/train/teen_dir_GCN.py[line:271] - INFO: Epoch [  0/10]Train_ACC:0.710 Test_ACC:0.714  Val_ACC:0.716  Train_Pre:0.784 Test_Pre:0.787  Val_Pre:0.785  Train_Recall:0.710 Test_Recall:0.714  Val_Recall:0.716  Train_F1:0.657 Test_F1:0.661  Val_F1:0.662  
2024-11-21 10:53:50,463 - /home/mayi/data/zzy/DIR-GNN/train/teen_dir_GCN.py[line:271] - INFO: Epoch [  1/10]Train_ACC:0.897 Test_ACC:0.900  Val_ACC:0.896  Train_Pre:0.897 Test_Pre:0.900  Val_Pre:0.896  Train_Recall:0.897 Test_Recall:0.900  Val_Recall:0.896  Train_F1:0.896 Test_F1:0.899  Val_F1:0.895  
2024-11-21 10:54:21,500 - /home/mayi/data/zzy/DIR-GNN/train/teen_dir_GCN.py[line:271] - INFO: Epoch [  2/10]Train_ACC:0.904 Test_ACC:0.906  Val_ACC:0.903  Train_Pre:0.904 Test_Pre:0.906  Val_Pre:0.903  Train_Recall:0.904 Test_Recall:0.906  Val_Recall:0.903  Train_F1:0.904 Test_F1:0.906  Val_F1:0.903  
2024-11-21 10:54:52,625 - /home/mayi/data/zzy/DIR-GNN/train/teen_dir_GCN.py[line:271] - INFO: Epoch [  3/10]Train_ACC:0.912 Test_ACC:0.913  Val_ACC:0.911  Train_Pre:0.912 Test_Pre:0.913  Val_Pre:0.911  Train_Recall:0.912 Test_Recall:0.913  Val_Recall:0.911  Train_F1:0.912 Test_F1:0.913  Val_F1:0.911  
2024-11-21 10:55:23,865 - /home/mayi/data/zzy/DIR-GNN/train/teen_dir_GCN.py[line:271] - INFO: Epoch [  4/10]Train_ACC:0.915 Test_ACC:0.915  Val_ACC:0.913  Train_Pre:0.915 Test_Pre:0.915  Val_Pre:0.914  Train_Recall:0.915 Test_Recall:0.915  Val_Recall:0.913  Train_F1:0.915 Test_F1:0.915  Val_F1:0.913  
2024-11-21 10:55:54,809 - /home/mayi/data/zzy/DIR-GNN/train/teen_dir_GCN.py[line:271] - INFO: Epoch [  5/10]Train_ACC:0.917 Test_ACC:0.918  Val_ACC:0.916  Train_Pre:0.917 Test_Pre:0.919  Val_Pre:0.917  Train_Recall:0.917 Test_Recall:0.918  Val_Recall:0.916  Train_F1:0.917 Test_F1:0.918  Val_F1:0.916  
2024-11-21 10:56:25,903 - /home/mayi/data/zzy/DIR-GNN/train/teen_dir_GCN.py[line:271] - INFO: Epoch [  6/10]Train_ACC:0.923 Test_ACC:0.925  Val_ACC:0.922  Train_Pre:0.923 Test_Pre:0.925  Val_Pre:0.922  Train_Recall:0.923 Test_Recall:0.925  Val_Recall:0.922  Train_F1:0.923 Test_F1:0.925  Val_F1:0.922  
2024-11-21 10:56:57,015 - /home/mayi/data/zzy/DIR-GNN/train/teen_dir_GCN.py[line:271] - INFO: Epoch [  7/10]Train_ACC:0.927 Test_ACC:0.928  Val_ACC:0.924  Train_Pre:0.927 Test_Pre:0.928  Val_Pre:0.924  Train_Recall:0.927 Test_Recall:0.928  Val_Recall:0.924  Train_F1:0.927 Test_F1:0.928  Val_F1:0.924  
2024-11-21 10:57:27,877 - /home/mayi/data/zzy/DIR-GNN/train/teen_dir_GCN.py[line:271] - INFO: Epoch [  8/10]Train_ACC:0.931 Test_ACC:0.932  Val_ACC:0.928  Train_Pre:0.931 Test_Pre:0.932  Val_Pre:0.928  Train_Recall:0.931 Test_Recall:0.932  Val_Recall:0.928  Train_F1:0.931 Test_F1:0.932  Val_F1:0.928  
2024-11-21 10:57:58,733 - /home/mayi/data/zzy/DIR-GNN/train/teen_dir_GCN.py[line:271] - INFO: Epoch [  9/10]Train_ACC:0.934 Test_ACC:0.935  Val_ACC:0.931  Train_Pre:0.934 Test_Pre:0.935  Val_Pre:0.931  Train_Recall:0.934 Test_Recall:0.935  Val_Recall:0.931  Train_F1:0.934 Test_F1:0.935  Val_F1:0.931  
2024-11-21 10:57:58,733 - /home/mayi/data/zzy/DIR-GNN/train/teen_dir_GCN.py[line:318] - INFO: ====================================================================================================
2024-11-21 10:57:58,733 - /home/mayi/data/zzy/DIR-GNN/train/teen_dir_GCN.py[line:187] - INFO: Seed:  4
2024-11-21 10:57:58,742 - /home/mayi/data/zzy/DIR-GNN/train/teen_dir_GCN.py[line:240] - INFO: # Train: 22827  #Test: 17122.0 #Val: 17120
2024-11-21 10:58:29,892 - /home/mayi/data/zzy/DIR-GNN/train/teen_dir_GCN.py[line:271] - INFO: Epoch [  0/10]Train_ACC:0.703 Test_ACC:0.712  Val_ACC:0.711  Train_Pre:0.771 Test_Pre:0.782  Val_Pre:0.775  Train_Recall:0.703 Test_Recall:0.712  Val_Recall:0.711  Train_F1:0.648 Test_F1:0.658  Val_F1:0.657  
2024-11-21 10:59:00,793 - /home/mayi/data/zzy/DIR-GNN/train/teen_dir_GCN.py[line:271] - INFO: Epoch [  1/10]Train_ACC:0.873 Test_ACC:0.878  Val_ACC:0.873  Train_Pre:0.878 Test_Pre:0.883  Val_Pre:0.877  Train_Recall:0.873 Test_Recall:0.878  Val_Recall:0.873  Train_F1:0.870 Test_F1:0.875  Val_F1:0.870  
2024-11-21 10:59:31,924 - /home/mayi/data/zzy/DIR-GNN/train/teen_dir_GCN.py[line:271] - INFO: Epoch [  2/10]Train_ACC:0.903 Test_ACC:0.906  Val_ACC:0.902  Train_Pre:0.903 Test_Pre:0.905  Val_Pre:0.902  Train_Recall:0.903 Test_Recall:0.906  Val_Recall:0.902  Train_F1:0.903 Test_F1:0.905  Val_F1:0.902  
2024-11-21 11:00:02,945 - /home/mayi/data/zzy/DIR-GNN/train/teen_dir_GCN.py[line:271] - INFO: Epoch [  3/10]Train_ACC:0.911 Test_ACC:0.914  Val_ACC:0.911  Train_Pre:0.911 Test_Pre:0.914  Val_Pre:0.911  Train_Recall:0.911 Test_Recall:0.914  Val_Recall:0.911  Train_F1:0.911 Test_F1:0.914  Val_F1:0.911  
2024-11-21 11:00:33,720 - /home/mayi/data/zzy/DIR-GNN/train/teen_dir_GCN.py[line:271] - INFO: Epoch [  4/10]Train_ACC:0.912 Test_ACC:0.914  Val_ACC:0.911  Train_Pre:0.912 Test_Pre:0.914  Val_Pre:0.911  Train_Recall:0.912 Test_Recall:0.914  Val_Recall:0.911  Train_F1:0.912 Test_F1:0.914  Val_F1:0.911  
2024-11-21 11:01:04,547 - /home/mayi/data/zzy/DIR-GNN/train/teen_dir_GCN.py[line:271] - INFO: Epoch [  5/10]Train_ACC:0.916 Test_ACC:0.917  Val_ACC:0.915  Train_Pre:0.916 Test_Pre:0.918  Val_Pre:0.915  Train_Recall:0.916 Test_Recall:0.917  Val_Recall:0.915  Train_F1:0.916 Test_F1:0.918  Val_F1:0.915  
2024-11-21 11:01:35,770 - /home/mayi/data/zzy/DIR-GNN/train/teen_dir_GCN.py[line:271] - INFO: Epoch [  6/10]Train_ACC:0.920 Test_ACC:0.923  Val_ACC:0.919  Train_Pre:0.921 Test_Pre:0.923  Val_Pre:0.919  Train_Recall:0.920 Test_Recall:0.923  Val_Recall:0.919  Train_F1:0.921 Test_F1:0.923  Val_F1:0.919  
2024-11-21 11:02:06,767 - /home/mayi/data/zzy/DIR-GNN/train/teen_dir_GCN.py[line:271] - INFO: Epoch [  7/10]Train_ACC:0.925 Test_ACC:0.927  Val_ACC:0.923  Train_Pre:0.925 Test_Pre:0.927  Val_Pre:0.923  Train_Recall:0.925 Test_Recall:0.927  Val_Recall:0.923  Train_F1:0.925 Test_F1:0.927  Val_F1:0.923  
2024-11-21 11:02:38,051 - /home/mayi/data/zzy/DIR-GNN/train/teen_dir_GCN.py[line:271] - INFO: Epoch [  8/10]Train_ACC:0.928 Test_ACC:0.929  Val_ACC:0.925  Train_Pre:0.929 Test_Pre:0.930  Val_Pre:0.926  Train_Recall:0.928 Test_Recall:0.929  Val_Recall:0.925  Train_F1:0.928 Test_F1:0.929  Val_F1:0.925  
2024-11-21 11:03:09,224 - /home/mayi/data/zzy/DIR-GNN/train/teen_dir_GCN.py[line:271] - INFO: Epoch [  9/10]Train_ACC:0.933 Test_ACC:0.934  Val_ACC:0.931  Train_Pre:0.933 Test_Pre:0.934  Val_Pre:0.931  Train_Recall:0.933 Test_Recall:0.934  Val_Recall:0.931  Train_F1:0.933 Test_F1:0.934  Val_F1:0.931  
2024-11-21 11:03:09,224 - /home/mayi/data/zzy/DIR-GNN/train/teen_dir_GCN.py[line:318] - INFO: ====================================================================================================
2024-11-21 11:03:09,224 - /home/mayi/data/zzy/DIR-GNN/train/teen_dir_GCN.py[line:187] - INFO: Seed:  5
2024-11-21 11:03:09,233 - /home/mayi/data/zzy/DIR-GNN/train/teen_dir_GCN.py[line:240] - INFO: # Train: 22827  #Test: 17122.0 #Val: 17120
2024-11-21 11:03:40,377 - /home/mayi/data/zzy/DIR-GNN/train/teen_dir_GCN.py[line:271] - INFO: Epoch [  0/10]Train_ACC:0.676 Test_ACC:0.685  Val_ACC:0.685  Train_Pre:0.748 Test_Pre:0.759  Val_Pre:0.752  Train_Recall:0.676 Test_Recall:0.685  Val_Recall:0.685  Train_F1:0.605 Test_F1:0.616  Val_F1:0.614  
2024-11-21 11:04:11,191 - /home/mayi/data/zzy/DIR-GNN/train/teen_dir_GCN.py[line:271] - INFO: Epoch [  1/10]Train_ACC:0.890 Test_ACC:0.893  Val_ACC:0.890  Train_Pre:0.891 Test_Pre:0.895  Val_Pre:0.891  Train_Recall:0.890 Test_Recall:0.893  Val_Recall:0.890  Train_F1:0.888 Test_F1:0.892  Val_F1:0.888  
2024-11-21 11:04:42,289 - /home/mayi/data/zzy/DIR-GNN/train/teen_dir_GCN.py[line:271] - INFO: Epoch [  2/10]Train_ACC:0.910 Test_ACC:0.912  Val_ACC:0.908  Train_Pre:0.910 Test_Pre:0.912  Val_Pre:0.909  Train_Recall:0.910 Test_Recall:0.912  Val_Recall:0.908  Train_F1:0.910 Test_F1:0.912  Val_F1:0.908  
2024-11-21 11:05:13,298 - /home/mayi/data/zzy/DIR-GNN/train/teen_dir_GCN.py[line:271] - INFO: Epoch [  3/10]Train_ACC:0.911 Test_ACC:0.914  Val_ACC:0.911  Train_Pre:0.911 Test_Pre:0.914  Val_Pre:0.911  Train_Recall:0.911 Test_Recall:0.914  Val_Recall:0.911  Train_F1:0.911 Test_F1:0.914  Val_F1:0.911  
2024-11-21 11:05:44,438 - /home/mayi/data/zzy/DIR-GNN/train/teen_dir_GCN.py[line:271] - INFO: Epoch [  4/10]Train_ACC:0.915 Test_ACC:0.917  Val_ACC:0.914  Train_Pre:0.915 Test_Pre:0.917  Val_Pre:0.914  Train_Recall:0.915 Test_Recall:0.917  Val_Recall:0.914  Train_F1:0.915 Test_F1:0.917  Val_F1:0.914  
2024-11-21 11:06:15,678 - /home/mayi/data/zzy/DIR-GNN/train/teen_dir_GCN.py[line:271] - INFO: Epoch [  5/10]Train_ACC:0.918 Test_ACC:0.920  Val_ACC:0.916  Train_Pre:0.918 Test_Pre:0.920  Val_Pre:0.917  Train_Recall:0.918 Test_Recall:0.920  Val_Recall:0.916  Train_F1:0.918 Test_F1:0.920  Val_F1:0.917  
2024-11-21 11:06:46,716 - /home/mayi/data/zzy/DIR-GNN/train/teen_dir_GCN.py[line:271] - INFO: Epoch [  6/10]Train_ACC:0.923 Test_ACC:0.925  Val_ACC:0.920  Train_Pre:0.923 Test_Pre:0.925  Val_Pre:0.921  Train_Recall:0.923 Test_Recall:0.925  Val_Recall:0.920  Train_F1:0.923 Test_F1:0.925  Val_F1:0.920  
2024-11-21 11:07:17,684 - /home/mayi/data/zzy/DIR-GNN/train/teen_dir_GCN.py[line:271] - INFO: Epoch [  7/10]Train_ACC:0.926 Test_ACC:0.927  Val_ACC:0.923  Train_Pre:0.927 Test_Pre:0.927  Val_Pre:0.924  Train_Recall:0.926 Test_Recall:0.927  Val_Recall:0.923  Train_F1:0.926 Test_F1:0.927  Val_F1:0.924  
2024-11-21 11:07:48,885 - /home/mayi/data/zzy/DIR-GNN/train/teen_dir_GCN.py[line:271] - INFO: Epoch [  8/10]Train_ACC:0.931 Test_ACC:0.931  Val_ACC:0.927  Train_Pre:0.931 Test_Pre:0.931  Val_Pre:0.927  Train_Recall:0.931 Test_Recall:0.931  Val_Recall:0.927  Train_F1:0.931 Test_F1:0.931  Val_F1:0.927  
2024-11-21 11:08:19,866 - /home/mayi/data/zzy/DIR-GNN/train/teen_dir_GCN.py[line:271] - INFO: Epoch [  9/10]Train_ACC:0.932 Test_ACC:0.933  Val_ACC:0.929  Train_Pre:0.932 Test_Pre:0.934  Val_Pre:0.930  Train_Recall:0.932 Test_Recall:0.933  Val_Recall:0.929  Train_F1:0.932 Test_F1:0.933  Val_F1:0.929  
2024-11-21 11:08:19,867 - /home/mayi/data/zzy/DIR-GNN/train/teen_dir_GCN.py[line:318] - INFO: ====================================================================================================
2024-11-21 11:08:19,867 - /home/mayi/data/zzy/DIR-GNN/train/teen_dir_GCN.py[line:187] - INFO: Seed:  6
2024-11-21 11:08:19,874 - /home/mayi/data/zzy/DIR-GNN/train/teen_dir_GCN.py[line:240] - INFO: # Train: 22827  #Test: 17122.0 #Val: 17120
2024-11-21 11:08:51,178 - /home/mayi/data/zzy/DIR-GNN/train/teen_dir_GCN.py[line:271] - INFO: Epoch [  0/10]Train_ACC:0.653 Test_ACC:0.659  Val_ACC:0.661  Train_Pre:0.746 Test_Pre:0.754  Val_Pre:0.751  Train_Recall:0.653 Test_Recall:0.659  Val_Recall:0.661  Train_F1:0.559 Test_F1:0.565  Val_F1:0.567  
2024-11-21 11:09:22,428 - /home/mayi/data/zzy/DIR-GNN/train/teen_dir_GCN.py[line:271] - INFO: Epoch [  1/10]Train_ACC:0.887 Test_ACC:0.892  Val_ACC:0.889  Train_Pre:0.891 Test_Pre:0.895  Val_Pre:0.891  Train_Recall:0.887 Test_Recall:0.892  Val_Recall:0.889  Train_F1:0.885 Test_F1:0.890  Val_F1:0.886  
2024-11-21 11:09:53,305 - /home/mayi/data/zzy/DIR-GNN/train/teen_dir_GCN.py[line:271] - INFO: Epoch [  2/10]Train_ACC:0.907 Test_ACC:0.908  Val_ACC:0.905  Train_Pre:0.906 Test_Pre:0.908  Val_Pre:0.904  Train_Recall:0.907 Test_Recall:0.908  Val_Recall:0.905  Train_F1:0.906 Test_F1:0.908  Val_F1:0.904  
2024-11-21 11:10:24,101 - /home/mayi/data/zzy/DIR-GNN/train/teen_dir_GCN.py[line:271] - INFO: Epoch [  3/10]Train_ACC:0.913 Test_ACC:0.915  Val_ACC:0.912  Train_Pre:0.913 Test_Pre:0.915  Val_Pre:0.912  Train_Recall:0.913 Test_Recall:0.915  Val_Recall:0.912  Train_F1:0.913 Test_F1:0.915  Val_F1:0.912  
2024-11-21 11:10:55,168 - /home/mayi/data/zzy/DIR-GNN/train/teen_dir_GCN.py[line:271] - INFO: Epoch [  4/10]Train_ACC:0.915 Test_ACC:0.917  Val_ACC:0.914  Train_Pre:0.915 Test_Pre:0.917  Val_Pre:0.914  Train_Recall:0.915 Test_Recall:0.917  Val_Recall:0.914  Train_F1:0.915 Test_F1:0.917  Val_F1:0.914  
2024-11-21 11:11:26,125 - /home/mayi/data/zzy/DIR-GNN/train/teen_dir_GCN.py[line:271] - INFO: Epoch [  5/10]Train_ACC:0.918 Test_ACC:0.920  Val_ACC:0.916  Train_Pre:0.918 Test_Pre:0.920  Val_Pre:0.916  Train_Recall:0.918 Test_Recall:0.920  Val_Recall:0.916  Train_F1:0.918 Test_F1:0.920  Val_F1:0.916  
2024-11-21 11:11:57,436 - /home/mayi/data/zzy/DIR-GNN/train/teen_dir_GCN.py[line:271] - INFO: Epoch [  6/10]Train_ACC:0.922 Test_ACC:0.923  Val_ACC:0.921  Train_Pre:0.922 Test_Pre:0.923  Val_Pre:0.920  Train_Recall:0.922 Test_Recall:0.923  Val_Recall:0.921  Train_F1:0.922 Test_F1:0.923  Val_F1:0.920  
2024-11-21 11:12:28,522 - /home/mayi/data/zzy/DIR-GNN/train/teen_dir_GCN.py[line:271] - INFO: Epoch [  7/10]Train_ACC:0.924 Test_ACC:0.925  Val_ACC:0.922  Train_Pre:0.925 Test_Pre:0.926  Val_Pre:0.923  Train_Recall:0.924 Test_Recall:0.925  Val_Recall:0.922  Train_F1:0.924 Test_F1:0.925  Val_F1:0.922  
2024-11-21 11:12:59,328 - /home/mayi/data/zzy/DIR-GNN/train/teen_dir_GCN.py[line:271] - INFO: Epoch [  8/10]Train_ACC:0.929 Test_ACC:0.931  Val_ACC:0.927  Train_Pre:0.929 Test_Pre:0.931  Val_Pre:0.927  Train_Recall:0.929 Test_Recall:0.931  Val_Recall:0.927  Train_F1:0.929 Test_F1:0.931  Val_F1:0.927  
2024-11-21 11:13:30,394 - /home/mayi/data/zzy/DIR-GNN/train/teen_dir_GCN.py[line:271] - INFO: Epoch [  9/10]Train_ACC:0.932 Test_ACC:0.934  Val_ACC:0.931  Train_Pre:0.932 Test_Pre:0.933  Val_Pre:0.931  Train_Recall:0.932 Test_Recall:0.934  Val_Recall:0.931  Train_F1:0.932 Test_F1:0.933  Val_F1:0.931  
2024-11-21 11:13:30,394 - /home/mayi/data/zzy/DIR-GNN/train/teen_dir_GCN.py[line:318] - INFO: ====================================================================================================
2024-11-21 11:13:30,394 - /home/mayi/data/zzy/DIR-GNN/train/teen_dir_GCN.py[line:187] - INFO: Seed:  7
2024-11-21 11:13:30,402 - /home/mayi/data/zzy/DIR-GNN/train/teen_dir_GCN.py[line:240] - INFO: # Train: 22827  #Test: 17122.0 #Val: 17120
2024-11-21 11:14:01,383 - /home/mayi/data/zzy/DIR-GNN/train/teen_dir_GCN.py[line:271] - INFO: Epoch [  0/10]Train_ACC:0.767 Test_ACC:0.770  Val_ACC:0.769  Train_Pre:0.806 Test_Pre:0.811  Val_Pre:0.807  Train_Recall:0.767 Test_Recall:0.770  Val_Recall:0.769  Train_F1:0.742 Test_F1:0.744  Val_F1:0.744  
2024-11-21 11:14:32,220 - /home/mayi/data/zzy/DIR-GNN/train/teen_dir_GCN.py[line:271] - INFO: Epoch [  1/10]Train_ACC:0.885 Test_ACC:0.889  Val_ACC:0.887  Train_Pre:0.887 Test_Pre:0.892  Val_Pre:0.889  Train_Recall:0.885 Test_Recall:0.889  Val_Recall:0.887  Train_F1:0.883 Test_F1:0.887  Val_F1:0.885  
2024-11-21 11:15:03,413 - /home/mayi/data/zzy/DIR-GNN/train/teen_dir_GCN.py[line:271] - INFO: Epoch [  2/10]Train_ACC:0.906 Test_ACC:0.908  Val_ACC:0.904  Train_Pre:0.905 Test_Pre:0.907  Val_Pre:0.903  Train_Recall:0.906 Test_Recall:0.908  Val_Recall:0.904  Train_F1:0.905 Test_F1:0.907  Val_F1:0.903  
2024-11-21 11:15:34,557 - /home/mayi/data/zzy/DIR-GNN/train/teen_dir_GCN.py[line:271] - INFO: Epoch [  3/10]Train_ACC:0.909 Test_ACC:0.911  Val_ACC:0.907  Train_Pre:0.909 Test_Pre:0.911  Val_Pre:0.907  Train_Recall:0.909 Test_Recall:0.911  Val_Recall:0.907  Train_F1:0.909 Test_F1:0.911  Val_F1:0.907  
2024-11-21 11:16:05,387 - /home/mayi/data/zzy/DIR-GNN/train/teen_dir_GCN.py[line:271] - INFO: Epoch [  4/10]Train_ACC:0.916 Test_ACC:0.918  Val_ACC:0.915  Train_Pre:0.916 Test_Pre:0.918  Val_Pre:0.916  Train_Recall:0.916 Test_Recall:0.918  Val_Recall:0.915  Train_F1:0.916 Test_F1:0.918  Val_F1:0.916  
2024-11-21 11:16:36,175 - /home/mayi/data/zzy/DIR-GNN/train/teen_dir_GCN.py[line:271] - INFO: Epoch [  5/10]Train_ACC:0.918 Test_ACC:0.920  Val_ACC:0.917  Train_Pre:0.919 Test_Pre:0.921  Val_Pre:0.918  Train_Recall:0.918 Test_Recall:0.920  Val_Recall:0.917  Train_F1:0.918 Test_F1:0.921  Val_F1:0.917  
2024-11-21 11:17:07,393 - /home/mayi/data/zzy/DIR-GNN/train/teen_dir_GCN.py[line:271] - INFO: Epoch [  6/10]Train_ACC:0.924 Test_ACC:0.926  Val_ACC:0.922  Train_Pre:0.924 Test_Pre:0.926  Val_Pre:0.922  Train_Recall:0.924 Test_Recall:0.926  Val_Recall:0.922  Train_F1:0.924 Test_F1:0.926  Val_F1:0.922  
2024-11-21 11:17:38,339 - /home/mayi/data/zzy/DIR-GNN/train/teen_dir_GCN.py[line:271] - INFO: Epoch [  7/10]Train_ACC:0.927 Test_ACC:0.929  Val_ACC:0.926  Train_Pre:0.928 Test_Pre:0.930  Val_Pre:0.926  Train_Recall:0.927 Test_Recall:0.929  Val_Recall:0.926  Train_F1:0.928 Test_F1:0.930  Val_F1:0.926  
2024-11-21 11:18:09,590 - /home/mayi/data/zzy/DIR-GNN/train/teen_dir_GCN.py[line:271] - INFO: Epoch [  8/10]Train_ACC:0.931 Test_ACC:0.931  Val_ACC:0.928  Train_Pre:0.931 Test_Pre:0.932  Val_Pre:0.928  Train_Recall:0.931 Test_Recall:0.931  Val_Recall:0.928  Train_F1:0.931 Test_F1:0.932  Val_F1:0.928  
2024-11-21 11:18:40,760 - /home/mayi/data/zzy/DIR-GNN/train/teen_dir_GCN.py[line:271] - INFO: Epoch [  9/10]Train_ACC:0.934 Test_ACC:0.935  Val_ACC:0.931  Train_Pre:0.934 Test_Pre:0.935  Val_Pre:0.931  Train_Recall:0.934 Test_Recall:0.935  Val_Recall:0.931  Train_F1:0.934 Test_F1:0.935  Val_F1:0.931  
2024-11-21 11:18:40,760 - /home/mayi/data/zzy/DIR-GNN/train/teen_dir_GCN.py[line:318] - INFO: ====================================================================================================
2024-11-21 11:18:40,760 - /home/mayi/data/zzy/DIR-GNN/train/teen_dir_GCN.py[line:187] - INFO: Seed:  8
2024-11-21 11:18:40,769 - /home/mayi/data/zzy/DIR-GNN/train/teen_dir_GCN.py[line:240] - INFO: # Train: 22827  #Test: 17122.0 #Val: 17120
2024-11-21 11:19:11,881 - /home/mayi/data/zzy/DIR-GNN/train/teen_dir_GCN.py[line:271] - INFO: Epoch [  0/10]Train_ACC:0.612 Test_ACC:0.619  Val_ACC:0.621  Train_Pre:0.733 Test_Pre:0.748  Val_Pre:0.765  Train_Recall:0.612 Test_Recall:0.619  Val_Recall:0.621  Train_F1:0.468 Test_F1:0.476  Val_F1:0.479  
2024-11-21 11:19:42,938 - /home/mayi/data/zzy/DIR-GNN/train/teen_dir_GCN.py[line:271] - INFO: Epoch [  1/10]Train_ACC:0.862 Test_ACC:0.865  Val_ACC:0.862  Train_Pre:0.871 Test_Pre:0.875  Val_Pre:0.870  Train_Recall:0.862 Test_Recall:0.865  Val_Recall:0.862  Train_F1:0.857 Test_F1:0.860  Val_F1:0.857  
2024-11-21 11:20:14,232 - /home/mayi/data/zzy/DIR-GNN/train/teen_dir_GCN.py[line:271] - INFO: Epoch [  2/10]Train_ACC:0.887 Test_ACC:0.891  Val_ACC:0.887  Train_Pre:0.890 Test_Pre:0.893  Val_Pre:0.889  Train_Recall:0.887 Test_Recall:0.891  Val_Recall:0.887  Train_F1:0.885 Test_F1:0.889  Val_F1:0.885  
2024-11-21 11:20:45,346 - /home/mayi/data/zzy/DIR-GNN/train/teen_dir_GCN.py[line:271] - INFO: Epoch [  3/10]Train_ACC:0.908 Test_ACC:0.910  Val_ACC:0.906  Train_Pre:0.907 Test_Pre:0.909  Val_Pre:0.906  Train_Recall:0.908 Test_Recall:0.910  Val_Recall:0.906  Train_F1:0.907 Test_F1:0.909  Val_F1:0.906  
2024-11-21 11:21:16,600 - /home/mayi/data/zzy/DIR-GNN/train/teen_dir_GCN.py[line:271] - INFO: Epoch [  4/10]Train_ACC:0.913 Test_ACC:0.914  Val_ACC:0.912  Train_Pre:0.912 Test_Pre:0.914  Val_Pre:0.912  Train_Recall:0.913 Test_Recall:0.914  Val_Recall:0.912  Train_F1:0.912 Test_F1:0.914  Val_F1:0.912  
2024-11-21 11:21:47,957 - /home/mayi/data/zzy/DIR-GNN/train/teen_dir_GCN.py[line:271] - INFO: Epoch [  5/10]Train_ACC:0.915 Test_ACC:0.916  Val_ACC:0.912  Train_Pre:0.915 Test_Pre:0.917  Val_Pre:0.913  Train_Recall:0.915 Test_Recall:0.916  Val_Recall:0.912  Train_F1:0.915 Test_F1:0.916  Val_F1:0.912  
2024-11-21 11:22:18,873 - /home/mayi/data/zzy/DIR-GNN/train/teen_dir_GCN.py[line:271] - INFO: Epoch [  6/10]Train_ACC:0.919 Test_ACC:0.921  Val_ACC:0.918  Train_Pre:0.919 Test_Pre:0.922  Val_Pre:0.919  Train_Recall:0.919 Test_Recall:0.921  Val_Recall:0.918  Train_F1:0.919 Test_F1:0.921  Val_F1:0.918  
2024-11-21 11:22:50,005 - /home/mayi/data/zzy/DIR-GNN/train/teen_dir_GCN.py[line:271] - INFO: Epoch [  7/10]Train_ACC:0.924 Test_ACC:0.927  Val_ACC:0.923  Train_Pre:0.924 Test_Pre:0.927  Val_Pre:0.923  Train_Recall:0.924 Test_Recall:0.927  Val_Recall:0.923  Train_F1:0.924 Test_F1:0.927  Val_F1:0.923  
2024-11-21 11:23:21,403 - /home/mayi/data/zzy/DIR-GNN/train/teen_dir_GCN.py[line:271] - INFO: Epoch [  8/10]Train_ACC:0.927 Test_ACC:0.929  Val_ACC:0.925  Train_Pre:0.927 Test_Pre:0.929  Val_Pre:0.925  Train_Recall:0.927 Test_Recall:0.929  Val_Recall:0.925  Train_F1:0.927 Test_F1:0.929  Val_F1:0.925  
2024-11-21 11:23:52,421 - /home/mayi/data/zzy/DIR-GNN/train/teen_dir_GCN.py[line:271] - INFO: Epoch [  9/10]Train_ACC:0.928 Test_ACC:0.931  Val_ACC:0.927  Train_Pre:0.928 Test_Pre:0.931  Val_Pre:0.927  Train_Recall:0.928 Test_Recall:0.931  Val_Recall:0.927  Train_F1:0.928 Test_F1:0.931  Val_F1:0.927  
2024-11-21 11:23:52,422 - /home/mayi/data/zzy/DIR-GNN/train/teen_dir_GCN.py[line:318] - INFO: ====================================================================================================
2024-11-21 11:23:52,422 - /home/mayi/data/zzy/DIR-GNN/train/teen_dir_GCN.py[line:187] - INFO: Seed:  9
2024-11-21 11:23:52,430 - /home/mayi/data/zzy/DIR-GNN/train/teen_dir_GCN.py[line:240] - INFO: # Train: 22827  #Test: 17122.0 #Val: 17120
2024-11-21 11:24:23,912 - /home/mayi/data/zzy/DIR-GNN/train/teen_dir_GCN.py[line:271] - INFO: Epoch [  0/10]Train_ACC:0.612 Test_ACC:0.617  Val_ACC:0.620  Train_Pre:0.688 Test_Pre:0.696  Val_Pre:0.669  Train_Recall:0.612 Test_Recall:0.617  Val_Recall:0.620  Train_F1:0.466 Test_F1:0.473  Val_F1:0.476  
2024-11-21 11:24:55,188 - /home/mayi/data/zzy/DIR-GNN/train/teen_dir_GCN.py[line:271] - INFO: Epoch [  1/10]Train_ACC:0.851 Test_ACC:0.851  Val_ACC:0.851  Train_Pre:0.862 Test_Pre:0.863  Val_Pre:0.862  Train_Recall:0.851 Test_Recall:0.851  Val_Recall:0.851  Train_F1:0.845 Test_F1:0.844  Val_F1:0.845  
2024-11-21 11:25:26,330 - /home/mayi/data/zzy/DIR-GNN/train/teen_dir_GCN.py[line:271] - INFO: Epoch [  2/10]Train_ACC:0.900 Test_ACC:0.902  Val_ACC:0.899  Train_Pre:0.900 Test_Pre:0.902  Val_Pre:0.899  Train_Recall:0.900 Test_Recall:0.902  Val_Recall:0.899  Train_F1:0.899 Test_F1:0.901  Val_F1:0.898  
2024-11-21 11:25:57,336 - /home/mayi/data/zzy/DIR-GNN/train/teen_dir_GCN.py[line:271] - INFO: Epoch [  3/10]Train_ACC:0.906 Test_ACC:0.909  Val_ACC:0.905  Train_Pre:0.906 Test_Pre:0.908  Val_Pre:0.905  Train_Recall:0.906 Test_Recall:0.909  Val_Recall:0.905  Train_F1:0.906 Test_F1:0.909  Val_F1:0.905  
2024-11-21 11:26:28,174 - /home/mayi/data/zzy/DIR-GNN/train/teen_dir_GCN.py[line:271] - INFO: Epoch [  4/10]Train_ACC:0.912 Test_ACC:0.913  Val_ACC:0.911  Train_Pre:0.912 Test_Pre:0.913  Val_Pre:0.911  Train_Recall:0.912 Test_Recall:0.913  Val_Recall:0.911  Train_F1:0.912 Test_F1:0.913  Val_F1:0.911  
2024-11-21 11:26:59,290 - /home/mayi/data/zzy/DIR-GNN/train/teen_dir_GCN.py[line:271] - INFO: Epoch [  5/10]Train_ACC:0.915 Test_ACC:0.916  Val_ACC:0.914  Train_Pre:0.915 Test_Pre:0.916  Val_Pre:0.914  Train_Recall:0.915 Test_Recall:0.916  Val_Recall:0.914  Train_F1:0.915 Test_F1:0.916  Val_F1:0.914  
2024-11-21 11:27:30,474 - /home/mayi/data/zzy/DIR-GNN/train/teen_dir_GCN.py[line:271] - INFO: Epoch [  6/10]Train_ACC:0.918 Test_ACC:0.919  Val_ACC:0.916  Train_Pre:0.918 Test_Pre:0.919  Val_Pre:0.916  Train_Recall:0.918 Test_Recall:0.919  Val_Recall:0.916  Train_F1:0.918 Test_F1:0.919  Val_F1:0.916  
2024-11-21 11:28:01,577 - /home/mayi/data/zzy/DIR-GNN/train/teen_dir_GCN.py[line:271] - INFO: Epoch [  7/10]Train_ACC:0.920 Test_ACC:0.922  Val_ACC:0.918  Train_Pre:0.921 Test_Pre:0.922  Val_Pre:0.919  Train_Recall:0.920 Test_Recall:0.922  Val_Recall:0.918  Train_F1:0.921 Test_F1:0.922  Val_F1:0.918  
2024-11-21 11:28:32,803 - /home/mayi/data/zzy/DIR-GNN/train/teen_dir_GCN.py[line:271] - INFO: Epoch [  8/10]Train_ACC:0.924 Test_ACC:0.926  Val_ACC:0.922  Train_Pre:0.924 Test_Pre:0.927  Val_Pre:0.923  Train_Recall:0.924 Test_Recall:0.926  Val_Recall:0.922  Train_F1:0.924 Test_F1:0.926  Val_F1:0.922  
2024-11-21 11:29:03,871 - /home/mayi/data/zzy/DIR-GNN/train/teen_dir_GCN.py[line:271] - INFO: Epoch [  9/10]Train_ACC:0.926 Test_ACC:0.928  Val_ACC:0.924  Train_Pre:0.926 Test_Pre:0.928  Val_Pre:0.924  Train_Recall:0.926 Test_Recall:0.928  Val_Recall:0.924  Train_F1:0.926 Test_F1:0.928  Val_F1:0.924  
2024-11-21 11:29:03,871 - /home/mayi/data/zzy/DIR-GNN/train/teen_dir_GCN.py[line:318] - INFO: ====================================================================================================
2024-11-21 11:29:03,871 - /home/mayi/data/zzy/DIR-GNN/train/teen_dir_GCN.py[line:187] - INFO: Seed: 10
2024-11-21 11:29:03,879 - /home/mayi/data/zzy/DIR-GNN/train/teen_dir_GCN.py[line:240] - INFO: # Train: 22827  #Test: 17122.0 #Val: 17120
2024-11-21 11:29:35,137 - /home/mayi/data/zzy/DIR-GNN/train/teen_dir_GCN.py[line:271] - INFO: Epoch [  0/10]Train_ACC:0.628 Test_ACC:0.633  Val_ACC:0.635  Train_Pre:0.733 Test_Pre:0.731  Val_Pre:0.736  Train_Recall:0.628 Test_Recall:0.633  Val_Recall:0.635  Train_F1:0.504 Test_F1:0.510  Val_F1:0.512  
2024-11-21 11:30:06,495 - /home/mayi/data/zzy/DIR-GNN/train/teen_dir_GCN.py[line:271] - INFO: Epoch [  1/10]Train_ACC:0.880 Test_ACC:0.885  Val_ACC:0.881  Train_Pre:0.885 Test_Pre:0.890  Val_Pre:0.886  Train_Recall:0.880 Test_Recall:0.885  Val_Recall:0.881  Train_F1:0.877 Test_F1:0.882  Val_F1:0.878  
2024-11-21 11:30:37,780 - /home/mayi/data/zzy/DIR-GNN/train/teen_dir_GCN.py[line:271] - INFO: Epoch [  2/10]Train_ACC:0.900 Test_ACC:0.902  Val_ACC:0.899  Train_Pre:0.900 Test_Pre:0.902  Val_Pre:0.899  Train_Recall:0.900 Test_Recall:0.902  Val_Recall:0.899  Train_F1:0.899 Test_F1:0.901  Val_F1:0.898  
2024-11-21 11:31:08,727 - /home/mayi/data/zzy/DIR-GNN/train/teen_dir_GCN.py[line:271] - INFO: Epoch [  3/10]Train_ACC:0.912 Test_ACC:0.913  Val_ACC:0.911  Train_Pre:0.912 Test_Pre:0.914  Val_Pre:0.912  Train_Recall:0.912 Test_Recall:0.913  Val_Recall:0.911  Train_F1:0.912 Test_F1:0.914  Val_F1:0.912  
2024-11-21 11:31:39,948 - /home/mayi/data/zzy/DIR-GNN/train/teen_dir_GCN.py[line:271] - INFO: Epoch [  4/10]Train_ACC:0.912 Test_ACC:0.914  Val_ACC:0.912  Train_Pre:0.912 Test_Pre:0.914  Val_Pre:0.912  Train_Recall:0.912 Test_Recall:0.914  Val_Recall:0.912  Train_F1:0.912 Test_F1:0.914  Val_F1:0.912  
2024-11-21 11:32:11,059 - /home/mayi/data/zzy/DIR-GNN/train/teen_dir_GCN.py[line:271] - INFO: Epoch [  5/10]Train_ACC:0.915 Test_ACC:0.918  Val_ACC:0.915  Train_Pre:0.916 Test_Pre:0.918  Val_Pre:0.915  Train_Recall:0.915 Test_Recall:0.918  Val_Recall:0.915  Train_F1:0.915 Test_F1:0.918  Val_F1:0.915  
2024-11-21 11:32:42,277 - /home/mayi/data/zzy/DIR-GNN/train/teen_dir_GCN.py[line:271] - INFO: Epoch [  6/10]Train_ACC:0.920 Test_ACC:0.921  Val_ACC:0.918  Train_Pre:0.920 Test_Pre:0.922  Val_Pre:0.918  Train_Recall:0.920 Test_Recall:0.921  Val_Recall:0.918  Train_F1:0.920 Test_F1:0.921  Val_F1:0.918  
2024-11-21 11:33:13,478 - /home/mayi/data/zzy/DIR-GNN/train/teen_dir_GCN.py[line:271] - INFO: Epoch [  7/10]Train_ACC:0.924 Test_ACC:0.926  Val_ACC:0.923  Train_Pre:0.924 Test_Pre:0.926  Val_Pre:0.923  Train_Recall:0.924 Test_Recall:0.926  Val_Recall:0.923  Train_F1:0.924 Test_F1:0.926  Val_F1:0.923  
2024-11-21 11:33:44,649 - /home/mayi/data/zzy/DIR-GNN/train/teen_dir_GCN.py[line:271] - INFO: Epoch [  8/10]Train_ACC:0.927 Test_ACC:0.928  Val_ACC:0.924  Train_Pre:0.927 Test_Pre:0.928  Val_Pre:0.925  Train_Recall:0.927 Test_Recall:0.928  Val_Recall:0.924  Train_F1:0.927 Test_F1:0.928  Val_F1:0.924  
2024-11-21 11:34:15,735 - /home/mayi/data/zzy/DIR-GNN/train/teen_dir_GCN.py[line:271] - INFO: Epoch [  9/10]Train_ACC:0.930 Test_ACC:0.931  Val_ACC:0.927  Train_Pre:0.930 Test_Pre:0.931  Val_Pre:0.927  Train_Recall:0.930 Test_Recall:0.931  Val_Recall:0.927  Train_F1:0.930 Test_F1:0.931  Val_F1:0.927  
2024-11-21 11:34:15,735 - /home/mayi/data/zzy/DIR-GNN/train/teen_dir_GCN.py[line:318] - INFO: ====================================================================================================
2024-11-21 11:34:15,735 - /home/mayi/data/zzy/DIR-GNN/train/teen_dir_GCN.py[line:320] - INFO: Test ACC:0.9294±0.0028  Train ACC:0.9315±0.0028  Val ACC:0.9330±0.0022
2024-11-21 11:34:15,735 - /home/mayi/data/zzy/DIR-GNN/train/teen_dir_GCN.py[line:325] - INFO: Test Pre:0.9295±0.0027  Train Pre:0.9315±0.0028  Val Pre:0.9330±0.0023
2024-11-21 11:34:15,735 - /home/mayi/data/zzy/DIR-GNN/train/teen_dir_GCN.py[line:330] - INFO: Test Recall:0.9294±0.0028  Train Recall:0.9315±0.0028  Val Recall:0.9330±0.0022
2024-11-21 11:34:15,735 - /home/mayi/data/zzy/DIR-GNN/train/teen_dir_GCN.py[line:335] - INFO: Test F1:0.9294±0.0027  Train F1:0.9315±0.0028  Val F1:0.9330±0.0022
