/home/mayi/anaconda3/envs/zzy_DIR/lib/python3.9/site-packages/torch_geometric/deprecation.py:26: UserWarning: 'data.DataLoader' is deprecated, use 'loader.DataLoader' instead
  warnings.warn(out)
2025-01-14 10:08:50,518 - /home/mayi/data/zzy/DIR-GNN/utils/helper.py[line:49] - INFO: +----------------+---------------------------------+
| Parameter      | Value                           |
+----------------+---------------------------------+
| cuda           | 0                               |
+----------------+---------------------------------+
| datadir        | ../data/                        |
+----------------+---------------------------------+
| epoch          | 10                              |
+----------------+---------------------------------+
| reg            | True                            |
+----------------+---------------------------------+
| seed           | [1, 2, 3, 4, 5, 6, 7, 8, 9, 10] |
+----------------+---------------------------------+
| channels       | 64                              |
+----------------+---------------------------------+
| commit         |                                 |
+----------------+---------------------------------+
| type           | none                            |
+----------------+---------------------------------+
| input_channels | 768                             |
+----------------+---------------------------------+
| pretrain       | 0                               |
+----------------+---------------------------------+
| alpha          | 10                              |
+----------------+---------------------------------+
| r              | 0.500                           |
+----------------+---------------------------------+
| batch_size     | 256                             |
+----------------+---------------------------------+
| net_lr         | 0.000                           |
+----------------+---------------------------------+
2025-01-14 10:08:50,518 - /home/mayi/data/zzy/DIR-GNN/train/teen_dir_GCN.py[line:312] - INFO: Seed:  1
2025-01-14 10:08:50,643 - /home/mayi/data/zzy/DIR-GNN/train/teen_dir_GCN.py[line:368] - INFO: # Train: 22827  #Test: 17122.0 #Val: 17120
2025-01-14 10:09:08,793 - /home/mayi/data/zzy/DIR-GNN/train/teen_dir_GCN.py[line:401] - INFO: Epoch [  0/10]Train_ACC:0.785 Test_ACC:0.787  Val_ACC:0.789  Train_Pre:0.836 Test_Pre:0.836  Val_Pre:0.836  Train_Recall:0.785 Test_Recall:0.787  Val_Recall:0.789  Train_F1:0.761 Test_F1:0.763  Val_F1:0.765  
2025-01-14 10:09:24,556 - /home/mayi/data/zzy/DIR-GNN/train/teen_dir_GCN.py[line:401] - INFO: Epoch [  1/10]Train_ACC:0.878 Test_ACC:0.882  Val_ACC:0.880  Train_Pre:0.894 Test_Pre:0.896  Val_Pre:0.894  Train_Recall:0.878 Test_Recall:0.882  Val_Recall:0.880  Train_F1:0.873 Test_F1:0.877  Val_F1:0.875  
2025-01-14 10:09:40,377 - /home/mayi/data/zzy/DIR-GNN/train/teen_dir_GCN.py[line:401] - INFO: Epoch [  2/10]Train_ACC:0.908 Test_ACC:0.910  Val_ACC:0.906  Train_Pre:0.915 Test_Pre:0.916  Val_Pre:0.913  Train_Recall:0.908 Test_Recall:0.910  Val_Recall:0.906  Train_F1:0.905 Test_F1:0.908  Val_F1:0.904  
2025-01-14 10:09:55,990 - /home/mayi/data/zzy/DIR-GNN/train/teen_dir_GCN.py[line:401] - INFO: Epoch [  3/10]Train_ACC:0.912 Test_ACC:0.914  Val_ACC:0.912  Train_Pre:0.920 Test_Pre:0.920  Val_Pre:0.919  Train_Recall:0.912 Test_Recall:0.914  Val_Recall:0.912  Train_F1:0.910 Test_F1:0.912  Val_F1:0.910  
2025-01-14 10:10:11,555 - /home/mayi/data/zzy/DIR-GNN/train/teen_dir_GCN.py[line:401] - INFO: Epoch [  4/10]Train_ACC:0.928 Test_ACC:0.929  Val_ACC:0.926  Train_Pre:0.933 Test_Pre:0.934  Val_Pre:0.931  Train_Recall:0.928 Test_Recall:0.929  Val_Recall:0.926  Train_F1:0.927 Test_F1:0.928  Val_F1:0.924  
2025-01-14 10:10:27,344 - /home/mayi/data/zzy/DIR-GNN/train/teen_dir_GCN.py[line:401] - INFO: Epoch [  5/10]Train_ACC:0.944 Test_ACC:0.945  Val_ACC:0.942  Train_Pre:0.947 Test_Pre:0.948  Val_Pre:0.946  Train_Recall:0.944 Test_Recall:0.945  Val_Recall:0.942  Train_F1:0.943 Test_F1:0.944  Val_F1:0.941  
2025-01-14 10:10:43,503 - /home/mayi/data/zzy/DIR-GNN/train/teen_dir_GCN.py[line:401] - INFO: Epoch [  6/10]Train_ACC:0.948 Test_ACC:0.949  Val_ACC:0.947  Train_Pre:0.951 Test_Pre:0.952  Val_Pre:0.950  Train_Recall:0.948 Test_Recall:0.949  Val_Recall:0.947  Train_F1:0.947 Test_F1:0.948  Val_F1:0.946  
2025-01-14 10:10:59,429 - /home/mayi/data/zzy/DIR-GNN/train/teen_dir_GCN.py[line:401] - INFO: Epoch [  7/10]Train_ACC:0.956 Test_ACC:0.957  Val_ACC:0.955  Train_Pre:0.958 Test_Pre:0.958  Val_Pre:0.957  Train_Recall:0.956 Test_Recall:0.957  Val_Recall:0.955  Train_F1:0.955 Test_F1:0.956  Val_F1:0.955  
2025-01-14 10:11:15,581 - /home/mayi/data/zzy/DIR-GNN/train/teen_dir_GCN.py[line:401] - INFO: Epoch [  8/10]Train_ACC:0.957 Test_ACC:0.957  Val_ACC:0.957  Train_Pre:0.960 Test_Pre:0.959  Val_Pre:0.959  Train_Recall:0.957 Test_Recall:0.957  Val_Recall:0.957  Train_F1:0.957 Test_F1:0.957  Val_F1:0.956  
2025-01-14 10:11:31,855 - /home/mayi/data/zzy/DIR-GNN/train/teen_dir_GCN.py[line:401] - INFO: Epoch [  9/10]Train_ACC:0.967 Test_ACC:0.966  Val_ACC:0.965  Train_Pre:0.968 Test_Pre:0.967  Val_Pre:0.966  Train_Recall:0.967 Test_Recall:0.966  Val_Recall:0.965  Train_F1:0.967 Test_F1:0.966  Val_F1:0.964  
2025-01-14 10:11:31,855 - /home/mayi/data/zzy/DIR-GNN/train/teen_dir_GCN.py[line:458] - INFO: ====================================================================================================
2025-01-14 10:11:31,855 - /home/mayi/data/zzy/DIR-GNN/train/teen_dir_GCN.py[line:312] - INFO: Seed:  2
2025-01-14 10:11:31,857 - /home/mayi/data/zzy/DIR-GNN/train/teen_dir_GCN.py[line:368] - INFO: # Train: 22827  #Test: 17122.0 #Val: 17120
2025-01-14 10:11:48,055 - /home/mayi/data/zzy/DIR-GNN/train/teen_dir_GCN.py[line:401] - INFO: Epoch [  0/10]Train_ACC:0.831 Test_ACC:0.833  Val_ACC:0.830  Train_Pre:0.834 Test_Pre:0.837  Val_Pre:0.834  Train_Recall:0.831 Test_Recall:0.833  Val_Recall:0.830  Train_F1:0.832 Test_F1:0.834  Val_F1:0.831  
2025-01-14 10:12:04,555 - /home/mayi/data/zzy/DIR-GNN/train/teen_dir_GCN.py[line:401] - INFO: Epoch [  1/10]Train_ACC:0.875 Test_ACC:0.878  Val_ACC:0.874  Train_Pre:0.875 Test_Pre:0.878  Val_Pre:0.874  Train_Recall:0.875 Test_Recall:0.878  Val_Recall:0.874  Train_F1:0.874 Test_F1:0.876  Val_F1:0.873  
2025-01-14 10:12:20,845 - /home/mayi/data/zzy/DIR-GNN/train/teen_dir_GCN.py[line:401] - INFO: Epoch [  2/10]Train_ACC:0.889 Test_ACC:0.894  Val_ACC:0.888  Train_Pre:0.892 Test_Pre:0.896  Val_Pre:0.891  Train_Recall:0.889 Test_Recall:0.894  Val_Recall:0.888  Train_F1:0.888 Test_F1:0.892  Val_F1:0.886  
2025-01-14 10:12:37,177 - /home/mayi/data/zzy/DIR-GNN/train/teen_dir_GCN.py[line:401] - INFO: Epoch [  3/10]Train_ACC:0.905 Test_ACC:0.908  Val_ACC:0.903  Train_Pre:0.908 Test_Pre:0.911  Val_Pre:0.906  Train_Recall:0.905 Test_Recall:0.908  Val_Recall:0.903  Train_F1:0.903 Test_F1:0.907  Val_F1:0.901  
2025-01-14 10:12:53,490 - /home/mayi/data/zzy/DIR-GNN/train/teen_dir_GCN.py[line:401] - INFO: Epoch [  4/10]Train_ACC:0.923 Test_ACC:0.925  Val_ACC:0.920  Train_Pre:0.925 Test_Pre:0.927  Val_Pre:0.922  Train_Recall:0.923 Test_Recall:0.925  Val_Recall:0.920  Train_F1:0.921 Test_F1:0.924  Val_F1:0.919  
2025-01-14 10:13:09,528 - /home/mayi/data/zzy/DIR-GNN/train/teen_dir_GCN.py[line:401] - INFO: Epoch [  5/10]Train_ACC:0.938 Test_ACC:0.941  Val_ACC:0.936  Train_Pre:0.941 Test_Pre:0.944  Val_Pre:0.939  Train_Recall:0.938 Test_Recall:0.941  Val_Recall:0.936  Train_F1:0.937 Test_F1:0.940  Val_F1:0.935  
2025-01-14 10:13:25,666 - /home/mayi/data/zzy/DIR-GNN/train/teen_dir_GCN.py[line:401] - INFO: Epoch [  6/10]Train_ACC:0.948 Test_ACC:0.951  Val_ACC:0.947  Train_Pre:0.951 Test_Pre:0.954  Val_Pre:0.949  Train_Recall:0.948 Test_Recall:0.951  Val_Recall:0.947  Train_F1:0.947 Test_F1:0.951  Val_F1:0.946  
2025-01-14 10:13:41,885 - /home/mayi/data/zzy/DIR-GNN/train/teen_dir_GCN.py[line:401] - INFO: Epoch [  7/10]Train_ACC:0.958 Test_ACC:0.960  Val_ACC:0.956  Train_Pre:0.960 Test_Pre:0.962  Val_Pre:0.957  Train_Recall:0.958 Test_Recall:0.960  Val_Recall:0.956  Train_F1:0.958 Test_F1:0.960  Val_F1:0.955  
2025-01-14 10:13:57,967 - /home/mayi/data/zzy/DIR-GNN/train/teen_dir_GCN.py[line:401] - INFO: Epoch [  8/10]Train_ACC:0.960 Test_ACC:0.961  Val_ACC:0.958  Train_Pre:0.962 Test_Pre:0.962  Val_Pre:0.960  Train_Recall:0.960 Test_Recall:0.961  Val_Recall:0.958  Train_F1:0.959 Test_F1:0.960  Val_F1:0.958  
2025-01-14 10:14:14,109 - /home/mayi/data/zzy/DIR-GNN/train/teen_dir_GCN.py[line:401] - INFO: Epoch [  9/10]Train_ACC:0.968 Test_ACC:0.967  Val_ACC:0.965  Train_Pre:0.969 Test_Pre:0.968  Val_Pre:0.966  Train_Recall:0.968 Test_Recall:0.967  Val_Recall:0.965  Train_F1:0.968 Test_F1:0.966  Val_F1:0.964  
2025-01-14 10:14:14,109 - /home/mayi/data/zzy/DIR-GNN/train/teen_dir_GCN.py[line:458] - INFO: ====================================================================================================
2025-01-14 10:14:14,109 - /home/mayi/data/zzy/DIR-GNN/train/teen_dir_GCN.py[line:312] - INFO: Seed:  3
2025-01-14 10:14:14,111 - /home/mayi/data/zzy/DIR-GNN/train/teen_dir_GCN.py[line:368] - INFO: # Train: 22827  #Test: 17122.0 #Val: 17120
2025-01-14 10:14:30,205 - /home/mayi/data/zzy/DIR-GNN/train/teen_dir_GCN.py[line:401] - INFO: Epoch [  0/10]Train_ACC:0.884 Test_ACC:0.888  Val_ACC:0.883  Train_Pre:0.885 Test_Pre:0.890  Val_Pre:0.884  Train_Recall:0.884 Test_Recall:0.888  Val_Recall:0.883  Train_F1:0.882 Test_F1:0.887  Val_F1:0.881  
2025-01-14 10:14:46,077 - /home/mayi/data/zzy/DIR-GNN/train/teen_dir_GCN.py[line:401] - INFO: Epoch [  1/10]Train_ACC:0.893 Test_ACC:0.897  Val_ACC:0.892  Train_Pre:0.896 Test_Pre:0.900  Val_Pre:0.895  Train_Recall:0.893 Test_Recall:0.897  Val_Recall:0.892  Train_F1:0.891 Test_F1:0.895  Val_F1:0.890  
2025-01-14 10:15:01,913 - /home/mayi/data/zzy/DIR-GNN/train/teen_dir_GCN.py[line:401] - INFO: Epoch [  2/10]Train_ACC:0.904 Test_ACC:0.907  Val_ACC:0.902  Train_Pre:0.906 Test_Pre:0.909  Val_Pre:0.904  Train_Recall:0.904 Test_Recall:0.907  Val_Recall:0.902  Train_F1:0.902 Test_F1:0.906  Val_F1:0.901  
2025-01-14 10:15:18,057 - /home/mayi/data/zzy/DIR-GNN/train/teen_dir_GCN.py[line:401] - INFO: Epoch [  3/10]Train_ACC:0.914 Test_ACC:0.917  Val_ACC:0.913  Train_Pre:0.916 Test_Pre:0.918  Val_Pre:0.914  Train_Recall:0.914 Test_Recall:0.917  Val_Recall:0.913  Train_F1:0.913 Test_F1:0.916  Val_F1:0.912  
2025-01-14 10:15:33,976 - /home/mayi/data/zzy/DIR-GNN/train/teen_dir_GCN.py[line:401] - INFO: Epoch [  4/10]Train_ACC:0.931 Test_ACC:0.932  Val_ACC:0.930  Train_Pre:0.933 Test_Pre:0.933  Val_Pre:0.931  Train_Recall:0.931 Test_Recall:0.932  Val_Recall:0.930  Train_F1:0.931 Test_F1:0.932  Val_F1:0.929  
2025-01-14 10:15:50,219 - /home/mayi/data/zzy/DIR-GNN/train/teen_dir_GCN.py[line:401] - INFO: Epoch [  5/10]Train_ACC:0.945 Test_ACC:0.946  Val_ACC:0.943  Train_Pre:0.947 Test_Pre:0.948  Val_Pre:0.945  Train_Recall:0.945 Test_Recall:0.946  Val_Recall:0.943  Train_F1:0.944 Test_F1:0.945  Val_F1:0.942  
2025-01-14 10:16:06,362 - /home/mayi/data/zzy/DIR-GNN/train/teen_dir_GCN.py[line:401] - INFO: Epoch [  6/10]Train_ACC:0.953 Test_ACC:0.954  Val_ACC:0.952  Train_Pre:0.955 Test_Pre:0.956  Val_Pre:0.954  Train_Recall:0.953 Test_Recall:0.954  Val_Recall:0.952  Train_F1:0.953 Test_F1:0.954  Val_F1:0.951  
2025-01-14 10:16:22,249 - /home/mayi/data/zzy/DIR-GNN/train/teen_dir_GCN.py[line:401] - INFO: Epoch [  7/10]Train_ACC:0.958 Test_ACC:0.959  Val_ACC:0.957  Train_Pre:0.960 Test_Pre:0.961  Val_Pre:0.958  Train_Recall:0.958 Test_Recall:0.959  Val_Recall:0.957  Train_F1:0.958 Test_F1:0.959  Val_F1:0.957  
2025-01-14 10:16:38,048 - /home/mayi/data/zzy/DIR-GNN/train/teen_dir_GCN.py[line:401] - INFO: Epoch [  8/10]Train_ACC:0.964 Test_ACC:0.963  Val_ACC:0.963  Train_Pre:0.965 Test_Pre:0.964  Val_Pre:0.964  Train_Recall:0.964 Test_Recall:0.963  Val_Recall:0.963  Train_F1:0.964 Test_F1:0.963  Val_F1:0.963  
2025-01-14 10:16:54,163 - /home/mayi/data/zzy/DIR-GNN/train/teen_dir_GCN.py[line:401] - INFO: Epoch [  9/10]Train_ACC:0.968 Test_ACC:0.966  Val_ACC:0.966  Train_Pre:0.968 Test_Pre:0.967  Val_Pre:0.966  Train_Recall:0.968 Test_Recall:0.966  Val_Recall:0.966  Train_F1:0.967 Test_F1:0.966  Val_F1:0.966  
2025-01-14 10:16:54,163 - /home/mayi/data/zzy/DIR-GNN/train/teen_dir_GCN.py[line:458] - INFO: ====================================================================================================
2025-01-14 10:16:54,163 - /home/mayi/data/zzy/DIR-GNN/train/teen_dir_GCN.py[line:312] - INFO: Seed:  4
2025-01-14 10:16:54,165 - /home/mayi/data/zzy/DIR-GNN/train/teen_dir_GCN.py[line:368] - INFO: # Train: 22827  #Test: 17122.0 #Val: 17120
2025-01-14 10:17:10,078 - /home/mayi/data/zzy/DIR-GNN/train/teen_dir_GCN.py[line:401] - INFO: Epoch [  0/10]Train_ACC:0.858 Test_ACC:0.853  Val_ACC:0.855  Train_Pre:0.872 Test_Pre:0.868  Val_Pre:0.869  Train_Recall:0.858 Test_Recall:0.853  Val_Recall:0.855  Train_F1:0.860 Test_F1:0.855  Val_F1:0.857  
2025-01-14 10:17:26,173 - /home/mayi/data/zzy/DIR-GNN/train/teen_dir_GCN.py[line:401] - INFO: Epoch [  1/10]Train_ACC:0.899 Test_ACC:0.898  Val_ACC:0.893  Train_Pre:0.899 Test_Pre:0.898  Val_Pre:0.893  Train_Recall:0.899 Test_Recall:0.898  Val_Recall:0.893  Train_F1:0.899 Test_F1:0.898  Val_F1:0.893  
2025-01-14 10:17:42,426 - /home/mayi/data/zzy/DIR-GNN/train/teen_dir_GCN.py[line:401] - INFO: Epoch [  2/10]Train_ACC:0.911 Test_ACC:0.913  Val_ACC:0.908  Train_Pre:0.912 Test_Pre:0.913  Val_Pre:0.909  Train_Recall:0.911 Test_Recall:0.913  Val_Recall:0.908  Train_F1:0.910 Test_F1:0.912  Val_F1:0.907  
2025-01-14 10:17:58,371 - /home/mayi/data/zzy/DIR-GNN/train/teen_dir_GCN.py[line:401] - INFO: Epoch [  3/10]Train_ACC:0.921 Test_ACC:0.922  Val_ACC:0.917  Train_Pre:0.923 Test_Pre:0.923  Val_Pre:0.919  Train_Recall:0.921 Test_Recall:0.922  Val_Recall:0.917  Train_F1:0.920 Test_F1:0.921  Val_F1:0.916  
2025-01-14 10:18:14,343 - /home/mayi/data/zzy/DIR-GNN/train/teen_dir_GCN.py[line:401] - INFO: Epoch [  4/10]Train_ACC:0.936 Test_ACC:0.937  Val_ACC:0.933  Train_Pre:0.939 Test_Pre:0.940  Val_Pre:0.937  Train_Recall:0.936 Test_Recall:0.937  Val_Recall:0.933  Train_F1:0.935 Test_F1:0.936  Val_F1:0.932  
2025-01-14 10:18:30,467 - /home/mayi/data/zzy/DIR-GNN/train/teen_dir_GCN.py[line:401] - INFO: Epoch [  5/10]Train_ACC:0.946 Test_ACC:0.949  Val_ACC:0.944  Train_Pre:0.948 Test_Pre:0.951  Val_Pre:0.947  Train_Recall:0.946 Test_Recall:0.949  Val_Recall:0.944  Train_F1:0.945 Test_F1:0.948  Val_F1:0.943  
2025-01-14 10:18:46,334 - /home/mayi/data/zzy/DIR-GNN/train/teen_dir_GCN.py[line:401] - INFO: Epoch [  6/10]Train_ACC:0.950 Test_ACC:0.951  Val_ACC:0.948  Train_Pre:0.953 Test_Pre:0.954  Val_Pre:0.951  Train_Recall:0.950 Test_Recall:0.951  Val_Recall:0.948  Train_F1:0.949 Test_F1:0.950  Val_F1:0.947  
2025-01-14 10:19:02,411 - /home/mayi/data/zzy/DIR-GNN/train/teen_dir_GCN.py[line:401] - INFO: Epoch [  7/10]Train_ACC:0.959 Test_ACC:0.959  Val_ACC:0.957  Train_Pre:0.961 Test_Pre:0.961  Val_Pre:0.958  Train_Recall:0.959 Test_Recall:0.959  Val_Recall:0.957  Train_F1:0.959 Test_F1:0.959  Val_F1:0.956  
2025-01-14 10:19:18,465 - /home/mayi/data/zzy/DIR-GNN/train/teen_dir_GCN.py[line:401] - INFO: Epoch [  8/10]Train_ACC:0.964 Test_ACC:0.963  Val_ACC:0.961  Train_Pre:0.965 Test_Pre:0.964  Val_Pre:0.962  Train_Recall:0.964 Test_Recall:0.963  Val_Recall:0.961  Train_F1:0.963 Test_F1:0.962  Val_F1:0.961  
2025-01-14 10:19:34,375 - /home/mayi/data/zzy/DIR-GNN/train/teen_dir_GCN.py[line:401] - INFO: Epoch [  9/10]Train_ACC:0.968 Test_ACC:0.966  Val_ACC:0.965  Train_Pre:0.969 Test_Pre:0.967  Val_Pre:0.966  Train_Recall:0.968 Test_Recall:0.966  Val_Recall:0.965  Train_F1:0.968 Test_F1:0.966  Val_F1:0.965  
2025-01-14 10:19:34,375 - /home/mayi/data/zzy/DIR-GNN/train/teen_dir_GCN.py[line:458] - INFO: ====================================================================================================
2025-01-14 10:19:34,375 - /home/mayi/data/zzy/DIR-GNN/train/teen_dir_GCN.py[line:312] - INFO: Seed:  5
2025-01-14 10:19:34,377 - /home/mayi/data/zzy/DIR-GNN/train/teen_dir_GCN.py[line:368] - INFO: # Train: 22827  #Test: 17122.0 #Val: 17120
2025-01-14 10:19:50,297 - /home/mayi/data/zzy/DIR-GNN/train/teen_dir_GCN.py[line:401] - INFO: Epoch [  0/10]Train_ACC:0.868 Test_ACC:0.869  Val_ACC:0.867  Train_Pre:0.881 Test_Pre:0.881  Val_Pre:0.878  Train_Recall:0.868 Test_Recall:0.869  Val_Recall:0.867  Train_F1:0.863 Test_F1:0.864  Val_F1:0.861  
2025-01-14 10:20:06,397 - /home/mayi/data/zzy/DIR-GNN/train/teen_dir_GCN.py[line:401] - INFO: Epoch [  1/10]Train_ACC:0.893 Test_ACC:0.894  Val_ACC:0.890  Train_Pre:0.901 Test_Pre:0.901  Val_Pre:0.897  Train_Recall:0.893 Test_Recall:0.894  Val_Recall:0.890  Train_F1:0.891 Test_F1:0.891  Val_F1:0.887  
2025-01-14 10:20:22,402 - /home/mayi/data/zzy/DIR-GNN/train/teen_dir_GCN.py[line:401] - INFO: Epoch [  2/10]Train_ACC:0.904 Test_ACC:0.906  Val_ACC:0.902  Train_Pre:0.910 Test_Pre:0.912  Val_Pre:0.907  Train_Recall:0.904 Test_Recall:0.906  Val_Recall:0.902  Train_F1:0.902 Test_F1:0.904  Val_F1:0.900  
2025-01-14 10:20:38,636 - /home/mayi/data/zzy/DIR-GNN/train/teen_dir_GCN.py[line:401] - INFO: Epoch [  3/10]Train_ACC:0.915 Test_ACC:0.918  Val_ACC:0.914  Train_Pre:0.920 Test_Pre:0.921  Val_Pre:0.917  Train_Recall:0.915 Test_Recall:0.918  Val_Recall:0.914  Train_F1:0.914 Test_F1:0.916  Val_F1:0.912  
2025-01-14 10:20:54,888 - /home/mayi/data/zzy/DIR-GNN/train/teen_dir_GCN.py[line:401] - INFO: Epoch [  4/10]Train_ACC:0.927 Test_ACC:0.929  Val_ACC:0.924  Train_Pre:0.931 Test_Pre:0.933  Val_Pre:0.928  Train_Recall:0.927 Test_Recall:0.929  Val_Recall:0.924  Train_F1:0.926 Test_F1:0.928  Val_F1:0.923  
2025-01-14 10:21:10,864 - /home/mayi/data/zzy/DIR-GNN/train/teen_dir_GCN.py[line:401] - INFO: Epoch [  5/10]Train_ACC:0.943 Test_ACC:0.947  Val_ACC:0.942  Train_Pre:0.946 Test_Pre:0.949  Val_Pre:0.945  Train_Recall:0.943 Test_Recall:0.947  Val_Recall:0.942  Train_F1:0.942 Test_F1:0.946  Val_F1:0.941  
2025-01-14 10:21:26,852 - /home/mayi/data/zzy/DIR-GNN/train/teen_dir_GCN.py[line:401] - INFO: Epoch [  6/10]Train_ACC:0.953 Test_ACC:0.955  Val_ACC:0.952  Train_Pre:0.955 Test_Pre:0.957  Val_Pre:0.954  Train_Recall:0.953 Test_Recall:0.955  Val_Recall:0.952  Train_F1:0.953 Test_F1:0.954  Val_F1:0.951  
2025-01-14 10:21:43,041 - /home/mayi/data/zzy/DIR-GNN/train/teen_dir_GCN.py[line:401] - INFO: Epoch [  7/10]Train_ACC:0.955 Test_ACC:0.957  Val_ACC:0.954  Train_Pre:0.957 Test_Pre:0.959  Val_Pre:0.956  Train_Recall:0.955 Test_Recall:0.957  Val_Recall:0.954  Train_F1:0.954 Test_F1:0.956  Val_F1:0.953  
2025-01-14 10:21:58,848 - /home/mayi/data/zzy/DIR-GNN/train/teen_dir_GCN.py[line:401] - INFO: Epoch [  8/10]Train_ACC:0.969 Test_ACC:0.970  Val_ACC:0.968  Train_Pre:0.970 Test_Pre:0.970  Val_Pre:0.968  Train_Recall:0.969 Test_Recall:0.970  Val_Recall:0.968  Train_F1:0.969 Test_F1:0.969  Val_F1:0.968  
2025-01-14 10:22:14,943 - /home/mayi/data/zzy/DIR-GNN/train/teen_dir_GCN.py[line:401] - INFO: Epoch [  9/10]Train_ACC:0.969 Test_ACC:0.968  Val_ACC:0.967  Train_Pre:0.969 Test_Pre:0.969  Val_Pre:0.968  Train_Recall:0.969 Test_Recall:0.968  Val_Recall:0.967  Train_F1:0.968 Test_F1:0.968  Val_F1:0.967  
2025-01-14 10:22:14,943 - /home/mayi/data/zzy/DIR-GNN/train/teen_dir_GCN.py[line:458] - INFO: ====================================================================================================
2025-01-14 10:22:14,943 - /home/mayi/data/zzy/DIR-GNN/train/teen_dir_GCN.py[line:312] - INFO: Seed:  6
2025-01-14 10:22:14,945 - /home/mayi/data/zzy/DIR-GNN/train/teen_dir_GCN.py[line:368] - INFO: # Train: 22827  #Test: 17122.0 #Val: 17120
2025-01-14 10:22:31,084 - /home/mayi/data/zzy/DIR-GNN/train/teen_dir_GCN.py[line:401] - INFO: Epoch [  0/10]Train_ACC:0.888 Test_ACC:0.890  Val_ACC:0.886  Train_Pre:0.890 Test_Pre:0.892  Val_Pre:0.888  Train_Recall:0.888 Test_Recall:0.890  Val_Recall:0.886  Train_F1:0.886 Test_F1:0.888  Val_F1:0.884  
2025-01-14 10:22:46,861 - /home/mayi/data/zzy/DIR-GNN/train/teen_dir_GCN.py[line:401] - INFO: Epoch [  1/10]Train_ACC:0.899 Test_ACC:0.900  Val_ACC:0.897  Train_Pre:0.904 Test_Pre:0.905  Val_Pre:0.902  Train_Recall:0.899 Test_Recall:0.900  Val_Recall:0.897  Train_F1:0.897 Test_F1:0.898  Val_F1:0.894  
2025-01-14 10:23:02,852 - /home/mayi/data/zzy/DIR-GNN/train/teen_dir_GCN.py[line:401] - INFO: Epoch [  2/10]Train_ACC:0.908 Test_ACC:0.912  Val_ACC:0.905  Train_Pre:0.913 Test_Pre:0.915  Val_Pre:0.909  Train_Recall:0.908 Test_Recall:0.912  Val_Recall:0.905  Train_F1:0.907 Test_F1:0.910  Val_F1:0.903  
2025-01-14 10:23:19,003 - /home/mayi/data/zzy/DIR-GNN/train/teen_dir_GCN.py[line:401] - INFO: Epoch [  3/10]Train_ACC:0.915 Test_ACC:0.918  Val_ACC:0.913  Train_Pre:0.920 Test_Pre:0.922  Val_Pre:0.917  Train_Recall:0.915 Test_Recall:0.918  Val_Recall:0.913  Train_F1:0.914 Test_F1:0.916  Val_F1:0.911  
2025-01-14 10:23:34,875 - /home/mayi/data/zzy/DIR-GNN/train/teen_dir_GCN.py[line:401] - INFO: Epoch [  4/10]Train_ACC:0.932 Test_ACC:0.934  Val_ACC:0.931  Train_Pre:0.937 Test_Pre:0.939  Val_Pre:0.936  Train_Recall:0.932 Test_Recall:0.934  Val_Recall:0.931  Train_F1:0.930 Test_F1:0.933  Val_F1:0.930  
2025-01-14 10:23:51,006 - /home/mayi/data/zzy/DIR-GNN/train/teen_dir_GCN.py[line:401] - INFO: Epoch [  5/10]Train_ACC:0.942 Test_ACC:0.944  Val_ACC:0.940  Train_Pre:0.946 Test_Pre:0.948  Val_Pre:0.944  Train_Recall:0.942 Test_Recall:0.944  Val_Recall:0.940  Train_F1:0.941 Test_F1:0.943  Val_F1:0.939  
2025-01-14 10:24:07,182 - /home/mayi/data/zzy/DIR-GNN/train/teen_dir_GCN.py[line:401] - INFO: Epoch [  6/10]Train_ACC:0.955 Test_ACC:0.956  Val_ACC:0.953  Train_Pre:0.957 Test_Pre:0.958  Val_Pre:0.955  Train_Recall:0.955 Test_Recall:0.956  Val_Recall:0.953  Train_F1:0.954 Test_F1:0.956  Val_F1:0.953  
2025-01-14 10:24:22,953 - /home/mayi/data/zzy/DIR-GNN/train/teen_dir_GCN.py[line:401] - INFO: Epoch [  7/10]Train_ACC:0.957 Test_ACC:0.957  Val_ACC:0.955  Train_Pre:0.959 Test_Pre:0.959  Val_Pre:0.957  Train_Recall:0.957 Test_Recall:0.957  Val_Recall:0.955  Train_F1:0.957 Test_F1:0.957  Val_F1:0.954  
2025-01-14 10:24:38,620 - /home/mayi/data/zzy/DIR-GNN/train/teen_dir_GCN.py[line:401] - INFO: Epoch [  8/10]Train_ACC:0.963 Test_ACC:0.963  Val_ACC:0.960  Train_Pre:0.965 Test_Pre:0.964  Val_Pre:0.961  Train_Recall:0.963 Test_Recall:0.963  Val_Recall:0.960  Train_F1:0.963 Test_F1:0.963  Val_F1:0.959  
2025-01-14 10:24:54,798 - /home/mayi/data/zzy/DIR-GNN/train/teen_dir_GCN.py[line:401] - INFO: Epoch [  9/10]Train_ACC:0.968 Test_ACC:0.966  Val_ACC:0.965  Train_Pre:0.969 Test_Pre:0.967  Val_Pre:0.966  Train_Recall:0.968 Test_Recall:0.966  Val_Recall:0.965  Train_F1:0.968 Test_F1:0.966  Val_F1:0.965  
2025-01-14 10:24:54,798 - /home/mayi/data/zzy/DIR-GNN/train/teen_dir_GCN.py[line:458] - INFO: ====================================================================================================
2025-01-14 10:24:54,798 - /home/mayi/data/zzy/DIR-GNN/train/teen_dir_GCN.py[line:312] - INFO: Seed:  7
2025-01-14 10:24:54,800 - /home/mayi/data/zzy/DIR-GNN/train/teen_dir_GCN.py[line:368] - INFO: # Train: 22827  #Test: 17122.0 #Val: 17120
2025-01-14 10:25:10,841 - /home/mayi/data/zzy/DIR-GNN/train/teen_dir_GCN.py[line:401] - INFO: Epoch [  0/10]Train_ACC:0.868 Test_ACC:0.872  Val_ACC:0.870  Train_Pre:0.868 Test_Pre:0.872  Val_Pre:0.869  Train_Recall:0.868 Test_Recall:0.872  Val_Recall:0.870  Train_F1:0.867 Test_F1:0.871  Val_F1:0.868  
2025-01-14 10:25:27,124 - /home/mayi/data/zzy/DIR-GNN/train/teen_dir_GCN.py[line:401] - INFO: Epoch [  1/10]Train_ACC:0.891 Test_ACC:0.894  Val_ACC:0.890  Train_Pre:0.893 Test_Pre:0.895  Val_Pre:0.891  Train_Recall:0.891 Test_Recall:0.894  Val_Recall:0.890  Train_F1:0.890 Test_F1:0.892  Val_F1:0.889  
2025-01-14 10:25:43,263 - /home/mayi/data/zzy/DIR-GNN/train/teen_dir_GCN.py[line:401] - INFO: Epoch [  2/10]Train_ACC:0.906 Test_ACC:0.907  Val_ACC:0.904  Train_Pre:0.907 Test_Pre:0.908  Val_Pre:0.905  Train_Recall:0.906 Test_Recall:0.907  Val_Recall:0.904  Train_F1:0.904 Test_F1:0.906  Val_F1:0.903  
2025-01-14 10:25:59,090 - /home/mayi/data/zzy/DIR-GNN/train/teen_dir_GCN.py[line:401] - INFO: Epoch [  3/10]Train_ACC:0.918 Test_ACC:0.918  Val_ACC:0.914  Train_Pre:0.920 Test_Pre:0.920  Val_Pre:0.915  Train_Recall:0.918 Test_Recall:0.918  Val_Recall:0.914  Train_F1:0.917 Test_F1:0.917  Val_F1:0.912  
2025-01-14 10:26:14,894 - /home/mayi/data/zzy/DIR-GNN/train/teen_dir_GCN.py[line:401] - INFO: Epoch [  4/10]Train_ACC:0.931 Test_ACC:0.931  Val_ACC:0.928  Train_Pre:0.932 Test_Pre:0.931  Val_Pre:0.928  Train_Recall:0.931 Test_Recall:0.931  Val_Recall:0.928  Train_F1:0.931 Test_F1:0.930  Val_F1:0.927  
2025-01-14 10:26:30,772 - /home/mayi/data/zzy/DIR-GNN/train/teen_dir_GCN.py[line:401] - INFO: Epoch [  5/10]Train_ACC:0.947 Test_ACC:0.950  Val_ACC:0.946  Train_Pre:0.949 Test_Pre:0.951  Val_Pre:0.947  Train_Recall:0.947 Test_Recall:0.950  Val_Recall:0.946  Train_F1:0.946 Test_F1:0.949  Val_F1:0.945  
2025-01-14 10:26:46,460 - /home/mayi/data/zzy/DIR-GNN/train/teen_dir_GCN.py[line:401] - INFO: Epoch [  6/10]Train_ACC:0.959 Test_ACC:0.960  Val_ACC:0.957  Train_Pre:0.960 Test_Pre:0.961  Val_Pre:0.958  Train_Recall:0.959 Test_Recall:0.960  Val_Recall:0.957  Train_F1:0.958 Test_F1:0.960  Val_F1:0.956  
2025-01-14 10:27:02,590 - /home/mayi/data/zzy/DIR-GNN/train/teen_dir_GCN.py[line:401] - INFO: Epoch [  7/10]Train_ACC:0.959 Test_ACC:0.959  Val_ACC:0.957  Train_Pre:0.961 Test_Pre:0.960  Val_Pre:0.958  Train_Recall:0.959 Test_Recall:0.959  Val_Recall:0.957  Train_F1:0.959 Test_F1:0.958  Val_F1:0.956  
2025-01-14 10:27:18,698 - /home/mayi/data/zzy/DIR-GNN/train/teen_dir_GCN.py[line:401] - INFO: Epoch [  8/10]Train_ACC:0.965 Test_ACC:0.965  Val_ACC:0.963  Train_Pre:0.966 Test_Pre:0.965  Val_Pre:0.964  Train_Recall:0.965 Test_Recall:0.965  Val_Recall:0.963  Train_F1:0.965 Test_F1:0.964  Val_F1:0.963  
2025-01-14 10:27:34,514 - /home/mayi/data/zzy/DIR-GNN/train/teen_dir_GCN.py[line:401] - INFO: Epoch [  9/10]Train_ACC:0.967 Test_ACC:0.966  Val_ACC:0.965  Train_Pre:0.968 Test_Pre:0.967  Val_Pre:0.966  Train_Recall:0.967 Test_Recall:0.966  Val_Recall:0.965  Train_F1:0.967 Test_F1:0.966  Val_F1:0.965  
2025-01-14 10:27:34,514 - /home/mayi/data/zzy/DIR-GNN/train/teen_dir_GCN.py[line:458] - INFO: ====================================================================================================
2025-01-14 10:27:34,514 - /home/mayi/data/zzy/DIR-GNN/train/teen_dir_GCN.py[line:312] - INFO: Seed:  8
2025-01-14 10:27:34,516 - /home/mayi/data/zzy/DIR-GNN/train/teen_dir_GCN.py[line:368] - INFO: # Train: 22827  #Test: 17122.0 #Val: 17120
2025-01-14 10:27:50,356 - /home/mayi/data/zzy/DIR-GNN/train/teen_dir_GCN.py[line:401] - INFO: Epoch [  0/10]Train_ACC:0.842 Test_ACC:0.840  Val_ACC:0.837  Train_Pre:0.860 Test_Pre:0.859  Val_Pre:0.856  Train_Recall:0.842 Test_Recall:0.840  Val_Recall:0.837  Train_F1:0.844 Test_F1:0.842  Val_F1:0.839  
2025-01-14 10:28:06,396 - /home/mayi/data/zzy/DIR-GNN/train/teen_dir_GCN.py[line:401] - INFO: Epoch [  1/10]Train_ACC:0.891 Test_ACC:0.891  Val_ACC:0.887  Train_Pre:0.892 Test_Pre:0.891  Val_Pre:0.887  Train_Recall:0.891 Test_Recall:0.891  Val_Recall:0.887  Train_F1:0.892 Test_F1:0.891  Val_F1:0.887  
2025-01-14 10:28:22,227 - /home/mayi/data/zzy/DIR-GNN/train/teen_dir_GCN.py[line:401] - INFO: Epoch [  2/10]Train_ACC:0.911 Test_ACC:0.912  Val_ACC:0.907  Train_Pre:0.912 Test_Pre:0.913  Val_Pre:0.907  Train_Recall:0.911 Test_Recall:0.912  Val_Recall:0.907  Train_F1:0.910 Test_F1:0.912  Val_F1:0.906  
2025-01-14 10:28:38,297 - /home/mayi/data/zzy/DIR-GNN/train/teen_dir_GCN.py[line:401] - INFO: Epoch [  3/10]Train_ACC:0.922 Test_ACC:0.925  Val_ACC:0.918  Train_Pre:0.924 Test_Pre:0.926  Val_Pre:0.919  Train_Recall:0.922 Test_Recall:0.925  Val_Recall:0.918  Train_F1:0.921 Test_F1:0.924  Val_F1:0.917  
2025-01-14 10:28:54,381 - /home/mayi/data/zzy/DIR-GNN/train/teen_dir_GCN.py[line:401] - INFO: Epoch [  4/10]Train_ACC:0.933 Test_ACC:0.936  Val_ACC:0.931  Train_Pre:0.938 Test_Pre:0.940  Val_Pre:0.935  Train_Recall:0.933 Test_Recall:0.936  Val_Recall:0.931  Train_F1:0.932 Test_F1:0.935  Val_F1:0.930  
2025-01-14 10:29:10,211 - /home/mayi/data/zzy/DIR-GNN/train/teen_dir_GCN.py[line:401] - INFO: Epoch [  5/10]Train_ACC:0.947 Test_ACC:0.949  Val_ACC:0.944  Train_Pre:0.949 Test_Pre:0.952  Val_Pre:0.946  Train_Recall:0.947 Test_Recall:0.949  Val_Recall:0.944  Train_F1:0.946 Test_F1:0.949  Val_F1:0.943  
2025-01-14 10:29:26,197 - /home/mayi/data/zzy/DIR-GNN/train/teen_dir_GCN.py[line:401] - INFO: Epoch [  6/10]Train_ACC:0.952 Test_ACC:0.955  Val_ACC:0.951  Train_Pre:0.954 Test_Pre:0.956  Val_Pre:0.953  Train_Recall:0.952 Test_Recall:0.955  Val_Recall:0.951  Train_F1:0.952 Test_F1:0.954  Val_F1:0.951  
2025-01-14 10:29:42,794 - /home/mayi/data/zzy/DIR-GNN/train/teen_dir_GCN.py[line:401] - INFO: Epoch [  7/10]Train_ACC:0.958 Test_ACC:0.959  Val_ACC:0.956  Train_Pre:0.959 Test_Pre:0.960  Val_Pre:0.958  Train_Recall:0.958 Test_Recall:0.959  Val_Recall:0.956  Train_F1:0.957 Test_F1:0.958  Val_F1:0.956  
2025-01-14 10:29:59,285 - /home/mayi/data/zzy/DIR-GNN/train/teen_dir_GCN.py[line:401] - INFO: Epoch [  8/10]Train_ACC:0.963 Test_ACC:0.964  Val_ACC:0.961  Train_Pre:0.964 Test_Pre:0.965  Val_Pre:0.962  Train_Recall:0.963 Test_Recall:0.964  Val_Recall:0.961  Train_F1:0.963 Test_F1:0.963  Val_F1:0.961  
2025-01-14 10:30:15,820 - /home/mayi/data/zzy/DIR-GNN/train/teen_dir_GCN.py[line:401] - INFO: Epoch [  9/10]Train_ACC:0.971 Test_ACC:0.970  Val_ACC:0.968  Train_Pre:0.971 Test_Pre:0.970  Val_Pre:0.968  Train_Recall:0.971 Test_Recall:0.970  Val_Recall:0.968  Train_F1:0.970 Test_F1:0.969  Val_F1:0.967  
2025-01-14 10:30:15,820 - /home/mayi/data/zzy/DIR-GNN/train/teen_dir_GCN.py[line:458] - INFO: ====================================================================================================
2025-01-14 10:30:15,820 - /home/mayi/data/zzy/DIR-GNN/train/teen_dir_GCN.py[line:312] - INFO: Seed:  9
2025-01-14 10:30:15,822 - /home/mayi/data/zzy/DIR-GNN/train/teen_dir_GCN.py[line:368] - INFO: # Train: 22827  #Test: 17122.0 #Val: 17120
2025-01-14 10:30:32,402 - /home/mayi/data/zzy/DIR-GNN/train/teen_dir_GCN.py[line:401] - INFO: Epoch [  0/10]Train_ACC:0.853 Test_ACC:0.857  Val_ACC:0.850  Train_Pre:0.860 Test_Pre:0.864  Val_Pre:0.856  Train_Recall:0.853 Test_Recall:0.857  Val_Recall:0.850  Train_F1:0.849 Test_F1:0.853  Val_F1:0.845  
2025-01-14 10:30:48,899 - /home/mayi/data/zzy/DIR-GNN/train/teen_dir_GCN.py[line:401] - INFO: Epoch [  1/10]Train_ACC:0.888 Test_ACC:0.891  Val_ACC:0.885  Train_Pre:0.893 Test_Pre:0.895  Val_Pre:0.889  Train_Recall:0.888 Test_Recall:0.891  Val_Recall:0.885  Train_F1:0.886 Test_F1:0.888  Val_F1:0.883  
2025-01-14 10:31:04,997 - /home/mayi/data/zzy/DIR-GNN/train/teen_dir_GCN.py[line:401] - INFO: Epoch [  2/10]Train_ACC:0.899 Test_ACC:0.900  Val_ACC:0.895  Train_Pre:0.904 Test_Pre:0.905  Val_Pre:0.899  Train_Recall:0.899 Test_Recall:0.900  Val_Recall:0.895  Train_F1:0.897 Test_F1:0.898  Val_F1:0.892  
2025-01-14 10:31:21,400 - /home/mayi/data/zzy/DIR-GNN/train/teen_dir_GCN.py[line:401] - INFO: Epoch [  3/10]Train_ACC:0.914 Test_ACC:0.916  Val_ACC:0.911  Train_Pre:0.919 Test_Pre:0.920  Val_Pre:0.915  Train_Recall:0.914 Test_Recall:0.916  Val_Recall:0.911  Train_F1:0.913 Test_F1:0.914  Val_F1:0.910  
2025-01-14 10:31:37,876 - /home/mayi/data/zzy/DIR-GNN/train/teen_dir_GCN.py[line:401] - INFO: Epoch [  4/10]Train_ACC:0.929 Test_ACC:0.930  Val_ACC:0.926  Train_Pre:0.933 Test_Pre:0.933  Val_Pre:0.930  Train_Recall:0.929 Test_Recall:0.930  Val_Recall:0.926  Train_F1:0.928 Test_F1:0.928  Val_F1:0.925  
2025-01-14 10:31:54,359 - /home/mayi/data/zzy/DIR-GNN/train/teen_dir_GCN.py[line:401] - INFO: Epoch [  5/10]Train_ACC:0.938 Test_ACC:0.939  Val_ACC:0.938  Train_Pre:0.942 Test_Pre:0.944  Val_Pre:0.942  Train_Recall:0.938 Test_Recall:0.939  Val_Recall:0.938  Train_F1:0.937 Test_F1:0.938  Val_F1:0.937  
2025-01-14 10:32:10,807 - /home/mayi/data/zzy/DIR-GNN/train/teen_dir_GCN.py[line:401] - INFO: Epoch [  6/10]Train_ACC:0.950 Test_ACC:0.951  Val_ACC:0.948  Train_Pre:0.953 Test_Pre:0.954  Val_Pre:0.951  Train_Recall:0.950 Test_Recall:0.951  Val_Recall:0.948  Train_F1:0.949 Test_F1:0.951  Val_F1:0.947  
2025-01-14 10:32:26,787 - /home/mayi/data/zzy/DIR-GNN/train/teen_dir_GCN.py[line:401] - INFO: Epoch [  7/10]Train_ACC:0.952 Test_ACC:0.952  Val_ACC:0.951  Train_Pre:0.955 Test_Pre:0.955  Val_Pre:0.953  Train_Recall:0.952 Test_Recall:0.952  Val_Recall:0.951  Train_F1:0.951 Test_F1:0.952  Val_F1:0.950  
2025-01-14 10:32:42,712 - /home/mayi/data/zzy/DIR-GNN/train/teen_dir_GCN.py[line:401] - INFO: Epoch [  8/10]Train_ACC:0.961 Test_ACC:0.962  Val_ACC:0.959  Train_Pre:0.963 Test_Pre:0.963  Val_Pre:0.961  Train_Recall:0.961 Test_Recall:0.962  Val_Recall:0.959  Train_F1:0.961 Test_F1:0.962  Val_F1:0.959  
2025-01-14 10:32:58,801 - /home/mayi/data/zzy/DIR-GNN/train/teen_dir_GCN.py[line:401] - INFO: Epoch [  9/10]Train_ACC:0.965 Test_ACC:0.964  Val_ACC:0.962  Train_Pre:0.966 Test_Pre:0.965  Val_Pre:0.963  Train_Recall:0.965 Test_Recall:0.964  Val_Recall:0.962  Train_F1:0.964 Test_F1:0.963  Val_F1:0.962  
2025-01-14 10:32:58,801 - /home/mayi/data/zzy/DIR-GNN/train/teen_dir_GCN.py[line:458] - INFO: ====================================================================================================
2025-01-14 10:32:58,801 - /home/mayi/data/zzy/DIR-GNN/train/teen_dir_GCN.py[line:312] - INFO: Seed: 10
2025-01-14 10:32:58,803 - /home/mayi/data/zzy/DIR-GNN/train/teen_dir_GCN.py[line:368] - INFO: # Train: 22827  #Test: 17122.0 #Val: 17120
2025-01-14 10:33:14,728 - /home/mayi/data/zzy/DIR-GNN/train/teen_dir_GCN.py[line:401] - INFO: Epoch [  0/10]Train_ACC:0.871 Test_ACC:0.876  Val_ACC:0.873  Train_Pre:0.873 Test_Pre:0.877  Val_Pre:0.874  Train_Recall:0.871 Test_Recall:0.876  Val_Recall:0.873  Train_F1:0.869 Test_F1:0.874  Val_F1:0.871  
2025-01-14 10:33:30,987 - /home/mayi/data/zzy/DIR-GNN/train/teen_dir_GCN.py[line:401] - INFO: Epoch [  1/10]Train_ACC:0.882 Test_ACC:0.888  Val_ACC:0.884  Train_Pre:0.884 Test_Pre:0.890  Val_Pre:0.886  Train_Recall:0.882 Test_Recall:0.888  Val_Recall:0.884  Train_F1:0.879 Test_F1:0.886  Val_F1:0.882  
2025-01-14 10:33:47,176 - /home/mayi/data/zzy/DIR-GNN/train/teen_dir_GCN.py[line:401] - INFO: Epoch [  2/10]Train_ACC:0.902 Test_ACC:0.906  Val_ACC:0.903  Train_Pre:0.906 Test_Pre:0.909  Val_Pre:0.907  Train_Recall:0.902 Test_Recall:0.906  Val_Recall:0.903  Train_F1:0.900 Test_F1:0.904  Val_F1:0.901  
2025-01-14 10:34:03,096 - /home/mayi/data/zzy/DIR-GNN/train/teen_dir_GCN.py[line:401] - INFO: Epoch [  3/10]Train_ACC:0.914 Test_ACC:0.916  Val_ACC:0.913  Train_Pre:0.919 Test_Pre:0.920  Val_Pre:0.917  Train_Recall:0.914 Test_Recall:0.916  Val_Recall:0.913  Train_F1:0.912 Test_F1:0.914  Val_F1:0.911  
2025-01-14 10:34:19,006 - /home/mayi/data/zzy/DIR-GNN/train/teen_dir_GCN.py[line:401] - INFO: Epoch [  4/10]Train_ACC:0.929 Test_ACC:0.930  Val_ACC:0.927  Train_Pre:0.934 Test_Pre:0.935  Val_Pre:0.931  Train_Recall:0.929 Test_Recall:0.930  Val_Recall:0.927  Train_F1:0.928 Test_F1:0.929  Val_F1:0.926  
2025-01-14 10:34:34,967 - /home/mayi/data/zzy/DIR-GNN/train/teen_dir_GCN.py[line:401] - INFO: Epoch [  5/10]Train_ACC:0.942 Test_ACC:0.943  Val_ACC:0.939  Train_Pre:0.945 Test_Pre:0.946  Val_Pre:0.942  Train_Recall:0.942 Test_Recall:0.943  Val_Recall:0.939  Train_F1:0.941 Test_F1:0.942  Val_F1:0.938  
2025-01-14 10:34:51,210 - /home/mayi/data/zzy/DIR-GNN/train/teen_dir_GCN.py[line:401] - INFO: Epoch [  6/10]Train_ACC:0.944 Test_ACC:0.945  Val_ACC:0.944  Train_Pre:0.948 Test_Pre:0.948  Val_Pre:0.947  Train_Recall:0.944 Test_Recall:0.945  Val_Recall:0.944  Train_F1:0.943 Test_F1:0.944  Val_F1:0.943  
2025-01-14 10:35:07,441 - /home/mayi/data/zzy/DIR-GNN/train/teen_dir_GCN.py[line:401] - INFO: Epoch [  7/10]Train_ACC:0.955 Test_ACC:0.956  Val_ACC:0.954  Train_Pre:0.958 Test_Pre:0.958  Val_Pre:0.956  Train_Recall:0.955 Test_Recall:0.956  Val_Recall:0.954  Train_F1:0.955 Test_F1:0.956  Val_F1:0.954  
2025-01-14 10:35:23,331 - /home/mayi/data/zzy/DIR-GNN/train/teen_dir_GCN.py[line:401] - INFO: Epoch [  8/10]Train_ACC:0.963 Test_ACC:0.962  Val_ACC:0.961  Train_Pre:0.965 Test_Pre:0.964  Val_Pre:0.962  Train_Recall:0.963 Test_Recall:0.962  Val_Recall:0.961  Train_F1:0.963 Test_F1:0.962  Val_F1:0.960  
2025-01-14 10:35:39,239 - /home/mayi/data/zzy/DIR-GNN/train/teen_dir_GCN.py[line:401] - INFO: Epoch [  9/10]Train_ACC:0.969 Test_ACC:0.968  Val_ACC:0.967  Train_Pre:0.970 Test_Pre:0.969  Val_Pre:0.968  Train_Recall:0.969 Test_Recall:0.968  Val_Recall:0.967  Train_F1:0.969 Test_F1:0.967  Val_F1:0.966  
2025-01-14 10:35:39,239 - /home/mayi/data/zzy/DIR-GNN/train/teen_dir_GCN.py[line:458] - INFO: ====================================================================================================
2025-01-14 10:35:39,239 - /home/mayi/data/zzy/DIR-GNN/train/teen_dir_GCN.py[line:460] - INFO: Test ACC:0.9655±0.0017  Train ACC:0.9680±0.0016  Val ACC:0.9668±0.0018
2025-01-14 10:35:39,239 - /home/mayi/data/zzy/DIR-GNN/train/teen_dir_GCN.py[line:470] - INFO: Test Pre:0.9664±0.0015  Train Pre:0.9689±0.0014  Val Pre:0.9677±0.0016
2025-01-14 10:35:39,239 - /home/mayi/data/zzy/DIR-GNN/train/teen_dir_GCN.py[line:480] - INFO: Test Recall:0.9655±0.0017  Train Recall:0.9680±0.0016  Val Recall:0.9668±0.0018
2025-01-14 10:35:39,239 - /home/mayi/data/zzy/DIR-GNN/train/teen_dir_GCN.py[line:490] - INFO: Test F1:0.9652±0.0017  Train F1:0.9678±0.0016  Val F1:0.9666±0.0018
