Seed:  0
GATv2(
  (convs): ModuleList(
    (0): GATv2Conv(500, 128, heads=1)
    (1-5): 5 x GATv2Conv(128, 128, heads=1)
    (6): GATv2Conv(128, 3, heads=1)
  )
  (batch_norm): LayerNorm((128,), eps=1e-05, elementwise_affine=True)
  (residual_fc): Linear(in_features=500, out_features=128, bias=True)
)
Epoch: 1, Loss: 1.1066, Train: 0.3333, Val: 0.3880, Test: 0.4130
Epoch: 2, Loss: 1.0951, Train: 0.3333, Val: 0.3880, Test: 0.4130
Epoch: 3, Loss: 1.1029, Train: 0.3333, Val: 0.3880, Test: 0.4130
Epoch: 4, Loss: 1.1034, Train: 0.3333, Val: 0.1960, Test: 0.1800
Epoch: 5, Loss: 1.1018, Train: 0.3333, Val: 0.1960, Test: 0.1800
Epoch: 6, Loss: 1.0963, Train: 0.3333, Val: 0.1960, Test: 0.1800
Epoch: 7, Loss: 1.0995, Train: 0.3333, Val: 0.1960, Test: 0.1800
Epoch: 8, Loss: 1.1005, Train: 0.3333, Val: 0.1960, Test: 0.1800
Epoch: 9, Loss: 1.0948, Train: 0.3333, Val: 0.1960, Test: 0.1800
Epoch: 10, Loss: 1.0998, Train: 0.3333, Val: 0.1960, Test: 0.1800
Epoch: 11, Loss: 1.0941, Train: 0.5000, Val: 0.3900, Test: 0.3640
Epoch: 12, Loss: 1.0922, Train: 0.6167, Val: 0.5320, Test: 0.5170
Epoch: 13, Loss: 1.0933, Train: 0.4500, Val: 0.4440, Test: 0.4410
Epoch: 14, Loss: 1.0896, Train: 0.4167, Val: 0.4240, Test: 0.4150
Epoch: 15, Loss: 1.0943, Train: 0.4167, Val: 0.4220, Test: 0.4130
Epoch: 16, Loss: 1.0887, Train: 0.4333, Val: 0.4280, Test: 0.4250
Epoch: 17, Loss: 1.0877, Train: 0.5167, Val: 0.4880, Test: 0.4690
Epoch: 18, Loss: 1.0767, Train: 0.5833, Val: 0.5180, Test: 0.5050
Epoch: 19, Loss: 1.0817, Train: 0.6333, Val: 0.5320, Test: 0.5120
Epoch: 20, Loss: 1.0756, Train: 0.6833, Val: 0.5980, Test: 0.5790
Epoch: 21, Loss: 1.0700, Train: 0.6833, Val: 0.6180, Test: 0.6100
Epoch: 22, Loss: 1.0708, Train: 0.8333, Val: 0.6600, Test: 0.6300
Epoch: 23, Loss: 1.0562, Train: 0.7667, Val: 0.5960, Test: 0.6110
Epoch: 24, Loss: 1.0400, Train: 0.7500, Val: 0.5900, Test: 0.5950
Epoch: 25, Loss: 1.0269, Train: 0.7667, Val: 0.5960, Test: 0.6080
Epoch: 26, Loss: 1.0099, Train: 0.7833, Val: 0.6440, Test: 0.6290
Epoch: 27, Loss: 0.9938, Train: 0.8333, Val: 0.6700, Test: 0.6400
Epoch: 28, Loss: 0.9744, Train: 0.8333, Val: 0.6660, Test: 0.6340
Epoch: 29, Loss: 0.9510, Train: 0.7833, Val: 0.6140, Test: 0.6110
Epoch: 30, Loss: 0.9443, Train: 0.7833, Val: 0.6100, Test: 0.5920
Epoch: 31, Loss: 0.9081, Train: 0.7833, Val: 0.6300, Test: 0.6210
Epoch: 32, Loss: 0.8751, Train: 0.8500, Val: 0.6600, Test: 0.6230
Epoch: 33, Loss: 0.8340, Train: 0.8167, Val: 0.6480, Test: 0.6260
Epoch: 34, Loss: 0.8134, Train: 0.8000, Val: 0.6240, Test: 0.6130
Epoch: 35, Loss: 0.7667, Train: 0.8000, Val: 0.6140, Test: 0.5980
Epoch: 36, Loss: 0.7289, Train: 0.8167, Val: 0.6200, Test: 0.6050
Epoch: 37, Loss: 0.7191, Train: 0.7667, Val: 0.6640, Test: 0.6180
Epoch: 38, Loss: 0.6563, Train: 0.8167, Val: 0.6720, Test: 0.6240
Epoch: 39, Loss: 0.6527, Train: 0.8833, Val: 0.6700, Test: 0.6460
Epoch: 40, Loss: 0.6198, Train: 0.8500, Val: 0.6500, Test: 0.6260
Epoch: 41, Loss: 0.6157, Train: 0.8833, Val: 0.6960, Test: 0.6520
Epoch: 42, Loss: 0.5576, Train: 0.8833, Val: 0.7280, Test: 0.6840
Epoch: 43, Loss: 0.5425, Train: 0.8833, Val: 0.7380, Test: 0.6870
Epoch: 44, Loss: 0.5226, Train: 0.8833, Val: 0.6980, Test: 0.6650
Epoch: 45, Loss: 0.5309, Train: 0.8833, Val: 0.6760, Test: 0.6560
Epoch: 46, Loss: 0.4827, Train: 0.9167, Val: 0.7320, Test: 0.7020
Epoch: 47, Loss: 0.4755, Train: 0.8667, Val: 0.7540, Test: 0.6890
Epoch: 48, Loss: 0.4756, Train: 0.8833, Val: 0.7400, Test: 0.6960
Epoch: 49, Loss: 0.4523, Train: 0.9333, Val: 0.7060, Test: 0.6660
Epoch: 50, Loss: 0.3411, Train: 0.9000, Val: 0.6880, Test: 0.6570
Epoch: 51, Loss: 0.4428, Train: 0.9333, Val: 0.7100, Test: 0.6650
Epoch: 52, Loss: 0.3238, Train: 0.9000, Val: 0.7480, Test: 0.6900
Epoch: 53, Loss: 0.4576, Train: 0.9000, Val: 0.7500, Test: 0.6930
Epoch: 54, Loss: 0.3549, Train: 0.9333, Val: 0.7320, Test: 0.6910
Epoch: 55, Loss: 0.3715, Train: 0.9333, Val: 0.7080, Test: 0.6630
Epoch: 56, Loss: 0.3597, Train: 0.9333, Val: 0.7100, Test: 0.6640
Epoch: 57, Loss: 0.3279, Train: 0.9500, Val: 0.7260, Test: 0.6960
Epoch: 58, Loss: 0.3690, Train: 0.9333, Val: 0.7460, Test: 0.6970
Epoch: 59, Loss: 0.3129, Train: 0.9333, Val: 0.7500, Test: 0.6980
Epoch: 60, Loss: 0.2795, Train: 0.9500, Val: 0.7280, Test: 0.7030
Epoch: 61, Loss: 0.2359, Train: 0.9500, Val: 0.7320, Test: 0.6880
Epoch: 62, Loss: 0.2654, Train: 0.9500, Val: 0.7480, Test: 0.7070
Epoch: 63, Loss: 0.2708, Train: 0.9333, Val: 0.7480, Test: 0.7010
Epoch: 64, Loss: 0.2662, Train: 0.9333, Val: 0.7460, Test: 0.7000
Epoch: 65, Loss: 0.2424, Train: 0.9500, Val: 0.7460, Test: 0.7010
Epoch: 66, Loss: 0.2115, Train: 0.9667, Val: 0.7360, Test: 0.6990
Epoch: 67, Loss: 0.2079, Train: 0.9667, Val: 0.7380, Test: 0.6970
Epoch: 68, Loss: 0.2239, Train: 0.9667, Val: 0.7440, Test: 0.7140
Epoch: 69, Loss: 0.1838, Train: 0.9333, Val: 0.7440, Test: 0.7100
Epoch: 70, Loss: 0.1848, Train: 0.9333, Val: 0.7480, Test: 0.7050
Epoch: 71, Loss: 0.2008, Train: 0.9667, Val: 0.7420, Test: 0.7080
Epoch: 72, Loss: 0.1895, Train: 0.9667, Val: 0.7360, Test: 0.7030
Epoch: 73, Loss: 0.1801, Train: 0.9667, Val: 0.7320, Test: 0.6910
Epoch: 74, Loss: 0.1699, Train: 0.9667, Val: 0.7340, Test: 0.7030
Epoch: 75, Loss: 0.1666, Train: 0.9667, Val: 0.7500, Test: 0.7030
Epoch: 76, Loss: 0.1611, Train: 0.9667, Val: 0.7480, Test: 0.6990
Epoch: 77, Loss: 0.2046, Train: 0.9667, Val: 0.7320, Test: 0.6900
Epoch: 78, Loss: 0.1644, Train: 0.9667, Val: 0.7220, Test: 0.6790
Epoch: 79, Loss: 0.1667, Train: 0.9667, Val: 0.7260, Test: 0.7010
Epoch: 80, Loss: 0.1500, Train: 0.9333, Val: 0.7480, Test: 0.7020
Epoch: 81, Loss: 0.1827, Train: 0.9333, Val: 0.7500, Test: 0.7030
Epoch: 82, Loss: 0.1657, Train: 0.9667, Val: 0.7380, Test: 0.7040
Epoch: 83, Loss: 0.1226, Train: 0.9667, Val: 0.7260, Test: 0.6920
Epoch: 84, Loss: 0.2052, Train: 0.9667, Val: 0.7400, Test: 0.7090
Epoch: 85, Loss: 0.1321, Train: 0.9667, Val: 0.7480, Test: 0.7040
Epoch: 86, Loss: 0.1793, Train: 0.9667, Val: 0.7400, Test: 0.7140
Epoch: 87, Loss: 0.1416, Train: 0.9667, Val: 0.7340, Test: 0.6900
Epoch: 88, Loss: 0.1322, Train: 0.9667, Val: 0.7160, Test: 0.6730
Epoch: 89, Loss: 0.1296, Train: 0.9667, Val: 0.7240, Test: 0.7020
Epoch: 90, Loss: 0.0931, Train: 0.9667, Val: 0.7520, Test: 0.7190
Epoch: 91, Loss: 0.1722, Train: 0.9667, Val: 0.7580, Test: 0.7260
Epoch: 92, Loss: 0.0821, Train: 0.9667, Val: 0.7300, Test: 0.7160
Epoch: 93, Loss: 0.0745, Train: 0.9667, Val: 0.7260, Test: 0.7000
Epoch: 94, Loss: 0.0934, Train: 0.9667, Val: 0.7240, Test: 0.6910
Epoch: 95, Loss: 0.1694, Train: 0.9667, Val: 0.7220, Test: 0.7020
Epoch: 96, Loss: 0.0908, Train: 0.9667, Val: 0.7520, Test: 0.7230
Epoch: 97, Loss: 0.0885, Train: 0.9833, Val: 0.7560, Test: 0.7230
Epoch: 98, Loss: 0.0642, Train: 0.9833, Val: 0.7520, Test: 0.7230
Epoch: 99, Loss: 0.1566, Train: 0.9833, Val: 0.7380, Test: 0.7110
Epoch: 100, Loss: 0.1053, Train: 0.9833, Val: 0.7240, Test: 0.6930
MAD:  0.9273
Best Test Accuracy: 0.7260, Val Accuracy: 0.7580, Train Accuracy: 0.9667
Training completed.
Seed:  1
GATv2(
  (convs): ModuleList(
    (0): GATv2Conv(500, 128, heads=1)
    (1-5): 5 x GATv2Conv(128, 128, heads=1)
    (6): GATv2Conv(128, 3, heads=1)
  )
  (batch_norm): LayerNorm((128,), eps=1e-05, elementwise_affine=True)
  (residual_fc): Linear(in_features=500, out_features=128, bias=True)
)
Epoch: 1, Loss: 1.0996, Train: 0.3333, Val: 0.1960, Test: 0.1800
Epoch: 2, Loss: 1.0993, Train: 0.3333, Val: 0.1960, Test: 0.1800
Epoch: 3, Loss: 1.1041, Train: 0.3333, Val: 0.3880, Test: 0.4130
Epoch: 4, Loss: 1.0970, Train: 0.3333, Val: 0.3880, Test: 0.4130
Epoch: 5, Loss: 1.1007, Train: 0.3333, Val: 0.3880, Test: 0.4130
Epoch: 6, Loss: 1.1008, Train: 0.3333, Val: 0.3880, Test: 0.4130
Epoch: 7, Loss: 1.1031, Train: 0.3333, Val: 0.3880, Test: 0.4130
Epoch: 8, Loss: 1.0957, Train: 0.3333, Val: 0.3880, Test: 0.4130
Epoch: 9, Loss: 1.0961, Train: 0.3333, Val: 0.3880, Test: 0.4130
Epoch: 10, Loss: 1.0969, Train: 0.3333, Val: 0.3880, Test: 0.4130
Epoch: 11, Loss: 1.0986, Train: 0.5667, Val: 0.5920, Test: 0.6190
Epoch: 12, Loss: 1.1004, Train: 0.3333, Val: 0.4160, Test: 0.4070
Epoch: 13, Loss: 1.0978, Train: 0.3333, Val: 0.4160, Test: 0.4070
Epoch: 14, Loss: 1.1018, Train: 0.3333, Val: 0.4160, Test: 0.4090
Epoch: 15, Loss: 1.0867, Train: 0.3667, Val: 0.4160, Test: 0.4110
Epoch: 16, Loss: 1.0998, Train: 0.4833, Val: 0.4620, Test: 0.4550
Epoch: 17, Loss: 1.0859, Train: 0.4000, Val: 0.4340, Test: 0.4240
Epoch: 18, Loss: 1.1004, Train: 0.3667, Val: 0.4200, Test: 0.4100
Epoch: 19, Loss: 1.0952, Train: 0.4000, Val: 0.4320, Test: 0.4180
Epoch: 20, Loss: 1.0861, Train: 0.4667, Val: 0.4460, Test: 0.4410
Epoch: 21, Loss: 1.0881, Train: 0.5500, Val: 0.4980, Test: 0.4840
Epoch: 22, Loss: 1.0904, Train: 0.6500, Val: 0.5240, Test: 0.5140
Epoch: 23, Loss: 1.0969, Train: 0.8167, Val: 0.7060, Test: 0.6910
Epoch: 24, Loss: 1.0857, Train: 0.8333, Val: 0.7100, Test: 0.7110
Epoch: 25, Loss: 1.0755, Train: 0.7833, Val: 0.6900, Test: 0.7150
Epoch: 26, Loss: 1.0820, Train: 0.8000, Val: 0.6840, Test: 0.7010
Epoch: 27, Loss: 1.0803, Train: 0.7833, Val: 0.6840, Test: 0.6970
Epoch: 28, Loss: 1.0828, Train: 0.8333, Val: 0.7060, Test: 0.6910
Epoch: 29, Loss: 1.0747, Train: 0.8500, Val: 0.7160, Test: 0.6930
Epoch: 30, Loss: 1.0683, Train: 0.8500, Val: 0.7120, Test: 0.6840
Epoch: 31, Loss: 1.0558, Train: 0.7833, Val: 0.6960, Test: 0.6900
Epoch: 32, Loss: 1.0537, Train: 0.7833, Val: 0.7000, Test: 0.7030
Epoch: 33, Loss: 1.0308, Train: 0.7833, Val: 0.7000, Test: 0.7040
Epoch: 34, Loss: 1.0292, Train: 0.7833, Val: 0.7040, Test: 0.6900
Epoch: 35, Loss: 1.0181, Train: 0.8667, Val: 0.7000, Test: 0.6800
Epoch: 36, Loss: 0.9990, Train: 0.8667, Val: 0.7100, Test: 0.6830
Epoch: 37, Loss: 0.9683, Train: 0.8667, Val: 0.7080, Test: 0.6870
Epoch: 38, Loss: 0.9503, Train: 0.8667, Val: 0.7020, Test: 0.6830
Epoch: 39, Loss: 0.9157, Train: 0.8500, Val: 0.7040, Test: 0.6810
Epoch: 40, Loss: 0.8990, Train: 0.8500, Val: 0.7100, Test: 0.6770
Epoch: 41, Loss: 0.8487, Train: 0.8667, Val: 0.7020, Test: 0.6890
Epoch: 42, Loss: 0.8426, Train: 0.8333, Val: 0.6880, Test: 0.6630
Epoch: 43, Loss: 0.7736, Train: 0.8500, Val: 0.7160, Test: 0.6890
Epoch: 44, Loss: 0.7380, Train: 0.8833, Val: 0.7220, Test: 0.6800
Epoch: 45, Loss: 0.6947, Train: 0.8833, Val: 0.7300, Test: 0.6850
Epoch: 46, Loss: 0.6382, Train: 0.8500, Val: 0.7140, Test: 0.6680
Epoch: 47, Loss: 0.6084, Train: 0.8667, Val: 0.7180, Test: 0.6720
Epoch: 48, Loss: 0.5523, Train: 0.8833, Val: 0.7340, Test: 0.6850
Epoch: 49, Loss: 0.5673, Train: 0.8833, Val: 0.7440, Test: 0.6930
Epoch: 50, Loss: 0.5131, Train: 0.9000, Val: 0.7240, Test: 0.6940
Epoch: 51, Loss: 0.4858, Train: 0.9000, Val: 0.7320, Test: 0.7000
Epoch: 52, Loss: 0.4341, Train: 0.9000, Val: 0.7440, Test: 0.7110
Epoch: 53, Loss: 0.4087, Train: 0.8667, Val: 0.7560, Test: 0.7080
Epoch: 54, Loss: 0.4630, Train: 0.9000, Val: 0.7560, Test: 0.7140
Epoch: 55, Loss: 0.3827, Train: 0.9000, Val: 0.7500, Test: 0.7160
Epoch: 56, Loss: 0.3455, Train: 0.9000, Val: 0.7360, Test: 0.7090
Epoch: 57, Loss: 0.3575, Train: 0.9333, Val: 0.7500, Test: 0.7310
Epoch: 58, Loss: 0.3159, Train: 0.9167, Val: 0.7840, Test: 0.7310
Epoch: 59, Loss: 0.2925, Train: 0.9167, Val: 0.7840, Test: 0.7350
Epoch: 60, Loss: 0.2688, Train: 0.9333, Val: 0.7440, Test: 0.7150
Epoch: 61, Loss: 0.3488, Train: 0.9333, Val: 0.7340, Test: 0.7000
Epoch: 62, Loss: 0.2381, Train: 0.9333, Val: 0.7400, Test: 0.7180
Epoch: 63, Loss: 0.2172, Train: 0.9333, Val: 0.7560, Test: 0.7150
Epoch: 64, Loss: 0.2764, Train: 0.9667, Val: 0.7540, Test: 0.7350
Epoch: 65, Loss: 0.1883, Train: 0.9500, Val: 0.7640, Test: 0.7260
Epoch: 66, Loss: 0.1719, Train: 0.9500, Val: 0.7560, Test: 0.7180
Epoch: 67, Loss: 0.2204, Train: 0.9667, Val: 0.7600, Test: 0.7290
Epoch: 68, Loss: 0.1567, Train: 0.9667, Val: 0.7760, Test: 0.7360
Epoch: 69, Loss: 0.1342, Train: 0.9500, Val: 0.7880, Test: 0.7380
Epoch: 70, Loss: 0.1427, Train: 0.9500, Val: 0.7880, Test: 0.7410
Epoch: 71, Loss: 0.1274, Train: 0.9500, Val: 0.7920, Test: 0.7470
Epoch: 72, Loss: 0.1354, Train: 0.9833, Val: 0.7800, Test: 0.7480
Epoch: 73, Loss: 0.1470, Train: 0.9833, Val: 0.7700, Test: 0.7380
Epoch: 74, Loss: 0.0896, Train: 0.9833, Val: 0.7520, Test: 0.7190
Epoch: 75, Loss: 0.1438, Train: 0.9833, Val: 0.7640, Test: 0.7380
Epoch: 76, Loss: 0.0950, Train: 0.9833, Val: 0.7740, Test: 0.7450
Epoch: 77, Loss: 0.0982, Train: 0.9833, Val: 0.7880, Test: 0.7460
Epoch: 78, Loss: 0.1064, Train: 0.9833, Val: 0.7740, Test: 0.7440
Epoch: 79, Loss: 0.1097, Train: 0.9833, Val: 0.7620, Test: 0.7400
Epoch: 80, Loss: 0.0854, Train: 0.9833, Val: 0.7460, Test: 0.7260
Epoch: 81, Loss: 0.1062, Train: 0.9833, Val: 0.7680, Test: 0.7470
Epoch: 82, Loss: 0.0866, Train: 0.9833, Val: 0.7880, Test: 0.7640
Epoch: 83, Loss: 0.0638, Train: 0.9667, Val: 0.7740, Test: 0.7570
Epoch: 84, Loss: 0.0461, Train: 0.9667, Val: 0.7760, Test: 0.7430
Epoch: 85, Loss: 0.1152, Train: 0.9667, Val: 0.7780, Test: 0.7540
Epoch: 86, Loss: 0.0758, Train: 0.9833, Val: 0.7860, Test: 0.7720
Epoch: 87, Loss: 0.0590, Train: 0.9833, Val: 0.7860, Test: 0.7620
Epoch: 88, Loss: 0.0739, Train: 0.9833, Val: 0.7680, Test: 0.7370
Epoch: 89, Loss: 0.1008, Train: 0.9833, Val: 0.7800, Test: 0.7480
Epoch: 90, Loss: 0.0515, Train: 0.9833, Val: 0.7800, Test: 0.7570
Epoch: 91, Loss: 0.0326, Train: 0.9833, Val: 0.7680, Test: 0.7560
Epoch: 92, Loss: 0.0574, Train: 0.9833, Val: 0.7760, Test: 0.7510
Epoch: 93, Loss: 0.0496, Train: 0.9833, Val: 0.7840, Test: 0.7620
Epoch: 94, Loss: 0.0348, Train: 0.9667, Val: 0.7780, Test: 0.7610
Epoch: 95, Loss: 0.0773, Train: 0.9833, Val: 0.7780, Test: 0.7580
Epoch: 96, Loss: 0.0453, Train: 0.9833, Val: 0.7840, Test: 0.7600
Epoch: 97, Loss: 0.0724, Train: 0.9833, Val: 0.7680, Test: 0.7540
Epoch: 98, Loss: 0.0329, Train: 0.9833, Val: 0.7700, Test: 0.7450
Epoch: 99, Loss: 0.0560, Train: 0.9833, Val: 0.7660, Test: 0.7470
Epoch: 100, Loss: 0.0592, Train: 0.9833, Val: 0.7800, Test: 0.7550
MAD:  0.961
Best Test Accuracy: 0.7720, Val Accuracy: 0.7860, Train Accuracy: 0.9833
Training completed.
Seed:  2
GATv2(
  (convs): ModuleList(
    (0): GATv2Conv(500, 128, heads=1)
    (1-5): 5 x GATv2Conv(128, 128, heads=1)
    (6): GATv2Conv(128, 3, heads=1)
  )
  (batch_norm): LayerNorm((128,), eps=1e-05, elementwise_affine=True)
  (residual_fc): Linear(in_features=500, out_features=128, bias=True)
)
Epoch: 1, Loss: 1.1023, Train: 0.3333, Val: 0.1960, Test: 0.1800
Epoch: 2, Loss: 1.1002, Train: 0.3333, Val: 0.1960, Test: 0.1800
Epoch: 3, Loss: 1.1002, Train: 0.3333, Val: 0.4160, Test: 0.4070
Epoch: 4, Loss: 1.0902, Train: 0.3333, Val: 0.4160, Test: 0.4070
Epoch: 5, Loss: 1.0996, Train: 0.3333, Val: 0.4160, Test: 0.4070
Epoch: 6, Loss: 1.0992, Train: 0.3333, Val: 0.4160, Test: 0.4070
Epoch: 7, Loss: 1.1023, Train: 0.3333, Val: 0.4160, Test: 0.4070
Epoch: 8, Loss: 1.0958, Train: 0.3333, Val: 0.4160, Test: 0.4070
Epoch: 9, Loss: 1.0957, Train: 0.3333, Val: 0.4160, Test: 0.4070
Epoch: 10, Loss: 1.1030, Train: 0.3333, Val: 0.4160, Test: 0.4070
Epoch: 11, Loss: 1.1028, Train: 0.3333, Val: 0.4160, Test: 0.4070
Epoch: 12, Loss: 1.0973, Train: 0.3333, Val: 0.4160, Test: 0.4070
Epoch: 13, Loss: 1.0931, Train: 0.5833, Val: 0.6120, Test: 0.6280
Epoch: 14, Loss: 1.1053, Train: 0.3333, Val: 0.3920, Test: 0.4140
Epoch: 15, Loss: 1.0991, Train: 0.3333, Val: 0.3880, Test: 0.4130
Epoch: 16, Loss: 1.0943, Train: 0.3333, Val: 0.3920, Test: 0.4130
Epoch: 17, Loss: 1.0901, Train: 0.4500, Val: 0.4560, Test: 0.4820
Epoch: 18, Loss: 1.0886, Train: 0.5333, Val: 0.5600, Test: 0.5800
Epoch: 19, Loss: 1.0939, Train: 0.7000, Val: 0.6600, Test: 0.6640
Epoch: 20, Loss: 1.0943, Train: 0.7500, Val: 0.7000, Test: 0.6920
Epoch: 21, Loss: 1.0902, Train: 0.8000, Val: 0.7160, Test: 0.7040
Epoch: 22, Loss: 1.0864, Train: 0.7833, Val: 0.7060, Test: 0.6860
Epoch: 23, Loss: 1.0876, Train: 0.7500, Val: 0.6700, Test: 0.6570
Epoch: 24, Loss: 1.0940, Train: 0.7333, Val: 0.6040, Test: 0.5980
Epoch: 25, Loss: 1.0818, Train: 0.7500, Val: 0.6220, Test: 0.6140
Epoch: 26, Loss: 1.0737, Train: 0.7500, Val: 0.6740, Test: 0.6560
Epoch: 27, Loss: 1.0754, Train: 0.7833, Val: 0.7040, Test: 0.6850
Epoch: 28, Loss: 1.0755, Train: 0.8000, Val: 0.7180, Test: 0.7040
Epoch: 29, Loss: 1.0584, Train: 0.8167, Val: 0.7180, Test: 0.7050
Epoch: 30, Loss: 1.0486, Train: 0.8000, Val: 0.7160, Test: 0.7070
Epoch: 31, Loss: 1.0318, Train: 0.7833, Val: 0.7120, Test: 0.6980
Epoch: 32, Loss: 1.0254, Train: 0.8167, Val: 0.7020, Test: 0.6900
Epoch: 33, Loss: 1.0136, Train: 0.8500, Val: 0.6920, Test: 0.6770
Epoch: 34, Loss: 0.9794, Train: 0.8500, Val: 0.6880, Test: 0.6810
Epoch: 35, Loss: 0.9701, Train: 0.8333, Val: 0.7040, Test: 0.6820
Epoch: 36, Loss: 0.9354, Train: 0.8333, Val: 0.6980, Test: 0.6820
Epoch: 37, Loss: 0.9215, Train: 0.8333, Val: 0.6960, Test: 0.6780
Epoch: 38, Loss: 0.8988, Train: 0.8333, Val: 0.6560, Test: 0.6480
Epoch: 39, Loss: 0.8248, Train: 0.7667, Val: 0.6320, Test: 0.6210
Epoch: 40, Loss: 0.8057, Train: 0.7667, Val: 0.6340, Test: 0.6280
Epoch: 41, Loss: 0.7442, Train: 0.7667, Val: 0.6380, Test: 0.6310
Epoch: 42, Loss: 0.7487, Train: 0.8000, Val: 0.6740, Test: 0.6460
Epoch: 43, Loss: 0.6882, Train: 0.8167, Val: 0.6960, Test: 0.6570
Epoch: 44, Loss: 0.6392, Train: 0.8500, Val: 0.6960, Test: 0.6670
Epoch: 45, Loss: 0.6186, Train: 0.8833, Val: 0.7060, Test: 0.6740
Epoch: 46, Loss: 0.5872, Train: 0.8833, Val: 0.7260, Test: 0.6990
Epoch: 47, Loss: 0.4904, Train: 0.8833, Val: 0.7420, Test: 0.6960
Epoch: 48, Loss: 0.5298, Train: 0.9000, Val: 0.7240, Test: 0.7040
Epoch: 49, Loss: 0.4423, Train: 0.9000, Val: 0.7460, Test: 0.7090
Epoch: 50, Loss: 0.3959, Train: 0.9167, Val: 0.7400, Test: 0.7070
Epoch: 51, Loss: 0.3245, Train: 0.9167, Val: 0.7700, Test: 0.7090
Epoch: 52, Loss: 0.3695, Train: 0.9167, Val: 0.7620, Test: 0.7180
Epoch: 53, Loss: 0.3008, Train: 0.9167, Val: 0.7580, Test: 0.7220
Epoch: 54, Loss: 0.2693, Train: 0.9167, Val: 0.7760, Test: 0.7300
Epoch: 55, Loss: 0.2721, Train: 0.9333, Val: 0.7640, Test: 0.7240
Epoch: 56, Loss: 0.2268, Train: 0.9500, Val: 0.7560, Test: 0.7290
Epoch: 57, Loss: 0.2547, Train: 0.9333, Val: 0.7680, Test: 0.7300
Epoch: 58, Loss: 0.1859, Train: 0.9333, Val: 0.7560, Test: 0.7260
Epoch: 59, Loss: 0.2559, Train: 0.9667, Val: 0.7880, Test: 0.7520
Epoch: 60, Loss: 0.1912, Train: 0.9667, Val: 0.7860, Test: 0.7420
Epoch: 61, Loss: 0.1890, Train: 0.9833, Val: 0.7740, Test: 0.7370
Epoch: 62, Loss: 0.2126, Train: 0.9667, Val: 0.7560, Test: 0.7240
Epoch: 63, Loss: 0.1864, Train: 0.9833, Val: 0.7740, Test: 0.7320
Epoch: 64, Loss: 0.1408, Train: 0.9667, Val: 0.7880, Test: 0.7380
Epoch: 65, Loss: 0.1591, Train: 0.9667, Val: 0.7940, Test: 0.7470
Epoch: 66, Loss: 0.1984, Train: 0.9667, Val: 0.8000, Test: 0.7620
Epoch: 67, Loss: 0.1023, Train: 0.9667, Val: 0.7940, Test: 0.7600
Epoch: 68, Loss: 0.0926, Train: 0.9667, Val: 0.7880, Test: 0.7560
Epoch: 69, Loss: 0.0866, Train: 0.9833, Val: 0.7900, Test: 0.7550
Epoch: 70, Loss: 0.1180, Train: 0.9833, Val: 0.8060, Test: 0.7510
Epoch: 71, Loss: 0.1344, Train: 0.9667, Val: 0.8000, Test: 0.7680
Epoch: 72, Loss: 0.0743, Train: 0.9833, Val: 0.7900, Test: 0.7570
Epoch: 73, Loss: 0.0741, Train: 0.9667, Val: 0.7720, Test: 0.7420
Epoch: 74, Loss: 0.1128, Train: 0.9833, Val: 0.7900, Test: 0.7590
Epoch: 75, Loss: 0.0556, Train: 0.9833, Val: 0.7920, Test: 0.7550
Epoch: 76, Loss: 0.0403, Train: 0.9833, Val: 0.7800, Test: 0.7480
Epoch: 77, Loss: 0.0789, Train: 0.9833, Val: 0.7780, Test: 0.7540
Epoch: 78, Loss: 0.0617, Train: 0.9833, Val: 0.7820, Test: 0.7580
Epoch: 79, Loss: 0.0503, Train: 0.9833, Val: 0.7840, Test: 0.7530
Epoch: 80, Loss: 0.0469, Train: 1.0000, Val: 0.7840, Test: 0.7660
Epoch: 81, Loss: 0.0413, Train: 1.0000, Val: 0.7800, Test: 0.7670
Epoch: 82, Loss: 0.0529, Train: 1.0000, Val: 0.7860, Test: 0.7650
Epoch: 83, Loss: 0.0414, Train: 1.0000, Val: 0.7880, Test: 0.7650
Epoch: 84, Loss: 0.0368, Train: 1.0000, Val: 0.7860, Test: 0.7610
Epoch: 85, Loss: 0.0238, Train: 1.0000, Val: 0.7880, Test: 0.7610
Epoch: 86, Loss: 0.0245, Train: 1.0000, Val: 0.7840, Test: 0.7640
Epoch: 87, Loss: 0.0209, Train: 1.0000, Val: 0.7900, Test: 0.7610
Epoch: 88, Loss: 0.0240, Train: 1.0000, Val: 0.7860, Test: 0.7660
Epoch: 89, Loss: 0.0184, Train: 1.0000, Val: 0.7820, Test: 0.7590
Epoch: 90, Loss: 0.0362, Train: 1.0000, Val: 0.7940, Test: 0.7660
Epoch: 91, Loss: 0.0297, Train: 1.0000, Val: 0.7820, Test: 0.7530
Epoch: 92, Loss: 0.0148, Train: 0.9833, Val: 0.7680, Test: 0.7410
Epoch: 93, Loss: 0.0212, Train: 0.9833, Val: 0.7660, Test: 0.7460
Epoch: 94, Loss: 0.0235, Train: 1.0000, Val: 0.7800, Test: 0.7470
Epoch: 95, Loss: 0.0105, Train: 1.0000, Val: 0.7920, Test: 0.7540
Epoch: 96, Loss: 0.0466, Train: 0.9833, Val: 0.7820, Test: 0.7660
Epoch: 97, Loss: 0.0793, Train: 0.9833, Val: 0.7720, Test: 0.7650
Epoch: 98, Loss: 0.0777, Train: 0.9833, Val: 0.7800, Test: 0.7620
Epoch: 99, Loss: 0.0366, Train: 0.9833, Val: 0.7640, Test: 0.7520
Epoch: 100, Loss: 0.0389, Train: 0.9667, Val: 0.7400, Test: 0.7230
MAD:  0.9061
Best Test Accuracy: 0.7680, Val Accuracy: 0.8000, Train Accuracy: 0.9667
Training completed.
Seed:  3
GATv2(
  (convs): ModuleList(
    (0): GATv2Conv(500, 128, heads=1)
    (1-5): 5 x GATv2Conv(128, 128, heads=1)
    (6): GATv2Conv(128, 3, heads=1)
  )
  (batch_norm): LayerNorm((128,), eps=1e-05, elementwise_affine=True)
  (residual_fc): Linear(in_features=500, out_features=128, bias=True)
)
Epoch: 1, Loss: 1.1132, Train: 0.3333, Val: 0.4160, Test: 0.4070
Epoch: 2, Loss: 1.1077, Train: 0.3333, Val: 0.4160, Test: 0.4070
Epoch: 3, Loss: 1.0994, Train: 0.3333, Val: 0.4160, Test: 0.4070
Epoch: 4, Loss: 1.0934, Train: 0.3500, Val: 0.4260, Test: 0.4130
Epoch: 5, Loss: 1.1079, Train: 0.3333, Val: 0.1960, Test: 0.1800
Epoch: 6, Loss: 1.1031, Train: 0.3333, Val: 0.1960, Test: 0.1800
Epoch: 7, Loss: 1.0870, Train: 0.3333, Val: 0.1960, Test: 0.1800
Epoch: 8, Loss: 1.0951, Train: 0.3333, Val: 0.1960, Test: 0.1800
Epoch: 9, Loss: 1.1026, Train: 0.3333, Val: 0.1960, Test: 0.1800
Epoch: 10, Loss: 1.1000, Train: 0.3333, Val: 0.1960, Test: 0.1800
Epoch: 11, Loss: 1.0928, Train: 0.3333, Val: 0.1960, Test: 0.1800
Epoch: 12, Loss: 1.0998, Train: 0.4500, Val: 0.2880, Test: 0.2620
Epoch: 13, Loss: 1.0960, Train: 0.4667, Val: 0.3860, Test: 0.3560
Epoch: 14, Loss: 1.0862, Train: 0.3333, Val: 0.1960, Test: 0.1800
Epoch: 15, Loss: 1.0995, Train: 0.3333, Val: 0.1960, Test: 0.1800
Epoch: 16, Loss: 1.0973, Train: 0.5833, Val: 0.4500, Test: 0.4180
Epoch: 17, Loss: 1.0969, Train: 0.5667, Val: 0.4300, Test: 0.4310
Epoch: 18, Loss: 1.1158, Train: 0.5833, Val: 0.5200, Test: 0.4920
Epoch: 19, Loss: 1.0888, Train: 0.4833, Val: 0.4700, Test: 0.4660
Epoch: 20, Loss: 1.1033, Train: 0.4333, Val: 0.4300, Test: 0.4320
Epoch: 21, Loss: 1.0864, Train: 0.4333, Val: 0.4260, Test: 0.4180
Epoch: 22, Loss: 1.0950, Train: 0.4500, Val: 0.4480, Test: 0.4520
Epoch: 23, Loss: 1.0942, Train: 0.5000, Val: 0.4820, Test: 0.4730
Epoch: 24, Loss: 1.0830, Train: 0.5667, Val: 0.5060, Test: 0.4900
Epoch: 25, Loss: 1.0975, Train: 0.6000, Val: 0.5240, Test: 0.5090
Epoch: 26, Loss: 1.0848, Train: 0.6167, Val: 0.5360, Test: 0.5130
Epoch: 27, Loss: 1.0930, Train: 0.6167, Val: 0.5280, Test: 0.5140
Epoch: 28, Loss: 1.0914, Train: 0.6167, Val: 0.5300, Test: 0.5130
Epoch: 29, Loss: 1.0830, Train: 0.6500, Val: 0.5400, Test: 0.5210
Epoch: 30, Loss: 1.0874, Train: 0.7333, Val: 0.6060, Test: 0.6050
Epoch: 31, Loss: 1.0874, Train: 0.7333, Val: 0.6080, Test: 0.6030
Epoch: 32, Loss: 1.0705, Train: 0.7500, Val: 0.6100, Test: 0.6070
Epoch: 33, Loss: 1.0896, Train: 0.7333, Val: 0.5980, Test: 0.5970
Epoch: 34, Loss: 1.0683, Train: 0.7833, Val: 0.6320, Test: 0.6290
Epoch: 35, Loss: 1.0605, Train: 0.8333, Val: 0.6820, Test: 0.6790
Epoch: 36, Loss: 1.0458, Train: 0.8333, Val: 0.7000, Test: 0.6750
Epoch: 37, Loss: 1.0261, Train: 0.7833, Val: 0.7000, Test: 0.6740
Epoch: 38, Loss: 1.0224, Train: 0.7833, Val: 0.6860, Test: 0.6690
Epoch: 39, Loss: 1.0046, Train: 0.8333, Val: 0.6780, Test: 0.6530
Epoch: 40, Loss: 0.9800, Train: 0.8000, Val: 0.6400, Test: 0.6190
Epoch: 41, Loss: 0.9504, Train: 0.7667, Val: 0.6260, Test: 0.6150
Epoch: 42, Loss: 0.9502, Train: 0.7500, Val: 0.6120, Test: 0.5920
Epoch: 43, Loss: 0.9007, Train: 0.7333, Val: 0.6100, Test: 0.5860
Epoch: 44, Loss: 0.8614, Train: 0.7000, Val: 0.5940, Test: 0.5650
Epoch: 45, Loss: 0.8212, Train: 0.7000, Val: 0.6020, Test: 0.5700
Epoch: 46, Loss: 0.7530, Train: 0.7333, Val: 0.6220, Test: 0.6030
Epoch: 47, Loss: 0.7339, Train: 0.7833, Val: 0.6260, Test: 0.6150
Epoch: 48, Loss: 0.7140, Train: 0.8167, Val: 0.6460, Test: 0.6190
Epoch: 49, Loss: 0.6814, Train: 0.8000, Val: 0.6420, Test: 0.6160
Epoch: 50, Loss: 0.6444, Train: 0.8667, Val: 0.6660, Test: 0.6290
Epoch: 51, Loss: 0.5896, Train: 0.8167, Val: 0.7060, Test: 0.6550
Epoch: 52, Loss: 0.5541, Train: 0.8667, Val: 0.6960, Test: 0.6550
Epoch: 53, Loss: 0.5235, Train: 0.8667, Val: 0.6780, Test: 0.6420
Epoch: 54, Loss: 0.5018, Train: 0.8833, Val: 0.7040, Test: 0.6490
Epoch: 55, Loss: 0.3939, Train: 0.8667, Val: 0.7120, Test: 0.6700
Epoch: 56, Loss: 0.3778, Train: 0.9167, Val: 0.7100, Test: 0.6660
Epoch: 57, Loss: 0.3739, Train: 0.8833, Val: 0.7240, Test: 0.6860
Epoch: 58, Loss: 0.3713, Train: 0.9333, Val: 0.7080, Test: 0.6650
Epoch: 59, Loss: 0.2713, Train: 0.9333, Val: 0.7320, Test: 0.6850
Epoch: 60, Loss: 0.2786, Train: 0.9333, Val: 0.7380, Test: 0.7000
Epoch: 61, Loss: 0.2757, Train: 0.9500, Val: 0.7540, Test: 0.7120
Epoch: 62, Loss: 0.2224, Train: 0.9500, Val: 0.7460, Test: 0.7130
Epoch: 63, Loss: 0.1965, Train: 0.9667, Val: 0.7600, Test: 0.7210
Epoch: 64, Loss: 0.2133, Train: 0.9500, Val: 0.7480, Test: 0.7100
Epoch: 65, Loss: 0.2336, Train: 0.9333, Val: 0.7480, Test: 0.7020
Epoch: 66, Loss: 0.1745, Train: 0.9500, Val: 0.7640, Test: 0.7290
Epoch: 67, Loss: 0.2294, Train: 0.9667, Val: 0.7600, Test: 0.7270
Epoch: 68, Loss: 0.1682, Train: 0.9500, Val: 0.7620, Test: 0.7240
Epoch: 69, Loss: 0.1286, Train: 0.9500, Val: 0.7440, Test: 0.7180
Epoch: 70, Loss: 0.1905, Train: 0.9500, Val: 0.7620, Test: 0.7240
Epoch: 71, Loss: 0.0743, Train: 0.9667, Val: 0.7560, Test: 0.7290
Epoch: 72, Loss: 0.1136, Train: 0.9667, Val: 0.7640, Test: 0.7290
Epoch: 73, Loss: 0.0846, Train: 0.9500, Val: 0.7740, Test: 0.7350
Epoch: 74, Loss: 0.0946, Train: 1.0000, Val: 0.7700, Test: 0.7360
Epoch: 75, Loss: 0.0853, Train: 0.9833, Val: 0.7620, Test: 0.7440
Epoch: 76, Loss: 0.0735, Train: 0.9833, Val: 0.7620, Test: 0.7450
Epoch: 77, Loss: 0.0892, Train: 1.0000, Val: 0.7760, Test: 0.7460
Epoch: 78, Loss: 0.0681, Train: 0.9833, Val: 0.7620, Test: 0.7340
Epoch: 79, Loss: 0.0839, Train: 0.9833, Val: 0.7560, Test: 0.7340
Epoch: 80, Loss: 0.0803, Train: 0.9833, Val: 0.7560, Test: 0.7270
Epoch: 81, Loss: 0.1004, Train: 1.0000, Val: 0.7640, Test: 0.7400
Epoch: 82, Loss: 0.0435, Train: 1.0000, Val: 0.7720, Test: 0.7450
Epoch: 83, Loss: 0.0664, Train: 0.9833, Val: 0.7800, Test: 0.7530
Epoch: 84, Loss: 0.0583, Train: 0.9833, Val: 0.7820, Test: 0.7590
Epoch: 85, Loss: 0.0515, Train: 0.9833, Val: 0.7820, Test: 0.7600
Epoch: 86, Loss: 0.0716, Train: 0.9833, Val: 0.7800, Test: 0.7610
Epoch: 87, Loss: 0.0408, Train: 1.0000, Val: 0.7700, Test: 0.7520
Epoch: 88, Loss: 0.0304, Train: 1.0000, Val: 0.7620, Test: 0.7420
Epoch: 89, Loss: 0.0442, Train: 1.0000, Val: 0.7680, Test: 0.7470
Epoch: 90, Loss: 0.0852, Train: 0.9833, Val: 0.7660, Test: 0.7450
Epoch: 91, Loss: 0.0307, Train: 0.9833, Val: 0.7620, Test: 0.7360
Epoch: 92, Loss: 0.0412, Train: 0.9833, Val: 0.7620, Test: 0.7440
Epoch: 93, Loss: 0.0308, Train: 1.0000, Val: 0.7600, Test: 0.7420
Epoch: 94, Loss: 0.0394, Train: 0.9833, Val: 0.7580, Test: 0.7430
Epoch: 95, Loss: 0.0328, Train: 1.0000, Val: 0.7640, Test: 0.7490
Epoch: 96, Loss: 0.0224, Train: 1.0000, Val: 0.7760, Test: 0.7480
Epoch: 97, Loss: 0.0299, Train: 1.0000, Val: 0.7700, Test: 0.7560
Epoch: 98, Loss: 0.0385, Train: 1.0000, Val: 0.7720, Test: 0.7510
Epoch: 99, Loss: 0.0259, Train: 1.0000, Val: 0.7740, Test: 0.7500
Epoch: 100, Loss: 0.0212, Train: 1.0000, Val: 0.7680, Test: 0.7460
MAD:  0.8769
Best Test Accuracy: 0.7610, Val Accuracy: 0.7800, Train Accuracy: 0.9833
Training completed.
Seed:  4
GATv2(
  (convs): ModuleList(
    (0): GATv2Conv(500, 128, heads=1)
    (1-5): 5 x GATv2Conv(128, 128, heads=1)
    (6): GATv2Conv(128, 3, heads=1)
  )
  (batch_norm): LayerNorm((128,), eps=1e-05, elementwise_affine=True)
  (residual_fc): Linear(in_features=500, out_features=128, bias=True)
)
Epoch: 1, Loss: 1.1043, Train: 0.3333, Val: 0.4160, Test: 0.4070
Epoch: 2, Loss: 1.1027, Train: 0.3333, Val: 0.4160, Test: 0.4070
Epoch: 3, Loss: 1.1087, Train: 0.3333, Val: 0.4160, Test: 0.4070
Epoch: 4, Loss: 1.0957, Train: 0.3333, Val: 0.1960, Test: 0.1800
Epoch: 5, Loss: 1.0912, Train: 0.3333, Val: 0.1960, Test: 0.1800
Epoch: 6, Loss: 1.1001, Train: 0.3333, Val: 0.1960, Test: 0.1800
Epoch: 7, Loss: 1.1025, Train: 0.3333, Val: 0.1960, Test: 0.1800
Epoch: 8, Loss: 1.1063, Train: 0.3333, Val: 0.1960, Test: 0.1800
Epoch: 9, Loss: 1.1023, Train: 0.3333, Val: 0.1960, Test: 0.1800
Epoch: 10, Loss: 1.1076, Train: 0.5833, Val: 0.5040, Test: 0.4990
Epoch: 11, Loss: 1.1034, Train: 0.3333, Val: 0.3880, Test: 0.4130
Epoch: 12, Loss: 1.0928, Train: 0.3333, Val: 0.3880, Test: 0.4130
Epoch: 13, Loss: 1.1035, Train: 0.3333, Val: 0.3880, Test: 0.4130
Epoch: 14, Loss: 1.0926, Train: 0.3333, Val: 0.3880, Test: 0.4130
Epoch: 15, Loss: 1.0979, Train: 0.3333, Val: 0.3880, Test: 0.4130
Epoch: 16, Loss: 1.1011, Train: 0.3333, Val: 0.3880, Test: 0.4130
Epoch: 17, Loss: 1.0993, Train: 0.3333, Val: 0.3880, Test: 0.4130
Epoch: 18, Loss: 1.0894, Train: 0.3333, Val: 0.3880, Test: 0.4130
Epoch: 19, Loss: 1.1014, Train: 0.4167, Val: 0.4320, Test: 0.4580
Epoch: 20, Loss: 1.0953, Train: 0.5667, Val: 0.4940, Test: 0.5280
Epoch: 21, Loss: 1.0941, Train: 0.7167, Val: 0.6020, Test: 0.5930
Epoch: 22, Loss: 1.0919, Train: 0.7500, Val: 0.5820, Test: 0.5920
Epoch: 23, Loss: 1.0853, Train: 0.5167, Val: 0.4420, Test: 0.4540
Epoch: 24, Loss: 1.0928, Train: 0.4667, Val: 0.3460, Test: 0.3240
Epoch: 25, Loss: 1.0845, Train: 0.5000, Val: 0.3680, Test: 0.3630
Epoch: 26, Loss: 1.0876, Train: 0.5000, Val: 0.4440, Test: 0.4580
Epoch: 27, Loss: 1.0734, Train: 0.6167, Val: 0.5440, Test: 0.5280
Epoch: 28, Loss: 1.0714, Train: 0.6667, Val: 0.5780, Test: 0.5670
Epoch: 29, Loss: 1.0594, Train: 0.6833, Val: 0.5880, Test: 0.5860
Epoch: 30, Loss: 1.0642, Train: 0.6833, Val: 0.5940, Test: 0.6020
Epoch: 31, Loss: 1.0596, Train: 0.7000, Val: 0.5880, Test: 0.5800
Epoch: 32, Loss: 1.0452, Train: 0.7000, Val: 0.5940, Test: 0.5880
Epoch: 33, Loss: 1.0267, Train: 0.6667, Val: 0.5840, Test: 0.5770
Epoch: 34, Loss: 1.0281, Train: 0.6667, Val: 0.5860, Test: 0.5800
Epoch: 35, Loss: 1.0005, Train: 0.6667, Val: 0.5820, Test: 0.5770
Epoch: 36, Loss: 0.9692, Train: 0.6833, Val: 0.5680, Test: 0.5740
Epoch: 37, Loss: 0.9487, Train: 0.6833, Val: 0.5680, Test: 0.5670
Epoch: 38, Loss: 0.9220, Train: 0.6833, Val: 0.5600, Test: 0.5660
Epoch: 39, Loss: 0.8896, Train: 0.6667, Val: 0.5580, Test: 0.5590
Epoch: 40, Loss: 0.8368, Train: 0.6333, Val: 0.5540, Test: 0.5500
Epoch: 41, Loss: 0.8151, Train: 0.6500, Val: 0.5420, Test: 0.5380
Epoch: 42, Loss: 0.7756, Train: 0.6500, Val: 0.5440, Test: 0.5370
Epoch: 43, Loss: 0.7355, Train: 0.6333, Val: 0.5460, Test: 0.5410
Epoch: 44, Loss: 0.7128, Train: 0.6500, Val: 0.5460, Test: 0.5400
Epoch: 45, Loss: 0.6782, Train: 0.6833, Val: 0.5520, Test: 0.5480
Epoch: 46, Loss: 0.6610, Train: 0.6833, Val: 0.5620, Test: 0.5620
Epoch: 47, Loss: 0.6463, Train: 0.7000, Val: 0.5720, Test: 0.5750
Epoch: 48, Loss: 0.6447, Train: 0.7333, Val: 0.5920, Test: 0.5930
Epoch: 49, Loss: 0.6247, Train: 0.7167, Val: 0.5960, Test: 0.6020
Epoch: 50, Loss: 0.6123, Train: 0.7833, Val: 0.6320, Test: 0.6390
Epoch: 51, Loss: 0.5574, Train: 0.7667, Val: 0.6540, Test: 0.6520
Epoch: 52, Loss: 0.6070, Train: 0.8000, Val: 0.6680, Test: 0.6700
Epoch: 53, Loss: 0.5941, Train: 0.8167, Val: 0.6640, Test: 0.6670
Epoch: 54, Loss: 0.5711, Train: 0.8167, Val: 0.6620, Test: 0.6670
Epoch: 55, Loss: 0.5543, Train: 0.8000, Val: 0.6600, Test: 0.6710
Epoch: 56, Loss: 0.5367, Train: 0.8167, Val: 0.6620, Test: 0.6760
Epoch: 57, Loss: 0.5239, Train: 0.8000, Val: 0.6620, Test: 0.6690
Epoch: 58, Loss: 0.5338, Train: 0.8000, Val: 0.6700, Test: 0.6760
Epoch: 59, Loss: 0.6034, Train: 0.8333, Val: 0.6820, Test: 0.6880
Epoch: 60, Loss: 0.4862, Train: 0.8167, Val: 0.6780, Test: 0.6710
Epoch: 61, Loss: 0.5330, Train: 0.8667, Val: 0.6900, Test: 0.6970
Epoch: 62, Loss: 0.4371, Train: 0.8333, Val: 0.7060, Test: 0.6950
Epoch: 63, Loss: 0.3900, Train: 0.8333, Val: 0.7040, Test: 0.6860
Epoch: 64, Loss: 0.4127, Train: 0.8333, Val: 0.7120, Test: 0.6980
Epoch: 65, Loss: 0.4117, Train: 0.8667, Val: 0.7140, Test: 0.7100
Epoch: 66, Loss: 0.3388, Train: 0.9000, Val: 0.7060, Test: 0.7050
Epoch: 67, Loss: 0.3289, Train: 0.9167, Val: 0.6940, Test: 0.6990
Epoch: 68, Loss: 0.3218, Train: 0.9167, Val: 0.7200, Test: 0.7140
Epoch: 69, Loss: 0.2867, Train: 0.9167, Val: 0.7300, Test: 0.7100
Epoch: 70, Loss: 0.2602, Train: 0.9333, Val: 0.7240, Test: 0.7130
Epoch: 71, Loss: 0.2597, Train: 0.9500, Val: 0.7380, Test: 0.7110
Epoch: 72, Loss: 0.2158, Train: 0.9500, Val: 0.7420, Test: 0.7160
Epoch: 73, Loss: 0.1932, Train: 0.9500, Val: 0.7460, Test: 0.7160
Epoch: 74, Loss: 0.1856, Train: 0.9667, Val: 0.7500, Test: 0.7230
Epoch: 75, Loss: 0.1635, Train: 0.9667, Val: 0.7380, Test: 0.7220
Epoch: 76, Loss: 0.1641, Train: 0.9667, Val: 0.7620, Test: 0.7350
Epoch: 77, Loss: 0.1320, Train: 0.9667, Val: 0.7620, Test: 0.7430
Epoch: 78, Loss: 0.1348, Train: 0.9833, Val: 0.7700, Test: 0.7380
Epoch: 79, Loss: 0.1363, Train: 0.9667, Val: 0.7640, Test: 0.7390
Epoch: 80, Loss: 0.1143, Train: 0.9500, Val: 0.7020, Test: 0.6920
Epoch: 81, Loss: 0.1275, Train: 0.9667, Val: 0.7140, Test: 0.7090
Epoch: 82, Loss: 0.0959, Train: 0.9833, Val: 0.7620, Test: 0.7420
Epoch: 83, Loss: 0.0572, Train: 0.9667, Val: 0.7680, Test: 0.7420
Epoch: 84, Loss: 0.0933, Train: 0.9833, Val: 0.7700, Test: 0.7510
Epoch: 85, Loss: 0.0643, Train: 0.9667, Val: 0.7820, Test: 0.7630
Epoch: 86, Loss: 0.0997, Train: 0.9833, Val: 0.7540, Test: 0.7430
Epoch: 87, Loss: 0.0838, Train: 0.9667, Val: 0.7280, Test: 0.7240
Epoch: 88, Loss: 0.0410, Train: 0.9667, Val: 0.7260, Test: 0.7070
Epoch: 89, Loss: 0.1351, Train: 1.0000, Val: 0.7440, Test: 0.7370
Epoch: 90, Loss: 0.0602, Train: 1.0000, Val: 0.7740, Test: 0.7590
Epoch: 91, Loss: 0.0317, Train: 0.9833, Val: 0.7820, Test: 0.7650
Epoch: 92, Loss: 0.0556, Train: 0.9667, Val: 0.7840, Test: 0.7720
Epoch: 93, Loss: 0.0398, Train: 0.9667, Val: 0.7840, Test: 0.7710
Epoch: 94, Loss: 0.0314, Train: 0.9833, Val: 0.7880, Test: 0.7670
Epoch: 95, Loss: 0.0446, Train: 1.0000, Val: 0.7780, Test: 0.7600
Epoch: 96, Loss: 0.0275, Train: 1.0000, Val: 0.7560, Test: 0.7450
Epoch: 97, Loss: 0.0424, Train: 1.0000, Val: 0.7500, Test: 0.7480
Epoch: 98, Loss: 0.0416, Train: 1.0000, Val: 0.7700, Test: 0.7600
Epoch: 99, Loss: 0.0328, Train: 1.0000, Val: 0.7840, Test: 0.7670
Epoch: 100, Loss: 0.0306, Train: 1.0000, Val: 0.7780, Test: 0.7620
MAD:  0.8975
Best Test Accuracy: 0.7720, Val Accuracy: 0.7840, Train Accuracy: 0.9667
Training completed.
Seed:  5
GATv2(
  (convs): ModuleList(
    (0): GATv2Conv(500, 128, heads=1)
    (1-5): 5 x GATv2Conv(128, 128, heads=1)
    (6): GATv2Conv(128, 3, heads=1)
  )
  (batch_norm): LayerNorm((128,), eps=1e-05, elementwise_affine=True)
  (residual_fc): Linear(in_features=500, out_features=128, bias=True)
)
Epoch: 1, Loss: 1.0956, Train: 0.3333, Val: 0.1960, Test: 0.1800
Epoch: 2, Loss: 1.0911, Train: 0.3333, Val: 0.1960, Test: 0.1800
Epoch: 3, Loss: 1.0982, Train: 0.3333, Val: 0.1960, Test: 0.1800
Epoch: 4, Loss: 1.0983, Train: 0.3333, Val: 0.3880, Test: 0.4130
Epoch: 5, Loss: 1.1015, Train: 0.3333, Val: 0.3880, Test: 0.4130
Epoch: 6, Loss: 1.0840, Train: 0.3333, Val: 0.3880, Test: 0.4130
Epoch: 7, Loss: 1.0945, Train: 0.3333, Val: 0.3880, Test: 0.4130
Epoch: 8, Loss: 1.0983, Train: 0.3333, Val: 0.3880, Test: 0.4130
Epoch: 9, Loss: 1.1014, Train: 0.3333, Val: 0.3880, Test: 0.4130
Epoch: 10, Loss: 1.0920, Train: 0.3333, Val: 0.3880, Test: 0.4130
Epoch: 11, Loss: 1.0976, Train: 0.4833, Val: 0.5560, Test: 0.5430
Epoch: 12, Loss: 1.1157, Train: 0.3333, Val: 0.4160, Test: 0.4070
Epoch: 13, Loss: 1.1027, Train: 0.3333, Val: 0.4160, Test: 0.4070
Epoch: 14, Loss: 1.0968, Train: 0.3333, Val: 0.4160, Test: 0.4070
Epoch: 15, Loss: 1.0908, Train: 0.3333, Val: 0.4160, Test: 0.4070
Epoch: 16, Loss: 1.0912, Train: 0.3333, Val: 0.4160, Test: 0.4070
Epoch: 17, Loss: 1.0844, Train: 0.3333, Val: 0.4160, Test: 0.4070
Epoch: 18, Loss: 1.0993, Train: 0.4667, Val: 0.5160, Test: 0.5190
Epoch: 19, Loss: 1.0939, Train: 0.6000, Val: 0.6000, Test: 0.6140
Epoch: 20, Loss: 1.1067, Train: 0.7500, Val: 0.6620, Test: 0.6530
Epoch: 21, Loss: 1.1042, Train: 0.6000, Val: 0.5320, Test: 0.5290
Epoch: 22, Loss: 1.1055, Train: 0.5167, Val: 0.4580, Test: 0.4590
Epoch: 23, Loss: 1.1012, Train: 0.5000, Val: 0.4280, Test: 0.4350
Epoch: 24, Loss: 1.0910, Train: 0.5667, Val: 0.4960, Test: 0.4870
Epoch: 25, Loss: 1.0977, Train: 0.6000, Val: 0.5220, Test: 0.5290
Epoch: 26, Loss: 1.0911, Train: 0.6333, Val: 0.5320, Test: 0.5270
Epoch: 27, Loss: 1.0944, Train: 0.6333, Val: 0.5440, Test: 0.5260
Epoch: 28, Loss: 1.0944, Train: 0.6167, Val: 0.5160, Test: 0.5180
Epoch: 29, Loss: 1.0929, Train: 0.5667, Val: 0.4960, Test: 0.5020
Epoch: 30, Loss: 1.0875, Train: 0.5833, Val: 0.4960, Test: 0.5030
Epoch: 31, Loss: 1.0710, Train: 0.5667, Val: 0.5100, Test: 0.5170
Epoch: 32, Loss: 1.0857, Train: 0.6333, Val: 0.5440, Test: 0.5260
Epoch: 33, Loss: 1.0708, Train: 0.6667, Val: 0.5560, Test: 0.5410
Epoch: 34, Loss: 1.0783, Train: 0.6833, Val: 0.6000, Test: 0.5880
Epoch: 35, Loss: 1.0759, Train: 0.7500, Val: 0.6200, Test: 0.6390
Epoch: 36, Loss: 1.0624, Train: 0.7667, Val: 0.6260, Test: 0.6310
Epoch: 37, Loss: 1.0580, Train: 0.7333, Val: 0.6240, Test: 0.6210
Epoch: 38, Loss: 1.0353, Train: 0.7333, Val: 0.6160, Test: 0.6110
Epoch: 39, Loss: 1.0260, Train: 0.7167, Val: 0.6040, Test: 0.6040
Epoch: 40, Loss: 1.0068, Train: 0.7000, Val: 0.6000, Test: 0.5860
Epoch: 41, Loss: 0.9856, Train: 0.7000, Val: 0.5900, Test: 0.5860
Epoch: 42, Loss: 0.9946, Train: 0.6833, Val: 0.5760, Test: 0.5770
Epoch: 43, Loss: 0.9591, Train: 0.6833, Val: 0.5840, Test: 0.5780
Epoch: 44, Loss: 0.9110, Train: 0.6833, Val: 0.5760, Test: 0.5760
Epoch: 45, Loss: 0.9124, Train: 0.6833, Val: 0.5760, Test: 0.5760
Epoch: 46, Loss: 0.8450, Train: 0.6833, Val: 0.5740, Test: 0.5800
Epoch: 47, Loss: 0.8465, Train: 0.7000, Val: 0.5780, Test: 0.5790
Epoch: 48, Loss: 0.7883, Train: 0.7167, Val: 0.5820, Test: 0.5890
Epoch: 49, Loss: 0.7730, Train: 0.7167, Val: 0.5820, Test: 0.5920
Epoch: 50, Loss: 0.7538, Train: 0.7167, Val: 0.6000, Test: 0.6060
Epoch: 51, Loss: 0.7216, Train: 0.7167, Val: 0.6180, Test: 0.6200
Epoch: 52, Loss: 0.7035, Train: 0.7333, Val: 0.6420, Test: 0.6440
Epoch: 53, Loss: 0.6868, Train: 0.8167, Val: 0.6520, Test: 0.6640
Epoch: 54, Loss: 0.6592, Train: 0.8167, Val: 0.6540, Test: 0.6580
Epoch: 55, Loss: 0.6397, Train: 0.8000, Val: 0.6880, Test: 0.6870
Epoch: 56, Loss: 0.6149, Train: 0.7833, Val: 0.7020, Test: 0.6900
Epoch: 57, Loss: 0.5550, Train: 0.8000, Val: 0.7040, Test: 0.6990
Epoch: 58, Loss: 0.5483, Train: 0.8167, Val: 0.6800, Test: 0.6790
Epoch: 59, Loss: 0.5069, Train: 0.8000, Val: 0.6620, Test: 0.6700
Epoch: 60, Loss: 0.4793, Train: 0.8333, Val: 0.7160, Test: 0.7120
Epoch: 61, Loss: 0.4809, Train: 0.8000, Val: 0.7100, Test: 0.6900
Epoch: 62, Loss: 0.5420, Train: 0.8667, Val: 0.7300, Test: 0.7230
Epoch: 63, Loss: 0.3953, Train: 0.8667, Val: 0.7120, Test: 0.7060
Epoch: 64, Loss: 0.4401, Train: 0.9000, Val: 0.7260, Test: 0.7160
Epoch: 65, Loss: 0.3785, Train: 0.8833, Val: 0.7340, Test: 0.7210
Epoch: 66, Loss: 0.3560, Train: 0.8833, Val: 0.7080, Test: 0.6900
Epoch: 67, Loss: 0.3594, Train: 0.9333, Val: 0.7340, Test: 0.7190
Epoch: 68, Loss: 0.3217, Train: 0.9000, Val: 0.7140, Test: 0.7030
Epoch: 69, Loss: 0.2977, Train: 0.9333, Val: 0.7240, Test: 0.7050
Epoch: 70, Loss: 0.3111, Train: 0.9667, Val: 0.7360, Test: 0.7310
Epoch: 71, Loss: 0.2886, Train: 0.9333, Val: 0.7380, Test: 0.7030
Epoch: 72, Loss: 0.3451, Train: 0.9667, Val: 0.7460, Test: 0.7330
Epoch: 73, Loss: 0.2319, Train: 0.9667, Val: 0.7380, Test: 0.7210
Epoch: 74, Loss: 0.2545, Train: 0.9500, Val: 0.7380, Test: 0.7200
Epoch: 75, Loss: 0.2580, Train: 0.9667, Val: 0.7560, Test: 0.7390
Epoch: 76, Loss: 0.1971, Train: 0.9667, Val: 0.7600, Test: 0.7390
Epoch: 77, Loss: 0.2108, Train: 0.9667, Val: 0.7540, Test: 0.7420
Epoch: 78, Loss: 0.2028, Train: 0.9667, Val: 0.7500, Test: 0.7420
Epoch: 79, Loss: 0.1345, Train: 0.9667, Val: 0.7480, Test: 0.7410
Epoch: 80, Loss: 0.1673, Train: 0.9667, Val: 0.7460, Test: 0.7270
Epoch: 81, Loss: 0.1955, Train: 0.9667, Val: 0.7460, Test: 0.7250
Epoch: 82, Loss: 0.1648, Train: 0.9667, Val: 0.7460, Test: 0.7290
Epoch: 83, Loss: 0.1512, Train: 0.9667, Val: 0.7400, Test: 0.7370
Epoch: 84, Loss: 0.1135, Train: 0.9833, Val: 0.7320, Test: 0.7210
Epoch: 85, Loss: 0.1188, Train: 1.0000, Val: 0.7280, Test: 0.7150
Epoch: 86, Loss: 0.1938, Train: 0.9667, Val: 0.7440, Test: 0.7450
Epoch: 87, Loss: 0.0718, Train: 0.9667, Val: 0.7520, Test: 0.7410
Epoch: 88, Loss: 0.0986, Train: 0.9667, Val: 0.7420, Test: 0.7240
Epoch: 89, Loss: 0.1485, Train: 0.9667, Val: 0.7400, Test: 0.7310
Epoch: 90, Loss: 0.1038, Train: 0.9667, Val: 0.7420, Test: 0.7380
Epoch: 91, Loss: 0.0934, Train: 0.9833, Val: 0.7360, Test: 0.7240
Epoch: 92, Loss: 0.0967, Train: 1.0000, Val: 0.7220, Test: 0.7200
Epoch: 93, Loss: 0.0793, Train: 0.9833, Val: 0.7440, Test: 0.7280
Epoch: 94, Loss: 0.0710, Train: 0.9833, Val: 0.7360, Test: 0.7450
Epoch: 95, Loss: 0.0497, Train: 0.9833, Val: 0.7380, Test: 0.7480
Epoch: 96, Loss: 0.0539, Train: 0.9667, Val: 0.7420, Test: 0.7460
Epoch: 97, Loss: 0.0703, Train: 0.9833, Val: 0.7360, Test: 0.7470
Epoch: 98, Loss: 0.0481, Train: 1.0000, Val: 0.7400, Test: 0.7410
Epoch: 99, Loss: 0.0524, Train: 1.0000, Val: 0.7360, Test: 0.7350
Epoch: 100, Loss: 0.0585, Train: 1.0000, Val: 0.7520, Test: 0.7350
MAD:  0.7818
Best Test Accuracy: 0.7480, Val Accuracy: 0.7380, Train Accuracy: 0.9833
Training completed.
Seed:  6
GATv2(
  (convs): ModuleList(
    (0): GATv2Conv(500, 128, heads=1)
    (1-5): 5 x GATv2Conv(128, 128, heads=1)
    (6): GATv2Conv(128, 3, heads=1)
  )
  (batch_norm): LayerNorm((128,), eps=1e-05, elementwise_affine=True)
  (residual_fc): Linear(in_features=500, out_features=128, bias=True)
)
Epoch: 1, Loss: 1.0955, Train: 0.3333, Val: 0.3880, Test: 0.4130
Epoch: 2, Loss: 1.1003, Train: 0.3333, Val: 0.3880, Test: 0.4130
Epoch: 3, Loss: 1.1134, Train: 0.3333, Val: 0.3880, Test: 0.4130
Epoch: 4, Loss: 1.0938, Train: 0.3333, Val: 0.3880, Test: 0.4130
Epoch: 5, Loss: 1.1004, Train: 0.3333, Val: 0.4160, Test: 0.4070
Epoch: 6, Loss: 1.0989, Train: 0.3333, Val: 0.4160, Test: 0.4070
Epoch: 7, Loss: 1.0940, Train: 0.3333, Val: 0.4160, Test: 0.4070
Epoch: 8, Loss: 1.0913, Train: 0.3333, Val: 0.4160, Test: 0.4070
Epoch: 9, Loss: 1.1039, Train: 0.3333, Val: 0.4160, Test: 0.4070
Epoch: 10, Loss: 1.1012, Train: 0.3333, Val: 0.4160, Test: 0.4070
Epoch: 11, Loss: 1.1110, Train: 0.3333, Val: 0.4160, Test: 0.4070
Epoch: 12, Loss: 1.0896, Train: 0.3333, Val: 0.4160, Test: 0.4070
Epoch: 13, Loss: 1.1062, Train: 0.3333, Val: 0.4160, Test: 0.4070
Epoch: 14, Loss: 1.0954, Train: 0.3333, Val: 0.4160, Test: 0.4070
Epoch: 15, Loss: 1.0934, Train: 0.3333, Val: 0.4160, Test: 0.4070
Epoch: 16, Loss: 1.0997, Train: 0.3333, Val: 0.4160, Test: 0.4070
Epoch: 17, Loss: 1.1017, Train: 0.3333, Val: 0.4160, Test: 0.4070
Epoch: 18, Loss: 1.0918, Train: 0.6500, Val: 0.6320, Test: 0.6330
Epoch: 19, Loss: 1.0928, Train: 0.6333, Val: 0.5340, Test: 0.5230
Epoch: 20, Loss: 1.0924, Train: 0.6167, Val: 0.5380, Test: 0.5310
Epoch: 21, Loss: 1.1018, Train: 0.5667, Val: 0.4840, Test: 0.4720
Epoch: 22, Loss: 1.1039, Train: 0.5833, Val: 0.5040, Test: 0.4930
Epoch: 23, Loss: 1.0992, Train: 0.5667, Val: 0.5000, Test: 0.4850
Epoch: 24, Loss: 1.0971, Train: 0.5167, Val: 0.3960, Test: 0.4130
Epoch: 25, Loss: 1.0969, Train: 0.5167, Val: 0.4140, Test: 0.4270
Epoch: 26, Loss: 1.0953, Train: 0.5333, Val: 0.4520, Test: 0.4560
Epoch: 27, Loss: 1.0951, Train: 0.5333, Val: 0.4960, Test: 0.4870
Epoch: 28, Loss: 1.0856, Train: 0.5833, Val: 0.5200, Test: 0.5170
Epoch: 29, Loss: 1.0854, Train: 0.6333, Val: 0.5300, Test: 0.5300
Epoch: 30, Loss: 1.0819, Train: 0.7167, Val: 0.5920, Test: 0.5860
Epoch: 31, Loss: 1.0887, Train: 0.7500, Val: 0.6520, Test: 0.6450
Epoch: 32, Loss: 1.0850, Train: 0.8167, Val: 0.7100, Test: 0.6940
Epoch: 33, Loss: 1.0680, Train: 0.7667, Val: 0.6780, Test: 0.6610
Epoch: 34, Loss: 1.0737, Train: 0.6500, Val: 0.5440, Test: 0.5150
Epoch: 35, Loss: 1.0617, Train: 0.6167, Val: 0.5440, Test: 0.5190
Epoch: 36, Loss: 1.0591, Train: 0.6167, Val: 0.5420, Test: 0.5190
Epoch: 37, Loss: 1.0563, Train: 0.7500, Val: 0.6420, Test: 0.6050
Epoch: 38, Loss: 1.0479, Train: 0.8000, Val: 0.6960, Test: 0.6730
Epoch: 39, Loss: 1.0156, Train: 0.8167, Val: 0.6840, Test: 0.6790
Epoch: 40, Loss: 1.0051, Train: 0.7500, Val: 0.6360, Test: 0.6380
Epoch: 41, Loss: 0.9850, Train: 0.6833, Val: 0.6240, Test: 0.6240
Epoch: 42, Loss: 0.9489, Train: 0.6833, Val: 0.6120, Test: 0.6180
Epoch: 43, Loss: 0.9218, Train: 0.6833, Val: 0.6140, Test: 0.6200
Epoch: 44, Loss: 0.8985, Train: 0.6833, Val: 0.6120, Test: 0.6200
Epoch: 45, Loss: 0.8627, Train: 0.7167, Val: 0.6240, Test: 0.6290
Epoch: 46, Loss: 0.8209, Train: 0.7833, Val: 0.6480, Test: 0.6630
Epoch: 47, Loss: 0.7898, Train: 0.7833, Val: 0.6600, Test: 0.6570
Epoch: 48, Loss: 0.7620, Train: 0.7833, Val: 0.6680, Test: 0.6670
Epoch: 49, Loss: 0.7195, Train: 0.7833, Val: 0.6920, Test: 0.6810
Epoch: 50, Loss: 0.6837, Train: 0.7667, Val: 0.6840, Test: 0.6770
Epoch: 51, Loss: 0.6489, Train: 0.8000, Val: 0.7020, Test: 0.6880
Epoch: 52, Loss: 0.6412, Train: 0.8000, Val: 0.7000, Test: 0.6770
Epoch: 53, Loss: 0.6159, Train: 0.8167, Val: 0.6800, Test: 0.6940
Epoch: 54, Loss: 0.5812, Train: 0.7833, Val: 0.6500, Test: 0.6490
Epoch: 55, Loss: 0.5948, Train: 0.7833, Val: 0.6220, Test: 0.6280
Epoch: 56, Loss: 0.5446, Train: 0.8000, Val: 0.6280, Test: 0.6290
Epoch: 57, Loss: 0.5828, Train: 0.7500, Val: 0.6220, Test: 0.6300
Epoch: 58, Loss: 0.5154, Train: 0.8000, Val: 0.6440, Test: 0.6560
Epoch: 59, Loss: 0.5337, Train: 0.8333, Val: 0.6880, Test: 0.6820
Epoch: 60, Loss: 0.5326, Train: 0.8333, Val: 0.6920, Test: 0.6810
Epoch: 61, Loss: 0.5249, Train: 0.8167, Val: 0.7100, Test: 0.6890
Epoch: 62, Loss: 0.4648, Train: 0.8500, Val: 0.7020, Test: 0.6960
Epoch: 63, Loss: 0.4776, Train: 0.8500, Val: 0.6940, Test: 0.6860
Epoch: 64, Loss: 0.4377, Train: 0.8167, Val: 0.6940, Test: 0.6940
Epoch: 65, Loss: 0.4278, Train: 0.8167, Val: 0.6980, Test: 0.6990
Epoch: 66, Loss: 0.3687, Train: 0.8667, Val: 0.7120, Test: 0.7070
Epoch: 67, Loss: 0.3470, Train: 0.8833, Val: 0.7180, Test: 0.7110
Epoch: 68, Loss: 0.2977, Train: 0.8833, Val: 0.7160, Test: 0.7130
Epoch: 69, Loss: 0.2812, Train: 0.9167, Val: 0.7160, Test: 0.7090
Epoch: 70, Loss: 0.2522, Train: 0.9167, Val: 0.7280, Test: 0.7120
Epoch: 71, Loss: 0.2986, Train: 0.9333, Val: 0.7380, Test: 0.7200
Epoch: 72, Loss: 0.3023, Train: 0.9167, Val: 0.7180, Test: 0.7210
Epoch: 73, Loss: 0.3036, Train: 0.9333, Val: 0.7340, Test: 0.7340
Epoch: 74, Loss: 0.2063, Train: 0.9500, Val: 0.7120, Test: 0.7160
Epoch: 75, Loss: 0.2479, Train: 0.9333, Val: 0.7420, Test: 0.7360
Epoch: 76, Loss: 0.1668, Train: 0.9500, Val: 0.7500, Test: 0.7490
Epoch: 77, Loss: 0.1579, Train: 0.9500, Val: 0.7540, Test: 0.7500
Epoch: 78, Loss: 0.1801, Train: 0.9667, Val: 0.7740, Test: 0.7550
Epoch: 79, Loss: 0.1549, Train: 0.9667, Val: 0.7660, Test: 0.7540
Epoch: 80, Loss: 0.1697, Train: 0.9667, Val: 0.7520, Test: 0.7500
Epoch: 81, Loss: 0.1491, Train: 0.9667, Val: 0.7420, Test: 0.7450
Epoch: 82, Loss: 0.1675, Train: 0.9667, Val: 0.7700, Test: 0.7640
Epoch: 83, Loss: 0.0951, Train: 0.9667, Val: 0.7620, Test: 0.7620
Epoch: 84, Loss: 0.1043, Train: 0.9667, Val: 0.7680, Test: 0.7650
Epoch: 85, Loss: 0.0725, Train: 0.9833, Val: 0.7340, Test: 0.7370
Epoch: 86, Loss: 0.0901, Train: 1.0000, Val: 0.7340, Test: 0.7290
Epoch: 87, Loss: 0.0904, Train: 0.9667, Val: 0.7500, Test: 0.7580
Epoch: 88, Loss: 0.0972, Train: 0.9833, Val: 0.7620, Test: 0.7470
Epoch: 89, Loss: 0.1293, Train: 0.9333, Val: 0.7480, Test: 0.7420
Epoch: 90, Loss: 0.1006, Train: 0.9833, Val: 0.7720, Test: 0.7640
Epoch: 91, Loss: 0.0445, Train: 1.0000, Val: 0.7640, Test: 0.7650
Epoch: 92, Loss: 0.0980, Train: 1.0000, Val: 0.7560, Test: 0.7680
Epoch: 93, Loss: 0.0826, Train: 1.0000, Val: 0.7680, Test: 0.7730
Epoch: 94, Loss: 0.0436, Train: 0.9833, Val: 0.7680, Test: 0.7760
Epoch: 95, Loss: 0.0371, Train: 0.9833, Val: 0.7700, Test: 0.7760
Epoch: 96, Loss: 0.0487, Train: 0.9833, Val: 0.7680, Test: 0.7690
Epoch: 97, Loss: 0.0339, Train: 1.0000, Val: 0.7700, Test: 0.7640
Epoch: 98, Loss: 0.0362, Train: 1.0000, Val: 0.7720, Test: 0.7650
Epoch: 99, Loss: 0.0374, Train: 1.0000, Val: 0.7740, Test: 0.7610
Epoch: 100, Loss: 0.0271, Train: 0.9833, Val: 0.7700, Test: 0.7640
MAD:  0.776
Best Test Accuracy: 0.7760, Val Accuracy: 0.7680, Train Accuracy: 0.9833
Training completed.
Seed:  7
GATv2(
  (convs): ModuleList(
    (0): GATv2Conv(500, 128, heads=1)
    (1-5): 5 x GATv2Conv(128, 128, heads=1)
    (6): GATv2Conv(128, 3, heads=1)
  )
  (batch_norm): LayerNorm((128,), eps=1e-05, elementwise_affine=True)
  (residual_fc): Linear(in_features=500, out_features=128, bias=True)
)
Epoch: 1, Loss: 1.0973, Train: 0.3333, Val: 0.3880, Test: 0.4130
Epoch: 2, Loss: 1.0898, Train: 0.3333, Val: 0.3880, Test: 0.4130
Epoch: 3, Loss: 1.0958, Train: 0.3333, Val: 0.3880, Test: 0.4130
Epoch: 4, Loss: 1.0976, Train: 0.5500, Val: 0.5880, Test: 0.6100
Epoch: 5, Loss: 1.0957, Train: 0.3333, Val: 0.4160, Test: 0.4070
Epoch: 6, Loss: 1.1121, Train: 0.3333, Val: 0.4160, Test: 0.4070
Epoch: 7, Loss: 1.0932, Train: 0.3333, Val: 0.4160, Test: 0.4070
Epoch: 8, Loss: 1.0987, Train: 0.3333, Val: 0.4160, Test: 0.4070
Epoch: 9, Loss: 1.0921, Train: 0.3833, Val: 0.4220, Test: 0.4100
Epoch: 10, Loss: 1.0937, Train: 0.4833, Val: 0.4460, Test: 0.4420
Epoch: 11, Loss: 1.0910, Train: 0.5500, Val: 0.4980, Test: 0.4920
Epoch: 12, Loss: 1.0951, Train: 0.6000, Val: 0.5300, Test: 0.5040
Epoch: 13, Loss: 1.0952, Train: 0.6500, Val: 0.5200, Test: 0.4930
Epoch: 14, Loss: 1.0873, Train: 0.6833, Val: 0.6000, Test: 0.5760
Epoch: 15, Loss: 1.0916, Train: 0.7500, Val: 0.6860, Test: 0.6610
Epoch: 16, Loss: 1.0777, Train: 0.7667, Val: 0.6900, Test: 0.6630
Epoch: 17, Loss: 1.0885, Train: 0.7667, Val: 0.6940, Test: 0.6680
Epoch: 18, Loss: 1.0793, Train: 0.7500, Val: 0.6920, Test: 0.6760
Epoch: 19, Loss: 1.0713, Train: 0.7667, Val: 0.6560, Test: 0.6330
Epoch: 20, Loss: 1.0629, Train: 0.7333, Val: 0.5600, Test: 0.5320
Epoch: 21, Loss: 1.0673, Train: 0.6500, Val: 0.5400, Test: 0.5110
Epoch: 22, Loss: 1.0353, Train: 0.6333, Val: 0.5380, Test: 0.5100
Epoch: 23, Loss: 1.0418, Train: 0.6500, Val: 0.5320, Test: 0.5080
Epoch: 24, Loss: 1.0223, Train: 0.6833, Val: 0.5340, Test: 0.5140
Epoch: 25, Loss: 1.0205, Train: 0.7333, Val: 0.5640, Test: 0.5550
Epoch: 26, Loss: 0.9928, Train: 0.7500, Val: 0.5840, Test: 0.5800
Epoch: 27, Loss: 0.9650, Train: 0.7667, Val: 0.6020, Test: 0.5800
Epoch: 28, Loss: 0.9288, Train: 0.7333, Val: 0.5700, Test: 0.5520
Epoch: 29, Loss: 0.9067, Train: 0.7667, Val: 0.5980, Test: 0.5790
Epoch: 30, Loss: 0.8745, Train: 0.7500, Val: 0.6160, Test: 0.5960
Epoch: 31, Loss: 0.8509, Train: 0.7833, Val: 0.5920, Test: 0.5780
Epoch: 32, Loss: 0.8121, Train: 0.7500, Val: 0.5920, Test: 0.5540
Epoch: 33, Loss: 0.7978, Train: 0.7167, Val: 0.5820, Test: 0.5510
Epoch: 34, Loss: 0.7284, Train: 0.8000, Val: 0.5980, Test: 0.5890
Epoch: 35, Loss: 0.7182, Train: 0.8167, Val: 0.6200, Test: 0.6020
Epoch: 36, Loss: 0.6751, Train: 0.8167, Val: 0.6340, Test: 0.6200
Epoch: 37, Loss: 0.6603, Train: 0.8500, Val: 0.6540, Test: 0.6330
Epoch: 38, Loss: 0.6225, Train: 0.8167, Val: 0.6600, Test: 0.6310
Epoch: 39, Loss: 0.5676, Train: 0.8500, Val: 0.6680, Test: 0.6490
Epoch: 40, Loss: 0.5556, Train: 0.8667, Val: 0.7180, Test: 0.6750
Epoch: 41, Loss: 0.5229, Train: 0.8500, Val: 0.7200, Test: 0.6750
Epoch: 42, Loss: 0.5141, Train: 0.8333, Val: 0.7200, Test: 0.6730
Epoch: 43, Loss: 0.4802, Train: 0.8667, Val: 0.7240, Test: 0.6790
Epoch: 44, Loss: 0.4622, Train: 0.8833, Val: 0.7380, Test: 0.6810
Epoch: 45, Loss: 0.4277, Train: 0.9000, Val: 0.7380, Test: 0.6830
Epoch: 46, Loss: 0.3927, Train: 0.9000, Val: 0.7020, Test: 0.6490
Epoch: 47, Loss: 0.3828, Train: 0.9000, Val: 0.7380, Test: 0.6850
Epoch: 48, Loss: 0.3341, Train: 0.8500, Val: 0.7200, Test: 0.6740
Epoch: 49, Loss: 0.3849, Train: 0.9333, Val: 0.7260, Test: 0.6600
Epoch: 50, Loss: 0.2934, Train: 0.9167, Val: 0.7020, Test: 0.6610
Epoch: 51, Loss: 0.3715, Train: 0.9500, Val: 0.7360, Test: 0.6770
Epoch: 52, Loss: 0.2870, Train: 0.9333, Val: 0.7320, Test: 0.6930
Epoch: 53, Loss: 0.2857, Train: 0.9667, Val: 0.7480, Test: 0.6830
Epoch: 54, Loss: 0.2621, Train: 0.9500, Val: 0.7300, Test: 0.6800
Epoch: 55, Loss: 0.2207, Train: 0.9500, Val: 0.7380, Test: 0.6830
Epoch: 56, Loss: 0.1808, Train: 0.9667, Val: 0.7580, Test: 0.6950
Epoch: 57, Loss: 0.2409, Train: 0.9667, Val: 0.7540, Test: 0.7020
Epoch: 58, Loss: 0.1531, Train: 0.9667, Val: 0.7500, Test: 0.7040
Epoch: 59, Loss: 0.1546, Train: 0.9500, Val: 0.7640, Test: 0.7170
Epoch: 60, Loss: 0.1580, Train: 0.9500, Val: 0.7720, Test: 0.7220
Epoch: 61, Loss: 0.1399, Train: 0.9500, Val: 0.7680, Test: 0.7170
Epoch: 62, Loss: 0.1382, Train: 0.9833, Val: 0.7520, Test: 0.7100
Epoch: 63, Loss: 0.1371, Train: 0.9833, Val: 0.7600, Test: 0.7120
Epoch: 64, Loss: 0.0983, Train: 0.9500, Val: 0.7660, Test: 0.7150
Epoch: 65, Loss: 0.1120, Train: 0.9667, Val: 0.7640, Test: 0.7230
Epoch: 66, Loss: 0.0844, Train: 0.9833, Val: 0.7740, Test: 0.7240
Epoch: 67, Loss: 0.0644, Train: 0.9833, Val: 0.7640, Test: 0.7300
Epoch: 68, Loss: 0.0723, Train: 0.9833, Val: 0.7580, Test: 0.7330
Epoch: 69, Loss: 0.0599, Train: 0.9833, Val: 0.7800, Test: 0.7300
Epoch: 70, Loss: 0.0576, Train: 0.9667, Val: 0.7600, Test: 0.7290
Epoch: 71, Loss: 0.0649, Train: 1.0000, Val: 0.7600, Test: 0.7240
Epoch: 72, Loss: 0.0728, Train: 1.0000, Val: 0.7500, Test: 0.7110
Epoch: 73, Loss: 0.0636, Train: 0.9833, Val: 0.7540, Test: 0.7260
Epoch: 74, Loss: 0.0795, Train: 1.0000, Val: 0.7580, Test: 0.7260
Epoch: 75, Loss: 0.0392, Train: 0.9833, Val: 0.7560, Test: 0.7240
Epoch: 76, Loss: 0.0565, Train: 0.9833, Val: 0.7680, Test: 0.7450
Epoch: 77, Loss: 0.0537, Train: 0.9667, Val: 0.7580, Test: 0.7370
Epoch: 78, Loss: 0.0491, Train: 0.9833, Val: 0.7600, Test: 0.7400
Epoch: 79, Loss: 0.0545, Train: 0.9833, Val: 0.7720, Test: 0.7510
Epoch: 80, Loss: 0.0343, Train: 0.9833, Val: 0.7680, Test: 0.7400
Epoch: 81, Loss: 0.0429, Train: 0.9833, Val: 0.7640, Test: 0.7360
Epoch: 82, Loss: 0.0412, Train: 1.0000, Val: 0.7700, Test: 0.7360
Epoch: 83, Loss: 0.0473, Train: 1.0000, Val: 0.7660, Test: 0.7490
Epoch: 84, Loss: 0.0227, Train: 1.0000, Val: 0.7640, Test: 0.7510
Epoch: 85, Loss: 0.0132, Train: 1.0000, Val: 0.7640, Test: 0.7490
Epoch: 86, Loss: 0.0209, Train: 1.0000, Val: 0.7700, Test: 0.7460
Epoch: 87, Loss: 0.0179, Train: 1.0000, Val: 0.7740, Test: 0.7490
Epoch: 88, Loss: 0.0238, Train: 1.0000, Val: 0.7720, Test: 0.7500
Epoch: 89, Loss: 0.0163, Train: 1.0000, Val: 0.7720, Test: 0.7500
Epoch: 90, Loss: 0.0234, Train: 1.0000, Val: 0.7660, Test: 0.7450
Epoch: 91, Loss: 0.0248, Train: 1.0000, Val: 0.7600, Test: 0.7440
Epoch: 92, Loss: 0.0169, Train: 1.0000, Val: 0.7640, Test: 0.7450
Epoch: 93, Loss: 0.0213, Train: 1.0000, Val: 0.7620, Test: 0.7450
Epoch: 94, Loss: 0.0144, Train: 0.9833, Val: 0.7640, Test: 0.7380
Epoch: 95, Loss: 0.0255, Train: 1.0000, Val: 0.7700, Test: 0.7570
Epoch: 96, Loss: 0.0081, Train: 1.0000, Val: 0.7660, Test: 0.7500
Epoch: 97, Loss: 0.0259, Train: 1.0000, Val: 0.7620, Test: 0.7410
Epoch: 98, Loss: 0.0443, Train: 1.0000, Val: 0.7620, Test: 0.7500
Epoch: 99, Loss: 0.0231, Train: 1.0000, Val: 0.7720, Test: 0.7560
Epoch: 100, Loss: 0.0279, Train: 0.9833, Val: 0.7700, Test: 0.7580
MAD:  0.8416
Best Test Accuracy: 0.7580, Val Accuracy: 0.7700, Train Accuracy: 0.9833
Training completed.
Seed:  8
GATv2(
  (convs): ModuleList(
    (0): GATv2Conv(500, 128, heads=1)
    (1-5): 5 x GATv2Conv(128, 128, heads=1)
    (6): GATv2Conv(128, 3, heads=1)
  )
  (batch_norm): LayerNorm((128,), eps=1e-05, elementwise_affine=True)
  (residual_fc): Linear(in_features=500, out_features=128, bias=True)
)
Epoch: 1, Loss: 1.1005, Train: 0.3333, Val: 0.3880, Test: 0.4130
Epoch: 2, Loss: 1.0955, Train: 0.3333, Val: 0.3880, Test: 0.4130
Epoch: 3, Loss: 1.1000, Train: 0.3333, Val: 0.3880, Test: 0.4130
Epoch: 4, Loss: 1.0964, Train: 0.3333, Val: 0.3880, Test: 0.4130
Epoch: 5, Loss: 1.0957, Train: 0.4833, Val: 0.5180, Test: 0.5590
Epoch: 6, Loss: 1.0927, Train: 0.3333, Val: 0.4160, Test: 0.4070
Epoch: 7, Loss: 1.0992, Train: 0.3333, Val: 0.4160, Test: 0.4070
Epoch: 8, Loss: 1.1109, Train: 0.3333, Val: 0.4160, Test: 0.4070
Epoch: 9, Loss: 1.1053, Train: 0.3333, Val: 0.4160, Test: 0.4070
Epoch: 10, Loss: 1.0898, Train: 0.3333, Val: 0.4160, Test: 0.4070
Epoch: 11, Loss: 1.0973, Train: 0.3333, Val: 0.4160, Test: 0.4070
Epoch: 12, Loss: 1.1012, Train: 0.3333, Val: 0.4160, Test: 0.4070
Epoch: 13, Loss: 1.0937, Train: 0.3333, Val: 0.4160, Test: 0.4070
Epoch: 14, Loss: 1.0815, Train: 0.3333, Val: 0.4160, Test: 0.4070
Epoch: 15, Loss: 1.0996, Train: 0.3500, Val: 0.4180, Test: 0.4080
Epoch: 16, Loss: 1.0987, Train: 0.4000, Val: 0.4220, Test: 0.4090
Epoch: 17, Loss: 1.0907, Train: 0.4167, Val: 0.4280, Test: 0.4180
Epoch: 18, Loss: 1.0937, Train: 0.7000, Val: 0.5840, Test: 0.5800
Epoch: 19, Loss: 1.0895, Train: 0.8000, Val: 0.7220, Test: 0.7090
Epoch: 20, Loss: 1.0881, Train: 0.8000, Val: 0.7140, Test: 0.6980
Epoch: 21, Loss: 1.0898, Train: 0.8000, Val: 0.7100, Test: 0.6920
Epoch: 22, Loss: 1.1033, Train: 0.7333, Val: 0.6840, Test: 0.6670
Epoch: 23, Loss: 1.0889, Train: 0.6167, Val: 0.4580, Test: 0.4560
Epoch: 24, Loss: 1.1027, Train: 0.5667, Val: 0.3820, Test: 0.3600
Epoch: 25, Loss: 1.0751, Train: 0.5667, Val: 0.3840, Test: 0.3590
Epoch: 26, Loss: 1.0778, Train: 0.6167, Val: 0.4640, Test: 0.4620
Epoch: 27, Loss: 1.0844, Train: 0.6500, Val: 0.5500, Test: 0.5590
Epoch: 28, Loss: 1.0756, Train: 0.7167, Val: 0.6540, Test: 0.6430
Epoch: 29, Loss: 1.0758, Train: 0.7500, Val: 0.6960, Test: 0.6940
Epoch: 30, Loss: 1.0733, Train: 0.8000, Val: 0.7080, Test: 0.7050
Epoch: 31, Loss: 1.0456, Train: 0.8167, Val: 0.7220, Test: 0.7100
Epoch: 32, Loss: 1.0548, Train: 0.8167, Val: 0.7220, Test: 0.7090
Epoch: 33, Loss: 1.0292, Train: 0.8167, Val: 0.7240, Test: 0.7100
Epoch: 34, Loss: 1.0376, Train: 0.8167, Val: 0.7260, Test: 0.7120
Epoch: 35, Loss: 1.0175, Train: 0.8167, Val: 0.7120, Test: 0.7070
Epoch: 36, Loss: 0.9793, Train: 0.7667, Val: 0.7020, Test: 0.6980
Epoch: 37, Loss: 0.9741, Train: 0.8000, Val: 0.6960, Test: 0.6930
Epoch: 38, Loss: 0.9370, Train: 0.8333, Val: 0.7020, Test: 0.6890
Epoch: 39, Loss: 0.9171, Train: 0.8667, Val: 0.7140, Test: 0.6870
Epoch: 40, Loss: 0.8806, Train: 0.8667, Val: 0.7100, Test: 0.6930
Epoch: 41, Loss: 0.8281, Train: 0.8167, Val: 0.7040, Test: 0.7020
Epoch: 42, Loss: 0.8028, Train: 0.8333, Val: 0.7080, Test: 0.7060
Epoch: 43, Loss: 0.7655, Train: 0.8667, Val: 0.7260, Test: 0.6970
Epoch: 44, Loss: 0.7028, Train: 0.8833, Val: 0.7280, Test: 0.6990
Epoch: 45, Loss: 0.6711, Train: 0.8833, Val: 0.7320, Test: 0.6970
Epoch: 46, Loss: 0.5810, Train: 0.8833, Val: 0.7320, Test: 0.7080
Epoch: 47, Loss: 0.5383, Train: 0.8833, Val: 0.7360, Test: 0.7070
Epoch: 48, Loss: 0.5182, Train: 0.8667, Val: 0.7440, Test: 0.7180
Epoch: 49, Loss: 0.4691, Train: 0.9000, Val: 0.7580, Test: 0.7150
Epoch: 50, Loss: 0.4150, Train: 0.9000, Val: 0.7560, Test: 0.7180
Epoch: 51, Loss: 0.3962, Train: 0.8667, Val: 0.7540, Test: 0.7250
Epoch: 52, Loss: 0.3557, Train: 0.8833, Val: 0.7480, Test: 0.7140
Epoch: 53, Loss: 0.3053, Train: 0.9167, Val: 0.7520, Test: 0.7340
Epoch: 54, Loss: 0.3838, Train: 0.9167, Val: 0.7700, Test: 0.7290
Epoch: 55, Loss: 0.2824, Train: 0.9333, Val: 0.7720, Test: 0.7240
Epoch: 56, Loss: 0.2170, Train: 0.9333, Val: 0.7620, Test: 0.7280
Epoch: 57, Loss: 0.2562, Train: 0.9167, Val: 0.7080, Test: 0.6870
Epoch: 58, Loss: 0.2884, Train: 0.9333, Val: 0.7220, Test: 0.6930
Epoch: 59, Loss: 0.2134, Train: 0.9500, Val: 0.7480, Test: 0.7100
Epoch: 60, Loss: 0.2864, Train: 0.9333, Val: 0.7600, Test: 0.7360
Epoch: 61, Loss: 0.2275, Train: 0.9500, Val: 0.7700, Test: 0.7540
Epoch: 62, Loss: 0.2198, Train: 0.9667, Val: 0.7680, Test: 0.7390
Epoch: 63, Loss: 0.1596, Train: 0.9500, Val: 0.7460, Test: 0.7190
Epoch: 64, Loss: 0.1856, Train: 0.9500, Val: 0.7520, Test: 0.7240
Epoch: 65, Loss: 0.1523, Train: 0.9667, Val: 0.7620, Test: 0.7340
Epoch: 66, Loss: 0.1344, Train: 0.9500, Val: 0.7740, Test: 0.7340
Epoch: 67, Loss: 0.1524, Train: 0.9833, Val: 0.7640, Test: 0.7460
Epoch: 68, Loss: 0.1090, Train: 0.9833, Val: 0.7600, Test: 0.7480
Epoch: 69, Loss: 0.0901, Train: 0.9833, Val: 0.7600, Test: 0.7410
Epoch: 70, Loss: 0.1416, Train: 0.9667, Val: 0.7540, Test: 0.7420
Epoch: 71, Loss: 0.0917, Train: 0.9833, Val: 0.7680, Test: 0.7380
Epoch: 72, Loss: 0.0956, Train: 0.9833, Val: 0.7740, Test: 0.7460
Epoch: 73, Loss: 0.0922, Train: 0.9667, Val: 0.7740, Test: 0.7560
Epoch: 74, Loss: 0.0809, Train: 0.9667, Val: 0.7780, Test: 0.7650
Epoch: 75, Loss: 0.0865, Train: 0.9833, Val: 0.7820, Test: 0.7710
Epoch: 76, Loss: 0.0732, Train: 0.9833, Val: 0.7860, Test: 0.7630
Epoch: 77, Loss: 0.0848, Train: 0.9833, Val: 0.7820, Test: 0.7710
Epoch: 78, Loss: 0.0746, Train: 1.0000, Val: 0.7800, Test: 0.7630
Epoch: 79, Loss: 0.0451, Train: 0.9833, Val: 0.7700, Test: 0.7480
Epoch: 80, Loss: 0.0735, Train: 1.0000, Val: 0.7700, Test: 0.7510
Epoch: 81, Loss: 0.0828, Train: 1.0000, Val: 0.7820, Test: 0.7390
Epoch: 82, Loss: 0.0595, Train: 0.9833, Val: 0.7660, Test: 0.7320
Epoch: 83, Loss: 0.0927, Train: 0.9833, Val: 0.7760, Test: 0.7620
Epoch: 84, Loss: 0.0539, Train: 1.0000, Val: 0.7780, Test: 0.7580
Epoch: 85, Loss: 0.0443, Train: 0.9833, Val: 0.7820, Test: 0.7530
Epoch: 86, Loss: 0.0688, Train: 1.0000, Val: 0.7860, Test: 0.7550
Epoch: 87, Loss: 0.0752, Train: 0.9833, Val: 0.7740, Test: 0.7630
Epoch: 88, Loss: 0.0404, Train: 0.9833, Val: 0.7800, Test: 0.7600
Epoch: 89, Loss: 0.0547, Train: 0.9833, Val: 0.7780, Test: 0.7540
Epoch: 90, Loss: 0.0478, Train: 1.0000, Val: 0.7620, Test: 0.7520
Epoch: 91, Loss: 0.0383, Train: 0.9833, Val: 0.7540, Test: 0.7450
Epoch: 92, Loss: 0.0579, Train: 1.0000, Val: 0.7700, Test: 0.7560
Epoch: 93, Loss: 0.0255, Train: 0.9833, Val: 0.7740, Test: 0.7660
Epoch: 94, Loss: 0.0370, Train: 0.9833, Val: 0.7820, Test: 0.7700
Epoch: 95, Loss: 0.0340, Train: 0.9833, Val: 0.7760, Test: 0.7650
Epoch: 96, Loss: 0.0711, Train: 0.9833, Val: 0.7760, Test: 0.7660
Epoch: 97, Loss: 0.0160, Train: 1.0000, Val: 0.7740, Test: 0.7680
Epoch: 98, Loss: 0.0264, Train: 0.9833, Val: 0.7580, Test: 0.7520
Epoch: 99, Loss: 0.0358, Train: 1.0000, Val: 0.7680, Test: 0.7590
Epoch: 100, Loss: 0.0368, Train: 1.0000, Val: 0.7780, Test: 0.7650
MAD:  0.9072
Best Test Accuracy: 0.7710, Val Accuracy: 0.7820, Train Accuracy: 0.9833
Training completed.
Seed:  9
GATv2(
  (convs): ModuleList(
    (0): GATv2Conv(500, 128, heads=1)
    (1-5): 5 x GATv2Conv(128, 128, heads=1)
    (6): GATv2Conv(128, 3, heads=1)
  )
  (batch_norm): LayerNorm((128,), eps=1e-05, elementwise_affine=True)
  (residual_fc): Linear(in_features=500, out_features=128, bias=True)
)
Epoch: 1, Loss: 1.1020, Train: 0.3333, Val: 0.1960, Test: 0.1800
Epoch: 2, Loss: 1.1021, Train: 0.3333, Val: 0.3880, Test: 0.4130
Epoch: 3, Loss: 1.0947, Train: 0.3333, Val: 0.3880, Test: 0.4130
Epoch: 4, Loss: 1.0977, Train: 0.3333, Val: 0.3880, Test: 0.4130
Epoch: 5, Loss: 1.1103, Train: 0.3333, Val: 0.3880, Test: 0.4130
Epoch: 6, Loss: 1.0978, Train: 0.5667, Val: 0.5840, Test: 0.6110
Epoch: 7, Loss: 1.1100, Train: 0.3333, Val: 0.4160, Test: 0.4070
Epoch: 8, Loss: 1.0954, Train: 0.3333, Val: 0.4160, Test: 0.4070
Epoch: 9, Loss: 1.0959, Train: 0.3333, Val: 0.4160, Test: 0.4070
Epoch: 10, Loss: 1.1118, Train: 0.3333, Val: 0.4160, Test: 0.4070
Epoch: 11, Loss: 1.0967, Train: 0.3333, Val: 0.4160, Test: 0.4070
Epoch: 12, Loss: 1.0999, Train: 0.3333, Val: 0.4160, Test: 0.4070
Epoch: 13, Loss: 1.0910, Train: 0.3333, Val: 0.4160, Test: 0.4070
Epoch: 14, Loss: 1.0968, Train: 0.3333, Val: 0.4160, Test: 0.4070
Epoch: 15, Loss: 1.1073, Train: 0.3333, Val: 0.4160, Test: 0.4070
Epoch: 16, Loss: 1.0967, Train: 0.3333, Val: 0.4160, Test: 0.4070
Epoch: 17, Loss: 1.0982, Train: 0.3333, Val: 0.4160, Test: 0.4070
Epoch: 18, Loss: 1.0910, Train: 0.3333, Val: 0.4160, Test: 0.4070
Epoch: 19, Loss: 1.1029, Train: 0.3333, Val: 0.4160, Test: 0.4100
Epoch: 20, Loss: 1.0904, Train: 0.8000, Val: 0.6740, Test: 0.6820
Epoch: 21, Loss: 1.0972, Train: 0.7833, Val: 0.6900, Test: 0.6760
Epoch: 22, Loss: 1.0945, Train: 0.6167, Val: 0.5220, Test: 0.5510
Epoch: 23, Loss: 1.0820, Train: 0.5500, Val: 0.3960, Test: 0.3970
Epoch: 24, Loss: 1.0870, Train: 0.4667, Val: 0.3000, Test: 0.3010
Epoch: 25, Loss: 1.0894, Train: 0.5500, Val: 0.4580, Test: 0.4320
Epoch: 26, Loss: 1.0823, Train: 0.5833, Val: 0.4500, Test: 0.4150
Epoch: 27, Loss: 1.0835, Train: 0.6167, Val: 0.4920, Test: 0.4650
Epoch: 28, Loss: 1.0923, Train: 0.7000, Val: 0.5940, Test: 0.5920
Epoch: 29, Loss: 1.0839, Train: 0.7167, Val: 0.6320, Test: 0.6310
Epoch: 30, Loss: 1.0760, Train: 0.7000, Val: 0.6420, Test: 0.6520
Epoch: 31, Loss: 1.0897, Train: 0.7000, Val: 0.6260, Test: 0.6250
Epoch: 32, Loss: 1.0725, Train: 0.7000, Val: 0.6380, Test: 0.6370
Epoch: 33, Loss: 1.0647, Train: 0.7500, Val: 0.6820, Test: 0.6800
Epoch: 34, Loss: 1.0741, Train: 0.7667, Val: 0.7080, Test: 0.7000
Epoch: 35, Loss: 1.0461, Train: 0.8167, Val: 0.7020, Test: 0.6940
Epoch: 36, Loss: 1.0455, Train: 0.8333, Val: 0.6880, Test: 0.6870
Epoch: 37, Loss: 1.0342, Train: 0.8667, Val: 0.7020, Test: 0.6930
Epoch: 38, Loss: 1.0211, Train: 0.8500, Val: 0.7000, Test: 0.6850
Epoch: 39, Loss: 1.0052, Train: 0.8333, Val: 0.6960, Test: 0.6890
Epoch: 40, Loss: 0.9978, Train: 0.8333, Val: 0.6940, Test: 0.6760
Epoch: 41, Loss: 0.9642, Train: 0.8333, Val: 0.7200, Test: 0.6900
Epoch: 42, Loss: 0.9447, Train: 0.8333, Val: 0.7040, Test: 0.6830
Epoch: 43, Loss: 0.9070, Train: 0.8500, Val: 0.6720, Test: 0.6520
Epoch: 44, Loss: 0.9016, Train: 0.8500, Val: 0.7160, Test: 0.6930
Epoch: 45, Loss: 0.8536, Train: 0.8500, Val: 0.7200, Test: 0.6890
Epoch: 46, Loss: 0.8058, Train: 0.8500, Val: 0.7240, Test: 0.6920
Epoch: 47, Loss: 0.7287, Train: 0.8833, Val: 0.7220, Test: 0.6900
Epoch: 48, Loss: 0.6967, Train: 0.8333, Val: 0.7120, Test: 0.6840
Epoch: 49, Loss: 0.6635, Train: 0.8833, Val: 0.7320, Test: 0.6960
Epoch: 50, Loss: 0.6067, Train: 0.8500, Val: 0.7320, Test: 0.6960
Epoch: 51, Loss: 0.6141, Train: 0.8500, Val: 0.7360, Test: 0.7020
Epoch: 52, Loss: 0.5405, Train: 0.9000, Val: 0.7440, Test: 0.7000
Epoch: 53, Loss: 0.4649, Train: 0.9167, Val: 0.7480, Test: 0.7190
Epoch: 54, Loss: 0.5211, Train: 0.9000, Val: 0.7500, Test: 0.7160
Epoch: 55, Loss: 0.4386, Train: 0.9000, Val: 0.7540, Test: 0.7170
Epoch: 56, Loss: 0.3796, Train: 0.9000, Val: 0.7580, Test: 0.7170
Epoch: 57, Loss: 0.3872, Train: 0.9167, Val: 0.7500, Test: 0.7150
Epoch: 58, Loss: 0.3452, Train: 0.9167, Val: 0.7760, Test: 0.7300
Epoch: 59, Loss: 0.2915, Train: 0.9500, Val: 0.7560, Test: 0.7170
Epoch: 60, Loss: 0.2406, Train: 0.9667, Val: 0.7560, Test: 0.7140
Epoch: 61, Loss: 0.2469, Train: 0.9333, Val: 0.7580, Test: 0.7250
Epoch: 62, Loss: 0.3081, Train: 0.9500, Val: 0.7400, Test: 0.7040
Epoch: 63, Loss: 0.2711, Train: 0.9667, Val: 0.7700, Test: 0.7250
Epoch: 64, Loss: 0.2296, Train: 0.9333, Val: 0.7840, Test: 0.7530
Epoch: 65, Loss: 0.2012, Train: 0.9333, Val: 0.7940, Test: 0.7570
Epoch: 66, Loss: 0.1963, Train: 0.9333, Val: 0.7980, Test: 0.7570
Epoch: 67, Loss: 0.1811, Train: 0.9500, Val: 0.7940, Test: 0.7600
Epoch: 68, Loss: 0.2146, Train: 0.9667, Val: 0.8060, Test: 0.7540
Epoch: 69, Loss: 0.1412, Train: 0.9833, Val: 0.7820, Test: 0.7520
Epoch: 70, Loss: 0.1365, Train: 0.9667, Val: 0.7920, Test: 0.7530
Epoch: 71, Loss: 0.1233, Train: 0.9667, Val: 0.7960, Test: 0.7570
Epoch: 72, Loss: 0.1359, Train: 0.9667, Val: 0.8040, Test: 0.7660
Epoch: 73, Loss: 0.1083, Train: 0.9833, Val: 0.7960, Test: 0.7610
Epoch: 74, Loss: 0.0887, Train: 0.9667, Val: 0.7860, Test: 0.7600
Epoch: 75, Loss: 0.1323, Train: 1.0000, Val: 0.7960, Test: 0.7520
Epoch: 76, Loss: 0.0702, Train: 0.9833, Val: 0.7820, Test: 0.7400
Epoch: 77, Loss: 0.0998, Train: 1.0000, Val: 0.7840, Test: 0.7430
Epoch: 78, Loss: 0.0843, Train: 0.9833, Val: 0.7880, Test: 0.7500
Epoch: 79, Loss: 0.0698, Train: 0.9833, Val: 0.8020, Test: 0.7630
Epoch: 80, Loss: 0.0574, Train: 0.9833, Val: 0.8020, Test: 0.7650
Epoch: 81, Loss: 0.0552, Train: 0.9667, Val: 0.7940, Test: 0.7620
Epoch: 82, Loss: 0.0599, Train: 0.9667, Val: 0.7900, Test: 0.7630
Epoch: 83, Loss: 0.1031, Train: 0.9667, Val: 0.7940, Test: 0.7680
Epoch: 84, Loss: 0.0747, Train: 1.0000, Val: 0.8060, Test: 0.7690
Epoch: 85, Loss: 0.0373, Train: 0.9833, Val: 0.8020, Test: 0.7600
Epoch: 86, Loss: 0.0589, Train: 1.0000, Val: 0.7940, Test: 0.7580
Epoch: 87, Loss: 0.0527, Train: 1.0000, Val: 0.7940, Test: 0.7570
Epoch: 88, Loss: 0.0446, Train: 1.0000, Val: 0.7920, Test: 0.7650
Epoch: 89, Loss: 0.0345, Train: 1.0000, Val: 0.7900, Test: 0.7660
Epoch: 90, Loss: 0.0304, Train: 1.0000, Val: 0.7900, Test: 0.7510
Epoch: 91, Loss: 0.0210, Train: 0.9833, Val: 0.7900, Test: 0.7440
Epoch: 92, Loss: 0.0308, Train: 0.9833, Val: 0.7900, Test: 0.7460
Epoch: 93, Loss: 0.0455, Train: 0.9833, Val: 0.7880, Test: 0.7470
Epoch: 94, Loss: 0.0242, Train: 1.0000, Val: 0.7880, Test: 0.7570
Epoch: 95, Loss: 0.0367, Train: 1.0000, Val: 0.7940, Test: 0.7600
Epoch: 96, Loss: 0.0233, Train: 1.0000, Val: 0.7760, Test: 0.7490
Epoch: 97, Loss: 0.0268, Train: 1.0000, Val: 0.7820, Test: 0.7430
Epoch: 98, Loss: 0.0227, Train: 1.0000, Val: 0.8000, Test: 0.7540
Epoch: 99, Loss: 0.0241, Train: 1.0000, Val: 0.8040, Test: 0.7560
Epoch: 100, Loss: 0.0889, Train: 1.0000, Val: 0.7760, Test: 0.7540
MAD:  0.8868
Best Test Accuracy: 0.7690, Val Accuracy: 0.8060, Train Accuracy: 1.0000
Training completed.
Average Test Accuracy:  0.7621  0.01439062194625376
Average MAD:  0.87622  0.05689670992245508
