Seed:  0
GATv2(
  (convs): ModuleList(
    (0): GATv2Conv(500, 128, heads=1)
    (1): GATv2Conv(128, 128, heads=1)
    (2): GATv2Conv(128, 3, heads=1)
  )
  (batch_norm): LayerNorm((128,), eps=1e-05, elementwise_affine=True)
  (residual_fc): Linear(in_features=500, out_features=128, bias=True)
)
Epoch: 1, Loss: 1.0983, Train: 0.3333, Val: 0.1960, Test: 0.1800
Epoch: 2, Loss: 1.0955, Train: 0.3333, Val: 0.1960, Test: 0.1800
Epoch: 3, Loss: 1.0963, Train: 0.3333, Val: 0.1960, Test: 0.1800
Epoch: 4, Loss: 1.0890, Train: 0.3333, Val: 0.1960, Test: 0.1800
Epoch: 5, Loss: 1.0939, Train: 0.4667, Val: 0.2980, Test: 0.2930
Epoch: 6, Loss: 1.0812, Train: 0.7000, Val: 0.5160, Test: 0.5080
Epoch: 7, Loss: 1.0840, Train: 0.7833, Val: 0.6280, Test: 0.6160
Epoch: 8, Loss: 1.0775, Train: 0.8500, Val: 0.6780, Test: 0.6630
Epoch: 9, Loss: 1.0750, Train: 0.8833, Val: 0.6720, Test: 0.6720
Epoch: 10, Loss: 1.0658, Train: 0.8667, Val: 0.6840, Test: 0.6730
Epoch: 11, Loss: 1.0717, Train: 0.8667, Val: 0.6820, Test: 0.6680
Epoch: 12, Loss: 1.0586, Train: 0.8500, Val: 0.6900, Test: 0.6680
Epoch: 13, Loss: 1.0544, Train: 0.8500, Val: 0.6820, Test: 0.6780
Epoch: 14, Loss: 1.0542, Train: 0.8667, Val: 0.6740, Test: 0.6740
Epoch: 15, Loss: 1.0433, Train: 0.8667, Val: 0.6840, Test: 0.6710
Epoch: 16, Loss: 1.0448, Train: 0.8833, Val: 0.6880, Test: 0.6690
Epoch: 17, Loss: 1.0396, Train: 0.8833, Val: 0.6960, Test: 0.6740
Epoch: 18, Loss: 1.0354, Train: 0.8667, Val: 0.6900, Test: 0.6760
Epoch: 19, Loss: 1.0247, Train: 0.8667, Val: 0.6940, Test: 0.6710
Epoch: 20, Loss: 1.0083, Train: 0.8667, Val: 0.6940, Test: 0.6690
Epoch: 21, Loss: 1.0106, Train: 0.8667, Val: 0.6940, Test: 0.6670
Epoch: 22, Loss: 1.0010, Train: 0.8667, Val: 0.6940, Test: 0.6670
Epoch: 23, Loss: 0.9942, Train: 0.8667, Val: 0.6960, Test: 0.6660
Epoch: 24, Loss: 0.9763, Train: 0.8667, Val: 0.6980, Test: 0.6650
Epoch: 25, Loss: 0.9668, Train: 0.8833, Val: 0.7060, Test: 0.6660
Epoch: 26, Loss: 0.9611, Train: 0.8833, Val: 0.7100, Test: 0.6710
Epoch: 27, Loss: 0.9579, Train: 0.8833, Val: 0.7180, Test: 0.6730
Epoch: 28, Loss: 0.9399, Train: 0.8833, Val: 0.7200, Test: 0.6780
Epoch: 29, Loss: 0.9223, Train: 0.8833, Val: 0.7220, Test: 0.6790
Epoch: 30, Loss: 0.9096, Train: 0.8833, Val: 0.7200, Test: 0.6780
Epoch: 31, Loss: 0.8972, Train: 0.8833, Val: 0.7200, Test: 0.6790
Epoch: 32, Loss: 0.8820, Train: 0.8833, Val: 0.7180, Test: 0.6840
Epoch: 33, Loss: 0.8770, Train: 0.8833, Val: 0.7240, Test: 0.6820
Epoch: 34, Loss: 0.8539, Train: 0.8833, Val: 0.7260, Test: 0.6830
Epoch: 35, Loss: 0.8383, Train: 0.8833, Val: 0.7240, Test: 0.6840
Epoch: 36, Loss: 0.8195, Train: 0.8833, Val: 0.7240, Test: 0.6860
Epoch: 37, Loss: 0.8059, Train: 0.8833, Val: 0.7260, Test: 0.6860
Epoch: 38, Loss: 0.7848, Train: 0.8833, Val: 0.7300, Test: 0.6870
Epoch: 39, Loss: 0.7683, Train: 0.8833, Val: 0.7340, Test: 0.6910
Epoch: 40, Loss: 0.7579, Train: 0.9000, Val: 0.7340, Test: 0.6910
Epoch: 41, Loss: 0.7338, Train: 0.9167, Val: 0.7400, Test: 0.6920
Epoch: 42, Loss: 0.7045, Train: 0.9167, Val: 0.7460, Test: 0.6970
Epoch: 43, Loss: 0.6994, Train: 0.9167, Val: 0.7480, Test: 0.6970
Epoch: 44, Loss: 0.6729, Train: 0.9167, Val: 0.7460, Test: 0.7010
Epoch: 45, Loss: 0.6733, Train: 0.9000, Val: 0.7420, Test: 0.7060
Epoch: 46, Loss: 0.6447, Train: 0.9000, Val: 0.7420, Test: 0.7030
Epoch: 47, Loss: 0.6072, Train: 0.9000, Val: 0.7440, Test: 0.7060
Epoch: 48, Loss: 0.5932, Train: 0.9000, Val: 0.7440, Test: 0.7080
Epoch: 49, Loss: 0.5886, Train: 0.9167, Val: 0.7460, Test: 0.7110
Epoch: 50, Loss: 0.5698, Train: 0.9167, Val: 0.7460, Test: 0.7110
MAD:  0.9127
Best Test Accuracy: 0.7110, Val Accuracy: 0.7460, Train Accuracy: 0.9167
Training completed.
Seed:  1
GATv2(
  (convs): ModuleList(
    (0): GATv2Conv(500, 128, heads=1)
    (1): GATv2Conv(128, 128, heads=1)
    (2): GATv2Conv(128, 3, heads=1)
  )
  (batch_norm): LayerNorm((128,), eps=1e-05, elementwise_affine=True)
  (residual_fc): Linear(in_features=500, out_features=128, bias=True)
)
Epoch: 1, Loss: 1.0978, Train: 0.3333, Val: 0.3880, Test: 0.4130
Epoch: 2, Loss: 1.0978, Train: 0.3333, Val: 0.3880, Test: 0.4130
Epoch: 3, Loss: 1.0970, Train: 0.3333, Val: 0.3880, Test: 0.4130
Epoch: 4, Loss: 1.0927, Train: 0.3500, Val: 0.3920, Test: 0.4200
Epoch: 5, Loss: 1.0918, Train: 0.4833, Val: 0.4740, Test: 0.4890
Epoch: 6, Loss: 1.0874, Train: 0.7000, Val: 0.5840, Test: 0.5920
Epoch: 7, Loss: 1.0879, Train: 0.8833, Val: 0.7060, Test: 0.6980
Epoch: 8, Loss: 1.0795, Train: 0.8500, Val: 0.7500, Test: 0.7040
Epoch: 9, Loss: 1.0823, Train: 0.8333, Val: 0.7440, Test: 0.7080
Epoch: 10, Loss: 1.0755, Train: 0.8500, Val: 0.7240, Test: 0.7040
Epoch: 11, Loss: 1.0743, Train: 0.8500, Val: 0.7120, Test: 0.6910
Epoch: 12, Loss: 1.0615, Train: 0.8500, Val: 0.7120, Test: 0.6860
Epoch: 13, Loss: 1.0635, Train: 0.8500, Val: 0.7160, Test: 0.6870
Epoch: 14, Loss: 1.0567, Train: 0.8500, Val: 0.7180, Test: 0.6970
Epoch: 15, Loss: 1.0537, Train: 0.8500, Val: 0.7200, Test: 0.7010
Epoch: 16, Loss: 1.0500, Train: 0.8500, Val: 0.7220, Test: 0.7020
Epoch: 17, Loss: 1.0490, Train: 0.8667, Val: 0.7240, Test: 0.7030
Epoch: 18, Loss: 1.0329, Train: 0.8500, Val: 0.7380, Test: 0.7030
Epoch: 19, Loss: 1.0232, Train: 0.8500, Val: 0.7420, Test: 0.7050
Epoch: 20, Loss: 1.0276, Train: 0.8500, Val: 0.7460, Test: 0.7090
Epoch: 21, Loss: 1.0147, Train: 0.8500, Val: 0.7480, Test: 0.7070
Epoch: 22, Loss: 1.0111, Train: 0.8500, Val: 0.7460, Test: 0.7060
Epoch: 23, Loss: 1.0004, Train: 0.8500, Val: 0.7480, Test: 0.7060
Epoch: 24, Loss: 0.9906, Train: 0.8500, Val: 0.7460, Test: 0.7060
Epoch: 25, Loss: 0.9777, Train: 0.8500, Val: 0.7500, Test: 0.7070
Epoch: 26, Loss: 0.9771, Train: 0.8667, Val: 0.7420, Test: 0.7040
Epoch: 27, Loss: 0.9618, Train: 0.8667, Val: 0.7360, Test: 0.7080
Epoch: 28, Loss: 0.9481, Train: 0.8667, Val: 0.7300, Test: 0.7090
Epoch: 29, Loss: 0.9395, Train: 0.8667, Val: 0.7220, Test: 0.7130
Epoch: 30, Loss: 0.9274, Train: 0.8833, Val: 0.7240, Test: 0.7140
Epoch: 31, Loss: 0.9074, Train: 0.8833, Val: 0.7240, Test: 0.7150
Epoch: 32, Loss: 0.8980, Train: 0.8833, Val: 0.7240, Test: 0.7130
Epoch: 33, Loss: 0.8780, Train: 0.8833, Val: 0.7300, Test: 0.7120
Epoch: 34, Loss: 0.8658, Train: 0.8833, Val: 0.7300, Test: 0.7100
Epoch: 35, Loss: 0.8461, Train: 0.8833, Val: 0.7260, Test: 0.7120
Epoch: 36, Loss: 0.8394, Train: 0.8833, Val: 0.7220, Test: 0.7140
Epoch: 37, Loss: 0.8246, Train: 0.8833, Val: 0.7220, Test: 0.7140
Epoch: 38, Loss: 0.7974, Train: 0.8833, Val: 0.7220, Test: 0.7130
Epoch: 39, Loss: 0.7742, Train: 0.8833, Val: 0.7240, Test: 0.7120
Epoch: 40, Loss: 0.7654, Train: 0.9000, Val: 0.7240, Test: 0.7140
Epoch: 41, Loss: 0.7470, Train: 0.9000, Val: 0.7240, Test: 0.7140
Epoch: 42, Loss: 0.7287, Train: 0.9000, Val: 0.7260, Test: 0.7150
Epoch: 43, Loss: 0.7140, Train: 0.9000, Val: 0.7260, Test: 0.7160
Epoch: 44, Loss: 0.6947, Train: 0.9000, Val: 0.7280, Test: 0.7170
Epoch: 45, Loss: 0.6673, Train: 0.9000, Val: 0.7300, Test: 0.7170
Epoch: 46, Loss: 0.6502, Train: 0.9000, Val: 0.7340, Test: 0.7180
Epoch: 47, Loss: 0.6456, Train: 0.9000, Val: 0.7320, Test: 0.7190
Epoch: 48, Loss: 0.6113, Train: 0.9000, Val: 0.7360, Test: 0.7190
Epoch: 49, Loss: 0.5919, Train: 0.9000, Val: 0.7360, Test: 0.7200
Epoch: 50, Loss: 0.5666, Train: 0.9000, Val: 0.7420, Test: 0.7190
MAD:  0.9038
Best Test Accuracy: 0.7200, Val Accuracy: 0.7360, Train Accuracy: 0.9000
Training completed.
Seed:  2
GATv2(
  (convs): ModuleList(
    (0): GATv2Conv(500, 128, heads=1)
    (1): GATv2Conv(128, 128, heads=1)
    (2): GATv2Conv(128, 3, heads=1)
  )
  (batch_norm): LayerNorm((128,), eps=1e-05, elementwise_affine=True)
  (residual_fc): Linear(in_features=500, out_features=128, bias=True)
)
Epoch: 1, Loss: 1.1002, Train: 0.3333, Val: 0.1960, Test: 0.1800
Epoch: 2, Loss: 1.1086, Train: 0.3333, Val: 0.1960, Test: 0.1800
Epoch: 3, Loss: 1.0892, Train: 0.3333, Val: 0.1960, Test: 0.1800
Epoch: 4, Loss: 1.0888, Train: 0.4333, Val: 0.2620, Test: 0.2410
Epoch: 5, Loss: 1.0863, Train: 0.7167, Val: 0.5500, Test: 0.5180
Epoch: 6, Loss: 1.0845, Train: 0.8833, Val: 0.7300, Test: 0.7180
Epoch: 7, Loss: 1.0813, Train: 0.8833, Val: 0.7300, Test: 0.7220
Epoch: 8, Loss: 1.0800, Train: 0.8833, Val: 0.7060, Test: 0.6720
Epoch: 9, Loss: 1.0769, Train: 0.8000, Val: 0.6520, Test: 0.6090
Epoch: 10, Loss: 1.0761, Train: 0.7500, Val: 0.5960, Test: 0.5690
Epoch: 11, Loss: 1.0667, Train: 0.7000, Val: 0.5480, Test: 0.5360
Epoch: 12, Loss: 1.0667, Train: 0.6667, Val: 0.5320, Test: 0.5250
Epoch: 13, Loss: 1.0628, Train: 0.6667, Val: 0.5200, Test: 0.5130
Epoch: 14, Loss: 1.0587, Train: 0.6667, Val: 0.5240, Test: 0.5130
Epoch: 15, Loss: 1.0510, Train: 0.6667, Val: 0.5320, Test: 0.5190
Epoch: 16, Loss: 1.0470, Train: 0.6667, Val: 0.5340, Test: 0.5240
Epoch: 17, Loss: 1.0391, Train: 0.7000, Val: 0.5380, Test: 0.5230
Epoch: 18, Loss: 1.0355, Train: 0.7167, Val: 0.5400, Test: 0.5290
Epoch: 19, Loss: 1.0341, Train: 0.7500, Val: 0.5440, Test: 0.5400
Epoch: 20, Loss: 1.0227, Train: 0.7500, Val: 0.5640, Test: 0.5590
Epoch: 21, Loss: 1.0148, Train: 0.7833, Val: 0.5820, Test: 0.5780
Epoch: 22, Loss: 1.0029, Train: 0.8000, Val: 0.6140, Test: 0.5970
Epoch: 23, Loss: 0.9956, Train: 0.8333, Val: 0.6340, Test: 0.6250
Epoch: 24, Loss: 0.9873, Train: 0.8833, Val: 0.6660, Test: 0.6480
Epoch: 25, Loss: 0.9749, Train: 0.9000, Val: 0.6920, Test: 0.6700
Epoch: 26, Loss: 0.9702, Train: 0.9000, Val: 0.7240, Test: 0.7010
Epoch: 27, Loss: 0.9513, Train: 0.8833, Val: 0.7400, Test: 0.7130
Epoch: 28, Loss: 0.9421, Train: 0.8833, Val: 0.7460, Test: 0.7190
Epoch: 29, Loss: 0.9318, Train: 0.9000, Val: 0.7480, Test: 0.7150
Epoch: 30, Loss: 0.9186, Train: 0.9000, Val: 0.7520, Test: 0.7200
Epoch: 31, Loss: 0.9010, Train: 0.9000, Val: 0.7520, Test: 0.7210
Epoch: 32, Loss: 0.8814, Train: 0.9000, Val: 0.7520, Test: 0.7190
Epoch: 33, Loss: 0.8689, Train: 0.9000, Val: 0.7540, Test: 0.7170
Epoch: 34, Loss: 0.8543, Train: 0.9000, Val: 0.7540, Test: 0.7140
Epoch: 35, Loss: 0.8377, Train: 0.9000, Val: 0.7520, Test: 0.7160
Epoch: 36, Loss: 0.8290, Train: 0.9000, Val: 0.7500, Test: 0.7140
Epoch: 37, Loss: 0.8078, Train: 0.9000, Val: 0.7480, Test: 0.7150
Epoch: 38, Loss: 0.7900, Train: 0.9000, Val: 0.7480, Test: 0.7160
Epoch: 39, Loss: 0.7763, Train: 0.9167, Val: 0.7500, Test: 0.7130
Epoch: 40, Loss: 0.7557, Train: 0.9167, Val: 0.7480, Test: 0.7130
Epoch: 41, Loss: 0.7284, Train: 0.9167, Val: 0.7440, Test: 0.7140
Epoch: 42, Loss: 0.7208, Train: 0.9167, Val: 0.7460, Test: 0.7120
Epoch: 43, Loss: 0.6887, Train: 0.9167, Val: 0.7460, Test: 0.7100
Epoch: 44, Loss: 0.6652, Train: 0.9167, Val: 0.7460, Test: 0.7110
Epoch: 45, Loss: 0.6608, Train: 0.9333, Val: 0.7440, Test: 0.7100
Epoch: 46, Loss: 0.6346, Train: 0.9333, Val: 0.7440, Test: 0.7120
Epoch: 47, Loss: 0.6027, Train: 0.9333, Val: 0.7440, Test: 0.7130
Epoch: 48, Loss: 0.5917, Train: 0.9333, Val: 0.7420, Test: 0.7130
Epoch: 49, Loss: 0.5696, Train: 0.9333, Val: 0.7440, Test: 0.7120
Epoch: 50, Loss: 0.5654, Train: 0.9333, Val: 0.7460, Test: 0.7150
MAD:  0.2419
Best Test Accuracy: 0.7220, Val Accuracy: 0.7300, Train Accuracy: 0.8833
Training completed.
Seed:  3
GATv2(
  (convs): ModuleList(
    (0): GATv2Conv(500, 128, heads=1)
    (1): GATv2Conv(128, 128, heads=1)
    (2): GATv2Conv(128, 3, heads=1)
  )
  (batch_norm): LayerNorm((128,), eps=1e-05, elementwise_affine=True)
  (residual_fc): Linear(in_features=500, out_features=128, bias=True)
)
Epoch: 1, Loss: 1.1144, Train: 0.3333, Val: 0.1960, Test: 0.1800
Epoch: 2, Loss: 1.1039, Train: 0.3333, Val: 0.1960, Test: 0.1800
Epoch: 3, Loss: 1.1000, Train: 0.3333, Val: 0.1960, Test: 0.1800
Epoch: 4, Loss: 1.0956, Train: 0.3333, Val: 0.1960, Test: 0.1800
Epoch: 5, Loss: 1.0917, Train: 0.3333, Val: 0.1960, Test: 0.1800
Epoch: 6, Loss: 1.0873, Train: 0.3333, Val: 0.1960, Test: 0.1830
Epoch: 7, Loss: 1.0814, Train: 0.3833, Val: 0.2500, Test: 0.2340
Epoch: 8, Loss: 1.0899, Train: 0.6500, Val: 0.5240, Test: 0.4760
Epoch: 9, Loss: 1.0747, Train: 0.7833, Val: 0.6300, Test: 0.6130
Epoch: 10, Loss: 1.0765, Train: 0.8167, Val: 0.6520, Test: 0.6240
Epoch: 11, Loss: 1.0666, Train: 0.8167, Val: 0.6500, Test: 0.6340
Epoch: 12, Loss: 1.0712, Train: 0.8333, Val: 0.6400, Test: 0.6360
Epoch: 13, Loss: 1.0639, Train: 0.8333, Val: 0.6400, Test: 0.6400
Epoch: 14, Loss: 1.0665, Train: 0.8333, Val: 0.6500, Test: 0.6420
Epoch: 15, Loss: 1.0603, Train: 0.8500, Val: 0.6560, Test: 0.6480
Epoch: 16, Loss: 1.0597, Train: 0.8500, Val: 0.6660, Test: 0.6530
Epoch: 17, Loss: 1.0459, Train: 0.8500, Val: 0.6640, Test: 0.6670
Epoch: 18, Loss: 1.0359, Train: 0.8500, Val: 0.6960, Test: 0.6770
Epoch: 19, Loss: 1.0358, Train: 0.8500, Val: 0.7120, Test: 0.6810
Epoch: 20, Loss: 1.0242, Train: 0.8500, Val: 0.7220, Test: 0.6910
Epoch: 21, Loss: 1.0254, Train: 0.8500, Val: 0.7140, Test: 0.6980
Epoch: 22, Loss: 1.0136, Train: 0.8500, Val: 0.7200, Test: 0.7020
Epoch: 23, Loss: 1.0068, Train: 0.8500, Val: 0.7200, Test: 0.7050
Epoch: 24, Loss: 0.9961, Train: 0.8500, Val: 0.7220, Test: 0.7040
Epoch: 25, Loss: 0.9940, Train: 0.8500, Val: 0.7280, Test: 0.6970
Epoch: 26, Loss: 0.9829, Train: 0.8500, Val: 0.7300, Test: 0.6940
Epoch: 27, Loss: 0.9690, Train: 0.8667, Val: 0.7320, Test: 0.6890
Epoch: 28, Loss: 0.9602, Train: 0.8667, Val: 0.7300, Test: 0.6890
Epoch: 29, Loss: 0.9528, Train: 0.8667, Val: 0.7360, Test: 0.6880
Epoch: 30, Loss: 0.9353, Train: 0.8667, Val: 0.7420, Test: 0.6850
Epoch: 31, Loss: 0.9222, Train: 0.8667, Val: 0.7380, Test: 0.6840
Epoch: 32, Loss: 0.8999, Train: 0.8667, Val: 0.7360, Test: 0.6820
Epoch: 33, Loss: 0.8951, Train: 0.8667, Val: 0.7340, Test: 0.6820
Epoch: 34, Loss: 0.8849, Train: 0.8667, Val: 0.7380, Test: 0.6870
Epoch: 35, Loss: 0.8659, Train: 0.8833, Val: 0.7400, Test: 0.6870
Epoch: 36, Loss: 0.8666, Train: 0.8833, Val: 0.7400, Test: 0.6910
Epoch: 37, Loss: 0.8387, Train: 0.8833, Val: 0.7380, Test: 0.6900
Epoch: 38, Loss: 0.8109, Train: 0.8833, Val: 0.7400, Test: 0.6920
Epoch: 39, Loss: 0.8121, Train: 0.8833, Val: 0.7420, Test: 0.6930
Epoch: 40, Loss: 0.7916, Train: 0.8833, Val: 0.7420, Test: 0.6930
Epoch: 41, Loss: 0.7624, Train: 0.8833, Val: 0.7420, Test: 0.6960
Epoch: 42, Loss: 0.7492, Train: 0.9000, Val: 0.7420, Test: 0.6970
Epoch: 43, Loss: 0.7266, Train: 0.9000, Val: 0.7460, Test: 0.6970
Epoch: 44, Loss: 0.7313, Train: 0.9000, Val: 0.7440, Test: 0.6940
Epoch: 45, Loss: 0.6880, Train: 0.9000, Val: 0.7420, Test: 0.6950
Epoch: 46, Loss: 0.6711, Train: 0.9000, Val: 0.7380, Test: 0.6970
Epoch: 47, Loss: 0.6807, Train: 0.9000, Val: 0.7440, Test: 0.6960
Epoch: 48, Loss: 0.6452, Train: 0.9000, Val: 0.7460, Test: 0.6950
Epoch: 49, Loss: 0.6238, Train: 0.9000, Val: 0.7420, Test: 0.6950
Epoch: 50, Loss: 0.6100, Train: 0.9000, Val: 0.7440, Test: 0.6970
MAD:  0.8272
Best Test Accuracy: 0.7050, Val Accuracy: 0.7200, Train Accuracy: 0.8500
Training completed.
Seed:  4
GATv2(
  (convs): ModuleList(
    (0): GATv2Conv(500, 128, heads=1)
    (1): GATv2Conv(128, 128, heads=1)
    (2): GATv2Conv(128, 3, heads=1)
  )
  (batch_norm): LayerNorm((128,), eps=1e-05, elementwise_affine=True)
  (residual_fc): Linear(in_features=500, out_features=128, bias=True)
)
Epoch: 1, Loss: 1.0965, Train: 0.5667, Val: 0.4480, Test: 0.4330
Epoch: 2, Loss: 1.0993, Train: 0.5833, Val: 0.4960, Test: 0.4600
Epoch: 3, Loss: 1.0944, Train: 0.6333, Val: 0.5020, Test: 0.4720
Epoch: 4, Loss: 1.0939, Train: 0.6333, Val: 0.5000, Test: 0.4730
Epoch: 5, Loss: 1.0910, Train: 0.6333, Val: 0.5040, Test: 0.4820
Epoch: 6, Loss: 1.0901, Train: 0.6500, Val: 0.5100, Test: 0.4920
Epoch: 7, Loss: 1.0825, Train: 0.7833, Val: 0.6480, Test: 0.6210
Epoch: 8, Loss: 1.0832, Train: 0.8833, Val: 0.7100, Test: 0.6870
Epoch: 9, Loss: 1.0766, Train: 0.9000, Val: 0.7100, Test: 0.6940
Epoch: 10, Loss: 1.0727, Train: 0.8667, Val: 0.7080, Test: 0.6880
Epoch: 11, Loss: 1.0703, Train: 0.8500, Val: 0.7000, Test: 0.6920
Epoch: 12, Loss: 1.0665, Train: 0.8500, Val: 0.7020, Test: 0.6990
Epoch: 13, Loss: 1.0638, Train: 0.8833, Val: 0.7080, Test: 0.7000
Epoch: 14, Loss: 1.0578, Train: 0.8833, Val: 0.7160, Test: 0.7040
Epoch: 15, Loss: 1.0540, Train: 0.9000, Val: 0.7180, Test: 0.7020
Epoch: 16, Loss: 1.0560, Train: 0.8833, Val: 0.7300, Test: 0.6990
Epoch: 17, Loss: 1.0478, Train: 0.8667, Val: 0.7340, Test: 0.7020
Epoch: 18, Loss: 1.0423, Train: 0.8500, Val: 0.7320, Test: 0.7010
Epoch: 19, Loss: 1.0382, Train: 0.8667, Val: 0.7260, Test: 0.7020
Epoch: 20, Loss: 1.0350, Train: 0.8667, Val: 0.7260, Test: 0.6970
Epoch: 21, Loss: 1.0282, Train: 0.8667, Val: 0.7320, Test: 0.6990
Epoch: 22, Loss: 1.0218, Train: 0.8667, Val: 0.7300, Test: 0.7010
Epoch: 23, Loss: 1.0115, Train: 0.8667, Val: 0.7280, Test: 0.6990
Epoch: 24, Loss: 0.9952, Train: 0.8667, Val: 0.7280, Test: 0.6960
Epoch: 25, Loss: 0.9829, Train: 0.8667, Val: 0.7280, Test: 0.6980
Epoch: 26, Loss: 0.9820, Train: 0.8667, Val: 0.7280, Test: 0.6960
Epoch: 27, Loss: 0.9786, Train: 0.8833, Val: 0.7260, Test: 0.6920
Epoch: 28, Loss: 0.9534, Train: 0.8833, Val: 0.7320, Test: 0.6930
Epoch: 29, Loss: 0.9544, Train: 0.8833, Val: 0.7280, Test: 0.6900
Epoch: 30, Loss: 0.9328, Train: 0.9000, Val: 0.7320, Test: 0.6910
Epoch: 31, Loss: 0.9280, Train: 0.9167, Val: 0.7360, Test: 0.6960
Epoch: 32, Loss: 0.9086, Train: 0.9167, Val: 0.7360, Test: 0.6970
Epoch: 33, Loss: 0.8932, Train: 0.9167, Val: 0.7340, Test: 0.6980
Epoch: 34, Loss: 0.8671, Train: 0.9167, Val: 0.7360, Test: 0.7010
Epoch: 35, Loss: 0.8729, Train: 0.9167, Val: 0.7360, Test: 0.7020
Epoch: 36, Loss: 0.8558, Train: 0.9167, Val: 0.7340, Test: 0.7030
Epoch: 37, Loss: 0.8257, Train: 0.9167, Val: 0.7360, Test: 0.7050
Epoch: 38, Loss: 0.8156, Train: 0.9167, Val: 0.7360, Test: 0.7040
Epoch: 39, Loss: 0.8089, Train: 0.9167, Val: 0.7360, Test: 0.7070
Epoch: 40, Loss: 0.7831, Train: 0.9167, Val: 0.7400, Test: 0.7020
Epoch: 41, Loss: 0.7627, Train: 0.9167, Val: 0.7420, Test: 0.7020
Epoch: 42, Loss: 0.7412, Train: 0.9167, Val: 0.7440, Test: 0.7020
Epoch: 43, Loss: 0.7243, Train: 0.9167, Val: 0.7460, Test: 0.7060
Epoch: 44, Loss: 0.7159, Train: 0.9167, Val: 0.7460, Test: 0.7060
Epoch: 45, Loss: 0.6744, Train: 0.9167, Val: 0.7440, Test: 0.7050
Epoch: 46, Loss: 0.6671, Train: 0.9167, Val: 0.7440, Test: 0.7050
Epoch: 47, Loss: 0.6475, Train: 0.9167, Val: 0.7440, Test: 0.7090
Epoch: 48, Loss: 0.6253, Train: 0.9167, Val: 0.7500, Test: 0.7110
Epoch: 49, Loss: 0.6153, Train: 0.9167, Val: 0.7520, Test: 0.7130
Epoch: 50, Loss: 0.5991, Train: 0.9167, Val: 0.7540, Test: 0.7140
MAD:  0.8975
Best Test Accuracy: 0.7140, Val Accuracy: 0.7540, Train Accuracy: 0.9167
Training completed.
Seed:  5
GATv2(
  (convs): ModuleList(
    (0): GATv2Conv(500, 128, heads=1)
    (1): GATv2Conv(128, 128, heads=1)
    (2): GATv2Conv(128, 3, heads=1)
  )
  (batch_norm): LayerNorm((128,), eps=1e-05, elementwise_affine=True)
  (residual_fc): Linear(in_features=500, out_features=128, bias=True)
)
Epoch: 1, Loss: 1.1035, Train: 0.3333, Val: 0.3880, Test: 0.4130
Epoch: 2, Loss: 1.0965, Train: 0.3333, Val: 0.3880, Test: 0.4130
Epoch: 3, Loss: 1.0950, Train: 0.3333, Val: 0.3880, Test: 0.4130
Epoch: 4, Loss: 1.0958, Train: 0.3333, Val: 0.3880, Test: 0.4130
Epoch: 5, Loss: 1.0913, Train: 0.3333, Val: 0.3880, Test: 0.4130
Epoch: 6, Loss: 1.0943, Train: 0.3500, Val: 0.3940, Test: 0.4200
Epoch: 7, Loss: 1.0843, Train: 0.3833, Val: 0.4520, Test: 0.4780
Epoch: 8, Loss: 1.0862, Train: 0.5000, Val: 0.5140, Test: 0.5440
Epoch: 9, Loss: 1.0808, Train: 0.5500, Val: 0.5660, Test: 0.5860
Epoch: 10, Loss: 1.0809, Train: 0.6333, Val: 0.5880, Test: 0.6120
Epoch: 11, Loss: 1.0821, Train: 0.7000, Val: 0.6560, Test: 0.6720
Epoch: 12, Loss: 1.0750, Train: 0.7833, Val: 0.7020, Test: 0.7060
Epoch: 13, Loss: 1.0652, Train: 0.8333, Val: 0.7120, Test: 0.7110
Epoch: 14, Loss: 1.0688, Train: 0.8500, Val: 0.7140, Test: 0.7120
Epoch: 15, Loss: 1.0648, Train: 0.8500, Val: 0.7180, Test: 0.7100
Epoch: 16, Loss: 1.0549, Train: 0.8667, Val: 0.7240, Test: 0.7100
Epoch: 17, Loss: 1.0536, Train: 0.8667, Val: 0.7280, Test: 0.7130
Epoch: 18, Loss: 1.0501, Train: 0.8667, Val: 0.7300, Test: 0.7110
Epoch: 19, Loss: 1.0417, Train: 0.8667, Val: 0.7280, Test: 0.7110
Epoch: 20, Loss: 1.0350, Train: 0.8667, Val: 0.7280, Test: 0.7100
Epoch: 21, Loss: 1.0356, Train: 0.8833, Val: 0.7300, Test: 0.7130
Epoch: 22, Loss: 1.0278, Train: 0.8833, Val: 0.7280, Test: 0.7130
Epoch: 23, Loss: 1.0132, Train: 0.8833, Val: 0.7300, Test: 0.7150
Epoch: 24, Loss: 1.0045, Train: 0.8833, Val: 0.7340, Test: 0.7170
Epoch: 25, Loss: 1.0075, Train: 0.8833, Val: 0.7340, Test: 0.7170
Epoch: 26, Loss: 0.9976, Train: 0.9000, Val: 0.7320, Test: 0.7170
Epoch: 27, Loss: 0.9931, Train: 0.9000, Val: 0.7380, Test: 0.7150
Epoch: 28, Loss: 0.9853, Train: 0.9000, Val: 0.7380, Test: 0.7150
Epoch: 29, Loss: 0.9813, Train: 0.9000, Val: 0.7360, Test: 0.7160
Epoch: 30, Loss: 0.9605, Train: 0.9000, Val: 0.7420, Test: 0.7180
Epoch: 31, Loss: 0.9595, Train: 0.9000, Val: 0.7420, Test: 0.7170
Epoch: 32, Loss: 0.9483, Train: 0.9000, Val: 0.7420, Test: 0.7150
Epoch: 33, Loss: 0.9375, Train: 0.9000, Val: 0.7420, Test: 0.7170
Epoch: 34, Loss: 0.9086, Train: 0.9000, Val: 0.7420, Test: 0.7140
Epoch: 35, Loss: 0.8960, Train: 0.9000, Val: 0.7420, Test: 0.7120
Epoch: 36, Loss: 0.8852, Train: 0.9000, Val: 0.7420, Test: 0.7110
Epoch: 37, Loss: 0.8775, Train: 0.9000, Val: 0.7440, Test: 0.7130
Epoch: 38, Loss: 0.8567, Train: 0.9000, Val: 0.7440, Test: 0.7120
Epoch: 39, Loss: 0.8318, Train: 0.9000, Val: 0.7420, Test: 0.7160
Epoch: 40, Loss: 0.8234, Train: 0.9167, Val: 0.7420, Test: 0.7160
Epoch: 41, Loss: 0.8088, Train: 0.9167, Val: 0.7400, Test: 0.7150
Epoch: 42, Loss: 0.7799, Train: 0.9167, Val: 0.7400, Test: 0.7170
Epoch: 43, Loss: 0.7715, Train: 0.9167, Val: 0.7400, Test: 0.7200
Epoch: 44, Loss: 0.7510, Train: 0.9167, Val: 0.7420, Test: 0.7210
Epoch: 45, Loss: 0.7395, Train: 0.9167, Val: 0.7460, Test: 0.7170
Epoch: 46, Loss: 0.7125, Train: 0.9167, Val: 0.7480, Test: 0.7160
Epoch: 47, Loss: 0.6859, Train: 0.9167, Val: 0.7500, Test: 0.7170
Epoch: 48, Loss: 0.6808, Train: 0.9167, Val: 0.7440, Test: 0.7170
Epoch: 49, Loss: 0.6509, Train: 0.9167, Val: 0.7500, Test: 0.7200
Epoch: 50, Loss: 0.6279, Train: 0.9167, Val: 0.7480, Test: 0.7270
MAD:  0.8609
Best Test Accuracy: 0.7270, Val Accuracy: 0.7480, Train Accuracy: 0.9167
Training completed.
Seed:  6
GATv2(
  (convs): ModuleList(
    (0): GATv2Conv(500, 128, heads=1)
    (1): GATv2Conv(128, 128, heads=1)
    (2): GATv2Conv(128, 3, heads=1)
  )
  (batch_norm): LayerNorm((128,), eps=1e-05, elementwise_affine=True)
  (residual_fc): Linear(in_features=500, out_features=128, bias=True)
)
Epoch: 1, Loss: 1.1072, Train: 0.3500, Val: 0.3940, Test: 0.4220
Epoch: 2, Loss: 1.0971, Train: 0.5000, Val: 0.4180, Test: 0.4540
Epoch: 3, Loss: 1.0931, Train: 0.6500, Val: 0.5500, Test: 0.5910
Epoch: 4, Loss: 1.0947, Train: 0.7833, Val: 0.6260, Test: 0.6190
Epoch: 5, Loss: 1.0916, Train: 0.7833, Val: 0.6500, Test: 0.6080
Epoch: 6, Loss: 1.0931, Train: 0.8167, Val: 0.6300, Test: 0.5970
Epoch: 7, Loss: 1.0907, Train: 0.8000, Val: 0.6400, Test: 0.6180
Epoch: 8, Loss: 1.0880, Train: 0.8000, Val: 0.6720, Test: 0.6510
Epoch: 9, Loss: 1.0725, Train: 0.8167, Val: 0.6920, Test: 0.6620
Epoch: 10, Loss: 1.0772, Train: 0.8167, Val: 0.7020, Test: 0.6720
Epoch: 11, Loss: 1.0750, Train: 0.8333, Val: 0.7100, Test: 0.6820
Epoch: 12, Loss: 1.0725, Train: 0.8333, Val: 0.7080, Test: 0.6970
Epoch: 13, Loss: 1.0681, Train: 0.8500, Val: 0.7100, Test: 0.7040
Epoch: 14, Loss: 1.0662, Train: 0.8833, Val: 0.7080, Test: 0.7090
Epoch: 15, Loss: 1.0591, Train: 0.8833, Val: 0.7060, Test: 0.7120
Epoch: 16, Loss: 1.0475, Train: 0.8667, Val: 0.7040, Test: 0.7050
Epoch: 17, Loss: 1.0475, Train: 0.8500, Val: 0.7020, Test: 0.7060
Epoch: 18, Loss: 1.0435, Train: 0.8667, Val: 0.7040, Test: 0.7040
Epoch: 19, Loss: 1.0383, Train: 0.8500, Val: 0.7100, Test: 0.7020
Epoch: 20, Loss: 1.0259, Train: 0.8667, Val: 0.7060, Test: 0.6920
Epoch: 21, Loss: 1.0238, Train: 0.8667, Val: 0.7100, Test: 0.6860
Epoch: 22, Loss: 1.0174, Train: 0.8333, Val: 0.7080, Test: 0.6860
Epoch: 23, Loss: 1.0120, Train: 0.8333, Val: 0.7080, Test: 0.6840
Epoch: 24, Loss: 1.0027, Train: 0.8333, Val: 0.7080, Test: 0.6800
Epoch: 25, Loss: 0.9952, Train: 0.8333, Val: 0.7060, Test: 0.6790
Epoch: 26, Loss: 0.9912, Train: 0.8333, Val: 0.7040, Test: 0.6780
Epoch: 27, Loss: 0.9712, Train: 0.8667, Val: 0.7020, Test: 0.6800
Epoch: 28, Loss: 0.9603, Train: 0.8833, Val: 0.7020, Test: 0.6790
Epoch: 29, Loss: 0.9479, Train: 0.8833, Val: 0.7060, Test: 0.6850
Epoch: 30, Loss: 0.9370, Train: 0.8833, Val: 0.7080, Test: 0.6830
Epoch: 31, Loss: 0.9226, Train: 0.8833, Val: 0.7080, Test: 0.6820
Epoch: 32, Loss: 0.9154, Train: 0.8833, Val: 0.7120, Test: 0.6830
Epoch: 33, Loss: 0.8988, Train: 0.8833, Val: 0.7120, Test: 0.6830
Epoch: 34, Loss: 0.8841, Train: 0.8833, Val: 0.7160, Test: 0.6830
Epoch: 35, Loss: 0.8727, Train: 0.9000, Val: 0.7160, Test: 0.6870
Epoch: 36, Loss: 0.8374, Train: 0.9000, Val: 0.7200, Test: 0.6880
Epoch: 37, Loss: 0.8412, Train: 0.9000, Val: 0.7220, Test: 0.6870
Epoch: 38, Loss: 0.8275, Train: 0.9000, Val: 0.7200, Test: 0.6890
Epoch: 39, Loss: 0.8100, Train: 0.9000, Val: 0.7200, Test: 0.6910
Epoch: 40, Loss: 0.7807, Train: 0.9000, Val: 0.7220, Test: 0.6930
Epoch: 41, Loss: 0.7681, Train: 0.9000, Val: 0.7220, Test: 0.6910
Epoch: 42, Loss: 0.7562, Train: 0.9000, Val: 0.7220, Test: 0.6910
Epoch: 43, Loss: 0.7400, Train: 0.9000, Val: 0.7220, Test: 0.6940
Epoch: 44, Loss: 0.7030, Train: 0.9000, Val: 0.7280, Test: 0.6920
Epoch: 45, Loss: 0.7017, Train: 0.9000, Val: 0.7260, Test: 0.6930
Epoch: 46, Loss: 0.6817, Train: 0.9000, Val: 0.7260, Test: 0.6940
Epoch: 47, Loss: 0.6371, Train: 0.9000, Val: 0.7260, Test: 0.6940
Epoch: 48, Loss: 0.6485, Train: 0.9000, Val: 0.7300, Test: 0.6980
Epoch: 49, Loss: 0.6377, Train: 0.9167, Val: 0.7240, Test: 0.7000
Epoch: 50, Loss: 0.6132, Train: 0.9167, Val: 0.7280, Test: 0.7000
MAD:  0.831
Best Test Accuracy: 0.7120, Val Accuracy: 0.7060, Train Accuracy: 0.8833
Training completed.
Seed:  7
GATv2(
  (convs): ModuleList(
    (0): GATv2Conv(500, 128, heads=1)
    (1): GATv2Conv(128, 128, heads=1)
    (2): GATv2Conv(128, 3, heads=1)
  )
  (batch_norm): LayerNorm((128,), eps=1e-05, elementwise_affine=True)
  (residual_fc): Linear(in_features=500, out_features=128, bias=True)
)
Epoch: 1, Loss: 1.0960, Train: 0.3333, Val: 0.4220, Test: 0.4090
Epoch: 2, Loss: 1.0915, Train: 0.4333, Val: 0.4400, Test: 0.4300
Epoch: 3, Loss: 1.0904, Train: 0.4833, Val: 0.4800, Test: 0.4680
Epoch: 4, Loss: 1.0883, Train: 0.5667, Val: 0.5160, Test: 0.5020
Epoch: 5, Loss: 1.0803, Train: 0.6667, Val: 0.5520, Test: 0.5430
Epoch: 6, Loss: 1.0822, Train: 0.8000, Val: 0.6160, Test: 0.6140
Epoch: 7, Loss: 1.0808, Train: 0.8333, Val: 0.6980, Test: 0.6840
Epoch: 8, Loss: 1.0632, Train: 0.8667, Val: 0.7200, Test: 0.6980
Epoch: 9, Loss: 1.0676, Train: 0.8833, Val: 0.7220, Test: 0.7170
Epoch: 10, Loss: 1.0614, Train: 0.8333, Val: 0.7180, Test: 0.7140
Epoch: 11, Loss: 1.0592, Train: 0.8500, Val: 0.7200, Test: 0.7100
Epoch: 12, Loss: 1.0553, Train: 0.8500, Val: 0.7300, Test: 0.7140
Epoch: 13, Loss: 1.0463, Train: 0.8333, Val: 0.7260, Test: 0.7100
Epoch: 14, Loss: 1.0471, Train: 0.8333, Val: 0.7300, Test: 0.7080
Epoch: 15, Loss: 1.0443, Train: 0.8333, Val: 0.7280, Test: 0.7070
Epoch: 16, Loss: 1.0302, Train: 0.8333, Val: 0.7260, Test: 0.7070
Epoch: 17, Loss: 1.0317, Train: 0.8333, Val: 0.7240, Test: 0.7130
Epoch: 18, Loss: 1.0257, Train: 0.8500, Val: 0.7320, Test: 0.7140
Epoch: 19, Loss: 1.0126, Train: 0.8500, Val: 0.7360, Test: 0.7160
Epoch: 20, Loss: 1.0040, Train: 0.8500, Val: 0.7420, Test: 0.7190
Epoch: 21, Loss: 0.9984, Train: 0.8500, Val: 0.7360, Test: 0.7210
Epoch: 22, Loss: 0.9964, Train: 0.8333, Val: 0.7380, Test: 0.7180
Epoch: 23, Loss: 0.9765, Train: 0.8500, Val: 0.7320, Test: 0.7170
Epoch: 24, Loss: 0.9684, Train: 0.8667, Val: 0.7360, Test: 0.7100
Epoch: 25, Loss: 0.9527, Train: 0.8833, Val: 0.7360, Test: 0.7070
Epoch: 26, Loss: 0.9475, Train: 0.9000, Val: 0.7380, Test: 0.7070
Epoch: 27, Loss: 0.9366, Train: 0.9000, Val: 0.7300, Test: 0.7060
Epoch: 28, Loss: 0.9177, Train: 0.9000, Val: 0.7320, Test: 0.7070
Epoch: 29, Loss: 0.9090, Train: 0.9000, Val: 0.7320, Test: 0.7090
Epoch: 30, Loss: 0.8925, Train: 0.9000, Val: 0.7340, Test: 0.7080
Epoch: 31, Loss: 0.8907, Train: 0.9167, Val: 0.7340, Test: 0.7090
Epoch: 32, Loss: 0.8710, Train: 0.9167, Val: 0.7320, Test: 0.7120
Epoch: 33, Loss: 0.8454, Train: 0.9167, Val: 0.7360, Test: 0.7100
Epoch: 34, Loss: 0.8307, Train: 0.9167, Val: 0.7360, Test: 0.7070
Epoch: 35, Loss: 0.8173, Train: 0.9000, Val: 0.7360, Test: 0.7080
Epoch: 36, Loss: 0.7962, Train: 0.9000, Val: 0.7400, Test: 0.7100
Epoch: 37, Loss: 0.7803, Train: 0.9000, Val: 0.7400, Test: 0.7080
Epoch: 38, Loss: 0.7650, Train: 0.9000, Val: 0.7400, Test: 0.7080
Epoch: 39, Loss: 0.7568, Train: 0.9167, Val: 0.7420, Test: 0.7130
Epoch: 40, Loss: 0.7192, Train: 0.9167, Val: 0.7460, Test: 0.7140
Epoch: 41, Loss: 0.6995, Train: 0.9167, Val: 0.7440, Test: 0.7130
Epoch: 42, Loss: 0.6860, Train: 0.9167, Val: 0.7420, Test: 0.7180
Epoch: 43, Loss: 0.6659, Train: 0.9167, Val: 0.7460, Test: 0.7210
Epoch: 44, Loss: 0.6299, Train: 0.9167, Val: 0.7480, Test: 0.7220
Epoch: 45, Loss: 0.6392, Train: 0.9167, Val: 0.7480, Test: 0.7220
Epoch: 46, Loss: 0.6066, Train: 0.9167, Val: 0.7480, Test: 0.7210
Epoch: 47, Loss: 0.5788, Train: 0.9167, Val: 0.7420, Test: 0.7260
Epoch: 48, Loss: 0.5653, Train: 0.9333, Val: 0.7440, Test: 0.7280
Epoch: 49, Loss: 0.5413, Train: 0.9333, Val: 0.7480, Test: 0.7230
Epoch: 50, Loss: 0.5251, Train: 0.9333, Val: 0.7480, Test: 0.7280
MAD:  0.878
Best Test Accuracy: 0.7280, Val Accuracy: 0.7440, Train Accuracy: 0.9333
Training completed.
Seed:  8
GATv2(
  (convs): ModuleList(
    (0): GATv2Conv(500, 128, heads=1)
    (1): GATv2Conv(128, 128, heads=1)
    (2): GATv2Conv(128, 3, heads=1)
  )
  (batch_norm): LayerNorm((128,), eps=1e-05, elementwise_affine=True)
  (residual_fc): Linear(in_features=500, out_features=128, bias=True)
)
Epoch: 1, Loss: 1.0973, Train: 0.3500, Val: 0.3940, Test: 0.4160
Epoch: 2, Loss: 1.0958, Train: 0.3667, Val: 0.4000, Test: 0.4200
Epoch: 3, Loss: 1.0949, Train: 0.4333, Val: 0.4140, Test: 0.4400
Epoch: 4, Loss: 1.0810, Train: 0.5833, Val: 0.4960, Test: 0.5420
Epoch: 5, Loss: 1.0775, Train: 0.8167, Val: 0.6680, Test: 0.6720
Epoch: 6, Loss: 1.0876, Train: 0.8500, Val: 0.7160, Test: 0.7040
Epoch: 7, Loss: 1.0856, Train: 0.8500, Val: 0.7180, Test: 0.6990
Epoch: 8, Loss: 1.0759, Train: 0.8167, Val: 0.7100, Test: 0.6910
Epoch: 9, Loss: 1.0709, Train: 0.8000, Val: 0.7000, Test: 0.6720
Epoch: 10, Loss: 1.0669, Train: 0.8167, Val: 0.6840, Test: 0.6680
Epoch: 11, Loss: 1.0547, Train: 0.8167, Val: 0.6900, Test: 0.6640
Epoch: 12, Loss: 1.0546, Train: 0.8167, Val: 0.6900, Test: 0.6630
Epoch: 13, Loss: 1.0570, Train: 0.8167, Val: 0.6780, Test: 0.6590
Epoch: 14, Loss: 1.0409, Train: 0.8333, Val: 0.6880, Test: 0.6590
Epoch: 15, Loss: 1.0452, Train: 0.8500, Val: 0.6920, Test: 0.6640
Epoch: 16, Loss: 1.0302, Train: 0.8667, Val: 0.6960, Test: 0.6670
Epoch: 17, Loss: 1.0200, Train: 0.8667, Val: 0.6980, Test: 0.6690
Epoch: 18, Loss: 1.0128, Train: 0.8667, Val: 0.7160, Test: 0.6790
Epoch: 19, Loss: 1.0147, Train: 0.8667, Val: 0.7240, Test: 0.6840
Epoch: 20, Loss: 1.0053, Train: 0.8667, Val: 0.7260, Test: 0.6940
Epoch: 21, Loss: 0.9902, Train: 0.8667, Val: 0.7180, Test: 0.6960
Epoch: 22, Loss: 0.9877, Train: 0.8667, Val: 0.7220, Test: 0.6950
Epoch: 23, Loss: 0.9709, Train: 0.8667, Val: 0.7240, Test: 0.6890
Epoch: 24, Loss: 0.9571, Train: 0.8500, Val: 0.7260, Test: 0.6900
Epoch: 25, Loss: 0.9551, Train: 0.8667, Val: 0.7300, Test: 0.6850
Epoch: 26, Loss: 0.9402, Train: 0.8667, Val: 0.7180, Test: 0.6870
Epoch: 27, Loss: 0.9243, Train: 0.8667, Val: 0.7200, Test: 0.6930
Epoch: 28, Loss: 0.9184, Train: 0.8667, Val: 0.7160, Test: 0.6950
Epoch: 29, Loss: 0.8921, Train: 0.8667, Val: 0.7160, Test: 0.6960
Epoch: 30, Loss: 0.8834, Train: 0.8500, Val: 0.7140, Test: 0.6980
Epoch: 31, Loss: 0.8770, Train: 0.8667, Val: 0.7180, Test: 0.7000
Epoch: 32, Loss: 0.8427, Train: 0.8833, Val: 0.7200, Test: 0.6990
Epoch: 33, Loss: 0.8420, Train: 0.8833, Val: 0.7240, Test: 0.7000
Epoch: 34, Loss: 0.8190, Train: 0.8833, Val: 0.7260, Test: 0.7000
Epoch: 35, Loss: 0.8112, Train: 0.8833, Val: 0.7280, Test: 0.7000
Epoch: 36, Loss: 0.7961, Train: 0.8833, Val: 0.7260, Test: 0.7020
Epoch: 37, Loss: 0.7551, Train: 0.8833, Val: 0.7280, Test: 0.7030
Epoch: 38, Loss: 0.7444, Train: 0.8833, Val: 0.7320, Test: 0.7040
Epoch: 39, Loss: 0.7222, Train: 0.9000, Val: 0.7320, Test: 0.7010
Epoch: 40, Loss: 0.7112, Train: 0.9000, Val: 0.7360, Test: 0.7030
Epoch: 41, Loss: 0.6938, Train: 0.9000, Val: 0.7360, Test: 0.7010
Epoch: 42, Loss: 0.6707, Train: 0.9000, Val: 0.7340, Test: 0.7040
Epoch: 43, Loss: 0.6616, Train: 0.9000, Val: 0.7360, Test: 0.7050
Epoch: 44, Loss: 0.6336, Train: 0.9167, Val: 0.7360, Test: 0.7070
Epoch: 45, Loss: 0.6300, Train: 0.9000, Val: 0.7380, Test: 0.7100
Epoch: 46, Loss: 0.5963, Train: 0.9000, Val: 0.7360, Test: 0.7110
Epoch: 47, Loss: 0.5732, Train: 0.9167, Val: 0.7380, Test: 0.7170
Epoch: 48, Loss: 0.5380, Train: 0.9333, Val: 0.7440, Test: 0.7180
Epoch: 49, Loss: 0.5463, Train: 0.9333, Val: 0.7420, Test: 0.7180
Epoch: 50, Loss: 0.5244, Train: 0.9333, Val: 0.7420, Test: 0.7210
MAD:  0.8519
Best Test Accuracy: 0.7210, Val Accuracy: 0.7420, Train Accuracy: 0.9333
Training completed.
Seed:  9
GATv2(
  (convs): ModuleList(
    (0): GATv2Conv(500, 128, heads=1)
    (1): GATv2Conv(128, 128, heads=1)
    (2): GATv2Conv(128, 3, heads=1)
  )
  (batch_norm): LayerNorm((128,), eps=1e-05, elementwise_affine=True)
  (residual_fc): Linear(in_features=500, out_features=128, bias=True)
)
Epoch: 1, Loss: 1.1012, Train: 0.3333, Val: 0.4160, Test: 0.4070
Epoch: 2, Loss: 1.0977, Train: 0.3333, Val: 0.4180, Test: 0.4110
Epoch: 3, Loss: 1.0892, Train: 0.3833, Val: 0.4320, Test: 0.4190
Epoch: 4, Loss: 1.0879, Train: 0.5833, Val: 0.5200, Test: 0.4850
Epoch: 5, Loss: 1.0818, Train: 0.6333, Val: 0.5520, Test: 0.5130
Epoch: 6, Loss: 1.0827, Train: 0.7833, Val: 0.6100, Test: 0.5690
Epoch: 7, Loss: 1.0755, Train: 0.8833, Val: 0.7340, Test: 0.6900
Epoch: 8, Loss: 1.0729, Train: 0.8500, Val: 0.7420, Test: 0.6990
Epoch: 9, Loss: 1.0767, Train: 0.8333, Val: 0.7580, Test: 0.7110
Epoch: 10, Loss: 1.0634, Train: 0.8333, Val: 0.7540, Test: 0.7110
Epoch: 11, Loss: 1.0608, Train: 0.8667, Val: 0.7660, Test: 0.7110
Epoch: 12, Loss: 1.0545, Train: 0.8667, Val: 0.7580, Test: 0.7100
Epoch: 13, Loss: 1.0490, Train: 0.8667, Val: 0.7560, Test: 0.7090
Epoch: 14, Loss: 1.0415, Train: 0.8667, Val: 0.7520, Test: 0.7100
Epoch: 15, Loss: 1.0393, Train: 0.8500, Val: 0.7500, Test: 0.7150
Epoch: 16, Loss: 1.0369, Train: 0.8833, Val: 0.7460, Test: 0.7210
Epoch: 17, Loss: 1.0299, Train: 0.8833, Val: 0.7400, Test: 0.7240
Epoch: 18, Loss: 1.0208, Train: 0.8833, Val: 0.7360, Test: 0.7210
Epoch: 19, Loss: 1.0129, Train: 0.8833, Val: 0.7380, Test: 0.7230
Epoch: 20, Loss: 1.0060, Train: 0.8833, Val: 0.7380, Test: 0.7260
Epoch: 21, Loss: 1.0033, Train: 0.8833, Val: 0.7420, Test: 0.7260
Epoch: 22, Loss: 0.9952, Train: 0.8833, Val: 0.7420, Test: 0.7280
Epoch: 23, Loss: 0.9701, Train: 0.8833, Val: 0.7420, Test: 0.7270
Epoch: 24, Loss: 0.9654, Train: 0.9000, Val: 0.7440, Test: 0.7280
Epoch: 25, Loss: 0.9491, Train: 0.9000, Val: 0.7480, Test: 0.7250
Epoch: 26, Loss: 0.9402, Train: 0.9000, Val: 0.7460, Test: 0.7200
Epoch: 27, Loss: 0.9275, Train: 0.9000, Val: 0.7460, Test: 0.7100
Epoch: 28, Loss: 0.9179, Train: 0.9000, Val: 0.7460, Test: 0.7110
Epoch: 29, Loss: 0.9086, Train: 0.9000, Val: 0.7480, Test: 0.7090
Epoch: 30, Loss: 0.8883, Train: 0.8833, Val: 0.7480, Test: 0.7090
Epoch: 31, Loss: 0.8737, Train: 0.8667, Val: 0.7460, Test: 0.7080
Epoch: 32, Loss: 0.8703, Train: 0.8833, Val: 0.7420, Test: 0.7090
Epoch: 33, Loss: 0.8344, Train: 0.8833, Val: 0.7420, Test: 0.7070
Epoch: 34, Loss: 0.8304, Train: 0.8833, Val: 0.7460, Test: 0.7070
Epoch: 35, Loss: 0.8124, Train: 0.8833, Val: 0.7420, Test: 0.7030
Epoch: 36, Loss: 0.8077, Train: 0.8833, Val: 0.7420, Test: 0.7040
Epoch: 37, Loss: 0.7803, Train: 0.9000, Val: 0.7400, Test: 0.7040
Epoch: 38, Loss: 0.7604, Train: 0.9000, Val: 0.7400, Test: 0.7030
Epoch: 39, Loss: 0.7291, Train: 0.9000, Val: 0.7400, Test: 0.7080
Epoch: 40, Loss: 0.7150, Train: 0.9167, Val: 0.7420, Test: 0.7100
Epoch: 41, Loss: 0.6977, Train: 0.9167, Val: 0.7440, Test: 0.7080
Epoch: 42, Loss: 0.6887, Train: 0.9167, Val: 0.7440, Test: 0.7100
Epoch: 43, Loss: 0.6532, Train: 0.9167, Val: 0.7460, Test: 0.7090
Epoch: 44, Loss: 0.6380, Train: 0.9167, Val: 0.7460, Test: 0.7100
Epoch: 45, Loss: 0.6102, Train: 0.9333, Val: 0.7480, Test: 0.7100
Epoch: 46, Loss: 0.5818, Train: 0.9333, Val: 0.7500, Test: 0.7120
Epoch: 47, Loss: 0.5725, Train: 0.9333, Val: 0.7480, Test: 0.7160
Epoch: 48, Loss: 0.5390, Train: 0.9333, Val: 0.7520, Test: 0.7160
Epoch: 49, Loss: 0.5290, Train: 0.9333, Val: 0.7540, Test: 0.7160
Epoch: 50, Loss: 0.4939, Train: 0.9333, Val: 0.7520, Test: 0.7200
MAD:  0.574
Best Test Accuracy: 0.7280, Val Accuracy: 0.7420, Train Accuracy: 0.8833
Training completed.
Average Test Accuracy:  0.7188 ± 0.0075736384915046015
Average MAD:  0.77789 ± 0.20120445546756663
