Seed:  0
PMPGNN(
  (convs): ModuleList(
    (0): ParallelGNNBlock(
      (conv1): GATv2Conv(128, 128, heads=1)
      (conv2): GATv2Conv(128, 128, heads=1)
      (norm): LayerNorm((128,), eps=1e-05, elementwise_affine=True)
    )
    (1-5): 5 x ParallelGNNBlock(
      (conv1): GATv2Conv(256, 128, heads=1)
      (conv2): GATv2Conv(256, 128, heads=1)
      (norm): LayerNorm((128,), eps=1e-05, elementwise_affine=True)
    )
    (6): GATv2Conv(256, 256, heads=1)
  )
  (norm): LayerNorm((256,), eps=1e-05, elementwise_affine=True)
  (mlp): Sequential(
    (0): Linear(in_features=256, out_features=64, bias=True)
    (1): LeakyReLU(negative_slope=0.01)
    (2): Dropout(p=0.3, inplace=False)
    (3): Linear(in_features=64, out_features=3, bias=True)
  )
  (proj): Linear(in_features=500, out_features=128, bias=True)
)
Epoch: 1, Loss: 1.0835, Train: 0.3333, Val: 0.1960, Test: 0.1800
Epoch: 2, Loss: 1.1116, Train: 0.3333, Val: 0.1960, Test: 0.1800
Epoch: 3, Loss: 1.1587, Train: 0.4167, Val: 0.2500, Test: 0.2260
Epoch: 4, Loss: 1.1447, Train: 0.3500, Val: 0.3880, Test: 0.4160
Epoch: 5, Loss: 1.1271, Train: 0.3333, Val: 0.3880, Test: 0.4130
Epoch: 6, Loss: 1.0979, Train: 0.3333, Val: 0.3880, Test: 0.4130
Epoch: 7, Loss: 1.1794, Train: 0.3333, Val: 0.3880, Test: 0.4130
Epoch: 8, Loss: 1.1192, Train: 0.3333, Val: 0.3880, Test: 0.4130
Epoch: 9, Loss: 1.1860, Train: 0.3333, Val: 0.3880, Test: 0.4130
Epoch: 10, Loss: 1.1152, Train: 0.3333, Val: 0.3880, Test: 0.4130
Epoch: 11, Loss: 1.1205, Train: 0.3333, Val: 0.3880, Test: 0.4130
Epoch: 12, Loss: 1.1052, Train: 0.3333, Val: 0.3880, Test: 0.4140
Epoch: 13, Loss: 1.1399, Train: 0.3833, Val: 0.4060, Test: 0.4290
Epoch: 14, Loss: 1.1336, Train: 0.5833, Val: 0.5080, Test: 0.5050
Epoch: 15, Loss: 1.1286, Train: 0.4667, Val: 0.3460, Test: 0.3440
Epoch: 16, Loss: 1.0975, Train: 0.3500, Val: 0.1980, Test: 0.1800
Epoch: 17, Loss: 1.0875, Train: 0.3333, Val: 0.1960, Test: 0.1800
Epoch: 18, Loss: 1.0887, Train: 0.3333, Val: 0.1960, Test: 0.1800
Epoch: 19, Loss: 1.1097, Train: 0.3333, Val: 0.1960, Test: 0.1800
Epoch: 20, Loss: 1.0832, Train: 0.3333, Val: 0.1960, Test: 0.1800
Epoch: 21, Loss: 1.1089, Train: 0.3333, Val: 0.1960, Test: 0.1800
Epoch: 22, Loss: 1.1151, Train: 0.3333, Val: 0.1960, Test: 0.1800
Epoch: 23, Loss: 1.0773, Train: 0.3333, Val: 0.1960, Test: 0.1800
Epoch: 24, Loss: 1.0707, Train: 0.4167, Val: 0.2200, Test: 0.2080
Epoch: 25, Loss: 1.0982, Train: 0.4833, Val: 0.2720, Test: 0.2770
Epoch: 26, Loss: 1.0835, Train: 0.5000, Val: 0.3120, Test: 0.3050
Epoch: 27, Loss: 1.0797, Train: 0.5167, Val: 0.3460, Test: 0.3260
Epoch: 28, Loss: 1.1073, Train: 0.5167, Val: 0.3540, Test: 0.3350
Epoch: 29, Loss: 1.0619, Train: 0.5167, Val: 0.3600, Test: 0.3390
Epoch: 30, Loss: 1.1083, Train: 0.5000, Val: 0.3000, Test: 0.3020
Epoch: 31, Loss: 1.0538, Train: 0.5000, Val: 0.2940, Test: 0.2960
Epoch: 32, Loss: 1.1048, Train: 0.5167, Val: 0.3200, Test: 0.3140
Epoch: 33, Loss: 1.0551, Train: 0.5167, Val: 0.3180, Test: 0.3100
Epoch: 34, Loss: 1.0409, Train: 0.5167, Val: 0.2960, Test: 0.3010
Epoch: 35, Loss: 1.0528, Train: 0.5333, Val: 0.3660, Test: 0.3400
Epoch: 36, Loss: 1.0621, Train: 0.5500, Val: 0.4020, Test: 0.3650
Epoch: 37, Loss: 1.0842, Train: 0.6500, Val: 0.4600, Test: 0.4200
Epoch: 38, Loss: 1.0345, Train: 0.7667, Val: 0.6020, Test: 0.5930
Epoch: 39, Loss: 1.0212, Train: 0.8500, Val: 0.7060, Test: 0.6840
Epoch: 40, Loss: 0.9997, Train: 0.9167, Val: 0.7200, Test: 0.6980
Epoch: 41, Loss: 0.9591, Train: 0.9167, Val: 0.7180, Test: 0.7050
Epoch: 42, Loss: 0.9706, Train: 0.9333, Val: 0.7240, Test: 0.6910
Epoch: 43, Loss: 1.0066, Train: 0.9000, Val: 0.7100, Test: 0.6970
Epoch: 44, Loss: 0.9291, Train: 0.8833, Val: 0.6940, Test: 0.7000
Epoch: 45, Loss: 0.9125, Train: 0.8500, Val: 0.7000, Test: 0.6990
Epoch: 46, Loss: 0.9147, Train: 0.8833, Val: 0.7180, Test: 0.7080
Epoch: 47, Loss: 0.7921, Train: 0.9167, Val: 0.7380, Test: 0.7110
Epoch: 48, Loss: 0.7842, Train: 0.9333, Val: 0.7340, Test: 0.7080
Epoch: 49, Loss: 0.7062, Train: 0.9333, Val: 0.7340, Test: 0.7060
Epoch: 50, Loss: 0.6533, Train: 0.9167, Val: 0.7360, Test: 0.6990
Epoch: 51, Loss: 0.6578, Train: 0.9167, Val: 0.7400, Test: 0.7020
Epoch: 52, Loss: 0.5402, Train: 0.9333, Val: 0.7400, Test: 0.6970
Epoch: 53, Loss: 0.5535, Train: 0.9333, Val: 0.7720, Test: 0.7330
Epoch: 54, Loss: 0.4724, Train: 0.9333, Val: 0.7840, Test: 0.7500
Epoch: 55, Loss: 0.3961, Train: 0.9333, Val: 0.7840, Test: 0.7380
Epoch: 56, Loss: 0.4122, Train: 0.9333, Val: 0.7680, Test: 0.7480
Epoch: 57, Loss: 0.4110, Train: 0.9500, Val: 0.7780, Test: 0.7570
Epoch: 58, Loss: 0.3406, Train: 0.9667, Val: 0.7540, Test: 0.7340
Epoch: 59, Loss: 0.3206, Train: 0.9667, Val: 0.7520, Test: 0.7370
Epoch: 60, Loss: 0.2582, Train: 0.9667, Val: 0.7760, Test: 0.7580
Epoch: 61, Loss: 0.1695, Train: 0.9667, Val: 0.7920, Test: 0.7760
Epoch: 62, Loss: 0.1496, Train: 0.9833, Val: 0.7840, Test: 0.7620
Epoch: 63, Loss: 0.1583, Train: 1.0000, Val: 0.7900, Test: 0.7600
Epoch: 64, Loss: 0.1019, Train: 1.0000, Val: 0.7840, Test: 0.7650
Epoch: 65, Loss: 0.0986, Train: 0.9833, Val: 0.7820, Test: 0.7760
Epoch: 66, Loss: 0.0836, Train: 1.0000, Val: 0.7620, Test: 0.7360
Epoch: 67, Loss: 0.0644, Train: 0.9667, Val: 0.7360, Test: 0.7100
Epoch: 68, Loss: 0.1777, Train: 1.0000, Val: 0.7680, Test: 0.7630
Epoch: 69, Loss: 0.0546, Train: 0.9833, Val: 0.7960, Test: 0.7770
Epoch: 70, Loss: 0.0449, Train: 1.0000, Val: 0.7800, Test: 0.7600
Epoch: 71, Loss: 0.0195, Train: 1.0000, Val: 0.7600, Test: 0.7480
Epoch: 72, Loss: 0.1002, Train: 1.0000, Val: 0.7820, Test: 0.7640
Epoch: 73, Loss: 0.0233, Train: 1.0000, Val: 0.7780, Test: 0.7630
Epoch: 74, Loss: 0.0135, Train: 1.0000, Val: 0.7680, Test: 0.7430
Epoch: 75, Loss: 0.0267, Train: 1.0000, Val: 0.7440, Test: 0.7250
Epoch: 76, Loss: 0.0178, Train: 1.0000, Val: 0.7180, Test: 0.6930
Epoch: 77, Loss: 0.0316, Train: 1.0000, Val: 0.7400, Test: 0.7230
Epoch: 78, Loss: 0.0181, Train: 1.0000, Val: 0.7600, Test: 0.7400
Epoch: 79, Loss: 0.0131, Train: 1.0000, Val: 0.7660, Test: 0.7530
Epoch: 80, Loss: 0.0106, Train: 0.9833, Val: 0.7540, Test: 0.7410
Epoch: 81, Loss: 0.0406, Train: 1.0000, Val: 0.7800, Test: 0.7580
Epoch: 82, Loss: 0.0094, Train: 1.0000, Val: 0.7780, Test: 0.7670
Epoch: 83, Loss: 0.0062, Train: 1.0000, Val: 0.7840, Test: 0.7680
Epoch: 84, Loss: 0.0454, Train: 0.9833, Val: 0.7940, Test: 0.7750
Epoch: 85, Loss: 0.0434, Train: 1.0000, Val: 0.7840, Test: 0.7650
Epoch: 86, Loss: 0.0136, Train: 1.0000, Val: 0.7720, Test: 0.7510
Epoch: 87, Loss: 0.0061, Train: 0.9833, Val: 0.7360, Test: 0.7200
Epoch: 88, Loss: 0.0183, Train: 0.9833, Val: 0.7400, Test: 0.7280
Epoch: 89, Loss: 0.0038, Train: 0.9833, Val: 0.7460, Test: 0.7280
Epoch: 90, Loss: 0.0273, Train: 1.0000, Val: 0.7700, Test: 0.7520
Epoch: 91, Loss: 0.0027, Train: 1.0000, Val: 0.7720, Test: 0.7530
Epoch: 92, Loss: 0.0078, Train: 1.0000, Val: 0.7580, Test: 0.7450
Epoch: 93, Loss: 0.0116, Train: 0.9833, Val: 0.7380, Test: 0.7310
Epoch: 94, Loss: 0.1038, Train: 1.0000, Val: 0.7520, Test: 0.7480
Epoch: 95, Loss: 0.0378, Train: 1.0000, Val: 0.7700, Test: 0.7510
Epoch: 96, Loss: 0.0025, Train: 1.0000, Val: 0.7560, Test: 0.7420
Epoch: 97, Loss: 0.0030, Train: 0.9833, Val: 0.7460, Test: 0.7240
Epoch: 98, Loss: 0.0114, Train: 0.9500, Val: 0.7200, Test: 0.7010
Epoch: 99, Loss: 0.1506, Train: 0.9833, Val: 0.7380, Test: 0.7080
Epoch: 100, Loss: 0.0235, Train: 1.0000, Val: 0.7460, Test: 0.7250
MAD:  0.5151
Best Test Accuracy: 0.7770, Val Accuracy: 0.7960, Train Accuracy: 0.9833
Training completed.
Seed:  1
PMPGNN(
  (convs): ModuleList(
    (0): ParallelGNNBlock(
      (conv1): GATv2Conv(128, 128, heads=1)
      (conv2): GATv2Conv(128, 128, heads=1)
      (norm): LayerNorm((128,), eps=1e-05, elementwise_affine=True)
    )
    (1-5): 5 x ParallelGNNBlock(
      (conv1): GATv2Conv(256, 128, heads=1)
      (conv2): GATv2Conv(256, 128, heads=1)
      (norm): LayerNorm((128,), eps=1e-05, elementwise_affine=True)
    )
    (6): GATv2Conv(256, 256, heads=1)
  )
  (norm): LayerNorm((256,), eps=1e-05, elementwise_affine=True)
  (mlp): Sequential(
    (0): Linear(in_features=256, out_features=64, bias=True)
    (1): LeakyReLU(negative_slope=0.01)
    (2): Dropout(p=0.3, inplace=False)
    (3): Linear(in_features=64, out_features=3, bias=True)
  )
  (proj): Linear(in_features=500, out_features=128, bias=True)
)
Epoch: 1, Loss: 1.1676, Train: 0.3333, Val: 0.3880, Test: 0.4130
Epoch: 2, Loss: 1.1196, Train: 0.3667, Val: 0.3940, Test: 0.4170
Epoch: 3, Loss: 1.1237, Train: 0.4333, Val: 0.4440, Test: 0.4380
Epoch: 4, Loss: 1.0870, Train: 0.5833, Val: 0.5100, Test: 0.4880
Epoch: 5, Loss: 1.0957, Train: 0.6167, Val: 0.5320, Test: 0.5040
Epoch: 6, Loss: 1.1660, Train: 0.6167, Val: 0.5300, Test: 0.4940
Epoch: 7, Loss: 1.0846, Train: 0.4167, Val: 0.4480, Test: 0.4390
Epoch: 8, Loss: 1.1412, Train: 0.4167, Val: 0.4420, Test: 0.4360
Epoch: 9, Loss: 1.1027, Train: 0.4333, Val: 0.4420, Test: 0.4300
Epoch: 10, Loss: 1.1269, Train: 0.5667, Val: 0.5060, Test: 0.4920
Epoch: 11, Loss: 1.1306, Train: 0.6667, Val: 0.5420, Test: 0.5240
Epoch: 12, Loss: 1.0980, Train: 0.7667, Val: 0.6340, Test: 0.6110
Epoch: 13, Loss: 1.1211, Train: 0.5000, Val: 0.3780, Test: 0.3910
Epoch: 14, Loss: 1.0805, Train: 0.4333, Val: 0.2340, Test: 0.2420
Epoch: 15, Loss: 1.1004, Train: 0.3333, Val: 0.1980, Test: 0.1850
Epoch: 16, Loss: 1.0935, Train: 0.3667, Val: 0.2020, Test: 0.1880
Epoch: 17, Loss: 1.0511, Train: 0.3500, Val: 0.2000, Test: 0.1870
Epoch: 18, Loss: 1.1091, Train: 0.3500, Val: 0.1980, Test: 0.1820
Epoch: 19, Loss: 1.0714, Train: 0.3333, Val: 0.1960, Test: 0.1800
Epoch: 20, Loss: 1.0822, Train: 0.3333, Val: 0.1960, Test: 0.1810
Epoch: 21, Loss: 1.1071, Train: 0.4167, Val: 0.2100, Test: 0.1920
Epoch: 22, Loss: 1.0803, Train: 0.5000, Val: 0.3340, Test: 0.3130
Epoch: 23, Loss: 1.1022, Train: 0.7333, Val: 0.5260, Test: 0.5070
Epoch: 24, Loss: 1.0752, Train: 0.6667, Val: 0.5360, Test: 0.5150
Epoch: 25, Loss: 1.0393, Train: 0.6333, Val: 0.5500, Test: 0.5220
Epoch: 26, Loss: 1.0314, Train: 0.6333, Val: 0.5460, Test: 0.5200
Epoch: 27, Loss: 0.9980, Train: 0.6167, Val: 0.5280, Test: 0.5120
Epoch: 28, Loss: 1.0034, Train: 0.6000, Val: 0.5260, Test: 0.5080
Epoch: 29, Loss: 0.9820, Train: 0.6333, Val: 0.5340, Test: 0.5170
Epoch: 30, Loss: 1.0018, Train: 0.6667, Val: 0.5440, Test: 0.5330
Epoch: 31, Loss: 1.0154, Train: 0.6833, Val: 0.5620, Test: 0.5460
Epoch: 32, Loss: 0.9623, Train: 0.7167, Val: 0.5980, Test: 0.5600
Epoch: 33, Loss: 0.8996, Train: 0.7667, Val: 0.6100, Test: 0.5710
Epoch: 34, Loss: 0.8481, Train: 0.7500, Val: 0.6040, Test: 0.5640
Epoch: 35, Loss: 0.8841, Train: 0.7500, Val: 0.6060, Test: 0.5620
Epoch: 36, Loss: 0.8278, Train: 0.7333, Val: 0.5940, Test: 0.5510
Epoch: 37, Loss: 0.7842, Train: 0.7167, Val: 0.5800, Test: 0.5410
Epoch: 38, Loss: 0.6980, Train: 0.6833, Val: 0.5620, Test: 0.5350
Epoch: 39, Loss: 0.7320, Train: 0.6833, Val: 0.5820, Test: 0.5400
Epoch: 40, Loss: 0.6922, Train: 0.7333, Val: 0.5980, Test: 0.5510
Epoch: 41, Loss: 0.6484, Train: 0.7333, Val: 0.6020, Test: 0.5530
Epoch: 42, Loss: 0.6705, Train: 0.7500, Val: 0.5860, Test: 0.5520
Epoch: 43, Loss: 0.6995, Train: 0.7333, Val: 0.5960, Test: 0.5470
Epoch: 44, Loss: 0.5920, Train: 0.6833, Val: 0.5720, Test: 0.5460
Epoch: 45, Loss: 0.5909, Train: 0.6833, Val: 0.5620, Test: 0.5470
Epoch: 46, Loss: 0.5543, Train: 0.7167, Val: 0.5960, Test: 0.5630
Epoch: 47, Loss: 0.5068, Train: 0.8833, Val: 0.6340, Test: 0.6280
Epoch: 48, Loss: 0.4766, Train: 0.9167, Val: 0.7120, Test: 0.6630
Epoch: 49, Loss: 0.5594, Train: 0.9667, Val: 0.7340, Test: 0.6960
Epoch: 50, Loss: 0.4900, Train: 0.9667, Val: 0.7400, Test: 0.7090
Epoch: 51, Loss: 0.3908, Train: 0.9833, Val: 0.7540, Test: 0.7120
Epoch: 52, Loss: 0.3960, Train: 0.9500, Val: 0.7620, Test: 0.7140
Epoch: 53, Loss: 0.3352, Train: 0.9667, Val: 0.7600, Test: 0.7090
Epoch: 54, Loss: 0.3060, Train: 0.9667, Val: 0.7520, Test: 0.7030
Epoch: 55, Loss: 0.3361, Train: 0.9500, Val: 0.7400, Test: 0.6990
Epoch: 56, Loss: 0.2747, Train: 0.9833, Val: 0.7400, Test: 0.7000
Epoch: 57, Loss: 0.2390, Train: 0.9833, Val: 0.7440, Test: 0.7160
Epoch: 58, Loss: 0.2216, Train: 0.9833, Val: 0.7520, Test: 0.7260
Epoch: 59, Loss: 0.1361, Train: 1.0000, Val: 0.7580, Test: 0.7290
Epoch: 60, Loss: 0.1418, Train: 1.0000, Val: 0.7520, Test: 0.7380
Epoch: 61, Loss: 0.1334, Train: 1.0000, Val: 0.7620, Test: 0.7490
Epoch: 62, Loss: 0.0890, Train: 1.0000, Val: 0.7680, Test: 0.7500
Epoch: 63, Loss: 0.0943, Train: 1.0000, Val: 0.7600, Test: 0.7430
Epoch: 64, Loss: 0.0702, Train: 1.0000, Val: 0.7520, Test: 0.7170
Epoch: 65, Loss: 0.0619, Train: 1.0000, Val: 0.7580, Test: 0.7230
Epoch: 66, Loss: 0.0726, Train: 1.0000, Val: 0.7660, Test: 0.7500
Epoch: 67, Loss: 0.0368, Train: 1.0000, Val: 0.7640, Test: 0.7550
Epoch: 68, Loss: 0.0491, Train: 1.0000, Val: 0.7700, Test: 0.7610
Epoch: 69, Loss: 0.0275, Train: 1.0000, Val: 0.7700, Test: 0.7640
Epoch: 70, Loss: 0.0385, Train: 1.0000, Val: 0.7720, Test: 0.7630
Epoch: 71, Loss: 0.0218, Train: 1.0000, Val: 0.7780, Test: 0.7630
Epoch: 72, Loss: 0.0259, Train: 1.0000, Val: 0.7740, Test: 0.7600
Epoch: 73, Loss: 0.0110, Train: 1.0000, Val: 0.7780, Test: 0.7610
Epoch: 74, Loss: 0.0130, Train: 1.0000, Val: 0.7700, Test: 0.7690
Epoch: 75, Loss: 0.0111, Train: 1.0000, Val: 0.7740, Test: 0.7580
Epoch: 76, Loss: 0.0303, Train: 1.0000, Val: 0.7840, Test: 0.7580
Epoch: 77, Loss: 0.0080, Train: 1.0000, Val: 0.7780, Test: 0.7620
Epoch: 78, Loss: 0.0238, Train: 1.0000, Val: 0.7700, Test: 0.7530
Epoch: 79, Loss: 0.0130, Train: 0.9833, Val: 0.7520, Test: 0.7450
Epoch: 80, Loss: 0.1679, Train: 1.0000, Val: 0.7760, Test: 0.7640
Epoch: 81, Loss: 0.0058, Train: 1.0000, Val: 0.7540, Test: 0.7280
Epoch: 82, Loss: 0.0495, Train: 1.0000, Val: 0.7200, Test: 0.7000
Epoch: 83, Loss: 0.0120, Train: 0.9667, Val: 0.6540, Test: 0.6380
Epoch: 84, Loss: 0.0858, Train: 1.0000, Val: 0.7480, Test: 0.7270
Epoch: 85, Loss: 0.0101, Train: 1.0000, Val: 0.7620, Test: 0.7370
Epoch: 86, Loss: 0.0581, Train: 1.0000, Val: 0.7640, Test: 0.7460
Epoch: 87, Loss: 0.0088, Train: 1.0000, Val: 0.7720, Test: 0.7520
Epoch: 88, Loss: 0.0618, Train: 1.0000, Val: 0.7680, Test: 0.7580
Epoch: 89, Loss: 0.0056, Train: 1.0000, Val: 0.7700, Test: 0.7580
Epoch: 90, Loss: 0.1453, Train: 1.0000, Val: 0.7540, Test: 0.7590
Epoch: 91, Loss: 0.0043, Train: 1.0000, Val: 0.7660, Test: 0.7500
Epoch: 92, Loss: 0.0057, Train: 1.0000, Val: 0.7500, Test: 0.7430
Epoch: 93, Loss: 0.0137, Train: 1.0000, Val: 0.7360, Test: 0.7180
Epoch: 94, Loss: 0.0146, Train: 0.9833, Val: 0.7300, Test: 0.7130
Epoch: 95, Loss: 0.0360, Train: 1.0000, Val: 0.7460, Test: 0.7380
Epoch: 96, Loss: 0.0067, Train: 1.0000, Val: 0.7600, Test: 0.7470
Epoch: 97, Loss: 0.0093, Train: 1.0000, Val: 0.7580, Test: 0.7550
Epoch: 98, Loss: 0.0740, Train: 1.0000, Val: 0.7680, Test: 0.7650
Epoch: 99, Loss: 0.0194, Train: 1.0000, Val: 0.7720, Test: 0.7610
Epoch: 100, Loss: 0.0116, Train: 1.0000, Val: 0.7620, Test: 0.7520
MAD:  0.5332
Best Test Accuracy: 0.7690, Val Accuracy: 0.7700, Train Accuracy: 1.0000
Training completed.
Seed:  2
PMPGNN(
  (convs): ModuleList(
    (0): ParallelGNNBlock(
      (conv1): GATv2Conv(128, 128, heads=1)
      (conv2): GATv2Conv(128, 128, heads=1)
      (norm): LayerNorm((128,), eps=1e-05, elementwise_affine=True)
    )
    (1-5): 5 x ParallelGNNBlock(
      (conv1): GATv2Conv(256, 128, heads=1)
      (conv2): GATv2Conv(256, 128, heads=1)
      (norm): LayerNorm((128,), eps=1e-05, elementwise_affine=True)
    )
    (6): GATv2Conv(256, 256, heads=1)
  )
  (norm): LayerNorm((256,), eps=1e-05, elementwise_affine=True)
  (mlp): Sequential(
    (0): Linear(in_features=256, out_features=64, bias=True)
    (1): LeakyReLU(negative_slope=0.01)
    (2): Dropout(p=0.3, inplace=False)
    (3): Linear(in_features=64, out_features=3, bias=True)
  )
  (proj): Linear(in_features=500, out_features=128, bias=True)
)
Epoch: 1, Loss: 1.1122, Train: 0.3333, Val: 0.4220, Test: 0.3990
Epoch: 2, Loss: 1.1593, Train: 0.4000, Val: 0.4500, Test: 0.4840
Epoch: 3, Loss: 1.1260, Train: 0.3333, Val: 0.2000, Test: 0.1800
Epoch: 4, Loss: 1.0833, Train: 0.3333, Val: 0.1980, Test: 0.1810
Epoch: 5, Loss: 1.1064, Train: 0.3333, Val: 0.1980, Test: 0.1810
Epoch: 6, Loss: 1.1554, Train: 0.3333, Val: 0.1980, Test: 0.1800
Epoch: 7, Loss: 1.0908, Train: 0.3333, Val: 0.2000, Test: 0.1800
Epoch: 8, Loss: 1.1051, Train: 0.3833, Val: 0.2100, Test: 0.1900
Epoch: 9, Loss: 1.1199, Train: 0.3333, Val: 0.2000, Test: 0.1800
Epoch: 10, Loss: 1.1073, Train: 0.3333, Val: 0.1960, Test: 0.1800
Epoch: 11, Loss: 1.1581, Train: 0.3333, Val: 0.1960, Test: 0.1800
Epoch: 12, Loss: 1.1373, Train: 0.3333, Val: 0.1960, Test: 0.1800
Epoch: 13, Loss: 1.1265, Train: 0.3333, Val: 0.1960, Test: 0.1800
Epoch: 14, Loss: 1.0848, Train: 0.3333, Val: 0.1960, Test: 0.1800
Epoch: 15, Loss: 1.0933, Train: 0.3333, Val: 0.1960, Test: 0.1800
Epoch: 16, Loss: 1.1233, Train: 0.3333, Val: 0.1960, Test: 0.1800
Epoch: 17, Loss: 1.0992, Train: 0.3333, Val: 0.1960, Test: 0.1800
Epoch: 18, Loss: 1.1420, Train: 0.3333, Val: 0.1960, Test: 0.1800
Epoch: 19, Loss: 1.1072, Train: 0.3333, Val: 0.1960, Test: 0.1800
Epoch: 20, Loss: 1.0773, Train: 0.3333, Val: 0.1960, Test: 0.1800
Epoch: 21, Loss: 1.0994, Train: 0.3333, Val: 0.1960, Test: 0.1800
Epoch: 22, Loss: 1.1049, Train: 0.3333, Val: 0.1960, Test: 0.1800
Epoch: 23, Loss: 1.0967, Train: 0.3333, Val: 0.1960, Test: 0.1800
Epoch: 24, Loss: 1.0791, Train: 0.4167, Val: 0.2300, Test: 0.2170
Epoch: 25, Loss: 1.0867, Train: 0.4667, Val: 0.3520, Test: 0.3210
Epoch: 26, Loss: 1.0985, Train: 0.5167, Val: 0.4260, Test: 0.4310
Epoch: 27, Loss: 1.1154, Train: 0.6167, Val: 0.5100, Test: 0.5110
Epoch: 28, Loss: 1.0621, Train: 0.6000, Val: 0.5320, Test: 0.5210
Epoch: 29, Loss: 1.0491, Train: 0.6167, Val: 0.5320, Test: 0.5290
Epoch: 30, Loss: 1.0847, Train: 0.6500, Val: 0.5740, Test: 0.5770
Epoch: 31, Loss: 1.0673, Train: 0.6833, Val: 0.6060, Test: 0.6130
Epoch: 32, Loss: 1.1006, Train: 0.7167, Val: 0.6180, Test: 0.6200
Epoch: 33, Loss: 1.1040, Train: 0.7167, Val: 0.6360, Test: 0.6230
Epoch: 34, Loss: 1.0693, Train: 0.7667, Val: 0.6440, Test: 0.6340
Epoch: 35, Loss: 1.0544, Train: 0.7667, Val: 0.6640, Test: 0.6520
Epoch: 36, Loss: 1.0549, Train: 0.8000, Val: 0.6720, Test: 0.6480
Epoch: 37, Loss: 1.0651, Train: 0.8000, Val: 0.6780, Test: 0.6630
Epoch: 38, Loss: 1.0130, Train: 0.8167, Val: 0.6980, Test: 0.6980
Epoch: 39, Loss: 1.0053, Train: 0.8667, Val: 0.7220, Test: 0.7070
Epoch: 40, Loss: 0.9833, Train: 0.8500, Val: 0.7220, Test: 0.7130
Epoch: 41, Loss: 0.9924, Train: 0.8500, Val: 0.7100, Test: 0.7120
Epoch: 42, Loss: 0.9408, Train: 0.8333, Val: 0.7160, Test: 0.7120
Epoch: 43, Loss: 0.8846, Train: 0.8500, Val: 0.7180, Test: 0.7180
Epoch: 44, Loss: 0.8781, Train: 0.8833, Val: 0.7280, Test: 0.7090
Epoch: 45, Loss: 0.8024, Train: 0.8500, Val: 0.7180, Test: 0.7080
Epoch: 46, Loss: 0.8184, Train: 0.8667, Val: 0.7480, Test: 0.7100
Epoch: 47, Loss: 0.7414, Train: 0.8667, Val: 0.7320, Test: 0.7310
Epoch: 48, Loss: 0.6708, Train: 0.8833, Val: 0.7380, Test: 0.7270
Epoch: 49, Loss: 0.6359, Train: 0.9167, Val: 0.7700, Test: 0.7430
Epoch: 50, Loss: 0.5464, Train: 0.9000, Val: 0.7480, Test: 0.7450
Epoch: 51, Loss: 0.4960, Train: 0.9000, Val: 0.7560, Test: 0.7470
Epoch: 52, Loss: 0.4979, Train: 0.9167, Val: 0.7620, Test: 0.7460
Epoch: 53, Loss: 0.4176, Train: 0.9500, Val: 0.7780, Test: 0.7470
Epoch: 54, Loss: 0.3637, Train: 0.9500, Val: 0.7720, Test: 0.7370
Epoch: 55, Loss: 0.3518, Train: 0.9500, Val: 0.7540, Test: 0.7210
Epoch: 56, Loss: 0.3011, Train: 0.9667, Val: 0.7460, Test: 0.7070
Epoch: 57, Loss: 0.2732, Train: 0.9667, Val: 0.7760, Test: 0.7510
Epoch: 58, Loss: 0.2481, Train: 0.9667, Val: 0.7960, Test: 0.7770
Epoch: 59, Loss: 0.2967, Train: 0.9667, Val: 0.7940, Test: 0.7700
Epoch: 60, Loss: 0.1844, Train: 0.9667, Val: 0.7960, Test: 0.7550
Epoch: 61, Loss: 0.1683, Train: 0.9667, Val: 0.7760, Test: 0.7520
Epoch: 62, Loss: 0.1614, Train: 0.9833, Val: 0.7940, Test: 0.7670
Epoch: 63, Loss: 0.1609, Train: 0.9833, Val: 0.7940, Test: 0.7820
Epoch: 64, Loss: 0.0820, Train: 0.9833, Val: 0.7780, Test: 0.7780
Epoch: 65, Loss: 0.0842, Train: 0.9833, Val: 0.7700, Test: 0.7700
Epoch: 66, Loss: 0.1618, Train: 0.9833, Val: 0.7920, Test: 0.7740
Epoch: 67, Loss: 0.0999, Train: 0.9833, Val: 0.7620, Test: 0.7420
Epoch: 68, Loss: 0.0503, Train: 1.0000, Val: 0.7340, Test: 0.7030
Epoch: 69, Loss: 0.0984, Train: 1.0000, Val: 0.7440, Test: 0.7260
Epoch: 70, Loss: 0.0498, Train: 0.9833, Val: 0.7840, Test: 0.7560
Epoch: 71, Loss: 0.0412, Train: 1.0000, Val: 0.7860, Test: 0.7670
Epoch: 72, Loss: 0.0396, Train: 0.9833, Val: 0.7920, Test: 0.7700
Epoch: 73, Loss: 0.0312, Train: 0.9833, Val: 0.7900, Test: 0.7670
Epoch: 74, Loss: 0.0692, Train: 1.0000, Val: 0.7960, Test: 0.7750
Epoch: 75, Loss: 0.0307, Train: 1.0000, Val: 0.7860, Test: 0.7700
Epoch: 76, Loss: 0.0108, Train: 1.0000, Val: 0.7800, Test: 0.7630
Epoch: 77, Loss: 0.0205, Train: 1.0000, Val: 0.7660, Test: 0.7460
Epoch: 78, Loss: 0.0369, Train: 1.0000, Val: 0.7480, Test: 0.7320
Epoch: 79, Loss: 0.0378, Train: 1.0000, Val: 0.7820, Test: 0.7680
Epoch: 80, Loss: 0.0201, Train: 1.0000, Val: 0.7660, Test: 0.7660
Epoch: 81, Loss: 0.0095, Train: 1.0000, Val: 0.7620, Test: 0.7450
Epoch: 82, Loss: 0.0153, Train: 1.0000, Val: 0.7480, Test: 0.7360
Epoch: 83, Loss: 0.0091, Train: 1.0000, Val: 0.7440, Test: 0.7260
Epoch: 84, Loss: 0.0110, Train: 1.0000, Val: 0.7420, Test: 0.7240
Epoch: 85, Loss: 0.0755, Train: 1.0000, Val: 0.7760, Test: 0.7530
Epoch: 86, Loss: 0.0057, Train: 0.9833, Val: 0.7800, Test: 0.7700
Epoch: 87, Loss: 0.0087, Train: 0.9833, Val: 0.7620, Test: 0.7490
Epoch: 88, Loss: 0.0207, Train: 1.0000, Val: 0.7540, Test: 0.7410
Epoch: 89, Loss: 0.0391, Train: 1.0000, Val: 0.7520, Test: 0.7390
Epoch: 90, Loss: 0.0142, Train: 0.9833, Val: 0.7420, Test: 0.7320
Epoch: 91, Loss: 0.0660, Train: 1.0000, Val: 0.7460, Test: 0.7420
Epoch: 92, Loss: 0.0478, Train: 1.0000, Val: 0.7620, Test: 0.7580
Epoch: 93, Loss: 0.0043, Train: 1.0000, Val: 0.7520, Test: 0.7530
Epoch: 94, Loss: 0.0582, Train: 1.0000, Val: 0.7520, Test: 0.7500
Epoch: 95, Loss: 0.0200, Train: 1.0000, Val: 0.7640, Test: 0.7600
Epoch: 96, Loss: 0.0046, Train: 1.0000, Val: 0.7640, Test: 0.7590
Epoch: 97, Loss: 0.0047, Train: 1.0000, Val: 0.7660, Test: 0.7590
Epoch: 98, Loss: 0.0048, Train: 1.0000, Val: 0.7700, Test: 0.7490
Epoch: 99, Loss: 0.0093, Train: 1.0000, Val: 0.7600, Test: 0.7610
Epoch: 100, Loss: 0.0032, Train: 1.0000, Val: 0.7660, Test: 0.7500
MAD:  0.4954
Best Test Accuracy: 0.7820, Val Accuracy: 0.7940, Train Accuracy: 0.9833
Training completed.
Seed:  3
PMPGNN(
  (convs): ModuleList(
    (0): ParallelGNNBlock(
      (conv1): GATv2Conv(128, 128, heads=1)
      (conv2): GATv2Conv(128, 128, heads=1)
      (norm): LayerNorm((128,), eps=1e-05, elementwise_affine=True)
    )
    (1-5): 5 x ParallelGNNBlock(
      (conv1): GATv2Conv(256, 128, heads=1)
      (conv2): GATv2Conv(256, 128, heads=1)
      (norm): LayerNorm((128,), eps=1e-05, elementwise_affine=True)
    )
    (6): GATv2Conv(256, 256, heads=1)
  )
  (norm): LayerNorm((256,), eps=1e-05, elementwise_affine=True)
  (mlp): Sequential(
    (0): Linear(in_features=256, out_features=64, bias=True)
    (1): LeakyReLU(negative_slope=0.01)
    (2): Dropout(p=0.3, inplace=False)
    (3): Linear(in_features=64, out_features=3, bias=True)
  )
  (proj): Linear(in_features=500, out_features=128, bias=True)
)
Epoch: 1, Loss: 1.1252, Train: 0.3333, Val: 0.3880, Test: 0.4130
Epoch: 2, Loss: 1.1054, Train: 0.3333, Val: 0.3880, Test: 0.4130
Epoch: 3, Loss: 1.1119, Train: 0.3333, Val: 0.3880, Test: 0.4130
Epoch: 4, Loss: 1.1335, Train: 0.3333, Val: 0.3880, Test: 0.4130
Epoch: 5, Loss: 1.1263, Train: 0.3333, Val: 0.3880, Test: 0.4140
Epoch: 6, Loss: 1.0924, Train: 0.3333, Val: 0.4180, Test: 0.4070
Epoch: 7, Loss: 1.1173, Train: 0.3333, Val: 0.4160, Test: 0.4070
Epoch: 8, Loss: 1.1346, Train: 0.3333, Val: 0.4160, Test: 0.4070
Epoch: 9, Loss: 1.1556, Train: 0.3333, Val: 0.4160, Test: 0.4070
Epoch: 10, Loss: 1.1157, Train: 0.3333, Val: 0.4160, Test: 0.4070
Epoch: 11, Loss: 1.0882, Train: 0.3333, Val: 0.4160, Test: 0.4070
Epoch: 12, Loss: 1.1371, Train: 0.3333, Val: 0.4160, Test: 0.4070
Epoch: 13, Loss: 1.1079, Train: 0.5000, Val: 0.4740, Test: 0.4600
Epoch: 14, Loss: 1.1132, Train: 0.6333, Val: 0.4440, Test: 0.4250
Epoch: 15, Loss: 1.1186, Train: 0.5333, Val: 0.3220, Test: 0.3290
Epoch: 16, Loss: 1.1245, Train: 0.4833, Val: 0.3020, Test: 0.2950
Epoch: 17, Loss: 1.0924, Train: 0.4167, Val: 0.2500, Test: 0.2460
Epoch: 18, Loss: 1.1122, Train: 0.5333, Val: 0.3460, Test: 0.3170
Epoch: 19, Loss: 1.1134, Train: 0.5167, Val: 0.3700, Test: 0.3330
Epoch: 20, Loss: 1.1041, Train: 0.4667, Val: 0.3300, Test: 0.3010
Epoch: 21, Loss: 1.1297, Train: 0.5000, Val: 0.3420, Test: 0.3250
Epoch: 22, Loss: 1.0847, Train: 0.5167, Val: 0.3620, Test: 0.3390
Epoch: 23, Loss: 1.0785, Train: 0.5500, Val: 0.3920, Test: 0.3630
Epoch: 24, Loss: 1.0994, Train: 0.6333, Val: 0.4280, Test: 0.4150
Epoch: 25, Loss: 1.0732, Train: 0.7333, Val: 0.5820, Test: 0.5460
Epoch: 26, Loss: 1.0665, Train: 0.8333, Val: 0.6260, Test: 0.6340
Epoch: 27, Loss: 1.0633, Train: 0.8167, Val: 0.6020, Test: 0.6160
Epoch: 28, Loss: 1.0932, Train: 0.7333, Val: 0.5700, Test: 0.5880
Epoch: 29, Loss: 1.0977, Train: 0.6667, Val: 0.5500, Test: 0.5520
Epoch: 30, Loss: 1.0689, Train: 0.6500, Val: 0.5460, Test: 0.5510
Epoch: 31, Loss: 1.0787, Train: 0.6500, Val: 0.5440, Test: 0.5620
Epoch: 32, Loss: 1.0503, Train: 0.7000, Val: 0.5520, Test: 0.5710
Epoch: 33, Loss: 1.0175, Train: 0.7833, Val: 0.5840, Test: 0.5870
Epoch: 34, Loss: 0.9839, Train: 0.8000, Val: 0.6040, Test: 0.6070
Epoch: 35, Loss: 0.9953, Train: 0.8000, Val: 0.6140, Test: 0.6210
Epoch: 36, Loss: 0.9809, Train: 0.8000, Val: 0.6100, Test: 0.6140
Epoch: 37, Loss: 0.9460, Train: 0.8000, Val: 0.6040, Test: 0.5990
Epoch: 38, Loss: 0.8907, Train: 0.7667, Val: 0.5920, Test: 0.5600
Epoch: 39, Loss: 0.8935, Train: 0.7333, Val: 0.5760, Test: 0.5440
Epoch: 40, Loss: 0.8362, Train: 0.7167, Val: 0.5800, Test: 0.5440
Epoch: 41, Loss: 0.7758, Train: 0.7000, Val: 0.5560, Test: 0.5610
Epoch: 42, Loss: 0.7305, Train: 0.7333, Val: 0.5840, Test: 0.5480
Epoch: 43, Loss: 0.6933, Train: 0.7500, Val: 0.5700, Test: 0.5590
Epoch: 44, Loss: 0.7179, Train: 0.7167, Val: 0.5680, Test: 0.5600
Epoch: 45, Loss: 0.6671, Train: 0.7333, Val: 0.5800, Test: 0.5600
Epoch: 46, Loss: 0.6375, Train: 0.7667, Val: 0.5780, Test: 0.5840
Epoch: 47, Loss: 0.6628, Train: 0.7500, Val: 0.6060, Test: 0.5890
Epoch: 48, Loss: 0.5669, Train: 0.7500, Val: 0.6180, Test: 0.5850
Epoch: 49, Loss: 0.5930, Train: 0.8333, Val: 0.6560, Test: 0.6180
Epoch: 50, Loss: 0.5023, Train: 0.8833, Val: 0.6500, Test: 0.6270
Epoch: 51, Loss: 0.5555, Train: 0.9000, Val: 0.6720, Test: 0.6420
Epoch: 52, Loss: 0.5359, Train: 0.9000, Val: 0.7060, Test: 0.6590
Epoch: 53, Loss: 0.4857, Train: 0.9167, Val: 0.7140, Test: 0.6740
Epoch: 54, Loss: 0.4779, Train: 0.9167, Val: 0.7300, Test: 0.6610
Epoch: 55, Loss: 0.4262, Train: 0.9500, Val: 0.7040, Test: 0.6610
Epoch: 56, Loss: 0.4526, Train: 0.9667, Val: 0.7300, Test: 0.6730
Epoch: 57, Loss: 0.4395, Train: 0.9333, Val: 0.7440, Test: 0.6910
Epoch: 58, Loss: 0.4422, Train: 0.9333, Val: 0.7340, Test: 0.6920
Epoch: 59, Loss: 0.3252, Train: 0.9500, Val: 0.7320, Test: 0.6910
Epoch: 60, Loss: 0.3145, Train: 0.9500, Val: 0.7000, Test: 0.6770
Epoch: 61, Loss: 0.2673, Train: 0.9833, Val: 0.7160, Test: 0.6680
Epoch: 62, Loss: 0.2867, Train: 0.9333, Val: 0.6960, Test: 0.6510
Epoch: 63, Loss: 0.3348, Train: 0.9500, Val: 0.6920, Test: 0.6750
Epoch: 64, Loss: 0.2301, Train: 0.9500, Val: 0.7000, Test: 0.6790
Epoch: 65, Loss: 0.2386, Train: 0.9667, Val: 0.7460, Test: 0.7120
Epoch: 66, Loss: 0.2161, Train: 0.9667, Val: 0.7820, Test: 0.7570
Epoch: 67, Loss: 0.2050, Train: 0.9667, Val: 0.7700, Test: 0.7470
Epoch: 68, Loss: 0.2422, Train: 0.9667, Val: 0.7680, Test: 0.7450
Epoch: 69, Loss: 0.1589, Train: 0.9833, Val: 0.7580, Test: 0.7490
Epoch: 70, Loss: 0.1261, Train: 0.9833, Val: 0.7440, Test: 0.7230
Epoch: 71, Loss: 0.1252, Train: 0.9833, Val: 0.7300, Test: 0.7120
Epoch: 72, Loss: 0.1081, Train: 0.9833, Val: 0.7240, Test: 0.7040
Epoch: 73, Loss: 0.1804, Train: 0.9667, Val: 0.7320, Test: 0.7170
Epoch: 74, Loss: 0.1516, Train: 0.9833, Val: 0.7600, Test: 0.7260
Epoch: 75, Loss: 0.0448, Train: 1.0000, Val: 0.7680, Test: 0.7510
Epoch: 76, Loss: 0.0772, Train: 1.0000, Val: 0.7800, Test: 0.7590
Epoch: 77, Loss: 0.0454, Train: 1.0000, Val: 0.7760, Test: 0.7500
Epoch: 78, Loss: 0.0445, Train: 1.0000, Val: 0.7700, Test: 0.7400
Epoch: 79, Loss: 0.0518, Train: 1.0000, Val: 0.7740, Test: 0.7490
Epoch: 80, Loss: 0.0457, Train: 1.0000, Val: 0.7720, Test: 0.7540
Epoch: 81, Loss: 0.0200, Train: 1.0000, Val: 0.7620, Test: 0.7340
Epoch: 82, Loss: 0.0362, Train: 1.0000, Val: 0.7560, Test: 0.7380
Epoch: 83, Loss: 0.0203, Train: 1.0000, Val: 0.7480, Test: 0.7280
Epoch: 84, Loss: 0.0393, Train: 1.0000, Val: 0.7700, Test: 0.7530
Epoch: 85, Loss: 0.0105, Train: 1.0000, Val: 0.7700, Test: 0.7510
Epoch: 86, Loss: 0.0161, Train: 1.0000, Val: 0.7700, Test: 0.7550
Epoch: 87, Loss: 0.0095, Train: 1.0000, Val: 0.7680, Test: 0.7630
Epoch: 88, Loss: 0.0522, Train: 1.0000, Val: 0.7680, Test: 0.7580
Epoch: 89, Loss: 0.0080, Train: 1.0000, Val: 0.7620, Test: 0.7520
Epoch: 90, Loss: 0.0180, Train: 1.0000, Val: 0.7640, Test: 0.7450
Epoch: 91, Loss: 0.0094, Train: 1.0000, Val: 0.7600, Test: 0.7430
Epoch: 92, Loss: 0.0103, Train: 1.0000, Val: 0.7560, Test: 0.7350
Epoch: 93, Loss: 0.0070, Train: 1.0000, Val: 0.7540, Test: 0.7270
Epoch: 94, Loss: 0.0102, Train: 1.0000, Val: 0.7360, Test: 0.7150
Epoch: 95, Loss: 0.0065, Train: 1.0000, Val: 0.7240, Test: 0.7020
Epoch: 96, Loss: 0.0093, Train: 1.0000, Val: 0.7160, Test: 0.6940
Epoch: 97, Loss: 0.0255, Train: 1.0000, Val: 0.7200, Test: 0.6970
Epoch: 98, Loss: 0.0257, Train: 1.0000, Val: 0.7500, Test: 0.7190
Epoch: 99, Loss: 0.0063, Train: 1.0000, Val: 0.7600, Test: 0.7370
Epoch: 100, Loss: 0.0073, Train: 1.0000, Val: 0.7640, Test: 0.7480
MAD:  0.4532
Best Test Accuracy: 0.7630, Val Accuracy: 0.7680, Train Accuracy: 1.0000
Training completed.
Seed:  4
PMPGNN(
  (convs): ModuleList(
    (0): ParallelGNNBlock(
      (conv1): GATv2Conv(128, 128, heads=1)
      (conv2): GATv2Conv(128, 128, heads=1)
      (norm): LayerNorm((128,), eps=1e-05, elementwise_affine=True)
    )
    (1-5): 5 x ParallelGNNBlock(
      (conv1): GATv2Conv(256, 128, heads=1)
      (conv2): GATv2Conv(256, 128, heads=1)
      (norm): LayerNorm((128,), eps=1e-05, elementwise_affine=True)
    )
    (6): GATv2Conv(256, 256, heads=1)
  )
  (norm): LayerNorm((256,), eps=1e-05, elementwise_affine=True)
  (mlp): Sequential(
    (0): Linear(in_features=256, out_features=64, bias=True)
    (1): LeakyReLU(negative_slope=0.01)
    (2): Dropout(p=0.3, inplace=False)
    (3): Linear(in_features=64, out_features=3, bias=True)
  )
  (proj): Linear(in_features=500, out_features=128, bias=True)
)
Epoch: 1, Loss: 1.1375, Train: 0.3333, Val: 0.3880, Test: 0.4130
Epoch: 2, Loss: 1.1190, Train: 0.3333, Val: 0.3880, Test: 0.4130
Epoch: 3, Loss: 1.1140, Train: 0.3333, Val: 0.3880, Test: 0.4130
Epoch: 4, Loss: 1.1196, Train: 0.3333, Val: 0.3880, Test: 0.4120
Epoch: 5, Loss: 1.0900, Train: 0.4333, Val: 0.4120, Test: 0.4360
Epoch: 6, Loss: 1.0909, Train: 0.4000, Val: 0.2360, Test: 0.2340
Epoch: 7, Loss: 1.0975, Train: 0.3500, Val: 0.4220, Test: 0.4110
Epoch: 8, Loss: 1.1273, Train: 0.3333, Val: 0.4160, Test: 0.4070
Epoch: 9, Loss: 1.0942, Train: 0.3333, Val: 0.4160, Test: 0.4070
Epoch: 10, Loss: 1.1276, Train: 0.3333, Val: 0.4160, Test: 0.4070
Epoch: 11, Loss: 1.0916, Train: 0.3333, Val: 0.4160, Test: 0.4070
Epoch: 12, Loss: 1.0883, Train: 0.3333, Val: 0.4160, Test: 0.4070
Epoch: 13, Loss: 1.1361, Train: 0.3333, Val: 0.4160, Test: 0.4070
Epoch: 14, Loss: 1.1309, Train: 0.3333, Val: 0.4160, Test: 0.4070
Epoch: 15, Loss: 1.0869, Train: 0.3333, Val: 0.4160, Test: 0.4070
Epoch: 16, Loss: 1.1237, Train: 0.3667, Val: 0.4360, Test: 0.4300
Epoch: 17, Loss: 1.1138, Train: 0.6000, Val: 0.4520, Test: 0.4150
Epoch: 18, Loss: 1.0616, Train: 0.6000, Val: 0.5060, Test: 0.4770
Epoch: 19, Loss: 1.1224, Train: 0.6167, Val: 0.5200, Test: 0.4900
Epoch: 20, Loss: 1.1245, Train: 0.8500, Val: 0.7000, Test: 0.6520
Epoch: 21, Loss: 1.1019, Train: 0.8167, Val: 0.6900, Test: 0.6970
Epoch: 22, Loss: 1.1381, Train: 0.5833, Val: 0.6020, Test: 0.6230
Epoch: 23, Loss: 1.1487, Train: 0.6500, Val: 0.6400, Test: 0.6290
Epoch: 24, Loss: 1.0670, Train: 0.6333, Val: 0.5880, Test: 0.5810
Epoch: 25, Loss: 1.1172, Train: 0.5667, Val: 0.5140, Test: 0.5140
Epoch: 26, Loss: 1.0656, Train: 0.5667, Val: 0.5240, Test: 0.5360
Epoch: 27, Loss: 1.1188, Train: 0.6333, Val: 0.5560, Test: 0.5690
Epoch: 28, Loss: 1.0989, Train: 0.6167, Val: 0.6020, Test: 0.5970
Epoch: 29, Loss: 1.0689, Train: 0.6333, Val: 0.6260, Test: 0.6320
Epoch: 30, Loss: 1.0951, Train: 0.6333, Val: 0.5980, Test: 0.5980
Epoch: 31, Loss: 1.1290, Train: 0.6333, Val: 0.6060, Test: 0.6080
Epoch: 32, Loss: 1.0764, Train: 0.6333, Val: 0.6160, Test: 0.6190
Epoch: 33, Loss: 1.0854, Train: 0.6667, Val: 0.6200, Test: 0.6200
Epoch: 34, Loss: 1.0430, Train: 0.7000, Val: 0.6220, Test: 0.6240
Epoch: 35, Loss: 1.0317, Train: 0.7167, Val: 0.6100, Test: 0.6010
Epoch: 36, Loss: 1.0696, Train: 0.7333, Val: 0.5820, Test: 0.6020
Epoch: 37, Loss: 1.0213, Train: 0.7333, Val: 0.6160, Test: 0.6260
Epoch: 38, Loss: 0.9989, Train: 0.7500, Val: 0.6580, Test: 0.6580
Epoch: 39, Loss: 1.0290, Train: 0.7667, Val: 0.6740, Test: 0.6860
Epoch: 40, Loss: 0.9741, Train: 0.7833, Val: 0.7000, Test: 0.6990
Epoch: 41, Loss: 0.9616, Train: 0.8833, Val: 0.7200, Test: 0.7100
Epoch: 42, Loss: 0.9347, Train: 0.9167, Val: 0.7320, Test: 0.7180
Epoch: 43, Loss: 0.9129, Train: 0.9000, Val: 0.7480, Test: 0.7190
Epoch: 44, Loss: 0.8441, Train: 0.9167, Val: 0.7500, Test: 0.7180
Epoch: 45, Loss: 0.8104, Train: 0.8833, Val: 0.7380, Test: 0.7240
Epoch: 46, Loss: 0.6955, Train: 0.8833, Val: 0.7200, Test: 0.6870
Epoch: 47, Loss: 0.6753, Train: 0.8833, Val: 0.7040, Test: 0.6790
Epoch: 48, Loss: 0.7043, Train: 0.9000, Val: 0.7280, Test: 0.6870
Epoch: 49, Loss: 0.6071, Train: 0.9000, Val: 0.7460, Test: 0.7090
Epoch: 50, Loss: 0.5790, Train: 0.9167, Val: 0.7540, Test: 0.7200
Epoch: 51, Loss: 0.5473, Train: 0.9167, Val: 0.7600, Test: 0.7310
Epoch: 52, Loss: 0.4623, Train: 0.9333, Val: 0.7620, Test: 0.7300
Epoch: 53, Loss: 0.4004, Train: 0.9500, Val: 0.7420, Test: 0.7110
Epoch: 54, Loss: 0.4000, Train: 0.9333, Val: 0.7280, Test: 0.7040
Epoch: 55, Loss: 0.3617, Train: 0.9667, Val: 0.7440, Test: 0.7100
Epoch: 56, Loss: 0.3713, Train: 0.9667, Val: 0.7600, Test: 0.7220
Epoch: 57, Loss: 0.2850, Train: 0.9667, Val: 0.7760, Test: 0.7390
Epoch: 58, Loss: 0.2401, Train: 0.9667, Val: 0.7860, Test: 0.7680
Epoch: 59, Loss: 0.1986, Train: 0.9833, Val: 0.7860, Test: 0.7590
Epoch: 60, Loss: 0.1774, Train: 0.9833, Val: 0.7660, Test: 0.7490
Epoch: 61, Loss: 0.2412, Train: 0.9833, Val: 0.7400, Test: 0.7280
Epoch: 62, Loss: 0.2155, Train: 0.9833, Val: 0.7680, Test: 0.7410
Epoch: 63, Loss: 0.1679, Train: 0.9833, Val: 0.7840, Test: 0.7660
Epoch: 64, Loss: 0.1241, Train: 0.9833, Val: 0.7840, Test: 0.7760
Epoch: 65, Loss: 0.1116, Train: 0.9833, Val: 0.7940, Test: 0.7770
Epoch: 66, Loss: 0.0529, Train: 1.0000, Val: 0.7880, Test: 0.7780
Epoch: 67, Loss: 0.1669, Train: 1.0000, Val: 0.7840, Test: 0.7630
Epoch: 68, Loss: 0.0480, Train: 1.0000, Val: 0.7620, Test: 0.7270
Epoch: 69, Loss: 0.0777, Train: 1.0000, Val: 0.7740, Test: 0.7520
Epoch: 70, Loss: 0.0499, Train: 1.0000, Val: 0.7760, Test: 0.7620
Epoch: 71, Loss: 0.0249, Train: 1.0000, Val: 0.7820, Test: 0.7740
Epoch: 72, Loss: 0.0260, Train: 1.0000, Val: 0.7900, Test: 0.7740
Epoch: 73, Loss: 0.0473, Train: 0.9833, Val: 0.7740, Test: 0.7570
Epoch: 74, Loss: 0.1182, Train: 1.0000, Val: 0.7680, Test: 0.7540
Epoch: 75, Loss: 0.0291, Train: 1.0000, Val: 0.7620, Test: 0.7580
Epoch: 76, Loss: 0.0455, Train: 1.0000, Val: 0.7600, Test: 0.7530
Epoch: 77, Loss: 0.0109, Train: 1.0000, Val: 0.7580, Test: 0.7400
Epoch: 78, Loss: 0.0160, Train: 1.0000, Val: 0.7440, Test: 0.7360
Epoch: 79, Loss: 0.1518, Train: 1.0000, Val: 0.7860, Test: 0.7640
Epoch: 80, Loss: 0.0090, Train: 1.0000, Val: 0.7700, Test: 0.7570
Epoch: 81, Loss: 0.0139, Train: 0.8833, Val: 0.7340, Test: 0.7360
Epoch: 82, Loss: 0.3618, Train: 1.0000, Val: 0.7840, Test: 0.7590
Epoch: 83, Loss: 0.0120, Train: 1.0000, Val: 0.7600, Test: 0.7420
Epoch: 84, Loss: 0.0323, Train: 0.9833, Val: 0.7220, Test: 0.6890
Epoch: 85, Loss: 0.0865, Train: 0.9667, Val: 0.6500, Test: 0.6300
Epoch: 86, Loss: 0.1375, Train: 1.0000, Val: 0.7060, Test: 0.6830
Epoch: 87, Loss: 0.0669, Train: 1.0000, Val: 0.7560, Test: 0.7380
Epoch: 88, Loss: 0.0082, Train: 1.0000, Val: 0.7780, Test: 0.7580
Epoch: 89, Loss: 0.0103, Train: 1.0000, Val: 0.7820, Test: 0.7720
Epoch: 90, Loss: 0.0091, Train: 0.9833, Val: 0.7760, Test: 0.7590
Epoch: 91, Loss: 0.0223, Train: 0.9833, Val: 0.7700, Test: 0.7560
Epoch: 92, Loss: 0.0499, Train: 0.9833, Val: 0.7700, Test: 0.7560
Epoch: 93, Loss: 0.0699, Train: 1.0000, Val: 0.7760, Test: 0.7650
Epoch: 94, Loss: 0.0690, Train: 1.0000, Val: 0.7860, Test: 0.7770
Epoch: 95, Loss: 0.0610, Train: 1.0000, Val: 0.7760, Test: 0.7650
Epoch: 96, Loss: 0.0139, Train: 1.0000, Val: 0.7660, Test: 0.7520
Epoch: 97, Loss: 0.0056, Train: 1.0000, Val: 0.7520, Test: 0.7450
Epoch: 98, Loss: 0.0119, Train: 0.9833, Val: 0.7520, Test: 0.7270
Epoch: 99, Loss: 0.1798, Train: 1.0000, Val: 0.7520, Test: 0.7420
Epoch: 100, Loss: 0.0094, Train: 1.0000, Val: 0.7740, Test: 0.7560
MAD:  0.5268
Best Test Accuracy: 0.7780, Val Accuracy: 0.7880, Train Accuracy: 1.0000
Training completed.
Seed:  5
PMPGNN(
  (convs): ModuleList(
    (0): ParallelGNNBlock(
      (conv1): GATv2Conv(128, 128, heads=1)
      (conv2): GATv2Conv(128, 128, heads=1)
      (norm): LayerNorm((128,), eps=1e-05, elementwise_affine=True)
    )
    (1-5): 5 x ParallelGNNBlock(
      (conv1): GATv2Conv(256, 128, heads=1)
      (conv2): GATv2Conv(256, 128, heads=1)
      (norm): LayerNorm((128,), eps=1e-05, elementwise_affine=True)
    )
    (6): GATv2Conv(256, 256, heads=1)
  )
  (norm): LayerNorm((256,), eps=1e-05, elementwise_affine=True)
  (mlp): Sequential(
    (0): Linear(in_features=256, out_features=64, bias=True)
    (1): LeakyReLU(negative_slope=0.01)
    (2): Dropout(p=0.3, inplace=False)
    (3): Linear(in_features=64, out_features=3, bias=True)
  )
  (proj): Linear(in_features=500, out_features=128, bias=True)
)
Epoch: 1, Loss: 1.1404, Train: 0.3833, Val: 0.2160, Test: 0.1880
Epoch: 2, Loss: 1.1375, Train: 0.3833, Val: 0.3140, Test: 0.3390
Epoch: 3, Loss: 1.1011, Train: 0.4333, Val: 0.3920, Test: 0.3940
Epoch: 4, Loss: 1.0858, Train: 0.3333, Val: 0.4160, Test: 0.4060
Epoch: 5, Loss: 1.1314, Train: 0.3333, Val: 0.4160, Test: 0.4070
Epoch: 6, Loss: 1.0887, Train: 0.3333, Val: 0.4160, Test: 0.4070
Epoch: 7, Loss: 1.1247, Train: 0.3333, Val: 0.4160, Test: 0.4070
Epoch: 8, Loss: 1.1136, Train: 0.3333, Val: 0.4160, Test: 0.4070
Epoch: 9, Loss: 1.1169, Train: 0.3333, Val: 0.4160, Test: 0.4070
Epoch: 10, Loss: 1.1185, Train: 0.3500, Val: 0.4180, Test: 0.4070
Epoch: 11, Loss: 1.0895, Train: 0.3500, Val: 0.4160, Test: 0.4070
Epoch: 12, Loss: 1.1243, Train: 0.3833, Val: 0.4200, Test: 0.4120
Epoch: 13, Loss: 1.1097, Train: 0.3667, Val: 0.4160, Test: 0.4100
Epoch: 14, Loss: 1.0964, Train: 0.3500, Val: 0.4160, Test: 0.4070
Epoch: 15, Loss: 1.1182, Train: 0.3667, Val: 0.4200, Test: 0.4080
Epoch: 16, Loss: 1.0856, Train: 0.4333, Val: 0.4380, Test: 0.4270
Epoch: 17, Loss: 1.1166, Train: 0.5167, Val: 0.5080, Test: 0.4940
Epoch: 18, Loss: 1.0986, Train: 0.4667, Val: 0.4380, Test: 0.4400
Epoch: 19, Loss: 1.1348, Train: 0.3667, Val: 0.4280, Test: 0.4170
Epoch: 20, Loss: 1.1141, Train: 0.4000, Val: 0.4220, Test: 0.4120
Epoch: 21, Loss: 1.1232, Train: 0.4333, Val: 0.4260, Test: 0.4200
Epoch: 22, Loss: 1.1041, Train: 0.4500, Val: 0.4380, Test: 0.4290
Epoch: 23, Loss: 1.1029, Train: 0.4667, Val: 0.4820, Test: 0.4680
Epoch: 24, Loss: 1.0939, Train: 0.6167, Val: 0.5300, Test: 0.5120
Epoch: 25, Loss: 1.1245, Train: 0.6500, Val: 0.5520, Test: 0.5240
Epoch: 26, Loss: 1.0907, Train: 0.6500, Val: 0.5560, Test: 0.5250
Epoch: 27, Loss: 1.1114, Train: 0.6500, Val: 0.5520, Test: 0.5110
Epoch: 28, Loss: 1.0831, Train: 0.6333, Val: 0.5120, Test: 0.4880
Epoch: 29, Loss: 1.0640, Train: 0.6333, Val: 0.5000, Test: 0.4750
Epoch: 30, Loss: 1.0609, Train: 0.6333, Val: 0.5000, Test: 0.4810
Epoch: 31, Loss: 1.0572, Train: 0.6500, Val: 0.5300, Test: 0.5020
Epoch: 32, Loss: 1.0521, Train: 0.6500, Val: 0.5380, Test: 0.5120
Epoch: 33, Loss: 1.0653, Train: 0.6500, Val: 0.5480, Test: 0.5160
Epoch: 34, Loss: 1.0142, Train: 0.6667, Val: 0.5520, Test: 0.5250
Epoch: 35, Loss: 1.0360, Train: 0.7167, Val: 0.5580, Test: 0.5430
Epoch: 36, Loss: 1.0302, Train: 0.8500, Val: 0.6560, Test: 0.6400
Epoch: 37, Loss: 0.9923, Train: 0.8833, Val: 0.7320, Test: 0.7070
Epoch: 38, Loss: 0.9711, Train: 0.9167, Val: 0.7420, Test: 0.7110
Epoch: 39, Loss: 0.9291, Train: 0.8833, Val: 0.7120, Test: 0.7180
Epoch: 40, Loss: 0.8985, Train: 0.8167, Val: 0.7220, Test: 0.7030
Epoch: 41, Loss: 0.8701, Train: 0.8167, Val: 0.7260, Test: 0.7000
Epoch: 42, Loss: 0.8274, Train: 0.8500, Val: 0.7260, Test: 0.7110
Epoch: 43, Loss: 0.7985, Train: 0.9167, Val: 0.7400, Test: 0.7160
Epoch: 44, Loss: 0.6972, Train: 0.9167, Val: 0.7560, Test: 0.7110
Epoch: 45, Loss: 0.7562, Train: 0.9500, Val: 0.7560, Test: 0.7100
Epoch: 46, Loss: 0.6746, Train: 0.9500, Val: 0.7600, Test: 0.7220
Epoch: 47, Loss: 0.6585, Train: 0.9333, Val: 0.7580, Test: 0.7290
Epoch: 48, Loss: 0.5975, Train: 0.9333, Val: 0.7440, Test: 0.7220
Epoch: 49, Loss: 0.5515, Train: 0.9333, Val: 0.7240, Test: 0.7210
Epoch: 50, Loss: 0.5199, Train: 0.9500, Val: 0.7180, Test: 0.7250
Epoch: 51, Loss: 0.5341, Train: 0.9333, Val: 0.7420, Test: 0.7350
Epoch: 52, Loss: 0.4983, Train: 0.9333, Val: 0.7480, Test: 0.7340
Epoch: 53, Loss: 0.4603, Train: 0.9333, Val: 0.7420, Test: 0.7290
Epoch: 54, Loss: 0.4270, Train: 0.9333, Val: 0.7280, Test: 0.7210
Epoch: 55, Loss: 0.3608, Train: 0.9333, Val: 0.7320, Test: 0.7180
Epoch: 56, Loss: 0.3688, Train: 0.9667, Val: 0.7700, Test: 0.7460
Epoch: 57, Loss: 0.3338, Train: 0.9667, Val: 0.7580, Test: 0.7300
Epoch: 58, Loss: 0.2968, Train: 0.9833, Val: 0.7720, Test: 0.7360
Epoch: 59, Loss: 0.2574, Train: 0.9667, Val: 0.8020, Test: 0.7660
Epoch: 60, Loss: 0.1890, Train: 0.9833, Val: 0.7780, Test: 0.7570
Epoch: 61, Loss: 0.1934, Train: 0.9833, Val: 0.7760, Test: 0.7570
Epoch: 62, Loss: 0.2009, Train: 0.9833, Val: 0.7860, Test: 0.7720
Epoch: 63, Loss: 0.1326, Train: 1.0000, Val: 0.7760, Test: 0.7750
Epoch: 64, Loss: 0.1171, Train: 1.0000, Val: 0.7720, Test: 0.7500
Epoch: 65, Loss: 0.1088, Train: 0.9833, Val: 0.7580, Test: 0.7280
Epoch: 66, Loss: 0.0598, Train: 0.9833, Val: 0.7620, Test: 0.7330
Epoch: 67, Loss: 0.0968, Train: 0.9833, Val: 0.7940, Test: 0.7580
Epoch: 68, Loss: 0.0525, Train: 1.0000, Val: 0.7840, Test: 0.7860
Epoch: 69, Loss: 0.0365, Train: 0.9833, Val: 0.7860, Test: 0.7690
Epoch: 70, Loss: 0.0996, Train: 1.0000, Val: 0.7840, Test: 0.7720
Epoch: 71, Loss: 0.0318, Train: 1.0000, Val: 0.7700, Test: 0.7700
Epoch: 72, Loss: 0.0253, Train: 1.0000, Val: 0.7780, Test: 0.7550
Epoch: 73, Loss: 0.0207, Train: 1.0000, Val: 0.7680, Test: 0.7490
Epoch: 74, Loss: 0.0383, Train: 1.0000, Val: 0.7800, Test: 0.7690
Epoch: 75, Loss: 0.0173, Train: 1.0000, Val: 0.7720, Test: 0.7750
Epoch: 76, Loss: 0.0118, Train: 1.0000, Val: 0.7720, Test: 0.7660
Epoch: 77, Loss: 0.0335, Train: 1.0000, Val: 0.7640, Test: 0.7630
Epoch: 78, Loss: 0.0279, Train: 1.0000, Val: 0.7760, Test: 0.7830
Epoch: 79, Loss: 0.0157, Train: 0.9833, Val: 0.7700, Test: 0.7590
Epoch: 80, Loss: 0.0101, Train: 0.9500, Val: 0.7400, Test: 0.7080
Epoch: 81, Loss: 0.1118, Train: 1.0000, Val: 0.7700, Test: 0.7580
Epoch: 82, Loss: 0.0178, Train: 1.0000, Val: 0.7720, Test: 0.7760
Epoch: 83, Loss: 0.0061, Train: 1.0000, Val: 0.7640, Test: 0.7530
Epoch: 84, Loss: 0.0051, Train: 0.9833, Val: 0.7520, Test: 0.7210
Epoch: 85, Loss: 0.1198, Train: 1.0000, Val: 0.7660, Test: 0.7440
Epoch: 86, Loss: 0.0074, Train: 1.0000, Val: 0.7740, Test: 0.7440
Epoch: 87, Loss: 0.1081, Train: 1.0000, Val: 0.7760, Test: 0.7790
Epoch: 88, Loss: 0.0149, Train: 0.9833, Val: 0.7680, Test: 0.7750
Epoch: 89, Loss: 0.0095, Train: 0.9667, Val: 0.7400, Test: 0.7310
Epoch: 90, Loss: 0.0932, Train: 0.9667, Val: 0.7440, Test: 0.7260
Epoch: 91, Loss: 0.0600, Train: 1.0000, Val: 0.7680, Test: 0.7760
Epoch: 92, Loss: 0.0099, Train: 1.0000, Val: 0.7700, Test: 0.7440
Epoch: 93, Loss: 0.0105, Train: 0.9667, Val: 0.7260, Test: 0.7160
Epoch: 94, Loss: 0.1027, Train: 0.9833, Val: 0.7240, Test: 0.7210
Epoch: 95, Loss: 0.1354, Train: 1.0000, Val: 0.7520, Test: 0.7380
Epoch: 96, Loss: 0.0302, Train: 1.0000, Val: 0.7700, Test: 0.7600
Epoch: 97, Loss: 0.0411, Train: 1.0000, Val: 0.7700, Test: 0.7730
Epoch: 98, Loss: 0.0107, Train: 0.9833, Val: 0.7580, Test: 0.7710
Epoch: 99, Loss: 0.0579, Train: 0.9833, Val: 0.7500, Test: 0.7400
Epoch: 100, Loss: 0.0664, Train: 0.9833, Val: 0.7440, Test: 0.7410
MAD:  0.5131
Best Test Accuracy: 0.7860, Val Accuracy: 0.7840, Train Accuracy: 1.0000
Training completed.
Seed:  6
PMPGNN(
  (convs): ModuleList(
    (0): ParallelGNNBlock(
      (conv1): GATv2Conv(128, 128, heads=1)
      (conv2): GATv2Conv(128, 128, heads=1)
      (norm): LayerNorm((128,), eps=1e-05, elementwise_affine=True)
    )
    (1-5): 5 x ParallelGNNBlock(
      (conv1): GATv2Conv(256, 128, heads=1)
      (conv2): GATv2Conv(256, 128, heads=1)
      (norm): LayerNorm((128,), eps=1e-05, elementwise_affine=True)
    )
    (6): GATv2Conv(256, 256, heads=1)
  )
  (norm): LayerNorm((256,), eps=1e-05, elementwise_affine=True)
  (mlp): Sequential(
    (0): Linear(in_features=256, out_features=64, bias=True)
    (1): LeakyReLU(negative_slope=0.01)
    (2): Dropout(p=0.3, inplace=False)
    (3): Linear(in_features=64, out_features=3, bias=True)
  )
  (proj): Linear(in_features=500, out_features=128, bias=True)
)
Epoch: 1, Loss: 1.1180, Train: 0.3333, Val: 0.4160, Test: 0.4070
Epoch: 2, Loss: 1.1139, Train: 0.3500, Val: 0.4160, Test: 0.4070
Epoch: 3, Loss: 1.1077, Train: 0.3333, Val: 0.3880, Test: 0.4130
Epoch: 4, Loss: 1.0875, Train: 0.3333, Val: 0.3880, Test: 0.4130
Epoch: 5, Loss: 1.1510, Train: 0.3333, Val: 0.3880, Test: 0.4130
Epoch: 6, Loss: 1.1119, Train: 0.3333, Val: 0.3880, Test: 0.4130
Epoch: 7, Loss: 1.0618, Train: 0.3333, Val: 0.3880, Test: 0.4130
Epoch: 8, Loss: 1.0608, Train: 0.3333, Val: 0.3880, Test: 0.4130
Epoch: 9, Loss: 1.0602, Train: 0.3333, Val: 0.3880, Test: 0.4130
Epoch: 10, Loss: 1.1039, Train: 0.3333, Val: 0.3880, Test: 0.4130
Epoch: 11, Loss: 1.0866, Train: 0.3333, Val: 0.3920, Test: 0.4170
Epoch: 12, Loss: 1.1094, Train: 0.5500, Val: 0.4960, Test: 0.4960
Epoch: 13, Loss: 1.1049, Train: 0.6333, Val: 0.5860, Test: 0.5570
Epoch: 14, Loss: 1.0804, Train: 0.7333, Val: 0.5700, Test: 0.5350
Epoch: 15, Loss: 1.1327, Train: 0.6500, Val: 0.5720, Test: 0.5360
Epoch: 16, Loss: 1.1347, Train: 0.6500, Val: 0.5620, Test: 0.5390
Epoch: 17, Loss: 1.0959, Train: 0.6500, Val: 0.5600, Test: 0.5470
Epoch: 18, Loss: 1.1019, Train: 0.7000, Val: 0.5780, Test: 0.5430
Epoch: 19, Loss: 1.1284, Train: 0.6667, Val: 0.5420, Test: 0.5190
Epoch: 20, Loss: 1.1018, Train: 0.5500, Val: 0.4180, Test: 0.4220
Epoch: 21, Loss: 1.0967, Train: 0.4833, Val: 0.3420, Test: 0.3240
Epoch: 22, Loss: 1.0907, Train: 0.4333, Val: 0.2860, Test: 0.2760
Epoch: 23, Loss: 1.0827, Train: 0.4667, Val: 0.3680, Test: 0.3620
Epoch: 24, Loss: 1.0718, Train: 0.5167, Val: 0.4420, Test: 0.4440
Epoch: 25, Loss: 1.0669, Train: 0.5333, Val: 0.4760, Test: 0.4700
Epoch: 26, Loss: 1.0669, Train: 0.6500, Val: 0.5460, Test: 0.5570
Epoch: 27, Loss: 1.0187, Train: 0.7167, Val: 0.5700, Test: 0.5720
Epoch: 28, Loss: 1.0003, Train: 0.7667, Val: 0.5960, Test: 0.5680
Epoch: 29, Loss: 0.9725, Train: 0.7500, Val: 0.5940, Test: 0.5530
Epoch: 30, Loss: 1.0125, Train: 0.7000, Val: 0.6120, Test: 0.5430
Epoch: 31, Loss: 0.9565, Train: 0.7000, Val: 0.5840, Test: 0.5400
Epoch: 32, Loss: 0.9389, Train: 0.6833, Val: 0.5800, Test: 0.5300
Epoch: 33, Loss: 0.8938, Train: 0.6833, Val: 0.5760, Test: 0.5290
Epoch: 34, Loss: 0.8488, Train: 0.6667, Val: 0.5760, Test: 0.5260
Epoch: 35, Loss: 0.7903, Train: 0.6667, Val: 0.5780, Test: 0.5210
Epoch: 36, Loss: 0.7667, Train: 0.7167, Val: 0.5840, Test: 0.5280
Epoch: 37, Loss: 0.7605, Train: 0.7167, Val: 0.5840, Test: 0.5310
Epoch: 38, Loss: 0.7830, Train: 0.7167, Val: 0.5620, Test: 0.5270
Epoch: 39, Loss: 0.7491, Train: 0.6833, Val: 0.5800, Test: 0.5310
Epoch: 40, Loss: 0.6673, Train: 0.6667, Val: 0.5860, Test: 0.5300
Epoch: 41, Loss: 0.6635, Train: 0.6500, Val: 0.5560, Test: 0.5220
Epoch: 42, Loss: 0.7050, Train: 0.6500, Val: 0.5540, Test: 0.5250
Epoch: 43, Loss: 0.6620, Train: 0.6500, Val: 0.5580, Test: 0.5240
Epoch: 44, Loss: 0.5945, Train: 0.6667, Val: 0.5700, Test: 0.5330
Epoch: 45, Loss: 0.6410, Train: 0.6667, Val: 0.5680, Test: 0.5320
Epoch: 46, Loss: 0.6276, Train: 0.6833, Val: 0.5800, Test: 0.5420
Epoch: 47, Loss: 0.5881, Train: 0.7667, Val: 0.6080, Test: 0.5850
Epoch: 48, Loss: 0.5529, Train: 0.8833, Val: 0.6420, Test: 0.6140
Epoch: 49, Loss: 0.5381, Train: 0.9000, Val: 0.6520, Test: 0.6240
Epoch: 50, Loss: 0.4976, Train: 0.9000, Val: 0.6640, Test: 0.6350
Epoch: 51, Loss: 0.5310, Train: 0.9167, Val: 0.6720, Test: 0.6320
Epoch: 52, Loss: 0.4946, Train: 0.9167, Val: 0.6580, Test: 0.6230
Epoch: 53, Loss: 0.4823, Train: 0.8833, Val: 0.6260, Test: 0.6320
Epoch: 54, Loss: 0.4697, Train: 0.8667, Val: 0.6280, Test: 0.6310
Epoch: 55, Loss: 0.4324, Train: 0.9000, Val: 0.6560, Test: 0.6210
Epoch: 56, Loss: 0.4378, Train: 0.9167, Val: 0.6660, Test: 0.6480
Epoch: 57, Loss: 0.4152, Train: 0.9333, Val: 0.6960, Test: 0.6720
Epoch: 58, Loss: 0.3299, Train: 0.9667, Val: 0.7380, Test: 0.6930
Epoch: 59, Loss: 0.2295, Train: 0.9833, Val: 0.7580, Test: 0.7060
Epoch: 60, Loss: 0.3083, Train: 0.9833, Val: 0.7500, Test: 0.7100
Epoch: 61, Loss: 0.1794, Train: 0.9833, Val: 0.7320, Test: 0.7000
Epoch: 62, Loss: 0.2105, Train: 1.0000, Val: 0.7180, Test: 0.6790
Epoch: 63, Loss: 0.2034, Train: 0.9667, Val: 0.6900, Test: 0.6730
Epoch: 64, Loss: 0.1914, Train: 0.9833, Val: 0.6960, Test: 0.6830
Epoch: 65, Loss: 0.1559, Train: 1.0000, Val: 0.7360, Test: 0.7090
Epoch: 66, Loss: 0.1360, Train: 1.0000, Val: 0.7480, Test: 0.7260
Epoch: 67, Loss: 0.1088, Train: 1.0000, Val: 0.7460, Test: 0.7240
Epoch: 68, Loss: 0.0998, Train: 0.9833, Val: 0.7440, Test: 0.7000
Epoch: 69, Loss: 0.1136, Train: 1.0000, Val: 0.7340, Test: 0.6980
Epoch: 70, Loss: 0.1047, Train: 1.0000, Val: 0.7420, Test: 0.7070
Epoch: 71, Loss: 0.0730, Train: 1.0000, Val: 0.7380, Test: 0.7050
Epoch: 72, Loss: 0.0737, Train: 1.0000, Val: 0.7380, Test: 0.7080
Epoch: 73, Loss: 0.0582, Train: 1.0000, Val: 0.7500, Test: 0.7270
Epoch: 74, Loss: 0.0552, Train: 1.0000, Val: 0.7340, Test: 0.7300
Epoch: 75, Loss: 0.0425, Train: 1.0000, Val: 0.7520, Test: 0.7320
Epoch: 76, Loss: 0.0209, Train: 1.0000, Val: 0.7520, Test: 0.7310
Epoch: 77, Loss: 0.0311, Train: 1.0000, Val: 0.7520, Test: 0.7300
Epoch: 78, Loss: 0.0367, Train: 1.0000, Val: 0.7420, Test: 0.7230
Epoch: 79, Loss: 0.0808, Train: 1.0000, Val: 0.7660, Test: 0.7620
Epoch: 80, Loss: 0.0237, Train: 0.9667, Val: 0.7400, Test: 0.7080
Epoch: 81, Loss: 0.0459, Train: 0.9167, Val: 0.6980, Test: 0.6680
Epoch: 82, Loss: 0.3164, Train: 0.9833, Val: 0.7540, Test: 0.7330
Epoch: 83, Loss: 0.0981, Train: 1.0000, Val: 0.7580, Test: 0.7480
Epoch: 84, Loss: 0.0134, Train: 0.9833, Val: 0.7120, Test: 0.7070
Epoch: 85, Loss: 0.1835, Train: 0.9000, Val: 0.6360, Test: 0.6540
Epoch: 86, Loss: 0.4904, Train: 0.9833, Val: 0.6780, Test: 0.6840
Epoch: 87, Loss: 0.3302, Train: 0.9833, Val: 0.7220, Test: 0.7060
Epoch: 88, Loss: 0.1907, Train: 0.9833, Val: 0.7580, Test: 0.7370
Epoch: 89, Loss: 0.1676, Train: 0.9667, Val: 0.7500, Test: 0.7370
Epoch: 90, Loss: 0.2492, Train: 0.9667, Val: 0.7500, Test: 0.7300
Epoch: 91, Loss: 0.0375, Train: 0.9500, Val: 0.7300, Test: 0.7140
Epoch: 92, Loss: 0.1515, Train: 0.9833, Val: 0.7520, Test: 0.7200
Epoch: 93, Loss: 0.1753, Train: 0.9833, Val: 0.7520, Test: 0.7270
Epoch: 94, Loss: 0.1524, Train: 0.9833, Val: 0.7640, Test: 0.7370
Epoch: 95, Loss: 0.0770, Train: 1.0000, Val: 0.7600, Test: 0.7570
Epoch: 96, Loss: 0.0169, Train: 1.0000, Val: 0.7620, Test: 0.7700
Epoch: 97, Loss: 0.0129, Train: 1.0000, Val: 0.7740, Test: 0.7610
Epoch: 98, Loss: 0.0112, Train: 1.0000, Val: 0.7600, Test: 0.7500
Epoch: 99, Loss: 0.0077, Train: 1.0000, Val: 0.7240, Test: 0.7160
Epoch: 100, Loss: 0.0235, Train: 1.0000, Val: 0.7040, Test: 0.6920
MAD:  0.5019
Best Test Accuracy: 0.7700, Val Accuracy: 0.7620, Train Accuracy: 1.0000
Training completed.
Seed:  7
PMPGNN(
  (convs): ModuleList(
    (0): ParallelGNNBlock(
      (conv1): GATv2Conv(128, 128, heads=1)
      (conv2): GATv2Conv(128, 128, heads=1)
      (norm): LayerNorm((128,), eps=1e-05, elementwise_affine=True)
    )
    (1-5): 5 x ParallelGNNBlock(
      (conv1): GATv2Conv(256, 128, heads=1)
      (conv2): GATv2Conv(256, 128, heads=1)
      (norm): LayerNorm((128,), eps=1e-05, elementwise_affine=True)
    )
    (6): GATv2Conv(256, 256, heads=1)
  )
  (norm): LayerNorm((256,), eps=1e-05, elementwise_affine=True)
  (mlp): Sequential(
    (0): Linear(in_features=256, out_features=64, bias=True)
    (1): LeakyReLU(negative_slope=0.01)
    (2): Dropout(p=0.3, inplace=False)
    (3): Linear(in_features=64, out_features=3, bias=True)
  )
  (proj): Linear(in_features=500, out_features=128, bias=True)
)
Epoch: 1, Loss: 1.1311, Train: 0.4500, Val: 0.4540, Test: 0.4460
Epoch: 2, Loss: 1.1219, Train: 0.3500, Val: 0.2240, Test: 0.2230
Epoch: 3, Loss: 1.1115, Train: 0.3333, Val: 0.1960, Test: 0.1800
Epoch: 4, Loss: 1.0567, Train: 0.3333, Val: 0.1960, Test: 0.1800
Epoch: 5, Loss: 1.1060, Train: 0.3333, Val: 0.1960, Test: 0.1800
Epoch: 6, Loss: 1.0947, Train: 0.3333, Val: 0.1960, Test: 0.1800
Epoch: 7, Loss: 1.1054, Train: 0.3333, Val: 0.1960, Test: 0.1800
Epoch: 8, Loss: 1.1190, Train: 0.3333, Val: 0.1960, Test: 0.1800
Epoch: 9, Loss: 1.0641, Train: 0.3333, Val: 0.1960, Test: 0.1800
Epoch: 10, Loss: 1.1195, Train: 0.3333, Val: 0.1960, Test: 0.1800
Epoch: 11, Loss: 1.0994, Train: 0.3333, Val: 0.1960, Test: 0.1800
Epoch: 12, Loss: 1.1030, Train: 0.3333, Val: 0.1960, Test: 0.1800
Epoch: 13, Loss: 1.0939, Train: 0.3333, Val: 0.1960, Test: 0.1800
Epoch: 14, Loss: 1.0788, Train: 0.3333, Val: 0.1960, Test: 0.1800
Epoch: 15, Loss: 1.0791, Train: 0.3333, Val: 0.1960, Test: 0.1800
Epoch: 16, Loss: 1.1352, Train: 0.3333, Val: 0.1960, Test: 0.1800
Epoch: 17, Loss: 1.1121, Train: 0.3333, Val: 0.1960, Test: 0.1800
Epoch: 18, Loss: 1.1543, Train: 0.3333, Val: 0.1960, Test: 0.1800
Epoch: 19, Loss: 1.1058, Train: 0.3333, Val: 0.1960, Test: 0.1800
Epoch: 20, Loss: 1.0979, Train: 0.3500, Val: 0.1960, Test: 0.1820
Epoch: 21, Loss: 1.0946, Train: 0.3833, Val: 0.2180, Test: 0.2100
Epoch: 22, Loss: 1.0978, Train: 0.4167, Val: 0.2800, Test: 0.2790
Epoch: 23, Loss: 1.1087, Train: 0.5000, Val: 0.3520, Test: 0.3390
Epoch: 24, Loss: 1.0682, Train: 0.5667, Val: 0.4080, Test: 0.3860
Epoch: 25, Loss: 1.0738, Train: 0.5667, Val: 0.4120, Test: 0.3940
Epoch: 26, Loss: 1.0463, Train: 0.5833, Val: 0.3920, Test: 0.3790
Epoch: 27, Loss: 1.0905, Train: 0.5333, Val: 0.3420, Test: 0.3380
Epoch: 28, Loss: 1.0593, Train: 0.4667, Val: 0.3280, Test: 0.3270
Epoch: 29, Loss: 1.1219, Train: 0.4500, Val: 0.3260, Test: 0.3230
Epoch: 30, Loss: 1.0744, Train: 0.4833, Val: 0.3420, Test: 0.3340
Epoch: 31, Loss: 1.0889, Train: 0.5000, Val: 0.3520, Test: 0.3420
Epoch: 32, Loss: 1.0569, Train: 0.5000, Val: 0.3620, Test: 0.3480
Epoch: 33, Loss: 1.0621, Train: 0.5667, Val: 0.3980, Test: 0.3640
Epoch: 34, Loss: 1.0473, Train: 0.5833, Val: 0.4280, Test: 0.4040
Epoch: 35, Loss: 1.0341, Train: 0.6167, Val: 0.4620, Test: 0.4390
Epoch: 36, Loss: 0.9983, Train: 0.6333, Val: 0.4920, Test: 0.4660
Epoch: 37, Loss: 1.0451, Train: 0.6333, Val: 0.5060, Test: 0.4900
Epoch: 38, Loss: 0.9951, Train: 0.6333, Val: 0.5200, Test: 0.5070
Epoch: 39, Loss: 0.9987, Train: 0.7000, Val: 0.5240, Test: 0.5200
Epoch: 40, Loss: 0.9648, Train: 0.7333, Val: 0.5460, Test: 0.5640
Epoch: 41, Loss: 0.9205, Train: 0.7500, Val: 0.5840, Test: 0.5920
Epoch: 42, Loss: 0.8973, Train: 0.7667, Val: 0.6000, Test: 0.5950
Epoch: 43, Loss: 0.8866, Train: 0.7833, Val: 0.6360, Test: 0.6050
Epoch: 44, Loss: 0.8389, Train: 0.8000, Val: 0.6300, Test: 0.6150
Epoch: 45, Loss: 0.7883, Train: 0.8500, Val: 0.6340, Test: 0.6310
Epoch: 46, Loss: 0.7065, Train: 0.8500, Val: 0.6380, Test: 0.6210
Epoch: 47, Loss: 0.7291, Train: 0.8333, Val: 0.6380, Test: 0.6010
Epoch: 48, Loss: 0.6657, Train: 0.8833, Val: 0.6480, Test: 0.6500
Epoch: 49, Loss: 0.6199, Train: 0.8333, Val: 0.6840, Test: 0.6470
Epoch: 50, Loss: 0.5135, Train: 0.8500, Val: 0.6940, Test: 0.6660
Epoch: 51, Loss: 0.5650, Train: 0.9167, Val: 0.7300, Test: 0.6710
Epoch: 52, Loss: 0.5443, Train: 0.9000, Val: 0.7220, Test: 0.6840
Epoch: 53, Loss: 0.4662, Train: 0.9333, Val: 0.7380, Test: 0.7030
Epoch: 54, Loss: 0.4971, Train: 0.9500, Val: 0.7460, Test: 0.7140
Epoch: 55, Loss: 0.3983, Train: 0.9500, Val: 0.7560, Test: 0.7260
Epoch: 56, Loss: 0.4029, Train: 0.9667, Val: 0.7740, Test: 0.7430
Epoch: 57, Loss: 0.3312, Train: 0.9667, Val: 0.7560, Test: 0.7280
Epoch: 58, Loss: 0.3113, Train: 0.9667, Val: 0.7480, Test: 0.7190
Epoch: 59, Loss: 0.3203, Train: 0.9667, Val: 0.7320, Test: 0.6970
Epoch: 60, Loss: 0.2604, Train: 0.9667, Val: 0.7440, Test: 0.7130
Epoch: 61, Loss: 0.2541, Train: 0.9667, Val: 0.7520, Test: 0.7340
Epoch: 62, Loss: 0.2430, Train: 0.9667, Val: 0.7860, Test: 0.7560
Epoch: 63, Loss: 0.2130, Train: 0.9667, Val: 0.7940, Test: 0.7720
Epoch: 64, Loss: 0.1791, Train: 0.9667, Val: 0.7860, Test: 0.7690
Epoch: 65, Loss: 0.1651, Train: 0.9833, Val: 0.7840, Test: 0.7640
Epoch: 66, Loss: 0.1239, Train: 0.9833, Val: 0.7560, Test: 0.7400
Epoch: 67, Loss: 0.1017, Train: 0.9833, Val: 0.7480, Test: 0.7360
Epoch: 68, Loss: 0.0782, Train: 1.0000, Val: 0.7500, Test: 0.7170
Epoch: 69, Loss: 0.1350, Train: 1.0000, Val: 0.7320, Test: 0.7080
Epoch: 70, Loss: 0.0822, Train: 1.0000, Val: 0.7580, Test: 0.7400
Epoch: 71, Loss: 0.0424, Train: 1.0000, Val: 0.7780, Test: 0.7610
Epoch: 72, Loss: 0.0482, Train: 1.0000, Val: 0.7740, Test: 0.7700
Epoch: 73, Loss: 0.0263, Train: 1.0000, Val: 0.7680, Test: 0.7650
Epoch: 74, Loss: 0.0521, Train: 0.9833, Val: 0.7760, Test: 0.7640
Epoch: 75, Loss: 0.0917, Train: 0.9833, Val: 0.7780, Test: 0.7740
Epoch: 76, Loss: 0.0501, Train: 0.9833, Val: 0.7560, Test: 0.7540
Epoch: 77, Loss: 0.0337, Train: 1.0000, Val: 0.7560, Test: 0.7520
Epoch: 78, Loss: 0.0904, Train: 0.9833, Val: 0.7320, Test: 0.7200
Epoch: 79, Loss: 0.0484, Train: 1.0000, Val: 0.7340, Test: 0.7250
Epoch: 80, Loss: 0.0662, Train: 1.0000, Val: 0.7640, Test: 0.7580
Epoch: 81, Loss: 0.0104, Train: 1.0000, Val: 0.7540, Test: 0.7660
Epoch: 82, Loss: 0.0059, Train: 1.0000, Val: 0.7380, Test: 0.7570
Epoch: 83, Loss: 0.0294, Train: 1.0000, Val: 0.7420, Test: 0.7580
Epoch: 84, Loss: 0.0426, Train: 1.0000, Val: 0.7520, Test: 0.7670
Epoch: 85, Loss: 0.0069, Train: 1.0000, Val: 0.7520, Test: 0.7520
Epoch: 86, Loss: 0.0063, Train: 1.0000, Val: 0.7320, Test: 0.7430
Epoch: 87, Loss: 0.0247, Train: 1.0000, Val: 0.7360, Test: 0.7220
Epoch: 88, Loss: 0.0234, Train: 1.0000, Val: 0.7440, Test: 0.7210
Epoch: 89, Loss: 0.0060, Train: 1.0000, Val: 0.7100, Test: 0.6840
Epoch: 90, Loss: 0.0056, Train: 0.9667, Val: 0.6680, Test: 0.6560
Epoch: 91, Loss: 0.0179, Train: 0.9667, Val: 0.6760, Test: 0.6580
Epoch: 92, Loss: 0.0145, Train: 1.0000, Val: 0.7060, Test: 0.6840
Epoch: 93, Loss: 0.0337, Train: 1.0000, Val: 0.7660, Test: 0.7350
Epoch: 94, Loss: 0.0036, Train: 1.0000, Val: 0.7460, Test: 0.7450
Epoch: 95, Loss: 0.0046, Train: 1.0000, Val: 0.7440, Test: 0.7240
Epoch: 96, Loss: 0.0059, Train: 0.9833, Val: 0.7260, Test: 0.7020
Epoch: 97, Loss: 0.0290, Train: 0.9833, Val: 0.7200, Test: 0.6940
Epoch: 98, Loss: 0.1086, Train: 1.0000, Val: 0.7540, Test: 0.7450
Epoch: 99, Loss: 0.0106, Train: 1.0000, Val: 0.7640, Test: 0.7650
Epoch: 100, Loss: 0.0050, Train: 1.0000, Val: 0.7560, Test: 0.7330
MAD:  0.5121
Best Test Accuracy: 0.7740, Val Accuracy: 0.7780, Train Accuracy: 0.9833
Training completed.
Seed:  8
PMPGNN(
  (convs): ModuleList(
    (0): ParallelGNNBlock(
      (conv1): GATv2Conv(128, 128, heads=1)
      (conv2): GATv2Conv(128, 128, heads=1)
      (norm): LayerNorm((128,), eps=1e-05, elementwise_affine=True)
    )
    (1-5): 5 x ParallelGNNBlock(
      (conv1): GATv2Conv(256, 128, heads=1)
      (conv2): GATv2Conv(256, 128, heads=1)
      (norm): LayerNorm((128,), eps=1e-05, elementwise_affine=True)
    )
    (6): GATv2Conv(256, 256, heads=1)
  )
  (norm): LayerNorm((256,), eps=1e-05, elementwise_affine=True)
  (mlp): Sequential(
    (0): Linear(in_features=256, out_features=64, bias=True)
    (1): LeakyReLU(negative_slope=0.01)
    (2): Dropout(p=0.3, inplace=False)
    (3): Linear(in_features=64, out_features=3, bias=True)
  )
  (proj): Linear(in_features=500, out_features=128, bias=True)
)
Epoch: 1, Loss: 1.1185, Train: 0.3333, Val: 0.1960, Test: 0.1810
Epoch: 2, Loss: 1.0906, Train: 0.3333, Val: 0.1960, Test: 0.1800
Epoch: 3, Loss: 1.0741, Train: 0.3333, Val: 0.1960, Test: 0.1810
Epoch: 4, Loss: 1.0939, Train: 0.3333, Val: 0.1960, Test: 0.1820
Epoch: 5, Loss: 1.1417, Train: 0.4333, Val: 0.2780, Test: 0.2850
Epoch: 6, Loss: 1.1131, Train: 0.5500, Val: 0.4180, Test: 0.4030
Epoch: 7, Loss: 1.0934, Train: 0.6000, Val: 0.5040, Test: 0.4830
Epoch: 8, Loss: 1.0542, Train: 0.3833, Val: 0.4220, Test: 0.4110
Epoch: 9, Loss: 1.0971, Train: 0.3333, Val: 0.4160, Test: 0.4070
Epoch: 10, Loss: 1.1240, Train: 0.3333, Val: 0.4160, Test: 0.4070
Epoch: 11, Loss: 1.1263, Train: 0.3833, Val: 0.4260, Test: 0.4140
Epoch: 12, Loss: 1.1227, Train: 0.5000, Val: 0.4600, Test: 0.4460
Epoch: 13, Loss: 1.1007, Train: 0.5500, Val: 0.4860, Test: 0.4760
Epoch: 14, Loss: 1.1411, Train: 0.6167, Val: 0.5300, Test: 0.5190
Epoch: 15, Loss: 1.1216, Train: 0.6167, Val: 0.5240, Test: 0.5100
Epoch: 16, Loss: 1.1061, Train: 0.6167, Val: 0.4880, Test: 0.4920
Epoch: 17, Loss: 1.0990, Train: 0.5833, Val: 0.4400, Test: 0.4070
Epoch: 18, Loss: 1.0704, Train: 0.5333, Val: 0.3980, Test: 0.3710
Epoch: 19, Loss: 1.0931, Train: 0.5333, Val: 0.3900, Test: 0.3630
Epoch: 20, Loss: 1.0824, Train: 0.5333, Val: 0.3980, Test: 0.3690
Epoch: 21, Loss: 1.1193, Train: 0.5833, Val: 0.4360, Test: 0.4180
Epoch: 22, Loss: 1.0279, Train: 0.6000, Val: 0.4900, Test: 0.4720
Epoch: 23, Loss: 1.0690, Train: 0.6333, Val: 0.5160, Test: 0.5030
Epoch: 24, Loss: 1.0556, Train: 0.6333, Val: 0.5200, Test: 0.5170
Epoch: 25, Loss: 1.0185, Train: 0.6333, Val: 0.5360, Test: 0.5230
Epoch: 26, Loss: 1.0002, Train: 0.6167, Val: 0.5360, Test: 0.5260
Epoch: 27, Loss: 1.0090, Train: 0.6333, Val: 0.5360, Test: 0.5220
Epoch: 28, Loss: 0.9495, Train: 0.6333, Val: 0.5380, Test: 0.5350
Epoch: 29, Loss: 0.9606, Train: 0.6333, Val: 0.5480, Test: 0.5340
Epoch: 30, Loss: 0.9532, Train: 0.6667, Val: 0.5520, Test: 0.5440
Epoch: 31, Loss: 0.9391, Train: 0.7333, Val: 0.5660, Test: 0.5400
Epoch: 32, Loss: 0.8934, Train: 0.7167, Val: 0.5620, Test: 0.5360
Epoch: 33, Loss: 0.8633, Train: 0.6833, Val: 0.5580, Test: 0.5310
Epoch: 34, Loss: 0.8108, Train: 0.6333, Val: 0.5480, Test: 0.5270
Epoch: 35, Loss: 0.8520, Train: 0.6167, Val: 0.5500, Test: 0.5330
Epoch: 36, Loss: 0.7282, Train: 0.6167, Val: 0.5500, Test: 0.5340
Epoch: 37, Loss: 0.6851, Train: 0.6333, Val: 0.5500, Test: 0.5320
Epoch: 38, Loss: 0.7378, Train: 0.7000, Val: 0.5620, Test: 0.5270
Epoch: 39, Loss: 0.6902, Train: 0.7500, Val: 0.5800, Test: 0.5400
Epoch: 40, Loss: 0.6146, Train: 0.7833, Val: 0.5820, Test: 0.5830
Epoch: 41, Loss: 0.6675, Train: 0.8333, Val: 0.6080, Test: 0.5780
Epoch: 42, Loss: 0.6060, Train: 0.7667, Val: 0.5980, Test: 0.5520
Epoch: 43, Loss: 0.5829, Train: 0.7500, Val: 0.6000, Test: 0.5560
Epoch: 44, Loss: 0.6059, Train: 0.7500, Val: 0.6040, Test: 0.5750
Epoch: 45, Loss: 0.5308, Train: 0.9333, Val: 0.6720, Test: 0.6410
Epoch: 46, Loss: 0.5395, Train: 0.9500, Val: 0.7220, Test: 0.6760
Epoch: 47, Loss: 0.4895, Train: 0.9500, Val: 0.7400, Test: 0.6930
Epoch: 48, Loss: 0.4819, Train: 0.9667, Val: 0.7460, Test: 0.6970
Epoch: 49, Loss: 0.4917, Train: 0.9500, Val: 0.7320, Test: 0.6780
Epoch: 50, Loss: 0.4490, Train: 0.9333, Val: 0.7200, Test: 0.6680
Epoch: 51, Loss: 0.3871, Train: 0.9500, Val: 0.7360, Test: 0.6900
Epoch: 52, Loss: 0.3660, Train: 0.9667, Val: 0.7500, Test: 0.7050
Epoch: 53, Loss: 0.3997, Train: 0.9500, Val: 0.7600, Test: 0.7230
Epoch: 54, Loss: 0.3106, Train: 0.9500, Val: 0.7680, Test: 0.7250
Epoch: 55, Loss: 0.2705, Train: 0.9667, Val: 0.7700, Test: 0.7280
Epoch: 56, Loss: 0.1906, Train: 0.9833, Val: 0.7560, Test: 0.7190
Epoch: 57, Loss: 0.1589, Train: 1.0000, Val: 0.7360, Test: 0.7000
Epoch: 58, Loss: 0.1984, Train: 0.9667, Val: 0.6960, Test: 0.6950
Epoch: 59, Loss: 0.1638, Train: 1.0000, Val: 0.7360, Test: 0.7080
Epoch: 60, Loss: 0.1322, Train: 0.9833, Val: 0.7520, Test: 0.7360
Epoch: 61, Loss: 0.1250, Train: 1.0000, Val: 0.7620, Test: 0.7420
Epoch: 62, Loss: 0.1534, Train: 0.9833, Val: 0.7560, Test: 0.7370
Epoch: 63, Loss: 0.1135, Train: 0.9833, Val: 0.7480, Test: 0.7220
Epoch: 64, Loss: 0.1194, Train: 0.9833, Val: 0.7520, Test: 0.7300
Epoch: 65, Loss: 0.0814, Train: 0.9833, Val: 0.7520, Test: 0.7340
Epoch: 66, Loss: 0.0510, Train: 1.0000, Val: 0.7620, Test: 0.7280
Epoch: 67, Loss: 0.1359, Train: 1.0000, Val: 0.7900, Test: 0.7580
Epoch: 68, Loss: 0.0488, Train: 0.9833, Val: 0.7840, Test: 0.7620
Epoch: 69, Loss: 0.0398, Train: 0.9833, Val: 0.7740, Test: 0.7640
Epoch: 70, Loss: 0.1018, Train: 1.0000, Val: 0.7760, Test: 0.7610
Epoch: 71, Loss: 0.0569, Train: 1.0000, Val: 0.7600, Test: 0.7490
Epoch: 72, Loss: 0.0206, Train: 1.0000, Val: 0.7380, Test: 0.7140
Epoch: 73, Loss: 0.0452, Train: 1.0000, Val: 0.7380, Test: 0.7090
Epoch: 74, Loss: 0.0327, Train: 1.0000, Val: 0.7480, Test: 0.7120
Epoch: 75, Loss: 0.0339, Train: 1.0000, Val: 0.7520, Test: 0.7310
Epoch: 76, Loss: 0.0373, Train: 1.0000, Val: 0.7720, Test: 0.7520
Epoch: 77, Loss: 0.0116, Train: 1.0000, Val: 0.7780, Test: 0.7620
Epoch: 78, Loss: 0.0138, Train: 1.0000, Val: 0.7680, Test: 0.7640
Epoch: 79, Loss: 0.0153, Train: 1.0000, Val: 0.7700, Test: 0.7630
Epoch: 80, Loss: 0.0154, Train: 1.0000, Val: 0.7680, Test: 0.7670
Epoch: 81, Loss: 0.0075, Train: 0.9833, Val: 0.7720, Test: 0.7640
Epoch: 82, Loss: 0.0173, Train: 1.0000, Val: 0.7720, Test: 0.7610
Epoch: 83, Loss: 0.0053, Train: 1.0000, Val: 0.7820, Test: 0.7570
Epoch: 84, Loss: 0.0161, Train: 1.0000, Val: 0.7820, Test: 0.7580
Epoch: 85, Loss: 0.0047, Train: 1.0000, Val: 0.7780, Test: 0.7580
Epoch: 86, Loss: 0.0076, Train: 1.0000, Val: 0.7760, Test: 0.7620
Epoch: 87, Loss: 0.0050, Train: 1.0000, Val: 0.7760, Test: 0.7570
Epoch: 88, Loss: 0.0093, Train: 1.0000, Val: 0.7680, Test: 0.7610
Epoch: 89, Loss: 0.0112, Train: 1.0000, Val: 0.7560, Test: 0.7620
Epoch: 90, Loss: 0.0047, Train: 1.0000, Val: 0.7620, Test: 0.7640
Epoch: 91, Loss: 0.0040, Train: 1.0000, Val: 0.7740, Test: 0.7620
Epoch: 92, Loss: 0.0036, Train: 1.0000, Val: 0.7640, Test: 0.7620
Epoch: 93, Loss: 0.0044, Train: 1.0000, Val: 0.7660, Test: 0.7530
Epoch: 94, Loss: 0.0039, Train: 1.0000, Val: 0.7660, Test: 0.7470
Epoch: 95, Loss: 0.0058, Train: 1.0000, Val: 0.7680, Test: 0.7370
Epoch: 96, Loss: 0.0035, Train: 1.0000, Val: 0.7680, Test: 0.7410
Epoch: 97, Loss: 0.0063, Train: 1.0000, Val: 0.7680, Test: 0.7430
Epoch: 98, Loss: 0.0073, Train: 1.0000, Val: 0.7720, Test: 0.7450
Epoch: 99, Loss: 0.0037, Train: 1.0000, Val: 0.7700, Test: 0.7560
Epoch: 100, Loss: 0.0033, Train: 1.0000, Val: 0.7700, Test: 0.7600
MAD:  0.5115
Best Test Accuracy: 0.7670, Val Accuracy: 0.7680, Train Accuracy: 1.0000
Training completed.
Seed:  9
PMPGNN(
  (convs): ModuleList(
    (0): ParallelGNNBlock(
      (conv1): GATv2Conv(128, 128, heads=1)
      (conv2): GATv2Conv(128, 128, heads=1)
      (norm): LayerNorm((128,), eps=1e-05, elementwise_affine=True)
    )
    (1-5): 5 x ParallelGNNBlock(
      (conv1): GATv2Conv(256, 128, heads=1)
      (conv2): GATv2Conv(256, 128, heads=1)
      (norm): LayerNorm((128,), eps=1e-05, elementwise_affine=True)
    )
    (6): GATv2Conv(256, 256, heads=1)
  )
  (norm): LayerNorm((256,), eps=1e-05, elementwise_affine=True)
  (mlp): Sequential(
    (0): Linear(in_features=256, out_features=64, bias=True)
    (1): LeakyReLU(negative_slope=0.01)
    (2): Dropout(p=0.3, inplace=False)
    (3): Linear(in_features=64, out_features=3, bias=True)
  )
  (proj): Linear(in_features=500, out_features=128, bias=True)
)
Epoch: 1, Loss: 1.1458, Train: 0.3333, Val: 0.1960, Test: 0.1800
Epoch: 2, Loss: 1.0874, Train: 0.3333, Val: 0.1960, Test: 0.1800
Epoch: 3, Loss: 1.1160, Train: 0.3333, Val: 0.1960, Test: 0.1800
Epoch: 4, Loss: 1.0906, Train: 0.3333, Val: 0.1960, Test: 0.1800
Epoch: 5, Loss: 1.1474, Train: 0.3333, Val: 0.1960, Test: 0.1810
Epoch: 6, Loss: 1.0558, Train: 0.3333, Val: 0.1960, Test: 0.1820
Epoch: 7, Loss: 1.1142, Train: 0.3333, Val: 0.1960, Test: 0.1810
Epoch: 8, Loss: 1.1077, Train: 0.3333, Val: 0.1960, Test: 0.1810
Epoch: 9, Loss: 1.1040, Train: 0.3333, Val: 0.1960, Test: 0.1820
Epoch: 10, Loss: 1.1328, Train: 0.3333, Val: 0.2020, Test: 0.1830
Epoch: 11, Loss: 1.0558, Train: 0.3833, Val: 0.2180, Test: 0.1990
Epoch: 12, Loss: 1.0854, Train: 0.4333, Val: 0.3100, Test: 0.2920
Epoch: 13, Loss: 1.0866, Train: 0.5167, Val: 0.4720, Test: 0.4680
Epoch: 14, Loss: 1.0903, Train: 0.5833, Val: 0.5240, Test: 0.5080
Epoch: 15, Loss: 1.0719, Train: 0.6000, Val: 0.5060, Test: 0.5110
Epoch: 16, Loss: 1.0692, Train: 0.6167, Val: 0.5080, Test: 0.5110
Epoch: 17, Loss: 1.0713, Train: 0.6000, Val: 0.5080, Test: 0.5120
Epoch: 18, Loss: 1.0908, Train: 0.6333, Val: 0.5100, Test: 0.5110
Epoch: 19, Loss: 1.0761, Train: 0.6500, Val: 0.5220, Test: 0.5290
Epoch: 20, Loss: 1.0856, Train: 0.7000, Val: 0.5840, Test: 0.5690
Epoch: 21, Loss: 1.0885, Train: 0.7333, Val: 0.6420, Test: 0.6450
Epoch: 22, Loss: 1.0541, Train: 0.7500, Val: 0.6800, Test: 0.6620
Epoch: 23, Loss: 1.0282, Train: 0.7500, Val: 0.6700, Test: 0.6530
Epoch: 24, Loss: 1.0071, Train: 0.7833, Val: 0.6900, Test: 0.6690
Epoch: 25, Loss: 0.9819, Train: 0.7667, Val: 0.6800, Test: 0.6670
Epoch: 26, Loss: 0.9442, Train: 0.7167, Val: 0.6300, Test: 0.6280
Epoch: 27, Loss: 0.9445, Train: 0.7333, Val: 0.6420, Test: 0.6370
Epoch: 28, Loss: 0.8724, Train: 0.8000, Val: 0.7080, Test: 0.6800
Epoch: 29, Loss: 0.8935, Train: 0.8000, Val: 0.7120, Test: 0.7080
Epoch: 30, Loss: 0.8292, Train: 0.8333, Val: 0.7140, Test: 0.7010
Epoch: 31, Loss: 0.8376, Train: 0.8500, Val: 0.7100, Test: 0.6960
Epoch: 32, Loss: 0.8336, Train: 0.8667, Val: 0.6880, Test: 0.6620
Epoch: 33, Loss: 0.7110, Train: 0.8833, Val: 0.6640, Test: 0.6500
Epoch: 34, Loss: 0.7410, Train: 0.8667, Val: 0.6480, Test: 0.6320
Epoch: 35, Loss: 0.6930, Train: 0.8500, Val: 0.6400, Test: 0.6300
Epoch: 36, Loss: 0.6546, Train: 0.8167, Val: 0.6200, Test: 0.6260
Epoch: 37, Loss: 0.5953, Train: 0.8333, Val: 0.6480, Test: 0.6360
Epoch: 38, Loss: 0.6030, Train: 0.9333, Val: 0.7100, Test: 0.6680
Epoch: 39, Loss: 0.5834, Train: 0.9000, Val: 0.7220, Test: 0.6880
Epoch: 40, Loss: 0.5339, Train: 0.9167, Val: 0.7360, Test: 0.6950
Epoch: 41, Loss: 0.5428, Train: 0.9167, Val: 0.7360, Test: 0.7010
Epoch: 42, Loss: 0.4709, Train: 0.9167, Val: 0.7380, Test: 0.7040
Epoch: 43, Loss: 0.5137, Train: 0.9500, Val: 0.7200, Test: 0.6970
Epoch: 44, Loss: 0.4940, Train: 0.9333, Val: 0.7260, Test: 0.6890
Epoch: 45, Loss: 0.4394, Train: 0.9500, Val: 0.7300, Test: 0.7080
Epoch: 46, Loss: 0.4421, Train: 0.9500, Val: 0.7420, Test: 0.7160
Epoch: 47, Loss: 0.4342, Train: 0.9500, Val: 0.7480, Test: 0.7210
Epoch: 48, Loss: 0.3620, Train: 0.9500, Val: 0.7500, Test: 0.7230
Epoch: 49, Loss: 0.2988, Train: 0.9500, Val: 0.7520, Test: 0.7330
Epoch: 50, Loss: 0.2624, Train: 0.9667, Val: 0.7560, Test: 0.7350
Epoch: 51, Loss: 0.2892, Train: 0.9667, Val: 0.7720, Test: 0.7450
Epoch: 52, Loss: 0.2689, Train: 0.9833, Val: 0.7640, Test: 0.7460
Epoch: 53, Loss: 0.1753, Train: 1.0000, Val: 0.7380, Test: 0.7120
Epoch: 54, Loss: 0.1798, Train: 1.0000, Val: 0.7340, Test: 0.7110
Epoch: 55, Loss: 0.1293, Train: 1.0000, Val: 0.7620, Test: 0.7290
Epoch: 56, Loss: 0.1391, Train: 0.9833, Val: 0.7720, Test: 0.7600
Epoch: 57, Loss: 0.1253, Train: 0.9833, Val: 0.7740, Test: 0.7540
Epoch: 58, Loss: 0.1040, Train: 0.9833, Val: 0.7860, Test: 0.7720
Epoch: 59, Loss: 0.0947, Train: 1.0000, Val: 0.7760, Test: 0.7450
Epoch: 60, Loss: 0.0542, Train: 0.9833, Val: 0.7420, Test: 0.7240
Epoch: 61, Loss: 0.0566, Train: 0.9833, Val: 0.7420, Test: 0.7270
Epoch: 62, Loss: 0.0676, Train: 1.0000, Val: 0.7700, Test: 0.7510
Epoch: 63, Loss: 0.0370, Train: 1.0000, Val: 0.7580, Test: 0.7540
Epoch: 64, Loss: 0.0256, Train: 1.0000, Val: 0.7580, Test: 0.7430
Epoch: 65, Loss: 0.0192, Train: 1.0000, Val: 0.7580, Test: 0.7360
Epoch: 66, Loss: 0.0543, Train: 1.0000, Val: 0.7580, Test: 0.7420
Epoch: 67, Loss: 0.0232, Train: 1.0000, Val: 0.7540, Test: 0.7480
Epoch: 68, Loss: 0.0152, Train: 1.0000, Val: 0.7660, Test: 0.7440
Epoch: 69, Loss: 0.0277, Train: 1.0000, Val: 0.7680, Test: 0.7580
Epoch: 70, Loss: 0.0127, Train: 1.0000, Val: 0.7760, Test: 0.7630
Epoch: 71, Loss: 0.0089, Train: 1.0000, Val: 0.7800, Test: 0.7650
Epoch: 72, Loss: 0.0196, Train: 1.0000, Val: 0.7820, Test: 0.7680
Epoch: 73, Loss: 0.0081, Train: 1.0000, Val: 0.7720, Test: 0.7680
Epoch: 74, Loss: 0.0791, Train: 1.0000, Val: 0.7600, Test: 0.7540
Epoch: 75, Loss: 0.0071, Train: 0.9833, Val: 0.7400, Test: 0.7250
Epoch: 76, Loss: 0.1000, Train: 1.0000, Val: 0.7520, Test: 0.7520
Epoch: 77, Loss: 0.0059, Train: 1.0000, Val: 0.7700, Test: 0.7620
Epoch: 78, Loss: 0.0067, Train: 1.0000, Val: 0.7500, Test: 0.7480
Epoch: 79, Loss: 0.0058, Train: 1.0000, Val: 0.7440, Test: 0.7280
Epoch: 80, Loss: 0.0320, Train: 0.9833, Val: 0.7460, Test: 0.7230
Epoch: 81, Loss: 0.2506, Train: 1.0000, Val: 0.7480, Test: 0.7330
Epoch: 82, Loss: 0.0113, Train: 1.0000, Val: 0.7660, Test: 0.7540
Epoch: 83, Loss: 0.0066, Train: 1.0000, Val: 0.7580, Test: 0.7550
Epoch: 84, Loss: 0.0099, Train: 0.9833, Val: 0.7420, Test: 0.7420
Epoch: 85, Loss: 0.0205, Train: 1.0000, Val: 0.7540, Test: 0.7370
Epoch: 86, Loss: 0.0418, Train: 1.0000, Val: 0.7700, Test: 0.7500
Epoch: 87, Loss: 0.0089, Train: 1.0000, Val: 0.7700, Test: 0.7570
Epoch: 88, Loss: 0.0040, Train: 1.0000, Val: 0.7720, Test: 0.7550
Epoch: 89, Loss: 0.0055, Train: 1.0000, Val: 0.7560, Test: 0.7450
Epoch: 90, Loss: 0.0101, Train: 1.0000, Val: 0.7400, Test: 0.7450
Epoch: 91, Loss: 0.0042, Train: 1.0000, Val: 0.7320, Test: 0.7410
Epoch: 92, Loss: 0.0867, Train: 1.0000, Val: 0.7700, Test: 0.7610
Epoch: 93, Loss: 0.0102, Train: 1.0000, Val: 0.7700, Test: 0.7740
Epoch: 94, Loss: 0.0160, Train: 1.0000, Val: 0.7680, Test: 0.7710
Epoch: 95, Loss: 0.0047, Train: 1.0000, Val: 0.7500, Test: 0.7280
Epoch: 96, Loss: 0.0049, Train: 0.9833, Val: 0.6960, Test: 0.6790
Epoch: 97, Loss: 0.0610, Train: 0.9833, Val: 0.7280, Test: 0.7230
Epoch: 98, Loss: 0.0787, Train: 1.0000, Val: 0.7640, Test: 0.7510
Epoch: 99, Loss: 0.0066, Train: 1.0000, Val: 0.7800, Test: 0.7580
Epoch: 100, Loss: 0.0036, Train: 1.0000, Val: 0.7760, Test: 0.7520
MAD:  0.5491
Best Test Accuracy: 0.7740, Val Accuracy: 0.7700, Train Accuracy: 1.0000
Training completed.
Average Test Accuracy:  0.774  0.006663332499583079
Average MAD:  0.51114  0.02425610026364503
