Seed:  0
PMPGNN(
  (convs): ModuleList(
    (0): ParallelGNNBlock(
      (conv1): GATv2Conv(128, 128, heads=1)
      (conv2): GATv2Conv(128, 128, heads=1)
      (norm): LayerNorm((128,), eps=1e-05, elementwise_affine=True)
    )
    (1-7): 7 x ParallelGNNBlock(
      (conv1): GATv2Conv(256, 128, heads=1)
      (conv2): GATv2Conv(256, 128, heads=1)
      (norm): LayerNorm((128,), eps=1e-05, elementwise_affine=True)
    )
  )
  (norm): LayerNorm((256,), eps=1e-05, elementwise_affine=True)
  (mlp): Sequential(
    (0): Linear(in_features=256, out_features=64, bias=True)
    (1): LeakyReLU(negative_slope=0.01)
    (2): Dropout(p=0.3, inplace=False)
    (3): Linear(in_features=64, out_features=3, bias=True)
  )
  (proj): Linear(in_features=500, out_features=128, bias=True)
)
Epoch: 1, Loss: 1.1086, Train: 0.3000, Val: 0.3960, Test: 0.3560
Epoch: 2, Loss: 1.1192, Train: 0.3667, Val: 0.2160, Test: 0.1960
Epoch: 3, Loss: 1.1302, Train: 0.3333, Val: 0.1980, Test: 0.1810
Epoch: 4, Loss: 1.0981, Train: 0.3500, Val: 0.3040, Test: 0.2820
Epoch: 5, Loss: 1.1655, Train: 0.3333, Val: 0.3980, Test: 0.4220
Epoch: 6, Loss: 1.1120, Train: 0.3667, Val: 0.4120, Test: 0.4270
Epoch: 7, Loss: 1.0827, Train: 0.3667, Val: 0.4000, Test: 0.4210
Epoch: 8, Loss: 1.1342, Train: 0.3333, Val: 0.3880, Test: 0.4130
Epoch: 9, Loss: 1.1266, Train: 0.3333, Val: 0.3880, Test: 0.4130
Epoch: 10, Loss: 1.0813, Train: 0.3333, Val: 0.3880, Test: 0.4130
Epoch: 11, Loss: 1.0992, Train: 0.3333, Val: 0.3880, Test: 0.4130
Epoch: 12, Loss: 1.0909, Train: 0.3333, Val: 0.3880, Test: 0.4130
Epoch: 13, Loss: 1.1192, Train: 0.3333, Val: 0.3880, Test: 0.4130
Epoch: 14, Loss: 1.1661, Train: 0.4167, Val: 0.4180, Test: 0.4340
Epoch: 15, Loss: 1.0910, Train: 0.4667, Val: 0.3800, Test: 0.3850
Epoch: 16, Loss: 1.0823, Train: 0.3333, Val: 0.1960, Test: 0.1800
Epoch: 17, Loss: 1.1163, Train: 0.3333, Val: 0.1960, Test: 0.1800
Epoch: 18, Loss: 1.1137, Train: 0.3333, Val: 0.1960, Test: 0.1800
Epoch: 19, Loss: 1.0894, Train: 0.3333, Val: 0.1960, Test: 0.1800
Epoch: 20, Loss: 1.1010, Train: 0.3333, Val: 0.1960, Test: 0.1800
Epoch: 21, Loss: 1.0891, Train: 0.3333, Val: 0.1960, Test: 0.1800
Epoch: 22, Loss: 1.0837, Train: 0.3333, Val: 0.1960, Test: 0.1800
Epoch: 23, Loss: 1.0989, Train: 0.3333, Val: 0.1960, Test: 0.1800
Epoch: 24, Loss: 1.1268, Train: 0.3333, Val: 0.1960, Test: 0.1800
Epoch: 25, Loss: 1.0882, Train: 0.3333, Val: 0.1960, Test: 0.1820
Epoch: 26, Loss: 1.1109, Train: 0.4167, Val: 0.2320, Test: 0.2070
Epoch: 27, Loss: 1.0828, Train: 0.4667, Val: 0.3760, Test: 0.3740
Epoch: 28, Loss: 1.0783, Train: 0.5000, Val: 0.4440, Test: 0.4500
Epoch: 29, Loss: 1.0785, Train: 0.5167, Val: 0.4480, Test: 0.4520
Epoch: 30, Loss: 1.0932, Train: 0.5833, Val: 0.4760, Test: 0.4790
Epoch: 31, Loss: 1.1176, Train: 0.5833, Val: 0.5100, Test: 0.5000
Epoch: 32, Loss: 1.0856, Train: 0.6000, Val: 0.5280, Test: 0.5200
Epoch: 33, Loss: 1.1125, Train: 0.6000, Val: 0.5280, Test: 0.5230
Epoch: 34, Loss: 1.0813, Train: 0.6000, Val: 0.5200, Test: 0.5130
Epoch: 35, Loss: 1.0975, Train: 0.5667, Val: 0.5000, Test: 0.4870
Epoch: 36, Loss: 1.0968, Train: 0.5667, Val: 0.4780, Test: 0.4760
Epoch: 37, Loss: 1.0758, Train: 0.5667, Val: 0.4740, Test: 0.4740
Epoch: 38, Loss: 1.1129, Train: 0.5667, Val: 0.4580, Test: 0.4630
Epoch: 39, Loss: 1.1093, Train: 0.5833, Val: 0.4740, Test: 0.4750
Epoch: 40, Loss: 1.1026, Train: 0.5833, Val: 0.4880, Test: 0.4840
Epoch: 41, Loss: 1.1012, Train: 0.5833, Val: 0.5020, Test: 0.4990
Epoch: 42, Loss: 1.0885, Train: 0.6167, Val: 0.5200, Test: 0.5160
Epoch: 43, Loss: 1.0464, Train: 0.6333, Val: 0.5340, Test: 0.5280
Epoch: 44, Loss: 1.1018, Train: 0.6333, Val: 0.5440, Test: 0.5320
Epoch: 45, Loss: 1.0660, Train: 0.6333, Val: 0.5480, Test: 0.5330
Epoch: 46, Loss: 1.0588, Train: 0.6333, Val: 0.5400, Test: 0.5290
Epoch: 47, Loss: 1.0523, Train: 0.6167, Val: 0.5220, Test: 0.5240
Epoch: 48, Loss: 1.0375, Train: 0.5833, Val: 0.5120, Test: 0.5030
Epoch: 49, Loss: 1.0555, Train: 0.5667, Val: 0.4780, Test: 0.4770
Epoch: 50, Loss: 1.0246, Train: 0.5667, Val: 0.4780, Test: 0.4770
Epoch: 51, Loss: 1.0311, Train: 0.5833, Val: 0.4880, Test: 0.4840
Epoch: 52, Loss: 1.0299, Train: 0.6000, Val: 0.5180, Test: 0.5110
Epoch: 53, Loss: 0.9706, Train: 0.6167, Val: 0.5260, Test: 0.5290
Epoch: 54, Loss: 0.9447, Train: 0.6333, Val: 0.5480, Test: 0.5340
Epoch: 55, Loss: 0.9351, Train: 0.6500, Val: 0.5520, Test: 0.5450
Epoch: 56, Loss: 0.9529, Train: 0.6833, Val: 0.5580, Test: 0.5470
Epoch: 57, Loss: 0.8852, Train: 0.6833, Val: 0.5580, Test: 0.5560
Epoch: 58, Loss: 0.8889, Train: 0.6500, Val: 0.5660, Test: 0.5750
Epoch: 59, Loss: 0.8904, Train: 0.6500, Val: 0.5700, Test: 0.5710
Epoch: 60, Loss: 0.8481, Train: 0.6500, Val: 0.5740, Test: 0.5630
Epoch: 61, Loss: 0.8544, Train: 0.6500, Val: 0.5720, Test: 0.5680
Epoch: 62, Loss: 0.7728, Train: 0.6667, Val: 0.5700, Test: 0.5790
Epoch: 63, Loss: 0.7580, Train: 0.7000, Val: 0.5700, Test: 0.5710
Epoch: 64, Loss: 0.7830, Train: 0.7000, Val: 0.5740, Test: 0.5820
Epoch: 65, Loss: 0.7550, Train: 0.7167, Val: 0.5840, Test: 0.5860
Epoch: 66, Loss: 0.6998, Train: 0.7167, Val: 0.5880, Test: 0.5880
Epoch: 67, Loss: 0.7067, Train: 0.7500, Val: 0.6060, Test: 0.6290
Epoch: 68, Loss: 0.6907, Train: 0.8167, Val: 0.6540, Test: 0.6270
Epoch: 69, Loss: 0.6699, Train: 0.8167, Val: 0.6700, Test: 0.6510
Epoch: 70, Loss: 0.6288, Train: 0.8667, Val: 0.6980, Test: 0.6880
Epoch: 71, Loss: 0.5932, Train: 0.9000, Val: 0.7220, Test: 0.7160
Epoch: 72, Loss: 0.5670, Train: 0.8833, Val: 0.7280, Test: 0.7080
Epoch: 73, Loss: 0.5515, Train: 0.9167, Val: 0.7400, Test: 0.7140
Epoch: 74, Loss: 0.5357, Train: 0.9167, Val: 0.7400, Test: 0.7280
Epoch: 75, Loss: 0.4722, Train: 0.9167, Val: 0.7400, Test: 0.7370
Epoch: 76, Loss: 0.4641, Train: 0.9500, Val: 0.7360, Test: 0.7360
Epoch: 77, Loss: 0.4052, Train: 0.9333, Val: 0.7320, Test: 0.7160
Epoch: 78, Loss: 0.3307, Train: 0.9333, Val: 0.7260, Test: 0.7080
Epoch: 79, Loss: 0.3789, Train: 0.9333, Val: 0.7400, Test: 0.7340
Epoch: 80, Loss: 0.3286, Train: 0.9833, Val: 0.7720, Test: 0.7600
Epoch: 81, Loss: 0.3203, Train: 0.9833, Val: 0.7760, Test: 0.7760
Epoch: 82, Loss: 0.2332, Train: 0.9667, Val: 0.7780, Test: 0.7750
Epoch: 83, Loss: 0.2613, Train: 0.9667, Val: 0.7760, Test: 0.7680
Epoch: 84, Loss: 0.2297, Train: 0.9667, Val: 0.7800, Test: 0.7690
Epoch: 85, Loss: 0.2062, Train: 0.9667, Val: 0.7720, Test: 0.7700
Epoch: 86, Loss: 0.1539, Train: 0.9833, Val: 0.7660, Test: 0.7600
Epoch: 87, Loss: 0.1035, Train: 0.9833, Val: 0.7420, Test: 0.7340
Epoch: 88, Loss: 0.2086, Train: 0.9833, Val: 0.7720, Test: 0.7660
Epoch: 89, Loss: 0.1205, Train: 0.9667, Val: 0.7760, Test: 0.7610
Epoch: 90, Loss: 0.0937, Train: 1.0000, Val: 0.7700, Test: 0.7560
Epoch: 91, Loss: 0.0659, Train: 1.0000, Val: 0.7540, Test: 0.7380
Epoch: 92, Loss: 0.0843, Train: 1.0000, Val: 0.7440, Test: 0.7350
Epoch: 93, Loss: 0.0452, Train: 1.0000, Val: 0.7340, Test: 0.7250
Epoch: 94, Loss: 0.0503, Train: 1.0000, Val: 0.7380, Test: 0.7250
Epoch: 95, Loss: 0.0554, Train: 0.9833, Val: 0.7420, Test: 0.7230
Epoch: 96, Loss: 0.0965, Train: 1.0000, Val: 0.7400, Test: 0.7270
Epoch: 97, Loss: 0.0479, Train: 1.0000, Val: 0.7560, Test: 0.7330
Epoch: 98, Loss: 0.0878, Train: 1.0000, Val: 0.7560, Test: 0.7450
Epoch: 99, Loss: 0.0158, Train: 1.0000, Val: 0.7760, Test: 0.7520
Epoch: 100, Loss: 0.0209, Train: 1.0000, Val: 0.7700, Test: 0.7620
MAD:  0.4626
Best Test Accuracy: 0.7760, Val Accuracy: 0.7760, Train Accuracy: 0.9833
Training completed.
Seed:  1
PMPGNN(
  (convs): ModuleList(
    (0): ParallelGNNBlock(
      (conv1): GATv2Conv(128, 128, heads=1)
      (conv2): GATv2Conv(128, 128, heads=1)
      (norm): LayerNorm((128,), eps=1e-05, elementwise_affine=True)
    )
    (1-7): 7 x ParallelGNNBlock(
      (conv1): GATv2Conv(256, 128, heads=1)
      (conv2): GATv2Conv(256, 128, heads=1)
      (norm): LayerNorm((128,), eps=1e-05, elementwise_affine=True)
    )
  )
  (norm): LayerNorm((256,), eps=1e-05, elementwise_affine=True)
  (mlp): Sequential(
    (0): Linear(in_features=256, out_features=64, bias=True)
    (1): LeakyReLU(negative_slope=0.01)
    (2): Dropout(p=0.3, inplace=False)
    (3): Linear(in_features=64, out_features=3, bias=True)
  )
  (proj): Linear(in_features=500, out_features=128, bias=True)
)
Epoch: 1, Loss: 1.1268, Train: 0.3333, Val: 0.3880, Test: 0.4130
Epoch: 2, Loss: 1.1389, Train: 0.3667, Val: 0.1980, Test: 0.1830
Epoch: 3, Loss: 1.1609, Train: 0.3333, Val: 0.1960, Test: 0.1800
Epoch: 4, Loss: 1.1301, Train: 0.3500, Val: 0.1940, Test: 0.1800
Epoch: 5, Loss: 1.1031, Train: 0.3333, Val: 0.1960, Test: 0.1800
Epoch: 6, Loss: 1.0881, Train: 0.3333, Val: 0.1960, Test: 0.1800
Epoch: 7, Loss: 1.0823, Train: 0.3333, Val: 0.1960, Test: 0.1830
Epoch: 8, Loss: 1.1490, Train: 0.5000, Val: 0.4220, Test: 0.4190
Epoch: 9, Loss: 1.1010, Train: 0.3333, Val: 0.4160, Test: 0.4070
Epoch: 10, Loss: 1.1182, Train: 0.3333, Val: 0.4160, Test: 0.4070
Epoch: 11, Loss: 1.1079, Train: 0.3333, Val: 0.4160, Test: 0.4070
Epoch: 12, Loss: 1.1183, Train: 0.3333, Val: 0.4160, Test: 0.4070
Epoch: 13, Loss: 1.1032, Train: 0.3333, Val: 0.4160, Test: 0.4070
Epoch: 14, Loss: 1.0807, Train: 0.3333, Val: 0.4160, Test: 0.4070
Epoch: 15, Loss: 1.1119, Train: 0.3333, Val: 0.4160, Test: 0.4070
Epoch: 16, Loss: 1.1132, Train: 0.3333, Val: 0.4160, Test: 0.4070
Epoch: 17, Loss: 1.1017, Train: 0.3667, Val: 0.4260, Test: 0.4530
Epoch: 18, Loss: 1.1192, Train: 0.3333, Val: 0.3860, Test: 0.4110
Epoch: 19, Loss: 1.0871, Train: 0.3333, Val: 0.3940, Test: 0.4110
Epoch: 20, Loss: 1.0993, Train: 0.3500, Val: 0.3960, Test: 0.4140
Epoch: 21, Loss: 1.1001, Train: 0.3833, Val: 0.4100, Test: 0.4460
Epoch: 22, Loss: 1.1039, Train: 0.4833, Val: 0.5060, Test: 0.5480
Epoch: 23, Loss: 1.1032, Train: 0.4333, Val: 0.5100, Test: 0.5110
Epoch: 24, Loss: 1.1378, Train: 0.4500, Val: 0.5140, Test: 0.5070
Epoch: 25, Loss: 1.1328, Train: 0.4333, Val: 0.4660, Test: 0.4630
Epoch: 26, Loss: 1.1316, Train: 0.4500, Val: 0.4480, Test: 0.4340
Epoch: 27, Loss: 1.1124, Train: 0.5167, Val: 0.4900, Test: 0.4770
Epoch: 28, Loss: 1.0958, Train: 0.6167, Val: 0.5380, Test: 0.5110
Epoch: 29, Loss: 1.1118, Train: 0.6333, Val: 0.5460, Test: 0.5300
Epoch: 30, Loss: 1.0756, Train: 0.6333, Val: 0.5440, Test: 0.5220
Epoch: 31, Loss: 1.0664, Train: 0.6167, Val: 0.5380, Test: 0.5130
Epoch: 32, Loss: 1.1378, Train: 0.5500, Val: 0.5240, Test: 0.4990
Epoch: 33, Loss: 1.1008, Train: 0.5167, Val: 0.5020, Test: 0.4870
Epoch: 34, Loss: 1.1042, Train: 0.5000, Val: 0.4800, Test: 0.4730
Epoch: 35, Loss: 1.1156, Train: 0.5000, Val: 0.4740, Test: 0.4690
Epoch: 36, Loss: 1.1122, Train: 0.5000, Val: 0.4800, Test: 0.4720
Epoch: 37, Loss: 1.1187, Train: 0.5000, Val: 0.4740, Test: 0.4680
Epoch: 38, Loss: 1.1125, Train: 0.5000, Val: 0.4720, Test: 0.4670
Epoch: 39, Loss: 1.0819, Train: 0.5167, Val: 0.4960, Test: 0.4810
Epoch: 40, Loss: 1.0569, Train: 0.5667, Val: 0.5100, Test: 0.4930
Epoch: 41, Loss: 1.0987, Train: 0.5833, Val: 0.5100, Test: 0.4920
Epoch: 42, Loss: 1.0767, Train: 0.5333, Val: 0.5020, Test: 0.4850
Epoch: 43, Loss: 1.0498, Train: 0.5167, Val: 0.4980, Test: 0.4810
Epoch: 44, Loss: 1.0801, Train: 0.4833, Val: 0.4860, Test: 0.4710
Epoch: 45, Loss: 1.0568, Train: 0.4667, Val: 0.4820, Test: 0.4690
Epoch: 46, Loss: 1.0289, Train: 0.5333, Val: 0.5060, Test: 0.4850
Epoch: 47, Loss: 1.0283, Train: 0.7333, Val: 0.6200, Test: 0.5930
Epoch: 48, Loss: 0.9602, Train: 0.7667, Val: 0.6620, Test: 0.6700
Epoch: 49, Loss: 1.0093, Train: 0.7500, Val: 0.6840, Test: 0.6790
Epoch: 50, Loss: 0.9594, Train: 0.7833, Val: 0.6500, Test: 0.6480
Epoch: 51, Loss: 0.9228, Train: 0.7333, Val: 0.6080, Test: 0.6110
Epoch: 52, Loss: 0.9115, Train: 0.7167, Val: 0.6000, Test: 0.6010
Epoch: 53, Loss: 0.8592, Train: 0.6833, Val: 0.5920, Test: 0.5830
Epoch: 54, Loss: 0.8335, Train: 0.6667, Val: 0.5840, Test: 0.5680
Epoch: 55, Loss: 0.8089, Train: 0.6667, Val: 0.5800, Test: 0.5620
Epoch: 56, Loss: 0.7905, Train: 0.6833, Val: 0.5740, Test: 0.5660
Epoch: 57, Loss: 0.7496, Train: 0.7000, Val: 0.5760, Test: 0.5730
Epoch: 58, Loss: 0.7425, Train: 0.7167, Val: 0.5660, Test: 0.5750
Epoch: 59, Loss: 0.7599, Train: 0.7333, Val: 0.5900, Test: 0.5920
Epoch: 60, Loss: 0.7098, Train: 0.8000, Val: 0.6300, Test: 0.6480
Epoch: 61, Loss: 0.6841, Train: 0.8167, Val: 0.6940, Test: 0.6830
Epoch: 62, Loss: 0.6641, Train: 0.8333, Val: 0.7180, Test: 0.7200
Epoch: 63, Loss: 0.6324, Train: 0.6500, Val: 0.5300, Test: 0.5020
Epoch: 64, Loss: 0.6300, Train: 0.6500, Val: 0.5080, Test: 0.4960
Epoch: 65, Loss: 0.6632, Train: 0.6500, Val: 0.5180, Test: 0.5030
Epoch: 66, Loss: 0.6257, Train: 0.6667, Val: 0.5360, Test: 0.5180
Epoch: 67, Loss: 0.5512, Train: 0.6500, Val: 0.5340, Test: 0.5160
Epoch: 68, Loss: 0.6212, Train: 0.6667, Val: 0.5400, Test: 0.5160
Epoch: 69, Loss: 0.5336, Train: 0.6667, Val: 0.5340, Test: 0.5160
Epoch: 70, Loss: 0.5628, Train: 0.7000, Val: 0.5340, Test: 0.5210
Epoch: 71, Loss: 0.5304, Train: 0.7167, Val: 0.5440, Test: 0.5340
Epoch: 72, Loss: 0.5374, Train: 0.9000, Val: 0.6600, Test: 0.6480
Epoch: 73, Loss: 0.5093, Train: 0.9167, Val: 0.7460, Test: 0.7480
Epoch: 74, Loss: 0.5284, Train: 0.9000, Val: 0.7160, Test: 0.7140
Epoch: 75, Loss: 0.5022, Train: 0.8333, Val: 0.6940, Test: 0.6780
Epoch: 76, Loss: 0.5227, Train: 0.8000, Val: 0.6800, Test: 0.6750
Epoch: 77, Loss: 0.5778, Train: 0.8167, Val: 0.6820, Test: 0.6820
Epoch: 78, Loss: 0.4737, Train: 0.8167, Val: 0.6880, Test: 0.6760
Epoch: 79, Loss: 0.4954, Train: 0.8500, Val: 0.7000, Test: 0.6880
Epoch: 80, Loss: 0.4857, Train: 0.9167, Val: 0.7000, Test: 0.7100
Epoch: 81, Loss: 0.4644, Train: 0.9167, Val: 0.7060, Test: 0.7110
Epoch: 82, Loss: 0.4525, Train: 0.9167, Val: 0.7040, Test: 0.7060
Epoch: 83, Loss: 0.4634, Train: 0.9000, Val: 0.6960, Test: 0.6980
Epoch: 84, Loss: 0.4608, Train: 0.8667, Val: 0.6960, Test: 0.6950
Epoch: 85, Loss: 0.4397, Train: 0.8500, Val: 0.6800, Test: 0.6850
Epoch: 86, Loss: 0.4536, Train: 0.8167, Val: 0.6680, Test: 0.6590
Epoch: 87, Loss: 0.4205, Train: 0.8167, Val: 0.6640, Test: 0.6610
Epoch: 88, Loss: 0.4454, Train: 0.8167, Val: 0.6660, Test: 0.6610
Epoch: 89, Loss: 0.4422, Train: 0.8667, Val: 0.6940, Test: 0.6820
Epoch: 90, Loss: 0.3509, Train: 0.9000, Val: 0.6900, Test: 0.6970
Epoch: 91, Loss: 0.4453, Train: 0.9500, Val: 0.7040, Test: 0.7100
Epoch: 92, Loss: 0.3463, Train: 0.9500, Val: 0.7360, Test: 0.7380
Epoch: 93, Loss: 0.3289, Train: 0.9667, Val: 0.7540, Test: 0.7500
Epoch: 94, Loss: 0.3353, Train: 0.9667, Val: 0.7660, Test: 0.7580
Epoch: 95, Loss: 0.2813, Train: 0.9833, Val: 0.7800, Test: 0.7670
Epoch: 96, Loss: 0.2518, Train: 0.9833, Val: 0.7740, Test: 0.7640
Epoch: 97, Loss: 0.2268, Train: 0.9667, Val: 0.7760, Test: 0.7580
Epoch: 98, Loss: 0.2066, Train: 0.9833, Val: 0.7800, Test: 0.7570
Epoch: 99, Loss: 0.1877, Train: 0.9833, Val: 0.7820, Test: 0.7650
Epoch: 100, Loss: 0.1728, Train: 1.0000, Val: 0.7700, Test: 0.7750
MAD:  0.4732
Best Test Accuracy: 0.7750, Val Accuracy: 0.7700, Train Accuracy: 1.0000
Training completed.
Seed:  2
PMPGNN(
  (convs): ModuleList(
    (0): ParallelGNNBlock(
      (conv1): GATv2Conv(128, 128, heads=1)
      (conv2): GATv2Conv(128, 128, heads=1)
      (norm): LayerNorm((128,), eps=1e-05, elementwise_affine=True)
    )
    (1-7): 7 x ParallelGNNBlock(
      (conv1): GATv2Conv(256, 128, heads=1)
      (conv2): GATv2Conv(256, 128, heads=1)
      (norm): LayerNorm((128,), eps=1e-05, elementwise_affine=True)
    )
  )
  (norm): LayerNorm((256,), eps=1e-05, elementwise_affine=True)
  (mlp): Sequential(
    (0): Linear(in_features=256, out_features=64, bias=True)
    (1): LeakyReLU(negative_slope=0.01)
    (2): Dropout(p=0.3, inplace=False)
    (3): Linear(in_features=64, out_features=3, bias=True)
  )
  (proj): Linear(in_features=500, out_features=128, bias=True)
)
Epoch: 1, Loss: 1.1149, Train: 0.3833, Val: 0.4620, Test: 0.4970
Epoch: 2, Loss: 1.1269, Train: 0.4167, Val: 0.4340, Test: 0.4240
Epoch: 3, Loss: 1.0989, Train: 0.4667, Val: 0.4360, Test: 0.4230
Epoch: 4, Loss: 1.1694, Train: 0.4000, Val: 0.4240, Test: 0.4160
Epoch: 5, Loss: 1.1145, Train: 0.3333, Val: 0.4160, Test: 0.4070
Epoch: 6, Loss: 1.1089, Train: 0.3667, Val: 0.4160, Test: 0.4040
Epoch: 7, Loss: 1.0967, Train: 0.5167, Val: 0.5540, Test: 0.5680
Epoch: 8, Loss: 1.1267, Train: 0.3333, Val: 0.3920, Test: 0.4150
Epoch: 9, Loss: 1.1046, Train: 0.3333, Val: 0.3880, Test: 0.4130
Epoch: 10, Loss: 1.1474, Train: 0.3333, Val: 0.3900, Test: 0.4150
Epoch: 11, Loss: 1.0899, Train: 0.3333, Val: 0.2140, Test: 0.2030
Epoch: 12, Loss: 1.0818, Train: 0.3333, Val: 0.1960, Test: 0.1800
Epoch: 13, Loss: 1.0976, Train: 0.3333, Val: 0.1960, Test: 0.1800
Epoch: 14, Loss: 1.1692, Train: 0.3333, Val: 0.1960, Test: 0.1800
Epoch: 15, Loss: 1.1319, Train: 0.3333, Val: 0.1960, Test: 0.1800
Epoch: 16, Loss: 1.1360, Train: 0.3333, Val: 0.1960, Test: 0.1800
Epoch: 17, Loss: 1.0828, Train: 0.3333, Val: 0.1960, Test: 0.1800
Epoch: 18, Loss: 1.0942, Train: 0.3333, Val: 0.1960, Test: 0.1800
Epoch: 19, Loss: 1.0703, Train: 0.3333, Val: 0.1960, Test: 0.1800
Epoch: 20, Loss: 1.1138, Train: 0.3333, Val: 0.1960, Test: 0.1800
Epoch: 21, Loss: 1.1072, Train: 0.3500, Val: 0.2240, Test: 0.2100
Epoch: 22, Loss: 1.1008, Train: 0.5000, Val: 0.3840, Test: 0.3970
Epoch: 23, Loss: 1.0881, Train: 0.7000, Val: 0.5300, Test: 0.5240
Epoch: 24, Loss: 1.1046, Train: 0.5667, Val: 0.5100, Test: 0.5010
Epoch: 25, Loss: 1.0722, Train: 0.4500, Val: 0.4560, Test: 0.4380
Epoch: 26, Loss: 1.1111, Train: 0.3833, Val: 0.4240, Test: 0.4150
Epoch: 27, Loss: 1.0705, Train: 0.3667, Val: 0.4220, Test: 0.4080
Epoch: 28, Loss: 1.0964, Train: 0.3667, Val: 0.4220, Test: 0.4080
Epoch: 29, Loss: 1.0945, Train: 0.3833, Val: 0.4240, Test: 0.4090
Epoch: 30, Loss: 1.0877, Train: 0.4167, Val: 0.4360, Test: 0.4220
Epoch: 31, Loss: 1.0922, Train: 0.4833, Val: 0.4600, Test: 0.4450
Epoch: 32, Loss: 1.0736, Train: 0.5667, Val: 0.5000, Test: 0.4840
Epoch: 33, Loss: 1.0853, Train: 0.5833, Val: 0.5060, Test: 0.5020
Epoch: 34, Loss: 1.0382, Train: 0.6000, Val: 0.5240, Test: 0.5080
Epoch: 35, Loss: 1.0636, Train: 0.6000, Val: 0.5260, Test: 0.5090
Epoch: 36, Loss: 1.0570, Train: 0.6167, Val: 0.5260, Test: 0.5170
Epoch: 37, Loss: 1.0100, Train: 0.6167, Val: 0.5380, Test: 0.5180
Epoch: 38, Loss: 0.9967, Train: 0.6667, Val: 0.5400, Test: 0.5380
Epoch: 39, Loss: 1.0180, Train: 0.7000, Val: 0.5700, Test: 0.5460
Epoch: 40, Loss: 1.0151, Train: 0.7000, Val: 0.5660, Test: 0.5620
Epoch: 41, Loss: 0.9599, Train: 0.6667, Val: 0.5500, Test: 0.5620
Epoch: 42, Loss: 0.9415, Train: 0.6667, Val: 0.5380, Test: 0.5590
Epoch: 43, Loss: 0.9499, Train: 0.6500, Val: 0.5500, Test: 0.5490
Epoch: 44, Loss: 0.8789, Train: 0.6667, Val: 0.5520, Test: 0.5400
Epoch: 45, Loss: 0.8724, Train: 0.6833, Val: 0.5580, Test: 0.5260
Epoch: 46, Loss: 0.7797, Train: 0.6333, Val: 0.5660, Test: 0.5330
Epoch: 47, Loss: 0.8174, Train: 0.6833, Val: 0.5680, Test: 0.5340
Epoch: 48, Loss: 0.8142, Train: 0.7000, Val: 0.5640, Test: 0.5390
Epoch: 49, Loss: 0.7640, Train: 0.7000, Val: 0.5760, Test: 0.5460
Epoch: 50, Loss: 0.7172, Train: 0.7167, Val: 0.5840, Test: 0.5500
Epoch: 51, Loss: 0.7423, Train: 0.7333, Val: 0.5880, Test: 0.5830
Epoch: 52, Loss: 0.6732, Train: 0.7333, Val: 0.5960, Test: 0.5620
Epoch: 53, Loss: 0.6565, Train: 0.7667, Val: 0.6060, Test: 0.5580
Epoch: 54, Loss: 0.6001, Train: 0.8667, Val: 0.6440, Test: 0.6280
Epoch: 55, Loss: 0.6321, Train: 0.8833, Val: 0.6880, Test: 0.6490
Epoch: 56, Loss: 0.5183, Train: 0.9000, Val: 0.7120, Test: 0.6570
Epoch: 57, Loss: 0.5294, Train: 0.9167, Val: 0.7360, Test: 0.6810
Epoch: 58, Loss: 0.4610, Train: 0.9500, Val: 0.7260, Test: 0.6890
Epoch: 59, Loss: 0.4925, Train: 0.9667, Val: 0.7400, Test: 0.7040
Epoch: 60, Loss: 0.4942, Train: 0.9500, Val: 0.7680, Test: 0.7150
Epoch: 61, Loss: 0.3957, Train: 0.9667, Val: 0.7680, Test: 0.7210
Epoch: 62, Loss: 0.4009, Train: 0.9500, Val: 0.7600, Test: 0.7140
Epoch: 63, Loss: 0.3362, Train: 0.9667, Val: 0.7340, Test: 0.6980
Epoch: 64, Loss: 0.3193, Train: 0.9167, Val: 0.7320, Test: 0.6940
Epoch: 65, Loss: 0.3611, Train: 0.9667, Val: 0.7620, Test: 0.7240
Epoch: 66, Loss: 0.3274, Train: 0.9667, Val: 0.7420, Test: 0.7140
Epoch: 67, Loss: 0.2299, Train: 0.9333, Val: 0.7300, Test: 0.7000
Epoch: 68, Loss: 0.3787, Train: 0.9667, Val: 0.7560, Test: 0.7200
Epoch: 69, Loss: 0.3777, Train: 0.9667, Val: 0.7880, Test: 0.7560
Epoch: 70, Loss: 0.2017, Train: 0.9500, Val: 0.7420, Test: 0.7270
Epoch: 71, Loss: 0.2316, Train: 0.8667, Val: 0.7140, Test: 0.6900
Epoch: 72, Loss: 0.3745, Train: 0.9833, Val: 0.7380, Test: 0.7150
Epoch: 73, Loss: 0.1852, Train: 0.9667, Val: 0.7460, Test: 0.7170
Epoch: 74, Loss: 0.1385, Train: 0.9667, Val: 0.7320, Test: 0.6790
Epoch: 75, Loss: 0.1686, Train: 0.9833, Val: 0.7840, Test: 0.7520
Epoch: 76, Loss: 0.1219, Train: 0.9833, Val: 0.7960, Test: 0.7730
Epoch: 77, Loss: 0.1247, Train: 0.9833, Val: 0.7940, Test: 0.7700
Epoch: 78, Loss: 0.0881, Train: 1.0000, Val: 0.7920, Test: 0.7740
Epoch: 79, Loss: 0.1188, Train: 1.0000, Val: 0.7860, Test: 0.7690
Epoch: 80, Loss: 0.0599, Train: 0.9833, Val: 0.7720, Test: 0.7450
Epoch: 81, Loss: 0.0724, Train: 0.9667, Val: 0.7600, Test: 0.7170
Epoch: 82, Loss: 0.0725, Train: 0.9833, Val: 0.7360, Test: 0.6790
Epoch: 83, Loss: 0.1509, Train: 1.0000, Val: 0.7600, Test: 0.7140
Epoch: 84, Loss: 0.0821, Train: 1.0000, Val: 0.8020, Test: 0.7620
Epoch: 85, Loss: 0.0360, Train: 1.0000, Val: 0.8000, Test: 0.7790
Epoch: 86, Loss: 0.0562, Train: 0.9833, Val: 0.7860, Test: 0.7590
Epoch: 87, Loss: 0.0383, Train: 0.9833, Val: 0.7560, Test: 0.7390
Epoch: 88, Loss: 0.1072, Train: 0.9833, Val: 0.7700, Test: 0.7480
Epoch: 89, Loss: 0.0762, Train: 1.0000, Val: 0.7880, Test: 0.7770
Epoch: 90, Loss: 0.0348, Train: 1.0000, Val: 0.7960, Test: 0.7730
Epoch: 91, Loss: 0.0260, Train: 1.0000, Val: 0.7800, Test: 0.7620
Epoch: 92, Loss: 0.0386, Train: 1.0000, Val: 0.7740, Test: 0.7400
Epoch: 93, Loss: 0.0216, Train: 1.0000, Val: 0.7540, Test: 0.7090
Epoch: 94, Loss: 0.0395, Train: 1.0000, Val: 0.7440, Test: 0.6990
Epoch: 95, Loss: 0.0971, Train: 1.0000, Val: 0.7720, Test: 0.7460
Epoch: 96, Loss: 0.0142, Train: 1.0000, Val: 0.7620, Test: 0.7520
Epoch: 97, Loss: 0.0676, Train: 1.0000, Val: 0.7760, Test: 0.7690
Epoch: 98, Loss: 0.0120, Train: 1.0000, Val: 0.7760, Test: 0.7620
Epoch: 99, Loss: 0.0203, Train: 0.9833, Val: 0.7720, Test: 0.7650
Epoch: 100, Loss: 0.0983, Train: 1.0000, Val: 0.7760, Test: 0.7530
MAD:  0.5353
Best Test Accuracy: 0.7790, Val Accuracy: 0.8000, Train Accuracy: 1.0000
Training completed.
Seed:  3
PMPGNN(
  (convs): ModuleList(
    (0): ParallelGNNBlock(
      (conv1): GATv2Conv(128, 128, heads=1)
      (conv2): GATv2Conv(128, 128, heads=1)
      (norm): LayerNorm((128,), eps=1e-05, elementwise_affine=True)
    )
    (1-7): 7 x ParallelGNNBlock(
      (conv1): GATv2Conv(256, 128, heads=1)
      (conv2): GATv2Conv(256, 128, heads=1)
      (norm): LayerNorm((128,), eps=1e-05, elementwise_affine=True)
    )
  )
  (norm): LayerNorm((256,), eps=1e-05, elementwise_affine=True)
  (mlp): Sequential(
    (0): Linear(in_features=256, out_features=64, bias=True)
    (1): LeakyReLU(negative_slope=0.01)
    (2): Dropout(p=0.3, inplace=False)
    (3): Linear(in_features=64, out_features=3, bias=True)
  )
  (proj): Linear(in_features=500, out_features=128, bias=True)
)
Epoch: 1, Loss: 1.1300, Train: 0.3333, Val: 0.4140, Test: 0.4060
Epoch: 2, Loss: 1.1493, Train: 0.3333, Val: 0.4160, Test: 0.4070
Epoch: 3, Loss: 1.1149, Train: 0.3500, Val: 0.4180, Test: 0.4100
Epoch: 4, Loss: 1.1210, Train: 0.3667, Val: 0.4180, Test: 0.4140
Epoch: 5, Loss: 1.0784, Train: 0.4000, Val: 0.4240, Test: 0.4300
Epoch: 6, Loss: 1.1176, Train: 0.5500, Val: 0.4660, Test: 0.4570
Epoch: 7, Loss: 1.0868, Train: 0.4667, Val: 0.3840, Test: 0.3650
Epoch: 8, Loss: 1.1489, Train: 0.3333, Val: 0.2080, Test: 0.1940
Epoch: 9, Loss: 1.1238, Train: 0.3500, Val: 0.2260, Test: 0.2060
Epoch: 10, Loss: 1.0982, Train: 0.5333, Val: 0.4400, Test: 0.4210
Epoch: 11, Loss: 1.1175, Train: 0.3333, Val: 0.4160, Test: 0.4070
Epoch: 12, Loss: 1.0755, Train: 0.3333, Val: 0.4160, Test: 0.4060
Epoch: 13, Loss: 1.1270, Train: 0.3333, Val: 0.4160, Test: 0.4070
Epoch: 14, Loss: 1.1208, Train: 0.3333, Val: 0.4160, Test: 0.4060
Epoch: 15, Loss: 1.1067, Train: 0.3833, Val: 0.4240, Test: 0.4090
Epoch: 16, Loss: 1.0965, Train: 0.5333, Val: 0.5480, Test: 0.5450
Epoch: 17, Loss: 1.0633, Train: 0.3333, Val: 0.3880, Test: 0.4170
Epoch: 18, Loss: 1.1033, Train: 0.3333, Val: 0.3880, Test: 0.4130
Epoch: 19, Loss: 1.1257, Train: 0.3333, Val: 0.3880, Test: 0.4130
Epoch: 20, Loss: 1.1259, Train: 0.3333, Val: 0.3880, Test: 0.4130
Epoch: 21, Loss: 1.0953, Train: 0.3333, Val: 0.3880, Test: 0.4130
Epoch: 22, Loss: 1.1142, Train: 0.3333, Val: 0.3880, Test: 0.4130
Epoch: 23, Loss: 1.0569, Train: 0.3333, Val: 0.3880, Test: 0.4130
Epoch: 24, Loss: 1.1145, Train: 0.3333, Val: 0.3880, Test: 0.4130
Epoch: 25, Loss: 1.0935, Train: 0.3333, Val: 0.3880, Test: 0.4130
Epoch: 26, Loss: 1.1160, Train: 0.3667, Val: 0.4000, Test: 0.4170
Epoch: 27, Loss: 1.0931, Train: 0.5500, Val: 0.4800, Test: 0.4710
Epoch: 28, Loss: 1.1041, Train: 0.5333, Val: 0.4640, Test: 0.4590
Epoch: 29, Loss: 1.0751, Train: 0.6167, Val: 0.5220, Test: 0.5070
Epoch: 30, Loss: 1.1006, Train: 0.6167, Val: 0.5180, Test: 0.5020
Epoch: 31, Loss: 1.0918, Train: 0.6000, Val: 0.5020, Test: 0.4910
Epoch: 32, Loss: 1.1081, Train: 0.6000, Val: 0.5100, Test: 0.5000
Epoch: 33, Loss: 1.1306, Train: 0.5833, Val: 0.5080, Test: 0.5020
Epoch: 34, Loss: 1.1069, Train: 0.5500, Val: 0.4660, Test: 0.4690
Epoch: 35, Loss: 1.0949, Train: 0.5333, Val: 0.4100, Test: 0.4060
Epoch: 36, Loss: 1.1060, Train: 0.5167, Val: 0.4180, Test: 0.4100
Epoch: 37, Loss: 1.0985, Train: 0.4500, Val: 0.3680, Test: 0.3530
Epoch: 38, Loss: 1.0950, Train: 0.4667, Val: 0.3080, Test: 0.2900
Epoch: 39, Loss: 1.0636, Train: 0.3833, Val: 0.2160, Test: 0.1950
Epoch: 40, Loss: 1.1122, Train: 0.4000, Val: 0.2280, Test: 0.2130
Epoch: 41, Loss: 1.0622, Train: 0.4500, Val: 0.2580, Test: 0.2240
Epoch: 42, Loss: 1.0358, Train: 0.4667, Val: 0.2760, Test: 0.2510
Epoch: 43, Loss: 1.0715, Train: 0.5333, Val: 0.3820, Test: 0.3840
Epoch: 44, Loss: 1.0943, Train: 0.6000, Val: 0.4920, Test: 0.4900
Epoch: 45, Loss: 1.0785, Train: 0.7167, Val: 0.6640, Test: 0.6540
Epoch: 46, Loss: 1.0754, Train: 0.8167, Val: 0.7200, Test: 0.6900
Epoch: 47, Loss: 1.0517, Train: 0.8833, Val: 0.7160, Test: 0.6800
Epoch: 48, Loss: 1.0454, Train: 0.8833, Val: 0.7160, Test: 0.6880
Epoch: 49, Loss: 1.0441, Train: 0.8667, Val: 0.6860, Test: 0.6610
Epoch: 50, Loss: 1.0561, Train: 0.7667, Val: 0.5940, Test: 0.5860
Epoch: 51, Loss: 1.0039, Train: 0.7000, Val: 0.5780, Test: 0.5580
Epoch: 52, Loss: 1.0117, Train: 0.7000, Val: 0.5740, Test: 0.5560
Epoch: 53, Loss: 0.9709, Train: 0.7500, Val: 0.5960, Test: 0.5800
Epoch: 54, Loss: 0.9581, Train: 0.7667, Val: 0.6100, Test: 0.6010
Epoch: 55, Loss: 0.9211, Train: 0.7667, Val: 0.6000, Test: 0.5720
Epoch: 56, Loss: 0.8795, Train: 0.7833, Val: 0.6020, Test: 0.5600
Epoch: 57, Loss: 0.8874, Train: 0.7833, Val: 0.6040, Test: 0.5750
Epoch: 58, Loss: 0.8649, Train: 0.7833, Val: 0.6140, Test: 0.6030
Epoch: 59, Loss: 0.7761, Train: 0.8000, Val: 0.6180, Test: 0.6200
Epoch: 60, Loss: 0.7878, Train: 0.7667, Val: 0.6240, Test: 0.5850
Epoch: 61, Loss: 0.7409, Train: 0.7000, Val: 0.6160, Test: 0.5610
Epoch: 62, Loss: 0.7360, Train: 0.7167, Val: 0.6300, Test: 0.5820
Epoch: 63, Loss: 0.6657, Train: 0.8000, Val: 0.6700, Test: 0.6290
Epoch: 64, Loss: 0.6632, Train: 0.8833, Val: 0.6900, Test: 0.6570
Epoch: 65, Loss: 0.6714, Train: 0.9000, Val: 0.7020, Test: 0.6620
Epoch: 66, Loss: 0.5974, Train: 0.8500, Val: 0.7060, Test: 0.6680
Epoch: 67, Loss: 0.5826, Train: 0.8500, Val: 0.7120, Test: 0.6750
Epoch: 68, Loss: 0.5712, Train: 0.8667, Val: 0.7180, Test: 0.6900
Epoch: 69, Loss: 0.4920, Train: 0.9000, Val: 0.7380, Test: 0.7020
Epoch: 70, Loss: 0.5986, Train: 0.9333, Val: 0.7520, Test: 0.7070
Epoch: 71, Loss: 0.4331, Train: 0.9500, Val: 0.7560, Test: 0.6940
Epoch: 72, Loss: 0.3798, Train: 0.9667, Val: 0.7560, Test: 0.7160
Epoch: 73, Loss: 0.4325, Train: 0.9500, Val: 0.7580, Test: 0.7250
Epoch: 74, Loss: 0.4809, Train: 0.9333, Val: 0.7640, Test: 0.7250
Epoch: 75, Loss: 0.3968, Train: 0.9833, Val: 0.7740, Test: 0.7470
Epoch: 76, Loss: 0.3243, Train: 0.9833, Val: 0.7820, Test: 0.7410
Epoch: 77, Loss: 0.3328, Train: 0.9833, Val: 0.7840, Test: 0.7370
Epoch: 78, Loss: 0.2606, Train: 0.9833, Val: 0.7820, Test: 0.7470
Epoch: 79, Loss: 0.2380, Train: 0.9833, Val: 0.7900, Test: 0.7600
Epoch: 80, Loss: 0.2420, Train: 0.9833, Val: 0.7980, Test: 0.7670
Epoch: 81, Loss: 0.1688, Train: 0.9833, Val: 0.8000, Test: 0.7730
Epoch: 82, Loss: 0.1985, Train: 0.9833, Val: 0.8060, Test: 0.7730
Epoch: 83, Loss: 0.1349, Train: 1.0000, Val: 0.8020, Test: 0.7750
Epoch: 84, Loss: 0.0918, Train: 1.0000, Val: 0.8040, Test: 0.7720
Epoch: 85, Loss: 0.1014, Train: 1.0000, Val: 0.7980, Test: 0.7710
Epoch: 86, Loss: 0.0848, Train: 1.0000, Val: 0.7760, Test: 0.7570
Epoch: 87, Loss: 0.0553, Train: 1.0000, Val: 0.7680, Test: 0.7440
Epoch: 88, Loss: 0.0935, Train: 1.0000, Val: 0.7860, Test: 0.7610
Epoch: 89, Loss: 0.0567, Train: 1.0000, Val: 0.7680, Test: 0.7510
Epoch: 90, Loss: 0.0341, Train: 1.0000, Val: 0.7620, Test: 0.7540
Epoch: 91, Loss: 0.0644, Train: 0.9833, Val: 0.7700, Test: 0.7530
Epoch: 92, Loss: 0.0406, Train: 0.9833, Val: 0.7720, Test: 0.7520
Epoch: 93, Loss: 0.0509, Train: 1.0000, Val: 0.7800, Test: 0.7550
Epoch: 94, Loss: 0.0314, Train: 0.9833, Val: 0.7780, Test: 0.7570
Epoch: 95, Loss: 0.0933, Train: 0.9833, Val: 0.7600, Test: 0.7430
Epoch: 96, Loss: 0.1722, Train: 1.0000, Val: 0.7920, Test: 0.7700
Epoch: 97, Loss: 0.0455, Train: 0.9500, Val: 0.7400, Test: 0.7130
Epoch: 98, Loss: 0.1189, Train: 0.9667, Val: 0.7400, Test: 0.7200
Epoch: 99, Loss: 0.0833, Train: 1.0000, Val: 0.7640, Test: 0.7390
Epoch: 100, Loss: 0.0173, Train: 1.0000, Val: 0.7620, Test: 0.7370
MAD:  0.4865
Best Test Accuracy: 0.7750, Val Accuracy: 0.8020, Train Accuracy: 1.0000
Training completed.
Seed:  4
PMPGNN(
  (convs): ModuleList(
    (0): ParallelGNNBlock(
      (conv1): GATv2Conv(128, 128, heads=1)
      (conv2): GATv2Conv(128, 128, heads=1)
      (norm): LayerNorm((128,), eps=1e-05, elementwise_affine=True)
    )
    (1-7): 7 x ParallelGNNBlock(
      (conv1): GATv2Conv(256, 128, heads=1)
      (conv2): GATv2Conv(256, 128, heads=1)
      (norm): LayerNorm((128,), eps=1e-05, elementwise_affine=True)
    )
  )
  (norm): LayerNorm((256,), eps=1e-05, elementwise_affine=True)
  (mlp): Sequential(
    (0): Linear(in_features=256, out_features=64, bias=True)
    (1): LeakyReLU(negative_slope=0.01)
    (2): Dropout(p=0.3, inplace=False)
    (3): Linear(in_features=64, out_features=3, bias=True)
  )
  (proj): Linear(in_features=500, out_features=128, bias=True)
)
Epoch: 1, Loss: 1.1009, Train: 0.3333, Val: 0.3900, Test: 0.4160
Epoch: 2, Loss: 1.0910, Train: 0.3000, Val: 0.5100, Test: 0.5100
Epoch: 3, Loss: 1.1623, Train: 0.3333, Val: 0.4160, Test: 0.4070
Epoch: 4, Loss: 1.1066, Train: 0.3333, Val: 0.4160, Test: 0.4070
Epoch: 5, Loss: 1.1149, Train: 0.3333, Val: 0.4160, Test: 0.4070
Epoch: 6, Loss: 1.1042, Train: 0.3333, Val: 0.4160, Test: 0.4070
Epoch: 7, Loss: 1.1170, Train: 0.3333, Val: 0.4160, Test: 0.4070
Epoch: 8, Loss: 1.1144, Train: 0.3333, Val: 0.4160, Test: 0.4070
Epoch: 9, Loss: 1.1178, Train: 0.3333, Val: 0.4160, Test: 0.4070
Epoch: 10, Loss: 1.0817, Train: 0.3333, Val: 0.4160, Test: 0.4070
Epoch: 11, Loss: 1.1199, Train: 0.3333, Val: 0.4160, Test: 0.4070
Epoch: 12, Loss: 1.1194, Train: 0.3333, Val: 0.4160, Test: 0.4070
Epoch: 13, Loss: 1.1036, Train: 0.3833, Val: 0.3800, Test: 0.3670
Epoch: 14, Loss: 1.0664, Train: 0.3833, Val: 0.2420, Test: 0.2210
Epoch: 15, Loss: 1.1340, Train: 0.3333, Val: 0.1960, Test: 0.1800
Epoch: 16, Loss: 1.0782, Train: 0.3333, Val: 0.1960, Test: 0.1800
Epoch: 17, Loss: 1.1076, Train: 0.3333, Val: 0.1960, Test: 0.1800
Epoch: 18, Loss: 1.0748, Train: 0.3333, Val: 0.1960, Test: 0.1800
Epoch: 19, Loss: 1.1242, Train: 0.3333, Val: 0.1960, Test: 0.1800
Epoch: 20, Loss: 1.0957, Train: 0.3333, Val: 0.1960, Test: 0.1800
Epoch: 21, Loss: 1.1023, Train: 0.3333, Val: 0.1960, Test: 0.1800
Epoch: 22, Loss: 1.0799, Train: 0.3333, Val: 0.1960, Test: 0.1800
Epoch: 23, Loss: 1.0985, Train: 0.3333, Val: 0.1960, Test: 0.1800
Epoch: 24, Loss: 1.0748, Train: 0.3333, Val: 0.1960, Test: 0.1800
Epoch: 25, Loss: 1.1379, Train: 0.3333, Val: 0.1960, Test: 0.1800
Epoch: 26, Loss: 1.1426, Train: 0.3333, Val: 0.1960, Test: 0.1800
Epoch: 27, Loss: 1.1324, Train: 0.3333, Val: 0.1960, Test: 0.1800
Epoch: 28, Loss: 1.0738, Train: 0.3500, Val: 0.2000, Test: 0.1810
Epoch: 29, Loss: 1.0563, Train: 0.3500, Val: 0.2200, Test: 0.2010
Epoch: 30, Loss: 1.1064, Train: 0.3833, Val: 0.2300, Test: 0.2190
Epoch: 31, Loss: 1.0772, Train: 0.4000, Val: 0.2420, Test: 0.2350
Epoch: 32, Loss: 1.0796, Train: 0.4833, Val: 0.3160, Test: 0.3120
Epoch: 33, Loss: 1.0741, Train: 0.5500, Val: 0.4000, Test: 0.3790
Epoch: 34, Loss: 1.0715, Train: 0.6000, Val: 0.4900, Test: 0.4650
Epoch: 35, Loss: 1.1160, Train: 0.6167, Val: 0.5320, Test: 0.5160
Epoch: 36, Loss: 1.1438, Train: 0.5500, Val: 0.5100, Test: 0.4900
Epoch: 37, Loss: 1.0731, Train: 0.5333, Val: 0.4860, Test: 0.4820
Epoch: 38, Loss: 1.0786, Train: 0.5500, Val: 0.4480, Test: 0.4780
Epoch: 39, Loss: 1.1080, Train: 0.4833, Val: 0.4500, Test: 0.4680
Epoch: 40, Loss: 1.0688, Train: 0.4833, Val: 0.4300, Test: 0.4480
Epoch: 41, Loss: 1.0833, Train: 0.4833, Val: 0.4580, Test: 0.4700
Epoch: 42, Loss: 1.0683, Train: 0.5500, Val: 0.4660, Test: 0.5060
Epoch: 43, Loss: 1.0980, Train: 0.5833, Val: 0.5060, Test: 0.5360
Epoch: 44, Loss: 1.0780, Train: 0.6667, Val: 0.5700, Test: 0.5670
Epoch: 45, Loss: 1.0471, Train: 0.6833, Val: 0.5740, Test: 0.5750
Epoch: 46, Loss: 1.0442, Train: 0.7500, Val: 0.5980, Test: 0.6000
Epoch: 47, Loss: 1.0388, Train: 0.8000, Val: 0.6320, Test: 0.6170
Epoch: 48, Loss: 1.0328, Train: 0.8167, Val: 0.6440, Test: 0.6310
Epoch: 49, Loss: 0.9402, Train: 0.8167, Val: 0.6220, Test: 0.6200
Epoch: 50, Loss: 0.9828, Train: 0.7667, Val: 0.6060, Test: 0.5950
Epoch: 51, Loss: 0.9658, Train: 0.7333, Val: 0.5920, Test: 0.5620
Epoch: 52, Loss: 0.9164, Train: 0.7000, Val: 0.5660, Test: 0.5480
Epoch: 53, Loss: 0.9080, Train: 0.6667, Val: 0.5620, Test: 0.5440
Epoch: 54, Loss: 0.8927, Train: 0.6500, Val: 0.5600, Test: 0.5410
Epoch: 55, Loss: 0.8395, Train: 0.6667, Val: 0.5540, Test: 0.5280
Epoch: 56, Loss: 0.8139, Train: 0.6500, Val: 0.5540, Test: 0.5280
Epoch: 57, Loss: 0.7807, Train: 0.6500, Val: 0.5520, Test: 0.5310
Epoch: 58, Loss: 0.7581, Train: 0.6500, Val: 0.5500, Test: 0.5320
Epoch: 59, Loss: 0.7406, Train: 0.6667, Val: 0.5520, Test: 0.5340
Epoch: 60, Loss: 0.7488, Train: 0.6833, Val: 0.5600, Test: 0.5370
Epoch: 61, Loss: 0.6601, Train: 0.6833, Val: 0.5580, Test: 0.5290
Epoch: 62, Loss: 0.6655, Train: 0.7000, Val: 0.5700, Test: 0.5520
Epoch: 63, Loss: 0.6479, Train: 0.8667, Val: 0.6640, Test: 0.6610
Epoch: 64, Loss: 0.6088, Train: 0.9167, Val: 0.7420, Test: 0.6980
Epoch: 65, Loss: 0.6253, Train: 0.9000, Val: 0.7160, Test: 0.6940
Epoch: 66, Loss: 0.5689, Train: 0.8500, Val: 0.7100, Test: 0.6880
Epoch: 67, Loss: 0.5050, Train: 0.9000, Val: 0.7300, Test: 0.6890
Epoch: 68, Loss: 0.5459, Train: 0.9333, Val: 0.7560, Test: 0.7100
Epoch: 69, Loss: 0.5578, Train: 0.9500, Val: 0.7560, Test: 0.7050
Epoch: 70, Loss: 0.4600, Train: 0.9500, Val: 0.7560, Test: 0.7150
Epoch: 71, Loss: 0.5334, Train: 0.9500, Val: 0.7560, Test: 0.7100
Epoch: 72, Loss: 0.3885, Train: 0.9500, Val: 0.7500, Test: 0.7280
Epoch: 73, Loss: 0.4356, Train: 0.9333, Val: 0.7440, Test: 0.7190
Epoch: 74, Loss: 0.3616, Train: 0.9333, Val: 0.7380, Test: 0.7150
Epoch: 75, Loss: 0.3502, Train: 0.9333, Val: 0.7640, Test: 0.7250
Epoch: 76, Loss: 0.2694, Train: 0.9667, Val: 0.7780, Test: 0.7400
Epoch: 77, Loss: 0.2978, Train: 0.9667, Val: 0.7560, Test: 0.7320
Epoch: 78, Loss: 0.2672, Train: 0.9667, Val: 0.7680, Test: 0.7480
Epoch: 79, Loss: 0.2494, Train: 0.9833, Val: 0.7800, Test: 0.7630
Epoch: 80, Loss: 0.1447, Train: 0.9833, Val: 0.7860, Test: 0.7660
Epoch: 81, Loss: 0.1496, Train: 0.9833, Val: 0.7840, Test: 0.7740
Epoch: 82, Loss: 0.1277, Train: 0.9833, Val: 0.7680, Test: 0.7480
Epoch: 83, Loss: 0.1217, Train: 1.0000, Val: 0.7620, Test: 0.7270
Epoch: 84, Loss: 0.1038, Train: 1.0000, Val: 0.7560, Test: 0.7330
Epoch: 85, Loss: 0.0820, Train: 1.0000, Val: 0.7580, Test: 0.7390
Epoch: 86, Loss: 0.0620, Train: 1.0000, Val: 0.7440, Test: 0.7400
Epoch: 87, Loss: 0.0751, Train: 1.0000, Val: 0.7560, Test: 0.7390
Epoch: 88, Loss: 0.0295, Train: 1.0000, Val: 0.7580, Test: 0.7350
Epoch: 89, Loss: 0.0584, Train: 1.0000, Val: 0.7780, Test: 0.7730
Epoch: 90, Loss: 0.0417, Train: 1.0000, Val: 0.8000, Test: 0.7780
Epoch: 91, Loss: 0.0558, Train: 1.0000, Val: 0.7980, Test: 0.7740
Epoch: 92, Loss: 0.0328, Train: 1.0000, Val: 0.7760, Test: 0.7580
Epoch: 93, Loss: 0.0279, Train: 1.0000, Val: 0.7700, Test: 0.7560
Epoch: 94, Loss: 0.0256, Train: 0.9833, Val: 0.7740, Test: 0.7520
Epoch: 95, Loss: 0.1089, Train: 1.0000, Val: 0.7900, Test: 0.7680
Epoch: 96, Loss: 0.0252, Train: 0.9833, Val: 0.7820, Test: 0.7510
Epoch: 97, Loss: 0.1015, Train: 0.9833, Val: 0.7900, Test: 0.7700
Epoch: 98, Loss: 0.0750, Train: 1.0000, Val: 0.7880, Test: 0.7650
Epoch: 99, Loss: 0.0159, Train: 1.0000, Val: 0.7700, Test: 0.7520
Epoch: 100, Loss: 0.0119, Train: 0.9667, Val: 0.7460, Test: 0.7190
MAD:  0.5416
Best Test Accuracy: 0.7780, Val Accuracy: 0.8000, Train Accuracy: 1.0000
Training completed.
Seed:  5
PMPGNN(
  (convs): ModuleList(
    (0): ParallelGNNBlock(
      (conv1): GATv2Conv(128, 128, heads=1)
      (conv2): GATv2Conv(128, 128, heads=1)
      (norm): LayerNorm((128,), eps=1e-05, elementwise_affine=True)
    )
    (1-7): 7 x ParallelGNNBlock(
      (conv1): GATv2Conv(256, 128, heads=1)
      (conv2): GATv2Conv(256, 128, heads=1)
      (norm): LayerNorm((128,), eps=1e-05, elementwise_affine=True)
    )
  )
  (norm): LayerNorm((256,), eps=1e-05, elementwise_affine=True)
  (mlp): Sequential(
    (0): Linear(in_features=256, out_features=64, bias=True)
    (1): LeakyReLU(negative_slope=0.01)
    (2): Dropout(p=0.3, inplace=False)
    (3): Linear(in_features=64, out_features=3, bias=True)
  )
  (proj): Linear(in_features=500, out_features=128, bias=True)
)
Epoch: 1, Loss: 1.1253, Train: 0.3833, Val: 0.2280, Test: 0.2010
Epoch: 2, Loss: 1.1791, Train: 0.3167, Val: 0.1940, Test: 0.1760
Epoch: 3, Loss: 1.0697, Train: 0.2500, Val: 0.2800, Test: 0.2580
Epoch: 4, Loss: 1.0926, Train: 0.3333, Val: 0.4120, Test: 0.4040
Epoch: 5, Loss: 1.1406, Train: 0.3333, Val: 0.4140, Test: 0.4020
Epoch: 6, Loss: 1.1051, Train: 0.3833, Val: 0.4260, Test: 0.4040
Epoch: 7, Loss: 1.0971, Train: 0.5333, Val: 0.3960, Test: 0.3630
Epoch: 8, Loss: 1.1250, Train: 0.4667, Val: 0.3760, Test: 0.3430
Epoch: 9, Loss: 1.1189, Train: 0.5000, Val: 0.3860, Test: 0.3650
Epoch: 10, Loss: 1.1061, Train: 0.5000, Val: 0.4160, Test: 0.3890
Epoch: 11, Loss: 1.1146, Train: 0.5167, Val: 0.4120, Test: 0.3870
Epoch: 12, Loss: 1.1097, Train: 0.4833, Val: 0.4460, Test: 0.4270
Epoch: 13, Loss: 1.0920, Train: 0.3500, Val: 0.4260, Test: 0.4060
Epoch: 14, Loss: 1.0917, Train: 0.4167, Val: 0.4580, Test: 0.4360
Epoch: 15, Loss: 1.0797, Train: 0.5833, Val: 0.5800, Test: 0.5960
Epoch: 16, Loss: 1.1127, Train: 0.3833, Val: 0.4040, Test: 0.4400
Epoch: 17, Loss: 1.0856, Train: 0.3500, Val: 0.3880, Test: 0.4140
Epoch: 18, Loss: 1.0823, Train: 0.3833, Val: 0.4160, Test: 0.4410
Epoch: 19, Loss: 1.1275, Train: 0.4833, Val: 0.5260, Test: 0.5500
Epoch: 20, Loss: 1.1056, Train: 0.6000, Val: 0.5700, Test: 0.5960
Epoch: 21, Loss: 1.0796, Train: 0.4667, Val: 0.4800, Test: 0.5260
Epoch: 22, Loss: 1.0590, Train: 0.4333, Val: 0.4600, Test: 0.5010
Epoch: 23, Loss: 1.0823, Train: 0.3500, Val: 0.3980, Test: 0.4230
Epoch: 24, Loss: 1.0977, Train: 0.3500, Val: 0.3900, Test: 0.4160
Epoch: 25, Loss: 1.0900, Train: 0.3500, Val: 0.3900, Test: 0.4160
Epoch: 26, Loss: 1.0833, Train: 0.3500, Val: 0.3940, Test: 0.4180
Epoch: 27, Loss: 1.1119, Train: 0.3667, Val: 0.4080, Test: 0.4370
Epoch: 28, Loss: 1.1404, Train: 0.3667, Val: 0.3960, Test: 0.4240
Epoch: 29, Loss: 1.0533, Train: 0.3667, Val: 0.3940, Test: 0.4250
Epoch: 30, Loss: 1.1065, Train: 0.3500, Val: 0.3940, Test: 0.4200
Epoch: 31, Loss: 1.1271, Train: 0.4167, Val: 0.4020, Test: 0.4260
Epoch: 32, Loss: 1.0657, Train: 0.6167, Val: 0.5080, Test: 0.5330
Epoch: 33, Loss: 1.0904, Train: 0.7500, Val: 0.6220, Test: 0.6500
Epoch: 34, Loss: 1.0876, Train: 0.8167, Val: 0.7060, Test: 0.7000
Epoch: 35, Loss: 1.0465, Train: 0.8333, Val: 0.7240, Test: 0.7100
Epoch: 36, Loss: 1.1036, Train: 0.8833, Val: 0.6720, Test: 0.6520
Epoch: 37, Loss: 1.1031, Train: 0.6667, Val: 0.5620, Test: 0.5590
Epoch: 38, Loss: 1.0815, Train: 0.6500, Val: 0.5400, Test: 0.5200
Epoch: 39, Loss: 1.0680, Train: 0.6000, Val: 0.5240, Test: 0.5140
Epoch: 40, Loss: 1.0803, Train: 0.6000, Val: 0.5200, Test: 0.5100
Epoch: 41, Loss: 1.0327, Train: 0.6500, Val: 0.5320, Test: 0.5140
Epoch: 42, Loss: 1.0154, Train: 0.6500, Val: 0.5380, Test: 0.5270
Epoch: 43, Loss: 1.0410, Train: 0.6333, Val: 0.5580, Test: 0.5490
Epoch: 44, Loss: 1.0410, Train: 0.7000, Val: 0.5840, Test: 0.5550
Epoch: 45, Loss: 0.9858, Train: 0.7667, Val: 0.6060, Test: 0.5950
Epoch: 46, Loss: 0.9618, Train: 0.8000, Val: 0.6200, Test: 0.6000
Epoch: 47, Loss: 0.9329, Train: 0.8000, Val: 0.6160, Test: 0.5930
Epoch: 48, Loss: 0.8952, Train: 0.7500, Val: 0.6040, Test: 0.5820
Epoch: 49, Loss: 0.8857, Train: 0.7833, Val: 0.5840, Test: 0.5780
Epoch: 50, Loss: 0.8628, Train: 0.8000, Val: 0.5900, Test: 0.5720
Epoch: 51, Loss: 0.8240, Train: 0.8000, Val: 0.5960, Test: 0.5820
Epoch: 52, Loss: 0.7621, Train: 0.7833, Val: 0.5940, Test: 0.5950
Epoch: 53, Loss: 0.7185, Train: 0.8000, Val: 0.6140, Test: 0.6090
Epoch: 54, Loss: 0.6869, Train: 0.8167, Val: 0.6320, Test: 0.6150
Epoch: 55, Loss: 0.6599, Train: 0.8833, Val: 0.6640, Test: 0.6280
Epoch: 56, Loss: 0.6736, Train: 0.9167, Val: 0.6800, Test: 0.6420
Epoch: 57, Loss: 0.6191, Train: 0.9333, Val: 0.7020, Test: 0.6620
Epoch: 58, Loss: 0.6205, Train: 0.9000, Val: 0.7220, Test: 0.6750
Epoch: 59, Loss: 0.5773, Train: 0.9333, Val: 0.7180, Test: 0.6650
Epoch: 60, Loss: 0.4847, Train: 0.9500, Val: 0.6840, Test: 0.6500
Epoch: 61, Loss: 0.5003, Train: 0.9333, Val: 0.7480, Test: 0.6800
Epoch: 62, Loss: 0.4552, Train: 0.9167, Val: 0.7460, Test: 0.7030
Epoch: 63, Loss: 0.4811, Train: 0.9333, Val: 0.7620, Test: 0.7080
Epoch: 64, Loss: 0.4125, Train: 0.9667, Val: 0.7360, Test: 0.6940
Epoch: 65, Loss: 0.3087, Train: 0.9667, Val: 0.7280, Test: 0.6940
Epoch: 66, Loss: 0.3294, Train: 0.9667, Val: 0.7500, Test: 0.7170
Epoch: 67, Loss: 0.3675, Train: 0.9500, Val: 0.7720, Test: 0.7460
Epoch: 68, Loss: 0.2488, Train: 0.9500, Val: 0.7740, Test: 0.7440
Epoch: 69, Loss: 0.2434, Train: 0.9500, Val: 0.7540, Test: 0.7370
Epoch: 70, Loss: 0.2943, Train: 0.9667, Val: 0.7820, Test: 0.7430
Epoch: 71, Loss: 0.2296, Train: 0.9833, Val: 0.7420, Test: 0.7180
Epoch: 72, Loss: 0.2613, Train: 0.9833, Val: 0.7180, Test: 0.6850
Epoch: 73, Loss: 0.1778, Train: 0.9667, Val: 0.7120, Test: 0.6840
Epoch: 74, Loss: 0.2320, Train: 0.9667, Val: 0.7400, Test: 0.7020
Epoch: 75, Loss: 0.2299, Train: 0.9833, Val: 0.7620, Test: 0.7380
Epoch: 76, Loss: 0.1514, Train: 0.9833, Val: 0.7760, Test: 0.7480
Epoch: 77, Loss: 0.0925, Train: 0.9833, Val: 0.7720, Test: 0.7470
Epoch: 78, Loss: 0.1530, Train: 0.9833, Val: 0.7680, Test: 0.7530
Epoch: 79, Loss: 0.1666, Train: 0.9833, Val: 0.7820, Test: 0.7640
Epoch: 80, Loss: 0.1491, Train: 0.9667, Val: 0.7860, Test: 0.7610
Epoch: 81, Loss: 0.0976, Train: 0.9667, Val: 0.7820, Test: 0.7530
Epoch: 82, Loss: 0.1487, Train: 0.9667, Val: 0.7740, Test: 0.7510
Epoch: 83, Loss: 0.1225, Train: 0.9667, Val: 0.7780, Test: 0.7490
Epoch: 84, Loss: 0.1563, Train: 0.9833, Val: 0.7860, Test: 0.7570
Epoch: 85, Loss: 0.0871, Train: 0.9833, Val: 0.7840, Test: 0.7650
Epoch: 86, Loss: 0.1192, Train: 0.9833, Val: 0.8000, Test: 0.7750
Epoch: 87, Loss: 0.0915, Train: 0.9833, Val: 0.7940, Test: 0.7710
Epoch: 88, Loss: 0.1064, Train: 0.9833, Val: 0.7900, Test: 0.7680
Epoch: 89, Loss: 0.0551, Train: 0.9833, Val: 0.7780, Test: 0.7720
Epoch: 90, Loss: 0.0940, Train: 1.0000, Val: 0.7840, Test: 0.7720
Epoch: 91, Loss: 0.0468, Train: 1.0000, Val: 0.7760, Test: 0.7660
Epoch: 92, Loss: 0.0506, Train: 0.9833, Val: 0.7560, Test: 0.7410
Epoch: 93, Loss: 0.0711, Train: 1.0000, Val: 0.7500, Test: 0.7350
Epoch: 94, Loss: 0.0599, Train: 1.0000, Val: 0.7520, Test: 0.7300
Epoch: 95, Loss: 0.0467, Train: 1.0000, Val: 0.7720, Test: 0.7480
Epoch: 96, Loss: 0.0638, Train: 1.0000, Val: 0.7720, Test: 0.7640
Epoch: 97, Loss: 0.0363, Train: 1.0000, Val: 0.7680, Test: 0.7500
Epoch: 98, Loss: 0.0275, Train: 0.9833, Val: 0.7480, Test: 0.7290
Epoch: 99, Loss: 0.0895, Train: 1.0000, Val: 0.7620, Test: 0.7490
Epoch: 100, Loss: 0.0187, Train: 1.0000, Val: 0.7660, Test: 0.7590
MAD:  0.5211
Best Test Accuracy: 0.7750, Val Accuracy: 0.8000, Train Accuracy: 0.9833
Training completed.
Seed:  6
PMPGNN(
  (convs): ModuleList(
    (0): ParallelGNNBlock(
      (conv1): GATv2Conv(128, 128, heads=1)
      (conv2): GATv2Conv(128, 128, heads=1)
      (norm): LayerNorm((128,), eps=1e-05, elementwise_affine=True)
    )
    (1-7): 7 x ParallelGNNBlock(
      (conv1): GATv2Conv(256, 128, heads=1)
      (conv2): GATv2Conv(256, 128, heads=1)
      (norm): LayerNorm((128,), eps=1e-05, elementwise_affine=True)
    )
  )
  (norm): LayerNorm((256,), eps=1e-05, elementwise_affine=True)
  (mlp): Sequential(
    (0): Linear(in_features=256, out_features=64, bias=True)
    (1): LeakyReLU(negative_slope=0.01)
    (2): Dropout(p=0.3, inplace=False)
    (3): Linear(in_features=64, out_features=3, bias=True)
  )
  (proj): Linear(in_features=500, out_features=128, bias=True)
)
Epoch: 1, Loss: 1.1531, Train: 0.3333, Val: 0.4160, Test: 0.4070
Epoch: 2, Loss: 1.1746, Train: 0.3333, Val: 0.4160, Test: 0.4070
Epoch: 3, Loss: 1.1458, Train: 0.3333, Val: 0.4160, Test: 0.4070
Epoch: 4, Loss: 1.1320, Train: 0.3333, Val: 0.4160, Test: 0.4070
Epoch: 5, Loss: 1.0973, Train: 0.3333, Val: 0.4160, Test: 0.4070
Epoch: 6, Loss: 1.1983, Train: 0.3667, Val: 0.4240, Test: 0.4200
Epoch: 7, Loss: 1.1099, Train: 0.4500, Val: 0.4640, Test: 0.4590
Epoch: 8, Loss: 1.1264, Train: 0.5333, Val: 0.5520, Test: 0.5620
Epoch: 9, Loss: 1.1142, Train: 0.4333, Val: 0.4280, Test: 0.4530
Epoch: 10, Loss: 1.1165, Train: 0.3833, Val: 0.4220, Test: 0.4380
Epoch: 11, Loss: 1.1192, Train: 0.3833, Val: 0.3980, Test: 0.4290
Epoch: 12, Loss: 1.1015, Train: 0.4833, Val: 0.4420, Test: 0.4600
Epoch: 13, Loss: 1.1216, Train: 0.5333, Val: 0.4860, Test: 0.4840
Epoch: 14, Loss: 1.1335, Train: 0.4500, Val: 0.4500, Test: 0.4520
Epoch: 15, Loss: 1.0913, Train: 0.5000, Val: 0.4620, Test: 0.4710
Epoch: 16, Loss: 1.1034, Train: 0.5000, Val: 0.4600, Test: 0.4710
Epoch: 17, Loss: 1.1289, Train: 0.5000, Val: 0.4900, Test: 0.4990
Epoch: 18, Loss: 1.1205, Train: 0.6667, Val: 0.6160, Test: 0.6230
Epoch: 19, Loss: 1.1061, Train: 0.7667, Val: 0.6940, Test: 0.6790
Epoch: 20, Loss: 1.1332, Train: 0.8333, Val: 0.6900, Test: 0.6660
Epoch: 21, Loss: 1.1435, Train: 0.8000, Val: 0.6600, Test: 0.6360
Epoch: 22, Loss: 1.1063, Train: 0.7667, Val: 0.6140, Test: 0.6180
Epoch: 23, Loss: 1.0793, Train: 0.7667, Val: 0.5920, Test: 0.5890
Epoch: 24, Loss: 1.0676, Train: 0.7500, Val: 0.5760, Test: 0.5790
Epoch: 25, Loss: 1.0718, Train: 0.6833, Val: 0.5780, Test: 0.5660
Epoch: 26, Loss: 1.0801, Train: 0.7333, Val: 0.5820, Test: 0.5930
Epoch: 27, Loss: 1.0830, Train: 0.7833, Val: 0.6100, Test: 0.6170
Epoch: 28, Loss: 1.1086, Train: 0.8333, Val: 0.6360, Test: 0.6380
Epoch: 29, Loss: 1.0907, Train: 0.8167, Val: 0.6980, Test: 0.6480
Epoch: 30, Loss: 1.0457, Train: 0.7167, Val: 0.6320, Test: 0.6040
Epoch: 31, Loss: 1.1202, Train: 0.6833, Val: 0.5700, Test: 0.5280
Epoch: 32, Loss: 1.1005, Train: 0.6833, Val: 0.5640, Test: 0.5260
Epoch: 33, Loss: 1.0625, Train: 0.6667, Val: 0.5720, Test: 0.5110
Epoch: 34, Loss: 1.0336, Train: 0.6500, Val: 0.5560, Test: 0.5250
Epoch: 35, Loss: 1.0965, Train: 0.6667, Val: 0.5900, Test: 0.5760
Epoch: 36, Loss: 1.0818, Train: 0.7500, Val: 0.5860, Test: 0.5800
Epoch: 37, Loss: 1.0642, Train: 0.7667, Val: 0.5700, Test: 0.5480
Epoch: 38, Loss: 1.0325, Train: 0.7333, Val: 0.5660, Test: 0.5390
Epoch: 39, Loss: 1.0363, Train: 0.6833, Val: 0.5660, Test: 0.5480
Epoch: 40, Loss: 1.0294, Train: 0.6833, Val: 0.5660, Test: 0.5530
Epoch: 41, Loss: 1.0150, Train: 0.6667, Val: 0.5540, Test: 0.5510
Epoch: 42, Loss: 0.9680, Train: 0.6833, Val: 0.5540, Test: 0.5490
Epoch: 43, Loss: 0.9188, Train: 0.6667, Val: 0.5460, Test: 0.5380
Epoch: 44, Loss: 0.9029, Train: 0.6833, Val: 0.5440, Test: 0.5280
Epoch: 45, Loss: 0.8520, Train: 0.6667, Val: 0.5460, Test: 0.5380
Epoch: 46, Loss: 0.8723, Train: 0.6500, Val: 0.5420, Test: 0.5300
Epoch: 47, Loss: 0.8727, Train: 0.6833, Val: 0.5280, Test: 0.5150
Epoch: 48, Loss: 0.8050, Train: 0.6833, Val: 0.5260, Test: 0.5130
Epoch: 49, Loss: 0.7702, Train: 0.6500, Val: 0.5300, Test: 0.5200
Epoch: 50, Loss: 0.8077, Train: 0.6500, Val: 0.5220, Test: 0.5250
Epoch: 51, Loss: 0.7655, Train: 0.6667, Val: 0.5340, Test: 0.5210
Epoch: 52, Loss: 0.7515, Train: 0.7000, Val: 0.5500, Test: 0.5100
Epoch: 53, Loss: 0.6955, Train: 0.6500, Val: 0.5320, Test: 0.5080
Epoch: 54, Loss: 0.6685, Train: 0.6833, Val: 0.5640, Test: 0.5350
Epoch: 55, Loss: 0.6647, Train: 0.7500, Val: 0.5720, Test: 0.5430
Epoch: 56, Loss: 0.6600, Train: 0.6833, Val: 0.5780, Test: 0.5390
Epoch: 57, Loss: 0.6190, Train: 0.7500, Val: 0.6000, Test: 0.5600
Epoch: 58, Loss: 0.5251, Train: 0.8000, Val: 0.5960, Test: 0.5800
Epoch: 59, Loss: 0.6381, Train: 0.8333, Val: 0.6140, Test: 0.6050
Epoch: 60, Loss: 0.7039, Train: 0.7167, Val: 0.6080, Test: 0.5630
Epoch: 61, Loss: 0.5963, Train: 0.6167, Val: 0.5340, Test: 0.5220
Epoch: 62, Loss: 0.6154, Train: 0.7167, Val: 0.6100, Test: 0.5670
Epoch: 63, Loss: 0.5551, Train: 0.9000, Val: 0.6920, Test: 0.6610
Epoch: 64, Loss: 0.4899, Train: 0.9167, Val: 0.6700, Test: 0.6430
Epoch: 65, Loss: 0.5635, Train: 0.8667, Val: 0.6460, Test: 0.6430
Epoch: 66, Loss: 0.6396, Train: 0.9333, Val: 0.7080, Test: 0.6560
Epoch: 67, Loss: 0.4690, Train: 0.7333, Val: 0.6380, Test: 0.6050
Epoch: 68, Loss: 0.5189, Train: 0.7333, Val: 0.6320, Test: 0.5920
Epoch: 69, Loss: 0.4519, Train: 0.8667, Val: 0.6700, Test: 0.6360
Epoch: 70, Loss: 0.4159, Train: 0.9167, Val: 0.6780, Test: 0.6480
Epoch: 71, Loss: 0.4782, Train: 0.8333, Val: 0.6180, Test: 0.5990
Epoch: 72, Loss: 0.5344, Train: 0.9333, Val: 0.6800, Test: 0.6450
Epoch: 73, Loss: 0.4526, Train: 0.8667, Val: 0.6740, Test: 0.6380
Epoch: 74, Loss: 0.3429, Train: 0.8167, Val: 0.6500, Test: 0.6220
Epoch: 75, Loss: 0.4832, Train: 0.8667, Val: 0.6760, Test: 0.6420
Epoch: 76, Loss: 0.3406, Train: 0.9500, Val: 0.7280, Test: 0.6630
Epoch: 77, Loss: 0.3512, Train: 0.9667, Val: 0.7040, Test: 0.6640
Epoch: 78, Loss: 0.2801, Train: 0.9667, Val: 0.6960, Test: 0.6630
Epoch: 79, Loss: 0.3269, Train: 0.9667, Val: 0.7140, Test: 0.6620
Epoch: 80, Loss: 0.3209, Train: 0.9667, Val: 0.7260, Test: 0.6640
Epoch: 81, Loss: 0.1960, Train: 0.9333, Val: 0.7080, Test: 0.6620
Epoch: 82, Loss: 0.2909, Train: 0.9667, Val: 0.7120, Test: 0.6630
Epoch: 83, Loss: 0.2831, Train: 0.9667, Val: 0.7240, Test: 0.6570
Epoch: 84, Loss: 0.2973, Train: 0.9667, Val: 0.6720, Test: 0.6520
Epoch: 85, Loss: 0.2995, Train: 0.9667, Val: 0.6980, Test: 0.6560
Epoch: 86, Loss: 0.2457, Train: 0.9667, Val: 0.7200, Test: 0.6620
Epoch: 87, Loss: 0.2031, Train: 0.9500, Val: 0.7040, Test: 0.6720
Epoch: 88, Loss: 0.2787, Train: 0.9667, Val: 0.7200, Test: 0.6800
Epoch: 89, Loss: 0.1932, Train: 0.9667, Val: 0.7260, Test: 0.6860
Epoch: 90, Loss: 0.1978, Train: 0.9667, Val: 0.7360, Test: 0.6920
Epoch: 91, Loss: 0.1741, Train: 0.9667, Val: 0.7300, Test: 0.6890
Epoch: 92, Loss: 0.2351, Train: 0.9667, Val: 0.7460, Test: 0.6950
Epoch: 93, Loss: 0.1082, Train: 0.9833, Val: 0.7480, Test: 0.7010
Epoch: 94, Loss: 0.1756, Train: 0.9667, Val: 0.7360, Test: 0.7120
Epoch: 95, Loss: 0.2058, Train: 0.9833, Val: 0.7520, Test: 0.7200
Epoch: 96, Loss: 0.0947, Train: 1.0000, Val: 0.7520, Test: 0.7210
Epoch: 97, Loss: 0.0687, Train: 0.9833, Val: 0.7540, Test: 0.7170
Epoch: 98, Loss: 0.1521, Train: 1.0000, Val: 0.7480, Test: 0.7190
Epoch: 99, Loss: 0.0859, Train: 1.0000, Val: 0.7540, Test: 0.7160
Epoch: 100, Loss: 0.0610, Train: 1.0000, Val: 0.7460, Test: 0.7190
MAD:  0.4386
Best Test Accuracy: 0.7210, Val Accuracy: 0.7520, Train Accuracy: 1.0000
Training completed.
Seed:  7
PMPGNN(
  (convs): ModuleList(
    (0): ParallelGNNBlock(
      (conv1): GATv2Conv(128, 128, heads=1)
      (conv2): GATv2Conv(128, 128, heads=1)
      (norm): LayerNorm((128,), eps=1e-05, elementwise_affine=True)
    )
    (1-7): 7 x ParallelGNNBlock(
      (conv1): GATv2Conv(256, 128, heads=1)
      (conv2): GATv2Conv(256, 128, heads=1)
      (norm): LayerNorm((128,), eps=1e-05, elementwise_affine=True)
    )
  )
  (norm): LayerNorm((256,), eps=1e-05, elementwise_affine=True)
  (mlp): Sequential(
    (0): Linear(in_features=256, out_features=64, bias=True)
    (1): LeakyReLU(negative_slope=0.01)
    (2): Dropout(p=0.3, inplace=False)
    (3): Linear(in_features=64, out_features=3, bias=True)
  )
  (proj): Linear(in_features=500, out_features=128, bias=True)
)
Epoch: 1, Loss: 1.1746, Train: 0.3667, Val: 0.3980, Test: 0.4250
Epoch: 2, Loss: 1.1470, Train: 0.3333, Val: 0.1960, Test: 0.1810
Epoch: 3, Loss: 1.0881, Train: 0.3333, Val: 0.1960, Test: 0.1800
Epoch: 4, Loss: 1.1072, Train: 0.3333, Val: 0.1960, Test: 0.1800
Epoch: 5, Loss: 1.1418, Train: 0.3333, Val: 0.1960, Test: 0.1800
Epoch: 6, Loss: 1.1253, Train: 0.3333, Val: 0.1960, Test: 0.1800
Epoch: 7, Loss: 1.1448, Train: 0.3333, Val: 0.1960, Test: 0.1800
Epoch: 8, Loss: 1.1323, Train: 0.3333, Val: 0.1960, Test: 0.1800
Epoch: 9, Loss: 1.0875, Train: 0.3333, Val: 0.1960, Test: 0.1800
Epoch: 10, Loss: 1.1375, Train: 0.3333, Val: 0.1960, Test: 0.1800
Epoch: 11, Loss: 1.0965, Train: 0.3333, Val: 0.1960, Test: 0.1800
Epoch: 12, Loss: 1.0845, Train: 0.3333, Val: 0.1960, Test: 0.1800
Epoch: 13, Loss: 1.1187, Train: 0.3333, Val: 0.1960, Test: 0.1800
Epoch: 14, Loss: 1.1227, Train: 0.4000, Val: 0.2300, Test: 0.2210
Epoch: 15, Loss: 1.1005, Train: 0.6000, Val: 0.5300, Test: 0.4970
Epoch: 16, Loss: 1.0950, Train: 0.4000, Val: 0.4220, Test: 0.4180
Epoch: 17, Loss: 1.0664, Train: 0.3500, Val: 0.4200, Test: 0.4090
Epoch: 18, Loss: 1.1002, Train: 0.3500, Val: 0.4200, Test: 0.4090
Epoch: 19, Loss: 1.0797, Train: 0.3833, Val: 0.4220, Test: 0.4140
Epoch: 20, Loss: 1.1001, Train: 0.4500, Val: 0.4340, Test: 0.4340
Epoch: 21, Loss: 1.1226, Train: 0.4833, Val: 0.4400, Test: 0.4380
Epoch: 22, Loss: 1.1041, Train: 0.4667, Val: 0.4540, Test: 0.4540
Epoch: 23, Loss: 1.1147, Train: 0.6167, Val: 0.5180, Test: 0.5120
Epoch: 24, Loss: 1.0910, Train: 0.6167, Val: 0.5360, Test: 0.5160
Epoch: 25, Loss: 1.0848, Train: 0.6167, Val: 0.5260, Test: 0.5170
Epoch: 26, Loss: 1.0913, Train: 0.5667, Val: 0.4900, Test: 0.4810
Epoch: 27, Loss: 1.1072, Train: 0.4667, Val: 0.4600, Test: 0.4480
Epoch: 28, Loss: 1.0974, Train: 0.4167, Val: 0.4260, Test: 0.4190
Epoch: 29, Loss: 1.0781, Train: 0.4000, Val: 0.4240, Test: 0.4110
Epoch: 30, Loss: 1.1133, Train: 0.3833, Val: 0.4220, Test: 0.4100
Epoch: 31, Loss: 1.1259, Train: 0.4000, Val: 0.4240, Test: 0.4110
Epoch: 32, Loss: 1.0400, Train: 0.4167, Val: 0.4240, Test: 0.4150
Epoch: 33, Loss: 1.0521, Train: 0.4167, Val: 0.4300, Test: 0.4310
Epoch: 34, Loss: 1.0763, Train: 0.5167, Val: 0.4820, Test: 0.4720
Epoch: 35, Loss: 1.0246, Train: 0.6000, Val: 0.5200, Test: 0.5090
Epoch: 36, Loss: 1.0830, Train: 0.6167, Val: 0.5360, Test: 0.5220
Epoch: 37, Loss: 1.0476, Train: 0.6167, Val: 0.5440, Test: 0.5250
Epoch: 38, Loss: 1.0518, Train: 0.6500, Val: 0.5520, Test: 0.5230
Epoch: 39, Loss: 1.0439, Train: 0.6500, Val: 0.5440, Test: 0.5150
Epoch: 40, Loss: 1.0299, Train: 0.6500, Val: 0.5460, Test: 0.5130
Epoch: 41, Loss: 0.9847, Train: 0.6500, Val: 0.5480, Test: 0.5180
Epoch: 42, Loss: 0.9601, Train: 0.6500, Val: 0.5480, Test: 0.5160
Epoch: 43, Loss: 0.9777, Train: 0.6667, Val: 0.5500, Test: 0.5200
Epoch: 44, Loss: 0.9193, Train: 0.6333, Val: 0.5580, Test: 0.5260
Epoch: 45, Loss: 0.8495, Train: 0.6333, Val: 0.5500, Test: 0.5280
Epoch: 46, Loss: 0.8598, Train: 0.6333, Val: 0.5500, Test: 0.5320
Epoch: 47, Loss: 0.8472, Train: 0.6333, Val: 0.5540, Test: 0.5360
Epoch: 48, Loss: 0.8467, Train: 0.6500, Val: 0.5540, Test: 0.5380
Epoch: 49, Loss: 0.8095, Train: 0.7000, Val: 0.5700, Test: 0.5460
Epoch: 50, Loss: 0.8225, Train: 0.7667, Val: 0.6140, Test: 0.5540
Epoch: 51, Loss: 0.7099, Train: 0.7667, Val: 0.6080, Test: 0.5650
Epoch: 52, Loss: 0.6946, Train: 0.7667, Val: 0.6160, Test: 0.5920
Epoch: 53, Loss: 0.6672, Train: 0.7667, Val: 0.6240, Test: 0.5940
Epoch: 54, Loss: 0.6922, Train: 0.7667, Val: 0.6220, Test: 0.5920
Epoch: 55, Loss: 0.6439, Train: 0.7667, Val: 0.6160, Test: 0.5940
Epoch: 56, Loss: 0.6280, Train: 0.8167, Val: 0.6300, Test: 0.6110
Epoch: 57, Loss: 0.6440, Train: 0.8667, Val: 0.6480, Test: 0.6240
Epoch: 58, Loss: 0.5519, Train: 0.9333, Val: 0.6840, Test: 0.6550
Epoch: 59, Loss: 0.5054, Train: 0.9333, Val: 0.7160, Test: 0.6630
Epoch: 60, Loss: 0.5286, Train: 0.9167, Val: 0.6940, Test: 0.6560
Epoch: 61, Loss: 0.6243, Train: 0.9333, Val: 0.7420, Test: 0.6850
Epoch: 62, Loss: 0.4876, Train: 0.9167, Val: 0.7260, Test: 0.6820
Epoch: 63, Loss: 0.3657, Train: 0.9333, Val: 0.7260, Test: 0.6910
Epoch: 64, Loss: 0.3421, Train: 0.9500, Val: 0.7440, Test: 0.7040
Epoch: 65, Loss: 0.3859, Train: 0.9500, Val: 0.7580, Test: 0.7110
Epoch: 66, Loss: 0.3274, Train: 0.9667, Val: 0.7460, Test: 0.6960
Epoch: 67, Loss: 0.3303, Train: 0.9667, Val: 0.7660, Test: 0.7120
Epoch: 68, Loss: 0.3235, Train: 0.9667, Val: 0.7540, Test: 0.7230
Epoch: 69, Loss: 0.2980, Train: 1.0000, Val: 0.7580, Test: 0.7260
Epoch: 70, Loss: 0.2474, Train: 1.0000, Val: 0.7760, Test: 0.7410
Epoch: 71, Loss: 0.1794, Train: 1.0000, Val: 0.7660, Test: 0.7420
Epoch: 72, Loss: 0.1842, Train: 1.0000, Val: 0.7580, Test: 0.7230
Epoch: 73, Loss: 0.1497, Train: 0.9833, Val: 0.7440, Test: 0.7130
Epoch: 74, Loss: 0.1164, Train: 0.9667, Val: 0.7460, Test: 0.7150
Epoch: 75, Loss: 0.1363, Train: 1.0000, Val: 0.7700, Test: 0.7470
Epoch: 76, Loss: 0.0650, Train: 1.0000, Val: 0.7800, Test: 0.7530
Epoch: 77, Loss: 0.1050, Train: 1.0000, Val: 0.7920, Test: 0.7600
Epoch: 78, Loss: 0.0635, Train: 1.0000, Val: 0.7880, Test: 0.7650
Epoch: 79, Loss: 0.0636, Train: 1.0000, Val: 0.7840, Test: 0.7630
Epoch: 80, Loss: 0.0312, Train: 1.0000, Val: 0.7760, Test: 0.7660
Epoch: 81, Loss: 0.0528, Train: 1.0000, Val: 0.7780, Test: 0.7720
Epoch: 82, Loss: 0.0417, Train: 1.0000, Val: 0.7900, Test: 0.7700
Epoch: 83, Loss: 0.0241, Train: 1.0000, Val: 0.7900, Test: 0.7750
Epoch: 84, Loss: 0.0211, Train: 1.0000, Val: 0.7920, Test: 0.7660
Epoch: 85, Loss: 0.0323, Train: 1.0000, Val: 0.7860, Test: 0.7610
Epoch: 86, Loss: 0.0229, Train: 1.0000, Val: 0.7940, Test: 0.7710
Epoch: 87, Loss: 0.0203, Train: 1.0000, Val: 0.7940, Test: 0.7700
Epoch: 88, Loss: 0.0090, Train: 1.0000, Val: 0.7880, Test: 0.7720
Epoch: 89, Loss: 0.0139, Train: 1.0000, Val: 0.7840, Test: 0.7710
Epoch: 90, Loss: 0.0137, Train: 1.0000, Val: 0.7740, Test: 0.7650
Epoch: 91, Loss: 0.0152, Train: 1.0000, Val: 0.7760, Test: 0.7670
Epoch: 92, Loss: 0.0116, Train: 1.0000, Val: 0.7760, Test: 0.7680
Epoch: 93, Loss: 0.0091, Train: 1.0000, Val: 0.7780, Test: 0.7680
Epoch: 94, Loss: 0.0096, Train: 1.0000, Val: 0.7800, Test: 0.7670
Epoch: 95, Loss: 0.0094, Train: 1.0000, Val: 0.7760, Test: 0.7660
Epoch: 96, Loss: 0.0148, Train: 1.0000, Val: 0.7800, Test: 0.7660
Epoch: 97, Loss: 0.0087, Train: 1.0000, Val: 0.7780, Test: 0.7680
Epoch: 98, Loss: 0.0541, Train: 1.0000, Val: 0.7580, Test: 0.7310
Epoch: 99, Loss: 0.0391, Train: 1.0000, Val: 0.7800, Test: 0.7360
Epoch: 100, Loss: 0.0078, Train: 0.9833, Val: 0.7800, Test: 0.7470
MAD:  0.5363
Best Test Accuracy: 0.7750, Val Accuracy: 0.7900, Train Accuracy: 1.0000
Training completed.
Seed:  8
PMPGNN(
  (convs): ModuleList(
    (0): ParallelGNNBlock(
      (conv1): GATv2Conv(128, 128, heads=1)
      (conv2): GATv2Conv(128, 128, heads=1)
      (norm): LayerNorm((128,), eps=1e-05, elementwise_affine=True)
    )
    (1-7): 7 x ParallelGNNBlock(
      (conv1): GATv2Conv(256, 128, heads=1)
      (conv2): GATv2Conv(256, 128, heads=1)
      (norm): LayerNorm((128,), eps=1e-05, elementwise_affine=True)
    )
  )
  (norm): LayerNorm((256,), eps=1e-05, elementwise_affine=True)
  (mlp): Sequential(
    (0): Linear(in_features=256, out_features=64, bias=True)
    (1): LeakyReLU(negative_slope=0.01)
    (2): Dropout(p=0.3, inplace=False)
    (3): Linear(in_features=64, out_features=3, bias=True)
  )
  (proj): Linear(in_features=500, out_features=128, bias=True)
)
Epoch: 1, Loss: 1.1366, Train: 0.4500, Val: 0.4480, Test: 0.4310
Epoch: 2, Loss: 1.0939, Train: 0.4833, Val: 0.4040, Test: 0.3790
Epoch: 3, Loss: 1.1096, Train: 0.6333, Val: 0.5040, Test: 0.5400
Epoch: 4, Loss: 1.1617, Train: 0.5500, Val: 0.3860, Test: 0.4100
Epoch: 5, Loss: 1.1270, Train: 0.3667, Val: 0.4000, Test: 0.4310
Epoch: 6, Loss: 1.0937, Train: 0.3333, Val: 0.3920, Test: 0.4140
Epoch: 7, Loss: 1.0754, Train: 0.3333, Val: 0.3900, Test: 0.4160
Epoch: 8, Loss: 1.1116, Train: 0.3833, Val: 0.4060, Test: 0.4240
Epoch: 9, Loss: 1.1390, Train: 0.5167, Val: 0.4520, Test: 0.4600
Epoch: 10, Loss: 1.1316, Train: 0.4833, Val: 0.4560, Test: 0.4570
Epoch: 11, Loss: 1.0880, Train: 0.5500, Val: 0.4620, Test: 0.4900
Epoch: 12, Loss: 1.0958, Train: 0.5500, Val: 0.4620, Test: 0.4900
Epoch: 13, Loss: 1.1044, Train: 0.5667, Val: 0.4900, Test: 0.4980
Epoch: 14, Loss: 1.1013, Train: 0.5167, Val: 0.4640, Test: 0.4630
Epoch: 15, Loss: 1.0883, Train: 0.5333, Val: 0.4720, Test: 0.4670
Epoch: 16, Loss: 1.1195, Train: 0.6833, Val: 0.5660, Test: 0.5490
Epoch: 17, Loss: 1.1312, Train: 0.5833, Val: 0.5240, Test: 0.5210
Epoch: 18, Loss: 1.1043, Train: 0.4667, Val: 0.4460, Test: 0.4340
Epoch: 19, Loss: 1.1509, Train: 0.3833, Val: 0.4260, Test: 0.4190
Epoch: 20, Loss: 1.1106, Train: 0.3833, Val: 0.4200, Test: 0.4080
Epoch: 21, Loss: 1.0768, Train: 0.3500, Val: 0.4160, Test: 0.4080
Epoch: 22, Loss: 1.1299, Train: 0.3500, Val: 0.4160, Test: 0.4080
Epoch: 23, Loss: 1.0837, Train: 0.3500, Val: 0.4160, Test: 0.4080
Epoch: 24, Loss: 1.1236, Train: 0.3833, Val: 0.4180, Test: 0.4090
Epoch: 25, Loss: 1.1028, Train: 0.3833, Val: 0.4180, Test: 0.4080
Epoch: 26, Loss: 1.1010, Train: 0.3833, Val: 0.4220, Test: 0.4120
Epoch: 27, Loss: 1.0834, Train: 0.3833, Val: 0.4220, Test: 0.4140
Epoch: 28, Loss: 1.0672, Train: 0.3833, Val: 0.4220, Test: 0.4150
Epoch: 29, Loss: 1.0630, Train: 0.4667, Val: 0.4320, Test: 0.4260
Epoch: 30, Loss: 1.1264, Train: 0.4833, Val: 0.4580, Test: 0.4500
Epoch: 31, Loss: 1.1103, Train: 0.4833, Val: 0.4600, Test: 0.4500
Epoch: 32, Loss: 1.0772, Train: 0.4833, Val: 0.4620, Test: 0.4520
Epoch: 33, Loss: 1.0842, Train: 0.4833, Val: 0.4680, Test: 0.4590
Epoch: 34, Loss: 1.0586, Train: 0.4833, Val: 0.4680, Test: 0.4610
Epoch: 35, Loss: 1.0751, Train: 0.5167, Val: 0.4860, Test: 0.4830
Epoch: 36, Loss: 1.0550, Train: 0.5167, Val: 0.4860, Test: 0.4820
Epoch: 37, Loss: 1.0928, Train: 0.5333, Val: 0.4940, Test: 0.4860
Epoch: 38, Loss: 1.0663, Train: 0.5667, Val: 0.5180, Test: 0.5040
Epoch: 39, Loss: 1.0538, Train: 0.6000, Val: 0.5280, Test: 0.5060
Epoch: 40, Loss: 1.0484, Train: 0.6167, Val: 0.5320, Test: 0.5100
Epoch: 41, Loss: 1.0234, Train: 0.6167, Val: 0.5300, Test: 0.5120
Epoch: 42, Loss: 1.0510, Train: 0.6167, Val: 0.5340, Test: 0.5200
Epoch: 43, Loss: 1.0045, Train: 0.6333, Val: 0.5380, Test: 0.5300
Epoch: 44, Loss: 0.9840, Train: 0.6333, Val: 0.5460, Test: 0.5300
Epoch: 45, Loss: 0.9516, Train: 0.6500, Val: 0.5480, Test: 0.5340
Epoch: 46, Loss: 0.9340, Train: 0.7000, Val: 0.5820, Test: 0.5370
Epoch: 47, Loss: 0.9425, Train: 0.7000, Val: 0.5760, Test: 0.5380
Epoch: 48, Loss: 0.9132, Train: 0.6833, Val: 0.5800, Test: 0.5370
Epoch: 49, Loss: 0.9094, Train: 0.6833, Val: 0.5720, Test: 0.5320
Epoch: 50, Loss: 0.8831, Train: 0.7000, Val: 0.5700, Test: 0.5330
Epoch: 51, Loss: 0.8204, Train: 0.7000, Val: 0.5780, Test: 0.5310
Epoch: 52, Loss: 0.7375, Train: 0.7167, Val: 0.5880, Test: 0.5360
Epoch: 53, Loss: 0.7880, Train: 0.7167, Val: 0.5860, Test: 0.5410
Epoch: 54, Loss: 0.7346, Train: 0.7333, Val: 0.5940, Test: 0.5450
Epoch: 55, Loss: 0.7393, Train: 0.7500, Val: 0.5940, Test: 0.5600
Epoch: 56, Loss: 0.7379, Train: 0.7500, Val: 0.5940, Test: 0.5440
Epoch: 57, Loss: 0.6620, Train: 0.7333, Val: 0.5900, Test: 0.5400
Epoch: 58, Loss: 0.7344, Train: 0.7500, Val: 0.6060, Test: 0.5560
Epoch: 59, Loss: 0.6103, Train: 0.8000, Val: 0.6260, Test: 0.5950
Epoch: 60, Loss: 0.6410, Train: 0.8667, Val: 0.6520, Test: 0.6190
Epoch: 61, Loss: 0.5724, Train: 0.9000, Val: 0.6660, Test: 0.6380
Epoch: 62, Loss: 0.6027, Train: 0.9000, Val: 0.6920, Test: 0.6540
Epoch: 63, Loss: 0.5936, Train: 0.9333, Val: 0.7160, Test: 0.6720
Epoch: 64, Loss: 0.5111, Train: 0.9500, Val: 0.7200, Test: 0.6820
Epoch: 65, Loss: 0.4782, Train: 0.9333, Val: 0.6980, Test: 0.6730
Epoch: 66, Loss: 0.5199, Train: 0.9667, Val: 0.7440, Test: 0.7040
Epoch: 67, Loss: 0.4736, Train: 0.9667, Val: 0.7640, Test: 0.7090
Epoch: 68, Loss: 0.3925, Train: 0.9500, Val: 0.7520, Test: 0.7110
Epoch: 69, Loss: 0.3937, Train: 0.9667, Val: 0.7600, Test: 0.7090
Epoch: 70, Loss: 0.4403, Train: 0.9833, Val: 0.7520, Test: 0.7100
Epoch: 71, Loss: 0.3614, Train: 0.9833, Val: 0.7480, Test: 0.7150
Epoch: 72, Loss: 0.2901, Train: 0.9833, Val: 0.7500, Test: 0.7150
Epoch: 73, Loss: 0.3107, Train: 1.0000, Val: 0.7500, Test: 0.7270
Epoch: 74, Loss: 0.2848, Train: 0.9833, Val: 0.7460, Test: 0.7300
Epoch: 75, Loss: 0.1826, Train: 0.9833, Val: 0.7540, Test: 0.7370
Epoch: 76, Loss: 0.2139, Train: 0.9833, Val: 0.7760, Test: 0.7520
Epoch: 77, Loss: 0.1341, Train: 0.9833, Val: 0.7660, Test: 0.7450
Epoch: 78, Loss: 0.1156, Train: 1.0000, Val: 0.7800, Test: 0.7550
Epoch: 79, Loss: 0.1518, Train: 1.0000, Val: 0.7400, Test: 0.7250
Epoch: 80, Loss: 0.1177, Train: 1.0000, Val: 0.7340, Test: 0.7310
Epoch: 81, Loss: 0.1044, Train: 1.0000, Val: 0.7680, Test: 0.7460
Epoch: 82, Loss: 0.0690, Train: 1.0000, Val: 0.7620, Test: 0.7260
Epoch: 83, Loss: 0.0988, Train: 0.9667, Val: 0.7400, Test: 0.7120
Epoch: 84, Loss: 0.2079, Train: 1.0000, Val: 0.7660, Test: 0.7570
Epoch: 85, Loss: 0.0925, Train: 0.9833, Val: 0.7700, Test: 0.7590
Epoch: 86, Loss: 0.0974, Train: 0.9667, Val: 0.7080, Test: 0.6780
Epoch: 87, Loss: 0.2489, Train: 0.9833, Val: 0.7520, Test: 0.7300
Epoch: 88, Loss: 0.1485, Train: 1.0000, Val: 0.7700, Test: 0.7700
Epoch: 89, Loss: 0.0335, Train: 1.0000, Val: 0.7560, Test: 0.7600
Epoch: 90, Loss: 0.0399, Train: 0.9833, Val: 0.7460, Test: 0.7270
Epoch: 91, Loss: 0.0879, Train: 0.9833, Val: 0.7380, Test: 0.7170
Epoch: 92, Loss: 0.0751, Train: 1.0000, Val: 0.7500, Test: 0.7430
Epoch: 93, Loss: 0.0304, Train: 1.0000, Val: 0.7600, Test: 0.7440
Epoch: 94, Loss: 0.0190, Train: 0.9833, Val: 0.7440, Test: 0.7190
Epoch: 95, Loss: 0.0687, Train: 0.9667, Val: 0.7440, Test: 0.7240
Epoch: 96, Loss: 0.1158, Train: 0.9833, Val: 0.7720, Test: 0.7650
Epoch: 97, Loss: 0.0315, Train: 1.0000, Val: 0.7580, Test: 0.7820
Epoch: 98, Loss: 0.0374, Train: 1.0000, Val: 0.7560, Test: 0.7650
Epoch: 99, Loss: 0.0226, Train: 1.0000, Val: 0.7380, Test: 0.7520
Epoch: 100, Loss: 0.0121, Train: 1.0000, Val: 0.7360, Test: 0.7390
MAD:  0.5226
Best Test Accuracy: 0.7820, Val Accuracy: 0.7580, Train Accuracy: 1.0000
Training completed.
Seed:  9
PMPGNN(
  (convs): ModuleList(
    (0): ParallelGNNBlock(
      (conv1): GATv2Conv(128, 128, heads=1)
      (conv2): GATv2Conv(128, 128, heads=1)
      (norm): LayerNorm((128,), eps=1e-05, elementwise_affine=True)
    )
    (1-7): 7 x ParallelGNNBlock(
      (conv1): GATv2Conv(256, 128, heads=1)
      (conv2): GATv2Conv(256, 128, heads=1)
      (norm): LayerNorm((128,), eps=1e-05, elementwise_affine=True)
    )
  )
  (norm): LayerNorm((256,), eps=1e-05, elementwise_affine=True)
  (mlp): Sequential(
    (0): Linear(in_features=256, out_features=64, bias=True)
    (1): LeakyReLU(negative_slope=0.01)
    (2): Dropout(p=0.3, inplace=False)
    (3): Linear(in_features=64, out_features=3, bias=True)
  )
  (proj): Linear(in_features=500, out_features=128, bias=True)
)
Epoch: 1, Loss: 1.1376, Train: 0.3333, Val: 0.4160, Test: 0.4070
Epoch: 2, Loss: 1.1050, Train: 0.3333, Val: 0.4160, Test: 0.4070
Epoch: 3, Loss: 1.1164, Train: 0.3333, Val: 0.4160, Test: 0.4070
Epoch: 4, Loss: 1.0751, Train: 0.3333, Val: 0.4160, Test: 0.4060
Epoch: 5, Loss: 1.1425, Train: 0.3667, Val: 0.3960, Test: 0.4250
Epoch: 6, Loss: 1.1018, Train: 0.3333, Val: 0.3880, Test: 0.4150
Epoch: 7, Loss: 1.1149, Train: 0.3333, Val: 0.3900, Test: 0.4170
Epoch: 8, Loss: 1.1287, Train: 0.5167, Val: 0.4940, Test: 0.5640
Epoch: 9, Loss: 1.1017, Train: 0.3833, Val: 0.4400, Test: 0.4320
Epoch: 10, Loss: 1.1447, Train: 0.3667, Val: 0.4240, Test: 0.4120
Epoch: 11, Loss: 1.0695, Train: 0.3667, Val: 0.4260, Test: 0.4160
Epoch: 12, Loss: 1.1262, Train: 0.4167, Val: 0.4840, Test: 0.4840
Epoch: 13, Loss: 1.1495, Train: 0.3833, Val: 0.4320, Test: 0.4270
Epoch: 14, Loss: 1.0503, Train: 0.3333, Val: 0.4180, Test: 0.4070
Epoch: 15, Loss: 1.1665, Train: 0.3833, Val: 0.4380, Test: 0.4360
Epoch: 16, Loss: 1.0908, Train: 0.5167, Val: 0.4780, Test: 0.4740
Epoch: 17, Loss: 1.0811, Train: 0.5667, Val: 0.4960, Test: 0.4910
Epoch: 18, Loss: 1.1031, Train: 0.6000, Val: 0.5040, Test: 0.5020
Epoch: 19, Loss: 1.1100, Train: 0.6000, Val: 0.5080, Test: 0.5010
Epoch: 20, Loss: 1.1318, Train: 0.6000, Val: 0.5140, Test: 0.5000
Epoch: 21, Loss: 1.0547, Train: 0.5333, Val: 0.5080, Test: 0.4980
Epoch: 22, Loss: 1.1044, Train: 0.5833, Val: 0.5220, Test: 0.5040
Epoch: 23, Loss: 1.0888, Train: 0.6333, Val: 0.5220, Test: 0.5180
Epoch: 24, Loss: 1.1093, Train: 0.6333, Val: 0.5240, Test: 0.5180
Epoch: 25, Loss: 1.1100, Train: 0.5833, Val: 0.5260, Test: 0.5070
Epoch: 26, Loss: 1.0510, Train: 0.3667, Val: 0.4340, Test: 0.4200
Epoch: 27, Loss: 1.0596, Train: 0.3333, Val: 0.4160, Test: 0.4070
Epoch: 28, Loss: 1.0985, Train: 0.3333, Val: 0.4160, Test: 0.4070
Epoch: 29, Loss: 1.1304, Train: 0.3333, Val: 0.4160, Test: 0.4070
Epoch: 30, Loss: 1.0271, Train: 0.3333, Val: 0.4160, Test: 0.4070
Epoch: 31, Loss: 1.0908, Train: 0.3333, Val: 0.4160, Test: 0.4070
Epoch: 32, Loss: 1.0848, Train: 0.3333, Val: 0.4160, Test: 0.4070
Epoch: 33, Loss: 1.0477, Train: 0.3333, Val: 0.4200, Test: 0.4080
Epoch: 34, Loss: 1.0628, Train: 0.3833, Val: 0.4300, Test: 0.4210
Epoch: 35, Loss: 1.0632, Train: 0.5000, Val: 0.4580, Test: 0.4470
Epoch: 36, Loss: 1.0544, Train: 0.6333, Val: 0.5200, Test: 0.5030
Epoch: 37, Loss: 1.0628, Train: 0.7333, Val: 0.5500, Test: 0.5590
Epoch: 38, Loss: 1.0591, Train: 0.8000, Val: 0.6400, Test: 0.6410
Epoch: 39, Loss: 1.0741, Train: 0.9167, Val: 0.7220, Test: 0.7010
Epoch: 40, Loss: 0.9998, Train: 0.8833, Val: 0.7280, Test: 0.7160
Epoch: 41, Loss: 0.9987, Train: 0.8833, Val: 0.7240, Test: 0.7150
Epoch: 42, Loss: 1.0286, Train: 0.9000, Val: 0.7160, Test: 0.7060
Epoch: 43, Loss: 1.0068, Train: 0.9000, Val: 0.6940, Test: 0.6880
Epoch: 44, Loss: 0.9503, Train: 0.8500, Val: 0.6440, Test: 0.6520
Epoch: 45, Loss: 0.9534, Train: 0.7500, Val: 0.5820, Test: 0.5840
Epoch: 46, Loss: 0.9152, Train: 0.6667, Val: 0.5540, Test: 0.5540
Epoch: 47, Loss: 0.9201, Train: 0.6667, Val: 0.5640, Test: 0.5570
Epoch: 48, Loss: 0.8634, Train: 0.7500, Val: 0.5940, Test: 0.5670
Epoch: 49, Loss: 0.8467, Train: 0.7333, Val: 0.6100, Test: 0.5590
Epoch: 50, Loss: 0.7720, Train: 0.8000, Val: 0.6120, Test: 0.5910
Epoch: 51, Loss: 0.7425, Train: 0.8167, Val: 0.6320, Test: 0.6250
Epoch: 52, Loss: 0.7824, Train: 0.8167, Val: 0.6420, Test: 0.6300
Epoch: 53, Loss: 0.7259, Train: 0.8500, Val: 0.6440, Test: 0.6370
Epoch: 54, Loss: 0.7726, Train: 0.7500, Val: 0.5980, Test: 0.5680
Epoch: 55, Loss: 0.6308, Train: 0.7000, Val: 0.5820, Test: 0.5640
Epoch: 56, Loss: 0.7289, Train: 0.8667, Val: 0.6520, Test: 0.6420
Epoch: 57, Loss: 0.6167, Train: 0.8833, Val: 0.7060, Test: 0.6760
Epoch: 58, Loss: 0.6057, Train: 0.8833, Val: 0.7140, Test: 0.6810
Epoch: 59, Loss: 0.5802, Train: 0.9000, Val: 0.7200, Test: 0.6820
Epoch: 60, Loss: 0.5436, Train: 0.9333, Val: 0.7300, Test: 0.6860
Epoch: 61, Loss: 0.4428, Train: 0.9167, Val: 0.7000, Test: 0.6820
Epoch: 62, Loss: 0.4803, Train: 0.9333, Val: 0.7000, Test: 0.6780
Epoch: 63, Loss: 0.4864, Train: 0.9500, Val: 0.7260, Test: 0.7010
Epoch: 64, Loss: 0.4244, Train: 0.9667, Val: 0.7400, Test: 0.7140
Epoch: 65, Loss: 0.3909, Train: 0.9667, Val: 0.7540, Test: 0.7250
Epoch: 66, Loss: 0.3586, Train: 0.9667, Val: 0.7640, Test: 0.7390
Epoch: 67, Loss: 0.3186, Train: 0.9667, Val: 0.7700, Test: 0.7410
Epoch: 68, Loss: 0.3442, Train: 0.9833, Val: 0.7660, Test: 0.7400
Epoch: 69, Loss: 0.2881, Train: 0.9667, Val: 0.7380, Test: 0.7150
Epoch: 70, Loss: 0.2566, Train: 0.9667, Val: 0.7500, Test: 0.7190
Epoch: 71, Loss: 0.1766, Train: 0.9500, Val: 0.7160, Test: 0.6860
Epoch: 72, Loss: 0.2884, Train: 0.9667, Val: 0.7680, Test: 0.7450
Epoch: 73, Loss: 0.1920, Train: 1.0000, Val: 0.7960, Test: 0.7690
Epoch: 74, Loss: 0.1469, Train: 0.9833, Val: 0.7760, Test: 0.7710
Epoch: 75, Loss: 0.1921, Train: 0.9833, Val: 0.7940, Test: 0.7780
Epoch: 76, Loss: 0.1362, Train: 0.9667, Val: 0.7840, Test: 0.7680
Epoch: 77, Loss: 0.0858, Train: 0.9833, Val: 0.7640, Test: 0.7400
Epoch: 78, Loss: 0.1307, Train: 0.9667, Val: 0.7400, Test: 0.7190
Epoch: 79, Loss: 0.1164, Train: 0.9833, Val: 0.7600, Test: 0.7330
Epoch: 80, Loss: 0.1357, Train: 0.9833, Val: 0.7800, Test: 0.7740
Epoch: 81, Loss: 0.0530, Train: 1.0000, Val: 0.7940, Test: 0.7770
Epoch: 82, Loss: 0.0491, Train: 1.0000, Val: 0.7800, Test: 0.7690
Epoch: 83, Loss: 0.0336, Train: 1.0000, Val: 0.7760, Test: 0.7510
Epoch: 84, Loss: 0.0630, Train: 1.0000, Val: 0.7540, Test: 0.7410
Epoch: 85, Loss: 0.1083, Train: 0.9833, Val: 0.7620, Test: 0.7430
Epoch: 86, Loss: 0.0780, Train: 1.0000, Val: 0.7740, Test: 0.7590
Epoch: 87, Loss: 0.0560, Train: 1.0000, Val: 0.7900, Test: 0.7640
Epoch: 88, Loss: 0.0407, Train: 1.0000, Val: 0.7720, Test: 0.7530
Epoch: 89, Loss: 0.0512, Train: 1.0000, Val: 0.7660, Test: 0.7400
Epoch: 90, Loss: 0.0499, Train: 1.0000, Val: 0.7760, Test: 0.7540
Epoch: 91, Loss: 0.0257, Train: 1.0000, Val: 0.7880, Test: 0.7660
Epoch: 92, Loss: 0.0178, Train: 1.0000, Val: 0.7700, Test: 0.7690
Epoch: 93, Loss: 0.0619, Train: 1.0000, Val: 0.7780, Test: 0.7710
Epoch: 94, Loss: 0.0144, Train: 1.0000, Val: 0.7840, Test: 0.7700
Epoch: 95, Loss: 0.0188, Train: 1.0000, Val: 0.7800, Test: 0.7560
Epoch: 96, Loss: 0.0261, Train: 1.0000, Val: 0.7760, Test: 0.7530
Epoch: 97, Loss: 0.0101, Train: 1.0000, Val: 0.7720, Test: 0.7600
Epoch: 98, Loss: 0.0105, Train: 1.0000, Val: 0.7740, Test: 0.7600
Epoch: 99, Loss: 0.0275, Train: 1.0000, Val: 0.7720, Test: 0.7580
Epoch: 100, Loss: 0.0167, Train: 1.0000, Val: 0.7720, Test: 0.7610
MAD:  0.5036
Best Test Accuracy: 0.7780, Val Accuracy: 0.7940, Train Accuracy: 0.9833
Training completed.
Average Test Accuracy:  0.7714000000000001  0.01694225486763791
Average MAD:  0.50214  0.03359566043405011
