Seed:  0
PMPGNN(
  (convs): ModuleList(
    (0): ParallelGNNBlock(
      (conv1): GATv2Conv(64, 64, heads=1)
      (conv2): GATv2Conv(64, 64, heads=1)
      (norm): LayerNorm((64,), eps=1e-05, elementwise_affine=True)
    )
    (1-10): 10 x ParallelGNNBlock(
      (conv1): GATv2Conv(128, 64, heads=1)
      (conv2): GATv2Conv(128, 64, heads=1)
      (norm): LayerNorm((64,), eps=1e-05, elementwise_affine=True)
    )
  )
  (norm): LayerNorm((128,), eps=1e-05, elementwise_affine=True)
  (mlp): Sequential(
    (0): Linear(in_features=128, out_features=32, bias=True)
    (1): LeakyReLU(negative_slope=0.01)
    (2): Dropout(p=0.3, inplace=False)
    (3): Linear(in_features=32, out_features=3, bias=True)
  )
  (proj): Linear(in_features=500, out_features=64, bias=True)
)
Epoch: 1, Loss: 1.1266, Train: 0.3333, Val: 0.3880, Test: 0.4130
Epoch: 2, Loss: 1.0978, Train: 0.3333, Val: 0.3880, Test: 0.4130
Epoch: 3, Loss: 1.0866, Train: 0.4167, Val: 0.3880, Test: 0.3810
Epoch: 4, Loss: 1.0916, Train: 0.3500, Val: 0.1880, Test: 0.1780
Epoch: 5, Loss: 1.1390, Train: 0.3333, Val: 0.1960, Test: 0.1800
Epoch: 6, Loss: 1.1080, Train: 0.3333, Val: 0.1960, Test: 0.1800
Epoch: 7, Loss: 1.1154, Train: 0.3333, Val: 0.1960, Test: 0.1800
Epoch: 8, Loss: 1.1394, Train: 0.3333, Val: 0.1960, Test: 0.1800
Epoch: 9, Loss: 1.1222, Train: 0.3333, Val: 0.1960, Test: 0.1800
Epoch: 10, Loss: 1.1469, Train: 0.3333, Val: 0.1960, Test: 0.1800
Epoch: 11, Loss: 1.1059, Train: 0.3333, Val: 0.1960, Test: 0.1800
Epoch: 12, Loss: 1.1245, Train: 0.3333, Val: 0.1960, Test: 0.1800
Epoch: 13, Loss: 1.1038, Train: 0.3333, Val: 0.1960, Test: 0.1800
Epoch: 14, Loss: 1.1339, Train: 0.3333, Val: 0.1960, Test: 0.1800
Epoch: 15, Loss: 1.1074, Train: 0.3333, Val: 0.1960, Test: 0.1800
Epoch: 16, Loss: 1.1165, Train: 0.3333, Val: 0.1960, Test: 0.1800
Epoch: 17, Loss: 1.1164, Train: 0.3333, Val: 0.1960, Test: 0.1800
Epoch: 18, Loss: 1.0836, Train: 0.3333, Val: 0.1960, Test: 0.1800
Epoch: 19, Loss: 1.1167, Train: 0.3333, Val: 0.1960, Test: 0.1800
Epoch: 20, Loss: 1.1453, Train: 0.3333, Val: 0.1960, Test: 0.1800
Epoch: 21, Loss: 1.0961, Train: 0.3333, Val: 0.1960, Test: 0.1800
Epoch: 22, Loss: 1.0852, Train: 0.3333, Val: 0.1960, Test: 0.1800
Epoch: 23, Loss: 1.1070, Train: 0.3333, Val: 0.1920, Test: 0.1800
Epoch: 24, Loss: 1.1079, Train: 0.4000, Val: 0.2780, Test: 0.2490
Epoch: 25, Loss: 1.1033, Train: 0.3667, Val: 0.3460, Test: 0.3110
Epoch: 26, Loss: 1.1065, Train: 0.3500, Val: 0.3700, Test: 0.3480
Epoch: 27, Loss: 1.1059, Train: 0.4333, Val: 0.4140, Test: 0.4160
Epoch: 28, Loss: 1.1100, Train: 0.3500, Val: 0.4200, Test: 0.4080
Epoch: 29, Loss: 1.0956, Train: 0.3500, Val: 0.4160, Test: 0.4080
Epoch: 30, Loss: 1.0950, Train: 0.3333, Val: 0.4160, Test: 0.4070
Epoch: 31, Loss: 1.1035, Train: 0.3333, Val: 0.4160, Test: 0.4070
Epoch: 32, Loss: 1.0837, Train: 0.3333, Val: 0.4160, Test: 0.4070
Epoch: 33, Loss: 1.1081, Train: 0.3333, Val: 0.4160, Test: 0.4070
Epoch: 34, Loss: 1.0986, Train: 0.3333, Val: 0.4160, Test: 0.4070
Epoch: 35, Loss: 1.1023, Train: 0.3333, Val: 0.4160, Test: 0.4070
Epoch: 36, Loss: 1.1344, Train: 0.3333, Val: 0.4160, Test: 0.4070
Epoch: 37, Loss: 1.0877, Train: 0.3333, Val: 0.4160, Test: 0.4070
Epoch: 38, Loss: 1.0944, Train: 0.3333, Val: 0.4160, Test: 0.4070
Epoch: 39, Loss: 1.1076, Train: 0.3333, Val: 0.4160, Test: 0.4070
Epoch: 40, Loss: 1.1239, Train: 0.3333, Val: 0.4160, Test: 0.4080
Epoch: 41, Loss: 1.0988, Train: 0.3167, Val: 0.3940, Test: 0.3790
Epoch: 42, Loss: 1.1223, Train: 0.3167, Val: 0.3940, Test: 0.3750
Epoch: 43, Loss: 1.1009, Train: 0.2500, Val: 0.3360, Test: 0.3180
Epoch: 44, Loss: 1.1176, Train: 0.2333, Val: 0.2880, Test: 0.2700
Epoch: 45, Loss: 1.0986, Train: 0.2333, Val: 0.2940, Test: 0.2770
Epoch: 46, Loss: 1.0883, Train: 0.3167, Val: 0.4020, Test: 0.3780
Epoch: 47, Loss: 1.1156, Train: 0.3333, Val: 0.4180, Test: 0.4070
Epoch: 48, Loss: 1.0981, Train: 0.3333, Val: 0.4160, Test: 0.4070
Epoch: 49, Loss: 1.0980, Train: 0.3333, Val: 0.4160, Test: 0.4070
Epoch: 50, Loss: 1.1080, Train: 0.3333, Val: 0.4160, Test: 0.4070
Epoch: 51, Loss: 1.0823, Train: 0.3333, Val: 0.4160, Test: 0.4070
Epoch: 52, Loss: 1.0968, Train: 0.3333, Val: 0.4160, Test: 0.4070
Epoch: 53, Loss: 1.1221, Train: 0.3333, Val: 0.4160, Test: 0.4070
Epoch: 54, Loss: 1.0772, Train: 0.3333, Val: 0.4120, Test: 0.4060
Epoch: 55, Loss: 1.1019, Train: 0.3167, Val: 0.3760, Test: 0.3570
Epoch: 56, Loss: 1.1093, Train: 0.2833, Val: 0.2920, Test: 0.2950
Epoch: 57, Loss: 1.0935, Train: 0.2500, Val: 0.2900, Test: 0.2640
Epoch: 58, Loss: 1.1040, Train: 0.2000, Val: 0.2860, Test: 0.2450
Epoch: 59, Loss: 1.0935, Train: 0.1000, Val: 0.1760, Test: 0.1700
Epoch: 60, Loss: 1.1174, Train: 0.0833, Val: 0.1440, Test: 0.1360
Epoch: 61, Loss: 1.0902, Train: 0.2000, Val: 0.2840, Test: 0.2480
Epoch: 62, Loss: 1.1073, Train: 0.3167, Val: 0.4080, Test: 0.4010
Epoch: 63, Loss: 1.1248, Train: 0.3333, Val: 0.4160, Test: 0.4070
Epoch: 64, Loss: 1.1004, Train: 0.3333, Val: 0.4160, Test: 0.4070
Epoch: 65, Loss: 1.1092, Train: 0.3333, Val: 0.4160, Test: 0.4070
Epoch: 66, Loss: 1.0831, Train: 0.3333, Val: 0.4160, Test: 0.4070
Epoch: 67, Loss: 1.1000, Train: 0.3333, Val: 0.4160, Test: 0.4070
Epoch: 68, Loss: 1.1241, Train: 0.3333, Val: 0.4160, Test: 0.4070
Epoch: 69, Loss: 1.0858, Train: 0.3333, Val: 0.4160, Test: 0.4070
Epoch: 70, Loss: 1.1074, Train: 0.3333, Val: 0.4160, Test: 0.4070
Epoch: 71, Loss: 1.0981, Train: 0.3333, Val: 0.4160, Test: 0.4070
Epoch: 72, Loss: 1.0892, Train: 0.3333, Val: 0.4160, Test: 0.4070
Epoch: 73, Loss: 1.0979, Train: 0.3333, Val: 0.4160, Test: 0.4070
Epoch: 74, Loss: 1.1223, Train: 0.3333, Val: 0.4160, Test: 0.4070
Epoch: 75, Loss: 1.0994, Train: 0.3333, Val: 0.4160, Test: 0.4070
Epoch: 76, Loss: 1.0905, Train: 0.3333, Val: 0.4160, Test: 0.4070
Epoch: 77, Loss: 1.0963, Train: 0.3333, Val: 0.4160, Test: 0.4070
Epoch: 78, Loss: 1.1057, Train: 0.3333, Val: 0.4160, Test: 0.4070
Epoch: 79, Loss: 1.0807, Train: 0.3333, Val: 0.4160, Test: 0.4070
Epoch: 80, Loss: 1.1363, Train: 0.3333, Val: 0.4160, Test: 0.4070
Epoch: 81, Loss: 1.1080, Train: 0.3333, Val: 0.4160, Test: 0.4070
Epoch: 82, Loss: 1.0784, Train: 0.3333, Val: 0.4160, Test: 0.4070
Epoch: 83, Loss: 1.1055, Train: 0.3333, Val: 0.4160, Test: 0.4070
Epoch: 84, Loss: 1.0844, Train: 0.3333, Val: 0.4160, Test: 0.4070
Epoch: 85, Loss: 1.0792, Train: 0.3333, Val: 0.4160, Test: 0.4070
Epoch: 86, Loss: 1.1029, Train: 0.3333, Val: 0.4160, Test: 0.4070
Epoch: 87, Loss: 1.0901, Train: 0.3333, Val: 0.4160, Test: 0.4070
Epoch: 88, Loss: 1.0956, Train: 0.3333, Val: 0.4160, Test: 0.4070
Epoch: 89, Loss: 1.0910, Train: 0.3333, Val: 0.4160, Test: 0.4070
Epoch: 90, Loss: 1.1001, Train: 0.3333, Val: 0.4160, Test: 0.4070
Epoch: 91, Loss: 1.0747, Train: 0.3333, Val: 0.4200, Test: 0.4080
Epoch: 92, Loss: 1.1044, Train: 0.3667, Val: 0.4220, Test: 0.4100
Epoch: 93, Loss: 1.0560, Train: 0.4167, Val: 0.4340, Test: 0.4220
Epoch: 94, Loss: 1.0900, Train: 0.4833, Val: 0.4560, Test: 0.4450
Epoch: 95, Loss: 1.0803, Train: 0.5167, Val: 0.4680, Test: 0.4690
Epoch: 96, Loss: 1.0745, Train: 0.5333, Val: 0.4900, Test: 0.4840
Epoch: 97, Loss: 1.0902, Train: 0.5667, Val: 0.5100, Test: 0.4950
Epoch: 98, Loss: 1.0826, Train: 0.5667, Val: 0.5100, Test: 0.5010
Epoch: 99, Loss: 1.0659, Train: 0.5667, Val: 0.5180, Test: 0.5090
Epoch: 100, Loss: 1.0267, Train: 0.5667, Val: 0.5100, Test: 0.5160
MAD:  0.0776
Best Test Accuracy: 0.5160, Val Accuracy: 0.5100, Train Accuracy: 0.5667
Training completed.
Seed:  1
PMPGNN(
  (convs): ModuleList(
    (0): ParallelGNNBlock(
      (conv1): GATv2Conv(64, 64, heads=1)
      (conv2): GATv2Conv(64, 64, heads=1)
      (norm): LayerNorm((64,), eps=1e-05, elementwise_affine=True)
    )
    (1-10): 10 x ParallelGNNBlock(
      (conv1): GATv2Conv(128, 64, heads=1)
      (conv2): GATv2Conv(128, 64, heads=1)
      (norm): LayerNorm((64,), eps=1e-05, elementwise_affine=True)
    )
  )
  (norm): LayerNorm((128,), eps=1e-05, elementwise_affine=True)
  (mlp): Sequential(
    (0): Linear(in_features=128, out_features=32, bias=True)
    (1): LeakyReLU(negative_slope=0.01)
    (2): Dropout(p=0.3, inplace=False)
    (3): Linear(in_features=32, out_features=3, bias=True)
  )
  (proj): Linear(in_features=500, out_features=64, bias=True)
)
Epoch: 1, Loss: 1.1110, Train: 0.3333, Val: 0.4160, Test: 0.4070
Epoch: 2, Loss: 1.1528, Train: 0.3333, Val: 0.4160, Test: 0.4070
Epoch: 3, Loss: 1.1575, Train: 0.3333, Val: 0.4160, Test: 0.4070
Epoch: 4, Loss: 1.1385, Train: 0.3333, Val: 0.4160, Test: 0.4070
Epoch: 5, Loss: 1.1519, Train: 0.3333, Val: 0.4160, Test: 0.4070
Epoch: 6, Loss: 1.1311, Train: 0.3333, Val: 0.4160, Test: 0.4070
Epoch: 7, Loss: 1.0826, Train: 0.3333, Val: 0.4160, Test: 0.4070
Epoch: 8, Loss: 1.1080, Train: 0.3333, Val: 0.3940, Test: 0.3890
Epoch: 9, Loss: 1.1298, Train: 0.1500, Val: 0.2840, Test: 0.2780
Epoch: 10, Loss: 1.1038, Train: 0.3167, Val: 0.3880, Test: 0.4100
Epoch: 11, Loss: 1.1314, Train: 0.3167, Val: 0.3880, Test: 0.4130
Epoch: 12, Loss: 1.0688, Train: 0.3333, Val: 0.3880, Test: 0.4130
Epoch: 13, Loss: 1.1174, Train: 0.3333, Val: 0.3880, Test: 0.4130
Epoch: 14, Loss: 1.0973, Train: 0.3333, Val: 0.3880, Test: 0.4130
Epoch: 15, Loss: 1.1316, Train: 0.3167, Val: 0.3860, Test: 0.4150
Epoch: 16, Loss: 1.0830, Train: 0.3167, Val: 0.3760, Test: 0.3990
Epoch: 17, Loss: 1.0853, Train: 0.3333, Val: 0.3620, Test: 0.3620
Epoch: 18, Loss: 1.1195, Train: 0.3167, Val: 0.4120, Test: 0.4190
Epoch: 19, Loss: 1.0870, Train: 0.3167, Val: 0.4140, Test: 0.4200
Epoch: 20, Loss: 1.0963, Train: 0.3667, Val: 0.4220, Test: 0.4040
Epoch: 21, Loss: 1.1283, Train: 0.4667, Val: 0.4380, Test: 0.4070
Epoch: 22, Loss: 1.1038, Train: 0.4500, Val: 0.4360, Test: 0.4000
Epoch: 23, Loss: 1.1265, Train: 0.4000, Val: 0.3660, Test: 0.3380
Epoch: 24, Loss: 1.1133, Train: 0.3500, Val: 0.2600, Test: 0.2460
Epoch: 25, Loss: 1.1316, Train: 0.3667, Val: 0.3320, Test: 0.2910
Epoch: 26, Loss: 1.1139, Train: 0.4667, Val: 0.4400, Test: 0.4160
Epoch: 27, Loss: 1.0795, Train: 0.4167, Val: 0.4180, Test: 0.4270
Epoch: 28, Loss: 1.1119, Train: 0.3833, Val: 0.3920, Test: 0.4220
Epoch: 29, Loss: 1.0957, Train: 0.3500, Val: 0.3900, Test: 0.4160
Epoch: 30, Loss: 1.1143, Train: 0.3500, Val: 0.3900, Test: 0.4160
Epoch: 31, Loss: 1.1505, Train: 0.3833, Val: 0.4220, Test: 0.4400
Epoch: 32, Loss: 1.0945, Train: 0.4500, Val: 0.4560, Test: 0.4540
Epoch: 33, Loss: 1.1332, Train: 0.5167, Val: 0.4140, Test: 0.4070
Epoch: 34, Loss: 1.1166, Train: 0.4500, Val: 0.3860, Test: 0.3620
Epoch: 35, Loss: 1.0996, Train: 0.4167, Val: 0.3320, Test: 0.3150
Epoch: 36, Loss: 1.1077, Train: 0.3500, Val: 0.2280, Test: 0.2110
Epoch: 37, Loss: 1.1013, Train: 0.3333, Val: 0.1960, Test: 0.1800
Epoch: 38, Loss: 1.1003, Train: 0.3333, Val: 0.1960, Test: 0.1800
Epoch: 39, Loss: 1.0920, Train: 0.3333, Val: 0.1960, Test: 0.1800
Epoch: 40, Loss: 1.1138, Train: 0.3333, Val: 0.1960, Test: 0.1800
Epoch: 41, Loss: 1.0611, Train: 0.3333, Val: 0.1960, Test: 0.1800
Epoch: 42, Loss: 1.1188, Train: 0.3333, Val: 0.1960, Test: 0.1810
Epoch: 43, Loss: 1.0679, Train: 0.3333, Val: 0.1960, Test: 0.1810
Epoch: 44, Loss: 1.1027, Train: 0.3333, Val: 0.1960, Test: 0.1820
Epoch: 45, Loss: 1.1435, Train: 0.3500, Val: 0.2020, Test: 0.1880
Epoch: 46, Loss: 1.0974, Train: 0.3667, Val: 0.2320, Test: 0.2170
Epoch: 47, Loss: 1.1020, Train: 0.4500, Val: 0.3400, Test: 0.3260
Epoch: 48, Loss: 1.0878, Train: 0.5000, Val: 0.4520, Test: 0.4500
Epoch: 49, Loss: 1.0877, Train: 0.5500, Val: 0.5000, Test: 0.4900
Epoch: 50, Loss: 1.1042, Train: 0.4333, Val: 0.4260, Test: 0.4470
Epoch: 51, Loss: 1.0875, Train: 0.4167, Val: 0.4060, Test: 0.4380
Epoch: 52, Loss: 1.1080, Train: 0.3500, Val: 0.3900, Test: 0.4190
Epoch: 53, Loss: 1.1244, Train: 0.3500, Val: 0.3880, Test: 0.4130
Epoch: 54, Loss: 1.0856, Train: 0.3333, Val: 0.3880, Test: 0.4130
Epoch: 55, Loss: 1.0766, Train: 0.3333, Val: 0.3880, Test: 0.4130
Epoch: 56, Loss: 1.1289, Train: 0.3333, Val: 0.3880, Test: 0.4130
Epoch: 57, Loss: 1.1414, Train: 0.3333, Val: 0.3880, Test: 0.4130
Epoch: 58, Loss: 1.1178, Train: 0.3333, Val: 0.3880, Test: 0.4130
Epoch: 59, Loss: 1.0970, Train: 0.3333, Val: 0.3880, Test: 0.4130
Epoch: 60, Loss: 1.1155, Train: 0.3333, Val: 0.3880, Test: 0.4130
Epoch: 61, Loss: 1.0743, Train: 0.3333, Val: 0.3880, Test: 0.4130
Epoch: 62, Loss: 1.0936, Train: 0.3333, Val: 0.3880, Test: 0.4130
Epoch: 63, Loss: 1.0979, Train: 0.3333, Val: 0.3880, Test: 0.4130
Epoch: 64, Loss: 1.0900, Train: 0.3333, Val: 0.3880, Test: 0.4130
Epoch: 65, Loss: 1.0896, Train: 0.3333, Val: 0.3880, Test: 0.4130
Epoch: 66, Loss: 1.0941, Train: 0.3333, Val: 0.3880, Test: 0.4130
Epoch: 67, Loss: 1.1302, Train: 0.3333, Val: 0.3880, Test: 0.4130
Epoch: 68, Loss: 1.1115, Train: 0.3333, Val: 0.3880, Test: 0.4130
Epoch: 69, Loss: 1.1123, Train: 0.3333, Val: 0.3880, Test: 0.4130
Epoch: 70, Loss: 1.0974, Train: 0.3333, Val: 0.3880, Test: 0.4130
Epoch: 71, Loss: 1.1275, Train: 0.3333, Val: 0.3880, Test: 0.4130
Epoch: 72, Loss: 1.1090, Train: 0.3333, Val: 0.3880, Test: 0.4130
Epoch: 73, Loss: 1.0879, Train: 0.3333, Val: 0.3880, Test: 0.4130
Epoch: 74, Loss: 1.1001, Train: 0.3500, Val: 0.3880, Test: 0.4130
Epoch: 75, Loss: 1.1084, Train: 0.3500, Val: 0.4060, Test: 0.4270
Epoch: 76, Loss: 1.1236, Train: 0.4833, Val: 0.4540, Test: 0.4590
Epoch: 77, Loss: 1.1088, Train: 0.5333, Val: 0.4580, Test: 0.4750
Epoch: 78, Loss: 1.1037, Train: 0.5833, Val: 0.4660, Test: 0.4810
Epoch: 79, Loss: 1.0989, Train: 0.5500, Val: 0.4540, Test: 0.4690
Epoch: 80, Loss: 1.1098, Train: 0.4667, Val: 0.3540, Test: 0.3620
Epoch: 81, Loss: 1.0913, Train: 0.3333, Val: 0.1980, Test: 0.1880
Epoch: 82, Loss: 1.1023, Train: 0.3333, Val: 0.1960, Test: 0.1840
Epoch: 83, Loss: 1.1026, Train: 0.4000, Val: 0.2160, Test: 0.2020
Epoch: 84, Loss: 1.1390, Train: 0.4167, Val: 0.2320, Test: 0.2160
Epoch: 85, Loss: 1.0897, Train: 0.4333, Val: 0.2800, Test: 0.2660
Epoch: 86, Loss: 1.1240, Train: 0.5000, Val: 0.3840, Test: 0.3840
Epoch: 87, Loss: 1.1235, Train: 0.5500, Val: 0.4660, Test: 0.4920
Epoch: 88, Loss: 1.1105, Train: 0.5500, Val: 0.4740, Test: 0.4800
Epoch: 89, Loss: 1.0921, Train: 0.4500, Val: 0.4280, Test: 0.4540
Epoch: 90, Loss: 1.1285, Train: 0.4000, Val: 0.4020, Test: 0.4290
Epoch: 91, Loss: 1.0944, Train: 0.3667, Val: 0.3920, Test: 0.4180
Epoch: 92, Loss: 1.0976, Train: 0.3667, Val: 0.3880, Test: 0.4140
Epoch: 93, Loss: 1.0873, Train: 0.3667, Val: 0.3880, Test: 0.4140
Epoch: 94, Loss: 1.1059, Train: 0.3333, Val: 0.3880, Test: 0.4140
Epoch: 95, Loss: 1.0933, Train: 0.3333, Val: 0.3880, Test: 0.4130
Epoch: 96, Loss: 1.0603, Train: 0.3333, Val: 0.3880, Test: 0.4130
Epoch: 97, Loss: 1.0877, Train: 0.3333, Val: 0.3880, Test: 0.4130
Epoch: 98, Loss: 1.1068, Train: 0.3333, Val: 0.3880, Test: 0.4130
Epoch: 99, Loss: 1.0948, Train: 0.3333, Val: 0.3880, Test: 0.4130
Epoch: 100, Loss: 1.1041, Train: 0.3333, Val: 0.3880, Test: 0.4130
MAD:  0.0011
Best Test Accuracy: 0.4920, Val Accuracy: 0.4660, Train Accuracy: 0.5500
Training completed.
Seed:  2
PMPGNN(
  (convs): ModuleList(
    (0): ParallelGNNBlock(
      (conv1): GATv2Conv(64, 64, heads=1)
      (conv2): GATv2Conv(64, 64, heads=1)
      (norm): LayerNorm((64,), eps=1e-05, elementwise_affine=True)
    )
    (1-10): 10 x ParallelGNNBlock(
      (conv1): GATv2Conv(128, 64, heads=1)
      (conv2): GATv2Conv(128, 64, heads=1)
      (norm): LayerNorm((64,), eps=1e-05, elementwise_affine=True)
    )
  )
  (norm): LayerNorm((128,), eps=1e-05, elementwise_affine=True)
  (mlp): Sequential(
    (0): Linear(in_features=128, out_features=32, bias=True)
    (1): LeakyReLU(negative_slope=0.01)
    (2): Dropout(p=0.3, inplace=False)
    (3): Linear(in_features=32, out_features=3, bias=True)
  )
  (proj): Linear(in_features=500, out_features=64, bias=True)
)
Epoch: 1, Loss: 1.0632, Train: 0.3333, Val: 0.1960, Test: 0.1800
Epoch: 2, Loss: 1.1212, Train: 0.3333, Val: 0.1960, Test: 0.1800
Epoch: 3, Loss: 1.1613, Train: 0.3333, Val: 0.1960, Test: 0.1800
Epoch: 4, Loss: 1.1456, Train: 0.3333, Val: 0.1960, Test: 0.1800
Epoch: 5, Loss: 1.1201, Train: 0.3333, Val: 0.1960, Test: 0.1800
Epoch: 6, Loss: 1.1278, Train: 0.3167, Val: 0.2180, Test: 0.2100
Epoch: 7, Loss: 1.1223, Train: 0.3333, Val: 0.4260, Test: 0.4100
Epoch: 8, Loss: 1.1376, Train: 0.3667, Val: 0.4200, Test: 0.4060
Epoch: 9, Loss: 1.1032, Train: 0.3667, Val: 0.4160, Test: 0.4060
Epoch: 10, Loss: 1.1539, Train: 0.3500, Val: 0.4120, Test: 0.4170
Epoch: 11, Loss: 1.0770, Train: 0.3333, Val: 0.3880, Test: 0.4130
Epoch: 12, Loss: 1.0916, Train: 0.3333, Val: 0.3880, Test: 0.4130
Epoch: 13, Loss: 1.1271, Train: 0.3333, Val: 0.3880, Test: 0.4130
Epoch: 14, Loss: 1.1284, Train: 0.3333, Val: 0.3880, Test: 0.4130
Epoch: 15, Loss: 1.1057, Train: 0.3333, Val: 0.3880, Test: 0.4130
Epoch: 16, Loss: 1.0976, Train: 0.3333, Val: 0.3880, Test: 0.4130
Epoch: 17, Loss: 1.1249, Train: 0.3333, Val: 0.3880, Test: 0.4130
Epoch: 18, Loss: 1.0914, Train: 0.3333, Val: 0.3880, Test: 0.4130
Epoch: 19, Loss: 1.0983, Train: 0.3333, Val: 0.3880, Test: 0.4130
Epoch: 20, Loss: 1.1180, Train: 0.3333, Val: 0.3880, Test: 0.4130
Epoch: 21, Loss: 1.1295, Train: 0.3333, Val: 0.3880, Test: 0.4130
Epoch: 22, Loss: 1.1152, Train: 0.3333, Val: 0.3880, Test: 0.4130
Epoch: 23, Loss: 1.1150, Train: 0.3333, Val: 0.3880, Test: 0.4130
Epoch: 24, Loss: 1.1323, Train: 0.3333, Val: 0.3880, Test: 0.4130
Epoch: 25, Loss: 1.1036, Train: 0.3333, Val: 0.3880, Test: 0.4130
Epoch: 26, Loss: 1.1455, Train: 0.3333, Val: 0.3880, Test: 0.4130
Epoch: 27, Loss: 1.0757, Train: 0.3333, Val: 0.3880, Test: 0.4130
Epoch: 28, Loss: 1.1075, Train: 0.3333, Val: 0.3880, Test: 0.4130
Epoch: 29, Loss: 1.0947, Train: 0.3333, Val: 0.3880, Test: 0.4130
Epoch: 30, Loss: 1.0965, Train: 0.3333, Val: 0.3880, Test: 0.4130
Epoch: 31, Loss: 1.1353, Train: 0.3333, Val: 0.3880, Test: 0.4130
Epoch: 32, Loss: 1.1044, Train: 0.3333, Val: 0.3880, Test: 0.4130
Epoch: 33, Loss: 1.1192, Train: 0.3333, Val: 0.3880, Test: 0.4130
Epoch: 34, Loss: 1.1140, Train: 0.3333, Val: 0.3880, Test: 0.4130
Epoch: 35, Loss: 1.0862, Train: 0.3333, Val: 0.3880, Test: 0.4130
Epoch: 36, Loss: 1.0996, Train: 0.3333, Val: 0.3880, Test: 0.4130
Epoch: 37, Loss: 1.0892, Train: 0.3333, Val: 0.3880, Test: 0.4130
Epoch: 38, Loss: 1.0915, Train: 0.3333, Val: 0.3880, Test: 0.4130
Epoch: 39, Loss: 1.0774, Train: 0.3333, Val: 0.3880, Test: 0.4130
Epoch: 40, Loss: 1.0652, Train: 0.3333, Val: 0.3880, Test: 0.4130
Epoch: 41, Loss: 1.0895, Train: 0.3333, Val: 0.3880, Test: 0.4130
Epoch: 42, Loss: 1.1231, Train: 0.3333, Val: 0.3880, Test: 0.4130
Epoch: 43, Loss: 1.0960, Train: 0.3333, Val: 0.3880, Test: 0.4130
Epoch: 44, Loss: 1.1506, Train: 0.3333, Val: 0.3880, Test: 0.4130
Epoch: 45, Loss: 1.1168, Train: 0.3333, Val: 0.3880, Test: 0.4130
Epoch: 46, Loss: 1.1028, Train: 0.3333, Val: 0.3880, Test: 0.4130
Epoch: 47, Loss: 1.1019, Train: 0.3333, Val: 0.3880, Test: 0.4130
Epoch: 48, Loss: 1.0997, Train: 0.3333, Val: 0.3880, Test: 0.4130
Epoch: 49, Loss: 1.1200, Train: 0.3333, Val: 0.3880, Test: 0.4130
Epoch: 50, Loss: 1.1200, Train: 0.3333, Val: 0.3880, Test: 0.4130
Epoch: 51, Loss: 1.1037, Train: 0.3333, Val: 0.3880, Test: 0.4130
Epoch: 52, Loss: 1.0975, Train: 0.3333, Val: 0.3880, Test: 0.4130
Epoch: 53, Loss: 1.0950, Train: 0.3333, Val: 0.3880, Test: 0.4130
Epoch: 54, Loss: 1.1333, Train: 0.3333, Val: 0.3880, Test: 0.4130
Epoch: 55, Loss: 1.0988, Train: 0.3333, Val: 0.3880, Test: 0.4130
Epoch: 56, Loss: 1.1210, Train: 0.3333, Val: 0.3880, Test: 0.4130
Epoch: 57, Loss: 1.1198, Train: 0.3333, Val: 0.3880, Test: 0.4130
Epoch: 58, Loss: 1.1264, Train: 0.3333, Val: 0.3880, Test: 0.4130
Epoch: 59, Loss: 1.1097, Train: 0.3333, Val: 0.3880, Test: 0.4130
Epoch: 60, Loss: 1.0851, Train: 0.3333, Val: 0.3880, Test: 0.4130
Epoch: 61, Loss: 1.1019, Train: 0.3333, Val: 0.3880, Test: 0.4130
Epoch: 62, Loss: 1.1056, Train: 0.3333, Val: 0.3880, Test: 0.4130
Epoch: 63, Loss: 1.0813, Train: 0.3333, Val: 0.3880, Test: 0.4130
Epoch: 64, Loss: 1.1185, Train: 0.3333, Val: 0.3880, Test: 0.4130
Epoch: 65, Loss: 1.0866, Train: 0.3333, Val: 0.3880, Test: 0.4130
Epoch: 66, Loss: 1.1001, Train: 0.3333, Val: 0.3880, Test: 0.4130
Epoch: 67, Loss: 1.0895, Train: 0.3333, Val: 0.3880, Test: 0.4130
Epoch: 68, Loss: 1.1088, Train: 0.3333, Val: 0.3880, Test: 0.4130
Epoch: 69, Loss: 1.0920, Train: 0.3333, Val: 0.3880, Test: 0.4130
Epoch: 70, Loss: 1.1153, Train: 0.3333, Val: 0.3880, Test: 0.4130
Epoch: 71, Loss: 1.1184, Train: 0.3333, Val: 0.3880, Test: 0.4130
Epoch: 72, Loss: 1.0827, Train: 0.3333, Val: 0.3880, Test: 0.4130
Epoch: 73, Loss: 1.1034, Train: 0.3333, Val: 0.3880, Test: 0.4130
Epoch: 74, Loss: 1.1051, Train: 0.3333, Val: 0.3880, Test: 0.4130
Epoch: 75, Loss: 1.0855, Train: 0.3333, Val: 0.3880, Test: 0.4130
Epoch: 76, Loss: 1.1224, Train: 0.3333, Val: 0.3880, Test: 0.4130
Epoch: 77, Loss: 1.1154, Train: 0.3333, Val: 0.3880, Test: 0.4130
Epoch: 78, Loss: 1.1071, Train: 0.3333, Val: 0.3880, Test: 0.4130
Epoch: 79, Loss: 1.0650, Train: 0.3333, Val: 0.3880, Test: 0.4130
Epoch: 80, Loss: 1.1150, Train: 0.3333, Val: 0.3880, Test: 0.4130
Epoch: 81, Loss: 1.1040, Train: 0.3333, Val: 0.3880, Test: 0.4130
Epoch: 82, Loss: 1.1024, Train: 0.3333, Val: 0.3880, Test: 0.4130
Epoch: 83, Loss: 1.1205, Train: 0.3333, Val: 0.3880, Test: 0.4130
Epoch: 84, Loss: 1.1096, Train: 0.3333, Val: 0.3880, Test: 0.4130
Epoch: 85, Loss: 1.0918, Train: 0.3333, Val: 0.3880, Test: 0.4130
Epoch: 86, Loss: 1.1078, Train: 0.3333, Val: 0.3880, Test: 0.4130
Epoch: 87, Loss: 1.0956, Train: 0.3333, Val: 0.3880, Test: 0.4130
Epoch: 88, Loss: 1.1023, Train: 0.3333, Val: 0.3880, Test: 0.4130
Epoch: 89, Loss: 1.0876, Train: 0.3333, Val: 0.3880, Test: 0.4130
Epoch: 90, Loss: 1.0954, Train: 0.3333, Val: 0.3880, Test: 0.4130
Epoch: 91, Loss: 1.1118, Train: 0.3333, Val: 0.3880, Test: 0.4130
Epoch: 92, Loss: 1.1150, Train: 0.3333, Val: 0.3880, Test: 0.4130
Epoch: 93, Loss: 1.1048, Train: 0.3333, Val: 0.3880, Test: 0.4130
Epoch: 94, Loss: 1.0934, Train: 0.3333, Val: 0.3880, Test: 0.4130
Epoch: 95, Loss: 1.1039, Train: 0.3333, Val: 0.3880, Test: 0.4130
Epoch: 96, Loss: 1.0993, Train: 0.3333, Val: 0.3880, Test: 0.4130
Epoch: 97, Loss: 1.1159, Train: 0.3333, Val: 0.3880, Test: 0.4130
Epoch: 98, Loss: 1.0875, Train: 0.3333, Val: 0.3880, Test: 0.4130
Epoch: 99, Loss: 1.1027, Train: 0.3333, Val: 0.3880, Test: 0.4130
Epoch: 100, Loss: 1.1052, Train: 0.3333, Val: 0.3880, Test: 0.4130
MAD:  0.0077
Best Test Accuracy: 0.4170, Val Accuracy: 0.4120, Train Accuracy: 0.3500
Training completed.
Seed:  3
PMPGNN(
  (convs): ModuleList(
    (0): ParallelGNNBlock(
      (conv1): GATv2Conv(64, 64, heads=1)
      (conv2): GATv2Conv(64, 64, heads=1)
      (norm): LayerNorm((64,), eps=1e-05, elementwise_affine=True)
    )
    (1-10): 10 x ParallelGNNBlock(
      (conv1): GATv2Conv(128, 64, heads=1)
      (conv2): GATv2Conv(128, 64, heads=1)
      (norm): LayerNorm((64,), eps=1e-05, elementwise_affine=True)
    )
  )
  (norm): LayerNorm((128,), eps=1e-05, elementwise_affine=True)
  (mlp): Sequential(
    (0): Linear(in_features=128, out_features=32, bias=True)
    (1): LeakyReLU(negative_slope=0.01)
    (2): Dropout(p=0.3, inplace=False)
    (3): Linear(in_features=32, out_features=3, bias=True)
  )
  (proj): Linear(in_features=500, out_features=64, bias=True)
)
Epoch: 1, Loss: 1.1393, Train: 0.3333, Val: 0.3880, Test: 0.4130
Epoch: 2, Loss: 1.1084, Train: 0.3333, Val: 0.3880, Test: 0.4130
Epoch: 3, Loss: 1.0664, Train: 0.3333, Val: 0.3880, Test: 0.4130
Epoch: 4, Loss: 1.0679, Train: 0.3333, Val: 0.3880, Test: 0.4130
Epoch: 5, Loss: 1.1714, Train: 0.3333, Val: 0.3880, Test: 0.4130
Epoch: 6, Loss: 1.1318, Train: 0.3333, Val: 0.3880, Test: 0.4130
Epoch: 7, Loss: 1.0725, Train: 0.3333, Val: 0.3880, Test: 0.4130
Epoch: 8, Loss: 1.1357, Train: 0.3333, Val: 0.3880, Test: 0.4130
Epoch: 9, Loss: 1.1412, Train: 0.3333, Val: 0.3880, Test: 0.4130
Epoch: 10, Loss: 1.1412, Train: 0.3333, Val: 0.3880, Test: 0.4130
Epoch: 11, Loss: 1.1335, Train: 0.3333, Val: 0.3880, Test: 0.4130
Epoch: 12, Loss: 1.1091, Train: 0.3333, Val: 0.3880, Test: 0.4130
Epoch: 13, Loss: 1.1206, Train: 0.3333, Val: 0.3880, Test: 0.4130
Epoch: 14, Loss: 1.0640, Train: 0.3333, Val: 0.3880, Test: 0.4130
Epoch: 15, Loss: 1.1026, Train: 0.3333, Val: 0.3880, Test: 0.4130
Epoch: 16, Loss: 1.0840, Train: 0.3333, Val: 0.3880, Test: 0.4130
Epoch: 17, Loss: 1.0990, Train: 0.3333, Val: 0.3880, Test: 0.4130
Epoch: 18, Loss: 1.1294, Train: 0.3333, Val: 0.3880, Test: 0.4130
Epoch: 19, Loss: 1.1453, Train: 0.3333, Val: 0.3880, Test: 0.4130
Epoch: 20, Loss: 1.1471, Train: 0.3333, Val: 0.3880, Test: 0.4130
Epoch: 21, Loss: 1.1388, Train: 0.3333, Val: 0.3880, Test: 0.4130
Epoch: 22, Loss: 1.1048, Train: 0.3333, Val: 0.3880, Test: 0.4130
Epoch: 23, Loss: 1.1016, Train: 0.3333, Val: 0.3880, Test: 0.4130
Epoch: 24, Loss: 1.1023, Train: 0.3333, Val: 0.3880, Test: 0.4130
Epoch: 25, Loss: 1.0949, Train: 0.3333, Val: 0.3880, Test: 0.4130
Epoch: 26, Loss: 1.0789, Train: 0.3333, Val: 0.3880, Test: 0.4130
Epoch: 27, Loss: 1.1384, Train: 0.3333, Val: 0.3880, Test: 0.4130
Epoch: 28, Loss: 1.1304, Train: 0.3333, Val: 0.3880, Test: 0.4130
Epoch: 29, Loss: 1.1272, Train: 0.3333, Val: 0.3880, Test: 0.4130
Epoch: 30, Loss: 1.1315, Train: 0.3333, Val: 0.3880, Test: 0.4130
Epoch: 31, Loss: 1.1252, Train: 0.3333, Val: 0.3880, Test: 0.4130
Epoch: 32, Loss: 1.0773, Train: 0.3333, Val: 0.3880, Test: 0.4130
Epoch: 33, Loss: 1.1481, Train: 0.3333, Val: 0.3880, Test: 0.4130
Epoch: 34, Loss: 1.1221, Train: 0.3333, Val: 0.3880, Test: 0.4130
Epoch: 35, Loss: 1.1056, Train: 0.3333, Val: 0.3880, Test: 0.4130
Epoch: 36, Loss: 1.0961, Train: 0.3333, Val: 0.3880, Test: 0.4130
Epoch: 37, Loss: 1.0989, Train: 0.3333, Val: 0.3880, Test: 0.4130
Epoch: 38, Loss: 1.0601, Train: 0.3333, Val: 0.3880, Test: 0.4130
Epoch: 39, Loss: 1.1063, Train: 0.3667, Val: 0.3940, Test: 0.4130
Epoch: 40, Loss: 1.1201, Train: 0.3667, Val: 0.3940, Test: 0.4140
Epoch: 41, Loss: 1.0757, Train: 0.3667, Val: 0.3960, Test: 0.4170
Epoch: 42, Loss: 1.0687, Train: 0.4333, Val: 0.3960, Test: 0.4210
Epoch: 43, Loss: 1.1227, Train: 0.4333, Val: 0.4080, Test: 0.4450
Epoch: 44, Loss: 1.1354, Train: 0.4333, Val: 0.4380, Test: 0.4680
Epoch: 45, Loss: 1.0910, Train: 0.5167, Val: 0.4540, Test: 0.4860
Epoch: 46, Loss: 1.1030, Train: 0.5667, Val: 0.5080, Test: 0.5030
Epoch: 47, Loss: 1.0842, Train: 0.5833, Val: 0.5240, Test: 0.5140
Epoch: 48, Loss: 1.0987, Train: 0.5833, Val: 0.5240, Test: 0.5050
Epoch: 49, Loss: 1.0880, Train: 0.5167, Val: 0.5080, Test: 0.5160
Epoch: 50, Loss: 1.1054, Train: 0.5500, Val: 0.5060, Test: 0.5140
Epoch: 51, Loss: 1.1181, Train: 0.5833, Val: 0.5180, Test: 0.5140
Epoch: 52, Loss: 1.0929, Train: 0.5833, Val: 0.5200, Test: 0.5030
Epoch: 53, Loss: 1.0803, Train: 0.6333, Val: 0.5040, Test: 0.4820
Epoch: 54, Loss: 1.0973, Train: 0.5667, Val: 0.5140, Test: 0.4880
Epoch: 55, Loss: 1.1051, Train: 0.5667, Val: 0.4900, Test: 0.4870
Epoch: 56, Loss: 1.0810, Train: 0.5667, Val: 0.5120, Test: 0.5090
Epoch: 57, Loss: 1.0904, Train: 0.6667, Val: 0.5240, Test: 0.5030
Epoch: 58, Loss: 1.0824, Train: 0.6000, Val: 0.4880, Test: 0.4830
Epoch: 59, Loss: 1.0983, Train: 0.6167, Val: 0.5180, Test: 0.4980
Epoch: 60, Loss: 1.0889, Train: 0.6000, Val: 0.5420, Test: 0.5130
Epoch: 61, Loss: 1.1183, Train: 0.6000, Val: 0.5440, Test: 0.5180
Epoch: 62, Loss: 1.1006, Train: 0.6333, Val: 0.5440, Test: 0.5140
Epoch: 63, Loss: 1.0720, Train: 0.6333, Val: 0.5440, Test: 0.5170
Epoch: 64, Loss: 1.0792, Train: 0.6500, Val: 0.5400, Test: 0.5150
Epoch: 65, Loss: 1.0993, Train: 0.6833, Val: 0.5620, Test: 0.5240
Epoch: 66, Loss: 1.0638, Train: 0.6000, Val: 0.5360, Test: 0.5290
Epoch: 67, Loss: 1.0790, Train: 0.6333, Val: 0.5340, Test: 0.5340
Epoch: 68, Loss: 1.1284, Train: 0.6333, Val: 0.5260, Test: 0.5190
Epoch: 69, Loss: 1.1313, Train: 0.6333, Val: 0.5240, Test: 0.5190
Epoch: 70, Loss: 1.0950, Train: 0.6167, Val: 0.5300, Test: 0.5260
Epoch: 71, Loss: 1.1065, Train: 0.6333, Val: 0.5180, Test: 0.5270
Epoch: 72, Loss: 1.0654, Train: 0.6500, Val: 0.5060, Test: 0.5050
Epoch: 73, Loss: 1.0598, Train: 0.6167, Val: 0.5120, Test: 0.5080
Epoch: 74, Loss: 1.0837, Train: 0.6500, Val: 0.5240, Test: 0.4880
Epoch: 75, Loss: 1.0514, Train: 0.6500, Val: 0.5280, Test: 0.5070
Epoch: 76, Loss: 1.0521, Train: 0.6667, Val: 0.5400, Test: 0.5180
Epoch: 77, Loss: 1.0773, Train: 0.6667, Val: 0.5480, Test: 0.5220
Epoch: 78, Loss: 1.0190, Train: 0.6667, Val: 0.5500, Test: 0.5220
Epoch: 79, Loss: 1.0185, Train: 0.6000, Val: 0.5420, Test: 0.5160
Epoch: 80, Loss: 1.0111, Train: 0.6167, Val: 0.5440, Test: 0.5170
Epoch: 81, Loss: 1.0133, Train: 0.6333, Val: 0.5340, Test: 0.5120
Epoch: 82, Loss: 1.0137, Train: 0.5500, Val: 0.5300, Test: 0.5290
Epoch: 83, Loss: 0.9933, Train: 0.6167, Val: 0.5540, Test: 0.5210
Epoch: 84, Loss: 0.9721, Train: 0.6333, Val: 0.5260, Test: 0.5170
Epoch: 85, Loss: 0.9597, Train: 0.5833, Val: 0.5140, Test: 0.5010
Epoch: 86, Loss: 0.9453, Train: 0.6000, Val: 0.5140, Test: 0.5080
Epoch: 87, Loss: 0.9040, Train: 0.6167, Val: 0.5140, Test: 0.5090
Epoch: 88, Loss: 0.9046, Train: 0.6167, Val: 0.5140, Test: 0.5100
Epoch: 89, Loss: 0.8775, Train: 0.6167, Val: 0.5180, Test: 0.5110
Epoch: 90, Loss: 0.9212, Train: 0.6167, Val: 0.5180, Test: 0.5050
Epoch: 91, Loss: 0.8789, Train: 0.6000, Val: 0.5180, Test: 0.5060
Epoch: 92, Loss: 0.8422, Train: 0.6000, Val: 0.5200, Test: 0.5110
Epoch: 93, Loss: 0.7975, Train: 0.6167, Val: 0.5220, Test: 0.5150
Epoch: 94, Loss: 0.7826, Train: 0.6167, Val: 0.5220, Test: 0.5160
Epoch: 95, Loss: 0.8073, Train: 0.6167, Val: 0.5340, Test: 0.5160
Epoch: 96, Loss: 0.7929, Train: 0.6333, Val: 0.5280, Test: 0.5220
Epoch: 97, Loss: 0.7379, Train: 0.6333, Val: 0.5360, Test: 0.5220
Epoch: 98, Loss: 0.7263, Train: 0.6333, Val: 0.5340, Test: 0.5290
Epoch: 99, Loss: 0.7877, Train: 0.6333, Val: 0.5340, Test: 0.5260
Epoch: 100, Loss: 0.7616, Train: 0.6333, Val: 0.5380, Test: 0.5230
MAD:  0.0644
Best Test Accuracy: 0.5340, Val Accuracy: 0.5340, Train Accuracy: 0.6333
Training completed.
Seed:  4
PMPGNN(
  (convs): ModuleList(
    (0): ParallelGNNBlock(
      (conv1): GATv2Conv(64, 64, heads=1)
      (conv2): GATv2Conv(64, 64, heads=1)
      (norm): LayerNorm((64,), eps=1e-05, elementwise_affine=True)
    )
    (1-10): 10 x ParallelGNNBlock(
      (conv1): GATv2Conv(128, 64, heads=1)
      (conv2): GATv2Conv(128, 64, heads=1)
      (norm): LayerNorm((64,), eps=1e-05, elementwise_affine=True)
    )
  )
  (norm): LayerNorm((128,), eps=1e-05, elementwise_affine=True)
  (mlp): Sequential(
    (0): Linear(in_features=128, out_features=32, bias=True)
    (1): LeakyReLU(negative_slope=0.01)
    (2): Dropout(p=0.3, inplace=False)
    (3): Linear(in_features=32, out_features=3, bias=True)
  )
  (proj): Linear(in_features=500, out_features=64, bias=True)
)
Epoch: 1, Loss: 1.1241, Train: 0.3333, Val: 0.3880, Test: 0.4120
Epoch: 2, Loss: 1.1470, Train: 0.3333, Val: 0.3880, Test: 0.4130
Epoch: 3, Loss: 1.1263, Train: 0.3333, Val: 0.3900, Test: 0.4070
Epoch: 4, Loss: 1.1401, Train: 0.3667, Val: 0.4520, Test: 0.4520
Epoch: 5, Loss: 1.0751, Train: 0.3667, Val: 0.4300, Test: 0.4350
Epoch: 6, Loss: 1.1176, Train: 0.3333, Val: 0.4160, Test: 0.4070
Epoch: 7, Loss: 1.0952, Train: 0.3333, Val: 0.4160, Test: 0.4070
Epoch: 8, Loss: 1.1403, Train: 0.3333, Val: 0.4160, Test: 0.4070
Epoch: 9, Loss: 1.1197, Train: 0.3333, Val: 0.4160, Test: 0.4070
Epoch: 10, Loss: 1.0815, Train: 0.3333, Val: 0.4160, Test: 0.4070
Epoch: 11, Loss: 1.1517, Train: 0.3333, Val: 0.4160, Test: 0.4070
Epoch: 12, Loss: 1.1129, Train: 0.3333, Val: 0.4160, Test: 0.4070
Epoch: 13, Loss: 1.1217, Train: 0.3333, Val: 0.4160, Test: 0.4070
Epoch: 14, Loss: 1.1328, Train: 0.3333, Val: 0.4160, Test: 0.4070
Epoch: 15, Loss: 1.1364, Train: 0.3333, Val: 0.4160, Test: 0.4070
Epoch: 16, Loss: 1.0934, Train: 0.3333, Val: 0.4160, Test: 0.4070
Epoch: 17, Loss: 1.0809, Train: 0.3333, Val: 0.4160, Test: 0.4070
Epoch: 18, Loss: 1.1328, Train: 0.3333, Val: 0.4160, Test: 0.4070
Epoch: 19, Loss: 1.1119, Train: 0.3333, Val: 0.4160, Test: 0.4070
Epoch: 20, Loss: 1.1538, Train: 0.3333, Val: 0.4160, Test: 0.4070
Epoch: 21, Loss: 1.1161, Train: 0.3333, Val: 0.4160, Test: 0.4070
Epoch: 22, Loss: 1.1006, Train: 0.3333, Val: 0.4160, Test: 0.4070
Epoch: 23, Loss: 1.0727, Train: 0.3333, Val: 0.4160, Test: 0.4070
Epoch: 24, Loss: 1.0966, Train: 0.3333, Val: 0.4160, Test: 0.4070
Epoch: 25, Loss: 1.0823, Train: 0.3333, Val: 0.4160, Test: 0.4070
Epoch: 26, Loss: 1.0988, Train: 0.3333, Val: 0.4160, Test: 0.4070
Epoch: 27, Loss: 1.0970, Train: 0.3333, Val: 0.4160, Test: 0.4070
Epoch: 28, Loss: 1.1118, Train: 0.3333, Val: 0.4160, Test: 0.4070
Epoch: 29, Loss: 1.1274, Train: 0.3333, Val: 0.4160, Test: 0.4070
Epoch: 30, Loss: 1.1450, Train: 0.3333, Val: 0.4160, Test: 0.4070
Epoch: 31, Loss: 1.1200, Train: 0.3333, Val: 0.4160, Test: 0.4070
Epoch: 32, Loss: 1.1239, Train: 0.3333, Val: 0.4160, Test: 0.4070
Epoch: 33, Loss: 1.1070, Train: 0.3000, Val: 0.3980, Test: 0.3870
Epoch: 34, Loss: 1.1189, Train: 0.3000, Val: 0.3320, Test: 0.3480
Epoch: 35, Loss: 1.1101, Train: 0.3000, Val: 0.3440, Test: 0.3340
Epoch: 36, Loss: 1.1467, Train: 0.3833, Val: 0.3800, Test: 0.4160
Epoch: 37, Loss: 1.1319, Train: 0.3333, Val: 0.3880, Test: 0.4130
Epoch: 38, Loss: 1.1214, Train: 0.3333, Val: 0.3880, Test: 0.4130
Epoch: 39, Loss: 1.1314, Train: 0.3333, Val: 0.3880, Test: 0.4130
Epoch: 40, Loss: 1.1324, Train: 0.3333, Val: 0.3880, Test: 0.4130
Epoch: 41, Loss: 1.1166, Train: 0.3333, Val: 0.3880, Test: 0.4130
Epoch: 42, Loss: 1.0888, Train: 0.3333, Val: 0.3880, Test: 0.4130
Epoch: 43, Loss: 1.0940, Train: 0.3333, Val: 0.3880, Test: 0.4130
Epoch: 44, Loss: 1.0905, Train: 0.3333, Val: 0.3880, Test: 0.4130
Epoch: 45, Loss: 1.1223, Train: 0.3333, Val: 0.3880, Test: 0.4130
Epoch: 46, Loss: 1.1435, Train: 0.3333, Val: 0.3880, Test: 0.4120
Epoch: 47, Loss: 1.1128, Train: 0.4500, Val: 0.4340, Test: 0.4490
Epoch: 48, Loss: 1.1102, Train: 0.5500, Val: 0.5300, Test: 0.5530
Epoch: 49, Loss: 1.1104, Train: 0.5500, Val: 0.4980, Test: 0.5150
Epoch: 50, Loss: 1.1331, Train: 0.5167, Val: 0.4860, Test: 0.5020
Epoch: 51, Loss: 1.1129, Train: 0.4833, Val: 0.4600, Test: 0.4800
Epoch: 52, Loss: 1.1095, Train: 0.4667, Val: 0.4600, Test: 0.4790
Epoch: 53, Loss: 1.1159, Train: 0.5000, Val: 0.4740, Test: 0.4920
Epoch: 54, Loss: 1.1016, Train: 0.5500, Val: 0.4960, Test: 0.5210
Epoch: 55, Loss: 1.0787, Train: 0.5500, Val: 0.5000, Test: 0.5260
Epoch: 56, Loss: 1.1267, Train: 0.5333, Val: 0.4880, Test: 0.5040
Epoch: 57, Loss: 1.1029, Train: 0.5500, Val: 0.4920, Test: 0.5080
Epoch: 58, Loss: 1.1248, Train: 0.5500, Val: 0.5120, Test: 0.5370
Epoch: 59, Loss: 1.1254, Train: 0.5667, Val: 0.5100, Test: 0.5350
Epoch: 60, Loss: 1.0818, Train: 0.5667, Val: 0.5200, Test: 0.5490
Epoch: 61, Loss: 1.1100, Train: 0.5667, Val: 0.5200, Test: 0.5470
Epoch: 62, Loss: 1.1445, Train: 0.5000, Val: 0.5100, Test: 0.5200
Epoch: 63, Loss: 1.0797, Train: 0.4500, Val: 0.4700, Test: 0.4920
Epoch: 64, Loss: 1.1037, Train: 0.3667, Val: 0.4120, Test: 0.4230
Epoch: 65, Loss: 1.0807, Train: 0.3500, Val: 0.3900, Test: 0.4120
Epoch: 66, Loss: 1.1032, Train: 0.3333, Val: 0.3880, Test: 0.4130
Epoch: 67, Loss: 1.1070, Train: 0.3333, Val: 0.3880, Test: 0.4130
Epoch: 68, Loss: 1.0785, Train: 0.3333, Val: 0.3880, Test: 0.4130
Epoch: 69, Loss: 1.1052, Train: 0.3333, Val: 0.3880, Test: 0.4130
Epoch: 70, Loss: 1.1011, Train: 0.3333, Val: 0.3880, Test: 0.4130
Epoch: 71, Loss: 1.0877, Train: 0.3333, Val: 0.3880, Test: 0.4130
Epoch: 72, Loss: 1.0985, Train: 0.3333, Val: 0.3880, Test: 0.4130
Epoch: 73, Loss: 1.1106, Train: 0.3333, Val: 0.3880, Test: 0.4130
Epoch: 74, Loss: 1.0986, Train: 0.3333, Val: 0.3880, Test: 0.4130
Epoch: 75, Loss: 1.0972, Train: 0.3333, Val: 0.3880, Test: 0.4130
Epoch: 76, Loss: 1.1331, Train: 0.3333, Val: 0.3880, Test: 0.4130
Epoch: 77, Loss: 1.1077, Train: 0.3333, Val: 0.3880, Test: 0.4130
Epoch: 78, Loss: 1.0719, Train: 0.3333, Val: 0.3880, Test: 0.4130
Epoch: 79, Loss: 1.1283, Train: 0.3333, Val: 0.3880, Test: 0.4130
Epoch: 80, Loss: 1.0978, Train: 0.3333, Val: 0.3880, Test: 0.4130
Epoch: 81, Loss: 1.0536, Train: 0.3333, Val: 0.3880, Test: 0.4130
Epoch: 82, Loss: 1.0763, Train: 0.3333, Val: 0.3880, Test: 0.4130
Epoch: 83, Loss: 1.1290, Train: 0.3333, Val: 0.3880, Test: 0.4130
Epoch: 84, Loss: 1.0992, Train: 0.3333, Val: 0.3880, Test: 0.4130
Epoch: 85, Loss: 1.0643, Train: 0.3333, Val: 0.3880, Test: 0.4130
Epoch: 86, Loss: 1.0897, Train: 0.3500, Val: 0.3900, Test: 0.4120
Epoch: 87, Loss: 1.0801, Train: 0.3667, Val: 0.4060, Test: 0.4260
Epoch: 88, Loss: 1.0789, Train: 0.4333, Val: 0.4580, Test: 0.4710
Epoch: 89, Loss: 1.0933, Train: 0.5000, Val: 0.4580, Test: 0.4660
Epoch: 90, Loss: 1.1118, Train: 0.4333, Val: 0.4180, Test: 0.4380
Epoch: 91, Loss: 1.0704, Train: 0.4500, Val: 0.4260, Test: 0.4570
Epoch: 92, Loss: 1.0930, Train: 0.5167, Val: 0.4740, Test: 0.4810
Epoch: 93, Loss: 1.1152, Train: 0.5500, Val: 0.5000, Test: 0.5070
Epoch: 94, Loss: 1.0930, Train: 0.6333, Val: 0.5180, Test: 0.5160
Epoch: 95, Loss: 1.0956, Train: 0.7000, Val: 0.5660, Test: 0.5680
Epoch: 96, Loss: 1.0909, Train: 0.7333, Val: 0.6140, Test: 0.6130
Epoch: 97, Loss: 1.1099, Train: 0.8000, Val: 0.6500, Test: 0.6440
Epoch: 98, Loss: 1.0786, Train: 0.8000, Val: 0.6200, Test: 0.6110
Epoch: 99, Loss: 1.0816, Train: 0.7667, Val: 0.5720, Test: 0.5740
Epoch: 100, Loss: 1.0407, Train: 0.7000, Val: 0.5660, Test: 0.5510
MAD:  0.032
Best Test Accuracy: 0.6440, Val Accuracy: 0.6500, Train Accuracy: 0.8000
Training completed.
Seed:  5
PMPGNN(
  (convs): ModuleList(
    (0): ParallelGNNBlock(
      (conv1): GATv2Conv(64, 64, heads=1)
      (conv2): GATv2Conv(64, 64, heads=1)
      (norm): LayerNorm((64,), eps=1e-05, elementwise_affine=True)
    )
    (1-10): 10 x ParallelGNNBlock(
      (conv1): GATv2Conv(128, 64, heads=1)
      (conv2): GATv2Conv(128, 64, heads=1)
      (norm): LayerNorm((64,), eps=1e-05, elementwise_affine=True)
    )
  )
  (norm): LayerNorm((128,), eps=1e-05, elementwise_affine=True)
  (mlp): Sequential(
    (0): Linear(in_features=128, out_features=32, bias=True)
    (1): LeakyReLU(negative_slope=0.01)
    (2): Dropout(p=0.3, inplace=False)
    (3): Linear(in_features=32, out_features=3, bias=True)
  )
  (proj): Linear(in_features=500, out_features=64, bias=True)
)
Epoch: 1, Loss: 1.1798, Train: 0.3000, Val: 0.4160, Test: 0.3830
Epoch: 2, Loss: 1.1062, Train: 0.3667, Val: 0.3900, Test: 0.4140
Epoch: 3, Loss: 1.1289, Train: 0.3333, Val: 0.3880, Test: 0.4130
Epoch: 4, Loss: 1.0846, Train: 0.3333, Val: 0.3880, Test: 0.4130
Epoch: 5, Loss: 1.0840, Train: 0.3333, Val: 0.3880, Test: 0.4130
Epoch: 6, Loss: 1.0916, Train: 0.3333, Val: 0.3880, Test: 0.4130
Epoch: 7, Loss: 1.1257, Train: 0.3333, Val: 0.3880, Test: 0.4130
Epoch: 8, Loss: 1.1451, Train: 0.3333, Val: 0.3880, Test: 0.4130
Epoch: 9, Loss: 1.0943, Train: 0.3333, Val: 0.3880, Test: 0.4130
Epoch: 10, Loss: 1.0712, Train: 0.3333, Val: 0.3880, Test: 0.4130
Epoch: 11, Loss: 1.1011, Train: 0.3333, Val: 0.3880, Test: 0.4130
Epoch: 12, Loss: 1.1259, Train: 0.3333, Val: 0.3880, Test: 0.4130
Epoch: 13, Loss: 1.1315, Train: 0.3333, Val: 0.3880, Test: 0.4130
Epoch: 14, Loss: 1.1311, Train: 0.3333, Val: 0.3880, Test: 0.4130
Epoch: 15, Loss: 1.0830, Train: 0.3333, Val: 0.3880, Test: 0.4130
Epoch: 16, Loss: 1.1071, Train: 0.3333, Val: 0.3880, Test: 0.4130
Epoch: 17, Loss: 1.1023, Train: 0.3333, Val: 0.3880, Test: 0.4130
Epoch: 18, Loss: 1.1144, Train: 0.3333, Val: 0.3880, Test: 0.4130
Epoch: 19, Loss: 1.1357, Train: 0.3333, Val: 0.3880, Test: 0.4130
Epoch: 20, Loss: 1.1125, Train: 0.3333, Val: 0.3880, Test: 0.4130
Epoch: 21, Loss: 1.1251, Train: 0.3333, Val: 0.3880, Test: 0.4130
Epoch: 22, Loss: 1.0762, Train: 0.3333, Val: 0.3880, Test: 0.4130
Epoch: 23, Loss: 1.1208, Train: 0.3333, Val: 0.3880, Test: 0.4130
Epoch: 24, Loss: 1.1089, Train: 0.3333, Val: 0.3880, Test: 0.4130
Epoch: 25, Loss: 1.0798, Train: 0.3333, Val: 0.3880, Test: 0.4130
Epoch: 26, Loss: 1.1200, Train: 0.3333, Val: 0.3880, Test: 0.4130
Epoch: 27, Loss: 1.1107, Train: 0.3333, Val: 0.3880, Test: 0.4130
Epoch: 28, Loss: 1.1107, Train: 0.3333, Val: 0.3880, Test: 0.4130
Epoch: 29, Loss: 1.1182, Train: 0.3333, Val: 0.3880, Test: 0.4130
Epoch: 30, Loss: 1.0896, Train: 0.3333, Val: 0.3880, Test: 0.4130
Epoch: 31, Loss: 1.0766, Train: 0.3333, Val: 0.3880, Test: 0.4130
Epoch: 32, Loss: 1.0950, Train: 0.3333, Val: 0.3880, Test: 0.4130
Epoch: 33, Loss: 1.1200, Train: 0.3333, Val: 0.3880, Test: 0.4130
Epoch: 34, Loss: 1.0964, Train: 0.3333, Val: 0.3880, Test: 0.4130
Epoch: 35, Loss: 1.0991, Train: 0.3333, Val: 0.3880, Test: 0.4130
Epoch: 36, Loss: 1.1087, Train: 0.3333, Val: 0.3880, Test: 0.4130
Epoch: 37, Loss: 1.1221, Train: 0.3333, Val: 0.3880, Test: 0.4130
Epoch: 38, Loss: 1.1347, Train: 0.3333, Val: 0.3880, Test: 0.4130
Epoch: 39, Loss: 1.0706, Train: 0.3333, Val: 0.3880, Test: 0.4130
Epoch: 40, Loss: 1.1012, Train: 0.3333, Val: 0.3880, Test: 0.4130
Epoch: 41, Loss: 1.1051, Train: 0.3333, Val: 0.3880, Test: 0.4130
Epoch: 42, Loss: 1.1057, Train: 0.3333, Val: 0.3880, Test: 0.4130
Epoch: 43, Loss: 1.0766, Train: 0.3333, Val: 0.3880, Test: 0.4130
Epoch: 44, Loss: 1.0991, Train: 0.3333, Val: 0.3880, Test: 0.4130
Epoch: 45, Loss: 1.1328, Train: 0.3333, Val: 0.3880, Test: 0.4130
Epoch: 46, Loss: 1.1072, Train: 0.3333, Val: 0.3880, Test: 0.4130
Epoch: 47, Loss: 1.1081, Train: 0.3333, Val: 0.3880, Test: 0.4130
Epoch: 48, Loss: 1.0990, Train: 0.3333, Val: 0.3880, Test: 0.4130
Epoch: 49, Loss: 1.0971, Train: 0.3333, Val: 0.3880, Test: 0.4130
Epoch: 50, Loss: 1.1302, Train: 0.3333, Val: 0.3880, Test: 0.4130
Epoch: 51, Loss: 1.0971, Train: 0.3333, Val: 0.3880, Test: 0.4130
Epoch: 52, Loss: 1.1047, Train: 0.3333, Val: 0.3880, Test: 0.4130
Epoch: 53, Loss: 1.1252, Train: 0.3333, Val: 0.3820, Test: 0.4040
Epoch: 54, Loss: 1.0972, Train: 0.3333, Val: 0.2080, Test: 0.2010
Epoch: 55, Loss: 1.0815, Train: 0.3500, Val: 0.1940, Test: 0.1800
Epoch: 56, Loss: 1.1179, Train: 0.3333, Val: 0.1960, Test: 0.1800
Epoch: 57, Loss: 1.1094, Train: 0.3333, Val: 0.1960, Test: 0.1800
Epoch: 58, Loss: 1.1232, Train: 0.3333, Val: 0.1960, Test: 0.1800
Epoch: 59, Loss: 1.1249, Train: 0.3333, Val: 0.1960, Test: 0.1800
Epoch: 60, Loss: 1.0759, Train: 0.3333, Val: 0.1960, Test: 0.1800
Epoch: 61, Loss: 1.1078, Train: 0.3333, Val: 0.1960, Test: 0.1800
Epoch: 62, Loss: 1.1041, Train: 0.3333, Val: 0.1960, Test: 0.1800
Epoch: 63, Loss: 1.1133, Train: 0.3333, Val: 0.1960, Test: 0.1800
Epoch: 64, Loss: 1.1057, Train: 0.3333, Val: 0.1960, Test: 0.1800
Epoch: 65, Loss: 1.0701, Train: 0.3333, Val: 0.1960, Test: 0.1800
Epoch: 66, Loss: 1.1038, Train: 0.3333, Val: 0.1960, Test: 0.1800
Epoch: 67, Loss: 1.1166, Train: 0.3333, Val: 0.1960, Test: 0.1800
Epoch: 68, Loss: 1.0782, Train: 0.3333, Val: 0.1960, Test: 0.1800
Epoch: 69, Loss: 1.1130, Train: 0.3333, Val: 0.1960, Test: 0.1800
Epoch: 70, Loss: 1.1125, Train: 0.3333, Val: 0.1960, Test: 0.1800
Epoch: 71, Loss: 1.0881, Train: 0.3333, Val: 0.1960, Test: 0.1800
Epoch: 72, Loss: 1.0926, Train: 0.3333, Val: 0.1960, Test: 0.1800
Epoch: 73, Loss: 1.1068, Train: 0.3333, Val: 0.1960, Test: 0.1790
Epoch: 74, Loss: 1.1093, Train: 0.3167, Val: 0.1960, Test: 0.1780
Epoch: 75, Loss: 1.1243, Train: 0.2833, Val: 0.1900, Test: 0.1670
Epoch: 76, Loss: 1.1008, Train: 0.2500, Val: 0.2020, Test: 0.1800
Epoch: 77, Loss: 1.1159, Train: 0.3167, Val: 0.3380, Test: 0.3610
Epoch: 78, Loss: 1.1067, Train: 0.3500, Val: 0.3980, Test: 0.4270
Epoch: 79, Loss: 1.0966, Train: 0.3500, Val: 0.3960, Test: 0.4250
Epoch: 80, Loss: 1.1007, Train: 0.3500, Val: 0.3920, Test: 0.4180
Epoch: 81, Loss: 1.0908, Train: 0.3333, Val: 0.3880, Test: 0.4150
Epoch: 82, Loss: 1.0954, Train: 0.3333, Val: 0.3880, Test: 0.4140
Epoch: 83, Loss: 1.0830, Train: 0.3500, Val: 0.3880, Test: 0.4170
Epoch: 84, Loss: 1.0926, Train: 0.3667, Val: 0.3980, Test: 0.4260
Epoch: 85, Loss: 1.1345, Train: 0.3667, Val: 0.3980, Test: 0.4270
Epoch: 86, Loss: 1.0931, Train: 0.3667, Val: 0.4060, Test: 0.4360
Epoch: 87, Loss: 1.1028, Train: 0.3667, Val: 0.4060, Test: 0.4390
Epoch: 88, Loss: 1.0830, Train: 0.3667, Val: 0.3980, Test: 0.4250
Epoch: 89, Loss: 1.0893, Train: 0.3667, Val: 0.3960, Test: 0.4230
Epoch: 90, Loss: 1.1038, Train: 0.3667, Val: 0.3980, Test: 0.4250
Epoch: 91, Loss: 1.0980, Train: 0.3667, Val: 0.4040, Test: 0.4330
Epoch: 92, Loss: 1.0936, Train: 0.3667, Val: 0.4100, Test: 0.4400
Epoch: 93, Loss: 1.0880, Train: 0.4167, Val: 0.4240, Test: 0.4490
Epoch: 94, Loss: 1.1009, Train: 0.3667, Val: 0.4140, Test: 0.4440
Epoch: 95, Loss: 1.0954, Train: 0.3667, Val: 0.4080, Test: 0.4430
Epoch: 96, Loss: 1.0991, Train: 0.3667, Val: 0.4060, Test: 0.4400
Epoch: 97, Loss: 1.1237, Train: 0.3667, Val: 0.4060, Test: 0.4380
Epoch: 98, Loss: 1.0923, Train: 0.3667, Val: 0.4080, Test: 0.4330
Epoch: 99, Loss: 1.0610, Train: 0.3833, Val: 0.4140, Test: 0.4420
Epoch: 100, Loss: 1.1225, Train: 0.3833, Val: 0.4240, Test: 0.4540
MAD:  0.02
Best Test Accuracy: 0.4540, Val Accuracy: 0.4240, Train Accuracy: 0.3833
Training completed.
Seed:  6
PMPGNN(
  (convs): ModuleList(
    (0): ParallelGNNBlock(
      (conv1): GATv2Conv(64, 64, heads=1)
      (conv2): GATv2Conv(64, 64, heads=1)
      (norm): LayerNorm((64,), eps=1e-05, elementwise_affine=True)
    )
    (1-10): 10 x ParallelGNNBlock(
      (conv1): GATv2Conv(128, 64, heads=1)
      (conv2): GATv2Conv(128, 64, heads=1)
      (norm): LayerNorm((64,), eps=1e-05, elementwise_affine=True)
    )
  )
  (norm): LayerNorm((128,), eps=1e-05, elementwise_affine=True)
  (mlp): Sequential(
    (0): Linear(in_features=128, out_features=32, bias=True)
    (1): LeakyReLU(negative_slope=0.01)
    (2): Dropout(p=0.3, inplace=False)
    (3): Linear(in_features=32, out_features=3, bias=True)
  )
  (proj): Linear(in_features=500, out_features=64, bias=True)
)
Epoch: 1, Loss: 1.1543, Train: 0.3333, Val: 0.1960, Test: 0.1800
Epoch: 2, Loss: 1.1028, Train: 0.3333, Val: 0.1960, Test: 0.1800
Epoch: 3, Loss: 1.0893, Train: 0.3333, Val: 0.1960, Test: 0.1800
Epoch: 4, Loss: 1.1372, Train: 0.3333, Val: 0.1960, Test: 0.1800
Epoch: 5, Loss: 1.1229, Train: 0.3333, Val: 0.1960, Test: 0.1800
Epoch: 6, Loss: 1.0813, Train: 0.3333, Val: 0.1880, Test: 0.1820
Epoch: 7, Loss: 1.1513, Train: 0.3167, Val: 0.2020, Test: 0.1900
Epoch: 8, Loss: 1.0975, Train: 0.1833, Val: 0.1820, Test: 0.2030
Epoch: 9, Loss: 1.0888, Train: 0.3000, Val: 0.3160, Test: 0.3520
Epoch: 10, Loss: 1.0964, Train: 0.3167, Val: 0.3260, Test: 0.3610
Epoch: 11, Loss: 1.1289, Train: 0.3000, Val: 0.2820, Test: 0.3120
Epoch: 12, Loss: 1.1121, Train: 0.3167, Val: 0.3040, Test: 0.3360
Epoch: 13, Loss: 1.1280, Train: 0.3000, Val: 0.2920, Test: 0.3250
Epoch: 14, Loss: 1.1234, Train: 0.3167, Val: 0.3580, Test: 0.3900
Epoch: 15, Loss: 1.1155, Train: 0.3167, Val: 0.3840, Test: 0.4080
Epoch: 16, Loss: 1.0742, Train: 0.3333, Val: 0.3880, Test: 0.4130
Epoch: 17, Loss: 1.0524, Train: 0.3333, Val: 0.3880, Test: 0.4130
Epoch: 18, Loss: 1.0859, Train: 0.3333, Val: 0.3880, Test: 0.4130
Epoch: 19, Loss: 1.0777, Train: 0.3333, Val: 0.3880, Test: 0.4130
Epoch: 20, Loss: 1.1274, Train: 0.3333, Val: 0.3880, Test: 0.4130
Epoch: 21, Loss: 1.1263, Train: 0.3333, Val: 0.3880, Test: 0.4130
Epoch: 22, Loss: 1.1330, Train: 0.3333, Val: 0.3880, Test: 0.4130
Epoch: 23, Loss: 1.1190, Train: 0.3333, Val: 0.3880, Test: 0.4130
Epoch: 24, Loss: 1.1042, Train: 0.3333, Val: 0.3880, Test: 0.4130
Epoch: 25, Loss: 1.0971, Train: 0.3333, Val: 0.3880, Test: 0.4130
Epoch: 26, Loss: 1.1557, Train: 0.3333, Val: 0.3880, Test: 0.4130
Epoch: 27, Loss: 1.1071, Train: 0.3333, Val: 0.3880, Test: 0.4130
Epoch: 28, Loss: 1.0887, Train: 0.3333, Val: 0.3880, Test: 0.4130
Epoch: 29, Loss: 1.1077, Train: 0.3333, Val: 0.3880, Test: 0.4130
Epoch: 30, Loss: 1.0914, Train: 0.3333, Val: 0.3880, Test: 0.4130
Epoch: 31, Loss: 1.0803, Train: 0.3333, Val: 0.3880, Test: 0.4130
Epoch: 32, Loss: 1.1286, Train: 0.3333, Val: 0.3880, Test: 0.4130
Epoch: 33, Loss: 1.0984, Train: 0.3333, Val: 0.3880, Test: 0.4130
Epoch: 34, Loss: 1.1347, Train: 0.3333, Val: 0.3880, Test: 0.4130
Epoch: 35, Loss: 1.1174, Train: 0.3333, Val: 0.3880, Test: 0.4130
Epoch: 36, Loss: 1.0890, Train: 0.3333, Val: 0.3880, Test: 0.4130
Epoch: 37, Loss: 1.0686, Train: 0.3333, Val: 0.3880, Test: 0.4130
Epoch: 38, Loss: 1.0983, Train: 0.3333, Val: 0.3880, Test: 0.4130
Epoch: 39, Loss: 1.1361, Train: 0.3333, Val: 0.3880, Test: 0.4130
Epoch: 40, Loss: 1.0961, Train: 0.3333, Val: 0.3880, Test: 0.4130
Epoch: 41, Loss: 1.0839, Train: 0.3333, Val: 0.3880, Test: 0.4130
Epoch: 42, Loss: 1.0845, Train: 0.3333, Val: 0.3880, Test: 0.4130
Epoch: 43, Loss: 1.1004, Train: 0.3333, Val: 0.3880, Test: 0.4130
Epoch: 44, Loss: 1.0961, Train: 0.3333, Val: 0.3880, Test: 0.4130
Epoch: 45, Loss: 1.1110, Train: 0.3333, Val: 0.3880, Test: 0.4130
Epoch: 46, Loss: 1.0970, Train: 0.3333, Val: 0.3880, Test: 0.4130
Epoch: 47, Loss: 1.0952, Train: 0.3333, Val: 0.3880, Test: 0.4130
Epoch: 48, Loss: 1.0957, Train: 0.3333, Val: 0.3880, Test: 0.4130
Epoch: 49, Loss: 1.0961, Train: 0.3333, Val: 0.3880, Test: 0.4130
Epoch: 50, Loss: 1.0972, Train: 0.3333, Val: 0.3880, Test: 0.4130
Epoch: 51, Loss: 1.1108, Train: 0.3333, Val: 0.3880, Test: 0.4130
Epoch: 52, Loss: 1.0965, Train: 0.3333, Val: 0.3880, Test: 0.4130
Epoch: 53, Loss: 1.1079, Train: 0.3333, Val: 0.3880, Test: 0.4130
Epoch: 54, Loss: 1.1456, Train: 0.3333, Val: 0.3880, Test: 0.4130
Epoch: 55, Loss: 1.1114, Train: 0.3333, Val: 0.3880, Test: 0.4130
Epoch: 56, Loss: 1.1113, Train: 0.3333, Val: 0.3880, Test: 0.4130
Epoch: 57, Loss: 1.0785, Train: 0.3333, Val: 0.3880, Test: 0.4130
Epoch: 58, Loss: 1.1446, Train: 0.3333, Val: 0.3880, Test: 0.4130
Epoch: 59, Loss: 1.1229, Train: 0.3333, Val: 0.3880, Test: 0.4130
Epoch: 60, Loss: 1.1307, Train: 0.3333, Val: 0.3880, Test: 0.4130
Epoch: 61, Loss: 1.1255, Train: 0.3333, Val: 0.3880, Test: 0.4130
Epoch: 62, Loss: 1.0933, Train: 0.3333, Val: 0.3880, Test: 0.4130
Epoch: 63, Loss: 1.1026, Train: 0.3333, Val: 0.3880, Test: 0.4130
Epoch: 64, Loss: 1.0725, Train: 0.3333, Val: 0.3880, Test: 0.4130
Epoch: 65, Loss: 1.0932, Train: 0.3333, Val: 0.3880, Test: 0.4130
Epoch: 66, Loss: 1.1112, Train: 0.3333, Val: 0.3880, Test: 0.4130
Epoch: 67, Loss: 1.0896, Train: 0.3333, Val: 0.3880, Test: 0.4130
Epoch: 68, Loss: 1.1059, Train: 0.3333, Val: 0.3880, Test: 0.4130
Epoch: 69, Loss: 1.0718, Train: 0.3333, Val: 0.3880, Test: 0.4130
Epoch: 70, Loss: 1.1142, Train: 0.3333, Val: 0.3880, Test: 0.4130
Epoch: 71, Loss: 1.1253, Train: 0.3333, Val: 0.3880, Test: 0.4130
Epoch: 72, Loss: 1.1183, Train: 0.3333, Val: 0.3880, Test: 0.4130
Epoch: 73, Loss: 1.0993, Train: 0.3333, Val: 0.3880, Test: 0.4130
Epoch: 74, Loss: 1.0894, Train: 0.3333, Val: 0.3880, Test: 0.4130
Epoch: 75, Loss: 1.1225, Train: 0.3333, Val: 0.3880, Test: 0.4130
Epoch: 76, Loss: 1.0680, Train: 0.3333, Val: 0.3880, Test: 0.4130
Epoch: 77, Loss: 1.1004, Train: 0.3333, Val: 0.3880, Test: 0.4130
Epoch: 78, Loss: 1.1263, Train: 0.3333, Val: 0.3880, Test: 0.4130
Epoch: 79, Loss: 1.1270, Train: 0.3333, Val: 0.3880, Test: 0.4130
Epoch: 80, Loss: 1.1384, Train: 0.3333, Val: 0.3880, Test: 0.4130
Epoch: 81, Loss: 1.0919, Train: 0.3333, Val: 0.3880, Test: 0.4130
Epoch: 82, Loss: 1.0793, Train: 0.3333, Val: 0.3880, Test: 0.4130
Epoch: 83, Loss: 1.1185, Train: 0.3333, Val: 0.3880, Test: 0.4130
Epoch: 84, Loss: 1.1030, Train: 0.3333, Val: 0.3880, Test: 0.4130
Epoch: 85, Loss: 1.1074, Train: 0.3333, Val: 0.3880, Test: 0.4130
Epoch: 86, Loss: 1.0942, Train: 0.3333, Val: 0.3880, Test: 0.4130
Epoch: 87, Loss: 1.1024, Train: 0.3333, Val: 0.3880, Test: 0.4140
Epoch: 88, Loss: 1.1062, Train: 0.3333, Val: 0.4040, Test: 0.4350
Epoch: 89, Loss: 1.0768, Train: 0.4167, Val: 0.4540, Test: 0.4770
Epoch: 90, Loss: 1.1117, Train: 0.4333, Val: 0.4580, Test: 0.4820
Epoch: 91, Loss: 1.1033, Train: 0.4333, Val: 0.4700, Test: 0.4830
Epoch: 92, Loss: 1.0979, Train: 0.4500, Val: 0.4740, Test: 0.4810
Epoch: 93, Loss: 1.0755, Train: 0.4500, Val: 0.4760, Test: 0.4900
Epoch: 94, Loss: 1.0933, Train: 0.4667, Val: 0.4800, Test: 0.4930
Epoch: 95, Loss: 1.0890, Train: 0.4500, Val: 0.4800, Test: 0.4820
Epoch: 96, Loss: 1.0914, Train: 0.4667, Val: 0.4620, Test: 0.4700
Epoch: 97, Loss: 1.0983, Train: 0.4333, Val: 0.3980, Test: 0.4020
Epoch: 98, Loss: 1.1056, Train: 0.3000, Val: 0.4000, Test: 0.3770
Epoch: 99, Loss: 1.0971, Train: 0.3667, Val: 0.4140, Test: 0.4020
Epoch: 100, Loss: 1.0812, Train: 0.3667, Val: 0.4120, Test: 0.4030
MAD:  0.0135
Best Test Accuracy: 0.4930, Val Accuracy: 0.4800, Train Accuracy: 0.4667
Training completed.
Seed:  7
PMPGNN(
  (convs): ModuleList(
    (0): ParallelGNNBlock(
      (conv1): GATv2Conv(64, 64, heads=1)
      (conv2): GATv2Conv(64, 64, heads=1)
      (norm): LayerNorm((64,), eps=1e-05, elementwise_affine=True)
    )
    (1-10): 10 x ParallelGNNBlock(
      (conv1): GATv2Conv(128, 64, heads=1)
      (conv2): GATv2Conv(128, 64, heads=1)
      (norm): LayerNorm((64,), eps=1e-05, elementwise_affine=True)
    )
  )
  (norm): LayerNorm((128,), eps=1e-05, elementwise_affine=True)
  (mlp): Sequential(
    (0): Linear(in_features=128, out_features=32, bias=True)
    (1): LeakyReLU(negative_slope=0.01)
    (2): Dropout(p=0.3, inplace=False)
    (3): Linear(in_features=32, out_features=3, bias=True)
  )
  (proj): Linear(in_features=500, out_features=64, bias=True)
)
Epoch: 1, Loss: 1.1026, Train: 0.3333, Val: 0.1940, Test: 0.1780
Epoch: 2, Loss: 1.1377, Train: 0.3333, Val: 0.1960, Test: 0.1790
Epoch: 3, Loss: 1.1406, Train: 0.3333, Val: 0.1960, Test: 0.1800
Epoch: 4, Loss: 1.1182, Train: 0.3500, Val: 0.2000, Test: 0.1840
Epoch: 5, Loss: 1.1354, Train: 0.3333, Val: 0.1980, Test: 0.1810
Epoch: 6, Loss: 1.1182, Train: 0.3167, Val: 0.2200, Test: 0.2150
Epoch: 7, Loss: 1.1167, Train: 0.3333, Val: 0.2120, Test: 0.2040
Epoch: 8, Loss: 1.1177, Train: 0.3500, Val: 0.2280, Test: 0.2150
Epoch: 9, Loss: 1.0929, Train: 0.3667, Val: 0.4380, Test: 0.4330
Epoch: 10, Loss: 1.1330, Train: 0.4000, Val: 0.4140, Test: 0.4350
Epoch: 11, Loss: 1.1200, Train: 0.3333, Val: 0.3880, Test: 0.4150
Epoch: 12, Loss: 1.1015, Train: 0.3333, Val: 0.3880, Test: 0.4130
Epoch: 13, Loss: 1.1311, Train: 0.3333, Val: 0.3880, Test: 0.4130
Epoch: 14, Loss: 1.0845, Train: 0.3333, Val: 0.3880, Test: 0.4130
Epoch: 15, Loss: 1.1405, Train: 0.3333, Val: 0.3880, Test: 0.4130
Epoch: 16, Loss: 1.1146, Train: 0.3333, Val: 0.3880, Test: 0.4130
Epoch: 17, Loss: 1.1144, Train: 0.3333, Val: 0.3880, Test: 0.4130
Epoch: 18, Loss: 1.0812, Train: 0.3333, Val: 0.3880, Test: 0.4130
Epoch: 19, Loss: 1.1381, Train: 0.3333, Val: 0.3880, Test: 0.4130
Epoch: 20, Loss: 1.1244, Train: 0.3333, Val: 0.3880, Test: 0.4130
Epoch: 21, Loss: 1.0946, Train: 0.3333, Val: 0.3880, Test: 0.4130
Epoch: 22, Loss: 1.1078, Train: 0.3333, Val: 0.3880, Test: 0.4130
Epoch: 23, Loss: 1.0902, Train: 0.3333, Val: 0.3880, Test: 0.4130
Epoch: 24, Loss: 1.0929, Train: 0.3333, Val: 0.3880, Test: 0.4130
Epoch: 25, Loss: 1.1003, Train: 0.3333, Val: 0.3880, Test: 0.4130
Epoch: 26, Loss: 1.1251, Train: 0.3333, Val: 0.3880, Test: 0.4130
Epoch: 27, Loss: 1.1076, Train: 0.3333, Val: 0.3880, Test: 0.4130
Epoch: 28, Loss: 1.1101, Train: 0.3333, Val: 0.3880, Test: 0.4130
Epoch: 29, Loss: 1.1198, Train: 0.3333, Val: 0.3880, Test: 0.4130
Epoch: 30, Loss: 1.1206, Train: 0.3333, Val: 0.3880, Test: 0.4130
Epoch: 31, Loss: 1.0881, Train: 0.3333, Val: 0.3880, Test: 0.4130
Epoch: 32, Loss: 1.0930, Train: 0.3333, Val: 0.3880, Test: 0.4130
Epoch: 33, Loss: 1.0593, Train: 0.3500, Val: 0.2320, Test: 0.2150
Epoch: 34, Loss: 1.0908, Train: 0.3333, Val: 0.1960, Test: 0.1800
Epoch: 35, Loss: 1.1223, Train: 0.3333, Val: 0.1960, Test: 0.1800
Epoch: 36, Loss: 1.1496, Train: 0.3333, Val: 0.1960, Test: 0.1800
Epoch: 37, Loss: 1.1289, Train: 0.3333, Val: 0.1960, Test: 0.1800
Epoch: 38, Loss: 1.1063, Train: 0.3333, Val: 0.1960, Test: 0.1800
Epoch: 39, Loss: 1.1054, Train: 0.3333, Val: 0.1960, Test: 0.1800
Epoch: 40, Loss: 1.0889, Train: 0.3333, Val: 0.1960, Test: 0.1800
Epoch: 41, Loss: 1.1029, Train: 0.3333, Val: 0.1960, Test: 0.1800
Epoch: 42, Loss: 1.1436, Train: 0.3333, Val: 0.1960, Test: 0.1800
Epoch: 43, Loss: 1.0929, Train: 0.3333, Val: 0.1960, Test: 0.1800
Epoch: 44, Loss: 1.0986, Train: 0.3333, Val: 0.1960, Test: 0.1800
Epoch: 45, Loss: 1.1221, Train: 0.3333, Val: 0.1960, Test: 0.1800
Epoch: 46, Loss: 1.0939, Train: 0.3333, Val: 0.1960, Test: 0.1800
Epoch: 47, Loss: 1.1152, Train: 0.3333, Val: 0.1960, Test: 0.1800
Epoch: 48, Loss: 1.0961, Train: 0.3333, Val: 0.1960, Test: 0.1800
Epoch: 49, Loss: 1.1087, Train: 0.3333, Val: 0.1960, Test: 0.1800
Epoch: 50, Loss: 1.1169, Train: 0.3333, Val: 0.1960, Test: 0.1800
Epoch: 51, Loss: 1.0901, Train: 0.3333, Val: 0.1960, Test: 0.1800
Epoch: 52, Loss: 1.0988, Train: 0.3333, Val: 0.1960, Test: 0.1800
Epoch: 53, Loss: 1.1003, Train: 0.3333, Val: 0.1960, Test: 0.1800
Epoch: 54, Loss: 1.1255, Train: 0.3333, Val: 0.1960, Test: 0.1800
Epoch: 55, Loss: 1.0900, Train: 0.3333, Val: 0.1960, Test: 0.1800
Epoch: 56, Loss: 1.0907, Train: 0.3333, Val: 0.1960, Test: 0.1800
Epoch: 57, Loss: 1.1076, Train: 0.3333, Val: 0.1960, Test: 0.1800
Epoch: 58, Loss: 1.0995, Train: 0.3333, Val: 0.1960, Test: 0.1800
Epoch: 59, Loss: 1.0949, Train: 0.3333, Val: 0.1960, Test: 0.1800
Epoch: 60, Loss: 1.0999, Train: 0.3333, Val: 0.1960, Test: 0.1800
Epoch: 61, Loss: 1.1024, Train: 0.3333, Val: 0.1960, Test: 0.1800
Epoch: 62, Loss: 1.1269, Train: 0.3333, Val: 0.1960, Test: 0.1800
Epoch: 63, Loss: 1.0834, Train: 0.3333, Val: 0.1960, Test: 0.1800
Epoch: 64, Loss: 1.0958, Train: 0.3333, Val: 0.1960, Test: 0.1800
Epoch: 65, Loss: 1.1012, Train: 0.3333, Val: 0.1960, Test: 0.1800
Epoch: 66, Loss: 1.1115, Train: 0.3333, Val: 0.1960, Test: 0.1800
Epoch: 67, Loss: 1.0709, Train: 0.3333, Val: 0.1960, Test: 0.1800
Epoch: 68, Loss: 1.0792, Train: 0.3333, Val: 0.1960, Test: 0.1800
Epoch: 69, Loss: 1.1133, Train: 0.3333, Val: 0.1960, Test: 0.1800
Epoch: 70, Loss: 1.1013, Train: 0.3333, Val: 0.1980, Test: 0.1890
Epoch: 71, Loss: 1.1114, Train: 0.3833, Val: 0.2360, Test: 0.2240
Epoch: 72, Loss: 1.0826, Train: 0.3667, Val: 0.2700, Test: 0.2630
Epoch: 73, Loss: 1.0848, Train: 0.4500, Val: 0.3460, Test: 0.3470
Epoch: 74, Loss: 1.1061, Train: 0.4667, Val: 0.3700, Test: 0.3600
Epoch: 75, Loss: 1.0632, Train: 0.4833, Val: 0.3760, Test: 0.3770
Epoch: 76, Loss: 1.1443, Train: 0.4833, Val: 0.3720, Test: 0.3730
Epoch: 77, Loss: 1.0904, Train: 0.4667, Val: 0.3660, Test: 0.3620
Epoch: 78, Loss: 1.0722, Train: 0.4000, Val: 0.3000, Test: 0.3020
Epoch: 79, Loss: 1.1182, Train: 0.3500, Val: 0.2460, Test: 0.2320
Epoch: 80, Loss: 1.0980, Train: 0.3333, Val: 0.2140, Test: 0.1970
Epoch: 81, Loss: 1.0836, Train: 0.3333, Val: 0.1980, Test: 0.1820
Epoch: 82, Loss: 1.1084, Train: 0.3333, Val: 0.1960, Test: 0.1800
Epoch: 83, Loss: 1.1086, Train: 0.3333, Val: 0.1960, Test: 0.1800
Epoch: 84, Loss: 1.0821, Train: 0.3333, Val: 0.1960, Test: 0.1800
Epoch: 85, Loss: 1.1167, Train: 0.3333, Val: 0.1960, Test: 0.1800
Epoch: 86, Loss: 1.0987, Train: 0.3333, Val: 0.1960, Test: 0.1800
Epoch: 87, Loss: 1.0914, Train: 0.3333, Val: 0.1960, Test: 0.1800
Epoch: 88, Loss: 1.0826, Train: 0.3333, Val: 0.1960, Test: 0.1800
Epoch: 89, Loss: 1.0947, Train: 0.3333, Val: 0.1960, Test: 0.1800
Epoch: 90, Loss: 1.0890, Train: 0.3333, Val: 0.1960, Test: 0.1800
Epoch: 91, Loss: 1.0820, Train: 0.3333, Val: 0.1960, Test: 0.1800
Epoch: 92, Loss: 1.1078, Train: 0.3333, Val: 0.1960, Test: 0.1800
Epoch: 93, Loss: 1.0923, Train: 0.3333, Val: 0.1960, Test: 0.1800
Epoch: 94, Loss: 1.0524, Train: 0.3333, Val: 0.1960, Test: 0.1800
Epoch: 95, Loss: 1.0912, Train: 0.3500, Val: 0.2200, Test: 0.2110
Epoch: 96, Loss: 1.1055, Train: 0.4000, Val: 0.2840, Test: 0.2830
Epoch: 97, Loss: 1.0818, Train: 0.5167, Val: 0.3960, Test: 0.3740
Epoch: 98, Loss: 1.0990, Train: 0.5500, Val: 0.4220, Test: 0.4070
Epoch: 99, Loss: 1.0550, Train: 0.6000, Val: 0.4640, Test: 0.4460
Epoch: 100, Loss: 1.0595, Train: 0.5833, Val: 0.5060, Test: 0.4840
MAD:  0.0599
Best Test Accuracy: 0.4840, Val Accuracy: 0.5060, Train Accuracy: 0.5833
Training completed.
Seed:  8
PMPGNN(
  (convs): ModuleList(
    (0): ParallelGNNBlock(
      (conv1): GATv2Conv(64, 64, heads=1)
      (conv2): GATv2Conv(64, 64, heads=1)
      (norm): LayerNorm((64,), eps=1e-05, elementwise_affine=True)
    )
    (1-10): 10 x ParallelGNNBlock(
      (conv1): GATv2Conv(128, 64, heads=1)
      (conv2): GATv2Conv(128, 64, heads=1)
      (norm): LayerNorm((64,), eps=1e-05, elementwise_affine=True)
    )
  )
  (norm): LayerNorm((128,), eps=1e-05, elementwise_affine=True)
  (mlp): Sequential(
    (0): Linear(in_features=128, out_features=32, bias=True)
    (1): LeakyReLU(negative_slope=0.01)
    (2): Dropout(p=0.3, inplace=False)
    (3): Linear(in_features=32, out_features=3, bias=True)
  )
  (proj): Linear(in_features=500, out_features=64, bias=True)
)
Epoch: 1, Loss: 1.1608, Train: 0.3333, Val: 0.3880, Test: 0.4130
Epoch: 2, Loss: 1.1199, Train: 0.3333, Val: 0.3880, Test: 0.4130
Epoch: 3, Loss: 1.1540, Train: 0.3333, Val: 0.3880, Test: 0.4130
Epoch: 4, Loss: 1.1459, Train: 0.3333, Val: 0.3880, Test: 0.4130
Epoch: 5, Loss: 1.1309, Train: 0.3333, Val: 0.3880, Test: 0.4130
Epoch: 6, Loss: 1.0733, Train: 0.3333, Val: 0.3880, Test: 0.4130
Epoch: 7, Loss: 1.1298, Train: 0.3333, Val: 0.3880, Test: 0.4130
Epoch: 8, Loss: 1.1014, Train: 0.3333, Val: 0.3880, Test: 0.4130
Epoch: 9, Loss: 1.0726, Train: 0.3333, Val: 0.3880, Test: 0.4130
Epoch: 10, Loss: 1.1011, Train: 0.3333, Val: 0.3880, Test: 0.4130
Epoch: 11, Loss: 1.1132, Train: 0.3333, Val: 0.3880, Test: 0.4130
Epoch: 12, Loss: 1.0771, Train: 0.3333, Val: 0.3880, Test: 0.4130
Epoch: 13, Loss: 1.0956, Train: 0.3333, Val: 0.3880, Test: 0.4130
Epoch: 14, Loss: 1.1354, Train: 0.3333, Val: 0.3880, Test: 0.4130
Epoch: 15, Loss: 1.1233, Train: 0.3333, Val: 0.3880, Test: 0.4130
Epoch: 16, Loss: 1.1182, Train: 0.3333, Val: 0.3880, Test: 0.4130
Epoch: 17, Loss: 1.0796, Train: 0.3333, Val: 0.3880, Test: 0.4130
Epoch: 18, Loss: 1.1111, Train: 0.3333, Val: 0.3880, Test: 0.4130
Epoch: 19, Loss: 1.0796, Train: 0.3333, Val: 0.3880, Test: 0.4130
Epoch: 20, Loss: 1.0891, Train: 0.3333, Val: 0.3880, Test: 0.4130
Epoch: 21, Loss: 1.1286, Train: 0.3333, Val: 0.3880, Test: 0.4130
Epoch: 22, Loss: 1.1354, Train: 0.3333, Val: 0.3880, Test: 0.4130
Epoch: 23, Loss: 1.0932, Train: 0.3333, Val: 0.3880, Test: 0.4130
Epoch: 24, Loss: 1.0815, Train: 0.3333, Val: 0.3880, Test: 0.4130
Epoch: 25, Loss: 1.1270, Train: 0.3333, Val: 0.3880, Test: 0.4130
Epoch: 26, Loss: 1.1065, Train: 0.3333, Val: 0.3880, Test: 0.4130
Epoch: 27, Loss: 1.1514, Train: 0.3333, Val: 0.3880, Test: 0.4130
Epoch: 28, Loss: 1.1107, Train: 0.3333, Val: 0.3880, Test: 0.4130
Epoch: 29, Loss: 1.1400, Train: 0.3333, Val: 0.3880, Test: 0.4130
Epoch: 30, Loss: 1.0794, Train: 0.3333, Val: 0.3880, Test: 0.4130
Epoch: 31, Loss: 1.0823, Train: 0.3333, Val: 0.3880, Test: 0.4130
Epoch: 32, Loss: 1.1080, Train: 0.3333, Val: 0.3880, Test: 0.4130
Epoch: 33, Loss: 1.1041, Train: 0.3333, Val: 0.3880, Test: 0.4140
Epoch: 34, Loss: 1.0923, Train: 0.3667, Val: 0.4000, Test: 0.4260
Epoch: 35, Loss: 1.1000, Train: 0.3667, Val: 0.4080, Test: 0.4510
Epoch: 36, Loss: 1.0985, Train: 0.3667, Val: 0.4100, Test: 0.4480
Epoch: 37, Loss: 1.0729, Train: 0.3500, Val: 0.3960, Test: 0.4210
Epoch: 38, Loss: 1.1321, Train: 0.3500, Val: 0.3900, Test: 0.4200
Epoch: 39, Loss: 1.0531, Train: 0.3667, Val: 0.4120, Test: 0.4470
Epoch: 40, Loss: 1.1223, Train: 0.4000, Val: 0.4260, Test: 0.4660
Epoch: 41, Loss: 1.1241, Train: 0.4500, Val: 0.4440, Test: 0.4860
Epoch: 42, Loss: 1.1451, Train: 0.4500, Val: 0.4420, Test: 0.4860
Epoch: 43, Loss: 1.1253, Train: 0.4167, Val: 0.4320, Test: 0.4720
Epoch: 44, Loss: 1.0984, Train: 0.3500, Val: 0.4020, Test: 0.4300
Epoch: 45, Loss: 1.0980, Train: 0.3333, Val: 0.3880, Test: 0.4160
Epoch: 46, Loss: 1.0813, Train: 0.3333, Val: 0.3880, Test: 0.4130
Epoch: 47, Loss: 1.1241, Train: 0.3333, Val: 0.3880, Test: 0.4130
Epoch: 48, Loss: 1.1021, Train: 0.3333, Val: 0.3880, Test: 0.4130
Epoch: 49, Loss: 1.0927, Train: 0.3333, Val: 0.3880, Test: 0.4130
Epoch: 50, Loss: 1.0885, Train: 0.3333, Val: 0.3880, Test: 0.4130
Epoch: 51, Loss: 1.0887, Train: 0.3333, Val: 0.3880, Test: 0.4130
Epoch: 52, Loss: 1.1057, Train: 0.3333, Val: 0.3880, Test: 0.4130
Epoch: 53, Loss: 1.1278, Train: 0.3333, Val: 0.3880, Test: 0.4130
Epoch: 54, Loss: 1.1189, Train: 0.3333, Val: 0.3880, Test: 0.4130
Epoch: 55, Loss: 1.1116, Train: 0.3333, Val: 0.3880, Test: 0.4130
Epoch: 56, Loss: 1.1055, Train: 0.3333, Val: 0.3880, Test: 0.4130
Epoch: 57, Loss: 1.1319, Train: 0.3333, Val: 0.3880, Test: 0.4130
Epoch: 58, Loss: 1.0903, Train: 0.3333, Val: 0.3880, Test: 0.4130
Epoch: 59, Loss: 1.1056, Train: 0.3333, Val: 0.3880, Test: 0.4130
Epoch: 60, Loss: 1.1118, Train: 0.3333, Val: 0.3880, Test: 0.4130
Epoch: 61, Loss: 1.1113, Train: 0.3333, Val: 0.3880, Test: 0.4130
Epoch: 62, Loss: 1.1175, Train: 0.3333, Val: 0.3880, Test: 0.4130
Epoch: 63, Loss: 1.1037, Train: 0.3333, Val: 0.3880, Test: 0.4130
Epoch: 64, Loss: 1.0907, Train: 0.3333, Val: 0.3880, Test: 0.4130
Epoch: 65, Loss: 1.1294, Train: 0.3333, Val: 0.3880, Test: 0.4130
Epoch: 66, Loss: 1.0749, Train: 0.3333, Val: 0.3880, Test: 0.4130
Epoch: 67, Loss: 1.0900, Train: 0.3333, Val: 0.3880, Test: 0.4130
Epoch: 68, Loss: 1.0965, Train: 0.3333, Val: 0.3880, Test: 0.4130
Epoch: 69, Loss: 1.1166, Train: 0.3333, Val: 0.3880, Test: 0.4130
Epoch: 70, Loss: 1.0898, Train: 0.3333, Val: 0.3880, Test: 0.4130
Epoch: 71, Loss: 1.0837, Train: 0.3333, Val: 0.3880, Test: 0.4130
Epoch: 72, Loss: 1.0980, Train: 0.3333, Val: 0.3880, Test: 0.4130
Epoch: 73, Loss: 1.0644, Train: 0.3333, Val: 0.3880, Test: 0.4130
Epoch: 74, Loss: 1.0845, Train: 0.3333, Val: 0.3880, Test: 0.4130
Epoch: 75, Loss: 1.1068, Train: 0.3333, Val: 0.3880, Test: 0.4130
Epoch: 76, Loss: 1.1072, Train: 0.3333, Val: 0.3880, Test: 0.4130
Epoch: 77, Loss: 1.1171, Train: 0.3333, Val: 0.3880, Test: 0.4130
Epoch: 78, Loss: 1.1187, Train: 0.3333, Val: 0.3880, Test: 0.4130
Epoch: 79, Loss: 1.1047, Train: 0.3333, Val: 0.3880, Test: 0.4130
Epoch: 80, Loss: 1.1014, Train: 0.3333, Val: 0.3880, Test: 0.4130
Epoch: 81, Loss: 1.1052, Train: 0.3333, Val: 0.3880, Test: 0.4130
Epoch: 82, Loss: 1.1012, Train: 0.3333, Val: 0.3880, Test: 0.4130
Epoch: 83, Loss: 1.1008, Train: 0.3333, Val: 0.3880, Test: 0.4130
Epoch: 84, Loss: 1.0937, Train: 0.3333, Val: 0.3880, Test: 0.4130
Epoch: 85, Loss: 1.1092, Train: 0.3333, Val: 0.3880, Test: 0.4130
Epoch: 86, Loss: 1.0918, Train: 0.3333, Val: 0.3880, Test: 0.4130
Epoch: 87, Loss: 1.0804, Train: 0.3333, Val: 0.3880, Test: 0.4130
Epoch: 88, Loss: 1.1143, Train: 0.3333, Val: 0.3880, Test: 0.4130
Epoch: 89, Loss: 1.1025, Train: 0.3333, Val: 0.3880, Test: 0.4130
Epoch: 90, Loss: 1.0886, Train: 0.3333, Val: 0.3880, Test: 0.4130
Epoch: 91, Loss: 1.0731, Train: 0.3333, Val: 0.3880, Test: 0.4130
Epoch: 92, Loss: 1.1271, Train: 0.3333, Val: 0.3880, Test: 0.4130
Epoch: 93, Loss: 1.0801, Train: 0.3333, Val: 0.3880, Test: 0.4130
Epoch: 94, Loss: 1.1004, Train: 0.3333, Val: 0.3880, Test: 0.4130
Epoch: 95, Loss: 1.1130, Train: 0.3333, Val: 0.3880, Test: 0.4130
Epoch: 96, Loss: 1.0947, Train: 0.3333, Val: 0.3880, Test: 0.4130
Epoch: 97, Loss: 1.0836, Train: 0.3333, Val: 0.3880, Test: 0.4130
Epoch: 98, Loss: 1.0729, Train: 0.3333, Val: 0.3880, Test: 0.4130
Epoch: 99, Loss: 1.0792, Train: 0.3333, Val: 0.3880, Test: 0.4130
Epoch: 100, Loss: 1.0846, Train: 0.3333, Val: 0.3880, Test: 0.4130
MAD:  0.0009
Best Test Accuracy: 0.4860, Val Accuracy: 0.4440, Train Accuracy: 0.4500
Training completed.
Seed:  9
PMPGNN(
  (convs): ModuleList(
    (0): ParallelGNNBlock(
      (conv1): GATv2Conv(64, 64, heads=1)
      (conv2): GATv2Conv(64, 64, heads=1)
      (norm): LayerNorm((64,), eps=1e-05, elementwise_affine=True)
    )
    (1-10): 10 x ParallelGNNBlock(
      (conv1): GATv2Conv(128, 64, heads=1)
      (conv2): GATv2Conv(128, 64, heads=1)
      (norm): LayerNorm((64,), eps=1e-05, elementwise_affine=True)
    )
  )
  (norm): LayerNorm((128,), eps=1e-05, elementwise_affine=True)
  (mlp): Sequential(
    (0): Linear(in_features=128, out_features=32, bias=True)
    (1): LeakyReLU(negative_slope=0.01)
    (2): Dropout(p=0.3, inplace=False)
    (3): Linear(in_features=32, out_features=3, bias=True)
  )
  (proj): Linear(in_features=500, out_features=64, bias=True)
)
Epoch: 1, Loss: 1.1603, Train: 0.3333, Val: 0.3880, Test: 0.4130
Epoch: 2, Loss: 1.0645, Train: 0.3333, Val: 0.3880, Test: 0.4130
Epoch: 3, Loss: 1.1306, Train: 0.3333, Val: 0.3880, Test: 0.4130
Epoch: 4, Loss: 1.1325, Train: 0.3333, Val: 0.3880, Test: 0.4130
Epoch: 5, Loss: 1.1294, Train: 0.3333, Val: 0.3880, Test: 0.4140
Epoch: 6, Loss: 1.0806, Train: 0.3333, Val: 0.3880, Test: 0.4130
Epoch: 7, Loss: 1.1093, Train: 0.3333, Val: 0.3880, Test: 0.4130
Epoch: 8, Loss: 1.1260, Train: 0.3333, Val: 0.3880, Test: 0.4130
Epoch: 9, Loss: 1.0844, Train: 0.3500, Val: 0.3880, Test: 0.4130
Epoch: 10, Loss: 1.1423, Train: 0.3500, Val: 0.3880, Test: 0.4130
Epoch: 11, Loss: 1.1317, Train: 0.3333, Val: 0.3880, Test: 0.4130
Epoch: 12, Loss: 1.1038, Train: 0.3333, Val: 0.3880, Test: 0.4130
Epoch: 13, Loss: 1.1292, Train: 0.3333, Val: 0.3880, Test: 0.4130
Epoch: 14, Loss: 1.0744, Train: 0.3333, Val: 0.3880, Test: 0.4130
Epoch: 15, Loss: 1.1314, Train: 0.3333, Val: 0.3880, Test: 0.4130
Epoch: 16, Loss: 1.1155, Train: 0.3333, Val: 0.3880, Test: 0.4130
Epoch: 17, Loss: 1.1003, Train: 0.3333, Val: 0.3880, Test: 0.4130
Epoch: 18, Loss: 1.1196, Train: 0.3333, Val: 0.3880, Test: 0.4130
Epoch: 19, Loss: 1.1223, Train: 0.3333, Val: 0.3880, Test: 0.4130
Epoch: 20, Loss: 1.0986, Train: 0.3333, Val: 0.3880, Test: 0.4130
Epoch: 21, Loss: 1.1682, Train: 0.3333, Val: 0.3880, Test: 0.4130
Epoch: 22, Loss: 1.1237, Train: 0.3333, Val: 0.3880, Test: 0.4130
Epoch: 23, Loss: 1.1164, Train: 0.3333, Val: 0.3880, Test: 0.4130
Epoch: 24, Loss: 1.1438, Train: 0.3333, Val: 0.3880, Test: 0.4130
Epoch: 25, Loss: 1.0937, Train: 0.3333, Val: 0.3880, Test: 0.4130
Epoch: 26, Loss: 1.0948, Train: 0.3333, Val: 0.3880, Test: 0.4130
Epoch: 27, Loss: 1.1172, Train: 0.3333, Val: 0.3880, Test: 0.4130
Epoch: 28, Loss: 1.0827, Train: 0.3333, Val: 0.3880, Test: 0.4130
Epoch: 29, Loss: 1.1088, Train: 0.3333, Val: 0.3880, Test: 0.4130
Epoch: 30, Loss: 1.0664, Train: 0.3333, Val: 0.3880, Test: 0.4130
Epoch: 31, Loss: 1.1217, Train: 0.3333, Val: 0.3880, Test: 0.4130
Epoch: 32, Loss: 1.1076, Train: 0.3333, Val: 0.3880, Test: 0.4130
Epoch: 33, Loss: 1.1207, Train: 0.3333, Val: 0.3880, Test: 0.4130
Epoch: 34, Loss: 1.1005, Train: 0.3333, Val: 0.3880, Test: 0.4130
Epoch: 35, Loss: 1.1338, Train: 0.3333, Val: 0.3880, Test: 0.4130
Epoch: 36, Loss: 1.1004, Train: 0.3333, Val: 0.3880, Test: 0.4130
Epoch: 37, Loss: 1.0865, Train: 0.3333, Val: 0.3880, Test: 0.4130
Epoch: 38, Loss: 1.1272, Train: 0.3333, Val: 0.3880, Test: 0.4130
Epoch: 39, Loss: 1.1295, Train: 0.3333, Val: 0.3880, Test: 0.4130
Epoch: 40, Loss: 1.1198, Train: 0.3333, Val: 0.3880, Test: 0.4130
Epoch: 41, Loss: 1.0795, Train: 0.3333, Val: 0.3880, Test: 0.4130
Epoch: 42, Loss: 1.0571, Train: 0.3333, Val: 0.3880, Test: 0.4130
Epoch: 43, Loss: 1.1366, Train: 0.3333, Val: 0.3880, Test: 0.4130
Epoch: 44, Loss: 1.0817, Train: 0.3333, Val: 0.3880, Test: 0.4130
Epoch: 45, Loss: 1.1402, Train: 0.3333, Val: 0.3880, Test: 0.4130
Epoch: 46, Loss: 1.1063, Train: 0.3333, Val: 0.3880, Test: 0.4130
Epoch: 47, Loss: 1.0928, Train: 0.3500, Val: 0.3860, Test: 0.4190
Epoch: 48, Loss: 1.1068, Train: 0.3667, Val: 0.2600, Test: 0.2850
Epoch: 49, Loss: 1.1145, Train: 0.3167, Val: 0.1940, Test: 0.1930
Epoch: 50, Loss: 1.0811, Train: 0.3833, Val: 0.3480, Test: 0.3570
Epoch: 51, Loss: 1.1327, Train: 0.3833, Val: 0.3840, Test: 0.4090
Epoch: 52, Loss: 1.1101, Train: 0.3333, Val: 0.3860, Test: 0.4110
Epoch: 53, Loss: 1.1010, Train: 0.3333, Val: 0.3880, Test: 0.4130
Epoch: 54, Loss: 1.1474, Train: 0.3333, Val: 0.3880, Test: 0.4130
Epoch: 55, Loss: 1.1250, Train: 0.3333, Val: 0.3880, Test: 0.4130
Epoch: 56, Loss: 1.0919, Train: 0.3333, Val: 0.3880, Test: 0.4130
Epoch: 57, Loss: 1.0953, Train: 0.3333, Val: 0.3880, Test: 0.4130
Epoch: 58, Loss: 1.1135, Train: 0.3500, Val: 0.3880, Test: 0.4130
Epoch: 59, Loss: 1.1040, Train: 0.3500, Val: 0.3880, Test: 0.4130
Epoch: 60, Loss: 1.0805, Train: 0.3500, Val: 0.3880, Test: 0.4130
Epoch: 61, Loss: 1.1035, Train: 0.3500, Val: 0.3880, Test: 0.4130
Epoch: 62, Loss: 1.1182, Train: 0.3500, Val: 0.3920, Test: 0.4150
Epoch: 63, Loss: 1.0921, Train: 0.3833, Val: 0.4320, Test: 0.4630
Epoch: 64, Loss: 1.1013, Train: 0.4333, Val: 0.4640, Test: 0.4960
Epoch: 65, Loss: 1.1004, Train: 0.4667, Val: 0.5020, Test: 0.5280
Epoch: 66, Loss: 1.1100, Train: 0.4667, Val: 0.5300, Test: 0.5720
Epoch: 67, Loss: 1.1037, Train: 0.4667, Val: 0.5420, Test: 0.5770
Epoch: 68, Loss: 1.0839, Train: 0.4833, Val: 0.5480, Test: 0.5770
Epoch: 69, Loss: 1.1067, Train: 0.5000, Val: 0.5620, Test: 0.5860
Epoch: 70, Loss: 1.1071, Train: 0.4333, Val: 0.3540, Test: 0.3510
Epoch: 71, Loss: 1.0984, Train: 0.3333, Val: 0.2840, Test: 0.2790
Epoch: 72, Loss: 1.1058, Train: 0.3833, Val: 0.2640, Test: 0.2430
Epoch: 73, Loss: 1.0929, Train: 0.4000, Val: 0.2460, Test: 0.2390
Epoch: 74, Loss: 1.1036, Train: 0.3667, Val: 0.2100, Test: 0.2040
Epoch: 75, Loss: 1.0928, Train: 0.3500, Val: 0.1960, Test: 0.1800
Epoch: 76, Loss: 1.1155, Train: 0.3333, Val: 0.1960, Test: 0.1800
Epoch: 77, Loss: 1.1178, Train: 0.3333, Val: 0.1960, Test: 0.1800
Epoch: 78, Loss: 1.1204, Train: 0.3333, Val: 0.1960, Test: 0.1800
Epoch: 79, Loss: 1.0942, Train: 0.3333, Val: 0.1960, Test: 0.1800
Epoch: 80, Loss: 1.0964, Train: 0.3333, Val: 0.1960, Test: 0.1800
Epoch: 81, Loss: 1.1213, Train: 0.3333, Val: 0.1960, Test: 0.1800
Epoch: 82, Loss: 1.1293, Train: 0.3333, Val: 0.1960, Test: 0.1800
Epoch: 83, Loss: 1.1348, Train: 0.3333, Val: 0.1960, Test: 0.1800
Epoch: 84, Loss: 1.0960, Train: 0.3333, Val: 0.1960, Test: 0.1800
Epoch: 85, Loss: 1.0808, Train: 0.3333, Val: 0.1960, Test: 0.1800
Epoch: 86, Loss: 1.1181, Train: 0.3333, Val: 0.1960, Test: 0.1800
Epoch: 87, Loss: 1.0875, Train: 0.3333, Val: 0.1960, Test: 0.1800
Epoch: 88, Loss: 1.0854, Train: 0.3333, Val: 0.1960, Test: 0.1800
Epoch: 89, Loss: 1.1079, Train: 0.3333, Val: 0.1960, Test: 0.1800
Epoch: 90, Loss: 1.0887, Train: 0.3333, Val: 0.1960, Test: 0.1800
Epoch: 91, Loss: 1.1001, Train: 0.3333, Val: 0.1960, Test: 0.1800
Epoch: 92, Loss: 1.0881, Train: 0.3333, Val: 0.1960, Test: 0.1800
Epoch: 93, Loss: 1.0897, Train: 0.3333, Val: 0.1960, Test: 0.1800
Epoch: 94, Loss: 1.0946, Train: 0.3500, Val: 0.1960, Test: 0.1800
Epoch: 95, Loss: 1.0853, Train: 0.3500, Val: 0.2040, Test: 0.1900
Epoch: 96, Loss: 1.0895, Train: 0.4167, Val: 0.2600, Test: 0.2550
Epoch: 97, Loss: 1.1174, Train: 0.4333, Val: 0.2900, Test: 0.2730
Epoch: 98, Loss: 1.0929, Train: 0.4333, Val: 0.2900, Test: 0.2760
Epoch: 99, Loss: 1.0924, Train: 0.4333, Val: 0.3140, Test: 0.2960
Epoch: 100, Loss: 1.0910, Train: 0.4167, Val: 0.3300, Test: 0.3150
MAD:  0.0012
Best Test Accuracy: 0.5860, Val Accuracy: 0.5620, Train Accuracy: 0.5000
Training completed.
Average Test Accuracy:  0.5106  0.06163635290962632
Average MAD:  0.02783  0.027714691050055026
