Seed:  0
PMPGNN(
  (convs): ModuleList(
    (0): ParallelGNNBlock(
      (conv1): GATv2Conv(64, 64, heads=1)
      (conv2): GATv2Conv(64, 64, heads=1)
      (norm): LayerNorm((64,), eps=1e-05, elementwise_affine=True)
    )
    (1-10): 10 x ParallelGNNBlock(
      (conv1): GATv2Conv(128, 64, heads=1)
      (conv2): GATv2Conv(128, 64, heads=1)
      (norm): LayerNorm((64,), eps=1e-05, elementwise_affine=True)
    )
    (11): GATv2Conv(128, 128, heads=1)
  )
  (norm): LayerNorm((128,), eps=1e-05, elementwise_affine=True)
  (mlp): Sequential(
    (0): Linear(in_features=128, out_features=32, bias=True)
    (1): LeakyReLU(negative_slope=0.01)
    (2): Dropout(p=0.3, inplace=False)
    (3): Linear(in_features=32, out_features=3, bias=True)
  )
  (proj): Linear(in_features=500, out_features=64, bias=True)
)
Epoch: 1, Loss: 1.1076, Train: 0.3333, Val: 0.3880, Test: 0.4130
Epoch: 2, Loss: 1.0707, Train: 0.3333, Val: 0.3880, Test: 0.4130
Epoch: 3, Loss: 1.1189, Train: 0.3333, Val: 0.3880, Test: 0.4130
Epoch: 4, Loss: 1.1212, Train: 0.3333, Val: 0.3880, Test: 0.4130
Epoch: 5, Loss: 1.0999, Train: 0.3333, Val: 0.3880, Test: 0.4130
Epoch: 6, Loss: 1.0918, Train: 0.3333, Val: 0.3880, Test: 0.4120
Epoch: 7, Loss: 1.0816, Train: 0.3333, Val: 0.3900, Test: 0.4160
Epoch: 8, Loss: 1.1572, Train: 0.3500, Val: 0.3980, Test: 0.4210
Epoch: 9, Loss: 1.1011, Train: 0.4833, Val: 0.4320, Test: 0.4150
Epoch: 10, Loss: 1.1211, Train: 0.3500, Val: 0.2000, Test: 0.1870
Epoch: 11, Loss: 1.1072, Train: 0.3333, Val: 0.1960, Test: 0.1800
Epoch: 12, Loss: 1.1354, Train: 0.3333, Val: 0.1960, Test: 0.1800
Epoch: 13, Loss: 1.1288, Train: 0.3333, Val: 0.1960, Test: 0.1800
Epoch: 14, Loss: 1.0970, Train: 0.3333, Val: 0.1960, Test: 0.1800
Epoch: 15, Loss: 1.0953, Train: 0.3333, Val: 0.1960, Test: 0.1800
Epoch: 16, Loss: 1.1160, Train: 0.3333, Val: 0.1960, Test: 0.1800
Epoch: 17, Loss: 1.1085, Train: 0.3333, Val: 0.1960, Test: 0.1800
Epoch: 18, Loss: 1.0940, Train: 0.3333, Val: 0.1960, Test: 0.1800
Epoch: 19, Loss: 1.1331, Train: 0.3333, Val: 0.1960, Test: 0.1800
Epoch: 20, Loss: 1.1157, Train: 0.3333, Val: 0.1960, Test: 0.1800
Epoch: 21, Loss: 1.1055, Train: 0.3333, Val: 0.1960, Test: 0.1800
Epoch: 22, Loss: 1.1013, Train: 0.3333, Val: 0.1960, Test: 0.1800
Epoch: 23, Loss: 1.0875, Train: 0.3333, Val: 0.1960, Test: 0.1800
Epoch: 24, Loss: 1.0714, Train: 0.3333, Val: 0.1960, Test: 0.1800
Epoch: 25, Loss: 1.1029, Train: 0.3333, Val: 0.1960, Test: 0.1800
Epoch: 26, Loss: 1.1167, Train: 0.3333, Val: 0.1960, Test: 0.1800
Epoch: 27, Loss: 1.0744, Train: 0.3333, Val: 0.1960, Test: 0.1800
Epoch: 28, Loss: 1.1062, Train: 0.3333, Val: 0.1960, Test: 0.1800
Epoch: 29, Loss: 1.1292, Train: 0.3333, Val: 0.1960, Test: 0.1800
Epoch: 30, Loss: 1.1018, Train: 0.3333, Val: 0.1960, Test: 0.1800
Epoch: 31, Loss: 1.0830, Train: 0.3333, Val: 0.1960, Test: 0.1800
Epoch: 32, Loss: 1.1133, Train: 0.3333, Val: 0.1960, Test: 0.1800
Epoch: 33, Loss: 1.1114, Train: 0.3333, Val: 0.1960, Test: 0.1800
Epoch: 34, Loss: 1.0883, Train: 0.3333, Val: 0.1960, Test: 0.1800
Epoch: 35, Loss: 1.0991, Train: 0.3333, Val: 0.1960, Test: 0.1800
Epoch: 36, Loss: 1.0815, Train: 0.3333, Val: 0.1960, Test: 0.1800
Epoch: 37, Loss: 1.1008, Train: 0.3333, Val: 0.1960, Test: 0.1800
Epoch: 38, Loss: 1.1181, Train: 0.3333, Val: 0.1960, Test: 0.1800
Epoch: 39, Loss: 1.1065, Train: 0.3333, Val: 0.1960, Test: 0.1800
Epoch: 40, Loss: 1.0985, Train: 0.3333, Val: 0.1960, Test: 0.1800
Epoch: 41, Loss: 1.1001, Train: 0.3333, Val: 0.1960, Test: 0.1800
Epoch: 42, Loss: 1.0978, Train: 0.3333, Val: 0.1960, Test: 0.1800
Epoch: 43, Loss: 1.0938, Train: 0.3333, Val: 0.1960, Test: 0.1800
Epoch: 44, Loss: 1.0998, Train: 0.3333, Val: 0.1960, Test: 0.1800
Epoch: 45, Loss: 1.1338, Train: 0.3333, Val: 0.1960, Test: 0.1800
Epoch: 46, Loss: 1.0924, Train: 0.3333, Val: 0.1960, Test: 0.1800
Epoch: 47, Loss: 1.0983, Train: 0.3333, Val: 0.1960, Test: 0.1800
Epoch: 48, Loss: 1.1169, Train: 0.3333, Val: 0.1960, Test: 0.1800
Epoch: 49, Loss: 1.1105, Train: 0.3333, Val: 0.1960, Test: 0.1800
Epoch: 50, Loss: 1.1021, Train: 0.3333, Val: 0.1960, Test: 0.1800
Epoch: 51, Loss: 1.0831, Train: 0.3333, Val: 0.1960, Test: 0.1800
Epoch: 52, Loss: 1.0983, Train: 0.3333, Val: 0.1960, Test: 0.1800
Epoch: 53, Loss: 1.1147, Train: 0.3333, Val: 0.1960, Test: 0.1800
Epoch: 54, Loss: 1.0918, Train: 0.3333, Val: 0.1960, Test: 0.1800
Epoch: 55, Loss: 1.1085, Train: 0.3333, Val: 0.1960, Test: 0.1800
Epoch: 56, Loss: 1.0759, Train: 0.3333, Val: 0.1960, Test: 0.1800
Epoch: 57, Loss: 1.0957, Train: 0.3333, Val: 0.1960, Test: 0.1800
Epoch: 58, Loss: 1.1020, Train: 0.3333, Val: 0.1960, Test: 0.1800
Epoch: 59, Loss: 1.0837, Train: 0.3333, Val: 0.1960, Test: 0.1800
Epoch: 60, Loss: 1.0999, Train: 0.3333, Val: 0.1960, Test: 0.1800
Epoch: 61, Loss: 1.0999, Train: 0.3333, Val: 0.1960, Test: 0.1800
Epoch: 62, Loss: 1.0953, Train: 0.3333, Val: 0.1960, Test: 0.1800
Epoch: 63, Loss: 1.0969, Train: 0.3333, Val: 0.1960, Test: 0.1800
Epoch: 64, Loss: 1.1084, Train: 0.3333, Val: 0.1960, Test: 0.1800
Epoch: 65, Loss: 1.0826, Train: 0.3333, Val: 0.1960, Test: 0.1800
Epoch: 66, Loss: 1.0918, Train: 0.3333, Val: 0.1960, Test: 0.1800
Epoch: 67, Loss: 1.1078, Train: 0.3333, Val: 0.1960, Test: 0.1800
Epoch: 68, Loss: 1.0941, Train: 0.3333, Val: 0.1960, Test: 0.1800
Epoch: 69, Loss: 1.1122, Train: 0.3333, Val: 0.1960, Test: 0.1800
Epoch: 70, Loss: 1.1040, Train: 0.3333, Val: 0.1960, Test: 0.1800
Epoch: 71, Loss: 1.0952, Train: 0.3333, Val: 0.1960, Test: 0.1800
Epoch: 72, Loss: 1.0904, Train: 0.3333, Val: 0.1960, Test: 0.1800
Epoch: 73, Loss: 1.1176, Train: 0.3333, Val: 0.1960, Test: 0.1800
Epoch: 74, Loss: 1.1001, Train: 0.3333, Val: 0.1960, Test: 0.1800
Epoch: 75, Loss: 1.1024, Train: 0.3333, Val: 0.1960, Test: 0.1800
Epoch: 76, Loss: 1.0933, Train: 0.3333, Val: 0.1960, Test: 0.1800
Epoch: 77, Loss: 1.1242, Train: 0.3333, Val: 0.1960, Test: 0.1800
Epoch: 78, Loss: 1.0943, Train: 0.3333, Val: 0.1960, Test: 0.1800
Epoch: 79, Loss: 1.0976, Train: 0.4000, Val: 0.2380, Test: 0.2390
Epoch: 80, Loss: 1.1075, Train: 0.5500, Val: 0.5060, Test: 0.4960
Epoch: 81, Loss: 1.0827, Train: 0.3333, Val: 0.4160, Test: 0.4080
Epoch: 82, Loss: 1.1065, Train: 0.3333, Val: 0.4160, Test: 0.4070
Epoch: 83, Loss: 1.1060, Train: 0.3333, Val: 0.4160, Test: 0.4070
Epoch: 84, Loss: 1.1049, Train: 0.3333, Val: 0.4160, Test: 0.4070
Epoch: 85, Loss: 1.1017, Train: 0.3333, Val: 0.4160, Test: 0.4070
Epoch: 86, Loss: 1.0964, Train: 0.3333, Val: 0.4160, Test: 0.4070
Epoch: 87, Loss: 1.0946, Train: 0.3333, Val: 0.4160, Test: 0.4070
Epoch: 88, Loss: 1.1164, Train: 0.3333, Val: 0.4160, Test: 0.4070
Epoch: 89, Loss: 1.1106, Train: 0.3333, Val: 0.4160, Test: 0.4070
Epoch: 90, Loss: 1.0922, Train: 0.3333, Val: 0.4160, Test: 0.4070
Epoch: 91, Loss: 1.0922, Train: 0.3333, Val: 0.4160, Test: 0.4070
Epoch: 92, Loss: 1.1067, Train: 0.3333, Val: 0.4160, Test: 0.4070
Epoch: 93, Loss: 1.0975, Train: 0.3333, Val: 0.4160, Test: 0.4070
Epoch: 94, Loss: 1.0999, Train: 0.3333, Val: 0.4160, Test: 0.4070
Epoch: 95, Loss: 1.1032, Train: 0.3333, Val: 0.4160, Test: 0.4070
Epoch: 96, Loss: 1.1035, Train: 0.3333, Val: 0.4160, Test: 0.4070
Epoch: 97, Loss: 1.0914, Train: 0.3500, Val: 0.4160, Test: 0.4080
Epoch: 98, Loss: 1.1125, Train: 0.5167, Val: 0.5100, Test: 0.4960
Epoch: 99, Loss: 1.0989, Train: 0.6000, Val: 0.5360, Test: 0.5240
Epoch: 100, Loss: 1.0961, Train: 0.5667, Val: 0.4400, Test: 0.4340
MAD:  0.005
Best Test Accuracy: 0.5240, Val Accuracy: 0.5360, Train Accuracy: 0.6000
Training completed.
Seed:  1
PMPGNN(
  (convs): ModuleList(
    (0): ParallelGNNBlock(
      (conv1): GATv2Conv(64, 64, heads=1)
      (conv2): GATv2Conv(64, 64, heads=1)
      (norm): LayerNorm((64,), eps=1e-05, elementwise_affine=True)
    )
    (1-10): 10 x ParallelGNNBlock(
      (conv1): GATv2Conv(128, 64, heads=1)
      (conv2): GATv2Conv(128, 64, heads=1)
      (norm): LayerNorm((64,), eps=1e-05, elementwise_affine=True)
    )
    (11): GATv2Conv(128, 128, heads=1)
  )
  (norm): LayerNorm((128,), eps=1e-05, elementwise_affine=True)
  (mlp): Sequential(
    (0): Linear(in_features=128, out_features=32, bias=True)
    (1): LeakyReLU(negative_slope=0.01)
    (2): Dropout(p=0.3, inplace=False)
    (3): Linear(in_features=32, out_features=3, bias=True)
  )
  (proj): Linear(in_features=500, out_features=64, bias=True)
)
Epoch: 1, Loss: 1.1177, Train: 0.3333, Val: 0.4160, Test: 0.4070
Epoch: 2, Loss: 1.0790, Train: 0.3333, Val: 0.4160, Test: 0.4070
Epoch: 3, Loss: 1.1652, Train: 0.3333, Val: 0.4160, Test: 0.4070
Epoch: 4, Loss: 1.0790, Train: 0.3333, Val: 0.4160, Test: 0.4070
Epoch: 5, Loss: 1.1504, Train: 0.3333, Val: 0.4160, Test: 0.4070
Epoch: 6, Loss: 1.1116, Train: 0.3333, Val: 0.4160, Test: 0.4070
Epoch: 7, Loss: 1.1309, Train: 0.3333, Val: 0.4160, Test: 0.4070
Epoch: 8, Loss: 1.1001, Train: 0.3333, Val: 0.4160, Test: 0.4070
Epoch: 9, Loss: 1.1084, Train: 0.3333, Val: 0.4160, Test: 0.4070
Epoch: 10, Loss: 1.0674, Train: 0.3333, Val: 0.4160, Test: 0.4070
Epoch: 11, Loss: 1.1488, Train: 0.3333, Val: 0.4160, Test: 0.4070
Epoch: 12, Loss: 1.1125, Train: 0.3333, Val: 0.4160, Test: 0.4070
Epoch: 13, Loss: 1.0848, Train: 0.3000, Val: 0.4120, Test: 0.4190
Epoch: 14, Loss: 1.0896, Train: 0.4167, Val: 0.4200, Test: 0.4400
Epoch: 15, Loss: 1.1184, Train: 0.3833, Val: 0.4080, Test: 0.4300
Epoch: 16, Loss: 1.1048, Train: 0.3833, Val: 0.4100, Test: 0.4300
Epoch: 17, Loss: 1.0806, Train: 0.5667, Val: 0.4880, Test: 0.4970
Epoch: 18, Loss: 1.1014, Train: 0.4167, Val: 0.4320, Test: 0.4160
Epoch: 19, Loss: 1.0943, Train: 0.3333, Val: 0.1960, Test: 0.1810
Epoch: 20, Loss: 1.1307, Train: 0.3333, Val: 0.1960, Test: 0.1800
Epoch: 21, Loss: 1.1269, Train: 0.3333, Val: 0.1960, Test: 0.1800
Epoch: 22, Loss: 1.1592, Train: 0.3333, Val: 0.1960, Test: 0.1800
Epoch: 23, Loss: 1.1368, Train: 0.3333, Val: 0.1960, Test: 0.1800
Epoch: 24, Loss: 1.1414, Train: 0.3333, Val: 0.1960, Test: 0.1800
Epoch: 25, Loss: 1.0680, Train: 0.3333, Val: 0.1960, Test: 0.1800
Epoch: 26, Loss: 1.0831, Train: 0.3333, Val: 0.1960, Test: 0.1800
Epoch: 27, Loss: 1.1181, Train: 0.3333, Val: 0.1960, Test: 0.1800
Epoch: 28, Loss: 1.1134, Train: 0.3333, Val: 0.1960, Test: 0.1800
Epoch: 29, Loss: 1.0696, Train: 0.3333, Val: 0.1960, Test: 0.1800
Epoch: 30, Loss: 1.1029, Train: 0.3333, Val: 0.1960, Test: 0.1800
Epoch: 31, Loss: 1.1192, Train: 0.3333, Val: 0.1960, Test: 0.1800
Epoch: 32, Loss: 1.0959, Train: 0.3333, Val: 0.1960, Test: 0.1800
Epoch: 33, Loss: 1.1131, Train: 0.3333, Val: 0.1960, Test: 0.1800
Epoch: 34, Loss: 1.0786, Train: 0.3333, Val: 0.1960, Test: 0.1800
Epoch: 35, Loss: 1.1135, Train: 0.3333, Val: 0.1960, Test: 0.1800
Epoch: 36, Loss: 1.1326, Train: 0.3333, Val: 0.1960, Test: 0.1800
Epoch: 37, Loss: 1.1155, Train: 0.3333, Val: 0.1960, Test: 0.1800
Epoch: 38, Loss: 1.1078, Train: 0.4000, Val: 0.2540, Test: 0.2450
Epoch: 39, Loss: 1.1065, Train: 0.5333, Val: 0.4200, Test: 0.4200
Epoch: 40, Loss: 1.0768, Train: 0.5500, Val: 0.4740, Test: 0.4620
Epoch: 41, Loss: 1.1117, Train: 0.5667, Val: 0.5020, Test: 0.4760
Epoch: 42, Loss: 1.0950, Train: 0.5667, Val: 0.4960, Test: 0.4750
Epoch: 43, Loss: 1.1091, Train: 0.5500, Val: 0.4220, Test: 0.4090
Epoch: 44, Loss: 1.1131, Train: 0.4833, Val: 0.4500, Test: 0.4150
Epoch: 45, Loss: 1.1049, Train: 0.4667, Val: 0.4920, Test: 0.4900
Epoch: 46, Loss: 1.0957, Train: 0.5833, Val: 0.4980, Test: 0.5030
Epoch: 47, Loss: 1.0902, Train: 0.5167, Val: 0.4480, Test: 0.4800
Epoch: 48, Loss: 1.0892, Train: 0.4833, Val: 0.4220, Test: 0.4450
Epoch: 49, Loss: 1.1028, Train: 0.4000, Val: 0.3940, Test: 0.4190
Epoch: 50, Loss: 1.0784, Train: 0.3500, Val: 0.3880, Test: 0.4140
Epoch: 51, Loss: 1.1268, Train: 0.3333, Val: 0.3880, Test: 0.4130
Epoch: 52, Loss: 1.0976, Train: 0.3333, Val: 0.3880, Test: 0.4130
Epoch: 53, Loss: 1.1008, Train: 0.3333, Val: 0.3880, Test: 0.4130
Epoch: 54, Loss: 1.1161, Train: 0.3333, Val: 0.3880, Test: 0.4130
Epoch: 55, Loss: 1.0991, Train: 0.3333, Val: 0.3880, Test: 0.4130
Epoch: 56, Loss: 1.1192, Train: 0.3333, Val: 0.3880, Test: 0.4130
Epoch: 57, Loss: 1.1044, Train: 0.3333, Val: 0.3880, Test: 0.4130
Epoch: 58, Loss: 1.0965, Train: 0.3333, Val: 0.3880, Test: 0.4130
Epoch: 59, Loss: 1.1003, Train: 0.3333, Val: 0.3880, Test: 0.4130
Epoch: 60, Loss: 1.1064, Train: 0.3333, Val: 0.3880, Test: 0.4130
Epoch: 61, Loss: 1.1045, Train: 0.3333, Val: 0.3880, Test: 0.4130
Epoch: 62, Loss: 1.1107, Train: 0.3333, Val: 0.3880, Test: 0.4130
Epoch: 63, Loss: 1.1186, Train: 0.3333, Val: 0.3880, Test: 0.4130
Epoch: 64, Loss: 1.0901, Train: 0.3333, Val: 0.3880, Test: 0.4130
Epoch: 65, Loss: 1.0910, Train: 0.3333, Val: 0.3880, Test: 0.4130
Epoch: 66, Loss: 1.0875, Train: 0.3333, Val: 0.3880, Test: 0.4130
Epoch: 67, Loss: 1.1146, Train: 0.3333, Val: 0.3880, Test: 0.4130
Epoch: 68, Loss: 1.0950, Train: 0.3333, Val: 0.3880, Test: 0.4130
Epoch: 69, Loss: 1.0965, Train: 0.3333, Val: 0.3880, Test: 0.4130
Epoch: 70, Loss: 1.1171, Train: 0.3333, Val: 0.3880, Test: 0.4130
Epoch: 71, Loss: 1.1137, Train: 0.3333, Val: 0.3880, Test: 0.4130
Epoch: 72, Loss: 1.0983, Train: 0.3333, Val: 0.3880, Test: 0.4130
Epoch: 73, Loss: 1.1075, Train: 0.3333, Val: 0.3880, Test: 0.4130
Epoch: 74, Loss: 1.0964, Train: 0.3333, Val: 0.3880, Test: 0.4130
Epoch: 75, Loss: 1.1079, Train: 0.3333, Val: 0.3880, Test: 0.4130
Epoch: 76, Loss: 1.0983, Train: 0.3333, Val: 0.3880, Test: 0.4130
Epoch: 77, Loss: 1.0891, Train: 0.3333, Val: 0.3880, Test: 0.4130
Epoch: 78, Loss: 1.1001, Train: 0.3333, Val: 0.3880, Test: 0.4130
Epoch: 79, Loss: 1.0891, Train: 0.3333, Val: 0.3880, Test: 0.4130
Epoch: 80, Loss: 1.1236, Train: 0.3333, Val: 0.3880, Test: 0.4130
Epoch: 81, Loss: 1.1158, Train: 0.3333, Val: 0.3880, Test: 0.4130
Epoch: 82, Loss: 1.0919, Train: 0.3500, Val: 0.3880, Test: 0.4130
Epoch: 83, Loss: 1.1146, Train: 0.3500, Val: 0.3880, Test: 0.4130
Epoch: 84, Loss: 1.0974, Train: 0.3500, Val: 0.3880, Test: 0.4130
Epoch: 85, Loss: 1.1169, Train: 0.3833, Val: 0.4300, Test: 0.4570
Epoch: 86, Loss: 1.1095, Train: 0.4833, Val: 0.4640, Test: 0.4700
Epoch: 87, Loss: 1.1118, Train: 0.3833, Val: 0.2620, Test: 0.2530
Epoch: 88, Loss: 1.0882, Train: 0.3833, Val: 0.2440, Test: 0.2270
Epoch: 89, Loss: 1.0900, Train: 0.3833, Val: 0.2400, Test: 0.2260
Epoch: 90, Loss: 1.1081, Train: 0.3833, Val: 0.2260, Test: 0.2150
Epoch: 91, Loss: 1.0888, Train: 0.3333, Val: 0.2040, Test: 0.1860
Epoch: 92, Loss: 1.0865, Train: 0.3500, Val: 0.1980, Test: 0.1820
Epoch: 93, Loss: 1.0878, Train: 0.3500, Val: 0.1960, Test: 0.1800
Epoch: 94, Loss: 1.1009, Train: 0.3500, Val: 0.1960, Test: 0.1800
Epoch: 95, Loss: 1.0793, Train: 0.3333, Val: 0.1960, Test: 0.1800
Epoch: 96, Loss: 1.1087, Train: 0.3333, Val: 0.1960, Test: 0.1800
Epoch: 97, Loss: 1.0793, Train: 0.3333, Val: 0.1960, Test: 0.1800
Epoch: 98, Loss: 1.1062, Train: 0.3333, Val: 0.1960, Test: 0.1800
Epoch: 99, Loss: 1.1068, Train: 0.3333, Val: 0.1960, Test: 0.1800
Epoch: 100, Loss: 1.0920, Train: 0.3333, Val: 0.1960, Test: 0.1800
MAD:  0.0005
Best Test Accuracy: 0.5030, Val Accuracy: 0.4980, Train Accuracy: 0.5833
Training completed.
Seed:  2
PMPGNN(
  (convs): ModuleList(
    (0): ParallelGNNBlock(
      (conv1): GATv2Conv(64, 64, heads=1)
      (conv2): GATv2Conv(64, 64, heads=1)
      (norm): LayerNorm((64,), eps=1e-05, elementwise_affine=True)
    )
    (1-10): 10 x ParallelGNNBlock(
      (conv1): GATv2Conv(128, 64, heads=1)
      (conv2): GATv2Conv(128, 64, heads=1)
      (norm): LayerNorm((64,), eps=1e-05, elementwise_affine=True)
    )
    (11): GATv2Conv(128, 128, heads=1)
  )
  (norm): LayerNorm((128,), eps=1e-05, elementwise_affine=True)
  (mlp): Sequential(
    (0): Linear(in_features=128, out_features=32, bias=True)
    (1): LeakyReLU(negative_slope=0.01)
    (2): Dropout(p=0.3, inplace=False)
    (3): Linear(in_features=32, out_features=3, bias=True)
  )
  (proj): Linear(in_features=500, out_features=64, bias=True)
)
Epoch: 1, Loss: 1.1010, Train: 0.3333, Val: 0.1960, Test: 0.1800
Epoch: 2, Loss: 1.1023, Train: 0.3333, Val: 0.1960, Test: 0.1800
Epoch: 3, Loss: 1.1013, Train: 0.3333, Val: 0.1960, Test: 0.1800
Epoch: 4, Loss: 1.1510, Train: 0.3333, Val: 0.1960, Test: 0.1800
Epoch: 5, Loss: 1.1138, Train: 0.3333, Val: 0.1960, Test: 0.1800
Epoch: 6, Loss: 1.1205, Train: 0.3333, Val: 0.1960, Test: 0.1800
Epoch: 7, Loss: 1.1240, Train: 0.3333, Val: 0.1960, Test: 0.1810
Epoch: 8, Loss: 1.1634, Train: 0.3500, Val: 0.2060, Test: 0.1890
Epoch: 9, Loss: 1.0797, Train: 0.3500, Val: 0.2120, Test: 0.2020
Epoch: 10, Loss: 1.1365, Train: 0.3833, Val: 0.2600, Test: 0.2500
Epoch: 11, Loss: 1.1113, Train: 0.4500, Val: 0.4060, Test: 0.4290
Epoch: 12, Loss: 1.1205, Train: 0.4000, Val: 0.4140, Test: 0.4260
Epoch: 13, Loss: 1.0997, Train: 0.3833, Val: 0.4100, Test: 0.4250
Epoch: 14, Loss: 1.1079, Train: 0.4000, Val: 0.4080, Test: 0.4220
Epoch: 15, Loss: 1.1020, Train: 0.4000, Val: 0.4140, Test: 0.4250
Epoch: 16, Loss: 1.1135, Train: 0.3500, Val: 0.3960, Test: 0.4170
Epoch: 17, Loss: 1.1128, Train: 0.3333, Val: 0.3960, Test: 0.4140
Epoch: 18, Loss: 1.0822, Train: 0.3333, Val: 0.3900, Test: 0.4130
Epoch: 19, Loss: 1.1291, Train: 0.3333, Val: 0.3880, Test: 0.4130
Epoch: 20, Loss: 1.1005, Train: 0.3333, Val: 0.3880, Test: 0.4130
Epoch: 21, Loss: 1.1334, Train: 0.3333, Val: 0.3880, Test: 0.4130
Epoch: 22, Loss: 1.1055, Train: 0.3333, Val: 0.3880, Test: 0.4130
Epoch: 23, Loss: 1.0947, Train: 0.3333, Val: 0.3880, Test: 0.4130
Epoch: 24, Loss: 1.1404, Train: 0.3333, Val: 0.3880, Test: 0.4130
Epoch: 25, Loss: 1.0840, Train: 0.3333, Val: 0.3880, Test: 0.4130
Epoch: 26, Loss: 1.1024, Train: 0.3333, Val: 0.3880, Test: 0.4130
Epoch: 27, Loss: 1.0957, Train: 0.3333, Val: 0.3880, Test: 0.4130
Epoch: 28, Loss: 1.1299, Train: 0.3333, Val: 0.3880, Test: 0.4130
Epoch: 29, Loss: 1.0935, Train: 0.3333, Val: 0.3880, Test: 0.4130
Epoch: 30, Loss: 1.0805, Train: 0.3167, Val: 0.3880, Test: 0.4120
Epoch: 31, Loss: 1.1308, Train: 0.1833, Val: 0.1600, Test: 0.1820
Epoch: 32, Loss: 1.1004, Train: 0.2833, Val: 0.1640, Test: 0.1490
Epoch: 33, Loss: 1.1181, Train: 0.2833, Val: 0.1740, Test: 0.1550
Epoch: 34, Loss: 1.1064, Train: 0.3167, Val: 0.1840, Test: 0.1640
Epoch: 35, Loss: 1.1484, Train: 0.3333, Val: 0.1960, Test: 0.1720
Epoch: 36, Loss: 1.1127, Train: 0.3333, Val: 0.1920, Test: 0.1760
Epoch: 37, Loss: 1.1011, Train: 0.2833, Val: 0.1760, Test: 0.1590
Epoch: 38, Loss: 1.1082, Train: 0.3167, Val: 0.1840, Test: 0.1670
Epoch: 39, Loss: 1.0916, Train: 0.3000, Val: 0.1860, Test: 0.1680
Epoch: 40, Loss: 1.1644, Train: 0.3167, Val: 0.1820, Test: 0.1680
Epoch: 41, Loss: 1.1042, Train: 0.3167, Val: 0.1900, Test: 0.1750
Epoch: 42, Loss: 1.1013, Train: 0.2000, Val: 0.1500, Test: 0.1550
Epoch: 43, Loss: 1.0901, Train: 0.1833, Val: 0.1160, Test: 0.1290
Epoch: 44, Loss: 1.0840, Train: 0.2167, Val: 0.1820, Test: 0.2190
Epoch: 45, Loss: 1.1225, Train: 0.3333, Val: 0.3820, Test: 0.4100
Epoch: 46, Loss: 1.0951, Train: 0.3333, Val: 0.3980, Test: 0.4120
Epoch: 47, Loss: 1.0993, Train: 0.3500, Val: 0.3980, Test: 0.4140
Epoch: 48, Loss: 1.0718, Train: 0.3000, Val: 0.3100, Test: 0.3080
Epoch: 49, Loss: 1.0934, Train: 0.3667, Val: 0.3520, Test: 0.3290
Epoch: 50, Loss: 1.1062, Train: 0.4000, Val: 0.3520, Test: 0.3470
Epoch: 51, Loss: 1.0958, Train: 0.4667, Val: 0.3840, Test: 0.3710
Epoch: 52, Loss: 1.1223, Train: 0.4167, Val: 0.4500, Test: 0.4470
Epoch: 53, Loss: 1.1138, Train: 0.4833, Val: 0.4360, Test: 0.4510
Epoch: 54, Loss: 1.0997, Train: 0.4500, Val: 0.4280, Test: 0.4420
Epoch: 55, Loss: 1.0755, Train: 0.4667, Val: 0.4400, Test: 0.4560
Epoch: 56, Loss: 1.0987, Train: 0.4000, Val: 0.4160, Test: 0.4300
Epoch: 57, Loss: 1.0996, Train: 0.4667, Val: 0.4060, Test: 0.3810
Epoch: 58, Loss: 1.1184, Train: 0.4500, Val: 0.4440, Test: 0.4560
Epoch: 59, Loss: 1.1065, Train: 0.3500, Val: 0.4100, Test: 0.4290
Epoch: 60, Loss: 1.1238, Train: 0.3333, Val: 0.3920, Test: 0.4150
Epoch: 61, Loss: 1.1081, Train: 0.3333, Val: 0.3880, Test: 0.4140
Epoch: 62, Loss: 1.1308, Train: 0.3333, Val: 0.3880, Test: 0.4130
Epoch: 63, Loss: 1.0852, Train: 0.3333, Val: 0.3880, Test: 0.4130
Epoch: 64, Loss: 1.0938, Train: 0.3333, Val: 0.3880, Test: 0.4130
Epoch: 65, Loss: 1.0666, Train: 0.3333, Val: 0.3880, Test: 0.4130
Epoch: 66, Loss: 1.0971, Train: 0.3333, Val: 0.3880, Test: 0.4130
Epoch: 67, Loss: 1.1060, Train: 0.3333, Val: 0.3880, Test: 0.4130
Epoch: 68, Loss: 1.1070, Train: 0.3333, Val: 0.3880, Test: 0.4130
Epoch: 69, Loss: 1.0931, Train: 0.3333, Val: 0.3880, Test: 0.4130
Epoch: 70, Loss: 1.1203, Train: 0.3333, Val: 0.3880, Test: 0.4130
Epoch: 71, Loss: 1.0962, Train: 0.3333, Val: 0.3880, Test: 0.4130
Epoch: 72, Loss: 1.0825, Train: 0.3333, Val: 0.3880, Test: 0.4130
Epoch: 73, Loss: 1.1235, Train: 0.3333, Val: 0.3880, Test: 0.4130
Epoch: 74, Loss: 1.1024, Train: 0.3333, Val: 0.3880, Test: 0.4130
Epoch: 75, Loss: 1.1069, Train: 0.3333, Val: 0.3880, Test: 0.4130
Epoch: 76, Loss: 1.1278, Train: 0.3333, Val: 0.3880, Test: 0.4130
Epoch: 77, Loss: 1.1308, Train: 0.3333, Val: 0.3880, Test: 0.4130
Epoch: 78, Loss: 1.1222, Train: 0.3333, Val: 0.3880, Test: 0.4130
Epoch: 79, Loss: 1.1211, Train: 0.3333, Val: 0.3880, Test: 0.4130
Epoch: 80, Loss: 1.1225, Train: 0.3333, Val: 0.3880, Test: 0.4130
Epoch: 81, Loss: 1.1060, Train: 0.3333, Val: 0.3880, Test: 0.4130
Epoch: 82, Loss: 1.1100, Train: 0.3333, Val: 0.3880, Test: 0.4130
Epoch: 83, Loss: 1.1014, Train: 0.3333, Val: 0.3880, Test: 0.4130
Epoch: 84, Loss: 1.1038, Train: 0.3333, Val: 0.3880, Test: 0.4130
Epoch: 85, Loss: 1.1123, Train: 0.3333, Val: 0.3880, Test: 0.4130
Epoch: 86, Loss: 1.0987, Train: 0.3333, Val: 0.3880, Test: 0.4130
Epoch: 87, Loss: 1.0834, Train: 0.3333, Val: 0.3880, Test: 0.4130
Epoch: 88, Loss: 1.0801, Train: 0.3333, Val: 0.3880, Test: 0.4130
Epoch: 89, Loss: 1.1060, Train: 0.3333, Val: 0.3880, Test: 0.4130
Epoch: 90, Loss: 1.1016, Train: 0.3333, Val: 0.3940, Test: 0.4170
Epoch: 91, Loss: 1.1275, Train: 0.4667, Val: 0.5040, Test: 0.5390
Epoch: 92, Loss: 1.0994, Train: 0.4833, Val: 0.5320, Test: 0.5620
Epoch: 93, Loss: 1.1103, Train: 0.4833, Val: 0.5060, Test: 0.5430
Epoch: 94, Loss: 1.1185, Train: 0.4833, Val: 0.5120, Test: 0.5450
Epoch: 95, Loss: 1.1062, Train: 0.4833, Val: 0.5320, Test: 0.5640
Epoch: 96, Loss: 1.1119, Train: 0.4833, Val: 0.5600, Test: 0.5950
Epoch: 97, Loss: 1.1063, Train: 0.5000, Val: 0.5760, Test: 0.5920
Epoch: 98, Loss: 1.0949, Train: 0.4833, Val: 0.5840, Test: 0.5900
Epoch: 99, Loss: 1.1243, Train: 0.4667, Val: 0.5900, Test: 0.5910
Epoch: 100, Loss: 1.1196, Train: 0.4833, Val: 0.5960, Test: 0.5930
MAD:  0.0056
Best Test Accuracy: 0.5950, Val Accuracy: 0.5600, Train Accuracy: 0.4833
Training completed.
Seed:  3
PMPGNN(
  (convs): ModuleList(
    (0): ParallelGNNBlock(
      (conv1): GATv2Conv(64, 64, heads=1)
      (conv2): GATv2Conv(64, 64, heads=1)
      (norm): LayerNorm((64,), eps=1e-05, elementwise_affine=True)
    )
    (1-10): 10 x ParallelGNNBlock(
      (conv1): GATv2Conv(128, 64, heads=1)
      (conv2): GATv2Conv(128, 64, heads=1)
      (norm): LayerNorm((64,), eps=1e-05, elementwise_affine=True)
    )
    (11): GATv2Conv(128, 128, heads=1)
  )
  (norm): LayerNorm((128,), eps=1e-05, elementwise_affine=True)
  (mlp): Sequential(
    (0): Linear(in_features=128, out_features=32, bias=True)
    (1): LeakyReLU(negative_slope=0.01)
    (2): Dropout(p=0.3, inplace=False)
    (3): Linear(in_features=32, out_features=3, bias=True)
  )
  (proj): Linear(in_features=500, out_features=64, bias=True)
)
Epoch: 1, Loss: 1.1098, Train: 0.3333, Val: 0.2100, Test: 0.1830
Epoch: 2, Loss: 1.1188, Train: 0.3333, Val: 0.1960, Test: 0.1840
Epoch: 3, Loss: 1.1456, Train: 0.4000, Val: 0.2360, Test: 0.2410
Epoch: 4, Loss: 1.1356, Train: 0.3333, Val: 0.1960, Test: 0.1800
Epoch: 5, Loss: 1.1126, Train: 0.3333, Val: 0.1920, Test: 0.1800
Epoch: 6, Loss: 1.1558, Train: 0.4333, Val: 0.2820, Test: 0.3020
Epoch: 7, Loss: 1.0940, Train: 0.4667, Val: 0.4300, Test: 0.4420
Epoch: 8, Loss: 1.0928, Train: 0.5333, Val: 0.4320, Test: 0.4420
Epoch: 9, Loss: 1.1050, Train: 0.4000, Val: 0.2260, Test: 0.2060
Epoch: 10, Loss: 1.1094, Train: 0.3333, Val: 0.1960, Test: 0.1800
Epoch: 11, Loss: 1.0925, Train: 0.3333, Val: 0.1960, Test: 0.1800
Epoch: 12, Loss: 1.1198, Train: 0.3333, Val: 0.1960, Test: 0.1800
Epoch: 13, Loss: 1.1697, Train: 0.3333, Val: 0.1980, Test: 0.1810
Epoch: 14, Loss: 1.0964, Train: 0.3333, Val: 0.1980, Test: 0.1850
Epoch: 15, Loss: 1.1322, Train: 0.3333, Val: 0.1960, Test: 0.1800
Epoch: 16, Loss: 1.1295, Train: 0.3333, Val: 0.2020, Test: 0.1880
Epoch: 17, Loss: 1.1402, Train: 0.3667, Val: 0.2140, Test: 0.2020
Epoch: 18, Loss: 1.0966, Train: 0.4833, Val: 0.3360, Test: 0.3190
Epoch: 19, Loss: 1.1077, Train: 0.5333, Val: 0.4600, Test: 0.4220
Epoch: 20, Loss: 1.0965, Train: 0.5000, Val: 0.4500, Test: 0.4390
Epoch: 21, Loss: 1.1475, Train: 0.3500, Val: 0.4180, Test: 0.4040
Epoch: 22, Loss: 1.1281, Train: 0.3333, Val: 0.4200, Test: 0.4030
Epoch: 23, Loss: 1.1179, Train: 0.3333, Val: 0.4160, Test: 0.4070
Epoch: 24, Loss: 1.1157, Train: 0.3333, Val: 0.4160, Test: 0.4070
Epoch: 25, Loss: 1.0826, Train: 0.3333, Val: 0.4160, Test: 0.4070
Epoch: 26, Loss: 1.0780, Train: 0.3333, Val: 0.4160, Test: 0.4070
Epoch: 27, Loss: 1.1327, Train: 0.3333, Val: 0.4160, Test: 0.4070
Epoch: 28, Loss: 1.0952, Train: 0.3833, Val: 0.4260, Test: 0.4110
Epoch: 29, Loss: 1.0920, Train: 0.4167, Val: 0.4500, Test: 0.4350
Epoch: 30, Loss: 1.1021, Train: 0.6167, Val: 0.5320, Test: 0.4830
Epoch: 31, Loss: 1.0999, Train: 0.6000, Val: 0.4720, Test: 0.4230
Epoch: 32, Loss: 1.1174, Train: 0.5500, Val: 0.4100, Test: 0.3730
Epoch: 33, Loss: 1.1250, Train: 0.3833, Val: 0.2280, Test: 0.2190
Epoch: 34, Loss: 1.1120, Train: 0.3333, Val: 0.1960, Test: 0.1800
Epoch: 35, Loss: 1.1146, Train: 0.3333, Val: 0.1960, Test: 0.1800
Epoch: 36, Loss: 1.1133, Train: 0.3333, Val: 0.1960, Test: 0.1800
Epoch: 37, Loss: 1.1277, Train: 0.3333, Val: 0.1960, Test: 0.1800
Epoch: 38, Loss: 1.0977, Train: 0.3333, Val: 0.1960, Test: 0.1800
Epoch: 39, Loss: 1.1200, Train: 0.3333, Val: 0.1960, Test: 0.1800
Epoch: 40, Loss: 1.0928, Train: 0.3333, Val: 0.1960, Test: 0.1800
Epoch: 41, Loss: 1.0798, Train: 0.3333, Val: 0.1960, Test: 0.1800
Epoch: 42, Loss: 1.0896, Train: 0.3333, Val: 0.1960, Test: 0.1800
Epoch: 43, Loss: 1.0934, Train: 0.3333, Val: 0.1960, Test: 0.1800
Epoch: 44, Loss: 1.0878, Train: 0.3333, Val: 0.1960, Test: 0.1800
Epoch: 45, Loss: 1.1037, Train: 0.3333, Val: 0.1960, Test: 0.1800
Epoch: 46, Loss: 1.1084, Train: 0.3333, Val: 0.1960, Test: 0.1800
Epoch: 47, Loss: 1.0906, Train: 0.3333, Val: 0.1960, Test: 0.1800
Epoch: 48, Loss: 1.0928, Train: 0.3333, Val: 0.1960, Test: 0.1800
Epoch: 49, Loss: 1.0869, Train: 0.3333, Val: 0.1960, Test: 0.1800
Epoch: 50, Loss: 1.1208, Train: 0.3333, Val: 0.1960, Test: 0.1800
Epoch: 51, Loss: 1.1343, Train: 0.3333, Val: 0.1960, Test: 0.1800
Epoch: 52, Loss: 1.1064, Train: 0.3333, Val: 0.1960, Test: 0.1800
Epoch: 53, Loss: 1.0864, Train: 0.3333, Val: 0.1960, Test: 0.1800
Epoch: 54, Loss: 1.0942, Train: 0.3333, Val: 0.1960, Test: 0.1800
Epoch: 55, Loss: 1.0976, Train: 0.3333, Val: 0.1960, Test: 0.1800
Epoch: 56, Loss: 1.1056, Train: 0.3333, Val: 0.1960, Test: 0.1800
Epoch: 57, Loss: 1.0952, Train: 0.3333, Val: 0.1960, Test: 0.1800
Epoch: 58, Loss: 1.1134, Train: 0.3333, Val: 0.1960, Test: 0.1800
Epoch: 59, Loss: 1.0853, Train: 0.3333, Val: 0.1960, Test: 0.1800
Epoch: 60, Loss: 1.0960, Train: 0.3333, Val: 0.1960, Test: 0.1800
Epoch: 61, Loss: 1.0819, Train: 0.3333, Val: 0.1960, Test: 0.1800
Epoch: 62, Loss: 1.0903, Train: 0.3500, Val: 0.2040, Test: 0.1830
Epoch: 63, Loss: 1.0948, Train: 0.6333, Val: 0.4620, Test: 0.4380
Epoch: 64, Loss: 1.1201, Train: 0.6500, Val: 0.5520, Test: 0.5120
Epoch: 65, Loss: 1.1216, Train: 0.6333, Val: 0.5480, Test: 0.5200
Epoch: 66, Loss: 1.1245, Train: 0.6167, Val: 0.5380, Test: 0.5130
Epoch: 67, Loss: 1.1144, Train: 0.5333, Val: 0.5280, Test: 0.4910
Epoch: 68, Loss: 1.1038, Train: 0.4667, Val: 0.4540, Test: 0.4600
Epoch: 69, Loss: 1.1143, Train: 0.4333, Val: 0.4340, Test: 0.4310
Epoch: 70, Loss: 1.1202, Train: 0.4000, Val: 0.4300, Test: 0.4160
Epoch: 71, Loss: 1.0915, Train: 0.4000, Val: 0.4260, Test: 0.4140
Epoch: 72, Loss: 1.1405, Train: 0.4167, Val: 0.4280, Test: 0.4150
Epoch: 73, Loss: 1.0843, Train: 0.3833, Val: 0.4260, Test: 0.4130
Epoch: 74, Loss: 1.0968, Train: 0.4167, Val: 0.4280, Test: 0.4140
Epoch: 75, Loss: 1.0916, Train: 0.4167, Val: 0.4280, Test: 0.4150
Epoch: 76, Loss: 1.0881, Train: 0.4167, Val: 0.4260, Test: 0.4130
Epoch: 77, Loss: 1.1275, Train: 0.4167, Val: 0.4300, Test: 0.4180
Epoch: 78, Loss: 1.1158, Train: 0.4167, Val: 0.4260, Test: 0.4120
Epoch: 79, Loss: 1.0849, Train: 0.3667, Val: 0.4220, Test: 0.4110
Epoch: 80, Loss: 1.0620, Train: 0.3667, Val: 0.4200, Test: 0.4080
Epoch: 81, Loss: 1.1033, Train: 0.3667, Val: 0.4200, Test: 0.4080
Epoch: 82, Loss: 1.1067, Train: 0.3667, Val: 0.4220, Test: 0.4090
Epoch: 83, Loss: 1.1103, Train: 0.3667, Val: 0.4220, Test: 0.4110
Epoch: 84, Loss: 1.0899, Train: 0.3833, Val: 0.4240, Test: 0.4110
Epoch: 85, Loss: 1.0695, Train: 0.4000, Val: 0.4240, Test: 0.4110
Epoch: 86, Loss: 1.0830, Train: 0.4000, Val: 0.4240, Test: 0.4110
Epoch: 87, Loss: 1.0703, Train: 0.4167, Val: 0.4260, Test: 0.4170
Epoch: 88, Loss: 1.0983, Train: 0.4167, Val: 0.4360, Test: 0.4270
Epoch: 89, Loss: 1.0925, Train: 0.4500, Val: 0.4440, Test: 0.4460
Epoch: 90, Loss: 1.1166, Train: 0.5167, Val: 0.4760, Test: 0.4750
Epoch: 91, Loss: 1.0965, Train: 0.5333, Val: 0.5100, Test: 0.4880
Epoch: 92, Loss: 1.1069, Train: 0.6000, Val: 0.5280, Test: 0.5090
Epoch: 93, Loss: 1.0787, Train: 0.6167, Val: 0.5460, Test: 0.5180
Epoch: 94, Loss: 1.1037, Train: 0.6333, Val: 0.5540, Test: 0.5160
Epoch: 95, Loss: 1.0794, Train: 0.6167, Val: 0.5400, Test: 0.5070
Epoch: 96, Loss: 1.0765, Train: 0.6167, Val: 0.5240, Test: 0.4930
Epoch: 97, Loss: 1.0893, Train: 0.6333, Val: 0.5100, Test: 0.4840
Epoch: 98, Loss: 1.0872, Train: 0.6333, Val: 0.4980, Test: 0.4800
Epoch: 99, Loss: 1.0791, Train: 0.6333, Val: 0.5060, Test: 0.4810
Epoch: 100, Loss: 1.0925, Train: 0.6333, Val: 0.5180, Test: 0.4840
MAD:  0.0014
Best Test Accuracy: 0.5200, Val Accuracy: 0.5480, Train Accuracy: 0.6333
Training completed.
Seed:  4
PMPGNN(
  (convs): ModuleList(
    (0): ParallelGNNBlock(
      (conv1): GATv2Conv(64, 64, heads=1)
      (conv2): GATv2Conv(64, 64, heads=1)
      (norm): LayerNorm((64,), eps=1e-05, elementwise_affine=True)
    )
    (1-10): 10 x ParallelGNNBlock(
      (conv1): GATv2Conv(128, 64, heads=1)
      (conv2): GATv2Conv(128, 64, heads=1)
      (norm): LayerNorm((64,), eps=1e-05, elementwise_affine=True)
    )
    (11): GATv2Conv(128, 128, heads=1)
  )
  (norm): LayerNorm((128,), eps=1e-05, elementwise_affine=True)
  (mlp): Sequential(
    (0): Linear(in_features=128, out_features=32, bias=True)
    (1): LeakyReLU(negative_slope=0.01)
    (2): Dropout(p=0.3, inplace=False)
    (3): Linear(in_features=32, out_features=3, bias=True)
  )
  (proj): Linear(in_features=500, out_features=64, bias=True)
)
Epoch: 1, Loss: 1.1461, Train: 0.3333, Val: 0.1960, Test: 0.1800
Epoch: 2, Loss: 1.1325, Train: 0.3333, Val: 0.1960, Test: 0.1800
Epoch: 3, Loss: 1.0905, Train: 0.3333, Val: 0.1960, Test: 0.1800
Epoch: 4, Loss: 1.0777, Train: 0.5167, Val: 0.4660, Test: 0.4450
Epoch: 5, Loss: 1.1299, Train: 0.3333, Val: 0.4160, Test: 0.4070
Epoch: 6, Loss: 1.0831, Train: 0.3333, Val: 0.4160, Test: 0.4070
Epoch: 7, Loss: 1.0774, Train: 0.3333, Val: 0.4160, Test: 0.4070
Epoch: 8, Loss: 1.0713, Train: 0.3333, Val: 0.4160, Test: 0.4070
Epoch: 9, Loss: 1.1146, Train: 0.3333, Val: 0.4160, Test: 0.4070
Epoch: 10, Loss: 1.1554, Train: 0.3333, Val: 0.4160, Test: 0.4070
Epoch: 11, Loss: 1.1077, Train: 0.3333, Val: 0.4160, Test: 0.4070
Epoch: 12, Loss: 1.1548, Train: 0.3333, Val: 0.4160, Test: 0.4070
Epoch: 13, Loss: 1.1366, Train: 0.3333, Val: 0.4160, Test: 0.4070
Epoch: 14, Loss: 1.1310, Train: 0.3333, Val: 0.4160, Test: 0.4070
Epoch: 15, Loss: 1.0992, Train: 0.3333, Val: 0.4160, Test: 0.4070
Epoch: 16, Loss: 1.0698, Train: 0.3333, Val: 0.4160, Test: 0.4070
Epoch: 17, Loss: 1.0838, Train: 0.3333, Val: 0.4160, Test: 0.4070
Epoch: 18, Loss: 1.0949, Train: 0.3333, Val: 0.4160, Test: 0.4070
Epoch: 19, Loss: 1.0864, Train: 0.3333, Val: 0.4160, Test: 0.4070
Epoch: 20, Loss: 1.1394, Train: 0.3333, Val: 0.4160, Test: 0.4070
Epoch: 21, Loss: 1.0977, Train: 0.3333, Val: 0.4160, Test: 0.4070
Epoch: 22, Loss: 1.1500, Train: 0.3333, Val: 0.4160, Test: 0.4070
Epoch: 23, Loss: 1.0935, Train: 0.3333, Val: 0.4160, Test: 0.4070
Epoch: 24, Loss: 1.1032, Train: 0.3333, Val: 0.4160, Test: 0.4070
Epoch: 25, Loss: 1.0955, Train: 0.3333, Val: 0.4160, Test: 0.4070
Epoch: 26, Loss: 1.0915, Train: 0.3333, Val: 0.4160, Test: 0.4070
Epoch: 27, Loss: 1.1213, Train: 0.3333, Val: 0.4160, Test: 0.4070
Epoch: 28, Loss: 1.0865, Train: 0.3333, Val: 0.4160, Test: 0.4070
Epoch: 29, Loss: 1.0811, Train: 0.3333, Val: 0.4160, Test: 0.4070
Epoch: 30, Loss: 1.1231, Train: 0.3333, Val: 0.4160, Test: 0.4070
Epoch: 31, Loss: 1.1294, Train: 0.3333, Val: 0.4160, Test: 0.4070
Epoch: 32, Loss: 1.1268, Train: 0.3333, Val: 0.4160, Test: 0.4070
Epoch: 33, Loss: 1.1113, Train: 0.3333, Val: 0.4160, Test: 0.4070
Epoch: 34, Loss: 1.1231, Train: 0.3333, Val: 0.4160, Test: 0.4070
Epoch: 35, Loss: 1.1177, Train: 0.3333, Val: 0.4160, Test: 0.4070
Epoch: 36, Loss: 1.1183, Train: 0.3333, Val: 0.4160, Test: 0.4070
Epoch: 37, Loss: 1.0814, Train: 0.3333, Val: 0.4160, Test: 0.4070
Epoch: 38, Loss: 1.1326, Train: 0.3333, Val: 0.4160, Test: 0.4070
Epoch: 39, Loss: 1.0888, Train: 0.3333, Val: 0.4160, Test: 0.4070
Epoch: 40, Loss: 1.1424, Train: 0.3333, Val: 0.4160, Test: 0.4070
Epoch: 41, Loss: 1.0833, Train: 0.3333, Val: 0.4160, Test: 0.4070
Epoch: 42, Loss: 1.0969, Train: 0.3333, Val: 0.4160, Test: 0.4070
Epoch: 43, Loss: 1.1115, Train: 0.4500, Val: 0.3120, Test: 0.3040
Epoch: 44, Loss: 1.1320, Train: 0.3333, Val: 0.1960, Test: 0.1800
Epoch: 45, Loss: 1.0696, Train: 0.3333, Val: 0.1960, Test: 0.1800
Epoch: 46, Loss: 1.1033, Train: 0.3333, Val: 0.1960, Test: 0.1800
Epoch: 47, Loss: 1.1033, Train: 0.3333, Val: 0.1960, Test: 0.1800
Epoch: 48, Loss: 1.0855, Train: 0.3333, Val: 0.1960, Test: 0.1800
Epoch: 49, Loss: 1.1065, Train: 0.3333, Val: 0.1960, Test: 0.1800
Epoch: 50, Loss: 1.0852, Train: 0.3333, Val: 0.1960, Test: 0.1800
Epoch: 51, Loss: 1.0879, Train: 0.3333, Val: 0.1960, Test: 0.1800
Epoch: 52, Loss: 1.1267, Train: 0.3833, Val: 0.2480, Test: 0.2410
Epoch: 53, Loss: 1.1257, Train: 0.6000, Val: 0.4800, Test: 0.4680
Epoch: 54, Loss: 1.1185, Train: 0.3333, Val: 0.4160, Test: 0.4080
Epoch: 55, Loss: 1.1128, Train: 0.3333, Val: 0.4160, Test: 0.4070
Epoch: 56, Loss: 1.1153, Train: 0.3333, Val: 0.4160, Test: 0.4070
Epoch: 57, Loss: 1.0734, Train: 0.3333, Val: 0.4160, Test: 0.4070
Epoch: 58, Loss: 1.0969, Train: 0.3333, Val: 0.4160, Test: 0.4070
Epoch: 59, Loss: 1.1062, Train: 0.3333, Val: 0.4160, Test: 0.4070
Epoch: 60, Loss: 1.0897, Train: 0.3333, Val: 0.4160, Test: 0.4070
Epoch: 61, Loss: 1.1095, Train: 0.3333, Val: 0.4160, Test: 0.4070
Epoch: 62, Loss: 1.0888, Train: 0.3333, Val: 0.4160, Test: 0.4070
Epoch: 63, Loss: 1.1257, Train: 0.3333, Val: 0.4160, Test: 0.4070
Epoch: 64, Loss: 1.0957, Train: 0.3333, Val: 0.4160, Test: 0.4070
Epoch: 65, Loss: 1.1092, Train: 0.3333, Val: 0.4160, Test: 0.4070
Epoch: 66, Loss: 1.0842, Train: 0.3333, Val: 0.4160, Test: 0.4070
Epoch: 67, Loss: 1.0926, Train: 0.3333, Val: 0.4160, Test: 0.4070
Epoch: 68, Loss: 1.1059, Train: 0.3333, Val: 0.4160, Test: 0.4070
Epoch: 69, Loss: 1.0730, Train: 0.3333, Val: 0.4160, Test: 0.4070
Epoch: 70, Loss: 1.1001, Train: 0.3333, Val: 0.4160, Test: 0.4070
Epoch: 71, Loss: 1.1137, Train: 0.3333, Val: 0.4160, Test: 0.4070
Epoch: 72, Loss: 1.1117, Train: 0.3333, Val: 0.4160, Test: 0.4070
Epoch: 73, Loss: 1.1271, Train: 0.3333, Val: 0.4160, Test: 0.4070
Epoch: 74, Loss: 1.1060, Train: 0.3333, Val: 0.4160, Test: 0.4070
Epoch: 75, Loss: 1.1050, Train: 0.3333, Val: 0.4160, Test: 0.4070
Epoch: 76, Loss: 1.1389, Train: 0.3333, Val: 0.4160, Test: 0.4070
Epoch: 77, Loss: 1.0929, Train: 0.3333, Val: 0.4160, Test: 0.4070
Epoch: 78, Loss: 1.0998, Train: 0.3333, Val: 0.4160, Test: 0.4070
Epoch: 79, Loss: 1.1231, Train: 0.3333, Val: 0.4160, Test: 0.4070
Epoch: 80, Loss: 1.0946, Train: 0.3333, Val: 0.4160, Test: 0.4080
Epoch: 81, Loss: 1.0939, Train: 0.3333, Val: 0.4160, Test: 0.4070
Epoch: 82, Loss: 1.0960, Train: 0.3333, Val: 0.4160, Test: 0.4070
Epoch: 83, Loss: 1.1164, Train: 0.3500, Val: 0.4200, Test: 0.4090
Epoch: 84, Loss: 1.0887, Train: 0.3500, Val: 0.4220, Test: 0.4070
Epoch: 85, Loss: 1.1151, Train: 0.3667, Val: 0.4260, Test: 0.4080
Epoch: 86, Loss: 1.0902, Train: 0.3833, Val: 0.4280, Test: 0.4140
Epoch: 87, Loss: 1.1016, Train: 0.5000, Val: 0.4520, Test: 0.4380
Epoch: 88, Loss: 1.0941, Train: 0.5667, Val: 0.4760, Test: 0.4800
Epoch: 89, Loss: 1.0860, Train: 0.5500, Val: 0.4180, Test: 0.4130
Epoch: 90, Loss: 1.1168, Train: 0.5167, Val: 0.3940, Test: 0.3790
Epoch: 91, Loss: 1.0995, Train: 0.5167, Val: 0.3900, Test: 0.3710
Epoch: 92, Loss: 1.0994, Train: 0.5167, Val: 0.3780, Test: 0.3540
Epoch: 93, Loss: 1.1075, Train: 0.4667, Val: 0.3500, Test: 0.3210
Epoch: 94, Loss: 1.0985, Train: 0.4667, Val: 0.2980, Test: 0.2910
Epoch: 95, Loss: 1.0943, Train: 0.4167, Val: 0.2780, Test: 0.2680
Epoch: 96, Loss: 1.1195, Train: 0.4000, Val: 0.2340, Test: 0.2320
Epoch: 97, Loss: 1.1098, Train: 0.3500, Val: 0.2120, Test: 0.2010
Epoch: 98, Loss: 1.0880, Train: 0.3500, Val: 0.2080, Test: 0.1960
Epoch: 99, Loss: 1.0916, Train: 0.3500, Val: 0.2120, Test: 0.2020
Epoch: 100, Loss: 1.1083, Train: 0.3500, Val: 0.2100, Test: 0.1970
MAD:  0.0028
Best Test Accuracy: 0.4800, Val Accuracy: 0.4760, Train Accuracy: 0.5667
Training completed.
Seed:  5
PMPGNN(
  (convs): ModuleList(
    (0): ParallelGNNBlock(
      (conv1): GATv2Conv(64, 64, heads=1)
      (conv2): GATv2Conv(64, 64, heads=1)
      (norm): LayerNorm((64,), eps=1e-05, elementwise_affine=True)
    )
    (1-10): 10 x ParallelGNNBlock(
      (conv1): GATv2Conv(128, 64, heads=1)
      (conv2): GATv2Conv(128, 64, heads=1)
      (norm): LayerNorm((64,), eps=1e-05, elementwise_affine=True)
    )
    (11): GATv2Conv(128, 128, heads=1)
  )
  (norm): LayerNorm((128,), eps=1e-05, elementwise_affine=True)
  (mlp): Sequential(
    (0): Linear(in_features=128, out_features=32, bias=True)
    (1): LeakyReLU(negative_slope=0.01)
    (2): Dropout(p=0.3, inplace=False)
    (3): Linear(in_features=32, out_features=3, bias=True)
  )
  (proj): Linear(in_features=500, out_features=64, bias=True)
)
Epoch: 1, Loss: 1.1733, Train: 0.3333, Val: 0.3880, Test: 0.4130
Epoch: 2, Loss: 1.1381, Train: 0.3167, Val: 0.3820, Test: 0.3960
Epoch: 3, Loss: 1.1339, Train: 0.2833, Val: 0.3920, Test: 0.3680
Epoch: 4, Loss: 1.0884, Train: 0.3333, Val: 0.3880, Test: 0.4100
Epoch: 5, Loss: 1.0948, Train: 0.3333, Val: 0.3880, Test: 0.4130
Epoch: 6, Loss: 1.0746, Train: 0.3333, Val: 0.3880, Test: 0.4130
Epoch: 7, Loss: 1.1144, Train: 0.3333, Val: 0.3880, Test: 0.4130
Epoch: 8, Loss: 1.0946, Train: 0.3333, Val: 0.3880, Test: 0.4130
Epoch: 9, Loss: 1.1240, Train: 0.3333, Val: 0.3880, Test: 0.4130
Epoch: 10, Loss: 1.1109, Train: 0.3333, Val: 0.3880, Test: 0.4130
Epoch: 11, Loss: 1.0766, Train: 0.3333, Val: 0.3880, Test: 0.4130
Epoch: 12, Loss: 1.0942, Train: 0.3333, Val: 0.3880, Test: 0.4130
Epoch: 13, Loss: 1.1201, Train: 0.3333, Val: 0.3880, Test: 0.4130
Epoch: 14, Loss: 1.1150, Train: 0.3333, Val: 0.3880, Test: 0.4130
Epoch: 15, Loss: 1.1034, Train: 0.3333, Val: 0.3880, Test: 0.4130
Epoch: 16, Loss: 1.1238, Train: 0.3333, Val: 0.3880, Test: 0.4130
Epoch: 17, Loss: 1.1071, Train: 0.3333, Val: 0.3880, Test: 0.4130
Epoch: 18, Loss: 1.1091, Train: 0.3333, Val: 0.3880, Test: 0.4130
Epoch: 19, Loss: 1.0950, Train: 0.3333, Val: 0.3880, Test: 0.4130
Epoch: 20, Loss: 1.1045, Train: 0.3333, Val: 0.3880, Test: 0.4130
Epoch: 21, Loss: 1.1089, Train: 0.3333, Val: 0.3880, Test: 0.4130
Epoch: 22, Loss: 1.1001, Train: 0.3333, Val: 0.3880, Test: 0.4130
Epoch: 23, Loss: 1.1258, Train: 0.3333, Val: 0.3880, Test: 0.4130
Epoch: 24, Loss: 1.1122, Train: 0.3333, Val: 0.3880, Test: 0.4130
Epoch: 25, Loss: 1.1201, Train: 0.3333, Val: 0.3880, Test: 0.4130
Epoch: 26, Loss: 1.1224, Train: 0.3333, Val: 0.3880, Test: 0.4130
Epoch: 27, Loss: 1.0989, Train: 0.3333, Val: 0.3880, Test: 0.4130
Epoch: 28, Loss: 1.1022, Train: 0.3333, Val: 0.3880, Test: 0.4130
Epoch: 29, Loss: 1.1092, Train: 0.3333, Val: 0.3880, Test: 0.4130
Epoch: 30, Loss: 1.1032, Train: 0.3333, Val: 0.3880, Test: 0.4130
Epoch: 31, Loss: 1.0986, Train: 0.3333, Val: 0.3880, Test: 0.4130
Epoch: 32, Loss: 1.1292, Train: 0.3333, Val: 0.3880, Test: 0.4130
Epoch: 33, Loss: 1.1153, Train: 0.3333, Val: 0.3880, Test: 0.4130
Epoch: 34, Loss: 1.0957, Train: 0.3333, Val: 0.3880, Test: 0.4130
Epoch: 35, Loss: 1.1129, Train: 0.3333, Val: 0.3880, Test: 0.4130
Epoch: 36, Loss: 1.1018, Train: 0.3333, Val: 0.3880, Test: 0.4130
Epoch: 37, Loss: 1.0870, Train: 0.3333, Val: 0.3880, Test: 0.4130
Epoch: 38, Loss: 1.1172, Train: 0.3333, Val: 0.3880, Test: 0.4130
Epoch: 39, Loss: 1.1065, Train: 0.3333, Val: 0.3880, Test: 0.4130
Epoch: 40, Loss: 1.0935, Train: 0.3333, Val: 0.3880, Test: 0.4130
Epoch: 41, Loss: 1.1047, Train: 0.3333, Val: 0.3880, Test: 0.4130
Epoch: 42, Loss: 1.0936, Train: 0.3333, Val: 0.3880, Test: 0.4130
Epoch: 43, Loss: 1.1205, Train: 0.3333, Val: 0.3880, Test: 0.4130
Epoch: 44, Loss: 1.0996, Train: 0.3333, Val: 0.3880, Test: 0.4130
Epoch: 45, Loss: 1.0865, Train: 0.3333, Val: 0.3880, Test: 0.4130
Epoch: 46, Loss: 1.0875, Train: 0.3333, Val: 0.3880, Test: 0.4130
Epoch: 47, Loss: 1.1078, Train: 0.3333, Val: 0.3880, Test: 0.4130
Epoch: 48, Loss: 1.0850, Train: 0.3333, Val: 0.3880, Test: 0.4130
Epoch: 49, Loss: 1.1161, Train: 0.3333, Val: 0.3880, Test: 0.4130
Epoch: 50, Loss: 1.1046, Train: 0.3333, Val: 0.3880, Test: 0.4130
Epoch: 51, Loss: 1.0924, Train: 0.3333, Val: 0.3880, Test: 0.4130
Epoch: 52, Loss: 1.1031, Train: 0.3333, Val: 0.3880, Test: 0.4130
Epoch: 53, Loss: 1.1001, Train: 0.3333, Val: 0.3880, Test: 0.4130
Epoch: 54, Loss: 1.1014, Train: 0.3333, Val: 0.3880, Test: 0.4130
Epoch: 55, Loss: 1.1164, Train: 0.3333, Val: 0.3880, Test: 0.4130
Epoch: 56, Loss: 1.1124, Train: 0.3333, Val: 0.3880, Test: 0.4130
Epoch: 57, Loss: 1.0922, Train: 0.3333, Val: 0.3880, Test: 0.4130
Epoch: 58, Loss: 1.1083, Train: 0.3333, Val: 0.3880, Test: 0.4130
Epoch: 59, Loss: 1.1047, Train: 0.3333, Val: 0.3880, Test: 0.4130
Epoch: 60, Loss: 1.0843, Train: 0.3333, Val: 0.3880, Test: 0.4130
Epoch: 61, Loss: 1.1140, Train: 0.3333, Val: 0.3880, Test: 0.4130
Epoch: 62, Loss: 1.0807, Train: 0.3333, Val: 0.3880, Test: 0.4130
Epoch: 63, Loss: 1.1088, Train: 0.3333, Val: 0.3880, Test: 0.4130
Epoch: 64, Loss: 1.1208, Train: 0.3333, Val: 0.3880, Test: 0.4130
Epoch: 65, Loss: 1.1019, Train: 0.3333, Val: 0.3880, Test: 0.4130
Epoch: 66, Loss: 1.1031, Train: 0.3333, Val: 0.3880, Test: 0.4130
Epoch: 67, Loss: 1.1127, Train: 0.3333, Val: 0.3880, Test: 0.4130
Epoch: 68, Loss: 1.1079, Train: 0.3333, Val: 0.3880, Test: 0.4130
Epoch: 69, Loss: 1.1081, Train: 0.3333, Val: 0.3880, Test: 0.4130
Epoch: 70, Loss: 1.1046, Train: 0.3333, Val: 0.3880, Test: 0.4130
Epoch: 71, Loss: 1.1010, Train: 0.3333, Val: 0.3880, Test: 0.4130
Epoch: 72, Loss: 1.1198, Train: 0.3333, Val: 0.3880, Test: 0.4130
Epoch: 73, Loss: 1.0872, Train: 0.3333, Val: 0.3880, Test: 0.4130
Epoch: 74, Loss: 1.0903, Train: 0.3333, Val: 0.3880, Test: 0.4130
Epoch: 75, Loss: 1.1118, Train: 0.3333, Val: 0.3880, Test: 0.4130
Epoch: 76, Loss: 1.1187, Train: 0.3333, Val: 0.3880, Test: 0.4130
Epoch: 77, Loss: 1.0900, Train: 0.3333, Val: 0.3880, Test: 0.4130
Epoch: 78, Loss: 1.0766, Train: 0.3333, Val: 0.3880, Test: 0.4130
Epoch: 79, Loss: 1.0952, Train: 0.3333, Val: 0.3880, Test: 0.4130
Epoch: 80, Loss: 1.0947, Train: 0.3333, Val: 0.3880, Test: 0.4130
Epoch: 81, Loss: 1.0983, Train: 0.3333, Val: 0.3880, Test: 0.4130
Epoch: 82, Loss: 1.1002, Train: 0.3333, Val: 0.3880, Test: 0.4130
Epoch: 83, Loss: 1.0951, Train: 0.3333, Val: 0.3880, Test: 0.4130
Epoch: 84, Loss: 1.1051, Train: 0.3333, Val: 0.3880, Test: 0.4130
Epoch: 85, Loss: 1.1131, Train: 0.3333, Val: 0.3880, Test: 0.4130
Epoch: 86, Loss: 1.0989, Train: 0.3333, Val: 0.3880, Test: 0.4130
Epoch: 87, Loss: 1.0880, Train: 0.3333, Val: 0.3880, Test: 0.4130
Epoch: 88, Loss: 1.0912, Train: 0.3333, Val: 0.3880, Test: 0.4130
Epoch: 89, Loss: 1.1187, Train: 0.3333, Val: 0.3880, Test: 0.4130
Epoch: 90, Loss: 1.1030, Train: 0.3333, Val: 0.3880, Test: 0.4130
Epoch: 91, Loss: 1.1002, Train: 0.3333, Val: 0.3880, Test: 0.4130
Epoch: 92, Loss: 1.1193, Train: 0.3333, Val: 0.3880, Test: 0.4130
Epoch: 93, Loss: 1.0928, Train: 0.3333, Val: 0.3880, Test: 0.4130
Epoch: 94, Loss: 1.1180, Train: 0.3333, Val: 0.3880, Test: 0.4130
Epoch: 95, Loss: 1.1021, Train: 0.3333, Val: 0.3880, Test: 0.4130
Epoch: 96, Loss: 1.1078, Train: 0.3333, Val: 0.3880, Test: 0.4130
Epoch: 97, Loss: 1.1001, Train: 0.3333, Val: 0.3880, Test: 0.4130
Epoch: 98, Loss: 1.0895, Train: 0.3333, Val: 0.3880, Test: 0.4130
Epoch: 99, Loss: 1.1007, Train: 0.3333, Val: 0.3880, Test: 0.4130
Epoch: 100, Loss: 1.1003, Train: 0.3333, Val: 0.3880, Test: 0.4130
MAD:  0.0103
Best Test Accuracy: 0.4130, Val Accuracy: 0.3880, Train Accuracy: 0.3333
Training completed.
Seed:  6
PMPGNN(
  (convs): ModuleList(
    (0): ParallelGNNBlock(
      (conv1): GATv2Conv(64, 64, heads=1)
      (conv2): GATv2Conv(64, 64, heads=1)
      (norm): LayerNorm((64,), eps=1e-05, elementwise_affine=True)
    )
    (1-10): 10 x ParallelGNNBlock(
      (conv1): GATv2Conv(128, 64, heads=1)
      (conv2): GATv2Conv(128, 64, heads=1)
      (norm): LayerNorm((64,), eps=1e-05, elementwise_affine=True)
    )
    (11): GATv2Conv(128, 128, heads=1)
  )
  (norm): LayerNorm((128,), eps=1e-05, elementwise_affine=True)
  (mlp): Sequential(
    (0): Linear(in_features=128, out_features=32, bias=True)
    (1): LeakyReLU(negative_slope=0.01)
    (2): Dropout(p=0.3, inplace=False)
    (3): Linear(in_features=32, out_features=3, bias=True)
  )
  (proj): Linear(in_features=500, out_features=64, bias=True)
)
Epoch: 1, Loss: 1.1575, Train: 0.3333, Val: 0.1960, Test: 0.1800
Epoch: 2, Loss: 1.0645, Train: 0.3333, Val: 0.1960, Test: 0.1800
Epoch: 3, Loss: 1.1296, Train: 0.3333, Val: 0.1960, Test: 0.1800
Epoch: 4, Loss: 1.1394, Train: 0.3333, Val: 0.1960, Test: 0.1800
Epoch: 5, Loss: 1.1220, Train: 0.3333, Val: 0.1960, Test: 0.1800
Epoch: 6, Loss: 1.0729, Train: 0.3333, Val: 0.1960, Test: 0.1800
Epoch: 7, Loss: 1.1114, Train: 0.3333, Val: 0.1960, Test: 0.1800
Epoch: 8, Loss: 1.1316, Train: 0.3333, Val: 0.1960, Test: 0.1800
Epoch: 9, Loss: 1.1531, Train: 0.3333, Val: 0.1960, Test: 0.1800
Epoch: 10, Loss: 1.1782, Train: 0.3333, Val: 0.1960, Test: 0.1800
Epoch: 11, Loss: 1.1279, Train: 0.3333, Val: 0.1960, Test: 0.1800
Epoch: 12, Loss: 1.1352, Train: 0.3333, Val: 0.1960, Test: 0.1800
Epoch: 13, Loss: 1.0887, Train: 0.3333, Val: 0.1960, Test: 0.1800
Epoch: 14, Loss: 1.0946, Train: 0.3333, Val: 0.1960, Test: 0.1800
Epoch: 15, Loss: 1.1011, Train: 0.3333, Val: 0.1960, Test: 0.1800
Epoch: 16, Loss: 1.0965, Train: 0.3333, Val: 0.1960, Test: 0.1800
Epoch: 17, Loss: 1.1233, Train: 0.3333, Val: 0.1960, Test: 0.1800
Epoch: 18, Loss: 1.0929, Train: 0.3333, Val: 0.1960, Test: 0.1800
Epoch: 19, Loss: 1.1334, Train: 0.3333, Val: 0.1960, Test: 0.1800
Epoch: 20, Loss: 1.1034, Train: 0.3333, Val: 0.1960, Test: 0.1800
Epoch: 21, Loss: 1.0944, Train: 0.3333, Val: 0.1960, Test: 0.1800
Epoch: 22, Loss: 1.1303, Train: 0.3333, Val: 0.1960, Test: 0.1800
Epoch: 23, Loss: 1.0915, Train: 0.3333, Val: 0.1960, Test: 0.1800
Epoch: 24, Loss: 1.0850, Train: 0.3333, Val: 0.1960, Test: 0.1800
Epoch: 25, Loss: 1.1210, Train: 0.3333, Val: 0.1960, Test: 0.1780
Epoch: 26, Loss: 1.1644, Train: 0.3333, Val: 0.1980, Test: 0.1790
Epoch: 27, Loss: 1.1221, Train: 0.3500, Val: 0.2000, Test: 0.1840
Epoch: 28, Loss: 1.1204, Train: 0.3500, Val: 0.2000, Test: 0.1840
Epoch: 29, Loss: 1.0743, Train: 0.3500, Val: 0.2080, Test: 0.1880
Epoch: 30, Loss: 1.1299, Train: 0.2833, Val: 0.2140, Test: 0.2140
Epoch: 31, Loss: 1.1128, Train: 0.2667, Val: 0.2020, Test: 0.2010
Epoch: 32, Loss: 1.1092, Train: 0.2667, Val: 0.2020, Test: 0.1970
Epoch: 33, Loss: 1.0704, Train: 0.2333, Val: 0.2180, Test: 0.2210
Epoch: 34, Loss: 1.0789, Train: 0.3500, Val: 0.3660, Test: 0.3890
Epoch: 35, Loss: 1.0710, Train: 0.3167, Val: 0.3280, Test: 0.3490
Epoch: 36, Loss: 1.0976, Train: 0.3167, Val: 0.3160, Test: 0.3380
Epoch: 37, Loss: 1.1015, Train: 0.2167, Val: 0.2540, Test: 0.2690
Epoch: 38, Loss: 1.1281, Train: 0.2333, Val: 0.1880, Test: 0.1990
Epoch: 39, Loss: 1.0943, Train: 0.2667, Val: 0.1960, Test: 0.1730
Epoch: 40, Loss: 1.1065, Train: 0.3333, Val: 0.1980, Test: 0.1790
Epoch: 41, Loss: 1.0932, Train: 0.3333, Val: 0.1960, Test: 0.1780
Epoch: 42, Loss: 1.1056, Train: 0.3333, Val: 0.1940, Test: 0.1790
Epoch: 43, Loss: 1.0911, Train: 0.3333, Val: 0.1940, Test: 0.1800
Epoch: 44, Loss: 1.1156, Train: 0.3333, Val: 0.1960, Test: 0.1800
Epoch: 45, Loss: 1.1014, Train: 0.3333, Val: 0.1960, Test: 0.1800
Epoch: 46, Loss: 1.1011, Train: 0.3333, Val: 0.1960, Test: 0.1800
Epoch: 47, Loss: 1.1163, Train: 0.3333, Val: 0.1960, Test: 0.1800
Epoch: 48, Loss: 1.0953, Train: 0.3333, Val: 0.1960, Test: 0.1800
Epoch: 49, Loss: 1.0860, Train: 0.3333, Val: 0.1960, Test: 0.1800
Epoch: 50, Loss: 1.0919, Train: 0.3333, Val: 0.1960, Test: 0.1800
Epoch: 51, Loss: 1.1364, Train: 0.3333, Val: 0.1960, Test: 0.1800
Epoch: 52, Loss: 1.1162, Train: 0.3333, Val: 0.1960, Test: 0.1800
Epoch: 53, Loss: 1.1190, Train: 0.3333, Val: 0.1960, Test: 0.1800
Epoch: 54, Loss: 1.1035, Train: 0.3333, Val: 0.1960, Test: 0.1800
Epoch: 55, Loss: 1.1044, Train: 0.3333, Val: 0.1960, Test: 0.1800
Epoch: 56, Loss: 1.1046, Train: 0.3333, Val: 0.1960, Test: 0.1800
Epoch: 57, Loss: 1.1253, Train: 0.3333, Val: 0.1960, Test: 0.1800
Epoch: 58, Loss: 1.1147, Train: 0.3333, Val: 0.1960, Test: 0.1800
Epoch: 59, Loss: 1.1044, Train: 0.3333, Val: 0.1960, Test: 0.1800
Epoch: 60, Loss: 1.1003, Train: 0.3333, Val: 0.1960, Test: 0.1800
Epoch: 61, Loss: 1.1139, Train: 0.3333, Val: 0.1960, Test: 0.1800
Epoch: 62, Loss: 1.1031, Train: 0.3333, Val: 0.1960, Test: 0.1800
Epoch: 63, Loss: 1.0958, Train: 0.3333, Val: 0.1960, Test: 0.1800
Epoch: 64, Loss: 1.1056, Train: 0.3500, Val: 0.2160, Test: 0.1990
Epoch: 65, Loss: 1.0956, Train: 0.3500, Val: 0.3980, Test: 0.4200
Epoch: 66, Loss: 1.0882, Train: 0.3333, Val: 0.3880, Test: 0.4130
Epoch: 67, Loss: 1.1254, Train: 0.3333, Val: 0.3880, Test: 0.4130
Epoch: 68, Loss: 1.1069, Train: 0.3333, Val: 0.3880, Test: 0.4130
Epoch: 69, Loss: 1.0975, Train: 0.3333, Val: 0.3880, Test: 0.4130
Epoch: 70, Loss: 1.0929, Train: 0.3333, Val: 0.3880, Test: 0.4130
Epoch: 71, Loss: 1.1195, Train: 0.3333, Val: 0.3880, Test: 0.4130
Epoch: 72, Loss: 1.0985, Train: 0.3333, Val: 0.3880, Test: 0.4130
Epoch: 73, Loss: 1.0884, Train: 0.3333, Val: 0.3880, Test: 0.4130
Epoch: 74, Loss: 1.1089, Train: 0.3333, Val: 0.3880, Test: 0.4130
Epoch: 75, Loss: 1.0954, Train: 0.3333, Val: 0.3880, Test: 0.4130
Epoch: 76, Loss: 1.0940, Train: 0.3333, Val: 0.3880, Test: 0.4130
Epoch: 77, Loss: 1.1041, Train: 0.3500, Val: 0.3900, Test: 0.4140
Epoch: 78, Loss: 1.1058, Train: 0.5333, Val: 0.5060, Test: 0.4930
Epoch: 79, Loss: 1.1045, Train: 0.3333, Val: 0.1960, Test: 0.1810
Epoch: 80, Loss: 1.1024, Train: 0.3333, Val: 0.1960, Test: 0.1800
Epoch: 81, Loss: 1.1075, Train: 0.3500, Val: 0.1940, Test: 0.1800
Epoch: 82, Loss: 1.0930, Train: 0.3500, Val: 0.1960, Test: 0.1830
Epoch: 83, Loss: 1.0959, Train: 0.4000, Val: 0.3560, Test: 0.3490
Epoch: 84, Loss: 1.1048, Train: 0.3833, Val: 0.3480, Test: 0.3380
Epoch: 85, Loss: 1.0890, Train: 0.4000, Val: 0.3280, Test: 0.3270
Epoch: 86, Loss: 1.0962, Train: 0.3667, Val: 0.2160, Test: 0.1960
Epoch: 87, Loss: 1.0642, Train: 0.3500, Val: 0.1960, Test: 0.1800
Epoch: 88, Loss: 1.0983, Train: 0.3333, Val: 0.1960, Test: 0.1800
Epoch: 89, Loss: 1.0852, Train: 0.3333, Val: 0.1960, Test: 0.1800
Epoch: 90, Loss: 1.0997, Train: 0.3333, Val: 0.1960, Test: 0.1800
Epoch: 91, Loss: 1.1242, Train: 0.3333, Val: 0.1960, Test: 0.1800
Epoch: 92, Loss: 1.0968, Train: 0.3333, Val: 0.1960, Test: 0.1800
Epoch: 93, Loss: 1.1057, Train: 0.3333, Val: 0.1960, Test: 0.1800
Epoch: 94, Loss: 1.1069, Train: 0.3333, Val: 0.1960, Test: 0.1800
Epoch: 95, Loss: 1.1083, Train: 0.3333, Val: 0.1960, Test: 0.1800
Epoch: 96, Loss: 1.1154, Train: 0.3333, Val: 0.1960, Test: 0.1800
Epoch: 97, Loss: 1.0914, Train: 0.3333, Val: 0.1960, Test: 0.1800
Epoch: 98, Loss: 1.1250, Train: 0.3333, Val: 0.1960, Test: 0.1800
Epoch: 99, Loss: 1.1070, Train: 0.3333, Val: 0.1960, Test: 0.1800
Epoch: 100, Loss: 1.0993, Train: 0.3333, Val: 0.1960, Test: 0.1800
MAD:  0.0003
Best Test Accuracy: 0.4930, Val Accuracy: 0.5060, Train Accuracy: 0.5333
Training completed.
Seed:  7
PMPGNN(
  (convs): ModuleList(
    (0): ParallelGNNBlock(
      (conv1): GATv2Conv(64, 64, heads=1)
      (conv2): GATv2Conv(64, 64, heads=1)
      (norm): LayerNorm((64,), eps=1e-05, elementwise_affine=True)
    )
    (1-10): 10 x ParallelGNNBlock(
      (conv1): GATv2Conv(128, 64, heads=1)
      (conv2): GATv2Conv(128, 64, heads=1)
      (norm): LayerNorm((64,), eps=1e-05, elementwise_affine=True)
    )
    (11): GATv2Conv(128, 128, heads=1)
  )
  (norm): LayerNorm((128,), eps=1e-05, elementwise_affine=True)
  (mlp): Sequential(
    (0): Linear(in_features=128, out_features=32, bias=True)
    (1): LeakyReLU(negative_slope=0.01)
    (2): Dropout(p=0.3, inplace=False)
    (3): Linear(in_features=32, out_features=3, bias=True)
  )
  (proj): Linear(in_features=500, out_features=64, bias=True)
)
Epoch: 1, Loss: 1.1051, Train: 0.3500, Val: 0.1960, Test: 0.1820
Epoch: 2, Loss: 1.1299, Train: 0.3333, Val: 0.1960, Test: 0.1800
Epoch: 3, Loss: 1.1166, Train: 0.3333, Val: 0.1960, Test: 0.1800
Epoch: 4, Loss: 1.1222, Train: 0.3333, Val: 0.1960, Test: 0.1800
Epoch: 5, Loss: 1.1378, Train: 0.3333, Val: 0.1960, Test: 0.1800
Epoch: 6, Loss: 1.1099, Train: 0.3333, Val: 0.1960, Test: 0.1800
Epoch: 7, Loss: 1.1291, Train: 0.3333, Val: 0.1960, Test: 0.1800
Epoch: 8, Loss: 1.1289, Train: 0.3333, Val: 0.1960, Test: 0.1800
Epoch: 9, Loss: 1.1359, Train: 0.3333, Val: 0.1960, Test: 0.1800
Epoch: 10, Loss: 1.1008, Train: 0.3333, Val: 0.1960, Test: 0.1800
Epoch: 11, Loss: 1.0985, Train: 0.3333, Val: 0.1960, Test: 0.1810
Epoch: 12, Loss: 1.1166, Train: 0.3000, Val: 0.1840, Test: 0.1760
Epoch: 13, Loss: 1.1032, Train: 0.1833, Val: 0.1940, Test: 0.1960
Epoch: 14, Loss: 1.1481, Train: 0.2500, Val: 0.2060, Test: 0.2080
Epoch: 15, Loss: 1.0847, Train: 0.2667, Val: 0.1800, Test: 0.1790
Epoch: 16, Loss: 1.0881, Train: 0.3333, Val: 0.1980, Test: 0.1800
Epoch: 17, Loss: 1.1183, Train: 0.3333, Val: 0.1960, Test: 0.1800
Epoch: 18, Loss: 1.1246, Train: 0.3333, Val: 0.1960, Test: 0.1800
Epoch: 19, Loss: 1.1009, Train: 0.3333, Val: 0.1960, Test: 0.1800
Epoch: 20, Loss: 1.0969, Train: 0.3333, Val: 0.1960, Test: 0.1800
Epoch: 21, Loss: 1.1194, Train: 0.3333, Val: 0.1960, Test: 0.1800
Epoch: 22, Loss: 1.1158, Train: 0.3333, Val: 0.1960, Test: 0.1800
Epoch: 23, Loss: 1.0518, Train: 0.3333, Val: 0.1960, Test: 0.1800
Epoch: 24, Loss: 1.0814, Train: 0.3333, Val: 0.1960, Test: 0.1800
Epoch: 25, Loss: 1.1127, Train: 0.3333, Val: 0.1960, Test: 0.1800
Epoch: 26, Loss: 1.1076, Train: 0.3333, Val: 0.1960, Test: 0.1800
Epoch: 27, Loss: 1.1322, Train: 0.3333, Val: 0.1960, Test: 0.1800
Epoch: 28, Loss: 1.1162, Train: 0.3333, Val: 0.1960, Test: 0.1800
Epoch: 29, Loss: 1.0845, Train: 0.3333, Val: 0.1960, Test: 0.1800
Epoch: 30, Loss: 1.1039, Train: 0.3333, Val: 0.1960, Test: 0.1800
Epoch: 31, Loss: 1.1234, Train: 0.3333, Val: 0.1960, Test: 0.1800
Epoch: 32, Loss: 1.0834, Train: 0.3333, Val: 0.1960, Test: 0.1800
Epoch: 33, Loss: 1.1035, Train: 0.3333, Val: 0.1960, Test: 0.1800
Epoch: 34, Loss: 1.1060, Train: 0.3333, Val: 0.1960, Test: 0.1800
Epoch: 35, Loss: 1.1082, Train: 0.3333, Val: 0.1960, Test: 0.1800
Epoch: 36, Loss: 1.0884, Train: 0.3333, Val: 0.1960, Test: 0.1800
Epoch: 37, Loss: 1.0740, Train: 0.3333, Val: 0.1960, Test: 0.1800
Epoch: 38, Loss: 1.0960, Train: 0.3333, Val: 0.1960, Test: 0.1800
Epoch: 39, Loss: 1.1041, Train: 0.3333, Val: 0.1960, Test: 0.1800
Epoch: 40, Loss: 1.0833, Train: 0.3333, Val: 0.1960, Test: 0.1800
Epoch: 41, Loss: 1.0951, Train: 0.3333, Val: 0.1960, Test: 0.1800
Epoch: 42, Loss: 1.0932, Train: 0.3333, Val: 0.1960, Test: 0.1800
Epoch: 43, Loss: 1.0953, Train: 0.3333, Val: 0.1960, Test: 0.1800
Epoch: 44, Loss: 1.0856, Train: 0.3333, Val: 0.1960, Test: 0.1800
Epoch: 45, Loss: 1.0827, Train: 0.3333, Val: 0.1960, Test: 0.1800
Epoch: 46, Loss: 1.1068, Train: 0.3333, Val: 0.1960, Test: 0.1800
Epoch: 47, Loss: 1.0996, Train: 0.3333, Val: 0.1960, Test: 0.1800
Epoch: 48, Loss: 1.1125, Train: 0.3333, Val: 0.1960, Test: 0.1800
Epoch: 49, Loss: 1.1137, Train: 0.3333, Val: 0.1960, Test: 0.1800
Epoch: 50, Loss: 1.1100, Train: 0.3333, Val: 0.1960, Test: 0.1800
Epoch: 51, Loss: 1.1223, Train: 0.3333, Val: 0.1960, Test: 0.1800
Epoch: 52, Loss: 1.0931, Train: 0.3333, Val: 0.1960, Test: 0.1800
Epoch: 53, Loss: 1.1147, Train: 0.3333, Val: 0.1960, Test: 0.1800
Epoch: 54, Loss: 1.0957, Train: 0.3333, Val: 0.1960, Test: 0.1800
Epoch: 55, Loss: 1.1092, Train: 0.3333, Val: 0.1960, Test: 0.1800
Epoch: 56, Loss: 1.1090, Train: 0.3333, Val: 0.1960, Test: 0.1800
Epoch: 57, Loss: 1.1025, Train: 0.3333, Val: 0.1960, Test: 0.1800
Epoch: 58, Loss: 1.0971, Train: 0.3333, Val: 0.1960, Test: 0.1800
Epoch: 59, Loss: 1.0921, Train: 0.3333, Val: 0.1960, Test: 0.1800
Epoch: 60, Loss: 1.1192, Train: 0.3333, Val: 0.1960, Test: 0.1800
Epoch: 61, Loss: 1.0736, Train: 0.3333, Val: 0.1960, Test: 0.1800
Epoch: 62, Loss: 1.1075, Train: 0.3333, Val: 0.1960, Test: 0.1800
Epoch: 63, Loss: 1.0967, Train: 0.3333, Val: 0.1960, Test: 0.1800
Epoch: 64, Loss: 1.0827, Train: 0.3333, Val: 0.1960, Test: 0.1800
Epoch: 65, Loss: 1.1093, Train: 0.3333, Val: 0.1960, Test: 0.1800
Epoch: 66, Loss: 1.1225, Train: 0.3333, Val: 0.1960, Test: 0.1800
Epoch: 67, Loss: 1.0902, Train: 0.3333, Val: 0.1960, Test: 0.1800
Epoch: 68, Loss: 1.1077, Train: 0.3333, Val: 0.1960, Test: 0.1800
Epoch: 69, Loss: 1.0885, Train: 0.3333, Val: 0.1960, Test: 0.1800
Epoch: 70, Loss: 1.1050, Train: 0.3333, Val: 0.1960, Test: 0.1800
Epoch: 71, Loss: 1.1134, Train: 0.3333, Val: 0.1960, Test: 0.1800
Epoch: 72, Loss: 1.0929, Train: 0.3333, Val: 0.1960, Test: 0.1800
Epoch: 73, Loss: 1.1193, Train: 0.3333, Val: 0.1960, Test: 0.1800
Epoch: 74, Loss: 1.0878, Train: 0.3333, Val: 0.1960, Test: 0.1800
Epoch: 75, Loss: 1.1112, Train: 0.3333, Val: 0.1960, Test: 0.1800
Epoch: 76, Loss: 1.0983, Train: 0.3333, Val: 0.1960, Test: 0.1800
Epoch: 77, Loss: 1.1033, Train: 0.3333, Val: 0.1960, Test: 0.1800
Epoch: 78, Loss: 1.0879, Train: 0.3333, Val: 0.1960, Test: 0.1800
Epoch: 79, Loss: 1.0920, Train: 0.3333, Val: 0.1960, Test: 0.1800
Epoch: 80, Loss: 1.0969, Train: 0.3333, Val: 0.1960, Test: 0.1800
Epoch: 81, Loss: 1.1069, Train: 0.3333, Val: 0.1960, Test: 0.1800
Epoch: 82, Loss: 1.1056, Train: 0.3333, Val: 0.1960, Test: 0.1800
Epoch: 83, Loss: 1.1036, Train: 0.3333, Val: 0.1960, Test: 0.1800
Epoch: 84, Loss: 1.1078, Train: 0.3333, Val: 0.1960, Test: 0.1800
Epoch: 85, Loss: 1.1146, Train: 0.3333, Val: 0.1960, Test: 0.1800
Epoch: 86, Loss: 1.1057, Train: 0.3333, Val: 0.1960, Test: 0.1800
Epoch: 87, Loss: 1.1055, Train: 0.3333, Val: 0.1960, Test: 0.1800
Epoch: 88, Loss: 1.1088, Train: 0.3333, Val: 0.1960, Test: 0.1800
Epoch: 89, Loss: 1.1205, Train: 0.3333, Val: 0.1960, Test: 0.1800
Epoch: 90, Loss: 1.1084, Train: 0.3333, Val: 0.1960, Test: 0.1800
Epoch: 91, Loss: 1.0794, Train: 0.3333, Val: 0.1960, Test: 0.1800
Epoch: 92, Loss: 1.1083, Train: 0.3333, Val: 0.1960, Test: 0.1800
Epoch: 93, Loss: 1.0904, Train: 0.3333, Val: 0.1960, Test: 0.1800
Epoch: 94, Loss: 1.1226, Train: 0.3333, Val: 0.1960, Test: 0.1800
Epoch: 95, Loss: 1.0941, Train: 0.3333, Val: 0.1960, Test: 0.1800
Epoch: 96, Loss: 1.0940, Train: 0.3333, Val: 0.1960, Test: 0.1800
Epoch: 97, Loss: 1.0855, Train: 0.3333, Val: 0.1960, Test: 0.1800
Epoch: 98, Loss: 1.0958, Train: 0.3333, Val: 0.1960, Test: 0.1800
Epoch: 99, Loss: 1.0996, Train: 0.3333, Val: 0.1960, Test: 0.1800
Epoch: 100, Loss: 1.1332, Train: 0.3333, Val: 0.1960, Test: 0.1800
MAD:  0.0012
Best Test Accuracy: 0.2080, Val Accuracy: 0.2060, Train Accuracy: 0.2500
Training completed.
Seed:  8
PMPGNN(
  (convs): ModuleList(
    (0): ParallelGNNBlock(
      (conv1): GATv2Conv(64, 64, heads=1)
      (conv2): GATv2Conv(64, 64, heads=1)
      (norm): LayerNorm((64,), eps=1e-05, elementwise_affine=True)
    )
    (1-10): 10 x ParallelGNNBlock(
      (conv1): GATv2Conv(128, 64, heads=1)
      (conv2): GATv2Conv(128, 64, heads=1)
      (norm): LayerNorm((64,), eps=1e-05, elementwise_affine=True)
    )
    (11): GATv2Conv(128, 128, heads=1)
  )
  (norm): LayerNorm((128,), eps=1e-05, elementwise_affine=True)
  (mlp): Sequential(
    (0): Linear(in_features=128, out_features=32, bias=True)
    (1): LeakyReLU(negative_slope=0.01)
    (2): Dropout(p=0.3, inplace=False)
    (3): Linear(in_features=32, out_features=3, bias=True)
  )
  (proj): Linear(in_features=500, out_features=64, bias=True)
)
Epoch: 1, Loss: 1.1531, Train: 0.3333, Val: 0.3880, Test: 0.4130
Epoch: 2, Loss: 1.1467, Train: 0.3333, Val: 0.3880, Test: 0.4130
Epoch: 3, Loss: 1.1398, Train: 0.3333, Val: 0.3880, Test: 0.4130
Epoch: 4, Loss: 1.1196, Train: 0.3333, Val: 0.3880, Test: 0.4130
Epoch: 5, Loss: 1.1426, Train: 0.3333, Val: 0.3880, Test: 0.4130
Epoch: 6, Loss: 1.1724, Train: 0.3333, Val: 0.3880, Test: 0.4130
Epoch: 7, Loss: 1.1174, Train: 0.3333, Val: 0.3880, Test: 0.4130
Epoch: 8, Loss: 1.0980, Train: 0.3333, Val: 0.3880, Test: 0.4130
Epoch: 9, Loss: 1.1341, Train: 0.3333, Val: 0.3880, Test: 0.4130
Epoch: 10, Loss: 1.1007, Train: 0.3333, Val: 0.3880, Test: 0.4130
Epoch: 11, Loss: 1.1379, Train: 0.3333, Val: 0.3880, Test: 0.4130
Epoch: 12, Loss: 1.1374, Train: 0.3333, Val: 0.3880, Test: 0.4130
Epoch: 13, Loss: 1.1130, Train: 0.3333, Val: 0.3880, Test: 0.4130
Epoch: 14, Loss: 1.0716, Train: 0.3333, Val: 0.3880, Test: 0.4130
Epoch: 15, Loss: 1.1015, Train: 0.3333, Val: 0.3880, Test: 0.4130
Epoch: 16, Loss: 1.0923, Train: 0.3333, Val: 0.3880, Test: 0.4130
Epoch: 17, Loss: 1.0857, Train: 0.3333, Val: 0.3880, Test: 0.4130
Epoch: 18, Loss: 1.0991, Train: 0.3333, Val: 0.3880, Test: 0.4130
Epoch: 19, Loss: 1.0868, Train: 0.3333, Val: 0.3880, Test: 0.4130
Epoch: 20, Loss: 1.0951, Train: 0.3333, Val: 0.3880, Test: 0.4130
Epoch: 21, Loss: 1.0912, Train: 0.3333, Val: 0.3880, Test: 0.4130
Epoch: 22, Loss: 1.0903, Train: 0.3333, Val: 0.3880, Test: 0.4130
Epoch: 23, Loss: 1.1265, Train: 0.3333, Val: 0.3880, Test: 0.4130
Epoch: 24, Loss: 1.1221, Train: 0.3333, Val: 0.3880, Test: 0.4130
Epoch: 25, Loss: 1.1160, Train: 0.3333, Val: 0.3880, Test: 0.4130
Epoch: 26, Loss: 1.1034, Train: 0.3167, Val: 0.3880, Test: 0.4140
Epoch: 27, Loss: 1.1106, Train: 0.3333, Val: 0.3880, Test: 0.4130
Epoch: 28, Loss: 1.0847, Train: 0.3333, Val: 0.3900, Test: 0.4120
Epoch: 29, Loss: 1.1436, Train: 0.3333, Val: 0.3880, Test: 0.4120
Epoch: 30, Loss: 1.0792, Train: 0.3333, Val: 0.3880, Test: 0.4130
Epoch: 31, Loss: 1.0982, Train: 0.3333, Val: 0.3880, Test: 0.4130
Epoch: 32, Loss: 1.1246, Train: 0.3333, Val: 0.3880, Test: 0.4130
Epoch: 33, Loss: 1.0812, Train: 0.3000, Val: 0.3580, Test: 0.3590
Epoch: 34, Loss: 1.1140, Train: 0.1500, Val: 0.2720, Test: 0.2530
Epoch: 35, Loss: 1.1267, Train: 0.2000, Val: 0.3460, Test: 0.3270
Epoch: 36, Loss: 1.1263, Train: 0.3167, Val: 0.4100, Test: 0.4070
Epoch: 37, Loss: 1.1280, Train: 0.3167, Val: 0.4100, Test: 0.4080
Epoch: 38, Loss: 1.1019, Train: 0.3333, Val: 0.4160, Test: 0.4070
Epoch: 39, Loss: 1.1307, Train: 0.3333, Val: 0.4160, Test: 0.4070
Epoch: 40, Loss: 1.1389, Train: 0.3333, Val: 0.4160, Test: 0.4070
Epoch: 41, Loss: 1.1222, Train: 0.3333, Val: 0.4160, Test: 0.4070
Epoch: 42, Loss: 1.0895, Train: 0.3333, Val: 0.4160, Test: 0.4070
Epoch: 43, Loss: 1.0930, Train: 0.3333, Val: 0.4160, Test: 0.4070
Epoch: 44, Loss: 1.1067, Train: 0.3333, Val: 0.4160, Test: 0.4070
Epoch: 45, Loss: 1.1276, Train: 0.3333, Val: 0.4160, Test: 0.4070
Epoch: 46, Loss: 1.1256, Train: 0.3333, Val: 0.4160, Test: 0.4070
Epoch: 47, Loss: 1.0948, Train: 0.2333, Val: 0.3460, Test: 0.3430
Epoch: 48, Loss: 1.1407, Train: 0.3333, Val: 0.4120, Test: 0.4370
Epoch: 49, Loss: 1.0501, Train: 0.3333, Val: 0.3880, Test: 0.4130
Epoch: 50, Loss: 1.0787, Train: 0.3333, Val: 0.3880, Test: 0.4130
Epoch: 51, Loss: 1.0987, Train: 0.3333, Val: 0.3880, Test: 0.4130
Epoch: 52, Loss: 1.1121, Train: 0.3333, Val: 0.3880, Test: 0.4130
Epoch: 53, Loss: 1.0653, Train: 0.3333, Val: 0.3880, Test: 0.4130
Epoch: 54, Loss: 1.0986, Train: 0.3333, Val: 0.3880, Test: 0.4130
Epoch: 55, Loss: 1.1129, Train: 0.3333, Val: 0.3880, Test: 0.4130
Epoch: 56, Loss: 1.1062, Train: 0.3333, Val: 0.3880, Test: 0.4130
Epoch: 57, Loss: 1.0842, Train: 0.3333, Val: 0.3880, Test: 0.4130
Epoch: 58, Loss: 1.1303, Train: 0.3333, Val: 0.3880, Test: 0.4130
Epoch: 59, Loss: 1.0892, Train: 0.3333, Val: 0.3880, Test: 0.4130
Epoch: 60, Loss: 1.0964, Train: 0.3333, Val: 0.3880, Test: 0.4130
Epoch: 61, Loss: 1.0925, Train: 0.3333, Val: 0.3880, Test: 0.4130
Epoch: 62, Loss: 1.1026, Train: 0.3333, Val: 0.3880, Test: 0.4130
Epoch: 63, Loss: 1.1135, Train: 0.3333, Val: 0.3880, Test: 0.4130
Epoch: 64, Loss: 1.0900, Train: 0.3333, Val: 0.3880, Test: 0.4130
Epoch: 65, Loss: 1.1202, Train: 0.3333, Val: 0.3900, Test: 0.4130
Epoch: 66, Loss: 1.1134, Train: 0.3333, Val: 0.3940, Test: 0.4240
Epoch: 67, Loss: 1.1103, Train: 0.3500, Val: 0.4040, Test: 0.4310
Epoch: 68, Loss: 1.0887, Train: 0.4000, Val: 0.4540, Test: 0.5000
Epoch: 69, Loss: 1.1292, Train: 0.4833, Val: 0.5440, Test: 0.5690
Epoch: 70, Loss: 1.1043, Train: 0.5000, Val: 0.5740, Test: 0.5630
Epoch: 71, Loss: 1.0912, Train: 0.3167, Val: 0.4400, Test: 0.4340
Epoch: 72, Loss: 1.1104, Train: 0.3333, Val: 0.4160, Test: 0.4070
Epoch: 73, Loss: 1.1327, Train: 0.3333, Val: 0.4160, Test: 0.4070
Epoch: 74, Loss: 1.1053, Train: 0.3333, Val: 0.4160, Test: 0.4070
Epoch: 75, Loss: 1.1081, Train: 0.3333, Val: 0.4160, Test: 0.4070
Epoch: 76, Loss: 1.1036, Train: 0.3333, Val: 0.4160, Test: 0.4070
Epoch: 77, Loss: 1.1099, Train: 0.3333, Val: 0.4160, Test: 0.4070
Epoch: 78, Loss: 1.1030, Train: 0.3333, Val: 0.4160, Test: 0.4070
Epoch: 79, Loss: 1.0903, Train: 0.3333, Val: 0.4160, Test: 0.4070
Epoch: 80, Loss: 1.1297, Train: 0.3333, Val: 0.4160, Test: 0.4070
Epoch: 81, Loss: 1.0897, Train: 0.3333, Val: 0.4160, Test: 0.4070
Epoch: 82, Loss: 1.0863, Train: 0.3333, Val: 0.4160, Test: 0.4070
Epoch: 83, Loss: 1.1141, Train: 0.3333, Val: 0.4160, Test: 0.4070
Epoch: 84, Loss: 1.1006, Train: 0.3333, Val: 0.4160, Test: 0.4070
Epoch: 85, Loss: 1.1137, Train: 0.3333, Val: 0.4160, Test: 0.4070
Epoch: 86, Loss: 1.1071, Train: 0.3333, Val: 0.4160, Test: 0.4070
Epoch: 87, Loss: 1.0923, Train: 0.3333, Val: 0.4160, Test: 0.4070
Epoch: 88, Loss: 1.1101, Train: 0.3333, Val: 0.4160, Test: 0.4070
Epoch: 89, Loss: 1.1131, Train: 0.3333, Val: 0.4160, Test: 0.4070
Epoch: 90, Loss: 1.0888, Train: 0.3333, Val: 0.4160, Test: 0.4070
Epoch: 91, Loss: 1.0946, Train: 0.3333, Val: 0.4160, Test: 0.4070
Epoch: 92, Loss: 1.1117, Train: 0.3333, Val: 0.4160, Test: 0.4070
Epoch: 93, Loss: 1.0767, Train: 0.3333, Val: 0.4160, Test: 0.4070
Epoch: 94, Loss: 1.1131, Train: 0.3333, Val: 0.4160, Test: 0.4070
Epoch: 95, Loss: 1.0906, Train: 0.3333, Val: 0.4160, Test: 0.4070
Epoch: 96, Loss: 1.1229, Train: 0.3333, Val: 0.4160, Test: 0.4070
Epoch: 97, Loss: 1.1059, Train: 0.3333, Val: 0.4160, Test: 0.4070
Epoch: 98, Loss: 1.0866, Train: 0.3333, Val: 0.4160, Test: 0.4070
Epoch: 99, Loss: 1.1032, Train: 0.3500, Val: 0.4160, Test: 0.4070
Epoch: 100, Loss: 1.1109, Train: 0.3667, Val: 0.4500, Test: 0.4410
MAD:  0.0013
Best Test Accuracy: 0.5690, Val Accuracy: 0.5440, Train Accuracy: 0.4833
Training completed.
Seed:  9
PMPGNN(
  (convs): ModuleList(
    (0): ParallelGNNBlock(
      (conv1): GATv2Conv(64, 64, heads=1)
      (conv2): GATv2Conv(64, 64, heads=1)
      (norm): LayerNorm((64,), eps=1e-05, elementwise_affine=True)
    )
    (1-10): 10 x ParallelGNNBlock(
      (conv1): GATv2Conv(128, 64, heads=1)
      (conv2): GATv2Conv(128, 64, heads=1)
      (norm): LayerNorm((64,), eps=1e-05, elementwise_affine=True)
    )
    (11): GATv2Conv(128, 128, heads=1)
  )
  (norm): LayerNorm((128,), eps=1e-05, elementwise_affine=True)
  (mlp): Sequential(
    (0): Linear(in_features=128, out_features=32, bias=True)
    (1): LeakyReLU(negative_slope=0.01)
    (2): Dropout(p=0.3, inplace=False)
    (3): Linear(in_features=32, out_features=3, bias=True)
  )
  (proj): Linear(in_features=500, out_features=64, bias=True)
)
Epoch: 1, Loss: 1.1628, Train: 0.3333, Val: 0.3880, Test: 0.4130
Epoch: 2, Loss: 1.1372, Train: 0.2833, Val: 0.3300, Test: 0.3530
Epoch: 3, Loss: 1.1569, Train: 0.3167, Val: 0.3480, Test: 0.3550
Epoch: 4, Loss: 1.1265, Train: 0.3333, Val: 0.4040, Test: 0.4300
Epoch: 5, Loss: 1.0895, Train: 0.3333, Val: 0.3880, Test: 0.4130
Epoch: 6, Loss: 1.1469, Train: 0.3333, Val: 0.3880, Test: 0.4130
Epoch: 7, Loss: 1.1720, Train: 0.3333, Val: 0.3880, Test: 0.4130
Epoch: 8, Loss: 1.1365, Train: 0.3333, Val: 0.3860, Test: 0.4050
Epoch: 9, Loss: 1.1067, Train: 0.4167, Val: 0.4140, Test: 0.4380
Epoch: 10, Loss: 1.0695, Train: 0.3333, Val: 0.3720, Test: 0.3750
Epoch: 11, Loss: 1.1726, Train: 0.3667, Val: 0.4060, Test: 0.4350
Epoch: 12, Loss: 1.1231, Train: 0.3333, Val: 0.4040, Test: 0.4300
Epoch: 13, Loss: 1.0831, Train: 0.3333, Val: 0.3900, Test: 0.4140
Epoch: 14, Loss: 1.0955, Train: 0.3333, Val: 0.3960, Test: 0.4130
Epoch: 15, Loss: 1.1317, Train: 0.3500, Val: 0.3940, Test: 0.4180
Epoch: 16, Loss: 1.0888, Train: 0.3333, Val: 0.2400, Test: 0.2340
Epoch: 17, Loss: 1.0940, Train: 0.3167, Val: 0.1980, Test: 0.1750
Epoch: 18, Loss: 1.0940, Train: 0.3333, Val: 0.1960, Test: 0.1800
Epoch: 19, Loss: 1.1244, Train: 0.3333, Val: 0.1960, Test: 0.1800
Epoch: 20, Loss: 1.0902, Train: 0.3333, Val: 0.1960, Test: 0.1800
Epoch: 21, Loss: 1.1008, Train: 0.3333, Val: 0.1960, Test: 0.1800
Epoch: 22, Loss: 1.0832, Train: 0.3333, Val: 0.1960, Test: 0.1800
Epoch: 23, Loss: 1.1076, Train: 0.3333, Val: 0.1960, Test: 0.1800
Epoch: 24, Loss: 1.0805, Train: 0.3333, Val: 0.1960, Test: 0.1800
Epoch: 25, Loss: 1.0878, Train: 0.3333, Val: 0.1960, Test: 0.1800
Epoch: 26, Loss: 1.1302, Train: 0.3333, Val: 0.1960, Test: 0.1800
Epoch: 27, Loss: 1.1232, Train: 0.3333, Val: 0.1960, Test: 0.1800
Epoch: 28, Loss: 1.1233, Train: 0.3167, Val: 0.1940, Test: 0.1760
Epoch: 29, Loss: 1.0714, Train: 0.3333, Val: 0.1960, Test: 0.1800
Epoch: 30, Loss: 1.1032, Train: 0.3333, Val: 0.1960, Test: 0.1790
Epoch: 31, Loss: 1.0976, Train: 0.3333, Val: 0.1960, Test: 0.1800
Epoch: 32, Loss: 1.0938, Train: 0.3333, Val: 0.1960, Test: 0.1800
Epoch: 33, Loss: 1.1223, Train: 0.3333, Val: 0.1960, Test: 0.1800
Epoch: 34, Loss: 1.0991, Train: 0.3333, Val: 0.1960, Test: 0.1800
Epoch: 35, Loss: 1.1192, Train: 0.3333, Val: 0.1960, Test: 0.1800
Epoch: 36, Loss: 1.1278, Train: 0.3333, Val: 0.1960, Test: 0.1800
Epoch: 37, Loss: 1.0702, Train: 0.3333, Val: 0.1960, Test: 0.1800
Epoch: 38, Loss: 1.1017, Train: 0.3333, Val: 0.1960, Test: 0.1800
Epoch: 39, Loss: 1.1010, Train: 0.3333, Val: 0.1960, Test: 0.1800
Epoch: 40, Loss: 1.1308, Train: 0.3333, Val: 0.1960, Test: 0.1800
Epoch: 41, Loss: 1.0896, Train: 0.3333, Val: 0.1960, Test: 0.1800
Epoch: 42, Loss: 1.1307, Train: 0.3333, Val: 0.2060, Test: 0.1850
Epoch: 43, Loss: 1.1047, Train: 0.4500, Val: 0.5220, Test: 0.5220
Epoch: 44, Loss: 1.1041, Train: 0.4500, Val: 0.5380, Test: 0.5270
Epoch: 45, Loss: 1.1242, Train: 0.4500, Val: 0.4720, Test: 0.4740
Epoch: 46, Loss: 1.0987, Train: 0.4167, Val: 0.4620, Test: 0.4780
Epoch: 47, Loss: 1.1115, Train: 0.3500, Val: 0.4100, Test: 0.4220
Epoch: 48, Loss: 1.1092, Train: 0.3667, Val: 0.4000, Test: 0.4200
Epoch: 49, Loss: 1.1093, Train: 0.3500, Val: 0.3920, Test: 0.4140
Epoch: 50, Loss: 1.1144, Train: 0.3500, Val: 0.3920, Test: 0.4110
Epoch: 51, Loss: 1.0985, Train: 0.3667, Val: 0.3920, Test: 0.4120
Epoch: 52, Loss: 1.0956, Train: 0.4000, Val: 0.4120, Test: 0.4350
Epoch: 53, Loss: 1.1260, Train: 0.5000, Val: 0.4880, Test: 0.5180
Epoch: 54, Loss: 1.1254, Train: 0.4500, Val: 0.4400, Test: 0.4700
Epoch: 55, Loss: 1.1099, Train: 0.3500, Val: 0.3880, Test: 0.4110
Epoch: 56, Loss: 1.0978, Train: 0.3667, Val: 0.3880, Test: 0.4120
Epoch: 57, Loss: 1.0912, Train: 0.3333, Val: 0.3860, Test: 0.4120
Epoch: 58, Loss: 1.1067, Train: 0.3333, Val: 0.3880, Test: 0.4130
Epoch: 59, Loss: 1.1131, Train: 0.3333, Val: 0.3880, Test: 0.4130
Epoch: 60, Loss: 1.0904, Train: 0.3333, Val: 0.3880, Test: 0.4130
Epoch: 61, Loss: 1.1322, Train: 0.3333, Val: 0.3880, Test: 0.4130
Epoch: 62, Loss: 1.1215, Train: 0.3333, Val: 0.3880, Test: 0.4130
Epoch: 63, Loss: 1.0894, Train: 0.3333, Val: 0.3880, Test: 0.4130
Epoch: 64, Loss: 1.1125, Train: 0.3333, Val: 0.3880, Test: 0.4130
Epoch: 65, Loss: 1.0742, Train: 0.3333, Val: 0.3880, Test: 0.4130
Epoch: 66, Loss: 1.0797, Train: 0.3500, Val: 0.3880, Test: 0.4120
Epoch: 67, Loss: 1.1070, Train: 0.3667, Val: 0.2080, Test: 0.2030
Epoch: 68, Loss: 1.1090, Train: 0.3500, Val: 0.1960, Test: 0.1820
Epoch: 69, Loss: 1.1027, Train: 0.3333, Val: 0.1960, Test: 0.1800
Epoch: 70, Loss: 1.0905, Train: 0.3333, Val: 0.1960, Test: 0.1800
Epoch: 71, Loss: 1.0746, Train: 0.3333, Val: 0.1960, Test: 0.1800
Epoch: 72, Loss: 1.1287, Train: 0.3333, Val: 0.1960, Test: 0.1800
Epoch: 73, Loss: 1.1139, Train: 0.3333, Val: 0.1960, Test: 0.1800
Epoch: 74, Loss: 1.1163, Train: 0.3333, Val: 0.1960, Test: 0.1800
Epoch: 75, Loss: 1.1259, Train: 0.3333, Val: 0.1960, Test: 0.1800
Epoch: 76, Loss: 1.1026, Train: 0.3333, Val: 0.1960, Test: 0.1800
Epoch: 77, Loss: 1.1078, Train: 0.3333, Val: 0.1960, Test: 0.1800
Epoch: 78, Loss: 1.1075, Train: 0.3333, Val: 0.1960, Test: 0.1800
Epoch: 79, Loss: 1.1146, Train: 0.3333, Val: 0.1960, Test: 0.1800
Epoch: 80, Loss: 1.1247, Train: 0.3333, Val: 0.1960, Test: 0.1800
Epoch: 81, Loss: 1.1035, Train: 0.3333, Val: 0.1960, Test: 0.1800
Epoch: 82, Loss: 1.1188, Train: 0.3333, Val: 0.1960, Test: 0.1800
Epoch: 83, Loss: 1.1050, Train: 0.3333, Val: 0.1960, Test: 0.1800
Epoch: 84, Loss: 1.0953, Train: 0.3333, Val: 0.1960, Test: 0.1800
Epoch: 85, Loss: 1.1237, Train: 0.3333, Val: 0.1960, Test: 0.1800
Epoch: 86, Loss: 1.0959, Train: 0.3333, Val: 0.1960, Test: 0.1800
Epoch: 87, Loss: 1.1009, Train: 0.3333, Val: 0.1960, Test: 0.1800
Epoch: 88, Loss: 1.1077, Train: 0.3333, Val: 0.1960, Test: 0.1800
Epoch: 89, Loss: 1.1003, Train: 0.3333, Val: 0.1960, Test: 0.1800
Epoch: 90, Loss: 1.1057, Train: 0.3333, Val: 0.1960, Test: 0.1800
Epoch: 91, Loss: 1.1078, Train: 0.3333, Val: 0.1960, Test: 0.1800
Epoch: 92, Loss: 1.0928, Train: 0.3333, Val: 0.1960, Test: 0.1800
Epoch: 93, Loss: 1.0879, Train: 0.3333, Val: 0.1960, Test: 0.1800
Epoch: 94, Loss: 1.1184, Train: 0.3333, Val: 0.1960, Test: 0.1800
Epoch: 95, Loss: 1.0992, Train: 0.3333, Val: 0.1960, Test: 0.1800
Epoch: 96, Loss: 1.0760, Train: 0.3333, Val: 0.1960, Test: 0.1800
Epoch: 97, Loss: 1.0961, Train: 0.3333, Val: 0.1960, Test: 0.1800
Epoch: 98, Loss: 1.0977, Train: 0.3333, Val: 0.1960, Test: 0.1800
Epoch: 99, Loss: 1.1200, Train: 0.3333, Val: 0.1960, Test: 0.1800
Epoch: 100, Loss: 1.0927, Train: 0.3333, Val: 0.1960, Test: 0.1800
MAD:  0.0011
Best Test Accuracy: 0.5270, Val Accuracy: 0.5380, Train Accuracy: 0.4500
Training completed.
Average Test Accuracy:  0.48319999999999996  0.10293667956564367
Average MAD:  0.00295  0.002998416248621929
