Seed:  0
PMPGNN(
  (convs): ModuleList(
    (0): ParallelGNNBlock(
      (conv1): GATv2Conv(64, 64, heads=1)
      (conv2): GATv2Conv(64, 64, heads=1)
      (norm): LayerNorm((64,), eps=1e-05, elementwise_affine=True)
    )
    (1-11): 11 x ParallelGNNBlock(
      (conv1): GATv2Conv(128, 64, heads=1)
      (conv2): GATv2Conv(128, 64, heads=1)
      (norm): LayerNorm((64,), eps=1e-05, elementwise_affine=True)
    )
  )
  (norm): LayerNorm((128,), eps=1e-05, elementwise_affine=True)
  (mlp): Sequential(
    (0): Linear(in_features=128, out_features=32, bias=True)
    (1): LeakyReLU(negative_slope=0.01)
    (2): Dropout(p=0.3, inplace=False)
    (3): Linear(in_features=32, out_features=3, bias=True)
  )
  (proj): Linear(in_features=500, out_features=64, bias=True)
)
Epoch: 1, Loss: 1.1205, Train: 0.3333, Val: 0.3880, Test: 0.4130
Epoch: 2, Loss: 1.0776, Train: 0.3333, Val: 0.3880, Test: 0.4130
Epoch: 3, Loss: 1.0979, Train: 0.3333, Val: 0.3880, Test: 0.4130
Epoch: 4, Loss: 1.0909, Train: 0.3333, Val: 0.3880, Test: 0.4130
Epoch: 5, Loss: 1.1265, Train: 0.3333, Val: 0.4060, Test: 0.4240
Epoch: 6, Loss: 1.1207, Train: 0.3833, Val: 0.4680, Test: 0.4910
Epoch: 7, Loss: 1.1284, Train: 0.3667, Val: 0.4580, Test: 0.5000
Epoch: 8, Loss: 1.1592, Train: 0.3667, Val: 0.4380, Test: 0.4410
Epoch: 9, Loss: 1.1205, Train: 0.4833, Val: 0.5440, Test: 0.5810
Epoch: 10, Loss: 1.1255, Train: 0.4833, Val: 0.5460, Test: 0.5610
Epoch: 11, Loss: 1.1299, Train: 0.3667, Val: 0.4040, Test: 0.4290
Epoch: 12, Loss: 1.1120, Train: 0.3333, Val: 0.3960, Test: 0.4180
Epoch: 13, Loss: 1.1143, Train: 0.3333, Val: 0.3960, Test: 0.4190
Epoch: 14, Loss: 1.1135, Train: 0.3333, Val: 0.3960, Test: 0.4190
Epoch: 15, Loss: 1.0909, Train: 0.3500, Val: 0.4040, Test: 0.4220
Epoch: 16, Loss: 1.1437, Train: 0.3667, Val: 0.4020, Test: 0.4290
Epoch: 17, Loss: 1.0909, Train: 0.3500, Val: 0.3220, Test: 0.3300
Epoch: 18, Loss: 1.0882, Train: 0.3333, Val: 0.2060, Test: 0.1910
Epoch: 19, Loss: 1.1203, Train: 0.3333, Val: 0.1960, Test: 0.1800
Epoch: 20, Loss: 1.1199, Train: 0.3333, Val: 0.1960, Test: 0.1800
Epoch: 21, Loss: 1.1232, Train: 0.3333, Val: 0.1960, Test: 0.1800
Epoch: 22, Loss: 1.1065, Train: 0.3500, Val: 0.2220, Test: 0.2080
Epoch: 23, Loss: 1.0759, Train: 0.4167, Val: 0.3380, Test: 0.3170
Epoch: 24, Loss: 1.0661, Train: 0.4833, Val: 0.4560, Test: 0.4700
Epoch: 25, Loss: 1.0882, Train: 0.3333, Val: 0.3920, Test: 0.4150
Epoch: 26, Loss: 1.1405, Train: 0.3333, Val: 0.3880, Test: 0.4130
Epoch: 27, Loss: 1.0775, Train: 0.3333, Val: 0.3880, Test: 0.4130
Epoch: 28, Loss: 1.1173, Train: 0.3333, Val: 0.3880, Test: 0.4130
Epoch: 29, Loss: 1.1068, Train: 0.3333, Val: 0.3880, Test: 0.4130
Epoch: 30, Loss: 1.1007, Train: 0.3333, Val: 0.3880, Test: 0.4130
Epoch: 31, Loss: 1.0870, Train: 0.3333, Val: 0.3880, Test: 0.4130
Epoch: 32, Loss: 1.0970, Train: 0.3333, Val: 0.3880, Test: 0.4130
Epoch: 33, Loss: 1.1248, Train: 0.3333, Val: 0.3880, Test: 0.4130
Epoch: 34, Loss: 1.0810, Train: 0.3333, Val: 0.3880, Test: 0.4130
Epoch: 35, Loss: 1.1250, Train: 0.3333, Val: 0.3880, Test: 0.4130
Epoch: 36, Loss: 1.1059, Train: 0.3333, Val: 0.3880, Test: 0.4130
Epoch: 37, Loss: 1.1240, Train: 0.3333, Val: 0.3880, Test: 0.4130
Epoch: 38, Loss: 1.1138, Train: 0.3333, Val: 0.3880, Test: 0.4140
Epoch: 39, Loss: 1.1009, Train: 0.3333, Val: 0.3880, Test: 0.4140
Epoch: 40, Loss: 1.1074, Train: 0.3333, Val: 0.3880, Test: 0.4130
Epoch: 41, Loss: 1.1170, Train: 0.3333, Val: 0.3880, Test: 0.4130
Epoch: 42, Loss: 1.0953, Train: 0.3333, Val: 0.3880, Test: 0.4130
Epoch: 43, Loss: 1.0788, Train: 0.3333, Val: 0.3880, Test: 0.4130
Epoch: 44, Loss: 1.0824, Train: 0.3333, Val: 0.3880, Test: 0.4130
Epoch: 45, Loss: 1.1042, Train: 0.3333, Val: 0.3860, Test: 0.4150
Epoch: 46, Loss: 1.0990, Train: 0.3500, Val: 0.3980, Test: 0.4230
Epoch: 47, Loss: 1.0857, Train: 0.3333, Val: 0.3980, Test: 0.4210
Epoch: 48, Loss: 1.1217, Train: 0.3500, Val: 0.3780, Test: 0.4000
Epoch: 49, Loss: 1.1271, Train: 0.2667, Val: 0.2680, Test: 0.2780
Epoch: 50, Loss: 1.0991, Train: 0.2500, Val: 0.1740, Test: 0.1560
Epoch: 51, Loss: 1.1157, Train: 0.3000, Val: 0.1360, Test: 0.1580
Epoch: 52, Loss: 1.0866, Train: 0.2833, Val: 0.1700, Test: 0.1660
Epoch: 53, Loss: 1.1019, Train: 0.3167, Val: 0.1840, Test: 0.1760
Epoch: 54, Loss: 1.1070, Train: 0.3333, Val: 0.1960, Test: 0.1790
Epoch: 55, Loss: 1.0914, Train: 0.3333, Val: 0.1960, Test: 0.1800
Epoch: 56, Loss: 1.0983, Train: 0.3333, Val: 0.1960, Test: 0.1800
Epoch: 57, Loss: 1.0950, Train: 0.3333, Val: 0.1960, Test: 0.1800
Epoch: 58, Loss: 1.1156, Train: 0.3333, Val: 0.1960, Test: 0.1800
Epoch: 59, Loss: 1.1014, Train: 0.3333, Val: 0.1960, Test: 0.1800
Epoch: 60, Loss: 1.1201, Train: 0.3333, Val: 0.1960, Test: 0.1800
Epoch: 61, Loss: 1.1026, Train: 0.3333, Val: 0.1960, Test: 0.1800
Epoch: 62, Loss: 1.0827, Train: 0.3333, Val: 0.1960, Test: 0.1800
Epoch: 63, Loss: 1.1083, Train: 0.3333, Val: 0.1960, Test: 0.1800
Epoch: 64, Loss: 1.1123, Train: 0.3333, Val: 0.1960, Test: 0.1800
Epoch: 65, Loss: 1.1189, Train: 0.3333, Val: 0.1960, Test: 0.1800
Epoch: 66, Loss: 1.0971, Train: 0.3333, Val: 0.1960, Test: 0.1800
Epoch: 67, Loss: 1.0934, Train: 0.3333, Val: 0.1960, Test: 0.1800
Epoch: 68, Loss: 1.1051, Train: 0.3333, Val: 0.1960, Test: 0.1800
Epoch: 69, Loss: 1.1220, Train: 0.3333, Val: 0.1960, Test: 0.1800
Epoch: 70, Loss: 1.1107, Train: 0.3333, Val: 0.1960, Test: 0.1800
Epoch: 71, Loss: 1.1276, Train: 0.3333, Val: 0.1960, Test: 0.1800
Epoch: 72, Loss: 1.0977, Train: 0.3333, Val: 0.1960, Test: 0.1800
Epoch: 73, Loss: 1.1124, Train: 0.3333, Val: 0.1960, Test: 0.1800
Epoch: 74, Loss: 1.1106, Train: 0.3333, Val: 0.1960, Test: 0.1800
Epoch: 75, Loss: 1.0792, Train: 0.3333, Val: 0.1960, Test: 0.1800
Epoch: 76, Loss: 1.0764, Train: 0.3333, Val: 0.1960, Test: 0.1800
Epoch: 77, Loss: 1.1207, Train: 0.3333, Val: 0.1960, Test: 0.1800
Epoch: 78, Loss: 1.0938, Train: 0.3333, Val: 0.1960, Test: 0.1800
Epoch: 79, Loss: 1.0982, Train: 0.3333, Val: 0.1960, Test: 0.1800
Epoch: 80, Loss: 1.1051, Train: 0.3333, Val: 0.1960, Test: 0.1800
Epoch: 81, Loss: 1.0898, Train: 0.3333, Val: 0.1960, Test: 0.1800
Epoch: 82, Loss: 1.1043, Train: 0.3333, Val: 0.1960, Test: 0.1800
Epoch: 83, Loss: 1.1180, Train: 0.3333, Val: 0.1960, Test: 0.1800
Epoch: 84, Loss: 1.0901, Train: 0.3333, Val: 0.1960, Test: 0.1800
Epoch: 85, Loss: 1.0886, Train: 0.3333, Val: 0.1960, Test: 0.1800
Epoch: 86, Loss: 1.1206, Train: 0.3333, Val: 0.1960, Test: 0.1800
Epoch: 87, Loss: 1.0969, Train: 0.3333, Val: 0.1960, Test: 0.1800
Epoch: 88, Loss: 1.0956, Train: 0.3333, Val: 0.1960, Test: 0.1800
Epoch: 89, Loss: 1.1097, Train: 0.3333, Val: 0.2000, Test: 0.1840
Epoch: 90, Loss: 1.0974, Train: 0.3500, Val: 0.2300, Test: 0.2240
Epoch: 91, Loss: 1.0899, Train: 0.4167, Val: 0.3660, Test: 0.3660
Epoch: 92, Loss: 1.1194, Train: 0.4333, Val: 0.4320, Test: 0.4380
Epoch: 93, Loss: 1.1011, Train: 0.3333, Val: 0.3920, Test: 0.4150
Epoch: 94, Loss: 1.0899, Train: 0.3333, Val: 0.3880, Test: 0.4150
Epoch: 95, Loss: 1.1184, Train: 0.3333, Val: 0.3900, Test: 0.4170
Epoch: 96, Loss: 1.0986, Train: 0.3667, Val: 0.4000, Test: 0.4240
Epoch: 97, Loss: 1.1042, Train: 0.3667, Val: 0.4200, Test: 0.4410
Epoch: 98, Loss: 1.1080, Train: 0.3667, Val: 0.4280, Test: 0.4530
Epoch: 99, Loss: 1.1120, Train: 0.3667, Val: 0.4460, Test: 0.4690
Epoch: 100, Loss: 1.1218, Train: 0.3833, Val: 0.4620, Test: 0.4850
MAD:  0.0066
Best Test Accuracy: 0.5810, Val Accuracy: 0.5440, Train Accuracy: 0.4833
Training completed.
Seed:  1
PMPGNN(
  (convs): ModuleList(
    (0): ParallelGNNBlock(
      (conv1): GATv2Conv(64, 64, heads=1)
      (conv2): GATv2Conv(64, 64, heads=1)
      (norm): LayerNorm((64,), eps=1e-05, elementwise_affine=True)
    )
    (1-11): 11 x ParallelGNNBlock(
      (conv1): GATv2Conv(128, 64, heads=1)
      (conv2): GATv2Conv(128, 64, heads=1)
      (norm): LayerNorm((64,), eps=1e-05, elementwise_affine=True)
    )
  )
  (norm): LayerNorm((128,), eps=1e-05, elementwise_affine=True)
  (mlp): Sequential(
    (0): Linear(in_features=128, out_features=32, bias=True)
    (1): LeakyReLU(negative_slope=0.01)
    (2): Dropout(p=0.3, inplace=False)
    (3): Linear(in_features=32, out_features=3, bias=True)
  )
  (proj): Linear(in_features=500, out_features=64, bias=True)
)
Epoch: 1, Loss: 1.1165, Train: 0.3333, Val: 0.4160, Test: 0.4070
Epoch: 2, Loss: 1.0911, Train: 0.3333, Val: 0.4160, Test: 0.4070
Epoch: 3, Loss: 1.1846, Train: 0.3333, Val: 0.4160, Test: 0.4070
Epoch: 4, Loss: 1.0616, Train: 0.3333, Val: 0.4160, Test: 0.4070
Epoch: 5, Loss: 1.1486, Train: 0.3333, Val: 0.4180, Test: 0.4040
Epoch: 6, Loss: 1.1299, Train: 0.2833, Val: 0.4180, Test: 0.3940
Epoch: 7, Loss: 1.1101, Train: 0.3167, Val: 0.4220, Test: 0.3910
Epoch: 8, Loss: 1.0691, Train: 0.2833, Val: 0.4020, Test: 0.3720
Epoch: 9, Loss: 1.1076, Train: 0.2833, Val: 0.4240, Test: 0.3830
Epoch: 10, Loss: 1.0765, Train: 0.2833, Val: 0.3920, Test: 0.3660
Epoch: 11, Loss: 1.1496, Train: 0.3000, Val: 0.4080, Test: 0.4130
Epoch: 12, Loss: 1.1326, Train: 0.2500, Val: 0.4280, Test: 0.3960
Epoch: 13, Loss: 1.0894, Train: 0.2667, Val: 0.3960, Test: 0.3740
Epoch: 14, Loss: 1.1016, Train: 0.3333, Val: 0.4120, Test: 0.4010
Epoch: 15, Loss: 1.1070, Train: 0.3333, Val: 0.4140, Test: 0.4060
Epoch: 16, Loss: 1.1253, Train: 0.3333, Val: 0.4160, Test: 0.4070
Epoch: 17, Loss: 1.0828, Train: 0.3333, Val: 0.4160, Test: 0.4070
Epoch: 18, Loss: 1.1052, Train: 0.3333, Val: 0.4160, Test: 0.4070
Epoch: 19, Loss: 1.1001, Train: 0.3333, Val: 0.4160, Test: 0.4070
Epoch: 20, Loss: 1.1589, Train: 0.3333, Val: 0.4160, Test: 0.4070
Epoch: 21, Loss: 1.1140, Train: 0.3333, Val: 0.4160, Test: 0.4070
Epoch: 22, Loss: 1.1458, Train: 0.3333, Val: 0.4160, Test: 0.4070
Epoch: 23, Loss: 1.1325, Train: 0.3333, Val: 0.4160, Test: 0.4070
Epoch: 24, Loss: 1.1379, Train: 0.3333, Val: 0.4160, Test: 0.4070
Epoch: 25, Loss: 1.0957, Train: 0.3333, Val: 0.4160, Test: 0.4070
Epoch: 26, Loss: 1.0899, Train: 0.3333, Val: 0.4160, Test: 0.4070
Epoch: 27, Loss: 1.1228, Train: 0.3333, Val: 0.4160, Test: 0.4070
Epoch: 28, Loss: 1.1207, Train: 0.3333, Val: 0.4160, Test: 0.4070
Epoch: 29, Loss: 1.0737, Train: 0.3333, Val: 0.4160, Test: 0.4070
Epoch: 30, Loss: 1.1194, Train: 0.3333, Val: 0.4160, Test: 0.4070
Epoch: 31, Loss: 1.1235, Train: 0.3333, Val: 0.4160, Test: 0.4070
Epoch: 32, Loss: 1.1144, Train: 0.3333, Val: 0.4160, Test: 0.4070
Epoch: 33, Loss: 1.1009, Train: 0.3333, Val: 0.4160, Test: 0.4070
Epoch: 34, Loss: 1.0989, Train: 0.3333, Val: 0.4160, Test: 0.4070
Epoch: 35, Loss: 1.1014, Train: 0.3333, Val: 0.4160, Test: 0.4070
Epoch: 36, Loss: 1.1153, Train: 0.3333, Val: 0.4160, Test: 0.4070
Epoch: 37, Loss: 1.1425, Train: 0.3333, Val: 0.4160, Test: 0.4070
Epoch: 38, Loss: 1.0960, Train: 0.3333, Val: 0.4160, Test: 0.4070
Epoch: 39, Loss: 1.1123, Train: 0.3167, Val: 0.4100, Test: 0.3780
Epoch: 40, Loss: 1.0759, Train: 0.2833, Val: 0.4120, Test: 0.3960
Epoch: 41, Loss: 1.1495, Train: 0.3333, Val: 0.3880, Test: 0.4130
Epoch: 42, Loss: 1.0888, Train: 0.3333, Val: 0.3880, Test: 0.4130
Epoch: 43, Loss: 1.1060, Train: 0.3333, Val: 0.3880, Test: 0.4130
Epoch: 44, Loss: 1.1072, Train: 0.3333, Val: 0.3880, Test: 0.4130
Epoch: 45, Loss: 1.0885, Train: 0.3333, Val: 0.3880, Test: 0.4130
Epoch: 46, Loss: 1.1160, Train: 0.3333, Val: 0.3880, Test: 0.4130
Epoch: 47, Loss: 1.1005, Train: 0.3333, Val: 0.3880, Test: 0.4130
Epoch: 48, Loss: 1.1019, Train: 0.3333, Val: 0.3880, Test: 0.4130
Epoch: 49, Loss: 1.0907, Train: 0.3333, Val: 0.3880, Test: 0.4130
Epoch: 50, Loss: 1.0859, Train: 0.3333, Val: 0.3880, Test: 0.4130
Epoch: 51, Loss: 1.1205, Train: 0.3333, Val: 0.3880, Test: 0.4130
Epoch: 52, Loss: 1.1189, Train: 0.3333, Val: 0.3880, Test: 0.4130
Epoch: 53, Loss: 1.1133, Train: 0.3333, Val: 0.3880, Test: 0.4130
Epoch: 54, Loss: 1.1354, Train: 0.3333, Val: 0.3880, Test: 0.4130
Epoch: 55, Loss: 1.1014, Train: 0.3333, Val: 0.3880, Test: 0.4130
Epoch: 56, Loss: 1.1201, Train: 0.3333, Val: 0.3880, Test: 0.4130
Epoch: 57, Loss: 1.1393, Train: 0.3333, Val: 0.3880, Test: 0.4130
Epoch: 58, Loss: 1.0947, Train: 0.3333, Val: 0.3880, Test: 0.4130
Epoch: 59, Loss: 1.0895, Train: 0.3333, Val: 0.3880, Test: 0.4130
Epoch: 60, Loss: 1.0958, Train: 0.3333, Val: 0.3880, Test: 0.4130
Epoch: 61, Loss: 1.1320, Train: 0.3333, Val: 0.3880, Test: 0.4130
Epoch: 62, Loss: 1.1062, Train: 0.3333, Val: 0.3880, Test: 0.4130
Epoch: 63, Loss: 1.1272, Train: 0.3333, Val: 0.3880, Test: 0.4130
Epoch: 64, Loss: 1.0866, Train: 0.3333, Val: 0.3880, Test: 0.4130
Epoch: 65, Loss: 1.0954, Train: 0.3333, Val: 0.3880, Test: 0.4130
Epoch: 66, Loss: 1.0941, Train: 0.3333, Val: 0.3880, Test: 0.4130
Epoch: 67, Loss: 1.1131, Train: 0.3333, Val: 0.3880, Test: 0.4130
Epoch: 68, Loss: 1.0751, Train: 0.3333, Val: 0.3880, Test: 0.4130
Epoch: 69, Loss: 1.0997, Train: 0.3333, Val: 0.3880, Test: 0.4130
Epoch: 70, Loss: 1.1132, Train: 0.3333, Val: 0.3880, Test: 0.4130
Epoch: 71, Loss: 1.0934, Train: 0.3333, Val: 0.3880, Test: 0.4130
Epoch: 72, Loss: 1.0986, Train: 0.3333, Val: 0.3880, Test: 0.4130
Epoch: 73, Loss: 1.1030, Train: 0.3333, Val: 0.3880, Test: 0.4130
Epoch: 74, Loss: 1.1106, Train: 0.3333, Val: 0.3880, Test: 0.4130
Epoch: 75, Loss: 1.1130, Train: 0.3333, Val: 0.3880, Test: 0.4130
Epoch: 76, Loss: 1.1037, Train: 0.3333, Val: 0.3880, Test: 0.4130
Epoch: 77, Loss: 1.1131, Train: 0.3333, Val: 0.3880, Test: 0.4130
Epoch: 78, Loss: 1.1017, Train: 0.3333, Val: 0.3880, Test: 0.4130
Epoch: 79, Loss: 1.1011, Train: 0.3500, Val: 0.3880, Test: 0.4130
Epoch: 80, Loss: 1.1207, Train: 0.4333, Val: 0.5140, Test: 0.5400
Epoch: 81, Loss: 1.0935, Train: 0.5500, Val: 0.5660, Test: 0.5740
Epoch: 82, Loss: 1.1172, Train: 0.4000, Val: 0.4260, Test: 0.4430
Epoch: 83, Loss: 1.1148, Train: 0.3333, Val: 0.4180, Test: 0.4090
Epoch: 84, Loss: 1.1008, Train: 0.3333, Val: 0.4160, Test: 0.4080
Epoch: 85, Loss: 1.0963, Train: 0.3333, Val: 0.4160, Test: 0.4090
Epoch: 86, Loss: 1.0936, Train: 0.3333, Val: 0.4300, Test: 0.4160
Epoch: 87, Loss: 1.0865, Train: 0.5500, Val: 0.4700, Test: 0.4740
Epoch: 88, Loss: 1.0933, Train: 0.5667, Val: 0.4480, Test: 0.4650
Epoch: 89, Loss: 1.1188, Train: 0.5500, Val: 0.3880, Test: 0.3800
Epoch: 90, Loss: 1.1064, Train: 0.4000, Val: 0.2780, Test: 0.2670
Epoch: 91, Loss: 1.0998, Train: 0.3500, Val: 0.1960, Test: 0.1800
Epoch: 92, Loss: 1.1035, Train: 0.3333, Val: 0.1960, Test: 0.1800
Epoch: 93, Loss: 1.0892, Train: 0.3333, Val: 0.1960, Test: 0.1800
Epoch: 94, Loss: 1.0937, Train: 0.3333, Val: 0.1960, Test: 0.1800
Epoch: 95, Loss: 1.0809, Train: 0.3333, Val: 0.1960, Test: 0.1800
Epoch: 96, Loss: 1.1036, Train: 0.3333, Val: 0.1960, Test: 0.1800
Epoch: 97, Loss: 1.0882, Train: 0.3333, Val: 0.1960, Test: 0.1800
Epoch: 98, Loss: 1.1038, Train: 0.3333, Val: 0.1960, Test: 0.1800
Epoch: 99, Loss: 1.1229, Train: 0.3333, Val: 0.1960, Test: 0.1800
Epoch: 100, Loss: 1.0988, Train: 0.3333, Val: 0.1960, Test: 0.1800
MAD:  0.0015
Best Test Accuracy: 0.5740, Val Accuracy: 0.5660, Train Accuracy: 0.5500
Training completed.
Seed:  2
PMPGNN(
  (convs): ModuleList(
    (0): ParallelGNNBlock(
      (conv1): GATv2Conv(64, 64, heads=1)
      (conv2): GATv2Conv(64, 64, heads=1)
      (norm): LayerNorm((64,), eps=1e-05, elementwise_affine=True)
    )
    (1-11): 11 x ParallelGNNBlock(
      (conv1): GATv2Conv(128, 64, heads=1)
      (conv2): GATv2Conv(128, 64, heads=1)
      (norm): LayerNorm((64,), eps=1e-05, elementwise_affine=True)
    )
  )
  (norm): LayerNorm((128,), eps=1e-05, elementwise_affine=True)
  (mlp): Sequential(
    (0): Linear(in_features=128, out_features=32, bias=True)
    (1): LeakyReLU(negative_slope=0.01)
    (2): Dropout(p=0.3, inplace=False)
    (3): Linear(in_features=32, out_features=3, bias=True)
  )
  (proj): Linear(in_features=500, out_features=64, bias=True)
)
Epoch: 1, Loss: 1.1064, Train: 0.3333, Val: 0.1960, Test: 0.1800
Epoch: 2, Loss: 1.0999, Train: 0.3333, Val: 0.1960, Test: 0.1800
Epoch: 3, Loss: 1.1179, Train: 0.3333, Val: 0.1960, Test: 0.1800
Epoch: 4, Loss: 1.1405, Train: 0.3333, Val: 0.1960, Test: 0.1800
Epoch: 5, Loss: 1.1538, Train: 0.3333, Val: 0.1960, Test: 0.1800
Epoch: 6, Loss: 1.1095, Train: 0.3333, Val: 0.1960, Test: 0.1800
Epoch: 7, Loss: 1.0974, Train: 0.3333, Val: 0.1960, Test: 0.1800
Epoch: 8, Loss: 1.1433, Train: 0.3333, Val: 0.1960, Test: 0.1800
Epoch: 9, Loss: 1.0814, Train: 0.3333, Val: 0.1960, Test: 0.1800
Epoch: 10, Loss: 1.1616, Train: 0.3167, Val: 0.1960, Test: 0.1820
Epoch: 11, Loss: 1.1216, Train: 0.3667, Val: 0.2560, Test: 0.2250
Epoch: 12, Loss: 1.1090, Train: 0.3500, Val: 0.3820, Test: 0.3880
Epoch: 13, Loss: 1.1299, Train: 0.3333, Val: 0.4140, Test: 0.4040
Epoch: 14, Loss: 1.1051, Train: 0.3333, Val: 0.4140, Test: 0.4070
Epoch: 15, Loss: 1.0988, Train: 0.3333, Val: 0.4160, Test: 0.4070
Epoch: 16, Loss: 1.1363, Train: 0.3333, Val: 0.4160, Test: 0.4070
Epoch: 17, Loss: 1.1080, Train: 0.3333, Val: 0.4160, Test: 0.4070
Epoch: 18, Loss: 1.1047, Train: 0.3333, Val: 0.4160, Test: 0.4070
Epoch: 19, Loss: 1.1247, Train: 0.3333, Val: 0.4160, Test: 0.4060
Epoch: 20, Loss: 1.1023, Train: 0.4500, Val: 0.4560, Test: 0.4710
Epoch: 21, Loss: 1.1586, Train: 0.5500, Val: 0.5480, Test: 0.5710
Epoch: 22, Loss: 1.1083, Train: 0.5333, Val: 0.5560, Test: 0.5870
Epoch: 23, Loss: 1.0849, Train: 0.5333, Val: 0.5580, Test: 0.5720
Epoch: 24, Loss: 1.1073, Train: 0.5833, Val: 0.5780, Test: 0.6100
Epoch: 25, Loss: 1.0908, Train: 0.5833, Val: 0.5840, Test: 0.6030
Epoch: 26, Loss: 1.1003, Train: 0.5667, Val: 0.5840, Test: 0.6030
Epoch: 27, Loss: 1.0850, Train: 0.5667, Val: 0.5640, Test: 0.5870
Epoch: 28, Loss: 1.1231, Train: 0.4333, Val: 0.4800, Test: 0.4940
Epoch: 29, Loss: 1.1056, Train: 0.4000, Val: 0.4340, Test: 0.4310
Epoch: 30, Loss: 1.1147, Train: 0.3667, Val: 0.4220, Test: 0.4120
Epoch: 31, Loss: 1.1118, Train: 0.3833, Val: 0.4280, Test: 0.4250
Epoch: 32, Loss: 1.1189, Train: 0.4167, Val: 0.4460, Test: 0.4430
Epoch: 33, Loss: 1.1059, Train: 0.4833, Val: 0.4980, Test: 0.5140
Epoch: 34, Loss: 1.1077, Train: 0.4833, Val: 0.4960, Test: 0.5100
Epoch: 35, Loss: 1.1311, Train: 0.4500, Val: 0.4880, Test: 0.4960
Epoch: 36, Loss: 1.1196, Train: 0.4333, Val: 0.4520, Test: 0.4450
Epoch: 37, Loss: 1.1107, Train: 0.3500, Val: 0.4160, Test: 0.4070
Epoch: 38, Loss: 1.1162, Train: 0.3333, Val: 0.4160, Test: 0.4070
Epoch: 39, Loss: 1.1083, Train: 0.3333, Val: 0.4160, Test: 0.4070
Epoch: 40, Loss: 1.1170, Train: 0.3333, Val: 0.4160, Test: 0.4070
Epoch: 41, Loss: 1.1060, Train: 0.3333, Val: 0.4160, Test: 0.4070
Epoch: 42, Loss: 1.1084, Train: 0.3333, Val: 0.4160, Test: 0.4070
Epoch: 43, Loss: 1.0969, Train: 0.3333, Val: 0.4160, Test: 0.4070
Epoch: 44, Loss: 1.0982, Train: 0.3333, Val: 0.4160, Test: 0.4070
Epoch: 45, Loss: 1.1184, Train: 0.3333, Val: 0.4160, Test: 0.4070
Epoch: 46, Loss: 1.0850, Train: 0.3333, Val: 0.4160, Test: 0.4070
Epoch: 47, Loss: 1.0995, Train: 0.3333, Val: 0.4160, Test: 0.4070
Epoch: 48, Loss: 1.0864, Train: 0.3333, Val: 0.4160, Test: 0.4070
Epoch: 49, Loss: 1.1066, Train: 0.3333, Val: 0.4160, Test: 0.4070
Epoch: 50, Loss: 1.1085, Train: 0.3333, Val: 0.4160, Test: 0.4070
Epoch: 51, Loss: 1.0868, Train: 0.3333, Val: 0.4160, Test: 0.4070
Epoch: 52, Loss: 1.1139, Train: 0.3333, Val: 0.4160, Test: 0.4070
Epoch: 53, Loss: 1.1096, Train: 0.3333, Val: 0.4160, Test: 0.4070
Epoch: 54, Loss: 1.1115, Train: 0.3333, Val: 0.4140, Test: 0.4040
Epoch: 55, Loss: 1.0981, Train: 0.3833, Val: 0.4300, Test: 0.4200
Epoch: 56, Loss: 1.0982, Train: 0.4667, Val: 0.5120, Test: 0.4980
Epoch: 57, Loss: 1.0973, Train: 0.5333, Val: 0.4940, Test: 0.4840
Epoch: 58, Loss: 1.1228, Train: 0.5000, Val: 0.3680, Test: 0.3720
Epoch: 59, Loss: 1.1051, Train: 0.4667, Val: 0.3260, Test: 0.3270
Epoch: 60, Loss: 1.1485, Train: 0.4500, Val: 0.2820, Test: 0.2670
Epoch: 61, Loss: 1.1031, Train: 0.4000, Val: 0.2280, Test: 0.2210
Epoch: 62, Loss: 1.1074, Train: 0.3833, Val: 0.2040, Test: 0.1950
Epoch: 63, Loss: 1.0950, Train: 0.3667, Val: 0.2000, Test: 0.1850
Epoch: 64, Loss: 1.0702, Train: 0.3667, Val: 0.2060, Test: 0.1880
Epoch: 65, Loss: 1.0743, Train: 0.3667, Val: 0.2100, Test: 0.1920
Epoch: 66, Loss: 1.1110, Train: 0.3833, Val: 0.2160, Test: 0.2050
Epoch: 67, Loss: 1.1008, Train: 0.3500, Val: 0.1980, Test: 0.1890
Epoch: 68, Loss: 1.1297, Train: 0.3333, Val: 0.1960, Test: 0.1840
Epoch: 69, Loss: 1.0822, Train: 0.3333, Val: 0.1960, Test: 0.1830
Epoch: 70, Loss: 1.1093, Train: 0.3333, Val: 0.1960, Test: 0.1820
Epoch: 71, Loss: 1.1155, Train: 0.3500, Val: 0.1960, Test: 0.1910
Epoch: 72, Loss: 1.1157, Train: 0.4167, Val: 0.3140, Test: 0.2940
Epoch: 73, Loss: 1.1115, Train: 0.4167, Val: 0.4200, Test: 0.4200
Epoch: 74, Loss: 1.1141, Train: 0.4000, Val: 0.4220, Test: 0.4430
Epoch: 75, Loss: 1.1169, Train: 0.3667, Val: 0.4240, Test: 0.4310
Epoch: 76, Loss: 1.1484, Train: 0.3667, Val: 0.4060, Test: 0.4320
Epoch: 77, Loss: 1.1131, Train: 0.3667, Val: 0.4080, Test: 0.4260
Epoch: 78, Loss: 1.1187, Train: 0.3833, Val: 0.4000, Test: 0.4150
Epoch: 79, Loss: 1.0977, Train: 0.4167, Val: 0.4120, Test: 0.4260
Epoch: 80, Loss: 1.1097, Train: 0.3500, Val: 0.4240, Test: 0.4330
Epoch: 81, Loss: 1.1167, Train: 0.4500, Val: 0.4240, Test: 0.4190
Epoch: 82, Loss: 1.1328, Train: 0.4833, Val: 0.3960, Test: 0.3870
Epoch: 83, Loss: 1.1198, Train: 0.4333, Val: 0.3480, Test: 0.3450
Epoch: 84, Loss: 1.1132, Train: 0.4333, Val: 0.3340, Test: 0.3290
Epoch: 85, Loss: 1.1022, Train: 0.4500, Val: 0.3280, Test: 0.3220
Epoch: 86, Loss: 1.0967, Train: 0.5500, Val: 0.4360, Test: 0.4350
Epoch: 87, Loss: 1.1003, Train: 0.5833, Val: 0.5220, Test: 0.5300
Epoch: 88, Loss: 1.1097, Train: 0.5333, Val: 0.4940, Test: 0.5000
Epoch: 89, Loss: 1.1061, Train: 0.3500, Val: 0.4260, Test: 0.4330
Epoch: 90, Loss: 1.0913, Train: 0.3500, Val: 0.4180, Test: 0.4140
Epoch: 91, Loss: 1.1222, Train: 0.3500, Val: 0.4140, Test: 0.4060
Epoch: 92, Loss: 1.0913, Train: 0.3333, Val: 0.4160, Test: 0.4080
Epoch: 93, Loss: 1.0964, Train: 0.3333, Val: 0.4160, Test: 0.4070
Epoch: 94, Loss: 1.0970, Train: 0.3333, Val: 0.4160, Test: 0.4070
Epoch: 95, Loss: 1.1130, Train: 0.3333, Val: 0.4160, Test: 0.4070
Epoch: 96, Loss: 1.1125, Train: 0.3333, Val: 0.4160, Test: 0.4070
Epoch: 97, Loss: 1.1094, Train: 0.3333, Val: 0.4160, Test: 0.4070
Epoch: 98, Loss: 1.1058, Train: 0.3333, Val: 0.4160, Test: 0.4070
Epoch: 99, Loss: 1.1067, Train: 0.3333, Val: 0.4160, Test: 0.4070
Epoch: 100, Loss: 1.1076, Train: 0.3333, Val: 0.4160, Test: 0.4070
MAD:  0.0015
Best Test Accuracy: 0.6100, Val Accuracy: 0.5780, Train Accuracy: 0.5833
Training completed.
Seed:  3
PMPGNN(
  (convs): ModuleList(
    (0): ParallelGNNBlock(
      (conv1): GATv2Conv(64, 64, heads=1)
      (conv2): GATv2Conv(64, 64, heads=1)
      (norm): LayerNorm((64,), eps=1e-05, elementwise_affine=True)
    )
    (1-11): 11 x ParallelGNNBlock(
      (conv1): GATv2Conv(128, 64, heads=1)
      (conv2): GATv2Conv(128, 64, heads=1)
      (norm): LayerNorm((64,), eps=1e-05, elementwise_affine=True)
    )
  )
  (norm): LayerNorm((128,), eps=1e-05, elementwise_affine=True)
  (mlp): Sequential(
    (0): Linear(in_features=128, out_features=32, bias=True)
    (1): LeakyReLU(negative_slope=0.01)
    (2): Dropout(p=0.3, inplace=False)
    (3): Linear(in_features=32, out_features=3, bias=True)
  )
  (proj): Linear(in_features=500, out_features=64, bias=True)
)
Epoch: 1, Loss: 1.1288, Train: 0.3333, Val: 0.3880, Test: 0.4130
Epoch: 2, Loss: 1.1346, Train: 0.3333, Val: 0.3880, Test: 0.4130
Epoch: 3, Loss: 1.1367, Train: 0.3333, Val: 0.3880, Test: 0.4140
Epoch: 4, Loss: 1.1433, Train: 0.3333, Val: 0.3940, Test: 0.4280
Epoch: 5, Loss: 1.1261, Train: 0.3000, Val: 0.3560, Test: 0.4090
Epoch: 6, Loss: 1.1680, Train: 0.3333, Val: 0.3160, Test: 0.3160
Epoch: 7, Loss: 1.0839, Train: 0.3333, Val: 0.2500, Test: 0.2430
Epoch: 8, Loss: 1.1009, Train: 0.3167, Val: 0.2580, Test: 0.2520
Epoch: 9, Loss: 1.0901, Train: 0.3667, Val: 0.2640, Test: 0.2440
Epoch: 10, Loss: 1.1256, Train: 0.3500, Val: 0.2040, Test: 0.1900
Epoch: 11, Loss: 1.1187, Train: 0.3333, Val: 0.1960, Test: 0.1800
Epoch: 12, Loss: 1.1206, Train: 0.3333, Val: 0.1960, Test: 0.1800
Epoch: 13, Loss: 1.1448, Train: 0.3333, Val: 0.1960, Test: 0.1800
Epoch: 14, Loss: 1.1298, Train: 0.3333, Val: 0.1960, Test: 0.1800
Epoch: 15, Loss: 1.1445, Train: 0.3333, Val: 0.1960, Test: 0.1800
Epoch: 16, Loss: 1.1035, Train: 0.3333, Val: 0.1960, Test: 0.1800
Epoch: 17, Loss: 1.1353, Train: 0.3333, Val: 0.1960, Test: 0.1800
Epoch: 18, Loss: 1.1203, Train: 0.3333, Val: 0.1960, Test: 0.1800
Epoch: 19, Loss: 1.1434, Train: 0.3333, Val: 0.1960, Test: 0.1800
Epoch: 20, Loss: 1.0817, Train: 0.3333, Val: 0.1960, Test: 0.1800
Epoch: 21, Loss: 1.1737, Train: 0.3333, Val: 0.1960, Test: 0.1800
Epoch: 22, Loss: 1.0920, Train: 0.3333, Val: 0.1960, Test: 0.1800
Epoch: 23, Loss: 1.1227, Train: 0.3333, Val: 0.1960, Test: 0.1800
Epoch: 24, Loss: 1.1226, Train: 0.3333, Val: 0.1960, Test: 0.1800
Epoch: 25, Loss: 1.0994, Train: 0.3333, Val: 0.1960, Test: 0.1800
Epoch: 26, Loss: 1.0866, Train: 0.3333, Val: 0.1960, Test: 0.1800
Epoch: 27, Loss: 1.1324, Train: 0.3333, Val: 0.1960, Test: 0.1800
Epoch: 28, Loss: 1.0761, Train: 0.3333, Val: 0.1960, Test: 0.1800
Epoch: 29, Loss: 1.0871, Train: 0.3333, Val: 0.1960, Test: 0.1800
Epoch: 30, Loss: 1.1005, Train: 0.3333, Val: 0.1960, Test: 0.1800
Epoch: 31, Loss: 1.1003, Train: 0.3333, Val: 0.1960, Test: 0.1800
Epoch: 32, Loss: 1.1164, Train: 0.3333, Val: 0.1960, Test: 0.1800
Epoch: 33, Loss: 1.0996, Train: 0.3333, Val: 0.1960, Test: 0.1800
Epoch: 34, Loss: 1.0991, Train: 0.3333, Val: 0.1960, Test: 0.1800
Epoch: 35, Loss: 1.1090, Train: 0.3333, Val: 0.1960, Test: 0.1800
Epoch: 36, Loss: 1.1141, Train: 0.3333, Val: 0.1960, Test: 0.1800
Epoch: 37, Loss: 1.0945, Train: 0.3333, Val: 0.1960, Test: 0.1800
Epoch: 38, Loss: 1.0885, Train: 0.3333, Val: 0.1960, Test: 0.1800
Epoch: 39, Loss: 1.1186, Train: 0.3333, Val: 0.1960, Test: 0.1800
Epoch: 40, Loss: 1.1046, Train: 0.3333, Val: 0.1960, Test: 0.1800
Epoch: 41, Loss: 1.0850, Train: 0.3333, Val: 0.1960, Test: 0.1800
Epoch: 42, Loss: 1.0952, Train: 0.3333, Val: 0.1960, Test: 0.1800
Epoch: 43, Loss: 1.1012, Train: 0.3333, Val: 0.1960, Test: 0.1800
Epoch: 44, Loss: 1.0861, Train: 0.3333, Val: 0.1960, Test: 0.1800
Epoch: 45, Loss: 1.0971, Train: 0.3333, Val: 0.1960, Test: 0.1800
Epoch: 46, Loss: 1.1278, Train: 0.3333, Val: 0.1960, Test: 0.1800
Epoch: 47, Loss: 1.1128, Train: 0.4833, Val: 0.4620, Test: 0.4670
Epoch: 48, Loss: 1.1040, Train: 0.3333, Val: 0.3880, Test: 0.4130
Epoch: 49, Loss: 1.1071, Train: 0.3333, Val: 0.3880, Test: 0.4130
Epoch: 50, Loss: 1.0931, Train: 0.3333, Val: 0.3880, Test: 0.4130
Epoch: 51, Loss: 1.1063, Train: 0.3333, Val: 0.3880, Test: 0.4130
Epoch: 52, Loss: 1.1196, Train: 0.3333, Val: 0.3880, Test: 0.4130
Epoch: 53, Loss: 1.0892, Train: 0.3333, Val: 0.3880, Test: 0.4130
Epoch: 54, Loss: 1.0884, Train: 0.3333, Val: 0.3880, Test: 0.4130
Epoch: 55, Loss: 1.0954, Train: 0.3333, Val: 0.3880, Test: 0.4130
Epoch: 56, Loss: 1.1136, Train: 0.3333, Val: 0.3880, Test: 0.4130
Epoch: 57, Loss: 1.1099, Train: 0.3333, Val: 0.3880, Test: 0.4130
Epoch: 58, Loss: 1.1213, Train: 0.3333, Val: 0.3880, Test: 0.4130
Epoch: 59, Loss: 1.1040, Train: 0.3333, Val: 0.3880, Test: 0.4130
Epoch: 60, Loss: 1.1224, Train: 0.3333, Val: 0.3880, Test: 0.4130
Epoch: 61, Loss: 1.0702, Train: 0.3333, Val: 0.3880, Test: 0.4130
Epoch: 62, Loss: 1.0995, Train: 0.3333, Val: 0.3880, Test: 0.4130
Epoch: 63, Loss: 1.1248, Train: 0.3333, Val: 0.3880, Test: 0.4130
Epoch: 64, Loss: 1.1044, Train: 0.3000, Val: 0.3880, Test: 0.4130
Epoch: 65, Loss: 1.0917, Train: 0.2000, Val: 0.3020, Test: 0.2790
Epoch: 66, Loss: 1.1117, Train: 0.3333, Val: 0.4120, Test: 0.4080
Epoch: 67, Loss: 1.1154, Train: 0.3333, Val: 0.4160, Test: 0.4070
Epoch: 68, Loss: 1.1197, Train: 0.3333, Val: 0.4160, Test: 0.4070
Epoch: 69, Loss: 1.1035, Train: 0.3333, Val: 0.4160, Test: 0.4070
Epoch: 70, Loss: 1.0995, Train: 0.3333, Val: 0.4160, Test: 0.4070
Epoch: 71, Loss: 1.1286, Train: 0.3333, Val: 0.4160, Test: 0.4070
Epoch: 72, Loss: 1.1014, Train: 0.3333, Val: 0.4160, Test: 0.4070
Epoch: 73, Loss: 1.1225, Train: 0.3333, Val: 0.4160, Test: 0.4070
Epoch: 74, Loss: 1.1037, Train: 0.3333, Val: 0.4160, Test: 0.4070
Epoch: 75, Loss: 1.0902, Train: 0.3333, Val: 0.4160, Test: 0.4070
Epoch: 76, Loss: 1.1376, Train: 0.3333, Val: 0.4160, Test: 0.4070
Epoch: 77, Loss: 1.1121, Train: 0.3333, Val: 0.4160, Test: 0.4070
Epoch: 78, Loss: 1.0930, Train: 0.3333, Val: 0.4160, Test: 0.4070
Epoch: 79, Loss: 1.1144, Train: 0.3333, Val: 0.4160, Test: 0.4070
Epoch: 80, Loss: 1.0845, Train: 0.3333, Val: 0.4160, Test: 0.4070
Epoch: 81, Loss: 1.0874, Train: 0.3333, Val: 0.4160, Test: 0.4070
Epoch: 82, Loss: 1.1038, Train: 0.3333, Val: 0.4160, Test: 0.4070
Epoch: 83, Loss: 1.1163, Train: 0.3333, Val: 0.4160, Test: 0.4070
Epoch: 84, Loss: 1.0999, Train: 0.3500, Val: 0.4160, Test: 0.4090
Epoch: 85, Loss: 1.0810, Train: 0.3667, Val: 0.4180, Test: 0.4090
Epoch: 86, Loss: 1.1082, Train: 0.4167, Val: 0.4220, Test: 0.4160
Epoch: 87, Loss: 1.0955, Train: 0.4167, Val: 0.4300, Test: 0.4210
Epoch: 88, Loss: 1.1173, Train: 0.4333, Val: 0.4400, Test: 0.4290
Epoch: 89, Loss: 1.0849, Train: 0.4833, Val: 0.4520, Test: 0.4420
Epoch: 90, Loss: 1.1011, Train: 0.5167, Val: 0.4800, Test: 0.4710
Epoch: 91, Loss: 1.1194, Train: 0.5667, Val: 0.5120, Test: 0.4920
Epoch: 92, Loss: 1.1053, Train: 0.5667, Val: 0.5200, Test: 0.5060
Epoch: 93, Loss: 1.0933, Train: 0.5667, Val: 0.5220, Test: 0.5100
Epoch: 94, Loss: 1.1167, Train: 0.5833, Val: 0.5300, Test: 0.5150
Epoch: 95, Loss: 1.1025, Train: 0.6167, Val: 0.5460, Test: 0.5220
Epoch: 96, Loss: 1.0842, Train: 0.6167, Val: 0.5480, Test: 0.5160
Epoch: 97, Loss: 1.0947, Train: 0.6167, Val: 0.5460, Test: 0.5190
Epoch: 98, Loss: 1.0817, Train: 0.6167, Val: 0.5420, Test: 0.5180
Epoch: 99, Loss: 1.0982, Train: 0.6167, Val: 0.5420, Test: 0.5160
Epoch: 100, Loss: 1.0959, Train: 0.6167, Val: 0.5480, Test: 0.5170
MAD:  0.0017
Best Test Accuracy: 0.5220, Val Accuracy: 0.5460, Train Accuracy: 0.6167
Training completed.
Seed:  4
PMPGNN(
  (convs): ModuleList(
    (0): ParallelGNNBlock(
      (conv1): GATv2Conv(64, 64, heads=1)
      (conv2): GATv2Conv(64, 64, heads=1)
      (norm): LayerNorm((64,), eps=1e-05, elementwise_affine=True)
    )
    (1-11): 11 x ParallelGNNBlock(
      (conv1): GATv2Conv(128, 64, heads=1)
      (conv2): GATv2Conv(128, 64, heads=1)
      (norm): LayerNorm((64,), eps=1e-05, elementwise_affine=True)
    )
  )
  (norm): LayerNorm((128,), eps=1e-05, elementwise_affine=True)
  (mlp): Sequential(
    (0): Linear(in_features=128, out_features=32, bias=True)
    (1): LeakyReLU(negative_slope=0.01)
    (2): Dropout(p=0.3, inplace=False)
    (3): Linear(in_features=32, out_features=3, bias=True)
  )
  (proj): Linear(in_features=500, out_features=64, bias=True)
)
Epoch: 1, Loss: 1.1437, Train: 0.3333, Val: 0.1960, Test: 0.1800
Epoch: 2, Loss: 1.1295, Train: 0.3333, Val: 0.1960, Test: 0.1800
Epoch: 3, Loss: 1.1323, Train: 0.3333, Val: 0.1960, Test: 0.1800
Epoch: 4, Loss: 1.1012, Train: 0.3333, Val: 0.1960, Test: 0.1800
Epoch: 5, Loss: 1.1065, Train: 0.3333, Val: 0.1960, Test: 0.1800
Epoch: 6, Loss: 1.1075, Train: 0.3333, Val: 0.1960, Test: 0.1800
Epoch: 7, Loss: 1.0569, Train: 0.3333, Val: 0.1960, Test: 0.1800
Epoch: 8, Loss: 1.0612, Train: 0.3333, Val: 0.1960, Test: 0.1800
Epoch: 9, Loss: 1.1249, Train: 0.3333, Val: 0.1960, Test: 0.1800
Epoch: 10, Loss: 1.1542, Train: 0.3333, Val: 0.1960, Test: 0.1800
Epoch: 11, Loss: 1.1447, Train: 0.3500, Val: 0.2700, Test: 0.2360
Epoch: 12, Loss: 1.1526, Train: 0.3333, Val: 0.4160, Test: 0.4050
Epoch: 13, Loss: 1.1495, Train: 0.3333, Val: 0.4200, Test: 0.4020
Epoch: 14, Loss: 1.1066, Train: 0.3333, Val: 0.4180, Test: 0.4070
Epoch: 15, Loss: 1.1119, Train: 0.3333, Val: 0.4160, Test: 0.4070
Epoch: 16, Loss: 1.0487, Train: 0.3333, Val: 0.4160, Test: 0.4070
Epoch: 17, Loss: 1.1131, Train: 0.3333, Val: 0.4160, Test: 0.4070
Epoch: 18, Loss: 1.1369, Train: 0.3333, Val: 0.4160, Test: 0.4070
Epoch: 19, Loss: 1.0894, Train: 0.3333, Val: 0.4160, Test: 0.4070
Epoch: 20, Loss: 1.1388, Train: 0.3333, Val: 0.4160, Test: 0.4070
Epoch: 21, Loss: 1.1335, Train: 0.3333, Val: 0.4160, Test: 0.4070
Epoch: 22, Loss: 1.1443, Train: 0.3333, Val: 0.4160, Test: 0.4070
Epoch: 23, Loss: 1.0802, Train: 0.3333, Val: 0.4160, Test: 0.4070
Epoch: 24, Loss: 1.1250, Train: 0.3333, Val: 0.4160, Test: 0.4070
Epoch: 25, Loss: 1.1130, Train: 0.3333, Val: 0.4160, Test: 0.4070
Epoch: 26, Loss: 1.1452, Train: 0.3333, Val: 0.4160, Test: 0.4070
Epoch: 27, Loss: 1.1398, Train: 0.3333, Val: 0.4160, Test: 0.4070
Epoch: 28, Loss: 1.0826, Train: 0.3333, Val: 0.4160, Test: 0.4070
Epoch: 29, Loss: 1.1032, Train: 0.3333, Val: 0.4160, Test: 0.4070
Epoch: 30, Loss: 1.1107, Train: 0.3333, Val: 0.4160, Test: 0.4070
Epoch: 31, Loss: 1.1191, Train: 0.3333, Val: 0.4160, Test: 0.4070
Epoch: 32, Loss: 1.1308, Train: 0.3333, Val: 0.4160, Test: 0.4070
Epoch: 33, Loss: 1.0984, Train: 0.3333, Val: 0.4160, Test: 0.4070
Epoch: 34, Loss: 1.1398, Train: 0.3333, Val: 0.4160, Test: 0.4070
Epoch: 35, Loss: 1.1187, Train: 0.3333, Val: 0.4160, Test: 0.4070
Epoch: 36, Loss: 1.0939, Train: 0.3333, Val: 0.4160, Test: 0.4070
Epoch: 37, Loss: 1.1084, Train: 0.3333, Val: 0.4160, Test: 0.4070
Epoch: 38, Loss: 1.1329, Train: 0.3333, Val: 0.4160, Test: 0.4070
Epoch: 39, Loss: 1.0884, Train: 0.3333, Val: 0.4160, Test: 0.4070
Epoch: 40, Loss: 1.1566, Train: 0.3333, Val: 0.4160, Test: 0.4070
Epoch: 41, Loss: 1.1146, Train: 0.3333, Val: 0.4160, Test: 0.4070
Epoch: 42, Loss: 1.1036, Train: 0.3667, Val: 0.4200, Test: 0.4040
Epoch: 43, Loss: 1.1469, Train: 0.4333, Val: 0.3480, Test: 0.3310
Epoch: 44, Loss: 1.1192, Train: 0.3833, Val: 0.2220, Test: 0.2060
Epoch: 45, Loss: 1.0943, Train: 0.3667, Val: 0.1980, Test: 0.1820
Epoch: 46, Loss: 1.1124, Train: 0.3667, Val: 0.1960, Test: 0.1810
Epoch: 47, Loss: 1.0992, Train: 0.3667, Val: 0.1980, Test: 0.1810
Epoch: 48, Loss: 1.1135, Train: 0.3833, Val: 0.2300, Test: 0.2090
Epoch: 49, Loss: 1.1127, Train: 0.4500, Val: 0.3900, Test: 0.3460
Epoch: 50, Loss: 1.1037, Train: 0.5000, Val: 0.4820, Test: 0.4530
Epoch: 51, Loss: 1.1133, Train: 0.3667, Val: 0.4200, Test: 0.4100
Epoch: 52, Loss: 1.1374, Train: 0.3333, Val: 0.4160, Test: 0.4070
Epoch: 53, Loss: 1.1004, Train: 0.3333, Val: 0.4160, Test: 0.4070
Epoch: 54, Loss: 1.0979, Train: 0.3333, Val: 0.4160, Test: 0.4070
Epoch: 55, Loss: 1.1016, Train: 0.3333, Val: 0.4160, Test: 0.4070
Epoch: 56, Loss: 1.0932, Train: 0.3333, Val: 0.4160, Test: 0.4070
Epoch: 57, Loss: 1.0874, Train: 0.3333, Val: 0.4160, Test: 0.4070
Epoch: 58, Loss: 1.1160, Train: 0.3333, Val: 0.4160, Test: 0.4070
Epoch: 59, Loss: 1.1299, Train: 0.3333, Val: 0.4160, Test: 0.4070
Epoch: 60, Loss: 1.0937, Train: 0.3333, Val: 0.4160, Test: 0.4070
Epoch: 61, Loss: 1.0981, Train: 0.3333, Val: 0.4160, Test: 0.4070
Epoch: 62, Loss: 1.0928, Train: 0.3333, Val: 0.4160, Test: 0.4070
Epoch: 63, Loss: 1.0938, Train: 0.3333, Val: 0.4160, Test: 0.4070
Epoch: 64, Loss: 1.0590, Train: 0.3333, Val: 0.4160, Test: 0.4070
Epoch: 65, Loss: 1.1287, Train: 0.3333, Val: 0.4160, Test: 0.4070
Epoch: 66, Loss: 1.0972, Train: 0.3333, Val: 0.4160, Test: 0.4070
Epoch: 67, Loss: 1.0612, Train: 0.3333, Val: 0.4160, Test: 0.4070
Epoch: 68, Loss: 1.1158, Train: 0.3333, Val: 0.4160, Test: 0.4070
Epoch: 69, Loss: 1.0992, Train: 0.3333, Val: 0.4160, Test: 0.4070
Epoch: 70, Loss: 1.0898, Train: 0.3333, Val: 0.4160, Test: 0.4070
Epoch: 71, Loss: 1.1066, Train: 0.3333, Val: 0.4160, Test: 0.4070
Epoch: 72, Loss: 1.1016, Train: 0.3333, Val: 0.4160, Test: 0.4070
Epoch: 73, Loss: 1.1221, Train: 0.3333, Val: 0.4160, Test: 0.4070
Epoch: 74, Loss: 1.1193, Train: 0.3333, Val: 0.4160, Test: 0.4070
Epoch: 75, Loss: 1.0922, Train: 0.3333, Val: 0.4160, Test: 0.4070
Epoch: 76, Loss: 1.1238, Train: 0.3333, Val: 0.4160, Test: 0.4070
Epoch: 77, Loss: 1.0779, Train: 0.3333, Val: 0.4160, Test: 0.4070
Epoch: 78, Loss: 1.0882, Train: 0.3333, Val: 0.4160, Test: 0.4070
Epoch: 79, Loss: 1.1115, Train: 0.3333, Val: 0.4200, Test: 0.4040
Epoch: 80, Loss: 1.1031, Train: 0.3333, Val: 0.4180, Test: 0.4020
Epoch: 81, Loss: 1.0975, Train: 0.3500, Val: 0.4020, Test: 0.3980
Epoch: 82, Loss: 1.0754, Train: 0.4167, Val: 0.3680, Test: 0.3500
Epoch: 83, Loss: 1.0897, Train: 0.5167, Val: 0.3120, Test: 0.2900
Epoch: 84, Loss: 1.0712, Train: 0.4000, Val: 0.2040, Test: 0.1990
Epoch: 85, Loss: 1.1183, Train: 0.3667, Val: 0.1920, Test: 0.1940
Epoch: 86, Loss: 1.0821, Train: 0.3667, Val: 0.1920, Test: 0.1920
Epoch: 87, Loss: 1.1373, Train: 0.3500, Val: 0.1980, Test: 0.1890
Epoch: 88, Loss: 1.1222, Train: 0.3333, Val: 0.1980, Test: 0.1810
Epoch: 89, Loss: 1.1133, Train: 0.3333, Val: 0.1980, Test: 0.1810
Epoch: 90, Loss: 1.1212, Train: 0.3333, Val: 0.1980, Test: 0.1810
Epoch: 91, Loss: 1.1076, Train: 0.3333, Val: 0.1960, Test: 0.1800
Epoch: 92, Loss: 1.1180, Train: 0.3333, Val: 0.1960, Test: 0.1800
Epoch: 93, Loss: 1.1260, Train: 0.3333, Val: 0.1960, Test: 0.1800
Epoch: 94, Loss: 1.1107, Train: 0.3500, Val: 0.1980, Test: 0.1800
Epoch: 95, Loss: 1.0861, Train: 0.3167, Val: 0.1840, Test: 0.1750
Epoch: 96, Loss: 1.1121, Train: 0.2833, Val: 0.1740, Test: 0.1660
Epoch: 97, Loss: 1.0901, Train: 0.2667, Val: 0.1840, Test: 0.1730
Epoch: 98, Loss: 1.0925, Train: 0.3000, Val: 0.1920, Test: 0.1780
Epoch: 99, Loss: 1.0963, Train: 0.3333, Val: 0.1960, Test: 0.1800
Epoch: 100, Loss: 1.1001, Train: 0.3333, Val: 0.1960, Test: 0.1800
MAD:  0.0028
Best Test Accuracy: 0.4530, Val Accuracy: 0.4820, Train Accuracy: 0.5000
Training completed.
Seed:  5
PMPGNN(
  (convs): ModuleList(
    (0): ParallelGNNBlock(
      (conv1): GATv2Conv(64, 64, heads=1)
      (conv2): GATv2Conv(64, 64, heads=1)
      (norm): LayerNorm((64,), eps=1e-05, elementwise_affine=True)
    )
    (1-11): 11 x ParallelGNNBlock(
      (conv1): GATv2Conv(128, 64, heads=1)
      (conv2): GATv2Conv(128, 64, heads=1)
      (norm): LayerNorm((64,), eps=1e-05, elementwise_affine=True)
    )
  )
  (norm): LayerNorm((128,), eps=1e-05, elementwise_affine=True)
  (mlp): Sequential(
    (0): Linear(in_features=128, out_features=32, bias=True)
    (1): LeakyReLU(negative_slope=0.01)
    (2): Dropout(p=0.3, inplace=False)
    (3): Linear(in_features=32, out_features=3, bias=True)
  )
  (proj): Linear(in_features=500, out_features=64, bias=True)
)
Epoch: 1, Loss: 1.1701, Train: 0.3333, Val: 0.4120, Test: 0.4110
Epoch: 2, Loss: 1.1209, Train: 0.3333, Val: 0.3840, Test: 0.4050
Epoch: 3, Loss: 1.1367, Train: 0.3333, Val: 0.3880, Test: 0.4130
Epoch: 4, Loss: 1.1108, Train: 0.3333, Val: 0.3880, Test: 0.4130
Epoch: 5, Loss: 1.1062, Train: 0.3333, Val: 0.3880, Test: 0.4130
Epoch: 6, Loss: 1.0809, Train: 0.3333, Val: 0.3880, Test: 0.4130
Epoch: 7, Loss: 1.0958, Train: 0.3333, Val: 0.3880, Test: 0.4130
Epoch: 8, Loss: 1.0910, Train: 0.3333, Val: 0.3880, Test: 0.4130
Epoch: 9, Loss: 1.1314, Train: 0.3333, Val: 0.3880, Test: 0.4130
Epoch: 10, Loss: 1.1038, Train: 0.3333, Val: 0.3880, Test: 0.4130
Epoch: 11, Loss: 1.1144, Train: 0.3333, Val: 0.3880, Test: 0.4130
Epoch: 12, Loss: 1.0854, Train: 0.3333, Val: 0.3880, Test: 0.4130
Epoch: 13, Loss: 1.1159, Train: 0.3333, Val: 0.3880, Test: 0.4130
Epoch: 14, Loss: 1.1506, Train: 0.3333, Val: 0.3880, Test: 0.4130
Epoch: 15, Loss: 1.1269, Train: 0.3333, Val: 0.3880, Test: 0.4130
Epoch: 16, Loss: 1.1032, Train: 0.3333, Val: 0.3880, Test: 0.4130
Epoch: 17, Loss: 1.1107, Train: 0.3333, Val: 0.3880, Test: 0.4130
Epoch: 18, Loss: 1.1162, Train: 0.3333, Val: 0.3880, Test: 0.4130
Epoch: 19, Loss: 1.0915, Train: 0.3333, Val: 0.3880, Test: 0.4130
Epoch: 20, Loss: 1.1168, Train: 0.3333, Val: 0.3880, Test: 0.4130
Epoch: 21, Loss: 1.1135, Train: 0.3333, Val: 0.3880, Test: 0.4130
Epoch: 22, Loss: 1.1150, Train: 0.3333, Val: 0.3880, Test: 0.4130
Epoch: 23, Loss: 1.1133, Train: 0.3333, Val: 0.3880, Test: 0.4130
Epoch: 24, Loss: 1.1114, Train: 0.3333, Val: 0.3880, Test: 0.4130
Epoch: 25, Loss: 1.1215, Train: 0.3333, Val: 0.3880, Test: 0.4130
Epoch: 26, Loss: 1.0751, Train: 0.3333, Val: 0.3880, Test: 0.4130
Epoch: 27, Loss: 1.1033, Train: 0.3333, Val: 0.3880, Test: 0.4130
Epoch: 28, Loss: 1.0909, Train: 0.3333, Val: 0.3880, Test: 0.4130
Epoch: 29, Loss: 1.1310, Train: 0.3333, Val: 0.3880, Test: 0.4130
Epoch: 30, Loss: 1.1278, Train: 0.3333, Val: 0.3880, Test: 0.4130
Epoch: 31, Loss: 1.0909, Train: 0.3333, Val: 0.3880, Test: 0.4130
Epoch: 32, Loss: 1.1269, Train: 0.3333, Val: 0.3880, Test: 0.4130
Epoch: 33, Loss: 1.1165, Train: 0.3333, Val: 0.3880, Test: 0.4130
Epoch: 34, Loss: 1.1095, Train: 0.3333, Val: 0.3880, Test: 0.4130
Epoch: 35, Loss: 1.1317, Train: 0.3333, Val: 0.3880, Test: 0.4130
Epoch: 36, Loss: 1.1075, Train: 0.3333, Val: 0.3880, Test: 0.4130
Epoch: 37, Loss: 1.0923, Train: 0.3333, Val: 0.3880, Test: 0.4130
Epoch: 38, Loss: 1.0972, Train: 0.3333, Val: 0.3880, Test: 0.4130
Epoch: 39, Loss: 1.0898, Train: 0.3333, Val: 0.3880, Test: 0.4130
Epoch: 40, Loss: 1.1070, Train: 0.3333, Val: 0.3880, Test: 0.4130
Epoch: 41, Loss: 1.0870, Train: 0.3333, Val: 0.3880, Test: 0.4130
Epoch: 42, Loss: 1.1134, Train: 0.3333, Val: 0.3880, Test: 0.4130
Epoch: 43, Loss: 1.1157, Train: 0.3333, Val: 0.3880, Test: 0.4130
Epoch: 44, Loss: 1.1011, Train: 0.3333, Val: 0.3880, Test: 0.4130
Epoch: 45, Loss: 1.0947, Train: 0.3333, Val: 0.3880, Test: 0.4130
Epoch: 46, Loss: 1.0829, Train: 0.3333, Val: 0.3880, Test: 0.4130
Epoch: 47, Loss: 1.1213, Train: 0.3333, Val: 0.3880, Test: 0.4130
Epoch: 48, Loss: 1.0875, Train: 0.3333, Val: 0.3880, Test: 0.4130
Epoch: 49, Loss: 1.1228, Train: 0.3333, Val: 0.3880, Test: 0.4130
Epoch: 50, Loss: 1.0992, Train: 0.3333, Val: 0.3880, Test: 0.4130
Epoch: 51, Loss: 1.0954, Train: 0.3333, Val: 0.3880, Test: 0.4130
Epoch: 52, Loss: 1.1189, Train: 0.3333, Val: 0.3880, Test: 0.4130
Epoch: 53, Loss: 1.1043, Train: 0.3333, Val: 0.3880, Test: 0.4130
Epoch: 54, Loss: 1.1047, Train: 0.3333, Val: 0.3880, Test: 0.4130
Epoch: 55, Loss: 1.0955, Train: 0.3333, Val: 0.3880, Test: 0.4130
Epoch: 56, Loss: 1.1108, Train: 0.3333, Val: 0.3880, Test: 0.4130
Epoch: 57, Loss: 1.0985, Train: 0.3333, Val: 0.3880, Test: 0.4130
Epoch: 58, Loss: 1.1008, Train: 0.3333, Val: 0.3880, Test: 0.4130
Epoch: 59, Loss: 1.1066, Train: 0.3333, Val: 0.3880, Test: 0.4130
Epoch: 60, Loss: 1.1010, Train: 0.3333, Val: 0.3880, Test: 0.4130
Epoch: 61, Loss: 1.1185, Train: 0.3333, Val: 0.3880, Test: 0.4130
Epoch: 62, Loss: 1.1073, Train: 0.3333, Val: 0.3880, Test: 0.4130
Epoch: 63, Loss: 1.1153, Train: 0.3333, Val: 0.3880, Test: 0.4130
Epoch: 64, Loss: 1.1259, Train: 0.3333, Val: 0.3880, Test: 0.4130
Epoch: 65, Loss: 1.0942, Train: 0.3333, Val: 0.3880, Test: 0.4130
Epoch: 66, Loss: 1.0972, Train: 0.3333, Val: 0.3880, Test: 0.4130
Epoch: 67, Loss: 1.1162, Train: 0.3333, Val: 0.3880, Test: 0.4130
Epoch: 68, Loss: 1.1189, Train: 0.3333, Val: 0.3880, Test: 0.4130
Epoch: 69, Loss: 1.0990, Train: 0.3333, Val: 0.3880, Test: 0.4130
Epoch: 70, Loss: 1.1011, Train: 0.3333, Val: 0.3880, Test: 0.4130
Epoch: 71, Loss: 1.0998, Train: 0.3333, Val: 0.3880, Test: 0.4130
Epoch: 72, Loss: 1.1125, Train: 0.3333, Val: 0.3880, Test: 0.4130
Epoch: 73, Loss: 1.0963, Train: 0.3333, Val: 0.3880, Test: 0.4130
Epoch: 74, Loss: 1.1142, Train: 0.3333, Val: 0.3880, Test: 0.4130
Epoch: 75, Loss: 1.0953, Train: 0.3333, Val: 0.3880, Test: 0.4130
Epoch: 76, Loss: 1.1029, Train: 0.3333, Val: 0.3880, Test: 0.4130
Epoch: 77, Loss: 1.0986, Train: 0.3333, Val: 0.3880, Test: 0.4130
Epoch: 78, Loss: 1.0800, Train: 0.3333, Val: 0.3880, Test: 0.4130
Epoch: 79, Loss: 1.1148, Train: 0.3333, Val: 0.3880, Test: 0.4130
Epoch: 80, Loss: 1.0837, Train: 0.3333, Val: 0.3880, Test: 0.4130
Epoch: 81, Loss: 1.1074, Train: 0.3333, Val: 0.3880, Test: 0.4130
Epoch: 82, Loss: 1.1018, Train: 0.3333, Val: 0.3880, Test: 0.4130
Epoch: 83, Loss: 1.0925, Train: 0.3333, Val: 0.3880, Test: 0.4130
Epoch: 84, Loss: 1.0794, Train: 0.3333, Val: 0.3880, Test: 0.4130
Epoch: 85, Loss: 1.0957, Train: 0.3333, Val: 0.3880, Test: 0.4130
Epoch: 86, Loss: 1.0938, Train: 0.3333, Val: 0.3880, Test: 0.4130
Epoch: 87, Loss: 1.1110, Train: 0.3333, Val: 0.3880, Test: 0.4130
Epoch: 88, Loss: 1.1027, Train: 0.3333, Val: 0.3880, Test: 0.4130
Epoch: 89, Loss: 1.1051, Train: 0.3333, Val: 0.3880, Test: 0.4130
Epoch: 90, Loss: 1.1108, Train: 0.3333, Val: 0.3880, Test: 0.4130
Epoch: 91, Loss: 1.0925, Train: 0.3333, Val: 0.3880, Test: 0.4130
Epoch: 92, Loss: 1.0891, Train: 0.3333, Val: 0.3880, Test: 0.4130
Epoch: 93, Loss: 1.0901, Train: 0.3333, Val: 0.3880, Test: 0.4130
Epoch: 94, Loss: 1.0922, Train: 0.3333, Val: 0.3880, Test: 0.4130
Epoch: 95, Loss: 1.0940, Train: 0.3333, Val: 0.3880, Test: 0.4130
Epoch: 96, Loss: 1.0918, Train: 0.3333, Val: 0.3880, Test: 0.4130
Epoch: 97, Loss: 1.1098, Train: 0.3333, Val: 0.3880, Test: 0.4130
Epoch: 98, Loss: 1.0949, Train: 0.3333, Val: 0.3880, Test: 0.4130
Epoch: 99, Loss: 1.1095, Train: 0.3333, Val: 0.3880, Test: 0.4130
Epoch: 100, Loss: 1.1152, Train: 0.3333, Val: 0.3880, Test: 0.4130
MAD:  0.0059
Best Test Accuracy: 0.4130, Val Accuracy: 0.3880, Train Accuracy: 0.3333
Training completed.
Seed:  6
PMPGNN(
  (convs): ModuleList(
    (0): ParallelGNNBlock(
      (conv1): GATv2Conv(64, 64, heads=1)
      (conv2): GATv2Conv(64, 64, heads=1)
      (norm): LayerNorm((64,), eps=1e-05, elementwise_affine=True)
    )
    (1-11): 11 x ParallelGNNBlock(
      (conv1): GATv2Conv(128, 64, heads=1)
      (conv2): GATv2Conv(128, 64, heads=1)
      (norm): LayerNorm((64,), eps=1e-05, elementwise_affine=True)
    )
  )
  (norm): LayerNorm((128,), eps=1e-05, elementwise_affine=True)
  (mlp): Sequential(
    (0): Linear(in_features=128, out_features=32, bias=True)
    (1): LeakyReLU(negative_slope=0.01)
    (2): Dropout(p=0.3, inplace=False)
    (3): Linear(in_features=32, out_features=3, bias=True)
  )
  (proj): Linear(in_features=500, out_features=64, bias=True)
)
Epoch: 1, Loss: 1.1492, Train: 0.3000, Val: 0.1880, Test: 0.1710
Epoch: 2, Loss: 1.0902, Train: 0.3167, Val: 0.1960, Test: 0.1810
Epoch: 3, Loss: 1.1220, Train: 0.3167, Val: 0.1940, Test: 0.1800
Epoch: 4, Loss: 1.1361, Train: 0.2833, Val: 0.1780, Test: 0.1710
Epoch: 5, Loss: 1.1185, Train: 0.1167, Val: 0.1220, Test: 0.1260
Epoch: 6, Loss: 1.0960, Train: 0.1167, Val: 0.1140, Test: 0.1340
Epoch: 7, Loss: 1.1058, Train: 0.1667, Val: 0.1480, Test: 0.1560
Epoch: 8, Loss: 1.1409, Train: 0.2667, Val: 0.3140, Test: 0.3220
Epoch: 9, Loss: 1.1513, Train: 0.4500, Val: 0.4300, Test: 0.4580
Epoch: 10, Loss: 1.1719, Train: 0.5833, Val: 0.5020, Test: 0.5190
Epoch: 11, Loss: 1.1294, Train: 0.5333, Val: 0.5160, Test: 0.5500
Epoch: 12, Loss: 1.1453, Train: 0.5667, Val: 0.5120, Test: 0.5120
Epoch: 13, Loss: 1.1083, Train: 0.5000, Val: 0.4440, Test: 0.4350
Epoch: 14, Loss: 1.0938, Train: 0.3500, Val: 0.2300, Test: 0.2340
Epoch: 15, Loss: 1.1019, Train: 0.3333, Val: 0.1980, Test: 0.1800
Epoch: 16, Loss: 1.1100, Train: 0.3333, Val: 0.1960, Test: 0.1800
Epoch: 17, Loss: 1.1264, Train: 0.3333, Val: 0.1960, Test: 0.1800
Epoch: 18, Loss: 1.1035, Train: 0.3333, Val: 0.1960, Test: 0.1800
Epoch: 19, Loss: 1.1197, Train: 0.3333, Val: 0.1960, Test: 0.1800
Epoch: 20, Loss: 1.0813, Train: 0.3333, Val: 0.1960, Test: 0.1800
Epoch: 21, Loss: 1.0964, Train: 0.3333, Val: 0.1960, Test: 0.1800
Epoch: 22, Loss: 1.1282, Train: 0.3333, Val: 0.1960, Test: 0.1800
Epoch: 23, Loss: 1.0698, Train: 0.3333, Val: 0.1960, Test: 0.1800
Epoch: 24, Loss: 1.0757, Train: 0.3333, Val: 0.1960, Test: 0.1800
Epoch: 25, Loss: 1.1119, Train: 0.3333, Val: 0.1960, Test: 0.1800
Epoch: 26, Loss: 1.1158, Train: 0.3333, Val: 0.1960, Test: 0.1800
Epoch: 27, Loss: 1.1403, Train: 0.3333, Val: 0.1960, Test: 0.1800
Epoch: 28, Loss: 1.1224, Train: 0.3333, Val: 0.1960, Test: 0.1800
Epoch: 29, Loss: 1.0609, Train: 0.3333, Val: 0.1960, Test: 0.1800
Epoch: 30, Loss: 1.1239, Train: 0.3333, Val: 0.1960, Test: 0.1800
Epoch: 31, Loss: 1.1084, Train: 0.3333, Val: 0.1960, Test: 0.1800
Epoch: 32, Loss: 1.1123, Train: 0.3333, Val: 0.1960, Test: 0.1800
Epoch: 33, Loss: 1.0904, Train: 0.3333, Val: 0.1960, Test: 0.1800
Epoch: 34, Loss: 1.1199, Train: 0.3333, Val: 0.1960, Test: 0.1800
Epoch: 35, Loss: 1.0536, Train: 0.3333, Val: 0.1960, Test: 0.1800
Epoch: 36, Loss: 1.1022, Train: 0.3333, Val: 0.1960, Test: 0.1800
Epoch: 37, Loss: 1.1069, Train: 0.3333, Val: 0.1960, Test: 0.1800
Epoch: 38, Loss: 1.1247, Train: 0.3333, Val: 0.1960, Test: 0.1800
Epoch: 39, Loss: 1.0931, Train: 0.3333, Val: 0.1960, Test: 0.1800
Epoch: 40, Loss: 1.1052, Train: 0.3333, Val: 0.1960, Test: 0.1800
Epoch: 41, Loss: 1.1032, Train: 0.3333, Val: 0.1960, Test: 0.1800
Epoch: 42, Loss: 1.1194, Train: 0.3333, Val: 0.1960, Test: 0.1800
Epoch: 43, Loss: 1.0931, Train: 0.3333, Val: 0.1960, Test: 0.1800
Epoch: 44, Loss: 1.1002, Train: 0.3333, Val: 0.1960, Test: 0.1800
Epoch: 45, Loss: 1.0910, Train: 0.3333, Val: 0.1960, Test: 0.1800
Epoch: 46, Loss: 1.1027, Train: 0.3333, Val: 0.1960, Test: 0.1800
Epoch: 47, Loss: 1.0834, Train: 0.3333, Val: 0.1960, Test: 0.1800
Epoch: 48, Loss: 1.0974, Train: 0.3333, Val: 0.1960, Test: 0.1800
Epoch: 49, Loss: 1.1219, Train: 0.3333, Val: 0.1960, Test: 0.1800
Epoch: 50, Loss: 1.0808, Train: 0.3333, Val: 0.1960, Test: 0.1800
Epoch: 51, Loss: 1.1321, Train: 0.3333, Val: 0.1960, Test: 0.1800
Epoch: 52, Loss: 1.0998, Train: 0.3333, Val: 0.1960, Test: 0.1800
Epoch: 53, Loss: 1.0831, Train: 0.3333, Val: 0.2100, Test: 0.1840
Epoch: 54, Loss: 1.0904, Train: 0.4000, Val: 0.2620, Test: 0.2480
Epoch: 55, Loss: 1.1022, Train: 0.4833, Val: 0.3000, Test: 0.2820
Epoch: 56, Loss: 1.1227, Train: 0.4833, Val: 0.3080, Test: 0.2890
Epoch: 57, Loss: 1.1305, Train: 0.4833, Val: 0.3180, Test: 0.3020
Epoch: 58, Loss: 1.1111, Train: 0.4833, Val: 0.3100, Test: 0.3190
Epoch: 59, Loss: 1.1106, Train: 0.6167, Val: 0.4820, Test: 0.4830
Epoch: 60, Loss: 1.0953, Train: 0.4667, Val: 0.4760, Test: 0.4790
Epoch: 61, Loss: 1.1085, Train: 0.4167, Val: 0.4000, Test: 0.4270
Epoch: 62, Loss: 1.0987, Train: 0.3833, Val: 0.3920, Test: 0.4160
Epoch: 63, Loss: 1.0905, Train: 0.3333, Val: 0.3880, Test: 0.4130
Epoch: 64, Loss: 1.1107, Train: 0.3333, Val: 0.3880, Test: 0.4130
Epoch: 65, Loss: 1.1168, Train: 0.3333, Val: 0.3880, Test: 0.4130
Epoch: 66, Loss: 1.0769, Train: 0.3333, Val: 0.3880, Test: 0.4130
Epoch: 67, Loss: 1.1126, Train: 0.3333, Val: 0.3880, Test: 0.4130
Epoch: 68, Loss: 1.1068, Train: 0.3333, Val: 0.3880, Test: 0.4130
Epoch: 69, Loss: 1.1379, Train: 0.3333, Val: 0.3880, Test: 0.4130
Epoch: 70, Loss: 1.0863, Train: 0.3333, Val: 0.3880, Test: 0.4130
Epoch: 71, Loss: 1.0880, Train: 0.3333, Val: 0.3880, Test: 0.4130
Epoch: 72, Loss: 1.1012, Train: 0.3333, Val: 0.3880, Test: 0.4130
Epoch: 73, Loss: 1.1035, Train: 0.3333, Val: 0.3880, Test: 0.4130
Epoch: 74, Loss: 1.0919, Train: 0.3333, Val: 0.3880, Test: 0.4130
Epoch: 75, Loss: 1.0681, Train: 0.3333, Val: 0.3880, Test: 0.4130
Epoch: 76, Loss: 1.0740, Train: 0.3333, Val: 0.3880, Test: 0.4130
Epoch: 77, Loss: 1.1034, Train: 0.3333, Val: 0.3880, Test: 0.4130
Epoch: 78, Loss: 1.0956, Train: 0.3333, Val: 0.3880, Test: 0.4130
Epoch: 79, Loss: 1.1023, Train: 0.3667, Val: 0.4060, Test: 0.4370
Epoch: 80, Loss: 1.0713, Train: 0.4333, Val: 0.4640, Test: 0.4950
Epoch: 81, Loss: 1.1075, Train: 0.4333, Val: 0.4680, Test: 0.4990
Epoch: 82, Loss: 1.1080, Train: 0.4667, Val: 0.4800, Test: 0.5110
Epoch: 83, Loss: 1.1209, Train: 0.4333, Val: 0.4500, Test: 0.4850
Epoch: 84, Loss: 1.1006, Train: 0.4000, Val: 0.4320, Test: 0.4630
Epoch: 85, Loss: 1.0767, Train: 0.3500, Val: 0.3980, Test: 0.4310
Epoch: 86, Loss: 1.1109, Train: 0.3333, Val: 0.3880, Test: 0.4130
Epoch: 87, Loss: 1.0811, Train: 0.3333, Val: 0.3880, Test: 0.4130
Epoch: 88, Loss: 1.0857, Train: 0.3333, Val: 0.3880, Test: 0.4130
Epoch: 89, Loss: 1.1038, Train: 0.3333, Val: 0.3880, Test: 0.4130
Epoch: 90, Loss: 1.0845, Train: 0.3333, Val: 0.3880, Test: 0.4130
Epoch: 91, Loss: 1.1293, Train: 0.3500, Val: 0.3880, Test: 0.4140
Epoch: 92, Loss: 1.0789, Train: 0.4167, Val: 0.3900, Test: 0.4180
Epoch: 93, Loss: 1.0983, Train: 0.4333, Val: 0.3960, Test: 0.4270
Epoch: 94, Loss: 1.0932, Train: 0.4500, Val: 0.4080, Test: 0.4350
Epoch: 95, Loss: 1.0939, Train: 0.4333, Val: 0.4220, Test: 0.4430
Epoch: 96, Loss: 1.0893, Train: 0.4667, Val: 0.4520, Test: 0.4590
Epoch: 97, Loss: 1.0914, Train: 0.5500, Val: 0.4780, Test: 0.4850
Epoch: 98, Loss: 1.1181, Train: 0.5500, Val: 0.4780, Test: 0.4860
Epoch: 99, Loss: 1.0909, Train: 0.5833, Val: 0.4880, Test: 0.5000
Epoch: 100, Loss: 1.0928, Train: 0.5833, Val: 0.4880, Test: 0.4990
MAD:  0.0136
Best Test Accuracy: 0.5500, Val Accuracy: 0.5160, Train Accuracy: 0.5333
Training completed.
Seed:  7
PMPGNN(
  (convs): ModuleList(
    (0): ParallelGNNBlock(
      (conv1): GATv2Conv(64, 64, heads=1)
      (conv2): GATv2Conv(64, 64, heads=1)
      (norm): LayerNorm((64,), eps=1e-05, elementwise_affine=True)
    )
    (1-11): 11 x ParallelGNNBlock(
      (conv1): GATv2Conv(128, 64, heads=1)
      (conv2): GATv2Conv(128, 64, heads=1)
      (norm): LayerNorm((64,), eps=1e-05, elementwise_affine=True)
    )
  )
  (norm): LayerNorm((128,), eps=1e-05, elementwise_affine=True)
  (mlp): Sequential(
    (0): Linear(in_features=128, out_features=32, bias=True)
    (1): LeakyReLU(negative_slope=0.01)
    (2): Dropout(p=0.3, inplace=False)
    (3): Linear(in_features=32, out_features=3, bias=True)
  )
  (proj): Linear(in_features=500, out_features=64, bias=True)
)
Epoch: 1, Loss: 1.1305, Train: 0.3333, Val: 0.4160, Test: 0.4070
Epoch: 2, Loss: 1.1252, Train: 0.3333, Val: 0.4160, Test: 0.4070
Epoch: 3, Loss: 1.0952, Train: 0.3333, Val: 0.4160, Test: 0.4070
Epoch: 4, Loss: 1.1164, Train: 0.3333, Val: 0.4160, Test: 0.4070
Epoch: 5, Loss: 1.1044, Train: 0.3333, Val: 0.4160, Test: 0.4070
Epoch: 6, Loss: 1.1266, Train: 0.3500, Val: 0.4060, Test: 0.4130
Epoch: 7, Loss: 1.0942, Train: 0.3333, Val: 0.3880, Test: 0.4120
Epoch: 8, Loss: 1.1430, Train: 0.3333, Val: 0.3880, Test: 0.4130
Epoch: 9, Loss: 1.1303, Train: 0.3333, Val: 0.3880, Test: 0.4130
Epoch: 10, Loss: 1.1043, Train: 0.3333, Val: 0.3880, Test: 0.4130
Epoch: 11, Loss: 1.1242, Train: 0.3333, Val: 0.3880, Test: 0.4130
Epoch: 12, Loss: 1.1072, Train: 0.3333, Val: 0.3880, Test: 0.4130
Epoch: 13, Loss: 1.1275, Train: 0.3333, Val: 0.3880, Test: 0.4130
Epoch: 14, Loss: 1.1473, Train: 0.3333, Val: 0.3880, Test: 0.4130
Epoch: 15, Loss: 1.0978, Train: 0.3500, Val: 0.3880, Test: 0.4180
Epoch: 16, Loss: 1.1016, Train: 0.3500, Val: 0.3900, Test: 0.4180
Epoch: 17, Loss: 1.0955, Train: 0.3500, Val: 0.3900, Test: 0.4230
Epoch: 18, Loss: 1.0673, Train: 0.3500, Val: 0.3880, Test: 0.4150
Epoch: 19, Loss: 1.0801, Train: 0.3333, Val: 0.3880, Test: 0.4130
Epoch: 20, Loss: 1.1014, Train: 0.3333, Val: 0.3880, Test: 0.4130
Epoch: 21, Loss: 1.1230, Train: 0.3333, Val: 0.3880, Test: 0.4130
Epoch: 22, Loss: 1.1299, Train: 0.3333, Val: 0.3880, Test: 0.4130
Epoch: 23, Loss: 1.0660, Train: 0.3333, Val: 0.3880, Test: 0.4130
Epoch: 24, Loss: 1.0965, Train: 0.3333, Val: 0.3880, Test: 0.4130
Epoch: 25, Loss: 1.1044, Train: 0.3333, Val: 0.3880, Test: 0.4130
Epoch: 26, Loss: 1.1055, Train: 0.3333, Val: 0.3880, Test: 0.4130
Epoch: 27, Loss: 1.0976, Train: 0.3333, Val: 0.3880, Test: 0.4130
Epoch: 28, Loss: 1.1018, Train: 0.3333, Val: 0.3880, Test: 0.4130
Epoch: 29, Loss: 1.0691, Train: 0.3333, Val: 0.3880, Test: 0.4130
Epoch: 30, Loss: 1.0959, Train: 0.3333, Val: 0.3880, Test: 0.4130
Epoch: 31, Loss: 1.1489, Train: 0.3333, Val: 0.3880, Test: 0.4130
Epoch: 32, Loss: 1.0855, Train: 0.3333, Val: 0.3880, Test: 0.4130
Epoch: 33, Loss: 1.0953, Train: 0.3333, Val: 0.3880, Test: 0.4130
Epoch: 34, Loss: 1.0972, Train: 0.3333, Val: 0.3880, Test: 0.4130
Epoch: 35, Loss: 1.1138, Train: 0.3333, Val: 0.3880, Test: 0.4130
Epoch: 36, Loss: 1.0794, Train: 0.3333, Val: 0.3880, Test: 0.4130
Epoch: 37, Loss: 1.0913, Train: 0.3333, Val: 0.3880, Test: 0.4130
Epoch: 38, Loss: 1.0767, Train: 0.3333, Val: 0.3880, Test: 0.4130
Epoch: 39, Loss: 1.1127, Train: 0.3333, Val: 0.3880, Test: 0.4130
Epoch: 40, Loss: 1.0783, Train: 0.3333, Val: 0.3880, Test: 0.4130
Epoch: 41, Loss: 1.1453, Train: 0.3333, Val: 0.3880, Test: 0.4130
Epoch: 42, Loss: 1.1113, Train: 0.3333, Val: 0.3880, Test: 0.4130
Epoch: 43, Loss: 1.0886, Train: 0.3333, Val: 0.3880, Test: 0.4130
Epoch: 44, Loss: 1.0856, Train: 0.3333, Val: 0.3880, Test: 0.4130
Epoch: 45, Loss: 1.0875, Train: 0.3333, Val: 0.3880, Test: 0.4130
Epoch: 46, Loss: 1.1247, Train: 0.3333, Val: 0.3920, Test: 0.4170
Epoch: 47, Loss: 1.0927, Train: 0.4000, Val: 0.3920, Test: 0.4170
Epoch: 48, Loss: 1.1237, Train: 0.3500, Val: 0.1980, Test: 0.1850
Epoch: 49, Loss: 1.1279, Train: 0.3333, Val: 0.1960, Test: 0.1800
Epoch: 50, Loss: 1.1186, Train: 0.3333, Val: 0.1960, Test: 0.1800
Epoch: 51, Loss: 1.1406, Train: 0.3333, Val: 0.1960, Test: 0.1800
Epoch: 52, Loss: 1.1045, Train: 0.3333, Val: 0.1960, Test: 0.1800
Epoch: 53, Loss: 1.1301, Train: 0.3333, Val: 0.1960, Test: 0.1800
Epoch: 54, Loss: 1.1215, Train: 0.3333, Val: 0.1960, Test: 0.1800
Epoch: 55, Loss: 1.1143, Train: 0.3333, Val: 0.1960, Test: 0.1800
Epoch: 56, Loss: 1.1018, Train: 0.3333, Val: 0.1960, Test: 0.1800
Epoch: 57, Loss: 1.1009, Train: 0.3333, Val: 0.1960, Test: 0.1800
Epoch: 58, Loss: 1.0826, Train: 0.3333, Val: 0.1960, Test: 0.1800
Epoch: 59, Loss: 1.1028, Train: 0.3333, Val: 0.1960, Test: 0.1800
Epoch: 60, Loss: 1.1172, Train: 0.3333, Val: 0.1960, Test: 0.1800
Epoch: 61, Loss: 1.0568, Train: 0.3333, Val: 0.1960, Test: 0.1800
Epoch: 62, Loss: 1.1037, Train: 0.3333, Val: 0.1960, Test: 0.1800
Epoch: 63, Loss: 1.1004, Train: 0.3333, Val: 0.1960, Test: 0.1800
Epoch: 64, Loss: 1.0699, Train: 0.3333, Val: 0.1960, Test: 0.1800
Epoch: 65, Loss: 1.1006, Train: 0.3333, Val: 0.1960, Test: 0.1800
Epoch: 66, Loss: 1.1279, Train: 0.3667, Val: 0.1980, Test: 0.1820
Epoch: 67, Loss: 1.0990, Train: 0.4167, Val: 0.2200, Test: 0.1970
Epoch: 68, Loss: 1.0953, Train: 0.5667, Val: 0.4220, Test: 0.4050
Epoch: 69, Loss: 1.1336, Train: 0.5667, Val: 0.5020, Test: 0.4990
Epoch: 70, Loss: 1.1208, Train: 0.5667, Val: 0.5020, Test: 0.5100
Epoch: 71, Loss: 1.0839, Train: 0.4833, Val: 0.5000, Test: 0.5030
Epoch: 72, Loss: 1.0920, Train: 0.3333, Val: 0.4240, Test: 0.4130
Epoch: 73, Loss: 1.1025, Train: 0.3333, Val: 0.4180, Test: 0.4100
Epoch: 74, Loss: 1.1050, Train: 0.3833, Val: 0.4200, Test: 0.4190
Epoch: 75, Loss: 1.0919, Train: 0.3833, Val: 0.4140, Test: 0.4200
Epoch: 76, Loss: 1.0808, Train: 0.3833, Val: 0.4280, Test: 0.4460
Epoch: 77, Loss: 1.0880, Train: 0.4500, Val: 0.4400, Test: 0.4800
Epoch: 78, Loss: 1.1114, Train: 0.4833, Val: 0.4640, Test: 0.5100
Epoch: 79, Loss: 1.0970, Train: 0.4667, Val: 0.4520, Test: 0.4970
Epoch: 80, Loss: 1.0934, Train: 0.5167, Val: 0.4960, Test: 0.5430
Epoch: 81, Loss: 1.1123, Train: 0.5500, Val: 0.5340, Test: 0.5760
Epoch: 82, Loss: 1.0985, Train: 0.6167, Val: 0.5820, Test: 0.5920
Epoch: 83, Loss: 1.0871, Train: 0.5833, Val: 0.5760, Test: 0.5880
Epoch: 84, Loss: 1.1020, Train: 0.6000, Val: 0.5580, Test: 0.5860
Epoch: 85, Loss: 1.1124, Train: 0.6000, Val: 0.5820, Test: 0.5990
Epoch: 86, Loss: 1.1306, Train: 0.7500, Val: 0.6620, Test: 0.6340
Epoch: 87, Loss: 1.1376, Train: 0.4667, Val: 0.3100, Test: 0.2950
Epoch: 88, Loss: 1.1026, Train: 0.3500, Val: 0.2000, Test: 0.1810
Epoch: 89, Loss: 1.1186, Train: 0.3333, Val: 0.1960, Test: 0.1800
Epoch: 90, Loss: 1.1180, Train: 0.3333, Val: 0.1960, Test: 0.1800
Epoch: 91, Loss: 1.0996, Train: 0.3333, Val: 0.1960, Test: 0.1800
Epoch: 92, Loss: 1.0822, Train: 0.3333, Val: 0.1960, Test: 0.1800
Epoch: 93, Loss: 1.1242, Train: 0.3333, Val: 0.1960, Test: 0.1800
Epoch: 94, Loss: 1.0989, Train: 0.3333, Val: 0.1960, Test: 0.1800
Epoch: 95, Loss: 1.0994, Train: 0.3333, Val: 0.1960, Test: 0.1800
Epoch: 96, Loss: 1.0892, Train: 0.3333, Val: 0.1980, Test: 0.1830
Epoch: 97, Loss: 1.0898, Train: 0.3833, Val: 0.2200, Test: 0.2150
Epoch: 98, Loss: 1.0914, Train: 0.4333, Val: 0.2660, Test: 0.2590
Epoch: 99, Loss: 1.0906, Train: 0.4333, Val: 0.2780, Test: 0.2760
Epoch: 100, Loss: 1.1246, Train: 0.4167, Val: 0.2660, Test: 0.2670
MAD:  0.0026
Best Test Accuracy: 0.6340, Val Accuracy: 0.6620, Train Accuracy: 0.7500
Training completed.
Seed:  8
PMPGNN(
  (convs): ModuleList(
    (0): ParallelGNNBlock(
      (conv1): GATv2Conv(64, 64, heads=1)
      (conv2): GATv2Conv(64, 64, heads=1)
      (norm): LayerNorm((64,), eps=1e-05, elementwise_affine=True)
    )
    (1-11): 11 x ParallelGNNBlock(
      (conv1): GATv2Conv(128, 64, heads=1)
      (conv2): GATv2Conv(128, 64, heads=1)
      (norm): LayerNorm((64,), eps=1e-05, elementwise_affine=True)
    )
  )
  (norm): LayerNorm((128,), eps=1e-05, elementwise_affine=True)
  (mlp): Sequential(
    (0): Linear(in_features=128, out_features=32, bias=True)
    (1): LeakyReLU(negative_slope=0.01)
    (2): Dropout(p=0.3, inplace=False)
    (3): Linear(in_features=32, out_features=3, bias=True)
  )
  (proj): Linear(in_features=500, out_features=64, bias=True)
)
Epoch: 1, Loss: 1.1636, Train: 0.3333, Val: 0.3880, Test: 0.4130
Epoch: 2, Loss: 1.1581, Train: 0.3333, Val: 0.3880, Test: 0.4130
Epoch: 3, Loss: 1.1167, Train: 0.3333, Val: 0.3880, Test: 0.4130
Epoch: 4, Loss: 1.0996, Train: 0.3333, Val: 0.3880, Test: 0.4130
Epoch: 5, Loss: 1.1626, Train: 0.3333, Val: 0.3880, Test: 0.4130
Epoch: 6, Loss: 1.1564, Train: 0.3333, Val: 0.3880, Test: 0.4130
Epoch: 7, Loss: 1.1245, Train: 0.3333, Val: 0.3880, Test: 0.4130
Epoch: 8, Loss: 1.0833, Train: 0.3333, Val: 0.3880, Test: 0.4130
Epoch: 9, Loss: 1.1363, Train: 0.3333, Val: 0.3880, Test: 0.4130
Epoch: 10, Loss: 1.0996, Train: 0.3333, Val: 0.3880, Test: 0.4130
Epoch: 11, Loss: 1.1282, Train: 0.3333, Val: 0.3880, Test: 0.4130
Epoch: 12, Loss: 1.1316, Train: 0.3333, Val: 0.3880, Test: 0.4130
Epoch: 13, Loss: 1.1232, Train: 0.3333, Val: 0.3880, Test: 0.4130
Epoch: 14, Loss: 1.1009, Train: 0.3333, Val: 0.3880, Test: 0.4130
Epoch: 15, Loss: 1.0921, Train: 0.3333, Val: 0.3880, Test: 0.4130
Epoch: 16, Loss: 1.0802, Train: 0.3333, Val: 0.3880, Test: 0.4130
Epoch: 17, Loss: 1.0759, Train: 0.3333, Val: 0.3880, Test: 0.4130
Epoch: 18, Loss: 1.1172, Train: 0.3333, Val: 0.3880, Test: 0.4130
Epoch: 19, Loss: 1.0849, Train: 0.3333, Val: 0.3880, Test: 0.4130
Epoch: 20, Loss: 1.0992, Train: 0.3333, Val: 0.3880, Test: 0.4130
Epoch: 21, Loss: 1.0772, Train: 0.3333, Val: 0.3880, Test: 0.4130
Epoch: 22, Loss: 1.0555, Train: 0.3333, Val: 0.3880, Test: 0.4130
Epoch: 23, Loss: 1.1215, Train: 0.3333, Val: 0.3880, Test: 0.4130
Epoch: 24, Loss: 1.1182, Train: 0.3333, Val: 0.3880, Test: 0.4130
Epoch: 25, Loss: 1.1031, Train: 0.3333, Val: 0.3880, Test: 0.4130
Epoch: 26, Loss: 1.1063, Train: 0.3333, Val: 0.3880, Test: 0.4130
Epoch: 27, Loss: 1.1143, Train: 0.3333, Val: 0.3880, Test: 0.4130
Epoch: 28, Loss: 1.0999, Train: 0.3333, Val: 0.3880, Test: 0.4130
Epoch: 29, Loss: 1.1330, Train: 0.3333, Val: 0.3880, Test: 0.4130
Epoch: 30, Loss: 1.0922, Train: 0.3333, Val: 0.3880, Test: 0.4130
Epoch: 31, Loss: 1.1191, Train: 0.3333, Val: 0.3880, Test: 0.4130
Epoch: 32, Loss: 1.1154, Train: 0.3333, Val: 0.3880, Test: 0.4130
Epoch: 33, Loss: 1.1055, Train: 0.3333, Val: 0.3880, Test: 0.4130
Epoch: 34, Loss: 1.0873, Train: 0.3333, Val: 0.3880, Test: 0.4130
Epoch: 35, Loss: 1.1241, Train: 0.3333, Val: 0.3880, Test: 0.4130
Epoch: 36, Loss: 1.1262, Train: 0.3333, Val: 0.3880, Test: 0.4130
Epoch: 37, Loss: 1.1267, Train: 0.3333, Val: 0.3880, Test: 0.4130
Epoch: 38, Loss: 1.1178, Train: 0.3333, Val: 0.3880, Test: 0.4130
Epoch: 39, Loss: 1.1304, Train: 0.3333, Val: 0.3880, Test: 0.4130
Epoch: 40, Loss: 1.1438, Train: 0.3333, Val: 0.3880, Test: 0.4130
Epoch: 41, Loss: 1.1060, Train: 0.3333, Val: 0.3880, Test: 0.4130
Epoch: 42, Loss: 1.1073, Train: 0.3333, Val: 0.3880, Test: 0.4130
Epoch: 43, Loss: 1.1152, Train: 0.3333, Val: 0.3880, Test: 0.4130
Epoch: 44, Loss: 1.0894, Train: 0.3333, Val: 0.3880, Test: 0.4130
Epoch: 45, Loss: 1.1100, Train: 0.3333, Val: 0.3880, Test: 0.4130
Epoch: 46, Loss: 1.1062, Train: 0.3333, Val: 0.3880, Test: 0.4130
Epoch: 47, Loss: 1.0873, Train: 0.3333, Val: 0.3880, Test: 0.4130
Epoch: 48, Loss: 1.0836, Train: 0.3333, Val: 0.3880, Test: 0.4130
Epoch: 49, Loss: 1.0647, Train: 0.3333, Val: 0.3880, Test: 0.4130
Epoch: 50, Loss: 1.0838, Train: 0.3333, Val: 0.3880, Test: 0.4130
Epoch: 51, Loss: 1.1130, Train: 0.3333, Val: 0.3880, Test: 0.4130
Epoch: 52, Loss: 1.0949, Train: 0.3333, Val: 0.3880, Test: 0.4130
Epoch: 53, Loss: 1.0953, Train: 0.3333, Val: 0.3880, Test: 0.4130
Epoch: 54, Loss: 1.0982, Train: 0.3333, Val: 0.3880, Test: 0.4130
Epoch: 55, Loss: 1.0709, Train: 0.3333, Val: 0.3880, Test: 0.4130
Epoch: 56, Loss: 1.1031, Train: 0.3333, Val: 0.3880, Test: 0.4130
Epoch: 57, Loss: 1.0808, Train: 0.3333, Val: 0.3880, Test: 0.4130
Epoch: 58, Loss: 1.1589, Train: 0.3333, Val: 0.3880, Test: 0.4130
Epoch: 59, Loss: 1.1090, Train: 0.3333, Val: 0.3880, Test: 0.4130
Epoch: 60, Loss: 1.0806, Train: 0.3333, Val: 0.3880, Test: 0.4130
Epoch: 61, Loss: 1.0837, Train: 0.3333, Val: 0.3880, Test: 0.4130
Epoch: 62, Loss: 1.0898, Train: 0.3333, Val: 0.3880, Test: 0.4130
Epoch: 63, Loss: 1.0995, Train: 0.3333, Val: 0.3880, Test: 0.4130
Epoch: 64, Loss: 1.0903, Train: 0.3333, Val: 0.3880, Test: 0.4130
Epoch: 65, Loss: 1.1198, Train: 0.3333, Val: 0.3880, Test: 0.4130
Epoch: 66, Loss: 1.0987, Train: 0.3333, Val: 0.3880, Test: 0.4130
Epoch: 67, Loss: 1.1074, Train: 0.3333, Val: 0.3880, Test: 0.4130
Epoch: 68, Loss: 1.0938, Train: 0.3333, Val: 0.3880, Test: 0.4130
Epoch: 69, Loss: 1.1160, Train: 0.3333, Val: 0.3880, Test: 0.4130
Epoch: 70, Loss: 1.0864, Train: 0.3333, Val: 0.3880, Test: 0.4130
Epoch: 71, Loss: 1.1017, Train: 0.3333, Val: 0.3880, Test: 0.4130
Epoch: 72, Loss: 1.1318, Train: 0.3333, Val: 0.3880, Test: 0.4130
Epoch: 73, Loss: 1.1007, Train: 0.3333, Val: 0.3880, Test: 0.4130
Epoch: 74, Loss: 1.1224, Train: 0.3333, Val: 0.3880, Test: 0.4130
Epoch: 75, Loss: 1.0847, Train: 0.3333, Val: 0.3880, Test: 0.4130
Epoch: 76, Loss: 1.0945, Train: 0.3333, Val: 0.3880, Test: 0.4130
Epoch: 77, Loss: 1.0857, Train: 0.3333, Val: 0.3880, Test: 0.4130
Epoch: 78, Loss: 1.1085, Train: 0.3333, Val: 0.3880, Test: 0.4130
Epoch: 79, Loss: 1.0803, Train: 0.3333, Val: 0.3880, Test: 0.4130
Epoch: 80, Loss: 1.1086, Train: 0.3333, Val: 0.3880, Test: 0.4130
Epoch: 81, Loss: 1.0946, Train: 0.3333, Val: 0.3880, Test: 0.4130
Epoch: 82, Loss: 1.1108, Train: 0.3333, Val: 0.3880, Test: 0.4130
Epoch: 83, Loss: 1.1110, Train: 0.3333, Val: 0.3880, Test: 0.4130
Epoch: 84, Loss: 1.1135, Train: 0.3333, Val: 0.3880, Test: 0.4130
Epoch: 85, Loss: 1.1175, Train: 0.3333, Val: 0.3880, Test: 0.4130
Epoch: 86, Loss: 1.0844, Train: 0.3333, Val: 0.3880, Test: 0.4130
Epoch: 87, Loss: 1.0856, Train: 0.3333, Val: 0.3880, Test: 0.4130
Epoch: 88, Loss: 1.0964, Train: 0.3333, Val: 0.3880, Test: 0.4130
Epoch: 89, Loss: 1.1166, Train: 0.3333, Val: 0.3880, Test: 0.4130
Epoch: 90, Loss: 1.0919, Train: 0.3333, Val: 0.3880, Test: 0.4130
Epoch: 91, Loss: 1.0973, Train: 0.3333, Val: 0.3880, Test: 0.4130
Epoch: 92, Loss: 1.1107, Train: 0.3333, Val: 0.3880, Test: 0.4130
Epoch: 93, Loss: 1.0989, Train: 0.3333, Val: 0.3880, Test: 0.4130
Epoch: 94, Loss: 1.1035, Train: 0.3333, Val: 0.3880, Test: 0.4130
Epoch: 95, Loss: 1.1085, Train: 0.3333, Val: 0.3880, Test: 0.4130
Epoch: 96, Loss: 1.0963, Train: 0.3333, Val: 0.3880, Test: 0.4130
Epoch: 97, Loss: 1.1029, Train: 0.3333, Val: 0.3880, Test: 0.4130
Epoch: 98, Loss: 1.0928, Train: 0.3333, Val: 0.3880, Test: 0.4130
Epoch: 99, Loss: 1.1191, Train: 0.3333, Val: 0.3880, Test: 0.4130
Epoch: 100, Loss: 1.1020, Train: 0.3333, Val: 0.3880, Test: 0.4130
MAD:  0.0055
Best Test Accuracy: 0.4130, Val Accuracy: 0.3880, Train Accuracy: 0.3333
Training completed.
Seed:  9
PMPGNN(
  (convs): ModuleList(
    (0): ParallelGNNBlock(
      (conv1): GATv2Conv(64, 64, heads=1)
      (conv2): GATv2Conv(64, 64, heads=1)
      (norm): LayerNorm((64,), eps=1e-05, elementwise_affine=True)
    )
    (1-11): 11 x ParallelGNNBlock(
      (conv1): GATv2Conv(128, 64, heads=1)
      (conv2): GATv2Conv(128, 64, heads=1)
      (norm): LayerNorm((64,), eps=1e-05, elementwise_affine=True)
    )
  )
  (norm): LayerNorm((128,), eps=1e-05, elementwise_affine=True)
  (mlp): Sequential(
    (0): Linear(in_features=128, out_features=32, bias=True)
    (1): LeakyReLU(negative_slope=0.01)
    (2): Dropout(p=0.3, inplace=False)
    (3): Linear(in_features=32, out_features=3, bias=True)
  )
  (proj): Linear(in_features=500, out_features=64, bias=True)
)
Epoch: 1, Loss: 1.1865, Train: 0.3333, Val: 0.3880, Test: 0.4130
Epoch: 2, Loss: 1.1404, Train: 0.3333, Val: 0.3880, Test: 0.4130
Epoch: 3, Loss: 1.1615, Train: 0.3333, Val: 0.3880, Test: 0.4130
Epoch: 4, Loss: 1.1310, Train: 0.3333, Val: 0.3880, Test: 0.4130
Epoch: 5, Loss: 1.0884, Train: 0.3167, Val: 0.3880, Test: 0.4130
Epoch: 6, Loss: 1.1356, Train: 0.3333, Val: 0.3980, Test: 0.4200
Epoch: 7, Loss: 1.1757, Train: 0.4167, Val: 0.3700, Test: 0.3520
Epoch: 8, Loss: 1.0949, Train: 0.3333, Val: 0.2200, Test: 0.2130
Epoch: 9, Loss: 1.1176, Train: 0.3333, Val: 0.2000, Test: 0.1830
Epoch: 10, Loss: 1.0973, Train: 0.3333, Val: 0.2160, Test: 0.2020
Epoch: 11, Loss: 1.1971, Train: 0.3167, Val: 0.3780, Test: 0.3370
Epoch: 12, Loss: 1.1036, Train: 0.3500, Val: 0.4200, Test: 0.4070
Epoch: 13, Loss: 1.0904, Train: 0.3333, Val: 0.4160, Test: 0.4070
Epoch: 14, Loss: 1.0836, Train: 0.3333, Val: 0.4160, Test: 0.4070
Epoch: 15, Loss: 1.1310, Train: 0.3333, Val: 0.4160, Test: 0.4070
Epoch: 16, Loss: 1.1137, Train: 0.3333, Val: 0.4160, Test: 0.4070
Epoch: 17, Loss: 1.1342, Train: 0.3333, Val: 0.4160, Test: 0.4070
Epoch: 18, Loss: 1.1094, Train: 0.3333, Val: 0.4160, Test: 0.4070
Epoch: 19, Loss: 1.1017, Train: 0.3333, Val: 0.4160, Test: 0.4070
Epoch: 20, Loss: 1.1093, Train: 0.3333, Val: 0.4160, Test: 0.4070
Epoch: 21, Loss: 1.0813, Train: 0.3333, Val: 0.4160, Test: 0.4070
Epoch: 22, Loss: 1.1245, Train: 0.3333, Val: 0.4160, Test: 0.4070
Epoch: 23, Loss: 1.1062, Train: 0.3333, Val: 0.4160, Test: 0.4070
Epoch: 24, Loss: 1.1349, Train: 0.3333, Val: 0.4160, Test: 0.4070
Epoch: 25, Loss: 1.0919, Train: 0.3333, Val: 0.4160, Test: 0.4070
Epoch: 26, Loss: 1.1144, Train: 0.3333, Val: 0.4160, Test: 0.4070
Epoch: 27, Loss: 1.1127, Train: 0.3333, Val: 0.4160, Test: 0.4070
Epoch: 28, Loss: 1.1054, Train: 0.3333, Val: 0.4160, Test: 0.4070
Epoch: 29, Loss: 1.0861, Train: 0.3333, Val: 0.4160, Test: 0.4070
Epoch: 30, Loss: 1.0858, Train: 0.3333, Val: 0.4140, Test: 0.4080
Epoch: 31, Loss: 1.1438, Train: 0.3000, Val: 0.3280, Test: 0.3110
Epoch: 32, Loss: 1.0982, Train: 0.3500, Val: 0.2240, Test: 0.2120
Epoch: 33, Loss: 1.1107, Train: 0.3500, Val: 0.1960, Test: 0.1800
Epoch: 34, Loss: 1.0866, Train: 0.3333, Val: 0.1960, Test: 0.1800
Epoch: 35, Loss: 1.1274, Train: 0.3333, Val: 0.1960, Test: 0.1800
Epoch: 36, Loss: 1.1225, Train: 0.3333, Val: 0.1960, Test: 0.1800
Epoch: 37, Loss: 1.1168, Train: 0.3333, Val: 0.1960, Test: 0.1800
Epoch: 38, Loss: 1.1197, Train: 0.3333, Val: 0.1960, Test: 0.1800
Epoch: 39, Loss: 1.1157, Train: 0.3333, Val: 0.1960, Test: 0.1800
Epoch: 40, Loss: 1.1215, Train: 0.3333, Val: 0.1960, Test: 0.1800
Epoch: 41, Loss: 1.0889, Train: 0.3333, Val: 0.1960, Test: 0.1800
Epoch: 42, Loss: 1.0898, Train: 0.3333, Val: 0.1960, Test: 0.1800
Epoch: 43, Loss: 1.1204, Train: 0.3333, Val: 0.1960, Test: 0.1800
Epoch: 44, Loss: 1.1220, Train: 0.3333, Val: 0.1960, Test: 0.1800
Epoch: 45, Loss: 1.1457, Train: 0.3333, Val: 0.1960, Test: 0.1800
Epoch: 46, Loss: 1.0972, Train: 0.3333, Val: 0.1960, Test: 0.1800
Epoch: 47, Loss: 1.1327, Train: 0.3333, Val: 0.1960, Test: 0.1800
Epoch: 48, Loss: 1.1185, Train: 0.3333, Val: 0.1960, Test: 0.1800
Epoch: 49, Loss: 1.1344, Train: 0.3333, Val: 0.1960, Test: 0.1800
Epoch: 50, Loss: 1.0970, Train: 0.3500, Val: 0.1960, Test: 0.1950
Epoch: 51, Loss: 1.1172, Train: 0.3333, Val: 0.4180, Test: 0.4060
Epoch: 52, Loss: 1.1130, Train: 0.3333, Val: 0.4160, Test: 0.4070
Epoch: 53, Loss: 1.1060, Train: 0.3333, Val: 0.4160, Test: 0.4070
Epoch: 54, Loss: 1.0952, Train: 0.3333, Val: 0.4160, Test: 0.4070
Epoch: 55, Loss: 1.1201, Train: 0.3333, Val: 0.4160, Test: 0.4070
Epoch: 56, Loss: 1.1173, Train: 0.3333, Val: 0.4160, Test: 0.4070
Epoch: 57, Loss: 1.1041, Train: 0.3333, Val: 0.4160, Test: 0.4070
Epoch: 58, Loss: 1.1019, Train: 0.3333, Val: 0.4160, Test: 0.4070
Epoch: 59, Loss: 1.0738, Train: 0.3333, Val: 0.4160, Test: 0.4070
Epoch: 60, Loss: 1.0978, Train: 0.3333, Val: 0.4160, Test: 0.4070
Epoch: 61, Loss: 1.1313, Train: 0.3333, Val: 0.4160, Test: 0.4070
Epoch: 62, Loss: 1.1150, Train: 0.3333, Val: 0.4160, Test: 0.4070
Epoch: 63, Loss: 1.0951, Train: 0.3333, Val: 0.4160, Test: 0.4070
Epoch: 64, Loss: 1.1161, Train: 0.3333, Val: 0.4160, Test: 0.4070
Epoch: 65, Loss: 1.1067, Train: 0.3333, Val: 0.4160, Test: 0.4070
Epoch: 66, Loss: 1.0938, Train: 0.3333, Val: 0.4160, Test: 0.4070
Epoch: 67, Loss: 1.0818, Train: 0.3333, Val: 0.4160, Test: 0.4070
Epoch: 68, Loss: 1.1172, Train: 0.3333, Val: 0.4160, Test: 0.4070
Epoch: 69, Loss: 1.1088, Train: 0.3500, Val: 0.4300, Test: 0.4280
Epoch: 70, Loss: 1.0847, Train: 0.4333, Val: 0.4860, Test: 0.5230
Epoch: 71, Loss: 1.1092, Train: 0.4000, Val: 0.4260, Test: 0.4580
Epoch: 72, Loss: 1.1079, Train: 0.3333, Val: 0.3880, Test: 0.4130
Epoch: 73, Loss: 1.1104, Train: 0.3333, Val: 0.3880, Test: 0.4130
Epoch: 74, Loss: 1.1023, Train: 0.3333, Val: 0.3880, Test: 0.4130
Epoch: 75, Loss: 1.1318, Train: 0.3333, Val: 0.3880, Test: 0.4130
Epoch: 76, Loss: 1.0802, Train: 0.3333, Val: 0.3880, Test: 0.4130
Epoch: 77, Loss: 1.1127, Train: 0.3333, Val: 0.3880, Test: 0.4130
Epoch: 78, Loss: 1.0952, Train: 0.3333, Val: 0.3880, Test: 0.4130
Epoch: 79, Loss: 1.1013, Train: 0.3333, Val: 0.3880, Test: 0.4130
Epoch: 80, Loss: 1.1177, Train: 0.3333, Val: 0.3880, Test: 0.4130
Epoch: 81, Loss: 1.0972, Train: 0.3333, Val: 0.3880, Test: 0.4130
Epoch: 82, Loss: 1.0990, Train: 0.3333, Val: 0.3880, Test: 0.4130
Epoch: 83, Loss: 1.1196, Train: 0.3333, Val: 0.3880, Test: 0.4130
Epoch: 84, Loss: 1.1079, Train: 0.3333, Val: 0.3880, Test: 0.4130
Epoch: 85, Loss: 1.1050, Train: 0.3833, Val: 0.4180, Test: 0.4420
Epoch: 86, Loss: 1.1017, Train: 0.4000, Val: 0.4480, Test: 0.4750
Epoch: 87, Loss: 1.1011, Train: 0.3833, Val: 0.4240, Test: 0.4450
Epoch: 88, Loss: 1.0923, Train: 0.3333, Val: 0.3920, Test: 0.4200
Epoch: 89, Loss: 1.1091, Train: 0.3333, Val: 0.3900, Test: 0.4150
Epoch: 90, Loss: 1.1207, Train: 0.3333, Val: 0.3880, Test: 0.4130
Epoch: 91, Loss: 1.1129, Train: 0.3333, Val: 0.3880, Test: 0.4130
Epoch: 92, Loss: 1.0985, Train: 0.3333, Val: 0.3880, Test: 0.4130
Epoch: 93, Loss: 1.0858, Train: 0.3333, Val: 0.3880, Test: 0.4130
Epoch: 94, Loss: 1.0771, Train: 0.3333, Val: 0.3880, Test: 0.4130
Epoch: 95, Loss: 1.1022, Train: 0.3333, Val: 0.3880, Test: 0.4130
Epoch: 96, Loss: 1.0730, Train: 0.3333, Val: 0.3880, Test: 0.4130
Epoch: 97, Loss: 1.1007, Train: 0.3333, Val: 0.3880, Test: 0.4130
Epoch: 98, Loss: 1.0853, Train: 0.3333, Val: 0.3880, Test: 0.4130
Epoch: 99, Loss: 1.1038, Train: 0.3333, Val: 0.3880, Test: 0.4130
Epoch: 100, Loss: 1.1068, Train: 0.3333, Val: 0.3880, Test: 0.4130
MAD:  0.0006
Best Test Accuracy: 0.5230, Val Accuracy: 0.4860, Train Accuracy: 0.4333
Training completed.
Average Test Accuracy:  0.5273  0.074498389244332
Average MAD:  0.004229999999999999  0.0037013646132203724
