Seed:  0
PMPGNN(
  (convs): ModuleList(
    (0): ParallelGNNBlock(
      (conv1): GATv2Conv(128, 128, heads=1)
      (conv2): GATv2Conv(128, 128, heads=1)
      (norm): LayerNorm((128,), eps=1e-05, elementwise_affine=True)
    )
    (1-2): 2 x ParallelGNNBlock(
      (conv1): GATv2Conv(256, 128, heads=1)
      (conv2): GATv2Conv(256, 128, heads=1)
      (norm): LayerNorm((128,), eps=1e-05, elementwise_affine=True)
    )
  )
  (norm): LayerNorm((256,), eps=1e-05, elementwise_affine=True)
  (mlp): Sequential(
    (0): Linear(in_features=256, out_features=64, bias=True)
    (1): LeakyReLU(negative_slope=0.01)
    (2): Dropout(p=0.3, inplace=False)
    (3): Linear(in_features=64, out_features=3, bias=True)
  )
  (proj): Linear(in_features=500, out_features=128, bias=True)
)
Epoch: 1, Loss: 1.1077, Train: 0.3333, Val: 0.4160, Test: 0.4070
Epoch: 2, Loss: 1.0776, Train: 0.6000, Val: 0.5560, Test: 0.5420
Epoch: 3, Loss: 1.1287, Train: 0.3833, Val: 0.3900, Test: 0.4180
Epoch: 4, Loss: 1.0801, Train: 0.4000, Val: 0.3940, Test: 0.4190
Epoch: 5, Loss: 1.1049, Train: 0.4833, Val: 0.4440, Test: 0.4600
Epoch: 6, Loss: 1.1070, Train: 0.5000, Val: 0.4700, Test: 0.4720
Epoch: 7, Loss: 1.0730, Train: 0.6500, Val: 0.5220, Test: 0.5180
Epoch: 8, Loss: 1.0433, Train: 0.6500, Val: 0.5320, Test: 0.5280
Epoch: 9, Loss: 1.0767, Train: 0.6333, Val: 0.5140, Test: 0.5160
Epoch: 10, Loss: 1.0743, Train: 0.6500, Val: 0.5020, Test: 0.5010
Epoch: 11, Loss: 1.0600, Train: 0.7667, Val: 0.5580, Test: 0.5440
Epoch: 12, Loss: 1.0406, Train: 0.8500, Val: 0.6860, Test: 0.6710
Epoch: 13, Loss: 0.9697, Train: 0.9000, Val: 0.7300, Test: 0.7120
Epoch: 14, Loss: 1.0091, Train: 0.9000, Val: 0.7320, Test: 0.6960
Epoch: 15, Loss: 1.0082, Train: 0.9000, Val: 0.7200, Test: 0.7100
Epoch: 16, Loss: 0.9659, Train: 0.9167, Val: 0.7180, Test: 0.7260
Epoch: 17, Loss: 0.9703, Train: 0.9167, Val: 0.7400, Test: 0.7260
Epoch: 18, Loss: 0.9438, Train: 0.9167, Val: 0.7460, Test: 0.7350
Epoch: 19, Loss: 0.8999, Train: 0.9333, Val: 0.7520, Test: 0.7420
Epoch: 20, Loss: 0.8848, Train: 0.9333, Val: 0.7440, Test: 0.7500
Epoch: 21, Loss: 0.7613, Train: 0.9333, Val: 0.7500, Test: 0.7470
Epoch: 22, Loss: 0.7623, Train: 0.9500, Val: 0.7640, Test: 0.7440
Epoch: 23, Loss: 0.7247, Train: 0.9667, Val: 0.7700, Test: 0.7490
Epoch: 24, Loss: 0.6699, Train: 0.9667, Val: 0.7660, Test: 0.7500
Epoch: 25, Loss: 0.5305, Train: 0.9667, Val: 0.7680, Test: 0.7510
Epoch: 26, Loss: 0.5217, Train: 0.9500, Val: 0.7720, Test: 0.7510
Epoch: 27, Loss: 0.4709, Train: 0.9500, Val: 0.7740, Test: 0.7560
Epoch: 28, Loss: 0.4306, Train: 0.9667, Val: 0.7800, Test: 0.7600
Epoch: 29, Loss: 0.3662, Train: 0.9667, Val: 0.7780, Test: 0.7690
Epoch: 30, Loss: 0.2977, Train: 0.9667, Val: 0.7760, Test: 0.7720
Epoch: 31, Loss: 0.2952, Train: 0.9667, Val: 0.7820, Test: 0.7730
Epoch: 32, Loss: 0.2591, Train: 0.9667, Val: 0.7840, Test: 0.7750
Epoch: 33, Loss: 0.2199, Train: 0.9833, Val: 0.7800, Test: 0.7640
Epoch: 34, Loss: 0.1851, Train: 0.9833, Val: 0.7720, Test: 0.7640
Epoch: 35, Loss: 0.1493, Train: 0.9833, Val: 0.7760, Test: 0.7600
Epoch: 36, Loss: 0.1281, Train: 1.0000, Val: 0.7740, Test: 0.7600
Epoch: 37, Loss: 0.1073, Train: 1.0000, Val: 0.7700, Test: 0.7570
Epoch: 38, Loss: 0.1071, Train: 1.0000, Val: 0.7760, Test: 0.7630
Epoch: 39, Loss: 0.0820, Train: 1.0000, Val: 0.7800, Test: 0.7610
Epoch: 40, Loss: 0.0618, Train: 1.0000, Val: 0.7780, Test: 0.7660
Epoch: 41, Loss: 0.0575, Train: 1.0000, Val: 0.7820, Test: 0.7660
Epoch: 42, Loss: 0.0379, Train: 1.0000, Val: 0.7780, Test: 0.7600
Epoch: 43, Loss: 0.0369, Train: 1.0000, Val: 0.7740, Test: 0.7620
Epoch: 44, Loss: 0.0470, Train: 1.0000, Val: 0.7700, Test: 0.7450
Epoch: 45, Loss: 0.0224, Train: 1.0000, Val: 0.7620, Test: 0.7410
Epoch: 46, Loss: 0.0242, Train: 1.0000, Val: 0.7680, Test: 0.7390
Epoch: 47, Loss: 0.0198, Train: 1.0000, Val: 0.7660, Test: 0.7380
Epoch: 48, Loss: 0.0202, Train: 1.0000, Val: 0.7680, Test: 0.7440
Epoch: 49, Loss: 0.0206, Train: 1.0000, Val: 0.7740, Test: 0.7540
Epoch: 50, Loss: 0.0125, Train: 1.0000, Val: 0.7800, Test: 0.7640
Epoch: 51, Loss: 0.0096, Train: 1.0000, Val: 0.7820, Test: 0.7690
Epoch: 52, Loss: 0.0333, Train: 1.0000, Val: 0.7800, Test: 0.7670
Epoch: 53, Loss: 0.0107, Train: 1.0000, Val: 0.7760, Test: 0.7660
Epoch: 54, Loss: 0.0064, Train: 1.0000, Val: 0.7780, Test: 0.7640
Epoch: 55, Loss: 0.0088, Train: 1.0000, Val: 0.7760, Test: 0.7640
Epoch: 56, Loss: 0.0052, Train: 1.0000, Val: 0.7800, Test: 0.7620
Epoch: 57, Loss: 0.0060, Train: 1.0000, Val: 0.7800, Test: 0.7600
Epoch: 58, Loss: 0.0069, Train: 1.0000, Val: 0.7780, Test: 0.7590
Epoch: 59, Loss: 0.0086, Train: 1.0000, Val: 0.7720, Test: 0.7580
Epoch: 60, Loss: 0.0041, Train: 1.0000, Val: 0.7720, Test: 0.7540
Epoch: 61, Loss: 0.0046, Train: 1.0000, Val: 0.7680, Test: 0.7520
Epoch: 62, Loss: 0.0040, Train: 1.0000, Val: 0.7680, Test: 0.7510
Epoch: 63, Loss: 0.0059, Train: 1.0000, Val: 0.7680, Test: 0.7490
Epoch: 64, Loss: 0.0038, Train: 1.0000, Val: 0.7680, Test: 0.7510
Epoch: 65, Loss: 0.0033, Train: 1.0000, Val: 0.7680, Test: 0.7520
Epoch: 66, Loss: 0.0099, Train: 1.0000, Val: 0.7680, Test: 0.7600
Epoch: 67, Loss: 0.0033, Train: 1.0000, Val: 0.7700, Test: 0.7640
Epoch: 68, Loss: 0.0027, Train: 1.0000, Val: 0.7680, Test: 0.7630
Epoch: 69, Loss: 0.0041, Train: 1.0000, Val: 0.7800, Test: 0.7630
Epoch: 70, Loss: 0.0039, Train: 1.0000, Val: 0.7780, Test: 0.7610
Epoch: 71, Loss: 0.0044, Train: 1.0000, Val: 0.7760, Test: 0.7590
Epoch: 72, Loss: 0.0030, Train: 1.0000, Val: 0.7700, Test: 0.7640
Epoch: 73, Loss: 0.0028, Train: 1.0000, Val: 0.7740, Test: 0.7620
Epoch: 74, Loss: 0.0017, Train: 1.0000, Val: 0.7740, Test: 0.7590
Epoch: 75, Loss: 0.0032, Train: 1.0000, Val: 0.7740, Test: 0.7600
Epoch: 76, Loss: 0.0029, Train: 1.0000, Val: 0.7740, Test: 0.7630
Epoch: 77, Loss: 0.0036, Train: 1.0000, Val: 0.7740, Test: 0.7630
Epoch: 78, Loss: 0.0025, Train: 1.0000, Val: 0.7740, Test: 0.7610
Epoch: 79, Loss: 0.0016, Train: 1.0000, Val: 0.7760, Test: 0.7630
Epoch: 80, Loss: 0.0025, Train: 1.0000, Val: 0.7780, Test: 0.7620
Epoch: 81, Loss: 0.0015, Train: 1.0000, Val: 0.7800, Test: 0.7620
Epoch: 82, Loss: 0.0021, Train: 1.0000, Val: 0.7760, Test: 0.7620
Epoch: 83, Loss: 0.0015, Train: 1.0000, Val: 0.7760, Test: 0.7620
Epoch: 84, Loss: 0.0033, Train: 1.0000, Val: 0.7760, Test: 0.7620
Epoch: 85, Loss: 0.0024, Train: 1.0000, Val: 0.7760, Test: 0.7610
Epoch: 86, Loss: 0.0016, Train: 1.0000, Val: 0.7740, Test: 0.7620
Epoch: 87, Loss: 0.0030, Train: 1.0000, Val: 0.7720, Test: 0.7620
Epoch: 88, Loss: 0.0019, Train: 1.0000, Val: 0.7720, Test: 0.7610
Epoch: 89, Loss: 0.0026, Train: 1.0000, Val: 0.7720, Test: 0.7620
Epoch: 90, Loss: 0.0015, Train: 1.0000, Val: 0.7720, Test: 0.7610
Epoch: 91, Loss: 0.0013, Train: 1.0000, Val: 0.7720, Test: 0.7620
Epoch: 92, Loss: 0.0029, Train: 1.0000, Val: 0.7720, Test: 0.7620
Epoch: 93, Loss: 0.0020, Train: 1.0000, Val: 0.7700, Test: 0.7610
Epoch: 94, Loss: 0.0024, Train: 1.0000, Val: 0.7700, Test: 0.7600
Epoch: 95, Loss: 0.0016, Train: 1.0000, Val: 0.7700, Test: 0.7600
Epoch: 96, Loss: 0.0021, Train: 1.0000, Val: 0.7700, Test: 0.7610
Epoch: 97, Loss: 0.0026, Train: 1.0000, Val: 0.7700, Test: 0.7610
Epoch: 98, Loss: 0.0013, Train: 1.0000, Val: 0.7700, Test: 0.7620
Epoch: 99, Loss: 0.0015, Train: 1.0000, Val: 0.7700, Test: 0.7620
Epoch: 100, Loss: 0.0014, Train: 1.0000, Val: 0.7720, Test: 0.7620
MAD:  0.4693
Best Test Accuracy: 0.7750, Val Accuracy: 0.7840, Train Accuracy: 0.9667
Training completed.
Seed:  1
PMPGNN(
  (convs): ModuleList(
    (0): ParallelGNNBlock(
      (conv1): GATv2Conv(128, 128, heads=1)
      (conv2): GATv2Conv(128, 128, heads=1)
      (norm): LayerNorm((128,), eps=1e-05, elementwise_affine=True)
    )
    (1-2): 2 x ParallelGNNBlock(
      (conv1): GATv2Conv(256, 128, heads=1)
      (conv2): GATv2Conv(256, 128, heads=1)
      (norm): LayerNorm((128,), eps=1e-05, elementwise_affine=True)
    )
  )
  (norm): LayerNorm((256,), eps=1e-05, elementwise_affine=True)
  (mlp): Sequential(
    (0): Linear(in_features=256, out_features=64, bias=True)
    (1): LeakyReLU(negative_slope=0.01)
    (2): Dropout(p=0.3, inplace=False)
    (3): Linear(in_features=64, out_features=3, bias=True)
  )
  (proj): Linear(in_features=500, out_features=128, bias=True)
)
Epoch: 1, Loss: 1.1399, Train: 0.4000, Val: 0.2540, Test: 0.2630
Epoch: 2, Loss: 1.1319, Train: 0.5667, Val: 0.4520, Test: 0.4510
Epoch: 3, Loss: 1.1173, Train: 0.3333, Val: 0.4160, Test: 0.4070
Epoch: 4, Loss: 1.1169, Train: 0.3333, Val: 0.4160, Test: 0.4070
Epoch: 5, Loss: 1.1183, Train: 0.3333, Val: 0.4160, Test: 0.4070
Epoch: 6, Loss: 1.0797, Train: 0.3333, Val: 0.4160, Test: 0.4070
Epoch: 7, Loss: 1.0754, Train: 0.3500, Val: 0.4160, Test: 0.4100
Epoch: 8, Loss: 1.0939, Train: 0.4167, Val: 0.4220, Test: 0.4150
Epoch: 9, Loss: 1.0467, Train: 0.6000, Val: 0.4980, Test: 0.5040
Epoch: 10, Loss: 1.0547, Train: 0.8167, Val: 0.6500, Test: 0.6440
Epoch: 11, Loss: 1.0509, Train: 0.8833, Val: 0.7180, Test: 0.7080
Epoch: 12, Loss: 1.0359, Train: 0.9333, Val: 0.7320, Test: 0.7250
Epoch: 13, Loss: 1.0313, Train: 0.9333, Val: 0.7440, Test: 0.7200
Epoch: 14, Loss: 1.0116, Train: 0.9167, Val: 0.7580, Test: 0.7230
Epoch: 15, Loss: 0.9690, Train: 0.9000, Val: 0.7500, Test: 0.7220
Epoch: 16, Loss: 0.9994, Train: 0.9167, Val: 0.7400, Test: 0.7090
Epoch: 17, Loss: 0.9673, Train: 0.9167, Val: 0.7260, Test: 0.7070
Epoch: 18, Loss: 0.8918, Train: 0.9167, Val: 0.7260, Test: 0.7110
Epoch: 19, Loss: 0.8279, Train: 0.9000, Val: 0.7400, Test: 0.7180
Epoch: 20, Loss: 0.7596, Train: 0.9167, Val: 0.7680, Test: 0.7330
Epoch: 21, Loss: 0.6922, Train: 0.9333, Val: 0.7660, Test: 0.7330
Epoch: 22, Loss: 0.6939, Train: 0.9333, Val: 0.7340, Test: 0.7210
Epoch: 23, Loss: 0.6165, Train: 0.9500, Val: 0.7300, Test: 0.7180
Epoch: 24, Loss: 0.6302, Train: 0.9333, Val: 0.7480, Test: 0.7270
Epoch: 25, Loss: 0.5653, Train: 0.9500, Val: 0.7620, Test: 0.7230
Epoch: 26, Loss: 0.5035, Train: 0.9500, Val: 0.7500, Test: 0.7220
Epoch: 27, Loss: 0.4932, Train: 0.9667, Val: 0.7480, Test: 0.7280
Epoch: 28, Loss: 0.3635, Train: 0.9667, Val: 0.7560, Test: 0.7370
Epoch: 29, Loss: 0.3443, Train: 0.9833, Val: 0.7640, Test: 0.7410
Epoch: 30, Loss: 0.3142, Train: 0.9833, Val: 0.7740, Test: 0.7540
Epoch: 31, Loss: 0.3204, Train: 0.9833, Val: 0.7780, Test: 0.7580
Epoch: 32, Loss: 0.2198, Train: 0.9833, Val: 0.7680, Test: 0.7550
Epoch: 33, Loss: 0.2169, Train: 1.0000, Val: 0.7640, Test: 0.7500
Epoch: 34, Loss: 0.2087, Train: 1.0000, Val: 0.7720, Test: 0.7530
Epoch: 35, Loss: 0.1433, Train: 0.9833, Val: 0.7760, Test: 0.7560
Epoch: 36, Loss: 0.1225, Train: 0.9833, Val: 0.7720, Test: 0.7560
Epoch: 37, Loss: 0.1340, Train: 1.0000, Val: 0.7840, Test: 0.7550
Epoch: 38, Loss: 0.0990, Train: 1.0000, Val: 0.7760, Test: 0.7450
Epoch: 39, Loss: 0.0814, Train: 1.0000, Val: 0.7680, Test: 0.7460
Epoch: 40, Loss: 0.0659, Train: 1.0000, Val: 0.7500, Test: 0.7380
Epoch: 41, Loss: 0.0854, Train: 1.0000, Val: 0.7660, Test: 0.7440
Epoch: 42, Loss: 0.0590, Train: 1.0000, Val: 0.7820, Test: 0.7440
Epoch: 43, Loss: 0.0349, Train: 1.0000, Val: 0.7740, Test: 0.7520
Epoch: 44, Loss: 0.0269, Train: 1.0000, Val: 0.7720, Test: 0.7470
Epoch: 45, Loss: 0.0319, Train: 1.0000, Val: 0.7740, Test: 0.7460
Epoch: 46, Loss: 0.0255, Train: 1.0000, Val: 0.7780, Test: 0.7490
Epoch: 47, Loss: 0.0212, Train: 1.0000, Val: 0.7860, Test: 0.7480
Epoch: 48, Loss: 0.0183, Train: 1.0000, Val: 0.7880, Test: 0.7580
Epoch: 49, Loss: 0.0126, Train: 1.0000, Val: 0.7860, Test: 0.7560
Epoch: 50, Loss: 0.0112, Train: 1.0000, Val: 0.7780, Test: 0.7570
Epoch: 51, Loss: 0.0155, Train: 1.0000, Val: 0.7720, Test: 0.7540
Epoch: 52, Loss: 0.0143, Train: 1.0000, Val: 0.7640, Test: 0.7520
Epoch: 53, Loss: 0.0134, Train: 1.0000, Val: 0.7560, Test: 0.7510
Epoch: 54, Loss: 0.0087, Train: 1.0000, Val: 0.7600, Test: 0.7500
Epoch: 55, Loss: 0.0091, Train: 1.0000, Val: 0.7600, Test: 0.7490
Epoch: 56, Loss: 0.0087, Train: 1.0000, Val: 0.7600, Test: 0.7480
Epoch: 57, Loss: 0.0113, Train: 1.0000, Val: 0.7620, Test: 0.7490
Epoch: 58, Loss: 0.0090, Train: 1.0000, Val: 0.7620, Test: 0.7480
Epoch: 59, Loss: 0.0072, Train: 1.0000, Val: 0.7620, Test: 0.7500
Epoch: 60, Loss: 0.0098, Train: 1.0000, Val: 0.7700, Test: 0.7490
Epoch: 61, Loss: 0.0056, Train: 1.0000, Val: 0.7700, Test: 0.7530
Epoch: 62, Loss: 0.0052, Train: 1.0000, Val: 0.7760, Test: 0.7560
Epoch: 63, Loss: 0.0056, Train: 1.0000, Val: 0.7760, Test: 0.7560
Epoch: 64, Loss: 0.0023, Train: 1.0000, Val: 0.7800, Test: 0.7530
Epoch: 65, Loss: 0.0050, Train: 1.0000, Val: 0.7840, Test: 0.7540
Epoch: 66, Loss: 0.0028, Train: 1.0000, Val: 0.7820, Test: 0.7530
Epoch: 67, Loss: 0.0029, Train: 1.0000, Val: 0.7800, Test: 0.7540
Epoch: 68, Loss: 0.0051, Train: 1.0000, Val: 0.7820, Test: 0.7540
Epoch: 69, Loss: 0.0045, Train: 1.0000, Val: 0.7840, Test: 0.7560
Epoch: 70, Loss: 0.0030, Train: 1.0000, Val: 0.7840, Test: 0.7550
Epoch: 71, Loss: 0.0051, Train: 1.0000, Val: 0.7840, Test: 0.7560
Epoch: 72, Loss: 0.0032, Train: 1.0000, Val: 0.7840, Test: 0.7550
Epoch: 73, Loss: 0.0025, Train: 1.0000, Val: 0.7840, Test: 0.7550
Epoch: 74, Loss: 0.0051, Train: 1.0000, Val: 0.7840, Test: 0.7560
Epoch: 75, Loss: 0.0030, Train: 1.0000, Val: 0.7820, Test: 0.7560
Epoch: 76, Loss: 0.0022, Train: 1.0000, Val: 0.7800, Test: 0.7550
Epoch: 77, Loss: 0.0033, Train: 1.0000, Val: 0.7720, Test: 0.7550
Epoch: 78, Loss: 0.0035, Train: 1.0000, Val: 0.7780, Test: 0.7520
Epoch: 79, Loss: 0.0023, Train: 1.0000, Val: 0.7800, Test: 0.7500
Epoch: 80, Loss: 0.0031, Train: 1.0000, Val: 0.7780, Test: 0.7490
Epoch: 81, Loss: 0.0028, Train: 1.0000, Val: 0.7780, Test: 0.7490
Epoch: 82, Loss: 0.0032, Train: 1.0000, Val: 0.7720, Test: 0.7490
Epoch: 83, Loss: 0.0038, Train: 1.0000, Val: 0.7720, Test: 0.7510
Epoch: 84, Loss: 0.0027, Train: 1.0000, Val: 0.7720, Test: 0.7510
Epoch: 85, Loss: 0.0026, Train: 1.0000, Val: 0.7720, Test: 0.7490
Epoch: 86, Loss: 0.0022, Train: 1.0000, Val: 0.7740, Test: 0.7510
Epoch: 87, Loss: 0.0018, Train: 1.0000, Val: 0.7700, Test: 0.7510
Epoch: 88, Loss: 0.0025, Train: 1.0000, Val: 0.7700, Test: 0.7520
Epoch: 89, Loss: 0.0020, Train: 1.0000, Val: 0.7700, Test: 0.7530
Epoch: 90, Loss: 0.0018, Train: 1.0000, Val: 0.7700, Test: 0.7530
Epoch: 91, Loss: 0.0029, Train: 1.0000, Val: 0.7740, Test: 0.7520
Epoch: 92, Loss: 0.0033, Train: 1.0000, Val: 0.7760, Test: 0.7500
Epoch: 93, Loss: 0.0022, Train: 1.0000, Val: 0.7760, Test: 0.7500
Epoch: 94, Loss: 0.0014, Train: 1.0000, Val: 0.7760, Test: 0.7500
Epoch: 95, Loss: 0.0020, Train: 1.0000, Val: 0.7760, Test: 0.7500
Epoch: 96, Loss: 0.0028, Train: 1.0000, Val: 0.7740, Test: 0.7500
Epoch: 97, Loss: 0.0018, Train: 1.0000, Val: 0.7740, Test: 0.7500
Epoch: 98, Loss: 0.0012, Train: 1.0000, Val: 0.7780, Test: 0.7500
Epoch: 99, Loss: 0.0037, Train: 1.0000, Val: 0.7820, Test: 0.7500
Epoch: 100, Loss: 0.0040, Train: 1.0000, Val: 0.7820, Test: 0.7490
MAD:  0.4084
Best Test Accuracy: 0.7580, Val Accuracy: 0.7780, Train Accuracy: 0.9833
Training completed.
Seed:  2
PMPGNN(
  (convs): ModuleList(
    (0): ParallelGNNBlock(
      (conv1): GATv2Conv(128, 128, heads=1)
      (conv2): GATv2Conv(128, 128, heads=1)
      (norm): LayerNorm((128,), eps=1e-05, elementwise_affine=True)
    )
    (1-2): 2 x ParallelGNNBlock(
      (conv1): GATv2Conv(256, 128, heads=1)
      (conv2): GATv2Conv(256, 128, heads=1)
      (norm): LayerNorm((128,), eps=1e-05, elementwise_affine=True)
    )
  )
  (norm): LayerNorm((256,), eps=1e-05, elementwise_affine=True)
  (mlp): Sequential(
    (0): Linear(in_features=256, out_features=64, bias=True)
    (1): LeakyReLU(negative_slope=0.01)
    (2): Dropout(p=0.3, inplace=False)
    (3): Linear(in_features=64, out_features=3, bias=True)
  )
  (proj): Linear(in_features=500, out_features=128, bias=True)
)
Epoch: 1, Loss: 1.1091, Train: 0.4833, Val: 0.4600, Test: 0.4920
Epoch: 2, Loss: 1.0820, Train: 0.6167, Val: 0.5300, Test: 0.5060
Epoch: 3, Loss: 1.0926, Train: 0.4167, Val: 0.2240, Test: 0.2040
Epoch: 4, Loss: 1.0940, Train: 0.4500, Val: 0.2960, Test: 0.2640
Epoch: 5, Loss: 1.0942, Train: 0.6167, Val: 0.5200, Test: 0.5050
Epoch: 6, Loss: 1.0872, Train: 0.6000, Val: 0.5140, Test: 0.5150
Epoch: 7, Loss: 1.0899, Train: 0.6000, Val: 0.5280, Test: 0.5200
Epoch: 8, Loss: 1.0545, Train: 0.6500, Val: 0.5240, Test: 0.5190
Epoch: 9, Loss: 1.0480, Train: 0.6500, Val: 0.5200, Test: 0.5250
Epoch: 10, Loss: 1.0579, Train: 0.6667, Val: 0.5200, Test: 0.5320
Epoch: 11, Loss: 1.0466, Train: 0.7000, Val: 0.5440, Test: 0.5360
Epoch: 12, Loss: 1.0180, Train: 0.6833, Val: 0.5560, Test: 0.5460
Epoch: 13, Loss: 1.0233, Train: 0.7333, Val: 0.5780, Test: 0.5970
Epoch: 14, Loss: 0.9920, Train: 0.7500, Val: 0.6080, Test: 0.6160
Epoch: 15, Loss: 0.9525, Train: 0.7833, Val: 0.6400, Test: 0.6410
Epoch: 16, Loss: 0.9142, Train: 0.7667, Val: 0.6760, Test: 0.6670
Epoch: 17, Loss: 0.8942, Train: 0.8000, Val: 0.6900, Test: 0.6800
Epoch: 18, Loss: 0.8267, Train: 0.8500, Val: 0.7160, Test: 0.6900
Epoch: 19, Loss: 0.8279, Train: 0.8833, Val: 0.7340, Test: 0.7090
Epoch: 20, Loss: 0.7440, Train: 0.9167, Val: 0.7340, Test: 0.7210
Epoch: 21, Loss: 0.6290, Train: 0.9333, Val: 0.7400, Test: 0.7250
Epoch: 22, Loss: 0.5864, Train: 0.9333, Val: 0.7340, Test: 0.7250
Epoch: 23, Loss: 0.5418, Train: 0.9500, Val: 0.7340, Test: 0.7210
Epoch: 24, Loss: 0.5505, Train: 0.9500, Val: 0.7340, Test: 0.7260
Epoch: 25, Loss: 0.5193, Train: 0.9500, Val: 0.7420, Test: 0.7320
Epoch: 26, Loss: 0.4613, Train: 0.9667, Val: 0.7540, Test: 0.7310
Epoch: 27, Loss: 0.4499, Train: 0.9667, Val: 0.7580, Test: 0.7320
Epoch: 28, Loss: 0.3205, Train: 0.9667, Val: 0.7560, Test: 0.7290
Epoch: 29, Loss: 0.3417, Train: 0.9667, Val: 0.7580, Test: 0.7280
Epoch: 30, Loss: 0.3133, Train: 0.9667, Val: 0.7700, Test: 0.7410
Epoch: 31, Loss: 0.2533, Train: 0.9667, Val: 0.7780, Test: 0.7490
Epoch: 32, Loss: 0.2345, Train: 0.9667, Val: 0.7880, Test: 0.7530
Epoch: 33, Loss: 0.2258, Train: 0.9833, Val: 0.7800, Test: 0.7510
Epoch: 34, Loss: 0.1474, Train: 0.9833, Val: 0.7840, Test: 0.7550
Epoch: 35, Loss: 0.1316, Train: 0.9833, Val: 0.7780, Test: 0.7580
Epoch: 36, Loss: 0.1401, Train: 1.0000, Val: 0.7800, Test: 0.7410
Epoch: 37, Loss: 0.1244, Train: 1.0000, Val: 0.7700, Test: 0.7310
Epoch: 38, Loss: 0.0830, Train: 1.0000, Val: 0.7640, Test: 0.7320
Epoch: 39, Loss: 0.0665, Train: 1.0000, Val: 0.7680, Test: 0.7420
Epoch: 40, Loss: 0.0729, Train: 1.0000, Val: 0.7760, Test: 0.7480
Epoch: 41, Loss: 0.0548, Train: 1.0000, Val: 0.7860, Test: 0.7510
Epoch: 42, Loss: 0.0499, Train: 1.0000, Val: 0.7800, Test: 0.7570
Epoch: 43, Loss: 0.0451, Train: 1.0000, Val: 0.7800, Test: 0.7500
Epoch: 44, Loss: 0.0324, Train: 1.0000, Val: 0.7780, Test: 0.7500
Epoch: 45, Loss: 0.0239, Train: 1.0000, Val: 0.7700, Test: 0.7490
Epoch: 46, Loss: 0.0209, Train: 1.0000, Val: 0.7680, Test: 0.7400
Epoch: 47, Loss: 0.0228, Train: 1.0000, Val: 0.7600, Test: 0.7430
Epoch: 48, Loss: 0.0193, Train: 1.0000, Val: 0.7560, Test: 0.7350
Epoch: 49, Loss: 0.0151, Train: 1.0000, Val: 0.7500, Test: 0.7360
Epoch: 50, Loss: 0.0137, Train: 1.0000, Val: 0.7520, Test: 0.7350
Epoch: 51, Loss: 0.0201, Train: 1.0000, Val: 0.7480, Test: 0.7370
Epoch: 52, Loss: 0.0135, Train: 1.0000, Val: 0.7500, Test: 0.7350
Epoch: 53, Loss: 0.0176, Train: 1.0000, Val: 0.7520, Test: 0.7410
Epoch: 54, Loss: 0.0101, Train: 1.0000, Val: 0.7600, Test: 0.7430
Epoch: 55, Loss: 0.0090, Train: 1.0000, Val: 0.7700, Test: 0.7480
Epoch: 56, Loss: 0.0105, Train: 1.0000, Val: 0.7680, Test: 0.7520
Epoch: 57, Loss: 0.0044, Train: 1.0000, Val: 0.7700, Test: 0.7530
Epoch: 58, Loss: 0.0065, Train: 1.0000, Val: 0.7760, Test: 0.7520
Epoch: 59, Loss: 0.0102, Train: 1.0000, Val: 0.7800, Test: 0.7550
Epoch: 60, Loss: 0.0065, Train: 1.0000, Val: 0.7780, Test: 0.7550
Epoch: 61, Loss: 0.0040, Train: 1.0000, Val: 0.7800, Test: 0.7570
Epoch: 62, Loss: 0.0035, Train: 1.0000, Val: 0.7820, Test: 0.7600
Epoch: 63, Loss: 0.0069, Train: 1.0000, Val: 0.7820, Test: 0.7590
Epoch: 64, Loss: 0.0051, Train: 1.0000, Val: 0.7820, Test: 0.7580
Epoch: 65, Loss: 0.0033, Train: 1.0000, Val: 0.7820, Test: 0.7590
Epoch: 66, Loss: 0.0032, Train: 1.0000, Val: 0.7820, Test: 0.7600
Epoch: 67, Loss: 0.0036, Train: 1.0000, Val: 0.7820, Test: 0.7590
Epoch: 68, Loss: 0.0048, Train: 1.0000, Val: 0.7820, Test: 0.7600
Epoch: 69, Loss: 0.0021, Train: 1.0000, Val: 0.7840, Test: 0.7590
Epoch: 70, Loss: 0.0042, Train: 1.0000, Val: 0.7820, Test: 0.7590
Epoch: 71, Loss: 0.0034, Train: 1.0000, Val: 0.7780, Test: 0.7590
Epoch: 72, Loss: 0.0040, Train: 1.0000, Val: 0.7780, Test: 0.7580
Epoch: 73, Loss: 0.0022, Train: 1.0000, Val: 0.7740, Test: 0.7580
Epoch: 74, Loss: 0.0026, Train: 1.0000, Val: 0.7740, Test: 0.7550
Epoch: 75, Loss: 0.0021, Train: 1.0000, Val: 0.7740, Test: 0.7540
Epoch: 76, Loss: 0.0013, Train: 1.0000, Val: 0.7720, Test: 0.7560
Epoch: 77, Loss: 0.0015, Train: 1.0000, Val: 0.7700, Test: 0.7560
Epoch: 78, Loss: 0.0024, Train: 1.0000, Val: 0.7680, Test: 0.7560
Epoch: 79, Loss: 0.0031, Train: 1.0000, Val: 0.7700, Test: 0.7550
Epoch: 80, Loss: 0.0029, Train: 1.0000, Val: 0.7720, Test: 0.7570
Epoch: 81, Loss: 0.0034, Train: 1.0000, Val: 0.7700, Test: 0.7590
Epoch: 82, Loss: 0.0031, Train: 1.0000, Val: 0.7660, Test: 0.7570
Epoch: 83, Loss: 0.0035, Train: 1.0000, Val: 0.7680, Test: 0.7560
Epoch: 84, Loss: 0.0025, Train: 1.0000, Val: 0.7680, Test: 0.7560
Epoch: 85, Loss: 0.0022, Train: 1.0000, Val: 0.7680, Test: 0.7570
Epoch: 86, Loss: 0.0030, Train: 1.0000, Val: 0.7680, Test: 0.7590
Epoch: 87, Loss: 0.0024, Train: 1.0000, Val: 0.7740, Test: 0.7570
Epoch: 88, Loss: 0.0032, Train: 1.0000, Val: 0.7740, Test: 0.7560
Epoch: 89, Loss: 0.0035, Train: 1.0000, Val: 0.7760, Test: 0.7560
Epoch: 90, Loss: 0.0022, Train: 1.0000, Val: 0.7760, Test: 0.7560
Epoch: 91, Loss: 0.0012, Train: 1.0000, Val: 0.7760, Test: 0.7560
Epoch: 92, Loss: 0.0015, Train: 1.0000, Val: 0.7780, Test: 0.7590
Epoch: 93, Loss: 0.0013, Train: 1.0000, Val: 0.7780, Test: 0.7590
Epoch: 94, Loss: 0.0025, Train: 1.0000, Val: 0.7780, Test: 0.7580
Epoch: 95, Loss: 0.0061, Train: 1.0000, Val: 0.7860, Test: 0.7640
Epoch: 96, Loss: 0.0035, Train: 1.0000, Val: 0.7880, Test: 0.7700
Epoch: 97, Loss: 0.0015, Train: 1.0000, Val: 0.7920, Test: 0.7670
Epoch: 98, Loss: 0.0025, Train: 1.0000, Val: 0.7940, Test: 0.7680
Epoch: 99, Loss: 0.0009, Train: 1.0000, Val: 0.7980, Test: 0.7710
Epoch: 100, Loss: 0.0020, Train: 1.0000, Val: 0.7900, Test: 0.7710
MAD:  0.5013
Best Test Accuracy: 0.7710, Val Accuracy: 0.7980, Train Accuracy: 1.0000
Training completed.
Seed:  3
PMPGNN(
  (convs): ModuleList(
    (0): ParallelGNNBlock(
      (conv1): GATv2Conv(128, 128, heads=1)
      (conv2): GATv2Conv(128, 128, heads=1)
      (norm): LayerNorm((128,), eps=1e-05, elementwise_affine=True)
    )
    (1-2): 2 x ParallelGNNBlock(
      (conv1): GATv2Conv(256, 128, heads=1)
      (conv2): GATv2Conv(256, 128, heads=1)
      (norm): LayerNorm((128,), eps=1e-05, elementwise_affine=True)
    )
  )
  (norm): LayerNorm((256,), eps=1e-05, elementwise_affine=True)
  (mlp): Sequential(
    (0): Linear(in_features=256, out_features=64, bias=True)
    (1): LeakyReLU(negative_slope=0.01)
    (2): Dropout(p=0.3, inplace=False)
    (3): Linear(in_features=64, out_features=3, bias=True)
  )
  (proj): Linear(in_features=500, out_features=128, bias=True)
)
Epoch: 1, Loss: 1.1598, Train: 0.3500, Val: 0.3940, Test: 0.4150
Epoch: 2, Loss: 1.0923, Train: 0.5500, Val: 0.5360, Test: 0.5650
Epoch: 3, Loss: 1.1043, Train: 0.4000, Val: 0.4280, Test: 0.4310
Epoch: 4, Loss: 1.0934, Train: 0.4000, Val: 0.4540, Test: 0.4410
Epoch: 5, Loss: 1.0871, Train: 0.4333, Val: 0.4660, Test: 0.4520
Epoch: 6, Loss: 1.0995, Train: 0.4167, Val: 0.4580, Test: 0.4470
Epoch: 7, Loss: 1.0773, Train: 0.4000, Val: 0.4320, Test: 0.4230
Epoch: 8, Loss: 1.0227, Train: 0.4000, Val: 0.4360, Test: 0.4300
Epoch: 9, Loss: 1.0342, Train: 0.4333, Val: 0.4520, Test: 0.4470
Epoch: 10, Loss: 1.0661, Train: 0.5500, Val: 0.4880, Test: 0.4860
Epoch: 11, Loss: 1.0239, Train: 0.6333, Val: 0.5240, Test: 0.5070
Epoch: 12, Loss: 0.9931, Train: 0.6667, Val: 0.5400, Test: 0.5190
Epoch: 13, Loss: 1.0385, Train: 0.7333, Val: 0.5780, Test: 0.5710
Epoch: 14, Loss: 0.9760, Train: 0.8500, Val: 0.6420, Test: 0.6580
Epoch: 15, Loss: 0.9390, Train: 0.8667, Val: 0.6900, Test: 0.6800
Epoch: 16, Loss: 0.8856, Train: 0.9000, Val: 0.6980, Test: 0.6700
Epoch: 17, Loss: 0.8840, Train: 0.9000, Val: 0.6900, Test: 0.6630
Epoch: 18, Loss: 0.8225, Train: 0.8833, Val: 0.6860, Test: 0.6540
Epoch: 19, Loss: 0.8130, Train: 0.8500, Val: 0.6600, Test: 0.6500
Epoch: 20, Loss: 0.7491, Train: 0.8500, Val: 0.6360, Test: 0.6480
Epoch: 21, Loss: 0.6265, Train: 0.8500, Val: 0.6460, Test: 0.6550
Epoch: 22, Loss: 0.6217, Train: 0.8833, Val: 0.6840, Test: 0.6630
Epoch: 23, Loss: 0.5593, Train: 0.9333, Val: 0.6960, Test: 0.6690
Epoch: 24, Loss: 0.5559, Train: 0.9333, Val: 0.7180, Test: 0.6820
Epoch: 25, Loss: 0.4949, Train: 0.9333, Val: 0.7440, Test: 0.6990
Epoch: 26, Loss: 0.4473, Train: 0.9500, Val: 0.7460, Test: 0.7070
Epoch: 27, Loss: 0.4196, Train: 0.9667, Val: 0.7540, Test: 0.7110
Epoch: 28, Loss: 0.4042, Train: 0.9667, Val: 0.7500, Test: 0.7150
Epoch: 29, Loss: 0.3303, Train: 0.9667, Val: 0.7500, Test: 0.7200
Epoch: 30, Loss: 0.2582, Train: 0.9667, Val: 0.7540, Test: 0.7310
Epoch: 31, Loss: 0.2635, Train: 0.9833, Val: 0.7520, Test: 0.7330
Epoch: 32, Loss: 0.2182, Train: 1.0000, Val: 0.7580, Test: 0.7380
Epoch: 33, Loss: 0.2181, Train: 1.0000, Val: 0.7640, Test: 0.7500
Epoch: 34, Loss: 0.1744, Train: 1.0000, Val: 0.7640, Test: 0.7500
Epoch: 35, Loss: 0.1455, Train: 1.0000, Val: 0.7540, Test: 0.7510
Epoch: 36, Loss: 0.1090, Train: 1.0000, Val: 0.7560, Test: 0.7450
Epoch: 37, Loss: 0.0837, Train: 1.0000, Val: 0.7580, Test: 0.7470
Epoch: 38, Loss: 0.1482, Train: 1.0000, Val: 0.7560, Test: 0.7460
Epoch: 39, Loss: 0.0647, Train: 1.0000, Val: 0.7640, Test: 0.7540
Epoch: 40, Loss: 0.0616, Train: 1.0000, Val: 0.7740, Test: 0.7560
Epoch: 41, Loss: 0.0662, Train: 1.0000, Val: 0.7740, Test: 0.7570
Epoch: 42, Loss: 0.0351, Train: 1.0000, Val: 0.7720, Test: 0.7650
Epoch: 43, Loss: 0.0476, Train: 1.0000, Val: 0.7720, Test: 0.7630
Epoch: 44, Loss: 0.0306, Train: 1.0000, Val: 0.7740, Test: 0.7580
Epoch: 45, Loss: 0.0264, Train: 1.0000, Val: 0.7760, Test: 0.7620
Epoch: 46, Loss: 0.0285, Train: 1.0000, Val: 0.7780, Test: 0.7520
Epoch: 47, Loss: 0.0155, Train: 1.0000, Val: 0.7560, Test: 0.7400
Epoch: 48, Loss: 0.0194, Train: 1.0000, Val: 0.7520, Test: 0.7400
Epoch: 49, Loss: 0.0274, Train: 1.0000, Val: 0.7520, Test: 0.7420
Epoch: 50, Loss: 0.0208, Train: 1.0000, Val: 0.7640, Test: 0.7470
Epoch: 51, Loss: 0.0112, Train: 1.0000, Val: 0.7620, Test: 0.7520
Epoch: 52, Loss: 0.0118, Train: 1.0000, Val: 0.7720, Test: 0.7600
Epoch: 53, Loss: 0.0111, Train: 1.0000, Val: 0.7740, Test: 0.7640
Epoch: 54, Loss: 0.0099, Train: 1.0000, Val: 0.7780, Test: 0.7660
Epoch: 55, Loss: 0.0067, Train: 1.0000, Val: 0.7800, Test: 0.7630
Epoch: 56, Loss: 0.0099, Train: 1.0000, Val: 0.7840, Test: 0.7650
Epoch: 57, Loss: 0.0042, Train: 1.0000, Val: 0.7860, Test: 0.7630
Epoch: 58, Loss: 0.0096, Train: 1.0000, Val: 0.7800, Test: 0.7700
Epoch: 59, Loss: 0.0051, Train: 1.0000, Val: 0.7840, Test: 0.7740
Epoch: 60, Loss: 0.0039, Train: 1.0000, Val: 0.7880, Test: 0.7700
Epoch: 61, Loss: 0.0070, Train: 1.0000, Val: 0.7820, Test: 0.7690
Epoch: 62, Loss: 0.0060, Train: 1.0000, Val: 0.7820, Test: 0.7670
Epoch: 63, Loss: 0.0059, Train: 1.0000, Val: 0.7780, Test: 0.7660
Epoch: 64, Loss: 0.0049, Train: 1.0000, Val: 0.7760, Test: 0.7690
Epoch: 65, Loss: 0.0048, Train: 1.0000, Val: 0.7780, Test: 0.7660
Epoch: 66, Loss: 0.0040, Train: 1.0000, Val: 0.7780, Test: 0.7670
Epoch: 67, Loss: 0.0040, Train: 1.0000, Val: 0.7800, Test: 0.7670
Epoch: 68, Loss: 0.0040, Train: 1.0000, Val: 0.7820, Test: 0.7700
Epoch: 69, Loss: 0.0037, Train: 1.0000, Val: 0.7800, Test: 0.7690
Epoch: 70, Loss: 0.0055, Train: 1.0000, Val: 0.7800, Test: 0.7680
Epoch: 71, Loss: 0.0042, Train: 1.0000, Val: 0.7800, Test: 0.7700
Epoch: 72, Loss: 0.0052, Train: 1.0000, Val: 0.7820, Test: 0.7710
Epoch: 73, Loss: 0.0037, Train: 1.0000, Val: 0.7820, Test: 0.7730
Epoch: 74, Loss: 0.0029, Train: 1.0000, Val: 0.7860, Test: 0.7730
Epoch: 75, Loss: 0.0032, Train: 1.0000, Val: 0.7880, Test: 0.7730
Epoch: 76, Loss: 0.0021, Train: 1.0000, Val: 0.7880, Test: 0.7720
Epoch: 77, Loss: 0.0014, Train: 1.0000, Val: 0.7840, Test: 0.7710
Epoch: 78, Loss: 0.0017, Train: 1.0000, Val: 0.7880, Test: 0.7700
Epoch: 79, Loss: 0.0024, Train: 1.0000, Val: 0.7900, Test: 0.7670
Epoch: 80, Loss: 0.0030, Train: 1.0000, Val: 0.7860, Test: 0.7650
Epoch: 81, Loss: 0.0025, Train: 1.0000, Val: 0.7860, Test: 0.7650
Epoch: 82, Loss: 0.0016, Train: 1.0000, Val: 0.7860, Test: 0.7650
Epoch: 83, Loss: 0.0022, Train: 1.0000, Val: 0.7820, Test: 0.7670
Epoch: 84, Loss: 0.0022, Train: 1.0000, Val: 0.7820, Test: 0.7660
Epoch: 85, Loss: 0.0036, Train: 1.0000, Val: 0.7820, Test: 0.7640
Epoch: 86, Loss: 0.0022, Train: 1.0000, Val: 0.7820, Test: 0.7660
Epoch: 87, Loss: 0.0020, Train: 1.0000, Val: 0.7820, Test: 0.7670
Epoch: 88, Loss: 0.0032, Train: 1.0000, Val: 0.7820, Test: 0.7690
Epoch: 89, Loss: 0.0016, Train: 1.0000, Val: 0.7820, Test: 0.7690
Epoch: 90, Loss: 0.0022, Train: 1.0000, Val: 0.7800, Test: 0.7680
Epoch: 91, Loss: 0.0017, Train: 1.0000, Val: 0.7800, Test: 0.7680
Epoch: 92, Loss: 0.0021, Train: 1.0000, Val: 0.7800, Test: 0.7660
Epoch: 93, Loss: 0.0027, Train: 1.0000, Val: 0.7820, Test: 0.7670
Epoch: 94, Loss: 0.0017, Train: 1.0000, Val: 0.7820, Test: 0.7660
Epoch: 95, Loss: 0.0024, Train: 1.0000, Val: 0.7820, Test: 0.7650
Epoch: 96, Loss: 0.0016, Train: 1.0000, Val: 0.7820, Test: 0.7640
Epoch: 97, Loss: 0.0021, Train: 1.0000, Val: 0.7820, Test: 0.7640
Epoch: 98, Loss: 0.0010, Train: 1.0000, Val: 0.7820, Test: 0.7640
Epoch: 99, Loss: 0.0011, Train: 1.0000, Val: 0.7820, Test: 0.7640
Epoch: 100, Loss: 0.0016, Train: 1.0000, Val: 0.7820, Test: 0.7630
MAD:  0.4875
Best Test Accuracy: 0.7740, Val Accuracy: 0.7840, Train Accuracy: 1.0000
Training completed.
Seed:  4
PMPGNN(
  (convs): ModuleList(
    (0): ParallelGNNBlock(
      (conv1): GATv2Conv(128, 128, heads=1)
      (conv2): GATv2Conv(128, 128, heads=1)
      (norm): LayerNorm((128,), eps=1e-05, elementwise_affine=True)
    )
    (1-2): 2 x ParallelGNNBlock(
      (conv1): GATv2Conv(256, 128, heads=1)
      (conv2): GATv2Conv(256, 128, heads=1)
      (norm): LayerNorm((128,), eps=1e-05, elementwise_affine=True)
    )
  )
  (norm): LayerNorm((256,), eps=1e-05, elementwise_affine=True)
  (mlp): Sequential(
    (0): Linear(in_features=256, out_features=64, bias=True)
    (1): LeakyReLU(negative_slope=0.01)
    (2): Dropout(p=0.3, inplace=False)
    (3): Linear(in_features=64, out_features=3, bias=True)
  )
  (proj): Linear(in_features=500, out_features=128, bias=True)
)
Epoch: 1, Loss: 1.0966, Train: 0.5167, Val: 0.4460, Test: 0.4500
Epoch: 2, Loss: 1.1165, Train: 0.3333, Val: 0.4160, Test: 0.4070
Epoch: 3, Loss: 1.1061, Train: 0.3333, Val: 0.4160, Test: 0.4070
Epoch: 4, Loss: 1.0946, Train: 0.3333, Val: 0.4160, Test: 0.4070
Epoch: 5, Loss: 1.1027, Train: 0.4333, Val: 0.4420, Test: 0.4350
Epoch: 6, Loss: 1.0197, Train: 0.6000, Val: 0.4720, Test: 0.4530
Epoch: 7, Loss: 1.0786, Train: 0.4500, Val: 0.2880, Test: 0.2750
Epoch: 8, Loss: 1.0547, Train: 0.4500, Val: 0.2300, Test: 0.2210
Epoch: 9, Loss: 1.0436, Train: 0.4500, Val: 0.2300, Test: 0.2180
Epoch: 10, Loss: 1.0751, Train: 0.6000, Val: 0.3480, Test: 0.3350
Epoch: 11, Loss: 1.0378, Train: 0.8500, Val: 0.6480, Test: 0.6440
Epoch: 12, Loss: 1.0211, Train: 0.9333, Val: 0.7340, Test: 0.7090
Epoch: 13, Loss: 1.0233, Train: 0.9167, Val: 0.7260, Test: 0.7050
Epoch: 14, Loss: 1.0023, Train: 0.9333, Val: 0.7240, Test: 0.7010
Epoch: 15, Loss: 1.0125, Train: 0.9333, Val: 0.7300, Test: 0.7010
Epoch: 16, Loss: 0.9789, Train: 0.9500, Val: 0.7260, Test: 0.6920
Epoch: 17, Loss: 0.9611, Train: 0.9333, Val: 0.7060, Test: 0.6700
Epoch: 18, Loss: 0.9126, Train: 0.9167, Val: 0.7120, Test: 0.6620
Epoch: 19, Loss: 0.8496, Train: 0.9167, Val: 0.7060, Test: 0.6600
Epoch: 20, Loss: 0.7875, Train: 0.9167, Val: 0.7080, Test: 0.6700
Epoch: 21, Loss: 0.7541, Train: 0.9000, Val: 0.7240, Test: 0.6860
Epoch: 22, Loss: 0.7291, Train: 0.9167, Val: 0.7300, Test: 0.6900
Epoch: 23, Loss: 0.7022, Train: 0.9500, Val: 0.7480, Test: 0.7030
Epoch: 24, Loss: 0.5659, Train: 0.9500, Val: 0.7440, Test: 0.7070
Epoch: 25, Loss: 0.5408, Train: 0.9500, Val: 0.7400, Test: 0.7080
Epoch: 26, Loss: 0.5367, Train: 0.9500, Val: 0.7400, Test: 0.7090
Epoch: 27, Loss: 0.4927, Train: 0.9500, Val: 0.7580, Test: 0.7230
Epoch: 28, Loss: 0.4566, Train: 0.9333, Val: 0.7540, Test: 0.7110
Epoch: 29, Loss: 0.3947, Train: 0.9333, Val: 0.7520, Test: 0.7130
Epoch: 30, Loss: 0.3719, Train: 0.9500, Val: 0.7640, Test: 0.7120
Epoch: 31, Loss: 0.3443, Train: 0.9667, Val: 0.7660, Test: 0.7220
Epoch: 32, Loss: 0.3165, Train: 0.9833, Val: 0.7580, Test: 0.7160
Epoch: 33, Loss: 0.2544, Train: 0.9833, Val: 0.7420, Test: 0.7080
Epoch: 34, Loss: 0.1794, Train: 0.9833, Val: 0.7420, Test: 0.7160
Epoch: 35, Loss: 0.1789, Train: 0.9833, Val: 0.7540, Test: 0.7360
Epoch: 36, Loss: 0.1918, Train: 1.0000, Val: 0.7700, Test: 0.7490
Epoch: 37, Loss: 0.1393, Train: 1.0000, Val: 0.7720, Test: 0.7490
Epoch: 38, Loss: 0.1187, Train: 1.0000, Val: 0.7620, Test: 0.7300
Epoch: 39, Loss: 0.1124, Train: 1.0000, Val: 0.7600, Test: 0.7200
Epoch: 40, Loss: 0.0807, Train: 1.0000, Val: 0.7560, Test: 0.7310
Epoch: 41, Loss: 0.0715, Train: 1.0000, Val: 0.7680, Test: 0.7300
Epoch: 42, Loss: 0.0546, Train: 1.0000, Val: 0.7700, Test: 0.7370
Epoch: 43, Loss: 0.0581, Train: 1.0000, Val: 0.7740, Test: 0.7470
Epoch: 44, Loss: 0.0418, Train: 1.0000, Val: 0.7800, Test: 0.7510
Epoch: 45, Loss: 0.0605, Train: 1.0000, Val: 0.7820, Test: 0.7590
Epoch: 46, Loss: 0.0349, Train: 1.0000, Val: 0.7820, Test: 0.7640
Epoch: 47, Loss: 0.0267, Train: 1.0000, Val: 0.7800, Test: 0.7660
Epoch: 48, Loss: 0.0186, Train: 1.0000, Val: 0.7760, Test: 0.7660
Epoch: 49, Loss: 0.0232, Train: 1.0000, Val: 0.7820, Test: 0.7650
Epoch: 50, Loss: 0.0146, Train: 1.0000, Val: 0.7780, Test: 0.7660
Epoch: 51, Loss: 0.0174, Train: 1.0000, Val: 0.7800, Test: 0.7660
Epoch: 52, Loss: 0.0139, Train: 1.0000, Val: 0.7820, Test: 0.7650
Epoch: 53, Loss: 0.0133, Train: 1.0000, Val: 0.7860, Test: 0.7600
Epoch: 54, Loss: 0.0122, Train: 1.0000, Val: 0.7720, Test: 0.7520
Epoch: 55, Loss: 0.0109, Train: 1.0000, Val: 0.7660, Test: 0.7460
Epoch: 56, Loss: 0.0081, Train: 1.0000, Val: 0.7600, Test: 0.7430
Epoch: 57, Loss: 0.0080, Train: 1.0000, Val: 0.7580, Test: 0.7400
Epoch: 58, Loss: 0.0045, Train: 1.0000, Val: 0.7600, Test: 0.7400
Epoch: 59, Loss: 0.0181, Train: 1.0000, Val: 0.7600, Test: 0.7470
Epoch: 60, Loss: 0.0051, Train: 1.0000, Val: 0.7820, Test: 0.7570
Epoch: 61, Loss: 0.0058, Train: 1.0000, Val: 0.7860, Test: 0.7590
Epoch: 62, Loss: 0.0056, Train: 1.0000, Val: 0.7860, Test: 0.7600
Epoch: 63, Loss: 0.0079, Train: 1.0000, Val: 0.7920, Test: 0.7640
Epoch: 64, Loss: 0.0040, Train: 1.0000, Val: 0.7940, Test: 0.7650
Epoch: 65, Loss: 0.0065, Train: 1.0000, Val: 0.7940, Test: 0.7660
Epoch: 66, Loss: 0.0077, Train: 1.0000, Val: 0.7940, Test: 0.7670
Epoch: 67, Loss: 0.0044, Train: 1.0000, Val: 0.7940, Test: 0.7670
Epoch: 68, Loss: 0.0058, Train: 1.0000, Val: 0.7960, Test: 0.7660
Epoch: 69, Loss: 0.0048, Train: 1.0000, Val: 0.7940, Test: 0.7660
Epoch: 70, Loss: 0.0046, Train: 1.0000, Val: 0.7920, Test: 0.7670
Epoch: 71, Loss: 0.0039, Train: 1.0000, Val: 0.7920, Test: 0.7660
Epoch: 72, Loss: 0.0078, Train: 1.0000, Val: 0.7900, Test: 0.7670
Epoch: 73, Loss: 0.0050, Train: 1.0000, Val: 0.7900, Test: 0.7660
Epoch: 74, Loss: 0.0039, Train: 1.0000, Val: 0.7880, Test: 0.7680
Epoch: 75, Loss: 0.0039, Train: 1.0000, Val: 0.7900, Test: 0.7680
Epoch: 76, Loss: 0.0029, Train: 1.0000, Val: 0.7900, Test: 0.7680
Epoch: 77, Loss: 0.0039, Train: 1.0000, Val: 0.7920, Test: 0.7670
Epoch: 78, Loss: 0.0022, Train: 1.0000, Val: 0.7920, Test: 0.7670
Epoch: 79, Loss: 0.0041, Train: 1.0000, Val: 0.7880, Test: 0.7670
Epoch: 80, Loss: 0.0024, Train: 1.0000, Val: 0.7880, Test: 0.7650
Epoch: 81, Loss: 0.0027, Train: 1.0000, Val: 0.7880, Test: 0.7650
Epoch: 82, Loss: 0.0021, Train: 1.0000, Val: 0.7840, Test: 0.7640
Epoch: 83, Loss: 0.0023, Train: 1.0000, Val: 0.7860, Test: 0.7650
Epoch: 84, Loss: 0.0018, Train: 1.0000, Val: 0.7880, Test: 0.7640
Epoch: 85, Loss: 0.0033, Train: 1.0000, Val: 0.7880, Test: 0.7650
Epoch: 86, Loss: 0.0045, Train: 1.0000, Val: 0.7880, Test: 0.7620
Epoch: 87, Loss: 0.0016, Train: 1.0000, Val: 0.7860, Test: 0.7610
Epoch: 88, Loss: 0.0024, Train: 1.0000, Val: 0.7860, Test: 0.7600
Epoch: 89, Loss: 0.0020, Train: 1.0000, Val: 0.7860, Test: 0.7600
Epoch: 90, Loss: 0.0020, Train: 1.0000, Val: 0.7880, Test: 0.7610
Epoch: 91, Loss: 0.0030, Train: 1.0000, Val: 0.7900, Test: 0.7590
Epoch: 92, Loss: 0.0018, Train: 1.0000, Val: 0.7900, Test: 0.7590
Epoch: 93, Loss: 0.0022, Train: 1.0000, Val: 0.7920, Test: 0.7580
Epoch: 94, Loss: 0.0026, Train: 1.0000, Val: 0.7920, Test: 0.7580
Epoch: 95, Loss: 0.0030, Train: 1.0000, Val: 0.7920, Test: 0.7580
Epoch: 96, Loss: 0.0038, Train: 1.0000, Val: 0.7940, Test: 0.7570
Epoch: 97, Loss: 0.0022, Train: 1.0000, Val: 0.7940, Test: 0.7550
Epoch: 98, Loss: 0.0019, Train: 1.0000, Val: 0.7940, Test: 0.7550
Epoch: 99, Loss: 0.0014, Train: 1.0000, Val: 0.7920, Test: 0.7560
Epoch: 100, Loss: 0.0021, Train: 1.0000, Val: 0.7920, Test: 0.7570
MAD:  0.497
Best Test Accuracy: 0.7680, Val Accuracy: 0.7880, Train Accuracy: 1.0000
Training completed.
Seed:  5
PMPGNN(
  (convs): ModuleList(
    (0): ParallelGNNBlock(
      (conv1): GATv2Conv(128, 128, heads=1)
      (conv2): GATv2Conv(128, 128, heads=1)
      (norm): LayerNorm((128,), eps=1e-05, elementwise_affine=True)
    )
    (1-2): 2 x ParallelGNNBlock(
      (conv1): GATv2Conv(256, 128, heads=1)
      (conv2): GATv2Conv(256, 128, heads=1)
      (norm): LayerNorm((128,), eps=1e-05, elementwise_affine=True)
    )
  )
  (norm): LayerNorm((256,), eps=1e-05, elementwise_affine=True)
  (mlp): Sequential(
    (0): Linear(in_features=256, out_features=64, bias=True)
    (1): LeakyReLU(negative_slope=0.01)
    (2): Dropout(p=0.3, inplace=False)
    (3): Linear(in_features=64, out_features=3, bias=True)
  )
  (proj): Linear(in_features=500, out_features=128, bias=True)
)
Epoch: 1, Loss: 1.1015, Train: 0.5167, Val: 0.5840, Test: 0.5670
Epoch: 2, Loss: 1.0635, Train: 0.5333, Val: 0.5240, Test: 0.5540
Epoch: 3, Loss: 1.0816, Train: 0.5333, Val: 0.5540, Test: 0.5630
Epoch: 4, Loss: 1.0315, Train: 0.5667, Val: 0.5800, Test: 0.5970
Epoch: 5, Loss: 1.0792, Train: 0.5833, Val: 0.6060, Test: 0.6040
Epoch: 6, Loss: 1.0676, Train: 0.8833, Val: 0.7160, Test: 0.6960
Epoch: 7, Loss: 1.0229, Train: 0.8667, Val: 0.6200, Test: 0.6090
Epoch: 8, Loss: 1.0292, Train: 0.8000, Val: 0.5820, Test: 0.5620
Epoch: 9, Loss: 1.0253, Train: 0.8333, Val: 0.6380, Test: 0.6090
Epoch: 10, Loss: 0.9909, Train: 0.8833, Val: 0.7180, Test: 0.6720
Epoch: 11, Loss: 1.0165, Train: 0.9000, Val: 0.7480, Test: 0.7050
Epoch: 12, Loss: 0.9475, Train: 0.9333, Val: 0.7480, Test: 0.7210
Epoch: 13, Loss: 0.8577, Train: 0.9333, Val: 0.7520, Test: 0.7320
Epoch: 14, Loss: 0.8469, Train: 0.9333, Val: 0.7380, Test: 0.7340
Epoch: 15, Loss: 0.8304, Train: 0.9333, Val: 0.7520, Test: 0.7360
Epoch: 16, Loss: 0.7440, Train: 0.9333, Val: 0.7520, Test: 0.7320
Epoch: 17, Loss: 0.7924, Train: 0.9333, Val: 0.7460, Test: 0.7130
Epoch: 18, Loss: 0.6003, Train: 0.9333, Val: 0.7420, Test: 0.6970
Epoch: 19, Loss: 0.6034, Train: 0.9333, Val: 0.7400, Test: 0.6890
Epoch: 20, Loss: 0.5922, Train: 0.9333, Val: 0.7400, Test: 0.6870
Epoch: 21, Loss: 0.5637, Train: 0.9333, Val: 0.7420, Test: 0.6940
Epoch: 22, Loss: 0.5476, Train: 0.9667, Val: 0.7640, Test: 0.7110
Epoch: 23, Loss: 0.4823, Train: 0.9500, Val: 0.7720, Test: 0.7210
Epoch: 24, Loss: 0.4553, Train: 0.9500, Val: 0.7780, Test: 0.7340
Epoch: 25, Loss: 0.3548, Train: 0.9667, Val: 0.7760, Test: 0.7410
Epoch: 26, Loss: 0.3296, Train: 0.9667, Val: 0.7700, Test: 0.7530
Epoch: 27, Loss: 0.3217, Train: 0.9833, Val: 0.7700, Test: 0.7530
Epoch: 28, Loss: 0.2783, Train: 0.9833, Val: 0.7800, Test: 0.7630
Epoch: 29, Loss: 0.2433, Train: 0.9833, Val: 0.7940, Test: 0.7650
Epoch: 30, Loss: 0.2346, Train: 0.9833, Val: 0.7960, Test: 0.7740
Epoch: 31, Loss: 0.2003, Train: 0.9833, Val: 0.7940, Test: 0.7740
Epoch: 32, Loss: 0.1723, Train: 0.9833, Val: 0.7940, Test: 0.7800
Epoch: 33, Loss: 0.1378, Train: 0.9833, Val: 0.7900, Test: 0.7790
Epoch: 34, Loss: 0.1087, Train: 0.9833, Val: 0.7860, Test: 0.7740
Epoch: 35, Loss: 0.1134, Train: 0.9833, Val: 0.7960, Test: 0.7790
Epoch: 36, Loss: 0.0726, Train: 1.0000, Val: 0.8000, Test: 0.7780
Epoch: 37, Loss: 0.1105, Train: 1.0000, Val: 0.8000, Test: 0.7760
Epoch: 38, Loss: 0.0681, Train: 1.0000, Val: 0.8000, Test: 0.7720
Epoch: 39, Loss: 0.0588, Train: 1.0000, Val: 0.7940, Test: 0.7730
Epoch: 40, Loss: 0.0552, Train: 1.0000, Val: 0.7920, Test: 0.7680
Epoch: 41, Loss: 0.0505, Train: 1.0000, Val: 0.7940, Test: 0.7720
Epoch: 42, Loss: 0.0429, Train: 1.0000, Val: 0.7940, Test: 0.7700
Epoch: 43, Loss: 0.0360, Train: 1.0000, Val: 0.7780, Test: 0.7650
Epoch: 44, Loss: 0.0437, Train: 1.0000, Val: 0.7800, Test: 0.7640
Epoch: 45, Loss: 0.0236, Train: 1.0000, Val: 0.7820, Test: 0.7670
Epoch: 46, Loss: 0.0182, Train: 1.0000, Val: 0.7820, Test: 0.7660
Epoch: 47, Loss: 0.0217, Train: 1.0000, Val: 0.7860, Test: 0.7690
Epoch: 48, Loss: 0.0281, Train: 1.0000, Val: 0.7920, Test: 0.7710
Epoch: 49, Loss: 0.0215, Train: 1.0000, Val: 0.7940, Test: 0.7630
Epoch: 50, Loss: 0.0151, Train: 1.0000, Val: 0.7920, Test: 0.7610
Epoch: 51, Loss: 0.0166, Train: 1.0000, Val: 0.7960, Test: 0.7600
Epoch: 52, Loss: 0.0270, Train: 1.0000, Val: 0.7900, Test: 0.7680
Epoch: 53, Loss: 0.0172, Train: 1.0000, Val: 0.7880, Test: 0.7750
Epoch: 54, Loss: 0.0078, Train: 1.0000, Val: 0.7880, Test: 0.7700
Epoch: 55, Loss: 0.0097, Train: 1.0000, Val: 0.7760, Test: 0.7580
Epoch: 56, Loss: 0.0094, Train: 1.0000, Val: 0.7700, Test: 0.7580
Epoch: 57, Loss: 0.0122, Train: 1.0000, Val: 0.7680, Test: 0.7520
Epoch: 58, Loss: 0.0069, Train: 1.0000, Val: 0.7580, Test: 0.7490
Epoch: 59, Loss: 0.0183, Train: 1.0000, Val: 0.7720, Test: 0.7580
Epoch: 60, Loss: 0.0085, Train: 1.0000, Val: 0.7840, Test: 0.7600
Epoch: 61, Loss: 0.0067, Train: 1.0000, Val: 0.7920, Test: 0.7660
Epoch: 62, Loss: 0.0067, Train: 1.0000, Val: 0.7900, Test: 0.7710
Epoch: 63, Loss: 0.0061, Train: 1.0000, Val: 0.7840, Test: 0.7700
Epoch: 64, Loss: 0.0048, Train: 1.0000, Val: 0.7880, Test: 0.7650
Epoch: 65, Loss: 0.0067, Train: 1.0000, Val: 0.7900, Test: 0.7640
Epoch: 66, Loss: 0.0045, Train: 1.0000, Val: 0.7880, Test: 0.7620
Epoch: 67, Loss: 0.0055, Train: 1.0000, Val: 0.7860, Test: 0.7580
Epoch: 68, Loss: 0.0142, Train: 1.0000, Val: 0.7880, Test: 0.7660
Epoch: 69, Loss: 0.0066, Train: 1.0000, Val: 0.7820, Test: 0.7690
Epoch: 70, Loss: 0.0034, Train: 1.0000, Val: 0.7860, Test: 0.7690
Epoch: 71, Loss: 0.0043, Train: 1.0000, Val: 0.7940, Test: 0.7620
Epoch: 72, Loss: 0.0035, Train: 1.0000, Val: 0.7880, Test: 0.7680
Epoch: 73, Loss: 0.0033, Train: 1.0000, Val: 0.7800, Test: 0.7670
Epoch: 74, Loss: 0.0055, Train: 1.0000, Val: 0.7840, Test: 0.7620
Epoch: 75, Loss: 0.0084, Train: 1.0000, Val: 0.7800, Test: 0.7550
Epoch: 76, Loss: 0.0026, Train: 1.0000, Val: 0.7700, Test: 0.7580
Epoch: 77, Loss: 0.0039, Train: 1.0000, Val: 0.7700, Test: 0.7590
Epoch: 78, Loss: 0.0048, Train: 1.0000, Val: 0.7640, Test: 0.7570
Epoch: 79, Loss: 0.0038, Train: 1.0000, Val: 0.7640, Test: 0.7550
Epoch: 80, Loss: 0.0069, Train: 1.0000, Val: 0.7680, Test: 0.7580
Epoch: 81, Loss: 0.0046, Train: 1.0000, Val: 0.7760, Test: 0.7500
Epoch: 82, Loss: 0.0046, Train: 1.0000, Val: 0.7740, Test: 0.7500
Epoch: 83, Loss: 0.0026, Train: 1.0000, Val: 0.7760, Test: 0.7530
Epoch: 84, Loss: 0.0043, Train: 1.0000, Val: 0.7780, Test: 0.7570
Epoch: 85, Loss: 0.0035, Train: 1.0000, Val: 0.7760, Test: 0.7650
Epoch: 86, Loss: 0.0023, Train: 1.0000, Val: 0.7800, Test: 0.7660
Epoch: 87, Loss: 0.0024, Train: 1.0000, Val: 0.7880, Test: 0.7660
Epoch: 88, Loss: 0.0046, Train: 1.0000, Val: 0.7840, Test: 0.7640
Epoch: 89, Loss: 0.0030, Train: 1.0000, Val: 0.7840, Test: 0.7630
Epoch: 90, Loss: 0.0017, Train: 1.0000, Val: 0.7840, Test: 0.7610
Epoch: 91, Loss: 0.0036, Train: 1.0000, Val: 0.7840, Test: 0.7570
Epoch: 92, Loss: 0.0031, Train: 1.0000, Val: 0.7900, Test: 0.7560
Epoch: 93, Loss: 0.0025, Train: 1.0000, Val: 0.7860, Test: 0.7530
Epoch: 94, Loss: 0.0027, Train: 1.0000, Val: 0.7860, Test: 0.7510
Epoch: 95, Loss: 0.0029, Train: 1.0000, Val: 0.7860, Test: 0.7520
Epoch: 96, Loss: 0.0027, Train: 1.0000, Val: 0.7860, Test: 0.7540
Epoch: 97, Loss: 0.0024, Train: 1.0000, Val: 0.7860, Test: 0.7550
Epoch: 98, Loss: 0.0030, Train: 1.0000, Val: 0.7840, Test: 0.7520
Epoch: 99, Loss: 0.0021, Train: 1.0000, Val: 0.7840, Test: 0.7560
Epoch: 100, Loss: 0.0017, Train: 1.0000, Val: 0.7900, Test: 0.7560
MAD:  0.4224
Best Test Accuracy: 0.7800, Val Accuracy: 0.7940, Train Accuracy: 0.9833
Training completed.
Seed:  6
PMPGNN(
  (convs): ModuleList(
    (0): ParallelGNNBlock(
      (conv1): GATv2Conv(128, 128, heads=1)
      (conv2): GATv2Conv(128, 128, heads=1)
      (norm): LayerNorm((128,), eps=1e-05, elementwise_affine=True)
    )
    (1-2): 2 x ParallelGNNBlock(
      (conv1): GATv2Conv(256, 128, heads=1)
      (conv2): GATv2Conv(256, 128, heads=1)
      (norm): LayerNorm((128,), eps=1e-05, elementwise_affine=True)
    )
  )
  (norm): LayerNorm((256,), eps=1e-05, elementwise_affine=True)
  (mlp): Sequential(
    (0): Linear(in_features=256, out_features=64, bias=True)
    (1): LeakyReLU(negative_slope=0.01)
    (2): Dropout(p=0.3, inplace=False)
    (3): Linear(in_features=64, out_features=3, bias=True)
  )
  (proj): Linear(in_features=500, out_features=128, bias=True)
)
Epoch: 1, Loss: 1.1112, Train: 0.3333, Val: 0.4160, Test: 0.4070
Epoch: 2, Loss: 1.1092, Train: 0.3333, Val: 0.4200, Test: 0.4050
Epoch: 3, Loss: 1.1081, Train: 0.5500, Val: 0.5500, Test: 0.5780
Epoch: 4, Loss: 1.1286, Train: 0.4667, Val: 0.5020, Test: 0.5320
Epoch: 5, Loss: 1.0757, Train: 0.3333, Val: 0.3920, Test: 0.4200
Epoch: 6, Loss: 1.0765, Train: 0.3333, Val: 0.3880, Test: 0.4130
Epoch: 7, Loss: 1.0743, Train: 0.3333, Val: 0.3880, Test: 0.4130
Epoch: 8, Loss: 1.0813, Train: 0.3333, Val: 0.3880, Test: 0.4130
Epoch: 9, Loss: 1.0841, Train: 0.3333, Val: 0.3880, Test: 0.4130
Epoch: 10, Loss: 1.0582, Train: 0.3500, Val: 0.3900, Test: 0.4140
Epoch: 11, Loss: 1.0522, Train: 0.4167, Val: 0.3920, Test: 0.4190
Epoch: 12, Loss: 1.0146, Train: 0.4667, Val: 0.4320, Test: 0.4540
Epoch: 13, Loss: 1.0277, Train: 0.6500, Val: 0.5120, Test: 0.5210
Epoch: 14, Loss: 0.9361, Train: 0.8167, Val: 0.6360, Test: 0.6470
Epoch: 15, Loss: 0.9604, Train: 0.8333, Val: 0.7140, Test: 0.6920
Epoch: 16, Loss: 0.9611, Train: 0.8500, Val: 0.7120, Test: 0.7040
Epoch: 17, Loss: 0.9241, Train: 0.8833, Val: 0.7140, Test: 0.6690
Epoch: 18, Loss: 0.8576, Train: 0.8667, Val: 0.6820, Test: 0.6380
Epoch: 19, Loss: 0.8414, Train: 0.8667, Val: 0.6760, Test: 0.6300
Epoch: 20, Loss: 0.7492, Train: 0.8500, Val: 0.6460, Test: 0.6250
Epoch: 21, Loss: 0.7913, Train: 0.8667, Val: 0.6260, Test: 0.6040
Epoch: 22, Loss: 0.7177, Train: 0.8833, Val: 0.6440, Test: 0.6230
Epoch: 23, Loss: 0.6466, Train: 0.9000, Val: 0.6700, Test: 0.6420
Epoch: 24, Loss: 0.6723, Train: 0.9333, Val: 0.7140, Test: 0.6670
Epoch: 25, Loss: 0.5619, Train: 0.9333, Val: 0.7340, Test: 0.6990
Epoch: 26, Loss: 0.5178, Train: 0.9333, Val: 0.7400, Test: 0.7260
Epoch: 27, Loss: 0.5224, Train: 0.9500, Val: 0.7500, Test: 0.7260
Epoch: 28, Loss: 0.4766, Train: 0.9500, Val: 0.7460, Test: 0.7250
Epoch: 29, Loss: 0.4081, Train: 0.9833, Val: 0.7460, Test: 0.7190
Epoch: 30, Loss: 0.3783, Train: 0.9833, Val: 0.7420, Test: 0.7300
Epoch: 31, Loss: 0.3089, Train: 0.9833, Val: 0.7580, Test: 0.7420
Epoch: 32, Loss: 0.3286, Train: 0.9833, Val: 0.7640, Test: 0.7530
Epoch: 33, Loss: 0.2815, Train: 0.9833, Val: 0.7700, Test: 0.7610
Epoch: 34, Loss: 0.2189, Train: 0.9833, Val: 0.7760, Test: 0.7700
Epoch: 35, Loss: 0.2201, Train: 0.9833, Val: 0.7780, Test: 0.7700
Epoch: 36, Loss: 0.1658, Train: 1.0000, Val: 0.7780, Test: 0.7620
Epoch: 37, Loss: 0.1743, Train: 1.0000, Val: 0.7740, Test: 0.7670
Epoch: 38, Loss: 0.1139, Train: 1.0000, Val: 0.7740, Test: 0.7650
Epoch: 39, Loss: 0.1204, Train: 1.0000, Val: 0.7640, Test: 0.7430
Epoch: 40, Loss: 0.0829, Train: 1.0000, Val: 0.7640, Test: 0.7350
Epoch: 41, Loss: 0.0833, Train: 1.0000, Val: 0.7680, Test: 0.7560
Epoch: 42, Loss: 0.0628, Train: 1.0000, Val: 0.7760, Test: 0.7710
Epoch: 43, Loss: 0.0558, Train: 1.0000, Val: 0.7700, Test: 0.7660
Epoch: 44, Loss: 0.0361, Train: 1.0000, Val: 0.7700, Test: 0.7650
Epoch: 45, Loss: 0.0742, Train: 1.0000, Val: 0.7720, Test: 0.7700
Epoch: 46, Loss: 0.0397, Train: 1.0000, Val: 0.7720, Test: 0.7670
Epoch: 47, Loss: 0.0427, Train: 1.0000, Val: 0.7760, Test: 0.7640
Epoch: 48, Loss: 0.0195, Train: 1.0000, Val: 0.7820, Test: 0.7610
Epoch: 49, Loss: 0.0261, Train: 1.0000, Val: 0.7640, Test: 0.7560
Epoch: 50, Loss: 0.0177, Train: 1.0000, Val: 0.7700, Test: 0.7560
Epoch: 51, Loss: 0.0175, Train: 1.0000, Val: 0.7700, Test: 0.7520
Epoch: 52, Loss: 0.0113, Train: 1.0000, Val: 0.7620, Test: 0.7500
Epoch: 53, Loss: 0.0088, Train: 1.0000, Val: 0.7560, Test: 0.7500
Epoch: 54, Loss: 0.0098, Train: 1.0000, Val: 0.7580, Test: 0.7510
Epoch: 55, Loss: 0.0135, Train: 1.0000, Val: 0.7620, Test: 0.7500
Epoch: 56, Loss: 0.0076, Train: 1.0000, Val: 0.7600, Test: 0.7490
Epoch: 57, Loss: 0.0111, Train: 1.0000, Val: 0.7600, Test: 0.7430
Epoch: 58, Loss: 0.0083, Train: 1.0000, Val: 0.7620, Test: 0.7460
Epoch: 59, Loss: 0.0074, Train: 1.0000, Val: 0.7640, Test: 0.7450
Epoch: 60, Loss: 0.0068, Train: 1.0000, Val: 0.7640, Test: 0.7510
Epoch: 61, Loss: 0.0044, Train: 1.0000, Val: 0.7660, Test: 0.7540
Epoch: 62, Loss: 0.0054, Train: 1.0000, Val: 0.7700, Test: 0.7570
Epoch: 63, Loss: 0.0038, Train: 1.0000, Val: 0.7740, Test: 0.7590
Epoch: 64, Loss: 0.0053, Train: 1.0000, Val: 0.7740, Test: 0.7610
Epoch: 65, Loss: 0.0049, Train: 1.0000, Val: 0.7760, Test: 0.7620
Epoch: 66, Loss: 0.0043, Train: 1.0000, Val: 0.7800, Test: 0.7610
Epoch: 67, Loss: 0.0035, Train: 1.0000, Val: 0.7840, Test: 0.7650
Epoch: 68, Loss: 0.0049, Train: 1.0000, Val: 0.7820, Test: 0.7630
Epoch: 69, Loss: 0.0032, Train: 1.0000, Val: 0.7820, Test: 0.7590
Epoch: 70, Loss: 0.0043, Train: 1.0000, Val: 0.7840, Test: 0.7560
Epoch: 71, Loss: 0.0024, Train: 1.0000, Val: 0.7780, Test: 0.7620
Epoch: 72, Loss: 0.0020, Train: 1.0000, Val: 0.7780, Test: 0.7660
Epoch: 73, Loss: 0.0081, Train: 1.0000, Val: 0.7820, Test: 0.7590
Epoch: 74, Loss: 0.0026, Train: 1.0000, Val: 0.7820, Test: 0.7580
Epoch: 75, Loss: 0.0016, Train: 1.0000, Val: 0.7800, Test: 0.7580
Epoch: 76, Loss: 0.0021, Train: 1.0000, Val: 0.7800, Test: 0.7600
Epoch: 77, Loss: 0.0030, Train: 1.0000, Val: 0.7820, Test: 0.7590
Epoch: 78, Loss: 0.0038, Train: 1.0000, Val: 0.7800, Test: 0.7580
Epoch: 79, Loss: 0.0021, Train: 1.0000, Val: 0.7800, Test: 0.7580
Epoch: 80, Loss: 0.0027, Train: 1.0000, Val: 0.7800, Test: 0.7570
Epoch: 81, Loss: 0.0017, Train: 1.0000, Val: 0.7800, Test: 0.7570
Epoch: 82, Loss: 0.0011, Train: 1.0000, Val: 0.7800, Test: 0.7580
Epoch: 83, Loss: 0.0036, Train: 1.0000, Val: 0.7800, Test: 0.7560
Epoch: 84, Loss: 0.0024, Train: 1.0000, Val: 0.7800, Test: 0.7550
Epoch: 85, Loss: 0.0020, Train: 1.0000, Val: 0.7800, Test: 0.7570
Epoch: 86, Loss: 0.0016, Train: 1.0000, Val: 0.7800, Test: 0.7560
Epoch: 87, Loss: 0.0015, Train: 1.0000, Val: 0.7800, Test: 0.7560
Epoch: 88, Loss: 0.0022, Train: 1.0000, Val: 0.7820, Test: 0.7560
Epoch: 89, Loss: 0.0016, Train: 1.0000, Val: 0.7820, Test: 0.7570
Epoch: 90, Loss: 0.0030, Train: 1.0000, Val: 0.7840, Test: 0.7560
Epoch: 91, Loss: 0.0016, Train: 1.0000, Val: 0.7820, Test: 0.7570
Epoch: 92, Loss: 0.0014, Train: 1.0000, Val: 0.7820, Test: 0.7580
Epoch: 93, Loss: 0.0008, Train: 1.0000, Val: 0.7820, Test: 0.7580
Epoch: 94, Loss: 0.0012, Train: 1.0000, Val: 0.7840, Test: 0.7580
Epoch: 95, Loss: 0.0014, Train: 1.0000, Val: 0.7860, Test: 0.7580
Epoch: 96, Loss: 0.0016, Train: 1.0000, Val: 0.7860, Test: 0.7570
Epoch: 97, Loss: 0.0023, Train: 1.0000, Val: 0.7860, Test: 0.7570
Epoch: 98, Loss: 0.0012, Train: 1.0000, Val: 0.7840, Test: 0.7570
Epoch: 99, Loss: 0.0018, Train: 1.0000, Val: 0.7820, Test: 0.7570
Epoch: 100, Loss: 0.0009, Train: 1.0000, Val: 0.7820, Test: 0.7570
MAD:  0.4654
Best Test Accuracy: 0.7710, Val Accuracy: 0.7760, Train Accuracy: 1.0000
Training completed.
Seed:  7
PMPGNN(
  (convs): ModuleList(
    (0): ParallelGNNBlock(
      (conv1): GATv2Conv(128, 128, heads=1)
      (conv2): GATv2Conv(128, 128, heads=1)
      (norm): LayerNorm((128,), eps=1e-05, elementwise_affine=True)
    )
    (1-2): 2 x ParallelGNNBlock(
      (conv1): GATv2Conv(256, 128, heads=1)
      (conv2): GATv2Conv(256, 128, heads=1)
      (norm): LayerNorm((128,), eps=1e-05, elementwise_affine=True)
    )
  )
  (norm): LayerNorm((256,), eps=1e-05, elementwise_affine=True)
  (mlp): Sequential(
    (0): Linear(in_features=256, out_features=64, bias=True)
    (1): LeakyReLU(negative_slope=0.01)
    (2): Dropout(p=0.3, inplace=False)
    (3): Linear(in_features=64, out_features=3, bias=True)
  )
  (proj): Linear(in_features=500, out_features=128, bias=True)
)
Epoch: 1, Loss: 1.0850, Train: 0.5000, Val: 0.3800, Test: 0.3600
Epoch: 2, Loss: 1.0786, Train: 0.3333, Val: 0.2000, Test: 0.1880
Epoch: 3, Loss: 1.0836, Train: 0.6167, Val: 0.4600, Test: 0.4240
Epoch: 4, Loss: 1.0742, Train: 0.5000, Val: 0.4920, Test: 0.4590
Epoch: 5, Loss: 1.0747, Train: 0.4333, Val: 0.4440, Test: 0.4360
Epoch: 6, Loss: 1.1426, Train: 0.5500, Val: 0.4940, Test: 0.4740
Epoch: 7, Loss: 1.0277, Train: 0.6000, Val: 0.5280, Test: 0.5050
Epoch: 8, Loss: 1.0709, Train: 0.6667, Val: 0.5460, Test: 0.5210
Epoch: 9, Loss: 1.0443, Train: 0.7500, Val: 0.5720, Test: 0.5600
Epoch: 10, Loss: 1.0649, Train: 0.9000, Val: 0.6560, Test: 0.6410
Epoch: 11, Loss: 1.0016, Train: 0.9167, Val: 0.7100, Test: 0.6740
Epoch: 12, Loss: 1.0532, Train: 0.9167, Val: 0.6820, Test: 0.6610
Epoch: 13, Loss: 0.9756, Train: 0.9000, Val: 0.6760, Test: 0.6480
Epoch: 14, Loss: 0.9643, Train: 0.9000, Val: 0.6780, Test: 0.6470
Epoch: 15, Loss: 0.9994, Train: 0.8667, Val: 0.6480, Test: 0.6370
Epoch: 16, Loss: 0.9229, Train: 0.8333, Val: 0.6400, Test: 0.6250
Epoch: 17, Loss: 0.8831, Train: 0.8500, Val: 0.6280, Test: 0.6240
Epoch: 18, Loss: 0.9093, Train: 0.8667, Val: 0.6420, Test: 0.6340
Epoch: 19, Loss: 0.8427, Train: 0.8833, Val: 0.6620, Test: 0.6380
Epoch: 20, Loss: 0.7586, Train: 0.9167, Val: 0.6880, Test: 0.6600
Epoch: 21, Loss: 0.7429, Train: 0.9167, Val: 0.7060, Test: 0.6630
Epoch: 22, Loss: 0.5995, Train: 0.9000, Val: 0.7220, Test: 0.6830
Epoch: 23, Loss: 0.5929, Train: 0.9333, Val: 0.7360, Test: 0.6960
Epoch: 24, Loss: 0.5702, Train: 0.9500, Val: 0.7460, Test: 0.7070
Epoch: 25, Loss: 0.5473, Train: 0.9500, Val: 0.7540, Test: 0.7170
Epoch: 26, Loss: 0.4877, Train: 0.9500, Val: 0.7480, Test: 0.7110
Epoch: 27, Loss: 0.4021, Train: 0.9500, Val: 0.7500, Test: 0.7110
Epoch: 28, Loss: 0.3873, Train: 0.9333, Val: 0.7400, Test: 0.7050
Epoch: 29, Loss: 0.3538, Train: 0.9500, Val: 0.7400, Test: 0.7150
Epoch: 30, Loss: 0.3491, Train: 0.9667, Val: 0.7400, Test: 0.7070
Epoch: 31, Loss: 0.2890, Train: 0.9833, Val: 0.7360, Test: 0.7040
Epoch: 32, Loss: 0.2792, Train: 0.9833, Val: 0.7440, Test: 0.7100
Epoch: 33, Loss: 0.2496, Train: 1.0000, Val: 0.7560, Test: 0.7280
Epoch: 34, Loss: 0.2046, Train: 1.0000, Val: 0.7640, Test: 0.7390
Epoch: 35, Loss: 0.1459, Train: 1.0000, Val: 0.7640, Test: 0.7360
Epoch: 36, Loss: 0.1206, Train: 1.0000, Val: 0.7600, Test: 0.7340
Epoch: 37, Loss: 0.1295, Train: 1.0000, Val: 0.7540, Test: 0.7230
Epoch: 38, Loss: 0.1056, Train: 1.0000, Val: 0.7440, Test: 0.7200
Epoch: 39, Loss: 0.0984, Train: 1.0000, Val: 0.7440, Test: 0.7140
Epoch: 40, Loss: 0.0994, Train: 1.0000, Val: 0.7480, Test: 0.7270
Epoch: 41, Loss: 0.0557, Train: 1.0000, Val: 0.7660, Test: 0.7310
Epoch: 42, Loss: 0.0606, Train: 1.0000, Val: 0.7820, Test: 0.7450
Epoch: 43, Loss: 0.0355, Train: 1.0000, Val: 0.7740, Test: 0.7510
Epoch: 44, Loss: 0.0412, Train: 1.0000, Val: 0.7800, Test: 0.7590
Epoch: 45, Loss: 0.0261, Train: 1.0000, Val: 0.7660, Test: 0.7610
Epoch: 46, Loss: 0.0349, Train: 1.0000, Val: 0.7620, Test: 0.7540
Epoch: 47, Loss: 0.0587, Train: 1.0000, Val: 0.7680, Test: 0.7490
Epoch: 48, Loss: 0.0268, Train: 1.0000, Val: 0.7660, Test: 0.7420
Epoch: 49, Loss: 0.0128, Train: 1.0000, Val: 0.7680, Test: 0.7370
Epoch: 50, Loss: 0.0303, Train: 1.0000, Val: 0.7620, Test: 0.7410
Epoch: 51, Loss: 0.0209, Train: 1.0000, Val: 0.7500, Test: 0.7340
Epoch: 52, Loss: 0.0159, Train: 1.0000, Val: 0.7440, Test: 0.7310
Epoch: 53, Loss: 0.0111, Train: 1.0000, Val: 0.7460, Test: 0.7320
Epoch: 54, Loss: 0.0059, Train: 1.0000, Val: 0.7540, Test: 0.7320
Epoch: 55, Loss: 0.0094, Train: 1.0000, Val: 0.7640, Test: 0.7310
Epoch: 56, Loss: 0.0082, Train: 1.0000, Val: 0.7660, Test: 0.7320
Epoch: 57, Loss: 0.0119, Train: 1.0000, Val: 0.7680, Test: 0.7410
Epoch: 58, Loss: 0.0112, Train: 1.0000, Val: 0.7640, Test: 0.7370
Epoch: 59, Loss: 0.0048, Train: 1.0000, Val: 0.7580, Test: 0.7480
Epoch: 60, Loss: 0.0049, Train: 1.0000, Val: 0.7600, Test: 0.7460
Epoch: 61, Loss: 0.0075, Train: 1.0000, Val: 0.7640, Test: 0.7490
Epoch: 62, Loss: 0.0053, Train: 1.0000, Val: 0.7560, Test: 0.7500
Epoch: 63, Loss: 0.0027, Train: 1.0000, Val: 0.7580, Test: 0.7510
Epoch: 64, Loss: 0.0037, Train: 1.0000, Val: 0.7560, Test: 0.7530
Epoch: 65, Loss: 0.0042, Train: 1.0000, Val: 0.7520, Test: 0.7540
Epoch: 66, Loss: 0.0046, Train: 1.0000, Val: 0.7540, Test: 0.7560
Epoch: 67, Loss: 0.0049, Train: 1.0000, Val: 0.7540, Test: 0.7530
Epoch: 68, Loss: 0.0050, Train: 1.0000, Val: 0.7580, Test: 0.7550
Epoch: 69, Loss: 0.0044, Train: 1.0000, Val: 0.7600, Test: 0.7580
Epoch: 70, Loss: 0.0063, Train: 1.0000, Val: 0.7640, Test: 0.7580
Epoch: 71, Loss: 0.0045, Train: 1.0000, Val: 0.7680, Test: 0.7600
Epoch: 72, Loss: 0.0043, Train: 1.0000, Val: 0.7700, Test: 0.7610
Epoch: 73, Loss: 0.0051, Train: 1.0000, Val: 0.7720, Test: 0.7600
Epoch: 74, Loss: 0.0034, Train: 1.0000, Val: 0.7740, Test: 0.7640
Epoch: 75, Loss: 0.0034, Train: 1.0000, Val: 0.7740, Test: 0.7630
Epoch: 76, Loss: 0.0035, Train: 1.0000, Val: 0.7780, Test: 0.7660
Epoch: 77, Loss: 0.0019, Train: 1.0000, Val: 0.7800, Test: 0.7680
Epoch: 78, Loss: 0.0029, Train: 1.0000, Val: 0.7800, Test: 0.7670
Epoch: 79, Loss: 0.0037, Train: 1.0000, Val: 0.7820, Test: 0.7650
Epoch: 80, Loss: 0.0019, Train: 1.0000, Val: 0.7820, Test: 0.7650
Epoch: 81, Loss: 0.0019, Train: 1.0000, Val: 0.7780, Test: 0.7650
Epoch: 82, Loss: 0.0018, Train: 1.0000, Val: 0.7760, Test: 0.7650
Epoch: 83, Loss: 0.0032, Train: 1.0000, Val: 0.7800, Test: 0.7600
Epoch: 84, Loss: 0.0039, Train: 1.0000, Val: 0.7800, Test: 0.7580
Epoch: 85, Loss: 0.0026, Train: 1.0000, Val: 0.7740, Test: 0.7580
Epoch: 86, Loss: 0.0027, Train: 1.0000, Val: 0.7760, Test: 0.7570
Epoch: 87, Loss: 0.0020, Train: 1.0000, Val: 0.7760, Test: 0.7550
Epoch: 88, Loss: 0.0016, Train: 1.0000, Val: 0.7760, Test: 0.7540
Epoch: 89, Loss: 0.0012, Train: 1.0000, Val: 0.7760, Test: 0.7540
Epoch: 90, Loss: 0.0019, Train: 1.0000, Val: 0.7780, Test: 0.7570
Epoch: 91, Loss: 0.0022, Train: 1.0000, Val: 0.7780, Test: 0.7570
Epoch: 92, Loss: 0.0025, Train: 1.0000, Val: 0.7800, Test: 0.7560
Epoch: 93, Loss: 0.0021, Train: 1.0000, Val: 0.7820, Test: 0.7570
Epoch: 94, Loss: 0.0020, Train: 1.0000, Val: 0.7820, Test: 0.7580
Epoch: 95, Loss: 0.0022, Train: 1.0000, Val: 0.7820, Test: 0.7590
Epoch: 96, Loss: 0.0015, Train: 1.0000, Val: 0.7820, Test: 0.7590
Epoch: 97, Loss: 0.0014, Train: 1.0000, Val: 0.7800, Test: 0.7600
Epoch: 98, Loss: 0.0018, Train: 1.0000, Val: 0.7800, Test: 0.7600
Epoch: 99, Loss: 0.0020, Train: 1.0000, Val: 0.7800, Test: 0.7610
Epoch: 100, Loss: 0.0027, Train: 1.0000, Val: 0.7800, Test: 0.7610
MAD:  0.5094
Best Test Accuracy: 0.7680, Val Accuracy: 0.7800, Train Accuracy: 1.0000
Training completed.
Seed:  8
PMPGNN(
  (convs): ModuleList(
    (0): ParallelGNNBlock(
      (conv1): GATv2Conv(128, 128, heads=1)
      (conv2): GATv2Conv(128, 128, heads=1)
      (norm): LayerNorm((128,), eps=1e-05, elementwise_affine=True)
    )
    (1-2): 2 x ParallelGNNBlock(
      (conv1): GATv2Conv(256, 128, heads=1)
      (conv2): GATv2Conv(256, 128, heads=1)
      (norm): LayerNorm((128,), eps=1e-05, elementwise_affine=True)
    )
  )
  (norm): LayerNorm((256,), eps=1e-05, elementwise_affine=True)
  (mlp): Sequential(
    (0): Linear(in_features=256, out_features=64, bias=True)
    (1): LeakyReLU(negative_slope=0.01)
    (2): Dropout(p=0.3, inplace=False)
    (3): Linear(in_features=64, out_features=3, bias=True)
  )
  (proj): Linear(in_features=500, out_features=128, bias=True)
)
Epoch: 1, Loss: 1.1078, Train: 0.3333, Val: 0.4220, Test: 0.4030
Epoch: 2, Loss: 1.1014, Train: 0.6500, Val: 0.5600, Test: 0.5600
Epoch: 3, Loss: 1.1135, Train: 0.5000, Val: 0.3120, Test: 0.3100
Epoch: 4, Loss: 1.0989, Train: 0.3500, Val: 0.2040, Test: 0.1890
Epoch: 5, Loss: 1.1051, Train: 0.3833, Val: 0.2040, Test: 0.1930
Epoch: 6, Loss: 1.0845, Train: 0.5333, Val: 0.3300, Test: 0.3250
Epoch: 7, Loss: 1.0787, Train: 0.7667, Val: 0.6120, Test: 0.6110
Epoch: 8, Loss: 1.1088, Train: 0.8000, Val: 0.6880, Test: 0.6780
Epoch: 9, Loss: 1.0682, Train: 0.8667, Val: 0.6940, Test: 0.6830
Epoch: 10, Loss: 1.0427, Train: 0.8667, Val: 0.6960, Test: 0.7020
Epoch: 11, Loss: 1.0448, Train: 0.8667, Val: 0.7080, Test: 0.6900
Epoch: 12, Loss: 1.0396, Train: 0.8667, Val: 0.7040, Test: 0.6920
Epoch: 13, Loss: 0.9650, Train: 0.8833, Val: 0.7080, Test: 0.7000
Epoch: 14, Loss: 0.9915, Train: 0.8833, Val: 0.7140, Test: 0.7060
Epoch: 15, Loss: 0.9914, Train: 0.8833, Val: 0.7260, Test: 0.7070
Epoch: 16, Loss: 0.9623, Train: 0.8833, Val: 0.7240, Test: 0.7030
Epoch: 17, Loss: 0.9141, Train: 0.8833, Val: 0.7340, Test: 0.7120
Epoch: 18, Loss: 0.9054, Train: 0.9167, Val: 0.7260, Test: 0.7160
Epoch: 19, Loss: 0.8381, Train: 0.9167, Val: 0.7300, Test: 0.7060
Epoch: 20, Loss: 0.7707, Train: 0.9500, Val: 0.7260, Test: 0.7060
Epoch: 21, Loss: 0.7449, Train: 0.9500, Val: 0.7420, Test: 0.7050
Epoch: 22, Loss: 0.6440, Train: 0.9333, Val: 0.7320, Test: 0.7020
Epoch: 23, Loss: 0.6808, Train: 0.9333, Val: 0.7340, Test: 0.6980
Epoch: 24, Loss: 0.5821, Train: 0.9333, Val: 0.7360, Test: 0.7070
Epoch: 25, Loss: 0.5082, Train: 0.9333, Val: 0.7420, Test: 0.7100
Epoch: 26, Loss: 0.5119, Train: 0.9500, Val: 0.7500, Test: 0.7160
Epoch: 27, Loss: 0.4416, Train: 0.9500, Val: 0.7500, Test: 0.7200
Epoch: 28, Loss: 0.4167, Train: 0.9667, Val: 0.7620, Test: 0.7290
Epoch: 29, Loss: 0.3698, Train: 0.9667, Val: 0.7660, Test: 0.7390
Epoch: 30, Loss: 0.3277, Train: 0.9667, Val: 0.7780, Test: 0.7520
Epoch: 31, Loss: 0.2881, Train: 0.9667, Val: 0.7840, Test: 0.7580
Epoch: 32, Loss: 0.2531, Train: 0.9667, Val: 0.7740, Test: 0.7520
Epoch: 33, Loss: 0.2485, Train: 0.9833, Val: 0.7780, Test: 0.7550
Epoch: 34, Loss: 0.1719, Train: 0.9833, Val: 0.7840, Test: 0.7520
Epoch: 35, Loss: 0.1776, Train: 0.9833, Val: 0.7840, Test: 0.7510
Epoch: 36, Loss: 0.1444, Train: 0.9833, Val: 0.7900, Test: 0.7540
Epoch: 37, Loss: 0.1133, Train: 1.0000, Val: 0.7860, Test: 0.7510
Epoch: 38, Loss: 0.0958, Train: 1.0000, Val: 0.7860, Test: 0.7580
Epoch: 39, Loss: 0.0918, Train: 1.0000, Val: 0.7860, Test: 0.7640
Epoch: 40, Loss: 0.0754, Train: 1.0000, Val: 0.7900, Test: 0.7630
Epoch: 41, Loss: 0.0600, Train: 1.0000, Val: 0.7800, Test: 0.7590
Epoch: 42, Loss: 0.0559, Train: 1.0000, Val: 0.7760, Test: 0.7510
Epoch: 43, Loss: 0.0534, Train: 1.0000, Val: 0.7720, Test: 0.7450
Epoch: 44, Loss: 0.0646, Train: 1.0000, Val: 0.7760, Test: 0.7460
Epoch: 45, Loss: 0.0532, Train: 1.0000, Val: 0.7760, Test: 0.7480
Epoch: 46, Loss: 0.0531, Train: 1.0000, Val: 0.7740, Test: 0.7480
Epoch: 47, Loss: 0.0294, Train: 1.0000, Val: 0.7700, Test: 0.7440
Epoch: 48, Loss: 0.0349, Train: 1.0000, Val: 0.7840, Test: 0.7480
Epoch: 49, Loss: 0.0285, Train: 1.0000, Val: 0.7920, Test: 0.7500
Epoch: 50, Loss: 0.0209, Train: 1.0000, Val: 0.7900, Test: 0.7560
Epoch: 51, Loss: 0.0220, Train: 1.0000, Val: 0.7880, Test: 0.7570
Epoch: 52, Loss: 0.0148, Train: 1.0000, Val: 0.7880, Test: 0.7520
Epoch: 53, Loss: 0.0105, Train: 1.0000, Val: 0.7860, Test: 0.7590
Epoch: 54, Loss: 0.0070, Train: 1.0000, Val: 0.7860, Test: 0.7590
Epoch: 55, Loss: 0.0096, Train: 1.0000, Val: 0.7840, Test: 0.7630
Epoch: 56, Loss: 0.0107, Train: 1.0000, Val: 0.7800, Test: 0.7600
Epoch: 57, Loss: 0.0083, Train: 1.0000, Val: 0.7820, Test: 0.7600
Epoch: 58, Loss: 0.0060, Train: 1.0000, Val: 0.7820, Test: 0.7610
Epoch: 59, Loss: 0.0051, Train: 1.0000, Val: 0.7800, Test: 0.7620
Epoch: 60, Loss: 0.0079, Train: 1.0000, Val: 0.7800, Test: 0.7600
Epoch: 61, Loss: 0.0068, Train: 1.0000, Val: 0.7800, Test: 0.7600
Epoch: 62, Loss: 0.0053, Train: 1.0000, Val: 0.7780, Test: 0.7560
Epoch: 63, Loss: 0.0046, Train: 1.0000, Val: 0.7800, Test: 0.7540
Epoch: 64, Loss: 0.0228, Train: 1.0000, Val: 0.7880, Test: 0.7570
Epoch: 65, Loss: 0.0072, Train: 1.0000, Val: 0.7880, Test: 0.7650
Epoch: 66, Loss: 0.0056, Train: 1.0000, Val: 0.7900, Test: 0.7650
Epoch: 67, Loss: 0.0048, Train: 1.0000, Val: 0.7900, Test: 0.7690
Epoch: 68, Loss: 0.0089, Train: 1.0000, Val: 0.7880, Test: 0.7700
Epoch: 69, Loss: 0.0026, Train: 1.0000, Val: 0.7900, Test: 0.7720
Epoch: 70, Loss: 0.0024, Train: 1.0000, Val: 0.7860, Test: 0.7700
Epoch: 71, Loss: 0.0028, Train: 1.0000, Val: 0.7840, Test: 0.7690
Epoch: 72, Loss: 0.0035, Train: 1.0000, Val: 0.7860, Test: 0.7690
Epoch: 73, Loss: 0.0066, Train: 1.0000, Val: 0.7860, Test: 0.7680
Epoch: 74, Loss: 0.0031, Train: 1.0000, Val: 0.7880, Test: 0.7660
Epoch: 75, Loss: 0.0031, Train: 1.0000, Val: 0.7900, Test: 0.7670
Epoch: 76, Loss: 0.0045, Train: 1.0000, Val: 0.7880, Test: 0.7680
Epoch: 77, Loss: 0.0026, Train: 1.0000, Val: 0.7860, Test: 0.7660
Epoch: 78, Loss: 0.0022, Train: 1.0000, Val: 0.7880, Test: 0.7670
Epoch: 79, Loss: 0.0044, Train: 1.0000, Val: 0.7900, Test: 0.7680
Epoch: 80, Loss: 0.0018, Train: 1.0000, Val: 0.7860, Test: 0.7670
Epoch: 81, Loss: 0.0037, Train: 1.0000, Val: 0.7860, Test: 0.7650
Epoch: 82, Loss: 0.0026, Train: 1.0000, Val: 0.7880, Test: 0.7620
Epoch: 83, Loss: 0.0030, Train: 1.0000, Val: 0.7900, Test: 0.7610
Epoch: 84, Loss: 0.0024, Train: 1.0000, Val: 0.7880, Test: 0.7610
Epoch: 85, Loss: 0.0020, Train: 1.0000, Val: 0.7820, Test: 0.7610
Epoch: 86, Loss: 0.0017, Train: 1.0000, Val: 0.7800, Test: 0.7590
Epoch: 87, Loss: 0.0030, Train: 1.0000, Val: 0.7780, Test: 0.7590
Epoch: 88, Loss: 0.0012, Train: 1.0000, Val: 0.7780, Test: 0.7560
Epoch: 89, Loss: 0.0016, Train: 1.0000, Val: 0.7760, Test: 0.7550
Epoch: 90, Loss: 0.0014, Train: 1.0000, Val: 0.7760, Test: 0.7550
Epoch: 91, Loss: 0.0023, Train: 1.0000, Val: 0.7780, Test: 0.7570
Epoch: 92, Loss: 0.0053, Train: 1.0000, Val: 0.7700, Test: 0.7570
Epoch: 93, Loss: 0.0018, Train: 1.0000, Val: 0.7720, Test: 0.7550
Epoch: 94, Loss: 0.0023, Train: 1.0000, Val: 0.7740, Test: 0.7550
Epoch: 95, Loss: 0.0024, Train: 1.0000, Val: 0.7740, Test: 0.7550
Epoch: 96, Loss: 0.0014, Train: 1.0000, Val: 0.7760, Test: 0.7530
Epoch: 97, Loss: 0.0021, Train: 1.0000, Val: 0.7760, Test: 0.7560
Epoch: 98, Loss: 0.0021, Train: 1.0000, Val: 0.7740, Test: 0.7580
Epoch: 99, Loss: 0.0042, Train: 1.0000, Val: 0.7740, Test: 0.7540
Epoch: 100, Loss: 0.0022, Train: 1.0000, Val: 0.7800, Test: 0.7560
MAD:  0.4716
Best Test Accuracy: 0.7720, Val Accuracy: 0.7900, Train Accuracy: 1.0000
Training completed.
Seed:  9
PMPGNN(
  (convs): ModuleList(
    (0): ParallelGNNBlock(
      (conv1): GATv2Conv(128, 128, heads=1)
      (conv2): GATv2Conv(128, 128, heads=1)
      (norm): LayerNorm((128,), eps=1e-05, elementwise_affine=True)
    )
    (1-2): 2 x ParallelGNNBlock(
      (conv1): GATv2Conv(256, 128, heads=1)
      (conv2): GATv2Conv(256, 128, heads=1)
      (norm): LayerNorm((128,), eps=1e-05, elementwise_affine=True)
    )
  )
  (norm): LayerNorm((256,), eps=1e-05, elementwise_affine=True)
  (mlp): Sequential(
    (0): Linear(in_features=256, out_features=64, bias=True)
    (1): LeakyReLU(negative_slope=0.01)
    (2): Dropout(p=0.3, inplace=False)
    (3): Linear(in_features=64, out_features=3, bias=True)
  )
  (proj): Linear(in_features=500, out_features=128, bias=True)
)
Epoch: 1, Loss: 1.1224, Train: 0.3333, Val: 0.3880, Test: 0.4130
Epoch: 2, Loss: 1.1047, Train: 0.3333, Val: 0.3880, Test: 0.4130
Epoch: 3, Loss: 1.1085, Train: 0.3667, Val: 0.3960, Test: 0.4200
Epoch: 4, Loss: 1.0914, Train: 0.5167, Val: 0.4300, Test: 0.4600
Epoch: 5, Loss: 1.0484, Train: 0.6000, Val: 0.5040, Test: 0.5100
Epoch: 6, Loss: 1.0692, Train: 0.6000, Val: 0.5220, Test: 0.5160
Epoch: 7, Loss: 1.1059, Train: 0.6000, Val: 0.5140, Test: 0.5000
Epoch: 8, Loss: 1.0849, Train: 0.6000, Val: 0.5120, Test: 0.5050
Epoch: 9, Loss: 1.0382, Train: 0.5833, Val: 0.4980, Test: 0.5010
Epoch: 10, Loss: 1.0211, Train: 0.6333, Val: 0.5040, Test: 0.5080
Epoch: 11, Loss: 1.0399, Train: 0.6500, Val: 0.5240, Test: 0.5240
Epoch: 12, Loss: 1.0162, Train: 0.7333, Val: 0.5940, Test: 0.5990
Epoch: 13, Loss: 1.0394, Train: 0.8667, Val: 0.7060, Test: 0.6830
Epoch: 14, Loss: 1.0122, Train: 0.9333, Val: 0.7460, Test: 0.7340
Epoch: 15, Loss: 0.9356, Train: 0.9500, Val: 0.7600, Test: 0.7320
Epoch: 16, Loss: 0.9218, Train: 0.9500, Val: 0.7500, Test: 0.7200
Epoch: 17, Loss: 0.8457, Train: 0.9667, Val: 0.7320, Test: 0.6970
Epoch: 18, Loss: 0.8327, Train: 0.9500, Val: 0.7460, Test: 0.7010
Epoch: 19, Loss: 0.7842, Train: 0.9167, Val: 0.7340, Test: 0.7170
Epoch: 20, Loss: 0.7337, Train: 0.9167, Val: 0.7420, Test: 0.7170
Epoch: 21, Loss: 0.7036, Train: 0.9167, Val: 0.7440, Test: 0.7150
Epoch: 22, Loss: 0.6310, Train: 0.9333, Val: 0.7460, Test: 0.7190
Epoch: 23, Loss: 0.5470, Train: 0.9667, Val: 0.7420, Test: 0.7190
Epoch: 24, Loss: 0.5527, Train: 0.9667, Val: 0.7440, Test: 0.7150
Epoch: 25, Loss: 0.4643, Train: 0.9667, Val: 0.7460, Test: 0.7160
Epoch: 26, Loss: 0.4272, Train: 0.9667, Val: 0.7480, Test: 0.7240
Epoch: 27, Loss: 0.3623, Train: 0.9667, Val: 0.7480, Test: 0.7270
Epoch: 28, Loss: 0.3306, Train: 0.9667, Val: 0.7460, Test: 0.7260
Epoch: 29, Loss: 0.3012, Train: 0.9667, Val: 0.7420, Test: 0.7340
Epoch: 30, Loss: 0.2740, Train: 0.9667, Val: 0.7520, Test: 0.7460
Epoch: 31, Loss: 0.2344, Train: 1.0000, Val: 0.7680, Test: 0.7570
Epoch: 32, Loss: 0.2092, Train: 1.0000, Val: 0.7740, Test: 0.7670
Epoch: 33, Loss: 0.1649, Train: 1.0000, Val: 0.7760, Test: 0.7720
Epoch: 34, Loss: 0.1467, Train: 1.0000, Val: 0.7780, Test: 0.7790
Epoch: 35, Loss: 0.1016, Train: 1.0000, Val: 0.7760, Test: 0.7690
Epoch: 36, Loss: 0.1141, Train: 1.0000, Val: 0.7600, Test: 0.7610
Epoch: 37, Loss: 0.1016, Train: 1.0000, Val: 0.7600, Test: 0.7650
Epoch: 38, Loss: 0.0916, Train: 1.0000, Val: 0.7780, Test: 0.7590
Epoch: 39, Loss: 0.0776, Train: 1.0000, Val: 0.7820, Test: 0.7730
Epoch: 40, Loss: 0.0651, Train: 1.0000, Val: 0.7860, Test: 0.7780
Epoch: 41, Loss: 0.0560, Train: 1.0000, Val: 0.7840, Test: 0.7740
Epoch: 42, Loss: 0.0532, Train: 1.0000, Val: 0.7900, Test: 0.7740
Epoch: 43, Loss: 0.0326, Train: 1.0000, Val: 0.7820, Test: 0.7750
Epoch: 44, Loss: 0.0471, Train: 1.0000, Val: 0.7800, Test: 0.7650
Epoch: 45, Loss: 0.0237, Train: 1.0000, Val: 0.7760, Test: 0.7610
Epoch: 46, Loss: 0.0313, Train: 1.0000, Val: 0.7580, Test: 0.7540
Epoch: 47, Loss: 0.0200, Train: 1.0000, Val: 0.7480, Test: 0.7480
Epoch: 48, Loss: 0.0200, Train: 1.0000, Val: 0.7520, Test: 0.7430
Epoch: 49, Loss: 0.0210, Train: 1.0000, Val: 0.7540, Test: 0.7500
Epoch: 50, Loss: 0.0077, Train: 1.0000, Val: 0.7620, Test: 0.7550
Epoch: 51, Loss: 0.0106, Train: 1.0000, Val: 0.7620, Test: 0.7550
Epoch: 52, Loss: 0.0110, Train: 1.0000, Val: 0.7720, Test: 0.7610
Epoch: 53, Loss: 0.0075, Train: 1.0000, Val: 0.7720, Test: 0.7630
Epoch: 54, Loss: 0.0072, Train: 1.0000, Val: 0.7760, Test: 0.7630
Epoch: 55, Loss: 0.0050, Train: 1.0000, Val: 0.7820, Test: 0.7710
Epoch: 56, Loss: 0.0126, Train: 1.0000, Val: 0.7820, Test: 0.7710
Epoch: 57, Loss: 0.0079, Train: 1.0000, Val: 0.7780, Test: 0.7690
Epoch: 58, Loss: 0.0066, Train: 1.0000, Val: 0.7800, Test: 0.7670
Epoch: 59, Loss: 0.0044, Train: 1.0000, Val: 0.7820, Test: 0.7670
Epoch: 60, Loss: 0.0040, Train: 1.0000, Val: 0.7840, Test: 0.7650
Epoch: 61, Loss: 0.0036, Train: 1.0000, Val: 0.7840, Test: 0.7670
Epoch: 62, Loss: 0.0047, Train: 1.0000, Val: 0.7840, Test: 0.7640
Epoch: 63, Loss: 0.0051, Train: 1.0000, Val: 0.7860, Test: 0.7640
Epoch: 64, Loss: 0.0057, Train: 1.0000, Val: 0.7860, Test: 0.7640
Epoch: 65, Loss: 0.0033, Train: 1.0000, Val: 0.7860, Test: 0.7640
Epoch: 66, Loss: 0.0041, Train: 1.0000, Val: 0.7880, Test: 0.7660
Epoch: 67, Loss: 0.0050, Train: 1.0000, Val: 0.7840, Test: 0.7660
Epoch: 68, Loss: 0.0175, Train: 1.0000, Val: 0.7820, Test: 0.7570
Epoch: 69, Loss: 0.0026, Train: 1.0000, Val: 0.7680, Test: 0.7500
Epoch: 70, Loss: 0.0038, Train: 1.0000, Val: 0.7420, Test: 0.7270
Epoch: 71, Loss: 0.0059, Train: 1.0000, Val: 0.7280, Test: 0.7200
Epoch: 72, Loss: 0.0164, Train: 1.0000, Val: 0.7280, Test: 0.7220
Epoch: 73, Loss: 0.0055, Train: 1.0000, Val: 0.7360, Test: 0.7280
Epoch: 74, Loss: 0.0074, Train: 1.0000, Val: 0.7340, Test: 0.7300
Epoch: 75, Loss: 0.0033, Train: 1.0000, Val: 0.7360, Test: 0.7240
Epoch: 76, Loss: 0.0055, Train: 1.0000, Val: 0.7300, Test: 0.7280
Epoch: 77, Loss: 0.0030, Train: 1.0000, Val: 0.7380, Test: 0.7360
Epoch: 78, Loss: 0.0058, Train: 1.0000, Val: 0.7380, Test: 0.7380
Epoch: 79, Loss: 0.0014, Train: 1.0000, Val: 0.7380, Test: 0.7430
Epoch: 80, Loss: 0.0020, Train: 1.0000, Val: 0.7380, Test: 0.7420
Epoch: 81, Loss: 0.0026, Train: 1.0000, Val: 0.7400, Test: 0.7400
Epoch: 82, Loss: 0.0022, Train: 1.0000, Val: 0.7480, Test: 0.7410
Epoch: 83, Loss: 0.0024, Train: 1.0000, Val: 0.7460, Test: 0.7450
Epoch: 84, Loss: 0.0035, Train: 1.0000, Val: 0.7480, Test: 0.7470
Epoch: 85, Loss: 0.0036, Train: 1.0000, Val: 0.7500, Test: 0.7510
Epoch: 86, Loss: 0.0038, Train: 1.0000, Val: 0.7540, Test: 0.7510
Epoch: 87, Loss: 0.0026, Train: 1.0000, Val: 0.7540, Test: 0.7510
Epoch: 88, Loss: 0.0060, Train: 1.0000, Val: 0.7520, Test: 0.7500
Epoch: 89, Loss: 0.0019, Train: 1.0000, Val: 0.7620, Test: 0.7570
Epoch: 90, Loss: 0.0017, Train: 1.0000, Val: 0.7580, Test: 0.7490
Epoch: 91, Loss: 0.0020, Train: 1.0000, Val: 0.7540, Test: 0.7420
Epoch: 92, Loss: 0.0014, Train: 1.0000, Val: 0.7640, Test: 0.7420
Epoch: 93, Loss: 0.0020, Train: 1.0000, Val: 0.7600, Test: 0.7440
Epoch: 94, Loss: 0.0045, Train: 1.0000, Val: 0.7600, Test: 0.7490
Epoch: 95, Loss: 0.0018, Train: 1.0000, Val: 0.7680, Test: 0.7530
Epoch: 96, Loss: 0.0027, Train: 1.0000, Val: 0.7760, Test: 0.7570
Epoch: 97, Loss: 0.0024, Train: 1.0000, Val: 0.7760, Test: 0.7630
Epoch: 98, Loss: 0.0031, Train: 1.0000, Val: 0.7820, Test: 0.7630
Epoch: 99, Loss: 0.0025, Train: 1.0000, Val: 0.7860, Test: 0.7650
Epoch: 100, Loss: 0.0018, Train: 1.0000, Val: 0.7800, Test: 0.7620
MAD:  0.4942
Best Test Accuracy: 0.7790, Val Accuracy: 0.7780, Train Accuracy: 1.0000
Training completed.
Average Test Accuracy:  0.7716000000000001  0.005953150426454892
Average MAD:  0.47265000000000007  0.03188611766897939
