Seed:  0
PMPGNN(
  (convs): ModuleList(
    (0): ParallelGNNBlock(
      (conv1): GATv2Conv(128, 128, heads=4)
      (conv2): GATv2Conv(128, 128, heads=4)
      (norm): LayerNorm((128,), eps=1e-05, elementwise_affine=True)
    )
    (1-5): 5 x ParallelGNNBlock(
      (conv1): GATv2Conv(1024, 128, heads=4)
      (conv2): GATv2Conv(1024, 128, heads=4)
      (norm): LayerNorm((128,), eps=1e-05, elementwise_affine=True)
    )
    (6): GATv2Conv(1024, 256, heads=4)
  )
  (norm): LayerNorm((1024,), eps=1e-05, elementwise_affine=True)
  (mlp): Sequential(
    (0): Linear(in_features=1024, out_features=64, bias=True)
    (1): LeakyReLU(negative_slope=0.01)
    (2): Dropout(p=0.3, inplace=False)
    (3): Linear(in_features=64, out_features=7, bias=True)
  )
  (proj): Linear(in_features=1433, out_features=128, bias=True)
)
Epoch: 1, Loss: 1.9517, Train: 0.1714, Val: 0.1140, Test: 0.1040
Epoch: 2, Loss: 1.9625, Train: 0.1429, Val: 0.1140, Test: 0.1030
Epoch: 3, Loss: 1.9521, Train: 0.1429, Val: 0.1140, Test: 0.1030
Epoch: 4, Loss: 1.9601, Train: 0.1429, Val: 0.1140, Test: 0.1030
Epoch: 5, Loss: 1.9626, Train: 0.2357, Val: 0.1340, Test: 0.1390
Epoch: 6, Loss: 1.9631, Train: 0.1429, Val: 0.0720, Test: 0.0910
Epoch: 7, Loss: 1.9650, Train: 0.2429, Val: 0.1320, Test: 0.1520
Epoch: 8, Loss: 1.9506, Train: 0.2071, Val: 0.1880, Test: 0.1880
Epoch: 9, Loss: 1.9406, Train: 0.1500, Val: 0.3160, Test: 0.3200
Epoch: 10, Loss: 1.9406, Train: 0.1429, Val: 0.3160, Test: 0.3190
Epoch: 11, Loss: 1.9601, Train: 0.1786, Val: 0.3260, Test: 0.3270
Epoch: 12, Loss: 1.9400, Train: 0.1429, Val: 0.1140, Test: 0.1030
Epoch: 13, Loss: 1.9276, Train: 0.2286, Val: 0.1160, Test: 0.1240
Epoch: 14, Loss: 1.9334, Train: 0.1643, Val: 0.0800, Test: 0.0980
Epoch: 15, Loss: 1.9274, Train: 0.1857, Val: 0.0880, Test: 0.1050
Epoch: 16, Loss: 1.9234, Train: 0.3857, Val: 0.2240, Test: 0.2490
Epoch: 17, Loss: 1.8892, Train: 0.3929, Val: 0.2960, Test: 0.2950
Epoch: 18, Loss: 1.8842, Train: 0.4357, Val: 0.3200, Test: 0.3340
Epoch: 19, Loss: 1.8513, Train: 0.6214, Val: 0.4360, Test: 0.4530
Epoch: 20, Loss: 1.7987, Train: 0.6714, Val: 0.4440, Test: 0.4260
Epoch: 21, Loss: 1.7149, Train: 0.5143, Val: 0.3820, Test: 0.3640
Epoch: 22, Loss: 1.5978, Train: 0.4571, Val: 0.3100, Test: 0.3230
Epoch: 23, Loss: 1.5295, Train: 0.5500, Val: 0.3940, Test: 0.3710
Epoch: 24, Loss: 1.3767, Train: 0.5357, Val: 0.3920, Test: 0.3680
Epoch: 25, Loss: 1.3230, Train: 0.7286, Val: 0.5040, Test: 0.4950
Epoch: 26, Loss: 1.1791, Train: 0.7357, Val: 0.4980, Test: 0.5000
Epoch: 27, Loss: 1.1394, Train: 0.8357, Val: 0.6020, Test: 0.6070
Epoch: 28, Loss: 1.0405, Train: 0.8714, Val: 0.6840, Test: 0.6890
Epoch: 29, Loss: 0.8886, Train: 0.8000, Val: 0.6640, Test: 0.6740
Epoch: 30, Loss: 0.8321, Train: 0.7643, Val: 0.6320, Test: 0.6380
Epoch: 31, Loss: 0.7749, Train: 0.9000, Val: 0.6780, Test: 0.7000
Epoch: 32, Loss: 0.6598, Train: 0.8357, Val: 0.5800, Test: 0.5850
Epoch: 33, Loss: 0.5690, Train: 0.8429, Val: 0.5620, Test: 0.5700
Epoch: 34, Loss: 0.5459, Train: 0.8500, Val: 0.5820, Test: 0.5960
Epoch: 35, Loss: 0.4634, Train: 0.9286, Val: 0.7200, Test: 0.7300
Epoch: 36, Loss: 0.4931, Train: 0.9143, Val: 0.7120, Test: 0.7200
Epoch: 37, Loss: 0.3915, Train: 0.9000, Val: 0.7080, Test: 0.7120
Epoch: 38, Loss: 0.3627, Train: 0.9500, Val: 0.7280, Test: 0.7420
Epoch: 39, Loss: 0.3375, Train: 0.9357, Val: 0.7020, Test: 0.7180
Epoch: 40, Loss: 0.2995, Train: 0.9429, Val: 0.7080, Test: 0.7320
Epoch: 41, Loss: 0.2414, Train: 0.9929, Val: 0.7560, Test: 0.7620
Epoch: 42, Loss: 0.2236, Train: 0.9929, Val: 0.7780, Test: 0.7770
Epoch: 43, Loss: 0.1929, Train: 0.9857, Val: 0.7620, Test: 0.7610
Epoch: 44, Loss: 0.1923, Train: 0.9857, Val: 0.7620, Test: 0.7900
Epoch: 45, Loss: 0.1350, Train: 0.9857, Val: 0.7740, Test: 0.7840
Epoch: 46, Loss: 0.1018, Train: 0.9857, Val: 0.7900, Test: 0.8020
Epoch: 47, Loss: 0.1308, Train: 0.9929, Val: 0.7880, Test: 0.7910
Epoch: 48, Loss: 0.0746, Train: 0.9857, Val: 0.7600, Test: 0.7630
Epoch: 49, Loss: 0.0741, Train: 1.0000, Val: 0.7680, Test: 0.7550
Epoch: 50, Loss: 0.0454, Train: 0.9929, Val: 0.7480, Test: 0.7580
MAD:  0.8262
InfoGap:  0.9907044805586338
Best Test Accuracy: 0.8020, Val Accuracy: 0.7900, Train Accuracy: 0.9857
Training completed.
Seed:  1
PMPGNN(
  (convs): ModuleList(
    (0): ParallelGNNBlock(
      (conv1): GATv2Conv(128, 128, heads=4)
      (conv2): GATv2Conv(128, 128, heads=4)
      (norm): LayerNorm((128,), eps=1e-05, elementwise_affine=True)
    )
    (1-5): 5 x ParallelGNNBlock(
      (conv1): GATv2Conv(1024, 128, heads=4)
      (conv2): GATv2Conv(1024, 128, heads=4)
      (norm): LayerNorm((128,), eps=1e-05, elementwise_affine=True)
    )
    (6): GATv2Conv(1024, 256, heads=4)
  )
  (norm): LayerNorm((1024,), eps=1e-05, elementwise_affine=True)
  (mlp): Sequential(
    (0): Linear(in_features=1024, out_features=64, bias=True)
    (1): LeakyReLU(negative_slope=0.01)
    (2): Dropout(p=0.3, inplace=False)
    (3): Linear(in_features=64, out_features=7, bias=True)
  )
  (proj): Linear(in_features=1433, out_features=128, bias=True)
)
Epoch: 1, Loss: 1.9871, Train: 0.1786, Val: 0.1580, Test: 0.1560
Epoch: 2, Loss: 1.9437, Train: 0.2143, Val: 0.1440, Test: 0.1500
Epoch: 3, Loss: 1.9647, Train: 0.1429, Val: 0.0720, Test: 0.0910
Epoch: 4, Loss: 1.9542, Train: 0.2929, Val: 0.1660, Test: 0.1870
Epoch: 5, Loss: 1.9471, Train: 0.1429, Val: 0.1620, Test: 0.1490
Epoch: 6, Loss: 1.9571, Train: 0.1429, Val: 0.1620, Test: 0.1490
Epoch: 7, Loss: 1.9539, Train: 0.1429, Val: 0.1620, Test: 0.1490
Epoch: 8, Loss: 1.9582, Train: 0.1929, Val: 0.1860, Test: 0.1870
Epoch: 9, Loss: 1.9533, Train: 0.1429, Val: 0.0720, Test: 0.0910
Epoch: 10, Loss: 1.9281, Train: 0.1429, Val: 0.0720, Test: 0.0910
Epoch: 11, Loss: 1.9345, Train: 0.1929, Val: 0.0740, Test: 0.0940
Epoch: 12, Loss: 1.9125, Train: 0.3571, Val: 0.1620, Test: 0.1780
Epoch: 13, Loss: 1.8973, Train: 0.3857, Val: 0.2120, Test: 0.2320
Epoch: 14, Loss: 1.9101, Train: 0.3214, Val: 0.1700, Test: 0.1890
Epoch: 15, Loss: 1.8805, Train: 0.6357, Val: 0.4200, Test: 0.4620
Epoch: 16, Loss: 1.8225, Train: 0.6643, Val: 0.4540, Test: 0.4750
Epoch: 17, Loss: 1.7694, Train: 0.7000, Val: 0.4500, Test: 0.4740
Epoch: 18, Loss: 1.6898, Train: 0.6000, Val: 0.4620, Test: 0.4450
Epoch: 19, Loss: 1.5672, Train: 0.5857, Val: 0.4300, Test: 0.4160
Epoch: 20, Loss: 1.4644, Train: 0.5857, Val: 0.4040, Test: 0.3900
Epoch: 21, Loss: 1.3949, Train: 0.5643, Val: 0.3720, Test: 0.3860
Epoch: 22, Loss: 1.3245, Train: 0.6000, Val: 0.3860, Test: 0.3950
Epoch: 23, Loss: 1.2021, Train: 0.7786, Val: 0.4780, Test: 0.4930
Epoch: 24, Loss: 1.1583, Train: 0.8214, Val: 0.5020, Test: 0.5350
Epoch: 25, Loss: 1.0088, Train: 0.8857, Val: 0.6440, Test: 0.6610
Epoch: 26, Loss: 0.9462, Train: 0.8929, Val: 0.6460, Test: 0.6760
Epoch: 27, Loss: 0.8083, Train: 0.8643, Val: 0.6380, Test: 0.6700
Epoch: 28, Loss: 0.6877, Train: 0.8714, Val: 0.6420, Test: 0.6630
Epoch: 29, Loss: 0.6494, Train: 0.9286, Val: 0.6580, Test: 0.6670
Epoch: 30, Loss: 0.4884, Train: 0.9286, Val: 0.6880, Test: 0.7180
Epoch: 31, Loss: 0.4238, Train: 0.9500, Val: 0.7420, Test: 0.7460
Epoch: 32, Loss: 0.3753, Train: 0.9786, Val: 0.7480, Test: 0.7770
Epoch: 33, Loss: 0.2930, Train: 0.9929, Val: 0.7340, Test: 0.7610
Epoch: 34, Loss: 0.2353, Train: 0.9929, Val: 0.7420, Test: 0.7750
Epoch: 35, Loss: 0.1914, Train: 0.9786, Val: 0.7380, Test: 0.7710
Epoch: 36, Loss: 0.1740, Train: 0.9786, Val: 0.7380, Test: 0.7610
Epoch: 37, Loss: 0.1390, Train: 0.9929, Val: 0.7560, Test: 0.7800
Epoch: 38, Loss: 0.1226, Train: 0.9929, Val: 0.7620, Test: 0.7910
Epoch: 39, Loss: 0.0738, Train: 0.9857, Val: 0.7600, Test: 0.7830
Epoch: 40, Loss: 0.0841, Train: 1.0000, Val: 0.7560, Test: 0.7860
Epoch: 41, Loss: 0.0590, Train: 0.9929, Val: 0.7480, Test: 0.7770
Epoch: 42, Loss: 0.0709, Train: 1.0000, Val: 0.7380, Test: 0.7750
Epoch: 43, Loss: 0.0423, Train: 1.0000, Val: 0.7440, Test: 0.7800
Epoch: 44, Loss: 0.0175, Train: 1.0000, Val: 0.7520, Test: 0.7790
Epoch: 45, Loss: 0.0260, Train: 0.9929, Val: 0.7620, Test: 0.7830
Epoch: 46, Loss: 0.0182, Train: 0.9929, Val: 0.7600, Test: 0.7860
Epoch: 47, Loss: 0.0166, Train: 1.0000, Val: 0.7620, Test: 0.7820
Epoch: 48, Loss: 0.0578, Train: 1.0000, Val: 0.7540, Test: 0.7770
Epoch: 49, Loss: 0.0266, Train: 1.0000, Val: 0.7340, Test: 0.7700
Epoch: 50, Loss: 0.0075, Train: 0.9857, Val: 0.7360, Test: 0.7490
MAD:  0.8692
InfoGap:  0.9912707023322582
Best Test Accuracy: 0.7910, Val Accuracy: 0.7620, Train Accuracy: 0.9929
Training completed.
Seed:  2
PMPGNN(
  (convs): ModuleList(
    (0): ParallelGNNBlock(
      (conv1): GATv2Conv(128, 128, heads=4)
      (conv2): GATv2Conv(128, 128, heads=4)
      (norm): LayerNorm((128,), eps=1e-05, elementwise_affine=True)
    )
    (1-5): 5 x ParallelGNNBlock(
      (conv1): GATv2Conv(1024, 128, heads=4)
      (conv2): GATv2Conv(1024, 128, heads=4)
      (norm): LayerNorm((128,), eps=1e-05, elementwise_affine=True)
    )
    (6): GATv2Conv(1024, 256, heads=4)
  )
  (norm): LayerNorm((1024,), eps=1e-05, elementwise_affine=True)
  (mlp): Sequential(
    (0): Linear(in_features=1024, out_features=64, bias=True)
    (1): LeakyReLU(negative_slope=0.01)
    (2): Dropout(p=0.3, inplace=False)
    (3): Linear(in_features=64, out_features=7, bias=True)
  )
  (proj): Linear(in_features=1433, out_features=128, bias=True)
)
Epoch: 1, Loss: 1.9919, Train: 0.1429, Val: 0.3240, Test: 0.3240
Epoch: 2, Loss: 1.9495, Train: 0.2286, Val: 0.3020, Test: 0.3070
Epoch: 3, Loss: 1.9675, Train: 0.1429, Val: 0.1140, Test: 0.1030
Epoch: 4, Loss: 1.9819, Train: 0.1429, Val: 0.1140, Test: 0.1030
Epoch: 5, Loss: 1.9599, Train: 0.1429, Val: 0.1140, Test: 0.1030
Epoch: 6, Loss: 1.9534, Train: 0.1500, Val: 0.0580, Test: 0.0690
Epoch: 7, Loss: 1.9635, Train: 0.2500, Val: 0.3060, Test: 0.3080
Epoch: 8, Loss: 1.9663, Train: 0.2143, Val: 0.1960, Test: 0.2200
Epoch: 9, Loss: 1.9279, Train: 0.2071, Val: 0.1580, Test: 0.1860
Epoch: 10, Loss: 1.9372, Train: 0.2643, Val: 0.1880, Test: 0.1850
Epoch: 11, Loss: 1.9504, Train: 0.1786, Val: 0.1620, Test: 0.1520
Epoch: 12, Loss: 1.9294, Train: 0.1786, Val: 0.1720, Test: 0.1570
Epoch: 13, Loss: 1.9220, Train: 0.3071, Val: 0.2560, Test: 0.2810
Epoch: 14, Loss: 1.9813, Train: 0.1714, Val: 0.1680, Test: 0.1550
Epoch: 15, Loss: 1.9123, Train: 0.1429, Val: 0.1560, Test: 0.1440
Epoch: 16, Loss: 1.8990, Train: 0.1571, Val: 0.1560, Test: 0.1510
Epoch: 17, Loss: 1.9120, Train: 0.3714, Val: 0.2620, Test: 0.2510
Epoch: 18, Loss: 1.9342, Train: 0.5571, Val: 0.4220, Test: 0.4150
Epoch: 19, Loss: 1.8829, Train: 0.5571, Val: 0.3880, Test: 0.3850
Epoch: 20, Loss: 1.8461, Train: 0.6357, Val: 0.4300, Test: 0.4230
Epoch: 21, Loss: 1.7773, Train: 0.6786, Val: 0.4960, Test: 0.4620
Epoch: 22, Loss: 1.6951, Train: 0.5571, Val: 0.4060, Test: 0.3900
Epoch: 23, Loss: 1.5856, Train: 0.5571, Val: 0.4080, Test: 0.4020
Epoch: 24, Loss: 1.4330, Train: 0.5643, Val: 0.4300, Test: 0.4140
Epoch: 25, Loss: 1.3457, Train: 0.6286, Val: 0.4640, Test: 0.4640
Epoch: 26, Loss: 1.2069, Train: 0.7857, Val: 0.5540, Test: 0.5510
Epoch: 27, Loss: 1.0853, Train: 0.8071, Val: 0.5860, Test: 0.5970
Epoch: 28, Loss: 0.9924, Train: 0.8571, Val: 0.7000, Test: 0.7070
Epoch: 29, Loss: 0.8688, Train: 0.8857, Val: 0.7200, Test: 0.7320
Epoch: 30, Loss: 0.8133, Train: 0.9000, Val: 0.6920, Test: 0.6820
Epoch: 31, Loss: 0.7494, Train: 0.8786, Val: 0.6160, Test: 0.6090
Epoch: 32, Loss: 0.7338, Train: 0.9286, Val: 0.7060, Test: 0.7060
Epoch: 33, Loss: 0.6076, Train: 0.9429, Val: 0.6980, Test: 0.7180
Epoch: 34, Loss: 0.6146, Train: 0.9643, Val: 0.7280, Test: 0.7260
Epoch: 35, Loss: 0.5079, Train: 0.9357, Val: 0.7120, Test: 0.7020
Epoch: 36, Loss: 0.5416, Train: 0.9571, Val: 0.7200, Test: 0.7340
Epoch: 37, Loss: 0.4662, Train: 0.9643, Val: 0.7180, Test: 0.7400
Epoch: 38, Loss: 0.3810, Train: 0.9714, Val: 0.7500, Test: 0.7490
Epoch: 39, Loss: 0.3596, Train: 0.9714, Val: 0.7600, Test: 0.7470
Epoch: 40, Loss: 0.2840, Train: 0.9857, Val: 0.7440, Test: 0.7450
Epoch: 41, Loss: 0.2533, Train: 0.9857, Val: 0.7620, Test: 0.7520
Epoch: 42, Loss: 0.2064, Train: 0.9857, Val: 0.7580, Test: 0.7620
Epoch: 43, Loss: 0.1638, Train: 0.9857, Val: 0.7540, Test: 0.7640
Epoch: 44, Loss: 0.1385, Train: 0.9857, Val: 0.7520, Test: 0.7500
Epoch: 45, Loss: 0.1613, Train: 1.0000, Val: 0.7660, Test: 0.7730
Epoch: 46, Loss: 0.1217, Train: 0.9929, Val: 0.7660, Test: 0.7700
Epoch: 47, Loss: 0.1701, Train: 1.0000, Val: 0.7520, Test: 0.7530
Epoch: 48, Loss: 0.0755, Train: 0.9714, Val: 0.7120, Test: 0.7190
Epoch: 49, Loss: 0.1723, Train: 0.9857, Val: 0.7320, Test: 0.7510
Epoch: 50, Loss: 0.0857, Train: 0.9643, Val: 0.7580, Test: 0.7780
MAD:  0.8774
InfoGap:  0.9885909082368016
Best Test Accuracy: 0.7780, Val Accuracy: 0.7580, Train Accuracy: 0.9643
Training completed.
Seed:  3
PMPGNN(
  (convs): ModuleList(
    (0): ParallelGNNBlock(
      (conv1): GATv2Conv(128, 128, heads=4)
      (conv2): GATv2Conv(128, 128, heads=4)
      (norm): LayerNorm((128,), eps=1e-05, elementwise_affine=True)
    )
    (1-5): 5 x ParallelGNNBlock(
      (conv1): GATv2Conv(1024, 128, heads=4)
      (conv2): GATv2Conv(1024, 128, heads=4)
      (norm): LayerNorm((128,), eps=1e-05, elementwise_affine=True)
    )
    (6): GATv2Conv(1024, 256, heads=4)
  )
  (norm): LayerNorm((1024,), eps=1e-05, elementwise_affine=True)
  (mlp): Sequential(
    (0): Linear(in_features=1024, out_features=64, bias=True)
    (1): LeakyReLU(negative_slope=0.01)
    (2): Dropout(p=0.3, inplace=False)
    (3): Linear(in_features=64, out_features=7, bias=True)
  )
  (proj): Linear(in_features=1433, out_features=128, bias=True)
)
Epoch: 1, Loss: 1.9735, Train: 0.1429, Val: 0.1640, Test: 0.1490
Epoch: 2, Loss: 1.9304, Train: 0.2571, Val: 0.2240, Test: 0.2190
Epoch: 3, Loss: 1.9296, Train: 0.1571, Val: 0.0800, Test: 0.0840
Epoch: 4, Loss: 1.9581, Train: 0.1429, Val: 0.0640, Test: 0.0660
Epoch: 5, Loss: 1.9507, Train: 0.2786, Val: 0.1940, Test: 0.1820
Epoch: 6, Loss: 1.9363, Train: 0.1429, Val: 0.1140, Test: 0.1070
Epoch: 7, Loss: 1.9530, Train: 0.1429, Val: 0.1140, Test: 0.1030
Epoch: 8, Loss: 1.9555, Train: 0.3214, Val: 0.2600, Test: 0.2440
Epoch: 9, Loss: 1.9464, Train: 0.1429, Val: 0.1560, Test: 0.1440
Epoch: 10, Loss: 1.9554, Train: 0.1429, Val: 0.1560, Test: 0.1440
Epoch: 11, Loss: 1.9328, Train: 0.2571, Val: 0.2020, Test: 0.1990
Epoch: 12, Loss: 1.9302, Train: 0.2786, Val: 0.1820, Test: 0.1920
Epoch: 13, Loss: 1.9527, Train: 0.2857, Val: 0.2200, Test: 0.2230
Epoch: 14, Loss: 1.9469, Train: 0.2643, Val: 0.2200, Test: 0.2170
Epoch: 15, Loss: 1.9418, Train: 0.1643, Val: 0.3160, Test: 0.3230
Epoch: 16, Loss: 1.9248, Train: 0.1429, Val: 0.3160, Test: 0.3190
Epoch: 17, Loss: 1.9337, Train: 0.1429, Val: 0.3160, Test: 0.3190
Epoch: 18, Loss: 1.9180, Train: 0.1857, Val: 0.3180, Test: 0.3270
Epoch: 19, Loss: 1.8872, Train: 0.4714, Val: 0.4520, Test: 0.4690
Epoch: 20, Loss: 1.8753, Train: 0.6357, Val: 0.5260, Test: 0.5410
Epoch: 21, Loss: 1.8676, Train: 0.7571, Val: 0.5740, Test: 0.5980
Epoch: 22, Loss: 1.7901, Train: 0.7929, Val: 0.6360, Test: 0.6550
Epoch: 23, Loss: 1.7264, Train: 0.7857, Val: 0.6340, Test: 0.6560
Epoch: 24, Loss: 1.6066, Train: 0.8071, Val: 0.6440, Test: 0.6800
Epoch: 25, Loss: 1.4754, Train: 0.7857, Val: 0.6300, Test: 0.6330
Epoch: 26, Loss: 1.3327, Train: 0.8357, Val: 0.6920, Test: 0.7080
Epoch: 27, Loss: 1.1392, Train: 0.8500, Val: 0.6960, Test: 0.7200
Epoch: 28, Loss: 0.9823, Train: 0.8500, Val: 0.6700, Test: 0.6870
Epoch: 29, Loss: 0.8834, Train: 0.8500, Val: 0.6660, Test: 0.6870
Epoch: 30, Loss: 0.7775, Train: 0.9071, Val: 0.7080, Test: 0.7260
Epoch: 31, Loss: 0.6605, Train: 0.9429, Val: 0.7540, Test: 0.7680
Epoch: 32, Loss: 0.5499, Train: 0.9500, Val: 0.7380, Test: 0.7510
Epoch: 33, Loss: 0.4773, Train: 0.9714, Val: 0.7580, Test: 0.7790
Epoch: 34, Loss: 0.3599, Train: 0.9857, Val: 0.7620, Test: 0.7820
Epoch: 35, Loss: 0.2875, Train: 0.9571, Val: 0.7380, Test: 0.7420
Epoch: 36, Loss: 0.2848, Train: 0.9786, Val: 0.7560, Test: 0.7580
Epoch: 37, Loss: 0.2159, Train: 0.9786, Val: 0.7700, Test: 0.7810
Epoch: 38, Loss: 0.1824, Train: 0.9786, Val: 0.7560, Test: 0.7840
Epoch: 39, Loss: 0.1449, Train: 0.9929, Val: 0.7600, Test: 0.7770
Epoch: 40, Loss: 0.1077, Train: 0.9929, Val: 0.7600, Test: 0.7680
Epoch: 41, Loss: 0.0862, Train: 1.0000, Val: 0.7720, Test: 0.7770
Epoch: 42, Loss: 0.0659, Train: 1.0000, Val: 0.7740, Test: 0.7810
Epoch: 43, Loss: 0.0882, Train: 1.0000, Val: 0.7460, Test: 0.7670
Epoch: 44, Loss: 0.0413, Train: 1.0000, Val: 0.7460, Test: 0.7670
Epoch: 45, Loss: 0.0518, Train: 1.0000, Val: 0.7720, Test: 0.7820
Epoch: 46, Loss: 0.0243, Train: 1.0000, Val: 0.7600, Test: 0.7850
Epoch: 47, Loss: 0.0236, Train: 1.0000, Val: 0.7540, Test: 0.7710
Epoch: 48, Loss: 0.0261, Train: 0.9929, Val: 0.7500, Test: 0.7600
Epoch: 49, Loss: 0.0165, Train: 1.0000, Val: 0.7580, Test: 0.7640
Epoch: 50, Loss: 0.0184, Train: 1.0000, Val: 0.7540, Test: 0.7670
MAD:  0.7905
InfoGap:  0.9891092609614134
Best Test Accuracy: 0.7850, Val Accuracy: 0.7600, Train Accuracy: 1.0000
Training completed.
Seed:  4
PMPGNN(
  (convs): ModuleList(
    (0): ParallelGNNBlock(
      (conv1): GATv2Conv(128, 128, heads=4)
      (conv2): GATv2Conv(128, 128, heads=4)
      (norm): LayerNorm((128,), eps=1e-05, elementwise_affine=True)
    )
    (1-5): 5 x ParallelGNNBlock(
      (conv1): GATv2Conv(1024, 128, heads=4)
      (conv2): GATv2Conv(1024, 128, heads=4)
      (norm): LayerNorm((128,), eps=1e-05, elementwise_affine=True)
    )
    (6): GATv2Conv(1024, 256, heads=4)
  )
  (norm): LayerNorm((1024,), eps=1e-05, elementwise_affine=True)
  (mlp): Sequential(
    (0): Linear(in_features=1024, out_features=64, bias=True)
    (1): LeakyReLU(negative_slope=0.01)
    (2): Dropout(p=0.3, inplace=False)
    (3): Linear(in_features=64, out_features=7, bias=True)
  )
  (proj): Linear(in_features=1433, out_features=128, bias=True)
)
Epoch: 1, Loss: 1.9475, Train: 0.1429, Val: 0.1160, Test: 0.1080
Epoch: 2, Loss: 1.9755, Train: 0.1429, Val: 0.1240, Test: 0.1320
Epoch: 3, Loss: 1.9726, Train: 0.1429, Val: 0.1620, Test: 0.1490
Epoch: 4, Loss: 1.9389, Train: 0.1857, Val: 0.1300, Test: 0.1130
Epoch: 5, Loss: 1.9454, Train: 0.1429, Val: 0.1140, Test: 0.1030
Epoch: 6, Loss: 1.9377, Train: 0.2429, Val: 0.1140, Test: 0.1320
Epoch: 7, Loss: 1.9129, Train: 0.1429, Val: 0.0580, Test: 0.0640
Epoch: 8, Loss: 1.9578, Train: 0.2500, Val: 0.1180, Test: 0.1220
Epoch: 9, Loss: 1.9256, Train: 0.4714, Val: 0.2960, Test: 0.2900
Epoch: 10, Loss: 1.9231, Train: 0.5714, Val: 0.3840, Test: 0.3790
Epoch: 11, Loss: 1.9329, Train: 0.4357, Val: 0.3020, Test: 0.3160
Epoch: 12, Loss: 1.9177, Train: 0.4286, Val: 0.3080, Test: 0.3170
Epoch: 13, Loss: 1.9140, Train: 0.4929, Val: 0.3700, Test: 0.3630
Epoch: 14, Loss: 1.8946, Train: 0.5429, Val: 0.3820, Test: 0.3670
Epoch: 15, Loss: 1.8878, Train: 0.6000, Val: 0.4220, Test: 0.4130
Epoch: 16, Loss: 1.8052, Train: 0.6643, Val: 0.4740, Test: 0.4590
Epoch: 17, Loss: 1.7768, Train: 0.6857, Val: 0.4700, Test: 0.4630
Epoch: 18, Loss: 1.6615, Train: 0.6143, Val: 0.4300, Test: 0.4240
Epoch: 19, Loss: 1.5426, Train: 0.5500, Val: 0.3840, Test: 0.3820
Epoch: 20, Loss: 1.4400, Train: 0.5929, Val: 0.4020, Test: 0.4050
Epoch: 21, Loss: 1.3167, Train: 0.6214, Val: 0.4180, Test: 0.4230
Epoch: 22, Loss: 1.2191, Train: 0.6929, Val: 0.4660, Test: 0.4790
Epoch: 23, Loss: 1.1285, Train: 0.7857, Val: 0.5320, Test: 0.5360
Epoch: 24, Loss: 0.9942, Train: 0.8357, Val: 0.5580, Test: 0.5680
Epoch: 25, Loss: 0.9320, Train: 0.8571, Val: 0.6000, Test: 0.5970
Epoch: 26, Loss: 0.8087, Train: 0.8000, Val: 0.5480, Test: 0.5490
Epoch: 27, Loss: 0.7946, Train: 0.8429, Val: 0.5540, Test: 0.5540
Epoch: 28, Loss: 0.5813, Train: 0.9357, Val: 0.6560, Test: 0.6730
Epoch: 29, Loss: 0.5427, Train: 0.9643, Val: 0.7220, Test: 0.7490
Epoch: 30, Loss: 0.5015, Train: 0.9643, Val: 0.7220, Test: 0.7420
Epoch: 31, Loss: 0.4026, Train: 0.9500, Val: 0.7060, Test: 0.7310
Epoch: 32, Loss: 0.3181, Train: 0.9500, Val: 0.6960, Test: 0.7000
Epoch: 33, Loss: 0.3197, Train: 0.9571, Val: 0.7060, Test: 0.7260
Epoch: 34, Loss: 0.2433, Train: 0.9857, Val: 0.7500, Test: 0.7570
Epoch: 35, Loss: 0.2388, Train: 0.9857, Val: 0.7540, Test: 0.7640
Epoch: 36, Loss: 0.1936, Train: 0.9857, Val: 0.7340, Test: 0.7520
Epoch: 37, Loss: 0.1475, Train: 0.9929, Val: 0.7340, Test: 0.7280
Epoch: 38, Loss: 0.1376, Train: 0.9857, Val: 0.7300, Test: 0.7130
Epoch: 39, Loss: 0.0882, Train: 0.9857, Val: 0.7180, Test: 0.7210
Epoch: 40, Loss: 0.0939, Train: 1.0000, Val: 0.7420, Test: 0.7420
Epoch: 41, Loss: 0.0635, Train: 0.9929, Val: 0.7360, Test: 0.7520
Epoch: 42, Loss: 0.0728, Train: 0.9786, Val: 0.7480, Test: 0.7590
Epoch: 43, Loss: 0.0590, Train: 0.9929, Val: 0.7480, Test: 0.7550
Epoch: 44, Loss: 0.0355, Train: 0.9929, Val: 0.7500, Test: 0.7520
Epoch: 45, Loss: 0.0584, Train: 1.0000, Val: 0.7640, Test: 0.7630
Epoch: 46, Loss: 0.0339, Train: 1.0000, Val: 0.7560, Test: 0.7740
Epoch: 47, Loss: 0.0369, Train: 1.0000, Val: 0.7580, Test: 0.7760
Epoch: 48, Loss: 0.0606, Train: 1.0000, Val: 0.7580, Test: 0.7650
Epoch: 49, Loss: 0.0170, Train: 1.0000, Val: 0.7320, Test: 0.7360
Epoch: 50, Loss: 0.0388, Train: 0.9929, Val: 0.7060, Test: 0.7070
MAD:  0.8609
InfoGap:  0.9890249092131853
Best Test Accuracy: 0.7760, Val Accuracy: 0.7580, Train Accuracy: 1.0000
Training completed.
Seed:  5
PMPGNN(
  (convs): ModuleList(
    (0): ParallelGNNBlock(
      (conv1): GATv2Conv(128, 128, heads=4)
      (conv2): GATv2Conv(128, 128, heads=4)
      (norm): LayerNorm((128,), eps=1e-05, elementwise_affine=True)
    )
    (1-5): 5 x ParallelGNNBlock(
      (conv1): GATv2Conv(1024, 128, heads=4)
      (conv2): GATv2Conv(1024, 128, heads=4)
      (norm): LayerNorm((128,), eps=1e-05, elementwise_affine=True)
    )
    (6): GATv2Conv(1024, 256, heads=4)
  )
  (norm): LayerNorm((1024,), eps=1e-05, elementwise_affine=True)
  (mlp): Sequential(
    (0): Linear(in_features=1024, out_features=64, bias=True)
    (1): LeakyReLU(negative_slope=0.01)
    (2): Dropout(p=0.3, inplace=False)
    (3): Linear(in_features=64, out_features=7, bias=True)
  )
  (proj): Linear(in_features=1433, out_features=128, bias=True)
)
Epoch: 1, Loss: 1.9492, Train: 0.1429, Val: 0.1140, Test: 0.1030
Epoch: 2, Loss: 1.9490, Train: 0.1786, Val: 0.1440, Test: 0.1310
Epoch: 3, Loss: 1.9600, Train: 0.1429, Val: 0.1620, Test: 0.1500
Epoch: 4, Loss: 1.9669, Train: 0.2071, Val: 0.3580, Test: 0.3410
Epoch: 5, Loss: 1.9448, Train: 0.2929, Val: 0.3520, Test: 0.3500
Epoch: 6, Loss: 1.9454, Train: 0.2857, Val: 0.2000, Test: 0.1950
Epoch: 7, Loss: 1.9286, Train: 0.2000, Val: 0.1600, Test: 0.1530
Epoch: 8, Loss: 1.9343, Train: 0.2214, Val: 0.1640, Test: 0.1590
Epoch: 9, Loss: 1.9308, Train: 0.3214, Val: 0.2160, Test: 0.2200
Epoch: 10, Loss: 1.9032, Train: 0.4929, Val: 0.3600, Test: 0.3530
Epoch: 11, Loss: 1.8782, Train: 0.3429, Val: 0.2340, Test: 0.2370
Epoch: 12, Loss: 1.8323, Train: 0.3786, Val: 0.2320, Test: 0.2420
Epoch: 13, Loss: 1.7838, Train: 0.5643, Val: 0.3440, Test: 0.3400
Epoch: 14, Loss: 1.7296, Train: 0.5929, Val: 0.4420, Test: 0.4600
Epoch: 15, Loss: 1.6494, Train: 0.6000, Val: 0.4260, Test: 0.4480
Epoch: 16, Loss: 1.5085, Train: 0.6071, Val: 0.4100, Test: 0.4400
Epoch: 17, Loss: 1.3974, Train: 0.6571, Val: 0.4940, Test: 0.5160
Epoch: 18, Loss: 1.2759, Train: 0.6357, Val: 0.4600, Test: 0.4620
Epoch: 19, Loss: 1.1237, Train: 0.7714, Val: 0.5860, Test: 0.5910
Epoch: 20, Loss: 1.0120, Train: 0.8571, Val: 0.6200, Test: 0.6260
Epoch: 21, Loss: 0.9344, Train: 0.9143, Val: 0.6800, Test: 0.6730
Epoch: 22, Loss: 0.7964, Train: 0.9429, Val: 0.7060, Test: 0.6880
Epoch: 23, Loss: 0.7625, Train: 0.9643, Val: 0.7200, Test: 0.7280
Epoch: 24, Loss: 0.6286, Train: 0.9286, Val: 0.6980, Test: 0.7130
Epoch: 25, Loss: 0.5899, Train: 0.9000, Val: 0.6820, Test: 0.6640
Epoch: 26, Loss: 0.4922, Train: 0.9643, Val: 0.7300, Test: 0.7030
Epoch: 27, Loss: 0.4375, Train: 0.9786, Val: 0.7400, Test: 0.7300
Epoch: 28, Loss: 0.4101, Train: 0.9929, Val: 0.7400, Test: 0.7680
Epoch: 29, Loss: 0.3201, Train: 0.9857, Val: 0.7440, Test: 0.7710
Epoch: 30, Loss: 0.2403, Train: 0.9714, Val: 0.7520, Test: 0.7430
Epoch: 31, Loss: 0.1992, Train: 0.9786, Val: 0.7420, Test: 0.7450
Epoch: 32, Loss: 0.1676, Train: 0.9929, Val: 0.7560, Test: 0.7670
Epoch: 33, Loss: 0.1519, Train: 0.9929, Val: 0.7640, Test: 0.7900
Epoch: 34, Loss: 0.1111, Train: 1.0000, Val: 0.7520, Test: 0.7940
Epoch: 35, Loss: 0.1667, Train: 0.9929, Val: 0.7660, Test: 0.7710
Epoch: 36, Loss: 0.0946, Train: 0.9929, Val: 0.7420, Test: 0.7480
Epoch: 37, Loss: 0.0651, Train: 0.9929, Val: 0.7240, Test: 0.7130
Epoch: 38, Loss: 0.1062, Train: 1.0000, Val: 0.7240, Test: 0.7250
Epoch: 39, Loss: 0.1048, Train: 1.0000, Val: 0.7320, Test: 0.7540
Epoch: 40, Loss: 0.0636, Train: 0.9786, Val: 0.7420, Test: 0.7530
Epoch: 41, Loss: 0.1157, Train: 1.0000, Val: 0.7520, Test: 0.7670
Epoch: 42, Loss: 0.0402, Train: 1.0000, Val: 0.7560, Test: 0.7820
Epoch: 43, Loss: 0.0493, Train: 1.0000, Val: 0.7460, Test: 0.7750
Epoch: 44, Loss: 0.0214, Train: 0.9857, Val: 0.7420, Test: 0.7510
Epoch: 45, Loss: 0.0574, Train: 0.9786, Val: 0.7420, Test: 0.7540
Epoch: 46, Loss: 0.0759, Train: 1.0000, Val: 0.7420, Test: 0.7700
Epoch: 47, Loss: 0.0178, Train: 0.9786, Val: 0.7520, Test: 0.7630
Epoch: 48, Loss: 0.0832, Train: 0.9929, Val: 0.7560, Test: 0.7790
Epoch: 49, Loss: 0.0556, Train: 1.0000, Val: 0.7520, Test: 0.7730
Epoch: 50, Loss: 0.0182, Train: 0.9714, Val: 0.7240, Test: 0.7330
MAD:  0.872
InfoGap:  0.9923307048156857
Best Test Accuracy: 0.7940, Val Accuracy: 0.7520, Train Accuracy: 1.0000
Training completed.
Seed:  6
PMPGNN(
  (convs): ModuleList(
    (0): ParallelGNNBlock(
      (conv1): GATv2Conv(128, 128, heads=4)
      (conv2): GATv2Conv(128, 128, heads=4)
      (norm): LayerNorm((128,), eps=1e-05, elementwise_affine=True)
    )
    (1-5): 5 x ParallelGNNBlock(
      (conv1): GATv2Conv(1024, 128, heads=4)
      (conv2): GATv2Conv(1024, 128, heads=4)
      (norm): LayerNorm((128,), eps=1e-05, elementwise_affine=True)
    )
    (6): GATv2Conv(1024, 256, heads=4)
  )
  (norm): LayerNorm((1024,), eps=1e-05, elementwise_affine=True)
  (mlp): Sequential(
    (0): Linear(in_features=1024, out_features=64, bias=True)
    (1): LeakyReLU(negative_slope=0.01)
    (2): Dropout(p=0.3, inplace=False)
    (3): Linear(in_features=64, out_features=7, bias=True)
  )
  (proj): Linear(in_features=1433, out_features=128, bias=True)
)
Epoch: 1, Loss: 1.9895, Train: 0.1429, Val: 0.0580, Test: 0.0640
Epoch: 2, Loss: 1.9693, Train: 0.1429, Val: 0.0740, Test: 0.0910
Epoch: 3, Loss: 1.9471, Train: 0.1429, Val: 0.0720, Test: 0.0910
Epoch: 4, Loss: 1.9600, Train: 0.1429, Val: 0.0720, Test: 0.0910
Epoch: 5, Loss: 1.9745, Train: 0.1429, Val: 0.0720, Test: 0.0910
Epoch: 6, Loss: 1.9610, Train: 0.1500, Val: 0.0720, Test: 0.0920
Epoch: 7, Loss: 1.9472, Train: 0.1429, Val: 0.1620, Test: 0.1490
Epoch: 8, Loss: 1.9352, Train: 0.1429, Val: 0.1620, Test: 0.1490
Epoch: 9, Loss: 1.9353, Train: 0.1429, Val: 0.1620, Test: 0.1490
Epoch: 10, Loss: 1.9363, Train: 0.1429, Val: 0.1620, Test: 0.1490
Epoch: 11, Loss: 1.9582, Train: 0.2000, Val: 0.1620, Test: 0.1610
Epoch: 12, Loss: 1.9356, Train: 0.1429, Val: 0.0580, Test: 0.0650
Epoch: 13, Loss: 1.9320, Train: 0.3429, Val: 0.1960, Test: 0.2060
Epoch: 14, Loss: 1.9096, Train: 0.5143, Val: 0.3740, Test: 0.3610
Epoch: 15, Loss: 1.9023, Train: 0.2643, Val: 0.1920, Test: 0.1860
Epoch: 16, Loss: 1.8983, Train: 0.2643, Val: 0.1920, Test: 0.1840
Epoch: 17, Loss: 1.9214, Train: 0.3286, Val: 0.2100, Test: 0.2120
Epoch: 18, Loss: 1.8945, Train: 0.5857, Val: 0.3820, Test: 0.3820
Epoch: 19, Loss: 1.8488, Train: 0.5643, Val: 0.2900, Test: 0.3130
Epoch: 20, Loss: 1.8283, Train: 0.6071, Val: 0.3020, Test: 0.3350
Epoch: 21, Loss: 1.7148, Train: 0.6571, Val: 0.4060, Test: 0.4160
Epoch: 22, Loss: 1.6194, Train: 0.6571, Val: 0.4020, Test: 0.4270
Epoch: 23, Loss: 1.5346, Train: 0.6643, Val: 0.4360, Test: 0.4560
Epoch: 24, Loss: 1.4063, Train: 0.6357, Val: 0.4360, Test: 0.4400
Epoch: 25, Loss: 1.3097, Train: 0.7357, Val: 0.4760, Test: 0.5110
Epoch: 26, Loss: 1.1175, Train: 0.7143, Val: 0.4880, Test: 0.5140
Epoch: 27, Loss: 1.0527, Train: 0.7786, Val: 0.5240, Test: 0.5320
Epoch: 28, Loss: 0.9881, Train: 0.8214, Val: 0.5500, Test: 0.5420
Epoch: 29, Loss: 0.9381, Train: 0.8643, Val: 0.6460, Test: 0.6570
Epoch: 30, Loss: 0.8182, Train: 0.8929, Val: 0.6680, Test: 0.6710
Epoch: 31, Loss: 0.6941, Train: 0.9000, Val: 0.6680, Test: 0.6730
Epoch: 32, Loss: 0.6004, Train: 0.9214, Val: 0.6860, Test: 0.6820
Epoch: 33, Loss: 0.5445, Train: 0.9500, Val: 0.7260, Test: 0.7210
Epoch: 34, Loss: 0.5037, Train: 0.9786, Val: 0.7220, Test: 0.7410
Epoch: 35, Loss: 0.3833, Train: 0.9643, Val: 0.7300, Test: 0.7040
Epoch: 36, Loss: 0.3807, Train: 0.9929, Val: 0.7340, Test: 0.7540
Epoch: 37, Loss: 0.3476, Train: 0.9857, Val: 0.7320, Test: 0.7580
Epoch: 38, Loss: 0.3069, Train: 0.9857, Val: 0.7420, Test: 0.7450
Epoch: 39, Loss: 0.2510, Train: 0.9714, Val: 0.7220, Test: 0.7250
Epoch: 40, Loss: 0.2068, Train: 1.0000, Val: 0.7500, Test: 0.7560
Epoch: 41, Loss: 0.1756, Train: 0.9929, Val: 0.7560, Test: 0.7750
Epoch: 42, Loss: 0.1318, Train: 0.9786, Val: 0.7280, Test: 0.7290
Epoch: 43, Loss: 0.1723, Train: 0.9929, Val: 0.7520, Test: 0.7490
Epoch: 44, Loss: 0.0954, Train: 0.9929, Val: 0.7360, Test: 0.7840
Epoch: 45, Loss: 0.0849, Train: 0.9857, Val: 0.7520, Test: 0.7820
Epoch: 46, Loss: 0.1001, Train: 1.0000, Val: 0.7460, Test: 0.7580
Epoch: 47, Loss: 0.0441, Train: 1.0000, Val: 0.7180, Test: 0.7340
Epoch: 48, Loss: 0.0497, Train: 0.9929, Val: 0.7040, Test: 0.7230
Epoch: 49, Loss: 0.0538, Train: 1.0000, Val: 0.7320, Test: 0.7470
Epoch: 50, Loss: 0.0384, Train: 0.9929, Val: 0.7580, Test: 0.7770
MAD:  0.7527
InfoGap:  0.9888241002336144
Best Test Accuracy: 0.7840, Val Accuracy: 0.7360, Train Accuracy: 0.9929
Training completed.
Seed:  7
PMPGNN(
  (convs): ModuleList(
    (0): ParallelGNNBlock(
      (conv1): GATv2Conv(128, 128, heads=4)
      (conv2): GATv2Conv(128, 128, heads=4)
      (norm): LayerNorm((128,), eps=1e-05, elementwise_affine=True)
    )
    (1-5): 5 x ParallelGNNBlock(
      (conv1): GATv2Conv(1024, 128, heads=4)
      (conv2): GATv2Conv(1024, 128, heads=4)
      (norm): LayerNorm((128,), eps=1e-05, elementwise_affine=True)
    )
    (6): GATv2Conv(1024, 256, heads=4)
  )
  (norm): LayerNorm((1024,), eps=1e-05, elementwise_affine=True)
  (mlp): Sequential(
    (0): Linear(in_features=1024, out_features=64, bias=True)
    (1): LeakyReLU(negative_slope=0.01)
    (2): Dropout(p=0.3, inplace=False)
    (3): Linear(in_features=64, out_features=7, bias=True)
  )
  (proj): Linear(in_features=1433, out_features=128, bias=True)
)
Epoch: 1, Loss: 1.9909, Train: 0.1429, Val: 0.3160, Test: 0.3190
Epoch: 2, Loss: 1.9584, Train: 0.2214, Val: 0.2180, Test: 0.2390
Epoch: 3, Loss: 1.9800, Train: 0.1429, Val: 0.0720, Test: 0.0910
Epoch: 4, Loss: 1.9393, Train: 0.1429, Val: 0.0720, Test: 0.0910
Epoch: 5, Loss: 1.9398, Train: 0.2429, Val: 0.1520, Test: 0.1730
Epoch: 6, Loss: 1.9237, Train: 0.1786, Val: 0.1220, Test: 0.1330
Epoch: 7, Loss: 1.9328, Train: 0.2071, Val: 0.1220, Test: 0.1430
Epoch: 8, Loss: 1.9632, Train: 0.3429, Val: 0.1880, Test: 0.2070
Epoch: 9, Loss: 1.9501, Train: 0.2500, Val: 0.3900, Test: 0.3870
Epoch: 10, Loss: 1.9060, Train: 0.2714, Val: 0.4360, Test: 0.4250
Epoch: 11, Loss: 1.9341, Train: 0.3786, Val: 0.5080, Test: 0.4820
Epoch: 12, Loss: 1.9051, Train: 0.4286, Val: 0.2740, Test: 0.2880
Epoch: 13, Loss: 1.8909, Train: 0.5429, Val: 0.3880, Test: 0.3840
Epoch: 14, Loss: 1.8674, Train: 0.2857, Val: 0.1620, Test: 0.1590
Epoch: 15, Loss: 1.8890, Train: 0.2357, Val: 0.1380, Test: 0.1330
Epoch: 16, Loss: 1.8511, Train: 0.4786, Val: 0.4040, Test: 0.4180
Epoch: 17, Loss: 1.7955, Train: 0.7071, Val: 0.5820, Test: 0.6000
Epoch: 18, Loss: 1.7203, Train: 0.7643, Val: 0.6520, Test: 0.6610
Epoch: 19, Loss: 1.5668, Train: 0.6143, Val: 0.5580, Test: 0.5420
Epoch: 20, Loss: 1.4824, Train: 0.5786, Val: 0.5540, Test: 0.5320
Epoch: 21, Loss: 1.3682, Train: 0.6000, Val: 0.5760, Test: 0.5800
Epoch: 22, Loss: 1.1933, Train: 0.7786, Val: 0.5980, Test: 0.5980
Epoch: 23, Loss: 1.0702, Train: 0.7929, Val: 0.6340, Test: 0.5950
Epoch: 24, Loss: 0.9173, Train: 0.8429, Val: 0.6460, Test: 0.6160
Epoch: 25, Loss: 0.8161, Train: 0.7929, Val: 0.5820, Test: 0.5660
Epoch: 26, Loss: 0.7939, Train: 0.8643, Val: 0.6740, Test: 0.6460
Epoch: 27, Loss: 0.7175, Train: 0.9214, Val: 0.6760, Test: 0.6850
Epoch: 28, Loss: 0.5531, Train: 0.9357, Val: 0.6560, Test: 0.6460
Epoch: 29, Loss: 0.6002, Train: 0.9714, Val: 0.7340, Test: 0.7210
Epoch: 30, Loss: 0.4638, Train: 0.9643, Val: 0.7400, Test: 0.7630
Epoch: 31, Loss: 0.4098, Train: 0.9643, Val: 0.7520, Test: 0.7760
Epoch: 32, Loss: 0.3785, Train: 0.9786, Val: 0.7640, Test: 0.7460
Epoch: 33, Loss: 0.2825, Train: 0.9714, Val: 0.7640, Test: 0.7290
Epoch: 34, Loss: 0.3114, Train: 0.9786, Val: 0.7420, Test: 0.7330
Epoch: 35, Loss: 0.1824, Train: 0.9786, Val: 0.7460, Test: 0.7410
Epoch: 36, Loss: 0.1885, Train: 0.9857, Val: 0.7480, Test: 0.7560
Epoch: 37, Loss: 0.1711, Train: 0.9929, Val: 0.7540, Test: 0.7420
Epoch: 38, Loss: 0.1254, Train: 1.0000, Val: 0.7600, Test: 0.7470
Epoch: 39, Loss: 0.1046, Train: 1.0000, Val: 0.7500, Test: 0.7510
Epoch: 40, Loss: 0.1150, Train: 1.0000, Val: 0.7680, Test: 0.7800
Epoch: 41, Loss: 0.0726, Train: 1.0000, Val: 0.7820, Test: 0.7910
Epoch: 42, Loss: 0.0515, Train: 1.0000, Val: 0.7860, Test: 0.7920
Epoch: 43, Loss: 0.0538, Train: 1.0000, Val: 0.7840, Test: 0.7870
Epoch: 44, Loss: 0.0277, Train: 1.0000, Val: 0.7740, Test: 0.7650
Epoch: 45, Loss: 0.0343, Train: 1.0000, Val: 0.7720, Test: 0.7550
Epoch: 46, Loss: 0.0420, Train: 1.0000, Val: 0.7640, Test: 0.7620
Epoch: 47, Loss: 0.0321, Train: 1.0000, Val: 0.7780, Test: 0.7710
Epoch: 48, Loss: 0.0232, Train: 0.9929, Val: 0.7800, Test: 0.7790
Epoch: 49, Loss: 0.0195, Train: 0.9929, Val: 0.7800, Test: 0.7750
Epoch: 50, Loss: 0.0311, Train: 1.0000, Val: 0.7780, Test: 0.7830
MAD:  0.9538
InfoGap:  0.9898303719237447
Best Test Accuracy: 0.7920, Val Accuracy: 0.7860, Train Accuracy: 1.0000
Training completed.
Seed:  8
PMPGNN(
  (convs): ModuleList(
    (0): ParallelGNNBlock(
      (conv1): GATv2Conv(128, 128, heads=4)
      (conv2): GATv2Conv(128, 128, heads=4)
      (norm): LayerNorm((128,), eps=1e-05, elementwise_affine=True)
    )
    (1-5): 5 x ParallelGNNBlock(
      (conv1): GATv2Conv(1024, 128, heads=4)
      (conv2): GATv2Conv(1024, 128, heads=4)
      (norm): LayerNorm((128,), eps=1e-05, elementwise_affine=True)
    )
    (6): GATv2Conv(1024, 256, heads=4)
  )
  (norm): LayerNorm((1024,), eps=1e-05, elementwise_affine=True)
  (mlp): Sequential(
    (0): Linear(in_features=1024, out_features=64, bias=True)
    (1): LeakyReLU(negative_slope=0.01)
    (2): Dropout(p=0.3, inplace=False)
    (3): Linear(in_features=64, out_features=7, bias=True)
  )
  (proj): Linear(in_features=1433, out_features=128, bias=True)
)
Epoch: 1, Loss: 1.9500, Train: 0.1429, Val: 0.0720, Test: 0.0910
Epoch: 2, Loss: 1.9749, Train: 0.1714, Val: 0.1620, Test: 0.1600
Epoch: 3, Loss: 1.9603, Train: 0.1429, Val: 0.1560, Test: 0.1460
Epoch: 4, Loss: 1.9299, Train: 0.2429, Val: 0.1860, Test: 0.1740
Epoch: 5, Loss: 1.9493, Train: 0.3143, Val: 0.3360, Test: 0.3240
Epoch: 6, Loss: 1.9383, Train: 0.2143, Val: 0.2600, Test: 0.2410
Epoch: 7, Loss: 1.9480, Train: 0.1429, Val: 0.1620, Test: 0.1490
Epoch: 8, Loss: 1.9633, Train: 0.1500, Val: 0.0800, Test: 0.0950
Epoch: 9, Loss: 1.9410, Train: 0.1429, Val: 0.0720, Test: 0.0910
Epoch: 10, Loss: 1.9602, Train: 0.1429, Val: 0.0720, Test: 0.0910
Epoch: 11, Loss: 1.9456, Train: 0.1857, Val: 0.0880, Test: 0.1050
Epoch: 12, Loss: 1.9393, Train: 0.1429, Val: 0.1140, Test: 0.1030
Epoch: 13, Loss: 1.9432, Train: 0.1429, Val: 0.1160, Test: 0.1030
Epoch: 14, Loss: 1.9282, Train: 0.2929, Val: 0.1740, Test: 0.1830
Epoch: 15, Loss: 1.9195, Train: 0.3714, Val: 0.2660, Test: 0.2640
Epoch: 16, Loss: 1.9098, Train: 0.2429, Val: 0.1700, Test: 0.1700
Epoch: 17, Loss: 1.8876, Train: 0.3500, Val: 0.3120, Test: 0.2910
Epoch: 18, Loss: 1.9150, Train: 0.3429, Val: 0.3100, Test: 0.2900
Epoch: 19, Loss: 1.9033, Train: 0.3786, Val: 0.3080, Test: 0.2960
Epoch: 20, Loss: 1.8598, Train: 0.7071, Val: 0.5020, Test: 0.4990
Epoch: 21, Loss: 1.8179, Train: 0.7214, Val: 0.4820, Test: 0.4770
Epoch: 22, Loss: 1.7504, Train: 0.7286, Val: 0.5100, Test: 0.5040
Epoch: 23, Loss: 1.6582, Train: 0.7357, Val: 0.5160, Test: 0.5260
Epoch: 24, Loss: 1.5326, Train: 0.6714, Val: 0.4740, Test: 0.4880
Epoch: 25, Loss: 1.4021, Train: 0.6429, Val: 0.4880, Test: 0.4880
Epoch: 26, Loss: 1.2896, Train: 0.6786, Val: 0.5280, Test: 0.5140
Epoch: 27, Loss: 1.1796, Train: 0.7857, Val: 0.5680, Test: 0.5720
Epoch: 28, Loss: 1.0422, Train: 0.8286, Val: 0.6180, Test: 0.6080
Epoch: 29, Loss: 0.9799, Train: 0.8429, Val: 0.6480, Test: 0.6430
Epoch: 30, Loss: 0.8204, Train: 0.9000, Val: 0.7420, Test: 0.7220
Epoch: 31, Loss: 0.7165, Train: 0.9429, Val: 0.7300, Test: 0.7190
Epoch: 32, Loss: 0.6644, Train: 0.9643, Val: 0.7740, Test: 0.7520
Epoch: 33, Loss: 0.5228, Train: 0.9500, Val: 0.7260, Test: 0.7440
Epoch: 34, Loss: 0.4416, Train: 0.9786, Val: 0.7720, Test: 0.7950
Epoch: 35, Loss: 0.3682, Train: 0.9857, Val: 0.7720, Test: 0.7590
Epoch: 36, Loss: 0.3068, Train: 0.9857, Val: 0.7660, Test: 0.7580
Epoch: 37, Loss: 0.2567, Train: 0.9786, Val: 0.7460, Test: 0.7390
Epoch: 38, Loss: 0.2094, Train: 0.9714, Val: 0.7520, Test: 0.7290
Epoch: 39, Loss: 0.1901, Train: 0.9857, Val: 0.7760, Test: 0.7630
Epoch: 40, Loss: 0.1703, Train: 0.9929, Val: 0.7700, Test: 0.7840
Epoch: 41, Loss: 0.1382, Train: 0.9929, Val: 0.7800, Test: 0.7990
Epoch: 42, Loss: 0.1331, Train: 1.0000, Val: 0.7740, Test: 0.7980
Epoch: 43, Loss: 0.0963, Train: 0.9929, Val: 0.7600, Test: 0.7720
Epoch: 44, Loss: 0.0875, Train: 0.9929, Val: 0.7540, Test: 0.7560
Epoch: 45, Loss: 0.0727, Train: 0.9929, Val: 0.7480, Test: 0.7420
Epoch: 46, Loss: 0.0457, Train: 0.9929, Val: 0.7340, Test: 0.7390
Epoch: 47, Loss: 0.0696, Train: 0.9929, Val: 0.7620, Test: 0.7760
Epoch: 48, Loss: 0.0627, Train: 1.0000, Val: 0.7820, Test: 0.7970
Epoch: 49, Loss: 0.0352, Train: 1.0000, Val: 0.7740, Test: 0.7900
Epoch: 50, Loss: 0.0377, Train: 0.9929, Val: 0.7760, Test: 0.7880
MAD:  0.8635
InfoGap:  0.9897467503324151
Best Test Accuracy: 0.7990, Val Accuracy: 0.7800, Train Accuracy: 0.9929
Training completed.
Seed:  9
PMPGNN(
  (convs): ModuleList(
    (0): ParallelGNNBlock(
      (conv1): GATv2Conv(128, 128, heads=4)
      (conv2): GATv2Conv(128, 128, heads=4)
      (norm): LayerNorm((128,), eps=1e-05, elementwise_affine=True)
    )
    (1-5): 5 x ParallelGNNBlock(
      (conv1): GATv2Conv(1024, 128, heads=4)
      (conv2): GATv2Conv(1024, 128, heads=4)
      (norm): LayerNorm((128,), eps=1e-05, elementwise_affine=True)
    )
    (6): GATv2Conv(1024, 256, heads=4)
  )
  (norm): LayerNorm((1024,), eps=1e-05, elementwise_affine=True)
  (mlp): Sequential(
    (0): Linear(in_features=1024, out_features=64, bias=True)
    (1): LeakyReLU(negative_slope=0.01)
    (2): Dropout(p=0.3, inplace=False)
    (3): Linear(in_features=64, out_features=7, bias=True)
  )
  (proj): Linear(in_features=1433, out_features=128, bias=True)
)
Epoch: 1, Loss: 1.9861, Train: 0.1429, Val: 0.0720, Test: 0.0910
Epoch: 2, Loss: 1.9696, Train: 0.1429, Val: 0.0720, Test: 0.0910
Epoch: 3, Loss: 1.9725, Train: 0.1500, Val: 0.1540, Test: 0.1450
Epoch: 4, Loss: 1.9259, Train: 0.1429, Val: 0.1560, Test: 0.1440
Epoch: 5, Loss: 1.9670, Train: 0.1429, Val: 0.1560, Test: 0.1440
Epoch: 6, Loss: 1.9512, Train: 0.2286, Val: 0.2380, Test: 0.2310
Epoch: 7, Loss: 1.9866, Train: 0.1429, Val: 0.1620, Test: 0.1490
Epoch: 8, Loss: 1.9670, Train: 0.1429, Val: 0.1620, Test: 0.1490
Epoch: 9, Loss: 1.9332, Train: 0.1714, Val: 0.1660, Test: 0.1620
Epoch: 10, Loss: 1.9443, Train: 0.2714, Val: 0.1780, Test: 0.1860
Epoch: 11, Loss: 1.9547, Train: 0.1857, Val: 0.1020, Test: 0.1170
Epoch: 12, Loss: 1.9245, Train: 0.1500, Val: 0.0780, Test: 0.0930
Epoch: 13, Loss: 1.9326, Train: 0.1500, Val: 0.0720, Test: 0.0910
Epoch: 14, Loss: 1.9364, Train: 0.2714, Val: 0.1260, Test: 0.1410
Epoch: 15, Loss: 1.9204, Train: 0.3786, Val: 0.2260, Test: 0.2380
Epoch: 16, Loss: 1.9274, Train: 0.5429, Val: 0.3840, Test: 0.3890
Epoch: 17, Loss: 1.9152, Train: 0.4143, Val: 0.3280, Test: 0.3250
Epoch: 18, Loss: 1.8962, Train: 0.3286, Val: 0.2620, Test: 0.2540
Epoch: 19, Loss: 1.8687, Train: 0.4714, Val: 0.3560, Test: 0.3460
Epoch: 20, Loss: 1.7982, Train: 0.4286, Val: 0.3040, Test: 0.3180
Epoch: 21, Loss: 1.7637, Train: 0.4071, Val: 0.2660, Test: 0.2830
Epoch: 22, Loss: 1.6349, Train: 0.4071, Val: 0.2580, Test: 0.2720
Epoch: 23, Loss: 1.5464, Train: 0.3571, Val: 0.2680, Test: 0.2720
Epoch: 24, Loss: 1.5061, Train: 0.3429, Val: 0.2560, Test: 0.2570
Epoch: 25, Loss: 1.4826, Train: 0.5071, Val: 0.3300, Test: 0.3470
Epoch: 26, Loss: 1.3683, Train: 0.6214, Val: 0.3960, Test: 0.4120
Epoch: 27, Loss: 1.3018, Train: 0.5929, Val: 0.4420, Test: 0.4360
Epoch: 28, Loss: 1.2522, Train: 0.7286, Val: 0.5260, Test: 0.5170
Epoch: 29, Loss: 1.1348, Train: 0.7500, Val: 0.5480, Test: 0.5490
Epoch: 30, Loss: 1.0904, Train: 0.7786, Val: 0.5620, Test: 0.5620
Epoch: 31, Loss: 1.0208, Train: 0.7714, Val: 0.5440, Test: 0.5550
Epoch: 32, Loss: 0.9171, Train: 0.7929, Val: 0.5780, Test: 0.5890
Epoch: 33, Loss: 0.8650, Train: 0.8071, Val: 0.5700, Test: 0.5900
Epoch: 34, Loss: 0.7918, Train: 0.7857, Val: 0.5620, Test: 0.5740
Epoch: 35, Loss: 0.7630, Train: 0.8857, Val: 0.7220, Test: 0.6910
Epoch: 36, Loss: 0.6576, Train: 0.8357, Val: 0.6960, Test: 0.6800
Epoch: 37, Loss: 0.6490, Train: 0.8214, Val: 0.7020, Test: 0.6660
Epoch: 38, Loss: 0.5355, Train: 0.8786, Val: 0.7080, Test: 0.6840
Epoch: 39, Loss: 0.4670, Train: 0.9500, Val: 0.7120, Test: 0.7130
Epoch: 40, Loss: 0.4473, Train: 0.9571, Val: 0.7220, Test: 0.7070
Epoch: 41, Loss: 0.3863, Train: 0.9643, Val: 0.7400, Test: 0.7300
Epoch: 42, Loss: 0.3394, Train: 0.9786, Val: 0.7440, Test: 0.7310
Epoch: 43, Loss: 0.3143, Train: 0.9857, Val: 0.7340, Test: 0.7230
Epoch: 44, Loss: 0.2620, Train: 0.9786, Val: 0.6960, Test: 0.7010
Epoch: 45, Loss: 0.2503, Train: 0.9786, Val: 0.7280, Test: 0.7170
Epoch: 46, Loss: 0.2034, Train: 0.9786, Val: 0.7260, Test: 0.7310
Epoch: 47, Loss: 0.1755, Train: 0.9857, Val: 0.7280, Test: 0.7350
Epoch: 48, Loss: 0.1562, Train: 0.9786, Val: 0.6980, Test: 0.7360
Epoch: 49, Loss: 0.1566, Train: 0.9929, Val: 0.7080, Test: 0.7290
Epoch: 50, Loss: 0.0784, Train: 0.9714, Val: 0.6960, Test: 0.7000
MAD:  0.8379
InfoGap:  0.9890259057283401
Best Test Accuracy: 0.7360, Val Accuracy: 0.6980, Train Accuracy: 0.9786
Training completed.
Average Test Accuracy:  0.7837 ± 0.017793538152936324
Average MAD:  0.8504099999999999 ± 0.051378603523256634
Average R:  0.9898458094336092 ± 0.0011601586774437325
