Seed:  0
PMPGNN(
  (convs): ModuleList(
    (0): ParallelGNNBlock(
      (conv1): GATv2Conv(128, 128, heads=2)
      (conv2): GATv2Conv(128, 128, heads=2)
      (norm): LayerNorm((128,), eps=1e-05, elementwise_affine=True)
    )
    (1-7): 7 x ParallelGNNBlock(
      (conv1): GATv2Conv(512, 128, heads=2)
      (conv2): GATv2Conv(512, 128, heads=2)
      (norm): LayerNorm((128,), eps=1e-05, elementwise_affine=True)
    )
  )
  (norm): LayerNorm((512,), eps=1e-05, elementwise_affine=True)
  (mlp): Sequential(
    (0): Linear(in_features=512, out_features=64, bias=True)
    (1): LeakyReLU(negative_slope=0.01)
    (2): Dropout(p=0.3, inplace=False)
    (3): Linear(in_features=64, out_features=7, bias=True)
  )
  (proj): Linear(in_features=1433, out_features=128, bias=True)
)
Epoch: 1, Loss: 2.0028, Train: 0.1786, Val: 0.1600, Test: 0.1600
Epoch: 2, Loss: 1.9699, Train: 0.2286, Val: 0.1920, Test: 0.1750
Epoch: 3, Loss: 1.9521, Train: 0.2429, Val: 0.2120, Test: 0.2080
Epoch: 4, Loss: 1.9736, Train: 0.2929, Val: 0.1260, Test: 0.1500
Epoch: 5, Loss: 1.9288, Train: 0.2571, Val: 0.1140, Test: 0.1430
Epoch: 6, Loss: 1.9240, Train: 0.2500, Val: 0.1020, Test: 0.1280
Epoch: 7, Loss: 1.9460, Train: 0.2357, Val: 0.1040, Test: 0.1270
Epoch: 8, Loss: 1.9349, Train: 0.3000, Val: 0.1380, Test: 0.1670
Epoch: 9, Loss: 1.9094, Train: 0.4357, Val: 0.2920, Test: 0.2920
Epoch: 10, Loss: 1.9002, Train: 0.4929, Val: 0.3520, Test: 0.3490
Epoch: 11, Loss: 1.8615, Train: 0.5071, Val: 0.3720, Test: 0.3640
Epoch: 12, Loss: 1.8650, Train: 0.5286, Val: 0.3860, Test: 0.3750
Epoch: 13, Loss: 1.8620, Train: 0.5857, Val: 0.4260, Test: 0.4160
Epoch: 14, Loss: 1.8191, Train: 0.5786, Val: 0.4240, Test: 0.4070
Epoch: 15, Loss: 1.7626, Train: 0.5429, Val: 0.3920, Test: 0.3720
Epoch: 16, Loss: 1.7321, Train: 0.5500, Val: 0.4020, Test: 0.3790
Epoch: 17, Loss: 1.6804, Train: 0.5500, Val: 0.3840, Test: 0.3790
Epoch: 18, Loss: 1.6454, Train: 0.5714, Val: 0.3760, Test: 0.3900
Epoch: 19, Loss: 1.5613, Train: 0.5357, Val: 0.3580, Test: 0.3870
Epoch: 20, Loss: 1.4689, Train: 0.5929, Val: 0.4060, Test: 0.4160
Epoch: 21, Loss: 1.4222, Train: 0.6643, Val: 0.4560, Test: 0.4680
Epoch: 22, Loss: 1.3770, Train: 0.7286, Val: 0.5420, Test: 0.5480
Epoch: 23, Loss: 1.2956, Train: 0.7643, Val: 0.5760, Test: 0.6050
Epoch: 24, Loss: 1.2468, Train: 0.8214, Val: 0.6060, Test: 0.6610
Epoch: 25, Loss: 1.2075, Train: 0.8286, Val: 0.6280, Test: 0.6730
Epoch: 26, Loss: 1.1060, Train: 0.8429, Val: 0.6440, Test: 0.6870
Epoch: 27, Loss: 1.0288, Train: 0.8714, Val: 0.6580, Test: 0.6950
Epoch: 28, Loss: 0.9117, Train: 0.8929, Val: 0.6640, Test: 0.7030
Epoch: 29, Loss: 0.8669, Train: 0.9286, Val: 0.7020, Test: 0.7260
Epoch: 30, Loss: 0.8242, Train: 0.9571, Val: 0.7220, Test: 0.7350
Epoch: 31, Loss: 0.6719, Train: 0.9786, Val: 0.7340, Test: 0.7510
Epoch: 32, Loss: 0.6238, Train: 0.9857, Val: 0.7560, Test: 0.7690
Epoch: 33, Loss: 0.5411, Train: 0.9786, Val: 0.7640, Test: 0.7780
Epoch: 34, Loss: 0.4900, Train: 0.9857, Val: 0.7640, Test: 0.7870
Epoch: 35, Loss: 0.4410, Train: 0.9857, Val: 0.7620, Test: 0.7850
Epoch: 36, Loss: 0.3571, Train: 0.9786, Val: 0.7600, Test: 0.7700
Epoch: 37, Loss: 0.3255, Train: 0.9857, Val: 0.7600, Test: 0.7730
Epoch: 38, Loss: 0.2588, Train: 0.9786, Val: 0.7620, Test: 0.7670
Epoch: 39, Loss: 0.2305, Train: 0.9786, Val: 0.7620, Test: 0.7750
Epoch: 40, Loss: 0.2166, Train: 0.9786, Val: 0.7640, Test: 0.7770
Epoch: 41, Loss: 0.1916, Train: 0.9857, Val: 0.7640, Test: 0.7820
Epoch: 42, Loss: 0.1674, Train: 0.9929, Val: 0.7740, Test: 0.7780
Epoch: 43, Loss: 0.1434, Train: 0.9929, Val: 0.7760, Test: 0.7730
Epoch: 44, Loss: 0.1130, Train: 0.9929, Val: 0.7760, Test: 0.7710
Epoch: 45, Loss: 0.1049, Train: 0.9929, Val: 0.7660, Test: 0.7720
Epoch: 46, Loss: 0.1115, Train: 1.0000, Val: 0.7820, Test: 0.7850
Epoch: 47, Loss: 0.0754, Train: 0.9929, Val: 0.7720, Test: 0.7880
Epoch: 48, Loss: 0.1026, Train: 1.0000, Val: 0.7680, Test: 0.7760
Epoch: 49, Loss: 0.0655, Train: 1.0000, Val: 0.7520, Test: 0.7700
Epoch: 50, Loss: 0.0623, Train: 1.0000, Val: 0.7560, Test: 0.7680
MAD:  0.8955
Best Test Accuracy: 0.7880, Val Accuracy: 0.7720, Train Accuracy: 0.9929
Training completed.
Seed:  1
PMPGNN(
  (convs): ModuleList(
    (0): ParallelGNNBlock(
      (conv1): GATv2Conv(128, 128, heads=2)
      (conv2): GATv2Conv(128, 128, heads=2)
      (norm): LayerNorm((128,), eps=1e-05, elementwise_affine=True)
    )
    (1-7): 7 x ParallelGNNBlock(
      (conv1): GATv2Conv(512, 128, heads=2)
      (conv2): GATv2Conv(512, 128, heads=2)
      (norm): LayerNorm((128,), eps=1e-05, elementwise_affine=True)
    )
  )
  (norm): LayerNorm((512,), eps=1e-05, elementwise_affine=True)
  (mlp): Sequential(
    (0): Linear(in_features=512, out_features=64, bias=True)
    (1): LeakyReLU(negative_slope=0.01)
    (2): Dropout(p=0.3, inplace=False)
    (3): Linear(in_features=64, out_features=7, bias=True)
  )
  (proj): Linear(in_features=1433, out_features=128, bias=True)
)
Epoch: 1, Loss: 1.9975, Train: 0.2143, Val: 0.2260, Test: 0.2220
Epoch: 2, Loss: 1.9410, Train: 0.1857, Val: 0.1040, Test: 0.1340
Epoch: 3, Loss: 1.9794, Train: 0.2071, Val: 0.1160, Test: 0.1230
Epoch: 4, Loss: 1.9617, Train: 0.1786, Val: 0.0920, Test: 0.1090
Epoch: 5, Loss: 1.9594, Train: 0.2000, Val: 0.0840, Test: 0.1030
Epoch: 6, Loss: 1.9453, Train: 0.2214, Val: 0.0860, Test: 0.1110
Epoch: 7, Loss: 1.9220, Train: 0.3714, Val: 0.1920, Test: 0.1860
Epoch: 8, Loss: 1.8996, Train: 0.4571, Val: 0.2660, Test: 0.2760
Epoch: 9, Loss: 1.9408, Train: 0.4071, Val: 0.2280, Test: 0.2320
Epoch: 10, Loss: 1.8780, Train: 0.4786, Val: 0.2540, Test: 0.2570
Epoch: 11, Loss: 1.8685, Train: 0.6143, Val: 0.3480, Test: 0.3650
Epoch: 12, Loss: 1.8939, Train: 0.6714, Val: 0.4160, Test: 0.4250
Epoch: 13, Loss: 1.8384, Train: 0.7000, Val: 0.4580, Test: 0.4630
Epoch: 14, Loss: 1.7992, Train: 0.7143, Val: 0.4940, Test: 0.4880
Epoch: 15, Loss: 1.7394, Train: 0.7286, Val: 0.5120, Test: 0.5050
Epoch: 16, Loss: 1.7003, Train: 0.7000, Val: 0.4980, Test: 0.5260
Epoch: 17, Loss: 1.6252, Train: 0.6929, Val: 0.5060, Test: 0.5320
Epoch: 18, Loss: 1.6076, Train: 0.7214, Val: 0.5060, Test: 0.5400
Epoch: 19, Loss: 1.5070, Train: 0.7429, Val: 0.5260, Test: 0.5440
Epoch: 20, Loss: 1.4542, Train: 0.7571, Val: 0.5420, Test: 0.5640
Epoch: 21, Loss: 1.3693, Train: 0.8214, Val: 0.5840, Test: 0.5970
Epoch: 22, Loss: 1.2847, Train: 0.8357, Val: 0.6040, Test: 0.6340
Epoch: 23, Loss: 1.1963, Train: 0.8500, Val: 0.6100, Test: 0.6540
Epoch: 24, Loss: 1.1081, Train: 0.8643, Val: 0.6520, Test: 0.6860
Epoch: 25, Loss: 1.0365, Train: 0.8929, Val: 0.6800, Test: 0.7150
Epoch: 26, Loss: 0.9704, Train: 0.8929, Val: 0.7100, Test: 0.7370
Epoch: 27, Loss: 0.9234, Train: 0.9214, Val: 0.7160, Test: 0.7350
Epoch: 28, Loss: 0.7823, Train: 0.9214, Val: 0.7280, Test: 0.7330
Epoch: 29, Loss: 0.7661, Train: 0.9143, Val: 0.7040, Test: 0.7190
Epoch: 30, Loss: 0.6589, Train: 0.9286, Val: 0.7300, Test: 0.7290
Epoch: 31, Loss: 0.6083, Train: 0.9571, Val: 0.7220, Test: 0.7400
Epoch: 32, Loss: 0.5799, Train: 0.9500, Val: 0.7220, Test: 0.7460
Epoch: 33, Loss: 0.5495, Train: 0.9714, Val: 0.7300, Test: 0.7430
Epoch: 34, Loss: 0.4184, Train: 0.9786, Val: 0.7400, Test: 0.7500
Epoch: 35, Loss: 0.4061, Train: 0.9857, Val: 0.7480, Test: 0.7490
Epoch: 36, Loss: 0.3580, Train: 0.9929, Val: 0.7500, Test: 0.7570
Epoch: 37, Loss: 0.2892, Train: 1.0000, Val: 0.7540, Test: 0.7590
Epoch: 38, Loss: 0.2798, Train: 0.9929, Val: 0.7540, Test: 0.7610
Epoch: 39, Loss: 0.2342, Train: 1.0000, Val: 0.7540, Test: 0.7540
Epoch: 40, Loss: 0.1729, Train: 1.0000, Val: 0.7680, Test: 0.7610
Epoch: 41, Loss: 0.1818, Train: 1.0000, Val: 0.7820, Test: 0.7750
Epoch: 42, Loss: 0.1845, Train: 1.0000, Val: 0.7780, Test: 0.7890
Epoch: 43, Loss: 0.1260, Train: 1.0000, Val: 0.7740, Test: 0.7890
Epoch: 44, Loss: 0.1218, Train: 1.0000, Val: 0.7760, Test: 0.7910
Epoch: 45, Loss: 0.1052, Train: 1.0000, Val: 0.7780, Test: 0.7900
Epoch: 46, Loss: 0.0894, Train: 1.0000, Val: 0.7720, Test: 0.7850
Epoch: 47, Loss: 0.0781, Train: 1.0000, Val: 0.7680, Test: 0.7820
Epoch: 48, Loss: 0.0679, Train: 1.0000, Val: 0.7640, Test: 0.7720
Epoch: 49, Loss: 0.0647, Train: 0.9929, Val: 0.7560, Test: 0.7700
Epoch: 50, Loss: 0.0521, Train: 1.0000, Val: 0.7640, Test: 0.7780
MAD:  0.8181
Best Test Accuracy: 0.7910, Val Accuracy: 0.7760, Train Accuracy: 1.0000
Training completed.
Seed:  2
PMPGNN(
  (convs): ModuleList(
    (0): ParallelGNNBlock(
      (conv1): GATv2Conv(128, 128, heads=2)
      (conv2): GATv2Conv(128, 128, heads=2)
      (norm): LayerNorm((128,), eps=1e-05, elementwise_affine=True)
    )
    (1-7): 7 x ParallelGNNBlock(
      (conv1): GATv2Conv(512, 128, heads=2)
      (conv2): GATv2Conv(512, 128, heads=2)
      (norm): LayerNorm((128,), eps=1e-05, elementwise_affine=True)
    )
  )
  (norm): LayerNorm((512,), eps=1e-05, elementwise_affine=True)
  (mlp): Sequential(
    (0): Linear(in_features=512, out_features=64, bias=True)
    (1): LeakyReLU(negative_slope=0.01)
    (2): Dropout(p=0.3, inplace=False)
    (3): Linear(in_features=64, out_features=7, bias=True)
  )
  (proj): Linear(in_features=1433, out_features=128, bias=True)
)
Epoch: 1, Loss: 1.9966, Train: 0.1786, Val: 0.1320, Test: 0.1430
Epoch: 2, Loss: 1.9602, Train: 0.2571, Val: 0.1920, Test: 0.1980
Epoch: 3, Loss: 1.9433, Train: 0.2143, Val: 0.1880, Test: 0.1790
Epoch: 4, Loss: 1.9627, Train: 0.2000, Val: 0.1760, Test: 0.1760
Epoch: 5, Loss: 1.9509, Train: 0.1643, Val: 0.1660, Test: 0.1580
Epoch: 6, Loss: 1.9143, Train: 0.1500, Val: 0.1620, Test: 0.1490
Epoch: 7, Loss: 1.9358, Train: 0.1714, Val: 0.1700, Test: 0.1640
Epoch: 8, Loss: 1.9348, Train: 0.3071, Val: 0.2260, Test: 0.2390
Epoch: 9, Loss: 1.9307, Train: 0.3786, Val: 0.2360, Test: 0.2620
Epoch: 10, Loss: 1.9081, Train: 0.4429, Val: 0.2880, Test: 0.3010
Epoch: 11, Loss: 1.8849, Train: 0.5143, Val: 0.3640, Test: 0.3520
Epoch: 12, Loss: 1.8798, Train: 0.5643, Val: 0.4180, Test: 0.3960
Epoch: 13, Loss: 1.8816, Train: 0.6214, Val: 0.4700, Test: 0.4450
Epoch: 14, Loss: 1.8554, Train: 0.6786, Val: 0.4720, Test: 0.4740
Epoch: 15, Loss: 1.7927, Train: 0.7286, Val: 0.4920, Test: 0.4870
Epoch: 16, Loss: 1.7859, Train: 0.7714, Val: 0.5540, Test: 0.5610
Epoch: 17, Loss: 1.7530, Train: 0.8071, Val: 0.6080, Test: 0.6090
Epoch: 18, Loss: 1.7315, Train: 0.8286, Val: 0.6320, Test: 0.6270
Epoch: 19, Loss: 1.6531, Train: 0.8429, Val: 0.6420, Test: 0.6340
Epoch: 20, Loss: 1.5778, Train: 0.8500, Val: 0.6600, Test: 0.6510
Epoch: 21, Loss: 1.5540, Train: 0.8714, Val: 0.6540, Test: 0.6410
Epoch: 22, Loss: 1.4842, Train: 0.8643, Val: 0.6600, Test: 0.6250
Epoch: 23, Loss: 1.3742, Train: 0.8857, Val: 0.6500, Test: 0.6130
Epoch: 24, Loss: 1.3168, Train: 0.8786, Val: 0.6320, Test: 0.6020
Epoch: 25, Loss: 1.2271, Train: 0.8714, Val: 0.6240, Test: 0.6030
Epoch: 26, Loss: 1.1568, Train: 0.8571, Val: 0.6260, Test: 0.6110
Epoch: 27, Loss: 1.0401, Train: 0.8857, Val: 0.6500, Test: 0.6370
Epoch: 28, Loss: 0.9727, Train: 0.9071, Val: 0.6880, Test: 0.6780
Epoch: 29, Loss: 0.9090, Train: 0.9357, Val: 0.7200, Test: 0.7080
Epoch: 30, Loss: 0.8656, Train: 0.9429, Val: 0.7260, Test: 0.7110
Epoch: 31, Loss: 0.7495, Train: 0.9643, Val: 0.7200, Test: 0.7180
Epoch: 32, Loss: 0.7246, Train: 0.9714, Val: 0.7300, Test: 0.7440
Epoch: 33, Loss: 0.6500, Train: 0.9786, Val: 0.7380, Test: 0.7550
Epoch: 34, Loss: 0.5458, Train: 0.9714, Val: 0.7680, Test: 0.7700
Epoch: 35, Loss: 0.5310, Train: 0.9714, Val: 0.7740, Test: 0.7760
Epoch: 36, Loss: 0.4842, Train: 0.9714, Val: 0.7660, Test: 0.7770
Epoch: 37, Loss: 0.3957, Train: 0.9714, Val: 0.7660, Test: 0.7780
Epoch: 38, Loss: 0.3494, Train: 0.9786, Val: 0.7660, Test: 0.7730
Epoch: 39, Loss: 0.3265, Train: 0.9786, Val: 0.7660, Test: 0.7710
Epoch: 40, Loss: 0.2752, Train: 0.9857, Val: 0.7620, Test: 0.7760
Epoch: 41, Loss: 0.2438, Train: 0.9929, Val: 0.7580, Test: 0.7740
Epoch: 42, Loss: 0.2133, Train: 0.9929, Val: 0.7640, Test: 0.7720
Epoch: 43, Loss: 0.2005, Train: 0.9929, Val: 0.7720, Test: 0.7670
Epoch: 44, Loss: 0.1464, Train: 0.9857, Val: 0.7740, Test: 0.7610
Epoch: 45, Loss: 0.1456, Train: 0.9929, Val: 0.7740, Test: 0.7690
Epoch: 46, Loss: 0.1109, Train: 0.9929, Val: 0.7820, Test: 0.7780
Epoch: 47, Loss: 0.1110, Train: 0.9857, Val: 0.7740, Test: 0.7790
Epoch: 48, Loss: 0.1121, Train: 0.9929, Val: 0.7700, Test: 0.7830
Epoch: 49, Loss: 0.0779, Train: 1.0000, Val: 0.7740, Test: 0.7720
Epoch: 50, Loss: 0.0700, Train: 0.9929, Val: 0.7740, Test: 0.7650
MAD:  0.932
Best Test Accuracy: 0.7830, Val Accuracy: 0.7700, Train Accuracy: 0.9929
Training completed.
Seed:  3
PMPGNN(
  (convs): ModuleList(
    (0): ParallelGNNBlock(
      (conv1): GATv2Conv(128, 128, heads=2)
      (conv2): GATv2Conv(128, 128, heads=2)
      (norm): LayerNorm((128,), eps=1e-05, elementwise_affine=True)
    )
    (1-7): 7 x ParallelGNNBlock(
      (conv1): GATv2Conv(512, 128, heads=2)
      (conv2): GATv2Conv(512, 128, heads=2)
      (norm): LayerNorm((128,), eps=1e-05, elementwise_affine=True)
    )
  )
  (norm): LayerNorm((512,), eps=1e-05, elementwise_affine=True)
  (mlp): Sequential(
    (0): Linear(in_features=512, out_features=64, bias=True)
    (1): LeakyReLU(negative_slope=0.01)
    (2): Dropout(p=0.3, inplace=False)
    (3): Linear(in_features=64, out_features=7, bias=True)
  )
  (proj): Linear(in_features=1433, out_features=128, bias=True)
)
Epoch: 1, Loss: 2.0279, Train: 0.2429, Val: 0.2260, Test: 0.2290
Epoch: 2, Loss: 1.9871, Train: 0.3071, Val: 0.2820, Test: 0.2950
Epoch: 3, Loss: 1.9371, Train: 0.1429, Val: 0.0880, Test: 0.1020
Epoch: 4, Loss: 1.9411, Train: 0.1571, Val: 0.0960, Test: 0.1050
Epoch: 5, Loss: 1.9061, Train: 0.2071, Val: 0.1100, Test: 0.1170
Epoch: 6, Loss: 1.9367, Train: 0.1500, Val: 0.1300, Test: 0.1440
Epoch: 7, Loss: 1.9480, Train: 0.1500, Val: 0.1180, Test: 0.1320
Epoch: 8, Loss: 1.9434, Train: 0.2143, Val: 0.1220, Test: 0.1520
Epoch: 9, Loss: 1.9247, Train: 0.2786, Val: 0.1680, Test: 0.1980
Epoch: 10, Loss: 1.8933, Train: 0.3500, Val: 0.2340, Test: 0.2420
Epoch: 11, Loss: 1.9051, Train: 0.4143, Val: 0.2560, Test: 0.2670
Epoch: 12, Loss: 1.8650, Train: 0.5571, Val: 0.3440, Test: 0.3470
Epoch: 13, Loss: 1.8717, Train: 0.6429, Val: 0.4540, Test: 0.4550
Epoch: 14, Loss: 1.8715, Train: 0.6286, Val: 0.4660, Test: 0.4800
Epoch: 15, Loss: 1.8725, Train: 0.6929, Val: 0.4960, Test: 0.5080
Epoch: 16, Loss: 1.7727, Train: 0.7643, Val: 0.5380, Test: 0.5590
Epoch: 17, Loss: 1.7884, Train: 0.8214, Val: 0.6360, Test: 0.6380
Epoch: 18, Loss: 1.7430, Train: 0.8214, Val: 0.6620, Test: 0.6670
Epoch: 19, Loss: 1.6451, Train: 0.8286, Val: 0.6620, Test: 0.6590
Epoch: 20, Loss: 1.5831, Train: 0.8357, Val: 0.6540, Test: 0.6620
Epoch: 21, Loss: 1.4989, Train: 0.8357, Val: 0.6420, Test: 0.6680
Epoch: 22, Loss: 1.4073, Train: 0.8286, Val: 0.6140, Test: 0.6440
Epoch: 23, Loss: 1.4085, Train: 0.8286, Val: 0.6060, Test: 0.6280
Epoch: 24, Loss: 1.3192, Train: 0.8214, Val: 0.5960, Test: 0.6140
Epoch: 25, Loss: 1.2589, Train: 0.8357, Val: 0.5960, Test: 0.6080
Epoch: 26, Loss: 1.1364, Train: 0.8286, Val: 0.5920, Test: 0.6200
Epoch: 27, Loss: 0.9853, Train: 0.8714, Val: 0.6240, Test: 0.6510
Epoch: 28, Loss: 1.0143, Train: 0.9143, Val: 0.6580, Test: 0.6810
Epoch: 29, Loss: 0.9059, Train: 0.9214, Val: 0.6900, Test: 0.7140
Epoch: 30, Loss: 0.8225, Train: 0.9429, Val: 0.7120, Test: 0.7520
Epoch: 31, Loss: 0.7506, Train: 0.9643, Val: 0.7220, Test: 0.7560
Epoch: 32, Loss: 0.6988, Train: 0.9571, Val: 0.7220, Test: 0.7630
Epoch: 33, Loss: 0.6500, Train: 0.9429, Val: 0.7300, Test: 0.7640
Epoch: 34, Loss: 0.5572, Train: 0.9500, Val: 0.7400, Test: 0.7640
Epoch: 35, Loss: 0.5048, Train: 0.9714, Val: 0.7560, Test: 0.7660
Epoch: 36, Loss: 0.4348, Train: 1.0000, Val: 0.7540, Test: 0.7720
Epoch: 37, Loss: 0.3655, Train: 1.0000, Val: 0.7460, Test: 0.7600
Epoch: 38, Loss: 0.3588, Train: 1.0000, Val: 0.7560, Test: 0.7720
Epoch: 39, Loss: 0.3452, Train: 0.9929, Val: 0.7760, Test: 0.7910
Epoch: 40, Loss: 0.2358, Train: 1.0000, Val: 0.7780, Test: 0.7940
Epoch: 41, Loss: 0.2272, Train: 1.0000, Val: 0.7780, Test: 0.7880
Epoch: 42, Loss: 0.2067, Train: 1.0000, Val: 0.7680, Test: 0.7800
Epoch: 43, Loss: 0.1496, Train: 0.9929, Val: 0.7520, Test: 0.7770
Epoch: 44, Loss: 0.1807, Train: 1.0000, Val: 0.7520, Test: 0.7780
Epoch: 45, Loss: 0.1323, Train: 0.9929, Val: 0.7520, Test: 0.7840
Epoch: 46, Loss: 0.1261, Train: 0.9929, Val: 0.7660, Test: 0.7860
Epoch: 47, Loss: 0.0935, Train: 1.0000, Val: 0.7620, Test: 0.7940
Epoch: 48, Loss: 0.0726, Train: 1.0000, Val: 0.7700, Test: 0.7980
Epoch: 49, Loss: 0.0682, Train: 1.0000, Val: 0.7740, Test: 0.7900
Epoch: 50, Loss: 0.0697, Train: 1.0000, Val: 0.7640, Test: 0.7750
MAD:  0.9111
Best Test Accuracy: 0.7980, Val Accuracy: 0.7700, Train Accuracy: 1.0000
Training completed.
Seed:  4
PMPGNN(
  (convs): ModuleList(
    (0): ParallelGNNBlock(
      (conv1): GATv2Conv(128, 128, heads=2)
      (conv2): GATv2Conv(128, 128, heads=2)
      (norm): LayerNorm((128,), eps=1e-05, elementwise_affine=True)
    )
    (1-7): 7 x ParallelGNNBlock(
      (conv1): GATv2Conv(512, 128, heads=2)
      (conv2): GATv2Conv(512, 128, heads=2)
      (norm): LayerNorm((128,), eps=1e-05, elementwise_affine=True)
    )
  )
  (norm): LayerNorm((512,), eps=1e-05, elementwise_affine=True)
  (mlp): Sequential(
    (0): Linear(in_features=512, out_features=64, bias=True)
    (1): LeakyReLU(negative_slope=0.01)
    (2): Dropout(p=0.3, inplace=False)
    (3): Linear(in_features=64, out_features=7, bias=True)
  )
  (proj): Linear(in_features=1433, out_features=128, bias=True)
)
Epoch: 1, Loss: 1.9570, Train: 0.1857, Val: 0.1220, Test: 0.1400
Epoch: 2, Loss: 1.9841, Train: 0.2214, Val: 0.1460, Test: 0.1560
Epoch: 3, Loss: 1.9607, Train: 0.3786, Val: 0.1960, Test: 0.2130
Epoch: 4, Loss: 1.9035, Train: 0.2929, Val: 0.1880, Test: 0.1920
Epoch: 5, Loss: 1.9233, Train: 0.2786, Val: 0.1420, Test: 0.1460
Epoch: 6, Loss: 1.9393, Train: 0.3500, Val: 0.2080, Test: 0.1990
Epoch: 7, Loss: 1.9071, Train: 0.4357, Val: 0.3000, Test: 0.2990
Epoch: 8, Loss: 1.9086, Train: 0.4143, Val: 0.3040, Test: 0.2910
Epoch: 9, Loss: 1.9316, Train: 0.3643, Val: 0.2380, Test: 0.2320
Epoch: 10, Loss: 1.8940, Train: 0.3071, Val: 0.2040, Test: 0.2090
Epoch: 11, Loss: 1.8899, Train: 0.3143, Val: 0.2100, Test: 0.2180
Epoch: 12, Loss: 1.8563, Train: 0.3429, Val: 0.2100, Test: 0.2240
Epoch: 13, Loss: 1.8071, Train: 0.3643, Val: 0.2100, Test: 0.2360
Epoch: 14, Loss: 1.8069, Train: 0.3714, Val: 0.2320, Test: 0.2590
Epoch: 15, Loss: 1.7866, Train: 0.4500, Val: 0.2980, Test: 0.3070
Epoch: 16, Loss: 1.7649, Train: 0.5286, Val: 0.3360, Test: 0.3540
Epoch: 17, Loss: 1.6744, Train: 0.6071, Val: 0.3860, Test: 0.3960
Epoch: 18, Loss: 1.6630, Train: 0.5786, Val: 0.4180, Test: 0.3950
Epoch: 19, Loss: 1.5822, Train: 0.6071, Val: 0.4440, Test: 0.4220
Epoch: 20, Loss: 1.5202, Train: 0.6643, Val: 0.4900, Test: 0.4820
Epoch: 21, Loss: 1.4174, Train: 0.7857, Val: 0.5340, Test: 0.5520
Epoch: 22, Loss: 1.3330, Train: 0.8500, Val: 0.5580, Test: 0.5640
Epoch: 23, Loss: 1.2624, Train: 0.8500, Val: 0.6180, Test: 0.6110
Epoch: 24, Loss: 1.1734, Train: 0.9000, Val: 0.6660, Test: 0.6440
Epoch: 25, Loss: 1.0702, Train: 0.8929, Val: 0.6680, Test: 0.6630
Epoch: 26, Loss: 1.0768, Train: 0.9286, Val: 0.6740, Test: 0.6800
Epoch: 27, Loss: 0.9211, Train: 0.9286, Val: 0.6740, Test: 0.6760
Epoch: 28, Loss: 0.8564, Train: 0.9286, Val: 0.6640, Test: 0.6780
Epoch: 29, Loss: 0.8254, Train: 0.9571, Val: 0.7240, Test: 0.7290
Epoch: 30, Loss: 0.7640, Train: 0.9429, Val: 0.7200, Test: 0.7430
Epoch: 31, Loss: 0.6738, Train: 0.9357, Val: 0.7180, Test: 0.7370
Epoch: 32, Loss: 0.6035, Train: 0.9786, Val: 0.7180, Test: 0.7360
Epoch: 33, Loss: 0.5530, Train: 0.9643, Val: 0.7180, Test: 0.7180
Epoch: 34, Loss: 0.5088, Train: 0.9643, Val: 0.7260, Test: 0.7110
Epoch: 35, Loss: 0.4947, Train: 0.9786, Val: 0.7300, Test: 0.7420
Epoch: 36, Loss: 0.4339, Train: 0.9714, Val: 0.7240, Test: 0.7480
Epoch: 37, Loss: 0.4169, Train: 0.9786, Val: 0.7280, Test: 0.7600
Epoch: 38, Loss: 0.3326, Train: 0.9786, Val: 0.7240, Test: 0.7490
Epoch: 39, Loss: 0.3034, Train: 0.9786, Val: 0.7160, Test: 0.7360
Epoch: 40, Loss: 0.2879, Train: 0.9857, Val: 0.7280, Test: 0.7510
Epoch: 41, Loss: 0.2378, Train: 0.9643, Val: 0.7140, Test: 0.7370
Epoch: 42, Loss: 0.2253, Train: 0.9857, Val: 0.7260, Test: 0.7460
Epoch: 43, Loss: 0.1875, Train: 0.9929, Val: 0.7300, Test: 0.7480
Epoch: 44, Loss: 0.1685, Train: 0.9929, Val: 0.7300, Test: 0.7410
Epoch: 45, Loss: 0.1738, Train: 1.0000, Val: 0.7420, Test: 0.7500
Epoch: 46, Loss: 0.1291, Train: 1.0000, Val: 0.7380, Test: 0.7610
Epoch: 47, Loss: 0.0894, Train: 1.0000, Val: 0.7280, Test: 0.7550
Epoch: 48, Loss: 0.0910, Train: 0.9929, Val: 0.7200, Test: 0.7470
Epoch: 49, Loss: 0.0830, Train: 0.9929, Val: 0.7240, Test: 0.7460
Epoch: 50, Loss: 0.1283, Train: 0.9929, Val: 0.7260, Test: 0.7640
MAD:  0.9172
Best Test Accuracy: 0.7640, Val Accuracy: 0.7260, Train Accuracy: 0.9929
Training completed.
Seed:  5
PMPGNN(
  (convs): ModuleList(
    (0): ParallelGNNBlock(
      (conv1): GATv2Conv(128, 128, heads=2)
      (conv2): GATv2Conv(128, 128, heads=2)
      (norm): LayerNorm((128,), eps=1e-05, elementwise_affine=True)
    )
    (1-7): 7 x ParallelGNNBlock(
      (conv1): GATv2Conv(512, 128, heads=2)
      (conv2): GATv2Conv(512, 128, heads=2)
      (norm): LayerNorm((128,), eps=1e-05, elementwise_affine=True)
    )
  )
  (norm): LayerNorm((512,), eps=1e-05, elementwise_affine=True)
  (mlp): Sequential(
    (0): Linear(in_features=512, out_features=64, bias=True)
    (1): LeakyReLU(negative_slope=0.01)
    (2): Dropout(p=0.3, inplace=False)
    (3): Linear(in_features=64, out_features=7, bias=True)
  )
  (proj): Linear(in_features=1433, out_features=128, bias=True)
)
Epoch: 1, Loss: 1.9781, Train: 0.1214, Val: 0.1500, Test: 0.1420
Epoch: 2, Loss: 1.9419, Train: 0.1786, Val: 0.1600, Test: 0.1510
Epoch: 3, Loss: 1.9484, Train: 0.2929, Val: 0.2120, Test: 0.2040
Epoch: 4, Loss: 1.9633, Train: 0.4429, Val: 0.3720, Test: 0.3540
Epoch: 5, Loss: 1.9495, Train: 0.3429, Val: 0.4220, Test: 0.3970
Epoch: 6, Loss: 1.9239, Train: 0.3286, Val: 0.4540, Test: 0.4230
Epoch: 7, Loss: 1.9224, Train: 0.3000, Val: 0.4500, Test: 0.4240
Epoch: 8, Loss: 1.9234, Train: 0.3500, Val: 0.4580, Test: 0.4280
Epoch: 9, Loss: 1.9094, Train: 0.5143, Val: 0.4380, Test: 0.4180
Epoch: 10, Loss: 1.8834, Train: 0.5000, Val: 0.3540, Test: 0.3510
Epoch: 11, Loss: 1.9424, Train: 0.4643, Val: 0.3500, Test: 0.3320
Epoch: 12, Loss: 1.8938, Train: 0.4286, Val: 0.3040, Test: 0.2980
Epoch: 13, Loss: 1.8730, Train: 0.4143, Val: 0.2980, Test: 0.2900
Epoch: 14, Loss: 1.8362, Train: 0.5143, Val: 0.3240, Test: 0.3350
Epoch: 15, Loss: 1.8253, Train: 0.6571, Val: 0.4060, Test: 0.4260
Epoch: 16, Loss: 1.7721, Train: 0.7286, Val: 0.5060, Test: 0.5250
Epoch: 17, Loss: 1.7449, Train: 0.7929, Val: 0.5780, Test: 0.5770
Epoch: 18, Loss: 1.6653, Train: 0.7643, Val: 0.6040, Test: 0.5880
Epoch: 19, Loss: 1.6213, Train: 0.7429, Val: 0.6100, Test: 0.6040
Epoch: 20, Loss: 1.5684, Train: 0.7714, Val: 0.6460, Test: 0.6220
Epoch: 21, Loss: 1.5554, Train: 0.7929, Val: 0.6280, Test: 0.6280
Epoch: 22, Loss: 1.4077, Train: 0.8000, Val: 0.6120, Test: 0.6120
Epoch: 23, Loss: 1.3678, Train: 0.8214, Val: 0.6120, Test: 0.6080
Epoch: 24, Loss: 1.2753, Train: 0.8286, Val: 0.6320, Test: 0.6280
Epoch: 25, Loss: 1.1852, Train: 0.8643, Val: 0.6580, Test: 0.6510
Epoch: 26, Loss: 1.0847, Train: 0.8929, Val: 0.7500, Test: 0.7210
Epoch: 27, Loss: 0.9763, Train: 0.9143, Val: 0.7820, Test: 0.7570
Epoch: 28, Loss: 0.9177, Train: 0.9429, Val: 0.7860, Test: 0.7810
Epoch: 29, Loss: 0.8623, Train: 0.9429, Val: 0.7940, Test: 0.7780
Epoch: 30, Loss: 0.8027, Train: 0.9571, Val: 0.7960, Test: 0.7790
Epoch: 31, Loss: 0.7266, Train: 0.9643, Val: 0.7800, Test: 0.7660
Epoch: 32, Loss: 0.6088, Train: 0.9643, Val: 0.7680, Test: 0.7590
Epoch: 33, Loss: 0.5512, Train: 0.9714, Val: 0.7720, Test: 0.7620
Epoch: 34, Loss: 0.5098, Train: 0.9714, Val: 0.7840, Test: 0.7870
Epoch: 35, Loss: 0.3965, Train: 0.9714, Val: 0.7800, Test: 0.7860
Epoch: 36, Loss: 0.3565, Train: 0.9857, Val: 0.7740, Test: 0.7780
Epoch: 37, Loss: 0.3306, Train: 0.9786, Val: 0.7780, Test: 0.7790
Epoch: 38, Loss: 0.2724, Train: 0.9929, Val: 0.7820, Test: 0.7940
Epoch: 39, Loss: 0.2322, Train: 0.9929, Val: 0.7840, Test: 0.7940
Epoch: 40, Loss: 0.1790, Train: 0.9857, Val: 0.7700, Test: 0.7900
Epoch: 41, Loss: 0.2165, Train: 1.0000, Val: 0.7700, Test: 0.7930
Epoch: 42, Loss: 0.1442, Train: 0.9786, Val: 0.7800, Test: 0.7880
Epoch: 43, Loss: 0.1565, Train: 0.9786, Val: 0.7740, Test: 0.7860
Epoch: 44, Loss: 0.1416, Train: 0.9857, Val: 0.7820, Test: 0.7890
Epoch: 45, Loss: 0.1066, Train: 1.0000, Val: 0.7820, Test: 0.7780
Epoch: 46, Loss: 0.1238, Train: 1.0000, Val: 0.7600, Test: 0.7680
Epoch: 47, Loss: 0.0978, Train: 1.0000, Val: 0.7700, Test: 0.7770
Epoch: 48, Loss: 0.0726, Train: 1.0000, Val: 0.7720, Test: 0.7820
Epoch: 49, Loss: 0.0612, Train: 0.9929, Val: 0.7780, Test: 0.7910
Epoch: 50, Loss: 0.0715, Train: 0.9857, Val: 0.7920, Test: 0.7930
MAD:  0.9074
Best Test Accuracy: 0.7940, Val Accuracy: 0.7820, Train Accuracy: 0.9929
Training completed.
Seed:  6
PMPGNN(
  (convs): ModuleList(
    (0): ParallelGNNBlock(
      (conv1): GATv2Conv(128, 128, heads=2)
      (conv2): GATv2Conv(128, 128, heads=2)
      (norm): LayerNorm((128,), eps=1e-05, elementwise_affine=True)
    )
    (1-7): 7 x ParallelGNNBlock(
      (conv1): GATv2Conv(512, 128, heads=2)
      (conv2): GATv2Conv(512, 128, heads=2)
      (norm): LayerNorm((128,), eps=1e-05, elementwise_affine=True)
    )
  )
  (norm): LayerNorm((512,), eps=1e-05, elementwise_affine=True)
  (mlp): Sequential(
    (0): Linear(in_features=512, out_features=64, bias=True)
    (1): LeakyReLU(negative_slope=0.01)
    (2): Dropout(p=0.3, inplace=False)
    (3): Linear(in_features=64, out_features=7, bias=True)
  )
  (proj): Linear(in_features=1433, out_features=128, bias=True)
)
Epoch: 1, Loss: 1.9782, Train: 0.1786, Val: 0.0760, Test: 0.0810
Epoch: 2, Loss: 1.9634, Train: 0.2857, Val: 0.1560, Test: 0.1600
Epoch: 3, Loss: 1.9731, Train: 0.3071, Val: 0.2160, Test: 0.2370
Epoch: 4, Loss: 1.9336, Train: 0.2714, Val: 0.2320, Test: 0.2340
Epoch: 5, Loss: 1.9079, Train: 0.3929, Val: 0.3140, Test: 0.3240
Epoch: 6, Loss: 1.9187, Train: 0.4643, Val: 0.4260, Test: 0.4390
Epoch: 7, Loss: 1.9143, Train: 0.3643, Val: 0.4020, Test: 0.3940
Epoch: 8, Loss: 1.9156, Train: 0.3643, Val: 0.3980, Test: 0.4100
Epoch: 9, Loss: 1.8845, Train: 0.4429, Val: 0.4100, Test: 0.4440
Epoch: 10, Loss: 1.8900, Train: 0.5857, Val: 0.5140, Test: 0.5550
Epoch: 11, Loss: 1.8907, Train: 0.6643, Val: 0.5720, Test: 0.6040
Epoch: 12, Loss: 1.7751, Train: 0.6786, Val: 0.5520, Test: 0.5690
Epoch: 13, Loss: 1.7981, Train: 0.6857, Val: 0.5460, Test: 0.5430
Epoch: 14, Loss: 1.7671, Train: 0.6786, Val: 0.5560, Test: 0.5330
Epoch: 15, Loss: 1.6925, Train: 0.7071, Val: 0.5600, Test: 0.5320
Epoch: 16, Loss: 1.6624, Train: 0.7071, Val: 0.5600, Test: 0.5510
Epoch: 17, Loss: 1.5670, Train: 0.6857, Val: 0.5280, Test: 0.5130
Epoch: 18, Loss: 1.5397, Train: 0.6786, Val: 0.5000, Test: 0.5110
Epoch: 19, Loss: 1.4385, Train: 0.7000, Val: 0.5240, Test: 0.5360
Epoch: 20, Loss: 1.4221, Train: 0.7429, Val: 0.5880, Test: 0.5730
Epoch: 21, Loss: 1.2814, Train: 0.7786, Val: 0.6320, Test: 0.6150
Epoch: 22, Loss: 1.2361, Train: 0.8214, Val: 0.6680, Test: 0.6540
Epoch: 23, Loss: 1.1605, Train: 0.8429, Val: 0.7000, Test: 0.6950
Epoch: 24, Loss: 1.1299, Train: 0.8571, Val: 0.6920, Test: 0.6910
Epoch: 25, Loss: 1.0282, Train: 0.8857, Val: 0.6780, Test: 0.6900
Epoch: 26, Loss: 0.8982, Train: 0.9071, Val: 0.6860, Test: 0.7020
Epoch: 27, Loss: 0.8391, Train: 0.9000, Val: 0.6940, Test: 0.7190
Epoch: 28, Loss: 0.7799, Train: 0.9214, Val: 0.7140, Test: 0.7320
Epoch: 29, Loss: 0.7335, Train: 0.9143, Val: 0.7120, Test: 0.7330
Epoch: 30, Loss: 0.7082, Train: 0.9286, Val: 0.7320, Test: 0.7440
Epoch: 31, Loss: 0.5634, Train: 0.9357, Val: 0.7300, Test: 0.7370
Epoch: 32, Loss: 0.5235, Train: 0.9571, Val: 0.7180, Test: 0.7340
Epoch: 33, Loss: 0.4986, Train: 0.9571, Val: 0.7480, Test: 0.7500
Epoch: 34, Loss: 0.3914, Train: 0.9857, Val: 0.7420, Test: 0.7620
Epoch: 35, Loss: 0.3681, Train: 0.9643, Val: 0.7320, Test: 0.7480
Epoch: 36, Loss: 0.3373, Train: 0.9786, Val: 0.7320, Test: 0.7480
Epoch: 37, Loss: 0.2853, Train: 1.0000, Val: 0.7460, Test: 0.7620
Epoch: 38, Loss: 0.2621, Train: 1.0000, Val: 0.7580, Test: 0.7610
Epoch: 39, Loss: 0.1818, Train: 0.9857, Val: 0.7600, Test: 0.7610
Epoch: 40, Loss: 0.2082, Train: 0.9857, Val: 0.7580, Test: 0.7630
Epoch: 41, Loss: 0.2026, Train: 0.9929, Val: 0.7520, Test: 0.7630
Epoch: 42, Loss: 0.1409, Train: 0.9857, Val: 0.7520, Test: 0.7520
Epoch: 43, Loss: 0.1168, Train: 0.9929, Val: 0.7420, Test: 0.7440
Epoch: 44, Loss: 0.1180, Train: 0.9929, Val: 0.7460, Test: 0.7510
Epoch: 45, Loss: 0.1085, Train: 0.9929, Val: 0.7520, Test: 0.7550
Epoch: 46, Loss: 0.0770, Train: 1.0000, Val: 0.7540, Test: 0.7560
Epoch: 47, Loss: 0.0935, Train: 1.0000, Val: 0.7580, Test: 0.7480
Epoch: 48, Loss: 0.0802, Train: 1.0000, Val: 0.7620, Test: 0.7570
Epoch: 49, Loss: 0.1051, Train: 1.0000, Val: 0.7620, Test: 0.7780
Epoch: 50, Loss: 0.0489, Train: 0.9929, Val: 0.7700, Test: 0.7850
MAD:  0.8688
Best Test Accuracy: 0.7850, Val Accuracy: 0.7700, Train Accuracy: 0.9929
Training completed.
Seed:  7
PMPGNN(
  (convs): ModuleList(
    (0): ParallelGNNBlock(
      (conv1): GATv2Conv(128, 128, heads=2)
      (conv2): GATv2Conv(128, 128, heads=2)
      (norm): LayerNorm((128,), eps=1e-05, elementwise_affine=True)
    )
    (1-7): 7 x ParallelGNNBlock(
      (conv1): GATv2Conv(512, 128, heads=2)
      (conv2): GATv2Conv(512, 128, heads=2)
      (norm): LayerNorm((128,), eps=1e-05, elementwise_affine=True)
    )
  )
  (norm): LayerNorm((512,), eps=1e-05, elementwise_affine=True)
  (mlp): Sequential(
    (0): Linear(in_features=512, out_features=64, bias=True)
    (1): LeakyReLU(negative_slope=0.01)
    (2): Dropout(p=0.3, inplace=False)
    (3): Linear(in_features=64, out_features=7, bias=True)
  )
  (proj): Linear(in_features=1433, out_features=128, bias=True)
)
Epoch: 1, Loss: 1.9908, Train: 0.2000, Val: 0.0940, Test: 0.0960
Epoch: 2, Loss: 1.9777, Train: 0.2286, Val: 0.1440, Test: 0.1680
Epoch: 3, Loss: 1.9515, Train: 0.2786, Val: 0.2240, Test: 0.2150
Epoch: 4, Loss: 1.9467, Train: 0.3500, Val: 0.2980, Test: 0.2800
Epoch: 5, Loss: 1.9298, Train: 0.4286, Val: 0.3000, Test: 0.3120
Epoch: 6, Loss: 1.9380, Train: 0.3643, Val: 0.2520, Test: 0.2650
Epoch: 7, Loss: 1.9249, Train: 0.3714, Val: 0.2280, Test: 0.2270
Epoch: 8, Loss: 1.9224, Train: 0.4357, Val: 0.2820, Test: 0.2890
Epoch: 9, Loss: 1.9144, Train: 0.5286, Val: 0.4940, Test: 0.5000
Epoch: 10, Loss: 1.8795, Train: 0.5071, Val: 0.5120, Test: 0.4980
Epoch: 11, Loss: 1.8557, Train: 0.4786, Val: 0.5180, Test: 0.4940
Epoch: 12, Loss: 1.8461, Train: 0.5000, Val: 0.5300, Test: 0.5090
Epoch: 13, Loss: 1.8085, Train: 0.5714, Val: 0.5700, Test: 0.5460
Epoch: 14, Loss: 1.8146, Train: 0.6786, Val: 0.6100, Test: 0.5860
Epoch: 15, Loss: 1.7321, Train: 0.7143, Val: 0.6040, Test: 0.6060
Epoch: 16, Loss: 1.7032, Train: 0.6929, Val: 0.5880, Test: 0.5700
Epoch: 17, Loss: 1.7145, Train: 0.6571, Val: 0.5520, Test: 0.5320
Epoch: 18, Loss: 1.6594, Train: 0.6714, Val: 0.5140, Test: 0.4890
Epoch: 19, Loss: 1.5722, Train: 0.6500, Val: 0.4580, Test: 0.4730
Epoch: 20, Loss: 1.5632, Train: 0.6214, Val: 0.4360, Test: 0.4610
Epoch: 21, Loss: 1.5068, Train: 0.6500, Val: 0.4580, Test: 0.4850
Epoch: 22, Loss: 1.3530, Train: 0.6500, Val: 0.4880, Test: 0.5160
Epoch: 23, Loss: 1.3105, Train: 0.7714, Val: 0.5880, Test: 0.5850
Epoch: 24, Loss: 1.2637, Train: 0.8429, Val: 0.6480, Test: 0.6500
Epoch: 25, Loss: 1.1450, Train: 0.8571, Val: 0.7060, Test: 0.6950
Epoch: 26, Loss: 1.1282, Train: 0.8857, Val: 0.6940, Test: 0.6960
Epoch: 27, Loss: 1.0142, Train: 0.8500, Val: 0.6660, Test: 0.6600
Epoch: 28, Loss: 0.9042, Train: 0.8643, Val: 0.6540, Test: 0.6360
Epoch: 29, Loss: 0.8871, Train: 0.9143, Val: 0.6840, Test: 0.6960
Epoch: 30, Loss: 0.8207, Train: 0.9429, Val: 0.7100, Test: 0.7230
Epoch: 31, Loss: 0.7497, Train: 0.9429, Val: 0.7360, Test: 0.7410
Epoch: 32, Loss: 0.6820, Train: 0.9643, Val: 0.7360, Test: 0.7450
Epoch: 33, Loss: 0.6367, Train: 0.9429, Val: 0.7220, Test: 0.7300
Epoch: 34, Loss: 0.5552, Train: 0.9714, Val: 0.7540, Test: 0.7550
Epoch: 35, Loss: 0.4902, Train: 0.9714, Val: 0.7740, Test: 0.7720
Epoch: 36, Loss: 0.4668, Train: 0.9786, Val: 0.7620, Test: 0.7700
Epoch: 37, Loss: 0.3994, Train: 0.9714, Val: 0.7560, Test: 0.7680
Epoch: 38, Loss: 0.3236, Train: 0.9786, Val: 0.7540, Test: 0.7660
Epoch: 39, Loss: 0.3511, Train: 1.0000, Val: 0.7620, Test: 0.7810
Epoch: 40, Loss: 0.2947, Train: 0.9929, Val: 0.7720, Test: 0.7870
Epoch: 41, Loss: 0.2501, Train: 0.9857, Val: 0.7620, Test: 0.7780
Epoch: 42, Loss: 0.2123, Train: 0.9857, Val: 0.7640, Test: 0.7810
Epoch: 43, Loss: 0.1986, Train: 0.9929, Val: 0.7720, Test: 0.7830
Epoch: 44, Loss: 0.1743, Train: 1.0000, Val: 0.7700, Test: 0.7810
Epoch: 45, Loss: 0.1382, Train: 0.9929, Val: 0.7720, Test: 0.7650
Epoch: 46, Loss: 0.1042, Train: 0.9929, Val: 0.7800, Test: 0.7670
Epoch: 47, Loss: 0.1514, Train: 0.9929, Val: 0.7700, Test: 0.7740
Epoch: 48, Loss: 0.0855, Train: 0.9929, Val: 0.7740, Test: 0.7760
Epoch: 49, Loss: 0.0814, Train: 0.9929, Val: 0.7720, Test: 0.7780
Epoch: 50, Loss: 0.0641, Train: 1.0000, Val: 0.7700, Test: 0.7800
MAD:  0.8647
Best Test Accuracy: 0.7870, Val Accuracy: 0.7720, Train Accuracy: 0.9929
Training completed.
Seed:  8
PMPGNN(
  (convs): ModuleList(
    (0): ParallelGNNBlock(
      (conv1): GATv2Conv(128, 128, heads=2)
      (conv2): GATv2Conv(128, 128, heads=2)
      (norm): LayerNorm((128,), eps=1e-05, elementwise_affine=True)
    )
    (1-7): 7 x ParallelGNNBlock(
      (conv1): GATv2Conv(512, 128, heads=2)
      (conv2): GATv2Conv(512, 128, heads=2)
      (norm): LayerNorm((128,), eps=1e-05, elementwise_affine=True)
    )
  )
  (norm): LayerNorm((512,), eps=1e-05, elementwise_affine=True)
  (mlp): Sequential(
    (0): Linear(in_features=512, out_features=64, bias=True)
    (1): LeakyReLU(negative_slope=0.01)
    (2): Dropout(p=0.3, inplace=False)
    (3): Linear(in_features=64, out_features=7, bias=True)
  )
  (proj): Linear(in_features=1433, out_features=128, bias=True)
)
Epoch: 1, Loss: 1.9952, Train: 0.2643, Val: 0.3020, Test: 0.3220
Epoch: 2, Loss: 1.9803, Train: 0.2786, Val: 0.3200, Test: 0.3330
Epoch: 3, Loss: 1.9486, Train: 0.3214, Val: 0.3500, Test: 0.3370
Epoch: 4, Loss: 1.9414, Train: 0.4071, Val: 0.3040, Test: 0.2890
Epoch: 5, Loss: 1.9812, Train: 0.4429, Val: 0.3800, Test: 0.3420
Epoch: 6, Loss: 1.9549, Train: 0.4429, Val: 0.3860, Test: 0.3560
Epoch: 7, Loss: 1.9165, Train: 0.4429, Val: 0.3600, Test: 0.3500
Epoch: 8, Loss: 1.9146, Train: 0.5000, Val: 0.4360, Test: 0.4340
Epoch: 9, Loss: 1.9268, Train: 0.5714, Val: 0.5620, Test: 0.5740
Epoch: 10, Loss: 1.9019, Train: 0.5929, Val: 0.5140, Test: 0.5440
Epoch: 11, Loss: 1.9024, Train: 0.5571, Val: 0.4800, Test: 0.5130
Epoch: 12, Loss: 1.8461, Train: 0.5571, Val: 0.4520, Test: 0.4830
Epoch: 13, Loss: 1.8162, Train: 0.5857, Val: 0.4360, Test: 0.4720
Epoch: 14, Loss: 1.7731, Train: 0.6214, Val: 0.4980, Test: 0.5300
Epoch: 15, Loss: 1.7679, Train: 0.6786, Val: 0.5540, Test: 0.5740
Epoch: 16, Loss: 1.7233, Train: 0.7500, Val: 0.6400, Test: 0.6470
Epoch: 17, Loss: 1.6367, Train: 0.8286, Val: 0.7200, Test: 0.7170
Epoch: 18, Loss: 1.5857, Train: 0.8643, Val: 0.7320, Test: 0.7430
Epoch: 19, Loss: 1.4967, Train: 0.8786, Val: 0.7400, Test: 0.7400
Epoch: 20, Loss: 1.4201, Train: 0.8786, Val: 0.7100, Test: 0.7230
Epoch: 21, Loss: 1.3390, Train: 0.9000, Val: 0.7200, Test: 0.7250
Epoch: 22, Loss: 1.3127, Train: 0.8857, Val: 0.7180, Test: 0.7160
Epoch: 23, Loss: 1.1783, Train: 0.8857, Val: 0.6900, Test: 0.6860
Epoch: 24, Loss: 1.0885, Train: 0.8786, Val: 0.6620, Test: 0.6570
Epoch: 25, Loss: 0.9634, Train: 0.8786, Val: 0.6620, Test: 0.6550
Epoch: 26, Loss: 0.8925, Train: 0.8786, Val: 0.6680, Test: 0.6660
Epoch: 27, Loss: 0.8102, Train: 0.9071, Val: 0.6740, Test: 0.6760
Epoch: 28, Loss: 0.7246, Train: 0.9214, Val: 0.7100, Test: 0.6970
Epoch: 29, Loss: 0.6876, Train: 0.9429, Val: 0.7300, Test: 0.7420
Epoch: 30, Loss: 0.6380, Train: 0.9500, Val: 0.7420, Test: 0.7550
Epoch: 31, Loss: 0.5552, Train: 0.9643, Val: 0.7380, Test: 0.7520
Epoch: 32, Loss: 0.4981, Train: 0.9643, Val: 0.7380, Test: 0.7490
Epoch: 33, Loss: 0.4222, Train: 0.9500, Val: 0.7340, Test: 0.7390
Epoch: 34, Loss: 0.3848, Train: 0.9500, Val: 0.7320, Test: 0.7380
Epoch: 35, Loss: 0.3611, Train: 0.9643, Val: 0.7340, Test: 0.7480
Epoch: 36, Loss: 0.3089, Train: 0.9786, Val: 0.7440, Test: 0.7450
Epoch: 37, Loss: 0.2612, Train: 0.9857, Val: 0.7500, Test: 0.7550
Epoch: 38, Loss: 0.2535, Train: 1.0000, Val: 0.7520, Test: 0.7740
Epoch: 39, Loss: 0.2046, Train: 1.0000, Val: 0.7460, Test: 0.7780
Epoch: 40, Loss: 0.1859, Train: 1.0000, Val: 0.7500, Test: 0.7800
Epoch: 41, Loss: 0.1820, Train: 1.0000, Val: 0.7560, Test: 0.7730
Epoch: 42, Loss: 0.1512, Train: 1.0000, Val: 0.7500, Test: 0.7720
Epoch: 43, Loss: 0.1296, Train: 1.0000, Val: 0.7340, Test: 0.7630
Epoch: 44, Loss: 0.0967, Train: 1.0000, Val: 0.7300, Test: 0.7520
Epoch: 45, Loss: 0.1213, Train: 1.0000, Val: 0.7340, Test: 0.7510
Epoch: 46, Loss: 0.1012, Train: 1.0000, Val: 0.7420, Test: 0.7610
Epoch: 47, Loss: 0.0563, Train: 1.0000, Val: 0.7500, Test: 0.7660
Epoch: 48, Loss: 0.0667, Train: 1.0000, Val: 0.7540, Test: 0.7720
Epoch: 49, Loss: 0.0727, Train: 1.0000, Val: 0.7560, Test: 0.7760
Epoch: 50, Loss: 0.0511, Train: 1.0000, Val: 0.7520, Test: 0.7700
MAD:  0.9039
Best Test Accuracy: 0.7800, Val Accuracy: 0.7500, Train Accuracy: 1.0000
Training completed.
Seed:  9
PMPGNN(
  (convs): ModuleList(
    (0): ParallelGNNBlock(
      (conv1): GATv2Conv(128, 128, heads=2)
      (conv2): GATv2Conv(128, 128, heads=2)
      (norm): LayerNorm((128,), eps=1e-05, elementwise_affine=True)
    )
    (1-7): 7 x ParallelGNNBlock(
      (conv1): GATv2Conv(512, 128, heads=2)
      (conv2): GATv2Conv(512, 128, heads=2)
      (norm): LayerNorm((128,), eps=1e-05, elementwise_affine=True)
    )
  )
  (norm): LayerNorm((512,), eps=1e-05, elementwise_affine=True)
  (mlp): Sequential(
    (0): Linear(in_features=512, out_features=64, bias=True)
    (1): LeakyReLU(negative_slope=0.01)
    (2): Dropout(p=0.3, inplace=False)
    (3): Linear(in_features=64, out_features=7, bias=True)
  )
  (proj): Linear(in_features=1433, out_features=128, bias=True)
)
Epoch: 1, Loss: 2.0135, Train: 0.1857, Val: 0.1140, Test: 0.0970
Epoch: 2, Loss: 1.9812, Train: 0.1929, Val: 0.0840, Test: 0.0960
Epoch: 3, Loss: 1.9369, Train: 0.1500, Val: 0.0740, Test: 0.0840
Epoch: 4, Loss: 1.9111, Train: 0.1929, Val: 0.1040, Test: 0.1080
Epoch: 5, Loss: 1.9813, Train: 0.2929, Val: 0.1440, Test: 0.1330
Epoch: 6, Loss: 1.9521, Train: 0.3071, Val: 0.1860, Test: 0.1780
Epoch: 7, Loss: 1.9167, Train: 0.3571, Val: 0.2340, Test: 0.2260
Epoch: 8, Loss: 1.9648, Train: 0.4643, Val: 0.3060, Test: 0.3470
Epoch: 9, Loss: 1.9536, Train: 0.5071, Val: 0.4620, Test: 0.4620
Epoch: 10, Loss: 1.9251, Train: 0.5286, Val: 0.5260, Test: 0.5200
Epoch: 11, Loss: 1.9397, Train: 0.4929, Val: 0.5060, Test: 0.5160
Epoch: 12, Loss: 1.8994, Train: 0.4786, Val: 0.4860, Test: 0.4900
Epoch: 13, Loss: 1.8969, Train: 0.5071, Val: 0.5020, Test: 0.4870
Epoch: 14, Loss: 1.8998, Train: 0.6500, Val: 0.5720, Test: 0.6030
Epoch: 15, Loss: 1.8686, Train: 0.6929, Val: 0.5880, Test: 0.5800
Epoch: 16, Loss: 1.8472, Train: 0.7071, Val: 0.5420, Test: 0.5220
Epoch: 17, Loss: 1.8092, Train: 0.5929, Val: 0.4340, Test: 0.4170
Epoch: 18, Loss: 1.7893, Train: 0.6214, Val: 0.4020, Test: 0.4040
Epoch: 19, Loss: 1.6905, Train: 0.6357, Val: 0.4400, Test: 0.4230
Epoch: 20, Loss: 1.6423, Train: 0.6571, Val: 0.4380, Test: 0.4400
Epoch: 21, Loss: 1.6398, Train: 0.6643, Val: 0.4540, Test: 0.4550
Epoch: 22, Loss: 1.5999, Train: 0.6571, Val: 0.4860, Test: 0.4680
Epoch: 23, Loss: 1.5068, Train: 0.6714, Val: 0.4900, Test: 0.4790
Epoch: 24, Loss: 1.4045, Train: 0.7286, Val: 0.5060, Test: 0.4920
Epoch: 25, Loss: 1.3322, Train: 0.7357, Val: 0.5540, Test: 0.5420
Epoch: 26, Loss: 1.3012, Train: 0.6857, Val: 0.5040, Test: 0.5020
Epoch: 27, Loss: 1.2002, Train: 0.6643, Val: 0.4960, Test: 0.5060
Epoch: 28, Loss: 1.1470, Train: 0.7143, Val: 0.5300, Test: 0.5280
Epoch: 29, Loss: 1.1199, Train: 0.7571, Val: 0.5700, Test: 0.5620
Epoch: 30, Loss: 1.0198, Train: 0.7786, Val: 0.6460, Test: 0.6290
Epoch: 31, Loss: 1.0195, Train: 0.7714, Val: 0.6760, Test: 0.6430
Epoch: 32, Loss: 0.8818, Train: 0.7786, Val: 0.6500, Test: 0.6340
Epoch: 33, Loss: 0.8411, Train: 0.7929, Val: 0.6500, Test: 0.6320
Epoch: 34, Loss: 0.7934, Train: 0.8571, Val: 0.7080, Test: 0.6840
Epoch: 35, Loss: 0.7179, Train: 0.9714, Val: 0.7460, Test: 0.7520
Epoch: 36, Loss: 0.6184, Train: 0.9571, Val: 0.7580, Test: 0.7640
Epoch: 37, Loss: 0.5653, Train: 0.9643, Val: 0.7720, Test: 0.7640
Epoch: 38, Loss: 0.4935, Train: 0.9786, Val: 0.7660, Test: 0.7630
Epoch: 39, Loss: 0.5285, Train: 0.9857, Val: 0.7520, Test: 0.7530
Epoch: 40, Loss: 0.4921, Train: 0.9857, Val: 0.7500, Test: 0.7460
Epoch: 41, Loss: 0.4831, Train: 0.9857, Val: 0.7620, Test: 0.7760
Epoch: 42, Loss: 0.3649, Train: 0.9786, Val: 0.7740, Test: 0.7910
Epoch: 43, Loss: 0.3778, Train: 0.9857, Val: 0.7740, Test: 0.7890
Epoch: 44, Loss: 0.3509, Train: 0.9929, Val: 0.7660, Test: 0.7930
Epoch: 45, Loss: 0.2329, Train: 0.9929, Val: 0.7600, Test: 0.7780
Epoch: 46, Loss: 0.2647, Train: 0.9929, Val: 0.7500, Test: 0.7670
Epoch: 47, Loss: 0.2681, Train: 1.0000, Val: 0.7560, Test: 0.7760
Epoch: 48, Loss: 0.2256, Train: 1.0000, Val: 0.7620, Test: 0.7860
Epoch: 49, Loss: 0.1974, Train: 0.9929, Val: 0.7660, Test: 0.7850
Epoch: 50, Loss: 0.1486, Train: 1.0000, Val: 0.7500, Test: 0.7720
MAD:  0.9273
Best Test Accuracy: 0.7930, Val Accuracy: 0.7660, Train Accuracy: 0.9929
Training completed.
Average Test Accuracy:  0.7863 ± 0.009033825324855476
Average MAD:  0.8946000000000002 ± 0.03303649497147056
