Seed:  0
PMPGNN(
  (convs): ModuleList(
    (0): ParallelGNNBlock(
      (conv1): GATv2Conv(128, 128, heads=8)
      (conv2): GATv2Conv(128, 128, heads=8)
      (norm): LayerNorm((128,), eps=1e-05, elementwise_affine=True)
    )
    (1-10): 10 x ParallelGNNBlock(
      (conv1): GATv2Conv(2048, 128, heads=8)
      (conv2): GATv2Conv(2048, 128, heads=8)
      (norm): LayerNorm((128,), eps=1e-05, elementwise_affine=True)
    )
  )
  (norm): LayerNorm((2048,), eps=1e-05, elementwise_affine=True)
  (mlp): Sequential(
    (0): Linear(in_features=2048, out_features=64, bias=True)
    (1): LeakyReLU(negative_slope=0.01)
    (2): Dropout(p=0.3, inplace=False)
    (3): Linear(in_features=64, out_features=7, bias=True)
  )
  (proj): Linear(in_features=1433, out_features=128, bias=True)
)
Epoch: 1, Loss: 1.9918, Train: 0.1429, Val: 0.3160, Test: 0.3180
Epoch: 2, Loss: 1.9619, Train: 0.1500, Val: 0.2340, Test: 0.2020
Epoch: 3, Loss: 2.0035, Train: 0.1429, Val: 0.1140, Test: 0.1030
Epoch: 4, Loss: 1.9671, Train: 0.1429, Val: 0.0580, Test: 0.0640
Epoch: 5, Loss: 1.9516, Train: 0.1429, Val: 0.1620, Test: 0.1490
Epoch: 6, Loss: 1.9610, Train: 0.1429, Val: 0.1620, Test: 0.1490
Epoch: 7, Loss: 1.9544, Train: 0.1429, Val: 0.1620, Test: 0.1490
Epoch: 8, Loss: 1.9421, Train: 0.1429, Val: 0.0580, Test: 0.0640
Epoch: 9, Loss: 1.9774, Train: 0.1429, Val: 0.0580, Test: 0.0640
Epoch: 10, Loss: 1.9686, Train: 0.1429, Val: 0.0580, Test: 0.0640
Epoch: 11, Loss: 1.9403, Train: 0.1429, Val: 0.0580, Test: 0.0640
Epoch: 12, Loss: 1.9538, Train: 0.1429, Val: 0.1620, Test: 0.1490
Epoch: 13, Loss: 1.9571, Train: 0.1429, Val: 0.1620, Test: 0.1490
Epoch: 14, Loss: 1.9560, Train: 0.1429, Val: 0.1620, Test: 0.1490
Epoch: 15, Loss: 1.9489, Train: 0.1429, Val: 0.1620, Test: 0.1490
Epoch: 16, Loss: 1.9708, Train: 0.1429, Val: 0.1620, Test: 0.1490
Epoch: 17, Loss: 1.9647, Train: 0.1429, Val: 0.1620, Test: 0.1490
Epoch: 18, Loss: 1.9568, Train: 0.1429, Val: 0.1140, Test: 0.1030
Epoch: 19, Loss: 1.9501, Train: 0.1429, Val: 0.0720, Test: 0.0910
Epoch: 20, Loss: 1.9256, Train: 0.1429, Val: 0.0580, Test: 0.0640
Epoch: 21, Loss: 1.9639, Train: 0.1429, Val: 0.0580, Test: 0.0640
Epoch: 22, Loss: 1.9471, Train: 0.1429, Val: 0.0580, Test: 0.0640
Epoch: 23, Loss: 1.9490, Train: 0.1429, Val: 0.3160, Test: 0.3190
Epoch: 24, Loss: 1.9582, Train: 0.1429, Val: 0.3160, Test: 0.3190
Epoch: 25, Loss: 1.9499, Train: 0.1429, Val: 0.3160, Test: 0.3190
Epoch: 26, Loss: 1.9591, Train: 0.1429, Val: 0.3160, Test: 0.3190
Epoch: 27, Loss: 1.9419, Train: 0.1429, Val: 0.3160, Test: 0.3190
Epoch: 28, Loss: 1.9469, Train: 0.1429, Val: 0.1220, Test: 0.1300
Epoch: 29, Loss: 1.9464, Train: 0.1429, Val: 0.1220, Test: 0.1300
Epoch: 30, Loss: 1.9475, Train: 0.1429, Val: 0.1220, Test: 0.1300
Epoch: 31, Loss: 1.9477, Train: 0.1429, Val: 0.1220, Test: 0.1300
Epoch: 32, Loss: 1.9540, Train: 0.1429, Val: 0.0720, Test: 0.0910
Epoch: 33, Loss: 1.9415, Train: 0.1429, Val: 0.0720, Test: 0.0910
Epoch: 34, Loss: 1.9494, Train: 0.1429, Val: 0.0720, Test: 0.0910
Epoch: 35, Loss: 1.9404, Train: 0.1429, Val: 0.0720, Test: 0.0910
Epoch: 36, Loss: 1.9521, Train: 0.1429, Val: 0.0720, Test: 0.0910
Epoch: 37, Loss: 1.9372, Train: 0.1429, Val: 0.0720, Test: 0.0910
Epoch: 38, Loss: 1.9498, Train: 0.1429, Val: 0.0720, Test: 0.0910
Epoch: 39, Loss: 1.9450, Train: 0.1429, Val: 0.0720, Test: 0.0910
Epoch: 40, Loss: 1.9560, Train: 0.1429, Val: 0.0720, Test: 0.0910
Epoch: 41, Loss: 1.9504, Train: 0.1429, Val: 0.0720, Test: 0.0910
Epoch: 42, Loss: 1.9468, Train: 0.1429, Val: 0.0720, Test: 0.0910
Epoch: 43, Loss: 1.9561, Train: 0.1429, Val: 0.0720, Test: 0.0910
Epoch: 44, Loss: 1.9474, Train: 0.1429, Val: 0.0720, Test: 0.0910
Epoch: 45, Loss: 1.9444, Train: 0.1429, Val: 0.0720, Test: 0.0910
Epoch: 46, Loss: 1.9486, Train: 0.1429, Val: 0.0720, Test: 0.0910
Epoch: 47, Loss: 1.9466, Train: 0.1429, Val: 0.0720, Test: 0.0910
Epoch: 48, Loss: 1.9484, Train: 0.1429, Val: 0.0720, Test: 0.0910
Epoch: 49, Loss: 1.9483, Train: 0.1429, Val: 0.0720, Test: 0.0910
Epoch: 50, Loss: 1.9483, Train: 0.1429, Val: 0.0720, Test: 0.0910
Epoch: 51, Loss: 1.9510, Train: 0.1429, Val: 0.0720, Test: 0.0910
Epoch: 52, Loss: 1.9491, Train: 0.1429, Val: 0.0720, Test: 0.0910
Epoch: 53, Loss: 1.9449, Train: 0.1429, Val: 0.1220, Test: 0.1300
Epoch: 54, Loss: 1.9453, Train: 0.1429, Val: 0.1220, Test: 0.1300
Epoch: 55, Loss: 1.9502, Train: 0.1429, Val: 0.1220, Test: 0.1300
Epoch: 56, Loss: 1.9542, Train: 0.1429, Val: 0.0720, Test: 0.0910
Epoch: 57, Loss: 1.9454, Train: 0.1429, Val: 0.0720, Test: 0.0910
Epoch: 58, Loss: 1.9484, Train: 0.1429, Val: 0.0720, Test: 0.0910
Epoch: 59, Loss: 1.9476, Train: 0.1429, Val: 0.0720, Test: 0.0910
Epoch: 60, Loss: 1.9461, Train: 0.1429, Val: 0.1620, Test: 0.1490
Epoch: 61, Loss: 1.9504, Train: 0.1429, Val: 0.1620, Test: 0.1490
Epoch: 62, Loss: 1.9468, Train: 0.1429, Val: 0.1620, Test: 0.1490
Epoch: 63, Loss: 1.9438, Train: 0.1429, Val: 0.1620, Test: 0.1490
Epoch: 64, Loss: 1.9452, Train: 0.1429, Val: 0.0720, Test: 0.0910
Epoch: 65, Loss: 1.9474, Train: 0.1429, Val: 0.1140, Test: 0.1030
Epoch: 66, Loss: 1.9447, Train: 0.1429, Val: 0.1140, Test: 0.1030
Epoch: 67, Loss: 1.9400, Train: 0.1429, Val: 0.1140, Test: 0.1030
Epoch: 68, Loss: 1.9511, Train: 0.1429, Val: 0.1140, Test: 0.1030
Epoch: 69, Loss: 1.9567, Train: 0.1429, Val: 0.1140, Test: 0.1030
Epoch: 70, Loss: 1.9491, Train: 0.1429, Val: 0.1140, Test: 0.1030
Epoch: 71, Loss: 1.9490, Train: 0.1429, Val: 0.0720, Test: 0.0910
Epoch: 72, Loss: 1.9453, Train: 0.1429, Val: 0.0720, Test: 0.0910
Epoch: 73, Loss: 1.9472, Train: 0.1429, Val: 0.0720, Test: 0.0910
Epoch: 74, Loss: 1.9470, Train: 0.1429, Val: 0.0720, Test: 0.0910
Epoch: 75, Loss: 1.9460, Train: 0.1429, Val: 0.0720, Test: 0.0910
Epoch: 76, Loss: 1.9457, Train: 0.1429, Val: 0.0720, Test: 0.0910
Epoch: 77, Loss: 1.9459, Train: 0.1429, Val: 0.0720, Test: 0.0910
Epoch: 78, Loss: 1.9477, Train: 0.1429, Val: 0.0720, Test: 0.0910
Epoch: 79, Loss: 1.9459, Train: 0.1429, Val: 0.0720, Test: 0.0910
Epoch: 80, Loss: 1.9465, Train: 0.1429, Val: 0.0720, Test: 0.0910
Epoch: 81, Loss: 1.9456, Train: 0.1429, Val: 0.0720, Test: 0.0910
Epoch: 82, Loss: 1.9465, Train: 0.1429, Val: 0.0720, Test: 0.0910
Epoch: 83, Loss: 1.9460, Train: 0.1429, Val: 0.0720, Test: 0.0910
Epoch: 84, Loss: 1.9450, Train: 0.1429, Val: 0.0720, Test: 0.0910
Epoch: 85, Loss: 1.9467, Train: 0.1429, Val: 0.0720, Test: 0.0910
Epoch: 86, Loss: 1.9452, Train: 0.1429, Val: 0.0720, Test: 0.0910
Epoch: 87, Loss: 1.9494, Train: 0.1429, Val: 0.0720, Test: 0.0910
Epoch: 88, Loss: 1.9453, Train: 0.1429, Val: 0.0720, Test: 0.0910
Epoch: 89, Loss: 1.9413, Train: 0.1429, Val: 0.0720, Test: 0.0910
Epoch: 90, Loss: 1.9481, Train: 0.1429, Val: 0.0720, Test: 0.0910
Epoch: 91, Loss: 1.9471, Train: 0.1429, Val: 0.0720, Test: 0.0910
Epoch: 92, Loss: 1.9494, Train: 0.1429, Val: 0.0720, Test: 0.0910
Epoch: 93, Loss: 1.9463, Train: 0.1429, Val: 0.0720, Test: 0.0910
Epoch: 94, Loss: 1.9451, Train: 0.1429, Val: 0.0720, Test: 0.0910
Epoch: 95, Loss: 1.9455, Train: 0.1429, Val: 0.0720, Test: 0.0910
Epoch: 96, Loss: 1.9458, Train: 0.1429, Val: 0.0720, Test: 0.0910
Epoch: 97, Loss: 1.9452, Train: 0.1429, Val: 0.0720, Test: 0.0910
Epoch: 98, Loss: 1.9467, Train: 0.1429, Val: 0.0720, Test: 0.0910
Epoch: 99, Loss: 1.9471, Train: 0.1429, Val: 0.0720, Test: 0.0910
Epoch: 100, Loss: 1.9449, Train: 0.1429, Val: 0.0720, Test: 0.0910
MAD:  0.0
Best Test Accuracy: 0.3190, Val Accuracy: 0.3160, Train Accuracy: 0.1429
Training completed.
Seed:  1
PMPGNN(
  (convs): ModuleList(
    (0): ParallelGNNBlock(
      (conv1): GATv2Conv(128, 128, heads=8)
      (conv2): GATv2Conv(128, 128, heads=8)
      (norm): LayerNorm((128,), eps=1e-05, elementwise_affine=True)
    )
    (1-10): 10 x ParallelGNNBlock(
      (conv1): GATv2Conv(2048, 128, heads=8)
      (conv2): GATv2Conv(2048, 128, heads=8)
      (norm): LayerNorm((128,), eps=1e-05, elementwise_affine=True)
    )
  )
  (norm): LayerNorm((2048,), eps=1e-05, elementwise_affine=True)
  (mlp): Sequential(
    (0): Linear(in_features=2048, out_features=64, bias=True)
    (1): LeakyReLU(negative_slope=0.01)
    (2): Dropout(p=0.3, inplace=False)
    (3): Linear(in_features=64, out_features=7, bias=True)
  )
  (proj): Linear(in_features=1433, out_features=128, bias=True)
)
Epoch: 1, Loss: 1.9973, Train: 0.1429, Val: 0.1620, Test: 0.1490
Epoch: 2, Loss: 1.9886, Train: 0.1643, Val: 0.1180, Test: 0.1320
Epoch: 3, Loss: 2.0131, Train: 0.1429, Val: 0.1560, Test: 0.1440
Epoch: 4, Loss: 1.9604, Train: 0.1429, Val: 0.1560, Test: 0.1440
Epoch: 5, Loss: 1.9582, Train: 0.1429, Val: 0.1620, Test: 0.1490
Epoch: 6, Loss: 1.9510, Train: 0.1429, Val: 0.1620, Test: 0.1490
Epoch: 7, Loss: 1.9387, Train: 0.1429, Val: 0.1620, Test: 0.1490
Epoch: 8, Loss: 1.9878, Train: 0.1429, Val: 0.1620, Test: 0.1490
Epoch: 9, Loss: 1.9244, Train: 0.1429, Val: 0.1620, Test: 0.1490
Epoch: 10, Loss: 1.9636, Train: 0.1429, Val: 0.0580, Test: 0.0640
Epoch: 11, Loss: 1.9657, Train: 0.1429, Val: 0.1220, Test: 0.1300
Epoch: 12, Loss: 1.9465, Train: 0.1429, Val: 0.1220, Test: 0.1300
Epoch: 13, Loss: 1.9531, Train: 0.1429, Val: 0.1220, Test: 0.1300
Epoch: 14, Loss: 1.9473, Train: 0.1429, Val: 0.0720, Test: 0.0910
Epoch: 15, Loss: 1.9577, Train: 0.1429, Val: 0.0720, Test: 0.0910
Epoch: 16, Loss: 1.9445, Train: 0.1429, Val: 0.0720, Test: 0.0910
Epoch: 17, Loss: 1.9512, Train: 0.1429, Val: 0.0720, Test: 0.0910
Epoch: 18, Loss: 1.9413, Train: 0.1429, Val: 0.0720, Test: 0.0910
Epoch: 19, Loss: 1.9600, Train: 0.1429, Val: 0.0720, Test: 0.0910
Epoch: 20, Loss: 1.9464, Train: 0.1429, Val: 0.0720, Test: 0.0910
Epoch: 21, Loss: 1.9496, Train: 0.1429, Val: 0.1220, Test: 0.1300
Epoch: 22, Loss: 1.9482, Train: 0.1429, Val: 0.1220, Test: 0.1300
Epoch: 23, Loss: 1.9469, Train: 0.1429, Val: 0.1220, Test: 0.1300
Epoch: 24, Loss: 1.9516, Train: 0.1429, Val: 0.1220, Test: 0.1300
Epoch: 25, Loss: 1.9494, Train: 0.1429, Val: 0.1220, Test: 0.1300
Epoch: 26, Loss: 1.9490, Train: 0.1429, Val: 0.1220, Test: 0.1300
Epoch: 27, Loss: 1.9487, Train: 0.1429, Val: 0.1220, Test: 0.1300
Epoch: 28, Loss: 1.9464, Train: 0.1429, Val: 0.1220, Test: 0.1300
Epoch: 29, Loss: 1.9473, Train: 0.1429, Val: 0.1620, Test: 0.1490
Epoch: 30, Loss: 1.9496, Train: 0.1429, Val: 0.1620, Test: 0.1490
Epoch: 31, Loss: 1.9433, Train: 0.1429, Val: 0.1620, Test: 0.1490
Epoch: 32, Loss: 1.9479, Train: 0.1429, Val: 0.1620, Test: 0.1490
Epoch: 33, Loss: 1.9454, Train: 0.1429, Val: 0.1620, Test: 0.1490
Epoch: 34, Loss: 1.9393, Train: 0.1429, Val: 0.1620, Test: 0.1490
Epoch: 35, Loss: 1.9441, Train: 0.1429, Val: 0.1620, Test: 0.1490
Epoch: 36, Loss: 1.9500, Train: 0.1429, Val: 0.1620, Test: 0.1490
Epoch: 37, Loss: 1.9460, Train: 0.1429, Val: 0.1620, Test: 0.1490
Epoch: 38, Loss: 1.9492, Train: 0.1429, Val: 0.1620, Test: 0.1490
Epoch: 39, Loss: 1.9387, Train: 0.1429, Val: 0.1620, Test: 0.1490
Epoch: 40, Loss: 1.9457, Train: 0.1429, Val: 0.1620, Test: 0.1490
Epoch: 41, Loss: 1.9441, Train: 0.1429, Val: 0.1220, Test: 0.1300
Epoch: 42, Loss: 1.9509, Train: 0.1429, Val: 0.0580, Test: 0.0640
Epoch: 43, Loss: 1.9602, Train: 0.1429, Val: 0.0580, Test: 0.0640
Epoch: 44, Loss: 1.9502, Train: 0.1429, Val: 0.0580, Test: 0.0640
Epoch: 45, Loss: 1.9778, Train: 0.1429, Val: 0.0580, Test: 0.0640
Epoch: 46, Loss: 1.9518, Train: 0.1429, Val: 0.0580, Test: 0.0640
Epoch: 47, Loss: 1.9492, Train: 0.1429, Val: 0.1220, Test: 0.1300
Epoch: 48, Loss: 1.9509, Train: 0.1429, Val: 0.1220, Test: 0.1300
Epoch: 49, Loss: 1.9485, Train: 0.1429, Val: 0.1620, Test: 0.1490
Epoch: 50, Loss: 1.9508, Train: 0.1429, Val: 0.1620, Test: 0.1490
Epoch: 51, Loss: 1.9487, Train: 0.1429, Val: 0.1620, Test: 0.1490
Epoch: 52, Loss: 1.9446, Train: 0.1429, Val: 0.1620, Test: 0.1490
Epoch: 53, Loss: 1.9527, Train: 0.1429, Val: 0.1620, Test: 0.1490
Epoch: 54, Loss: 1.9456, Train: 0.1429, Val: 0.1620, Test: 0.1490
Epoch: 55, Loss: 1.9490, Train: 0.1429, Val: 0.1620, Test: 0.1490
Epoch: 56, Loss: 1.9478, Train: 0.1429, Val: 0.1620, Test: 0.1490
Epoch: 57, Loss: 1.9473, Train: 0.1429, Val: 0.1140, Test: 0.1030
Epoch: 58, Loss: 1.9481, Train: 0.1429, Val: 0.1140, Test: 0.1030
Epoch: 59, Loss: 1.9450, Train: 0.1429, Val: 0.1140, Test: 0.1030
Epoch: 60, Loss: 1.9478, Train: 0.1429, Val: 0.1140, Test: 0.1030
Epoch: 61, Loss: 1.9463, Train: 0.1429, Val: 0.1140, Test: 0.1030
Epoch: 62, Loss: 1.9473, Train: 0.1429, Val: 0.1140, Test: 0.1030
Epoch: 63, Loss: 1.9469, Train: 0.1429, Val: 0.1140, Test: 0.1030
Epoch: 64, Loss: 1.9470, Train: 0.1429, Val: 0.1140, Test: 0.1030
Epoch: 65, Loss: 1.9466, Train: 0.1429, Val: 0.1140, Test: 0.1030
Epoch: 66, Loss: 1.9465, Train: 0.1429, Val: 0.1140, Test: 0.1030
Epoch: 67, Loss: 1.9464, Train: 0.1429, Val: 0.1140, Test: 0.1030
Epoch: 68, Loss: 1.9467, Train: 0.1429, Val: 0.1140, Test: 0.1030
Epoch: 69, Loss: 1.9459, Train: 0.1429, Val: 0.1140, Test: 0.1030
Epoch: 70, Loss: 1.9467, Train: 0.1429, Val: 0.1140, Test: 0.1030
Epoch: 71, Loss: 1.9473, Train: 0.1429, Val: 0.1140, Test: 0.1030
Epoch: 72, Loss: 1.9477, Train: 0.1429, Val: 0.1140, Test: 0.1030
Epoch: 73, Loss: 1.9471, Train: 0.1429, Val: 0.1140, Test: 0.1030
Epoch: 74, Loss: 1.9467, Train: 0.1429, Val: 0.1140, Test: 0.1030
Epoch: 75, Loss: 1.9473, Train: 0.1429, Val: 0.1140, Test: 0.1030
Epoch: 76, Loss: 1.9468, Train: 0.1429, Val: 0.1140, Test: 0.1030
Epoch: 77, Loss: 1.9469, Train: 0.1429, Val: 0.1140, Test: 0.1030
Epoch: 78, Loss: 1.9480, Train: 0.1429, Val: 0.1140, Test: 0.1030
Epoch: 79, Loss: 1.9459, Train: 0.1429, Val: 0.1140, Test: 0.1030
Epoch: 80, Loss: 1.9466, Train: 0.1429, Val: 0.1140, Test: 0.1030
Epoch: 81, Loss: 1.9467, Train: 0.1429, Val: 0.1140, Test: 0.1030
Epoch: 82, Loss: 1.9452, Train: 0.1429, Val: 0.1140, Test: 0.1030
Epoch: 83, Loss: 1.9467, Train: 0.1429, Val: 0.1140, Test: 0.1030
Epoch: 84, Loss: 1.9463, Train: 0.1429, Val: 0.1140, Test: 0.1030
Epoch: 85, Loss: 1.9457, Train: 0.1429, Val: 0.1140, Test: 0.1030
Epoch: 86, Loss: 1.9468, Train: 0.1429, Val: 0.1140, Test: 0.1030
Epoch: 87, Loss: 1.9464, Train: 0.1429, Val: 0.1140, Test: 0.1030
Epoch: 88, Loss: 1.9465, Train: 0.1429, Val: 0.1140, Test: 0.1030
Epoch: 89, Loss: 1.9463, Train: 0.1429, Val: 0.1140, Test: 0.1030
Epoch: 90, Loss: 1.9460, Train: 0.1429, Val: 0.1140, Test: 0.1030
Epoch: 91, Loss: 1.9463, Train: 0.1429, Val: 0.1140, Test: 0.1030
Epoch: 92, Loss: 1.9453, Train: 0.1429, Val: 0.1620, Test: 0.1490
Epoch: 93, Loss: 1.9456, Train: 0.1429, Val: 0.1620, Test: 0.1490
Epoch: 94, Loss: 1.9469, Train: 0.1429, Val: 0.1620, Test: 0.1490
Epoch: 95, Loss: 1.9459, Train: 0.1429, Val: 0.1620, Test: 0.1490
Epoch: 96, Loss: 1.9461, Train: 0.1429, Val: 0.1620, Test: 0.1490
Epoch: 97, Loss: 1.9471, Train: 0.1429, Val: 0.1620, Test: 0.1490
Epoch: 98, Loss: 1.9458, Train: 0.1429, Val: 0.1620, Test: 0.1490
Epoch: 99, Loss: 1.9455, Train: 0.1429, Val: 0.1620, Test: 0.1490
Epoch: 100, Loss: 1.9456, Train: 0.1429, Val: 0.1620, Test: 0.1490
MAD:  0.0082
Best Test Accuracy: 0.1490, Val Accuracy: 0.1620, Train Accuracy: 0.1429
Training completed.
Seed:  2
PMPGNN(
  (convs): ModuleList(
    (0): ParallelGNNBlock(
      (conv1): GATv2Conv(128, 128, heads=8)
      (conv2): GATv2Conv(128, 128, heads=8)
      (norm): LayerNorm((128,), eps=1e-05, elementwise_affine=True)
    )
    (1-10): 10 x ParallelGNNBlock(
      (conv1): GATv2Conv(2048, 128, heads=8)
      (conv2): GATv2Conv(2048, 128, heads=8)
      (norm): LayerNorm((128,), eps=1e-05, elementwise_affine=True)
    )
  )
  (norm): LayerNorm((2048,), eps=1e-05, elementwise_affine=True)
  (mlp): Sequential(
    (0): Linear(in_features=2048, out_features=64, bias=True)
    (1): LeakyReLU(negative_slope=0.01)
    (2): Dropout(p=0.3, inplace=False)
    (3): Linear(in_features=64, out_features=7, bias=True)
  )
  (proj): Linear(in_features=1433, out_features=128, bias=True)
)
Epoch: 1, Loss: 1.9990, Train: 0.1429, Val: 0.3160, Test: 0.3180
Epoch: 2, Loss: 1.9958, Train: 0.1429, Val: 0.1140, Test: 0.1030
Epoch: 3, Loss: 1.9335, Train: 0.1429, Val: 0.1140, Test: 0.1030
Epoch: 4, Loss: 1.9558, Train: 0.1429, Val: 0.1220, Test: 0.1300
Epoch: 5, Loss: 1.9690, Train: 0.1429, Val: 0.1140, Test: 0.1030
Epoch: 6, Loss: 1.9585, Train: 0.1429, Val: 0.1140, Test: 0.1030
Epoch: 7, Loss: 1.9709, Train: 0.1429, Val: 0.1620, Test: 0.1490
Epoch: 8, Loss: 1.9425, Train: 0.1429, Val: 0.1620, Test: 0.1490
Epoch: 9, Loss: 1.9428, Train: 0.1429, Val: 0.1620, Test: 0.1490
Epoch: 10, Loss: 1.9751, Train: 0.1429, Val: 0.3160, Test: 0.3190
Epoch: 11, Loss: 1.9362, Train: 0.1429, Val: 0.1560, Test: 0.1440
Epoch: 12, Loss: 1.9573, Train: 0.1429, Val: 0.0720, Test: 0.0910
Epoch: 13, Loss: 1.9416, Train: 0.1429, Val: 0.0720, Test: 0.0910
Epoch: 14, Loss: 1.9503, Train: 0.1429, Val: 0.0720, Test: 0.0910
Epoch: 15, Loss: 1.9634, Train: 0.1429, Val: 0.0720, Test: 0.0910
Epoch: 16, Loss: 1.9670, Train: 0.1429, Val: 0.0720, Test: 0.0910
Epoch: 17, Loss: 1.9626, Train: 0.1429, Val: 0.1560, Test: 0.1440
Epoch: 18, Loss: 1.9538, Train: 0.1429, Val: 0.1560, Test: 0.1440
Epoch: 19, Loss: 1.9743, Train: 0.1429, Val: 0.1560, Test: 0.1440
Epoch: 20, Loss: 1.9533, Train: 0.1429, Val: 0.1560, Test: 0.1440
Epoch: 21, Loss: 1.9663, Train: 0.1429, Val: 0.1560, Test: 0.1440
Epoch: 22, Loss: 1.9490, Train: 0.1429, Val: 0.1620, Test: 0.1490
Epoch: 23, Loss: 1.9556, Train: 0.1429, Val: 0.1620, Test: 0.1490
Epoch: 24, Loss: 1.9374, Train: 0.1429, Val: 0.1620, Test: 0.1490
Epoch: 25, Loss: 1.9394, Train: 0.1429, Val: 0.1620, Test: 0.1490
Epoch: 26, Loss: 1.9418, Train: 0.1429, Val: 0.1620, Test: 0.1490
Epoch: 27, Loss: 1.9634, Train: 0.1429, Val: 0.0580, Test: 0.0640
Epoch: 28, Loss: 1.9526, Train: 0.1429, Val: 0.0580, Test: 0.0640
Epoch: 29, Loss: 1.9448, Train: 0.1429, Val: 0.1140, Test: 0.1030
Epoch: 30, Loss: 1.9584, Train: 0.1429, Val: 0.1140, Test: 0.1030
Epoch: 31, Loss: 1.9495, Train: 0.1429, Val: 0.1140, Test: 0.1030
Epoch: 32, Loss: 1.9439, Train: 0.1429, Val: 0.1140, Test: 0.1030
Epoch: 33, Loss: 1.9774, Train: 0.1429, Val: 0.0580, Test: 0.0640
Epoch: 34, Loss: 1.9544, Train: 0.1429, Val: 0.0580, Test: 0.0640
Epoch: 35, Loss: 1.9404, Train: 0.1429, Val: 0.0580, Test: 0.0640
Epoch: 36, Loss: 1.9494, Train: 0.1429, Val: 0.0580, Test: 0.0640
Epoch: 37, Loss: 1.9470, Train: 0.1429, Val: 0.1560, Test: 0.1440
Epoch: 38, Loss: 1.9476, Train: 0.1429, Val: 0.1560, Test: 0.1440
Epoch: 39, Loss: 1.9442, Train: 0.1429, Val: 0.1560, Test: 0.1440
Epoch: 40, Loss: 1.9499, Train: 0.1429, Val: 0.1560, Test: 0.1440
Epoch: 41, Loss: 1.9484, Train: 0.1429, Val: 0.1560, Test: 0.1440
Epoch: 42, Loss: 1.9469, Train: 0.1429, Val: 0.1560, Test: 0.1440
Epoch: 43, Loss: 1.9449, Train: 0.1429, Val: 0.1560, Test: 0.1440
Epoch: 44, Loss: 1.9502, Train: 0.1429, Val: 0.1560, Test: 0.1440
Epoch: 45, Loss: 1.9474, Train: 0.1429, Val: 0.1560, Test: 0.1440
Epoch: 46, Loss: 1.9483, Train: 0.1429, Val: 0.1560, Test: 0.1440
Epoch: 47, Loss: 1.9468, Train: 0.1429, Val: 0.1560, Test: 0.1440
Epoch: 48, Loss: 1.9469, Train: 0.1429, Val: 0.1560, Test: 0.1440
Epoch: 49, Loss: 1.9470, Train: 0.1429, Val: 0.1560, Test: 0.1440
Epoch: 50, Loss: 1.9461, Train: 0.1429, Val: 0.1560, Test: 0.1440
Epoch: 51, Loss: 1.9479, Train: 0.1429, Val: 0.1560, Test: 0.1440
Epoch: 52, Loss: 1.9477, Train: 0.1429, Val: 0.1560, Test: 0.1440
Epoch: 53, Loss: 1.9471, Train: 0.1429, Val: 0.1560, Test: 0.1440
Epoch: 54, Loss: 1.9474, Train: 0.1429, Val: 0.1560, Test: 0.1440
Epoch: 55, Loss: 1.9468, Train: 0.1429, Val: 0.1560, Test: 0.1440
Epoch: 56, Loss: 1.9467, Train: 0.1429, Val: 0.1560, Test: 0.1440
Epoch: 57, Loss: 1.9465, Train: 0.1429, Val: 0.1560, Test: 0.1440
Epoch: 58, Loss: 1.9456, Train: 0.1429, Val: 0.1560, Test: 0.1440
Epoch: 59, Loss: 1.9486, Train: 0.1429, Val: 0.1560, Test: 0.1440
Epoch: 60, Loss: 1.9477, Train: 0.1429, Val: 0.1560, Test: 0.1440
Epoch: 61, Loss: 1.9503, Train: 0.1429, Val: 0.1560, Test: 0.1440
Epoch: 62, Loss: 1.9461, Train: 0.1429, Val: 0.1560, Test: 0.1440
Epoch: 63, Loss: 1.9468, Train: 0.1429, Val: 0.1560, Test: 0.1440
Epoch: 64, Loss: 1.9474, Train: 0.1429, Val: 0.1560, Test: 0.1440
Epoch: 65, Loss: 1.9464, Train: 0.1429, Val: 0.1560, Test: 0.1440
Epoch: 66, Loss: 1.9437, Train: 0.1429, Val: 0.1560, Test: 0.1440
Epoch: 67, Loss: 1.9461, Train: 0.1429, Val: 0.1560, Test: 0.1440
Epoch: 68, Loss: 1.9483, Train: 0.1429, Val: 0.1560, Test: 0.1440
Epoch: 69, Loss: 1.9481, Train: 0.1429, Val: 0.1560, Test: 0.1440
Epoch: 70, Loss: 1.9464, Train: 0.1429, Val: 0.1560, Test: 0.1440
Epoch: 71, Loss: 1.9463, Train: 0.1429, Val: 0.1560, Test: 0.1440
Epoch: 72, Loss: 1.9473, Train: 0.1429, Val: 0.1560, Test: 0.1440
Epoch: 73, Loss: 1.9458, Train: 0.1429, Val: 0.1560, Test: 0.1440
Epoch: 74, Loss: 1.9467, Train: 0.1429, Val: 0.1560, Test: 0.1440
Epoch: 75, Loss: 1.9462, Train: 0.1429, Val: 0.1560, Test: 0.1440
Epoch: 76, Loss: 1.9458, Train: 0.1429, Val: 0.1560, Test: 0.1440
Epoch: 77, Loss: 1.9455, Train: 0.1429, Val: 0.1560, Test: 0.1440
Epoch: 78, Loss: 1.9465, Train: 0.1429, Val: 0.1560, Test: 0.1440
Epoch: 79, Loss: 1.9481, Train: 0.1429, Val: 0.1560, Test: 0.1440
Epoch: 80, Loss: 1.9473, Train: 0.1429, Val: 0.1560, Test: 0.1440
Epoch: 81, Loss: 1.9448, Train: 0.1429, Val: 0.1560, Test: 0.1440
Epoch: 82, Loss: 1.9473, Train: 0.1429, Val: 0.1560, Test: 0.1440
Epoch: 83, Loss: 1.9497, Train: 0.1429, Val: 0.1560, Test: 0.1440
Epoch: 84, Loss: 1.9462, Train: 0.1429, Val: 0.1560, Test: 0.1440
Epoch: 85, Loss: 1.9460, Train: 0.1429, Val: 0.3160, Test: 0.3190
Epoch: 86, Loss: 1.9521, Train: 0.1429, Val: 0.1560, Test: 0.1440
Epoch: 87, Loss: 1.9475, Train: 0.1429, Val: 0.1560, Test: 0.1440
Epoch: 88, Loss: 1.9465, Train: 0.1429, Val: 0.1560, Test: 0.1440
Epoch: 89, Loss: 1.9459, Train: 0.1429, Val: 0.1560, Test: 0.1440
Epoch: 90, Loss: 1.9460, Train: 0.1429, Val: 0.1560, Test: 0.1440
Epoch: 91, Loss: 1.9466, Train: 0.1429, Val: 0.1560, Test: 0.1440
Epoch: 92, Loss: 1.9459, Train: 0.1429, Val: 0.1560, Test: 0.1440
Epoch: 93, Loss: 1.9450, Train: 0.1429, Val: 0.1560, Test: 0.1440
Epoch: 94, Loss: 1.9457, Train: 0.1429, Val: 0.1560, Test: 0.1440
Epoch: 95, Loss: 1.9467, Train: 0.1429, Val: 0.1560, Test: 0.1440
Epoch: 96, Loss: 1.9463, Train: 0.1429, Val: 0.1560, Test: 0.1440
Epoch: 97, Loss: 1.9458, Train: 0.1429, Val: 0.1560, Test: 0.1440
Epoch: 98, Loss: 1.9464, Train: 0.1429, Val: 0.1560, Test: 0.1440
Epoch: 99, Loss: 1.9465, Train: 0.1429, Val: 0.1560, Test: 0.1440
Epoch: 100, Loss: 1.9458, Train: 0.1429, Val: 0.1560, Test: 0.1440
MAD:  0.0
Best Test Accuracy: 0.3190, Val Accuracy: 0.3160, Train Accuracy: 0.1429
Training completed.
Seed:  3
PMPGNN(
  (convs): ModuleList(
    (0): ParallelGNNBlock(
      (conv1): GATv2Conv(128, 128, heads=8)
      (conv2): GATv2Conv(128, 128, heads=8)
      (norm): LayerNorm((128,), eps=1e-05, elementwise_affine=True)
    )
    (1-10): 10 x ParallelGNNBlock(
      (conv1): GATv2Conv(2048, 128, heads=8)
      (conv2): GATv2Conv(2048, 128, heads=8)
      (norm): LayerNorm((128,), eps=1e-05, elementwise_affine=True)
    )
  )
  (norm): LayerNorm((2048,), eps=1e-05, elementwise_affine=True)
  (mlp): Sequential(
    (0): Linear(in_features=2048, out_features=64, bias=True)
    (1): LeakyReLU(negative_slope=0.01)
    (2): Dropout(p=0.3, inplace=False)
    (3): Linear(in_features=64, out_features=7, bias=True)
  )
  (proj): Linear(in_features=1433, out_features=128, bias=True)
)
Epoch: 1, Loss: 1.9828, Train: 0.1429, Val: 0.3160, Test: 0.3190
Epoch: 2, Loss: 1.9851, Train: 0.1429, Val: 0.1140, Test: 0.1030
Epoch: 3, Loss: 1.9439, Train: 0.1429, Val: 0.1140, Test: 0.1030
Epoch: 4, Loss: 1.9595, Train: 0.1429, Val: 0.3160, Test: 0.3190
Epoch: 5, Loss: 1.9638, Train: 0.1429, Val: 0.0580, Test: 0.0640
Epoch: 6, Loss: 1.9931, Train: 0.1429, Val: 0.0580, Test: 0.0640
Epoch: 7, Loss: 1.9678, Train: 0.1429, Val: 0.0580, Test: 0.0640
Epoch: 8, Loss: 1.9629, Train: 0.1429, Val: 0.3160, Test: 0.3190
Epoch: 9, Loss: 1.9629, Train: 0.1429, Val: 0.3160, Test: 0.3190
Epoch: 10, Loss: 1.9591, Train: 0.1429, Val: 0.3160, Test: 0.3190
Epoch: 11, Loss: 1.9550, Train: 0.1429, Val: 0.3160, Test: 0.3190
Epoch: 12, Loss: 1.9538, Train: 0.1429, Val: 0.3160, Test: 0.3190
Epoch: 13, Loss: 1.9393, Train: 0.1429, Val: 0.3160, Test: 0.3190
Epoch: 14, Loss: 1.9484, Train: 0.1429, Val: 0.0720, Test: 0.0910
Epoch: 15, Loss: 1.9523, Train: 0.1429, Val: 0.0720, Test: 0.0910
Epoch: 16, Loss: 1.9549, Train: 0.1429, Val: 0.0720, Test: 0.0910
Epoch: 17, Loss: 1.9611, Train: 0.1429, Val: 0.0720, Test: 0.0910
Epoch: 18, Loss: 1.9502, Train: 0.1429, Val: 0.1220, Test: 0.1300
Epoch: 19, Loss: 1.9490, Train: 0.1429, Val: 0.1220, Test: 0.1300
Epoch: 20, Loss: 1.9521, Train: 0.1429, Val: 0.1220, Test: 0.1300
Epoch: 21, Loss: 1.9432, Train: 0.1429, Val: 0.1220, Test: 0.1300
Epoch: 22, Loss: 1.9636, Train: 0.1429, Val: 0.1220, Test: 0.1300
Epoch: 23, Loss: 1.9482, Train: 0.1429, Val: 0.1220, Test: 0.1300
Epoch: 24, Loss: 1.9626, Train: 0.1429, Val: 0.3160, Test: 0.3190
Epoch: 25, Loss: 1.9485, Train: 0.1429, Val: 0.3160, Test: 0.3190
Epoch: 26, Loss: 1.9409, Train: 0.1429, Val: 0.3160, Test: 0.3190
Epoch: 27, Loss: 1.9554, Train: 0.1429, Val: 0.3160, Test: 0.3190
Epoch: 28, Loss: 1.9473, Train: 0.1429, Val: 0.3160, Test: 0.3190
Epoch: 29, Loss: 1.9568, Train: 0.1429, Val: 0.0720, Test: 0.0910
Epoch: 30, Loss: 1.9550, Train: 0.1429, Val: 0.0720, Test: 0.0910
Epoch: 31, Loss: 1.9494, Train: 0.1429, Val: 0.1620, Test: 0.1490
Epoch: 32, Loss: 1.9507, Train: 0.1429, Val: 0.1620, Test: 0.1490
Epoch: 33, Loss: 1.9500, Train: 0.1429, Val: 0.0720, Test: 0.0910
Epoch: 34, Loss: 1.9504, Train: 0.1429, Val: 0.1140, Test: 0.1030
Epoch: 35, Loss: 1.9460, Train: 0.1429, Val: 0.1140, Test: 0.1030
Epoch: 36, Loss: 1.9493, Train: 0.1429, Val: 0.1140, Test: 0.1030
Epoch: 37, Loss: 1.9354, Train: 0.1429, Val: 0.0580, Test: 0.0640
Epoch: 38, Loss: 1.9437, Train: 0.1429, Val: 0.0580, Test: 0.0640
Epoch: 39, Loss: 1.9418, Train: 0.1429, Val: 0.0580, Test: 0.0640
Epoch: 40, Loss: 1.9372, Train: 0.1429, Val: 0.0580, Test: 0.0640
Epoch: 41, Loss: 1.9396, Train: 0.1429, Val: 0.1140, Test: 0.1030
Epoch: 42, Loss: 1.9560, Train: 0.1429, Val: 0.1140, Test: 0.1030
Epoch: 43, Loss: 1.9348, Train: 0.1429, Val: 0.1220, Test: 0.1300
Epoch: 44, Loss: 1.9454, Train: 0.1429, Val: 0.1140, Test: 0.1030
Epoch: 45, Loss: 1.9566, Train: 0.1429, Val: 0.0580, Test: 0.0640
Epoch: 46, Loss: 1.9486, Train: 0.1429, Val: 0.0580, Test: 0.0640
Epoch: 47, Loss: 1.9517, Train: 0.1429, Val: 0.0580, Test: 0.0640
Epoch: 48, Loss: 1.9539, Train: 0.1429, Val: 0.1140, Test: 0.1030
Epoch: 49, Loss: 1.9498, Train: 0.1429, Val: 0.0720, Test: 0.0910
Epoch: 50, Loss: 1.9516, Train: 0.1429, Val: 0.1220, Test: 0.1300
Epoch: 51, Loss: 1.9455, Train: 0.1429, Val: 0.1220, Test: 0.1300
Epoch: 52, Loss: 1.9385, Train: 0.1429, Val: 0.1220, Test: 0.1300
Epoch: 53, Loss: 1.9507, Train: 0.1429, Val: 0.3160, Test: 0.3190
Epoch: 54, Loss: 1.9450, Train: 0.1429, Val: 0.3160, Test: 0.3190
Epoch: 55, Loss: 1.9516, Train: 0.1429, Val: 0.3160, Test: 0.3190
Epoch: 56, Loss: 1.9461, Train: 0.1429, Val: 0.3160, Test: 0.3190
Epoch: 57, Loss: 1.9434, Train: 0.1429, Val: 0.3160, Test: 0.3190
Epoch: 58, Loss: 1.9444, Train: 0.1429, Val: 0.3160, Test: 0.3190
Epoch: 59, Loss: 1.9441, Train: 0.1429, Val: 0.3160, Test: 0.3190
Epoch: 60, Loss: 1.9478, Train: 0.1429, Val: 0.3160, Test: 0.3190
Epoch: 61, Loss: 1.9491, Train: 0.1429, Val: 0.3160, Test: 0.3190
Epoch: 62, Loss: 1.9449, Train: 0.1429, Val: 0.3160, Test: 0.3190
Epoch: 63, Loss: 1.9479, Train: 0.1429, Val: 0.3160, Test: 0.3190
Epoch: 64, Loss: 1.9463, Train: 0.1429, Val: 0.3160, Test: 0.3190
Epoch: 65, Loss: 1.9496, Train: 0.1429, Val: 0.3160, Test: 0.3190
Epoch: 66, Loss: 1.9483, Train: 0.1429, Val: 0.1560, Test: 0.1440
Epoch: 67, Loss: 1.9445, Train: 0.1429, Val: 0.1560, Test: 0.1440
Epoch: 68, Loss: 1.9458, Train: 0.1429, Val: 0.1560, Test: 0.1440
Epoch: 69, Loss: 1.9523, Train: 0.1429, Val: 0.1560, Test: 0.1440
Epoch: 70, Loss: 1.9504, Train: 0.1429, Val: 0.1560, Test: 0.1440
Epoch: 71, Loss: 1.9525, Train: 0.1429, Val: 0.1560, Test: 0.1440
Epoch: 72, Loss: 1.9456, Train: 0.1429, Val: 0.3160, Test: 0.3190
Epoch: 73, Loss: 1.9449, Train: 0.1429, Val: 0.3160, Test: 0.3190
Epoch: 74, Loss: 1.9479, Train: 0.1429, Val: 0.3160, Test: 0.3190
Epoch: 75, Loss: 1.9461, Train: 0.1429, Val: 0.3160, Test: 0.3190
Epoch: 76, Loss: 1.9455, Train: 0.1429, Val: 0.3160, Test: 0.3190
Epoch: 77, Loss: 1.9465, Train: 0.1429, Val: 0.3160, Test: 0.3190
Epoch: 78, Loss: 1.9455, Train: 0.1429, Val: 0.3160, Test: 0.3190
Epoch: 79, Loss: 1.9467, Train: 0.1429, Val: 0.3160, Test: 0.3190
Epoch: 80, Loss: 1.9440, Train: 0.1429, Val: 0.3160, Test: 0.3190
Epoch: 81, Loss: 1.9475, Train: 0.1429, Val: 0.3160, Test: 0.3190
Epoch: 82, Loss: 1.9505, Train: 0.1429, Val: 0.3160, Test: 0.3190
Epoch: 83, Loss: 1.9503, Train: 0.1429, Val: 0.3160, Test: 0.3190
Epoch: 84, Loss: 1.9427, Train: 0.1429, Val: 0.3160, Test: 0.3190
Epoch: 85, Loss: 1.9425, Train: 0.1429, Val: 0.0580, Test: 0.0640
Epoch: 86, Loss: 1.9514, Train: 0.1429, Val: 0.3160, Test: 0.3190
Epoch: 87, Loss: 1.9484, Train: 0.1429, Val: 0.3160, Test: 0.3190
Epoch: 88, Loss: 1.9458, Train: 0.1429, Val: 0.3160, Test: 0.3190
Epoch: 89, Loss: 1.9445, Train: 0.1429, Val: 0.3160, Test: 0.3190
Epoch: 90, Loss: 1.9455, Train: 0.1429, Val: 0.3160, Test: 0.3190
Epoch: 91, Loss: 1.9430, Train: 0.1429, Val: 0.3160, Test: 0.3190
Epoch: 92, Loss: 1.9473, Train: 0.1429, Val: 0.3160, Test: 0.3190
Epoch: 93, Loss: 1.9464, Train: 0.1429, Val: 0.0580, Test: 0.0640
Epoch: 94, Loss: 1.9450, Train: 0.1429, Val: 0.0580, Test: 0.0640
Epoch: 95, Loss: 1.9522, Train: 0.1429, Val: 0.0580, Test: 0.0640
Epoch: 96, Loss: 1.9447, Train: 0.1429, Val: 0.3160, Test: 0.3190
Epoch: 97, Loss: 1.9457, Train: 0.1429, Val: 0.3160, Test: 0.3190
Epoch: 98, Loss: 1.9428, Train: 0.1429, Val: 0.3160, Test: 0.3190
Epoch: 99, Loss: 1.9438, Train: 0.1500, Val: 0.0600, Test: 0.0710
Epoch: 100, Loss: 1.9480, Train: 0.1429, Val: 0.3160, Test: 0.3190
MAD:  0.0061
Best Test Accuracy: 0.3190, Val Accuracy: 0.3160, Train Accuracy: 0.1429
Training completed.
Seed:  4
PMPGNN(
  (convs): ModuleList(
    (0): ParallelGNNBlock(
      (conv1): GATv2Conv(128, 128, heads=8)
      (conv2): GATv2Conv(128, 128, heads=8)
      (norm): LayerNorm((128,), eps=1e-05, elementwise_affine=True)
    )
    (1-10): 10 x ParallelGNNBlock(
      (conv1): GATv2Conv(2048, 128, heads=8)
      (conv2): GATv2Conv(2048, 128, heads=8)
      (norm): LayerNorm((128,), eps=1e-05, elementwise_affine=True)
    )
  )
  (norm): LayerNorm((2048,), eps=1e-05, elementwise_affine=True)
  (mlp): Sequential(
    (0): Linear(in_features=2048, out_features=64, bias=True)
    (1): LeakyReLU(negative_slope=0.01)
    (2): Dropout(p=0.3, inplace=False)
    (3): Linear(in_features=64, out_features=7, bias=True)
  )
  (proj): Linear(in_features=1433, out_features=128, bias=True)
)
Epoch: 1, Loss: 2.0261, Train: 0.2714, Val: 0.1940, Test: 0.1860
Epoch: 2, Loss: 1.9647, Train: 0.1429, Val: 0.0580, Test: 0.0640
Epoch: 3, Loss: 1.9794, Train: 0.1429, Val: 0.0580, Test: 0.0640
Epoch: 4, Loss: 1.9375, Train: 0.1429, Val: 0.1560, Test: 0.1440
Epoch: 5, Loss: 1.9477, Train: 0.1429, Val: 0.0580, Test: 0.0640
Epoch: 6, Loss: 1.9818, Train: 0.1429, Val: 0.0580, Test: 0.0640
Epoch: 7, Loss: 1.9659, Train: 0.1429, Val: 0.1140, Test: 0.1030
Epoch: 8, Loss: 1.9421, Train: 0.1429, Val: 0.0720, Test: 0.0910
Epoch: 9, Loss: 1.9533, Train: 0.1429, Val: 0.0720, Test: 0.0910
Epoch: 10, Loss: 1.9574, Train: 0.1429, Val: 0.0720, Test: 0.0910
Epoch: 11, Loss: 1.9640, Train: 0.1429, Val: 0.0720, Test: 0.0910
Epoch: 12, Loss: 1.9649, Train: 0.1429, Val: 0.3160, Test: 0.3190
Epoch: 13, Loss: 1.9637, Train: 0.1429, Val: 0.0580, Test: 0.0640
Epoch: 14, Loss: 1.9433, Train: 0.1429, Val: 0.0580, Test: 0.0640
Epoch: 15, Loss: 1.9462, Train: 0.1429, Val: 0.0580, Test: 0.0640
Epoch: 16, Loss: 1.9491, Train: 0.1429, Val: 0.0580, Test: 0.0640
Epoch: 17, Loss: 1.9413, Train: 0.1429, Val: 0.0580, Test: 0.0640
Epoch: 18, Loss: 1.9488, Train: 0.1429, Val: 0.0580, Test: 0.0640
Epoch: 19, Loss: 1.9393, Train: 0.1429, Val: 0.0580, Test: 0.0640
Epoch: 20, Loss: 1.9401, Train: 0.1429, Val: 0.0580, Test: 0.0640
Epoch: 21, Loss: 1.9415, Train: 0.1429, Val: 0.0580, Test: 0.0640
Epoch: 22, Loss: 1.9567, Train: 0.1429, Val: 0.0580, Test: 0.0640
Epoch: 23, Loss: 1.9550, Train: 0.1429, Val: 0.0580, Test: 0.0640
Epoch: 24, Loss: 1.9454, Train: 0.1429, Val: 0.0580, Test: 0.0640
Epoch: 25, Loss: 1.9445, Train: 0.1429, Val: 0.0580, Test: 0.0640
Epoch: 26, Loss: 1.9563, Train: 0.1429, Val: 0.1560, Test: 0.1440
Epoch: 27, Loss: 1.9467, Train: 0.1429, Val: 0.1560, Test: 0.1440
Epoch: 28, Loss: 1.9423, Train: 0.1429, Val: 0.1560, Test: 0.1440
Epoch: 29, Loss: 1.9545, Train: 0.1429, Val: 0.1560, Test: 0.1440
Epoch: 30, Loss: 1.9483, Train: 0.1429, Val: 0.1560, Test: 0.1440
Epoch: 31, Loss: 1.9436, Train: 0.1429, Val: 0.1560, Test: 0.1440
Epoch: 32, Loss: 1.9525, Train: 0.1429, Val: 0.1560, Test: 0.1440
Epoch: 33, Loss: 1.9476, Train: 0.1429, Val: 0.1220, Test: 0.1300
Epoch: 34, Loss: 1.9510, Train: 0.1429, Val: 0.1220, Test: 0.1300
Epoch: 35, Loss: 1.9477, Train: 0.1429, Val: 0.1220, Test: 0.1300
Epoch: 36, Loss: 1.9536, Train: 0.1429, Val: 0.1220, Test: 0.1300
Epoch: 37, Loss: 1.9485, Train: 0.1429, Val: 0.1220, Test: 0.1300
Epoch: 38, Loss: 1.9493, Train: 0.1429, Val: 0.1220, Test: 0.1300
Epoch: 39, Loss: 1.9542, Train: 0.1429, Val: 0.1220, Test: 0.1300
Epoch: 40, Loss: 1.9498, Train: 0.1429, Val: 0.1220, Test: 0.1300
Epoch: 41, Loss: 1.9448, Train: 0.1429, Val: 0.0580, Test: 0.0640
Epoch: 42, Loss: 1.9440, Train: 0.1429, Val: 0.0580, Test: 0.0640
Epoch: 43, Loss: 1.9466, Train: 0.1429, Val: 0.0580, Test: 0.0640
Epoch: 44, Loss: 1.9471, Train: 0.1429, Val: 0.0580, Test: 0.0640
Epoch: 45, Loss: 1.9480, Train: 0.1429, Val: 0.0580, Test: 0.0640
Epoch: 46, Loss: 1.9481, Train: 0.1429, Val: 0.0580, Test: 0.0640
Epoch: 47, Loss: 1.9470, Train: 0.1429, Val: 0.0580, Test: 0.0640
Epoch: 48, Loss: 1.9458, Train: 0.1429, Val: 0.0580, Test: 0.0640
Epoch: 49, Loss: 1.9467, Train: 0.1429, Val: 0.0580, Test: 0.0640
Epoch: 50, Loss: 1.9482, Train: 0.1429, Val: 0.0580, Test: 0.0640
Epoch: 51, Loss: 1.9450, Train: 0.1429, Val: 0.0580, Test: 0.0640
Epoch: 52, Loss: 1.9475, Train: 0.1429, Val: 0.0580, Test: 0.0640
Epoch: 53, Loss: 1.9472, Train: 0.1429, Val: 0.0580, Test: 0.0640
Epoch: 54, Loss: 1.9489, Train: 0.1429, Val: 0.0580, Test: 0.0640
Epoch: 55, Loss: 1.9450, Train: 0.1429, Val: 0.0580, Test: 0.0640
Epoch: 56, Loss: 1.9459, Train: 0.1429, Val: 0.0580, Test: 0.0640
Epoch: 57, Loss: 1.9464, Train: 0.1429, Val: 0.0580, Test: 0.0640
Epoch: 58, Loss: 1.9459, Train: 0.1429, Val: 0.0580, Test: 0.0640
Epoch: 59, Loss: 1.9456, Train: 0.1429, Val: 0.0580, Test: 0.0640
Epoch: 60, Loss: 1.9482, Train: 0.1429, Val: 0.0580, Test: 0.0640
Epoch: 61, Loss: 1.9468, Train: 0.1429, Val: 0.0580, Test: 0.0640
Epoch: 62, Loss: 1.9454, Train: 0.1429, Val: 0.0580, Test: 0.0640
Epoch: 63, Loss: 1.9464, Train: 0.1429, Val: 0.0580, Test: 0.0640
Epoch: 64, Loss: 1.9451, Train: 0.1429, Val: 0.0580, Test: 0.0640
Epoch: 65, Loss: 1.9466, Train: 0.1429, Val: 0.0580, Test: 0.0640
Epoch: 66, Loss: 1.9460, Train: 0.1429, Val: 0.0580, Test: 0.0640
Epoch: 67, Loss: 1.9453, Train: 0.1429, Val: 0.0580, Test: 0.0640
Epoch: 68, Loss: 1.9446, Train: 0.1429, Val: 0.0580, Test: 0.0640
Epoch: 69, Loss: 1.9442, Train: 0.1429, Val: 0.0580, Test: 0.0640
Epoch: 70, Loss: 1.9468, Train: 0.1429, Val: 0.0580, Test: 0.0640
Epoch: 71, Loss: 1.9444, Train: 0.1429, Val: 0.0580, Test: 0.0640
Epoch: 72, Loss: 1.9447, Train: 0.1429, Val: 0.0580, Test: 0.0640
Epoch: 73, Loss: 1.9463, Train: 0.1429, Val: 0.0580, Test: 0.0640
Epoch: 74, Loss: 1.9460, Train: 0.1429, Val: 0.0580, Test: 0.0640
Epoch: 75, Loss: 1.9440, Train: 0.1429, Val: 0.0580, Test: 0.0640
Epoch: 76, Loss: 1.9452, Train: 0.1429, Val: 0.3160, Test: 0.3190
Epoch: 77, Loss: 1.9433, Train: 0.1429, Val: 0.0720, Test: 0.0910
Epoch: 78, Loss: 1.9578, Train: 0.1429, Val: 0.3160, Test: 0.3190
Epoch: 79, Loss: 1.9447, Train: 0.1429, Val: 0.3160, Test: 0.3190
Epoch: 80, Loss: 1.9493, Train: 0.1429, Val: 0.3160, Test: 0.3190
Epoch: 81, Loss: 1.9434, Train: 0.1429, Val: 0.0580, Test: 0.0640
Epoch: 82, Loss: 1.9484, Train: 0.1429, Val: 0.0580, Test: 0.0640
Epoch: 83, Loss: 1.9458, Train: 0.1429, Val: 0.0580, Test: 0.0640
Epoch: 84, Loss: 1.9457, Train: 0.1429, Val: 0.0580, Test: 0.0640
Epoch: 85, Loss: 1.9468, Train: 0.1429, Val: 0.0580, Test: 0.0640
Epoch: 86, Loss: 1.9469, Train: 0.1429, Val: 0.0580, Test: 0.0640
Epoch: 87, Loss: 1.9454, Train: 0.1429, Val: 0.0580, Test: 0.0640
Epoch: 88, Loss: 1.9473, Train: 0.1429, Val: 0.0580, Test: 0.0640
Epoch: 89, Loss: 1.9440, Train: 0.1429, Val: 0.1140, Test: 0.1030
Epoch: 90, Loss: 1.9455, Train: 0.1429, Val: 0.1140, Test: 0.1030
Epoch: 91, Loss: 1.9472, Train: 0.1429, Val: 0.1140, Test: 0.1030
Epoch: 92, Loss: 1.9455, Train: 0.1429, Val: 0.1140, Test: 0.1030
Epoch: 93, Loss: 1.9461, Train: 0.1429, Val: 0.1140, Test: 0.1030
Epoch: 94, Loss: 1.9454, Train: 0.1429, Val: 0.1140, Test: 0.1030
Epoch: 95, Loss: 1.9460, Train: 0.1429, Val: 0.1140, Test: 0.1030
Epoch: 96, Loss: 1.9467, Train: 0.1429, Val: 0.1140, Test: 0.1030
Epoch: 97, Loss: 1.9457, Train: 0.1429, Val: 0.1140, Test: 0.1030
Epoch: 98, Loss: 1.9471, Train: 0.1429, Val: 0.1140, Test: 0.1030
Epoch: 99, Loss: 1.9467, Train: 0.1429, Val: 0.1140, Test: 0.1030
Epoch: 100, Loss: 1.9442, Train: 0.1429, Val: 0.1140, Test: 0.1030
MAD:  0.0
Best Test Accuracy: 0.3190, Val Accuracy: 0.3160, Train Accuracy: 0.1429
Training completed.
Seed:  5
PMPGNN(
  (convs): ModuleList(
    (0): ParallelGNNBlock(
      (conv1): GATv2Conv(128, 128, heads=8)
      (conv2): GATv2Conv(128, 128, heads=8)
      (norm): LayerNorm((128,), eps=1e-05, elementwise_affine=True)
    )
    (1-10): 10 x ParallelGNNBlock(
      (conv1): GATv2Conv(2048, 128, heads=8)
      (conv2): GATv2Conv(2048, 128, heads=8)
      (norm): LayerNorm((128,), eps=1e-05, elementwise_affine=True)
    )
  )
  (norm): LayerNorm((2048,), eps=1e-05, elementwise_affine=True)
  (mlp): Sequential(
    (0): Linear(in_features=2048, out_features=64, bias=True)
    (1): LeakyReLU(negative_slope=0.01)
    (2): Dropout(p=0.3, inplace=False)
    (3): Linear(in_features=64, out_features=7, bias=True)
  )
  (proj): Linear(in_features=1433, out_features=128, bias=True)
)
Epoch: 1, Loss: 1.9845, Train: 0.1429, Val: 0.1220, Test: 0.1300
Epoch: 2, Loss: 1.9573, Train: 0.1429, Val: 0.1220, Test: 0.1300
Epoch: 3, Loss: 1.9612, Train: 0.1571, Val: 0.1560, Test: 0.1460
Epoch: 4, Loss: 1.9479, Train: 0.1429, Val: 0.0580, Test: 0.0640
Epoch: 5, Loss: 1.9516, Train: 0.1429, Val: 0.1140, Test: 0.1030
Epoch: 6, Loss: 1.9588, Train: 0.1429, Val: 0.1140, Test: 0.1030
Epoch: 7, Loss: 1.9415, Train: 0.1429, Val: 0.1140, Test: 0.1030
Epoch: 8, Loss: 1.9654, Train: 0.1429, Val: 0.0720, Test: 0.0910
Epoch: 9, Loss: 1.9361, Train: 0.1429, Val: 0.0720, Test: 0.0910
Epoch: 10, Loss: 1.9427, Train: 0.1429, Val: 0.0720, Test: 0.0910
Epoch: 11, Loss: 1.9706, Train: 0.1429, Val: 0.0720, Test: 0.0910
Epoch: 12, Loss: 1.9627, Train: 0.1429, Val: 0.0720, Test: 0.0910
Epoch: 13, Loss: 1.9570, Train: 0.1429, Val: 0.0720, Test: 0.0910
Epoch: 14, Loss: 1.9650, Train: 0.1429, Val: 0.1620, Test: 0.1490
Epoch: 15, Loss: 1.9582, Train: 0.1429, Val: 0.1140, Test: 0.1030
Epoch: 16, Loss: 1.9491, Train: 0.1429, Val: 0.1220, Test: 0.1300
Epoch: 17, Loss: 1.9541, Train: 0.1429, Val: 0.1220, Test: 0.1300
Epoch: 18, Loss: 1.9423, Train: 0.1429, Val: 0.1220, Test: 0.1300
Epoch: 19, Loss: 1.9587, Train: 0.1429, Val: 0.1220, Test: 0.1300
Epoch: 20, Loss: 1.9412, Train: 0.1429, Val: 0.1620, Test: 0.1490
Epoch: 21, Loss: 1.9678, Train: 0.1429, Val: 0.1620, Test: 0.1490
Epoch: 22, Loss: 1.9479, Train: 0.1429, Val: 0.1620, Test: 0.1490
Epoch: 23, Loss: 1.9486, Train: 0.1429, Val: 0.1620, Test: 0.1490
Epoch: 24, Loss: 1.9479, Train: 0.1429, Val: 0.1620, Test: 0.1490
Epoch: 25, Loss: 1.9472, Train: 0.1429, Val: 0.1620, Test: 0.1490
Epoch: 26, Loss: 1.9572, Train: 0.1429, Val: 0.0580, Test: 0.0640
Epoch: 27, Loss: 1.9511, Train: 0.1429, Val: 0.3160, Test: 0.3190
Epoch: 28, Loss: 1.9482, Train: 0.1429, Val: 0.3160, Test: 0.3190
Epoch: 29, Loss: 1.9472, Train: 0.1429, Val: 0.3160, Test: 0.3190
Epoch: 30, Loss: 1.9476, Train: 0.1429, Val: 0.3160, Test: 0.3190
Epoch: 31, Loss: 1.9594, Train: 0.1429, Val: 0.3160, Test: 0.3190
Epoch: 32, Loss: 1.9509, Train: 0.1429, Val: 0.3160, Test: 0.3190
Epoch: 33, Loss: 1.9414, Train: 0.1429, Val: 0.0720, Test: 0.0910
Epoch: 34, Loss: 1.9483, Train: 0.1429, Val: 0.0720, Test: 0.0910
Epoch: 35, Loss: 1.9447, Train: 0.1429, Val: 0.0720, Test: 0.0910
Epoch: 36, Loss: 1.9455, Train: 0.1429, Val: 0.0720, Test: 0.0910
Epoch: 37, Loss: 1.9470, Train: 0.1429, Val: 0.1220, Test: 0.1300
Epoch: 38, Loss: 1.9467, Train: 0.1429, Val: 0.1220, Test: 0.1300
Epoch: 39, Loss: 1.9461, Train: 0.1429, Val: 0.0720, Test: 0.0910
Epoch: 40, Loss: 1.9508, Train: 0.1429, Val: 0.0720, Test: 0.0910
Epoch: 41, Loss: 1.9475, Train: 0.1429, Val: 0.0720, Test: 0.0910
Epoch: 42, Loss: 1.9462, Train: 0.1429, Val: 0.0720, Test: 0.0910
Epoch: 43, Loss: 1.9500, Train: 0.1429, Val: 0.0720, Test: 0.0910
Epoch: 44, Loss: 1.9490, Train: 0.1429, Val: 0.0720, Test: 0.0910
Epoch: 45, Loss: 1.9534, Train: 0.1429, Val: 0.1560, Test: 0.1440
Epoch: 46, Loss: 1.9511, Train: 0.1429, Val: 0.1560, Test: 0.1440
Epoch: 47, Loss: 1.9484, Train: 0.1429, Val: 0.1560, Test: 0.1440
Epoch: 48, Loss: 1.9486, Train: 0.1429, Val: 0.1560, Test: 0.1440
Epoch: 49, Loss: 1.9477, Train: 0.1429, Val: 0.1560, Test: 0.1440
Epoch: 50, Loss: 1.9472, Train: 0.1429, Val: 0.1560, Test: 0.1440
Epoch: 51, Loss: 1.9482, Train: 0.1429, Val: 0.1560, Test: 0.1440
Epoch: 52, Loss: 1.9471, Train: 0.1429, Val: 0.1560, Test: 0.1440
Epoch: 53, Loss: 1.9468, Train: 0.1429, Val: 0.1560, Test: 0.1440
Epoch: 54, Loss: 1.9463, Train: 0.1429, Val: 0.1560, Test: 0.1440
Epoch: 55, Loss: 1.9480, Train: 0.1429, Val: 0.1560, Test: 0.1440
Epoch: 56, Loss: 1.9486, Train: 0.1429, Val: 0.1560, Test: 0.1440
Epoch: 57, Loss: 1.9434, Train: 0.1429, Val: 0.1560, Test: 0.1440
Epoch: 58, Loss: 1.9450, Train: 0.1429, Val: 0.1560, Test: 0.1440
Epoch: 59, Loss: 1.9468, Train: 0.1429, Val: 0.1560, Test: 0.1440
Epoch: 60, Loss: 1.9466, Train: 0.1429, Val: 0.1560, Test: 0.1440
Epoch: 61, Loss: 1.9492, Train: 0.1429, Val: 0.1560, Test: 0.1440
Epoch: 62, Loss: 1.9464, Train: 0.1429, Val: 0.1560, Test: 0.1440
Epoch: 63, Loss: 1.9461, Train: 0.1429, Val: 0.0580, Test: 0.0640
Epoch: 64, Loss: 1.9492, Train: 0.1429, Val: 0.0580, Test: 0.0640
Epoch: 65, Loss: 1.9445, Train: 0.1429, Val: 0.0580, Test: 0.0640
Epoch: 66, Loss: 1.9472, Train: 0.1429, Val: 0.0580, Test: 0.0640
Epoch: 67, Loss: 1.9467, Train: 0.1429, Val: 0.0580, Test: 0.0640
Epoch: 68, Loss: 1.9444, Train: 0.1429, Val: 0.0580, Test: 0.0640
Epoch: 69, Loss: 1.9501, Train: 0.1429, Val: 0.0580, Test: 0.0640
Epoch: 70, Loss: 1.9484, Train: 0.1429, Val: 0.1560, Test: 0.1440
Epoch: 71, Loss: 1.9501, Train: 0.1429, Val: 0.1560, Test: 0.1440
Epoch: 72, Loss: 1.9494, Train: 0.1429, Val: 0.1560, Test: 0.1440
Epoch: 73, Loss: 1.9514, Train: 0.1429, Val: 0.1560, Test: 0.1440
Epoch: 74, Loss: 1.9472, Train: 0.1429, Val: 0.1560, Test: 0.1440
Epoch: 75, Loss: 1.9480, Train: 0.1429, Val: 0.1560, Test: 0.1440
Epoch: 76, Loss: 1.9456, Train: 0.1429, Val: 0.1560, Test: 0.1440
Epoch: 77, Loss: 1.9460, Train: 0.1429, Val: 0.1560, Test: 0.1440
Epoch: 78, Loss: 1.9475, Train: 0.1429, Val: 0.1560, Test: 0.1440
Epoch: 79, Loss: 1.9461, Train: 0.1429, Val: 0.1560, Test: 0.1440
Epoch: 80, Loss: 1.9467, Train: 0.1429, Val: 0.1560, Test: 0.1440
Epoch: 81, Loss: 1.9472, Train: 0.1429, Val: 0.1560, Test: 0.1440
Epoch: 82, Loss: 1.9463, Train: 0.1429, Val: 0.1560, Test: 0.1440
Epoch: 83, Loss: 1.9456, Train: 0.1429, Val: 0.1560, Test: 0.1440
Epoch: 84, Loss: 1.9462, Train: 0.1429, Val: 0.1560, Test: 0.1440
Epoch: 85, Loss: 1.9473, Train: 0.1429, Val: 0.1560, Test: 0.1440
Epoch: 86, Loss: 1.9463, Train: 0.1429, Val: 0.1560, Test: 0.1440
Epoch: 87, Loss: 1.9472, Train: 0.1429, Val: 0.1560, Test: 0.1440
Epoch: 88, Loss: 1.9463, Train: 0.1429, Val: 0.1560, Test: 0.1440
Epoch: 89, Loss: 1.9456, Train: 0.1429, Val: 0.1560, Test: 0.1440
Epoch: 90, Loss: 1.9457, Train: 0.1429, Val: 0.1560, Test: 0.1440
Epoch: 91, Loss: 1.9460, Train: 0.1429, Val: 0.1560, Test: 0.1440
Epoch: 92, Loss: 1.9466, Train: 0.1429, Val: 0.1560, Test: 0.1440
Epoch: 93, Loss: 1.9472, Train: 0.1429, Val: 0.1560, Test: 0.1440
Epoch: 94, Loss: 1.9466, Train: 0.1429, Val: 0.1560, Test: 0.1440
Epoch: 95, Loss: 1.9468, Train: 0.1429, Val: 0.1560, Test: 0.1440
Epoch: 96, Loss: 1.9464, Train: 0.1429, Val: 0.1560, Test: 0.1440
Epoch: 97, Loss: 1.9446, Train: 0.1429, Val: 0.1560, Test: 0.1440
Epoch: 98, Loss: 1.9447, Train: 0.1429, Val: 0.1560, Test: 0.1440
Epoch: 99, Loss: 1.9460, Train: 0.1429, Val: 0.1560, Test: 0.1440
Epoch: 100, Loss: 1.9443, Train: 0.1429, Val: 0.0720, Test: 0.0910
MAD:  0.0
Best Test Accuracy: 0.3190, Val Accuracy: 0.3160, Train Accuracy: 0.1429
Training completed.
Seed:  6
PMPGNN(
  (convs): ModuleList(
    (0): ParallelGNNBlock(
      (conv1): GATv2Conv(128, 128, heads=8)
      (conv2): GATv2Conv(128, 128, heads=8)
      (norm): LayerNorm((128,), eps=1e-05, elementwise_affine=True)
    )
    (1-10): 10 x ParallelGNNBlock(
      (conv1): GATv2Conv(2048, 128, heads=8)
      (conv2): GATv2Conv(2048, 128, heads=8)
      (norm): LayerNorm((128,), eps=1e-05, elementwise_affine=True)
    )
  )
  (norm): LayerNorm((2048,), eps=1e-05, elementwise_affine=True)
  (mlp): Sequential(
    (0): Linear(in_features=2048, out_features=64, bias=True)
    (1): LeakyReLU(negative_slope=0.01)
    (2): Dropout(p=0.3, inplace=False)
    (3): Linear(in_features=64, out_features=7, bias=True)
  )
  (proj): Linear(in_features=1433, out_features=128, bias=True)
)
Epoch: 1, Loss: 1.9854, Train: 0.1429, Val: 0.0580, Test: 0.0640
Epoch: 2, Loss: 1.9746, Train: 0.1714, Val: 0.1180, Test: 0.1160
Epoch: 3, Loss: 1.9734, Train: 0.1429, Val: 0.3160, Test: 0.3190
Epoch: 4, Loss: 1.9741, Train: 0.1429, Val: 0.3160, Test: 0.3190
Epoch: 5, Loss: 1.9935, Train: 0.1429, Val: 0.3160, Test: 0.3190
Epoch: 6, Loss: 1.9477, Train: 0.1429, Val: 0.1560, Test: 0.1440
Epoch: 7, Loss: 1.9818, Train: 0.1429, Val: 0.1560, Test: 0.1440
Epoch: 8, Loss: 1.9482, Train: 0.1429, Val: 0.1620, Test: 0.1490
Epoch: 9, Loss: 1.9819, Train: 0.1429, Val: 0.1620, Test: 0.1490
Epoch: 10, Loss: 1.9624, Train: 0.1429, Val: 0.1620, Test: 0.1490
Epoch: 11, Loss: 1.9451, Train: 0.1429, Val: 0.3160, Test: 0.3190
Epoch: 12, Loss: 1.9637, Train: 0.1429, Val: 0.3160, Test: 0.3190
Epoch: 13, Loss: 1.9593, Train: 0.1429, Val: 0.3160, Test: 0.3190
Epoch: 14, Loss: 1.9532, Train: 0.1429, Val: 0.3160, Test: 0.3190
Epoch: 15, Loss: 1.9511, Train: 0.1429, Val: 0.1620, Test: 0.1490
Epoch: 16, Loss: 1.9639, Train: 0.1429, Val: 0.1620, Test: 0.1490
Epoch: 17, Loss: 1.9643, Train: 0.1429, Val: 0.0720, Test: 0.0910
Epoch: 18, Loss: 1.9568, Train: 0.1429, Val: 0.0720, Test: 0.0910
Epoch: 19, Loss: 1.9444, Train: 0.1429, Val: 0.1220, Test: 0.1300
Epoch: 20, Loss: 1.9407, Train: 0.1429, Val: 0.3160, Test: 0.3190
Epoch: 21, Loss: 1.9540, Train: 0.1429, Val: 0.1220, Test: 0.1300
Epoch: 22, Loss: 1.9636, Train: 0.1429, Val: 0.1140, Test: 0.1030
Epoch: 23, Loss: 1.9566, Train: 0.1429, Val: 0.1140, Test: 0.1030
Epoch: 24, Loss: 1.9377, Train: 0.1429, Val: 0.1140, Test: 0.1030
Epoch: 25, Loss: 1.9559, Train: 0.1429, Val: 0.1140, Test: 0.1030
Epoch: 26, Loss: 1.9581, Train: 0.1429, Val: 0.1140, Test: 0.1030
Epoch: 27, Loss: 1.9560, Train: 0.1429, Val: 0.1220, Test: 0.1300
Epoch: 28, Loss: 1.9562, Train: 0.1429, Val: 0.1220, Test: 0.1300
Epoch: 29, Loss: 1.9443, Train: 0.1429, Val: 0.1220, Test: 0.1300
Epoch: 30, Loss: 1.9604, Train: 0.1429, Val: 0.0720, Test: 0.0910
Epoch: 31, Loss: 1.9555, Train: 0.1429, Val: 0.0720, Test: 0.0910
Epoch: 32, Loss: 1.9544, Train: 0.1429, Val: 0.0720, Test: 0.0910
Epoch: 33, Loss: 1.9489, Train: 0.1429, Val: 0.0720, Test: 0.0910
Epoch: 34, Loss: 1.9504, Train: 0.1429, Val: 0.1560, Test: 0.1440
Epoch: 35, Loss: 1.9461, Train: 0.1429, Val: 0.1560, Test: 0.1440
Epoch: 36, Loss: 1.9467, Train: 0.1429, Val: 0.1560, Test: 0.1440
Epoch: 37, Loss: 1.9471, Train: 0.1429, Val: 0.1560, Test: 0.1440
Epoch: 38, Loss: 1.9488, Train: 0.1429, Val: 0.1560, Test: 0.1440
Epoch: 39, Loss: 1.9474, Train: 0.1429, Val: 0.1560, Test: 0.1440
Epoch: 40, Loss: 1.9460, Train: 0.1429, Val: 0.1560, Test: 0.1440
Epoch: 41, Loss: 1.9460, Train: 0.1429, Val: 0.1560, Test: 0.1440
Epoch: 42, Loss: 1.9461, Train: 0.1429, Val: 0.1560, Test: 0.1440
Epoch: 43, Loss: 1.9459, Train: 0.1429, Val: 0.1560, Test: 0.1440
Epoch: 44, Loss: 1.9445, Train: 0.1429, Val: 0.1560, Test: 0.1440
Epoch: 45, Loss: 1.9483, Train: 0.1429, Val: 0.1560, Test: 0.1440
Epoch: 46, Loss: 1.9464, Train: 0.1429, Val: 0.1560, Test: 0.1440
Epoch: 47, Loss: 1.9442, Train: 0.1429, Val: 0.1560, Test: 0.1440
Epoch: 48, Loss: 1.9450, Train: 0.1429, Val: 0.3160, Test: 0.3190
Epoch: 49, Loss: 1.9490, Train: 0.1429, Val: 0.3160, Test: 0.3190
Epoch: 50, Loss: 1.9482, Train: 0.1429, Val: 0.3160, Test: 0.3190
Epoch: 51, Loss: 1.9484, Train: 0.1429, Val: 0.3160, Test: 0.3190
Epoch: 52, Loss: 1.9464, Train: 0.1429, Val: 0.3160, Test: 0.3190
Epoch: 53, Loss: 1.9560, Train: 0.1429, Val: 0.3160, Test: 0.3190
Epoch: 54, Loss: 1.9471, Train: 0.1429, Val: 0.3160, Test: 0.3190
Epoch: 55, Loss: 1.9482, Train: 0.1429, Val: 0.3160, Test: 0.3190
Epoch: 56, Loss: 1.9502, Train: 0.1429, Val: 0.1560, Test: 0.1440
Epoch: 57, Loss: 1.9513, Train: 0.1429, Val: 0.1560, Test: 0.1440
Epoch: 58, Loss: 1.9467, Train: 0.1429, Val: 0.1560, Test: 0.1440
Epoch: 59, Loss: 1.9456, Train: 0.1429, Val: 0.1560, Test: 0.1440
Epoch: 60, Loss: 1.9467, Train: 0.1429, Val: 0.1560, Test: 0.1440
Epoch: 61, Loss: 1.9492, Train: 0.1429, Val: 0.1560, Test: 0.1440
Epoch: 62, Loss: 1.9471, Train: 0.1429, Val: 0.1560, Test: 0.1440
Epoch: 63, Loss: 1.9476, Train: 0.1429, Val: 0.1560, Test: 0.1440
Epoch: 64, Loss: 1.9473, Train: 0.1429, Val: 0.1560, Test: 0.1440
Epoch: 65, Loss: 1.9455, Train: 0.1429, Val: 0.1560, Test: 0.1440
Epoch: 66, Loss: 1.9470, Train: 0.1429, Val: 0.1560, Test: 0.1440
Epoch: 67, Loss: 1.9453, Train: 0.1429, Val: 0.1560, Test: 0.1440
Epoch: 68, Loss: 1.9467, Train: 0.1429, Val: 0.1560, Test: 0.1440
Epoch: 69, Loss: 1.9487, Train: 0.1429, Val: 0.1560, Test: 0.1440
Epoch: 70, Loss: 1.9450, Train: 0.1429, Val: 0.0720, Test: 0.0910
Epoch: 71, Loss: 1.9522, Train: 0.1429, Val: 0.0720, Test: 0.0910
Epoch: 72, Loss: 1.9472, Train: 0.1429, Val: 0.1560, Test: 0.1440
Epoch: 73, Loss: 1.9498, Train: 0.1429, Val: 0.1560, Test: 0.1440
Epoch: 74, Loss: 1.9451, Train: 0.1429, Val: 0.1560, Test: 0.1440
Epoch: 75, Loss: 1.9504, Train: 0.1429, Val: 0.1560, Test: 0.1440
Epoch: 76, Loss: 1.9466, Train: 0.1429, Val: 0.1560, Test: 0.1440
Epoch: 77, Loss: 1.9453, Train: 0.1429, Val: 0.1560, Test: 0.1440
Epoch: 78, Loss: 1.9458, Train: 0.1429, Val: 0.1560, Test: 0.1440
Epoch: 79, Loss: 1.9467, Train: 0.1429, Val: 0.1560, Test: 0.1440
Epoch: 80, Loss: 1.9464, Train: 0.1429, Val: 0.1560, Test: 0.1440
Epoch: 81, Loss: 1.9474, Train: 0.1429, Val: 0.1560, Test: 0.1440
Epoch: 82, Loss: 1.9469, Train: 0.1429, Val: 0.1560, Test: 0.1440
Epoch: 83, Loss: 1.9483, Train: 0.1429, Val: 0.1560, Test: 0.1440
Epoch: 84, Loss: 1.9477, Train: 0.1429, Val: 0.1560, Test: 0.1440
Epoch: 85, Loss: 1.9451, Train: 0.1429, Val: 0.1560, Test: 0.1440
Epoch: 86, Loss: 1.9457, Train: 0.1429, Val: 0.1560, Test: 0.1440
Epoch: 87, Loss: 1.9464, Train: 0.1429, Val: 0.1560, Test: 0.1440
Epoch: 88, Loss: 1.9459, Train: 0.1429, Val: 0.1560, Test: 0.1440
Epoch: 89, Loss: 1.9464, Train: 0.1429, Val: 0.1560, Test: 0.1440
Epoch: 90, Loss: 1.9471, Train: 0.1429, Val: 0.1560, Test: 0.1440
Epoch: 91, Loss: 1.9473, Train: 0.1429, Val: 0.1560, Test: 0.1440
Epoch: 92, Loss: 1.9461, Train: 0.1429, Val: 0.1560, Test: 0.1440
Epoch: 93, Loss: 1.9465, Train: 0.1429, Val: 0.1560, Test: 0.1440
Epoch: 94, Loss: 1.9460, Train: 0.1429, Val: 0.1560, Test: 0.1440
Epoch: 95, Loss: 1.9458, Train: 0.1429, Val: 0.1560, Test: 0.1440
Epoch: 96, Loss: 1.9464, Train: 0.1429, Val: 0.1560, Test: 0.1440
Epoch: 97, Loss: 1.9461, Train: 0.1429, Val: 0.1560, Test: 0.1440
Epoch: 98, Loss: 1.9460, Train: 0.1429, Val: 0.1560, Test: 0.1440
Epoch: 99, Loss: 1.9454, Train: 0.1429, Val: 0.1560, Test: 0.1440
Epoch: 100, Loss: 1.9471, Train: 0.1429, Val: 0.1560, Test: 0.1440
MAD:  0.0002
Best Test Accuracy: 0.3190, Val Accuracy: 0.3160, Train Accuracy: 0.1429
Training completed.
Seed:  7
PMPGNN(
  (convs): ModuleList(
    (0): ParallelGNNBlock(
      (conv1): GATv2Conv(128, 128, heads=8)
      (conv2): GATv2Conv(128, 128, heads=8)
      (norm): LayerNorm((128,), eps=1e-05, elementwise_affine=True)
    )
    (1-10): 10 x ParallelGNNBlock(
      (conv1): GATv2Conv(2048, 128, heads=8)
      (conv2): GATv2Conv(2048, 128, heads=8)
      (norm): LayerNorm((128,), eps=1e-05, elementwise_affine=True)
    )
  )
  (norm): LayerNorm((2048,), eps=1e-05, elementwise_affine=True)
  (mlp): Sequential(
    (0): Linear(in_features=2048, out_features=64, bias=True)
    (1): LeakyReLU(negative_slope=0.01)
    (2): Dropout(p=0.3, inplace=False)
    (3): Linear(in_features=64, out_features=7, bias=True)
  )
  (proj): Linear(in_features=1433, out_features=128, bias=True)
)
Epoch: 1, Loss: 2.0153, Train: 0.1429, Val: 0.0580, Test: 0.0640
Epoch: 2, Loss: 1.9591, Train: 0.1429, Val: 0.0580, Test: 0.0640
Epoch: 3, Loss: 1.9750, Train: 0.1429, Val: 0.1620, Test: 0.1490
Epoch: 4, Loss: 1.9396, Train: 0.1429, Val: 0.1640, Test: 0.1500
Epoch: 5, Loss: 1.9771, Train: 0.1429, Val: 0.1560, Test: 0.1440
Epoch: 6, Loss: 1.9517, Train: 0.1429, Val: 0.1560, Test: 0.1440
Epoch: 7, Loss: 1.9710, Train: 0.1429, Val: 0.0580, Test: 0.0640
Epoch: 8, Loss: 1.9747, Train: 0.1429, Val: 0.1140, Test: 0.1030
Epoch: 9, Loss: 1.9451, Train: 0.1429, Val: 0.1140, Test: 0.1030
Epoch: 10, Loss: 1.9503, Train: 0.1429, Val: 0.1140, Test: 0.1030
Epoch: 11, Loss: 1.9514, Train: 0.1429, Val: 0.1140, Test: 0.1030
Epoch: 12, Loss: 1.9575, Train: 0.1429, Val: 0.1140, Test: 0.1030
Epoch: 13, Loss: 1.9524, Train: 0.1429, Val: 0.1140, Test: 0.1030
Epoch: 14, Loss: 1.9531, Train: 0.1429, Val: 0.0580, Test: 0.0640
Epoch: 15, Loss: 1.9572, Train: 0.1429, Val: 0.1620, Test: 0.1490
Epoch: 16, Loss: 1.9612, Train: 0.1429, Val: 0.1620, Test: 0.1490
Epoch: 17, Loss: 1.9511, Train: 0.1429, Val: 0.3160, Test: 0.3190
Epoch: 18, Loss: 1.9582, Train: 0.1429, Val: 0.3160, Test: 0.3190
Epoch: 19, Loss: 1.9338, Train: 0.1429, Val: 0.3160, Test: 0.3190
Epoch: 20, Loss: 1.9509, Train: 0.1429, Val: 0.3160, Test: 0.3190
Epoch: 21, Loss: 1.9537, Train: 0.1429, Val: 0.3160, Test: 0.3190
Epoch: 22, Loss: 1.9530, Train: 0.1429, Val: 0.3160, Test: 0.3190
Epoch: 23, Loss: 1.9494, Train: 0.1429, Val: 0.1220, Test: 0.1300
Epoch: 24, Loss: 1.9469, Train: 0.1429, Val: 0.1220, Test: 0.1300
Epoch: 25, Loss: 1.9481, Train: 0.1429, Val: 0.1220, Test: 0.1300
Epoch: 26, Loss: 1.9484, Train: 0.1429, Val: 0.1140, Test: 0.1030
Epoch: 27, Loss: 1.9473, Train: 0.1429, Val: 0.1140, Test: 0.1030
Epoch: 28, Loss: 1.9512, Train: 0.1429, Val: 0.1140, Test: 0.1030
Epoch: 29, Loss: 1.9492, Train: 0.1429, Val: 0.1140, Test: 0.1030
Epoch: 30, Loss: 1.9493, Train: 0.1429, Val: 0.1140, Test: 0.1030
Epoch: 31, Loss: 1.9506, Train: 0.1429, Val: 0.1140, Test: 0.1030
Epoch: 32, Loss: 1.9467, Train: 0.1429, Val: 0.1140, Test: 0.1030
Epoch: 33, Loss: 1.9481, Train: 0.1429, Val: 0.1140, Test: 0.1030
Epoch: 34, Loss: 1.9531, Train: 0.1429, Val: 0.1140, Test: 0.1030
Epoch: 35, Loss: 1.9500, Train: 0.1429, Val: 0.1140, Test: 0.1030
Epoch: 36, Loss: 1.9459, Train: 0.1429, Val: 0.1140, Test: 0.1030
Epoch: 37, Loss: 1.9447, Train: 0.1429, Val: 0.1140, Test: 0.1030
Epoch: 38, Loss: 1.9499, Train: 0.1429, Val: 0.1140, Test: 0.1030
Epoch: 39, Loss: 1.9491, Train: 0.1429, Val: 0.1140, Test: 0.1030
Epoch: 40, Loss: 1.9455, Train: 0.1429, Val: 0.1140, Test: 0.1030
Epoch: 41, Loss: 1.9481, Train: 0.1429, Val: 0.1140, Test: 0.1030
Epoch: 42, Loss: 1.9448, Train: 0.1429, Val: 0.1140, Test: 0.1030
Epoch: 43, Loss: 1.9533, Train: 0.1429, Val: 0.1140, Test: 0.1030
Epoch: 44, Loss: 1.9486, Train: 0.1429, Val: 0.1140, Test: 0.1030
Epoch: 45, Loss: 1.9478, Train: 0.1429, Val: 0.1140, Test: 0.1030
Epoch: 46, Loss: 1.9509, Train: 0.1429, Val: 0.1140, Test: 0.1030
Epoch: 47, Loss: 1.9483, Train: 0.1429, Val: 0.1140, Test: 0.1030
Epoch: 48, Loss: 1.9480, Train: 0.1429, Val: 0.1140, Test: 0.1030
Epoch: 49, Loss: 1.9495, Train: 0.1429, Val: 0.1140, Test: 0.1030
Epoch: 50, Loss: 1.9457, Train: 0.1429, Val: 0.1140, Test: 0.1030
Epoch: 51, Loss: 1.9496, Train: 0.1429, Val: 0.1140, Test: 0.1030
Epoch: 52, Loss: 1.9501, Train: 0.1429, Val: 0.1140, Test: 0.1030
Epoch: 53, Loss: 1.9462, Train: 0.1429, Val: 0.1140, Test: 0.1030
Epoch: 54, Loss: 1.9467, Train: 0.1429, Val: 0.1140, Test: 0.1030
Epoch: 55, Loss: 1.9468, Train: 0.1429, Val: 0.1140, Test: 0.1030
Epoch: 56, Loss: 1.9490, Train: 0.1429, Val: 0.1140, Test: 0.1030
Epoch: 57, Loss: 1.9482, Train: 0.1429, Val: 0.1140, Test: 0.1030
Epoch: 58, Loss: 1.9463, Train: 0.1429, Val: 0.1140, Test: 0.1030
Epoch: 59, Loss: 1.9465, Train: 0.1429, Val: 0.1140, Test: 0.1030
Epoch: 60, Loss: 1.9463, Train: 0.1429, Val: 0.1140, Test: 0.1030
Epoch: 61, Loss: 1.9443, Train: 0.1429, Val: 0.1140, Test: 0.1030
Epoch: 62, Loss: 1.9506, Train: 0.1429, Val: 0.1140, Test: 0.1030
Epoch: 63, Loss: 1.9498, Train: 0.1429, Val: 0.1140, Test: 0.1030
Epoch: 64, Loss: 1.9468, Train: 0.1429, Val: 0.1140, Test: 0.1030
Epoch: 65, Loss: 1.9469, Train: 0.1429, Val: 0.1140, Test: 0.1030
Epoch: 66, Loss: 1.9475, Train: 0.1429, Val: 0.1140, Test: 0.1030
Epoch: 67, Loss: 1.9443, Train: 0.1429, Val: 0.1140, Test: 0.1030
Epoch: 68, Loss: 1.9434, Train: 0.1429, Val: 0.1140, Test: 0.1030
Epoch: 69, Loss: 1.9416, Train: 0.1429, Val: 0.1140, Test: 0.1030
Epoch: 70, Loss: 1.9436, Train: 0.1429, Val: 0.1140, Test: 0.1030
Epoch: 71, Loss: 1.9454, Train: 0.1429, Val: 0.1140, Test: 0.1030
Epoch: 72, Loss: 1.9440, Train: 0.1429, Val: 0.1140, Test: 0.1030
Epoch: 73, Loss: 1.9432, Train: 0.1429, Val: 0.1140, Test: 0.1030
Epoch: 74, Loss: 1.9468, Train: 0.1429, Val: 0.1140, Test: 0.1030
Epoch: 75, Loss: 1.9495, Train: 0.1429, Val: 0.1140, Test: 0.1030
Epoch: 76, Loss: 1.9466, Train: 0.1429, Val: 0.1140, Test: 0.1030
Epoch: 77, Loss: 1.9486, Train: 0.1429, Val: 0.1140, Test: 0.1030
Epoch: 78, Loss: 1.9485, Train: 0.1429, Val: 0.1140, Test: 0.1030
Epoch: 79, Loss: 1.9477, Train: 0.1429, Val: 0.1140, Test: 0.1030
Epoch: 80, Loss: 1.9481, Train: 0.1429, Val: 0.1140, Test: 0.1030
Epoch: 81, Loss: 1.9458, Train: 0.1429, Val: 0.1140, Test: 0.1030
Epoch: 82, Loss: 1.9477, Train: 0.1429, Val: 0.1140, Test: 0.1030
Epoch: 83, Loss: 1.9471, Train: 0.1429, Val: 0.1140, Test: 0.1030
Epoch: 84, Loss: 1.9473, Train: 0.1429, Val: 0.1140, Test: 0.1030
Epoch: 85, Loss: 1.9456, Train: 0.1429, Val: 0.1140, Test: 0.1030
Epoch: 86, Loss: 1.9472, Train: 0.1429, Val: 0.1140, Test: 0.1030
Epoch: 87, Loss: 1.9457, Train: 0.1429, Val: 0.1140, Test: 0.1030
Epoch: 88, Loss: 1.9455, Train: 0.1429, Val: 0.1140, Test: 0.1030
Epoch: 89, Loss: 1.9451, Train: 0.1429, Val: 0.1140, Test: 0.1030
Epoch: 90, Loss: 1.9436, Train: 0.1429, Val: 0.1140, Test: 0.1030
Epoch: 91, Loss: 1.9450, Train: 0.1429, Val: 0.1220, Test: 0.1300
Epoch: 92, Loss: 1.9473, Train: 0.1429, Val: 0.1220, Test: 0.1300
Epoch: 93, Loss: 1.9453, Train: 0.1429, Val: 0.0720, Test: 0.0910
Epoch: 94, Loss: 1.9478, Train: 0.1429, Val: 0.0720, Test: 0.0910
Epoch: 95, Loss: 1.9482, Train: 0.1429, Val: 0.0720, Test: 0.0910
Epoch: 96, Loss: 1.9514, Train: 0.1429, Val: 0.0720, Test: 0.0910
Epoch: 97, Loss: 1.9508, Train: 0.1429, Val: 0.1220, Test: 0.1300
Epoch: 98, Loss: 1.9400, Train: 0.1429, Val: 0.1220, Test: 0.1300
Epoch: 99, Loss: 1.9403, Train: 0.1429, Val: 0.1220, Test: 0.1300
Epoch: 100, Loss: 1.9527, Train: 0.1429, Val: 0.1220, Test: 0.1300
MAD:  0.0
Best Test Accuracy: 0.3190, Val Accuracy: 0.3160, Train Accuracy: 0.1429
Training completed.
Seed:  8
PMPGNN(
  (convs): ModuleList(
    (0): ParallelGNNBlock(
      (conv1): GATv2Conv(128, 128, heads=8)
      (conv2): GATv2Conv(128, 128, heads=8)
      (norm): LayerNorm((128,), eps=1e-05, elementwise_affine=True)
    )
    (1-10): 10 x ParallelGNNBlock(
      (conv1): GATv2Conv(2048, 128, heads=8)
      (conv2): GATv2Conv(2048, 128, heads=8)
      (norm): LayerNorm((128,), eps=1e-05, elementwise_affine=True)
    )
  )
  (norm): LayerNorm((2048,), eps=1e-05, elementwise_affine=True)
  (mlp): Sequential(
    (0): Linear(in_features=2048, out_features=64, bias=True)
    (1): LeakyReLU(negative_slope=0.01)
    (2): Dropout(p=0.3, inplace=False)
    (3): Linear(in_features=64, out_features=7, bias=True)
  )
  (proj): Linear(in_features=1433, out_features=128, bias=True)
)
Epoch: 1, Loss: 1.9805, Train: 0.2071, Val: 0.2440, Test: 0.2600
Epoch: 2, Loss: 2.0036, Train: 0.1429, Val: 0.3160, Test: 0.3190
Epoch: 3, Loss: 1.9644, Train: 0.1429, Val: 0.3160, Test: 0.3190
Epoch: 4, Loss: 1.9590, Train: 0.1429, Val: 0.0580, Test: 0.0640
Epoch: 5, Loss: 1.9511, Train: 0.1429, Val: 0.0720, Test: 0.0910
Epoch: 6, Loss: 1.9653, Train: 0.1429, Val: 0.0720, Test: 0.0910
Epoch: 7, Loss: 1.9755, Train: 0.1429, Val: 0.0720, Test: 0.0910
Epoch: 8, Loss: 1.9713, Train: 0.1429, Val: 0.0720, Test: 0.0910
Epoch: 9, Loss: 1.9514, Train: 0.1429, Val: 0.1620, Test: 0.1490
Epoch: 10, Loss: 1.9619, Train: 0.1429, Val: 0.1620, Test: 0.1490
Epoch: 11, Loss: 1.9589, Train: 0.1429, Val: 0.1620, Test: 0.1490
Epoch: 12, Loss: 1.9561, Train: 0.1429, Val: 0.0580, Test: 0.0640
Epoch: 13, Loss: 1.9670, Train: 0.1429, Val: 0.0720, Test: 0.0910
Epoch: 14, Loss: 1.9405, Train: 0.1429, Val: 0.3160, Test: 0.3190
Epoch: 15, Loss: 1.9654, Train: 0.1429, Val: 0.3160, Test: 0.3190
Epoch: 16, Loss: 1.9526, Train: 0.1429, Val: 0.3160, Test: 0.3190
Epoch: 17, Loss: 1.9603, Train: 0.1429, Val: 0.3160, Test: 0.3190
Epoch: 18, Loss: 1.9529, Train: 0.1429, Val: 0.3160, Test: 0.3190
Epoch: 19, Loss: 1.9616, Train: 0.1429, Val: 0.1220, Test: 0.1300
Epoch: 20, Loss: 1.9512, Train: 0.1429, Val: 0.1220, Test: 0.1300
Epoch: 21, Loss: 1.9488, Train: 0.1429, Val: 0.1220, Test: 0.1300
Epoch: 22, Loss: 1.9578, Train: 0.1429, Val: 0.1220, Test: 0.1300
Epoch: 23, Loss: 1.9475, Train: 0.1429, Val: 0.1220, Test: 0.1300
Epoch: 24, Loss: 1.9582, Train: 0.1429, Val: 0.0720, Test: 0.0910
Epoch: 25, Loss: 1.9506, Train: 0.1429, Val: 0.1220, Test: 0.1300
Epoch: 26, Loss: 1.9388, Train: 0.1429, Val: 0.0580, Test: 0.0640
Epoch: 27, Loss: 1.9429, Train: 0.1429, Val: 0.0580, Test: 0.0640
Epoch: 28, Loss: 1.9480, Train: 0.1429, Val: 0.0580, Test: 0.0640
Epoch: 29, Loss: 1.9501, Train: 0.1429, Val: 0.0580, Test: 0.0640
Epoch: 30, Loss: 1.9466, Train: 0.1429, Val: 0.0580, Test: 0.0640
Epoch: 31, Loss: 1.9360, Train: 0.1429, Val: 0.0580, Test: 0.0640
Epoch: 32, Loss: 1.9498, Train: 0.1429, Val: 0.0580, Test: 0.0640
Epoch: 33, Loss: 1.9450, Train: 0.1429, Val: 0.0580, Test: 0.0640
Epoch: 34, Loss: 1.9521, Train: 0.1429, Val: 0.0580, Test: 0.0640
Epoch: 35, Loss: 1.9463, Train: 0.1429, Val: 0.0580, Test: 0.0640
Epoch: 36, Loss: 1.9456, Train: 0.1429, Val: 0.1220, Test: 0.1300
Epoch: 37, Loss: 1.9626, Train: 0.1429, Val: 0.1220, Test: 0.1300
Epoch: 38, Loss: 1.9498, Train: 0.1429, Val: 0.0720, Test: 0.0910
Epoch: 39, Loss: 1.9474, Train: 0.1429, Val: 0.0720, Test: 0.0910
Epoch: 40, Loss: 1.9506, Train: 0.1429, Val: 0.0720, Test: 0.0910
Epoch: 41, Loss: 1.9484, Train: 0.1429, Val: 0.0720, Test: 0.0910
Epoch: 42, Loss: 1.9497, Train: 0.1429, Val: 0.0720, Test: 0.0910
Epoch: 43, Loss: 1.9468, Train: 0.1429, Val: 0.0720, Test: 0.0910
Epoch: 44, Loss: 1.9483, Train: 0.1429, Val: 0.0720, Test: 0.0910
Epoch: 45, Loss: 1.9476, Train: 0.1429, Val: 0.0720, Test: 0.0910
Epoch: 46, Loss: 1.9469, Train: 0.1429, Val: 0.0720, Test: 0.0910
Epoch: 47, Loss: 1.9503, Train: 0.1429, Val: 0.0720, Test: 0.0910
Epoch: 48, Loss: 1.9441, Train: 0.1429, Val: 0.0720, Test: 0.0910
Epoch: 49, Loss: 1.9494, Train: 0.1429, Val: 0.0720, Test: 0.0910
Epoch: 50, Loss: 1.9460, Train: 0.1429, Val: 0.0720, Test: 0.0910
Epoch: 51, Loss: 1.9483, Train: 0.1429, Val: 0.0720, Test: 0.0910
Epoch: 52, Loss: 1.9481, Train: 0.1429, Val: 0.0720, Test: 0.0910
Epoch: 53, Loss: 1.9478, Train: 0.1429, Val: 0.0720, Test: 0.0910
Epoch: 54, Loss: 1.9478, Train: 0.1429, Val: 0.0720, Test: 0.0910
Epoch: 55, Loss: 1.9482, Train: 0.1429, Val: 0.0720, Test: 0.0910
Epoch: 56, Loss: 1.9478, Train: 0.1429, Val: 0.0720, Test: 0.0910
Epoch: 57, Loss: 1.9472, Train: 0.1429, Val: 0.0720, Test: 0.0910
Epoch: 58, Loss: 1.9497, Train: 0.1429, Val: 0.0720, Test: 0.0910
Epoch: 59, Loss: 1.9475, Train: 0.1429, Val: 0.0720, Test: 0.0910
Epoch: 60, Loss: 1.9461, Train: 0.1429, Val: 0.0720, Test: 0.0910
Epoch: 61, Loss: 1.9478, Train: 0.1429, Val: 0.0720, Test: 0.0910
Epoch: 62, Loss: 1.9479, Train: 0.1429, Val: 0.0720, Test: 0.0910
Epoch: 63, Loss: 1.9474, Train: 0.1429, Val: 0.0720, Test: 0.0910
Epoch: 64, Loss: 1.9478, Train: 0.1429, Val: 0.0720, Test: 0.0910
Epoch: 65, Loss: 1.9463, Train: 0.1429, Val: 0.0720, Test: 0.0910
Epoch: 66, Loss: 1.9490, Train: 0.1429, Val: 0.0720, Test: 0.0910
Epoch: 67, Loss: 1.9476, Train: 0.1429, Val: 0.0720, Test: 0.0910
Epoch: 68, Loss: 1.9458, Train: 0.1429, Val: 0.0720, Test: 0.0910
Epoch: 69, Loss: 1.9475, Train: 0.1429, Val: 0.0720, Test: 0.0910
Epoch: 70, Loss: 1.9479, Train: 0.1429, Val: 0.0720, Test: 0.0910
Epoch: 71, Loss: 1.9473, Train: 0.1429, Val: 0.0720, Test: 0.0910
Epoch: 72, Loss: 1.9465, Train: 0.1429, Val: 0.0720, Test: 0.0910
Epoch: 73, Loss: 1.9495, Train: 0.1429, Val: 0.0720, Test: 0.0910
Epoch: 74, Loss: 1.9490, Train: 0.1429, Val: 0.0720, Test: 0.0910
Epoch: 75, Loss: 1.9463, Train: 0.1429, Val: 0.0720, Test: 0.0910
Epoch: 76, Loss: 1.9481, Train: 0.1429, Val: 0.0720, Test: 0.0910
Epoch: 77, Loss: 1.9434, Train: 0.1429, Val: 0.0720, Test: 0.0910
Epoch: 78, Loss: 1.9451, Train: 0.1429, Val: 0.1220, Test: 0.1300
Epoch: 79, Loss: 1.9455, Train: 0.1429, Val: 0.1220, Test: 0.1300
Epoch: 80, Loss: 1.9485, Train: 0.1429, Val: 0.1220, Test: 0.1300
Epoch: 81, Loss: 1.9521, Train: 0.1429, Val: 0.1220, Test: 0.1300
Epoch: 82, Loss: 1.9490, Train: 0.1429, Val: 0.0720, Test: 0.0910
Epoch: 83, Loss: 1.9441, Train: 0.1429, Val: 0.0720, Test: 0.0910
Epoch: 84, Loss: 1.9475, Train: 0.1429, Val: 0.0720, Test: 0.0910
Epoch: 85, Loss: 1.9473, Train: 0.1429, Val: 0.0720, Test: 0.0910
Epoch: 86, Loss: 1.9468, Train: 0.1429, Val: 0.0720, Test: 0.0910
Epoch: 87, Loss: 1.9467, Train: 0.1429, Val: 0.0720, Test: 0.0910
Epoch: 88, Loss: 1.9457, Train: 0.1429, Val: 0.0720, Test: 0.0910
Epoch: 89, Loss: 1.9442, Train: 0.1429, Val: 0.0720, Test: 0.0910
Epoch: 90, Loss: 1.9462, Train: 0.1429, Val: 0.0720, Test: 0.0910
Epoch: 91, Loss: 1.9448, Train: 0.1429, Val: 0.0720, Test: 0.0910
Epoch: 92, Loss: 1.9446, Train: 0.1429, Val: 0.1220, Test: 0.1300
Epoch: 93, Loss: 1.9490, Train: 0.1429, Val: 0.1220, Test: 0.1300
Epoch: 94, Loss: 1.9455, Train: 0.1429, Val: 0.1220, Test: 0.1300
Epoch: 95, Loss: 1.9453, Train: 0.1429, Val: 0.1220, Test: 0.1300
Epoch: 96, Loss: 1.9512, Train: 0.1429, Val: 0.1220, Test: 0.1300
Epoch: 97, Loss: 1.9437, Train: 0.1429, Val: 0.1220, Test: 0.1300
Epoch: 98, Loss: 1.9439, Train: 0.1429, Val: 0.1220, Test: 0.1300
Epoch: 99, Loss: 1.9534, Train: 0.1429, Val: 0.1220, Test: 0.1300
Epoch: 100, Loss: 1.9460, Train: 0.1429, Val: 0.1220, Test: 0.1300
MAD:  0.0012
Best Test Accuracy: 0.3190, Val Accuracy: 0.3160, Train Accuracy: 0.1429
Training completed.
Seed:  9
PMPGNN(
  (convs): ModuleList(
    (0): ParallelGNNBlock(
      (conv1): GATv2Conv(128, 128, heads=8)
      (conv2): GATv2Conv(128, 128, heads=8)
      (norm): LayerNorm((128,), eps=1e-05, elementwise_affine=True)
    )
    (1-10): 10 x ParallelGNNBlock(
      (conv1): GATv2Conv(2048, 128, heads=8)
      (conv2): GATv2Conv(2048, 128, heads=8)
      (norm): LayerNorm((128,), eps=1e-05, elementwise_affine=True)
    )
  )
  (norm): LayerNorm((2048,), eps=1e-05, elementwise_affine=True)
  (mlp): Sequential(
    (0): Linear(in_features=2048, out_features=64, bias=True)
    (1): LeakyReLU(negative_slope=0.01)
    (2): Dropout(p=0.3, inplace=False)
    (3): Linear(in_features=64, out_features=7, bias=True)
  )
  (proj): Linear(in_features=1433, out_features=128, bias=True)
)
Epoch: 1, Loss: 2.0360, Train: 0.1786, Val: 0.2880, Test: 0.2960
Epoch: 2, Loss: 1.9827, Train: 0.1429, Val: 0.3160, Test: 0.3190
Epoch: 3, Loss: 1.9767, Train: 0.1429, Val: 0.1220, Test: 0.1300
Epoch: 4, Loss: 1.9731, Train: 0.1429, Val: 0.0580, Test: 0.0640
Epoch: 5, Loss: 2.0015, Train: 0.1429, Val: 0.0720, Test: 0.0910
Epoch: 6, Loss: 1.9537, Train: 0.1429, Val: 0.1620, Test: 0.1490
Epoch: 7, Loss: 1.9534, Train: 0.1429, Val: 0.1140, Test: 0.1030
Epoch: 8, Loss: 1.9637, Train: 0.1429, Val: 0.1140, Test: 0.1030
Epoch: 9, Loss: 1.9726, Train: 0.1429, Val: 0.0720, Test: 0.0910
Epoch: 10, Loss: 1.9611, Train: 0.1429, Val: 0.1560, Test: 0.1440
Epoch: 11, Loss: 1.9589, Train: 0.1429, Val: 0.0720, Test: 0.0910
Epoch: 12, Loss: 1.9497, Train: 0.1429, Val: 0.1560, Test: 0.1440
Epoch: 13, Loss: 1.9594, Train: 0.1429, Val: 0.0720, Test: 0.0910
Epoch: 14, Loss: 1.9527, Train: 0.1429, Val: 0.0720, Test: 0.0910
Epoch: 15, Loss: 1.9448, Train: 0.1429, Val: 0.0720, Test: 0.0910
Epoch: 16, Loss: 1.9600, Train: 0.1429, Val: 0.0720, Test: 0.0910
Epoch: 17, Loss: 1.9441, Train: 0.1429, Val: 0.0720, Test: 0.0910
Epoch: 18, Loss: 1.9463, Train: 0.1429, Val: 0.0720, Test: 0.0910
Epoch: 19, Loss: 1.9438, Train: 0.1429, Val: 0.0720, Test: 0.0910
Epoch: 20, Loss: 1.9473, Train: 0.1429, Val: 0.0720, Test: 0.0910
Epoch: 21, Loss: 1.9555, Train: 0.1429, Val: 0.0720, Test: 0.0910
Epoch: 22, Loss: 1.9459, Train: 0.1429, Val: 0.1560, Test: 0.1440
Epoch: 23, Loss: 1.9520, Train: 0.1429, Val: 0.1620, Test: 0.1490
Epoch: 24, Loss: 1.9486, Train: 0.1429, Val: 0.1620, Test: 0.1490
Epoch: 25, Loss: 1.9494, Train: 0.1429, Val: 0.1620, Test: 0.1490
Epoch: 26, Loss: 1.9475, Train: 0.1429, Val: 0.1620, Test: 0.1490
Epoch: 27, Loss: 1.9481, Train: 0.1429, Val: 0.3160, Test: 0.3190
Epoch: 28, Loss: 1.9497, Train: 0.1429, Val: 0.3160, Test: 0.3190
Epoch: 29, Loss: 1.9481, Train: 0.1429, Val: 0.3160, Test: 0.3190
Epoch: 30, Loss: 1.9488, Train: 0.1429, Val: 0.3160, Test: 0.3190
Epoch: 31, Loss: 1.9512, Train: 0.1429, Val: 0.1620, Test: 0.1490
Epoch: 32, Loss: 1.9497, Train: 0.1429, Val: 0.1620, Test: 0.1490
Epoch: 33, Loss: 1.9471, Train: 0.1429, Val: 0.1620, Test: 0.1490
Epoch: 34, Loss: 1.9480, Train: 0.1429, Val: 0.1620, Test: 0.1490
Epoch: 35, Loss: 1.9477, Train: 0.1429, Val: 0.1620, Test: 0.1490
Epoch: 36, Loss: 1.9474, Train: 0.1429, Val: 0.1620, Test: 0.1490
Epoch: 37, Loss: 1.9463, Train: 0.1429, Val: 0.1620, Test: 0.1490
Epoch: 38, Loss: 1.9465, Train: 0.1429, Val: 0.1620, Test: 0.1490
Epoch: 39, Loss: 1.9470, Train: 0.1429, Val: 0.1620, Test: 0.1490
Epoch: 40, Loss: 1.9468, Train: 0.1429, Val: 0.1620, Test: 0.1490
Epoch: 41, Loss: 1.9480, Train: 0.1429, Val: 0.1620, Test: 0.1490
Epoch: 42, Loss: 1.9472, Train: 0.1429, Val: 0.1620, Test: 0.1490
Epoch: 43, Loss: 1.9470, Train: 0.1429, Val: 0.1620, Test: 0.1490
Epoch: 44, Loss: 1.9464, Train: 0.1429, Val: 0.1620, Test: 0.1490
Epoch: 45, Loss: 1.9461, Train: 0.1429, Val: 0.1620, Test: 0.1490
Epoch: 46, Loss: 1.9463, Train: 0.1429, Val: 0.1620, Test: 0.1490
Epoch: 47, Loss: 1.9465, Train: 0.1429, Val: 0.1620, Test: 0.1490
Epoch: 48, Loss: 1.9503, Train: 0.1429, Val: 0.1620, Test: 0.1490
Epoch: 49, Loss: 1.9477, Train: 0.1429, Val: 0.1620, Test: 0.1490
Epoch: 50, Loss: 1.9486, Train: 0.1429, Val: 0.1620, Test: 0.1490
Epoch: 51, Loss: 1.9473, Train: 0.1429, Val: 0.1620, Test: 0.1490
Epoch: 52, Loss: 1.9471, Train: 0.1429, Val: 0.1620, Test: 0.1490
Epoch: 53, Loss: 1.9471, Train: 0.1429, Val: 0.1620, Test: 0.1490
Epoch: 54, Loss: 1.9460, Train: 0.1429, Val: 0.1620, Test: 0.1490
Epoch: 55, Loss: 1.9463, Train: 0.1429, Val: 0.1620, Test: 0.1490
Epoch: 56, Loss: 1.9471, Train: 0.1429, Val: 0.1620, Test: 0.1490
Epoch: 57, Loss: 1.9465, Train: 0.1429, Val: 0.1620, Test: 0.1490
Epoch: 58, Loss: 1.9470, Train: 0.1429, Val: 0.1620, Test: 0.1490
Epoch: 59, Loss: 1.9459, Train: 0.1429, Val: 0.1620, Test: 0.1490
Epoch: 60, Loss: 1.9472, Train: 0.1429, Val: 0.1620, Test: 0.1490
Epoch: 61, Loss: 1.9460, Train: 0.1429, Val: 0.1620, Test: 0.1490
Epoch: 62, Loss: 1.9469, Train: 0.1429, Val: 0.1620, Test: 0.1490
Epoch: 63, Loss: 1.9460, Train: 0.1429, Val: 0.1620, Test: 0.1490
Epoch: 64, Loss: 1.9459, Train: 0.1429, Val: 0.1620, Test: 0.1490
Epoch: 65, Loss: 1.9455, Train: 0.1429, Val: 0.1620, Test: 0.1490
Epoch: 66, Loss: 1.9468, Train: 0.1429, Val: 0.1620, Test: 0.1490
Epoch: 67, Loss: 1.9457, Train: 0.1429, Val: 0.1620, Test: 0.1490
Epoch: 68, Loss: 1.9462, Train: 0.1429, Val: 0.1620, Test: 0.1490
Epoch: 69, Loss: 1.9444, Train: 0.1429, Val: 0.1620, Test: 0.1490
Epoch: 70, Loss: 1.9453, Train: 0.2786, Val: 0.3080, Test: 0.2840
Epoch: 71, Loss: 1.9457, Train: 0.1429, Val: 0.1560, Test: 0.1440
Epoch: 72, Loss: 1.9466, Train: 0.2714, Val: 0.2940, Test: 0.2800
Epoch: 73, Loss: 1.9458, Train: 0.1500, Val: 0.1600, Test: 0.1480
Epoch: 74, Loss: 1.9471, Train: 0.1429, Val: 0.1560, Test: 0.1440
Epoch: 75, Loss: 1.9472, Train: 0.1429, Val: 0.1560, Test: 0.1440
Epoch: 76, Loss: 1.9451, Train: 0.1429, Val: 0.1560, Test: 0.1440
Epoch: 77, Loss: 1.9450, Train: 0.1429, Val: 0.1560, Test: 0.1440
Epoch: 78, Loss: 1.9469, Train: 0.1429, Val: 0.1560, Test: 0.1440
Epoch: 79, Loss: 1.9445, Train: 0.1429, Val: 0.1560, Test: 0.1440
Epoch: 80, Loss: 1.9455, Train: 0.1429, Val: 0.1560, Test: 0.1440
Epoch: 81, Loss: 1.9464, Train: 0.1429, Val: 0.1620, Test: 0.1490
Epoch: 82, Loss: 1.9456, Train: 0.1429, Val: 0.1620, Test: 0.1490
Epoch: 83, Loss: 1.9462, Train: 0.1429, Val: 0.1620, Test: 0.1490
Epoch: 84, Loss: 1.9448, Train: 0.1429, Val: 0.1620, Test: 0.1490
Epoch: 85, Loss: 1.9452, Train: 0.1429, Val: 0.1620, Test: 0.1490
Epoch: 86, Loss: 1.9463, Train: 0.1429, Val: 0.1620, Test: 0.1490
Epoch: 87, Loss: 1.9457, Train: 0.1429, Val: 0.1620, Test: 0.1490
Epoch: 88, Loss: 1.9466, Train: 0.1429, Val: 0.1620, Test: 0.1490
Epoch: 89, Loss: 1.9471, Train: 0.1429, Val: 0.1620, Test: 0.1490
Epoch: 90, Loss: 1.9470, Train: 0.1429, Val: 0.1620, Test: 0.1490
Epoch: 91, Loss: 1.9467, Train: 0.1429, Val: 0.1620, Test: 0.1490
Epoch: 92, Loss: 1.9450, Train: 0.1429, Val: 0.1620, Test: 0.1490
Epoch: 93, Loss: 1.9467, Train: 0.1429, Val: 0.1620, Test: 0.1490
Epoch: 94, Loss: 1.9454, Train: 0.1429, Val: 0.1620, Test: 0.1490
Epoch: 95, Loss: 1.9472, Train: 0.1429, Val: 0.1620, Test: 0.1490
Epoch: 96, Loss: 1.9459, Train: 0.1429, Val: 0.1620, Test: 0.1490
Epoch: 97, Loss: 1.9459, Train: 0.1429, Val: 0.1620, Test: 0.1490
Epoch: 98, Loss: 1.9471, Train: 0.1429, Val: 0.1620, Test: 0.1490
Epoch: 99, Loss: 1.9478, Train: 0.1429, Val: 0.1620, Test: 0.1490
Epoch: 100, Loss: 1.9462, Train: 0.1429, Val: 0.1620, Test: 0.1490
MAD:  0.0009
Best Test Accuracy: 0.3190, Val Accuracy: 0.3160, Train Accuracy: 0.1429
Training completed.
Average Test Accuracy:  0.30199999999999994  0.051
Average MAD:  0.0016600000000000005  0.0028139651739138498
