Seed:  0
PMPGNN(
  (convs): ModuleList(
    (0): ParallelGNNBlock(
      (conv1): GATv2Conv(128, 128, heads=4)
      (conv2): GATv2Conv(128, 128, heads=4)
      (norm): LayerNorm((128,), eps=1e-05, elementwise_affine=True)
    )
    (1-11): 11 x ParallelGNNBlock(
      (conv1): GATv2Conv(1024, 128, heads=4)
      (conv2): GATv2Conv(1024, 128, heads=4)
      (norm): LayerNorm((128,), eps=1e-05, elementwise_affine=True)
    )
  )
  (norm): LayerNorm((1024,), eps=1e-05, elementwise_affine=True)
  (mlp): Sequential(
    (0): Linear(in_features=1024, out_features=64, bias=True)
    (1): LeakyReLU(negative_slope=0.01)
    (2): Dropout(p=0.3, inplace=False)
    (3): Linear(in_features=64, out_features=7, bias=True)
  )
  (proj): Linear(in_features=1433, out_features=128, bias=True)
)
Epoch: 1, Loss: 1.9733, Train: 0.1500, Val: 0.0720, Test: 0.0930
Epoch: 2, Loss: 1.9538, Train: 0.1714, Val: 0.1220, Test: 0.1180
Epoch: 3, Loss: 2.0059, Train: 0.1429, Val: 0.0720, Test: 0.0910
Epoch: 4, Loss: 1.9476, Train: 0.1429, Val: 0.0720, Test: 0.0910
Epoch: 5, Loss: 1.9523, Train: 0.1429, Val: 0.0720, Test: 0.0910
Epoch: 6, Loss: 1.9919, Train: 0.1429, Val: 0.0720, Test: 0.0910
Epoch: 7, Loss: 1.9522, Train: 0.1429, Val: 0.0720, Test: 0.0910
Epoch: 8, Loss: 1.9757, Train: 0.1429, Val: 0.1560, Test: 0.1440
Epoch: 9, Loss: 1.9476, Train: 0.1429, Val: 0.1560, Test: 0.1440
Epoch: 10, Loss: 1.9445, Train: 0.1429, Val: 0.1560, Test: 0.1440
Epoch: 11, Loss: 1.9632, Train: 0.1429, Val: 0.0720, Test: 0.0910
Epoch: 12, Loss: 1.9542, Train: 0.1429, Val: 0.0720, Test: 0.0910
Epoch: 13, Loss: 1.9677, Train: 0.1429, Val: 0.0720, Test: 0.0910
Epoch: 14, Loss: 1.9639, Train: 0.1429, Val: 0.0720, Test: 0.0910
Epoch: 15, Loss: 1.9557, Train: 0.1429, Val: 0.1560, Test: 0.1440
Epoch: 16, Loss: 1.9511, Train: 0.1429, Val: 0.1560, Test: 0.1440
Epoch: 17, Loss: 1.9520, Train: 0.1429, Val: 0.1220, Test: 0.1300
Epoch: 18, Loss: 1.9390, Train: 0.1429, Val: 0.1220, Test: 0.1300
Epoch: 19, Loss: 1.9668, Train: 0.1429, Val: 0.1140, Test: 0.1030
Epoch: 20, Loss: 1.9452, Train: 0.1429, Val: 0.1140, Test: 0.1030
Epoch: 21, Loss: 1.9557, Train: 0.1429, Val: 0.0720, Test: 0.0910
Epoch: 22, Loss: 1.9426, Train: 0.1429, Val: 0.0720, Test: 0.0910
Epoch: 23, Loss: 1.9678, Train: 0.1429, Val: 0.1140, Test: 0.1030
Epoch: 24, Loss: 1.9530, Train: 0.1429, Val: 0.1140, Test: 0.1030
Epoch: 25, Loss: 1.9551, Train: 0.1429, Val: 0.1140, Test: 0.1030
Epoch: 26, Loss: 1.9552, Train: 0.1429, Val: 0.1140, Test: 0.1030
Epoch: 27, Loss: 1.9521, Train: 0.1429, Val: 0.1140, Test: 0.1030
Epoch: 28, Loss: 1.9554, Train: 0.1429, Val: 0.1140, Test: 0.1030
Epoch: 29, Loss: 1.9421, Train: 0.1429, Val: 0.1140, Test: 0.1030
Epoch: 30, Loss: 1.9588, Train: 0.1429, Val: 0.1560, Test: 0.1440
Epoch: 31, Loss: 1.9562, Train: 0.1429, Val: 0.1560, Test: 0.1440
Epoch: 32, Loss: 1.9316, Train: 0.1429, Val: 0.1560, Test: 0.1440
Epoch: 33, Loss: 1.9543, Train: 0.1429, Val: 0.1560, Test: 0.1440
Epoch: 34, Loss: 1.9420, Train: 0.1429, Val: 0.1560, Test: 0.1440
Epoch: 35, Loss: 1.9457, Train: 0.1429, Val: 0.1560, Test: 0.1440
Epoch: 36, Loss: 1.9393, Train: 0.1429, Val: 0.1220, Test: 0.1300
Epoch: 37, Loss: 1.9541, Train: 0.1429, Val: 0.1220, Test: 0.1300
Epoch: 38, Loss: 1.9367, Train: 0.1429, Val: 0.1220, Test: 0.1300
Epoch: 39, Loss: 1.9594, Train: 0.1429, Val: 0.1220, Test: 0.1300
Epoch: 40, Loss: 1.9585, Train: 0.1429, Val: 0.1220, Test: 0.1300
Epoch: 41, Loss: 1.9649, Train: 0.1429, Val: 0.1220, Test: 0.1300
Epoch: 42, Loss: 1.9602, Train: 0.1429, Val: 0.1220, Test: 0.1300
Epoch: 43, Loss: 1.9456, Train: 0.1429, Val: 0.1220, Test: 0.1300
Epoch: 44, Loss: 1.9459, Train: 0.1429, Val: 0.1220, Test: 0.1300
Epoch: 45, Loss: 1.9461, Train: 0.1429, Val: 0.1220, Test: 0.1300
Epoch: 46, Loss: 1.9466, Train: 0.1429, Val: 0.1220, Test: 0.1300
Epoch: 47, Loss: 1.9502, Train: 0.1429, Val: 0.1220, Test: 0.1300
Epoch: 48, Loss: 1.9577, Train: 0.1429, Val: 0.0720, Test: 0.0910
Epoch: 49, Loss: 1.9453, Train: 0.1429, Val: 0.0720, Test: 0.0910
Epoch: 50, Loss: 1.9458, Train: 0.1429, Val: 0.3160, Test: 0.3190
MAD:  0.0
InfoGap:  1.0000000575314658
Best Test Accuracy: 0.3190, Val Accuracy: 0.3160, Train Accuracy: 0.1429
Training completed.
Seed:  1
PMPGNN(
  (convs): ModuleList(
    (0): ParallelGNNBlock(
      (conv1): GATv2Conv(128, 128, heads=4)
      (conv2): GATv2Conv(128, 128, heads=4)
      (norm): LayerNorm((128,), eps=1e-05, elementwise_affine=True)
    )
    (1-11): 11 x ParallelGNNBlock(
      (conv1): GATv2Conv(1024, 128, heads=4)
      (conv2): GATv2Conv(1024, 128, heads=4)
      (norm): LayerNorm((128,), eps=1e-05, elementwise_affine=True)
    )
  )
  (norm): LayerNorm((1024,), eps=1e-05, elementwise_affine=True)
  (mlp): Sequential(
    (0): Linear(in_features=1024, out_features=64, bias=True)
    (1): LeakyReLU(negative_slope=0.01)
    (2): Dropout(p=0.3, inplace=False)
    (3): Linear(in_features=64, out_features=7, bias=True)
  )
  (proj): Linear(in_features=1433, out_features=128, bias=True)
)
Epoch: 1, Loss: 2.0252, Train: 0.1643, Val: 0.1100, Test: 0.1100
Epoch: 2, Loss: 2.0140, Train: 0.1429, Val: 0.1580, Test: 0.1440
Epoch: 3, Loss: 1.9524, Train: 0.1571, Val: 0.1700, Test: 0.1590
Epoch: 4, Loss: 1.9808, Train: 0.1429, Val: 0.0720, Test: 0.0910
Epoch: 5, Loss: 1.9652, Train: 0.1429, Val: 0.0580, Test: 0.0640
Epoch: 6, Loss: 1.9527, Train: 0.1429, Val: 0.0580, Test: 0.0640
Epoch: 7, Loss: 1.9577, Train: 0.1429, Val: 0.0580, Test: 0.0640
Epoch: 8, Loss: 1.9717, Train: 0.1429, Val: 0.1140, Test: 0.1030
Epoch: 9, Loss: 1.9617, Train: 0.1429, Val: 0.1140, Test: 0.1030
Epoch: 10, Loss: 1.9387, Train: 0.1429, Val: 0.1140, Test: 0.1030
Epoch: 11, Loss: 1.9527, Train: 0.1429, Val: 0.1140, Test: 0.1030
Epoch: 12, Loss: 1.9590, Train: 0.1429, Val: 0.1560, Test: 0.1440
Epoch: 13, Loss: 1.9450, Train: 0.1429, Val: 0.1560, Test: 0.1440
Epoch: 14, Loss: 1.9628, Train: 0.1429, Val: 0.3160, Test: 0.3190
Epoch: 15, Loss: 1.9368, Train: 0.1429, Val: 0.3160, Test: 0.3190
Epoch: 16, Loss: 1.9610, Train: 0.1429, Val: 0.3160, Test: 0.3190
Epoch: 17, Loss: 1.9451, Train: 0.1429, Val: 0.3160, Test: 0.3190
Epoch: 18, Loss: 1.9668, Train: 0.1429, Val: 0.3160, Test: 0.3190
Epoch: 19, Loss: 1.9771, Train: 0.1429, Val: 0.3160, Test: 0.3190
Epoch: 20, Loss: 1.9476, Train: 0.1429, Val: 0.1220, Test: 0.1300
Epoch: 21, Loss: 1.9663, Train: 0.1429, Val: 0.1620, Test: 0.1490
Epoch: 22, Loss: 1.9650, Train: 0.1429, Val: 0.1620, Test: 0.1490
Epoch: 23, Loss: 1.9648, Train: 0.1429, Val: 0.1620, Test: 0.1490
Epoch: 24, Loss: 1.9640, Train: 0.1429, Val: 0.1620, Test: 0.1490
Epoch: 25, Loss: 1.9689, Train: 0.1429, Val: 0.1620, Test: 0.1490
Epoch: 26, Loss: 1.9591, Train: 0.1429, Val: 0.1620, Test: 0.1490
Epoch: 27, Loss: 1.9453, Train: 0.1429, Val: 0.1620, Test: 0.1490
Epoch: 28, Loss: 1.9483, Train: 0.1429, Val: 0.1620, Test: 0.1490
Epoch: 29, Loss: 1.9490, Train: 0.1429, Val: 0.1620, Test: 0.1490
Epoch: 30, Loss: 1.9479, Train: 0.1429, Val: 0.1620, Test: 0.1490
Epoch: 31, Loss: 1.9487, Train: 0.1429, Val: 0.1620, Test: 0.1490
Epoch: 32, Loss: 1.9585, Train: 0.1429, Val: 0.1620, Test: 0.1490
Epoch: 33, Loss: 1.9409, Train: 0.1429, Val: 0.1620, Test: 0.1490
Epoch: 34, Loss: 1.9464, Train: 0.1429, Val: 0.1620, Test: 0.1490
Epoch: 35, Loss: 1.9476, Train: 0.1429, Val: 0.1620, Test: 0.1490
Epoch: 36, Loss: 1.9408, Train: 0.1429, Val: 0.0720, Test: 0.0910
Epoch: 37, Loss: 1.9540, Train: 0.1429, Val: 0.0720, Test: 0.0910
Epoch: 38, Loss: 1.9566, Train: 0.1429, Val: 0.0720, Test: 0.0910
Epoch: 39, Loss: 1.9519, Train: 0.1429, Val: 0.0720, Test: 0.0910
Epoch: 40, Loss: 1.9428, Train: 0.1429, Val: 0.0720, Test: 0.0910
Epoch: 41, Loss: 1.9419, Train: 0.1429, Val: 0.0720, Test: 0.0910
Epoch: 42, Loss: 1.9479, Train: 0.1429, Val: 0.0720, Test: 0.0910
Epoch: 43, Loss: 1.9368, Train: 0.1429, Val: 0.0720, Test: 0.0910
Epoch: 44, Loss: 1.9439, Train: 0.1429, Val: 0.0720, Test: 0.0910
Epoch: 45, Loss: 1.9362, Train: 0.1429, Val: 0.0720, Test: 0.0910
Epoch: 46, Loss: 1.9401, Train: 0.1429, Val: 0.0720, Test: 0.0910
Epoch: 47, Loss: 1.9571, Train: 0.1429, Val: 0.0720, Test: 0.0910
Epoch: 48, Loss: 1.9432, Train: 0.1429, Val: 0.0720, Test: 0.0910
Epoch: 49, Loss: 1.9447, Train: 0.1429, Val: 0.0720, Test: 0.0910
Epoch: 50, Loss: 1.9588, Train: 0.1429, Val: 0.0720, Test: 0.0910
MAD:  0.0
InfoGap:  0.9999996437364302
Best Test Accuracy: 0.3190, Val Accuracy: 0.3160, Train Accuracy: 0.1429
Training completed.
Seed:  2
PMPGNN(
  (convs): ModuleList(
    (0): ParallelGNNBlock(
      (conv1): GATv2Conv(128, 128, heads=4)
      (conv2): GATv2Conv(128, 128, heads=4)
      (norm): LayerNorm((128,), eps=1e-05, elementwise_affine=True)
    )
    (1-11): 11 x ParallelGNNBlock(
      (conv1): GATv2Conv(1024, 128, heads=4)
      (conv2): GATv2Conv(1024, 128, heads=4)
      (norm): LayerNorm((128,), eps=1e-05, elementwise_affine=True)
    )
  )
  (norm): LayerNorm((1024,), eps=1e-05, elementwise_affine=True)
  (mlp): Sequential(
    (0): Linear(in_features=1024, out_features=64, bias=True)
    (1): LeakyReLU(negative_slope=0.01)
    (2): Dropout(p=0.3, inplace=False)
    (3): Linear(in_features=64, out_features=7, bias=True)
  )
  (proj): Linear(in_features=1433, out_features=128, bias=True)
)
Epoch: 1, Loss: 1.9965, Train: 0.1429, Val: 0.1220, Test: 0.1290
Epoch: 2, Loss: 1.9558, Train: 0.1571, Val: 0.1180, Test: 0.1060
Epoch: 3, Loss: 1.9471, Train: 0.1429, Val: 0.3160, Test: 0.3190
Epoch: 4, Loss: 1.9966, Train: 0.1429, Val: 0.1560, Test: 0.1440
Epoch: 5, Loss: 1.9792, Train: 0.1643, Val: 0.1840, Test: 0.1640
Epoch: 6, Loss: 1.9529, Train: 0.1429, Val: 0.1560, Test: 0.1440
Epoch: 7, Loss: 1.9528, Train: 0.1500, Val: 0.1140, Test: 0.1100
Epoch: 8, Loss: 1.9525, Train: 0.1429, Val: 0.1140, Test: 0.1030
Epoch: 9, Loss: 1.9504, Train: 0.1429, Val: 0.1140, Test: 0.1030
Epoch: 10, Loss: 1.9472, Train: 0.1429, Val: 0.1140, Test: 0.1030
Epoch: 11, Loss: 1.9457, Train: 0.1429, Val: 0.1140, Test: 0.1030
Epoch: 12, Loss: 1.9596, Train: 0.1429, Val: 0.0580, Test: 0.0640
Epoch: 13, Loss: 1.9492, Train: 0.1429, Val: 0.0580, Test: 0.0640
Epoch: 14, Loss: 1.9306, Train: 0.1429, Val: 0.0720, Test: 0.0910
Epoch: 15, Loss: 1.9593, Train: 0.1429, Val: 0.0720, Test: 0.0910
Epoch: 16, Loss: 1.9550, Train: 0.1429, Val: 0.0720, Test: 0.0910
Epoch: 17, Loss: 1.9698, Train: 0.1429, Val: 0.0720, Test: 0.0910
Epoch: 18, Loss: 1.9571, Train: 0.1429, Val: 0.0720, Test: 0.0910
Epoch: 19, Loss: 1.9614, Train: 0.1429, Val: 0.0720, Test: 0.0910
Epoch: 20, Loss: 1.9516, Train: 0.1429, Val: 0.0720, Test: 0.0910
Epoch: 21, Loss: 1.9580, Train: 0.1429, Val: 0.1140, Test: 0.1030
Epoch: 22, Loss: 1.9550, Train: 0.1429, Val: 0.1140, Test: 0.1030
Epoch: 23, Loss: 1.9730, Train: 0.1429, Val: 0.0580, Test: 0.0640
Epoch: 24, Loss: 1.9464, Train: 0.1429, Val: 0.0580, Test: 0.0640
Epoch: 25, Loss: 1.9515, Train: 0.1429, Val: 0.0580, Test: 0.0640
Epoch: 26, Loss: 1.9468, Train: 0.1429, Val: 0.0580, Test: 0.0640
Epoch: 27, Loss: 1.9485, Train: 0.1429, Val: 0.0580, Test: 0.0640
Epoch: 28, Loss: 1.9525, Train: 0.1429, Val: 0.0580, Test: 0.0640
Epoch: 29, Loss: 1.9469, Train: 0.1429, Val: 0.0580, Test: 0.0640
Epoch: 30, Loss: 1.9464, Train: 0.1429, Val: 0.0580, Test: 0.0640
Epoch: 31, Loss: 1.9477, Train: 0.1429, Val: 0.0580, Test: 0.0640
Epoch: 32, Loss: 1.9501, Train: 0.1429, Val: 0.0580, Test: 0.0640
Epoch: 33, Loss: 1.9441, Train: 0.1429, Val: 0.0580, Test: 0.0640
Epoch: 34, Loss: 1.9477, Train: 0.1429, Val: 0.0580, Test: 0.0640
Epoch: 35, Loss: 1.9489, Train: 0.1429, Val: 0.0580, Test: 0.0640
Epoch: 36, Loss: 1.9449, Train: 0.1429, Val: 0.0580, Test: 0.0640
Epoch: 37, Loss: 1.9480, Train: 0.1429, Val: 0.0580, Test: 0.0640
Epoch: 38, Loss: 1.9492, Train: 0.1429, Val: 0.0580, Test: 0.0640
Epoch: 39, Loss: 1.9463, Train: 0.1429, Val: 0.0580, Test: 0.0640
Epoch: 40, Loss: 1.9488, Train: 0.1429, Val: 0.0580, Test: 0.0640
Epoch: 41, Loss: 1.9488, Train: 0.1429, Val: 0.0580, Test: 0.0640
Epoch: 42, Loss: 1.9424, Train: 0.1429, Val: 0.0580, Test: 0.0640
Epoch: 43, Loss: 1.9431, Train: 0.1429, Val: 0.0580, Test: 0.0640
Epoch: 44, Loss: 1.9514, Train: 0.1429, Val: 0.0580, Test: 0.0640
Epoch: 45, Loss: 1.9479, Train: 0.1429, Val: 0.0580, Test: 0.0640
Epoch: 46, Loss: 1.9508, Train: 0.1429, Val: 0.0580, Test: 0.0640
Epoch: 47, Loss: 1.9438, Train: 0.1429, Val: 0.0580, Test: 0.0640
Epoch: 48, Loss: 1.9490, Train: 0.1429, Val: 0.0580, Test: 0.0640
Epoch: 49, Loss: 1.9480, Train: 0.1429, Val: 0.0580, Test: 0.0640
Epoch: 50, Loss: 1.9440, Train: 0.1429, Val: 0.0580, Test: 0.0640
MAD:  0.0084
InfoGap:  0.9999469604226761
Best Test Accuracy: 0.3190, Val Accuracy: 0.3160, Train Accuracy: 0.1429
Training completed.
Seed:  3
PMPGNN(
  (convs): ModuleList(
    (0): ParallelGNNBlock(
      (conv1): GATv2Conv(128, 128, heads=4)
      (conv2): GATv2Conv(128, 128, heads=4)
      (norm): LayerNorm((128,), eps=1e-05, elementwise_affine=True)
    )
    (1-11): 11 x ParallelGNNBlock(
      (conv1): GATv2Conv(1024, 128, heads=4)
      (conv2): GATv2Conv(1024, 128, heads=4)
      (norm): LayerNorm((128,), eps=1e-05, elementwise_affine=True)
    )
  )
  (norm): LayerNorm((1024,), eps=1e-05, elementwise_affine=True)
  (mlp): Sequential(
    (0): Linear(in_features=1024, out_features=64, bias=True)
    (1): LeakyReLU(negative_slope=0.01)
    (2): Dropout(p=0.3, inplace=False)
    (3): Linear(in_features=64, out_features=7, bias=True)
  )
  (proj): Linear(in_features=1433, out_features=128, bias=True)
)
Epoch: 1, Loss: 2.0119, Train: 0.1357, Val: 0.1300, Test: 0.1410
Epoch: 2, Loss: 1.9429, Train: 0.1429, Val: 0.1620, Test: 0.1490
Epoch: 3, Loss: 1.9946, Train: 0.1929, Val: 0.1420, Test: 0.1490
Epoch: 4, Loss: 1.9628, Train: 0.1429, Val: 0.0580, Test: 0.0640
Epoch: 5, Loss: 1.9639, Train: 0.1429, Val: 0.0580, Test: 0.0640
Epoch: 6, Loss: 1.9539, Train: 0.1429, Val: 0.0580, Test: 0.0640
Epoch: 7, Loss: 1.9846, Train: 0.1429, Val: 0.1560, Test: 0.1440
Epoch: 8, Loss: 1.9709, Train: 0.1429, Val: 0.1560, Test: 0.1440
Epoch: 9, Loss: 1.9518, Train: 0.1429, Val: 0.1560, Test: 0.1440
Epoch: 10, Loss: 1.9497, Train: 0.1857, Val: 0.1020, Test: 0.1210
Epoch: 11, Loss: 1.9631, Train: 0.1429, Val: 0.1620, Test: 0.1490
Epoch: 12, Loss: 1.9717, Train: 0.1429, Val: 0.0720, Test: 0.0910
Epoch: 13, Loss: 1.9559, Train: 0.1429, Val: 0.3160, Test: 0.3190
Epoch: 14, Loss: 1.9436, Train: 0.1429, Val: 0.3160, Test: 0.3190
Epoch: 15, Loss: 1.9680, Train: 0.1429, Val: 0.3160, Test: 0.3190
Epoch: 16, Loss: 1.9549, Train: 0.1429, Val: 0.1560, Test: 0.1440
Epoch: 17, Loss: 1.9696, Train: 0.1429, Val: 0.1560, Test: 0.1440
Epoch: 18, Loss: 1.9507, Train: 0.1429, Val: 0.1560, Test: 0.1440
Epoch: 19, Loss: 1.9410, Train: 0.1429, Val: 0.1560, Test: 0.1440
Epoch: 20, Loss: 1.9498, Train: 0.1429, Val: 0.1560, Test: 0.1440
Epoch: 21, Loss: 1.9550, Train: 0.1429, Val: 0.1560, Test: 0.1440
Epoch: 22, Loss: 1.9664, Train: 0.1429, Val: 0.1560, Test: 0.1440
Epoch: 23, Loss: 1.9499, Train: 0.1429, Val: 0.1560, Test: 0.1440
Epoch: 24, Loss: 1.9461, Train: 0.1429, Val: 0.1560, Test: 0.1440
Epoch: 25, Loss: 1.9499, Train: 0.1429, Val: 0.1560, Test: 0.1440
Epoch: 26, Loss: 1.9521, Train: 0.1429, Val: 0.1560, Test: 0.1440
Epoch: 27, Loss: 1.9504, Train: 0.1429, Val: 0.1560, Test: 0.1440
Epoch: 28, Loss: 1.9518, Train: 0.1429, Val: 0.1560, Test: 0.1440
Epoch: 29, Loss: 1.9463, Train: 0.1429, Val: 0.1560, Test: 0.1440
Epoch: 30, Loss: 1.9548, Train: 0.1429, Val: 0.1560, Test: 0.1440
Epoch: 31, Loss: 1.9442, Train: 0.1429, Val: 0.1560, Test: 0.1440
Epoch: 32, Loss: 1.9457, Train: 0.1429, Val: 0.1560, Test: 0.1440
Epoch: 33, Loss: 1.9435, Train: 0.1429, Val: 0.1560, Test: 0.1440
Epoch: 34, Loss: 1.9485, Train: 0.1429, Val: 0.1560, Test: 0.1440
Epoch: 35, Loss: 1.9487, Train: 0.1429, Val: 0.1560, Test: 0.1440
Epoch: 36, Loss: 1.9441, Train: 0.1429, Val: 0.1560, Test: 0.1440
Epoch: 37, Loss: 1.9380, Train: 0.1429, Val: 0.1560, Test: 0.1440
Epoch: 38, Loss: 1.9458, Train: 0.1500, Val: 0.1180, Test: 0.1140
Epoch: 39, Loss: 1.9563, Train: 0.1429, Val: 0.1560, Test: 0.1440
Epoch: 40, Loss: 1.9451, Train: 0.1429, Val: 0.1140, Test: 0.1030
Epoch: 41, Loss: 1.9467, Train: 0.1429, Val: 0.1140, Test: 0.1030
Epoch: 42, Loss: 1.9434, Train: 0.1429, Val: 0.1140, Test: 0.1030
Epoch: 43, Loss: 1.9477, Train: 0.1429, Val: 0.1140, Test: 0.1030
Epoch: 44, Loss: 1.9499, Train: 0.1429, Val: 0.1140, Test: 0.1030
Epoch: 45, Loss: 1.9356, Train: 0.1429, Val: 0.1140, Test: 0.1030
Epoch: 46, Loss: 1.9537, Train: 0.1429, Val: 0.1140, Test: 0.1030
Epoch: 47, Loss: 1.9417, Train: 0.1429, Val: 0.1140, Test: 0.1030
Epoch: 48, Loss: 1.9456, Train: 0.1429, Val: 0.1140, Test: 0.1030
Epoch: 49, Loss: 1.9481, Train: 0.1429, Val: 0.1140, Test: 0.1030
Epoch: 50, Loss: 1.9463, Train: 0.1429, Val: 0.1140, Test: 0.1030
MAD:  0.0
InfoGap:  0.999999486920899
Best Test Accuracy: 0.3190, Val Accuracy: 0.3160, Train Accuracy: 0.1429
Training completed.
Seed:  4
PMPGNN(
  (convs): ModuleList(
    (0): ParallelGNNBlock(
      (conv1): GATv2Conv(128, 128, heads=4)
      (conv2): GATv2Conv(128, 128, heads=4)
      (norm): LayerNorm((128,), eps=1e-05, elementwise_affine=True)
    )
    (1-11): 11 x ParallelGNNBlock(
      (conv1): GATv2Conv(1024, 128, heads=4)
      (conv2): GATv2Conv(1024, 128, heads=4)
      (norm): LayerNorm((128,), eps=1e-05, elementwise_affine=True)
    )
  )
  (norm): LayerNorm((1024,), eps=1e-05, elementwise_affine=True)
  (mlp): Sequential(
    (0): Linear(in_features=1024, out_features=64, bias=True)
    (1): LeakyReLU(negative_slope=0.01)
    (2): Dropout(p=0.3, inplace=False)
    (3): Linear(in_features=64, out_features=7, bias=True)
  )
  (proj): Linear(in_features=1433, out_features=128, bias=True)
)
Epoch: 1, Loss: 2.0257, Train: 0.1429, Val: 0.1180, Test: 0.1060
Epoch: 2, Loss: 1.9703, Train: 0.1571, Val: 0.1200, Test: 0.1080
Epoch: 3, Loss: 1.9853, Train: 0.1429, Val: 0.3060, Test: 0.2970
Epoch: 4, Loss: 1.9676, Train: 0.1429, Val: 0.1220, Test: 0.1300
Epoch: 5, Loss: 1.9472, Train: 0.1429, Val: 0.1220, Test: 0.1300
Epoch: 6, Loss: 1.9738, Train: 0.1429, Val: 0.1220, Test: 0.1300
Epoch: 7, Loss: 1.9661, Train: 0.1429, Val: 0.0720, Test: 0.0910
Epoch: 8, Loss: 1.9758, Train: 0.1429, Val: 0.0720, Test: 0.0910
Epoch: 9, Loss: 1.9304, Train: 0.1429, Val: 0.0720, Test: 0.0910
Epoch: 10, Loss: 1.9424, Train: 0.1429, Val: 0.0720, Test: 0.0910
Epoch: 11, Loss: 1.9657, Train: 0.1429, Val: 0.3160, Test: 0.3190
Epoch: 12, Loss: 1.9681, Train: 0.1429, Val: 0.3160, Test: 0.3190
Epoch: 13, Loss: 1.9626, Train: 0.1429, Val: 0.3160, Test: 0.3190
Epoch: 14, Loss: 1.9629, Train: 0.1429, Val: 0.3160, Test: 0.3190
Epoch: 15, Loss: 1.9426, Train: 0.1429, Val: 0.3160, Test: 0.3190
Epoch: 16, Loss: 1.9639, Train: 0.1429, Val: 0.3160, Test: 0.3190
Epoch: 17, Loss: 1.9590, Train: 0.1429, Val: 0.1620, Test: 0.1490
Epoch: 18, Loss: 1.9596, Train: 0.1429, Val: 0.1620, Test: 0.1490
Epoch: 19, Loss: 1.9455, Train: 0.1429, Val: 0.1620, Test: 0.1490
Epoch: 20, Loss: 1.9529, Train: 0.1429, Val: 0.1620, Test: 0.1490
Epoch: 21, Loss: 1.9532, Train: 0.1429, Val: 0.1220, Test: 0.1300
Epoch: 22, Loss: 1.9426, Train: 0.1429, Val: 0.1220, Test: 0.1300
Epoch: 23, Loss: 1.9648, Train: 0.1429, Val: 0.1220, Test: 0.1300
Epoch: 24, Loss: 1.9509, Train: 0.1429, Val: 0.1220, Test: 0.1300
Epoch: 25, Loss: 1.9375, Train: 0.1429, Val: 0.1220, Test: 0.1300
Epoch: 26, Loss: 1.9318, Train: 0.1429, Val: 0.1220, Test: 0.1300
Epoch: 27, Loss: 1.9384, Train: 0.1429, Val: 0.1220, Test: 0.1300
Epoch: 28, Loss: 1.9615, Train: 0.1429, Val: 0.1220, Test: 0.1300
Epoch: 29, Loss: 1.9619, Train: 0.1429, Val: 0.1220, Test: 0.1300
Epoch: 30, Loss: 1.9459, Train: 0.1429, Val: 0.1620, Test: 0.1490
Epoch: 31, Loss: 1.9607, Train: 0.1429, Val: 0.1620, Test: 0.1490
Epoch: 32, Loss: 1.9526, Train: 0.1429, Val: 0.1140, Test: 0.1030
Epoch: 33, Loss: 1.9535, Train: 0.1429, Val: 0.1140, Test: 0.1030
Epoch: 34, Loss: 1.9462, Train: 0.1429, Val: 0.1140, Test: 0.1030
Epoch: 35, Loss: 1.9545, Train: 0.1429, Val: 0.1140, Test: 0.1030
Epoch: 36, Loss: 1.9569, Train: 0.1429, Val: 0.1140, Test: 0.1030
Epoch: 37, Loss: 1.9471, Train: 0.1429, Val: 0.1140, Test: 0.1030
Epoch: 38, Loss: 1.9642, Train: 0.1429, Val: 0.1140, Test: 0.1030
Epoch: 39, Loss: 1.9565, Train: 0.1429, Val: 0.1140, Test: 0.1030
Epoch: 40, Loss: 1.9577, Train: 0.1429, Val: 0.1140, Test: 0.1030
Epoch: 41, Loss: 1.9528, Train: 0.1429, Val: 0.1140, Test: 0.1030
Epoch: 42, Loss: 1.9450, Train: 0.1429, Val: 0.1560, Test: 0.1440
Epoch: 43, Loss: 1.9576, Train: 0.1429, Val: 0.1560, Test: 0.1440
Epoch: 44, Loss: 1.9496, Train: 0.1429, Val: 0.1560, Test: 0.1440
Epoch: 45, Loss: 1.9530, Train: 0.1429, Val: 0.1560, Test: 0.1440
Epoch: 46, Loss: 1.9493, Train: 0.1429, Val: 0.1560, Test: 0.1440
Epoch: 47, Loss: 1.9551, Train: 0.1429, Val: 0.1560, Test: 0.1440
Epoch: 48, Loss: 1.9500, Train: 0.1429, Val: 0.1560, Test: 0.1440
Epoch: 49, Loss: 1.9508, Train: 0.1429, Val: 0.1560, Test: 0.1440
Epoch: 50, Loss: 1.9506, Train: 0.1429, Val: 0.1560, Test: 0.1440
MAD:  0.0001
InfoGap:  0.9999985678034591
Best Test Accuracy: 0.3190, Val Accuracy: 0.3160, Train Accuracy: 0.1429
Training completed.
Seed:  5
PMPGNN(
  (convs): ModuleList(
    (0): ParallelGNNBlock(
      (conv1): GATv2Conv(128, 128, heads=4)
      (conv2): GATv2Conv(128, 128, heads=4)
      (norm): LayerNorm((128,), eps=1e-05, elementwise_affine=True)
    )
    (1-11): 11 x ParallelGNNBlock(
      (conv1): GATv2Conv(1024, 128, heads=4)
      (conv2): GATv2Conv(1024, 128, heads=4)
      (norm): LayerNorm((128,), eps=1e-05, elementwise_affine=True)
    )
  )
  (norm): LayerNorm((1024,), eps=1e-05, elementwise_affine=True)
  (mlp): Sequential(
    (0): Linear(in_features=1024, out_features=64, bias=True)
    (1): LeakyReLU(negative_slope=0.01)
    (2): Dropout(p=0.3, inplace=False)
    (3): Linear(in_features=64, out_features=7, bias=True)
  )
  (proj): Linear(in_features=1433, out_features=128, bias=True)
)
Epoch: 1, Loss: 2.0403, Train: 0.1286, Val: 0.1740, Test: 0.1850
Epoch: 2, Loss: 1.9788, Train: 0.1429, Val: 0.1560, Test: 0.1440
Epoch: 3, Loss: 1.9863, Train: 0.1429, Val: 0.1560, Test: 0.1440
Epoch: 4, Loss: 1.9550, Train: 0.1429, Val: 0.1560, Test: 0.1440
Epoch: 5, Loss: 1.9657, Train: 0.1429, Val: 0.1560, Test: 0.1440
Epoch: 6, Loss: 1.9350, Train: 0.1214, Val: 0.1080, Test: 0.1060
Epoch: 7, Loss: 1.9991, Train: 0.1786, Val: 0.1060, Test: 0.1280
Epoch: 8, Loss: 1.9756, Train: 0.1429, Val: 0.0780, Test: 0.0970
Epoch: 9, Loss: 1.9615, Train: 0.1429, Val: 0.3160, Test: 0.3190
Epoch: 10, Loss: 1.9524, Train: 0.1786, Val: 0.2820, Test: 0.2850
Epoch: 11, Loss: 1.9453, Train: 0.1429, Val: 0.0580, Test: 0.0640
Epoch: 12, Loss: 1.9515, Train: 0.1429, Val: 0.0580, Test: 0.0640
Epoch: 13, Loss: 1.9496, Train: 0.1429, Val: 0.0580, Test: 0.0640
Epoch: 14, Loss: 1.9594, Train: 0.1429, Val: 0.0580, Test: 0.0640
Epoch: 15, Loss: 1.9355, Train: 0.1429, Val: 0.1620, Test: 0.1490
Epoch: 16, Loss: 1.9593, Train: 0.1429, Val: 0.1220, Test: 0.1300
Epoch: 17, Loss: 1.9476, Train: 0.1429, Val: 0.1220, Test: 0.1300
Epoch: 18, Loss: 1.9573, Train: 0.1429, Val: 0.1220, Test: 0.1300
Epoch: 19, Loss: 1.9389, Train: 0.1429, Val: 0.1220, Test: 0.1300
Epoch: 20, Loss: 1.9482, Train: 0.1429, Val: 0.1220, Test: 0.1300
Epoch: 21, Loss: 1.9692, Train: 0.1429, Val: 0.1220, Test: 0.1300
Epoch: 22, Loss: 1.9628, Train: 0.1429, Val: 0.1220, Test: 0.1300
Epoch: 23, Loss: 1.9464, Train: 0.1429, Val: 0.1220, Test: 0.1300
Epoch: 24, Loss: 1.9480, Train: 0.1929, Val: 0.1320, Test: 0.1370
Epoch: 25, Loss: 1.9515, Train: 0.1429, Val: 0.0580, Test: 0.0640
Epoch: 26, Loss: 1.9526, Train: 0.1429, Val: 0.0580, Test: 0.0640
Epoch: 27, Loss: 1.9434, Train: 0.1429, Val: 0.0580, Test: 0.0640
Epoch: 28, Loss: 1.9412, Train: 0.1429, Val: 0.0580, Test: 0.0640
Epoch: 29, Loss: 1.9501, Train: 0.1429, Val: 0.0580, Test: 0.0640
Epoch: 30, Loss: 1.9517, Train: 0.1429, Val: 0.0580, Test: 0.0640
Epoch: 31, Loss: 1.9498, Train: 0.1429, Val: 0.1560, Test: 0.1440
Epoch: 32, Loss: 1.9551, Train: 0.1429, Val: 0.1560, Test: 0.1440
Epoch: 33, Loss: 1.9454, Train: 0.1429, Val: 0.1560, Test: 0.1440
Epoch: 34, Loss: 1.9456, Train: 0.1429, Val: 0.1560, Test: 0.1440
Epoch: 35, Loss: 1.9656, Train: 0.1429, Val: 0.1560, Test: 0.1440
Epoch: 36, Loss: 1.9475, Train: 0.1429, Val: 0.1140, Test: 0.1030
Epoch: 37, Loss: 1.9468, Train: 0.1429, Val: 0.1140, Test: 0.1030
Epoch: 38, Loss: 1.9462, Train: 0.1429, Val: 0.1140, Test: 0.1030
Epoch: 39, Loss: 1.9531, Train: 0.1429, Val: 0.1140, Test: 0.1030
Epoch: 40, Loss: 1.9716, Train: 0.1429, Val: 0.1140, Test: 0.1030
Epoch: 41, Loss: 1.9583, Train: 0.1429, Val: 0.1140, Test: 0.1030
Epoch: 42, Loss: 1.9518, Train: 0.1429, Val: 0.1140, Test: 0.1030
Epoch: 43, Loss: 1.9610, Train: 0.1429, Val: 0.1140, Test: 0.1030
Epoch: 44, Loss: 1.9421, Train: 0.1429, Val: 0.0580, Test: 0.0640
Epoch: 45, Loss: 1.9490, Train: 0.1429, Val: 0.0580, Test: 0.0640
Epoch: 46, Loss: 1.9489, Train: 0.1429, Val: 0.0580, Test: 0.0640
Epoch: 47, Loss: 1.9468, Train: 0.1429, Val: 0.0580, Test: 0.0640
Epoch: 48, Loss: 1.9502, Train: 0.1429, Val: 0.0580, Test: 0.0640
Epoch: 49, Loss: 1.9520, Train: 0.1429, Val: 0.0580, Test: 0.0640
Epoch: 50, Loss: 1.9545, Train: 0.1429, Val: 0.0580, Test: 0.0640
MAD:  0.0003
InfoGap:  0.9999971850179463
Best Test Accuracy: 0.3190, Val Accuracy: 0.3160, Train Accuracy: 0.1429
Training completed.
Seed:  6
PMPGNN(
  (convs): ModuleList(
    (0): ParallelGNNBlock(
      (conv1): GATv2Conv(128, 128, heads=4)
      (conv2): GATv2Conv(128, 128, heads=4)
      (norm): LayerNorm((128,), eps=1e-05, elementwise_affine=True)
    )
    (1-11): 11 x ParallelGNNBlock(
      (conv1): GATv2Conv(1024, 128, heads=4)
      (conv2): GATv2Conv(1024, 128, heads=4)
      (norm): LayerNorm((128,), eps=1e-05, elementwise_affine=True)
    )
  )
  (norm): LayerNorm((1024,), eps=1e-05, elementwise_affine=True)
  (mlp): Sequential(
    (0): Linear(in_features=1024, out_features=64, bias=True)
    (1): LeakyReLU(negative_slope=0.01)
    (2): Dropout(p=0.3, inplace=False)
    (3): Linear(in_features=64, out_features=7, bias=True)
  )
  (proj): Linear(in_features=1433, out_features=128, bias=True)
)
Epoch: 1, Loss: 1.9948, Train: 0.1429, Val: 0.1220, Test: 0.1300
Epoch: 2, Loss: 2.0018, Train: 0.1429, Val: 0.1220, Test: 0.1300
Epoch: 3, Loss: 1.9359, Train: 0.1429, Val: 0.0580, Test: 0.0650
Epoch: 4, Loss: 1.9632, Train: 0.1429, Val: 0.0720, Test: 0.0910
Epoch: 5, Loss: 1.9407, Train: 0.1429, Val: 0.0720, Test: 0.0910
Epoch: 6, Loss: 1.9640, Train: 0.1429, Val: 0.0720, Test: 0.0910
Epoch: 7, Loss: 1.9848, Train: 0.1429, Val: 0.0720, Test: 0.0910
Epoch: 8, Loss: 1.9697, Train: 0.1429, Val: 0.1560, Test: 0.1440
Epoch: 9, Loss: 1.9396, Train: 0.1429, Val: 0.1560, Test: 0.1440
Epoch: 10, Loss: 1.9574, Train: 0.1429, Val: 0.1620, Test: 0.1490
Epoch: 11, Loss: 1.9427, Train: 0.1429, Val: 0.1620, Test: 0.1490
Epoch: 12, Loss: 1.9614, Train: 0.1429, Val: 0.1620, Test: 0.1490
Epoch: 13, Loss: 1.9603, Train: 0.1429, Val: 0.0720, Test: 0.0910
Epoch: 14, Loss: 1.9543, Train: 0.1429, Val: 0.0720, Test: 0.0910
Epoch: 15, Loss: 1.9486, Train: 0.1429, Val: 0.0720, Test: 0.0910
Epoch: 16, Loss: 1.9321, Train: 0.1429, Val: 0.3160, Test: 0.3190
Epoch: 17, Loss: 1.9358, Train: 0.1429, Val: 0.3160, Test: 0.3190
Epoch: 18, Loss: 1.9617, Train: 0.1429, Val: 0.3160, Test: 0.3190
Epoch: 19, Loss: 1.9485, Train: 0.1429, Val: 0.3160, Test: 0.3190
Epoch: 20, Loss: 1.9577, Train: 0.1429, Val: 0.3160, Test: 0.3190
Epoch: 21, Loss: 1.9638, Train: 0.1429, Val: 0.0720, Test: 0.0910
Epoch: 22, Loss: 1.9393, Train: 0.1429, Val: 0.0720, Test: 0.0910
Epoch: 23, Loss: 1.9443, Train: 0.1429, Val: 0.0720, Test: 0.0910
Epoch: 24, Loss: 1.9409, Train: 0.1429, Val: 0.0720, Test: 0.0910
Epoch: 25, Loss: 1.9486, Train: 0.1429, Val: 0.0720, Test: 0.0910
Epoch: 26, Loss: 1.9521, Train: 0.1429, Val: 0.0720, Test: 0.0910
Epoch: 27, Loss: 1.9510, Train: 0.1429, Val: 0.0720, Test: 0.0910
Epoch: 28, Loss: 1.9607, Train: 0.1429, Val: 0.0720, Test: 0.0910
Epoch: 29, Loss: 1.9713, Train: 0.1429, Val: 0.0580, Test: 0.0640
Epoch: 30, Loss: 1.9616, Train: 0.1429, Val: 0.0580, Test: 0.0640
Epoch: 31, Loss: 1.9481, Train: 0.1429, Val: 0.0580, Test: 0.0640
Epoch: 32, Loss: 1.9496, Train: 0.1429, Val: 0.0580, Test: 0.0640
Epoch: 33, Loss: 1.9602, Train: 0.1429, Val: 0.0580, Test: 0.0640
Epoch: 34, Loss: 1.9439, Train: 0.1429, Val: 0.0580, Test: 0.0640
Epoch: 35, Loss: 1.9466, Train: 0.1429, Val: 0.0580, Test: 0.0640
Epoch: 36, Loss: 1.9434, Train: 0.1429, Val: 0.0580, Test: 0.0640
Epoch: 37, Loss: 1.9586, Train: 0.1429, Val: 0.1140, Test: 0.1030
Epoch: 38, Loss: 1.9569, Train: 0.1429, Val: 0.0580, Test: 0.0640
Epoch: 39, Loss: 1.9538, Train: 0.1429, Val: 0.0580, Test: 0.0640
Epoch: 40, Loss: 1.9561, Train: 0.1429, Val: 0.0580, Test: 0.0640
Epoch: 41, Loss: 1.9422, Train: 0.1429, Val: 0.0580, Test: 0.0640
Epoch: 42, Loss: 1.9496, Train: 0.1429, Val: 0.0580, Test: 0.0640
Epoch: 43, Loss: 1.9464, Train: 0.1429, Val: 0.0720, Test: 0.0910
Epoch: 44, Loss: 1.9519, Train: 0.1429, Val: 0.0720, Test: 0.0910
Epoch: 45, Loss: 1.9513, Train: 0.1429, Val: 0.0720, Test: 0.0910
Epoch: 46, Loss: 1.9493, Train: 0.1429, Val: 0.0580, Test: 0.0640
Epoch: 47, Loss: 1.9501, Train: 0.1429, Val: 0.0580, Test: 0.0640
Epoch: 48, Loss: 1.9463, Train: 0.1429, Val: 0.0720, Test: 0.0910
Epoch: 49, Loss: 1.9446, Train: 0.1429, Val: 0.0720, Test: 0.0910
Epoch: 50, Loss: 1.9513, Train: 0.1429, Val: 0.0720, Test: 0.0910
MAD:  0.0002
InfoGap:  0.9999996332331875
Best Test Accuracy: 0.3190, Val Accuracy: 0.3160, Train Accuracy: 0.1429
Training completed.
Seed:  7
PMPGNN(
  (convs): ModuleList(
    (0): ParallelGNNBlock(
      (conv1): GATv2Conv(128, 128, heads=4)
      (conv2): GATv2Conv(128, 128, heads=4)
      (norm): LayerNorm((128,), eps=1e-05, elementwise_affine=True)
    )
    (1-11): 11 x ParallelGNNBlock(
      (conv1): GATv2Conv(1024, 128, heads=4)
      (conv2): GATv2Conv(1024, 128, heads=4)
      (norm): LayerNorm((128,), eps=1e-05, elementwise_affine=True)
    )
  )
  (norm): LayerNorm((1024,), eps=1e-05, elementwise_affine=True)
  (mlp): Sequential(
    (0): Linear(in_features=1024, out_features=64, bias=True)
    (1): LeakyReLU(negative_slope=0.01)
    (2): Dropout(p=0.3, inplace=False)
    (3): Linear(in_features=64, out_features=7, bias=True)
  )
  (proj): Linear(in_features=1433, out_features=128, bias=True)
)
Epoch: 1, Loss: 1.9876, Train: 0.1714, Val: 0.1580, Test: 0.1750
Epoch: 2, Loss: 1.9641, Train: 0.1429, Val: 0.3160, Test: 0.3190
Epoch: 3, Loss: 1.9655, Train: 0.1214, Val: 0.1180, Test: 0.1230
Epoch: 4, Loss: 1.9600, Train: 0.1429, Val: 0.1620, Test: 0.1490
Epoch: 5, Loss: 1.9586, Train: 0.1429, Val: 0.3160, Test: 0.3190
Epoch: 6, Loss: 1.9820, Train: 0.1429, Val: 0.3160, Test: 0.3190
Epoch: 7, Loss: 1.9599, Train: 0.1286, Val: 0.1380, Test: 0.1530
Epoch: 8, Loss: 1.9581, Train: 0.1429, Val: 0.1220, Test: 0.1300
Epoch: 9, Loss: 1.9544, Train: 0.1429, Val: 0.1620, Test: 0.1490
Epoch: 10, Loss: 1.9403, Train: 0.1429, Val: 0.0720, Test: 0.0910
Epoch: 11, Loss: 1.9768, Train: 0.1429, Val: 0.0720, Test: 0.0910
Epoch: 12, Loss: 1.9768, Train: 0.1429, Val: 0.0720, Test: 0.0910
Epoch: 13, Loss: 1.9737, Train: 0.1429, Val: 0.0720, Test: 0.0910
Epoch: 14, Loss: 1.9529, Train: 0.1429, Val: 0.1620, Test: 0.1490
Epoch: 15, Loss: 1.9629, Train: 0.1429, Val: 0.1620, Test: 0.1490
Epoch: 16, Loss: 1.9522, Train: 0.1429, Val: 0.1620, Test: 0.1490
Epoch: 17, Loss: 1.9605, Train: 0.1429, Val: 0.1620, Test: 0.1490
Epoch: 18, Loss: 1.9556, Train: 0.1429, Val: 0.1620, Test: 0.1490
Epoch: 19, Loss: 1.9550, Train: 0.1429, Val: 0.1620, Test: 0.1490
Epoch: 20, Loss: 1.9405, Train: 0.1429, Val: 0.3160, Test: 0.3190
Epoch: 21, Loss: 1.9383, Train: 0.1429, Val: 0.3160, Test: 0.3190
Epoch: 22, Loss: 1.9546, Train: 0.1429, Val: 0.3160, Test: 0.3190
Epoch: 23, Loss: 1.9476, Train: 0.1429, Val: 0.3160, Test: 0.3190
Epoch: 24, Loss: 1.9434, Train: 0.1429, Val: 0.3160, Test: 0.3190
Epoch: 25, Loss: 1.9557, Train: 0.1429, Val: 0.3160, Test: 0.3190
Epoch: 26, Loss: 1.9489, Train: 0.1429, Val: 0.3160, Test: 0.3190
Epoch: 27, Loss: 1.9453, Train: 0.1429, Val: 0.3160, Test: 0.3190
Epoch: 28, Loss: 1.9588, Train: 0.1429, Val: 0.3160, Test: 0.3190
Epoch: 29, Loss: 1.9557, Train: 0.1429, Val: 0.3160, Test: 0.3190
Epoch: 30, Loss: 1.9448, Train: 0.1429, Val: 0.3160, Test: 0.3190
Epoch: 31, Loss: 1.9512, Train: 0.1429, Val: 0.1620, Test: 0.1490
Epoch: 32, Loss: 1.9495, Train: 0.1429, Val: 0.1620, Test: 0.1490
Epoch: 33, Loss: 1.9456, Train: 0.1429, Val: 0.1620, Test: 0.1490
Epoch: 34, Loss: 1.9457, Train: 0.1429, Val: 0.1620, Test: 0.1490
Epoch: 35, Loss: 1.9516, Train: 0.1429, Val: 0.1620, Test: 0.1490
Epoch: 36, Loss: 1.9448, Train: 0.1429, Val: 0.1620, Test: 0.1490
Epoch: 37, Loss: 1.9455, Train: 0.1429, Val: 0.1620, Test: 0.1490
Epoch: 38, Loss: 1.9503, Train: 0.1429, Val: 0.1620, Test: 0.1490
Epoch: 39, Loss: 1.9426, Train: 0.1429, Val: 0.1620, Test: 0.1490
Epoch: 40, Loss: 1.9476, Train: 0.1429, Val: 0.1620, Test: 0.1490
Epoch: 41, Loss: 1.9463, Train: 0.1429, Val: 0.1620, Test: 0.1490
Epoch: 42, Loss: 1.9475, Train: 0.1429, Val: 0.1620, Test: 0.1490
Epoch: 43, Loss: 1.9454, Train: 0.1429, Val: 0.1620, Test: 0.1490
Epoch: 44, Loss: 1.9477, Train: 0.1429, Val: 0.1620, Test: 0.1490
Epoch: 45, Loss: 1.9456, Train: 0.1429, Val: 0.1620, Test: 0.1490
Epoch: 46, Loss: 1.9376, Train: 0.1429, Val: 0.1620, Test: 0.1490
Epoch: 47, Loss: 1.9448, Train: 0.1429, Val: 0.1560, Test: 0.1440
Epoch: 48, Loss: 1.9518, Train: 0.1429, Val: 0.1560, Test: 0.1440
Epoch: 49, Loss: 1.9464, Train: 0.1429, Val: 0.1560, Test: 0.1440
Epoch: 50, Loss: 1.9623, Train: 0.1429, Val: 0.1560, Test: 0.1440
MAD:  0.0053
InfoGap:  0.9998809884564253
Best Test Accuracy: 0.3190, Val Accuracy: 0.3160, Train Accuracy: 0.1429
Training completed.
Seed:  8
PMPGNN(
  (convs): ModuleList(
    (0): ParallelGNNBlock(
      (conv1): GATv2Conv(128, 128, heads=4)
      (conv2): GATv2Conv(128, 128, heads=4)
      (norm): LayerNorm((128,), eps=1e-05, elementwise_affine=True)
    )
    (1-11): 11 x ParallelGNNBlock(
      (conv1): GATv2Conv(1024, 128, heads=4)
      (conv2): GATv2Conv(1024, 128, heads=4)
      (norm): LayerNorm((128,), eps=1e-05, elementwise_affine=True)
    )
  )
  (norm): LayerNorm((1024,), eps=1e-05, elementwise_affine=True)
  (mlp): Sequential(
    (0): Linear(in_features=1024, out_features=64, bias=True)
    (1): LeakyReLU(negative_slope=0.01)
    (2): Dropout(p=0.3, inplace=False)
    (3): Linear(in_features=64, out_features=7, bias=True)
  )
  (proj): Linear(in_features=1433, out_features=128, bias=True)
)
Epoch: 1, Loss: 1.9502, Train: 0.0786, Val: 0.1020, Test: 0.0890
Epoch: 2, Loss: 1.9715, Train: 0.1429, Val: 0.1300, Test: 0.1370
Epoch: 3, Loss: 1.9732, Train: 0.1429, Val: 0.0580, Test: 0.0640
Epoch: 4, Loss: 1.9800, Train: 0.1429, Val: 0.0580, Test: 0.0640
Epoch: 5, Loss: 1.9542, Train: 0.1429, Val: 0.0580, Test: 0.0640
Epoch: 6, Loss: 1.9624, Train: 0.1429, Val: 0.0580, Test: 0.0640
Epoch: 7, Loss: 1.9814, Train: 0.1429, Val: 0.0580, Test: 0.0640
Epoch: 8, Loss: 1.9582, Train: 0.1571, Val: 0.0740, Test: 0.0920
Epoch: 9, Loss: 1.9606, Train: 0.1429, Val: 0.0720, Test: 0.0910
Epoch: 10, Loss: 1.9458, Train: 0.1429, Val: 0.0720, Test: 0.0910
Epoch: 11, Loss: 1.9620, Train: 0.1429, Val: 0.0720, Test: 0.0910
Epoch: 12, Loss: 1.9499, Train: 0.1571, Val: 0.1560, Test: 0.1460
Epoch: 13, Loss: 1.9358, Train: 0.1429, Val: 0.0580, Test: 0.0640
Epoch: 14, Loss: 1.9445, Train: 0.1429, Val: 0.0580, Test: 0.0640
Epoch: 15, Loss: 1.9468, Train: 0.1429, Val: 0.1140, Test: 0.1030
Epoch: 16, Loss: 1.9508, Train: 0.1429, Val: 0.1140, Test: 0.1030
Epoch: 17, Loss: 1.9529, Train: 0.1429, Val: 0.1140, Test: 0.1030
Epoch: 18, Loss: 1.9527, Train: 0.1429, Val: 0.1140, Test: 0.1030
Epoch: 19, Loss: 1.9493, Train: 0.1429, Val: 0.1140, Test: 0.1030
Epoch: 20, Loss: 1.9585, Train: 0.1429, Val: 0.1140, Test: 0.1030
Epoch: 21, Loss: 1.9351, Train: 0.1429, Val: 0.1140, Test: 0.1030
Epoch: 22, Loss: 1.9633, Train: 0.1429, Val: 0.0720, Test: 0.0910
Epoch: 23, Loss: 1.9534, Train: 0.1429, Val: 0.0580, Test: 0.0640
Epoch: 24, Loss: 1.9438, Train: 0.1429, Val: 0.0580, Test: 0.0640
Epoch: 25, Loss: 1.9523, Train: 0.1429, Val: 0.0580, Test: 0.0640
Epoch: 26, Loss: 1.9523, Train: 0.1429, Val: 0.0580, Test: 0.0640
Epoch: 27, Loss: 1.9814, Train: 0.1429, Val: 0.0580, Test: 0.0640
Epoch: 28, Loss: 1.9706, Train: 0.1429, Val: 0.0580, Test: 0.0640
Epoch: 29, Loss: 1.9405, Train: 0.1429, Val: 0.0580, Test: 0.0640
Epoch: 30, Loss: 1.9504, Train: 0.1429, Val: 0.1560, Test: 0.1440
Epoch: 31, Loss: 1.9603, Train: 0.1429, Val: 0.1560, Test: 0.1440
Epoch: 32, Loss: 1.9505, Train: 0.1429, Val: 0.0720, Test: 0.0910
Epoch: 33, Loss: 1.9518, Train: 0.1429, Val: 0.0720, Test: 0.0910
Epoch: 34, Loss: 1.9594, Train: 0.1429, Val: 0.0720, Test: 0.0910
Epoch: 35, Loss: 1.9440, Train: 0.1500, Val: 0.0740, Test: 0.0910
Epoch: 36, Loss: 1.9554, Train: 0.1429, Val: 0.1140, Test: 0.1030
Epoch: 37, Loss: 1.9525, Train: 0.1429, Val: 0.1140, Test: 0.1030
Epoch: 38, Loss: 1.9494, Train: 0.1429, Val: 0.1140, Test: 0.1030
Epoch: 39, Loss: 1.9551, Train: 0.1429, Val: 0.1140, Test: 0.1030
Epoch: 40, Loss: 1.9433, Train: 0.1429, Val: 0.1140, Test: 0.1030
Epoch: 41, Loss: 1.9658, Train: 0.1429, Val: 0.0580, Test: 0.0640
Epoch: 42, Loss: 1.9376, Train: 0.1429, Val: 0.0580, Test: 0.0640
Epoch: 43, Loss: 1.9502, Train: 0.1429, Val: 0.0580, Test: 0.0640
Epoch: 44, Loss: 1.9457, Train: 0.1429, Val: 0.0580, Test: 0.0640
Epoch: 45, Loss: 1.9448, Train: 0.1429, Val: 0.1620, Test: 0.1490
Epoch: 46, Loss: 1.9370, Train: 0.1429, Val: 0.1620, Test: 0.1490
Epoch: 47, Loss: 1.9428, Train: 0.1429, Val: 0.1620, Test: 0.1490
Epoch: 48, Loss: 1.9482, Train: 0.1429, Val: 0.1620, Test: 0.1490
Epoch: 49, Loss: 1.9465, Train: 0.1429, Val: 0.1620, Test: 0.1490
Epoch: 50, Loss: 1.9334, Train: 0.1429, Val: 0.1140, Test: 0.1030
MAD:  0.0
InfoGap:  0.999999982801187
Best Test Accuracy: 0.1490, Val Accuracy: 0.1620, Train Accuracy: 0.1429
Training completed.
Seed:  9
PMPGNN(
  (convs): ModuleList(
    (0): ParallelGNNBlock(
      (conv1): GATv2Conv(128, 128, heads=4)
      (conv2): GATv2Conv(128, 128, heads=4)
      (norm): LayerNorm((128,), eps=1e-05, elementwise_affine=True)
    )
    (1-11): 11 x ParallelGNNBlock(
      (conv1): GATv2Conv(1024, 128, heads=4)
      (conv2): GATv2Conv(1024, 128, heads=4)
      (norm): LayerNorm((128,), eps=1e-05, elementwise_affine=True)
    )
  )
  (norm): LayerNorm((1024,), eps=1e-05, elementwise_affine=True)
  (mlp): Sequential(
    (0): Linear(in_features=1024, out_features=64, bias=True)
    (1): LeakyReLU(negative_slope=0.01)
    (2): Dropout(p=0.3, inplace=False)
    (3): Linear(in_features=64, out_features=7, bias=True)
  )
  (proj): Linear(in_features=1433, out_features=128, bias=True)
)
Epoch: 1, Loss: 1.9737, Train: 0.1429, Val: 0.1140, Test: 0.1030
Epoch: 2, Loss: 2.0090, Train: 0.1429, Val: 0.1140, Test: 0.1030
Epoch: 3, Loss: 2.0055, Train: 0.1429, Val: 0.1620, Test: 0.1490
Epoch: 4, Loss: 1.9644, Train: 0.1429, Val: 0.1220, Test: 0.1300
Epoch: 5, Loss: 1.9577, Train: 0.1429, Val: 0.1220, Test: 0.1300
Epoch: 6, Loss: 1.9476, Train: 0.1429, Val: 0.1220, Test: 0.1300
Epoch: 7, Loss: 1.9625, Train: 0.1429, Val: 0.0580, Test: 0.0640
Epoch: 8, Loss: 1.9600, Train: 0.1429, Val: 0.0580, Test: 0.0640
Epoch: 9, Loss: 1.9504, Train: 0.1429, Val: 0.0580, Test: 0.0640
Epoch: 10, Loss: 1.9607, Train: 0.1429, Val: 0.1620, Test: 0.1490
Epoch: 11, Loss: 1.9597, Train: 0.1429, Val: 0.1620, Test: 0.1490
Epoch: 12, Loss: 1.9412, Train: 0.1429, Val: 0.1620, Test: 0.1490
Epoch: 13, Loss: 1.9528, Train: 0.1429, Val: 0.1620, Test: 0.1490
Epoch: 14, Loss: 1.9605, Train: 0.1429, Val: 0.1620, Test: 0.1490
Epoch: 15, Loss: 1.9411, Train: 0.1429, Val: 0.1620, Test: 0.1490
Epoch: 16, Loss: 1.9461, Train: 0.1429, Val: 0.1620, Test: 0.1490
Epoch: 17, Loss: 1.9699, Train: 0.1500, Val: 0.0780, Test: 0.0920
Epoch: 18, Loss: 1.9423, Train: 0.1429, Val: 0.1220, Test: 0.1300
Epoch: 19, Loss: 1.9397, Train: 0.1429, Val: 0.1220, Test: 0.1300
Epoch: 20, Loss: 1.9558, Train: 0.1429, Val: 0.1620, Test: 0.1490
Epoch: 21, Loss: 1.9456, Train: 0.1429, Val: 0.1620, Test: 0.1490
Epoch: 22, Loss: 1.9395, Train: 0.1429, Val: 0.1620, Test: 0.1490
Epoch: 23, Loss: 1.9552, Train: 0.1429, Val: 0.1620, Test: 0.1490
Epoch: 24, Loss: 1.9567, Train: 0.1429, Val: 0.1620, Test: 0.1490
Epoch: 25, Loss: 1.9535, Train: 0.1429, Val: 0.1620, Test: 0.1490
Epoch: 26, Loss: 1.9482, Train: 0.1429, Val: 0.1620, Test: 0.1490
Epoch: 27, Loss: 1.9497, Train: 0.1429, Val: 0.1620, Test: 0.1490
Epoch: 28, Loss: 1.9497, Train: 0.1429, Val: 0.1620, Test: 0.1490
Epoch: 29, Loss: 1.9511, Train: 0.1429, Val: 0.1620, Test: 0.1490
Epoch: 30, Loss: 1.9491, Train: 0.1429, Val: 0.1620, Test: 0.1490
Epoch: 31, Loss: 1.9457, Train: 0.1429, Val: 0.1620, Test: 0.1490
Epoch: 32, Loss: 1.9496, Train: 0.1429, Val: 0.1620, Test: 0.1490
Epoch: 33, Loss: 1.9614, Train: 0.1429, Val: 0.1620, Test: 0.1490
Epoch: 34, Loss: 1.9506, Train: 0.1429, Val: 0.1620, Test: 0.1490
Epoch: 35, Loss: 1.9561, Train: 0.1429, Val: 0.1620, Test: 0.1490
Epoch: 36, Loss: 1.9499, Train: 0.1429, Val: 0.1620, Test: 0.1490
Epoch: 37, Loss: 1.9451, Train: 0.1429, Val: 0.1620, Test: 0.1490
Epoch: 38, Loss: 1.9368, Train: 0.1429, Val: 0.1620, Test: 0.1490
Epoch: 39, Loss: 1.9472, Train: 0.1429, Val: 0.1620, Test: 0.1490
Epoch: 40, Loss: 1.9449, Train: 0.1429, Val: 0.1620, Test: 0.1490
Epoch: 41, Loss: 1.9475, Train: 0.1429, Val: 0.1620, Test: 0.1490
Epoch: 42, Loss: 1.9402, Train: 0.1429, Val: 0.1620, Test: 0.1490
Epoch: 43, Loss: 1.9474, Train: 0.1429, Val: 0.1620, Test: 0.1490
Epoch: 44, Loss: 1.9465, Train: 0.1429, Val: 0.1620, Test: 0.1490
Epoch: 45, Loss: 1.9451, Train: 0.1429, Val: 0.1620, Test: 0.1490
Epoch: 46, Loss: 1.9454, Train: 0.1429, Val: 0.1620, Test: 0.1490
Epoch: 47, Loss: 1.9505, Train: 0.1429, Val: 0.1620, Test: 0.1490
Epoch: 48, Loss: 1.9457, Train: 0.1429, Val: 0.1620, Test: 0.1490
Epoch: 49, Loss: 1.9497, Train: 0.1429, Val: 0.1620, Test: 0.1490
Epoch: 50, Loss: 1.9472, Train: 0.1429, Val: 0.1620, Test: 0.1490
MAD:  0.0031
InfoGap:  0.9999469856520591
Best Test Accuracy: 0.1490, Val Accuracy: 0.1620, Train Accuracy: 0.1429
Training completed.
Average Test Accuracy:  0.28500000000000003 ± 0.068
Average MAD:  0.0017399999999999998 ± 0.002795067083273673
Average R:  0.9999769491575735 ± 3.8058580631707814e-05
