Seed:  0
PMPGNN(
  (convs): ModuleList(
    (0): ParallelGNNBlock(
      (conv1): GATv2Conv(128, 128, heads=8)
      (conv2): GATv2Conv(128, 128, heads=8)
      (norm): LayerNorm((128,), eps=1e-05, elementwise_affine=True)
    )
    (1-6): 6 x ParallelGNNBlock(
      (conv1): GATv2Conv(2048, 128, heads=8)
      (conv2): GATv2Conv(2048, 128, heads=8)
      (norm): LayerNorm((128,), eps=1e-05, elementwise_affine=True)
    )
    (7): GATv2Conv(2048, 256, heads=8)
  )
  (norm): LayerNorm((2048,), eps=1e-05, elementwise_affine=True)
  (mlp): Sequential(
    (0): Linear(in_features=2048, out_features=64, bias=True)
    (1): LeakyReLU(negative_slope=0.01)
    (2): Dropout(p=0.3, inplace=False)
    (3): Linear(in_features=64, out_features=7, bias=True)
  )
  (proj): Linear(in_features=1433, out_features=128, bias=True)
)
Epoch: 1, Loss: 1.9999, Train: 0.1429, Val: 0.1580, Test: 0.1550
Epoch: 2, Loss: 1.9418, Train: 0.1929, Val: 0.3060, Test: 0.3200
Epoch: 3, Loss: 1.9640, Train: 0.1500, Val: 0.0580, Test: 0.0650
Epoch: 4, Loss: 1.9955, Train: 0.1429, Val: 0.1620, Test: 0.1490
Epoch: 5, Loss: 1.9606, Train: 0.1429, Val: 0.3160, Test: 0.3190
Epoch: 6, Loss: 1.9490, Train: 0.1429, Val: 0.3160, Test: 0.3190
Epoch: 7, Loss: 1.9525, Train: 0.1429, Val: 0.0720, Test: 0.0910
Epoch: 8, Loss: 1.9618, Train: 0.1429, Val: 0.0720, Test: 0.0910
Epoch: 9, Loss: 1.9561, Train: 0.1571, Val: 0.1220, Test: 0.1390
Epoch: 10, Loss: 1.9637, Train: 0.1429, Val: 0.3160, Test: 0.3190
Epoch: 11, Loss: 1.9605, Train: 0.1429, Val: 0.3160, Test: 0.3190
Epoch: 12, Loss: 1.9665, Train: 0.1429, Val: 0.1220, Test: 0.1300
Epoch: 13, Loss: 1.9460, Train: 0.1429, Val: 0.1220, Test: 0.1300
Epoch: 14, Loss: 1.9517, Train: 0.1429, Val: 0.1220, Test: 0.1300
Epoch: 15, Loss: 1.9575, Train: 0.1429, Val: 0.0720, Test: 0.0920
Epoch: 16, Loss: 1.9498, Train: 0.1429, Val: 0.0720, Test: 0.0910
Epoch: 17, Loss: 1.9524, Train: 0.1429, Val: 0.0720, Test: 0.0910
Epoch: 18, Loss: 1.9353, Train: 0.1429, Val: 0.0720, Test: 0.0910
Epoch: 19, Loss: 1.9593, Train: 0.1429, Val: 0.0720, Test: 0.0910
Epoch: 20, Loss: 1.9525, Train: 0.1429, Val: 0.0720, Test: 0.0910
Epoch: 21, Loss: 1.9488, Train: 0.1429, Val: 0.1220, Test: 0.1300
Epoch: 22, Loss: 1.9536, Train: 0.1429, Val: 0.1220, Test: 0.1300
Epoch: 23, Loss: 1.9529, Train: 0.1429, Val: 0.1220, Test: 0.1300
Epoch: 24, Loss: 1.9484, Train: 0.1571, Val: 0.1220, Test: 0.1310
Epoch: 25, Loss: 1.9474, Train: 0.1429, Val: 0.0720, Test: 0.0910
Epoch: 26, Loss: 1.9416, Train: 0.1429, Val: 0.0720, Test: 0.0910
Epoch: 27, Loss: 1.9475, Train: 0.1429, Val: 0.0720, Test: 0.0910
Epoch: 28, Loss: 1.9402, Train: 0.1429, Val: 0.0720, Test: 0.0910
Epoch: 29, Loss: 1.9459, Train: 0.1429, Val: 0.0720, Test: 0.0910
Epoch: 30, Loss: 1.9400, Train: 0.2500, Val: 0.1840, Test: 0.1980
Epoch: 31, Loss: 1.9409, Train: 0.1429, Val: 0.1220, Test: 0.1300
Epoch: 32, Loss: 1.9530, Train: 0.1429, Val: 0.1220, Test: 0.1300
Epoch: 33, Loss: 1.9419, Train: 0.1429, Val: 0.1220, Test: 0.1300
Epoch: 34, Loss: 1.9360, Train: 0.1429, Val: 0.1220, Test: 0.1300
Epoch: 35, Loss: 1.9446, Train: 0.1500, Val: 0.3140, Test: 0.3210
Epoch: 36, Loss: 1.9481, Train: 0.1429, Val: 0.3160, Test: 0.3190
Epoch: 37, Loss: 1.9337, Train: 0.1429, Val: 0.3160, Test: 0.3190
Epoch: 38, Loss: 1.9404, Train: 0.1429, Val: 0.3160, Test: 0.3190
Epoch: 39, Loss: 1.9303, Train: 0.1286, Val: 0.1500, Test: 0.1410
Epoch: 40, Loss: 1.9271, Train: 0.1357, Val: 0.1280, Test: 0.1310
Epoch: 41, Loss: 1.9197, Train: 0.1357, Val: 0.1600, Test: 0.1630
Epoch: 42, Loss: 1.9032, Train: 0.2071, Val: 0.2760, Test: 0.2800
Epoch: 43, Loss: 1.8835, Train: 0.2571, Val: 0.3800, Test: 0.3770
Epoch: 44, Loss: 1.8509, Train: 0.2429, Val: 0.3440, Test: 0.3400
Epoch: 45, Loss: 1.7639, Train: 0.2571, Val: 0.3620, Test: 0.3730
Epoch: 46, Loss: 1.7685, Train: 0.2571, Val: 0.3920, Test: 0.3880
Epoch: 47, Loss: 1.7026, Train: 0.2571, Val: 0.3540, Test: 0.3600
Epoch: 48, Loss: 1.7126, Train: 0.2500, Val: 0.3720, Test: 0.3830
Epoch: 49, Loss: 1.7041, Train: 0.2857, Val: 0.1880, Test: 0.2110
Epoch: 50, Loss: 1.6672, Train: 0.3071, Val: 0.2180, Test: 0.2250
Epoch: 51, Loss: 1.6910, Train: 0.3071, Val: 0.1960, Test: 0.2010
Epoch: 52, Loss: 1.6978, Train: 0.2571, Val: 0.2340, Test: 0.2140
Epoch: 53, Loss: 1.7646, Train: 0.2929, Val: 0.2460, Test: 0.2200
Epoch: 54, Loss: 1.6381, Train: 0.2786, Val: 0.1920, Test: 0.1940
Epoch: 55, Loss: 1.6506, Train: 0.3286, Val: 0.2180, Test: 0.2210
Epoch: 56, Loss: 1.5982, Train: 0.2643, Val: 0.2320, Test: 0.2140
Epoch: 57, Loss: 1.6369, Train: 0.2929, Val: 0.2260, Test: 0.2130
Epoch: 58, Loss: 1.5602, Train: 0.3571, Val: 0.2140, Test: 0.2080
Epoch: 59, Loss: 1.5826, Train: 0.3571, Val: 0.2080, Test: 0.2220
Epoch: 60, Loss: 1.5372, Train: 0.2357, Val: 0.2020, Test: 0.2060
Epoch: 61, Loss: 1.5298, Train: 0.3000, Val: 0.2220, Test: 0.2310
Epoch: 62, Loss: 1.5115, Train: 0.3357, Val: 0.2320, Test: 0.2490
Epoch: 63, Loss: 1.4445, Train: 0.4071, Val: 0.2360, Test: 0.2580
Epoch: 64, Loss: 1.4666, Train: 0.4357, Val: 0.2520, Test: 0.2580
Epoch: 65, Loss: 1.4307, Train: 0.4143, Val: 0.2740, Test: 0.2990
Epoch: 66, Loss: 1.4396, Train: 0.4357, Val: 0.2400, Test: 0.2770
Epoch: 67, Loss: 1.3835, Train: 0.4500, Val: 0.2500, Test: 0.2620
Epoch: 68, Loss: 1.3916, Train: 0.4857, Val: 0.2720, Test: 0.2930
Epoch: 69, Loss: 1.2843, Train: 0.3929, Val: 0.2420, Test: 0.2520
Epoch: 70, Loss: 1.3082, Train: 0.4857, Val: 0.3480, Test: 0.3690
Epoch: 71, Loss: 1.2043, Train: 0.5143, Val: 0.3520, Test: 0.3890
Epoch: 72, Loss: 1.1562, Train: 0.4429, Val: 0.2840, Test: 0.2950
Epoch: 73, Loss: 1.2469, Train: 0.4857, Val: 0.4520, Test: 0.4680
Epoch: 74, Loss: 1.1903, Train: 0.5000, Val: 0.4660, Test: 0.4800
Epoch: 75, Loss: 1.1355, Train: 0.6500, Val: 0.4180, Test: 0.4300
Epoch: 76, Loss: 1.0464, Train: 0.6714, Val: 0.3980, Test: 0.4050
Epoch: 77, Loss: 1.0261, Train: 0.6500, Val: 0.4940, Test: 0.5070
Epoch: 78, Loss: 0.9201, Train: 0.6357, Val: 0.5040, Test: 0.5140
Epoch: 79, Loss: 0.9128, Train: 0.6071, Val: 0.4920, Test: 0.5270
Epoch: 80, Loss: 0.7999, Train: 0.7143, Val: 0.4500, Test: 0.4510
Epoch: 81, Loss: 0.7545, Train: 0.7714, Val: 0.4660, Test: 0.4550
Epoch: 82, Loss: 0.7951, Train: 0.7429, Val: 0.5580, Test: 0.5660
Epoch: 83, Loss: 0.7182, Train: 0.7714, Val: 0.5700, Test: 0.5910
Epoch: 84, Loss: 0.7082, Train: 0.8286, Val: 0.4940, Test: 0.5230
Epoch: 85, Loss: 0.5435, Train: 0.8000, Val: 0.4940, Test: 0.5160
Epoch: 86, Loss: 0.5766, Train: 0.7929, Val: 0.4640, Test: 0.5090
Epoch: 87, Loss: 0.5252, Train: 0.8286, Val: 0.5020, Test: 0.5420
Epoch: 88, Loss: 0.4799, Train: 0.9071, Val: 0.5440, Test: 0.5510
Epoch: 89, Loss: 0.4223, Train: 0.9214, Val: 0.5380, Test: 0.5660
Epoch: 90, Loss: 0.3677, Train: 0.8643, Val: 0.5060, Test: 0.5560
Epoch: 91, Loss: 0.3728, Train: 0.8643, Val: 0.4960, Test: 0.5520
Epoch: 92, Loss: 0.2693, Train: 0.8786, Val: 0.5040, Test: 0.5520
Epoch: 93, Loss: 0.3247, Train: 0.9429, Val: 0.5960, Test: 0.6370
Epoch: 94, Loss: 0.2770, Train: 0.9143, Val: 0.6160, Test: 0.6700
Epoch: 95, Loss: 0.2998, Train: 0.8929, Val: 0.5960, Test: 0.6480
Epoch: 96, Loss: 0.2844, Train: 0.9429, Val: 0.5960, Test: 0.6410
Epoch: 97, Loss: 0.2469, Train: 0.9143, Val: 0.5500, Test: 0.6000
Epoch: 98, Loss: 0.2534, Train: 0.8714, Val: 0.5300, Test: 0.5560
Epoch: 99, Loss: 0.2444, Train: 0.9643, Val: 0.6000, Test: 0.6760
Epoch: 100, Loss: 0.1794, Train: 0.8357, Val: 0.5400, Test: 0.5940
MAD:  0.5469
Best Test Accuracy: 0.6760, Val Accuracy: 0.6000, Train Accuracy: 0.9643
Training completed.
Seed:  1
PMPGNN(
  (convs): ModuleList(
    (0): ParallelGNNBlock(
      (conv1): GATv2Conv(128, 128, heads=8)
      (conv2): GATv2Conv(128, 128, heads=8)
      (norm): LayerNorm((128,), eps=1e-05, elementwise_affine=True)
    )
    (1-6): 6 x ParallelGNNBlock(
      (conv1): GATv2Conv(2048, 128, heads=8)
      (conv2): GATv2Conv(2048, 128, heads=8)
      (norm): LayerNorm((128,), eps=1e-05, elementwise_affine=True)
    )
    (7): GATv2Conv(2048, 256, heads=8)
  )
  (norm): LayerNorm((2048,), eps=1e-05, elementwise_affine=True)
  (mlp): Sequential(
    (0): Linear(in_features=2048, out_features=64, bias=True)
    (1): LeakyReLU(negative_slope=0.01)
    (2): Dropout(p=0.3, inplace=False)
    (3): Linear(in_features=64, out_features=7, bias=True)
  )
  (proj): Linear(in_features=1433, out_features=128, bias=True)
)
Epoch: 1, Loss: 1.9758, Train: 0.1429, Val: 0.1600, Test: 0.1490
Epoch: 2, Loss: 1.9805, Train: 0.1429, Val: 0.0720, Test: 0.0910
Epoch: 3, Loss: 1.9320, Train: 0.1429, Val: 0.0720, Test: 0.0910
Epoch: 4, Loss: 1.9453, Train: 0.1429, Val: 0.0580, Test: 0.0640
Epoch: 5, Loss: 1.9351, Train: 0.1786, Val: 0.1560, Test: 0.1470
Epoch: 6, Loss: 1.9329, Train: 0.1429, Val: 0.1560, Test: 0.1440
Epoch: 7, Loss: 1.9641, Train: 0.1429, Val: 0.1620, Test: 0.1490
Epoch: 8, Loss: 1.9493, Train: 0.1429, Val: 0.1620, Test: 0.1490
Epoch: 9, Loss: 1.9856, Train: 0.1429, Val: 0.1220, Test: 0.1300
Epoch: 10, Loss: 1.9491, Train: 0.1429, Val: 0.1220, Test: 0.1300
Epoch: 11, Loss: 1.9800, Train: 0.1429, Val: 0.1220, Test: 0.1300
Epoch: 12, Loss: 1.9447, Train: 0.1429, Val: 0.0720, Test: 0.0910
Epoch: 13, Loss: 1.9548, Train: 0.1429, Val: 0.1140, Test: 0.1030
Epoch: 14, Loss: 1.9511, Train: 0.1429, Val: 0.1140, Test: 0.1030
Epoch: 15, Loss: 1.9411, Train: 0.1429, Val: 0.1620, Test: 0.1490
Epoch: 16, Loss: 1.9707, Train: 0.1429, Val: 0.1620, Test: 0.1490
Epoch: 17, Loss: 1.9432, Train: 0.2357, Val: 0.2460, Test: 0.2360
Epoch: 18, Loss: 1.9415, Train: 0.1429, Val: 0.1220, Test: 0.1300
Epoch: 19, Loss: 1.9426, Train: 0.1429, Val: 0.1220, Test: 0.1300
Epoch: 20, Loss: 1.9474, Train: 0.1429, Val: 0.1220, Test: 0.1300
Epoch: 21, Loss: 1.9485, Train: 0.1429, Val: 0.1220, Test: 0.1300
Epoch: 22, Loss: 1.9424, Train: 0.1429, Val: 0.1140, Test: 0.1030
Epoch: 23, Loss: 1.9503, Train: 0.1429, Val: 0.1140, Test: 0.1030
Epoch: 24, Loss: 1.9494, Train: 0.1429, Val: 0.1140, Test: 0.1030
Epoch: 25, Loss: 1.9474, Train: 0.1429, Val: 0.0720, Test: 0.0910
Epoch: 26, Loss: 1.9527, Train: 0.1429, Val: 0.1220, Test: 0.1300
Epoch: 27, Loss: 1.9490, Train: 0.1429, Val: 0.1220, Test: 0.1300
Epoch: 28, Loss: 1.9469, Train: 0.1429, Val: 0.1220, Test: 0.1300
Epoch: 29, Loss: 1.9498, Train: 0.1429, Val: 0.1220, Test: 0.1300
Epoch: 30, Loss: 1.9426, Train: 0.1429, Val: 0.1220, Test: 0.1300
Epoch: 31, Loss: 1.9463, Train: 0.1429, Val: 0.1220, Test: 0.1300
Epoch: 32, Loss: 1.9427, Train: 0.1429, Val: 0.1220, Test: 0.1300
Epoch: 33, Loss: 1.9534, Train: 0.1429, Val: 0.1220, Test: 0.1300
Epoch: 34, Loss: 1.9440, Train: 0.1429, Val: 0.0720, Test: 0.0910
Epoch: 35, Loss: 1.9458, Train: 0.1429, Val: 0.0720, Test: 0.0910
Epoch: 36, Loss: 1.9435, Train: 0.1429, Val: 0.0720, Test: 0.0910
Epoch: 37, Loss: 1.9476, Train: 0.1429, Val: 0.0720, Test: 0.0910
Epoch: 38, Loss: 1.9417, Train: 0.1429, Val: 0.0720, Test: 0.0910
Epoch: 39, Loss: 1.9444, Train: 0.1429, Val: 0.0720, Test: 0.0910
Epoch: 40, Loss: 1.9381, Train: 0.1786, Val: 0.2000, Test: 0.1890
Epoch: 41, Loss: 1.9435, Train: 0.2214, Val: 0.2140, Test: 0.2020
Epoch: 42, Loss: 1.9416, Train: 0.1786, Val: 0.1740, Test: 0.1640
Epoch: 43, Loss: 1.9415, Train: 0.2214, Val: 0.1780, Test: 0.1730
Epoch: 44, Loss: 1.9293, Train: 0.4643, Val: 0.3080, Test: 0.3090
Epoch: 45, Loss: 1.9301, Train: 0.3071, Val: 0.1880, Test: 0.2050
Epoch: 46, Loss: 1.9317, Train: 0.3071, Val: 0.1900, Test: 0.2050
Epoch: 47, Loss: 1.9085, Train: 0.2500, Val: 0.1620, Test: 0.1640
Epoch: 48, Loss: 1.8976, Train: 0.3571, Val: 0.3660, Test: 0.3270
Epoch: 49, Loss: 1.8579, Train: 0.3500, Val: 0.3400, Test: 0.3190
Epoch: 50, Loss: 1.8254, Train: 0.3214, Val: 0.3100, Test: 0.2740
Epoch: 51, Loss: 1.7846, Train: 0.3071, Val: 0.2380, Test: 0.2200
Epoch: 52, Loss: 1.7168, Train: 0.2643, Val: 0.1740, Test: 0.1930
Epoch: 53, Loss: 1.9806, Train: 0.2857, Val: 0.2080, Test: 0.2000
Epoch: 54, Loss: 1.7217, Train: 0.3000, Val: 0.2080, Test: 0.2010
Epoch: 55, Loss: 1.6983, Train: 0.3000, Val: 0.2140, Test: 0.2060
Epoch: 56, Loss: 1.6664, Train: 0.2857, Val: 0.2060, Test: 0.2110
Epoch: 57, Loss: 1.6607, Train: 0.3000, Val: 0.2080, Test: 0.2080
Epoch: 58, Loss: 1.6606, Train: 0.2857, Val: 0.1600, Test: 0.1500
Epoch: 59, Loss: 1.6228, Train: 0.3000, Val: 0.1620, Test: 0.1530
Epoch: 60, Loss: 1.6079, Train: 0.3214, Val: 0.1680, Test: 0.1580
Epoch: 61, Loss: 1.5643, Train: 0.3143, Val: 0.1660, Test: 0.1600
Epoch: 62, Loss: 1.4865, Train: 0.3643, Val: 0.1820, Test: 0.1660
Epoch: 63, Loss: 1.4916, Train: 0.3929, Val: 0.1820, Test: 0.1710
Epoch: 64, Loss: 1.4564, Train: 0.3857, Val: 0.1800, Test: 0.1640
Epoch: 65, Loss: 1.4504, Train: 0.4071, Val: 0.2120, Test: 0.1870
Epoch: 66, Loss: 1.3757, Train: 0.3214, Val: 0.1960, Test: 0.2140
Epoch: 67, Loss: 1.3332, Train: 0.4357, Val: 0.2640, Test: 0.2630
Epoch: 68, Loss: 1.3476, Train: 0.5071, Val: 0.3400, Test: 0.3410
Epoch: 69, Loss: 1.2416, Train: 0.4000, Val: 0.3400, Test: 0.3410
Epoch: 70, Loss: 1.2753, Train: 0.3143, Val: 0.2300, Test: 0.2280
Epoch: 71, Loss: 1.4107, Train: 0.4643, Val: 0.3540, Test: 0.3870
Epoch: 72, Loss: 1.2036, Train: 0.5286, Val: 0.3600, Test: 0.3440
Epoch: 73, Loss: 1.1452, Train: 0.4357, Val: 0.2740, Test: 0.2460
Epoch: 74, Loss: 1.1979, Train: 0.6143, Val: 0.3980, Test: 0.3860
Epoch: 75, Loss: 1.0210, Train: 0.4429, Val: 0.3860, Test: 0.3980
Epoch: 76, Loss: 1.2123, Train: 0.6571, Val: 0.4380, Test: 0.4110
Epoch: 77, Loss: 1.0025, Train: 0.5857, Val: 0.4300, Test: 0.3930
Epoch: 78, Loss: 0.9886, Train: 0.6643, Val: 0.4820, Test: 0.5330
Epoch: 79, Loss: 0.9161, Train: 0.6143, Val: 0.4580, Test: 0.5010
Epoch: 80, Loss: 0.9703, Train: 0.7357, Val: 0.5100, Test: 0.4930
Epoch: 81, Loss: 0.7846, Train: 0.7143, Val: 0.5420, Test: 0.5130
Epoch: 82, Loss: 0.8007, Train: 0.7643, Val: 0.5480, Test: 0.5620
Epoch: 83, Loss: 0.6936, Train: 0.7929, Val: 0.5160, Test: 0.5160
Epoch: 84, Loss: 0.6785, Train: 0.7143, Val: 0.4920, Test: 0.4870
Epoch: 85, Loss: 0.6435, Train: 0.7214, Val: 0.4880, Test: 0.5290
Epoch: 86, Loss: 0.7183, Train: 0.8143, Val: 0.5280, Test: 0.5570
Epoch: 87, Loss: 0.5780, Train: 0.6571, Val: 0.4440, Test: 0.4350
Epoch: 88, Loss: 0.6618, Train: 0.7357, Val: 0.4480, Test: 0.4920
Epoch: 89, Loss: 0.6184, Train: 0.7429, Val: 0.4500, Test: 0.4760
Epoch: 90, Loss: 0.5962, Train: 0.7643, Val: 0.4480, Test: 0.4420
Epoch: 91, Loss: 0.4790, Train: 0.8214, Val: 0.4560, Test: 0.4560
Epoch: 92, Loss: 0.4530, Train: 0.7429, Val: 0.5100, Test: 0.5250
Epoch: 93, Loss: 0.5708, Train: 0.8000, Val: 0.5520, Test: 0.5280
Epoch: 94, Loss: 0.4834, Train: 0.7929, Val: 0.5720, Test: 0.5660
Epoch: 95, Loss: 0.6227, Train: 0.7357, Val: 0.5320, Test: 0.5700
Epoch: 96, Loss: 0.5853, Train: 0.8357, Val: 0.5720, Test: 0.5960
Epoch: 97, Loss: 0.3882, Train: 0.8071, Val: 0.5340, Test: 0.5390
Epoch: 98, Loss: 0.3914, Train: 0.8429, Val: 0.5160, Test: 0.5250
Epoch: 99, Loss: 0.4356, Train: 0.8429, Val: 0.5280, Test: 0.5650
Epoch: 100, Loss: 0.5106, Train: 0.9214, Val: 0.5560, Test: 0.5820
MAD:  0.5026
Best Test Accuracy: 0.5960, Val Accuracy: 0.5720, Train Accuracy: 0.8357
Training completed.
Seed:  2
PMPGNN(
  (convs): ModuleList(
    (0): ParallelGNNBlock(
      (conv1): GATv2Conv(128, 128, heads=8)
      (conv2): GATv2Conv(128, 128, heads=8)
      (norm): LayerNorm((128,), eps=1e-05, elementwise_affine=True)
    )
    (1-6): 6 x ParallelGNNBlock(
      (conv1): GATv2Conv(2048, 128, heads=8)
      (conv2): GATv2Conv(2048, 128, heads=8)
      (norm): LayerNorm((128,), eps=1e-05, elementwise_affine=True)
    )
    (7): GATv2Conv(2048, 256, heads=8)
  )
  (norm): LayerNorm((2048,), eps=1e-05, elementwise_affine=True)
  (mlp): Sequential(
    (0): Linear(in_features=2048, out_features=64, bias=True)
    (1): LeakyReLU(negative_slope=0.01)
    (2): Dropout(p=0.3, inplace=False)
    (3): Linear(in_features=64, out_features=7, bias=True)
  )
  (proj): Linear(in_features=1433, out_features=128, bias=True)
)
Epoch: 1, Loss: 1.9751, Train: 0.2286, Val: 0.2420, Test: 0.2330
Epoch: 2, Loss: 1.9668, Train: 0.1429, Val: 0.0580, Test: 0.0640
Epoch: 3, Loss: 1.9576, Train: 0.2000, Val: 0.2540, Test: 0.2550
Epoch: 4, Loss: 1.9458, Train: 0.1429, Val: 0.1560, Test: 0.1440
Epoch: 5, Loss: 1.9657, Train: 0.1429, Val: 0.3160, Test: 0.3190
Epoch: 6, Loss: 1.9893, Train: 0.1429, Val: 0.1140, Test: 0.1030
Epoch: 7, Loss: 1.9666, Train: 0.1429, Val: 0.1140, Test: 0.1030
Epoch: 8, Loss: 1.9885, Train: 0.1429, Val: 0.1220, Test: 0.1300
Epoch: 9, Loss: 1.9340, Train: 0.1500, Val: 0.3160, Test: 0.3190
Epoch: 10, Loss: 1.9509, Train: 0.1429, Val: 0.3160, Test: 0.3190
Epoch: 11, Loss: 1.9649, Train: 0.1429, Val: 0.1620, Test: 0.1490
Epoch: 12, Loss: 1.9553, Train: 0.2714, Val: 0.2320, Test: 0.2150
Epoch: 13, Loss: 1.9582, Train: 0.1429, Val: 0.1560, Test: 0.1440
Epoch: 14, Loss: 1.9578, Train: 0.1429, Val: 0.1560, Test: 0.1440
Epoch: 15, Loss: 1.9536, Train: 0.1429, Val: 0.1560, Test: 0.1440
Epoch: 16, Loss: 1.9509, Train: 0.1429, Val: 0.1560, Test: 0.1440
Epoch: 17, Loss: 1.9523, Train: 0.1429, Val: 0.1560, Test: 0.1440
Epoch: 18, Loss: 1.9514, Train: 0.1429, Val: 0.1560, Test: 0.1440
Epoch: 19, Loss: 1.9427, Train: 0.1429, Val: 0.0720, Test: 0.0910
Epoch: 20, Loss: 1.9435, Train: 0.1429, Val: 0.0720, Test: 0.0910
Epoch: 21, Loss: 1.9512, Train: 0.1429, Val: 0.0720, Test: 0.0910
Epoch: 22, Loss: 1.9451, Train: 0.1429, Val: 0.0720, Test: 0.0910
Epoch: 23, Loss: 1.9452, Train: 0.1429, Val: 0.0720, Test: 0.0910
Epoch: 24, Loss: 1.9365, Train: 0.1429, Val: 0.0720, Test: 0.0910
Epoch: 25, Loss: 1.9445, Train: 0.1429, Val: 0.0720, Test: 0.0910
Epoch: 26, Loss: 1.9547, Train: 0.1429, Val: 0.1620, Test: 0.1490
Epoch: 27, Loss: 1.9423, Train: 0.1429, Val: 0.1620, Test: 0.1490
Epoch: 28, Loss: 1.9410, Train: 0.1429, Val: 0.1620, Test: 0.1490
Epoch: 29, Loss: 1.9448, Train: 0.1429, Val: 0.1560, Test: 0.1440
Epoch: 30, Loss: 1.9510, Train: 0.1429, Val: 0.1560, Test: 0.1440
Epoch: 31, Loss: 1.9514, Train: 0.1429, Val: 0.1560, Test: 0.1440
Epoch: 32, Loss: 1.9554, Train: 0.1429, Val: 0.1560, Test: 0.1440
Epoch: 33, Loss: 1.9496, Train: 0.2643, Val: 0.1700, Test: 0.1660
Epoch: 34, Loss: 1.9424, Train: 0.1429, Val: 0.0580, Test: 0.0640
Epoch: 35, Loss: 1.9531, Train: 0.1429, Val: 0.0580, Test: 0.0640
Epoch: 36, Loss: 1.9416, Train: 0.2857, Val: 0.2120, Test: 0.2040
Epoch: 37, Loss: 1.9482, Train: 0.2071, Val: 0.1640, Test: 0.1570
Epoch: 38, Loss: 1.9395, Train: 0.1786, Val: 0.1560, Test: 0.1470
Epoch: 39, Loss: 1.9343, Train: 0.1429, Val: 0.1560, Test: 0.1440
Epoch: 40, Loss: 1.9446, Train: 0.1571, Val: 0.1620, Test: 0.1510
Epoch: 41, Loss: 1.9384, Train: 0.2786, Val: 0.3080, Test: 0.2840
Epoch: 42, Loss: 1.9274, Train: 0.2786, Val: 0.3100, Test: 0.2850
Epoch: 43, Loss: 1.9179, Train: 0.2857, Val: 0.3100, Test: 0.2890
Epoch: 44, Loss: 1.8980, Train: 0.2857, Val: 0.3100, Test: 0.2880
Epoch: 45, Loss: 1.8961, Train: 0.2857, Val: 0.2160, Test: 0.2080
Epoch: 46, Loss: 1.8403, Train: 0.2929, Val: 0.2140, Test: 0.2080
Epoch: 47, Loss: 1.8004, Train: 0.2857, Val: 0.2140, Test: 0.2110
Epoch: 48, Loss: 1.7674, Train: 0.2857, Val: 0.2140, Test: 0.2060
Epoch: 49, Loss: 1.7521, Train: 0.2929, Val: 0.2160, Test: 0.2060
Epoch: 50, Loss: 1.7356, Train: 0.2857, Val: 0.2060, Test: 0.1940
Epoch: 51, Loss: 1.8108, Train: 0.2929, Val: 0.2280, Test: 0.2250
Epoch: 52, Loss: 1.7345, Train: 0.2786, Val: 0.2560, Test: 0.2470
Epoch: 53, Loss: 1.6843, Train: 0.3214, Val: 0.3020, Test: 0.2900
Epoch: 54, Loss: 1.6138, Train: 0.3429, Val: 0.3060, Test: 0.3080
Epoch: 55, Loss: 1.5990, Train: 0.3571, Val: 0.2720, Test: 0.2880
Epoch: 56, Loss: 1.5735, Train: 0.4143, Val: 0.3560, Test: 0.3500
Epoch: 57, Loss: 1.5352, Train: 0.4429, Val: 0.3560, Test: 0.3690
Epoch: 58, Loss: 1.4701, Train: 0.4571, Val: 0.3660, Test: 0.3720
Epoch: 59, Loss: 1.3773, Train: 0.4286, Val: 0.3540, Test: 0.3580
Epoch: 60, Loss: 1.2804, Train: 0.4500, Val: 0.3040, Test: 0.3200
Epoch: 61, Loss: 1.4156, Train: 0.2714, Val: 0.2940, Test: 0.2640
Epoch: 62, Loss: 1.8754, Train: 0.5357, Val: 0.3200, Test: 0.3390
Epoch: 63, Loss: 1.1995, Train: 0.3214, Val: 0.2360, Test: 0.2420
Epoch: 64, Loss: 1.5416, Train: 0.4500, Val: 0.3700, Test: 0.3430
Epoch: 65, Loss: 1.2000, Train: 0.5071, Val: 0.4780, Test: 0.4440
Epoch: 66, Loss: 1.1764, Train: 0.4571, Val: 0.4080, Test: 0.3780
Epoch: 67, Loss: 1.3278, Train: 0.5143, Val: 0.4480, Test: 0.4310
Epoch: 68, Loss: 1.0486, Train: 0.4643, Val: 0.4160, Test: 0.3980
Epoch: 69, Loss: 1.0902, Train: 0.4500, Val: 0.3820, Test: 0.3550
Epoch: 70, Loss: 1.1436, Train: 0.5643, Val: 0.3700, Test: 0.3850
Epoch: 71, Loss: 0.9782, Train: 0.6286, Val: 0.4260, Test: 0.4090
Epoch: 72, Loss: 0.9368, Train: 0.5214, Val: 0.3620, Test: 0.3780
Epoch: 73, Loss: 1.0471, Train: 0.6786, Val: 0.4640, Test: 0.4820
Epoch: 74, Loss: 0.8662, Train: 0.6357, Val: 0.4780, Test: 0.4600
Epoch: 75, Loss: 0.8898, Train: 0.6286, Val: 0.4260, Test: 0.4290
Epoch: 76, Loss: 0.8465, Train: 0.7214, Val: 0.5240, Test: 0.5000
Epoch: 77, Loss: 0.7356, Train: 0.6929, Val: 0.4820, Test: 0.4970
Epoch: 78, Loss: 0.7898, Train: 0.7571, Val: 0.5900, Test: 0.5960
Epoch: 79, Loss: 0.6843, Train: 0.7143, Val: 0.6280, Test: 0.6230
Epoch: 80, Loss: 0.7430, Train: 0.7500, Val: 0.6180, Test: 0.6120
Epoch: 81, Loss: 0.6304, Train: 0.7643, Val: 0.6300, Test: 0.6240
Epoch: 82, Loss: 0.5723, Train: 0.7286, Val: 0.6220, Test: 0.6280
Epoch: 83, Loss: 0.5648, Train: 0.8286, Val: 0.5840, Test: 0.6100
Epoch: 84, Loss: 0.6156, Train: 0.7786, Val: 0.5780, Test: 0.6030
Epoch: 85, Loss: 0.5013, Train: 0.7786, Val: 0.5620, Test: 0.5790
Epoch: 86, Loss: 0.4936, Train: 0.8000, Val: 0.5600, Test: 0.5890
Epoch: 87, Loss: 0.5000, Train: 0.8000, Val: 0.5780, Test: 0.6180
Epoch: 88, Loss: 0.4376, Train: 0.8286, Val: 0.6220, Test: 0.6470
Epoch: 89, Loss: 0.4435, Train: 0.8857, Val: 0.6040, Test: 0.6380
Epoch: 90, Loss: 0.3996, Train: 0.9286, Val: 0.6400, Test: 0.6650
Epoch: 91, Loss: 0.3632, Train: 0.8714, Val: 0.6500, Test: 0.6670
Epoch: 92, Loss: 0.3518, Train: 0.9286, Val: 0.6200, Test: 0.6550
Epoch: 93, Loss: 0.3300, Train: 0.9143, Val: 0.6440, Test: 0.6840
Epoch: 94, Loss: 0.2984, Train: 0.9214, Val: 0.6500, Test: 0.7080
Epoch: 95, Loss: 0.3783, Train: 0.8143, Val: 0.5460, Test: 0.5710
Epoch: 96, Loss: 0.4167, Train: 0.8857, Val: 0.6140, Test: 0.6560
Epoch: 97, Loss: 0.4090, Train: 0.9571, Val: 0.6640, Test: 0.7080
Epoch: 98, Loss: 0.2857, Train: 0.9571, Val: 0.6660, Test: 0.7260
Epoch: 99, Loss: 0.2163, Train: 0.9643, Val: 0.6500, Test: 0.7090
Epoch: 100, Loss: 0.3372, Train: 0.9929, Val: 0.6860, Test: 0.7080
MAD:  0.489
Best Test Accuracy: 0.7260, Val Accuracy: 0.6660, Train Accuracy: 0.9571
Training completed.
Seed:  3
PMPGNN(
  (convs): ModuleList(
    (0): ParallelGNNBlock(
      (conv1): GATv2Conv(128, 128, heads=8)
      (conv2): GATv2Conv(128, 128, heads=8)
      (norm): LayerNorm((128,), eps=1e-05, elementwise_affine=True)
    )
    (1-6): 6 x ParallelGNNBlock(
      (conv1): GATv2Conv(2048, 128, heads=8)
      (conv2): GATv2Conv(2048, 128, heads=8)
      (norm): LayerNorm((128,), eps=1e-05, elementwise_affine=True)
    )
    (7): GATv2Conv(2048, 256, heads=8)
  )
  (norm): LayerNorm((2048,), eps=1e-05, elementwise_affine=True)
  (mlp): Sequential(
    (0): Linear(in_features=2048, out_features=64, bias=True)
    (1): LeakyReLU(negative_slope=0.01)
    (2): Dropout(p=0.3, inplace=False)
    (3): Linear(in_features=64, out_features=7, bias=True)
  )
  (proj): Linear(in_features=1433, out_features=128, bias=True)
)
Epoch: 1, Loss: 1.9671, Train: 0.1500, Val: 0.0800, Test: 0.0940
Epoch: 2, Loss: 1.9728, Train: 0.1857, Val: 0.1220, Test: 0.1410
Epoch: 3, Loss: 1.9606, Train: 0.1643, Val: 0.0580, Test: 0.0720
Epoch: 4, Loss: 1.9535, Train: 0.1429, Val: 0.1140, Test: 0.1030
Epoch: 5, Loss: 1.9480, Train: 0.1500, Val: 0.1560, Test: 0.1450
Epoch: 6, Loss: 1.9794, Train: 0.1429, Val: 0.1220, Test: 0.1300
Epoch: 7, Loss: 1.9572, Train: 0.1429, Val: 0.1220, Test: 0.1300
Epoch: 8, Loss: 1.9656, Train: 0.1429, Val: 0.0580, Test: 0.0640
Epoch: 9, Loss: 1.9521, Train: 0.1429, Val: 0.0580, Test: 0.0640
Epoch: 10, Loss: 1.9660, Train: 0.1429, Val: 0.3160, Test: 0.3190
Epoch: 11, Loss: 1.9763, Train: 0.1429, Val: 0.3160, Test: 0.3190
Epoch: 12, Loss: 1.9522, Train: 0.1429, Val: 0.1140, Test: 0.1030
Epoch: 13, Loss: 1.9501, Train: 0.1429, Val: 0.1140, Test: 0.1030
Epoch: 14, Loss: 1.9403, Train: 0.1429, Val: 0.1140, Test: 0.1030
Epoch: 15, Loss: 1.9473, Train: 0.1429, Val: 0.1140, Test: 0.1030
Epoch: 16, Loss: 1.9286, Train: 0.1429, Val: 0.1140, Test: 0.1030
Epoch: 17, Loss: 1.9602, Train: 0.1429, Val: 0.1140, Test: 0.1030
Epoch: 18, Loss: 1.9442, Train: 0.1429, Val: 0.1140, Test: 0.1030
Epoch: 19, Loss: 1.9553, Train: 0.1429, Val: 0.0720, Test: 0.0910
Epoch: 20, Loss: 1.9482, Train: 0.1429, Val: 0.0720, Test: 0.0910
Epoch: 21, Loss: 1.9407, Train: 0.2714, Val: 0.1880, Test: 0.2070
Epoch: 22, Loss: 1.9466, Train: 0.1429, Val: 0.1220, Test: 0.1300
Epoch: 23, Loss: 1.9406, Train: 0.1429, Val: 0.1220, Test: 0.1300
Epoch: 24, Loss: 1.9393, Train: 0.1429, Val: 0.1220, Test: 0.1300
Epoch: 25, Loss: 1.9365, Train: 0.1429, Val: 0.1220, Test: 0.1300
Epoch: 26, Loss: 1.9544, Train: 0.1500, Val: 0.1200, Test: 0.1030
Epoch: 27, Loss: 1.9468, Train: 0.1429, Val: 0.3160, Test: 0.3190
Epoch: 28, Loss: 1.9543, Train: 0.1429, Val: 0.3160, Test: 0.3190
Epoch: 29, Loss: 1.9352, Train: 0.1429, Val: 0.3160, Test: 0.3190
Epoch: 30, Loss: 1.9456, Train: 0.1429, Val: 0.1160, Test: 0.1050
Epoch: 31, Loss: 1.9501, Train: 0.1429, Val: 0.1140, Test: 0.1030
Epoch: 32, Loss: 1.9407, Train: 0.2643, Val: 0.2280, Test: 0.2230
Epoch: 33, Loss: 1.9380, Train: 0.2714, Val: 0.2700, Test: 0.2650
Epoch: 34, Loss: 1.9451, Train: 0.2643, Val: 0.2300, Test: 0.2400
Epoch: 35, Loss: 1.9276, Train: 0.1429, Val: 0.1220, Test: 0.1300
Epoch: 36, Loss: 1.9382, Train: 0.1429, Val: 0.1220, Test: 0.1300
Epoch: 37, Loss: 1.9450, Train: 0.2786, Val: 0.2560, Test: 0.2500
Epoch: 38, Loss: 1.9397, Train: 0.1929, Val: 0.1780, Test: 0.1680
Epoch: 39, Loss: 1.9443, Train: 0.2714, Val: 0.2160, Test: 0.2130
Epoch: 40, Loss: 1.9234, Train: 0.1643, Val: 0.0900, Test: 0.1040
Epoch: 41, Loss: 1.9431, Train: 0.1786, Val: 0.1100, Test: 0.1200
Epoch: 42, Loss: 1.9251, Train: 0.3357, Val: 0.2460, Test: 0.2510
Epoch: 43, Loss: 1.9089, Train: 0.1857, Val: 0.1320, Test: 0.1450
Epoch: 44, Loss: 1.9106, Train: 0.2357, Val: 0.1640, Test: 0.1770
Epoch: 45, Loss: 1.8889, Train: 0.3000, Val: 0.2060, Test: 0.2300
Epoch: 46, Loss: 1.8638, Train: 0.2857, Val: 0.1860, Test: 0.2070
Epoch: 47, Loss: 1.8400, Train: 0.2786, Val: 0.1880, Test: 0.2130
Epoch: 48, Loss: 1.8026, Train: 0.3000, Val: 0.1880, Test: 0.2130
Epoch: 49, Loss: 1.8109, Train: 0.2786, Val: 0.1680, Test: 0.2030
Epoch: 50, Loss: 1.7625, Train: 0.2929, Val: 0.1740, Test: 0.2030
Epoch: 51, Loss: 1.6755, Train: 0.2929, Val: 0.1800, Test: 0.2050
Epoch: 52, Loss: 1.6869, Train: 0.3357, Val: 0.1940, Test: 0.2220
Epoch: 53, Loss: 1.5985, Train: 0.3429, Val: 0.2040, Test: 0.2200
Epoch: 54, Loss: 1.5532, Train: 0.4143, Val: 0.2360, Test: 0.2380
Epoch: 55, Loss: 1.5211, Train: 0.4071, Val: 0.2560, Test: 0.2520
Epoch: 56, Loss: 1.4979, Train: 0.3643, Val: 0.2560, Test: 0.2600
Epoch: 57, Loss: 1.4110, Train: 0.4214, Val: 0.2700, Test: 0.2670
Epoch: 58, Loss: 1.3497, Train: 0.4500, Val: 0.2900, Test: 0.2890
Epoch: 59, Loss: 1.3025, Train: 0.5214, Val: 0.3140, Test: 0.3210
Epoch: 60, Loss: 1.2813, Train: 0.5714, Val: 0.3520, Test: 0.3660
Epoch: 61, Loss: 1.1246, Train: 0.6286, Val: 0.4260, Test: 0.4420
Epoch: 62, Loss: 1.0473, Train: 0.7214, Val: 0.5600, Test: 0.5650
Epoch: 63, Loss: 0.8696, Train: 0.8643, Val: 0.6880, Test: 0.7060
Epoch: 64, Loss: 0.8184, Train: 0.7000, Val: 0.6020, Test: 0.5920
Epoch: 65, Loss: 0.8912, Train: 0.7500, Val: 0.6220, Test: 0.6690
Epoch: 66, Loss: 0.7306, Train: 0.8357, Val: 0.6900, Test: 0.7080
Epoch: 67, Loss: 0.5739, Train: 0.8214, Val: 0.6480, Test: 0.6510
Epoch: 68, Loss: 0.5120, Train: 0.9500, Val: 0.7100, Test: 0.7100
Epoch: 69, Loss: 0.4206, Train: 0.8500, Val: 0.6760, Test: 0.7020
Epoch: 70, Loss: 0.4938, Train: 0.9286, Val: 0.7280, Test: 0.7560
Epoch: 71, Loss: 0.3679, Train: 0.9357, Val: 0.6920, Test: 0.7090
Epoch: 72, Loss: 0.3763, Train: 0.9786, Val: 0.7260, Test: 0.7400
Epoch: 73, Loss: 0.2000, Train: 0.9500, Val: 0.6500, Test: 0.7010
Epoch: 74, Loss: 0.3187, Train: 0.9857, Val: 0.7220, Test: 0.7370
Epoch: 75, Loss: 0.1908, Train: 0.9357, Val: 0.7120, Test: 0.7270
Epoch: 76, Loss: 0.2771, Train: 0.8857, Val: 0.7120, Test: 0.7050
Epoch: 77, Loss: 0.3056, Train: 0.9714, Val: 0.7020, Test: 0.7190
Epoch: 78, Loss: 0.1176, Train: 0.9643, Val: 0.6620, Test: 0.6860
Epoch: 79, Loss: 0.1970, Train: 0.9643, Val: 0.7060, Test: 0.7170
Epoch: 80, Loss: 0.1632, Train: 0.9857, Val: 0.7420, Test: 0.7510
Epoch: 81, Loss: 0.1378, Train: 0.9714, Val: 0.7540, Test: 0.7530
Epoch: 82, Loss: 0.1664, Train: 0.9929, Val: 0.7500, Test: 0.7480
Epoch: 83, Loss: 0.0948, Train: 0.9429, Val: 0.7400, Test: 0.7310
Epoch: 84, Loss: 0.1629, Train: 1.0000, Val: 0.7280, Test: 0.7440
Epoch: 85, Loss: 0.0539, Train: 0.9929, Val: 0.7220, Test: 0.7540
Epoch: 86, Loss: 0.0739, Train: 1.0000, Val: 0.7380, Test: 0.7540
Epoch: 87, Loss: 0.0782, Train: 0.9929, Val: 0.7260, Test: 0.7330
Epoch: 88, Loss: 0.0315, Train: 0.9786, Val: 0.6980, Test: 0.7000
Epoch: 89, Loss: 0.0776, Train: 1.0000, Val: 0.7160, Test: 0.7310
Epoch: 90, Loss: 0.0355, Train: 1.0000, Val: 0.7120, Test: 0.7300
Epoch: 91, Loss: 0.1022, Train: 1.0000, Val: 0.7420, Test: 0.7620
Epoch: 92, Loss: 0.0440, Train: 1.0000, Val: 0.7440, Test: 0.7510
Epoch: 93, Loss: 0.0411, Train: 0.9786, Val: 0.7220, Test: 0.7360
Epoch: 94, Loss: 0.0913, Train: 0.9857, Val: 0.6960, Test: 0.7000
Epoch: 95, Loss: 0.0509, Train: 1.0000, Val: 0.6820, Test: 0.6950
Epoch: 96, Loss: 0.0547, Train: 0.9929, Val: 0.6680, Test: 0.6920
Epoch: 97, Loss: 0.0343, Train: 0.9714, Val: 0.6400, Test: 0.6620
Epoch: 98, Loss: 0.1447, Train: 1.0000, Val: 0.6860, Test: 0.6930
Epoch: 99, Loss: 0.0543, Train: 1.0000, Val: 0.6940, Test: 0.6870
Epoch: 100, Loss: 0.0570, Train: 1.0000, Val: 0.7100, Test: 0.7140
MAD:  0.5682
Best Test Accuracy: 0.7620, Val Accuracy: 0.7420, Train Accuracy: 1.0000
Training completed.
Seed:  4
PMPGNN(
  (convs): ModuleList(
    (0): ParallelGNNBlock(
      (conv1): GATv2Conv(128, 128, heads=8)
      (conv2): GATv2Conv(128, 128, heads=8)
      (norm): LayerNorm((128,), eps=1e-05, elementwise_affine=True)
    )
    (1-6): 6 x ParallelGNNBlock(
      (conv1): GATv2Conv(2048, 128, heads=8)
      (conv2): GATv2Conv(2048, 128, heads=8)
      (norm): LayerNorm((128,), eps=1e-05, elementwise_affine=True)
    )
    (7): GATv2Conv(2048, 256, heads=8)
  )
  (norm): LayerNorm((2048,), eps=1e-05, elementwise_affine=True)
  (mlp): Sequential(
    (0): Linear(in_features=2048, out_features=64, bias=True)
    (1): LeakyReLU(negative_slope=0.01)
    (2): Dropout(p=0.3, inplace=False)
    (3): Linear(in_features=64, out_features=7, bias=True)
  )
  (proj): Linear(in_features=1433, out_features=128, bias=True)
)
Epoch: 1, Loss: 1.9661, Train: 0.1429, Val: 0.1140, Test: 0.1030
Epoch: 2, Loss: 1.9910, Train: 0.3000, Val: 0.1940, Test: 0.1850
Epoch: 3, Loss: 1.9528, Train: 0.2143, Val: 0.2800, Test: 0.3030
Epoch: 4, Loss: 1.9712, Train: 0.1714, Val: 0.1260, Test: 0.1420
Epoch: 5, Loss: 1.9588, Train: 0.1429, Val: 0.1220, Test: 0.1300
Epoch: 6, Loss: 1.9632, Train: 0.1429, Val: 0.1620, Test: 0.1490
Epoch: 7, Loss: 1.9561, Train: 0.1429, Val: 0.1620, Test: 0.1490
Epoch: 8, Loss: 1.9681, Train: 0.1429, Val: 0.1620, Test: 0.1490
Epoch: 9, Loss: 1.9523, Train: 0.1429, Val: 0.1620, Test: 0.1490
Epoch: 10, Loss: 1.9574, Train: 0.1429, Val: 0.3160, Test: 0.3190
Epoch: 11, Loss: 1.9561, Train: 0.1429, Val: 0.3160, Test: 0.3190
Epoch: 12, Loss: 1.9572, Train: 0.1429, Val: 0.1140, Test: 0.1030
Epoch: 13, Loss: 1.9579, Train: 0.1429, Val: 0.1140, Test: 0.1030
Epoch: 14, Loss: 1.9495, Train: 0.1429, Val: 0.1140, Test: 0.1030
Epoch: 15, Loss: 1.9513, Train: 0.1429, Val: 0.1140, Test: 0.1030
Epoch: 16, Loss: 1.9522, Train: 0.1429, Val: 0.1140, Test: 0.1030
Epoch: 17, Loss: 1.9458, Train: 0.1429, Val: 0.1140, Test: 0.1030
Epoch: 18, Loss: 1.9464, Train: 0.1429, Val: 0.1140, Test: 0.1030
Epoch: 19, Loss: 1.9480, Train: 0.1429, Val: 0.1140, Test: 0.1030
Epoch: 20, Loss: 1.9489, Train: 0.1429, Val: 0.1140, Test: 0.1030
Epoch: 21, Loss: 1.9427, Train: 0.1429, Val: 0.1140, Test: 0.1030
Epoch: 22, Loss: 1.9586, Train: 0.1429, Val: 0.1140, Test: 0.1030
Epoch: 23, Loss: 1.9555, Train: 0.1429, Val: 0.1140, Test: 0.1030
Epoch: 24, Loss: 1.9402, Train: 0.1429, Val: 0.1560, Test: 0.1440
Epoch: 25, Loss: 1.9536, Train: 0.1429, Val: 0.0580, Test: 0.0640
Epoch: 26, Loss: 1.9483, Train: 0.1429, Val: 0.0580, Test: 0.0640
Epoch: 27, Loss: 1.9431, Train: 0.1429, Val: 0.0580, Test: 0.0640
Epoch: 28, Loss: 1.9477, Train: 0.1429, Val: 0.0580, Test: 0.0640
Epoch: 29, Loss: 1.9560, Train: 0.1429, Val: 0.0580, Test: 0.0640
Epoch: 30, Loss: 1.9469, Train: 0.1429, Val: 0.0580, Test: 0.0640
Epoch: 31, Loss: 1.9498, Train: 0.1429, Val: 0.0580, Test: 0.0640
Epoch: 32, Loss: 1.9402, Train: 0.1429, Val: 0.0580, Test: 0.0640
Epoch: 33, Loss: 1.9505, Train: 0.1429, Val: 0.0580, Test: 0.0640
Epoch: 34, Loss: 1.9442, Train: 0.1429, Val: 0.0580, Test: 0.0640
Epoch: 35, Loss: 1.9409, Train: 0.1429, Val: 0.0580, Test: 0.0640
Epoch: 36, Loss: 1.9455, Train: 0.1429, Val: 0.0580, Test: 0.0640
Epoch: 37, Loss: 1.9477, Train: 0.1429, Val: 0.0580, Test: 0.0640
Epoch: 38, Loss: 1.9495, Train: 0.2714, Val: 0.1540, Test: 0.1530
Epoch: 39, Loss: 1.9502, Train: 0.1786, Val: 0.0820, Test: 0.0780
Epoch: 40, Loss: 1.9430, Train: 0.1429, Val: 0.1620, Test: 0.1490
Epoch: 41, Loss: 1.9525, Train: 0.1429, Val: 0.1620, Test: 0.1490
Epoch: 42, Loss: 1.9469, Train: 0.2500, Val: 0.1360, Test: 0.1450
Epoch: 43, Loss: 1.9467, Train: 0.1429, Val: 0.1160, Test: 0.1030
Epoch: 44, Loss: 1.9499, Train: 0.1429, Val: 0.1140, Test: 0.1030
Epoch: 45, Loss: 1.9458, Train: 0.1429, Val: 0.1140, Test: 0.1030
Epoch: 46, Loss: 1.9453, Train: 0.1429, Val: 0.1140, Test: 0.1030
Epoch: 47, Loss: 1.9460, Train: 0.1429, Val: 0.1140, Test: 0.1030
Epoch: 48, Loss: 1.9518, Train: 0.1429, Val: 0.1140, Test: 0.1030
Epoch: 49, Loss: 1.9525, Train: 0.1429, Val: 0.1140, Test: 0.1030
Epoch: 50, Loss: 1.9465, Train: 0.1429, Val: 0.1140, Test: 0.1030
Epoch: 51, Loss: 1.9450, Train: 0.1429, Val: 0.1140, Test: 0.1030
Epoch: 52, Loss: 1.9450, Train: 0.1429, Val: 0.1140, Test: 0.1030
Epoch: 53, Loss: 1.9477, Train: 0.1429, Val: 0.1140, Test: 0.1030
Epoch: 54, Loss: 1.9467, Train: 0.1429, Val: 0.1140, Test: 0.1030
Epoch: 55, Loss: 1.9455, Train: 0.1429, Val: 0.1140, Test: 0.1030
Epoch: 56, Loss: 1.9457, Train: 0.1429, Val: 0.1140, Test: 0.1030
Epoch: 57, Loss: 1.9458, Train: 0.1429, Val: 0.1140, Test: 0.1030
Epoch: 58, Loss: 1.9465, Train: 0.1429, Val: 0.1140, Test: 0.1030
Epoch: 59, Loss: 1.9449, Train: 0.1429, Val: 0.1140, Test: 0.1030
Epoch: 60, Loss: 1.9443, Train: 0.1429, Val: 0.1140, Test: 0.1030
Epoch: 61, Loss: 1.9468, Train: 0.1429, Val: 0.1140, Test: 0.1030
Epoch: 62, Loss: 1.9430, Train: 0.1429, Val: 0.1140, Test: 0.1030
Epoch: 63, Loss: 1.9462, Train: 0.1429, Val: 0.1140, Test: 0.1030
Epoch: 64, Loss: 1.9446, Train: 0.1429, Val: 0.1140, Test: 0.1030
Epoch: 65, Loss: 1.9502, Train: 0.1429, Val: 0.1140, Test: 0.1030
Epoch: 66, Loss: 1.9361, Train: 0.1429, Val: 0.1140, Test: 0.1030
Epoch: 67, Loss: 1.9442, Train: 0.2429, Val: 0.1180, Test: 0.1160
Epoch: 68, Loss: 1.9408, Train: 0.2857, Val: 0.1560, Test: 0.1460
Epoch: 69, Loss: 1.9450, Train: 0.2500, Val: 0.1240, Test: 0.1270
Epoch: 70, Loss: 1.9434, Train: 0.2500, Val: 0.1340, Test: 0.1310
Epoch: 71, Loss: 1.9425, Train: 0.2857, Val: 0.1560, Test: 0.1480
Epoch: 72, Loss: 1.9392, Train: 0.2429, Val: 0.1180, Test: 0.1170
Epoch: 73, Loss: 1.9318, Train: 0.1929, Val: 0.1140, Test: 0.1110
Epoch: 74, Loss: 1.9408, Train: 0.1929, Val: 0.1140, Test: 0.1120
Epoch: 75, Loss: 1.9131, Train: 0.2357, Val: 0.0940, Test: 0.1240
Epoch: 76, Loss: 1.9131, Train: 0.3286, Val: 0.1620, Test: 0.1790
Epoch: 77, Loss: 1.8772, Train: 0.3429, Val: 0.1860, Test: 0.1900
Epoch: 78, Loss: 1.8508, Train: 0.2857, Val: 0.1220, Test: 0.1480
Epoch: 79, Loss: 1.7856, Train: 0.3000, Val: 0.1300, Test: 0.1480
Epoch: 80, Loss: 1.7668, Train: 0.3071, Val: 0.1500, Test: 0.1710
Epoch: 81, Loss: 1.7781, Train: 0.4214, Val: 0.2460, Test: 0.2570
Epoch: 82, Loss: 1.7049, Train: 0.2857, Val: 0.2120, Test: 0.2020
Epoch: 83, Loss: 1.6614, Train: 0.4286, Val: 0.3260, Test: 0.3150
Epoch: 84, Loss: 1.5197, Train: 0.4714, Val: 0.3020, Test: 0.3270
Epoch: 85, Loss: 1.4668, Train: 0.5786, Val: 0.4360, Test: 0.4310
Epoch: 86, Loss: 1.4315, Train: 0.3786, Val: 0.2400, Test: 0.2380
Epoch: 87, Loss: 1.5769, Train: 0.5000, Val: 0.4080, Test: 0.3890
Epoch: 88, Loss: 1.2302, Train: 0.4714, Val: 0.3560, Test: 0.3410
Epoch: 89, Loss: 1.5165, Train: 0.5071, Val: 0.4780, Test: 0.4490
Epoch: 90, Loss: 1.1192, Train: 0.4286, Val: 0.3900, Test: 0.3940
Epoch: 91, Loss: 1.3035, Train: 0.5500, Val: 0.5560, Test: 0.5290
Epoch: 92, Loss: 1.2354, Train: 0.7571, Val: 0.6100, Test: 0.6130
Epoch: 93, Loss: 0.9949, Train: 0.6786, Val: 0.5220, Test: 0.5250
Epoch: 94, Loss: 0.9747, Train: 0.6714, Val: 0.5020, Test: 0.4880
Epoch: 95, Loss: 0.8888, Train: 0.5500, Val: 0.3980, Test: 0.4140
Epoch: 96, Loss: 1.1286, Train: 0.6857, Val: 0.5300, Test: 0.5120
Epoch: 97, Loss: 0.9035, Train: 0.8071, Val: 0.5260, Test: 0.5360
Epoch: 98, Loss: 0.7446, Train: 0.8571, Val: 0.6260, Test: 0.6450
Epoch: 99, Loss: 0.6494, Train: 0.7214, Val: 0.5680, Test: 0.5860
Epoch: 100, Loss: 0.7450, Train: 0.7500, Val: 0.5480, Test: 0.5400
MAD:  0.4115
Best Test Accuracy: 0.6450, Val Accuracy: 0.6260, Train Accuracy: 0.8571
Training completed.
Seed:  5
PMPGNN(
  (convs): ModuleList(
    (0): ParallelGNNBlock(
      (conv1): GATv2Conv(128, 128, heads=8)
      (conv2): GATv2Conv(128, 128, heads=8)
      (norm): LayerNorm((128,), eps=1e-05, elementwise_affine=True)
    )
    (1-6): 6 x ParallelGNNBlock(
      (conv1): GATv2Conv(2048, 128, heads=8)
      (conv2): GATv2Conv(2048, 128, heads=8)
      (norm): LayerNorm((128,), eps=1e-05, elementwise_affine=True)
    )
    (7): GATv2Conv(2048, 256, heads=8)
  )
  (norm): LayerNorm((2048,), eps=1e-05, elementwise_affine=True)
  (mlp): Sequential(
    (0): Linear(in_features=2048, out_features=64, bias=True)
    (1): LeakyReLU(negative_slope=0.01)
    (2): Dropout(p=0.3, inplace=False)
    (3): Linear(in_features=64, out_features=7, bias=True)
  )
  (proj): Linear(in_features=1433, out_features=128, bias=True)
)
Epoch: 1, Loss: 2.0048, Train: 0.1429, Val: 0.1140, Test: 0.1030
Epoch: 2, Loss: 1.9703, Train: 0.2286, Val: 0.1200, Test: 0.1320
Epoch: 3, Loss: 1.9755, Train: 0.1429, Val: 0.0720, Test: 0.0910
Epoch: 4, Loss: 1.9778, Train: 0.1429, Val: 0.0720, Test: 0.0910
Epoch: 5, Loss: 1.9687, Train: 0.1786, Val: 0.1000, Test: 0.1260
Epoch: 6, Loss: 1.9437, Train: 0.2071, Val: 0.1740, Test: 0.1730
Epoch: 7, Loss: 1.9686, Train: 0.1429, Val: 0.1620, Test: 0.1490
Epoch: 8, Loss: 1.9415, Train: 0.1429, Val: 0.0580, Test: 0.0640
Epoch: 9, Loss: 1.9705, Train: 0.1429, Val: 0.0580, Test: 0.0640
Epoch: 10, Loss: 1.9679, Train: 0.1429, Val: 0.1560, Test: 0.1440
Epoch: 11, Loss: 1.9499, Train: 0.1429, Val: 0.1560, Test: 0.1440
Epoch: 12, Loss: 1.9617, Train: 0.1429, Val: 0.1560, Test: 0.1440
Epoch: 13, Loss: 1.9561, Train: 0.1429, Val: 0.1560, Test: 0.1440
Epoch: 14, Loss: 1.9455, Train: 0.1429, Val: 0.1220, Test: 0.1300
Epoch: 15, Loss: 1.9446, Train: 0.1429, Val: 0.1220, Test: 0.1300
Epoch: 16, Loss: 1.9340, Train: 0.1429, Val: 0.1220, Test: 0.1300
Epoch: 17, Loss: 1.9533, Train: 0.2643, Val: 0.1480, Test: 0.1700
Epoch: 18, Loss: 1.9280, Train: 0.1429, Val: 0.0580, Test: 0.0640
Epoch: 19, Loss: 1.9504, Train: 0.1429, Val: 0.0580, Test: 0.0670
Epoch: 20, Loss: 1.9490, Train: 0.3429, Val: 0.2420, Test: 0.2430
Epoch: 21, Loss: 1.9627, Train: 0.2857, Val: 0.2680, Test: 0.2650
Epoch: 22, Loss: 1.9427, Train: 0.1429, Val: 0.1220, Test: 0.1300
Epoch: 23, Loss: 1.9414, Train: 0.1857, Val: 0.1860, Test: 0.1840
Epoch: 24, Loss: 1.9454, Train: 0.1429, Val: 0.0720, Test: 0.0910
Epoch: 25, Loss: 1.9475, Train: 0.1429, Val: 0.0720, Test: 0.0910
Epoch: 26, Loss: 1.9502, Train: 0.1429, Val: 0.0720, Test: 0.0910
Epoch: 27, Loss: 1.9429, Train: 0.1429, Val: 0.0720, Test: 0.0910
Epoch: 28, Loss: 1.9367, Train: 0.1429, Val: 0.0720, Test: 0.0910
Epoch: 29, Loss: 1.9403, Train: 0.1429, Val: 0.0720, Test: 0.0910
Epoch: 30, Loss: 1.9368, Train: 0.1429, Val: 0.0720, Test: 0.0910
Epoch: 31, Loss: 1.9382, Train: 0.1429, Val: 0.0720, Test: 0.0910
Epoch: 32, Loss: 1.9364, Train: 0.3571, Val: 0.1960, Test: 0.2240
Epoch: 33, Loss: 1.9294, Train: 0.3571, Val: 0.2400, Test: 0.2480
Epoch: 34, Loss: 1.9114, Train: 0.1857, Val: 0.0860, Test: 0.0990
Epoch: 35, Loss: 1.9110, Train: 0.1500, Val: 0.0580, Test: 0.0690
Epoch: 36, Loss: 1.9193, Train: 0.3214, Val: 0.2600, Test: 0.2510
Epoch: 37, Loss: 1.8824, Train: 0.3500, Val: 0.2860, Test: 0.2620
Epoch: 38, Loss: 1.8506, Train: 0.3143, Val: 0.2380, Test: 0.2290
Epoch: 39, Loss: 1.8212, Train: 0.3286, Val: 0.2300, Test: 0.2240
Epoch: 40, Loss: 1.7741, Train: 0.3143, Val: 0.2240, Test: 0.2290
Epoch: 41, Loss: 1.7007, Train: 0.2929, Val: 0.2040, Test: 0.2000
Epoch: 42, Loss: 1.6389, Train: 0.2857, Val: 0.2220, Test: 0.2070
Epoch: 43, Loss: 1.5868, Train: 0.2929, Val: 0.2120, Test: 0.2060
Epoch: 44, Loss: 1.6176, Train: 0.2929, Val: 0.2060, Test: 0.2030
Epoch: 45, Loss: 1.6207, Train: 0.3429, Val: 0.2240, Test: 0.2210
Epoch: 46, Loss: 1.4891, Train: 0.3929, Val: 0.2240, Test: 0.2340
Epoch: 47, Loss: 1.5262, Train: 0.3857, Val: 0.1940, Test: 0.1950
Epoch: 48, Loss: 1.4639, Train: 0.4000, Val: 0.2040, Test: 0.2080
Epoch: 49, Loss: 1.4637, Train: 0.3786, Val: 0.1900, Test: 0.2010
Epoch: 50, Loss: 1.4169, Train: 0.5357, Val: 0.3860, Test: 0.3900
Epoch: 51, Loss: 1.3471, Train: 0.3786, Val: 0.3560, Test: 0.3990
Epoch: 52, Loss: 1.3004, Train: 0.4000, Val: 0.3880, Test: 0.4300
Epoch: 53, Loss: 1.3071, Train: 0.4571, Val: 0.4320, Test: 0.4420
Epoch: 54, Loss: 1.2444, Train: 0.4500, Val: 0.3340, Test: 0.3750
Epoch: 55, Loss: 1.1928, Train: 0.4286, Val: 0.2760, Test: 0.2920
Epoch: 56, Loss: 1.1666, Train: 0.4429, Val: 0.2960, Test: 0.3010
Epoch: 57, Loss: 1.1095, Train: 0.4357, Val: 0.2760, Test: 0.2900
Epoch: 58, Loss: 1.2853, Train: 0.4429, Val: 0.2640, Test: 0.2790
Epoch: 59, Loss: 1.2406, Train: 0.4143, Val: 0.2480, Test: 0.2720
Epoch: 60, Loss: 1.2806, Train: 0.5286, Val: 0.2520, Test: 0.2970
Epoch: 61, Loss: 1.0767, Train: 0.4857, Val: 0.3020, Test: 0.3270
Epoch: 62, Loss: 1.1058, Train: 0.4786, Val: 0.3260, Test: 0.3440
Epoch: 63, Loss: 1.1880, Train: 0.5714, Val: 0.3900, Test: 0.4060
Epoch: 64, Loss: 0.9665, Train: 0.6214, Val: 0.3940, Test: 0.4050
Epoch: 65, Loss: 0.9763, Train: 0.6143, Val: 0.4460, Test: 0.4630
Epoch: 66, Loss: 0.9473, Train: 0.7500, Val: 0.5340, Test: 0.5790
Epoch: 67, Loss: 0.8017, Train: 0.5929, Val: 0.3900, Test: 0.4100
Epoch: 68, Loss: 0.9461, Train: 0.6357, Val: 0.3960, Test: 0.4220
Epoch: 69, Loss: 0.8296, Train: 0.6857, Val: 0.4920, Test: 0.5360
Epoch: 70, Loss: 0.7748, Train: 0.6786, Val: 0.5160, Test: 0.5710
Epoch: 71, Loss: 0.7902, Train: 0.7429, Val: 0.5160, Test: 0.5770
Epoch: 72, Loss: 0.7290, Train: 0.7786, Val: 0.5240, Test: 0.5870
Epoch: 73, Loss: 0.7271, Train: 0.7714, Val: 0.5120, Test: 0.5610
Epoch: 74, Loss: 0.6741, Train: 0.8286, Val: 0.5800, Test: 0.6180
Epoch: 75, Loss: 0.5930, Train: 0.8143, Val: 0.5460, Test: 0.6000
Epoch: 76, Loss: 0.5920, Train: 0.8143, Val: 0.5480, Test: 0.5900
Epoch: 77, Loss: 0.6109, Train: 0.8857, Val: 0.6000, Test: 0.6370
Epoch: 78, Loss: 0.5285, Train: 0.9143, Val: 0.5940, Test: 0.6290
Epoch: 79, Loss: 0.5065, Train: 0.8000, Val: 0.5220, Test: 0.5520
Epoch: 80, Loss: 0.5278, Train: 0.8429, Val: 0.5880, Test: 0.6100
Epoch: 81, Loss: 0.5141, Train: 0.8714, Val: 0.6080, Test: 0.6090
Epoch: 82, Loss: 0.5106, Train: 0.9286, Val: 0.6080, Test: 0.6500
Epoch: 83, Loss: 0.4394, Train: 0.9286, Val: 0.6280, Test: 0.6430
Epoch: 84, Loss: 0.3931, Train: 0.9429, Val: 0.6340, Test: 0.6590
Epoch: 85, Loss: 0.3586, Train: 0.9643, Val: 0.6340, Test: 0.6710
Epoch: 86, Loss: 0.3607, Train: 0.9500, Val: 0.6380, Test: 0.6710
Epoch: 87, Loss: 0.3286, Train: 0.9214, Val: 0.6400, Test: 0.6610
Epoch: 88, Loss: 0.3084, Train: 0.8429, Val: 0.5800, Test: 0.6190
Epoch: 89, Loss: 0.4482, Train: 0.9429, Val: 0.6240, Test: 0.6710
Epoch: 90, Loss: 0.2839, Train: 0.8786, Val: 0.5900, Test: 0.6550
Epoch: 91, Loss: 0.3655, Train: 0.9786, Val: 0.6380, Test: 0.6800
Epoch: 92, Loss: 0.2846, Train: 0.9500, Val: 0.6320, Test: 0.6720
Epoch: 93, Loss: 0.2773, Train: 0.9571, Val: 0.6160, Test: 0.6660
Epoch: 94, Loss: 0.2640, Train: 0.9857, Val: 0.6160, Test: 0.6600
Epoch: 95, Loss: 0.2122, Train: 0.9857, Val: 0.6380, Test: 0.6810
Epoch: 96, Loss: 0.2797, Train: 0.9857, Val: 0.6480, Test: 0.6790
Epoch: 97, Loss: 0.1751, Train: 0.9786, Val: 0.6420, Test: 0.6680
Epoch: 98, Loss: 0.1755, Train: 0.9857, Val: 0.6600, Test: 0.6940
Epoch: 99, Loss: 0.1747, Train: 1.0000, Val: 0.6660, Test: 0.7020
Epoch: 100, Loss: 0.2038, Train: 0.9786, Val: 0.5960, Test: 0.6340
MAD:  0.5145
Best Test Accuracy: 0.7020, Val Accuracy: 0.6660, Train Accuracy: 1.0000
Training completed.
Seed:  6
PMPGNN(
  (convs): ModuleList(
    (0): ParallelGNNBlock(
      (conv1): GATv2Conv(128, 128, heads=8)
      (conv2): GATv2Conv(128, 128, heads=8)
      (norm): LayerNorm((128,), eps=1e-05, elementwise_affine=True)
    )
    (1-6): 6 x ParallelGNNBlock(
      (conv1): GATv2Conv(2048, 128, heads=8)
      (conv2): GATv2Conv(2048, 128, heads=8)
      (norm): LayerNorm((128,), eps=1e-05, elementwise_affine=True)
    )
    (7): GATv2Conv(2048, 256, heads=8)
  )
  (norm): LayerNorm((2048,), eps=1e-05, elementwise_affine=True)
  (mlp): Sequential(
    (0): Linear(in_features=2048, out_features=64, bias=True)
    (1): LeakyReLU(negative_slope=0.01)
    (2): Dropout(p=0.3, inplace=False)
    (3): Linear(in_features=64, out_features=7, bias=True)
  )
  (proj): Linear(in_features=1433, out_features=128, bias=True)
)
Epoch: 1, Loss: 1.9838, Train: 0.1500, Val: 0.0720, Test: 0.0910
Epoch: 2, Loss: 1.9609, Train: 0.1429, Val: 0.1180, Test: 0.1150
Epoch: 3, Loss: 1.9423, Train: 0.1429, Val: 0.0580, Test: 0.0640
Epoch: 4, Loss: 1.9599, Train: 0.1429, Val: 0.0580, Test: 0.0640
Epoch: 5, Loss: 1.9734, Train: 0.1429, Val: 0.1140, Test: 0.1030
Epoch: 6, Loss: 1.9524, Train: 0.1429, Val: 0.0800, Test: 0.0910
Epoch: 7, Loss: 1.9631, Train: 0.1429, Val: 0.1620, Test: 0.1490
Epoch: 8, Loss: 1.9977, Train: 0.1429, Val: 0.0580, Test: 0.0640
Epoch: 9, Loss: 1.9465, Train: 0.1429, Val: 0.0580, Test: 0.0640
Epoch: 10, Loss: 1.9322, Train: 0.1429, Val: 0.0580, Test: 0.0640
Epoch: 11, Loss: 1.9685, Train: 0.1429, Val: 0.0580, Test: 0.0640
Epoch: 12, Loss: 1.9529, Train: 0.1429, Val: 0.1560, Test: 0.1440
Epoch: 13, Loss: 1.9561, Train: 0.1429, Val: 0.1560, Test: 0.1440
Epoch: 14, Loss: 1.9531, Train: 0.1429, Val: 0.0720, Test: 0.0910
Epoch: 15, Loss: 1.9489, Train: 0.1429, Val: 0.0720, Test: 0.0910
Epoch: 16, Loss: 1.9482, Train: 0.1429, Val: 0.0720, Test: 0.0910
Epoch: 17, Loss: 1.9477, Train: 0.1429, Val: 0.0720, Test: 0.0910
Epoch: 18, Loss: 1.9400, Train: 0.1429, Val: 0.0720, Test: 0.0910
Epoch: 19, Loss: 1.9453, Train: 0.1429, Val: 0.1620, Test: 0.1490
Epoch: 20, Loss: 1.9550, Train: 0.1429, Val: 0.1620, Test: 0.1490
Epoch: 21, Loss: 1.9523, Train: 0.1429, Val: 0.1620, Test: 0.1490
Epoch: 22, Loss: 1.9462, Train: 0.1429, Val: 0.1620, Test: 0.1490
Epoch: 23, Loss: 1.9464, Train: 0.1429, Val: 0.1620, Test: 0.1490
Epoch: 24, Loss: 1.9518, Train: 0.1429, Val: 0.1220, Test: 0.1300
Epoch: 25, Loss: 1.9387, Train: 0.1429, Val: 0.1220, Test: 0.1300
Epoch: 26, Loss: 1.9404, Train: 0.1429, Val: 0.1220, Test: 0.1300
Epoch: 27, Loss: 1.9446, Train: 0.1429, Val: 0.1220, Test: 0.1300
Epoch: 28, Loss: 1.9440, Train: 0.1429, Val: 0.1220, Test: 0.1300
Epoch: 29, Loss: 1.9471, Train: 0.1429, Val: 0.1220, Test: 0.1300
Epoch: 30, Loss: 1.9499, Train: 0.1429, Val: 0.1220, Test: 0.1300
Epoch: 31, Loss: 1.9514, Train: 0.1429, Val: 0.1220, Test: 0.1300
Epoch: 32, Loss: 1.9478, Train: 0.1429, Val: 0.1220, Test: 0.1300
Epoch: 33, Loss: 1.9363, Train: 0.1429, Val: 0.1560, Test: 0.1440
Epoch: 34, Loss: 1.9385, Train: 0.1429, Val: 0.1560, Test: 0.1440
Epoch: 35, Loss: 1.9315, Train: 0.1429, Val: 0.1620, Test: 0.1540
Epoch: 36, Loss: 1.9523, Train: 0.1429, Val: 0.1560, Test: 0.1440
Epoch: 37, Loss: 1.9536, Train: 0.1429, Val: 0.1560, Test: 0.1440
Epoch: 38, Loss: 1.9345, Train: 0.1429, Val: 0.1560, Test: 0.1440
Epoch: 39, Loss: 1.9328, Train: 0.1500, Val: 0.1560, Test: 0.1460
Epoch: 40, Loss: 1.9387, Train: 0.1500, Val: 0.1640, Test: 0.1500
Epoch: 41, Loss: 1.9413, Train: 0.2214, Val: 0.2220, Test: 0.2410
Epoch: 42, Loss: 1.9349, Train: 0.1500, Val: 0.3140, Test: 0.3200
Epoch: 43, Loss: 1.9254, Train: 0.1857, Val: 0.3160, Test: 0.3230
Epoch: 44, Loss: 1.9265, Train: 0.2429, Val: 0.3420, Test: 0.3450
Epoch: 45, Loss: 1.9088, Train: 0.2929, Val: 0.3220, Test: 0.3500
Epoch: 46, Loss: 1.8966, Train: 0.3429, Val: 0.2800, Test: 0.3200
Epoch: 47, Loss: 1.8254, Train: 0.4286, Val: 0.3120, Test: 0.3260
Epoch: 48, Loss: 1.7719, Train: 0.3357, Val: 0.2340, Test: 0.2350
Epoch: 49, Loss: 1.7065, Train: 0.3000, Val: 0.2200, Test: 0.2200
Epoch: 50, Loss: 1.7041, Train: 0.2929, Val: 0.2260, Test: 0.2120
Epoch: 51, Loss: 1.5332, Train: 0.2571, Val: 0.1560, Test: 0.1640
Epoch: 52, Loss: 1.7480, Train: 0.4143, Val: 0.2940, Test: 0.2730
Epoch: 53, Loss: 1.4561, Train: 0.4214, Val: 0.3080, Test: 0.2960
Epoch: 54, Loss: 1.5143, Train: 0.3786, Val: 0.1900, Test: 0.2070
Epoch: 55, Loss: 1.4227, Train: 0.4429, Val: 0.2720, Test: 0.2910
Epoch: 56, Loss: 1.2684, Train: 0.4429, Val: 0.2720, Test: 0.2880
Epoch: 57, Loss: 1.2768, Train: 0.4643, Val: 0.3000, Test: 0.3010
Epoch: 58, Loss: 1.2591, Train: 0.5071, Val: 0.3520, Test: 0.3710
Epoch: 59, Loss: 1.1203, Train: 0.5143, Val: 0.3740, Test: 0.3680
Epoch: 60, Loss: 1.1782, Train: 0.4214, Val: 0.3160, Test: 0.3290
Epoch: 61, Loss: 1.2533, Train: 0.5071, Val: 0.3360, Test: 0.3440
Epoch: 62, Loss: 1.0012, Train: 0.5714, Val: 0.3540, Test: 0.3710
Epoch: 63, Loss: 0.9560, Train: 0.5786, Val: 0.3840, Test: 0.3640
Epoch: 64, Loss: 0.8856, Train: 0.5786, Val: 0.3920, Test: 0.4000
Epoch: 65, Loss: 0.9317, Train: 0.6000, Val: 0.4240, Test: 0.4330
Epoch: 66, Loss: 0.8567, Train: 0.7071, Val: 0.4840, Test: 0.4980
Epoch: 67, Loss: 0.7387, Train: 0.7143, Val: 0.4560, Test: 0.4700
Epoch: 68, Loss: 0.7523, Train: 0.7071, Val: 0.4440, Test: 0.4590
Epoch: 69, Loss: 0.7235, Train: 0.7429, Val: 0.5220, Test: 0.5170
Epoch: 70, Loss: 0.6906, Train: 0.7643, Val: 0.5340, Test: 0.5390
Epoch: 71, Loss: 0.6569, Train: 0.8071, Val: 0.5580, Test: 0.5600
Epoch: 72, Loss: 0.5724, Train: 0.7500, Val: 0.5300, Test: 0.5470
Epoch: 73, Loss: 0.5237, Train: 0.7786, Val: 0.5540, Test: 0.5720
Epoch: 74, Loss: 0.5287, Train: 0.7929, Val: 0.5500, Test: 0.5730
Epoch: 75, Loss: 0.5447, Train: 0.7786, Val: 0.5160, Test: 0.5490
Epoch: 76, Loss: 0.4912, Train: 0.7929, Val: 0.5300, Test: 0.5530
Epoch: 77, Loss: 0.4699, Train: 0.8143, Val: 0.5700, Test: 0.5990
Epoch: 78, Loss: 0.4518, Train: 0.8286, Val: 0.5760, Test: 0.6020
Epoch: 79, Loss: 0.4570, Train: 0.8214, Val: 0.5760, Test: 0.5940
Epoch: 80, Loss: 0.4128, Train: 0.8143, Val: 0.5660, Test: 0.5850
Epoch: 81, Loss: 0.4144, Train: 0.8143, Val: 0.5580, Test: 0.5790
Epoch: 82, Loss: 0.4097, Train: 0.7929, Val: 0.5600, Test: 0.5650
Epoch: 83, Loss: 0.4321, Train: 0.8357, Val: 0.5720, Test: 0.5750
Epoch: 84, Loss: 0.3790, Train: 0.8357, Val: 0.5640, Test: 0.5760
Epoch: 85, Loss: 0.3722, Train: 0.8500, Val: 0.5800, Test: 0.5830
Epoch: 86, Loss: 0.3775, Train: 0.8857, Val: 0.6020, Test: 0.6240
Epoch: 87, Loss: 0.3687, Train: 0.9643, Val: 0.6560, Test: 0.6750
Epoch: 88, Loss: 0.3040, Train: 0.9500, Val: 0.6400, Test: 0.6750
Epoch: 89, Loss: 0.3041, Train: 0.9714, Val: 0.6580, Test: 0.6920
Epoch: 90, Loss: 0.2442, Train: 0.9429, Val: 0.6500, Test: 0.6730
Epoch: 91, Loss: 0.2445, Train: 0.9929, Val: 0.6540, Test: 0.6810
Epoch: 92, Loss: 0.2115, Train: 0.9286, Val: 0.6280, Test: 0.6490
Epoch: 93, Loss: 0.2050, Train: 1.0000, Val: 0.6720, Test: 0.6900
Epoch: 94, Loss: 0.1832, Train: 0.9929, Val: 0.6760, Test: 0.6910
Epoch: 95, Loss: 0.1615, Train: 1.0000, Val: 0.6760, Test: 0.6990
Epoch: 96, Loss: 0.0999, Train: 0.9857, Val: 0.6660, Test: 0.6780
Epoch: 97, Loss: 0.1295, Train: 1.0000, Val: 0.6760, Test: 0.6980
Epoch: 98, Loss: 0.0829, Train: 1.0000, Val: 0.6820, Test: 0.6940
Epoch: 99, Loss: 0.0889, Train: 1.0000, Val: 0.6880, Test: 0.6990
Epoch: 100, Loss: 0.0672, Train: 1.0000, Val: 0.6740, Test: 0.6970
MAD:  0.5697
Best Test Accuracy: 0.6990, Val Accuracy: 0.6760, Train Accuracy: 1.0000
Training completed.
Seed:  7
PMPGNN(
  (convs): ModuleList(
    (0): ParallelGNNBlock(
      (conv1): GATv2Conv(128, 128, heads=8)
      (conv2): GATv2Conv(128, 128, heads=8)
      (norm): LayerNorm((128,), eps=1e-05, elementwise_affine=True)
    )
    (1-6): 6 x ParallelGNNBlock(
      (conv1): GATv2Conv(2048, 128, heads=8)
      (conv2): GATv2Conv(2048, 128, heads=8)
      (norm): LayerNorm((128,), eps=1e-05, elementwise_affine=True)
    )
    (7): GATv2Conv(2048, 256, heads=8)
  )
  (norm): LayerNorm((2048,), eps=1e-05, elementwise_affine=True)
  (mlp): Sequential(
    (0): Linear(in_features=2048, out_features=64, bias=True)
    (1): LeakyReLU(negative_slope=0.01)
    (2): Dropout(p=0.3, inplace=False)
    (3): Linear(in_features=64, out_features=7, bias=True)
  )
  (proj): Linear(in_features=1433, out_features=128, bias=True)
)
Epoch: 1, Loss: 1.9944, Train: 0.1429, Val: 0.0580, Test: 0.0660
Epoch: 2, Loss: 1.9626, Train: 0.1429, Val: 0.1620, Test: 0.1490
Epoch: 3, Loss: 1.9413, Train: 0.1429, Val: 0.1140, Test: 0.1030
Epoch: 4, Loss: 1.9819, Train: 0.1429, Val: 0.1140, Test: 0.1030
Epoch: 5, Loss: 1.9343, Train: 0.1429, Val: 0.1560, Test: 0.1440
Epoch: 6, Loss: 1.9816, Train: 0.1429, Val: 0.1560, Test: 0.1440
Epoch: 7, Loss: 2.0148, Train: 0.2857, Val: 0.2520, Test: 0.2390
Epoch: 8, Loss: 1.9639, Train: 0.1714, Val: 0.1560, Test: 0.1280
Epoch: 9, Loss: 1.9773, Train: 0.1429, Val: 0.1220, Test: 0.1300
Epoch: 10, Loss: 1.9617, Train: 0.1429, Val: 0.0580, Test: 0.0640
Epoch: 11, Loss: 1.9434, Train: 0.1429, Val: 0.0580, Test: 0.0640
Epoch: 12, Loss: 1.9513, Train: 0.1429, Val: 0.0720, Test: 0.0910
Epoch: 13, Loss: 1.9476, Train: 0.1429, Val: 0.3160, Test: 0.3190
Epoch: 14, Loss: 1.9339, Train: 0.1429, Val: 0.3160, Test: 0.3190
Epoch: 15, Loss: 1.9367, Train: 0.1429, Val: 0.3160, Test: 0.3190
Epoch: 16, Loss: 1.9355, Train: 0.1429, Val: 0.1220, Test: 0.1300
Epoch: 17, Loss: 1.9382, Train: 0.1429, Val: 0.1220, Test: 0.1300
Epoch: 18, Loss: 1.9508, Train: 0.1429, Val: 0.1220, Test: 0.1300
Epoch: 19, Loss: 1.9418, Train: 0.1429, Val: 0.0720, Test: 0.0910
Epoch: 20, Loss: 1.9341, Train: 0.1429, Val: 0.0720, Test: 0.0910
Epoch: 21, Loss: 1.9434, Train: 0.1429, Val: 0.0720, Test: 0.0910
Epoch: 22, Loss: 1.9426, Train: 0.2571, Val: 0.2100, Test: 0.2080
Epoch: 23, Loss: 1.9324, Train: 0.1429, Val: 0.1560, Test: 0.1440
Epoch: 24, Loss: 1.9338, Train: 0.3071, Val: 0.2020, Test: 0.1920
Epoch: 25, Loss: 1.9583, Train: 0.3000, Val: 0.1760, Test: 0.1690
Epoch: 26, Loss: 1.9421, Train: 0.1429, Val: 0.1140, Test: 0.1030
Epoch: 27, Loss: 1.9221, Train: 0.1429, Val: 0.1140, Test: 0.1050
Epoch: 28, Loss: 1.9068, Train: 0.3286, Val: 0.2600, Test: 0.2780
Epoch: 29, Loss: 1.9143, Train: 0.3143, Val: 0.3200, Test: 0.3620
Epoch: 30, Loss: 1.8714, Train: 0.3857, Val: 0.3660, Test: 0.4160
Epoch: 31, Loss: 1.8474, Train: 0.2786, Val: 0.3000, Test: 0.3420
Epoch: 32, Loss: 1.7466, Train: 0.3286, Val: 0.2440, Test: 0.2460
Epoch: 33, Loss: 1.6940, Train: 0.2929, Val: 0.2200, Test: 0.2230
Epoch: 34, Loss: 1.6090, Train: 0.3357, Val: 0.2400, Test: 0.2330
Epoch: 35, Loss: 1.5732, Train: 0.3000, Val: 0.2080, Test: 0.2090
Epoch: 36, Loss: 1.5162, Train: 0.3643, Val: 0.2660, Test: 0.2520
Epoch: 37, Loss: 1.4543, Train: 0.4071, Val: 0.2860, Test: 0.2700
Epoch: 38, Loss: 1.5072, Train: 0.3929, Val: 0.3740, Test: 0.3900
Epoch: 39, Loss: 1.4517, Train: 0.3214, Val: 0.2220, Test: 0.2110
Epoch: 40, Loss: 1.4409, Train: 0.4071, Val: 0.2640, Test: 0.2510
Epoch: 41, Loss: 1.4176, Train: 0.3643, Val: 0.2400, Test: 0.2330
Epoch: 42, Loss: 1.3913, Train: 0.4214, Val: 0.2740, Test: 0.2740
Epoch: 43, Loss: 1.3255, Train: 0.4500, Val: 0.2800, Test: 0.3060
Epoch: 44, Loss: 1.3077, Train: 0.6214, Val: 0.4100, Test: 0.4070
Epoch: 45, Loss: 1.2562, Train: 0.5643, Val: 0.3600, Test: 0.3750
Epoch: 46, Loss: 1.1414, Train: 0.5143, Val: 0.3100, Test: 0.3330
Epoch: 47, Loss: 1.1022, Train: 0.5643, Val: 0.3260, Test: 0.3520
Epoch: 48, Loss: 1.1096, Train: 0.5929, Val: 0.3540, Test: 0.3710
Epoch: 49, Loss: 1.0835, Train: 0.6143, Val: 0.3700, Test: 0.3810
Epoch: 50, Loss: 0.9913, Train: 0.7286, Val: 0.4580, Test: 0.4610
Epoch: 51, Loss: 0.9490, Train: 0.7643, Val: 0.4980, Test: 0.5050
Epoch: 52, Loss: 0.8365, Train: 0.8429, Val: 0.5400, Test: 0.5880
Epoch: 53, Loss: 0.8149, Train: 0.8000, Val: 0.5700, Test: 0.5980
Epoch: 54, Loss: 0.7760, Train: 0.8357, Val: 0.5900, Test: 0.5970
Epoch: 55, Loss: 0.6257, Train: 0.8000, Val: 0.5440, Test: 0.5410
Epoch: 56, Loss: 0.6525, Train: 0.8571, Val: 0.5840, Test: 0.5980
Epoch: 57, Loss: 0.5169, Train: 0.8571, Val: 0.5980, Test: 0.6240
Epoch: 58, Loss: 0.4907, Train: 0.8643, Val: 0.5640, Test: 0.5610
Epoch: 59, Loss: 0.4166, Train: 0.8643, Val: 0.6460, Test: 0.6870
Epoch: 60, Loss: 0.4920, Train: 0.8643, Val: 0.5680, Test: 0.6020
Epoch: 61, Loss: 0.3980, Train: 0.9357, Val: 0.6400, Test: 0.6980
Epoch: 62, Loss: 0.3913, Train: 0.9429, Val: 0.6960, Test: 0.7170
Epoch: 63, Loss: 0.2801, Train: 0.9286, Val: 0.6860, Test: 0.6920
Epoch: 64, Loss: 0.2898, Train: 0.8714, Val: 0.6020, Test: 0.5980
Epoch: 65, Loss: 0.3513, Train: 0.9857, Val: 0.7060, Test: 0.7290
Epoch: 66, Loss: 0.1653, Train: 0.9714, Val: 0.7360, Test: 0.7520
Epoch: 67, Loss: 0.1966, Train: 0.9929, Val: 0.7380, Test: 0.7490
Epoch: 68, Loss: 0.1325, Train: 0.9643, Val: 0.7020, Test: 0.7150
Epoch: 69, Loss: 0.1635, Train: 0.9857, Val: 0.7260, Test: 0.7520
Epoch: 70, Loss: 0.1232, Train: 0.9857, Val: 0.7060, Test: 0.7460
Epoch: 71, Loss: 0.1327, Train: 0.9929, Val: 0.6940, Test: 0.7200
Epoch: 72, Loss: 0.1058, Train: 0.9929, Val: 0.7200, Test: 0.7380
Epoch: 73, Loss: 0.0553, Train: 1.0000, Val: 0.7320, Test: 0.7570
Epoch: 74, Loss: 0.0275, Train: 0.9857, Val: 0.7140, Test: 0.7420
Epoch: 75, Loss: 0.0669, Train: 1.0000, Val: 0.7240, Test: 0.7530
Epoch: 76, Loss: 0.0332, Train: 0.9857, Val: 0.6940, Test: 0.7150
Epoch: 77, Loss: 0.1025, Train: 0.9929, Val: 0.7260, Test: 0.7650
Epoch: 78, Loss: 0.0557, Train: 0.9929, Val: 0.7260, Test: 0.7700
Epoch: 79, Loss: 0.0513, Train: 1.0000, Val: 0.7240, Test: 0.7670
Epoch: 80, Loss: 0.0297, Train: 1.0000, Val: 0.7200, Test: 0.7510
Epoch: 81, Loss: 0.0197, Train: 1.0000, Val: 0.7120, Test: 0.7470
Epoch: 82, Loss: 0.0192, Train: 1.0000, Val: 0.7060, Test: 0.7300
Epoch: 83, Loss: 0.0306, Train: 1.0000, Val: 0.7160, Test: 0.7490
Epoch: 84, Loss: 0.0262, Train: 1.0000, Val: 0.7360, Test: 0.7620
Epoch: 85, Loss: 0.0253, Train: 0.9929, Val: 0.7440, Test: 0.7770
Epoch: 86, Loss: 0.0122, Train: 1.0000, Val: 0.7520, Test: 0.7870
Epoch: 87, Loss: 0.0086, Train: 1.0000, Val: 0.7540, Test: 0.7900
Epoch: 88, Loss: 0.0085, Train: 1.0000, Val: 0.7280, Test: 0.7880
Epoch: 89, Loss: 0.0279, Train: 1.0000, Val: 0.7540, Test: 0.7900
Epoch: 90, Loss: 0.0055, Train: 0.9857, Val: 0.7400, Test: 0.7700
Epoch: 91, Loss: 0.0298, Train: 1.0000, Val: 0.7400, Test: 0.7630
Epoch: 92, Loss: 0.0252, Train: 0.9929, Val: 0.7160, Test: 0.7310
Epoch: 93, Loss: 0.0565, Train: 0.9857, Val: 0.7160, Test: 0.7470
Epoch: 94, Loss: 0.1111, Train: 1.0000, Val: 0.7460, Test: 0.7820
Epoch: 95, Loss: 0.0317, Train: 0.9643, Val: 0.7220, Test: 0.7570
Epoch: 96, Loss: 0.1485, Train: 1.0000, Val: 0.7520, Test: 0.7910
Epoch: 97, Loss: 0.0048, Train: 0.9929, Val: 0.7040, Test: 0.7480
Epoch: 98, Loss: 0.0212, Train: 0.9643, Val: 0.6360, Test: 0.6800
Epoch: 99, Loss: 0.1109, Train: 1.0000, Val: 0.7140, Test: 0.7760
Epoch: 100, Loss: 0.0118, Train: 1.0000, Val: 0.7360, Test: 0.7950
MAD:  0.5553
Best Test Accuracy: 0.7950, Val Accuracy: 0.7360, Train Accuracy: 1.0000
Training completed.
Seed:  8
PMPGNN(
  (convs): ModuleList(
    (0): ParallelGNNBlock(
      (conv1): GATv2Conv(128, 128, heads=8)
      (conv2): GATv2Conv(128, 128, heads=8)
      (norm): LayerNorm((128,), eps=1e-05, elementwise_affine=True)
    )
    (1-6): 6 x ParallelGNNBlock(
      (conv1): GATv2Conv(2048, 128, heads=8)
      (conv2): GATv2Conv(2048, 128, heads=8)
      (norm): LayerNorm((128,), eps=1e-05, elementwise_affine=True)
    )
    (7): GATv2Conv(2048, 256, heads=8)
  )
  (norm): LayerNorm((2048,), eps=1e-05, elementwise_affine=True)
  (mlp): Sequential(
    (0): Linear(in_features=2048, out_features=64, bias=True)
    (1): LeakyReLU(negative_slope=0.01)
    (2): Dropout(p=0.3, inplace=False)
    (3): Linear(in_features=64, out_features=7, bias=True)
  )
  (proj): Linear(in_features=1433, out_features=128, bias=True)
)
Epoch: 1, Loss: 1.9958, Train: 0.1429, Val: 0.0720, Test: 0.0910
Epoch: 2, Loss: 2.0060, Train: 0.1429, Val: 0.1220, Test: 0.1300
Epoch: 3, Loss: 1.9690, Train: 0.1429, Val: 0.3160, Test: 0.3190
Epoch: 4, Loss: 1.9531, Train: 0.1429, Val: 0.3160, Test: 0.3190
Epoch: 5, Loss: 1.9781, Train: 0.1429, Val: 0.0720, Test: 0.0910
Epoch: 6, Loss: 1.9494, Train: 0.2571, Val: 0.1660, Test: 0.1830
Epoch: 7, Loss: 1.9330, Train: 0.2714, Val: 0.1840, Test: 0.1880
Epoch: 8, Loss: 1.9801, Train: 0.1429, Val: 0.1220, Test: 0.1300
Epoch: 9, Loss: 1.9903, Train: 0.1429, Val: 0.0720, Test: 0.0910
Epoch: 10, Loss: 1.9597, Train: 0.1429, Val: 0.1220, Test: 0.1300
Epoch: 11, Loss: 1.9450, Train: 0.1429, Val: 0.1560, Test: 0.1440
Epoch: 12, Loss: 1.9488, Train: 0.1429, Val: 0.1560, Test: 0.1440
Epoch: 13, Loss: 1.9579, Train: 0.1429, Val: 0.1560, Test: 0.1440
Epoch: 14, Loss: 1.9644, Train: 0.1429, Val: 0.1220, Test: 0.1300
Epoch: 15, Loss: 1.9575, Train: 0.1429, Val: 0.1220, Test: 0.1300
Epoch: 16, Loss: 1.9578, Train: 0.1429, Val: 0.1220, Test: 0.1300
Epoch: 17, Loss: 1.9496, Train: 0.1429, Val: 0.0720, Test: 0.0910
Epoch: 18, Loss: 1.9531, Train: 0.1429, Val: 0.0720, Test: 0.0910
Epoch: 19, Loss: 1.9493, Train: 0.1429, Val: 0.0720, Test: 0.0910
Epoch: 20, Loss: 1.9477, Train: 0.1429, Val: 0.0720, Test: 0.0910
Epoch: 21, Loss: 1.9479, Train: 0.1429, Val: 0.0720, Test: 0.0910
Epoch: 22, Loss: 1.9507, Train: 0.1429, Val: 0.0720, Test: 0.0910
Epoch: 23, Loss: 1.9496, Train: 0.1429, Val: 0.0720, Test: 0.0910
Epoch: 24, Loss: 1.9484, Train: 0.1429, Val: 0.0720, Test: 0.0910
Epoch: 25, Loss: 1.9463, Train: 0.1429, Val: 0.0720, Test: 0.0910
Epoch: 26, Loss: 1.9493, Train: 0.1429, Val: 0.0720, Test: 0.0910
Epoch: 27, Loss: 1.9485, Train: 0.1429, Val: 0.0720, Test: 0.0910
Epoch: 28, Loss: 1.9478, Train: 0.1429, Val: 0.0720, Test: 0.0910
Epoch: 29, Loss: 1.9461, Train: 0.1429, Val: 0.0720, Test: 0.0910
Epoch: 30, Loss: 1.9463, Train: 0.1429, Val: 0.1620, Test: 0.1490
Epoch: 31, Loss: 1.9483, Train: 0.1429, Val: 0.1620, Test: 0.1490
Epoch: 32, Loss: 1.9457, Train: 0.1429, Val: 0.0720, Test: 0.0910
Epoch: 33, Loss: 1.9429, Train: 0.1429, Val: 0.0720, Test: 0.0910
Epoch: 34, Loss: 1.9500, Train: 0.1429, Val: 0.0720, Test: 0.0910
Epoch: 35, Loss: 1.9461, Train: 0.1429, Val: 0.0720, Test: 0.0910
Epoch: 36, Loss: 1.9465, Train: 0.1429, Val: 0.0720, Test: 0.0910
Epoch: 37, Loss: 1.9412, Train: 0.1429, Val: 0.0720, Test: 0.0910
Epoch: 38, Loss: 1.9489, Train: 0.1429, Val: 0.0720, Test: 0.0910
Epoch: 39, Loss: 1.9479, Train: 0.1429, Val: 0.0720, Test: 0.0910
Epoch: 40, Loss: 1.9409, Train: 0.1429, Val: 0.0720, Test: 0.0910
Epoch: 41, Loss: 1.9444, Train: 0.1429, Val: 0.0720, Test: 0.0910
Epoch: 42, Loss: 1.9462, Train: 0.1429, Val: 0.0720, Test: 0.0910
Epoch: 43, Loss: 1.9405, Train: 0.1429, Val: 0.0720, Test: 0.0910
Epoch: 44, Loss: 1.9411, Train: 0.2143, Val: 0.0960, Test: 0.1280
Epoch: 45, Loss: 1.9416, Train: 0.2714, Val: 0.2240, Test: 0.2190
Epoch: 46, Loss: 1.9354, Train: 0.2143, Val: 0.1980, Test: 0.1930
Epoch: 47, Loss: 1.9431, Train: 0.2714, Val: 0.2160, Test: 0.2170
Epoch: 48, Loss: 1.9357, Train: 0.2643, Val: 0.1940, Test: 0.1930
Epoch: 49, Loss: 1.9235, Train: 0.3071, Val: 0.2500, Test: 0.2650
Epoch: 50, Loss: 1.9158, Train: 0.2857, Val: 0.2600, Test: 0.2320
Epoch: 51, Loss: 1.8957, Train: 0.2429, Val: 0.2360, Test: 0.2210
Epoch: 52, Loss: 1.8797, Train: 0.2429, Val: 0.2460, Test: 0.2270
Epoch: 53, Loss: 1.8440, Train: 0.2857, Val: 0.2600, Test: 0.2380
Epoch: 54, Loss: 1.7918, Train: 0.2786, Val: 0.2540, Test: 0.2350
Epoch: 55, Loss: 1.7381, Train: 0.2857, Val: 0.2640, Test: 0.2340
Epoch: 56, Loss: 1.7390, Train: 0.2857, Val: 0.2600, Test: 0.2360
Epoch: 57, Loss: 1.6815, Train: 0.2857, Val: 0.2640, Test: 0.2360
Epoch: 58, Loss: 1.6658, Train: 0.2786, Val: 0.4560, Test: 0.4360
Epoch: 59, Loss: 1.6190, Train: 0.3000, Val: 0.2360, Test: 0.2190
Epoch: 60, Loss: 1.5628, Train: 0.2929, Val: 0.2180, Test: 0.2050
Epoch: 61, Loss: 1.5421, Train: 0.2857, Val: 0.2260, Test: 0.2110
Epoch: 62, Loss: 1.5137, Train: 0.2857, Val: 0.2420, Test: 0.2190
Epoch: 63, Loss: 1.5044, Train: 0.2857, Val: 0.1720, Test: 0.2010
Epoch: 64, Loss: 1.4307, Train: 0.2857, Val: 0.1680, Test: 0.2020
Epoch: 65, Loss: 1.4490, Train: 0.3000, Val: 0.1340, Test: 0.1730
Epoch: 66, Loss: 1.4258, Train: 0.3071, Val: 0.2140, Test: 0.2170
Epoch: 67, Loss: 1.4605, Train: 0.3143, Val: 0.2000, Test: 0.2110
Epoch: 68, Loss: 1.3956, Train: 0.3000, Val: 0.1660, Test: 0.1900
Epoch: 69, Loss: 1.4090, Train: 0.3071, Val: 0.2760, Test: 0.2500
Epoch: 70, Loss: 1.4050, Train: 0.2929, Val: 0.2760, Test: 0.2670
Epoch: 71, Loss: 1.4289, Train: 0.3857, Val: 0.3200, Test: 0.2770
Epoch: 72, Loss: 1.4430, Train: 0.4143, Val: 0.3000, Test: 0.3030
Epoch: 73, Loss: 1.3545, Train: 0.3857, Val: 0.3440, Test: 0.3020
Epoch: 74, Loss: 1.4357, Train: 0.2643, Val: 0.1380, Test: 0.1790
Epoch: 75, Loss: 1.6749, Train: 0.4429, Val: 0.3500, Test: 0.3540
Epoch: 76, Loss: 1.3395, Train: 0.3500, Val: 0.3900, Test: 0.3510
Epoch: 77, Loss: 1.4695, Train: 0.4143, Val: 0.4040, Test: 0.3940
Epoch: 78, Loss: 1.3447, Train: 0.5000, Val: 0.3120, Test: 0.3480
Epoch: 79, Loss: 1.2900, Train: 0.4143, Val: 0.2760, Test: 0.3090
Epoch: 80, Loss: 1.3486, Train: 0.4143, Val: 0.3220, Test: 0.3180
Epoch: 81, Loss: 1.3052, Train: 0.3714, Val: 0.3280, Test: 0.3070
Epoch: 82, Loss: 1.3457, Train: 0.4071, Val: 0.3740, Test: 0.3600
Epoch: 83, Loss: 1.2846, Train: 0.5214, Val: 0.4760, Test: 0.4540
Epoch: 84, Loss: 1.2589, Train: 0.5000, Val: 0.4700, Test: 0.4910
Epoch: 85, Loss: 1.2554, Train: 0.5786, Val: 0.5000, Test: 0.4680
Epoch: 86, Loss: 1.1215, Train: 0.5071, Val: 0.3960, Test: 0.3890
Epoch: 87, Loss: 1.1459, Train: 0.6214, Val: 0.4840, Test: 0.4630
Epoch: 88, Loss: 0.9945, Train: 0.6714, Val: 0.5660, Test: 0.5300
Epoch: 89, Loss: 0.9752, Train: 0.6429, Val: 0.5280, Test: 0.5260
Epoch: 90, Loss: 1.0054, Train: 0.6643, Val: 0.4980, Test: 0.5160
Epoch: 91, Loss: 0.9022, Train: 0.7143, Val: 0.5220, Test: 0.5150
Epoch: 92, Loss: 0.8146, Train: 0.6929, Val: 0.4540, Test: 0.4540
Epoch: 93, Loss: 0.8343, Train: 0.7643, Val: 0.5360, Test: 0.5270
Epoch: 94, Loss: 0.8057, Train: 0.6571, Val: 0.4820, Test: 0.4810
Epoch: 95, Loss: 0.7807, Train: 0.5857, Val: 0.5180, Test: 0.5100
Epoch: 96, Loss: 0.9364, Train: 0.6143, Val: 0.4500, Test: 0.4670
Epoch: 97, Loss: 0.8857, Train: 0.8000, Val: 0.4940, Test: 0.4910
Epoch: 98, Loss: 0.6905, Train: 0.6714, Val: 0.4160, Test: 0.4140
Epoch: 99, Loss: 0.8805, Train: 0.7143, Val: 0.4780, Test: 0.4770
Epoch: 100, Loss: 0.6928, Train: 0.8143, Val: 0.5440, Test: 0.5590
MAD:  0.3834
Best Test Accuracy: 0.5590, Val Accuracy: 0.5440, Train Accuracy: 0.8143
Training completed.
Seed:  9
PMPGNN(
  (convs): ModuleList(
    (0): ParallelGNNBlock(
      (conv1): GATv2Conv(128, 128, heads=8)
      (conv2): GATv2Conv(128, 128, heads=8)
      (norm): LayerNorm((128,), eps=1e-05, elementwise_affine=True)
    )
    (1-6): 6 x ParallelGNNBlock(
      (conv1): GATv2Conv(2048, 128, heads=8)
      (conv2): GATv2Conv(2048, 128, heads=8)
      (norm): LayerNorm((128,), eps=1e-05, elementwise_affine=True)
    )
    (7): GATv2Conv(2048, 256, heads=8)
  )
  (norm): LayerNorm((2048,), eps=1e-05, elementwise_affine=True)
  (mlp): Sequential(
    (0): Linear(in_features=2048, out_features=64, bias=True)
    (1): LeakyReLU(negative_slope=0.01)
    (2): Dropout(p=0.3, inplace=False)
    (3): Linear(in_features=64, out_features=7, bias=True)
  )
  (proj): Linear(in_features=1433, out_features=128, bias=True)
)
Epoch: 1, Loss: 1.9765, Train: 0.1357, Val: 0.0860, Test: 0.0820
Epoch: 2, Loss: 1.9868, Train: 0.1429, Val: 0.0580, Test: 0.0640
Epoch: 3, Loss: 1.9757, Train: 0.1429, Val: 0.1560, Test: 0.1440
Epoch: 4, Loss: 1.9632, Train: 0.1429, Val: 0.1560, Test: 0.1440
Epoch: 5, Loss: 1.9814, Train: 0.1429, Val: 0.3160, Test: 0.3190
Epoch: 6, Loss: 1.9520, Train: 0.1429, Val: 0.0720, Test: 0.0910
Epoch: 7, Loss: 1.9426, Train: 0.1429, Val: 0.0720, Test: 0.0910
Epoch: 8, Loss: 1.9507, Train: 0.1429, Val: 0.1620, Test: 0.1490
Epoch: 9, Loss: 1.9551, Train: 0.1429, Val: 0.1620, Test: 0.1490
Epoch: 10, Loss: 1.9350, Train: 0.1429, Val: 0.1620, Test: 0.1490
Epoch: 11, Loss: 1.9844, Train: 0.1429, Val: 0.1620, Test: 0.1490
Epoch: 12, Loss: 1.9230, Train: 0.1429, Val: 0.1220, Test: 0.1300
Epoch: 13, Loss: 1.9359, Train: 0.1429, Val: 0.1220, Test: 0.1300
Epoch: 14, Loss: 1.9414, Train: 0.1857, Val: 0.0720, Test: 0.0950
Epoch: 15, Loss: 1.9614, Train: 0.1429, Val: 0.0720, Test: 0.0910
Epoch: 16, Loss: 1.9741, Train: 0.1429, Val: 0.0720, Test: 0.0910
Epoch: 17, Loss: 1.9393, Train: 0.1571, Val: 0.0580, Test: 0.0670
Epoch: 18, Loss: 1.9413, Train: 0.1429, Val: 0.0580, Test: 0.0640
Epoch: 19, Loss: 1.9466, Train: 0.1786, Val: 0.1140, Test: 0.1060
Epoch: 20, Loss: 1.9401, Train: 0.1429, Val: 0.1620, Test: 0.1490
Epoch: 21, Loss: 1.9451, Train: 0.1429, Val: 0.3160, Test: 0.3190
Epoch: 22, Loss: 1.9503, Train: 0.1429, Val: 0.3160, Test: 0.3190
Epoch: 23, Loss: 1.9470, Train: 0.1429, Val: 0.3160, Test: 0.3190
Epoch: 24, Loss: 1.9455, Train: 0.1429, Val: 0.3160, Test: 0.3190
Epoch: 25, Loss: 1.9520, Train: 0.1429, Val: 0.3160, Test: 0.3190
Epoch: 26, Loss: 1.9448, Train: 0.1429, Val: 0.1620, Test: 0.1490
Epoch: 27, Loss: 1.9511, Train: 0.1429, Val: 0.1620, Test: 0.1490
Epoch: 28, Loss: 1.9463, Train: 0.1429, Val: 0.1620, Test: 0.1490
Epoch: 29, Loss: 1.9462, Train: 0.1429, Val: 0.1620, Test: 0.1490
Epoch: 30, Loss: 1.9405, Train: 0.1429, Val: 0.1620, Test: 0.1490
Epoch: 31, Loss: 1.9461, Train: 0.1429, Val: 0.3160, Test: 0.3190
Epoch: 32, Loss: 1.9465, Train: 0.1429, Val: 0.3160, Test: 0.3190
Epoch: 33, Loss: 1.9481, Train: 0.1429, Val: 0.3160, Test: 0.3190
Epoch: 34, Loss: 1.9518, Train: 0.1429, Val: 0.3160, Test: 0.3190
Epoch: 35, Loss: 1.9457, Train: 0.1429, Val: 0.3160, Test: 0.3190
Epoch: 36, Loss: 1.9379, Train: 0.1429, Val: 0.3160, Test: 0.3190
Epoch: 37, Loss: 1.9383, Train: 0.1429, Val: 0.0720, Test: 0.0910
Epoch: 38, Loss: 1.9487, Train: 0.1429, Val: 0.0720, Test: 0.0910
Epoch: 39, Loss: 1.9439, Train: 0.1571, Val: 0.0580, Test: 0.0690
Epoch: 40, Loss: 1.9431, Train: 0.1429, Val: 0.0580, Test: 0.0640
Epoch: 41, Loss: 1.9540, Train: 0.1429, Val: 0.0580, Test: 0.0640
Epoch: 42, Loss: 1.9596, Train: 0.1429, Val: 0.0580, Test: 0.0640
Epoch: 43, Loss: 1.9480, Train: 0.1429, Val: 0.0580, Test: 0.0640
Epoch: 44, Loss: 1.9400, Train: 0.1429, Val: 0.3160, Test: 0.3190
Epoch: 45, Loss: 1.9394, Train: 0.1429, Val: 0.3160, Test: 0.3190
Epoch: 46, Loss: 1.9498, Train: 0.1571, Val: 0.3200, Test: 0.3240
Epoch: 47, Loss: 1.9378, Train: 0.1429, Val: 0.1620, Test: 0.1490
Epoch: 48, Loss: 1.9467, Train: 0.1429, Val: 0.1620, Test: 0.1490
Epoch: 49, Loss: 1.9490, Train: 0.1429, Val: 0.1620, Test: 0.1490
Epoch: 50, Loss: 1.9415, Train: 0.1786, Val: 0.1620, Test: 0.1520
Epoch: 51, Loss: 1.9500, Train: 0.1429, Val: 0.1620, Test: 0.1490
Epoch: 52, Loss: 1.9455, Train: 0.1429, Val: 0.1620, Test: 0.1490
Epoch: 53, Loss: 1.9338, Train: 0.1929, Val: 0.1760, Test: 0.1970
Epoch: 54, Loss: 1.9374, Train: 0.1786, Val: 0.3160, Test: 0.3210
Epoch: 55, Loss: 1.9347, Train: 0.1929, Val: 0.3160, Test: 0.3250
Epoch: 56, Loss: 1.9116, Train: 0.2429, Val: 0.1040, Test: 0.1300
Epoch: 57, Loss: 1.9200, Train: 0.3929, Val: 0.1960, Test: 0.2300
Epoch: 58, Loss: 1.8980, Train: 0.3286, Val: 0.1620, Test: 0.1990
Epoch: 59, Loss: 1.8680, Train: 0.3643, Val: 0.1760, Test: 0.2190
Epoch: 60, Loss: 1.8408, Train: 0.3214, Val: 0.1380, Test: 0.1800
Epoch: 61, Loss: 1.7992, Train: 0.2929, Val: 0.1200, Test: 0.1610
Epoch: 62, Loss: 1.7562, Train: 0.3071, Val: 0.1200, Test: 0.1600
Epoch: 63, Loss: 1.7369, Train: 0.2857, Val: 0.1200, Test: 0.1580
Epoch: 64, Loss: 1.6945, Train: 0.2857, Val: 0.1300, Test: 0.1560
Epoch: 65, Loss: 1.6755, Train: 0.2929, Val: 0.1280, Test: 0.1610
Epoch: 66, Loss: 1.6315, Train: 0.2857, Val: 0.1440, Test: 0.1650
Epoch: 67, Loss: 1.5867, Train: 0.2357, Val: 0.1320, Test: 0.1570
Epoch: 68, Loss: 1.6728, Train: 0.3000, Val: 0.1780, Test: 0.1980
Epoch: 69, Loss: 1.6051, Train: 0.2214, Val: 0.2200, Test: 0.2050
Epoch: 70, Loss: 1.8048, Train: 0.3214, Val: 0.2700, Test: 0.2390
Epoch: 71, Loss: 1.5400, Train: 0.3000, Val: 0.2500, Test: 0.2410
Epoch: 72, Loss: 1.5494, Train: 0.2929, Val: 0.2520, Test: 0.2400
Epoch: 73, Loss: 1.6351, Train: 0.3500, Val: 0.3000, Test: 0.3050
Epoch: 74, Loss: 1.5276, Train: 0.3071, Val: 0.3460, Test: 0.3470
Epoch: 75, Loss: 1.5086, Train: 0.3500, Val: 0.2800, Test: 0.3040
Epoch: 76, Loss: 1.5667, Train: 0.3071, Val: 0.1680, Test: 0.2050
Epoch: 77, Loss: 1.5153, Train: 0.3071, Val: 0.1900, Test: 0.2080
Epoch: 78, Loss: 1.5051, Train: 0.2929, Val: 0.1820, Test: 0.1920
Epoch: 79, Loss: 1.5178, Train: 0.3000, Val: 0.2700, Test: 0.2520
Epoch: 80, Loss: 1.5157, Train: 0.3286, Val: 0.2900, Test: 0.2640
Epoch: 81, Loss: 1.4237, Train: 0.3714, Val: 0.3180, Test: 0.2880
Epoch: 82, Loss: 1.3857, Train: 0.3000, Val: 0.2500, Test: 0.2780
Epoch: 83, Loss: 1.4763, Train: 0.3571, Val: 0.2720, Test: 0.2980
Epoch: 84, Loss: 1.4054, Train: 0.3929, Val: 0.2920, Test: 0.2930
Epoch: 85, Loss: 1.3254, Train: 0.3929, Val: 0.2960, Test: 0.2840
Epoch: 86, Loss: 1.3287, Train: 0.4214, Val: 0.3100, Test: 0.2930
Epoch: 87, Loss: 1.3347, Train: 0.4714, Val: 0.3000, Test: 0.3130
Epoch: 88, Loss: 1.2859, Train: 0.4214, Val: 0.3120, Test: 0.3160
Epoch: 89, Loss: 1.2573, Train: 0.4286, Val: 0.3880, Test: 0.3730
Epoch: 90, Loss: 1.1722, Train: 0.4857, Val: 0.4460, Test: 0.4410
Epoch: 91, Loss: 1.1645, Train: 0.4786, Val: 0.3600, Test: 0.3550
Epoch: 92, Loss: 1.0904, Train: 0.5643, Val: 0.4220, Test: 0.4270
Epoch: 93, Loss: 1.0559, Train: 0.5929, Val: 0.4280, Test: 0.4560
Epoch: 94, Loss: 1.0814, Train: 0.6786, Val: 0.5100, Test: 0.4930
Epoch: 95, Loss: 0.9607, Train: 0.6571, Val: 0.5300, Test: 0.4680
Epoch: 96, Loss: 0.9386, Train: 0.6714, Val: 0.4440, Test: 0.4860
Epoch: 97, Loss: 0.8846, Train: 0.7143, Val: 0.4860, Test: 0.5040
Epoch: 98, Loss: 0.7649, Train: 0.7357, Val: 0.5160, Test: 0.5560
Epoch: 99, Loss: 0.8020, Train: 0.6571, Val: 0.4640, Test: 0.4880
Epoch: 100, Loss: 0.7936, Train: 0.7143, Val: 0.4900, Test: 0.5240
MAD:  0.3498
Best Test Accuracy: 0.5560, Val Accuracy: 0.5160, Train Accuracy: 0.7357
Training completed.
Average Test Accuracy:  0.6716  0.07779357299931658
Average MAD:  0.48909  0.0760937638706353
