Seed:  0
PMPGNN(
  (convs): ModuleList(
    (0): ParallelGNNBlock(
      (conv1): GATv2Conv(128, 128, heads=2)
      (conv2): GATv2Conv(128, 128, heads=2)
      (norm): LayerNorm((128,), eps=1e-05, elementwise_affine=True)
    )
    (1-7): 7 x ParallelGNNBlock(
      (conv1): GATv2Conv(512, 128, heads=2)
      (conv2): GATv2Conv(512, 128, heads=2)
      (norm): LayerNorm((128,), eps=1e-05, elementwise_affine=True)
    )
  )
  (norm): LayerNorm((512,), eps=1e-05, elementwise_affine=True)
  (mlp): Sequential(
    (0): Linear(in_features=512, out_features=64, bias=True)
    (1): LeakyReLU(negative_slope=0.01)
    (2): Dropout(p=0.3, inplace=False)
    (3): Linear(in_features=64, out_features=7, bias=True)
  )
  (proj): Linear(in_features=1433, out_features=128, bias=True)
)
Epoch: 1, Loss: 2.0028, Train: 0.1786, Val: 0.1600, Test: 0.1600
Epoch: 2, Loss: 1.9699, Train: 0.2286, Val: 0.1920, Test: 0.1750
Epoch: 3, Loss: 1.9522, Train: 0.2429, Val: 0.2100, Test: 0.2050
Epoch: 4, Loss: 1.9738, Train: 0.3000, Val: 0.1340, Test: 0.1570
Epoch: 5, Loss: 1.9285, Train: 0.2929, Val: 0.1160, Test: 0.1520
Epoch: 6, Loss: 1.9240, Train: 0.2500, Val: 0.1020, Test: 0.1260
Epoch: 7, Loss: 1.9438, Train: 0.2357, Val: 0.0960, Test: 0.1190
Epoch: 8, Loss: 1.9341, Train: 0.3143, Val: 0.1380, Test: 0.1650
Epoch: 9, Loss: 1.9123, Train: 0.4643, Val: 0.3360, Test: 0.3330
Epoch: 10, Loss: 1.8976, Train: 0.5071, Val: 0.3860, Test: 0.3880
Epoch: 11, Loss: 1.8655, Train: 0.5357, Val: 0.3920, Test: 0.3960
Epoch: 12, Loss: 1.8632, Train: 0.5857, Val: 0.4100, Test: 0.4260
Epoch: 13, Loss: 1.8558, Train: 0.6357, Val: 0.4600, Test: 0.4850
Epoch: 14, Loss: 1.8163, Train: 0.6214, Val: 0.4520, Test: 0.4630
Epoch: 15, Loss: 1.7584, Train: 0.6143, Val: 0.4140, Test: 0.4040
Epoch: 16, Loss: 1.7273, Train: 0.5857, Val: 0.3900, Test: 0.3880
Epoch: 17, Loss: 1.6837, Train: 0.5500, Val: 0.3420, Test: 0.3590
Epoch: 18, Loss: 1.6416, Train: 0.5500, Val: 0.3700, Test: 0.3790
Epoch: 19, Loss: 1.5665, Train: 0.5500, Val: 0.3520, Test: 0.3680
Epoch: 20, Loss: 1.4719, Train: 0.5500, Val: 0.3700, Test: 0.3870
Epoch: 21, Loss: 1.4235, Train: 0.5786, Val: 0.3940, Test: 0.4010
Epoch: 22, Loss: 1.3902, Train: 0.6857, Val: 0.4860, Test: 0.4940
Epoch: 23, Loss: 1.2983, Train: 0.7500, Val: 0.5580, Test: 0.5790
Epoch: 24, Loss: 1.2442, Train: 0.8357, Val: 0.5900, Test: 0.6570
Epoch: 25, Loss: 1.2218, Train: 0.8500, Val: 0.6060, Test: 0.6770
Epoch: 26, Loss: 1.1067, Train: 0.8786, Val: 0.6380, Test: 0.6940
Epoch: 27, Loss: 1.0304, Train: 0.9000, Val: 0.6860, Test: 0.7130
Epoch: 28, Loss: 0.9194, Train: 0.9214, Val: 0.6800, Test: 0.7190
Epoch: 29, Loss: 0.8633, Train: 0.9500, Val: 0.7140, Test: 0.7290
Epoch: 30, Loss: 0.8172, Train: 0.9500, Val: 0.7160, Test: 0.7250
Epoch: 31, Loss: 0.6723, Train: 0.9571, Val: 0.7360, Test: 0.7390
Epoch: 32, Loss: 0.6161, Train: 0.9786, Val: 0.7340, Test: 0.7570
Epoch: 33, Loss: 0.5357, Train: 0.9714, Val: 0.7480, Test: 0.7680
Epoch: 34, Loss: 0.4884, Train: 0.9714, Val: 0.7620, Test: 0.7870
Epoch: 35, Loss: 0.4402, Train: 0.9857, Val: 0.7560, Test: 0.7810
Epoch: 36, Loss: 0.3508, Train: 0.9786, Val: 0.7520, Test: 0.7740
Epoch: 37, Loss: 0.3178, Train: 0.9786, Val: 0.7480, Test: 0.7630
Epoch: 38, Loss: 0.2574, Train: 0.9786, Val: 0.7460, Test: 0.7580
Epoch: 39, Loss: 0.2330, Train: 0.9786, Val: 0.7540, Test: 0.7720
Epoch: 40, Loss: 0.2102, Train: 0.9857, Val: 0.7640, Test: 0.7810
Epoch: 41, Loss: 0.1868, Train: 0.9929, Val: 0.7600, Test: 0.7780
Epoch: 42, Loss: 0.1688, Train: 1.0000, Val: 0.7700, Test: 0.7750
Epoch: 43, Loss: 0.1413, Train: 0.9929, Val: 0.7640, Test: 0.7700
Epoch: 44, Loss: 0.1155, Train: 0.9929, Val: 0.7640, Test: 0.7720
Epoch: 45, Loss: 0.1057, Train: 0.9929, Val: 0.7680, Test: 0.7780
Epoch: 46, Loss: 0.0994, Train: 1.0000, Val: 0.7700, Test: 0.7940
Epoch: 47, Loss: 0.0706, Train: 0.9929, Val: 0.7660, Test: 0.7890
Epoch: 48, Loss: 0.1075, Train: 1.0000, Val: 0.7740, Test: 0.7790
Epoch: 49, Loss: 0.0634, Train: 1.0000, Val: 0.7700, Test: 0.7740
Epoch: 50, Loss: 0.0592, Train: 1.0000, Val: 0.7540, Test: 0.7740
MAD:  0.8923
Best Test Accuracy: 0.7940, Val Accuracy: 0.7700, Train Accuracy: 1.0000
Training completed.
Seed:  1
PMPGNN(
  (convs): ModuleList(
    (0): ParallelGNNBlock(
      (conv1): GATv2Conv(128, 128, heads=2)
      (conv2): GATv2Conv(128, 128, heads=2)
      (norm): LayerNorm((128,), eps=1e-05, elementwise_affine=True)
    )
    (1-7): 7 x ParallelGNNBlock(
      (conv1): GATv2Conv(512, 128, heads=2)
      (conv2): GATv2Conv(512, 128, heads=2)
      (norm): LayerNorm((128,), eps=1e-05, elementwise_affine=True)
    )
  )
  (norm): LayerNorm((512,), eps=1e-05, elementwise_affine=True)
  (mlp): Sequential(
    (0): Linear(in_features=512, out_features=64, bias=True)
    (1): LeakyReLU(negative_slope=0.01)
    (2): Dropout(p=0.3, inplace=False)
    (3): Linear(in_features=64, out_features=7, bias=True)
  )
  (proj): Linear(in_features=1433, out_features=128, bias=True)
)
Epoch: 1, Loss: 1.9975, Train: 0.2143, Val: 0.2260, Test: 0.2220
Epoch: 2, Loss: 1.9410, Train: 0.1857, Val: 0.1040, Test: 0.1340
Epoch: 3, Loss: 1.9794, Train: 0.2071, Val: 0.1160, Test: 0.1230
Epoch: 4, Loss: 1.9617, Train: 0.1786, Val: 0.0920, Test: 0.1090
Epoch: 5, Loss: 1.9595, Train: 0.2000, Val: 0.0840, Test: 0.1030
Epoch: 6, Loss: 1.9451, Train: 0.2143, Val: 0.0860, Test: 0.1080
Epoch: 7, Loss: 1.9220, Train: 0.3571, Val: 0.1800, Test: 0.1720
Epoch: 8, Loss: 1.8995, Train: 0.4429, Val: 0.2580, Test: 0.2730
Epoch: 9, Loss: 1.9412, Train: 0.4071, Val: 0.2280, Test: 0.2350
Epoch: 10, Loss: 1.8795, Train: 0.4857, Val: 0.2440, Test: 0.2560
Epoch: 11, Loss: 1.8687, Train: 0.6000, Val: 0.3560, Test: 0.3580
Epoch: 12, Loss: 1.8930, Train: 0.6571, Val: 0.4200, Test: 0.4290
Epoch: 13, Loss: 1.8413, Train: 0.7000, Val: 0.4460, Test: 0.4580
Epoch: 14, Loss: 1.7977, Train: 0.7143, Val: 0.4540, Test: 0.4630
Epoch: 15, Loss: 1.7408, Train: 0.7357, Val: 0.5000, Test: 0.5050
Epoch: 16, Loss: 1.6968, Train: 0.7071, Val: 0.4960, Test: 0.5340
Epoch: 17, Loss: 1.6255, Train: 0.6857, Val: 0.5000, Test: 0.5550
Epoch: 18, Loss: 1.6122, Train: 0.7286, Val: 0.5240, Test: 0.5560
Epoch: 19, Loss: 1.5071, Train: 0.7500, Val: 0.5560, Test: 0.5770
Epoch: 20, Loss: 1.4527, Train: 0.7571, Val: 0.5620, Test: 0.5770
Epoch: 21, Loss: 1.3668, Train: 0.8071, Val: 0.5980, Test: 0.6050
Epoch: 22, Loss: 1.2838, Train: 0.8286, Val: 0.6140, Test: 0.6410
Epoch: 23, Loss: 1.1912, Train: 0.8286, Val: 0.6280, Test: 0.6630
Epoch: 24, Loss: 1.1062, Train: 0.8571, Val: 0.6580, Test: 0.6910
Epoch: 25, Loss: 1.0324, Train: 0.8857, Val: 0.6820, Test: 0.7070
Epoch: 26, Loss: 0.9666, Train: 0.8857, Val: 0.6980, Test: 0.7280
Epoch: 27, Loss: 0.9233, Train: 0.9071, Val: 0.7080, Test: 0.7330
Epoch: 28, Loss: 0.7817, Train: 0.9214, Val: 0.7280, Test: 0.7340
Epoch: 29, Loss: 0.7673, Train: 0.9000, Val: 0.7140, Test: 0.7160
Epoch: 30, Loss: 0.6646, Train: 0.9357, Val: 0.7360, Test: 0.7370
Epoch: 31, Loss: 0.6047, Train: 0.9571, Val: 0.7340, Test: 0.7420
Epoch: 32, Loss: 0.5821, Train: 0.9500, Val: 0.7380, Test: 0.7470
Epoch: 33, Loss: 0.5474, Train: 0.9500, Val: 0.7460, Test: 0.7440
Epoch: 34, Loss: 0.4082, Train: 0.9714, Val: 0.7380, Test: 0.7440
Epoch: 35, Loss: 0.4094, Train: 0.9857, Val: 0.7520, Test: 0.7480
Epoch: 36, Loss: 0.3639, Train: 0.9929, Val: 0.7440, Test: 0.7520
Epoch: 37, Loss: 0.2839, Train: 0.9857, Val: 0.7400, Test: 0.7570
Epoch: 38, Loss: 0.2768, Train: 0.9857, Val: 0.7420, Test: 0.7530
Epoch: 39, Loss: 0.2382, Train: 1.0000, Val: 0.7440, Test: 0.7540
Epoch: 40, Loss: 0.1713, Train: 1.0000, Val: 0.7580, Test: 0.7560
Epoch: 41, Loss: 0.1792, Train: 1.0000, Val: 0.7840, Test: 0.7800
Epoch: 42, Loss: 0.1849, Train: 1.0000, Val: 0.7820, Test: 0.7890
Epoch: 43, Loss: 0.1291, Train: 1.0000, Val: 0.7800, Test: 0.7900
Epoch: 44, Loss: 0.1060, Train: 1.0000, Val: 0.7780, Test: 0.7960
Epoch: 45, Loss: 0.1017, Train: 1.0000, Val: 0.7760, Test: 0.7910
Epoch: 46, Loss: 0.0908, Train: 1.0000, Val: 0.7660, Test: 0.7810
Epoch: 47, Loss: 0.0698, Train: 1.0000, Val: 0.7660, Test: 0.7760
Epoch: 48, Loss: 0.0789, Train: 1.0000, Val: 0.7700, Test: 0.7730
Epoch: 49, Loss: 0.0567, Train: 1.0000, Val: 0.7600, Test: 0.7720
Epoch: 50, Loss: 0.0455, Train: 1.0000, Val: 0.7560, Test: 0.7770
MAD:  0.8195
Best Test Accuracy: 0.7960, Val Accuracy: 0.7780, Train Accuracy: 1.0000
Training completed.
Seed:  2
PMPGNN(
  (convs): ModuleList(
    (0): ParallelGNNBlock(
      (conv1): GATv2Conv(128, 128, heads=2)
      (conv2): GATv2Conv(128, 128, heads=2)
      (norm): LayerNorm((128,), eps=1e-05, elementwise_affine=True)
    )
    (1-7): 7 x ParallelGNNBlock(
      (conv1): GATv2Conv(512, 128, heads=2)
      (conv2): GATv2Conv(512, 128, heads=2)
      (norm): LayerNorm((128,), eps=1e-05, elementwise_affine=True)
    )
  )
  (norm): LayerNorm((512,), eps=1e-05, elementwise_affine=True)
  (mlp): Sequential(
    (0): Linear(in_features=512, out_features=64, bias=True)
    (1): LeakyReLU(negative_slope=0.01)
    (2): Dropout(p=0.3, inplace=False)
    (3): Linear(in_features=64, out_features=7, bias=True)
  )
  (proj): Linear(in_features=1433, out_features=128, bias=True)
)
Epoch: 1, Loss: 1.9966, Train: 0.1786, Val: 0.1320, Test: 0.1430
Epoch: 2, Loss: 1.9602, Train: 0.2500, Val: 0.1920, Test: 0.1980
Epoch: 3, Loss: 1.9433, Train: 0.2143, Val: 0.1880, Test: 0.1790
Epoch: 4, Loss: 1.9627, Train: 0.2000, Val: 0.1760, Test: 0.1770
Epoch: 5, Loss: 1.9508, Train: 0.1714, Val: 0.1660, Test: 0.1600
Epoch: 6, Loss: 1.9143, Train: 0.1500, Val: 0.1620, Test: 0.1490
Epoch: 7, Loss: 1.9353, Train: 0.1571, Val: 0.1660, Test: 0.1580
Epoch: 8, Loss: 1.9343, Train: 0.2857, Val: 0.2100, Test: 0.2270
Epoch: 9, Loss: 1.9307, Train: 0.3714, Val: 0.2460, Test: 0.2620
Epoch: 10, Loss: 1.9090, Train: 0.4500, Val: 0.2960, Test: 0.2970
Epoch: 11, Loss: 1.8850, Train: 0.5214, Val: 0.3660, Test: 0.3460
Epoch: 12, Loss: 1.8794, Train: 0.5500, Val: 0.3860, Test: 0.3870
Epoch: 13, Loss: 1.8844, Train: 0.6143, Val: 0.4340, Test: 0.4270
Epoch: 14, Loss: 1.8580, Train: 0.7214, Val: 0.4840, Test: 0.4890
Epoch: 15, Loss: 1.7949, Train: 0.7571, Val: 0.5340, Test: 0.5230
Epoch: 16, Loss: 1.7813, Train: 0.7857, Val: 0.6280, Test: 0.6090
Epoch: 17, Loss: 1.7539, Train: 0.8286, Val: 0.6720, Test: 0.6730
Epoch: 18, Loss: 1.7236, Train: 0.8429, Val: 0.6860, Test: 0.6840
Epoch: 19, Loss: 1.6549, Train: 0.8714, Val: 0.6820, Test: 0.6730
Epoch: 20, Loss: 1.5759, Train: 0.8786, Val: 0.6780, Test: 0.6650
Epoch: 21, Loss: 1.5471, Train: 0.8643, Val: 0.6580, Test: 0.6430
Epoch: 22, Loss: 1.4843, Train: 0.8714, Val: 0.6520, Test: 0.6200
Epoch: 23, Loss: 1.3742, Train: 0.8429, Val: 0.6400, Test: 0.6010
Epoch: 24, Loss: 1.3129, Train: 0.8429, Val: 0.6260, Test: 0.5940
Epoch: 25, Loss: 1.2292, Train: 0.8357, Val: 0.6240, Test: 0.5990
Epoch: 26, Loss: 1.1574, Train: 0.8643, Val: 0.6300, Test: 0.6210
Epoch: 27, Loss: 1.0454, Train: 0.8786, Val: 0.6580, Test: 0.6430
Epoch: 28, Loss: 0.9746, Train: 0.9000, Val: 0.6960, Test: 0.6890
Epoch: 29, Loss: 0.9154, Train: 0.9286, Val: 0.7120, Test: 0.7160
Epoch: 30, Loss: 0.8585, Train: 0.9571, Val: 0.7220, Test: 0.7190
Epoch: 31, Loss: 0.7505, Train: 0.9643, Val: 0.7240, Test: 0.7240
Epoch: 32, Loss: 0.7325, Train: 0.9714, Val: 0.7400, Test: 0.7440
Epoch: 33, Loss: 0.6506, Train: 0.9786, Val: 0.7380, Test: 0.7520
Epoch: 34, Loss: 0.5499, Train: 0.9643, Val: 0.7540, Test: 0.7610
Epoch: 35, Loss: 0.5334, Train: 0.9643, Val: 0.7740, Test: 0.7760
Epoch: 36, Loss: 0.4834, Train: 0.9714, Val: 0.7660, Test: 0.7760
Epoch: 37, Loss: 0.3981, Train: 0.9714, Val: 0.7620, Test: 0.7760
Epoch: 38, Loss: 0.3563, Train: 0.9786, Val: 0.7680, Test: 0.7740
Epoch: 39, Loss: 0.3227, Train: 0.9786, Val: 0.7680, Test: 0.7680
Epoch: 40, Loss: 0.2790, Train: 0.9857, Val: 0.7600, Test: 0.7680
Epoch: 41, Loss: 0.2456, Train: 0.9929, Val: 0.7660, Test: 0.7670
Epoch: 42, Loss: 0.2155, Train: 0.9929, Val: 0.7760, Test: 0.7610
Epoch: 43, Loss: 0.1982, Train: 0.9929, Val: 0.7680, Test: 0.7550
Epoch: 44, Loss: 0.1461, Train: 0.9857, Val: 0.7660, Test: 0.7510
Epoch: 45, Loss: 0.1402, Train: 0.9929, Val: 0.7760, Test: 0.7600
Epoch: 46, Loss: 0.1152, Train: 0.9929, Val: 0.7780, Test: 0.7780
Epoch: 47, Loss: 0.1180, Train: 0.9857, Val: 0.7760, Test: 0.7820
Epoch: 48, Loss: 0.1063, Train: 0.9929, Val: 0.7680, Test: 0.7810
Epoch: 49, Loss: 0.0713, Train: 0.9929, Val: 0.7780, Test: 0.7730
Epoch: 50, Loss: 0.0797, Train: 0.9786, Val: 0.7680, Test: 0.7660
MAD:  0.9267
Best Test Accuracy: 0.7820, Val Accuracy: 0.7760, Train Accuracy: 0.9857
Training completed.
Seed:  3
PMPGNN(
  (convs): ModuleList(
    (0): ParallelGNNBlock(
      (conv1): GATv2Conv(128, 128, heads=2)
      (conv2): GATv2Conv(128, 128, heads=2)
      (norm): LayerNorm((128,), eps=1e-05, elementwise_affine=True)
    )
    (1-7): 7 x ParallelGNNBlock(
      (conv1): GATv2Conv(512, 128, heads=2)
      (conv2): GATv2Conv(512, 128, heads=2)
      (norm): LayerNorm((128,), eps=1e-05, elementwise_affine=True)
    )
  )
  (norm): LayerNorm((512,), eps=1e-05, elementwise_affine=True)
  (mlp): Sequential(
    (0): Linear(in_features=512, out_features=64, bias=True)
    (1): LeakyReLU(negative_slope=0.01)
    (2): Dropout(p=0.3, inplace=False)
    (3): Linear(in_features=64, out_features=7, bias=True)
  )
  (proj): Linear(in_features=1433, out_features=128, bias=True)
)
Epoch: 1, Loss: 2.0279, Train: 0.2429, Val: 0.2260, Test: 0.2290
Epoch: 2, Loss: 1.9871, Train: 0.3071, Val: 0.2820, Test: 0.2960
Epoch: 3, Loss: 1.9372, Train: 0.1429, Val: 0.0880, Test: 0.1010
Epoch: 4, Loss: 1.9412, Train: 0.1500, Val: 0.0940, Test: 0.1030
Epoch: 5, Loss: 1.9063, Train: 0.1929, Val: 0.1080, Test: 0.1120
Epoch: 6, Loss: 1.9370, Train: 0.1500, Val: 0.1260, Test: 0.1400
Epoch: 7, Loss: 1.9467, Train: 0.1643, Val: 0.1200, Test: 0.1340
Epoch: 8, Loss: 1.9438, Train: 0.2143, Val: 0.1280, Test: 0.1560
Epoch: 9, Loss: 1.9248, Train: 0.2714, Val: 0.1880, Test: 0.2180
Epoch: 10, Loss: 1.8894, Train: 0.3786, Val: 0.2580, Test: 0.2630
Epoch: 11, Loss: 1.9054, Train: 0.4071, Val: 0.2560, Test: 0.2660
Epoch: 12, Loss: 1.8646, Train: 0.5357, Val: 0.3360, Test: 0.3410
Epoch: 13, Loss: 1.8734, Train: 0.6143, Val: 0.3980, Test: 0.3960
Epoch: 14, Loss: 1.8724, Train: 0.6429, Val: 0.4560, Test: 0.4310
Epoch: 15, Loss: 1.8681, Train: 0.6857, Val: 0.4740, Test: 0.4780
Epoch: 16, Loss: 1.7777, Train: 0.7429, Val: 0.5240, Test: 0.5210
Epoch: 17, Loss: 1.7873, Train: 0.7929, Val: 0.6020, Test: 0.6050
Epoch: 18, Loss: 1.7433, Train: 0.8357, Val: 0.6680, Test: 0.6630
Epoch: 19, Loss: 1.6417, Train: 0.7786, Val: 0.6460, Test: 0.6350
Epoch: 20, Loss: 1.5834, Train: 0.7357, Val: 0.6180, Test: 0.5960
Epoch: 21, Loss: 1.4948, Train: 0.7500, Val: 0.6020, Test: 0.6000
Epoch: 22, Loss: 1.4097, Train: 0.8071, Val: 0.6100, Test: 0.6250
Epoch: 23, Loss: 1.4112, Train: 0.8357, Val: 0.6100, Test: 0.6120
Epoch: 24, Loss: 1.3220, Train: 0.8286, Val: 0.6080, Test: 0.6070
Epoch: 25, Loss: 1.2663, Train: 0.8357, Val: 0.6000, Test: 0.6140
Epoch: 26, Loss: 1.1388, Train: 0.8500, Val: 0.6020, Test: 0.6260
Epoch: 27, Loss: 0.9856, Train: 0.8786, Val: 0.6420, Test: 0.6690
Epoch: 28, Loss: 1.0103, Train: 0.9286, Val: 0.6700, Test: 0.6940
Epoch: 29, Loss: 0.9073, Train: 0.9214, Val: 0.7000, Test: 0.7280
Epoch: 30, Loss: 0.8176, Train: 0.9429, Val: 0.7180, Test: 0.7540
Epoch: 31, Loss: 0.7620, Train: 0.9571, Val: 0.7260, Test: 0.7500
Epoch: 32, Loss: 0.6904, Train: 0.9500, Val: 0.7320, Test: 0.7600
Epoch: 33, Loss: 0.6415, Train: 0.9500, Val: 0.7340, Test: 0.7600
Epoch: 34, Loss: 0.5560, Train: 0.9500, Val: 0.7400, Test: 0.7560
Epoch: 35, Loss: 0.4946, Train: 0.9714, Val: 0.7600, Test: 0.7660
Epoch: 36, Loss: 0.4439, Train: 0.9929, Val: 0.7640, Test: 0.7750
Epoch: 37, Loss: 0.3587, Train: 1.0000, Val: 0.7560, Test: 0.7740
Epoch: 38, Loss: 0.3423, Train: 1.0000, Val: 0.7540, Test: 0.7750
Epoch: 39, Loss: 0.3537, Train: 1.0000, Val: 0.7780, Test: 0.7890
Epoch: 40, Loss: 0.2301, Train: 1.0000, Val: 0.7820, Test: 0.7890
Epoch: 41, Loss: 0.2272, Train: 0.9929, Val: 0.7780, Test: 0.7830
Epoch: 42, Loss: 0.2011, Train: 1.0000, Val: 0.7780, Test: 0.7750
Epoch: 43, Loss: 0.1527, Train: 0.9929, Val: 0.7700, Test: 0.7720
Epoch: 44, Loss: 0.1726, Train: 1.0000, Val: 0.7700, Test: 0.7790
Epoch: 45, Loss: 0.1270, Train: 0.9929, Val: 0.7700, Test: 0.7870
Epoch: 46, Loss: 0.1196, Train: 0.9857, Val: 0.7700, Test: 0.7880
Epoch: 47, Loss: 0.0929, Train: 1.0000, Val: 0.7700, Test: 0.7930
Epoch: 48, Loss: 0.0704, Train: 1.0000, Val: 0.7620, Test: 0.7950
Epoch: 49, Loss: 0.0727, Train: 1.0000, Val: 0.7640, Test: 0.7840
Epoch: 50, Loss: 0.0736, Train: 1.0000, Val: 0.7700, Test: 0.7750
MAD:  0.9083
Best Test Accuracy: 0.7950, Val Accuracy: 0.7620, Train Accuracy: 1.0000
Training completed.
Seed:  4
PMPGNN(
  (convs): ModuleList(
    (0): ParallelGNNBlock(
      (conv1): GATv2Conv(128, 128, heads=2)
      (conv2): GATv2Conv(128, 128, heads=2)
      (norm): LayerNorm((128,), eps=1e-05, elementwise_affine=True)
    )
    (1-7): 7 x ParallelGNNBlock(
      (conv1): GATv2Conv(512, 128, heads=2)
      (conv2): GATv2Conv(512, 128, heads=2)
      (norm): LayerNorm((128,), eps=1e-05, elementwise_affine=True)
    )
  )
  (norm): LayerNorm((512,), eps=1e-05, elementwise_affine=True)
  (mlp): Sequential(
    (0): Linear(in_features=512, out_features=64, bias=True)
    (1): LeakyReLU(negative_slope=0.01)
    (2): Dropout(p=0.3, inplace=False)
    (3): Linear(in_features=64, out_features=7, bias=True)
  )
  (proj): Linear(in_features=1433, out_features=128, bias=True)
)
Epoch: 1, Loss: 1.9570, Train: 0.1857, Val: 0.1220, Test: 0.1400
Epoch: 2, Loss: 1.9841, Train: 0.2214, Val: 0.1460, Test: 0.1560
Epoch: 3, Loss: 1.9607, Train: 0.3643, Val: 0.1900, Test: 0.2000
Epoch: 4, Loss: 1.9034, Train: 0.3000, Val: 0.1760, Test: 0.1830
Epoch: 5, Loss: 1.9227, Train: 0.2429, Val: 0.1220, Test: 0.1250
Epoch: 6, Loss: 1.9391, Train: 0.3214, Val: 0.1820, Test: 0.1790
Epoch: 7, Loss: 1.9077, Train: 0.4143, Val: 0.2640, Test: 0.2500
Epoch: 8, Loss: 1.9081, Train: 0.3714, Val: 0.2980, Test: 0.2680
Epoch: 9, Loss: 1.9292, Train: 0.4071, Val: 0.2620, Test: 0.2650
Epoch: 10, Loss: 1.8972, Train: 0.3214, Val: 0.2100, Test: 0.2180
Epoch: 11, Loss: 1.8914, Train: 0.3071, Val: 0.2020, Test: 0.2170
Epoch: 12, Loss: 1.8585, Train: 0.3214, Val: 0.2020, Test: 0.2200
Epoch: 13, Loss: 1.8048, Train: 0.3571, Val: 0.2080, Test: 0.2250
Epoch: 14, Loss: 1.8054, Train: 0.3786, Val: 0.2480, Test: 0.2650
Epoch: 15, Loss: 1.7919, Train: 0.4571, Val: 0.3140, Test: 0.3220
Epoch: 16, Loss: 1.7609, Train: 0.5143, Val: 0.3400, Test: 0.3630
Epoch: 17, Loss: 1.6796, Train: 0.5929, Val: 0.3700, Test: 0.4010
Epoch: 18, Loss: 1.6649, Train: 0.6143, Val: 0.4120, Test: 0.3980
Epoch: 19, Loss: 1.5815, Train: 0.6214, Val: 0.4360, Test: 0.4230
Epoch: 20, Loss: 1.5215, Train: 0.6786, Val: 0.4700, Test: 0.4690
Epoch: 21, Loss: 1.4099, Train: 0.7786, Val: 0.5200, Test: 0.5250
Epoch: 22, Loss: 1.3342, Train: 0.7929, Val: 0.5400, Test: 0.5330
Epoch: 23, Loss: 1.2616, Train: 0.8286, Val: 0.5840, Test: 0.5750
Epoch: 24, Loss: 1.1701, Train: 0.8714, Val: 0.6400, Test: 0.6110
Epoch: 25, Loss: 1.0707, Train: 0.8929, Val: 0.6600, Test: 0.6520
Epoch: 26, Loss: 1.0762, Train: 0.9286, Val: 0.6820, Test: 0.6820
Epoch: 27, Loss: 0.9145, Train: 0.9286, Val: 0.6960, Test: 0.6930
Epoch: 28, Loss: 0.8538, Train: 0.9357, Val: 0.6920, Test: 0.6840
Epoch: 29, Loss: 0.8175, Train: 0.9571, Val: 0.7340, Test: 0.7330
Epoch: 30, Loss: 0.7620, Train: 0.9214, Val: 0.7300, Test: 0.7470
Epoch: 31, Loss: 0.6655, Train: 0.9143, Val: 0.7120, Test: 0.7430
Epoch: 32, Loss: 0.6093, Train: 0.9714, Val: 0.7260, Test: 0.7440
Epoch: 33, Loss: 0.5578, Train: 0.9714, Val: 0.7160, Test: 0.7280
Epoch: 34, Loss: 0.5122, Train: 0.9643, Val: 0.7160, Test: 0.7050
Epoch: 35, Loss: 0.4901, Train: 0.9714, Val: 0.7300, Test: 0.7320
Epoch: 36, Loss: 0.4441, Train: 0.9714, Val: 0.7240, Test: 0.7380
Epoch: 37, Loss: 0.4163, Train: 0.9786, Val: 0.7300, Test: 0.7550
Epoch: 38, Loss: 0.3370, Train: 0.9857, Val: 0.7240, Test: 0.7560
Epoch: 39, Loss: 0.3050, Train: 0.9786, Val: 0.7080, Test: 0.7490
Epoch: 40, Loss: 0.2744, Train: 0.9929, Val: 0.7160, Test: 0.7480
Epoch: 41, Loss: 0.2366, Train: 0.9714, Val: 0.7180, Test: 0.7440
Epoch: 42, Loss: 0.2240, Train: 0.9857, Val: 0.7320, Test: 0.7480
Epoch: 43, Loss: 0.1862, Train: 0.9857, Val: 0.7280, Test: 0.7440
Epoch: 44, Loss: 0.1600, Train: 0.9929, Val: 0.7260, Test: 0.7360
Epoch: 45, Loss: 0.1615, Train: 1.0000, Val: 0.7300, Test: 0.7620
Epoch: 46, Loss: 0.1187, Train: 0.9929, Val: 0.7340, Test: 0.7580
Epoch: 47, Loss: 0.1175, Train: 1.0000, Val: 0.7320, Test: 0.7620
Epoch: 48, Loss: 0.0991, Train: 0.9929, Val: 0.7360, Test: 0.7550
Epoch: 49, Loss: 0.1253, Train: 0.9929, Val: 0.7300, Test: 0.7530
Epoch: 50, Loss: 0.1292, Train: 0.9929, Val: 0.7340, Test: 0.7570
MAD:  0.897
Best Test Accuracy: 0.7620, Val Accuracy: 0.7300, Train Accuracy: 1.0000
Training completed.
Seed:  5
PMPGNN(
  (convs): ModuleList(
    (0): ParallelGNNBlock(
      (conv1): GATv2Conv(128, 128, heads=2)
      (conv2): GATv2Conv(128, 128, heads=2)
      (norm): LayerNorm((128,), eps=1e-05, elementwise_affine=True)
    )
    (1-7): 7 x ParallelGNNBlock(
      (conv1): GATv2Conv(512, 128, heads=2)
      (conv2): GATv2Conv(512, 128, heads=2)
      (norm): LayerNorm((128,), eps=1e-05, elementwise_affine=True)
    )
  )
  (norm): LayerNorm((512,), eps=1e-05, elementwise_affine=True)
  (mlp): Sequential(
    (0): Linear(in_features=512, out_features=64, bias=True)
    (1): LeakyReLU(negative_slope=0.01)
    (2): Dropout(p=0.3, inplace=False)
    (3): Linear(in_features=64, out_features=7, bias=True)
  )
  (proj): Linear(in_features=1433, out_features=128, bias=True)
)
Epoch: 1, Loss: 1.9781, Train: 0.1214, Val: 0.1500, Test: 0.1420
Epoch: 2, Loss: 1.9419, Train: 0.1786, Val: 0.1600, Test: 0.1500
Epoch: 3, Loss: 1.9484, Train: 0.2857, Val: 0.2120, Test: 0.2030
Epoch: 4, Loss: 1.9633, Train: 0.4429, Val: 0.3740, Test: 0.3550
Epoch: 5, Loss: 1.9495, Train: 0.3429, Val: 0.4320, Test: 0.3960
Epoch: 6, Loss: 1.9240, Train: 0.3143, Val: 0.4560, Test: 0.4250
Epoch: 7, Loss: 1.9228, Train: 0.3000, Val: 0.4480, Test: 0.4250
Epoch: 8, Loss: 1.9235, Train: 0.3357, Val: 0.4520, Test: 0.4100
Epoch: 9, Loss: 1.9082, Train: 0.5143, Val: 0.4540, Test: 0.4330
Epoch: 10, Loss: 1.8830, Train: 0.4857, Val: 0.3980, Test: 0.3850
Epoch: 11, Loss: 1.9407, Train: 0.4786, Val: 0.3960, Test: 0.3720
Epoch: 12, Loss: 1.8935, Train: 0.4643, Val: 0.3440, Test: 0.3330
Epoch: 13, Loss: 1.8741, Train: 0.4714, Val: 0.3280, Test: 0.3220
Epoch: 14, Loss: 1.8331, Train: 0.5857, Val: 0.3720, Test: 0.3820
Epoch: 15, Loss: 1.8265, Train: 0.6643, Val: 0.4320, Test: 0.4560
Epoch: 16, Loss: 1.7725, Train: 0.7286, Val: 0.5320, Test: 0.5140
Epoch: 17, Loss: 1.7432, Train: 0.7643, Val: 0.5660, Test: 0.5630
Epoch: 18, Loss: 1.6715, Train: 0.7429, Val: 0.5940, Test: 0.5840
Epoch: 19, Loss: 1.6226, Train: 0.7429, Val: 0.6120, Test: 0.5990
Epoch: 20, Loss: 1.5595, Train: 0.7857, Val: 0.6160, Test: 0.6110
Epoch: 21, Loss: 1.5538, Train: 0.7929, Val: 0.6240, Test: 0.6160
Epoch: 22, Loss: 1.4034, Train: 0.7929, Val: 0.6120, Test: 0.6150
Epoch: 23, Loss: 1.3569, Train: 0.8214, Val: 0.6160, Test: 0.6160
Epoch: 24, Loss: 1.2697, Train: 0.8357, Val: 0.6400, Test: 0.6350
Epoch: 25, Loss: 1.1888, Train: 0.8643, Val: 0.6640, Test: 0.6540
Epoch: 26, Loss: 1.0811, Train: 0.8857, Val: 0.7400, Test: 0.7260
Epoch: 27, Loss: 0.9742, Train: 0.9214, Val: 0.7760, Test: 0.7590
Epoch: 28, Loss: 0.9075, Train: 0.9429, Val: 0.7900, Test: 0.7830
Epoch: 29, Loss: 0.8596, Train: 0.9500, Val: 0.8020, Test: 0.7790
Epoch: 30, Loss: 0.7962, Train: 0.9643, Val: 0.8080, Test: 0.7870
Epoch: 31, Loss: 0.7168, Train: 0.9643, Val: 0.7860, Test: 0.7750
Epoch: 32, Loss: 0.6048, Train: 0.9643, Val: 0.7800, Test: 0.7660
Epoch: 33, Loss: 0.5421, Train: 0.9714, Val: 0.7780, Test: 0.7700
Epoch: 34, Loss: 0.5043, Train: 0.9714, Val: 0.7800, Test: 0.7840
Epoch: 35, Loss: 0.3966, Train: 0.9786, Val: 0.7860, Test: 0.7710
Epoch: 36, Loss: 0.3545, Train: 0.9857, Val: 0.7720, Test: 0.7700
Epoch: 37, Loss: 0.3312, Train: 0.9929, Val: 0.7780, Test: 0.7840
Epoch: 38, Loss: 0.2734, Train: 0.9929, Val: 0.7860, Test: 0.7950
Epoch: 39, Loss: 0.2303, Train: 0.9929, Val: 0.7860, Test: 0.7920
Epoch: 40, Loss: 0.1733, Train: 0.9929, Val: 0.7780, Test: 0.7940
Epoch: 41, Loss: 0.2050, Train: 0.9857, Val: 0.7880, Test: 0.7870
Epoch: 42, Loss: 0.1458, Train: 0.9786, Val: 0.7740, Test: 0.7750
Epoch: 43, Loss: 0.1691, Train: 0.9786, Val: 0.7640, Test: 0.7730
Epoch: 44, Loss: 0.1548, Train: 0.9857, Val: 0.7720, Test: 0.7730
Epoch: 45, Loss: 0.1107, Train: 1.0000, Val: 0.7660, Test: 0.7670
Epoch: 46, Loss: 0.1275, Train: 1.0000, Val: 0.7560, Test: 0.7640
Epoch: 47, Loss: 0.1104, Train: 1.0000, Val: 0.7620, Test: 0.7690
Epoch: 48, Loss: 0.0681, Train: 0.9929, Val: 0.7760, Test: 0.7730
Epoch: 49, Loss: 0.0661, Train: 0.9786, Val: 0.7720, Test: 0.7790
Epoch: 50, Loss: 0.0753, Train: 0.9857, Val: 0.7800, Test: 0.7930
MAD:  0.9074
Best Test Accuracy: 0.7950, Val Accuracy: 0.7860, Train Accuracy: 0.9929
Training completed.
Seed:  6
PMPGNN(
  (convs): ModuleList(
    (0): ParallelGNNBlock(
      (conv1): GATv2Conv(128, 128, heads=2)
      (conv2): GATv2Conv(128, 128, heads=2)
      (norm): LayerNorm((128,), eps=1e-05, elementwise_affine=True)
    )
    (1-7): 7 x ParallelGNNBlock(
      (conv1): GATv2Conv(512, 128, heads=2)
      (conv2): GATv2Conv(512, 128, heads=2)
      (norm): LayerNorm((128,), eps=1e-05, elementwise_affine=True)
    )
  )
  (norm): LayerNorm((512,), eps=1e-05, elementwise_affine=True)
  (mlp): Sequential(
    (0): Linear(in_features=512, out_features=64, bias=True)
    (1): LeakyReLU(negative_slope=0.01)
    (2): Dropout(p=0.3, inplace=False)
    (3): Linear(in_features=64, out_features=7, bias=True)
  )
  (proj): Linear(in_features=1433, out_features=128, bias=True)
)
Epoch: 1, Loss: 1.9782, Train: 0.1786, Val: 0.0760, Test: 0.0810
Epoch: 2, Loss: 1.9634, Train: 0.2857, Val: 0.1560, Test: 0.1600
Epoch: 3, Loss: 1.9731, Train: 0.3071, Val: 0.2160, Test: 0.2380
Epoch: 4, Loss: 1.9336, Train: 0.2714, Val: 0.2320, Test: 0.2370
Epoch: 5, Loss: 1.9082, Train: 0.4000, Val: 0.3200, Test: 0.3350
Epoch: 6, Loss: 1.9187, Train: 0.4357, Val: 0.4340, Test: 0.4250
Epoch: 7, Loss: 1.9138, Train: 0.3714, Val: 0.4120, Test: 0.4090
Epoch: 8, Loss: 1.9150, Train: 0.3857, Val: 0.4120, Test: 0.4160
Epoch: 9, Loss: 1.8857, Train: 0.4214, Val: 0.4200, Test: 0.4460
Epoch: 10, Loss: 1.8905, Train: 0.5429, Val: 0.4920, Test: 0.5460
Epoch: 11, Loss: 1.8948, Train: 0.6786, Val: 0.5380, Test: 0.5880
Epoch: 12, Loss: 1.7808, Train: 0.6857, Val: 0.5640, Test: 0.5770
Epoch: 13, Loss: 1.8012, Train: 0.7000, Val: 0.5760, Test: 0.5840
Epoch: 14, Loss: 1.7698, Train: 0.7143, Val: 0.5800, Test: 0.5730
Epoch: 15, Loss: 1.6978, Train: 0.7143, Val: 0.5840, Test: 0.5500
Epoch: 16, Loss: 1.6677, Train: 0.7429, Val: 0.5780, Test: 0.5600
Epoch: 17, Loss: 1.5773, Train: 0.7000, Val: 0.5440, Test: 0.5230
Epoch: 18, Loss: 1.5385, Train: 0.6857, Val: 0.4940, Test: 0.4910
Epoch: 19, Loss: 1.4475, Train: 0.6643, Val: 0.5120, Test: 0.5160
Epoch: 20, Loss: 1.4251, Train: 0.7071, Val: 0.5780, Test: 0.5590
Epoch: 21, Loss: 1.2962, Train: 0.7786, Val: 0.6180, Test: 0.6070
Epoch: 22, Loss: 1.2485, Train: 0.8214, Val: 0.6420, Test: 0.6270
Epoch: 23, Loss: 1.1647, Train: 0.8214, Val: 0.6880, Test: 0.6820
Epoch: 24, Loss: 1.1514, Train: 0.8571, Val: 0.6940, Test: 0.6980
Epoch: 25, Loss: 1.0365, Train: 0.8857, Val: 0.6960, Test: 0.7000
Epoch: 26, Loss: 0.9089, Train: 0.9214, Val: 0.6900, Test: 0.7110
Epoch: 27, Loss: 0.8479, Train: 0.9071, Val: 0.6920, Test: 0.7260
Epoch: 28, Loss: 0.7830, Train: 0.9286, Val: 0.7100, Test: 0.7340
Epoch: 29, Loss: 0.7482, Train: 0.9214, Val: 0.7180, Test: 0.7390
Epoch: 30, Loss: 0.7200, Train: 0.9500, Val: 0.7400, Test: 0.7490
Epoch: 31, Loss: 0.5680, Train: 0.9500, Val: 0.7320, Test: 0.7390
Epoch: 32, Loss: 0.5326, Train: 0.9571, Val: 0.7300, Test: 0.7380
Epoch: 33, Loss: 0.5076, Train: 0.9643, Val: 0.7560, Test: 0.7590
Epoch: 34, Loss: 0.4064, Train: 0.9857, Val: 0.7540, Test: 0.7660
Epoch: 35, Loss: 0.3812, Train: 0.9714, Val: 0.7480, Test: 0.7580
Epoch: 36, Loss: 0.3399, Train: 0.9786, Val: 0.7460, Test: 0.7580
Epoch: 37, Loss: 0.2818, Train: 0.9857, Val: 0.7460, Test: 0.7580
Epoch: 38, Loss: 0.2609, Train: 1.0000, Val: 0.7600, Test: 0.7590
Epoch: 39, Loss: 0.1816, Train: 0.9857, Val: 0.7620, Test: 0.7650
Epoch: 40, Loss: 0.2085, Train: 0.9929, Val: 0.7460, Test: 0.7630
Epoch: 41, Loss: 0.1967, Train: 0.9929, Val: 0.7500, Test: 0.7660
Epoch: 42, Loss: 0.1397, Train: 0.9857, Val: 0.7400, Test: 0.7470
Epoch: 43, Loss: 0.1228, Train: 0.9929, Val: 0.7380, Test: 0.7370
Epoch: 44, Loss: 0.1159, Train: 0.9929, Val: 0.7320, Test: 0.7470
Epoch: 45, Loss: 0.1174, Train: 0.9929, Val: 0.7420, Test: 0.7510
Epoch: 46, Loss: 0.0759, Train: 1.0000, Val: 0.7460, Test: 0.7530
Epoch: 47, Loss: 0.0897, Train: 1.0000, Val: 0.7580, Test: 0.7590
Epoch: 48, Loss: 0.0778, Train: 1.0000, Val: 0.7540, Test: 0.7620
Epoch: 49, Loss: 0.0904, Train: 0.9929, Val: 0.7680, Test: 0.7770
Epoch: 50, Loss: 0.0517, Train: 0.9857, Val: 0.7700, Test: 0.7840
MAD:  0.8697
Best Test Accuracy: 0.7840, Val Accuracy: 0.7700, Train Accuracy: 0.9857
Training completed.
Seed:  7
PMPGNN(
  (convs): ModuleList(
    (0): ParallelGNNBlock(
      (conv1): GATv2Conv(128, 128, heads=2)
      (conv2): GATv2Conv(128, 128, heads=2)
      (norm): LayerNorm((128,), eps=1e-05, elementwise_affine=True)
    )
    (1-7): 7 x ParallelGNNBlock(
      (conv1): GATv2Conv(512, 128, heads=2)
      (conv2): GATv2Conv(512, 128, heads=2)
      (norm): LayerNorm((128,), eps=1e-05, elementwise_affine=True)
    )
  )
  (norm): LayerNorm((512,), eps=1e-05, elementwise_affine=True)
  (mlp): Sequential(
    (0): Linear(in_features=512, out_features=64, bias=True)
    (1): LeakyReLU(negative_slope=0.01)
    (2): Dropout(p=0.3, inplace=False)
    (3): Linear(in_features=64, out_features=7, bias=True)
  )
  (proj): Linear(in_features=1433, out_features=128, bias=True)
)
Epoch: 1, Loss: 1.9908, Train: 0.2000, Val: 0.0940, Test: 0.0960
Epoch: 2, Loss: 1.9777, Train: 0.2286, Val: 0.1440, Test: 0.1680
Epoch: 3, Loss: 1.9515, Train: 0.2786, Val: 0.2240, Test: 0.2150
Epoch: 4, Loss: 1.9468, Train: 0.3571, Val: 0.2980, Test: 0.2790
Epoch: 5, Loss: 1.9297, Train: 0.4071, Val: 0.3100, Test: 0.3130
Epoch: 6, Loss: 1.9383, Train: 0.3786, Val: 0.2460, Test: 0.2580
Epoch: 7, Loss: 1.9255, Train: 0.3214, Val: 0.2000, Test: 0.2000
Epoch: 8, Loss: 1.9226, Train: 0.4000, Val: 0.2740, Test: 0.2630
Epoch: 9, Loss: 1.9147, Train: 0.4714, Val: 0.4880, Test: 0.4760
Epoch: 10, Loss: 1.8799, Train: 0.4714, Val: 0.4800, Test: 0.4730
Epoch: 11, Loss: 1.8581, Train: 0.4643, Val: 0.4860, Test: 0.4890
Epoch: 12, Loss: 1.8433, Train: 0.5500, Val: 0.5560, Test: 0.5400
Epoch: 13, Loss: 1.8093, Train: 0.6071, Val: 0.5900, Test: 0.5720
Epoch: 14, Loss: 1.8151, Train: 0.6714, Val: 0.6180, Test: 0.5980
Epoch: 15, Loss: 1.7324, Train: 0.7286, Val: 0.6320, Test: 0.6180
Epoch: 16, Loss: 1.7062, Train: 0.7429, Val: 0.5880, Test: 0.5840
Epoch: 17, Loss: 1.7131, Train: 0.6500, Val: 0.5420, Test: 0.5180
Epoch: 18, Loss: 1.6557, Train: 0.6643, Val: 0.5040, Test: 0.4910
Epoch: 19, Loss: 1.5671, Train: 0.6357, Val: 0.4540, Test: 0.4860
Epoch: 20, Loss: 1.5530, Train: 0.6143, Val: 0.4440, Test: 0.4720
Epoch: 21, Loss: 1.5030, Train: 0.6357, Val: 0.4420, Test: 0.4730
Epoch: 22, Loss: 1.3556, Train: 0.6929, Val: 0.4960, Test: 0.5390
Epoch: 23, Loss: 1.3112, Train: 0.8071, Val: 0.5900, Test: 0.5890
Epoch: 24, Loss: 1.2666, Train: 0.8357, Val: 0.6480, Test: 0.6320
Epoch: 25, Loss: 1.1541, Train: 0.8429, Val: 0.6780, Test: 0.6850
Epoch: 26, Loss: 1.1343, Train: 0.8571, Val: 0.6860, Test: 0.6940
Epoch: 27, Loss: 1.0191, Train: 0.8643, Val: 0.6700, Test: 0.6750
Epoch: 28, Loss: 0.9042, Train: 0.8357, Val: 0.6460, Test: 0.6230
Epoch: 29, Loss: 0.8912, Train: 0.8714, Val: 0.6620, Test: 0.6510
Epoch: 30, Loss: 0.8235, Train: 0.9143, Val: 0.6800, Test: 0.7080
Epoch: 31, Loss: 0.7389, Train: 0.9429, Val: 0.7300, Test: 0.7410
Epoch: 32, Loss: 0.6866, Train: 0.9714, Val: 0.7360, Test: 0.7430
Epoch: 33, Loss: 0.6439, Train: 0.9500, Val: 0.7180, Test: 0.7300
Epoch: 34, Loss: 0.5602, Train: 0.9714, Val: 0.7400, Test: 0.7440
Epoch: 35, Loss: 0.5096, Train: 0.9714, Val: 0.7620, Test: 0.7710
Epoch: 36, Loss: 0.4704, Train: 0.9786, Val: 0.7620, Test: 0.7710
Epoch: 37, Loss: 0.4212, Train: 0.9857, Val: 0.7540, Test: 0.7670
Epoch: 38, Loss: 0.3351, Train: 0.9786, Val: 0.7620, Test: 0.7780
Epoch: 39, Loss: 0.3555, Train: 0.9857, Val: 0.7620, Test: 0.7780
Epoch: 40, Loss: 0.3025, Train: 1.0000, Val: 0.7720, Test: 0.7820
Epoch: 41, Loss: 0.2512, Train: 1.0000, Val: 0.7620, Test: 0.7810
Epoch: 42, Loss: 0.2161, Train: 1.0000, Val: 0.7680, Test: 0.7790
Epoch: 43, Loss: 0.1997, Train: 1.0000, Val: 0.7620, Test: 0.7800
Epoch: 44, Loss: 0.1802, Train: 1.0000, Val: 0.7660, Test: 0.7720
Epoch: 45, Loss: 0.1387, Train: 1.0000, Val: 0.7780, Test: 0.7710
Epoch: 46, Loss: 0.1009, Train: 0.9929, Val: 0.7780, Test: 0.7710
Epoch: 47, Loss: 0.1565, Train: 0.9929, Val: 0.7840, Test: 0.7830
Epoch: 48, Loss: 0.0939, Train: 0.9929, Val: 0.7840, Test: 0.7840
Epoch: 49, Loss: 0.0815, Train: 0.9929, Val: 0.7840, Test: 0.7790
Epoch: 50, Loss: 0.0629, Train: 0.9929, Val: 0.7780, Test: 0.7780
MAD:  0.898
Best Test Accuracy: 0.7840, Val Accuracy: 0.7840, Train Accuracy: 0.9929
Training completed.
Seed:  8
PMPGNN(
  (convs): ModuleList(
    (0): ParallelGNNBlock(
      (conv1): GATv2Conv(128, 128, heads=2)
      (conv2): GATv2Conv(128, 128, heads=2)
      (norm): LayerNorm((128,), eps=1e-05, elementwise_affine=True)
    )
    (1-7): 7 x ParallelGNNBlock(
      (conv1): GATv2Conv(512, 128, heads=2)
      (conv2): GATv2Conv(512, 128, heads=2)
      (norm): LayerNorm((128,), eps=1e-05, elementwise_affine=True)
    )
  )
  (norm): LayerNorm((512,), eps=1e-05, elementwise_affine=True)
  (mlp): Sequential(
    (0): Linear(in_features=512, out_features=64, bias=True)
    (1): LeakyReLU(negative_slope=0.01)
    (2): Dropout(p=0.3, inplace=False)
    (3): Linear(in_features=64, out_features=7, bias=True)
  )
  (proj): Linear(in_features=1433, out_features=128, bias=True)
)
Epoch: 1, Loss: 1.9952, Train: 0.2643, Val: 0.3020, Test: 0.3220
Epoch: 2, Loss: 1.9803, Train: 0.2786, Val: 0.3200, Test: 0.3330
Epoch: 3, Loss: 1.9486, Train: 0.3214, Val: 0.3500, Test: 0.3370
Epoch: 4, Loss: 1.9415, Train: 0.4071, Val: 0.3040, Test: 0.2900
Epoch: 5, Loss: 1.9812, Train: 0.4429, Val: 0.3820, Test: 0.3430
Epoch: 6, Loss: 1.9550, Train: 0.4357, Val: 0.3800, Test: 0.3550
Epoch: 7, Loss: 1.9167, Train: 0.4286, Val: 0.3520, Test: 0.3480
Epoch: 8, Loss: 1.9150, Train: 0.5286, Val: 0.4460, Test: 0.4540
Epoch: 9, Loss: 1.9271, Train: 0.5500, Val: 0.5640, Test: 0.5770
Epoch: 10, Loss: 1.9024, Train: 0.6071, Val: 0.5180, Test: 0.5540
Epoch: 11, Loss: 1.9045, Train: 0.5643, Val: 0.4940, Test: 0.5300
Epoch: 12, Loss: 1.8441, Train: 0.5857, Val: 0.4740, Test: 0.5080
Epoch: 13, Loss: 1.8169, Train: 0.6214, Val: 0.4740, Test: 0.5010
Epoch: 14, Loss: 1.7725, Train: 0.6571, Val: 0.5200, Test: 0.5530
Epoch: 15, Loss: 1.7620, Train: 0.7214, Val: 0.5640, Test: 0.5930
Epoch: 16, Loss: 1.7200, Train: 0.7857, Val: 0.6480, Test: 0.6500
Epoch: 17, Loss: 1.6379, Train: 0.8500, Val: 0.7140, Test: 0.7050
Epoch: 18, Loss: 1.5793, Train: 0.8643, Val: 0.7400, Test: 0.7420
Epoch: 19, Loss: 1.4907, Train: 0.8857, Val: 0.7260, Test: 0.7440
Epoch: 20, Loss: 1.4176, Train: 0.8857, Val: 0.7120, Test: 0.7310
Epoch: 21, Loss: 1.3366, Train: 0.9071, Val: 0.7180, Test: 0.7260
Epoch: 22, Loss: 1.3182, Train: 0.8857, Val: 0.7060, Test: 0.6990
Epoch: 23, Loss: 1.1775, Train: 0.8714, Val: 0.6620, Test: 0.6520
Epoch: 24, Loss: 1.0836, Train: 0.8714, Val: 0.6380, Test: 0.6270
Epoch: 25, Loss: 0.9629, Train: 0.8714, Val: 0.6420, Test: 0.6360
Epoch: 26, Loss: 0.8829, Train: 0.8786, Val: 0.6740, Test: 0.6590
Epoch: 27, Loss: 0.8140, Train: 0.9071, Val: 0.6800, Test: 0.6780
Epoch: 28, Loss: 0.7265, Train: 0.9214, Val: 0.6940, Test: 0.6970
Epoch: 29, Loss: 0.6854, Train: 0.9429, Val: 0.7260, Test: 0.7310
Epoch: 30, Loss: 0.6367, Train: 0.9500, Val: 0.7320, Test: 0.7470
Epoch: 31, Loss: 0.5542, Train: 0.9500, Val: 0.7240, Test: 0.7440
Epoch: 32, Loss: 0.4954, Train: 0.9714, Val: 0.7260, Test: 0.7410
Epoch: 33, Loss: 0.4216, Train: 0.9571, Val: 0.7280, Test: 0.7340
Epoch: 34, Loss: 0.3895, Train: 0.9571, Val: 0.7300, Test: 0.7350
Epoch: 35, Loss: 0.3662, Train: 0.9714, Val: 0.7340, Test: 0.7430
Epoch: 36, Loss: 0.3134, Train: 0.9857, Val: 0.7420, Test: 0.7420
Epoch: 37, Loss: 0.2662, Train: 0.9929, Val: 0.7560, Test: 0.7640
Epoch: 38, Loss: 0.2516, Train: 1.0000, Val: 0.7500, Test: 0.7810
Epoch: 39, Loss: 0.2034, Train: 1.0000, Val: 0.7620, Test: 0.7790
Epoch: 40, Loss: 0.1977, Train: 1.0000, Val: 0.7580, Test: 0.7820
Epoch: 41, Loss: 0.1888, Train: 0.9929, Val: 0.7560, Test: 0.7700
Epoch: 42, Loss: 0.1492, Train: 0.9929, Val: 0.7500, Test: 0.7670
Epoch: 43, Loss: 0.1362, Train: 1.0000, Val: 0.7420, Test: 0.7700
Epoch: 44, Loss: 0.0959, Train: 1.0000, Val: 0.7340, Test: 0.7640
Epoch: 45, Loss: 0.1175, Train: 1.0000, Val: 0.7320, Test: 0.7560
Epoch: 46, Loss: 0.1086, Train: 1.0000, Val: 0.7420, Test: 0.7580
Epoch: 47, Loss: 0.0632, Train: 1.0000, Val: 0.7420, Test: 0.7630
Epoch: 48, Loss: 0.0645, Train: 1.0000, Val: 0.7440, Test: 0.7610
Epoch: 49, Loss: 0.0752, Train: 1.0000, Val: 0.7480, Test: 0.7670
Epoch: 50, Loss: 0.0496, Train: 0.9929, Val: 0.7520, Test: 0.7700
MAD:  0.9002
Best Test Accuracy: 0.7820, Val Accuracy: 0.7580, Train Accuracy: 1.0000
Training completed.
Seed:  9
PMPGNN(
  (convs): ModuleList(
    (0): ParallelGNNBlock(
      (conv1): GATv2Conv(128, 128, heads=2)
      (conv2): GATv2Conv(128, 128, heads=2)
      (norm): LayerNorm((128,), eps=1e-05, elementwise_affine=True)
    )
    (1-7): 7 x ParallelGNNBlock(
      (conv1): GATv2Conv(512, 128, heads=2)
      (conv2): GATv2Conv(512, 128, heads=2)
      (norm): LayerNorm((128,), eps=1e-05, elementwise_affine=True)
    )
  )
  (norm): LayerNorm((512,), eps=1e-05, elementwise_affine=True)
  (mlp): Sequential(
    (0): Linear(in_features=512, out_features=64, bias=True)
    (1): LeakyReLU(negative_slope=0.01)
    (2): Dropout(p=0.3, inplace=False)
    (3): Linear(in_features=64, out_features=7, bias=True)
  )
  (proj): Linear(in_features=1433, out_features=128, bias=True)
)
Epoch: 1, Loss: 2.0135, Train: 0.1857, Val: 0.1140, Test: 0.0970
Epoch: 2, Loss: 1.9812, Train: 0.1929, Val: 0.0840, Test: 0.0960
Epoch: 3, Loss: 1.9369, Train: 0.1500, Val: 0.0740, Test: 0.0840
Epoch: 4, Loss: 1.9111, Train: 0.1929, Val: 0.1040, Test: 0.1080
Epoch: 5, Loss: 1.9813, Train: 0.2929, Val: 0.1380, Test: 0.1280
Epoch: 6, Loss: 1.9520, Train: 0.3000, Val: 0.1800, Test: 0.1650
Epoch: 7, Loss: 1.9171, Train: 0.3286, Val: 0.2240, Test: 0.2190
Epoch: 8, Loss: 1.9645, Train: 0.3929, Val: 0.3120, Test: 0.3180
Epoch: 9, Loss: 1.9541, Train: 0.4429, Val: 0.3620, Test: 0.3710
Epoch: 10, Loss: 1.9247, Train: 0.4643, Val: 0.4500, Test: 0.4420
Epoch: 11, Loss: 1.9405, Train: 0.4286, Val: 0.4500, Test: 0.4460
Epoch: 12, Loss: 1.9008, Train: 0.4786, Val: 0.4280, Test: 0.4120
Epoch: 13, Loss: 1.8985, Train: 0.5000, Val: 0.4580, Test: 0.4290
Epoch: 14, Loss: 1.9011, Train: 0.6857, Val: 0.5660, Test: 0.5660
Epoch: 15, Loss: 1.8681, Train: 0.7500, Val: 0.6040, Test: 0.6140
Epoch: 16, Loss: 1.8489, Train: 0.7643, Val: 0.5920, Test: 0.5660
Epoch: 17, Loss: 1.8091, Train: 0.6571, Val: 0.4640, Test: 0.4490
Epoch: 18, Loss: 1.7895, Train: 0.6429, Val: 0.4280, Test: 0.4280
Epoch: 19, Loss: 1.6957, Train: 0.7214, Val: 0.4780, Test: 0.4690
Epoch: 20, Loss: 1.6468, Train: 0.7000, Val: 0.4980, Test: 0.4850
Epoch: 21, Loss: 1.6421, Train: 0.7143, Val: 0.5120, Test: 0.5030
Epoch: 22, Loss: 1.6040, Train: 0.7500, Val: 0.5380, Test: 0.5440
Epoch: 23, Loss: 1.5116, Train: 0.7429, Val: 0.5700, Test: 0.5560
Epoch: 24, Loss: 1.4065, Train: 0.7857, Val: 0.6080, Test: 0.5790
Epoch: 25, Loss: 1.3407, Train: 0.7643, Val: 0.6020, Test: 0.5810
Epoch: 26, Loss: 1.3077, Train: 0.7071, Val: 0.5320, Test: 0.5340
Epoch: 27, Loss: 1.2029, Train: 0.7000, Val: 0.5100, Test: 0.5180
Epoch: 28, Loss: 1.1465, Train: 0.7143, Val: 0.5440, Test: 0.5490
Epoch: 29, Loss: 1.1234, Train: 0.7643, Val: 0.6060, Test: 0.5860
Epoch: 30, Loss: 1.0171, Train: 0.7929, Val: 0.6580, Test: 0.6370
Epoch: 31, Loss: 1.0110, Train: 0.7857, Val: 0.6620, Test: 0.6410
Epoch: 32, Loss: 0.8785, Train: 0.7786, Val: 0.6400, Test: 0.6240
Epoch: 33, Loss: 0.8379, Train: 0.8000, Val: 0.6420, Test: 0.6390
Epoch: 34, Loss: 0.7752, Train: 0.8357, Val: 0.7080, Test: 0.6870
Epoch: 35, Loss: 0.7059, Train: 0.9429, Val: 0.7520, Test: 0.7570
Epoch: 36, Loss: 0.6090, Train: 0.9571, Val: 0.7600, Test: 0.7760
Epoch: 37, Loss: 0.5492, Train: 0.9714, Val: 0.7700, Test: 0.7730
Epoch: 38, Loss: 0.4799, Train: 0.9714, Val: 0.7700, Test: 0.7770
Epoch: 39, Loss: 0.5260, Train: 0.9857, Val: 0.7560, Test: 0.7630
Epoch: 40, Loss: 0.4783, Train: 0.9857, Val: 0.7500, Test: 0.7570
Epoch: 41, Loss: 0.4769, Train: 0.9857, Val: 0.7740, Test: 0.7870
Epoch: 42, Loss: 0.3607, Train: 0.9786, Val: 0.7680, Test: 0.7970
Epoch: 43, Loss: 0.3872, Train: 0.9857, Val: 0.7680, Test: 0.7950
Epoch: 44, Loss: 0.3403, Train: 0.9929, Val: 0.7740, Test: 0.7950
Epoch: 45, Loss: 0.2421, Train: 1.0000, Val: 0.7660, Test: 0.7760
Epoch: 46, Loss: 0.2729, Train: 0.9929, Val: 0.7580, Test: 0.7720
Epoch: 47, Loss: 0.2626, Train: 1.0000, Val: 0.7640, Test: 0.7740
Epoch: 48, Loss: 0.2147, Train: 0.9929, Val: 0.7760, Test: 0.7910
Epoch: 49, Loss: 0.1991, Train: 0.9929, Val: 0.7700, Test: 0.7890
Epoch: 50, Loss: 0.1588, Train: 1.0000, Val: 0.7620, Test: 0.7810
MAD:  0.9156
Best Test Accuracy: 0.7970, Val Accuracy: 0.7680, Train Accuracy: 0.9786
Training completed.
Average Test Accuracy:  0.7870999999999999 ± 0.010251341375644466
Average MAD:  0.89347 ± 0.028502913886127492
