Seed:  0
PMPGNN(
  (convs): ModuleList(
    (0): ParallelGNNBlock(
      (conv1): GATv2Conv(128, 128, heads=1)
      (conv2): GATv2Conv(128, 128, heads=1)
      (norm): LayerNorm((128,), eps=1e-05, elementwise_affine=True)
    )
    (1-9): 9 x ParallelGNNBlock(
      (conv1): GATv2Conv(256, 128, heads=1)
      (conv2): GATv2Conv(256, 128, heads=1)
      (norm): LayerNorm((128,), eps=1e-05, elementwise_affine=True)
    )
  )
  (norm): LayerNorm((256,), eps=1e-05, elementwise_affine=True)
  (mlp): Sequential(
    (0): Linear(in_features=256, out_features=64, bias=True)
    (1): LeakyReLU(negative_slope=0.01)
    (2): Dropout(p=0.3, inplace=False)
    (3): Linear(in_features=64, out_features=7, bias=True)
  )
  (proj): Linear(in_features=1433, out_features=128, bias=True)
)
Epoch: 1, Loss: 2.0407, Train: 0.2143, Val: 0.2060, Test: 0.2080
Epoch: 2, Loss: 2.0079, Train: 0.2143, Val: 0.1600, Test: 0.1490
Epoch: 3, Loss: 1.9764, Train: 0.1643, Val: 0.0920, Test: 0.0850
Epoch: 4, Loss: 1.9646, Train: 0.1571, Val: 0.0680, Test: 0.0800
Epoch: 5, Loss: 1.9806, Train: 0.1643, Val: 0.0760, Test: 0.0860
Epoch: 6, Loss: 1.9825, Train: 0.1857, Val: 0.1080, Test: 0.1200
Epoch: 7, Loss: 1.9668, Train: 0.1786, Val: 0.1240, Test: 0.1250
Epoch: 8, Loss: 1.9546, Train: 0.1643, Val: 0.1240, Test: 0.1120
Epoch: 9, Loss: 1.9480, Train: 0.1643, Val: 0.1220, Test: 0.1080
Epoch: 10, Loss: 1.9724, Train: 0.1571, Val: 0.1180, Test: 0.1050
Epoch: 11, Loss: 1.9285, Train: 0.1500, Val: 0.1140, Test: 0.1040
Epoch: 12, Loss: 1.9482, Train: 0.1500, Val: 0.1140, Test: 0.1040
Epoch: 13, Loss: 1.9474, Train: 0.1500, Val: 0.1140, Test: 0.1040
Epoch: 14, Loss: 1.9219, Train: 0.1500, Val: 0.1140, Test: 0.1040
Epoch: 15, Loss: 1.9502, Train: 0.1500, Val: 0.1140, Test: 0.1040
Epoch: 16, Loss: 1.9438, Train: 0.1500, Val: 0.1140, Test: 0.1040
Epoch: 17, Loss: 1.9338, Train: 0.1500, Val: 0.1180, Test: 0.1060
Epoch: 18, Loss: 1.9247, Train: 0.2000, Val: 0.1540, Test: 0.1430
Epoch: 19, Loss: 1.9282, Train: 0.3071, Val: 0.2560, Test: 0.2430
Epoch: 20, Loss: 1.9372, Train: 0.3214, Val: 0.2980, Test: 0.2790
Epoch: 21, Loss: 1.9327, Train: 0.3143, Val: 0.2880, Test: 0.2870
Epoch: 22, Loss: 1.9117, Train: 0.4000, Val: 0.3140, Test: 0.3320
Epoch: 23, Loss: 1.9060, Train: 0.4071, Val: 0.3940, Test: 0.3960
Epoch: 24, Loss: 1.9177, Train: 0.4071, Val: 0.4280, Test: 0.4490
Epoch: 25, Loss: 1.9005, Train: 0.4143, Val: 0.4660, Test: 0.4600
Epoch: 26, Loss: 1.8788, Train: 0.4357, Val: 0.4860, Test: 0.4970
Epoch: 27, Loss: 1.8773, Train: 0.4500, Val: 0.5060, Test: 0.5200
Epoch: 28, Loss: 1.8527, Train: 0.5000, Val: 0.5320, Test: 0.5430
Epoch: 29, Loss: 1.8459, Train: 0.5286, Val: 0.5700, Test: 0.5700
Epoch: 30, Loss: 1.8301, Train: 0.5571, Val: 0.5880, Test: 0.5890
Epoch: 31, Loss: 1.8128, Train: 0.5714, Val: 0.5900, Test: 0.5870
Epoch: 32, Loss: 1.7842, Train: 0.5357, Val: 0.5220, Test: 0.5250
Epoch: 33, Loss: 1.7700, Train: 0.5000, Val: 0.4320, Test: 0.4150
Epoch: 34, Loss: 1.7680, Train: 0.4786, Val: 0.3740, Test: 0.3690
Epoch: 35, Loss: 1.7311, Train: 0.4786, Val: 0.3580, Test: 0.3640
Epoch: 36, Loss: 1.6582, Train: 0.4714, Val: 0.3580, Test: 0.3580
Epoch: 37, Loss: 1.6697, Train: 0.4571, Val: 0.3520, Test: 0.3550
Epoch: 38, Loss: 1.6408, Train: 0.4429, Val: 0.3460, Test: 0.3470
Epoch: 39, Loss: 1.6129, Train: 0.4429, Val: 0.3540, Test: 0.3510
Epoch: 40, Loss: 1.5156, Train: 0.4571, Val: 0.3780, Test: 0.3670
Epoch: 41, Loss: 1.5096, Train: 0.4714, Val: 0.3980, Test: 0.3950
Epoch: 42, Loss: 1.5100, Train: 0.4929, Val: 0.4420, Test: 0.4370
Epoch: 43, Loss: 1.4257, Train: 0.5429, Val: 0.5260, Test: 0.5170
Epoch: 44, Loss: 1.4350, Train: 0.5571, Val: 0.5580, Test: 0.5590
Epoch: 45, Loss: 1.3585, Train: 0.5643, Val: 0.5860, Test: 0.5710
Epoch: 46, Loss: 1.3448, Train: 0.5786, Val: 0.6080, Test: 0.5860
Epoch: 47, Loss: 1.3135, Train: 0.5643, Val: 0.6100, Test: 0.5960
Epoch: 48, Loss: 1.2812, Train: 0.5571, Val: 0.5980, Test: 0.5980
Epoch: 49, Loss: 1.2000, Train: 0.5571, Val: 0.6000, Test: 0.6010
Epoch: 50, Loss: 1.1657, Train: 0.5714, Val: 0.6160, Test: 0.6100
MAD:  0.9448
Best Test Accuracy: 0.6100, Val Accuracy: 0.6160, Train Accuracy: 0.5714
Training completed.
Seed:  1
PMPGNN(
  (convs): ModuleList(
    (0): ParallelGNNBlock(
      (conv1): GATv2Conv(128, 128, heads=1)
      (conv2): GATv2Conv(128, 128, heads=1)
      (norm): LayerNorm((128,), eps=1e-05, elementwise_affine=True)
    )
    (1-9): 9 x ParallelGNNBlock(
      (conv1): GATv2Conv(256, 128, heads=1)
      (conv2): GATv2Conv(256, 128, heads=1)
      (norm): LayerNorm((128,), eps=1e-05, elementwise_affine=True)
    )
  )
  (norm): LayerNorm((256,), eps=1e-05, elementwise_affine=True)
  (mlp): Sequential(
    (0): Linear(in_features=256, out_features=64, bias=True)
    (1): LeakyReLU(negative_slope=0.01)
    (2): Dropout(p=0.3, inplace=False)
    (3): Linear(in_features=64, out_features=7, bias=True)
  )
  (proj): Linear(in_features=1433, out_features=128, bias=True)
)
Epoch: 1, Loss: 1.9804, Train: 0.1143, Val: 0.0440, Test: 0.0620
Epoch: 2, Loss: 2.0026, Train: 0.1000, Val: 0.0440, Test: 0.0510
Epoch: 3, Loss: 1.9200, Train: 0.1643, Val: 0.0940, Test: 0.1120
Epoch: 4, Loss: 1.9962, Train: 0.2286, Val: 0.1580, Test: 0.1730
Epoch: 5, Loss: 1.9771, Train: 0.2214, Val: 0.1780, Test: 0.1750
Epoch: 6, Loss: 1.9559, Train: 0.2286, Val: 0.2000, Test: 0.1910
Epoch: 7, Loss: 1.9676, Train: 0.2357, Val: 0.1940, Test: 0.1920
Epoch: 8, Loss: 1.9732, Train: 0.2286, Val: 0.1900, Test: 0.1830
Epoch: 9, Loss: 1.9408, Train: 0.2429, Val: 0.2120, Test: 0.1890
Epoch: 10, Loss: 2.0074, Train: 0.3143, Val: 0.2440, Test: 0.2330
Epoch: 11, Loss: 1.9659, Train: 0.4000, Val: 0.3260, Test: 0.2840
Epoch: 12, Loss: 1.9386, Train: 0.3857, Val: 0.3540, Test: 0.3020
Epoch: 13, Loss: 1.9525, Train: 0.3214, Val: 0.2900, Test: 0.2570
Epoch: 14, Loss: 1.9450, Train: 0.2929, Val: 0.2480, Test: 0.2140
Epoch: 15, Loss: 1.9659, Train: 0.3000, Val: 0.2480, Test: 0.2160
Epoch: 16, Loss: 1.9206, Train: 0.3071, Val: 0.2960, Test: 0.2600
Epoch: 17, Loss: 1.9440, Train: 0.3571, Val: 0.4600, Test: 0.4080
Epoch: 18, Loss: 1.9046, Train: 0.4143, Val: 0.5020, Test: 0.4580
Epoch: 19, Loss: 1.9296, Train: 0.4214, Val: 0.4980, Test: 0.4770
Epoch: 20, Loss: 1.9496, Train: 0.4214, Val: 0.5060, Test: 0.4800
Epoch: 21, Loss: 1.9275, Train: 0.4286, Val: 0.5040, Test: 0.4840
Epoch: 22, Loss: 1.9118, Train: 0.4214, Val: 0.5160, Test: 0.4940
Epoch: 23, Loss: 1.8993, Train: 0.4429, Val: 0.5160, Test: 0.5060
Epoch: 24, Loss: 1.9056, Train: 0.4714, Val: 0.5240, Test: 0.5120
Epoch: 25, Loss: 1.9141, Train: 0.5071, Val: 0.5540, Test: 0.5250
Epoch: 26, Loss: 1.9145, Train: 0.5071, Val: 0.5620, Test: 0.5560
Epoch: 27, Loss: 1.8988, Train: 0.5286, Val: 0.5720, Test: 0.5560
Epoch: 28, Loss: 1.9493, Train: 0.5500, Val: 0.5780, Test: 0.5590
Epoch: 29, Loss: 1.9007, Train: 0.5857, Val: 0.5840, Test: 0.5680
Epoch: 30, Loss: 1.8494, Train: 0.6071, Val: 0.5840, Test: 0.5730
Epoch: 31, Loss: 1.8389, Train: 0.5857, Val: 0.5720, Test: 0.5520
Epoch: 32, Loss: 1.8080, Train: 0.5857, Val: 0.5480, Test: 0.5510
Epoch: 33, Loss: 1.8128, Train: 0.5143, Val: 0.5200, Test: 0.5260
Epoch: 34, Loss: 1.7901, Train: 0.4643, Val: 0.5060, Test: 0.5030
Epoch: 35, Loss: 1.7732, Train: 0.4357, Val: 0.4920, Test: 0.4850
Epoch: 36, Loss: 1.7185, Train: 0.4143, Val: 0.4620, Test: 0.4410
Epoch: 37, Loss: 1.7094, Train: 0.3929, Val: 0.4500, Test: 0.4190
Epoch: 38, Loss: 1.6859, Train: 0.3857, Val: 0.4400, Test: 0.4250
Epoch: 39, Loss: 1.5986, Train: 0.4357, Val: 0.4620, Test: 0.4640
Epoch: 40, Loss: 1.5937, Train: 0.4786, Val: 0.5360, Test: 0.5220
Epoch: 41, Loss: 1.5522, Train: 0.5429, Val: 0.5440, Test: 0.5560
Epoch: 42, Loss: 1.5327, Train: 0.5214, Val: 0.4780, Test: 0.4560
Epoch: 43, Loss: 1.5298, Train: 0.5000, Val: 0.4160, Test: 0.4020
Epoch: 44, Loss: 1.4252, Train: 0.4857, Val: 0.3980, Test: 0.3890
Epoch: 45, Loss: 1.4012, Train: 0.4714, Val: 0.4000, Test: 0.3780
Epoch: 46, Loss: 1.4343, Train: 0.5071, Val: 0.4300, Test: 0.3960
Epoch: 47, Loss: 1.3292, Train: 0.5357, Val: 0.4360, Test: 0.4170
Epoch: 48, Loss: 1.3070, Train: 0.5643, Val: 0.4360, Test: 0.4170
Epoch: 49, Loss: 1.2804, Train: 0.5714, Val: 0.4300, Test: 0.4130
Epoch: 50, Loss: 1.2794, Train: 0.5643, Val: 0.4420, Test: 0.4170
MAD:  0.6514
Best Test Accuracy: 0.5730, Val Accuracy: 0.5840, Train Accuracy: 0.6071
Training completed.
Seed:  2
PMPGNN(
  (convs): ModuleList(
    (0): ParallelGNNBlock(
      (conv1): GATv2Conv(128, 128, heads=1)
      (conv2): GATv2Conv(128, 128, heads=1)
      (norm): LayerNorm((128,), eps=1e-05, elementwise_affine=True)
    )
    (1-9): 9 x ParallelGNNBlock(
      (conv1): GATv2Conv(256, 128, heads=1)
      (conv2): GATv2Conv(256, 128, heads=1)
      (norm): LayerNorm((128,), eps=1e-05, elementwise_affine=True)
    )
  )
  (norm): LayerNorm((256,), eps=1e-05, elementwise_affine=True)
  (mlp): Sequential(
    (0): Linear(in_features=256, out_features=64, bias=True)
    (1): LeakyReLU(negative_slope=0.01)
    (2): Dropout(p=0.3, inplace=False)
    (3): Linear(in_features=64, out_features=7, bias=True)
  )
  (proj): Linear(in_features=1433, out_features=128, bias=True)
)
Epoch: 1, Loss: 1.9799, Train: 0.1500, Val: 0.2780, Test: 0.3050
Epoch: 2, Loss: 1.9857, Train: 0.2429, Val: 0.3020, Test: 0.3090
Epoch: 3, Loss: 1.9594, Train: 0.2643, Val: 0.2340, Test: 0.2690
Epoch: 4, Loss: 1.9600, Train: 0.2714, Val: 0.2000, Test: 0.2180
Epoch: 5, Loss: 1.9520, Train: 0.2714, Val: 0.1760, Test: 0.1940
Epoch: 6, Loss: 1.9454, Train: 0.2571, Val: 0.1480, Test: 0.1610
Epoch: 7, Loss: 1.9194, Train: 0.2500, Val: 0.1420, Test: 0.1450
Epoch: 8, Loss: 1.9575, Train: 0.2500, Val: 0.1380, Test: 0.1390
Epoch: 9, Loss: 1.9604, Train: 0.2571, Val: 0.1200, Test: 0.1380
Epoch: 10, Loss: 1.9495, Train: 0.2500, Val: 0.1140, Test: 0.1340
Epoch: 11, Loss: 1.9667, Train: 0.2500, Val: 0.1100, Test: 0.1310
Epoch: 12, Loss: 1.9423, Train: 0.2571, Val: 0.1060, Test: 0.1260
Epoch: 13, Loss: 1.9715, Train: 0.2571, Val: 0.1080, Test: 0.1290
Epoch: 14, Loss: 1.9606, Train: 0.2786, Val: 0.1220, Test: 0.1360
Epoch: 15, Loss: 1.9567, Train: 0.3571, Val: 0.1420, Test: 0.1650
Epoch: 16, Loss: 1.9628, Train: 0.4071, Val: 0.2480, Test: 0.2580
Epoch: 17, Loss: 1.8993, Train: 0.4214, Val: 0.3000, Test: 0.3060
Epoch: 18, Loss: 1.9158, Train: 0.4643, Val: 0.3880, Test: 0.4090
Epoch: 19, Loss: 1.9220, Train: 0.5286, Val: 0.4860, Test: 0.4840
Epoch: 20, Loss: 1.9406, Train: 0.4929, Val: 0.5160, Test: 0.5090
Epoch: 21, Loss: 1.9280, Train: 0.4857, Val: 0.5140, Test: 0.5160
Epoch: 22, Loss: 1.8873, Train: 0.5000, Val: 0.5340, Test: 0.5390
Epoch: 23, Loss: 1.9129, Train: 0.5000, Val: 0.5620, Test: 0.5450
Epoch: 24, Loss: 1.8755, Train: 0.5571, Val: 0.5700, Test: 0.5570
Epoch: 25, Loss: 1.8591, Train: 0.5714, Val: 0.5500, Test: 0.5470
Epoch: 26, Loss: 1.8613, Train: 0.5643, Val: 0.5180, Test: 0.5260
Epoch: 27, Loss: 1.8603, Train: 0.5286, Val: 0.4720, Test: 0.4720
Epoch: 28, Loss: 1.8204, Train: 0.4643, Val: 0.4180, Test: 0.4240
Epoch: 29, Loss: 1.7964, Train: 0.4143, Val: 0.3640, Test: 0.3760
Epoch: 30, Loss: 1.7866, Train: 0.3857, Val: 0.2920, Test: 0.2990
Epoch: 31, Loss: 1.7548, Train: 0.3786, Val: 0.2120, Test: 0.2610
Epoch: 32, Loss: 1.7394, Train: 0.3643, Val: 0.1860, Test: 0.2280
Epoch: 33, Loss: 1.6966, Train: 0.3357, Val: 0.1700, Test: 0.2120
Epoch: 34, Loss: 1.7020, Train: 0.3286, Val: 0.1620, Test: 0.2020
Epoch: 35, Loss: 1.6618, Train: 0.3286, Val: 0.1600, Test: 0.1910
Epoch: 36, Loss: 1.6178, Train: 0.3286, Val: 0.1620, Test: 0.1950
Epoch: 37, Loss: 1.5901, Train: 0.3286, Val: 0.1680, Test: 0.2030
Epoch: 38, Loss: 1.5512, Train: 0.3429, Val: 0.1860, Test: 0.2190
Epoch: 39, Loss: 1.5236, Train: 0.3786, Val: 0.2360, Test: 0.2570
Epoch: 40, Loss: 1.4540, Train: 0.4286, Val: 0.2780, Test: 0.2920
Epoch: 41, Loss: 1.4776, Train: 0.4643, Val: 0.3020, Test: 0.3040
Epoch: 42, Loss: 1.4344, Train: 0.4643, Val: 0.3180, Test: 0.3200
Epoch: 43, Loss: 1.4292, Train: 0.4857, Val: 0.3380, Test: 0.3440
Epoch: 44, Loss: 1.3841, Train: 0.5071, Val: 0.3600, Test: 0.3680
Epoch: 45, Loss: 1.3290, Train: 0.5071, Val: 0.3600, Test: 0.3630
Epoch: 46, Loss: 1.3465, Train: 0.5786, Val: 0.3960, Test: 0.3930
Epoch: 47, Loss: 1.2968, Train: 0.5929, Val: 0.3980, Test: 0.4040
Epoch: 48, Loss: 1.2802, Train: 0.6286, Val: 0.3800, Test: 0.3710
Epoch: 49, Loss: 1.1554, Train: 0.6143, Val: 0.3620, Test: 0.3680
Epoch: 50, Loss: 1.2644, Train: 0.6429, Val: 0.3800, Test: 0.3730
MAD:  0.628
Best Test Accuracy: 0.5570, Val Accuracy: 0.5700, Train Accuracy: 0.5571
Training completed.
Seed:  3
PMPGNN(
  (convs): ModuleList(
    (0): ParallelGNNBlock(
      (conv1): GATv2Conv(128, 128, heads=1)
      (conv2): GATv2Conv(128, 128, heads=1)
      (norm): LayerNorm((128,), eps=1e-05, elementwise_affine=True)
    )
    (1-9): 9 x ParallelGNNBlock(
      (conv1): GATv2Conv(256, 128, heads=1)
      (conv2): GATv2Conv(256, 128, heads=1)
      (norm): LayerNorm((128,), eps=1e-05, elementwise_affine=True)
    )
  )
  (norm): LayerNorm((256,), eps=1e-05, elementwise_affine=True)
  (mlp): Sequential(
    (0): Linear(in_features=256, out_features=64, bias=True)
    (1): LeakyReLU(negative_slope=0.01)
    (2): Dropout(p=0.3, inplace=False)
    (3): Linear(in_features=64, out_features=7, bias=True)
  )
  (proj): Linear(in_features=1433, out_features=128, bias=True)
)
Epoch: 1, Loss: 1.9328, Train: 0.1571, Val: 0.3360, Test: 0.3160
Epoch: 2, Loss: 1.9915, Train: 0.2286, Val: 0.3800, Test: 0.3630
Epoch: 3, Loss: 2.0205, Train: 0.4000, Val: 0.4160, Test: 0.3750
Epoch: 4, Loss: 1.9445, Train: 0.3929, Val: 0.3560, Test: 0.3130
Epoch: 5, Loss: 1.9403, Train: 0.3500, Val: 0.3260, Test: 0.2860
Epoch: 6, Loss: 1.9506, Train: 0.2286, Val: 0.2380, Test: 0.2110
Epoch: 7, Loss: 1.9330, Train: 0.1786, Val: 0.1900, Test: 0.1640
Epoch: 8, Loss: 1.9620, Train: 0.1571, Val: 0.1660, Test: 0.1530
Epoch: 9, Loss: 1.9529, Train: 0.1429, Val: 0.1620, Test: 0.1490
Epoch: 10, Loss: 1.9674, Train: 0.1429, Val: 0.1620, Test: 0.1490
Epoch: 11, Loss: 1.9508, Train: 0.1429, Val: 0.1620, Test: 0.1490
Epoch: 12, Loss: 1.9439, Train: 0.1429, Val: 0.1620, Test: 0.1490
Epoch: 13, Loss: 1.9540, Train: 0.1429, Val: 0.1620, Test: 0.1490
Epoch: 14, Loss: 1.9575, Train: 0.1429, Val: 0.1640, Test: 0.1490
Epoch: 15, Loss: 1.9292, Train: 0.2214, Val: 0.2040, Test: 0.1800
Epoch: 16, Loss: 1.9484, Train: 0.3286, Val: 0.2840, Test: 0.2800
Epoch: 17, Loss: 1.9593, Train: 0.3929, Val: 0.3640, Test: 0.3510
Epoch: 18, Loss: 1.9206, Train: 0.4357, Val: 0.3660, Test: 0.3630
Epoch: 19, Loss: 1.9484, Train: 0.4857, Val: 0.3860, Test: 0.3760
Epoch: 20, Loss: 1.9302, Train: 0.5429, Val: 0.4140, Test: 0.4030
Epoch: 21, Loss: 1.9498, Train: 0.5714, Val: 0.4480, Test: 0.4220
Epoch: 22, Loss: 1.9119, Train: 0.6071, Val: 0.4620, Test: 0.4470
Epoch: 23, Loss: 1.8770, Train: 0.6000, Val: 0.4660, Test: 0.4530
Epoch: 24, Loss: 1.9075, Train: 0.5714, Val: 0.4720, Test: 0.4510
Epoch: 25, Loss: 1.8969, Train: 0.5786, Val: 0.5280, Test: 0.4820
Epoch: 26, Loss: 1.8548, Train: 0.5929, Val: 0.5420, Test: 0.5170
Epoch: 27, Loss: 1.8783, Train: 0.6000, Val: 0.5640, Test: 0.5440
Epoch: 28, Loss: 1.8388, Train: 0.6429, Val: 0.5580, Test: 0.5530
Epoch: 29, Loss: 1.8430, Train: 0.6714, Val: 0.5640, Test: 0.5520
Epoch: 30, Loss: 1.7801, Train: 0.6571, Val: 0.5560, Test: 0.5400
Epoch: 31, Loss: 1.7950, Train: 0.6357, Val: 0.5220, Test: 0.5070
Epoch: 32, Loss: 1.8021, Train: 0.6143, Val: 0.5020, Test: 0.4900
Epoch: 33, Loss: 1.7439, Train: 0.6357, Val: 0.5000, Test: 0.4690
Epoch: 34, Loss: 1.7411, Train: 0.6500, Val: 0.5180, Test: 0.4790
Epoch: 35, Loss: 1.6952, Train: 0.6571, Val: 0.5040, Test: 0.4810
Epoch: 36, Loss: 1.6524, Train: 0.6143, Val: 0.4900, Test: 0.4630
Epoch: 37, Loss: 1.6277, Train: 0.5643, Val: 0.4720, Test: 0.4390
Epoch: 38, Loss: 1.6049, Train: 0.4929, Val: 0.4620, Test: 0.4270
Epoch: 39, Loss: 1.5363, Train: 0.4571, Val: 0.4480, Test: 0.3990
Epoch: 40, Loss: 1.4993, Train: 0.4571, Val: 0.4440, Test: 0.4050
Epoch: 41, Loss: 1.4692, Train: 0.4571, Val: 0.4500, Test: 0.4090
Epoch: 42, Loss: 1.4154, Train: 0.5286, Val: 0.4860, Test: 0.4350
Epoch: 43, Loss: 1.3898, Train: 0.5571, Val: 0.4860, Test: 0.4450
Epoch: 44, Loss: 1.3246, Train: 0.5714, Val: 0.4980, Test: 0.4610
Epoch: 45, Loss: 1.3209, Train: 0.6214, Val: 0.5220, Test: 0.4770
Epoch: 46, Loss: 1.2564, Train: 0.6357, Val: 0.5380, Test: 0.5100
Epoch: 47, Loss: 1.2466, Train: 0.6571, Val: 0.5400, Test: 0.5140
Epoch: 48, Loss: 1.1760, Train: 0.7000, Val: 0.5580, Test: 0.5260
Epoch: 49, Loss: 1.1242, Train: 0.7214, Val: 0.5660, Test: 0.5460
Epoch: 50, Loss: 1.0829, Train: 0.7286, Val: 0.5620, Test: 0.5450
MAD:  0.6463
Best Test Accuracy: 0.5530, Val Accuracy: 0.5580, Train Accuracy: 0.6429
Training completed.
Seed:  4
PMPGNN(
  (convs): ModuleList(
    (0): ParallelGNNBlock(
      (conv1): GATv2Conv(128, 128, heads=1)
      (conv2): GATv2Conv(128, 128, heads=1)
      (norm): LayerNorm((128,), eps=1e-05, elementwise_affine=True)
    )
    (1-9): 9 x ParallelGNNBlock(
      (conv1): GATv2Conv(256, 128, heads=1)
      (conv2): GATv2Conv(256, 128, heads=1)
      (norm): LayerNorm((128,), eps=1e-05, elementwise_affine=True)
    )
  )
  (norm): LayerNorm((256,), eps=1e-05, elementwise_affine=True)
  (mlp): Sequential(
    (0): Linear(in_features=256, out_features=64, bias=True)
    (1): LeakyReLU(negative_slope=0.01)
    (2): Dropout(p=0.3, inplace=False)
    (3): Linear(in_features=64, out_features=7, bias=True)
  )
  (proj): Linear(in_features=1433, out_features=128, bias=True)
)
Epoch: 1, Loss: 1.9642, Train: 0.1786, Val: 0.3500, Test: 0.3530
Epoch: 2, Loss: 1.9994, Train: 0.1571, Val: 0.3260, Test: 0.3330
Epoch: 3, Loss: 1.9791, Train: 0.1571, Val: 0.3160, Test: 0.3160
Epoch: 4, Loss: 1.9321, Train: 0.1643, Val: 0.3080, Test: 0.3030
Epoch: 5, Loss: 1.9398, Train: 0.1286, Val: 0.2340, Test: 0.2260
Epoch: 6, Loss: 1.9778, Train: 0.1071, Val: 0.1080, Test: 0.1140
Epoch: 7, Loss: 1.9591, Train: 0.1429, Val: 0.1020, Test: 0.0930
Epoch: 8, Loss: 1.9583, Train: 0.1643, Val: 0.0940, Test: 0.0980
Epoch: 9, Loss: 1.9515, Train: 0.2000, Val: 0.1040, Test: 0.1060
Epoch: 10, Loss: 1.9314, Train: 0.1857, Val: 0.1000, Test: 0.1120
Epoch: 11, Loss: 1.9492, Train: 0.2000, Val: 0.1020, Test: 0.1100
Epoch: 12, Loss: 1.9611, Train: 0.1929, Val: 0.1180, Test: 0.1170
Epoch: 13, Loss: 1.9398, Train: 0.2214, Val: 0.1600, Test: 0.1650
Epoch: 14, Loss: 1.9695, Train: 0.2643, Val: 0.2100, Test: 0.2130
Epoch: 15, Loss: 1.9488, Train: 0.3286, Val: 0.2120, Test: 0.2210
Epoch: 16, Loss: 1.9651, Train: 0.3714, Val: 0.2680, Test: 0.2690
Epoch: 17, Loss: 1.9373, Train: 0.4143, Val: 0.3380, Test: 0.3210
Epoch: 18, Loss: 1.9557, Train: 0.4714, Val: 0.3620, Test: 0.3390
Epoch: 19, Loss: 1.9448, Train: 0.4643, Val: 0.3660, Test: 0.3480
Epoch: 20, Loss: 1.9238, Train: 0.4429, Val: 0.3440, Test: 0.3400
Epoch: 21, Loss: 1.9627, Train: 0.4500, Val: 0.3380, Test: 0.3200
Epoch: 22, Loss: 1.9296, Train: 0.4071, Val: 0.3180, Test: 0.3100
Epoch: 23, Loss: 1.9216, Train: 0.4000, Val: 0.3160, Test: 0.3080
Epoch: 24, Loss: 1.9131, Train: 0.3857, Val: 0.3040, Test: 0.3030
Epoch: 25, Loss: 1.9087, Train: 0.3929, Val: 0.3180, Test: 0.3100
Epoch: 26, Loss: 1.9127, Train: 0.4286, Val: 0.3340, Test: 0.3160
Epoch: 27, Loss: 1.8958, Train: 0.4071, Val: 0.3320, Test: 0.3150
Epoch: 28, Loss: 1.9066, Train: 0.4071, Val: 0.3400, Test: 0.3170
Epoch: 29, Loss: 1.9333, Train: 0.4071, Val: 0.3500, Test: 0.3310
Epoch: 30, Loss: 1.9170, Train: 0.4357, Val: 0.3680, Test: 0.3360
Epoch: 31, Loss: 1.8693, Train: 0.4500, Val: 0.3800, Test: 0.3440
Epoch: 32, Loss: 1.8960, Train: 0.4643, Val: 0.3820, Test: 0.3530
Epoch: 33, Loss: 1.9187, Train: 0.5071, Val: 0.4240, Test: 0.3880
Epoch: 34, Loss: 1.8822, Train: 0.5357, Val: 0.4760, Test: 0.4290
Epoch: 35, Loss: 1.8431, Train: 0.5500, Val: 0.4960, Test: 0.4450
Epoch: 36, Loss: 1.8604, Train: 0.5571, Val: 0.5000, Test: 0.4560
Epoch: 37, Loss: 1.8397, Train: 0.5786, Val: 0.4900, Test: 0.4490
Epoch: 38, Loss: 1.8579, Train: 0.5357, Val: 0.4600, Test: 0.4220
Epoch: 39, Loss: 1.7882, Train: 0.5429, Val: 0.4420, Test: 0.3940
Epoch: 40, Loss: 1.7849, Train: 0.5429, Val: 0.4280, Test: 0.3960
Epoch: 41, Loss: 1.8008, Train: 0.4929, Val: 0.4220, Test: 0.3870
Epoch: 42, Loss: 1.7237, Train: 0.4786, Val: 0.4120, Test: 0.3750
Epoch: 43, Loss: 1.6684, Train: 0.4643, Val: 0.4140, Test: 0.3620
Epoch: 44, Loss: 1.6568, Train: 0.4714, Val: 0.3920, Test: 0.3580
Epoch: 45, Loss: 1.6773, Train: 0.4643, Val: 0.4080, Test: 0.3590
Epoch: 46, Loss: 1.6291, Train: 0.5286, Val: 0.4200, Test: 0.4080
Epoch: 47, Loss: 1.5745, Train: 0.5571, Val: 0.4260, Test: 0.4160
Epoch: 48, Loss: 1.5327, Train: 0.5214, Val: 0.4420, Test: 0.4290
Epoch: 49, Loss: 1.5268, Train: 0.5357, Val: 0.4340, Test: 0.4330
Epoch: 50, Loss: 1.4978, Train: 0.5786, Val: 0.4660, Test: 0.4540
MAD:  0.748
Best Test Accuracy: 0.4560, Val Accuracy: 0.5000, Train Accuracy: 0.5571
Training completed.
Seed:  5
PMPGNN(
  (convs): ModuleList(
    (0): ParallelGNNBlock(
      (conv1): GATv2Conv(128, 128, heads=1)
      (conv2): GATv2Conv(128, 128, heads=1)
      (norm): LayerNorm((128,), eps=1e-05, elementwise_affine=True)
    )
    (1-9): 9 x ParallelGNNBlock(
      (conv1): GATv2Conv(256, 128, heads=1)
      (conv2): GATv2Conv(256, 128, heads=1)
      (norm): LayerNorm((128,), eps=1e-05, elementwise_affine=True)
    )
  )
  (norm): LayerNorm((256,), eps=1e-05, elementwise_affine=True)
  (mlp): Sequential(
    (0): Linear(in_features=256, out_features=64, bias=True)
    (1): LeakyReLU(negative_slope=0.01)
    (2): Dropout(p=0.3, inplace=False)
    (3): Linear(in_features=64, out_features=7, bias=True)
  )
  (proj): Linear(in_features=1433, out_features=128, bias=True)
)
Epoch: 1, Loss: 1.9893, Train: 0.0929, Val: 0.0380, Test: 0.0610
Epoch: 2, Loss: 1.9726, Train: 0.1357, Val: 0.0840, Test: 0.1030
Epoch: 3, Loss: 1.9550, Train: 0.2500, Val: 0.1800, Test: 0.1910
Epoch: 4, Loss: 1.9517, Train: 0.2643, Val: 0.2040, Test: 0.1970
Epoch: 5, Loss: 1.9651, Train: 0.2786, Val: 0.2140, Test: 0.2060
Epoch: 6, Loss: 1.9764, Train: 0.2500, Val: 0.2180, Test: 0.2030
Epoch: 7, Loss: 1.9613, Train: 0.2429, Val: 0.2060, Test: 0.1920
Epoch: 8, Loss: 1.9310, Train: 0.2500, Val: 0.2020, Test: 0.1990
Epoch: 9, Loss: 1.9721, Train: 0.2571, Val: 0.2040, Test: 0.2000
Epoch: 10, Loss: 1.9512, Train: 0.2643, Val: 0.2160, Test: 0.2060
Epoch: 11, Loss: 1.9686, Train: 0.3143, Val: 0.2380, Test: 0.2340
Epoch: 12, Loss: 1.8932, Train: 0.3286, Val: 0.2500, Test: 0.2430
Epoch: 13, Loss: 1.9423, Train: 0.3286, Val: 0.2400, Test: 0.2420
Epoch: 14, Loss: 1.9008, Train: 0.3071, Val: 0.2380, Test: 0.2310
Epoch: 15, Loss: 1.9204, Train: 0.2857, Val: 0.2160, Test: 0.2020
Epoch: 16, Loss: 1.9365, Train: 0.2500, Val: 0.2020, Test: 0.1860
Epoch: 17, Loss: 1.9453, Train: 0.2357, Val: 0.1940, Test: 0.1830
Epoch: 18, Loss: 1.9406, Train: 0.2429, Val: 0.1940, Test: 0.1860
Epoch: 19, Loss: 1.9547, Train: 0.2714, Val: 0.2000, Test: 0.1990
Epoch: 20, Loss: 1.9014, Train: 0.3071, Val: 0.2180, Test: 0.2180
Epoch: 21, Loss: 1.9173, Train: 0.3429, Val: 0.2500, Test: 0.2400
Epoch: 22, Loss: 1.9010, Train: 0.3857, Val: 0.2720, Test: 0.2640
Epoch: 23, Loss: 1.8983, Train: 0.4143, Val: 0.2920, Test: 0.2930
Epoch: 24, Loss: 1.9162, Train: 0.4071, Val: 0.2880, Test: 0.2940
Epoch: 25, Loss: 1.8738, Train: 0.3500, Val: 0.2820, Test: 0.2840
Epoch: 26, Loss: 1.8817, Train: 0.3643, Val: 0.2660, Test: 0.2790
Epoch: 27, Loss: 1.8598, Train: 0.3857, Val: 0.2980, Test: 0.3200
Epoch: 28, Loss: 1.8200, Train: 0.4214, Val: 0.3140, Test: 0.3180
Epoch: 29, Loss: 1.8023, Train: 0.3857, Val: 0.2960, Test: 0.2900
Epoch: 30, Loss: 1.8168, Train: 0.3143, Val: 0.2940, Test: 0.2730
Epoch: 31, Loss: 1.7650, Train: 0.3571, Val: 0.3000, Test: 0.2780
Epoch: 32, Loss: 1.7419, Train: 0.3571, Val: 0.2920, Test: 0.2790
Epoch: 33, Loss: 1.6872, Train: 0.3500, Val: 0.2940, Test: 0.2780
Epoch: 34, Loss: 1.6834, Train: 0.3071, Val: 0.2840, Test: 0.2700
Epoch: 35, Loss: 1.6313, Train: 0.3143, Val: 0.3000, Test: 0.2750
Epoch: 36, Loss: 1.6525, Train: 0.3286, Val: 0.2920, Test: 0.2710
Epoch: 37, Loss: 1.6233, Train: 0.3357, Val: 0.2880, Test: 0.2600
Epoch: 38, Loss: 1.5703, Train: 0.3571, Val: 0.2960, Test: 0.2630
Epoch: 39, Loss: 1.5461, Train: 0.3571, Val: 0.3060, Test: 0.2610
Epoch: 40, Loss: 1.5092, Train: 0.3500, Val: 0.3040, Test: 0.2720
Epoch: 41, Loss: 1.5088, Train: 0.3643, Val: 0.3320, Test: 0.3020
Epoch: 42, Loss: 1.4921, Train: 0.4286, Val: 0.3560, Test: 0.3200
Epoch: 43, Loss: 1.4615, Train: 0.4643, Val: 0.3880, Test: 0.3570
Epoch: 44, Loss: 1.4035, Train: 0.5571, Val: 0.4440, Test: 0.4390
Epoch: 45, Loss: 1.3590, Train: 0.5500, Val: 0.4600, Test: 0.4370
Epoch: 46, Loss: 1.3695, Train: 0.5714, Val: 0.4700, Test: 0.4530
Epoch: 47, Loss: 1.2924, Train: 0.5929, Val: 0.4880, Test: 0.4650
Epoch: 48, Loss: 1.2779, Train: 0.6000, Val: 0.5000, Test: 0.4730
Epoch: 49, Loss: 1.2597, Train: 0.6500, Val: 0.5120, Test: 0.4870
Epoch: 50, Loss: 1.1831, Train: 0.7357, Val: 0.5180, Test: 0.5020
MAD:  0.7837
Best Test Accuracy: 0.5020, Val Accuracy: 0.5180, Train Accuracy: 0.7357
Training completed.
Seed:  6
PMPGNN(
  (convs): ModuleList(
    (0): ParallelGNNBlock(
      (conv1): GATv2Conv(128, 128, heads=1)
      (conv2): GATv2Conv(128, 128, heads=1)
      (norm): LayerNorm((128,), eps=1e-05, elementwise_affine=True)
    )
    (1-9): 9 x ParallelGNNBlock(
      (conv1): GATv2Conv(256, 128, heads=1)
      (conv2): GATv2Conv(256, 128, heads=1)
      (norm): LayerNorm((128,), eps=1e-05, elementwise_affine=True)
    )
  )
  (norm): LayerNorm((256,), eps=1e-05, elementwise_affine=True)
  (mlp): Sequential(
    (0): Linear(in_features=256, out_features=64, bias=True)
    (1): LeakyReLU(negative_slope=0.01)
    (2): Dropout(p=0.3, inplace=False)
    (3): Linear(in_features=64, out_features=7, bias=True)
  )
  (proj): Linear(in_features=1433, out_features=128, bias=True)
)
Epoch: 1, Loss: 1.9813, Train: 0.1500, Val: 0.1740, Test: 0.1650
Epoch: 2, Loss: 2.0004, Train: 0.1714, Val: 0.1880, Test: 0.1650
Epoch: 3, Loss: 1.9739, Train: 0.1857, Val: 0.1980, Test: 0.1950
Epoch: 4, Loss: 1.9672, Train: 0.2571, Val: 0.1980, Test: 0.1990
Epoch: 5, Loss: 1.9297, Train: 0.2571, Val: 0.1940, Test: 0.1960
Epoch: 6, Loss: 1.9521, Train: 0.2214, Val: 0.1820, Test: 0.1750
Epoch: 7, Loss: 1.9356, Train: 0.2071, Val: 0.1680, Test: 0.1740
Epoch: 8, Loss: 1.9240, Train: 0.2500, Val: 0.1720, Test: 0.1780
Epoch: 9, Loss: 1.9587, Train: 0.2857, Val: 0.2040, Test: 0.1980
Epoch: 10, Loss: 1.9558, Train: 0.3000, Val: 0.2040, Test: 0.1990
Epoch: 11, Loss: 1.9413, Train: 0.3071, Val: 0.1840, Test: 0.1890
Epoch: 12, Loss: 1.9173, Train: 0.2929, Val: 0.1780, Test: 0.1820
Epoch: 13, Loss: 1.9380, Train: 0.2929, Val: 0.1800, Test: 0.1820
Epoch: 14, Loss: 1.9418, Train: 0.2929, Val: 0.1800, Test: 0.1840
Epoch: 15, Loss: 1.9475, Train: 0.2786, Val: 0.1620, Test: 0.1710
Epoch: 16, Loss: 1.8918, Train: 0.2643, Val: 0.1580, Test: 0.1650
Epoch: 17, Loss: 1.8940, Train: 0.2786, Val: 0.1660, Test: 0.1720
Epoch: 18, Loss: 1.9375, Train: 0.3071, Val: 0.1880, Test: 0.1900
Epoch: 19, Loss: 1.8936, Train: 0.3214, Val: 0.2020, Test: 0.2030
Epoch: 20, Loss: 1.8798, Train: 0.3643, Val: 0.2260, Test: 0.2170
Epoch: 21, Loss: 1.9159, Train: 0.3857, Val: 0.2460, Test: 0.2430
Epoch: 22, Loss: 1.8878, Train: 0.4286, Val: 0.2880, Test: 0.2790
Epoch: 23, Loss: 1.8786, Train: 0.4929, Val: 0.3280, Test: 0.3270
Epoch: 24, Loss: 1.8587, Train: 0.5857, Val: 0.3740, Test: 0.3740
Epoch: 25, Loss: 1.8613, Train: 0.5929, Val: 0.3880, Test: 0.3940
Epoch: 26, Loss: 1.8604, Train: 0.5929, Val: 0.4040, Test: 0.4010
Epoch: 27, Loss: 1.8049, Train: 0.5714, Val: 0.4160, Test: 0.4090
Epoch: 28, Loss: 1.7936, Train: 0.5643, Val: 0.4080, Test: 0.4080
Epoch: 29, Loss: 1.8390, Train: 0.5214, Val: 0.3980, Test: 0.3950
Epoch: 30, Loss: 1.7794, Train: 0.5143, Val: 0.4140, Test: 0.4030
Epoch: 31, Loss: 1.7438, Train: 0.5143, Val: 0.4160, Test: 0.4140
Epoch: 32, Loss: 1.7288, Train: 0.5071, Val: 0.4040, Test: 0.4110
Epoch: 33, Loss: 1.7265, Train: 0.5071, Val: 0.3940, Test: 0.4140
Epoch: 34, Loss: 1.7039, Train: 0.5571, Val: 0.4020, Test: 0.4090
Epoch: 35, Loss: 1.6406, Train: 0.5714, Val: 0.4100, Test: 0.4050
Epoch: 36, Loss: 1.6523, Train: 0.5714, Val: 0.4120, Test: 0.4000
Epoch: 37, Loss: 1.5902, Train: 0.5643, Val: 0.4060, Test: 0.3950
Epoch: 38, Loss: 1.5416, Train: 0.5500, Val: 0.3680, Test: 0.3770
Epoch: 39, Loss: 1.4986, Train: 0.5429, Val: 0.3600, Test: 0.3860
Epoch: 40, Loss: 1.4525, Train: 0.5857, Val: 0.4000, Test: 0.4030
Epoch: 41, Loss: 1.4602, Train: 0.6000, Val: 0.4160, Test: 0.4240
Epoch: 42, Loss: 1.3875, Train: 0.6071, Val: 0.4220, Test: 0.4340
Epoch: 43, Loss: 1.3102, Train: 0.6143, Val: 0.4240, Test: 0.4350
Epoch: 44, Loss: 1.3255, Train: 0.6286, Val: 0.4460, Test: 0.4460
Epoch: 45, Loss: 1.2289, Train: 0.6857, Val: 0.4700, Test: 0.4760
Epoch: 46, Loss: 1.1964, Train: 0.7286, Val: 0.5020, Test: 0.5090
Epoch: 47, Loss: 1.2093, Train: 0.7357, Val: 0.5280, Test: 0.5220
Epoch: 48, Loss: 1.0969, Train: 0.7571, Val: 0.5400, Test: 0.5410
Epoch: 49, Loss: 1.0347, Train: 0.7929, Val: 0.5560, Test: 0.5540
Epoch: 50, Loss: 1.0440, Train: 0.8143, Val: 0.5820, Test: 0.5800
MAD:  0.9113
Best Test Accuracy: 0.5800, Val Accuracy: 0.5820, Train Accuracy: 0.8143
Training completed.
Seed:  7
PMPGNN(
  (convs): ModuleList(
    (0): ParallelGNNBlock(
      (conv1): GATv2Conv(128, 128, heads=1)
      (conv2): GATv2Conv(128, 128, heads=1)
      (norm): LayerNorm((128,), eps=1e-05, elementwise_affine=True)
    )
    (1-9): 9 x ParallelGNNBlock(
      (conv1): GATv2Conv(256, 128, heads=1)
      (conv2): GATv2Conv(256, 128, heads=1)
      (norm): LayerNorm((128,), eps=1e-05, elementwise_affine=True)
    )
  )
  (norm): LayerNorm((256,), eps=1e-05, elementwise_affine=True)
  (mlp): Sequential(
    (0): Linear(in_features=256, out_features=64, bias=True)
    (1): LeakyReLU(negative_slope=0.01)
    (2): Dropout(p=0.3, inplace=False)
    (3): Linear(in_features=64, out_features=7, bias=True)
  )
  (proj): Linear(in_features=1433, out_features=128, bias=True)
)
Epoch: 1, Loss: 1.9985, Train: 0.2214, Val: 0.1980, Test: 0.1830
Epoch: 2, Loss: 1.9663, Train: 0.1857, Val: 0.2040, Test: 0.1710
Epoch: 3, Loss: 1.9532, Train: 0.1643, Val: 0.1400, Test: 0.1550
Epoch: 4, Loss: 1.9768, Train: 0.1857, Val: 0.1360, Test: 0.1340
Epoch: 5, Loss: 1.9542, Train: 0.1786, Val: 0.1440, Test: 0.1370
Epoch: 6, Loss: 1.9574, Train: 0.2071, Val: 0.1660, Test: 0.1600
Epoch: 7, Loss: 1.9509, Train: 0.2214, Val: 0.1700, Test: 0.1660
Epoch: 8, Loss: 1.9466, Train: 0.2071, Val: 0.1620, Test: 0.1770
Epoch: 9, Loss: 1.9455, Train: 0.2071, Val: 0.1440, Test: 0.1690
Epoch: 10, Loss: 1.9651, Train: 0.1786, Val: 0.1340, Test: 0.1480
Epoch: 11, Loss: 1.9497, Train: 0.1571, Val: 0.1260, Test: 0.1410
Epoch: 12, Loss: 1.9376, Train: 0.1571, Val: 0.1260, Test: 0.1360
Epoch: 13, Loss: 1.9542, Train: 0.1500, Val: 0.1260, Test: 0.1350
Epoch: 14, Loss: 1.9167, Train: 0.2214, Val: 0.1560, Test: 0.1730
Epoch: 15, Loss: 1.9353, Train: 0.2786, Val: 0.2520, Test: 0.2420
Epoch: 16, Loss: 1.9649, Train: 0.2714, Val: 0.2640, Test: 0.2530
Epoch: 17, Loss: 1.9442, Train: 0.2571, Val: 0.2380, Test: 0.2380
Epoch: 18, Loss: 1.9433, Train: 0.2429, Val: 0.2200, Test: 0.2140
Epoch: 19, Loss: 1.9359, Train: 0.2357, Val: 0.2180, Test: 0.2150
Epoch: 20, Loss: 1.9155, Train: 0.2857, Val: 0.2340, Test: 0.2360
Epoch: 21, Loss: 1.8878, Train: 0.3000, Val: 0.2340, Test: 0.2480
Epoch: 22, Loss: 1.8990, Train: 0.3071, Val: 0.2400, Test: 0.2560
Epoch: 23, Loss: 1.9159, Train: 0.3143, Val: 0.2580, Test: 0.2770
Epoch: 24, Loss: 1.9232, Train: 0.3643, Val: 0.2840, Test: 0.3260
Epoch: 25, Loss: 1.9058, Train: 0.3857, Val: 0.3220, Test: 0.3510
Epoch: 26, Loss: 1.8949, Train: 0.3929, Val: 0.3840, Test: 0.3920
Epoch: 27, Loss: 1.9059, Train: 0.4286, Val: 0.4100, Test: 0.4270
Epoch: 28, Loss: 1.8750, Train: 0.4286, Val: 0.4480, Test: 0.4580
Epoch: 29, Loss: 1.8758, Train: 0.4714, Val: 0.4600, Test: 0.4800
Epoch: 30, Loss: 1.8750, Train: 0.5286, Val: 0.4800, Test: 0.5060
Epoch: 31, Loss: 1.8554, Train: 0.5857, Val: 0.5440, Test: 0.5690
Epoch: 32, Loss: 1.8281, Train: 0.6071, Val: 0.5760, Test: 0.6110
Epoch: 33, Loss: 1.7861, Train: 0.6143, Val: 0.6060, Test: 0.6250
Epoch: 34, Loss: 1.8170, Train: 0.6000, Val: 0.6100, Test: 0.6300
Epoch: 35, Loss: 1.7574, Train: 0.5929, Val: 0.5980, Test: 0.6260
Epoch: 36, Loss: 1.7727, Train: 0.6071, Val: 0.5940, Test: 0.6070
Epoch: 37, Loss: 1.7139, Train: 0.6071, Val: 0.5780, Test: 0.5850
Epoch: 38, Loss: 1.6837, Train: 0.5929, Val: 0.5680, Test: 0.5780
Epoch: 39, Loss: 1.6999, Train: 0.6286, Val: 0.5580, Test: 0.5700
Epoch: 40, Loss: 1.5839, Train: 0.6429, Val: 0.5380, Test: 0.5730
Epoch: 41, Loss: 1.5699, Train: 0.6571, Val: 0.5880, Test: 0.5940
Epoch: 42, Loss: 1.5592, Train: 0.6643, Val: 0.6060, Test: 0.6200
Epoch: 43, Loss: 1.4978, Train: 0.6000, Val: 0.5880, Test: 0.6090
Epoch: 44, Loss: 1.4679, Train: 0.5643, Val: 0.5720, Test: 0.5840
Epoch: 45, Loss: 1.4225, Train: 0.5643, Val: 0.5600, Test: 0.5790
Epoch: 46, Loss: 1.3945, Train: 0.5786, Val: 0.5400, Test: 0.5650
Epoch: 47, Loss: 1.3192, Train: 0.5786, Val: 0.5540, Test: 0.5650
Epoch: 48, Loss: 1.2568, Train: 0.5929, Val: 0.5640, Test: 0.5820
Epoch: 49, Loss: 1.2514, Train: 0.6357, Val: 0.5860, Test: 0.6080
Epoch: 50, Loss: 1.1748, Train: 0.6286, Val: 0.5900, Test: 0.6130
MAD:  0.8884
Best Test Accuracy: 0.6300, Val Accuracy: 0.6100, Train Accuracy: 0.6000
Training completed.
Seed:  8
PMPGNN(
  (convs): ModuleList(
    (0): ParallelGNNBlock(
      (conv1): GATv2Conv(128, 128, heads=1)
      (conv2): GATv2Conv(128, 128, heads=1)
      (norm): LayerNorm((128,), eps=1e-05, elementwise_affine=True)
    )
    (1-9): 9 x ParallelGNNBlock(
      (conv1): GATv2Conv(256, 128, heads=1)
      (conv2): GATv2Conv(256, 128, heads=1)
      (norm): LayerNorm((128,), eps=1e-05, elementwise_affine=True)
    )
  )
  (norm): LayerNorm((256,), eps=1e-05, elementwise_affine=True)
  (mlp): Sequential(
    (0): Linear(in_features=256, out_features=64, bias=True)
    (1): LeakyReLU(negative_slope=0.01)
    (2): Dropout(p=0.3, inplace=False)
    (3): Linear(in_features=64, out_features=7, bias=True)
  )
  (proj): Linear(in_features=1433, out_features=128, bias=True)
)
Epoch: 1, Loss: 1.9476, Train: 0.1929, Val: 0.2960, Test: 0.2960
Epoch: 2, Loss: 1.9950, Train: 0.1857, Val: 0.1940, Test: 0.2130
Epoch: 3, Loss: 1.9790, Train: 0.2000, Val: 0.1800, Test: 0.1970
Epoch: 4, Loss: 1.9791, Train: 0.2357, Val: 0.2460, Test: 0.2330
Epoch: 5, Loss: 1.9735, Train: 0.2643, Val: 0.1840, Test: 0.1840
Epoch: 6, Loss: 1.9409, Train: 0.3000, Val: 0.1600, Test: 0.1480
Epoch: 7, Loss: 1.9670, Train: 0.3286, Val: 0.1440, Test: 0.1700
Epoch: 8, Loss: 1.9837, Train: 0.3571, Val: 0.1720, Test: 0.1900
Epoch: 9, Loss: 1.9497, Train: 0.3857, Val: 0.2120, Test: 0.2420
Epoch: 10, Loss: 1.9308, Train: 0.3929, Val: 0.2420, Test: 0.2520
Epoch: 11, Loss: 1.9518, Train: 0.4071, Val: 0.2540, Test: 0.2650
Epoch: 12, Loss: 1.9033, Train: 0.4500, Val: 0.2720, Test: 0.3020
Epoch: 13, Loss: 1.9381, Train: 0.4714, Val: 0.3320, Test: 0.3440
Epoch: 14, Loss: 1.9377, Train: 0.4500, Val: 0.3580, Test: 0.3490
Epoch: 15, Loss: 1.9032, Train: 0.4286, Val: 0.3620, Test: 0.3450
Epoch: 16, Loss: 1.9508, Train: 0.4286, Val: 0.3640, Test: 0.3330
Epoch: 17, Loss: 1.9146, Train: 0.4286, Val: 0.3700, Test: 0.3480
Epoch: 18, Loss: 1.9307, Train: 0.4643, Val: 0.3920, Test: 0.3820
Epoch: 19, Loss: 1.8868, Train: 0.5071, Val: 0.4180, Test: 0.4110
Epoch: 20, Loss: 1.8759, Train: 0.5500, Val: 0.4460, Test: 0.4270
Epoch: 21, Loss: 1.8809, Train: 0.5571, Val: 0.4720, Test: 0.4510
Epoch: 22, Loss: 1.8736, Train: 0.5571, Val: 0.4580, Test: 0.4310
Epoch: 23, Loss: 1.8585, Train: 0.5643, Val: 0.4480, Test: 0.4230
Epoch: 24, Loss: 1.8359, Train: 0.5500, Val: 0.4460, Test: 0.4100
Epoch: 25, Loss: 1.8335, Train: 0.5143, Val: 0.4400, Test: 0.4090
Epoch: 26, Loss: 1.7874, Train: 0.4929, Val: 0.4360, Test: 0.3970
Epoch: 27, Loss: 1.7775, Train: 0.4857, Val: 0.4260, Test: 0.3840
Epoch: 28, Loss: 1.7112, Train: 0.4071, Val: 0.4020, Test: 0.3610
Epoch: 29, Loss: 1.7617, Train: 0.3786, Val: 0.3800, Test: 0.3400
Epoch: 30, Loss: 1.6890, Train: 0.3500, Val: 0.3680, Test: 0.3290
Epoch: 31, Loss: 1.6420, Train: 0.3500, Val: 0.3680, Test: 0.3340
Epoch: 32, Loss: 1.6275, Train: 0.3429, Val: 0.3620, Test: 0.3330
Epoch: 33, Loss: 1.6239, Train: 0.3429, Val: 0.3580, Test: 0.3290
Epoch: 34, Loss: 1.5784, Train: 0.3286, Val: 0.3560, Test: 0.3240
Epoch: 35, Loss: 1.5134, Train: 0.3429, Val: 0.3560, Test: 0.3210
Epoch: 36, Loss: 1.5497, Train: 0.3429, Val: 0.3620, Test: 0.3250
Epoch: 37, Loss: 1.4942, Train: 0.3500, Val: 0.3680, Test: 0.3330
Epoch: 38, Loss: 1.4664, Train: 0.4000, Val: 0.3960, Test: 0.3560
Epoch: 39, Loss: 1.4679, Train: 0.4500, Val: 0.4160, Test: 0.3780
Epoch: 40, Loss: 1.4386, Train: 0.4929, Val: 0.4420, Test: 0.4000
Epoch: 41, Loss: 1.3972, Train: 0.5357, Val: 0.4420, Test: 0.4040
Epoch: 42, Loss: 1.4023, Train: 0.5357, Val: 0.4860, Test: 0.4320
Epoch: 43, Loss: 1.3967, Train: 0.5071, Val: 0.4860, Test: 0.4380
Epoch: 44, Loss: 1.2956, Train: 0.5929, Val: 0.4860, Test: 0.4630
Epoch: 45, Loss: 1.2603, Train: 0.5643, Val: 0.4900, Test: 0.4610
Epoch: 46, Loss: 1.2605, Train: 0.5929, Val: 0.4820, Test: 0.4670
Epoch: 47, Loss: 1.2132, Train: 0.6000, Val: 0.4700, Test: 0.4490
Epoch: 48, Loss: 1.2155, Train: 0.5143, Val: 0.4380, Test: 0.4240
Epoch: 49, Loss: 1.2012, Train: 0.5214, Val: 0.4280, Test: 0.4090
Epoch: 50, Loss: 1.1549, Train: 0.5714, Val: 0.4460, Test: 0.4440
MAD:  0.8006
Best Test Accuracy: 0.4670, Val Accuracy: 0.4820, Train Accuracy: 0.5929
Training completed.
Seed:  9
PMPGNN(
  (convs): ModuleList(
    (0): ParallelGNNBlock(
      (conv1): GATv2Conv(128, 128, heads=1)
      (conv2): GATv2Conv(128, 128, heads=1)
      (norm): LayerNorm((128,), eps=1e-05, elementwise_affine=True)
    )
    (1-9): 9 x ParallelGNNBlock(
      (conv1): GATv2Conv(256, 128, heads=1)
      (conv2): GATv2Conv(256, 128, heads=1)
      (norm): LayerNorm((128,), eps=1e-05, elementwise_affine=True)
    )
  )
  (norm): LayerNorm((256,), eps=1e-05, elementwise_affine=True)
  (mlp): Sequential(
    (0): Linear(in_features=256, out_features=64, bias=True)
    (1): LeakyReLU(negative_slope=0.01)
    (2): Dropout(p=0.3, inplace=False)
    (3): Linear(in_features=64, out_features=7, bias=True)
  )
  (proj): Linear(in_features=1433, out_features=128, bias=True)
)
Epoch: 1, Loss: 2.0005, Train: 0.1571, Val: 0.1800, Test: 0.1650
Epoch: 2, Loss: 2.0002, Train: 0.2571, Val: 0.2220, Test: 0.2040
Epoch: 3, Loss: 1.9772, Train: 0.2214, Val: 0.1720, Test: 0.1650
Epoch: 4, Loss: 1.9767, Train: 0.1500, Val: 0.1360, Test: 0.1190
Epoch: 5, Loss: 1.9293, Train: 0.1643, Val: 0.1400, Test: 0.1230
Epoch: 6, Loss: 1.9582, Train: 0.2000, Val: 0.1840, Test: 0.1590
Epoch: 7, Loss: 1.9488, Train: 0.2143, Val: 0.2160, Test: 0.1810
Epoch: 8, Loss: 1.9484, Train: 0.1857, Val: 0.1960, Test: 0.1700
Epoch: 9, Loss: 1.9742, Train: 0.2071, Val: 0.1840, Test: 0.1610
Epoch: 10, Loss: 1.9474, Train: 0.1929, Val: 0.1300, Test: 0.1120
Epoch: 11, Loss: 1.9670, Train: 0.2071, Val: 0.1020, Test: 0.1060
Epoch: 12, Loss: 1.9778, Train: 0.1786, Val: 0.0860, Test: 0.1040
Epoch: 13, Loss: 1.9534, Train: 0.1786, Val: 0.0920, Test: 0.1080
Epoch: 14, Loss: 1.9795, Train: 0.1786, Val: 0.1240, Test: 0.1210
Epoch: 15, Loss: 1.9631, Train: 0.1857, Val: 0.1440, Test: 0.1400
Epoch: 16, Loss: 1.9387, Train: 0.2500, Val: 0.1720, Test: 0.1860
Epoch: 17, Loss: 1.9506, Train: 0.2071, Val: 0.1400, Test: 0.1450
Epoch: 18, Loss: 1.9221, Train: 0.1714, Val: 0.1180, Test: 0.1080
Epoch: 19, Loss: 1.9260, Train: 0.1786, Val: 0.1140, Test: 0.1080
Epoch: 20, Loss: 1.9341, Train: 0.1786, Val: 0.1140, Test: 0.1080
Epoch: 21, Loss: 1.9358, Train: 0.1786, Val: 0.1140, Test: 0.1080
Epoch: 22, Loss: 1.9160, Train: 0.1929, Val: 0.1180, Test: 0.1120
Epoch: 23, Loss: 1.9263, Train: 0.2643, Val: 0.1540, Test: 0.1520
Epoch: 24, Loss: 1.9189, Train: 0.3143, Val: 0.2240, Test: 0.2030
Epoch: 25, Loss: 1.9330, Train: 0.3786, Val: 0.3520, Test: 0.3170
Epoch: 26, Loss: 1.9175, Train: 0.4857, Val: 0.4640, Test: 0.4390
Epoch: 27, Loss: 1.9193, Train: 0.4857, Val: 0.4100, Test: 0.3860
Epoch: 28, Loss: 1.8994, Train: 0.3929, Val: 0.3320, Test: 0.3110
Epoch: 29, Loss: 1.8923, Train: 0.3857, Val: 0.3120, Test: 0.2920
Epoch: 30, Loss: 1.9000, Train: 0.4143, Val: 0.3320, Test: 0.3030
Epoch: 31, Loss: 1.8506, Train: 0.4857, Val: 0.4000, Test: 0.3590
Epoch: 32, Loss: 1.8642, Train: 0.5429, Val: 0.4700, Test: 0.4410
Epoch: 33, Loss: 1.8730, Train: 0.5071, Val: 0.4000, Test: 0.4100
Epoch: 34, Loss: 1.8248, Train: 0.4500, Val: 0.3540, Test: 0.3590
Epoch: 35, Loss: 1.8161, Train: 0.4571, Val: 0.3280, Test: 0.3170
Epoch: 36, Loss: 1.7889, Train: 0.4500, Val: 0.3020, Test: 0.3070
Epoch: 37, Loss: 1.7519, Train: 0.4429, Val: 0.2900, Test: 0.3020
Epoch: 38, Loss: 1.7760, Train: 0.4286, Val: 0.2820, Test: 0.2860
Epoch: 39, Loss: 1.6950, Train: 0.4071, Val: 0.2840, Test: 0.2820
Epoch: 40, Loss: 1.6655, Train: 0.4429, Val: 0.2960, Test: 0.3000
Epoch: 41, Loss: 1.6675, Train: 0.4500, Val: 0.3020, Test: 0.3030
Epoch: 42, Loss: 1.6383, Train: 0.4571, Val: 0.2900, Test: 0.3100
Epoch: 43, Loss: 1.6305, Train: 0.4214, Val: 0.2880, Test: 0.2950
Epoch: 44, Loss: 1.5638, Train: 0.4286, Val: 0.3040, Test: 0.3040
Epoch: 45, Loss: 1.5312, Train: 0.4429, Val: 0.3240, Test: 0.3130
Epoch: 46, Loss: 1.5066, Train: 0.4500, Val: 0.3260, Test: 0.3110
Epoch: 47, Loss: 1.4762, Train: 0.4571, Val: 0.3440, Test: 0.3220
Epoch: 48, Loss: 1.4808, Train: 0.4500, Val: 0.3500, Test: 0.3240
Epoch: 49, Loss: 1.4127, Train: 0.4643, Val: 0.3520, Test: 0.3240
Epoch: 50, Loss: 1.3524, Train: 0.5286, Val: 0.3660, Test: 0.3280
MAD:  0.5735
Best Test Accuracy: 0.4410, Val Accuracy: 0.4700, Train Accuracy: 0.5429
Training completed.
Average Test Accuracy:  0.5368999999999999 ± 0.06299277736375813
Average MAD:  0.7576 ± 0.12359354352068717
