Seed:  0
PMPGNN(
  (convs): ModuleList(
    (0): ParallelGNNBlock(
      (conv1): GATv2Conv(128, 128, heads=4)
      (conv2): GATv2Conv(128, 128, heads=4)
      (norm): LayerNorm((128,), eps=1e-05, elementwise_affine=True)
    )
    (1-9): 9 x ParallelGNNBlock(
      (conv1): GATv2Conv(1024, 128, heads=4)
      (conv2): GATv2Conv(1024, 128, heads=4)
      (norm): LayerNorm((128,), eps=1e-05, elementwise_affine=True)
    )
    (10): GATv2Conv(1024, 256, heads=4)
  )
  (norm): LayerNorm((1024,), eps=1e-05, elementwise_affine=True)
  (mlp): Sequential(
    (0): Linear(in_features=1024, out_features=64, bias=True)
    (1): LeakyReLU(negative_slope=0.01)
    (2): Dropout(p=0.3, inplace=False)
    (3): Linear(in_features=64, out_features=7, bias=True)
  )
  (proj): Linear(in_features=1433, out_features=128, bias=True)
)
Epoch: 1, Loss: 1.9768, Train: 0.1429, Val: 0.1220, Test: 0.1300
Epoch: 2, Loss: 1.9908, Train: 0.1857, Val: 0.1200, Test: 0.1170
Epoch: 3, Loss: 1.9137, Train: 0.1429, Val: 0.0720, Test: 0.0910
Epoch: 4, Loss: 1.9600, Train: 0.1429, Val: 0.0720, Test: 0.0910
Epoch: 5, Loss: 1.9370, Train: 0.1429, Val: 0.0720, Test: 0.0910
Epoch: 6, Loss: 1.9420, Train: 0.1786, Val: 0.0720, Test: 0.0940
Epoch: 7, Loss: 1.9786, Train: 0.2143, Val: 0.0840, Test: 0.1100
Epoch: 8, Loss: 1.9381, Train: 0.1929, Val: 0.0720, Test: 0.1010
Epoch: 9, Loss: 1.9553, Train: 0.1429, Val: 0.1560, Test: 0.1440
Epoch: 10, Loss: 1.9717, Train: 0.1643, Val: 0.1660, Test: 0.1520
Epoch: 11, Loss: 1.9555, Train: 0.1429, Val: 0.3160, Test: 0.3190
Epoch: 12, Loss: 1.9812, Train: 0.1429, Val: 0.3160, Test: 0.3190
Epoch: 13, Loss: 1.9688, Train: 0.1429, Val: 0.3160, Test: 0.3190
Epoch: 14, Loss: 1.9424, Train: 0.1429, Val: 0.3140, Test: 0.3190
Epoch: 15, Loss: 1.9523, Train: 0.1429, Val: 0.1220, Test: 0.1300
Epoch: 16, Loss: 1.9437, Train: 0.1929, Val: 0.1240, Test: 0.1410
Epoch: 17, Loss: 1.9474, Train: 0.2571, Val: 0.1160, Test: 0.1310
Epoch: 18, Loss: 1.9460, Train: 0.2071, Val: 0.0840, Test: 0.1060
Epoch: 19, Loss: 1.9492, Train: 0.1786, Val: 0.0720, Test: 0.0940
Epoch: 20, Loss: 1.9471, Train: 0.1429, Val: 0.0720, Test: 0.0910
Epoch: 21, Loss: 1.9426, Train: 0.1429, Val: 0.0720, Test: 0.0910
Epoch: 22, Loss: 1.9394, Train: 0.1429, Val: 0.0720, Test: 0.0910
Epoch: 23, Loss: 1.9234, Train: 0.1429, Val: 0.0720, Test: 0.0910
Epoch: 24, Loss: 1.9472, Train: 0.2571, Val: 0.3480, Test: 0.3690
Epoch: 25, Loss: 1.9356, Train: 0.1429, Val: 0.3160, Test: 0.3190
Epoch: 26, Loss: 1.9357, Train: 0.1786, Val: 0.3160, Test: 0.3220
Epoch: 27, Loss: 1.9425, Train: 0.2929, Val: 0.3440, Test: 0.3600
Epoch: 28, Loss: 1.9258, Train: 0.2500, Val: 0.1040, Test: 0.1230
Epoch: 29, Loss: 1.9328, Train: 0.3071, Val: 0.1340, Test: 0.1540
Epoch: 30, Loss: 1.8987, Train: 0.3429, Val: 0.1640, Test: 0.1810
Epoch: 31, Loss: 1.8952, Train: 0.4143, Val: 0.2060, Test: 0.2090
Epoch: 32, Loss: 1.8634, Train: 0.5000, Val: 0.4180, Test: 0.4410
Epoch: 33, Loss: 1.7878, Train: 0.3286, Val: 0.3480, Test: 0.3830
Epoch: 34, Loss: 1.7099, Train: 0.2857, Val: 0.3660, Test: 0.3600
Epoch: 35, Loss: 1.6655, Train: 0.2929, Val: 0.3620, Test: 0.3810
Epoch: 36, Loss: 1.5804, Train: 0.3071, Val: 0.3880, Test: 0.3820
Epoch: 37, Loss: 1.5867, Train: 0.2857, Val: 0.3680, Test: 0.3750
Epoch: 38, Loss: 1.5483, Train: 0.2643, Val: 0.3640, Test: 0.3680
Epoch: 39, Loss: 1.4962, Train: 0.3357, Val: 0.1780, Test: 0.1830
Epoch: 40, Loss: 1.4659, Train: 0.3357, Val: 0.1720, Test: 0.2070
Epoch: 41, Loss: 1.4483, Train: 0.3071, Val: 0.1740, Test: 0.1760
Epoch: 42, Loss: 1.4603, Train: 0.3857, Val: 0.2060, Test: 0.2360
Epoch: 43, Loss: 1.3871, Train: 0.3714, Val: 0.2280, Test: 0.2410
Epoch: 44, Loss: 1.4515, Train: 0.2786, Val: 0.2080, Test: 0.2230
Epoch: 45, Loss: 1.4097, Train: 0.4571, Val: 0.2880, Test: 0.2850
Epoch: 46, Loss: 1.3804, Train: 0.4500, Val: 0.2900, Test: 0.2520
Epoch: 47, Loss: 1.3739, Train: 0.5000, Val: 0.3260, Test: 0.2980
Epoch: 48, Loss: 1.3897, Train: 0.5429, Val: 0.4120, Test: 0.4030
Epoch: 49, Loss: 1.3131, Train: 0.4786, Val: 0.3580, Test: 0.3410
Epoch: 50, Loss: 1.3338, Train: 0.4714, Val: 0.3560, Test: 0.3370
MAD:  0.0445
Best Test Accuracy: 0.4410, Val Accuracy: 0.4180, Train Accuracy: 0.5000
Training completed.
Seed:  1
PMPGNN(
  (convs): ModuleList(
    (0): ParallelGNNBlock(
      (conv1): GATv2Conv(128, 128, heads=4)
      (conv2): GATv2Conv(128, 128, heads=4)
      (norm): LayerNorm((128,), eps=1e-05, elementwise_affine=True)
    )
    (1-9): 9 x ParallelGNNBlock(
      (conv1): GATv2Conv(1024, 128, heads=4)
      (conv2): GATv2Conv(1024, 128, heads=4)
      (norm): LayerNorm((128,), eps=1e-05, elementwise_affine=True)
    )
    (10): GATv2Conv(1024, 256, heads=4)
  )
  (norm): LayerNorm((1024,), eps=1e-05, elementwise_affine=True)
  (mlp): Sequential(
    (0): Linear(in_features=1024, out_features=64, bias=True)
    (1): LeakyReLU(negative_slope=0.01)
    (2): Dropout(p=0.3, inplace=False)
    (3): Linear(in_features=64, out_features=7, bias=True)
  )
  (proj): Linear(in_features=1433, out_features=128, bias=True)
)
Epoch: 1, Loss: 1.9913, Train: 0.1429, Val: 0.0720, Test: 0.0910
Epoch: 2, Loss: 1.9749, Train: 0.1500, Val: 0.0740, Test: 0.0950
Epoch: 3, Loss: 1.9893, Train: 0.1929, Val: 0.1300, Test: 0.1430
Epoch: 4, Loss: 1.9667, Train: 0.1429, Val: 0.1140, Test: 0.1030
Epoch: 5, Loss: 1.9497, Train: 0.1429, Val: 0.1140, Test: 0.1030
Epoch: 6, Loss: 1.9876, Train: 0.1429, Val: 0.1140, Test: 0.1030
Epoch: 7, Loss: 1.9383, Train: 0.1429, Val: 0.0720, Test: 0.0910
Epoch: 8, Loss: 1.9621, Train: 0.2857, Val: 0.2220, Test: 0.2200
Epoch: 9, Loss: 1.9545, Train: 0.1429, Val: 0.1560, Test: 0.1440
Epoch: 10, Loss: 1.9524, Train: 0.1429, Val: 0.1560, Test: 0.1440
Epoch: 11, Loss: 1.9452, Train: 0.1429, Val: 0.1560, Test: 0.1440
Epoch: 12, Loss: 1.9534, Train: 0.1786, Val: 0.1560, Test: 0.1470
Epoch: 13, Loss: 1.9504, Train: 0.3714, Val: 0.2800, Test: 0.2620
Epoch: 14, Loss: 1.9422, Train: 0.2143, Val: 0.1760, Test: 0.1640
Epoch: 15, Loss: 1.9499, Train: 0.1857, Val: 0.1620, Test: 0.1530
Epoch: 16, Loss: 1.9511, Train: 0.2071, Val: 0.3700, Test: 0.3630
Epoch: 17, Loss: 1.9237, Train: 0.1429, Val: 0.3160, Test: 0.3190
Epoch: 18, Loss: 1.9328, Train: 0.1429, Val: 0.3160, Test: 0.3190
Epoch: 19, Loss: 1.9487, Train: 0.1429, Val: 0.3160, Test: 0.3190
Epoch: 20, Loss: 1.9427, Train: 0.2571, Val: 0.4160, Test: 0.3720
Epoch: 21, Loss: 1.9435, Train: 0.1429, Val: 0.1560, Test: 0.1450
Epoch: 22, Loss: 1.9393, Train: 0.1429, Val: 0.1560, Test: 0.1460
Epoch: 23, Loss: 1.9568, Train: 0.1500, Val: 0.1620, Test: 0.1540
Epoch: 24, Loss: 1.8961, Train: 0.2286, Val: 0.2300, Test: 0.2180
Epoch: 25, Loss: 1.9034, Train: 0.4857, Val: 0.5000, Test: 0.4510
Epoch: 26, Loss: 1.8989, Train: 0.3286, Val: 0.2700, Test: 0.2450
Epoch: 27, Loss: 1.8404, Train: 0.3714, Val: 0.2800, Test: 0.2720
Epoch: 28, Loss: 1.7667, Train: 0.4071, Val: 0.3280, Test: 0.3140
Epoch: 29, Loss: 1.7207, Train: 0.3000, Val: 0.2380, Test: 0.2260
Epoch: 30, Loss: 1.6671, Train: 0.2857, Val: 0.2160, Test: 0.2100
Epoch: 31, Loss: 1.6070, Train: 0.2857, Val: 0.2180, Test: 0.2090
Epoch: 32, Loss: 1.6301, Train: 0.2929, Val: 0.2320, Test: 0.2190
Epoch: 33, Loss: 1.5501, Train: 0.2929, Val: 0.2280, Test: 0.2170
Epoch: 34, Loss: 1.5828, Train: 0.3286, Val: 0.2660, Test: 0.2640
Epoch: 35, Loss: 1.5985, Train: 0.3929, Val: 0.2860, Test: 0.2780
Epoch: 36, Loss: 1.5740, Train: 0.3286, Val: 0.3120, Test: 0.2900
Epoch: 37, Loss: 1.4987, Train: 0.4143, Val: 0.3440, Test: 0.3300
Epoch: 38, Loss: 1.4952, Train: 0.4643, Val: 0.2820, Test: 0.3110
Epoch: 39, Loss: 1.4494, Train: 0.4357, Val: 0.2740, Test: 0.2920
Epoch: 40, Loss: 1.4591, Train: 0.4071, Val: 0.2320, Test: 0.2570
Epoch: 41, Loss: 1.4639, Train: 0.3286, Val: 0.2000, Test: 0.2280
Epoch: 42, Loss: 1.3886, Train: 0.3714, Val: 0.2340, Test: 0.2670
Epoch: 43, Loss: 1.4413, Train: 0.4143, Val: 0.2980, Test: 0.3080
Epoch: 44, Loss: 1.4254, Train: 0.4143, Val: 0.3160, Test: 0.2960
Epoch: 45, Loss: 1.3421, Train: 0.4357, Val: 0.3640, Test: 0.3600
Epoch: 46, Loss: 1.3147, Train: 0.4214, Val: 0.3480, Test: 0.3540
Epoch: 47, Loss: 1.3301, Train: 0.5143, Val: 0.4420, Test: 0.4610
Epoch: 48, Loss: 1.2994, Train: 0.6500, Val: 0.4980, Test: 0.4890
Epoch: 49, Loss: 1.2034, Train: 0.5571, Val: 0.4900, Test: 0.4770
Epoch: 50, Loss: 1.2374, Train: 0.5857, Val: 0.4420, Test: 0.4540
MAD:  0.306
Best Test Accuracy: 0.4890, Val Accuracy: 0.4980, Train Accuracy: 0.6500
Training completed.
Seed:  2
PMPGNN(
  (convs): ModuleList(
    (0): ParallelGNNBlock(
      (conv1): GATv2Conv(128, 128, heads=4)
      (conv2): GATv2Conv(128, 128, heads=4)
      (norm): LayerNorm((128,), eps=1e-05, elementwise_affine=True)
    )
    (1-9): 9 x ParallelGNNBlock(
      (conv1): GATv2Conv(1024, 128, heads=4)
      (conv2): GATv2Conv(1024, 128, heads=4)
      (norm): LayerNorm((128,), eps=1e-05, elementwise_affine=True)
    )
    (10): GATv2Conv(1024, 256, heads=4)
  )
  (norm): LayerNorm((1024,), eps=1e-05, elementwise_affine=True)
  (mlp): Sequential(
    (0): Linear(in_features=1024, out_features=64, bias=True)
    (1): LeakyReLU(negative_slope=0.01)
    (2): Dropout(p=0.3, inplace=False)
    (3): Linear(in_features=64, out_features=7, bias=True)
  )
  (proj): Linear(in_features=1433, out_features=128, bias=True)
)
Epoch: 1, Loss: 1.9813, Train: 0.1429, Val: 0.0840, Test: 0.0970
Epoch: 2, Loss: 1.9778, Train: 0.1429, Val: 0.0720, Test: 0.0910
Epoch: 3, Loss: 1.9423, Train: 0.1429, Val: 0.0740, Test: 0.0970
Epoch: 4, Loss: 1.9462, Train: 0.1429, Val: 0.0760, Test: 0.0950
Epoch: 5, Loss: 1.9559, Train: 0.1429, Val: 0.1560, Test: 0.1440
Epoch: 6, Loss: 1.9647, Train: 0.2286, Val: 0.1980, Test: 0.1960
Epoch: 7, Loss: 1.9479, Train: 0.1429, Val: 0.1140, Test: 0.1030
Epoch: 8, Loss: 1.9302, Train: 0.1429, Val: 0.1140, Test: 0.1030
Epoch: 9, Loss: 1.9775, Train: 0.1429, Val: 0.1140, Test: 0.1030
Epoch: 10, Loss: 1.9628, Train: 0.1429, Val: 0.1140, Test: 0.1030
Epoch: 11, Loss: 1.9485, Train: 0.1571, Val: 0.1720, Test: 0.1530
Epoch: 12, Loss: 1.9483, Train: 0.1429, Val: 0.1620, Test: 0.1490
Epoch: 13, Loss: 1.9371, Train: 0.1429, Val: 0.1560, Test: 0.1440
Epoch: 14, Loss: 1.9614, Train: 0.1429, Val: 0.1560, Test: 0.1440
Epoch: 15, Loss: 1.9519, Train: 0.1500, Val: 0.1560, Test: 0.1450
Epoch: 16, Loss: 1.9591, Train: 0.1429, Val: 0.0580, Test: 0.0640
Epoch: 17, Loss: 1.9450, Train: 0.1429, Val: 0.0580, Test: 0.0640
Epoch: 18, Loss: 1.9555, Train: 0.1429, Val: 0.0580, Test: 0.0640
Epoch: 19, Loss: 1.9425, Train: 0.2214, Val: 0.1940, Test: 0.2070
Epoch: 20, Loss: 1.9500, Train: 0.1429, Val: 0.1620, Test: 0.1490
Epoch: 21, Loss: 1.9345, Train: 0.1429, Val: 0.1620, Test: 0.1490
Epoch: 22, Loss: 1.9503, Train: 0.1429, Val: 0.1620, Test: 0.1490
Epoch: 23, Loss: 1.9533, Train: 0.1429, Val: 0.1620, Test: 0.1490
Epoch: 24, Loss: 1.9565, Train: 0.1429, Val: 0.1620, Test: 0.1490
Epoch: 25, Loss: 1.9524, Train: 0.1786, Val: 0.1620, Test: 0.1520
Epoch: 26, Loss: 1.9494, Train: 0.2857, Val: 0.2060, Test: 0.2000
Epoch: 27, Loss: 1.9463, Train: 0.1429, Val: 0.0640, Test: 0.0660
Epoch: 28, Loss: 1.9464, Train: 0.2429, Val: 0.1140, Test: 0.1300
Epoch: 29, Loss: 1.9571, Train: 0.1643, Val: 0.0680, Test: 0.0740
Epoch: 30, Loss: 1.9448, Train: 0.1429, Val: 0.0580, Test: 0.0640
Epoch: 31, Loss: 1.9334, Train: 0.1500, Val: 0.0640, Test: 0.0680
Epoch: 32, Loss: 1.9370, Train: 0.2643, Val: 0.1660, Test: 0.1640
Epoch: 33, Loss: 1.9462, Train: 0.2857, Val: 0.2120, Test: 0.2030
Epoch: 34, Loss: 1.9322, Train: 0.2929, Val: 0.2180, Test: 0.2030
Epoch: 35, Loss: 1.9126, Train: 0.2571, Val: 0.1920, Test: 0.1730
Epoch: 36, Loss: 1.9054, Train: 0.2929, Val: 0.2180, Test: 0.1980
Epoch: 37, Loss: 1.8879, Train: 0.3429, Val: 0.2540, Test: 0.2480
Epoch: 38, Loss: 1.8641, Train: 0.2786, Val: 0.2120, Test: 0.2010
Epoch: 39, Loss: 1.8117, Train: 0.2857, Val: 0.2120, Test: 0.2010
Epoch: 40, Loss: 1.7727, Train: 0.2929, Val: 0.2120, Test: 0.2130
Epoch: 41, Loss: 1.7111, Train: 0.2857, Val: 0.2100, Test: 0.2070
Epoch: 42, Loss: 1.6220, Train: 0.2857, Val: 0.2100, Test: 0.2070
Epoch: 43, Loss: 1.6755, Train: 0.3071, Val: 0.2140, Test: 0.2240
Epoch: 44, Loss: 1.5859, Train: 0.3000, Val: 0.2220, Test: 0.2190
Epoch: 45, Loss: 1.5399, Train: 0.3429, Val: 0.2340, Test: 0.2470
Epoch: 46, Loss: 1.5010, Train: 0.3071, Val: 0.2780, Test: 0.2340
Epoch: 47, Loss: 1.4988, Train: 0.5071, Val: 0.3760, Test: 0.3780
Epoch: 48, Loss: 1.4714, Train: 0.3500, Val: 0.4200, Test: 0.4500
Epoch: 49, Loss: 1.4679, Train: 0.3000, Val: 0.3780, Test: 0.3640
Epoch: 50, Loss: 1.4852, Train: 0.3786, Val: 0.4260, Test: 0.4410
MAD:  0.3187
Best Test Accuracy: 0.4500, Val Accuracy: 0.4200, Train Accuracy: 0.3500
Training completed.
Seed:  3
PMPGNN(
  (convs): ModuleList(
    (0): ParallelGNNBlock(
      (conv1): GATv2Conv(128, 128, heads=4)
      (conv2): GATv2Conv(128, 128, heads=4)
      (norm): LayerNorm((128,), eps=1e-05, elementwise_affine=True)
    )
    (1-9): 9 x ParallelGNNBlock(
      (conv1): GATv2Conv(1024, 128, heads=4)
      (conv2): GATv2Conv(1024, 128, heads=4)
      (norm): LayerNorm((128,), eps=1e-05, elementwise_affine=True)
    )
    (10): GATv2Conv(1024, 256, heads=4)
  )
  (norm): LayerNorm((1024,), eps=1e-05, elementwise_affine=True)
  (mlp): Sequential(
    (0): Linear(in_features=1024, out_features=64, bias=True)
    (1): LeakyReLU(negative_slope=0.01)
    (2): Dropout(p=0.3, inplace=False)
    (3): Linear(in_features=64, out_features=7, bias=True)
  )
  (proj): Linear(in_features=1433, out_features=128, bias=True)
)
Epoch: 1, Loss: 1.9677, Train: 0.1357, Val: 0.0560, Test: 0.0640
Epoch: 2, Loss: 1.9817, Train: 0.1429, Val: 0.0720, Test: 0.0910
Epoch: 3, Loss: 1.9797, Train: 0.2000, Val: 0.1360, Test: 0.1520
Epoch: 4, Loss: 1.9498, Train: 0.1786, Val: 0.3160, Test: 0.3400
Epoch: 5, Loss: 1.9481, Train: 0.1429, Val: 0.3160, Test: 0.3190
Epoch: 6, Loss: 1.9546, Train: 0.1429, Val: 0.3160, Test: 0.3190
Epoch: 7, Loss: 1.9352, Train: 0.2786, Val: 0.2180, Test: 0.2180
Epoch: 8, Loss: 1.9624, Train: 0.3500, Val: 0.2300, Test: 0.2330
Epoch: 9, Loss: 1.9850, Train: 0.1429, Val: 0.0580, Test: 0.0640
Epoch: 10, Loss: 1.9388, Train: 0.1429, Val: 0.0580, Test: 0.0640
Epoch: 11, Loss: 1.9532, Train: 0.1429, Val: 0.0580, Test: 0.0640
Epoch: 12, Loss: 1.9617, Train: 0.2786, Val: 0.1120, Test: 0.1320
Epoch: 13, Loss: 1.9697, Train: 0.1429, Val: 0.0580, Test: 0.0640
Epoch: 14, Loss: 1.9472, Train: 0.1429, Val: 0.0580, Test: 0.0640
Epoch: 15, Loss: 1.9454, Train: 0.2000, Val: 0.1160, Test: 0.1150
Epoch: 16, Loss: 1.9502, Train: 0.1429, Val: 0.1220, Test: 0.1300
Epoch: 17, Loss: 1.9764, Train: 0.1429, Val: 0.3160, Test: 0.3190
Epoch: 18, Loss: 1.9575, Train: 0.1429, Val: 0.3160, Test: 0.3190
Epoch: 19, Loss: 1.9605, Train: 0.1429, Val: 0.3160, Test: 0.3190
Epoch: 20, Loss: 1.9206, Train: 0.1429, Val: 0.3160, Test: 0.3190
Epoch: 21, Loss: 1.9609, Train: 0.1429, Val: 0.1620, Test: 0.1490
Epoch: 22, Loss: 1.9582, Train: 0.1429, Val: 0.1620, Test: 0.1490
Epoch: 23, Loss: 1.9679, Train: 0.1429, Val: 0.1620, Test: 0.1490
Epoch: 24, Loss: 1.9621, Train: 0.1429, Val: 0.1620, Test: 0.1490
Epoch: 25, Loss: 1.9445, Train: 0.1429, Val: 0.1620, Test: 0.1490
Epoch: 26, Loss: 1.9590, Train: 0.1429, Val: 0.1140, Test: 0.1030
Epoch: 27, Loss: 1.9489, Train: 0.1429, Val: 0.1140, Test: 0.1030
Epoch: 28, Loss: 1.9362, Train: 0.1429, Val: 0.1140, Test: 0.1030
Epoch: 29, Loss: 1.9408, Train: 0.1429, Val: 0.1140, Test: 0.1030
Epoch: 30, Loss: 1.9508, Train: 0.1429, Val: 0.1140, Test: 0.1030
Epoch: 31, Loss: 1.9553, Train: 0.1429, Val: 0.1560, Test: 0.1440
Epoch: 32, Loss: 1.9413, Train: 0.1429, Val: 0.1560, Test: 0.1440
Epoch: 33, Loss: 1.9505, Train: 0.1429, Val: 0.1560, Test: 0.1440
Epoch: 34, Loss: 1.9522, Train: 0.1429, Val: 0.1560, Test: 0.1440
Epoch: 35, Loss: 1.9431, Train: 0.1429, Val: 0.1560, Test: 0.1440
Epoch: 36, Loss: 1.9474, Train: 0.1429, Val: 0.1560, Test: 0.1440
Epoch: 37, Loss: 1.9477, Train: 0.1429, Val: 0.0580, Test: 0.0640
Epoch: 38, Loss: 1.9454, Train: 0.1429, Val: 0.0580, Test: 0.0640
Epoch: 39, Loss: 1.9450, Train: 0.1429, Val: 0.0580, Test: 0.0640
Epoch: 40, Loss: 1.9484, Train: 0.1429, Val: 0.0580, Test: 0.0640
Epoch: 41, Loss: 1.9553, Train: 0.1429, Val: 0.0580, Test: 0.0640
Epoch: 42, Loss: 1.9524, Train: 0.1429, Val: 0.0580, Test: 0.0640
Epoch: 43, Loss: 1.9446, Train: 0.1429, Val: 0.1560, Test: 0.1440
Epoch: 44, Loss: 1.9493, Train: 0.1429, Val: 0.1560, Test: 0.1440
Epoch: 45, Loss: 1.9499, Train: 0.1429, Val: 0.1560, Test: 0.1440
Epoch: 46, Loss: 1.9568, Train: 0.1429, Val: 0.1560, Test: 0.1440
Epoch: 47, Loss: 1.9447, Train: 0.1429, Val: 0.1560, Test: 0.1440
Epoch: 48, Loss: 1.9415, Train: 0.1429, Val: 0.1560, Test: 0.1440
Epoch: 49, Loss: 1.9468, Train: 0.1429, Val: 0.1560, Test: 0.1440
Epoch: 50, Loss: 1.9509, Train: 0.1429, Val: 0.1560, Test: 0.1440
MAD:  0.0045
Best Test Accuracy: 0.3400, Val Accuracy: 0.3160, Train Accuracy: 0.1786
Training completed.
Seed:  4
PMPGNN(
  (convs): ModuleList(
    (0): ParallelGNNBlock(
      (conv1): GATv2Conv(128, 128, heads=4)
      (conv2): GATv2Conv(128, 128, heads=4)
      (norm): LayerNorm((128,), eps=1e-05, elementwise_affine=True)
    )
    (1-9): 9 x ParallelGNNBlock(
      (conv1): GATv2Conv(1024, 128, heads=4)
      (conv2): GATv2Conv(1024, 128, heads=4)
      (norm): LayerNorm((128,), eps=1e-05, elementwise_affine=True)
    )
    (10): GATv2Conv(1024, 256, heads=4)
  )
  (norm): LayerNorm((1024,), eps=1e-05, elementwise_affine=True)
  (mlp): Sequential(
    (0): Linear(in_features=1024, out_features=64, bias=True)
    (1): LeakyReLU(negative_slope=0.01)
    (2): Dropout(p=0.3, inplace=False)
    (3): Linear(in_features=64, out_features=7, bias=True)
  )
  (proj): Linear(in_features=1433, out_features=128, bias=True)
)
Epoch: 1, Loss: 1.9605, Train: 0.1500, Val: 0.3120, Test: 0.3170
Epoch: 2, Loss: 1.9333, Train: 0.1429, Val: 0.3160, Test: 0.3190
Epoch: 3, Loss: 1.9938, Train: 0.1429, Val: 0.0820, Test: 0.1020
Epoch: 4, Loss: 1.9443, Train: 0.1429, Val: 0.1220, Test: 0.1300
Epoch: 5, Loss: 1.9622, Train: 0.1429, Val: 0.1220, Test: 0.1300
Epoch: 6, Loss: 1.9348, Train: 0.1429, Val: 0.1220, Test: 0.1300
Epoch: 7, Loss: 1.9557, Train: 0.1929, Val: 0.0920, Test: 0.1020
Epoch: 8, Loss: 1.9710, Train: 0.2000, Val: 0.1420, Test: 0.1530
Epoch: 9, Loss: 1.9467, Train: 0.2000, Val: 0.1260, Test: 0.1440
Epoch: 10, Loss: 1.9547, Train: 0.1500, Val: 0.1140, Test: 0.1030
Epoch: 11, Loss: 1.9621, Train: 0.1429, Val: 0.1140, Test: 0.1030
Epoch: 12, Loss: 1.9745, Train: 0.1429, Val: 0.1140, Test: 0.1030
Epoch: 13, Loss: 1.9579, Train: 0.2429, Val: 0.2100, Test: 0.1920
Epoch: 14, Loss: 1.9324, Train: 0.1429, Val: 0.1620, Test: 0.1490
Epoch: 15, Loss: 1.9432, Train: 0.1571, Val: 0.3120, Test: 0.3170
Epoch: 16, Loss: 1.9554, Train: 0.1429, Val: 0.3160, Test: 0.3190
Epoch: 17, Loss: 1.9299, Train: 0.1429, Val: 0.3160, Test: 0.3190
Epoch: 18, Loss: 1.9463, Train: 0.1429, Val: 0.3160, Test: 0.3190
Epoch: 19, Loss: 1.9470, Train: 0.1429, Val: 0.3160, Test: 0.3190
Epoch: 20, Loss: 1.9252, Train: 0.1429, Val: 0.1220, Test: 0.1310
Epoch: 21, Loss: 1.9267, Train: 0.1429, Val: 0.1220, Test: 0.1300
Epoch: 22, Loss: 1.9080, Train: 0.1929, Val: 0.1260, Test: 0.1400
Epoch: 23, Loss: 1.9283, Train: 0.2786, Val: 0.1800, Test: 0.2030
Epoch: 24, Loss: 1.9052, Train: 0.3071, Val: 0.1840, Test: 0.2080
Epoch: 25, Loss: 1.9406, Train: 0.3143, Val: 0.1660, Test: 0.1970
Epoch: 26, Loss: 1.8984, Train: 0.3571, Val: 0.1860, Test: 0.2090
Epoch: 27, Loss: 1.8723, Train: 0.3571, Val: 0.1760, Test: 0.2150
Epoch: 28, Loss: 1.8380, Train: 0.2857, Val: 0.1380, Test: 0.1600
Epoch: 29, Loss: 1.7782, Train: 0.2857, Val: 0.1340, Test: 0.1570
Epoch: 30, Loss: 1.6982, Train: 0.2857, Val: 0.1340, Test: 0.1560
Epoch: 31, Loss: 1.6340, Train: 0.2929, Val: 0.1340, Test: 0.1590
Epoch: 32, Loss: 1.5976, Train: 0.3071, Val: 0.1360, Test: 0.1630
Epoch: 33, Loss: 1.5795, Train: 0.3071, Val: 0.1360, Test: 0.1580
Epoch: 34, Loss: 1.5990, Train: 0.3071, Val: 0.1560, Test: 0.1710
Epoch: 35, Loss: 1.5241, Train: 0.3071, Val: 0.1680, Test: 0.1740
Epoch: 36, Loss: 1.5542, Train: 0.4071, Val: 0.2200, Test: 0.2390
Epoch: 37, Loss: 1.4941, Train: 0.4929, Val: 0.2720, Test: 0.2930
Epoch: 38, Loss: 1.4707, Train: 0.5357, Val: 0.3380, Test: 0.3380
Epoch: 39, Loss: 1.3902, Train: 0.5286, Val: 0.3740, Test: 0.3870
Epoch: 40, Loss: 1.4026, Train: 0.5286, Val: 0.4120, Test: 0.4410
Epoch: 41, Loss: 1.3361, Train: 0.5357, Val: 0.3540, Test: 0.3760
Epoch: 42, Loss: 1.3302, Train: 0.3071, Val: 0.3400, Test: 0.3330
Epoch: 43, Loss: 1.2840, Train: 0.4357, Val: 0.3980, Test: 0.3820
Epoch: 44, Loss: 1.2065, Train: 0.5214, Val: 0.3980, Test: 0.3930
Epoch: 45, Loss: 1.2572, Train: 0.6786, Val: 0.5740, Test: 0.5830
Epoch: 46, Loss: 1.0537, Train: 0.6714, Val: 0.6240, Test: 0.6300
Epoch: 47, Loss: 1.1136, Train: 0.6857, Val: 0.6300, Test: 0.6190
Epoch: 48, Loss: 0.9341, Train: 0.7286, Val: 0.5780, Test: 0.5650
Epoch: 49, Loss: 0.8780, Train: 0.7143, Val: 0.6000, Test: 0.5790
Epoch: 50, Loss: 0.8570, Train: 0.8143, Val: 0.6260, Test: 0.6450
MAD:  0.4271
Best Test Accuracy: 0.6450, Val Accuracy: 0.6260, Train Accuracy: 0.8143
Training completed.
Seed:  5
PMPGNN(
  (convs): ModuleList(
    (0): ParallelGNNBlock(
      (conv1): GATv2Conv(128, 128, heads=4)
      (conv2): GATv2Conv(128, 128, heads=4)
      (norm): LayerNorm((128,), eps=1e-05, elementwise_affine=True)
    )
    (1-9): 9 x ParallelGNNBlock(
      (conv1): GATv2Conv(1024, 128, heads=4)
      (conv2): GATv2Conv(1024, 128, heads=4)
      (norm): LayerNorm((128,), eps=1e-05, elementwise_affine=True)
    )
    (10): GATv2Conv(1024, 256, heads=4)
  )
  (norm): LayerNorm((1024,), eps=1e-05, elementwise_affine=True)
  (mlp): Sequential(
    (0): Linear(in_features=1024, out_features=64, bias=True)
    (1): LeakyReLU(negative_slope=0.01)
    (2): Dropout(p=0.3, inplace=False)
    (3): Linear(in_features=64, out_features=7, bias=True)
  )
  (proj): Linear(in_features=1433, out_features=128, bias=True)
)
Epoch: 1, Loss: 1.9797, Train: 0.1929, Val: 0.1400, Test: 0.1480
Epoch: 2, Loss: 1.9898, Train: 0.1500, Val: 0.3160, Test: 0.3200
Epoch: 3, Loss: 1.9454, Train: 0.1429, Val: 0.3160, Test: 0.3190
Epoch: 4, Loss: 1.9902, Train: 0.1429, Val: 0.1620, Test: 0.1500
Epoch: 5, Loss: 1.9858, Train: 0.1500, Val: 0.1580, Test: 0.1450
Epoch: 6, Loss: 1.9519, Train: 0.2714, Val: 0.1560, Test: 0.1660
Epoch: 7, Loss: 1.9793, Train: 0.1429, Val: 0.1140, Test: 0.1030
Epoch: 8, Loss: 1.9509, Train: 0.1429, Val: 0.1140, Test: 0.1030
Epoch: 9, Loss: 1.9981, Train: 0.1429, Val: 0.1140, Test: 0.1030
Epoch: 10, Loss: 1.9220, Train: 0.1429, Val: 0.3160, Test: 0.3190
Epoch: 11, Loss: 1.9660, Train: 0.1429, Val: 0.3160, Test: 0.3190
Epoch: 12, Loss: 1.9607, Train: 0.1429, Val: 0.3160, Test: 0.3190
Epoch: 13, Loss: 1.9458, Train: 0.1429, Val: 0.3160, Test: 0.3190
Epoch: 14, Loss: 1.9600, Train: 0.1429, Val: 0.1560, Test: 0.1440
Epoch: 15, Loss: 1.9483, Train: 0.1643, Val: 0.1560, Test: 0.1520
Epoch: 16, Loss: 1.9385, Train: 0.2000, Val: 0.0720, Test: 0.1010
Epoch: 17, Loss: 1.9608, Train: 0.1429, Val: 0.0720, Test: 0.0910
Epoch: 18, Loss: 1.9524, Train: 0.1429, Val: 0.0720, Test: 0.0910
Epoch: 19, Loss: 1.9403, Train: 0.1429, Val: 0.0720, Test: 0.0910
Epoch: 20, Loss: 1.9392, Train: 0.1429, Val: 0.0720, Test: 0.0910
Epoch: 21, Loss: 1.9465, Train: 0.1429, Val: 0.0720, Test: 0.0910
Epoch: 22, Loss: 1.9354, Train: 0.1929, Val: 0.0720, Test: 0.0970
Epoch: 23, Loss: 1.9710, Train: 0.2357, Val: 0.0860, Test: 0.1170
Epoch: 24, Loss: 1.9300, Train: 0.3143, Val: 0.2100, Test: 0.2250
Epoch: 25, Loss: 1.9396, Train: 0.2286, Val: 0.1660, Test: 0.1820
Epoch: 26, Loss: 1.9357, Train: 0.3500, Val: 0.2400, Test: 0.2260
Epoch: 27, Loss: 1.9397, Train: 0.2143, Val: 0.1240, Test: 0.1190
Epoch: 28, Loss: 1.9301, Train: 0.2000, Val: 0.1140, Test: 0.1250
Epoch: 29, Loss: 1.9356, Train: 0.2643, Val: 0.2160, Test: 0.2050
Epoch: 30, Loss: 1.9243, Train: 0.2429, Val: 0.1380, Test: 0.1670
Epoch: 31, Loss: 1.9121, Train: 0.3714, Val: 0.2580, Test: 0.2340
Epoch: 32, Loss: 1.9090, Train: 0.3571, Val: 0.2500, Test: 0.2510
Epoch: 33, Loss: 1.9160, Train: 0.2714, Val: 0.2100, Test: 0.2150
Epoch: 34, Loss: 1.9001, Train: 0.2714, Val: 0.2120, Test: 0.2190
Epoch: 35, Loss: 1.8644, Train: 0.2786, Val: 0.2200, Test: 0.2190
Epoch: 36, Loss: 1.7866, Train: 0.3929, Val: 0.2820, Test: 0.2970
Epoch: 37, Loss: 1.7620, Train: 0.5071, Val: 0.3200, Test: 0.3520
Epoch: 38, Loss: 1.7111, Train: 0.4500, Val: 0.2640, Test: 0.2850
Epoch: 39, Loss: 1.6386, Train: 0.3429, Val: 0.1900, Test: 0.2230
Epoch: 40, Loss: 1.6026, Train: 0.4643, Val: 0.3540, Test: 0.3650
Epoch: 41, Loss: 1.5311, Train: 0.4857, Val: 0.3040, Test: 0.3240
Epoch: 42, Loss: 1.5118, Train: 0.5571, Val: 0.4060, Test: 0.3980
Epoch: 43, Loss: 1.4624, Train: 0.5929, Val: 0.4580, Test: 0.4700
Epoch: 44, Loss: 1.3921, Train: 0.6071, Val: 0.4440, Test: 0.4430
Epoch: 45, Loss: 1.3393, Train: 0.6714, Val: 0.4760, Test: 0.4540
Epoch: 46, Loss: 1.1749, Train: 0.5643, Val: 0.4360, Test: 0.4200
Epoch: 47, Loss: 1.1388, Train: 0.5714, Val: 0.4080, Test: 0.4000
Epoch: 48, Loss: 1.1239, Train: 0.7071, Val: 0.4700, Test: 0.4670
Epoch: 49, Loss: 1.0908, Train: 0.6357, Val: 0.3880, Test: 0.4030
Epoch: 50, Loss: 1.0075, Train: 0.5929, Val: 0.3800, Test: 0.3940
MAD:  0.2701
Best Test Accuracy: 0.4700, Val Accuracy: 0.4580, Train Accuracy: 0.5929
Training completed.
Seed:  6
PMPGNN(
  (convs): ModuleList(
    (0): ParallelGNNBlock(
      (conv1): GATv2Conv(128, 128, heads=4)
      (conv2): GATv2Conv(128, 128, heads=4)
      (norm): LayerNorm((128,), eps=1e-05, elementwise_affine=True)
    )
    (1-9): 9 x ParallelGNNBlock(
      (conv1): GATv2Conv(1024, 128, heads=4)
      (conv2): GATv2Conv(1024, 128, heads=4)
      (norm): LayerNorm((128,), eps=1e-05, elementwise_affine=True)
    )
    (10): GATv2Conv(1024, 256, heads=4)
  )
  (norm): LayerNorm((1024,), eps=1e-05, elementwise_affine=True)
  (mlp): Sequential(
    (0): Linear(in_features=1024, out_features=64, bias=True)
    (1): LeakyReLU(negative_slope=0.01)
    (2): Dropout(p=0.3, inplace=False)
    (3): Linear(in_features=64, out_features=7, bias=True)
  )
  (proj): Linear(in_features=1433, out_features=128, bias=True)
)
Epoch: 1, Loss: 1.9777, Train: 0.1429, Val: 0.1620, Test: 0.1490
Epoch: 2, Loss: 2.0227, Train: 0.1429, Val: 0.1620, Test: 0.1490
Epoch: 3, Loss: 1.9814, Train: 0.1429, Val: 0.0580, Test: 0.0640
Epoch: 4, Loss: 2.0094, Train: 0.1857, Val: 0.0920, Test: 0.1150
Epoch: 5, Loss: 1.9564, Train: 0.1429, Val: 0.0720, Test: 0.0910
Epoch: 6, Loss: 1.9678, Train: 0.1714, Val: 0.0720, Test: 0.0920
Epoch: 7, Loss: 1.9647, Train: 0.1429, Val: 0.0720, Test: 0.0910
Epoch: 8, Loss: 1.9713, Train: 0.2500, Val: 0.1780, Test: 0.1790
Epoch: 9, Loss: 1.9549, Train: 0.1429, Val: 0.1560, Test: 0.1440
Epoch: 10, Loss: 1.9383, Train: 0.1429, Val: 0.1560, Test: 0.1440
Epoch: 11, Loss: 1.9633, Train: 0.1429, Val: 0.1560, Test: 0.1440
Epoch: 12, Loss: 1.9546, Train: 0.1429, Val: 0.1560, Test: 0.1440
Epoch: 13, Loss: 1.9707, Train: 0.1429, Val: 0.1140, Test: 0.1100
Epoch: 14, Loss: 1.9629, Train: 0.1429, Val: 0.1620, Test: 0.1490
Epoch: 15, Loss: 1.9595, Train: 0.1429, Val: 0.1620, Test: 0.1490
Epoch: 16, Loss: 1.9719, Train: 0.1429, Val: 0.1560, Test: 0.1440
Epoch: 17, Loss: 1.9465, Train: 0.1429, Val: 0.1560, Test: 0.1440
Epoch: 18, Loss: 1.9502, Train: 0.1429, Val: 0.1560, Test: 0.1440
Epoch: 19, Loss: 1.9513, Train: 0.1429, Val: 0.1560, Test: 0.1440
Epoch: 20, Loss: 1.9516, Train: 0.1429, Val: 0.1560, Test: 0.1440
Epoch: 21, Loss: 1.9473, Train: 0.1429, Val: 0.1560, Test: 0.1440
Epoch: 22, Loss: 1.9440, Train: 0.1429, Val: 0.1560, Test: 0.1440
Epoch: 23, Loss: 1.9455, Train: 0.1429, Val: 0.1560, Test: 0.1440
Epoch: 24, Loss: 1.9453, Train: 0.1429, Val: 0.0580, Test: 0.0640
Epoch: 25, Loss: 1.9431, Train: 0.1429, Val: 0.0580, Test: 0.0640
Epoch: 26, Loss: 1.9417, Train: 0.1929, Val: 0.1300, Test: 0.1220
Epoch: 27, Loss: 1.9438, Train: 0.1429, Val: 0.1620, Test: 0.1490
Epoch: 28, Loss: 1.9349, Train: 0.1429, Val: 0.1620, Test: 0.1490
Epoch: 29, Loss: 1.9481, Train: 0.1429, Val: 0.1620, Test: 0.1490
Epoch: 30, Loss: 1.9552, Train: 0.1429, Val: 0.1620, Test: 0.1490
Epoch: 31, Loss: 1.9655, Train: 0.1429, Val: 0.1620, Test: 0.1490
Epoch: 32, Loss: 1.9490, Train: 0.1429, Val: 0.1620, Test: 0.1490
Epoch: 33, Loss: 1.9523, Train: 0.1429, Val: 0.1620, Test: 0.1490
Epoch: 34, Loss: 1.9648, Train: 0.1429, Val: 0.1620, Test: 0.1490
Epoch: 35, Loss: 1.9562, Train: 0.1429, Val: 0.0720, Test: 0.0910
Epoch: 36, Loss: 1.9452, Train: 0.1429, Val: 0.1560, Test: 0.1440
Epoch: 37, Loss: 1.9535, Train: 0.1429, Val: 0.1560, Test: 0.1440
Epoch: 38, Loss: 1.9554, Train: 0.1429, Val: 0.1560, Test: 0.1440
Epoch: 39, Loss: 1.9406, Train: 0.1429, Val: 0.1560, Test: 0.1440
Epoch: 40, Loss: 1.9465, Train: 0.1429, Val: 0.1560, Test: 0.1440
Epoch: 41, Loss: 1.9600, Train: 0.1429, Val: 0.1560, Test: 0.1440
Epoch: 42, Loss: 1.9403, Train: 0.1429, Val: 0.1560, Test: 0.1440
Epoch: 43, Loss: 1.9414, Train: 0.1429, Val: 0.1560, Test: 0.1440
Epoch: 44, Loss: 1.9354, Train: 0.1429, Val: 0.1560, Test: 0.1440
Epoch: 45, Loss: 1.9533, Train: 0.1429, Val: 0.1560, Test: 0.1440
Epoch: 46, Loss: 1.9473, Train: 0.1429, Val: 0.1560, Test: 0.1440
Epoch: 47, Loss: 1.9435, Train: 0.1429, Val: 0.1560, Test: 0.1440
Epoch: 48, Loss: 1.9526, Train: 0.1429, Val: 0.1560, Test: 0.1440
Epoch: 49, Loss: 1.9535, Train: 0.2643, Val: 0.1920, Test: 0.1870
Epoch: 50, Loss: 1.9525, Train: 0.1357, Val: 0.0520, Test: 0.0580
MAD:  0.0009
Best Test Accuracy: 0.1870, Val Accuracy: 0.1920, Train Accuracy: 0.2643
Training completed.
Seed:  7
PMPGNN(
  (convs): ModuleList(
    (0): ParallelGNNBlock(
      (conv1): GATv2Conv(128, 128, heads=4)
      (conv2): GATv2Conv(128, 128, heads=4)
      (norm): LayerNorm((128,), eps=1e-05, elementwise_affine=True)
    )
    (1-9): 9 x ParallelGNNBlock(
      (conv1): GATv2Conv(1024, 128, heads=4)
      (conv2): GATv2Conv(1024, 128, heads=4)
      (norm): LayerNorm((128,), eps=1e-05, elementwise_affine=True)
    )
    (10): GATv2Conv(1024, 256, heads=4)
  )
  (norm): LayerNorm((1024,), eps=1e-05, elementwise_affine=True)
  (mlp): Sequential(
    (0): Linear(in_features=1024, out_features=64, bias=True)
    (1): LeakyReLU(negative_slope=0.01)
    (2): Dropout(p=0.3, inplace=False)
    (3): Linear(in_features=64, out_features=7, bias=True)
  )
  (proj): Linear(in_features=1433, out_features=128, bias=True)
)
Epoch: 1, Loss: 2.0115, Train: 0.1214, Val: 0.1380, Test: 0.1390
Epoch: 2, Loss: 1.9536, Train: 0.1714, Val: 0.1560, Test: 0.1760
Epoch: 3, Loss: 1.9776, Train: 0.1429, Val: 0.1680, Test: 0.1470
Epoch: 4, Loss: 1.9585, Train: 0.1429, Val: 0.1620, Test: 0.1490
Epoch: 5, Loss: 1.9927, Train: 0.1429, Val: 0.1560, Test: 0.1440
Epoch: 6, Loss: 1.9375, Train: 0.1571, Val: 0.0760, Test: 0.0830
Epoch: 7, Loss: 1.9671, Train: 0.1786, Val: 0.3160, Test: 0.3220
Epoch: 8, Loss: 1.9719, Train: 0.1429, Val: 0.3160, Test: 0.3190
Epoch: 9, Loss: 1.9514, Train: 0.1429, Val: 0.0780, Test: 0.0940
Epoch: 10, Loss: 1.9758, Train: 0.2214, Val: 0.1140, Test: 0.1350
Epoch: 11, Loss: 1.9706, Train: 0.1429, Val: 0.1140, Test: 0.1030
Epoch: 12, Loss: 1.9546, Train: 0.1429, Val: 0.1140, Test: 0.1030
Epoch: 13, Loss: 1.9364, Train: 0.1429, Val: 0.1140, Test: 0.1030
Epoch: 14, Loss: 1.9552, Train: 0.1429, Val: 0.1140, Test: 0.1030
Epoch: 15, Loss: 1.9516, Train: 0.1429, Val: 0.1620, Test: 0.1490
Epoch: 16, Loss: 1.9497, Train: 0.1429, Val: 0.1620, Test: 0.1490
Epoch: 17, Loss: 1.9446, Train: 0.1429, Val: 0.1620, Test: 0.1490
Epoch: 18, Loss: 1.9452, Train: 0.1429, Val: 0.1620, Test: 0.1490
Epoch: 19, Loss: 1.9306, Train: 0.1429, Val: 0.1620, Test: 0.1490
Epoch: 20, Loss: 1.9374, Train: 0.1643, Val: 0.1620, Test: 0.1510
Epoch: 21, Loss: 1.9345, Train: 0.1429, Val: 0.0720, Test: 0.0910
Epoch: 22, Loss: 1.9448, Train: 0.2000, Val: 0.0780, Test: 0.1040
Epoch: 23, Loss: 1.9455, Train: 0.3500, Val: 0.1760, Test: 0.2170
Epoch: 24, Loss: 1.9415, Train: 0.1571, Val: 0.0580, Test: 0.0690
Epoch: 25, Loss: 1.9466, Train: 0.1571, Val: 0.0580, Test: 0.0690
Epoch: 26, Loss: 1.9514, Train: 0.1429, Val: 0.0580, Test: 0.0640
Epoch: 27, Loss: 1.9498, Train: 0.1429, Val: 0.0580, Test: 0.0640
Epoch: 28, Loss: 1.9405, Train: 0.2643, Val: 0.2040, Test: 0.1820
Epoch: 29, Loss: 1.9670, Train: 0.2500, Val: 0.1960, Test: 0.1810
Epoch: 30, Loss: 1.9377, Train: 0.2571, Val: 0.2040, Test: 0.1840
Epoch: 31, Loss: 1.9228, Train: 0.2429, Val: 0.1460, Test: 0.1510
Epoch: 32, Loss: 1.9406, Train: 0.1429, Val: 0.0580, Test: 0.0640
Epoch: 33, Loss: 1.9285, Train: 0.1429, Val: 0.0580, Test: 0.0640
Epoch: 34, Loss: 1.9287, Train: 0.2929, Val: 0.1980, Test: 0.1890
Epoch: 35, Loss: 1.9165, Train: 0.4071, Val: 0.3040, Test: 0.3120
Epoch: 36, Loss: 1.8835, Train: 0.3857, Val: 0.2920, Test: 0.2960
Epoch: 37, Loss: 1.8550, Train: 0.3857, Val: 0.2960, Test: 0.2920
Epoch: 38, Loss: 1.8291, Train: 0.3857, Val: 0.2940, Test: 0.2940
Epoch: 39, Loss: 1.8018, Train: 0.4071, Val: 0.3020, Test: 0.3040
Epoch: 40, Loss: 1.7428, Train: 0.4214, Val: 0.3100, Test: 0.3080
Epoch: 41, Loss: 1.6179, Train: 0.4214, Val: 0.3000, Test: 0.3120
Epoch: 42, Loss: 1.5680, Train: 0.4214, Val: 0.3080, Test: 0.2980
Epoch: 43, Loss: 1.5873, Train: 0.4143, Val: 0.3140, Test: 0.3160
Epoch: 44, Loss: 1.4614, Train: 0.4571, Val: 0.3020, Test: 0.3020
Epoch: 45, Loss: 1.4504, Train: 0.4286, Val: 0.3060, Test: 0.3090
Epoch: 46, Loss: 1.4447, Train: 0.4786, Val: 0.3240, Test: 0.3280
Epoch: 47, Loss: 1.2796, Train: 0.5714, Val: 0.3960, Test: 0.3950
Epoch: 48, Loss: 1.2307, Train: 0.5500, Val: 0.4160, Test: 0.3980
Epoch: 49, Loss: 1.1360, Train: 0.5429, Val: 0.4240, Test: 0.4070
Epoch: 50, Loss: 1.1359, Train: 0.6643, Val: 0.4380, Test: 0.4130
MAD:  0.4052
Best Test Accuracy: 0.4130, Val Accuracy: 0.4380, Train Accuracy: 0.6643
Training completed.
Seed:  8
PMPGNN(
  (convs): ModuleList(
    (0): ParallelGNNBlock(
      (conv1): GATv2Conv(128, 128, heads=4)
      (conv2): GATv2Conv(128, 128, heads=4)
      (norm): LayerNorm((128,), eps=1e-05, elementwise_affine=True)
    )
    (1-9): 9 x ParallelGNNBlock(
      (conv1): GATv2Conv(1024, 128, heads=4)
      (conv2): GATv2Conv(1024, 128, heads=4)
      (norm): LayerNorm((128,), eps=1e-05, elementwise_affine=True)
    )
    (10): GATv2Conv(1024, 256, heads=4)
  )
  (norm): LayerNorm((1024,), eps=1e-05, elementwise_affine=True)
  (mlp): Sequential(
    (0): Linear(in_features=1024, out_features=64, bias=True)
    (1): LeakyReLU(negative_slope=0.01)
    (2): Dropout(p=0.3, inplace=False)
    (3): Linear(in_features=64, out_features=7, bias=True)
  )
  (proj): Linear(in_features=1433, out_features=128, bias=True)
)
Epoch: 1, Loss: 1.9762, Train: 0.1429, Val: 0.1600, Test: 0.1480
Epoch: 2, Loss: 1.9271, Train: 0.1429, Val: 0.0740, Test: 0.0920
Epoch: 3, Loss: 1.9720, Train: 0.2571, Val: 0.1340, Test: 0.1540
Epoch: 4, Loss: 1.9360, Train: 0.2000, Val: 0.3180, Test: 0.3240
Epoch: 5, Loss: 1.9678, Train: 0.1929, Val: 0.3220, Test: 0.3290
Epoch: 6, Loss: 1.9264, Train: 0.1643, Val: 0.1140, Test: 0.1060
Epoch: 7, Loss: 1.9576, Train: 0.1429, Val: 0.0580, Test: 0.0640
Epoch: 8, Loss: 1.9729, Train: 0.2286, Val: 0.1540, Test: 0.1650
Epoch: 9, Loss: 1.9105, Train: 0.2571, Val: 0.2040, Test: 0.1860
Epoch: 10, Loss: 1.9497, Train: 0.2857, Val: 0.3480, Test: 0.3550
Epoch: 11, Loss: 1.9309, Train: 0.3214, Val: 0.3480, Test: 0.3830
Epoch: 12, Loss: 1.9384, Train: 0.1500, Val: 0.0720, Test: 0.0940
Epoch: 13, Loss: 1.9450, Train: 0.1500, Val: 0.0720, Test: 0.0930
Epoch: 14, Loss: 1.9050, Train: 0.1929, Val: 0.0720, Test: 0.0970
Epoch: 15, Loss: 1.9508, Train: 0.3286, Val: 0.2240, Test: 0.2340
Epoch: 16, Loss: 1.9386, Train: 0.1929, Val: 0.1640, Test: 0.1590
Epoch: 17, Loss: 1.9400, Train: 0.2786, Val: 0.2140, Test: 0.2080
Epoch: 18, Loss: 1.9588, Train: 0.3500, Val: 0.2780, Test: 0.2700
Epoch: 19, Loss: 1.9392, Train: 0.1929, Val: 0.1300, Test: 0.1400
Epoch: 20, Loss: 1.9078, Train: 0.1429, Val: 0.1220, Test: 0.1310
Epoch: 21, Loss: 1.9122, Train: 0.1857, Val: 0.1220, Test: 0.1390
Epoch: 22, Loss: 1.8919, Train: 0.2286, Val: 0.1420, Test: 0.1670
Epoch: 23, Loss: 1.8893, Train: 0.3500, Val: 0.3060, Test: 0.3330
Epoch: 24, Loss: 1.8180, Train: 0.3571, Val: 0.4000, Test: 0.4140
Epoch: 25, Loss: 1.7896, Train: 0.2714, Val: 0.3580, Test: 0.3670
Epoch: 26, Loss: 1.7135, Train: 0.2714, Val: 0.3580, Test: 0.3600
Epoch: 27, Loss: 1.6673, Train: 0.2857, Val: 0.3640, Test: 0.3670
Epoch: 28, Loss: 1.5804, Train: 0.3071, Val: 0.3800, Test: 0.3780
Epoch: 29, Loss: 1.5649, Train: 0.3643, Val: 0.4040, Test: 0.4030
Epoch: 30, Loss: 1.4801, Train: 0.4286, Val: 0.4260, Test: 0.4460
Epoch: 31, Loss: 1.4724, Train: 0.4143, Val: 0.4080, Test: 0.4210
Epoch: 32, Loss: 1.4773, Train: 0.6071, Val: 0.5140, Test: 0.5420
Epoch: 33, Loss: 1.3024, Train: 0.4214, Val: 0.3340, Test: 0.3250
Epoch: 34, Loss: 1.3699, Train: 0.5357, Val: 0.3740, Test: 0.3470
Epoch: 35, Loss: 1.1800, Train: 0.4643, Val: 0.3200, Test: 0.3420
Epoch: 36, Loss: 1.2243, Train: 0.5429, Val: 0.3640, Test: 0.3790
Epoch: 37, Loss: 1.1261, Train: 0.6214, Val: 0.4080, Test: 0.4240
Epoch: 38, Loss: 1.0676, Train: 0.6929, Val: 0.4180, Test: 0.4370
Epoch: 39, Loss: 1.0009, Train: 0.5714, Val: 0.3580, Test: 0.3760
Epoch: 40, Loss: 0.9235, Train: 0.6214, Val: 0.4260, Test: 0.4070
Epoch: 41, Loss: 0.9100, Train: 0.8143, Val: 0.5020, Test: 0.5140
Epoch: 42, Loss: 0.7896, Train: 0.8000, Val: 0.4820, Test: 0.4980
Epoch: 43, Loss: 0.7349, Train: 0.8429, Val: 0.5160, Test: 0.5210
Epoch: 44, Loss: 0.6795, Train: 0.8143, Val: 0.5300, Test: 0.5030
Epoch: 45, Loss: 0.7061, Train: 0.7571, Val: 0.5160, Test: 0.5050
Epoch: 46, Loss: 0.6339, Train: 0.8786, Val: 0.6440, Test: 0.6300
Epoch: 47, Loss: 0.5732, Train: 0.8357, Val: 0.5400, Test: 0.5340
Epoch: 48, Loss: 0.5397, Train: 0.8571, Val: 0.5740, Test: 0.5610
Epoch: 49, Loss: 0.5015, Train: 0.8571, Val: 0.6020, Test: 0.6200
Epoch: 50, Loss: 0.5012, Train: 0.8857, Val: 0.6320, Test: 0.6330
MAD:  0.4868
Best Test Accuracy: 0.6330, Val Accuracy: 0.6320, Train Accuracy: 0.8857
Training completed.
Seed:  9
PMPGNN(
  (convs): ModuleList(
    (0): ParallelGNNBlock(
      (conv1): GATv2Conv(128, 128, heads=4)
      (conv2): GATv2Conv(128, 128, heads=4)
      (norm): LayerNorm((128,), eps=1e-05, elementwise_affine=True)
    )
    (1-9): 9 x ParallelGNNBlock(
      (conv1): GATv2Conv(1024, 128, heads=4)
      (conv2): GATv2Conv(1024, 128, heads=4)
      (norm): LayerNorm((128,), eps=1e-05, elementwise_affine=True)
    )
    (10): GATv2Conv(1024, 256, heads=4)
  )
  (norm): LayerNorm((1024,), eps=1e-05, elementwise_affine=True)
  (mlp): Sequential(
    (0): Linear(in_features=1024, out_features=64, bias=True)
    (1): LeakyReLU(negative_slope=0.01)
    (2): Dropout(p=0.3, inplace=False)
    (3): Linear(in_features=64, out_features=7, bias=True)
  )
  (proj): Linear(in_features=1433, out_features=128, bias=True)
)
Epoch: 1, Loss: 1.9867, Train: 0.1429, Val: 0.0720, Test: 0.0910
Epoch: 2, Loss: 1.9694, Train: 0.1429, Val: 0.0720, Test: 0.0910
Epoch: 3, Loss: 1.9837, Train: 0.1429, Val: 0.0720, Test: 0.0930
Epoch: 4, Loss: 1.9691, Train: 0.1286, Val: 0.1040, Test: 0.1050
Epoch: 5, Loss: 1.9797, Train: 0.1429, Val: 0.1680, Test: 0.1490
Epoch: 6, Loss: 1.9500, Train: 0.1429, Val: 0.1620, Test: 0.1470
Epoch: 7, Loss: 1.9519, Train: 0.1429, Val: 0.1620, Test: 0.1490
Epoch: 8, Loss: 1.9758, Train: 0.1429, Val: 0.1620, Test: 0.1490
Epoch: 9, Loss: 1.9348, Train: 0.2071, Val: 0.1960, Test: 0.1900
Epoch: 10, Loss: 1.9529, Train: 0.1429, Val: 0.1620, Test: 0.1490
Epoch: 11, Loss: 1.9502, Train: 0.1429, Val: 0.1620, Test: 0.1490
Epoch: 12, Loss: 1.9634, Train: 0.1429, Val: 0.3160, Test: 0.3190
Epoch: 13, Loss: 1.9455, Train: 0.1429, Val: 0.3160, Test: 0.3190
Epoch: 14, Loss: 1.9580, Train: 0.1429, Val: 0.3160, Test: 0.3190
Epoch: 15, Loss: 1.9581, Train: 0.1500, Val: 0.3200, Test: 0.3200
Epoch: 16, Loss: 1.9370, Train: 0.1429, Val: 0.1140, Test: 0.1030
Epoch: 17, Loss: 1.9422, Train: 0.1429, Val: 0.1140, Test: 0.1030
Epoch: 18, Loss: 1.9594, Train: 0.1429, Val: 0.1160, Test: 0.1040
Epoch: 19, Loss: 1.9574, Train: 0.1643, Val: 0.1300, Test: 0.1320
Epoch: 20, Loss: 1.9429, Train: 0.1429, Val: 0.1240, Test: 0.1300
Epoch: 21, Loss: 1.9454, Train: 0.1429, Val: 0.1620, Test: 0.1490
Epoch: 22, Loss: 1.9553, Train: 0.1429, Val: 0.1620, Test: 0.1490
Epoch: 23, Loss: 1.9386, Train: 0.1429, Val: 0.1620, Test: 0.1490
Epoch: 24, Loss: 1.9350, Train: 0.1429, Val: 0.1560, Test: 0.1440
Epoch: 25, Loss: 1.9364, Train: 0.1429, Val: 0.1560, Test: 0.1440
Epoch: 26, Loss: 1.9546, Train: 0.1429, Val: 0.1560, Test: 0.1440
Epoch: 27, Loss: 1.9446, Train: 0.1429, Val: 0.1620, Test: 0.1490
Epoch: 28, Loss: 1.9397, Train: 0.1857, Val: 0.1620, Test: 0.1540
Epoch: 29, Loss: 1.9402, Train: 0.2357, Val: 0.1880, Test: 0.1730
Epoch: 30, Loss: 1.9468, Train: 0.2643, Val: 0.2000, Test: 0.1870
Epoch: 31, Loss: 1.9230, Train: 0.2357, Val: 0.1840, Test: 0.1690
Epoch: 32, Loss: 1.9550, Train: 0.2214, Val: 0.1720, Test: 0.1630
Epoch: 33, Loss: 1.9401, Train: 0.2500, Val: 0.1960, Test: 0.1840
Epoch: 34, Loss: 1.9429, Train: 0.2286, Val: 0.1480, Test: 0.1420
Epoch: 35, Loss: 1.9511, Train: 0.1500, Val: 0.0740, Test: 0.0960
Epoch: 36, Loss: 1.9183, Train: 0.2714, Val: 0.1940, Test: 0.2140
Epoch: 37, Loss: 1.9060, Train: 0.2786, Val: 0.1980, Test: 0.1930
Epoch: 38, Loss: 1.9172, Train: 0.2857, Val: 0.2060, Test: 0.1990
Epoch: 39, Loss: 1.8828, Train: 0.3929, Val: 0.3340, Test: 0.3310
Epoch: 40, Loss: 1.8598, Train: 0.5286, Val: 0.4220, Test: 0.4280
Epoch: 41, Loss: 1.7834, Train: 0.4357, Val: 0.3020, Test: 0.2960
Epoch: 42, Loss: 1.7942, Train: 0.3429, Val: 0.2460, Test: 0.2490
Epoch: 43, Loss: 1.7086, Train: 0.3071, Val: 0.2240, Test: 0.2190
Epoch: 44, Loss: 1.6656, Train: 0.3000, Val: 0.2260, Test: 0.2180
Epoch: 45, Loss: 1.6292, Train: 0.3429, Val: 0.2440, Test: 0.2310
Epoch: 46, Loss: 1.5487, Train: 0.3786, Val: 0.2700, Test: 0.2590
Epoch: 47, Loss: 1.5220, Train: 0.2929, Val: 0.2260, Test: 0.2160
Epoch: 48, Loss: 1.5420, Train: 0.4357, Val: 0.3180, Test: 0.3060
Epoch: 49, Loss: 1.4151, Train: 0.5643, Val: 0.3660, Test: 0.3730
Epoch: 50, Loss: 1.3868, Train: 0.4071, Val: 0.3700, Test: 0.3610
MAD:  0.0554
Best Test Accuracy: 0.4280, Val Accuracy: 0.4220, Train Accuracy: 0.5286
Training completed.
Average Test Accuracy:  0.44959999999999994 ± 0.12515446456279536
Average MAD:  0.23192 ± 0.17858807239006752
