Seed:  0
PMPGNN(
  (convs): ModuleList(
    (0): ParallelGNNBlock(
      (conv1): GATv2Conv(256, 256, heads=1)
      (conv2): GATv2Conv(256, 256, heads=1)
      (norm): LayerNorm((256,), eps=1e-05, elementwise_affine=True)
    )
  )
  (norm): LayerNorm((512,), eps=1e-05, elementwise_affine=True)
  (mlp): Linear(in_features=512, out_features=7, bias=True)
  (proj): Linear(in_features=1433, out_features=256, bias=True)
)
Epoch: 1, Loss: 1.9465, Train: 0.4714, Val: 0.3340, Test: 0.3040
Epoch: 2, Loss: 1.9199, Train: 0.7857, Val: 0.4180, Test: 0.4110
Epoch: 3, Loss: 1.8942, Train: 0.9071, Val: 0.5080, Test: 0.5220
Epoch: 4, Loss: 1.8664, Train: 0.9286, Val: 0.6020, Test: 0.5980
Epoch: 5, Loss: 1.8335, Train: 0.9786, Val: 0.6520, Test: 0.6650
Epoch: 6, Loss: 1.7975, Train: 0.9857, Val: 0.6960, Test: 0.7100
Epoch: 7, Loss: 1.7561, Train: 0.9857, Val: 0.7140, Test: 0.7290
Epoch: 8, Loss: 1.7039, Train: 0.9857, Val: 0.7300, Test: 0.7500
Epoch: 9, Loss: 1.6501, Train: 0.9857, Val: 0.7360, Test: 0.7560
Epoch: 10, Loss: 1.5811, Train: 0.9857, Val: 0.7380, Test: 0.7640
Epoch: 11, Loss: 1.5087, Train: 0.9929, Val: 0.7360, Test: 0.7630
Epoch: 12, Loss: 1.4265, Train: 0.9929, Val: 0.7400, Test: 0.7690
Epoch: 13, Loss: 1.3308, Train: 0.9929, Val: 0.7440, Test: 0.7730
Epoch: 14, Loss: 1.2302, Train: 0.9929, Val: 0.7400, Test: 0.7720
Epoch: 15, Loss: 1.1150, Train: 0.9929, Val: 0.7360, Test: 0.7690
Epoch: 16, Loss: 1.0032, Train: 0.9929, Val: 0.7380, Test: 0.7680
Epoch: 17, Loss: 0.8810, Train: 0.9929, Val: 0.7360, Test: 0.7650
Epoch: 18, Loss: 0.7620, Train: 0.9929, Val: 0.7380, Test: 0.7670
Epoch: 19, Loss: 0.6503, Train: 0.9929, Val: 0.7360, Test: 0.7620
Epoch: 20, Loss: 0.5359, Train: 0.9929, Val: 0.7320, Test: 0.7600
Epoch: 21, Loss: 0.4373, Train: 0.9929, Val: 0.7220, Test: 0.7580
Epoch: 22, Loss: 0.3492, Train: 0.9929, Val: 0.7280, Test: 0.7580
Epoch: 23, Loss: 0.2729, Train: 0.9929, Val: 0.7340, Test: 0.7530
Epoch: 24, Loss: 0.2132, Train: 0.9929, Val: 0.7240, Test: 0.7500
Epoch: 25, Loss: 0.1620, Train: 0.9929, Val: 0.7240, Test: 0.7530
Epoch: 26, Loss: 0.1260, Train: 0.9929, Val: 0.7200, Test: 0.7400
Epoch: 27, Loss: 0.0970, Train: 0.9929, Val: 0.7220, Test: 0.7360
Epoch: 28, Loss: 0.0708, Train: 0.9929, Val: 0.7200, Test: 0.7340
Epoch: 29, Loss: 0.0532, Train: 0.9929, Val: 0.7180, Test: 0.7320
Epoch: 30, Loss: 0.0384, Train: 1.0000, Val: 0.7080, Test: 0.7300
Epoch: 31, Loss: 0.0292, Train: 1.0000, Val: 0.7060, Test: 0.7260
Epoch: 32, Loss: 0.0201, Train: 1.0000, Val: 0.7040, Test: 0.7220
Epoch: 33, Loss: 0.0158, Train: 1.0000, Val: 0.6980, Test: 0.7220
Epoch: 34, Loss: 0.0117, Train: 1.0000, Val: 0.6960, Test: 0.7190
Epoch: 35, Loss: 0.0097, Train: 1.0000, Val: 0.6880, Test: 0.7190
Epoch: 36, Loss: 0.0069, Train: 1.0000, Val: 0.6840, Test: 0.7170
Epoch: 37, Loss: 0.0058, Train: 1.0000, Val: 0.6840, Test: 0.7170
Epoch: 38, Loss: 0.0043, Train: 1.0000, Val: 0.6840, Test: 0.7150
Epoch: 39, Loss: 0.0033, Train: 1.0000, Val: 0.6840, Test: 0.7140
Epoch: 40, Loss: 0.0031, Train: 1.0000, Val: 0.6840, Test: 0.7120
Epoch: 41, Loss: 0.0026, Train: 1.0000, Val: 0.6800, Test: 0.7090
Epoch: 42, Loss: 0.0023, Train: 1.0000, Val: 0.6800, Test: 0.7090
Epoch: 43, Loss: 0.0020, Train: 1.0000, Val: 0.6800, Test: 0.7040
Epoch: 44, Loss: 0.0016, Train: 1.0000, Val: 0.6800, Test: 0.7040
Epoch: 45, Loss: 0.0014, Train: 1.0000, Val: 0.6820, Test: 0.7030
Epoch: 46, Loss: 0.0013, Train: 1.0000, Val: 0.6820, Test: 0.7030
Epoch: 47, Loss: 0.0013, Train: 1.0000, Val: 0.6800, Test: 0.7020
Epoch: 48, Loss: 0.0012, Train: 1.0000, Val: 0.6800, Test: 0.7010
Epoch: 49, Loss: 0.0011, Train: 1.0000, Val: 0.6820, Test: 0.7000
Epoch: 50, Loss: 0.0010, Train: 1.0000, Val: 0.6800, Test: 0.7000
Epoch: 51, Loss: 0.0011, Train: 1.0000, Val: 0.6820, Test: 0.7010
Epoch: 52, Loss: 0.0011, Train: 1.0000, Val: 0.6800, Test: 0.7000
Epoch: 53, Loss: 0.0011, Train: 1.0000, Val: 0.6800, Test: 0.7000
Epoch: 54, Loss: 0.0009, Train: 1.0000, Val: 0.6820, Test: 0.6990
Epoch: 55, Loss: 0.0010, Train: 1.0000, Val: 0.6840, Test: 0.7010
Epoch: 56, Loss: 0.0011, Train: 1.0000, Val: 0.6860, Test: 0.7010
Epoch: 57, Loss: 0.0013, Train: 1.0000, Val: 0.6880, Test: 0.7030
Epoch: 58, Loss: 0.0012, Train: 1.0000, Val: 0.6860, Test: 0.7020
Epoch: 59, Loss: 0.0011, Train: 1.0000, Val: 0.6840, Test: 0.7010
Epoch: 60, Loss: 0.0013, Train: 1.0000, Val: 0.6840, Test: 0.7000
Epoch: 61, Loss: 0.0013, Train: 1.0000, Val: 0.6860, Test: 0.7010
Epoch: 62, Loss: 0.0013, Train: 1.0000, Val: 0.6840, Test: 0.7020
Epoch: 63, Loss: 0.0014, Train: 1.0000, Val: 0.6840, Test: 0.7020
Epoch: 64, Loss: 0.0015, Train: 1.0000, Val: 0.6840, Test: 0.7010
Epoch: 65, Loss: 0.0017, Train: 1.0000, Val: 0.6840, Test: 0.7010
Epoch: 66, Loss: 0.0016, Train: 1.0000, Val: 0.6840, Test: 0.7020
Epoch: 67, Loss: 0.0017, Train: 1.0000, Val: 0.6840, Test: 0.7010
Epoch: 68, Loss: 0.0018, Train: 1.0000, Val: 0.6840, Test: 0.7020
Epoch: 69, Loss: 0.0020, Train: 1.0000, Val: 0.6840, Test: 0.7070
Epoch: 70, Loss: 0.0021, Train: 1.0000, Val: 0.6880, Test: 0.7100
Epoch: 71, Loss: 0.0021, Train: 1.0000, Val: 0.6900, Test: 0.7110
Epoch: 72, Loss: 0.0021, Train: 1.0000, Val: 0.6860, Test: 0.7110
Epoch: 73, Loss: 0.0024, Train: 1.0000, Val: 0.6860, Test: 0.7110
Epoch: 74, Loss: 0.0026, Train: 1.0000, Val: 0.6860, Test: 0.7130
Epoch: 75, Loss: 0.0027, Train: 1.0000, Val: 0.6820, Test: 0.7120
Epoch: 76, Loss: 0.0027, Train: 1.0000, Val: 0.6820, Test: 0.7120
Epoch: 77, Loss: 0.0032, Train: 1.0000, Val: 0.6820, Test: 0.7120
Epoch: 78, Loss: 0.0034, Train: 1.0000, Val: 0.6840, Test: 0.7130
Epoch: 79, Loss: 0.0033, Train: 1.0000, Val: 0.6840, Test: 0.7150
Epoch: 80, Loss: 0.0036, Train: 1.0000, Val: 0.6840, Test: 0.7120
Epoch: 81, Loss: 0.0038, Train: 1.0000, Val: 0.6860, Test: 0.7120
Epoch: 82, Loss: 0.0040, Train: 1.0000, Val: 0.6860, Test: 0.7140
Epoch: 83, Loss: 0.0041, Train: 1.0000, Val: 0.6840, Test: 0.7140
Epoch: 84, Loss: 0.0043, Train: 1.0000, Val: 0.6860, Test: 0.7140
Epoch: 85, Loss: 0.0045, Train: 1.0000, Val: 0.6860, Test: 0.7150
Epoch: 86, Loss: 0.0046, Train: 1.0000, Val: 0.6860, Test: 0.7150
Epoch: 87, Loss: 0.0045, Train: 1.0000, Val: 0.6840, Test: 0.7140
Epoch: 88, Loss: 0.0048, Train: 1.0000, Val: 0.6860, Test: 0.7130
Epoch: 89, Loss: 0.0049, Train: 1.0000, Val: 0.6840, Test: 0.7130
Epoch: 90, Loss: 0.0051, Train: 1.0000, Val: 0.6860, Test: 0.7140
Epoch: 91, Loss: 0.0055, Train: 1.0000, Val: 0.6860, Test: 0.7140
Epoch: 92, Loss: 0.0052, Train: 1.0000, Val: 0.6880, Test: 0.7160
Epoch: 93, Loss: 0.0057, Train: 1.0000, Val: 0.6860, Test: 0.7170
Epoch: 94, Loss: 0.0059, Train: 1.0000, Val: 0.6860, Test: 0.7150
Epoch: 95, Loss: 0.0057, Train: 1.0000, Val: 0.6860, Test: 0.7160
Epoch: 96, Loss: 0.0061, Train: 1.0000, Val: 0.6840, Test: 0.7160
Epoch: 97, Loss: 0.0059, Train: 1.0000, Val: 0.6840, Test: 0.7180
Epoch: 98, Loss: 0.0063, Train: 1.0000, Val: 0.6840, Test: 0.7180
Epoch: 99, Loss: 0.0062, Train: 1.0000, Val: 0.6800, Test: 0.7190
Epoch: 100, Loss: 0.0063, Train: 1.0000, Val: 0.6800, Test: 0.7180
MAD:  0.83
Best Test Accuracy: 0.7730, Val Accuracy: 0.7440, Train Accuracy: 0.9929
Training completed.
Seed:  1
PMPGNN(
  (convs): ModuleList(
    (0): ParallelGNNBlock(
      (conv1): GATv2Conv(256, 256, heads=1)
      (conv2): GATv2Conv(256, 256, heads=1)
      (norm): LayerNorm((256,), eps=1e-05, elementwise_affine=True)
    )
  )
  (norm): LayerNorm((512,), eps=1e-05, elementwise_affine=True)
  (mlp): Linear(in_features=512, out_features=7, bias=True)
  (proj): Linear(in_features=1433, out_features=256, bias=True)
)
Epoch: 1, Loss: 1.9462, Train: 0.3643, Val: 0.2560, Test: 0.2370
Epoch: 2, Loss: 1.9186, Train: 0.7714, Val: 0.4440, Test: 0.3850
Epoch: 3, Loss: 1.8921, Train: 0.9286, Val: 0.5720, Test: 0.5480
Epoch: 4, Loss: 1.8626, Train: 0.9571, Val: 0.6500, Test: 0.6490
Epoch: 5, Loss: 1.8292, Train: 0.9714, Val: 0.6980, Test: 0.6970
Epoch: 6, Loss: 1.7895, Train: 0.9929, Val: 0.7240, Test: 0.7170
Epoch: 7, Loss: 1.7445, Train: 0.9929, Val: 0.7300, Test: 0.7430
Epoch: 8, Loss: 1.6963, Train: 0.9929, Val: 0.7320, Test: 0.7450
Epoch: 9, Loss: 1.6355, Train: 0.9929, Val: 0.7360, Test: 0.7450
Epoch: 10, Loss: 1.5699, Train: 0.9929, Val: 0.7380, Test: 0.7460
Epoch: 11, Loss: 1.4936, Train: 0.9929, Val: 0.7420, Test: 0.7490
Epoch: 12, Loss: 1.4063, Train: 0.9929, Val: 0.7400, Test: 0.7520
Epoch: 13, Loss: 1.3114, Train: 0.9929, Val: 0.7400, Test: 0.7510
Epoch: 14, Loss: 1.2038, Train: 0.9929, Val: 0.7400, Test: 0.7520
Epoch: 15, Loss: 1.0958, Train: 0.9929, Val: 0.7360, Test: 0.7560
Epoch: 16, Loss: 0.9760, Train: 0.9857, Val: 0.7340, Test: 0.7540
Epoch: 17, Loss: 0.8551, Train: 0.9857, Val: 0.7320, Test: 0.7560
Epoch: 18, Loss: 0.7210, Train: 0.9857, Val: 0.7360, Test: 0.7560
Epoch: 19, Loss: 0.6131, Train: 0.9857, Val: 0.7320, Test: 0.7570
Epoch: 20, Loss: 0.4921, Train: 0.9857, Val: 0.7380, Test: 0.7540
Epoch: 21, Loss: 0.3960, Train: 0.9929, Val: 0.7400, Test: 0.7590
Epoch: 22, Loss: 0.3084, Train: 0.9929, Val: 0.7500, Test: 0.7600
Epoch: 23, Loss: 0.2418, Train: 0.9929, Val: 0.7520, Test: 0.7580
Epoch: 24, Loss: 0.1795, Train: 0.9929, Val: 0.7480, Test: 0.7650
Epoch: 25, Loss: 0.1329, Train: 0.9929, Val: 0.7420, Test: 0.7610
Epoch: 26, Loss: 0.0954, Train: 0.9929, Val: 0.7380, Test: 0.7600
Epoch: 27, Loss: 0.0727, Train: 0.9929, Val: 0.7340, Test: 0.7610
Epoch: 28, Loss: 0.0559, Train: 0.9929, Val: 0.7300, Test: 0.7590
Epoch: 29, Loss: 0.0420, Train: 0.9929, Val: 0.7220, Test: 0.7540
Epoch: 30, Loss: 0.0305, Train: 0.9929, Val: 0.7140, Test: 0.7500
Epoch: 31, Loss: 0.0234, Train: 1.0000, Val: 0.7120, Test: 0.7500
Epoch: 32, Loss: 0.0177, Train: 1.0000, Val: 0.7060, Test: 0.7460
Epoch: 33, Loss: 0.0137, Train: 1.0000, Val: 0.7080, Test: 0.7450
Epoch: 34, Loss: 0.0105, Train: 1.0000, Val: 0.7080, Test: 0.7470
Epoch: 35, Loss: 0.0093, Train: 1.0000, Val: 0.7040, Test: 0.7460
Epoch: 36, Loss: 0.0056, Train: 1.0000, Val: 0.6980, Test: 0.7470
Epoch: 37, Loss: 0.0051, Train: 1.0000, Val: 0.6920, Test: 0.7450
Epoch: 38, Loss: 0.0045, Train: 1.0000, Val: 0.6920, Test: 0.7420
Epoch: 39, Loss: 0.0041, Train: 1.0000, Val: 0.6900, Test: 0.7380
Epoch: 40, Loss: 0.0029, Train: 1.0000, Val: 0.6920, Test: 0.7350
Epoch: 41, Loss: 0.0029, Train: 1.0000, Val: 0.6920, Test: 0.7310
Epoch: 42, Loss: 0.0021, Train: 1.0000, Val: 0.6900, Test: 0.7280
Epoch: 43, Loss: 0.0021, Train: 1.0000, Val: 0.6900, Test: 0.7240
Epoch: 44, Loss: 0.0020, Train: 1.0000, Val: 0.6920, Test: 0.7210
Epoch: 45, Loss: 0.0018, Train: 1.0000, Val: 0.6900, Test: 0.7160
Epoch: 46, Loss: 0.0015, Train: 1.0000, Val: 0.6900, Test: 0.7150
Epoch: 47, Loss: 0.0013, Train: 1.0000, Val: 0.6880, Test: 0.7120
Epoch: 48, Loss: 0.0012, Train: 1.0000, Val: 0.6860, Test: 0.7120
Epoch: 49, Loss: 0.0013, Train: 1.0000, Val: 0.6800, Test: 0.7090
Epoch: 50, Loss: 0.0012, Train: 1.0000, Val: 0.6840, Test: 0.7100
Epoch: 51, Loss: 0.0012, Train: 1.0000, Val: 0.6820, Test: 0.7110
Epoch: 52, Loss: 0.0011, Train: 1.0000, Val: 0.6800, Test: 0.7110
Epoch: 53, Loss: 0.0014, Train: 1.0000, Val: 0.6780, Test: 0.7090
Epoch: 54, Loss: 0.0011, Train: 1.0000, Val: 0.6800, Test: 0.7070
Epoch: 55, Loss: 0.0011, Train: 1.0000, Val: 0.6800, Test: 0.7050
Epoch: 56, Loss: 0.0010, Train: 1.0000, Val: 0.6800, Test: 0.7070
Epoch: 57, Loss: 0.0012, Train: 1.0000, Val: 0.6780, Test: 0.7070
Epoch: 58, Loss: 0.0011, Train: 1.0000, Val: 0.6780, Test: 0.7090
Epoch: 59, Loss: 0.0013, Train: 1.0000, Val: 0.6800, Test: 0.7090
Epoch: 60, Loss: 0.0012, Train: 1.0000, Val: 0.6800, Test: 0.7100
Epoch: 61, Loss: 0.0013, Train: 1.0000, Val: 0.6780, Test: 0.7120
Epoch: 62, Loss: 0.0016, Train: 1.0000, Val: 0.6780, Test: 0.7160
Epoch: 63, Loss: 0.0013, Train: 1.0000, Val: 0.6780, Test: 0.7160
Epoch: 64, Loss: 0.0014, Train: 1.0000, Val: 0.6820, Test: 0.7180
Epoch: 65, Loss: 0.0016, Train: 1.0000, Val: 0.6820, Test: 0.7200
Epoch: 66, Loss: 0.0016, Train: 1.0000, Val: 0.6780, Test: 0.7200
Epoch: 67, Loss: 0.0018, Train: 1.0000, Val: 0.6780, Test: 0.7210
Epoch: 68, Loss: 0.0018, Train: 1.0000, Val: 0.6800, Test: 0.7200
Epoch: 69, Loss: 0.0020, Train: 1.0000, Val: 0.6820, Test: 0.7220
Epoch: 70, Loss: 0.0022, Train: 1.0000, Val: 0.6820, Test: 0.7240
Epoch: 71, Loss: 0.0021, Train: 1.0000, Val: 0.6840, Test: 0.7260
Epoch: 72, Loss: 0.0024, Train: 1.0000, Val: 0.6860, Test: 0.7280
Epoch: 73, Loss: 0.0024, Train: 1.0000, Val: 0.6860, Test: 0.7280
Epoch: 74, Loss: 0.0026, Train: 1.0000, Val: 0.6840, Test: 0.7260
Epoch: 75, Loss: 0.0028, Train: 1.0000, Val: 0.6840, Test: 0.7270
Epoch: 76, Loss: 0.0030, Train: 1.0000, Val: 0.6840, Test: 0.7280
Epoch: 77, Loss: 0.0030, Train: 1.0000, Val: 0.6840, Test: 0.7280
Epoch: 78, Loss: 0.0031, Train: 1.0000, Val: 0.6840, Test: 0.7290
Epoch: 79, Loss: 0.0035, Train: 1.0000, Val: 0.6860, Test: 0.7320
Epoch: 80, Loss: 0.0037, Train: 1.0000, Val: 0.6860, Test: 0.7330
Epoch: 81, Loss: 0.0039, Train: 1.0000, Val: 0.6880, Test: 0.7330
Epoch: 82, Loss: 0.0038, Train: 1.0000, Val: 0.6860, Test: 0.7310
Epoch: 83, Loss: 0.0038, Train: 1.0000, Val: 0.6860, Test: 0.7290
Epoch: 84, Loss: 0.0045, Train: 1.0000, Val: 0.6880, Test: 0.7290
Epoch: 85, Loss: 0.0048, Train: 1.0000, Val: 0.6920, Test: 0.7310
Epoch: 86, Loss: 0.0046, Train: 1.0000, Val: 0.6900, Test: 0.7340
Epoch: 87, Loss: 0.0048, Train: 1.0000, Val: 0.6900, Test: 0.7360
Epoch: 88, Loss: 0.0049, Train: 1.0000, Val: 0.6840, Test: 0.7360
Epoch: 89, Loss: 0.0052, Train: 1.0000, Val: 0.6840, Test: 0.7370
Epoch: 90, Loss: 0.0052, Train: 1.0000, Val: 0.6840, Test: 0.7370
Epoch: 91, Loss: 0.0051, Train: 1.0000, Val: 0.6840, Test: 0.7370
Epoch: 92, Loss: 0.0052, Train: 1.0000, Val: 0.6860, Test: 0.7370
Epoch: 93, Loss: 0.0056, Train: 1.0000, Val: 0.6860, Test: 0.7380
Epoch: 94, Loss: 0.0056, Train: 1.0000, Val: 0.6880, Test: 0.7380
Epoch: 95, Loss: 0.0056, Train: 1.0000, Val: 0.6880, Test: 0.7360
Epoch: 96, Loss: 0.0062, Train: 1.0000, Val: 0.6900, Test: 0.7360
Epoch: 97, Loss: 0.0060, Train: 1.0000, Val: 0.6920, Test: 0.7340
Epoch: 98, Loss: 0.0060, Train: 1.0000, Val: 0.6940, Test: 0.7340
Epoch: 99, Loss: 0.0063, Train: 1.0000, Val: 0.6940, Test: 0.7340
Epoch: 100, Loss: 0.0063, Train: 1.0000, Val: 0.6960, Test: 0.7340
MAD:  0.8521
Best Test Accuracy: 0.7650, Val Accuracy: 0.7480, Train Accuracy: 0.9929
Training completed.
Seed:  2
PMPGNN(
  (convs): ModuleList(
    (0): ParallelGNNBlock(
      (conv1): GATv2Conv(256, 256, heads=1)
      (conv2): GATv2Conv(256, 256, heads=1)
      (norm): LayerNorm((256,), eps=1e-05, elementwise_affine=True)
    )
  )
  (norm): LayerNorm((512,), eps=1e-05, elementwise_affine=True)
  (mlp): Linear(in_features=512, out_features=7, bias=True)
  (proj): Linear(in_features=1433, out_features=256, bias=True)
)
Epoch: 1, Loss: 1.9461, Train: 0.4000, Val: 0.2220, Test: 0.2280
Epoch: 2, Loss: 1.9188, Train: 0.8214, Val: 0.4020, Test: 0.4050
Epoch: 3, Loss: 1.8921, Train: 0.9143, Val: 0.5600, Test: 0.5670
Epoch: 4, Loss: 1.8637, Train: 0.9643, Val: 0.6440, Test: 0.6330
Epoch: 5, Loss: 1.8287, Train: 0.9786, Val: 0.6880, Test: 0.6750
Epoch: 6, Loss: 1.7916, Train: 0.9786, Val: 0.7120, Test: 0.6970
Epoch: 7, Loss: 1.7460, Train: 0.9786, Val: 0.7120, Test: 0.7090
Epoch: 8, Loss: 1.6952, Train: 0.9857, Val: 0.7120, Test: 0.7110
Epoch: 9, Loss: 1.6361, Train: 0.9857, Val: 0.7120, Test: 0.7160
Epoch: 10, Loss: 1.5675, Train: 0.9929, Val: 0.7040, Test: 0.7150
Epoch: 11, Loss: 1.4885, Train: 0.9929, Val: 0.7040, Test: 0.7130
Epoch: 12, Loss: 1.4018, Train: 0.9929, Val: 0.7080, Test: 0.7150
Epoch: 13, Loss: 1.3103, Train: 0.9857, Val: 0.7060, Test: 0.7210
Epoch: 14, Loss: 1.2010, Train: 0.9857, Val: 0.7160, Test: 0.7250
Epoch: 15, Loss: 1.0924, Train: 0.9857, Val: 0.7160, Test: 0.7300
Epoch: 16, Loss: 0.9771, Train: 0.9857, Val: 0.7180, Test: 0.7320
Epoch: 17, Loss: 0.8538, Train: 0.9857, Val: 0.7180, Test: 0.7320
Epoch: 18, Loss: 0.7369, Train: 0.9857, Val: 0.7260, Test: 0.7370
Epoch: 19, Loss: 0.6185, Train: 0.9857, Val: 0.7380, Test: 0.7410
Epoch: 20, Loss: 0.5145, Train: 0.9857, Val: 0.7360, Test: 0.7420
Epoch: 21, Loss: 0.4164, Train: 0.9857, Val: 0.7400, Test: 0.7500
Epoch: 22, Loss: 0.3330, Train: 0.9857, Val: 0.7380, Test: 0.7450
Epoch: 23, Loss: 0.2586, Train: 0.9929, Val: 0.7340, Test: 0.7490
Epoch: 24, Loss: 0.1986, Train: 0.9929, Val: 0.7340, Test: 0.7510
Epoch: 25, Loss: 0.1481, Train: 0.9929, Val: 0.7300, Test: 0.7520
Epoch: 26, Loss: 0.1138, Train: 0.9929, Val: 0.7360, Test: 0.7510
Epoch: 27, Loss: 0.0826, Train: 0.9929, Val: 0.7340, Test: 0.7470
Epoch: 28, Loss: 0.0617, Train: 0.9929, Val: 0.7300, Test: 0.7480
Epoch: 29, Loss: 0.0484, Train: 0.9929, Val: 0.7300, Test: 0.7430
Epoch: 30, Loss: 0.0353, Train: 0.9929, Val: 0.7280, Test: 0.7390
Epoch: 31, Loss: 0.0282, Train: 1.0000, Val: 0.7240, Test: 0.7380
Epoch: 32, Loss: 0.0196, Train: 1.0000, Val: 0.7200, Test: 0.7350
Epoch: 33, Loss: 0.0181, Train: 1.0000, Val: 0.7160, Test: 0.7270
Epoch: 34, Loss: 0.0140, Train: 1.0000, Val: 0.7140, Test: 0.7240
Epoch: 35, Loss: 0.0113, Train: 1.0000, Val: 0.7140, Test: 0.7210
Epoch: 36, Loss: 0.0087, Train: 1.0000, Val: 0.7120, Test: 0.7190
Epoch: 37, Loss: 0.0072, Train: 1.0000, Val: 0.7120, Test: 0.7180
Epoch: 38, Loss: 0.0058, Train: 1.0000, Val: 0.7120, Test: 0.7130
Epoch: 39, Loss: 0.0049, Train: 1.0000, Val: 0.7120, Test: 0.7140
Epoch: 40, Loss: 0.0035, Train: 1.0000, Val: 0.7100, Test: 0.7170
Epoch: 41, Loss: 0.0030, Train: 1.0000, Val: 0.7100, Test: 0.7160
Epoch: 42, Loss: 0.0026, Train: 1.0000, Val: 0.7080, Test: 0.7130
Epoch: 43, Loss: 0.0022, Train: 1.0000, Val: 0.7080, Test: 0.7090
Epoch: 44, Loss: 0.0020, Train: 1.0000, Val: 0.7040, Test: 0.7080
Epoch: 45, Loss: 0.0017, Train: 1.0000, Val: 0.7040, Test: 0.7050
Epoch: 46, Loss: 0.0015, Train: 1.0000, Val: 0.7020, Test: 0.7010
Epoch: 47, Loss: 0.0015, Train: 1.0000, Val: 0.7020, Test: 0.7000
Epoch: 48, Loss: 0.0014, Train: 1.0000, Val: 0.7000, Test: 0.7000
Epoch: 49, Loss: 0.0014, Train: 1.0000, Val: 0.7000, Test: 0.7010
Epoch: 50, Loss: 0.0012, Train: 1.0000, Val: 0.7000, Test: 0.7010
Epoch: 51, Loss: 0.0013, Train: 1.0000, Val: 0.6980, Test: 0.7010
Epoch: 52, Loss: 0.0012, Train: 1.0000, Val: 0.6980, Test: 0.7000
Epoch: 53, Loss: 0.0012, Train: 1.0000, Val: 0.6980, Test: 0.7010
Epoch: 54, Loss: 0.0014, Train: 1.0000, Val: 0.6960, Test: 0.7010
Epoch: 55, Loss: 0.0012, Train: 1.0000, Val: 0.6960, Test: 0.7000
Epoch: 56, Loss: 0.0013, Train: 1.0000, Val: 0.6960, Test: 0.6990
Epoch: 57, Loss: 0.0012, Train: 1.0000, Val: 0.6960, Test: 0.7010
Epoch: 58, Loss: 0.0012, Train: 1.0000, Val: 0.6940, Test: 0.7040
Epoch: 59, Loss: 0.0012, Train: 1.0000, Val: 0.6940, Test: 0.7060
Epoch: 60, Loss: 0.0014, Train: 1.0000, Val: 0.6940, Test: 0.7070
Epoch: 61, Loss: 0.0014, Train: 1.0000, Val: 0.6940, Test: 0.7080
Epoch: 62, Loss: 0.0016, Train: 1.0000, Val: 0.6940, Test: 0.7100
Epoch: 63, Loss: 0.0015, Train: 1.0000, Val: 0.6960, Test: 0.7100
Epoch: 64, Loss: 0.0018, Train: 1.0000, Val: 0.6960, Test: 0.7110
Epoch: 65, Loss: 0.0017, Train: 1.0000, Val: 0.6920, Test: 0.7120
Epoch: 66, Loss: 0.0017, Train: 1.0000, Val: 0.6920, Test: 0.7130
Epoch: 67, Loss: 0.0018, Train: 1.0000, Val: 0.6920, Test: 0.7140
Epoch: 68, Loss: 0.0019, Train: 1.0000, Val: 0.6940, Test: 0.7160
Epoch: 69, Loss: 0.0021, Train: 1.0000, Val: 0.6960, Test: 0.7180
Epoch: 70, Loss: 0.0022, Train: 1.0000, Val: 0.7000, Test: 0.7200
Epoch: 71, Loss: 0.0024, Train: 1.0000, Val: 0.7000, Test: 0.7200
Epoch: 72, Loss: 0.0026, Train: 1.0000, Val: 0.7060, Test: 0.7200
Epoch: 73, Loss: 0.0025, Train: 1.0000, Val: 0.7060, Test: 0.7220
Epoch: 74, Loss: 0.0030, Train: 1.0000, Val: 0.7060, Test: 0.7220
Epoch: 75, Loss: 0.0029, Train: 1.0000, Val: 0.7060, Test: 0.7210
Epoch: 76, Loss: 0.0030, Train: 1.0000, Val: 0.7060, Test: 0.7240
Epoch: 77, Loss: 0.0032, Train: 1.0000, Val: 0.7060, Test: 0.7270
Epoch: 78, Loss: 0.0034, Train: 1.0000, Val: 0.7100, Test: 0.7260
Epoch: 79, Loss: 0.0036, Train: 1.0000, Val: 0.7100, Test: 0.7270
Epoch: 80, Loss: 0.0039, Train: 1.0000, Val: 0.7080, Test: 0.7290
Epoch: 81, Loss: 0.0036, Train: 1.0000, Val: 0.7100, Test: 0.7310
Epoch: 82, Loss: 0.0040, Train: 1.0000, Val: 0.7100, Test: 0.7320
Epoch: 83, Loss: 0.0042, Train: 1.0000, Val: 0.7160, Test: 0.7340
Epoch: 84, Loss: 0.0045, Train: 1.0000, Val: 0.7200, Test: 0.7350
Epoch: 85, Loss: 0.0043, Train: 1.0000, Val: 0.7200, Test: 0.7370
Epoch: 86, Loss: 0.0050, Train: 1.0000, Val: 0.7220, Test: 0.7370
Epoch: 87, Loss: 0.0051, Train: 1.0000, Val: 0.7220, Test: 0.7360
Epoch: 88, Loss: 0.0051, Train: 1.0000, Val: 0.7240, Test: 0.7360
Epoch: 89, Loss: 0.0050, Train: 1.0000, Val: 0.7260, Test: 0.7360
Epoch: 90, Loss: 0.0051, Train: 1.0000, Val: 0.7280, Test: 0.7350
Epoch: 91, Loss: 0.0051, Train: 1.0000, Val: 0.7280, Test: 0.7350
Epoch: 92, Loss: 0.0057, Train: 1.0000, Val: 0.7280, Test: 0.7370
Epoch: 93, Loss: 0.0057, Train: 1.0000, Val: 0.7280, Test: 0.7380
Epoch: 94, Loss: 0.0058, Train: 1.0000, Val: 0.7280, Test: 0.7380
Epoch: 95, Loss: 0.0058, Train: 1.0000, Val: 0.7280, Test: 0.7380
Epoch: 96, Loss: 0.0062, Train: 1.0000, Val: 0.7280, Test: 0.7380
Epoch: 97, Loss: 0.0060, Train: 1.0000, Val: 0.7280, Test: 0.7390
Epoch: 98, Loss: 0.0066, Train: 1.0000, Val: 0.7280, Test: 0.7400
Epoch: 99, Loss: 0.0062, Train: 1.0000, Val: 0.7320, Test: 0.7400
Epoch: 100, Loss: 0.0063, Train: 1.0000, Val: 0.7320, Test: 0.7400
MAD:  0.7893
Best Test Accuracy: 0.7520, Val Accuracy: 0.7300, Train Accuracy: 0.9929
Training completed.
Seed:  3
PMPGNN(
  (convs): ModuleList(
    (0): ParallelGNNBlock(
      (conv1): GATv2Conv(256, 256, heads=1)
      (conv2): GATv2Conv(256, 256, heads=1)
      (norm): LayerNorm((256,), eps=1e-05, elementwise_affine=True)
    )
  )
  (norm): LayerNorm((512,), eps=1e-05, elementwise_affine=True)
  (mlp): Linear(in_features=512, out_features=7, bias=True)
  (proj): Linear(in_features=1433, out_features=256, bias=True)
)
Epoch: 1, Loss: 1.9454, Train: 0.6357, Val: 0.3700, Test: 0.3900
Epoch: 2, Loss: 1.9170, Train: 0.9214, Val: 0.5680, Test: 0.5910
Epoch: 3, Loss: 1.8885, Train: 0.9643, Val: 0.6500, Test: 0.6870
Epoch: 4, Loss: 1.8588, Train: 0.9714, Val: 0.6920, Test: 0.7020
Epoch: 5, Loss: 1.8254, Train: 0.9857, Val: 0.6840, Test: 0.7080
Epoch: 6, Loss: 1.7836, Train: 0.9857, Val: 0.7020, Test: 0.7140
Epoch: 7, Loss: 1.7364, Train: 0.9929, Val: 0.7020, Test: 0.7150
Epoch: 8, Loss: 1.6832, Train: 0.9929, Val: 0.6940, Test: 0.7090
Epoch: 9, Loss: 1.6218, Train: 0.9857, Val: 0.6960, Test: 0.7100
Epoch: 10, Loss: 1.5522, Train: 0.9857, Val: 0.7020, Test: 0.7140
Epoch: 11, Loss: 1.4739, Train: 0.9857, Val: 0.7080, Test: 0.7130
Epoch: 12, Loss: 1.3841, Train: 0.9857, Val: 0.7120, Test: 0.7120
Epoch: 13, Loss: 1.2854, Train: 0.9857, Val: 0.7120, Test: 0.7170
Epoch: 14, Loss: 1.1772, Train: 0.9857, Val: 0.7120, Test: 0.7220
Epoch: 15, Loss: 1.0580, Train: 0.9857, Val: 0.7120, Test: 0.7190
Epoch: 16, Loss: 0.9438, Train: 0.9857, Val: 0.7220, Test: 0.7280
Epoch: 17, Loss: 0.8119, Train: 0.9857, Val: 0.7200, Test: 0.7300
Epoch: 18, Loss: 0.7035, Train: 0.9857, Val: 0.7160, Test: 0.7410
Epoch: 19, Loss: 0.5814, Train: 0.9857, Val: 0.7160, Test: 0.7400
Epoch: 20, Loss: 0.4800, Train: 0.9857, Val: 0.7280, Test: 0.7410
Epoch: 21, Loss: 0.3788, Train: 0.9857, Val: 0.7180, Test: 0.7430
Epoch: 22, Loss: 0.3029, Train: 0.9857, Val: 0.7240, Test: 0.7390
Epoch: 23, Loss: 0.2367, Train: 0.9857, Val: 0.7240, Test: 0.7370
Epoch: 24, Loss: 0.1788, Train: 0.9857, Val: 0.7200, Test: 0.7320
Epoch: 25, Loss: 0.1396, Train: 0.9929, Val: 0.7200, Test: 0.7390
Epoch: 26, Loss: 0.1049, Train: 1.0000, Val: 0.7220, Test: 0.7370
Epoch: 27, Loss: 0.0752, Train: 1.0000, Val: 0.7180, Test: 0.7380
Epoch: 28, Loss: 0.0586, Train: 1.0000, Val: 0.7160, Test: 0.7390
Epoch: 29, Loss: 0.0419, Train: 1.0000, Val: 0.7140, Test: 0.7370
Epoch: 30, Loss: 0.0333, Train: 1.0000, Val: 0.7060, Test: 0.7350
Epoch: 31, Loss: 0.0239, Train: 1.0000, Val: 0.7020, Test: 0.7330
Epoch: 32, Loss: 0.0198, Train: 1.0000, Val: 0.7040, Test: 0.7300
Epoch: 33, Loss: 0.0136, Train: 1.0000, Val: 0.7020, Test: 0.7300
Epoch: 34, Loss: 0.0103, Train: 1.0000, Val: 0.6980, Test: 0.7300
Epoch: 35, Loss: 0.0081, Train: 1.0000, Val: 0.6960, Test: 0.7260
Epoch: 36, Loss: 0.0064, Train: 1.0000, Val: 0.6920, Test: 0.7280
Epoch: 37, Loss: 0.0057, Train: 1.0000, Val: 0.6980, Test: 0.7260
Epoch: 38, Loss: 0.0044, Train: 1.0000, Val: 0.7020, Test: 0.7260
Epoch: 39, Loss: 0.0038, Train: 1.0000, Val: 0.7000, Test: 0.7250
Epoch: 40, Loss: 0.0029, Train: 1.0000, Val: 0.6960, Test: 0.7250
Epoch: 41, Loss: 0.0023, Train: 1.0000, Val: 0.6960, Test: 0.7210
Epoch: 42, Loss: 0.0022, Train: 1.0000, Val: 0.6940, Test: 0.7190
Epoch: 43, Loss: 0.0019, Train: 1.0000, Val: 0.6940, Test: 0.7150
Epoch: 44, Loss: 0.0019, Train: 1.0000, Val: 0.6960, Test: 0.7140
Epoch: 45, Loss: 0.0015, Train: 1.0000, Val: 0.6960, Test: 0.7150
Epoch: 46, Loss: 0.0013, Train: 1.0000, Val: 0.7000, Test: 0.7180
Epoch: 47, Loss: 0.0012, Train: 1.0000, Val: 0.7020, Test: 0.7180
Epoch: 48, Loss: 0.0011, Train: 1.0000, Val: 0.7020, Test: 0.7190
Epoch: 49, Loss: 0.0012, Train: 1.0000, Val: 0.7020, Test: 0.7190
Epoch: 50, Loss: 0.0011, Train: 1.0000, Val: 0.7060, Test: 0.7180
Epoch: 51, Loss: 0.0010, Train: 1.0000, Val: 0.7080, Test: 0.7170
Epoch: 52, Loss: 0.0010, Train: 1.0000, Val: 0.7020, Test: 0.7170
Epoch: 53, Loss: 0.0012, Train: 1.0000, Val: 0.7020, Test: 0.7160
Epoch: 54, Loss: 0.0011, Train: 1.0000, Val: 0.7020, Test: 0.7180
Epoch: 55, Loss: 0.0011, Train: 1.0000, Val: 0.7040, Test: 0.7180
Epoch: 56, Loss: 0.0012, Train: 1.0000, Val: 0.7040, Test: 0.7190
Epoch: 57, Loss: 0.0012, Train: 1.0000, Val: 0.7040, Test: 0.7180
Epoch: 58, Loss: 0.0011, Train: 1.0000, Val: 0.7040, Test: 0.7160
Epoch: 59, Loss: 0.0011, Train: 1.0000, Val: 0.7060, Test: 0.7160
Epoch: 60, Loss: 0.0012, Train: 1.0000, Val: 0.7060, Test: 0.7170
Epoch: 61, Loss: 0.0013, Train: 1.0000, Val: 0.7020, Test: 0.7160
Epoch: 62, Loss: 0.0014, Train: 1.0000, Val: 0.7000, Test: 0.7180
Epoch: 63, Loss: 0.0015, Train: 1.0000, Val: 0.6980, Test: 0.7180
Epoch: 64, Loss: 0.0015, Train: 1.0000, Val: 0.7000, Test: 0.7190
Epoch: 65, Loss: 0.0016, Train: 1.0000, Val: 0.7000, Test: 0.7180
Epoch: 66, Loss: 0.0017, Train: 1.0000, Val: 0.6980, Test: 0.7180
Epoch: 67, Loss: 0.0016, Train: 1.0000, Val: 0.7000, Test: 0.7180
Epoch: 68, Loss: 0.0018, Train: 1.0000, Val: 0.7000, Test: 0.7190
Epoch: 69, Loss: 0.0018, Train: 1.0000, Val: 0.7020, Test: 0.7190
Epoch: 70, Loss: 0.0020, Train: 1.0000, Val: 0.7060, Test: 0.7180
Epoch: 71, Loss: 0.0021, Train: 1.0000, Val: 0.7060, Test: 0.7180
Epoch: 72, Loss: 0.0023, Train: 1.0000, Val: 0.7080, Test: 0.7180
Epoch: 73, Loss: 0.0022, Train: 1.0000, Val: 0.7080, Test: 0.7160
Epoch: 74, Loss: 0.0025, Train: 1.0000, Val: 0.7100, Test: 0.7150
Epoch: 75, Loss: 0.0027, Train: 1.0000, Val: 0.7100, Test: 0.7160
Epoch: 76, Loss: 0.0027, Train: 1.0000, Val: 0.7140, Test: 0.7170
Epoch: 77, Loss: 0.0032, Train: 1.0000, Val: 0.7160, Test: 0.7190
Epoch: 78, Loss: 0.0028, Train: 1.0000, Val: 0.7140, Test: 0.7190
Epoch: 79, Loss: 0.0035, Train: 1.0000, Val: 0.7120, Test: 0.7200
Epoch: 80, Loss: 0.0035, Train: 1.0000, Val: 0.7120, Test: 0.7210
Epoch: 81, Loss: 0.0035, Train: 1.0000, Val: 0.7120, Test: 0.7190
Epoch: 82, Loss: 0.0037, Train: 1.0000, Val: 0.7120, Test: 0.7190
Epoch: 83, Loss: 0.0039, Train: 1.0000, Val: 0.7120, Test: 0.7210
Epoch: 84, Loss: 0.0041, Train: 1.0000, Val: 0.7120, Test: 0.7200
Epoch: 85, Loss: 0.0043, Train: 1.0000, Val: 0.7140, Test: 0.7200
Epoch: 86, Loss: 0.0042, Train: 1.0000, Val: 0.7140, Test: 0.7190
Epoch: 87, Loss: 0.0046, Train: 1.0000, Val: 0.7140, Test: 0.7180
Epoch: 88, Loss: 0.0046, Train: 1.0000, Val: 0.7120, Test: 0.7180
Epoch: 89, Loss: 0.0047, Train: 1.0000, Val: 0.7120, Test: 0.7180
Epoch: 90, Loss: 0.0050, Train: 1.0000, Val: 0.7120, Test: 0.7170
Epoch: 91, Loss: 0.0052, Train: 1.0000, Val: 0.7140, Test: 0.7170
Epoch: 92, Loss: 0.0052, Train: 1.0000, Val: 0.7140, Test: 0.7180
Epoch: 93, Loss: 0.0052, Train: 1.0000, Val: 0.7160, Test: 0.7190
Epoch: 94, Loss: 0.0054, Train: 1.0000, Val: 0.7140, Test: 0.7180
Epoch: 95, Loss: 0.0054, Train: 1.0000, Val: 0.7140, Test: 0.7190
Epoch: 96, Loss: 0.0060, Train: 1.0000, Val: 0.7120, Test: 0.7200
Epoch: 97, Loss: 0.0061, Train: 1.0000, Val: 0.7140, Test: 0.7200
Epoch: 98, Loss: 0.0057, Train: 1.0000, Val: 0.7120, Test: 0.7190
Epoch: 99, Loss: 0.0061, Train: 1.0000, Val: 0.7100, Test: 0.7200
Epoch: 100, Loss: 0.0060, Train: 1.0000, Val: 0.7100, Test: 0.7230
MAD:  0.8407
Best Test Accuracy: 0.7430, Val Accuracy: 0.7180, Train Accuracy: 0.9857
Training completed.
Seed:  4
PMPGNN(
  (convs): ModuleList(
    (0): ParallelGNNBlock(
      (conv1): GATv2Conv(256, 256, heads=1)
      (conv2): GATv2Conv(256, 256, heads=1)
      (norm): LayerNorm((256,), eps=1e-05, elementwise_affine=True)
    )
  )
  (norm): LayerNorm((512,), eps=1e-05, elementwise_affine=True)
  (mlp): Linear(in_features=512, out_features=7, bias=True)
  (proj): Linear(in_features=1433, out_features=256, bias=True)
)
Epoch: 1, Loss: 1.9469, Train: 0.3571, Val: 0.3640, Test: 0.3780
Epoch: 2, Loss: 1.9210, Train: 0.8071, Val: 0.5000, Test: 0.5550
Epoch: 3, Loss: 1.8949, Train: 0.9286, Val: 0.6220, Test: 0.6570
Epoch: 4, Loss: 1.8662, Train: 0.9643, Val: 0.6820, Test: 0.7070
Epoch: 5, Loss: 1.8353, Train: 0.9929, Val: 0.7000, Test: 0.7380
Epoch: 6, Loss: 1.7985, Train: 0.9929, Val: 0.7100, Test: 0.7520
Epoch: 7, Loss: 1.7562, Train: 0.9929, Val: 0.7220, Test: 0.7590
Epoch: 8, Loss: 1.7043, Train: 0.9929, Val: 0.7280, Test: 0.7590
Epoch: 9, Loss: 1.6495, Train: 0.9929, Val: 0.7240, Test: 0.7540
Epoch: 10, Loss: 1.5821, Train: 0.9929, Val: 0.7280, Test: 0.7520
Epoch: 11, Loss: 1.5076, Train: 0.9929, Val: 0.7300, Test: 0.7510
Epoch: 12, Loss: 1.4264, Train: 0.9929, Val: 0.7280, Test: 0.7490
Epoch: 13, Loss: 1.3299, Train: 0.9857, Val: 0.7220, Test: 0.7480
Epoch: 14, Loss: 1.2318, Train: 0.9857, Val: 0.7140, Test: 0.7450
Epoch: 15, Loss: 1.1106, Train: 0.9857, Val: 0.7160, Test: 0.7460
Epoch: 16, Loss: 0.9970, Train: 0.9857, Val: 0.7200, Test: 0.7450
Epoch: 17, Loss: 0.8705, Train: 0.9857, Val: 0.7180, Test: 0.7410
Epoch: 18, Loss: 0.7551, Train: 0.9857, Val: 0.7160, Test: 0.7460
Epoch: 19, Loss: 0.6314, Train: 0.9857, Val: 0.7140, Test: 0.7390
Epoch: 20, Loss: 0.5209, Train: 0.9857, Val: 0.7120, Test: 0.7380
Epoch: 21, Loss: 0.4158, Train: 0.9857, Val: 0.7060, Test: 0.7410
Epoch: 22, Loss: 0.3305, Train: 0.9929, Val: 0.7100, Test: 0.7390
Epoch: 23, Loss: 0.2558, Train: 0.9929, Val: 0.7040, Test: 0.7370
Epoch: 24, Loss: 0.1951, Train: 0.9929, Val: 0.7020, Test: 0.7360
Epoch: 25, Loss: 0.1431, Train: 0.9929, Val: 0.7060, Test: 0.7320
Epoch: 26, Loss: 0.1086, Train: 0.9929, Val: 0.7000, Test: 0.7320
Epoch: 27, Loss: 0.0821, Train: 0.9929, Val: 0.6960, Test: 0.7280
Epoch: 28, Loss: 0.0547, Train: 0.9929, Val: 0.6980, Test: 0.7300
Epoch: 29, Loss: 0.0421, Train: 1.0000, Val: 0.6980, Test: 0.7300
Epoch: 30, Loss: 0.0298, Train: 1.0000, Val: 0.7000, Test: 0.7270
Epoch: 31, Loss: 0.0229, Train: 1.0000, Val: 0.6940, Test: 0.7250
Epoch: 32, Loss: 0.0174, Train: 1.0000, Val: 0.6920, Test: 0.7200
Epoch: 33, Loss: 0.0132, Train: 1.0000, Val: 0.6860, Test: 0.7180
Epoch: 34, Loss: 0.0096, Train: 1.0000, Val: 0.6820, Test: 0.7150
Epoch: 35, Loss: 0.0074, Train: 1.0000, Val: 0.6760, Test: 0.7120
Epoch: 36, Loss: 0.0055, Train: 1.0000, Val: 0.6740, Test: 0.7130
Epoch: 37, Loss: 0.0049, Train: 1.0000, Val: 0.6740, Test: 0.7120
Epoch: 38, Loss: 0.0037, Train: 1.0000, Val: 0.6760, Test: 0.7090
Epoch: 39, Loss: 0.0032, Train: 1.0000, Val: 0.6760, Test: 0.7060
Epoch: 40, Loss: 0.0027, Train: 1.0000, Val: 0.6740, Test: 0.7070
Epoch: 41, Loss: 0.0022, Train: 1.0000, Val: 0.6700, Test: 0.7040
Epoch: 42, Loss: 0.0022, Train: 1.0000, Val: 0.6700, Test: 0.7020
Epoch: 43, Loss: 0.0017, Train: 1.0000, Val: 0.6700, Test: 0.7020
Epoch: 44, Loss: 0.0018, Train: 1.0000, Val: 0.6680, Test: 0.7000
Epoch: 45, Loss: 0.0014, Train: 1.0000, Val: 0.6680, Test: 0.7020
Epoch: 46, Loss: 0.0013, Train: 1.0000, Val: 0.6680, Test: 0.7000
Epoch: 47, Loss: 0.0011, Train: 1.0000, Val: 0.6660, Test: 0.6990
Epoch: 48, Loss: 0.0012, Train: 1.0000, Val: 0.6660, Test: 0.6980
Epoch: 49, Loss: 0.0011, Train: 1.0000, Val: 0.6660, Test: 0.6970
Epoch: 50, Loss: 0.0013, Train: 1.0000, Val: 0.6680, Test: 0.6990
Epoch: 51, Loss: 0.0011, Train: 1.0000, Val: 0.6680, Test: 0.6990
Epoch: 52, Loss: 0.0010, Train: 1.0000, Val: 0.6680, Test: 0.6990
Epoch: 53, Loss: 0.0010, Train: 1.0000, Val: 0.6680, Test: 0.7010
Epoch: 54, Loss: 0.0009, Train: 1.0000, Val: 0.6680, Test: 0.7000
Epoch: 55, Loss: 0.0010, Train: 1.0000, Val: 0.6740, Test: 0.7010
Epoch: 56, Loss: 0.0010, Train: 1.0000, Val: 0.6740, Test: 0.7000
Epoch: 57, Loss: 0.0010, Train: 1.0000, Val: 0.6760, Test: 0.6980
Epoch: 58, Loss: 0.0010, Train: 1.0000, Val: 0.6780, Test: 0.6980
Epoch: 59, Loss: 0.0012, Train: 1.0000, Val: 0.6780, Test: 0.6980
Epoch: 60, Loss: 0.0011, Train: 1.0000, Val: 0.6800, Test: 0.6980
Epoch: 61, Loss: 0.0013, Train: 1.0000, Val: 0.6840, Test: 0.6980
Epoch: 62, Loss: 0.0011, Train: 1.0000, Val: 0.6820, Test: 0.6970
Epoch: 63, Loss: 0.0014, Train: 1.0000, Val: 0.6820, Test: 0.6960
Epoch: 64, Loss: 0.0014, Train: 1.0000, Val: 0.6820, Test: 0.6950
Epoch: 65, Loss: 0.0015, Train: 1.0000, Val: 0.6860, Test: 0.6960
Epoch: 66, Loss: 0.0015, Train: 1.0000, Val: 0.6860, Test: 0.6980
Epoch: 67, Loss: 0.0016, Train: 1.0000, Val: 0.6840, Test: 0.7000
Epoch: 68, Loss: 0.0017, Train: 1.0000, Val: 0.6840, Test: 0.7010
Epoch: 69, Loss: 0.0018, Train: 1.0000, Val: 0.6840, Test: 0.7010
Epoch: 70, Loss: 0.0020, Train: 1.0000, Val: 0.6820, Test: 0.7020
Epoch: 71, Loss: 0.0019, Train: 1.0000, Val: 0.6820, Test: 0.7060
Epoch: 72, Loss: 0.0020, Train: 1.0000, Val: 0.6800, Test: 0.7060
Epoch: 73, Loss: 0.0025, Train: 1.0000, Val: 0.6800, Test: 0.7080
Epoch: 74, Loss: 0.0023, Train: 1.0000, Val: 0.6820, Test: 0.7100
Epoch: 75, Loss: 0.0025, Train: 1.0000, Val: 0.6800, Test: 0.7090
Epoch: 76, Loss: 0.0027, Train: 1.0000, Val: 0.6780, Test: 0.7090
Epoch: 77, Loss: 0.0028, Train: 1.0000, Val: 0.6800, Test: 0.7140
Epoch: 78, Loss: 0.0031, Train: 1.0000, Val: 0.6800, Test: 0.7140
Epoch: 79, Loss: 0.0032, Train: 1.0000, Val: 0.6840, Test: 0.7150
Epoch: 80, Loss: 0.0033, Train: 1.0000, Val: 0.6880, Test: 0.7140
Epoch: 81, Loss: 0.0036, Train: 1.0000, Val: 0.6920, Test: 0.7140
Epoch: 82, Loss: 0.0037, Train: 1.0000, Val: 0.6860, Test: 0.7130
Epoch: 83, Loss: 0.0039, Train: 1.0000, Val: 0.6860, Test: 0.7130
Epoch: 84, Loss: 0.0040, Train: 1.0000, Val: 0.6860, Test: 0.7140
Epoch: 85, Loss: 0.0042, Train: 1.0000, Val: 0.6860, Test: 0.7130
Epoch: 86, Loss: 0.0048, Train: 1.0000, Val: 0.6880, Test: 0.7150
Epoch: 87, Loss: 0.0047, Train: 1.0000, Val: 0.6900, Test: 0.7160
Epoch: 88, Loss: 0.0045, Train: 1.0000, Val: 0.6900, Test: 0.7130
Epoch: 89, Loss: 0.0046, Train: 1.0000, Val: 0.6900, Test: 0.7130
Epoch: 90, Loss: 0.0052, Train: 1.0000, Val: 0.6900, Test: 0.7150
Epoch: 91, Loss: 0.0050, Train: 1.0000, Val: 0.6900, Test: 0.7150
Epoch: 92, Loss: 0.0054, Train: 1.0000, Val: 0.6900, Test: 0.7170
Epoch: 93, Loss: 0.0057, Train: 1.0000, Val: 0.6920, Test: 0.7170
Epoch: 94, Loss: 0.0059, Train: 1.0000, Val: 0.6920, Test: 0.7170
Epoch: 95, Loss: 0.0055, Train: 1.0000, Val: 0.6920, Test: 0.7150
Epoch: 96, Loss: 0.0060, Train: 1.0000, Val: 0.6920, Test: 0.7170
Epoch: 97, Loss: 0.0061, Train: 1.0000, Val: 0.6900, Test: 0.7170
Epoch: 98, Loss: 0.0060, Train: 1.0000, Val: 0.6900, Test: 0.7170
Epoch: 99, Loss: 0.0056, Train: 1.0000, Val: 0.6880, Test: 0.7170
Epoch: 100, Loss: 0.0060, Train: 1.0000, Val: 0.6880, Test: 0.7170
MAD:  0.8247
Best Test Accuracy: 0.7590, Val Accuracy: 0.7220, Train Accuracy: 0.9929
Training completed.
Seed:  5
PMPGNN(
  (convs): ModuleList(
    (0): ParallelGNNBlock(
      (conv1): GATv2Conv(256, 256, heads=1)
      (conv2): GATv2Conv(256, 256, heads=1)
      (norm): LayerNorm((256,), eps=1e-05, elementwise_affine=True)
    )
  )
  (norm): LayerNorm((512,), eps=1e-05, elementwise_affine=True)
  (mlp): Linear(in_features=512, out_features=7, bias=True)
  (proj): Linear(in_features=1433, out_features=256, bias=True)
)
Epoch: 1, Loss: 1.9456, Train: 0.3857, Val: 0.1720, Test: 0.1670
Epoch: 2, Loss: 1.9187, Train: 0.7071, Val: 0.3340, Test: 0.3220
Epoch: 3, Loss: 1.8940, Train: 0.9000, Val: 0.4660, Test: 0.4620
Epoch: 4, Loss: 1.8637, Train: 0.9571, Val: 0.5660, Test: 0.5690
Epoch: 5, Loss: 1.8326, Train: 0.9643, Val: 0.6240, Test: 0.6240
Epoch: 6, Loss: 1.7932, Train: 0.9857, Val: 0.6580, Test: 0.6540
Epoch: 7, Loss: 1.7493, Train: 0.9857, Val: 0.6700, Test: 0.6800
Epoch: 8, Loss: 1.6978, Train: 0.9857, Val: 0.6740, Test: 0.7000
Epoch: 9, Loss: 1.6390, Train: 0.9857, Val: 0.6820, Test: 0.7080
Epoch: 10, Loss: 1.5706, Train: 0.9929, Val: 0.6860, Test: 0.7140
Epoch: 11, Loss: 1.4920, Train: 0.9929, Val: 0.6880, Test: 0.7150
Epoch: 12, Loss: 1.4090, Train: 0.9929, Val: 0.6940, Test: 0.7150
Epoch: 13, Loss: 1.3087, Train: 0.9857, Val: 0.6940, Test: 0.7190
Epoch: 14, Loss: 1.2050, Train: 0.9857, Val: 0.6940, Test: 0.7200
Epoch: 15, Loss: 1.0915, Train: 0.9857, Val: 0.6960, Test: 0.7190
Epoch: 16, Loss: 0.9671, Train: 0.9857, Val: 0.6980, Test: 0.7160
Epoch: 17, Loss: 0.8447, Train: 0.9857, Val: 0.7060, Test: 0.7150
Epoch: 18, Loss: 0.7319, Train: 0.9857, Val: 0.7120, Test: 0.7150
Epoch: 19, Loss: 0.6079, Train: 0.9857, Val: 0.7120, Test: 0.7180
Epoch: 20, Loss: 0.5020, Train: 0.9857, Val: 0.7080, Test: 0.7200
Epoch: 21, Loss: 0.4036, Train: 0.9857, Val: 0.7120, Test: 0.7260
Epoch: 22, Loss: 0.3211, Train: 0.9857, Val: 0.7080, Test: 0.7240
Epoch: 23, Loss: 0.2429, Train: 0.9857, Val: 0.7100, Test: 0.7280
Epoch: 24, Loss: 0.1867, Train: 0.9857, Val: 0.7080, Test: 0.7280
Epoch: 25, Loss: 0.1425, Train: 0.9857, Val: 0.7060, Test: 0.7270
Epoch: 26, Loss: 0.1068, Train: 0.9929, Val: 0.7020, Test: 0.7220
Epoch: 27, Loss: 0.0797, Train: 0.9929, Val: 0.7040, Test: 0.7220
Epoch: 28, Loss: 0.0600, Train: 0.9929, Val: 0.7020, Test: 0.7240
Epoch: 29, Loss: 0.0448, Train: 1.0000, Val: 0.6980, Test: 0.7200
Epoch: 30, Loss: 0.0348, Train: 1.0000, Val: 0.6960, Test: 0.7200
Epoch: 31, Loss: 0.0237, Train: 1.0000, Val: 0.6960, Test: 0.7160
Epoch: 32, Loss: 0.0181, Train: 1.0000, Val: 0.6960, Test: 0.7130
Epoch: 33, Loss: 0.0142, Train: 1.0000, Val: 0.6920, Test: 0.7090
Epoch: 34, Loss: 0.0109, Train: 1.0000, Val: 0.6940, Test: 0.7110
Epoch: 35, Loss: 0.0083, Train: 1.0000, Val: 0.6920, Test: 0.7090
Epoch: 36, Loss: 0.0072, Train: 1.0000, Val: 0.6920, Test: 0.7040
Epoch: 37, Loss: 0.0056, Train: 1.0000, Val: 0.6880, Test: 0.7010
Epoch: 38, Loss: 0.0046, Train: 1.0000, Val: 0.6860, Test: 0.6980
Epoch: 39, Loss: 0.0038, Train: 1.0000, Val: 0.6860, Test: 0.6960
Epoch: 40, Loss: 0.0026, Train: 1.0000, Val: 0.6840, Test: 0.6940
Epoch: 41, Loss: 0.0027, Train: 1.0000, Val: 0.6820, Test: 0.6910
Epoch: 42, Loss: 0.0023, Train: 1.0000, Val: 0.6840, Test: 0.6910
Epoch: 43, Loss: 0.0019, Train: 1.0000, Val: 0.6820, Test: 0.6910
Epoch: 44, Loss: 0.0018, Train: 1.0000, Val: 0.6800, Test: 0.6900
Epoch: 45, Loss: 0.0014, Train: 1.0000, Val: 0.6820, Test: 0.6910
Epoch: 46, Loss: 0.0015, Train: 1.0000, Val: 0.6780, Test: 0.6900
Epoch: 47, Loss: 0.0014, Train: 1.0000, Val: 0.6760, Test: 0.6920
Epoch: 48, Loss: 0.0013, Train: 1.0000, Val: 0.6760, Test: 0.6930
Epoch: 49, Loss: 0.0013, Train: 1.0000, Val: 0.6780, Test: 0.6920
Epoch: 50, Loss: 0.0012, Train: 1.0000, Val: 0.6760, Test: 0.6910
Epoch: 51, Loss: 0.0012, Train: 1.0000, Val: 0.6780, Test: 0.6900
Epoch: 52, Loss: 0.0013, Train: 1.0000, Val: 0.6820, Test: 0.6930
Epoch: 53, Loss: 0.0012, Train: 1.0000, Val: 0.6820, Test: 0.6910
Epoch: 54, Loss: 0.0012, Train: 1.0000, Val: 0.6840, Test: 0.6910
Epoch: 55, Loss: 0.0011, Train: 1.0000, Val: 0.6860, Test: 0.6900
Epoch: 56, Loss: 0.0010, Train: 1.0000, Val: 0.6840, Test: 0.6940
Epoch: 57, Loss: 0.0012, Train: 1.0000, Val: 0.6860, Test: 0.6940
Epoch: 58, Loss: 0.0011, Train: 1.0000, Val: 0.6880, Test: 0.6940
Epoch: 59, Loss: 0.0013, Train: 1.0000, Val: 0.6940, Test: 0.6940
Epoch: 60, Loss: 0.0012, Train: 1.0000, Val: 0.6940, Test: 0.6940
Epoch: 61, Loss: 0.0012, Train: 1.0000, Val: 0.6960, Test: 0.6960
Epoch: 62, Loss: 0.0015, Train: 1.0000, Val: 0.6980, Test: 0.6970
Epoch: 63, Loss: 0.0015, Train: 1.0000, Val: 0.6980, Test: 0.7000
Epoch: 64, Loss: 0.0016, Train: 1.0000, Val: 0.7000, Test: 0.7020
Epoch: 65, Loss: 0.0015, Train: 1.0000, Val: 0.7000, Test: 0.7010
Epoch: 66, Loss: 0.0016, Train: 1.0000, Val: 0.7000, Test: 0.7010
Epoch: 67, Loss: 0.0017, Train: 1.0000, Val: 0.7000, Test: 0.7020
Epoch: 68, Loss: 0.0020, Train: 1.0000, Val: 0.7000, Test: 0.7040
Epoch: 69, Loss: 0.0020, Train: 1.0000, Val: 0.7000, Test: 0.7060
Epoch: 70, Loss: 0.0021, Train: 1.0000, Val: 0.6980, Test: 0.7080
Epoch: 71, Loss: 0.0024, Train: 1.0000, Val: 0.6960, Test: 0.7080
Epoch: 72, Loss: 0.0022, Train: 1.0000, Val: 0.6900, Test: 0.7100
Epoch: 73, Loss: 0.0025, Train: 1.0000, Val: 0.6880, Test: 0.7100
Epoch: 74, Loss: 0.0028, Train: 1.0000, Val: 0.6940, Test: 0.7110
Epoch: 75, Loss: 0.0026, Train: 1.0000, Val: 0.6860, Test: 0.7140
Epoch: 76, Loss: 0.0030, Train: 1.0000, Val: 0.6880, Test: 0.7160
Epoch: 77, Loss: 0.0030, Train: 1.0000, Val: 0.6900, Test: 0.7160
Epoch: 78, Loss: 0.0033, Train: 1.0000, Val: 0.6900, Test: 0.7180
Epoch: 79, Loss: 0.0034, Train: 1.0000, Val: 0.6900, Test: 0.7190
Epoch: 80, Loss: 0.0036, Train: 1.0000, Val: 0.6900, Test: 0.7200
Epoch: 81, Loss: 0.0037, Train: 1.0000, Val: 0.6920, Test: 0.7210
Epoch: 82, Loss: 0.0040, Train: 1.0000, Val: 0.6960, Test: 0.7240
Epoch: 83, Loss: 0.0041, Train: 1.0000, Val: 0.6960, Test: 0.7250
Epoch: 84, Loss: 0.0042, Train: 1.0000, Val: 0.6960, Test: 0.7230
Epoch: 85, Loss: 0.0040, Train: 1.0000, Val: 0.6960, Test: 0.7250
Epoch: 86, Loss: 0.0047, Train: 1.0000, Val: 0.6960, Test: 0.7250
Epoch: 87, Loss: 0.0048, Train: 1.0000, Val: 0.6960, Test: 0.7260
Epoch: 88, Loss: 0.0049, Train: 1.0000, Val: 0.6960, Test: 0.7260
Epoch: 89, Loss: 0.0053, Train: 1.0000, Val: 0.6960, Test: 0.7260
Epoch: 90, Loss: 0.0054, Train: 1.0000, Val: 0.6960, Test: 0.7270
Epoch: 91, Loss: 0.0052, Train: 1.0000, Val: 0.6940, Test: 0.7280
Epoch: 92, Loss: 0.0055, Train: 1.0000, Val: 0.6940, Test: 0.7280
Epoch: 93, Loss: 0.0054, Train: 1.0000, Val: 0.6940, Test: 0.7290
Epoch: 94, Loss: 0.0054, Train: 1.0000, Val: 0.6940, Test: 0.7270
Epoch: 95, Loss: 0.0060, Train: 1.0000, Val: 0.6880, Test: 0.7270
Epoch: 96, Loss: 0.0057, Train: 1.0000, Val: 0.6900, Test: 0.7270
Epoch: 97, Loss: 0.0057, Train: 1.0000, Val: 0.6920, Test: 0.7290
Epoch: 98, Loss: 0.0058, Train: 1.0000, Val: 0.6920, Test: 0.7290
Epoch: 99, Loss: 0.0056, Train: 1.0000, Val: 0.6900, Test: 0.7300
Epoch: 100, Loss: 0.0059, Train: 1.0000, Val: 0.6900, Test: 0.7290
MAD:  0.6952
Best Test Accuracy: 0.7300, Val Accuracy: 0.6900, Train Accuracy: 1.0000
Training completed.
Seed:  6
PMPGNN(
  (convs): ModuleList(
    (0): ParallelGNNBlock(
      (conv1): GATv2Conv(256, 256, heads=1)
      (conv2): GATv2Conv(256, 256, heads=1)
      (norm): LayerNorm((256,), eps=1e-05, elementwise_affine=True)
    )
  )
  (norm): LayerNorm((512,), eps=1e-05, elementwise_affine=True)
  (mlp): Linear(in_features=512, out_features=7, bias=True)
  (proj): Linear(in_features=1433, out_features=256, bias=True)
)
Epoch: 1, Loss: 1.9452, Train: 0.6571, Val: 0.3000, Test: 0.3490
Epoch: 2, Loss: 1.9177, Train: 0.9143, Val: 0.5060, Test: 0.5570
Epoch: 3, Loss: 1.8909, Train: 0.9857, Val: 0.6040, Test: 0.6590
Epoch: 4, Loss: 1.8608, Train: 0.9929, Val: 0.6380, Test: 0.7010
Epoch: 5, Loss: 1.8260, Train: 0.9929, Val: 0.6620, Test: 0.7220
Epoch: 6, Loss: 1.7862, Train: 0.9929, Val: 0.6720, Test: 0.7280
Epoch: 7, Loss: 1.7403, Train: 0.9929, Val: 0.6860, Test: 0.7340
Epoch: 8, Loss: 1.6931, Train: 0.9929, Val: 0.6980, Test: 0.7370
Epoch: 9, Loss: 1.6291, Train: 0.9929, Val: 0.6980, Test: 0.7290
Epoch: 10, Loss: 1.5631, Train: 0.9929, Val: 0.7020, Test: 0.7320
Epoch: 11, Loss: 1.4899, Train: 0.9929, Val: 0.7000, Test: 0.7380
Epoch: 12, Loss: 1.4035, Train: 0.9929, Val: 0.7040, Test: 0.7390
Epoch: 13, Loss: 1.3097, Train: 0.9929, Val: 0.7040, Test: 0.7380
Epoch: 14, Loss: 1.2072, Train: 0.9929, Val: 0.7180, Test: 0.7410
Epoch: 15, Loss: 1.0928, Train: 0.9929, Val: 0.7200, Test: 0.7420
Epoch: 16, Loss: 0.9777, Train: 0.9929, Val: 0.7260, Test: 0.7430
Epoch: 17, Loss: 0.8591, Train: 0.9857, Val: 0.7260, Test: 0.7470
Epoch: 18, Loss: 0.7401, Train: 0.9857, Val: 0.7320, Test: 0.7500
Epoch: 19, Loss: 0.6151, Train: 0.9857, Val: 0.7360, Test: 0.7490
Epoch: 20, Loss: 0.5046, Train: 0.9929, Val: 0.7420, Test: 0.7520
Epoch: 21, Loss: 0.4043, Train: 0.9929, Val: 0.7400, Test: 0.7530
Epoch: 22, Loss: 0.3232, Train: 0.9929, Val: 0.7400, Test: 0.7530
Epoch: 23, Loss: 0.2414, Train: 0.9929, Val: 0.7420, Test: 0.7500
Epoch: 24, Loss: 0.1835, Train: 0.9929, Val: 0.7400, Test: 0.7480
Epoch: 25, Loss: 0.1363, Train: 0.9929, Val: 0.7400, Test: 0.7440
Epoch: 26, Loss: 0.1022, Train: 0.9929, Val: 0.7320, Test: 0.7420
Epoch: 27, Loss: 0.0763, Train: 0.9929, Val: 0.7280, Test: 0.7430
Epoch: 28, Loss: 0.0578, Train: 0.9929, Val: 0.7220, Test: 0.7350
Epoch: 29, Loss: 0.0406, Train: 1.0000, Val: 0.7140, Test: 0.7310
Epoch: 30, Loss: 0.0309, Train: 1.0000, Val: 0.7080, Test: 0.7250
Epoch: 31, Loss: 0.0238, Train: 1.0000, Val: 0.7040, Test: 0.7200
Epoch: 32, Loss: 0.0160, Train: 1.0000, Val: 0.6960, Test: 0.7190
Epoch: 33, Loss: 0.0120, Train: 1.0000, Val: 0.6960, Test: 0.7190
Epoch: 34, Loss: 0.0101, Train: 1.0000, Val: 0.6960, Test: 0.7170
Epoch: 35, Loss: 0.0074, Train: 1.0000, Val: 0.6920, Test: 0.7190
Epoch: 36, Loss: 0.0059, Train: 1.0000, Val: 0.6900, Test: 0.7190
Epoch: 37, Loss: 0.0043, Train: 1.0000, Val: 0.6880, Test: 0.7210
Epoch: 38, Loss: 0.0041, Train: 1.0000, Val: 0.6840, Test: 0.7190
Epoch: 39, Loss: 0.0037, Train: 1.0000, Val: 0.6820, Test: 0.7190
Epoch: 40, Loss: 0.0030, Train: 1.0000, Val: 0.6780, Test: 0.7200
Epoch: 41, Loss: 0.0025, Train: 1.0000, Val: 0.6780, Test: 0.7200
Epoch: 42, Loss: 0.0021, Train: 1.0000, Val: 0.6760, Test: 0.7180
Epoch: 43, Loss: 0.0018, Train: 1.0000, Val: 0.6780, Test: 0.7170
Epoch: 44, Loss: 0.0016, Train: 1.0000, Val: 0.6780, Test: 0.7160
Epoch: 45, Loss: 0.0015, Train: 1.0000, Val: 0.6780, Test: 0.7160
Epoch: 46, Loss: 0.0014, Train: 1.0000, Val: 0.6760, Test: 0.7150
Epoch: 47, Loss: 0.0012, Train: 1.0000, Val: 0.6760, Test: 0.7120
Epoch: 48, Loss: 0.0012, Train: 1.0000, Val: 0.6760, Test: 0.7110
Epoch: 49, Loss: 0.0012, Train: 1.0000, Val: 0.6780, Test: 0.7100
Epoch: 50, Loss: 0.0014, Train: 1.0000, Val: 0.6800, Test: 0.7100
Epoch: 51, Loss: 0.0011, Train: 1.0000, Val: 0.6800, Test: 0.7120
Epoch: 52, Loss: 0.0013, Train: 1.0000, Val: 0.6800, Test: 0.7130
Epoch: 53, Loss: 0.0011, Train: 1.0000, Val: 0.6820, Test: 0.7150
Epoch: 54, Loss: 0.0010, Train: 1.0000, Val: 0.6820, Test: 0.7180
Epoch: 55, Loss: 0.0012, Train: 1.0000, Val: 0.6840, Test: 0.7190
Epoch: 56, Loss: 0.0011, Train: 1.0000, Val: 0.6860, Test: 0.7200
Epoch: 57, Loss: 0.0011, Train: 1.0000, Val: 0.6860, Test: 0.7170
Epoch: 58, Loss: 0.0012, Train: 1.0000, Val: 0.6820, Test: 0.7190
Epoch: 59, Loss: 0.0014, Train: 1.0000, Val: 0.6840, Test: 0.7190
Epoch: 60, Loss: 0.0013, Train: 1.0000, Val: 0.6840, Test: 0.7180
Epoch: 61, Loss: 0.0015, Train: 1.0000, Val: 0.6860, Test: 0.7170
Epoch: 62, Loss: 0.0014, Train: 1.0000, Val: 0.6840, Test: 0.7170
Epoch: 63, Loss: 0.0014, Train: 1.0000, Val: 0.6820, Test: 0.7160
Epoch: 64, Loss: 0.0017, Train: 1.0000, Val: 0.6820, Test: 0.7150
Epoch: 65, Loss: 0.0016, Train: 1.0000, Val: 0.6840, Test: 0.7150
Epoch: 66, Loss: 0.0017, Train: 1.0000, Val: 0.6840, Test: 0.7150
Epoch: 67, Loss: 0.0018, Train: 1.0000, Val: 0.6860, Test: 0.7150
Epoch: 68, Loss: 0.0018, Train: 1.0000, Val: 0.6860, Test: 0.7180
Epoch: 69, Loss: 0.0022, Train: 1.0000, Val: 0.6840, Test: 0.7190
Epoch: 70, Loss: 0.0020, Train: 1.0000, Val: 0.6840, Test: 0.7200
Epoch: 71, Loss: 0.0023, Train: 1.0000, Val: 0.6820, Test: 0.7240
Epoch: 72, Loss: 0.0025, Train: 1.0000, Val: 0.6840, Test: 0.7230
Epoch: 73, Loss: 0.0027, Train: 1.0000, Val: 0.6840, Test: 0.7260
Epoch: 74, Loss: 0.0028, Train: 1.0000, Val: 0.6840, Test: 0.7240
Epoch: 75, Loss: 0.0029, Train: 1.0000, Val: 0.6840, Test: 0.7250
Epoch: 76, Loss: 0.0029, Train: 1.0000, Val: 0.6860, Test: 0.7270
Epoch: 77, Loss: 0.0035, Train: 1.0000, Val: 0.6880, Test: 0.7280
Epoch: 78, Loss: 0.0035, Train: 1.0000, Val: 0.6880, Test: 0.7310
Epoch: 79, Loss: 0.0037, Train: 1.0000, Val: 0.6880, Test: 0.7300
Epoch: 80, Loss: 0.0038, Train: 1.0000, Val: 0.6880, Test: 0.7310
Epoch: 81, Loss: 0.0040, Train: 1.0000, Val: 0.6880, Test: 0.7320
Epoch: 82, Loss: 0.0043, Train: 1.0000, Val: 0.6880, Test: 0.7300
Epoch: 83, Loss: 0.0043, Train: 1.0000, Val: 0.6880, Test: 0.7300
Epoch: 84, Loss: 0.0044, Train: 1.0000, Val: 0.6900, Test: 0.7290
Epoch: 85, Loss: 0.0049, Train: 1.0000, Val: 0.6920, Test: 0.7300
Epoch: 86, Loss: 0.0051, Train: 1.0000, Val: 0.6920, Test: 0.7300
Epoch: 87, Loss: 0.0050, Train: 1.0000, Val: 0.6940, Test: 0.7310
Epoch: 88, Loss: 0.0051, Train: 1.0000, Val: 0.6940, Test: 0.7350
Epoch: 89, Loss: 0.0050, Train: 1.0000, Val: 0.6940, Test: 0.7350
Epoch: 90, Loss: 0.0056, Train: 1.0000, Val: 0.6920, Test: 0.7350
Epoch: 91, Loss: 0.0055, Train: 1.0000, Val: 0.6920, Test: 0.7360
Epoch: 92, Loss: 0.0057, Train: 1.0000, Val: 0.6940, Test: 0.7350
Epoch: 93, Loss: 0.0056, Train: 1.0000, Val: 0.6940, Test: 0.7370
Epoch: 94, Loss: 0.0062, Train: 1.0000, Val: 0.6940, Test: 0.7360
Epoch: 95, Loss: 0.0064, Train: 1.0000, Val: 0.6940, Test: 0.7360
Epoch: 96, Loss: 0.0063, Train: 1.0000, Val: 0.6940, Test: 0.7370
Epoch: 97, Loss: 0.0063, Train: 1.0000, Val: 0.6920, Test: 0.7370
Epoch: 98, Loss: 0.0065, Train: 1.0000, Val: 0.6920, Test: 0.7350
Epoch: 99, Loss: 0.0063, Train: 1.0000, Val: 0.6920, Test: 0.7340
Epoch: 100, Loss: 0.0069, Train: 1.0000, Val: 0.6900, Test: 0.7350
MAD:  0.8525
Best Test Accuracy: 0.7530, Val Accuracy: 0.7400, Train Accuracy: 0.9929
Training completed.
Seed:  7
PMPGNN(
  (convs): ModuleList(
    (0): ParallelGNNBlock(
      (conv1): GATv2Conv(256, 256, heads=1)
      (conv2): GATv2Conv(256, 256, heads=1)
      (norm): LayerNorm((256,), eps=1e-05, elementwise_affine=True)
    )
  )
  (norm): LayerNorm((512,), eps=1e-05, elementwise_affine=True)
  (mlp): Linear(in_features=512, out_features=7, bias=True)
  (proj): Linear(in_features=1433, out_features=256, bias=True)
)
Epoch: 1, Loss: 1.9463, Train: 0.4714, Val: 0.2920, Test: 0.3340
Epoch: 2, Loss: 1.9194, Train: 0.7500, Val: 0.4840, Test: 0.4850
Epoch: 3, Loss: 1.8938, Train: 0.9071, Val: 0.5920, Test: 0.6090
Epoch: 4, Loss: 1.8653, Train: 0.9643, Val: 0.6480, Test: 0.6750
Epoch: 5, Loss: 1.8354, Train: 0.9786, Val: 0.6860, Test: 0.7200
Epoch: 6, Loss: 1.7989, Train: 0.9857, Val: 0.7040, Test: 0.7460
Epoch: 7, Loss: 1.7524, Train: 0.9929, Val: 0.7440, Test: 0.7550
Epoch: 8, Loss: 1.7060, Train: 0.9929, Val: 0.7500, Test: 0.7630
Epoch: 9, Loss: 1.6486, Train: 0.9857, Val: 0.7560, Test: 0.7710
Epoch: 10, Loss: 1.5853, Train: 0.9857, Val: 0.7540, Test: 0.7730
Epoch: 11, Loss: 1.5096, Train: 0.9857, Val: 0.7600, Test: 0.7640
Epoch: 12, Loss: 1.4261, Train: 0.9857, Val: 0.7580, Test: 0.7630
Epoch: 13, Loss: 1.3382, Train: 0.9857, Val: 0.7540, Test: 0.7620
Epoch: 14, Loss: 1.2366, Train: 0.9857, Val: 0.7520, Test: 0.7610
Epoch: 15, Loss: 1.1278, Train: 0.9857, Val: 0.7540, Test: 0.7630
Epoch: 16, Loss: 1.0118, Train: 0.9857, Val: 0.7540, Test: 0.7640
Epoch: 17, Loss: 0.8951, Train: 0.9786, Val: 0.7540, Test: 0.7640
Epoch: 18, Loss: 0.7738, Train: 0.9786, Val: 0.7580, Test: 0.7610
Epoch: 19, Loss: 0.6604, Train: 0.9786, Val: 0.7560, Test: 0.7590
Epoch: 20, Loss: 0.5459, Train: 0.9857, Val: 0.7620, Test: 0.7600
Epoch: 21, Loss: 0.4474, Train: 0.9929, Val: 0.7580, Test: 0.7610
Epoch: 22, Loss: 0.3604, Train: 0.9929, Val: 0.7540, Test: 0.7560
Epoch: 23, Loss: 0.2776, Train: 0.9929, Val: 0.7500, Test: 0.7590
Epoch: 24, Loss: 0.2136, Train: 0.9929, Val: 0.7460, Test: 0.7510
Epoch: 25, Loss: 0.1646, Train: 0.9929, Val: 0.7320, Test: 0.7450
Epoch: 26, Loss: 0.1218, Train: 0.9929, Val: 0.7220, Test: 0.7380
Epoch: 27, Loss: 0.0919, Train: 0.9929, Val: 0.7140, Test: 0.7340
Epoch: 28, Loss: 0.0685, Train: 0.9929, Val: 0.7100, Test: 0.7380
Epoch: 29, Loss: 0.0521, Train: 0.9929, Val: 0.7120, Test: 0.7330
Epoch: 30, Loss: 0.0388, Train: 1.0000, Val: 0.7180, Test: 0.7360
Epoch: 31, Loss: 0.0291, Train: 1.0000, Val: 0.7140, Test: 0.7380
Epoch: 32, Loss: 0.0224, Train: 1.0000, Val: 0.7100, Test: 0.7390
Epoch: 33, Loss: 0.0147, Train: 1.0000, Val: 0.7060, Test: 0.7380
Epoch: 34, Loss: 0.0122, Train: 1.0000, Val: 0.7020, Test: 0.7390
Epoch: 35, Loss: 0.0087, Train: 1.0000, Val: 0.7060, Test: 0.7370
Epoch: 36, Loss: 0.0069, Train: 1.0000, Val: 0.7060, Test: 0.7340
Epoch: 37, Loss: 0.0050, Train: 1.0000, Val: 0.7040, Test: 0.7260
Epoch: 38, Loss: 0.0049, Train: 1.0000, Val: 0.7040, Test: 0.7240
Epoch: 39, Loss: 0.0037, Train: 1.0000, Val: 0.7060, Test: 0.7260
Epoch: 40, Loss: 0.0029, Train: 1.0000, Val: 0.7060, Test: 0.7250
Epoch: 41, Loss: 0.0026, Train: 1.0000, Val: 0.7040, Test: 0.7240
Epoch: 42, Loss: 0.0019, Train: 1.0000, Val: 0.6960, Test: 0.7240
Epoch: 43, Loss: 0.0017, Train: 1.0000, Val: 0.6920, Test: 0.7230
Epoch: 44, Loss: 0.0015, Train: 1.0000, Val: 0.6940, Test: 0.7220
Epoch: 45, Loss: 0.0013, Train: 1.0000, Val: 0.6940, Test: 0.7210
Epoch: 46, Loss: 0.0013, Train: 1.0000, Val: 0.6920, Test: 0.7190
Epoch: 47, Loss: 0.0013, Train: 1.0000, Val: 0.6900, Test: 0.7200
Epoch: 48, Loss: 0.0012, Train: 1.0000, Val: 0.6860, Test: 0.7190
Epoch: 49, Loss: 0.0011, Train: 1.0000, Val: 0.6860, Test: 0.7150
Epoch: 50, Loss: 0.0010, Train: 1.0000, Val: 0.6860, Test: 0.7140
Epoch: 51, Loss: 0.0010, Train: 1.0000, Val: 0.6860, Test: 0.7140
Epoch: 52, Loss: 0.0012, Train: 1.0000, Val: 0.6860, Test: 0.7130
Epoch: 53, Loss: 0.0012, Train: 1.0000, Val: 0.6880, Test: 0.7130
Epoch: 54, Loss: 0.0012, Train: 1.0000, Val: 0.6900, Test: 0.7120
Epoch: 55, Loss: 0.0010, Train: 1.0000, Val: 0.6880, Test: 0.7120
Epoch: 56, Loss: 0.0012, Train: 1.0000, Val: 0.6860, Test: 0.7130
Epoch: 57, Loss: 0.0012, Train: 1.0000, Val: 0.6860, Test: 0.7120
Epoch: 58, Loss: 0.0012, Train: 1.0000, Val: 0.6880, Test: 0.7150
Epoch: 59, Loss: 0.0012, Train: 1.0000, Val: 0.6880, Test: 0.7170
Epoch: 60, Loss: 0.0013, Train: 1.0000, Val: 0.6880, Test: 0.7180
Epoch: 61, Loss: 0.0014, Train: 1.0000, Val: 0.6900, Test: 0.7210
Epoch: 62, Loss: 0.0014, Train: 1.0000, Val: 0.6940, Test: 0.7230
Epoch: 63, Loss: 0.0015, Train: 1.0000, Val: 0.6920, Test: 0.7240
Epoch: 64, Loss: 0.0014, Train: 1.0000, Val: 0.6940, Test: 0.7240
Epoch: 65, Loss: 0.0015, Train: 1.0000, Val: 0.6960, Test: 0.7230
Epoch: 66, Loss: 0.0015, Train: 1.0000, Val: 0.6940, Test: 0.7230
Epoch: 67, Loss: 0.0019, Train: 1.0000, Val: 0.6920, Test: 0.7230
Epoch: 68, Loss: 0.0018, Train: 1.0000, Val: 0.6920, Test: 0.7240
Epoch: 69, Loss: 0.0020, Train: 1.0000, Val: 0.6920, Test: 0.7240
Epoch: 70, Loss: 0.0021, Train: 1.0000, Val: 0.6920, Test: 0.7240
Epoch: 71, Loss: 0.0022, Train: 1.0000, Val: 0.6920, Test: 0.7230
Epoch: 72, Loss: 0.0025, Train: 1.0000, Val: 0.6920, Test: 0.7230
Epoch: 73, Loss: 0.0024, Train: 1.0000, Val: 0.6940, Test: 0.7230
Epoch: 74, Loss: 0.0026, Train: 1.0000, Val: 0.6960, Test: 0.7260
Epoch: 75, Loss: 0.0029, Train: 1.0000, Val: 0.6980, Test: 0.7280
Epoch: 76, Loss: 0.0030, Train: 1.0000, Val: 0.6980, Test: 0.7310
Epoch: 77, Loss: 0.0031, Train: 1.0000, Val: 0.6980, Test: 0.7310
Epoch: 78, Loss: 0.0035, Train: 1.0000, Val: 0.6980, Test: 0.7350
Epoch: 79, Loss: 0.0034, Train: 1.0000, Val: 0.7000, Test: 0.7350
Epoch: 80, Loss: 0.0039, Train: 1.0000, Val: 0.7020, Test: 0.7360
Epoch: 81, Loss: 0.0040, Train: 1.0000, Val: 0.7040, Test: 0.7390
Epoch: 82, Loss: 0.0042, Train: 1.0000, Val: 0.7060, Test: 0.7380
Epoch: 83, Loss: 0.0043, Train: 1.0000, Val: 0.7120, Test: 0.7390
Epoch: 84, Loss: 0.0045, Train: 1.0000, Val: 0.7120, Test: 0.7380
Epoch: 85, Loss: 0.0046, Train: 1.0000, Val: 0.7140, Test: 0.7400
Epoch: 86, Loss: 0.0049, Train: 1.0000, Val: 0.7140, Test: 0.7410
Epoch: 87, Loss: 0.0049, Train: 1.0000, Val: 0.7140, Test: 0.7390
Epoch: 88, Loss: 0.0054, Train: 1.0000, Val: 0.7140, Test: 0.7390
Epoch: 89, Loss: 0.0054, Train: 1.0000, Val: 0.7140, Test: 0.7400
Epoch: 90, Loss: 0.0054, Train: 1.0000, Val: 0.7140, Test: 0.7400
Epoch: 91, Loss: 0.0057, Train: 1.0000, Val: 0.7160, Test: 0.7390
Epoch: 92, Loss: 0.0059, Train: 1.0000, Val: 0.7140, Test: 0.7390
Epoch: 93, Loss: 0.0057, Train: 1.0000, Val: 0.7120, Test: 0.7390
Epoch: 94, Loss: 0.0059, Train: 1.0000, Val: 0.7080, Test: 0.7400
Epoch: 95, Loss: 0.0061, Train: 1.0000, Val: 0.7080, Test: 0.7390
Epoch: 96, Loss: 0.0063, Train: 1.0000, Val: 0.7120, Test: 0.7360
Epoch: 97, Loss: 0.0062, Train: 1.0000, Val: 0.7140, Test: 0.7360
Epoch: 98, Loss: 0.0062, Train: 1.0000, Val: 0.7140, Test: 0.7370
Epoch: 99, Loss: 0.0065, Train: 1.0000, Val: 0.7120, Test: 0.7360
Epoch: 100, Loss: 0.0065, Train: 1.0000, Val: 0.7140, Test: 0.7360
MAD:  0.859
Best Test Accuracy: 0.7730, Val Accuracy: 0.7540, Train Accuracy: 0.9857
Training completed.
Seed:  8
PMPGNN(
  (convs): ModuleList(
    (0): ParallelGNNBlock(
      (conv1): GATv2Conv(256, 256, heads=1)
      (conv2): GATv2Conv(256, 256, heads=1)
      (norm): LayerNorm((256,), eps=1e-05, elementwise_affine=True)
    )
  )
  (norm): LayerNorm((512,), eps=1e-05, elementwise_affine=True)
  (mlp): Linear(in_features=512, out_features=7, bias=True)
  (proj): Linear(in_features=1433, out_features=256, bias=True)
)
Epoch: 1, Loss: 1.9469, Train: 0.2857, Val: 0.3760, Test: 0.3870
Epoch: 2, Loss: 1.9210, Train: 0.5929, Val: 0.4800, Test: 0.4930
Epoch: 3, Loss: 1.8957, Train: 0.6857, Val: 0.5740, Test: 0.5820
Epoch: 4, Loss: 1.8681, Train: 0.8500, Val: 0.6280, Test: 0.6340
Epoch: 5, Loss: 1.8363, Train: 0.9429, Val: 0.6580, Test: 0.6830
Epoch: 6, Loss: 1.8011, Train: 0.9643, Val: 0.6940, Test: 0.7140
Epoch: 7, Loss: 1.7573, Train: 0.9786, Val: 0.7080, Test: 0.7300
Epoch: 8, Loss: 1.7105, Train: 0.9857, Val: 0.7060, Test: 0.7400
Epoch: 9, Loss: 1.6527, Train: 0.9857, Val: 0.7220, Test: 0.7440
Epoch: 10, Loss: 1.5866, Train: 0.9929, Val: 0.7320, Test: 0.7430
Epoch: 11, Loss: 1.5115, Train: 0.9929, Val: 0.7420, Test: 0.7380
Epoch: 12, Loss: 1.4317, Train: 0.9857, Val: 0.7440, Test: 0.7330
Epoch: 13, Loss: 1.3411, Train: 0.9857, Val: 0.7500, Test: 0.7380
Epoch: 14, Loss: 1.2340, Train: 0.9857, Val: 0.7440, Test: 0.7400
Epoch: 15, Loss: 1.1202, Train: 0.9857, Val: 0.7480, Test: 0.7450
Epoch: 16, Loss: 1.0047, Train: 0.9857, Val: 0.7440, Test: 0.7490
Epoch: 17, Loss: 0.8870, Train: 0.9857, Val: 0.7460, Test: 0.7520
Epoch: 18, Loss: 0.7651, Train: 0.9857, Val: 0.7400, Test: 0.7530
Epoch: 19, Loss: 0.6504, Train: 0.9857, Val: 0.7480, Test: 0.7560
Epoch: 20, Loss: 0.5385, Train: 0.9929, Val: 0.7400, Test: 0.7650
Epoch: 21, Loss: 0.4386, Train: 0.9929, Val: 0.7400, Test: 0.7620
Epoch: 22, Loss: 0.3537, Train: 0.9857, Val: 0.7420, Test: 0.7550
Epoch: 23, Loss: 0.2773, Train: 0.9857, Val: 0.7400, Test: 0.7510
Epoch: 24, Loss: 0.2241, Train: 0.9857, Val: 0.7380, Test: 0.7480
Epoch: 25, Loss: 0.1640, Train: 0.9929, Val: 0.7380, Test: 0.7460
Epoch: 26, Loss: 0.1265, Train: 0.9929, Val: 0.7380, Test: 0.7450
Epoch: 27, Loss: 0.0937, Train: 0.9929, Val: 0.7320, Test: 0.7480
Epoch: 28, Loss: 0.0680, Train: 0.9929, Val: 0.7220, Test: 0.7460
Epoch: 29, Loss: 0.0543, Train: 0.9929, Val: 0.7220, Test: 0.7420
Epoch: 30, Loss: 0.0392, Train: 1.0000, Val: 0.7180, Test: 0.7430
Epoch: 31, Loss: 0.0282, Train: 1.0000, Val: 0.7180, Test: 0.7390
Epoch: 32, Loss: 0.0223, Train: 1.0000, Val: 0.7160, Test: 0.7320
Epoch: 33, Loss: 0.0166, Train: 1.0000, Val: 0.7140, Test: 0.7310
Epoch: 34, Loss: 0.0129, Train: 1.0000, Val: 0.7080, Test: 0.7280
Epoch: 35, Loss: 0.0092, Train: 1.0000, Val: 0.7020, Test: 0.7280
Epoch: 36, Loss: 0.0066, Train: 1.0000, Val: 0.7060, Test: 0.7240
Epoch: 37, Loss: 0.0056, Train: 1.0000, Val: 0.7060, Test: 0.7250
Epoch: 38, Loss: 0.0043, Train: 1.0000, Val: 0.7040, Test: 0.7240
Epoch: 39, Loss: 0.0034, Train: 1.0000, Val: 0.7040, Test: 0.7230
Epoch: 40, Loss: 0.0032, Train: 1.0000, Val: 0.7040, Test: 0.7210
Epoch: 41, Loss: 0.0024, Train: 1.0000, Val: 0.7020, Test: 0.7150
Epoch: 42, Loss: 0.0021, Train: 1.0000, Val: 0.7020, Test: 0.7130
Epoch: 43, Loss: 0.0017, Train: 1.0000, Val: 0.7040, Test: 0.7150
Epoch: 44, Loss: 0.0017, Train: 1.0000, Val: 0.7040, Test: 0.7150
Epoch: 45, Loss: 0.0015, Train: 1.0000, Val: 0.7080, Test: 0.7150
Epoch: 46, Loss: 0.0014, Train: 1.0000, Val: 0.7080, Test: 0.7150
Epoch: 47, Loss: 0.0015, Train: 1.0000, Val: 0.7080, Test: 0.7140
Epoch: 48, Loss: 0.0012, Train: 1.0000, Val: 0.7080, Test: 0.7110
Epoch: 49, Loss: 0.0013, Train: 1.0000, Val: 0.7080, Test: 0.7110
Epoch: 50, Loss: 0.0011, Train: 1.0000, Val: 0.7080, Test: 0.7110
Epoch: 51, Loss: 0.0011, Train: 1.0000, Val: 0.7080, Test: 0.7090
Epoch: 52, Loss: 0.0010, Train: 1.0000, Val: 0.7080, Test: 0.7100
Epoch: 53, Loss: 0.0010, Train: 1.0000, Val: 0.7060, Test: 0.7090
Epoch: 54, Loss: 0.0010, Train: 1.0000, Val: 0.7060, Test: 0.7060
Epoch: 55, Loss: 0.0010, Train: 1.0000, Val: 0.7020, Test: 0.7070
Epoch: 56, Loss: 0.0010, Train: 1.0000, Val: 0.7000, Test: 0.7050
Epoch: 57, Loss: 0.0011, Train: 1.0000, Val: 0.7000, Test: 0.7040
Epoch: 58, Loss: 0.0011, Train: 1.0000, Val: 0.7020, Test: 0.7040
Epoch: 59, Loss: 0.0012, Train: 1.0000, Val: 0.7000, Test: 0.7040
Epoch: 60, Loss: 0.0011, Train: 1.0000, Val: 0.7000, Test: 0.7030
Epoch: 61, Loss: 0.0011, Train: 1.0000, Val: 0.7000, Test: 0.7050
Epoch: 62, Loss: 0.0012, Train: 1.0000, Val: 0.7000, Test: 0.7070
Epoch: 63, Loss: 0.0013, Train: 1.0000, Val: 0.7020, Test: 0.7060
Epoch: 64, Loss: 0.0013, Train: 1.0000, Val: 0.7020, Test: 0.7050
Epoch: 65, Loss: 0.0014, Train: 1.0000, Val: 0.7000, Test: 0.7070
Epoch: 66, Loss: 0.0015, Train: 1.0000, Val: 0.7000, Test: 0.7090
Epoch: 67, Loss: 0.0016, Train: 1.0000, Val: 0.7020, Test: 0.7080
Epoch: 68, Loss: 0.0016, Train: 1.0000, Val: 0.7040, Test: 0.7060
Epoch: 69, Loss: 0.0019, Train: 1.0000, Val: 0.7040, Test: 0.7090
Epoch: 70, Loss: 0.0019, Train: 1.0000, Val: 0.7020, Test: 0.7120
Epoch: 71, Loss: 0.0019, Train: 1.0000, Val: 0.7040, Test: 0.7140
Epoch: 72, Loss: 0.0020, Train: 1.0000, Val: 0.7080, Test: 0.7140
Epoch: 73, Loss: 0.0024, Train: 1.0000, Val: 0.7060, Test: 0.7160
Epoch: 74, Loss: 0.0024, Train: 1.0000, Val: 0.7100, Test: 0.7170
Epoch: 75, Loss: 0.0025, Train: 1.0000, Val: 0.7120, Test: 0.7200
Epoch: 76, Loss: 0.0025, Train: 1.0000, Val: 0.7120, Test: 0.7200
Epoch: 77, Loss: 0.0029, Train: 1.0000, Val: 0.7100, Test: 0.7230
Epoch: 78, Loss: 0.0028, Train: 1.0000, Val: 0.7120, Test: 0.7220
Epoch: 79, Loss: 0.0031, Train: 1.0000, Val: 0.7140, Test: 0.7230
Epoch: 80, Loss: 0.0034, Train: 1.0000, Val: 0.7180, Test: 0.7240
Epoch: 81, Loss: 0.0033, Train: 1.0000, Val: 0.7200, Test: 0.7230
Epoch: 82, Loss: 0.0037, Train: 1.0000, Val: 0.7220, Test: 0.7230
Epoch: 83, Loss: 0.0037, Train: 1.0000, Val: 0.7200, Test: 0.7250
Epoch: 84, Loss: 0.0037, Train: 1.0000, Val: 0.7200, Test: 0.7250
Epoch: 85, Loss: 0.0041, Train: 1.0000, Val: 0.7220, Test: 0.7260
Epoch: 86, Loss: 0.0044, Train: 1.0000, Val: 0.7240, Test: 0.7260
Epoch: 87, Loss: 0.0042, Train: 1.0000, Val: 0.7240, Test: 0.7260
Epoch: 88, Loss: 0.0045, Train: 1.0000, Val: 0.7240, Test: 0.7260
Epoch: 89, Loss: 0.0050, Train: 1.0000, Val: 0.7240, Test: 0.7270
Epoch: 90, Loss: 0.0049, Train: 1.0000, Val: 0.7260, Test: 0.7260
Epoch: 91, Loss: 0.0051, Train: 1.0000, Val: 0.7240, Test: 0.7260
Epoch: 92, Loss: 0.0053, Train: 1.0000, Val: 0.7240, Test: 0.7270
Epoch: 93, Loss: 0.0054, Train: 1.0000, Val: 0.7240, Test: 0.7260
Epoch: 94, Loss: 0.0057, Train: 1.0000, Val: 0.7260, Test: 0.7270
Epoch: 95, Loss: 0.0057, Train: 1.0000, Val: 0.7240, Test: 0.7270
Epoch: 96, Loss: 0.0058, Train: 1.0000, Val: 0.7220, Test: 0.7270
Epoch: 97, Loss: 0.0057, Train: 1.0000, Val: 0.7220, Test: 0.7270
Epoch: 98, Loss: 0.0060, Train: 1.0000, Val: 0.7220, Test: 0.7270
Epoch: 99, Loss: 0.0058, Train: 1.0000, Val: 0.7220, Test: 0.7280
Epoch: 100, Loss: 0.0056, Train: 1.0000, Val: 0.7220, Test: 0.7300
MAD:  0.8073
Best Test Accuracy: 0.7650, Val Accuracy: 0.7400, Train Accuracy: 0.9929
Training completed.
Seed:  9
PMPGNN(
  (convs): ModuleList(
    (0): ParallelGNNBlock(
      (conv1): GATv2Conv(256, 256, heads=1)
      (conv2): GATv2Conv(256, 256, heads=1)
      (norm): LayerNorm((256,), eps=1e-05, elementwise_affine=True)
    )
  )
  (norm): LayerNorm((512,), eps=1e-05, elementwise_affine=True)
  (mlp): Linear(in_features=512, out_features=7, bias=True)
  (proj): Linear(in_features=1433, out_features=256, bias=True)
)
Epoch: 1, Loss: 1.9490, Train: 0.4000, Val: 0.2480, Test: 0.2450
Epoch: 2, Loss: 1.9196, Train: 0.7714, Val: 0.4040, Test: 0.3900
Epoch: 3, Loss: 1.8906, Train: 0.9214, Val: 0.5460, Test: 0.5510
Epoch: 4, Loss: 1.8601, Train: 0.9786, Val: 0.6560, Test: 0.6580
Epoch: 5, Loss: 1.8246, Train: 0.9929, Val: 0.6960, Test: 0.7040
Epoch: 6, Loss: 1.7849, Train: 0.9857, Val: 0.7100, Test: 0.7260
Epoch: 7, Loss: 1.7376, Train: 0.9857, Val: 0.7260, Test: 0.7340
Epoch: 8, Loss: 1.6854, Train: 0.9857, Val: 0.7240, Test: 0.7430
Epoch: 9, Loss: 1.6219, Train: 0.9786, Val: 0.7200, Test: 0.7420
Epoch: 10, Loss: 1.5509, Train: 0.9786, Val: 0.7180, Test: 0.7380
Epoch: 11, Loss: 1.4749, Train: 0.9786, Val: 0.7120, Test: 0.7360
Epoch: 12, Loss: 1.3855, Train: 0.9786, Val: 0.7120, Test: 0.7410
Epoch: 13, Loss: 1.2852, Train: 0.9786, Val: 0.7080, Test: 0.7490
Epoch: 14, Loss: 1.1797, Train: 0.9857, Val: 0.7140, Test: 0.7460
Epoch: 15, Loss: 1.0690, Train: 0.9857, Val: 0.7160, Test: 0.7470
Epoch: 16, Loss: 0.9528, Train: 0.9857, Val: 0.7180, Test: 0.7470
Epoch: 17, Loss: 0.8276, Train: 0.9857, Val: 0.7180, Test: 0.7500
Epoch: 18, Loss: 0.7152, Train: 0.9857, Val: 0.7240, Test: 0.7510
Epoch: 19, Loss: 0.6055, Train: 0.9857, Val: 0.7240, Test: 0.7490
Epoch: 20, Loss: 0.4919, Train: 0.9857, Val: 0.7280, Test: 0.7480
Epoch: 21, Loss: 0.3932, Train: 0.9857, Val: 0.7260, Test: 0.7460
Epoch: 22, Loss: 0.3147, Train: 0.9857, Val: 0.7160, Test: 0.7410
Epoch: 23, Loss: 0.2392, Train: 0.9857, Val: 0.7180, Test: 0.7410
Epoch: 24, Loss: 0.1859, Train: 0.9857, Val: 0.7160, Test: 0.7400
Epoch: 25, Loss: 0.1435, Train: 0.9857, Val: 0.7120, Test: 0.7440
Epoch: 26, Loss: 0.1029, Train: 0.9929, Val: 0.7100, Test: 0.7460
Epoch: 27, Loss: 0.0805, Train: 0.9929, Val: 0.7120, Test: 0.7490
Epoch: 28, Loss: 0.0564, Train: 1.0000, Val: 0.7100, Test: 0.7450
Epoch: 29, Loss: 0.0379, Train: 1.0000, Val: 0.7100, Test: 0.7400
Epoch: 30, Loss: 0.0285, Train: 1.0000, Val: 0.7060, Test: 0.7420
Epoch: 31, Loss: 0.0195, Train: 1.0000, Val: 0.7060, Test: 0.7360
Epoch: 32, Loss: 0.0144, Train: 1.0000, Val: 0.6980, Test: 0.7360
Epoch: 33, Loss: 0.0105, Train: 1.0000, Val: 0.6960, Test: 0.7340
Epoch: 34, Loss: 0.0084, Train: 1.0000, Val: 0.6940, Test: 0.7310
Epoch: 35, Loss: 0.0066, Train: 1.0000, Val: 0.6920, Test: 0.7300
Epoch: 36, Loss: 0.0046, Train: 1.0000, Val: 0.6880, Test: 0.7290
Epoch: 37, Loss: 0.0039, Train: 1.0000, Val: 0.6840, Test: 0.7310
Epoch: 38, Loss: 0.0033, Train: 1.0000, Val: 0.6820, Test: 0.7280
Epoch: 39, Loss: 0.0025, Train: 1.0000, Val: 0.6820, Test: 0.7270
Epoch: 40, Loss: 0.0024, Train: 1.0000, Val: 0.6740, Test: 0.7260
Epoch: 41, Loss: 0.0021, Train: 1.0000, Val: 0.6740, Test: 0.7270
Epoch: 42, Loss: 0.0018, Train: 1.0000, Val: 0.6740, Test: 0.7280
Epoch: 43, Loss: 0.0017, Train: 1.0000, Val: 0.6720, Test: 0.7280
Epoch: 44, Loss: 0.0015, Train: 1.0000, Val: 0.6740, Test: 0.7270
Epoch: 45, Loss: 0.0013, Train: 1.0000, Val: 0.6700, Test: 0.7270
Epoch: 46, Loss: 0.0013, Train: 1.0000, Val: 0.6720, Test: 0.7260
Epoch: 47, Loss: 0.0013, Train: 1.0000, Val: 0.6700, Test: 0.7260
Epoch: 48, Loss: 0.0012, Train: 1.0000, Val: 0.6700, Test: 0.7260
Epoch: 49, Loss: 0.0010, Train: 1.0000, Val: 0.6700, Test: 0.7250
Epoch: 50, Loss: 0.0010, Train: 1.0000, Val: 0.6740, Test: 0.7250
Epoch: 51, Loss: 0.0010, Train: 1.0000, Val: 0.6720, Test: 0.7270
Epoch: 52, Loss: 0.0012, Train: 1.0000, Val: 0.6720, Test: 0.7260
Epoch: 53, Loss: 0.0010, Train: 1.0000, Val: 0.6720, Test: 0.7250
Epoch: 54, Loss: 0.0011, Train: 1.0000, Val: 0.6720, Test: 0.7250
Epoch: 55, Loss: 0.0012, Train: 1.0000, Val: 0.6740, Test: 0.7250
Epoch: 56, Loss: 0.0011, Train: 1.0000, Val: 0.6760, Test: 0.7250
Epoch: 57, Loss: 0.0011, Train: 1.0000, Val: 0.6760, Test: 0.7260
Epoch: 58, Loss: 0.0011, Train: 1.0000, Val: 0.6740, Test: 0.7280
Epoch: 59, Loss: 0.0012, Train: 1.0000, Val: 0.6780, Test: 0.7270
Epoch: 60, Loss: 0.0012, Train: 1.0000, Val: 0.6780, Test: 0.7280
Epoch: 61, Loss: 0.0012, Train: 1.0000, Val: 0.6800, Test: 0.7280
Epoch: 62, Loss: 0.0014, Train: 1.0000, Val: 0.6800, Test: 0.7310
Epoch: 63, Loss: 0.0015, Train: 1.0000, Val: 0.6840, Test: 0.7320
Epoch: 64, Loss: 0.0014, Train: 1.0000, Val: 0.6860, Test: 0.7310
Epoch: 65, Loss: 0.0015, Train: 1.0000, Val: 0.6860, Test: 0.7300
Epoch: 66, Loss: 0.0017, Train: 1.0000, Val: 0.6860, Test: 0.7290
Epoch: 67, Loss: 0.0017, Train: 1.0000, Val: 0.6880, Test: 0.7290
Epoch: 68, Loss: 0.0020, Train: 1.0000, Val: 0.6860, Test: 0.7290
Epoch: 69, Loss: 0.0019, Train: 1.0000, Val: 0.6920, Test: 0.7310
Epoch: 70, Loss: 0.0023, Train: 1.0000, Val: 0.6940, Test: 0.7310
Epoch: 71, Loss: 0.0024, Train: 1.0000, Val: 0.6960, Test: 0.7300
Epoch: 72, Loss: 0.0022, Train: 1.0000, Val: 0.6960, Test: 0.7300
Epoch: 73, Loss: 0.0025, Train: 1.0000, Val: 0.6960, Test: 0.7310
Epoch: 74, Loss: 0.0026, Train: 1.0000, Val: 0.6960, Test: 0.7320
Epoch: 75, Loss: 0.0027, Train: 1.0000, Val: 0.6960, Test: 0.7320
Epoch: 76, Loss: 0.0031, Train: 1.0000, Val: 0.7000, Test: 0.7310
Epoch: 77, Loss: 0.0029, Train: 1.0000, Val: 0.7020, Test: 0.7310
Epoch: 78, Loss: 0.0031, Train: 1.0000, Val: 0.7020, Test: 0.7310
Epoch: 79, Loss: 0.0033, Train: 1.0000, Val: 0.7040, Test: 0.7290
Epoch: 80, Loss: 0.0035, Train: 1.0000, Val: 0.7020, Test: 0.7290
Epoch: 81, Loss: 0.0038, Train: 1.0000, Val: 0.7020, Test: 0.7290
Epoch: 82, Loss: 0.0039, Train: 1.0000, Val: 0.7020, Test: 0.7300
Epoch: 83, Loss: 0.0039, Train: 1.0000, Val: 0.7020, Test: 0.7300
Epoch: 84, Loss: 0.0044, Train: 1.0000, Val: 0.7000, Test: 0.7310
Epoch: 85, Loss: 0.0047, Train: 1.0000, Val: 0.7000, Test: 0.7310
Epoch: 86, Loss: 0.0043, Train: 1.0000, Val: 0.7000, Test: 0.7330
Epoch: 87, Loss: 0.0048, Train: 1.0000, Val: 0.7020, Test: 0.7340
Epoch: 88, Loss: 0.0048, Train: 1.0000, Val: 0.7020, Test: 0.7340
Epoch: 89, Loss: 0.0052, Train: 1.0000, Val: 0.7020, Test: 0.7330
Epoch: 90, Loss: 0.0059, Train: 1.0000, Val: 0.7020, Test: 0.7340
Epoch: 91, Loss: 0.0058, Train: 1.0000, Val: 0.7000, Test: 0.7350
Epoch: 92, Loss: 0.0054, Train: 1.0000, Val: 0.7020, Test: 0.7350
Epoch: 93, Loss: 0.0057, Train: 1.0000, Val: 0.7020, Test: 0.7330
Epoch: 94, Loss: 0.0060, Train: 1.0000, Val: 0.7020, Test: 0.7350
Epoch: 95, Loss: 0.0059, Train: 1.0000, Val: 0.7020, Test: 0.7350
Epoch: 96, Loss: 0.0060, Train: 1.0000, Val: 0.7060, Test: 0.7360
Epoch: 97, Loss: 0.0060, Train: 1.0000, Val: 0.7060, Test: 0.7360
Epoch: 98, Loss: 0.0059, Train: 1.0000, Val: 0.7000, Test: 0.7340
Epoch: 99, Loss: 0.0056, Train: 1.0000, Val: 0.7000, Test: 0.7340
Epoch: 100, Loss: 0.0062, Train: 1.0000, Val: 0.7000, Test: 0.7340
MAD:  0.8133
Best Test Accuracy: 0.7510, Val Accuracy: 0.7240, Train Accuracy: 0.9857
Training completed.
Average Test Accuracy:  0.7564  0.012815615474880648
Average MAD:  0.81641  0.045555536436310336
