Seed:  0
PMPGNN(
  (convs): ModuleList(
    (0): ParallelGNNBlock(
      (conv1): GATv2Conv(128, 128, heads=4)
      (conv2): GATv2Conv(128, 128, heads=4)
      (norm): LayerNorm((128,), eps=1e-05, elementwise_affine=True)
    )
    (1-11): 11 x ParallelGNNBlock(
      (conv1): GATv2Conv(1024, 128, heads=4)
      (conv2): GATv2Conv(1024, 128, heads=4)
      (norm): LayerNorm((128,), eps=1e-05, elementwise_affine=True)
    )
  )
  (norm): LayerNorm((1024,), eps=1e-05, elementwise_affine=True)
  (mlp): Sequential(
    (0): Linear(in_features=1024, out_features=64, bias=True)
    (1): LeakyReLU(negative_slope=0.01)
    (2): Dropout(p=0.3, inplace=False)
    (3): Linear(in_features=64, out_features=7, bias=True)
  )
  (proj): Linear(in_features=1433, out_features=128, bias=True)
)
Epoch: 1, Loss: 1.9539, Train: 0.2071, Val: 0.1400, Test: 0.1390
Epoch: 2, Loss: 1.9995, Train: 0.1429, Val: 0.1140, Test: 0.1050
Epoch: 3, Loss: 1.9176, Train: 0.1714, Val: 0.1200, Test: 0.1190
Epoch: 4, Loss: 1.9505, Train: 0.1500, Val: 0.0720, Test: 0.0950
Epoch: 5, Loss: 1.9621, Train: 0.1429, Val: 0.3160, Test: 0.3190
Epoch: 6, Loss: 1.9728, Train: 0.1429, Val: 0.1220, Test: 0.1300
Epoch: 7, Loss: 1.9306, Train: 0.1429, Val: 0.1220, Test: 0.1300
Epoch: 8, Loss: 1.9806, Train: 0.1429, Val: 0.1220, Test: 0.1300
Epoch: 9, Loss: 1.9517, Train: 0.1429, Val: 0.1220, Test: 0.1300
Epoch: 10, Loss: 1.9598, Train: 0.1429, Val: 0.1560, Test: 0.1440
Epoch: 11, Loss: 2.0042, Train: 0.1429, Val: 0.1560, Test: 0.1440
Epoch: 12, Loss: 1.9666, Train: 0.1429, Val: 0.1560, Test: 0.1440
Epoch: 13, Loss: 1.9513, Train: 0.1429, Val: 0.1140, Test: 0.1030
Epoch: 14, Loss: 1.9592, Train: 0.1429, Val: 0.1140, Test: 0.1030
Epoch: 15, Loss: 1.9340, Train: 0.1429, Val: 0.1140, Test: 0.1030
Epoch: 16, Loss: 1.9693, Train: 0.1429, Val: 0.1140, Test: 0.1030
Epoch: 17, Loss: 1.9623, Train: 0.1429, Val: 0.1140, Test: 0.1030
Epoch: 18, Loss: 1.9523, Train: 0.1429, Val: 0.1140, Test: 0.1030
Epoch: 19, Loss: 1.9611, Train: 0.1429, Val: 0.0720, Test: 0.0910
Epoch: 20, Loss: 1.9319, Train: 0.1429, Val: 0.3160, Test: 0.3190
Epoch: 21, Loss: 1.9626, Train: 0.1429, Val: 0.3160, Test: 0.3190
Epoch: 22, Loss: 1.9593, Train: 0.1429, Val: 0.3160, Test: 0.3190
Epoch: 23, Loss: 1.9562, Train: 0.1429, Val: 0.3160, Test: 0.3190
Epoch: 24, Loss: 1.9542, Train: 0.1429, Val: 0.3160, Test: 0.3190
Epoch: 25, Loss: 1.9681, Train: 0.1429, Val: 0.1220, Test: 0.1300
Epoch: 26, Loss: 1.9581, Train: 0.1429, Val: 0.1220, Test: 0.1300
Epoch: 27, Loss: 1.9497, Train: 0.1429, Val: 0.0720, Test: 0.0910
Epoch: 28, Loss: 1.9488, Train: 0.1429, Val: 0.0720, Test: 0.0910
Epoch: 29, Loss: 1.9420, Train: 0.1429, Val: 0.0720, Test: 0.0910
Epoch: 30, Loss: 1.9492, Train: 0.1429, Val: 0.0720, Test: 0.0910
Epoch: 31, Loss: 1.9464, Train: 0.3286, Val: 0.1640, Test: 0.1830
Epoch: 32, Loss: 1.9583, Train: 0.1429, Val: 0.0580, Test: 0.0640
Epoch: 33, Loss: 1.9473, Train: 0.1429, Val: 0.0580, Test: 0.0640
Epoch: 34, Loss: 1.9655, Train: 0.1429, Val: 0.0580, Test: 0.0640
Epoch: 35, Loss: 1.9523, Train: 0.1429, Val: 0.0580, Test: 0.0640
Epoch: 36, Loss: 1.9522, Train: 0.1429, Val: 0.0580, Test: 0.0640
Epoch: 37, Loss: 1.9451, Train: 0.1429, Val: 0.0580, Test: 0.0640
Epoch: 38, Loss: 1.9511, Train: 0.1429, Val: 0.0580, Test: 0.0640
Epoch: 39, Loss: 1.9504, Train: 0.2214, Val: 0.0820, Test: 0.1040
Epoch: 40, Loss: 1.9432, Train: 0.1429, Val: 0.1140, Test: 0.1030
Epoch: 41, Loss: 1.9454, Train: 0.1429, Val: 0.1140, Test: 0.1030
Epoch: 42, Loss: 1.9420, Train: 0.1429, Val: 0.1140, Test: 0.1030
Epoch: 43, Loss: 1.9396, Train: 0.1429, Val: 0.1560, Test: 0.1440
Epoch: 44, Loss: 1.9444, Train: 0.1429, Val: 0.1620, Test: 0.1490
Epoch: 45, Loss: 1.9413, Train: 0.1429, Val: 0.1620, Test: 0.1490
Epoch: 46, Loss: 1.9553, Train: 0.1429, Val: 0.1620, Test: 0.1490
Epoch: 47, Loss: 1.9553, Train: 0.1429, Val: 0.1620, Test: 0.1490
Epoch: 48, Loss: 1.9586, Train: 0.1429, Val: 0.1620, Test: 0.1490
Epoch: 49, Loss: 1.9442, Train: 0.1429, Val: 0.1560, Test: 0.1440
Epoch: 50, Loss: 1.9550, Train: 0.1429, Val: 0.1560, Test: 0.1440
MAD:  0.0012
Best Test Accuracy: 0.3190, Val Accuracy: 0.3160, Train Accuracy: 0.1429
Training completed.
Seed:  1
PMPGNN(
  (convs): ModuleList(
    (0): ParallelGNNBlock(
      (conv1): GATv2Conv(128, 128, heads=4)
      (conv2): GATv2Conv(128, 128, heads=4)
      (norm): LayerNorm((128,), eps=1e-05, elementwise_affine=True)
    )
    (1-11): 11 x ParallelGNNBlock(
      (conv1): GATv2Conv(1024, 128, heads=4)
      (conv2): GATv2Conv(1024, 128, heads=4)
      (norm): LayerNorm((128,), eps=1e-05, elementwise_affine=True)
    )
  )
  (norm): LayerNorm((1024,), eps=1e-05, elementwise_affine=True)
  (mlp): Sequential(
    (0): Linear(in_features=1024, out_features=64, bias=True)
    (1): LeakyReLU(negative_slope=0.01)
    (2): Dropout(p=0.3, inplace=False)
    (3): Linear(in_features=64, out_features=7, bias=True)
  )
  (proj): Linear(in_features=1433, out_features=128, bias=True)
)
Epoch: 1, Loss: 2.0027, Train: 0.1429, Val: 0.2920, Test: 0.2970
Epoch: 2, Loss: 1.9621, Train: 0.1429, Val: 0.3160, Test: 0.3190
Epoch: 3, Loss: 1.9643, Train: 0.1429, Val: 0.3160, Test: 0.3190
Epoch: 4, Loss: 1.9643, Train: 0.2286, Val: 0.3160, Test: 0.2920
Epoch: 5, Loss: 1.9641, Train: 0.3071, Val: 0.3900, Test: 0.3890
Epoch: 6, Loss: 1.9796, Train: 0.1429, Val: 0.1560, Test: 0.1440
Epoch: 7, Loss: 1.9507, Train: 0.1429, Val: 0.1560, Test: 0.1440
Epoch: 8, Loss: 1.9823, Train: 0.1429, Val: 0.1620, Test: 0.1490
Epoch: 9, Loss: 1.9583, Train: 0.1429, Val: 0.1620, Test: 0.1490
Epoch: 10, Loss: 1.9618, Train: 0.1429, Val: 0.1620, Test: 0.1490
Epoch: 11, Loss: 1.9353, Train: 0.1429, Val: 0.1620, Test: 0.1490
Epoch: 12, Loss: 1.9536, Train: 0.1429, Val: 0.1620, Test: 0.1490
Epoch: 13, Loss: 1.9506, Train: 0.1429, Val: 0.1620, Test: 0.1490
Epoch: 14, Loss: 1.9728, Train: 0.1429, Val: 0.1620, Test: 0.1490
Epoch: 15, Loss: 1.9439, Train: 0.1429, Val: 0.1620, Test: 0.1490
Epoch: 16, Loss: 1.9456, Train: 0.1429, Val: 0.1620, Test: 0.1490
Epoch: 17, Loss: 1.9635, Train: 0.1429, Val: 0.1620, Test: 0.1490
Epoch: 18, Loss: 1.9660, Train: 0.1643, Val: 0.0900, Test: 0.1060
Epoch: 19, Loss: 1.9396, Train: 0.1429, Val: 0.0720, Test: 0.0910
Epoch: 20, Loss: 1.9484, Train: 0.1429, Val: 0.0720, Test: 0.0910
Epoch: 21, Loss: 1.9526, Train: 0.1429, Val: 0.0720, Test: 0.0910
Epoch: 22, Loss: 1.9425, Train: 0.1429, Val: 0.0720, Test: 0.0910
Epoch: 23, Loss: 1.9586, Train: 0.1429, Val: 0.1620, Test: 0.1490
Epoch: 24, Loss: 1.9416, Train: 0.1429, Val: 0.1640, Test: 0.1500
Epoch: 25, Loss: 1.9569, Train: 0.1429, Val: 0.0720, Test: 0.0910
Epoch: 26, Loss: 1.9453, Train: 0.1429, Val: 0.0720, Test: 0.0910
Epoch: 27, Loss: 1.9502, Train: 0.1429, Val: 0.0720, Test: 0.0910
Epoch: 28, Loss: 1.9439, Train: 0.1429, Val: 0.0720, Test: 0.0910
Epoch: 29, Loss: 1.9585, Train: 0.1429, Val: 0.0720, Test: 0.0910
Epoch: 30, Loss: 1.9555, Train: 0.1429, Val: 0.0720, Test: 0.0910
Epoch: 31, Loss: 1.9628, Train: 0.1429, Val: 0.0720, Test: 0.0910
Epoch: 32, Loss: 1.9558, Train: 0.1429, Val: 0.0580, Test: 0.0640
Epoch: 33, Loss: 1.9524, Train: 0.1786, Val: 0.1220, Test: 0.1340
Epoch: 34, Loss: 1.9469, Train: 0.1500, Val: 0.1220, Test: 0.1310
Epoch: 35, Loss: 1.9790, Train: 0.1429, Val: 0.1620, Test: 0.1490
Epoch: 36, Loss: 1.9520, Train: 0.1429, Val: 0.1620, Test: 0.1490
Epoch: 37, Loss: 1.9573, Train: 0.1429, Val: 0.1620, Test: 0.1490
Epoch: 38, Loss: 1.9447, Train: 0.1429, Val: 0.1620, Test: 0.1490
Epoch: 39, Loss: 1.9513, Train: 0.1429, Val: 0.1620, Test: 0.1490
Epoch: 40, Loss: 1.9518, Train: 0.1429, Val: 0.0720, Test: 0.0910
Epoch: 41, Loss: 1.9463, Train: 0.1429, Val: 0.0720, Test: 0.0910
Epoch: 42, Loss: 1.9450, Train: 0.1429, Val: 0.0720, Test: 0.0910
Epoch: 43, Loss: 1.9419, Train: 0.1429, Val: 0.1140, Test: 0.1030
Epoch: 44, Loss: 1.9442, Train: 0.1500, Val: 0.1140, Test: 0.1040
Epoch: 45, Loss: 1.9378, Train: 0.2143, Val: 0.1180, Test: 0.1150
Epoch: 46, Loss: 1.9572, Train: 0.2500, Val: 0.1480, Test: 0.1450
Epoch: 47, Loss: 1.9563, Train: 0.1429, Val: 0.0580, Test: 0.0640
Epoch: 48, Loss: 1.9509, Train: 0.1429, Val: 0.0580, Test: 0.0640
Epoch: 49, Loss: 1.9493, Train: 0.1429, Val: 0.0580, Test: 0.0640
Epoch: 50, Loss: 1.9420, Train: 0.1429, Val: 0.0580, Test: 0.0640
MAD:  0.0027
Best Test Accuracy: 0.3890, Val Accuracy: 0.3900, Train Accuracy: 0.3071
Training completed.
Seed:  2
PMPGNN(
  (convs): ModuleList(
    (0): ParallelGNNBlock(
      (conv1): GATv2Conv(128, 128, heads=4)
      (conv2): GATv2Conv(128, 128, heads=4)
      (norm): LayerNorm((128,), eps=1e-05, elementwise_affine=True)
    )
    (1-11): 11 x ParallelGNNBlock(
      (conv1): GATv2Conv(1024, 128, heads=4)
      (conv2): GATv2Conv(1024, 128, heads=4)
      (norm): LayerNorm((128,), eps=1e-05, elementwise_affine=True)
    )
  )
  (norm): LayerNorm((1024,), eps=1e-05, elementwise_affine=True)
  (mlp): Sequential(
    (0): Linear(in_features=1024, out_features=64, bias=True)
    (1): LeakyReLU(negative_slope=0.01)
    (2): Dropout(p=0.3, inplace=False)
    (3): Linear(in_features=64, out_features=7, bias=True)
  )
  (proj): Linear(in_features=1433, out_features=128, bias=True)
)
Epoch: 1, Loss: 1.9777, Train: 0.1571, Val: 0.1280, Test: 0.1080
Epoch: 2, Loss: 1.9547, Train: 0.1429, Val: 0.2880, Test: 0.3110
Epoch: 3, Loss: 1.9444, Train: 0.1429, Val: 0.0560, Test: 0.0660
Epoch: 4, Loss: 1.9472, Train: 0.1429, Val: 0.0580, Test: 0.0640
Epoch: 5, Loss: 1.9468, Train: 0.2000, Val: 0.1680, Test: 0.1610
Epoch: 6, Loss: 1.9609, Train: 0.1429, Val: 0.1620, Test: 0.1490
Epoch: 7, Loss: 1.9711, Train: 0.1429, Val: 0.1620, Test: 0.1490
Epoch: 8, Loss: 1.9389, Train: 0.1429, Val: 0.1620, Test: 0.1490
Epoch: 9, Loss: 1.9480, Train: 0.2429, Val: 0.2240, Test: 0.2120
Epoch: 10, Loss: 1.9666, Train: 0.1500, Val: 0.1220, Test: 0.1310
Epoch: 11, Loss: 1.9339, Train: 0.1429, Val: 0.1220, Test: 0.1300
Epoch: 12, Loss: 1.9364, Train: 0.1429, Val: 0.1220, Test: 0.1300
Epoch: 13, Loss: 1.9307, Train: 0.1429, Val: 0.1220, Test: 0.1300
Epoch: 14, Loss: 1.9427, Train: 0.1429, Val: 0.1220, Test: 0.1300
Epoch: 15, Loss: 1.9634, Train: 0.1429, Val: 0.1220, Test: 0.1300
Epoch: 16, Loss: 1.9595, Train: 0.1429, Val: 0.1220, Test: 0.1300
Epoch: 17, Loss: 1.9593, Train: 0.1429, Val: 0.1220, Test: 0.1300
Epoch: 18, Loss: 1.9630, Train: 0.1429, Val: 0.1220, Test: 0.1300
Epoch: 19, Loss: 1.9843, Train: 0.1429, Val: 0.1220, Test: 0.1300
Epoch: 20, Loss: 1.9543, Train: 0.1429, Val: 0.1220, Test: 0.1300
Epoch: 21, Loss: 1.9398, Train: 0.1429, Val: 0.1220, Test: 0.1300
Epoch: 22, Loss: 1.9380, Train: 0.1429, Val: 0.1220, Test: 0.1300
Epoch: 23, Loss: 1.9382, Train: 0.1429, Val: 0.1220, Test: 0.1300
Epoch: 24, Loss: 1.9549, Train: 0.1429, Val: 0.1220, Test: 0.1300
Epoch: 25, Loss: 1.9490, Train: 0.1857, Val: 0.1700, Test: 0.1600
Epoch: 26, Loss: 1.9699, Train: 0.1429, Val: 0.1560, Test: 0.1440
Epoch: 27, Loss: 1.9560, Train: 0.1429, Val: 0.1560, Test: 0.1440
Epoch: 28, Loss: 1.9460, Train: 0.1429, Val: 0.1560, Test: 0.1440
Epoch: 29, Loss: 1.9410, Train: 0.1429, Val: 0.1560, Test: 0.1440
Epoch: 30, Loss: 1.9474, Train: 0.1429, Val: 0.1560, Test: 0.1440
Epoch: 31, Loss: 1.9517, Train: 0.1429, Val: 0.1560, Test: 0.1440
Epoch: 32, Loss: 1.9558, Train: 0.2571, Val: 0.1320, Test: 0.1320
Epoch: 33, Loss: 1.9476, Train: 0.2000, Val: 0.1180, Test: 0.1120
Epoch: 34, Loss: 1.9528, Train: 0.1786, Val: 0.1140, Test: 0.1060
Epoch: 35, Loss: 1.9374, Train: 0.1786, Val: 0.1140, Test: 0.1060
Epoch: 36, Loss: 1.9428, Train: 0.1786, Val: 0.1140, Test: 0.1060
Epoch: 37, Loss: 1.9504, Train: 0.1429, Val: 0.1620, Test: 0.1490
Epoch: 38, Loss: 1.9424, Train: 0.1786, Val: 0.1620, Test: 0.1520
Epoch: 39, Loss: 1.9357, Train: 0.1929, Val: 0.1640, Test: 0.1600
Epoch: 40, Loss: 1.9356, Train: 0.2071, Val: 0.1740, Test: 0.1630
Epoch: 41, Loss: 1.9410, Train: 0.2143, Val: 0.1420, Test: 0.1390
Epoch: 42, Loss: 1.9425, Train: 0.2429, Val: 0.1220, Test: 0.1240
Epoch: 43, Loss: 1.9246, Train: 0.1571, Val: 0.0580, Test: 0.0700
Epoch: 44, Loss: 1.9264, Train: 0.1571, Val: 0.0580, Test: 0.0650
Epoch: 45, Loss: 1.9303, Train: 0.2643, Val: 0.1120, Test: 0.1380
Epoch: 46, Loss: 1.9276, Train: 0.2429, Val: 0.1000, Test: 0.1150
Epoch: 47, Loss: 1.9026, Train: 0.2214, Val: 0.1280, Test: 0.1310
Epoch: 48, Loss: 1.8701, Train: 0.2214, Val: 0.1480, Test: 0.1440
Epoch: 49, Loss: 1.8443, Train: 0.2214, Val: 0.1220, Test: 0.1240
Epoch: 50, Loss: 1.7803, Train: 0.2286, Val: 0.1420, Test: 0.1340
MAD:  0.0129
Best Test Accuracy: 0.3110, Val Accuracy: 0.2880, Train Accuracy: 0.1429
Training completed.
Seed:  3
PMPGNN(
  (convs): ModuleList(
    (0): ParallelGNNBlock(
      (conv1): GATv2Conv(128, 128, heads=4)
      (conv2): GATv2Conv(128, 128, heads=4)
      (norm): LayerNorm((128,), eps=1e-05, elementwise_affine=True)
    )
    (1-11): 11 x ParallelGNNBlock(
      (conv1): GATv2Conv(1024, 128, heads=4)
      (conv2): GATv2Conv(1024, 128, heads=4)
      (norm): LayerNorm((128,), eps=1e-05, elementwise_affine=True)
    )
  )
  (norm): LayerNorm((1024,), eps=1e-05, elementwise_affine=True)
  (mlp): Sequential(
    (0): Linear(in_features=1024, out_features=64, bias=True)
    (1): LeakyReLU(negative_slope=0.01)
    (2): Dropout(p=0.3, inplace=False)
    (3): Linear(in_features=64, out_features=7, bias=True)
  )
  (proj): Linear(in_features=1433, out_features=128, bias=True)
)
Epoch: 1, Loss: 1.9873, Train: 0.1429, Val: 0.3060, Test: 0.2950
Epoch: 2, Loss: 1.9979, Train: 0.1500, Val: 0.0780, Test: 0.0960
Epoch: 3, Loss: 1.9837, Train: 0.1929, Val: 0.0820, Test: 0.1010
Epoch: 4, Loss: 1.9782, Train: 0.1429, Val: 0.0720, Test: 0.0910
Epoch: 5, Loss: 1.9701, Train: 0.1786, Val: 0.1120, Test: 0.1130
Epoch: 6, Loss: 1.9710, Train: 0.1429, Val: 0.1560, Test: 0.1440
Epoch: 7, Loss: 1.9613, Train: 0.2786, Val: 0.2500, Test: 0.2550
Epoch: 8, Loss: 1.9405, Train: 0.1429, Val: 0.1220, Test: 0.1300
Epoch: 9, Loss: 1.9363, Train: 0.1429, Val: 0.1220, Test: 0.1300
Epoch: 10, Loss: 1.9366, Train: 0.1429, Val: 0.1220, Test: 0.1300
Epoch: 11, Loss: 1.9626, Train: 0.1429, Val: 0.1220, Test: 0.1300
Epoch: 12, Loss: 1.9674, Train: 0.1429, Val: 0.1220, Test: 0.1300
Epoch: 13, Loss: 1.9470, Train: 0.1429, Val: 0.1220, Test: 0.1300
Epoch: 14, Loss: 1.9502, Train: 0.1429, Val: 0.1220, Test: 0.1300
Epoch: 15, Loss: 1.9448, Train: 0.1429, Val: 0.1220, Test: 0.1300
Epoch: 16, Loss: 1.9450, Train: 0.1429, Val: 0.3160, Test: 0.3190
Epoch: 17, Loss: 1.9563, Train: 0.1429, Val: 0.3160, Test: 0.3190
Epoch: 18, Loss: 1.9394, Train: 0.1429, Val: 0.3160, Test: 0.3190
Epoch: 19, Loss: 1.9511, Train: 0.1429, Val: 0.3160, Test: 0.3190
Epoch: 20, Loss: 1.9430, Train: 0.1429, Val: 0.1620, Test: 0.1490
Epoch: 21, Loss: 1.9542, Train: 0.1429, Val: 0.0720, Test: 0.0910
Epoch: 22, Loss: 1.9703, Train: 0.1429, Val: 0.0720, Test: 0.0910
Epoch: 23, Loss: 1.9429, Train: 0.1429, Val: 0.0720, Test: 0.0910
Epoch: 24, Loss: 1.9487, Train: 0.1429, Val: 0.0720, Test: 0.0910
Epoch: 25, Loss: 1.9482, Train: 0.1929, Val: 0.0980, Test: 0.1220
Epoch: 26, Loss: 1.9571, Train: 0.1429, Val: 0.1140, Test: 0.1030
Epoch: 27, Loss: 1.9559, Train: 0.1429, Val: 0.1140, Test: 0.1030
Epoch: 28, Loss: 1.9477, Train: 0.1429, Val: 0.1140, Test: 0.1030
Epoch: 29, Loss: 1.9558, Train: 0.1429, Val: 0.1560, Test: 0.1440
Epoch: 30, Loss: 1.9623, Train: 0.1429, Val: 0.1560, Test: 0.1440
Epoch: 31, Loss: 1.9473, Train: 0.1429, Val: 0.1560, Test: 0.1440
Epoch: 32, Loss: 1.9464, Train: 0.1429, Val: 0.1560, Test: 0.1440
Epoch: 33, Loss: 1.9435, Train: 0.1429, Val: 0.1560, Test: 0.1440
Epoch: 34, Loss: 1.9534, Train: 0.1429, Val: 0.1560, Test: 0.1440
Epoch: 35, Loss: 1.9515, Train: 0.1429, Val: 0.1560, Test: 0.1440
Epoch: 36, Loss: 1.9437, Train: 0.1429, Val: 0.1560, Test: 0.1440
Epoch: 37, Loss: 1.9487, Train: 0.1429, Val: 0.1560, Test: 0.1440
Epoch: 38, Loss: 1.9484, Train: 0.1429, Val: 0.1560, Test: 0.1440
Epoch: 39, Loss: 1.9448, Train: 0.1429, Val: 0.1560, Test: 0.1440
Epoch: 40, Loss: 1.9496, Train: 0.1429, Val: 0.1560, Test: 0.1440
Epoch: 41, Loss: 1.9466, Train: 0.1429, Val: 0.1560, Test: 0.1440
Epoch: 42, Loss: 1.9448, Train: 0.1429, Val: 0.1560, Test: 0.1440
Epoch: 43, Loss: 1.9453, Train: 0.1429, Val: 0.1560, Test: 0.1440
Epoch: 44, Loss: 1.9494, Train: 0.1429, Val: 0.1560, Test: 0.1440
Epoch: 45, Loss: 1.9458, Train: 0.1429, Val: 0.1560, Test: 0.1440
Epoch: 46, Loss: 1.9462, Train: 0.1429, Val: 0.1560, Test: 0.1440
Epoch: 47, Loss: 1.9460, Train: 0.1429, Val: 0.1560, Test: 0.1440
Epoch: 48, Loss: 1.9476, Train: 0.1429, Val: 0.1560, Test: 0.1440
Epoch: 49, Loss: 1.9463, Train: 0.1429, Val: 0.1560, Test: 0.1440
Epoch: 50, Loss: 1.9485, Train: 0.1429, Val: 0.1560, Test: 0.1440
MAD:  0.0
Best Test Accuracy: 0.3190, Val Accuracy: 0.3160, Train Accuracy: 0.1429
Training completed.
Seed:  4
PMPGNN(
  (convs): ModuleList(
    (0): ParallelGNNBlock(
      (conv1): GATv2Conv(128, 128, heads=4)
      (conv2): GATv2Conv(128, 128, heads=4)
      (norm): LayerNorm((128,), eps=1e-05, elementwise_affine=True)
    )
    (1-11): 11 x ParallelGNNBlock(
      (conv1): GATv2Conv(1024, 128, heads=4)
      (conv2): GATv2Conv(1024, 128, heads=4)
      (norm): LayerNorm((128,), eps=1e-05, elementwise_affine=True)
    )
  )
  (norm): LayerNorm((1024,), eps=1e-05, elementwise_affine=True)
  (mlp): Sequential(
    (0): Linear(in_features=1024, out_features=64, bias=True)
    (1): LeakyReLU(negative_slope=0.01)
    (2): Dropout(p=0.3, inplace=False)
    (3): Linear(in_features=64, out_features=7, bias=True)
  )
  (proj): Linear(in_features=1433, out_features=128, bias=True)
)
Epoch: 1, Loss: 1.9751, Train: 0.1500, Val: 0.1580, Test: 0.1520
Epoch: 2, Loss: 1.9530, Train: 0.2000, Val: 0.2660, Test: 0.2760
Epoch: 3, Loss: 1.9768, Train: 0.1429, Val: 0.1220, Test: 0.1300
Epoch: 4, Loss: 1.9530, Train: 0.1429, Val: 0.1220, Test: 0.1300
Epoch: 5, Loss: 1.9751, Train: 0.1429, Val: 0.1220, Test: 0.1300
Epoch: 6, Loss: 1.9409, Train: 0.1929, Val: 0.0840, Test: 0.1050
Epoch: 7, Loss: 1.9485, Train: 0.1429, Val: 0.0720, Test: 0.0910
Epoch: 8, Loss: 1.9337, Train: 0.1429, Val: 0.0720, Test: 0.0910
Epoch: 9, Loss: 1.9729, Train: 0.1429, Val: 0.0720, Test: 0.0910
Epoch: 10, Loss: 1.9478, Train: 0.1429, Val: 0.0720, Test: 0.0910
Epoch: 11, Loss: 1.9634, Train: 0.1500, Val: 0.0780, Test: 0.0940
Epoch: 12, Loss: 1.9428, Train: 0.1429, Val: 0.3160, Test: 0.3190
Epoch: 13, Loss: 1.9578, Train: 0.1429, Val: 0.3160, Test: 0.3190
Epoch: 14, Loss: 1.9942, Train: 0.1429, Val: 0.3160, Test: 0.3190
Epoch: 15, Loss: 1.9591, Train: 0.1786, Val: 0.1760, Test: 0.1570
Epoch: 16, Loss: 1.9606, Train: 0.1429, Val: 0.1620, Test: 0.1490
Epoch: 17, Loss: 1.9628, Train: 0.1786, Val: 0.1680, Test: 0.1540
Epoch: 18, Loss: 1.9516, Train: 0.1929, Val: 0.1380, Test: 0.1370
Epoch: 19, Loss: 1.9761, Train: 0.1429, Val: 0.1140, Test: 0.1030
Epoch: 20, Loss: 1.9891, Train: 0.1429, Val: 0.1140, Test: 0.1030
Epoch: 21, Loss: 1.9752, Train: 0.1429, Val: 0.1140, Test: 0.1030
Epoch: 22, Loss: 1.9460, Train: 0.1429, Val: 0.1140, Test: 0.1030
Epoch: 23, Loss: 1.9373, Train: 0.1429, Val: 0.1140, Test: 0.1030
Epoch: 24, Loss: 1.9615, Train: 0.1429, Val: 0.1140, Test: 0.1030
Epoch: 25, Loss: 1.9431, Train: 0.1429, Val: 0.1560, Test: 0.1440
Epoch: 26, Loss: 1.9484, Train: 0.1429, Val: 0.1560, Test: 0.1440
Epoch: 27, Loss: 1.9516, Train: 0.1429, Val: 0.1560, Test: 0.1440
Epoch: 28, Loss: 1.9463, Train: 0.1429, Val: 0.1560, Test: 0.1440
Epoch: 29, Loss: 1.9457, Train: 0.1429, Val: 0.1560, Test: 0.1440
Epoch: 30, Loss: 1.9487, Train: 0.1429, Val: 0.1560, Test: 0.1440
Epoch: 31, Loss: 1.9490, Train: 0.1429, Val: 0.1560, Test: 0.1440
Epoch: 32, Loss: 1.9378, Train: 0.1429, Val: 0.1560, Test: 0.1440
Epoch: 33, Loss: 1.9357, Train: 0.1429, Val: 0.1560, Test: 0.1440
Epoch: 34, Loss: 1.9532, Train: 0.1429, Val: 0.1560, Test: 0.1440
Epoch: 35, Loss: 1.9543, Train: 0.1429, Val: 0.1560, Test: 0.1440
Epoch: 36, Loss: 1.9504, Train: 0.1429, Val: 0.1560, Test: 0.1440
Epoch: 37, Loss: 1.9405, Train: 0.1429, Val: 0.1560, Test: 0.1440
Epoch: 38, Loss: 1.9384, Train: 0.1429, Val: 0.1560, Test: 0.1440
Epoch: 39, Loss: 1.9485, Train: 0.1429, Val: 0.1560, Test: 0.1440
Epoch: 40, Loss: 1.9487, Train: 0.1429, Val: 0.1560, Test: 0.1440
Epoch: 41, Loss: 1.9413, Train: 0.1429, Val: 0.1560, Test: 0.1440
Epoch: 42, Loss: 1.9508, Train: 0.1429, Val: 0.1560, Test: 0.1440
Epoch: 43, Loss: 1.9480, Train: 0.1429, Val: 0.1620, Test: 0.1440
Epoch: 44, Loss: 1.9379, Train: 0.1429, Val: 0.1220, Test: 0.1300
Epoch: 45, Loss: 1.9428, Train: 0.2786, Val: 0.1980, Test: 0.2060
Epoch: 46, Loss: 1.9380, Train: 0.1429, Val: 0.1140, Test: 0.1030
Epoch: 47, Loss: 1.9358, Train: 0.1429, Val: 0.1140, Test: 0.1030
Epoch: 48, Loss: 1.9360, Train: 0.1429, Val: 0.1140, Test: 0.1030
Epoch: 49, Loss: 1.9255, Train: 0.1429, Val: 0.1140, Test: 0.1030
Epoch: 50, Loss: 1.9365, Train: 0.1714, Val: 0.0840, Test: 0.0800
MAD:  0.0002
Best Test Accuracy: 0.3190, Val Accuracy: 0.3160, Train Accuracy: 0.1429
Training completed.
Seed:  5
PMPGNN(
  (convs): ModuleList(
    (0): ParallelGNNBlock(
      (conv1): GATv2Conv(128, 128, heads=4)
      (conv2): GATv2Conv(128, 128, heads=4)
      (norm): LayerNorm((128,), eps=1e-05, elementwise_affine=True)
    )
    (1-11): 11 x ParallelGNNBlock(
      (conv1): GATv2Conv(1024, 128, heads=4)
      (conv2): GATv2Conv(1024, 128, heads=4)
      (norm): LayerNorm((128,), eps=1e-05, elementwise_affine=True)
    )
  )
  (norm): LayerNorm((1024,), eps=1e-05, elementwise_affine=True)
  (mlp): Sequential(
    (0): Linear(in_features=1024, out_features=64, bias=True)
    (1): LeakyReLU(negative_slope=0.01)
    (2): Dropout(p=0.3, inplace=False)
    (3): Linear(in_features=64, out_features=7, bias=True)
  )
  (proj): Linear(in_features=1433, out_features=128, bias=True)
)
Epoch: 1, Loss: 1.9879, Train: 0.1143, Val: 0.1300, Test: 0.1160
Epoch: 2, Loss: 2.0240, Train: 0.1500, Val: 0.2220, Test: 0.2340
Epoch: 3, Loss: 1.9688, Train: 0.1429, Val: 0.1620, Test: 0.1490
Epoch: 4, Loss: 1.9419, Train: 0.1429, Val: 0.1620, Test: 0.1490
Epoch: 5, Loss: 1.9899, Train: 0.1429, Val: 0.0580, Test: 0.0640
Epoch: 6, Loss: 1.9386, Train: 0.1429, Val: 0.1140, Test: 0.1030
Epoch: 7, Loss: 1.9728, Train: 0.1571, Val: 0.1340, Test: 0.1200
Epoch: 8, Loss: 1.9451, Train: 0.1429, Val: 0.1560, Test: 0.1440
Epoch: 9, Loss: 1.9741, Train: 0.1429, Val: 0.1220, Test: 0.1300
Epoch: 10, Loss: 1.9623, Train: 0.1429, Val: 0.1220, Test: 0.1300
Epoch: 11, Loss: 1.9648, Train: 0.1429, Val: 0.1220, Test: 0.1300
Epoch: 12, Loss: 1.9570, Train: 0.1429, Val: 0.1220, Test: 0.1300
Epoch: 13, Loss: 1.9355, Train: 0.1429, Val: 0.1220, Test: 0.1300
Epoch: 14, Loss: 1.9794, Train: 0.1429, Val: 0.0720, Test: 0.0910
Epoch: 15, Loss: 1.9684, Train: 0.1429, Val: 0.0720, Test: 0.0910
Epoch: 16, Loss: 1.9374, Train: 0.1429, Val: 0.1220, Test: 0.1300
Epoch: 17, Loss: 1.9476, Train: 0.1429, Val: 0.0580, Test: 0.0640
Epoch: 18, Loss: 1.9325, Train: 0.1429, Val: 0.0580, Test: 0.0640
Epoch: 19, Loss: 1.9364, Train: 0.1429, Val: 0.0580, Test: 0.0640
Epoch: 20, Loss: 1.9566, Train: 0.1429, Val: 0.0580, Test: 0.0640
Epoch: 21, Loss: 1.9679, Train: 0.1429, Val: 0.0580, Test: 0.0640
Epoch: 22, Loss: 1.9650, Train: 0.1429, Val: 0.0580, Test: 0.0640
Epoch: 23, Loss: 1.9396, Train: 0.1429, Val: 0.0580, Test: 0.0640
Epoch: 24, Loss: 1.9628, Train: 0.1429, Val: 0.0580, Test: 0.0640
Epoch: 25, Loss: 1.9475, Train: 0.1429, Val: 0.3160, Test: 0.3190
Epoch: 26, Loss: 1.9493, Train: 0.1429, Val: 0.3160, Test: 0.3190
Epoch: 27, Loss: 1.9575, Train: 0.1429, Val: 0.3160, Test: 0.3190
Epoch: 28, Loss: 1.9643, Train: 0.1429, Val: 0.3160, Test: 0.3190
Epoch: 29, Loss: 1.9462, Train: 0.1429, Val: 0.3160, Test: 0.3190
Epoch: 30, Loss: 1.9586, Train: 0.1429, Val: 0.3160, Test: 0.3190
Epoch: 31, Loss: 1.9418, Train: 0.1429, Val: 0.1220, Test: 0.1300
Epoch: 32, Loss: 1.9493, Train: 0.1429, Val: 0.1220, Test: 0.1300
Epoch: 33, Loss: 1.9608, Train: 0.1429, Val: 0.0580, Test: 0.0640
Epoch: 34, Loss: 1.9416, Train: 0.1429, Val: 0.0580, Test: 0.0640
Epoch: 35, Loss: 1.9501, Train: 0.1429, Val: 0.0580, Test: 0.0640
Epoch: 36, Loss: 1.9447, Train: 0.1429, Val: 0.0580, Test: 0.0640
Epoch: 37, Loss: 1.9476, Train: 0.1429, Val: 0.0580, Test: 0.0640
Epoch: 38, Loss: 1.9426, Train: 0.1429, Val: 0.0580, Test: 0.0640
Epoch: 39, Loss: 1.9452, Train: 0.1429, Val: 0.0580, Test: 0.0640
Epoch: 40, Loss: 1.9577, Train: 0.1429, Val: 0.0580, Test: 0.0640
Epoch: 41, Loss: 1.9511, Train: 0.1429, Val: 0.0580, Test: 0.0640
Epoch: 42, Loss: 1.9530, Train: 0.1429, Val: 0.0580, Test: 0.0640
Epoch: 43, Loss: 1.9437, Train: 0.1429, Val: 0.1220, Test: 0.1300
Epoch: 44, Loss: 1.9530, Train: 0.1429, Val: 0.1220, Test: 0.1300
Epoch: 45, Loss: 1.9476, Train: 0.1429, Val: 0.1220, Test: 0.1300
Epoch: 46, Loss: 1.9559, Train: 0.1429, Val: 0.1220, Test: 0.1300
Epoch: 47, Loss: 1.9437, Train: 0.1429, Val: 0.1220, Test: 0.1300
Epoch: 48, Loss: 1.9549, Train: 0.1643, Val: 0.3280, Test: 0.3320
Epoch: 49, Loss: 1.9501, Train: 0.1429, Val: 0.3160, Test: 0.3190
Epoch: 50, Loss: 1.9457, Train: 0.1429, Val: 0.1220, Test: 0.1300
MAD:  0.0
Best Test Accuracy: 0.3320, Val Accuracy: 0.3280, Train Accuracy: 0.1643
Training completed.
Seed:  6
PMPGNN(
  (convs): ModuleList(
    (0): ParallelGNNBlock(
      (conv1): GATv2Conv(128, 128, heads=4)
      (conv2): GATv2Conv(128, 128, heads=4)
      (norm): LayerNorm((128,), eps=1e-05, elementwise_affine=True)
    )
    (1-11): 11 x ParallelGNNBlock(
      (conv1): GATv2Conv(1024, 128, heads=4)
      (conv2): GATv2Conv(1024, 128, heads=4)
      (norm): LayerNorm((128,), eps=1e-05, elementwise_affine=True)
    )
  )
  (norm): LayerNorm((1024,), eps=1e-05, elementwise_affine=True)
  (mlp): Sequential(
    (0): Linear(in_features=1024, out_features=64, bias=True)
    (1): LeakyReLU(negative_slope=0.01)
    (2): Dropout(p=0.3, inplace=False)
    (3): Linear(in_features=64, out_features=7, bias=True)
  )
  (proj): Linear(in_features=1433, out_features=128, bias=True)
)
Epoch: 1, Loss: 1.9610, Train: 0.1357, Val: 0.3080, Test: 0.3080
Epoch: 2, Loss: 2.0107, Train: 0.1429, Val: 0.3160, Test: 0.3190
Epoch: 3, Loss: 1.9378, Train: 0.1643, Val: 0.1900, Test: 0.1910
Epoch: 4, Loss: 1.9805, Train: 0.1786, Val: 0.3320, Test: 0.3310
Epoch: 5, Loss: 1.9694, Train: 0.1429, Val: 0.3160, Test: 0.3190
Epoch: 6, Loss: 1.9358, Train: 0.1429, Val: 0.3160, Test: 0.3190
Epoch: 7, Loss: 1.9157, Train: 0.1429, Val: 0.1140, Test: 0.1030
Epoch: 8, Loss: 1.9682, Train: 0.1429, Val: 0.1140, Test: 0.1030
Epoch: 9, Loss: 1.9557, Train: 0.1571, Val: 0.1160, Test: 0.1080
Epoch: 10, Loss: 1.9647, Train: 0.2286, Val: 0.2960, Test: 0.2910
Epoch: 11, Loss: 1.9679, Train: 0.1429, Val: 0.0580, Test: 0.0640
Epoch: 12, Loss: 1.9630, Train: 0.1429, Val: 0.0580, Test: 0.0640
Epoch: 13, Loss: 1.9856, Train: 0.1429, Val: 0.0580, Test: 0.0640
Epoch: 14, Loss: 1.9668, Train: 0.1429, Val: 0.0580, Test: 0.0640
Epoch: 15, Loss: 1.9442, Train: 0.1429, Val: 0.0720, Test: 0.0910
Epoch: 16, Loss: 1.9232, Train: 0.1429, Val: 0.0720, Test: 0.0910
Epoch: 17, Loss: 1.9372, Train: 0.1429, Val: 0.0720, Test: 0.0910
Epoch: 18, Loss: 1.9675, Train: 0.1429, Val: 0.0720, Test: 0.0910
Epoch: 19, Loss: 1.9602, Train: 0.1429, Val: 0.0720, Test: 0.0910
Epoch: 20, Loss: 1.9468, Train: 0.1429, Val: 0.1560, Test: 0.1440
Epoch: 21, Loss: 1.9522, Train: 0.2000, Val: 0.1680, Test: 0.1580
Epoch: 22, Loss: 1.9492, Train: 0.1429, Val: 0.0580, Test: 0.0640
Epoch: 23, Loss: 1.9442, Train: 0.1429, Val: 0.3160, Test: 0.3190
Epoch: 24, Loss: 1.9340, Train: 0.1429, Val: 0.3160, Test: 0.3190
Epoch: 25, Loss: 1.9452, Train: 0.1429, Val: 0.3160, Test: 0.3190
Epoch: 26, Loss: 1.9324, Train: 0.1429, Val: 0.3160, Test: 0.3190
Epoch: 27, Loss: 1.9423, Train: 0.1429, Val: 0.1560, Test: 0.1440
Epoch: 28, Loss: 1.9715, Train: 0.1429, Val: 0.0720, Test: 0.0910
Epoch: 29, Loss: 1.9473, Train: 0.1429, Val: 0.0720, Test: 0.0910
Epoch: 30, Loss: 1.9541, Train: 0.1429, Val: 0.0720, Test: 0.0910
Epoch: 31, Loss: 1.9430, Train: 0.1429, Val: 0.0720, Test: 0.0910
Epoch: 32, Loss: 1.9584, Train: 0.1429, Val: 0.0720, Test: 0.0910
Epoch: 33, Loss: 1.9451, Train: 0.1429, Val: 0.0720, Test: 0.0910
Epoch: 34, Loss: 1.9436, Train: 0.1429, Val: 0.0720, Test: 0.0910
Epoch: 35, Loss: 1.9555, Train: 0.1429, Val: 0.0720, Test: 0.0910
Epoch: 36, Loss: 1.9505, Train: 0.1429, Val: 0.0720, Test: 0.0910
Epoch: 37, Loss: 1.9445, Train: 0.1429, Val: 0.0720, Test: 0.0910
Epoch: 38, Loss: 1.9441, Train: 0.1429, Val: 0.0720, Test: 0.0910
Epoch: 39, Loss: 1.9486, Train: 0.1429, Val: 0.0720, Test: 0.0910
Epoch: 40, Loss: 1.9510, Train: 0.1429, Val: 0.0720, Test: 0.0910
Epoch: 41, Loss: 1.9483, Train: 0.1429, Val: 0.0720, Test: 0.0910
Epoch: 42, Loss: 1.9467, Train: 0.1429, Val: 0.1620, Test: 0.1490
Epoch: 43, Loss: 1.9453, Train: 0.1429, Val: 0.1620, Test: 0.1490
Epoch: 44, Loss: 1.9458, Train: 0.1429, Val: 0.1620, Test: 0.1490
Epoch: 45, Loss: 1.9430, Train: 0.1429, Val: 0.1620, Test: 0.1490
Epoch: 46, Loss: 1.9446, Train: 0.1429, Val: 0.1620, Test: 0.1490
Epoch: 47, Loss: 1.9387, Train: 0.1429, Val: 0.1620, Test: 0.1490
Epoch: 48, Loss: 1.9481, Train: 0.1429, Val: 0.1620, Test: 0.1490
Epoch: 49, Loss: 1.9326, Train: 0.1429, Val: 0.1620, Test: 0.1490
Epoch: 50, Loss: 1.9375, Train: 0.1786, Val: 0.1620, Test: 0.1520
MAD:  0.002
Best Test Accuracy: 0.3310, Val Accuracy: 0.3320, Train Accuracy: 0.1786
Training completed.
Seed:  7
PMPGNN(
  (convs): ModuleList(
    (0): ParallelGNNBlock(
      (conv1): GATv2Conv(128, 128, heads=4)
      (conv2): GATv2Conv(128, 128, heads=4)
      (norm): LayerNorm((128,), eps=1e-05, elementwise_affine=True)
    )
    (1-11): 11 x ParallelGNNBlock(
      (conv1): GATv2Conv(1024, 128, heads=4)
      (conv2): GATv2Conv(1024, 128, heads=4)
      (norm): LayerNorm((128,), eps=1e-05, elementwise_affine=True)
    )
  )
  (norm): LayerNorm((1024,), eps=1e-05, elementwise_affine=True)
  (mlp): Sequential(
    (0): Linear(in_features=1024, out_features=64, bias=True)
    (1): LeakyReLU(negative_slope=0.01)
    (2): Dropout(p=0.3, inplace=False)
    (3): Linear(in_features=64, out_features=7, bias=True)
  )
  (proj): Linear(in_features=1433, out_features=128, bias=True)
)
Epoch: 1, Loss: 2.0538, Train: 0.1429, Val: 0.3160, Test: 0.3190
Epoch: 2, Loss: 1.9587, Train: 0.1429, Val: 0.0800, Test: 0.0930
Epoch: 3, Loss: 1.9781, Train: 0.1429, Val: 0.0720, Test: 0.0910
Epoch: 4, Loss: 1.9718, Train: 0.1429, Val: 0.3160, Test: 0.3190
Epoch: 5, Loss: 1.9757, Train: 0.1429, Val: 0.3160, Test: 0.3190
Epoch: 6, Loss: 1.9755, Train: 0.1429, Val: 0.3160, Test: 0.3190
Epoch: 7, Loss: 1.9584, Train: 0.1429, Val: 0.3160, Test: 0.3190
Epoch: 8, Loss: 1.9508, Train: 0.1429, Val: 0.1620, Test: 0.1490
Epoch: 9, Loss: 1.9499, Train: 0.1429, Val: 0.1620, Test: 0.1490
Epoch: 10, Loss: 1.9517, Train: 0.1429, Val: 0.1620, Test: 0.1490
Epoch: 11, Loss: 1.9585, Train: 0.1429, Val: 0.1620, Test: 0.1490
Epoch: 12, Loss: 1.9453, Train: 0.1429, Val: 0.1140, Test: 0.1030
Epoch: 13, Loss: 1.9597, Train: 0.1429, Val: 0.1140, Test: 0.1030
Epoch: 14, Loss: 1.9384, Train: 0.1429, Val: 0.1140, Test: 0.1030
Epoch: 15, Loss: 1.9582, Train: 0.1429, Val: 0.1140, Test: 0.1030
Epoch: 16, Loss: 1.9579, Train: 0.1429, Val: 0.1140, Test: 0.1030
Epoch: 17, Loss: 1.9542, Train: 0.1429, Val: 0.3160, Test: 0.3190
Epoch: 18, Loss: 1.9458, Train: 0.1429, Val: 0.3160, Test: 0.3190
Epoch: 19, Loss: 1.9467, Train: 0.1429, Val: 0.3160, Test: 0.3190
Epoch: 20, Loss: 1.9503, Train: 0.1429, Val: 0.3160, Test: 0.3190
Epoch: 21, Loss: 1.9555, Train: 0.1429, Val: 0.1620, Test: 0.1490
Epoch: 22, Loss: 1.9481, Train: 0.1429, Val: 0.1620, Test: 0.1490
Epoch: 23, Loss: 1.9532, Train: 0.1429, Val: 0.1620, Test: 0.1490
Epoch: 24, Loss: 1.9525, Train: 0.1429, Val: 0.1620, Test: 0.1490
Epoch: 25, Loss: 1.9430, Train: 0.1429, Val: 0.1620, Test: 0.1490
Epoch: 26, Loss: 1.9515, Train: 0.1429, Val: 0.1620, Test: 0.1490
Epoch: 27, Loss: 1.9483, Train: 0.1429, Val: 0.1620, Test: 0.1490
Epoch: 28, Loss: 1.9485, Train: 0.1429, Val: 0.1620, Test: 0.1490
Epoch: 29, Loss: 1.9462, Train: 0.1429, Val: 0.1620, Test: 0.1490
Epoch: 30, Loss: 1.9478, Train: 0.1429, Val: 0.1620, Test: 0.1490
Epoch: 31, Loss: 1.9444, Train: 0.1429, Val: 0.1620, Test: 0.1490
Epoch: 32, Loss: 1.9466, Train: 0.1429, Val: 0.1620, Test: 0.1490
Epoch: 33, Loss: 1.9554, Train: 0.1429, Val: 0.1620, Test: 0.1490
Epoch: 34, Loss: 1.9492, Train: 0.1429, Val: 0.1620, Test: 0.1490
Epoch: 35, Loss: 1.9416, Train: 0.1429, Val: 0.1620, Test: 0.1490
Epoch: 36, Loss: 1.9457, Train: 0.1429, Val: 0.1620, Test: 0.1490
Epoch: 37, Loss: 1.9440, Train: 0.1429, Val: 0.1620, Test: 0.1490
Epoch: 38, Loss: 1.9430, Train: 0.1429, Val: 0.1620, Test: 0.1490
Epoch: 39, Loss: 1.9502, Train: 0.1429, Val: 0.1620, Test: 0.1490
Epoch: 40, Loss: 1.9411, Train: 0.1429, Val: 0.1620, Test: 0.1490
Epoch: 41, Loss: 1.9535, Train: 0.1429, Val: 0.3160, Test: 0.3190
Epoch: 42, Loss: 1.9508, Train: 0.1429, Val: 0.3160, Test: 0.3190
Epoch: 43, Loss: 1.9463, Train: 0.1429, Val: 0.3160, Test: 0.3190
Epoch: 44, Loss: 1.9465, Train: 0.1429, Val: 0.3160, Test: 0.3190
Epoch: 45, Loss: 1.9469, Train: 0.1571, Val: 0.0780, Test: 0.0810
Epoch: 46, Loss: 1.9514, Train: 0.1500, Val: 0.0680, Test: 0.0670
Epoch: 47, Loss: 1.9462, Train: 0.1429, Val: 0.0580, Test: 0.0640
Epoch: 48, Loss: 1.9601, Train: 0.1429, Val: 0.0580, Test: 0.0640
Epoch: 49, Loss: 1.9435, Train: 0.1429, Val: 0.0580, Test: 0.0640
Epoch: 50, Loss: 1.9419, Train: 0.1429, Val: 0.0580, Test: 0.0640
MAD:  0.0314
Best Test Accuracy: 0.3190, Val Accuracy: 0.3160, Train Accuracy: 0.1429
Training completed.
Seed:  8
PMPGNN(
  (convs): ModuleList(
    (0): ParallelGNNBlock(
      (conv1): GATv2Conv(128, 128, heads=4)
      (conv2): GATv2Conv(128, 128, heads=4)
      (norm): LayerNorm((128,), eps=1e-05, elementwise_affine=True)
    )
    (1-11): 11 x ParallelGNNBlock(
      (conv1): GATv2Conv(1024, 128, heads=4)
      (conv2): GATv2Conv(1024, 128, heads=4)
      (norm): LayerNorm((128,), eps=1e-05, elementwise_affine=True)
    )
  )
  (norm): LayerNorm((1024,), eps=1e-05, elementwise_affine=True)
  (mlp): Sequential(
    (0): Linear(in_features=1024, out_features=64, bias=True)
    (1): LeakyReLU(negative_slope=0.01)
    (2): Dropout(p=0.3, inplace=False)
    (3): Linear(in_features=64, out_features=7, bias=True)
  )
  (proj): Linear(in_features=1433, out_features=128, bias=True)
)
Epoch: 1, Loss: 1.9464, Train: 0.1429, Val: 0.1240, Test: 0.1260
Epoch: 2, Loss: 1.9655, Train: 0.1571, Val: 0.1100, Test: 0.1320
Epoch: 3, Loss: 1.9468, Train: 0.1429, Val: 0.0580, Test: 0.0640
Epoch: 4, Loss: 1.9454, Train: 0.1429, Val: 0.0580, Test: 0.0640
Epoch: 5, Loss: 1.9632, Train: 0.1500, Val: 0.1560, Test: 0.1460
Epoch: 6, Loss: 1.9833, Train: 0.1429, Val: 0.1620, Test: 0.1490
Epoch: 7, Loss: 1.9772, Train: 0.1429, Val: 0.1620, Test: 0.1490
Epoch: 8, Loss: 1.9486, Train: 0.1714, Val: 0.1540, Test: 0.1440
Epoch: 9, Loss: 1.9958, Train: 0.1786, Val: 0.1720, Test: 0.1620
Epoch: 10, Loss: 1.9710, Train: 0.1429, Val: 0.1620, Test: 0.1490
Epoch: 11, Loss: 1.9627, Train: 0.1429, Val: 0.1620, Test: 0.1490
Epoch: 12, Loss: 1.9536, Train: 0.1429, Val: 0.1620, Test: 0.1490
Epoch: 13, Loss: 1.9605, Train: 0.1429, Val: 0.1620, Test: 0.1490
Epoch: 14, Loss: 1.9539, Train: 0.1429, Val: 0.1620, Test: 0.1490
Epoch: 15, Loss: 1.9424, Train: 0.1429, Val: 0.1220, Test: 0.1300
Epoch: 16, Loss: 1.9341, Train: 0.1429, Val: 0.1220, Test: 0.1300
Epoch: 17, Loss: 1.9576, Train: 0.1429, Val: 0.1220, Test: 0.1300
Epoch: 18, Loss: 1.9634, Train: 0.1429, Val: 0.0720, Test: 0.0910
Epoch: 19, Loss: 1.9570, Train: 0.1429, Val: 0.1140, Test: 0.1030
Epoch: 20, Loss: 1.9483, Train: 0.1429, Val: 0.1140, Test: 0.1030
Epoch: 21, Loss: 1.9565, Train: 0.1429, Val: 0.1140, Test: 0.1030
Epoch: 22, Loss: 1.9525, Train: 0.1429, Val: 0.1140, Test: 0.1030
Epoch: 23, Loss: 1.9606, Train: 0.1429, Val: 0.1140, Test: 0.1030
Epoch: 24, Loss: 1.9571, Train: 0.1429, Val: 0.1140, Test: 0.1030
Epoch: 25, Loss: 1.9425, Train: 0.1429, Val: 0.1620, Test: 0.1490
Epoch: 26, Loss: 1.9557, Train: 0.1429, Val: 0.1620, Test: 0.1490
Epoch: 27, Loss: 1.9555, Train: 0.1429, Val: 0.1620, Test: 0.1490
Epoch: 28, Loss: 1.9375, Train: 0.1429, Val: 0.1620, Test: 0.1490
Epoch: 29, Loss: 1.9590, Train: 0.1429, Val: 0.1620, Test: 0.1490
Epoch: 30, Loss: 1.9435, Train: 0.1429, Val: 0.1620, Test: 0.1490
Epoch: 31, Loss: 1.9564, Train: 0.1429, Val: 0.1620, Test: 0.1490
Epoch: 32, Loss: 1.9440, Train: 0.1429, Val: 0.1620, Test: 0.1490
Epoch: 33, Loss: 1.9472, Train: 0.1429, Val: 0.1620, Test: 0.1490
Epoch: 34, Loss: 1.9572, Train: 0.1429, Val: 0.1620, Test: 0.1490
Epoch: 35, Loss: 1.9498, Train: 0.1429, Val: 0.1620, Test: 0.1490
Epoch: 36, Loss: 1.9568, Train: 0.1429, Val: 0.0620, Test: 0.0640
Epoch: 37, Loss: 1.9500, Train: 0.1429, Val: 0.0580, Test: 0.0640
Epoch: 38, Loss: 1.9538, Train: 0.2643, Val: 0.1920, Test: 0.1800
Epoch: 39, Loss: 1.9479, Train: 0.1429, Val: 0.1620, Test: 0.1490
Epoch: 40, Loss: 1.9548, Train: 0.1429, Val: 0.1620, Test: 0.1490
Epoch: 41, Loss: 1.9389, Train: 0.1429, Val: 0.1620, Test: 0.1490
Epoch: 42, Loss: 1.9363, Train: 0.2571, Val: 0.2660, Test: 0.2400
Epoch: 43, Loss: 1.9509, Train: 0.1429, Val: 0.1140, Test: 0.1030
Epoch: 44, Loss: 1.9710, Train: 0.1429, Val: 0.1140, Test: 0.1030
Epoch: 45, Loss: 1.9578, Train: 0.1429, Val: 0.1140, Test: 0.1030
Epoch: 46, Loss: 1.9500, Train: 0.1429, Val: 0.1140, Test: 0.1030
Epoch: 47, Loss: 1.9495, Train: 0.1429, Val: 0.1140, Test: 0.1030
Epoch: 48, Loss: 1.9497, Train: 0.1429, Val: 0.1140, Test: 0.1030
Epoch: 49, Loss: 1.9417, Train: 0.1429, Val: 0.1140, Test: 0.1030
Epoch: 50, Loss: 1.9515, Train: 0.1429, Val: 0.1620, Test: 0.1490
MAD:  0.0
Best Test Accuracy: 0.2400, Val Accuracy: 0.2660, Train Accuracy: 0.2571
Training completed.
Seed:  9
PMPGNN(
  (convs): ModuleList(
    (0): ParallelGNNBlock(
      (conv1): GATv2Conv(128, 128, heads=4)
      (conv2): GATv2Conv(128, 128, heads=4)
      (norm): LayerNorm((128,), eps=1e-05, elementwise_affine=True)
    )
    (1-11): 11 x ParallelGNNBlock(
      (conv1): GATv2Conv(1024, 128, heads=4)
      (conv2): GATv2Conv(1024, 128, heads=4)
      (norm): LayerNorm((128,), eps=1e-05, elementwise_affine=True)
    )
  )
  (norm): LayerNorm((1024,), eps=1e-05, elementwise_affine=True)
  (mlp): Sequential(
    (0): Linear(in_features=1024, out_features=64, bias=True)
    (1): LeakyReLU(negative_slope=0.01)
    (2): Dropout(p=0.3, inplace=False)
    (3): Linear(in_features=64, out_features=7, bias=True)
  )
  (proj): Linear(in_features=1433, out_features=128, bias=True)
)
Epoch: 1, Loss: 1.9616, Train: 0.1786, Val: 0.1200, Test: 0.1170
Epoch: 2, Loss: 1.9863, Train: 0.1429, Val: 0.3160, Test: 0.3160
Epoch: 3, Loss: 1.9585, Train: 0.1429, Val: 0.3160, Test: 0.3180
Epoch: 4, Loss: 1.9500, Train: 0.1429, Val: 0.3160, Test: 0.3190
Epoch: 5, Loss: 1.9710, Train: 0.1429, Val: 0.1300, Test: 0.1450
Epoch: 6, Loss: 1.9428, Train: 0.1429, Val: 0.1220, Test: 0.1300
Epoch: 7, Loss: 1.9715, Train: 0.1429, Val: 0.1220, Test: 0.1300
Epoch: 8, Loss: 1.9614, Train: 0.2714, Val: 0.1880, Test: 0.1870
Epoch: 9, Loss: 1.9582, Train: 0.1429, Val: 0.0720, Test: 0.0910
Epoch: 10, Loss: 1.9774, Train: 0.1500, Val: 0.0720, Test: 0.0920
Epoch: 11, Loss: 1.9716, Train: 0.1429, Val: 0.1620, Test: 0.1490
Epoch: 12, Loss: 1.9662, Train: 0.1429, Val: 0.1620, Test: 0.1490
Epoch: 13, Loss: 1.9567, Train: 0.1429, Val: 0.1620, Test: 0.1490
Epoch: 14, Loss: 1.9711, Train: 0.1429, Val: 0.1620, Test: 0.1490
Epoch: 15, Loss: 1.9466, Train: 0.1429, Val: 0.1620, Test: 0.1490
Epoch: 16, Loss: 1.9498, Train: 0.1429, Val: 0.1620, Test: 0.1490
Epoch: 17, Loss: 1.9607, Train: 0.1429, Val: 0.1220, Test: 0.1300
Epoch: 18, Loss: 1.9403, Train: 0.1429, Val: 0.1220, Test: 0.1300
Epoch: 19, Loss: 1.9289, Train: 0.2357, Val: 0.1840, Test: 0.2000
Epoch: 20, Loss: 1.9407, Train: 0.2071, Val: 0.1480, Test: 0.1730
Epoch: 21, Loss: 1.9617, Train: 0.2786, Val: 0.2900, Test: 0.2770
Epoch: 22, Loss: 1.9384, Train: 0.2786, Val: 0.2940, Test: 0.2680
Epoch: 23, Loss: 1.9636, Train: 0.1429, Val: 0.1560, Test: 0.1440
Epoch: 24, Loss: 1.9425, Train: 0.1429, Val: 0.1560, Test: 0.1440
Epoch: 25, Loss: 1.9417, Train: 0.1357, Val: 0.1540, Test: 0.1440
Epoch: 26, Loss: 1.9348, Train: 0.1214, Val: 0.1280, Test: 0.1220
Epoch: 27, Loss: 1.9510, Train: 0.1357, Val: 0.1280, Test: 0.1280
Epoch: 28, Loss: 1.9587, Train: 0.1429, Val: 0.1220, Test: 0.1300
Epoch: 29, Loss: 1.9650, Train: 0.1429, Val: 0.1220, Test: 0.1300
Epoch: 30, Loss: 1.9417, Train: 0.1429, Val: 0.1220, Test: 0.1300
Epoch: 31, Loss: 1.9467, Train: 0.1429, Val: 0.1220, Test: 0.1300
Epoch: 32, Loss: 1.9406, Train: 0.1429, Val: 0.1220, Test: 0.1300
Epoch: 33, Loss: 1.9504, Train: 0.1429, Val: 0.1220, Test: 0.1300
Epoch: 34, Loss: 1.9628, Train: 0.1429, Val: 0.1220, Test: 0.1300
Epoch: 35, Loss: 1.9464, Train: 0.1429, Val: 0.1220, Test: 0.1300
Epoch: 36, Loss: 1.9372, Train: 0.1429, Val: 0.1220, Test: 0.1300
Epoch: 37, Loss: 1.9463, Train: 0.1429, Val: 0.1220, Test: 0.1300
Epoch: 38, Loss: 1.9651, Train: 0.1429, Val: 0.1220, Test: 0.1300
Epoch: 39, Loss: 1.9701, Train: 0.1429, Val: 0.1220, Test: 0.1300
Epoch: 40, Loss: 1.9534, Train: 0.1429, Val: 0.1220, Test: 0.1300
Epoch: 41, Loss: 1.9453, Train: 0.1429, Val: 0.1220, Test: 0.1300
Epoch: 42, Loss: 1.9501, Train: 0.1429, Val: 0.1220, Test: 0.1300
Epoch: 43, Loss: 1.9515, Train: 0.1429, Val: 0.1220, Test: 0.1300
Epoch: 44, Loss: 1.9551, Train: 0.1429, Val: 0.1220, Test: 0.1300
Epoch: 45, Loss: 1.9461, Train: 0.1429, Val: 0.1220, Test: 0.1300
Epoch: 46, Loss: 1.9421, Train: 0.1429, Val: 0.1220, Test: 0.1300
Epoch: 47, Loss: 1.9516, Train: 0.1429, Val: 0.1220, Test: 0.1300
Epoch: 48, Loss: 1.9401, Train: 0.1571, Val: 0.1740, Test: 0.1720
Epoch: 49, Loss: 1.9379, Train: 0.1929, Val: 0.1700, Test: 0.1570
Epoch: 50, Loss: 1.9444, Train: 0.1929, Val: 0.1620, Test: 0.1550
MAD:  0.0029
Best Test Accuracy: 0.3190, Val Accuracy: 0.3160, Train Accuracy: 0.1429
Training completed.
Average Test Accuracy:  0.31980000000000003 ± 0.03392874887171645
Average MAD:  0.00533 ± 0.009431124005122611
