Seed:  0
PMPGNN(
  (convs): ModuleList(
    (0): ParallelGNNBlock(
      (conv1): GATv2Conv(32, 32, heads=1)
      (conv2): GATv2Conv(32, 32, heads=1)
      (norm): LayerNorm((32,), eps=1e-05, elementwise_affine=True)
    )
  )
  (norm): LayerNorm((64,), eps=1e-05, elementwise_affine=True)
  (mlp): Linear(in_features=64, out_features=7, bias=True)
  (proj): Linear(in_features=1433, out_features=32, bias=True)
)
Epoch: 1, Loss: 1.9506, Train: 0.2214, Val: 0.1900, Test: 0.1820
Epoch: 2, Loss: 1.9413, Train: 0.3143, Val: 0.2240, Test: 0.2180
Epoch: 3, Loss: 1.9311, Train: 0.3786, Val: 0.2520, Test: 0.2570
Epoch: 4, Loss: 1.9207, Train: 0.4357, Val: 0.2880, Test: 0.2960
Epoch: 5, Loss: 1.9146, Train: 0.4857, Val: 0.3080, Test: 0.3200
Epoch: 6, Loss: 1.9023, Train: 0.4929, Val: 0.3420, Test: 0.3370
Epoch: 7, Loss: 1.8912, Train: 0.5143, Val: 0.3700, Test: 0.3610
Epoch: 8, Loss: 1.8805, Train: 0.5429, Val: 0.3860, Test: 0.3710
Epoch: 9, Loss: 1.8726, Train: 0.5929, Val: 0.4000, Test: 0.3840
Epoch: 10, Loss: 1.8612, Train: 0.6357, Val: 0.4160, Test: 0.4000
Epoch: 11, Loss: 1.8462, Train: 0.7071, Val: 0.4340, Test: 0.4160
Epoch: 12, Loss: 1.8339, Train: 0.7571, Val: 0.4480, Test: 0.4290
Epoch: 13, Loss: 1.8228, Train: 0.7714, Val: 0.4600, Test: 0.4450
Epoch: 14, Loss: 1.8074, Train: 0.8000, Val: 0.4920, Test: 0.4670
Epoch: 15, Loss: 1.7914, Train: 0.8500, Val: 0.4940, Test: 0.4840
Epoch: 16, Loss: 1.7761, Train: 0.8643, Val: 0.4940, Test: 0.5020
Epoch: 17, Loss: 1.7610, Train: 0.8929, Val: 0.5140, Test: 0.5130
Epoch: 18, Loss: 1.7461, Train: 0.9000, Val: 0.5240, Test: 0.5240
Epoch: 19, Loss: 1.7309, Train: 0.9071, Val: 0.5300, Test: 0.5260
Epoch: 20, Loss: 1.7090, Train: 0.9214, Val: 0.5380, Test: 0.5350
Epoch: 21, Loss: 1.6918, Train: 0.9429, Val: 0.5460, Test: 0.5490
Epoch: 22, Loss: 1.6622, Train: 0.9429, Val: 0.5420, Test: 0.5570
Epoch: 23, Loss: 1.6450, Train: 0.9429, Val: 0.5420, Test: 0.5610
Epoch: 24, Loss: 1.6278, Train: 0.9429, Val: 0.5500, Test: 0.5680
Epoch: 25, Loss: 1.6080, Train: 0.9429, Val: 0.5560, Test: 0.5740
Epoch: 26, Loss: 1.5691, Train: 0.9429, Val: 0.5640, Test: 0.5770
Epoch: 27, Loss: 1.5496, Train: 0.9571, Val: 0.5740, Test: 0.5790
Epoch: 28, Loss: 1.5336, Train: 0.9643, Val: 0.5720, Test: 0.5820
Epoch: 29, Loss: 1.5041, Train: 0.9714, Val: 0.5740, Test: 0.5850
Epoch: 30, Loss: 1.4782, Train: 0.9714, Val: 0.5780, Test: 0.5870
Epoch: 31, Loss: 1.4572, Train: 0.9714, Val: 0.5760, Test: 0.5910
Epoch: 32, Loss: 1.4159, Train: 0.9714, Val: 0.5820, Test: 0.5950
Epoch: 33, Loss: 1.3780, Train: 0.9786, Val: 0.5840, Test: 0.5930
Epoch: 34, Loss: 1.3472, Train: 0.9786, Val: 0.5860, Test: 0.5970
Epoch: 35, Loss: 1.3257, Train: 0.9786, Val: 0.5880, Test: 0.5990
Epoch: 36, Loss: 1.2855, Train: 0.9786, Val: 0.5840, Test: 0.6000
Epoch: 37, Loss: 1.2591, Train: 0.9786, Val: 0.5780, Test: 0.6020
Epoch: 38, Loss: 1.2343, Train: 0.9786, Val: 0.5820, Test: 0.6040
Epoch: 39, Loss: 1.1885, Train: 0.9786, Val: 0.5780, Test: 0.6090
Epoch: 40, Loss: 1.1606, Train: 0.9786, Val: 0.5800, Test: 0.6080
Epoch: 41, Loss: 1.1147, Train: 0.9786, Val: 0.5800, Test: 0.6150
Epoch: 42, Loss: 1.0715, Train: 0.9786, Val: 0.5900, Test: 0.6200
Epoch: 43, Loss: 1.0537, Train: 0.9786, Val: 0.5900, Test: 0.6250
Epoch: 44, Loss: 1.0060, Train: 0.9786, Val: 0.5940, Test: 0.6290
Epoch: 45, Loss: 0.9719, Train: 0.9786, Val: 0.5920, Test: 0.6290
Epoch: 46, Loss: 0.9286, Train: 0.9786, Val: 0.5940, Test: 0.6330
Epoch: 47, Loss: 0.8936, Train: 0.9786, Val: 0.5980, Test: 0.6360
Epoch: 48, Loss: 0.8627, Train: 0.9786, Val: 0.5980, Test: 0.6400
Epoch: 49, Loss: 0.8042, Train: 0.9786, Val: 0.6040, Test: 0.6410
Epoch: 50, Loss: 0.7741, Train: 0.9786, Val: 0.6080, Test: 0.6440
MAD:  0.8354
Best Test Accuracy: 0.6440, Val Accuracy: 0.6080, Train Accuracy: 0.9786
Training completed.
Seed:  1
PMPGNN(
  (convs): ModuleList(
    (0): ParallelGNNBlock(
      (conv1): GATv2Conv(32, 32, heads=1)
      (conv2): GATv2Conv(32, 32, heads=1)
      (norm): LayerNorm((32,), eps=1e-05, elementwise_affine=True)
    )
  )
  (norm): LayerNorm((64,), eps=1e-05, elementwise_affine=True)
  (mlp): Linear(in_features=64, out_features=7, bias=True)
  (proj): Linear(in_features=1433, out_features=32, bias=True)
)
Epoch: 1, Loss: 1.9505, Train: 0.1929, Val: 0.1600, Test: 0.1640
Epoch: 2, Loss: 1.9424, Train: 0.2643, Val: 0.1800, Test: 0.1770
Epoch: 3, Loss: 1.9347, Train: 0.3143, Val: 0.2040, Test: 0.1890
Epoch: 4, Loss: 1.9239, Train: 0.3643, Val: 0.2100, Test: 0.2030
Epoch: 5, Loss: 1.9165, Train: 0.3929, Val: 0.2340, Test: 0.2430
Epoch: 6, Loss: 1.9092, Train: 0.4357, Val: 0.2720, Test: 0.2910
Epoch: 7, Loss: 1.9021, Train: 0.4571, Val: 0.2960, Test: 0.3270
Epoch: 8, Loss: 1.8906, Train: 0.4786, Val: 0.3320, Test: 0.3610
Epoch: 9, Loss: 1.8847, Train: 0.5143, Val: 0.3640, Test: 0.4010
Epoch: 10, Loss: 1.8766, Train: 0.5286, Val: 0.3940, Test: 0.4220
Epoch: 11, Loss: 1.8629, Train: 0.5357, Val: 0.4200, Test: 0.4440
Epoch: 12, Loss: 1.8532, Train: 0.5643, Val: 0.4460, Test: 0.4600
Epoch: 13, Loss: 1.8452, Train: 0.5714, Val: 0.4540, Test: 0.4790
Epoch: 14, Loss: 1.8341, Train: 0.5786, Val: 0.4700, Test: 0.5050
Epoch: 15, Loss: 1.8213, Train: 0.5786, Val: 0.4780, Test: 0.5200
Epoch: 16, Loss: 1.8087, Train: 0.5786, Val: 0.4940, Test: 0.5280
Epoch: 17, Loss: 1.7927, Train: 0.5857, Val: 0.5080, Test: 0.5370
Epoch: 18, Loss: 1.7784, Train: 0.5929, Val: 0.5240, Test: 0.5440
Epoch: 19, Loss: 1.7631, Train: 0.6000, Val: 0.5380, Test: 0.5520
Epoch: 20, Loss: 1.7537, Train: 0.6357, Val: 0.5480, Test: 0.5680
Epoch: 21, Loss: 1.7325, Train: 0.6500, Val: 0.5620, Test: 0.5820
Epoch: 22, Loss: 1.7174, Train: 0.6643, Val: 0.5660, Test: 0.5890
Epoch: 23, Loss: 1.6978, Train: 0.7286, Val: 0.5740, Test: 0.6040
Epoch: 24, Loss: 1.6792, Train: 0.7500, Val: 0.5860, Test: 0.6150
Epoch: 25, Loss: 1.6597, Train: 0.7714, Val: 0.5920, Test: 0.6210
Epoch: 26, Loss: 1.6354, Train: 0.7929, Val: 0.5980, Test: 0.6340
Epoch: 27, Loss: 1.6085, Train: 0.8143, Val: 0.5980, Test: 0.6450
Epoch: 28, Loss: 1.5936, Train: 0.8357, Val: 0.6040, Test: 0.6500
Epoch: 29, Loss: 1.5555, Train: 0.8429, Val: 0.6100, Test: 0.6630
Epoch: 30, Loss: 1.5421, Train: 0.8714, Val: 0.6220, Test: 0.6710
Epoch: 31, Loss: 1.5045, Train: 0.8857, Val: 0.6300, Test: 0.6780
Epoch: 32, Loss: 1.4810, Train: 0.8929, Val: 0.6340, Test: 0.6850
Epoch: 33, Loss: 1.4648, Train: 0.9071, Val: 0.6320, Test: 0.6890
Epoch: 34, Loss: 1.4214, Train: 0.9071, Val: 0.6400, Test: 0.6870
Epoch: 35, Loss: 1.3910, Train: 0.9214, Val: 0.6440, Test: 0.6870
Epoch: 36, Loss: 1.3639, Train: 0.9357, Val: 0.6520, Test: 0.6900
Epoch: 37, Loss: 1.3199, Train: 0.9357, Val: 0.6500, Test: 0.6890
Epoch: 38, Loss: 1.2904, Train: 0.9357, Val: 0.6500, Test: 0.6910
Epoch: 39, Loss: 1.2623, Train: 0.9429, Val: 0.6520, Test: 0.6920
Epoch: 40, Loss: 1.2405, Train: 0.9571, Val: 0.6540, Test: 0.6880
Epoch: 41, Loss: 1.1933, Train: 0.9571, Val: 0.6560, Test: 0.6950
Epoch: 42, Loss: 1.1522, Train: 0.9643, Val: 0.6580, Test: 0.6940
Epoch: 43, Loss: 1.0986, Train: 0.9643, Val: 0.6520, Test: 0.6940
Epoch: 44, Loss: 1.0574, Train: 0.9643, Val: 0.6540, Test: 0.6970
Epoch: 45, Loss: 1.0308, Train: 0.9643, Val: 0.6580, Test: 0.6970
Epoch: 46, Loss: 0.9923, Train: 0.9714, Val: 0.6660, Test: 0.6910
Epoch: 47, Loss: 0.9485, Train: 0.9714, Val: 0.6660, Test: 0.6930
Epoch: 48, Loss: 0.9181, Train: 0.9714, Val: 0.6640, Test: 0.6910
Epoch: 49, Loss: 0.8657, Train: 0.9786, Val: 0.6700, Test: 0.6960
Epoch: 50, Loss: 0.8301, Train: 0.9786, Val: 0.6720, Test: 0.6980
MAD:  0.6732
Best Test Accuracy: 0.6980, Val Accuracy: 0.6720, Train Accuracy: 0.9786
Training completed.
Seed:  2
PMPGNN(
  (convs): ModuleList(
    (0): ParallelGNNBlock(
      (conv1): GATv2Conv(32, 32, heads=1)
      (conv2): GATv2Conv(32, 32, heads=1)
      (norm): LayerNorm((32,), eps=1e-05, elementwise_affine=True)
    )
  )
  (norm): LayerNorm((64,), eps=1e-05, elementwise_affine=True)
  (mlp): Linear(in_features=64, out_features=7, bias=True)
  (proj): Linear(in_features=1433, out_features=32, bias=True)
)
Epoch: 1, Loss: 1.9468, Train: 0.1429, Val: 0.3160, Test: 0.3190
Epoch: 2, Loss: 1.9371, Train: 0.1500, Val: 0.3160, Test: 0.3190
Epoch: 3, Loss: 1.9276, Train: 0.2071, Val: 0.3160, Test: 0.3230
Epoch: 4, Loss: 1.9185, Train: 0.2357, Val: 0.3240, Test: 0.3290
Epoch: 5, Loss: 1.9094, Train: 0.2786, Val: 0.3260, Test: 0.3350
Epoch: 6, Loss: 1.9007, Train: 0.3286, Val: 0.3400, Test: 0.3460
Epoch: 7, Loss: 1.8897, Train: 0.3714, Val: 0.3480, Test: 0.3670
Epoch: 8, Loss: 1.8794, Train: 0.4571, Val: 0.3800, Test: 0.4100
Epoch: 9, Loss: 1.8706, Train: 0.5857, Val: 0.4300, Test: 0.4430
Epoch: 10, Loss: 1.8573, Train: 0.6929, Val: 0.4800, Test: 0.4820
Epoch: 11, Loss: 1.8483, Train: 0.7500, Val: 0.5260, Test: 0.5140
Epoch: 12, Loss: 1.8341, Train: 0.8071, Val: 0.5600, Test: 0.5460
Epoch: 13, Loss: 1.8241, Train: 0.8143, Val: 0.5760, Test: 0.5800
Epoch: 14, Loss: 1.8119, Train: 0.8357, Val: 0.6040, Test: 0.6060
Epoch: 15, Loss: 1.7982, Train: 0.8643, Val: 0.6180, Test: 0.6190
Epoch: 16, Loss: 1.7847, Train: 0.8857, Val: 0.6360, Test: 0.6260
Epoch: 17, Loss: 1.7682, Train: 0.8857, Val: 0.6360, Test: 0.6420
Epoch: 18, Loss: 1.7525, Train: 0.9000, Val: 0.6400, Test: 0.6580
Epoch: 19, Loss: 1.7354, Train: 0.9000, Val: 0.6400, Test: 0.6660
Epoch: 20, Loss: 1.7189, Train: 0.9000, Val: 0.6420, Test: 0.6660
Epoch: 21, Loss: 1.7002, Train: 0.9000, Val: 0.6360, Test: 0.6670
Epoch: 22, Loss: 1.6818, Train: 0.9071, Val: 0.6460, Test: 0.6640
Epoch: 23, Loss: 1.6683, Train: 0.9214, Val: 0.6400, Test: 0.6650
Epoch: 24, Loss: 1.6482, Train: 0.9286, Val: 0.6400, Test: 0.6680
Epoch: 25, Loss: 1.6290, Train: 0.9357, Val: 0.6420, Test: 0.6670
Epoch: 26, Loss: 1.6025, Train: 0.9357, Val: 0.6420, Test: 0.6650
Epoch: 27, Loss: 1.5874, Train: 0.9357, Val: 0.6420, Test: 0.6580
Epoch: 28, Loss: 1.5577, Train: 0.9500, Val: 0.6380, Test: 0.6520
Epoch: 29, Loss: 1.5282, Train: 0.9500, Val: 0.6280, Test: 0.6430
Epoch: 30, Loss: 1.5025, Train: 0.9643, Val: 0.6320, Test: 0.6470
Epoch: 31, Loss: 1.4779, Train: 0.9643, Val: 0.6280, Test: 0.6410
Epoch: 32, Loss: 1.4607, Train: 0.9714, Val: 0.6220, Test: 0.6340
Epoch: 33, Loss: 1.4204, Train: 0.9786, Val: 0.6220, Test: 0.6340
Epoch: 34, Loss: 1.4002, Train: 0.9786, Val: 0.6200, Test: 0.6340
Epoch: 35, Loss: 1.3659, Train: 0.9857, Val: 0.6240, Test: 0.6340
Epoch: 36, Loss: 1.3367, Train: 0.9857, Val: 0.6280, Test: 0.6340
Epoch: 37, Loss: 1.3253, Train: 0.9786, Val: 0.6300, Test: 0.6370
Epoch: 38, Loss: 1.2587, Train: 0.9786, Val: 0.6300, Test: 0.6350
Epoch: 39, Loss: 1.2436, Train: 0.9786, Val: 0.6300, Test: 0.6390
Epoch: 40, Loss: 1.2007, Train: 0.9786, Val: 0.6300, Test: 0.6370
Epoch: 41, Loss: 1.1786, Train: 0.9714, Val: 0.6220, Test: 0.6380
Epoch: 42, Loss: 1.1267, Train: 0.9714, Val: 0.6240, Test: 0.6390
Epoch: 43, Loss: 1.0911, Train: 0.9714, Val: 0.6280, Test: 0.6400
Epoch: 44, Loss: 1.0727, Train: 0.9714, Val: 0.6260, Test: 0.6370
Epoch: 45, Loss: 1.0189, Train: 0.9714, Val: 0.6260, Test: 0.6390
Epoch: 46, Loss: 0.9781, Train: 0.9714, Val: 0.6280, Test: 0.6410
Epoch: 47, Loss: 0.9528, Train: 0.9714, Val: 0.6320, Test: 0.6400
Epoch: 48, Loss: 0.9185, Train: 0.9714, Val: 0.6340, Test: 0.6410
Epoch: 49, Loss: 0.8682, Train: 0.9786, Val: 0.6400, Test: 0.6430
Epoch: 50, Loss: 0.8321, Train: 0.9786, Val: 0.6440, Test: 0.6480
MAD:  0.7171
Best Test Accuracy: 0.6680, Val Accuracy: 0.6400, Train Accuracy: 0.9286
Training completed.
Seed:  3
PMPGNN(
  (convs): ModuleList(
    (0): ParallelGNNBlock(
      (conv1): GATv2Conv(32, 32, heads=1)
      (conv2): GATv2Conv(32, 32, heads=1)
      (norm): LayerNorm((32,), eps=1e-05, elementwise_affine=True)
    )
  )
  (norm): LayerNorm((64,), eps=1e-05, elementwise_affine=True)
  (mlp): Linear(in_features=64, out_features=7, bias=True)
  (proj): Linear(in_features=1433, out_features=32, bias=True)
)
Epoch: 1, Loss: 1.9516, Train: 0.2357, Val: 0.2780, Test: 0.2840
Epoch: 2, Loss: 1.9435, Train: 0.2500, Val: 0.3220, Test: 0.3270
Epoch: 3, Loss: 1.9379, Train: 0.2714, Val: 0.3360, Test: 0.3400
Epoch: 4, Loss: 1.9304, Train: 0.2786, Val: 0.3360, Test: 0.3460
Epoch: 5, Loss: 1.9244, Train: 0.2857, Val: 0.3520, Test: 0.3560
Epoch: 6, Loss: 1.9167, Train: 0.2857, Val: 0.3620, Test: 0.3630
Epoch: 7, Loss: 1.9088, Train: 0.2929, Val: 0.3660, Test: 0.3650
Epoch: 8, Loss: 1.9019, Train: 0.2929, Val: 0.3660, Test: 0.3690
Epoch: 9, Loss: 1.8959, Train: 0.3143, Val: 0.3700, Test: 0.3730
Epoch: 10, Loss: 1.8865, Train: 0.3214, Val: 0.3800, Test: 0.3750
Epoch: 11, Loss: 1.8778, Train: 0.3214, Val: 0.3860, Test: 0.3770
Epoch: 12, Loss: 1.8688, Train: 0.3429, Val: 0.3880, Test: 0.3800
Epoch: 13, Loss: 1.8585, Train: 0.3500, Val: 0.3940, Test: 0.3840
Epoch: 14, Loss: 1.8515, Train: 0.3500, Val: 0.3980, Test: 0.3880
Epoch: 15, Loss: 1.8376, Train: 0.3500, Val: 0.3980, Test: 0.3890
Epoch: 16, Loss: 1.8304, Train: 0.3571, Val: 0.3980, Test: 0.3950
Epoch: 17, Loss: 1.8137, Train: 0.3571, Val: 0.3940, Test: 0.3950
Epoch: 18, Loss: 1.7999, Train: 0.3714, Val: 0.4020, Test: 0.3990
Epoch: 19, Loss: 1.7877, Train: 0.3786, Val: 0.4080, Test: 0.4020
Epoch: 20, Loss: 1.7732, Train: 0.3857, Val: 0.4100, Test: 0.4060
Epoch: 21, Loss: 1.7580, Train: 0.4143, Val: 0.4140, Test: 0.4100
Epoch: 22, Loss: 1.7461, Train: 0.4429, Val: 0.4200, Test: 0.4180
Epoch: 23, Loss: 1.7303, Train: 0.4786, Val: 0.4280, Test: 0.4320
Epoch: 24, Loss: 1.7224, Train: 0.4929, Val: 0.4340, Test: 0.4460
Epoch: 25, Loss: 1.6947, Train: 0.5357, Val: 0.4440, Test: 0.4560
Epoch: 26, Loss: 1.6815, Train: 0.5714, Val: 0.4520, Test: 0.4600
Epoch: 27, Loss: 1.6622, Train: 0.6357, Val: 0.4640, Test: 0.4740
Epoch: 28, Loss: 1.6338, Train: 0.6643, Val: 0.4640, Test: 0.4800
Epoch: 29, Loss: 1.6163, Train: 0.7000, Val: 0.4740, Test: 0.4900
Epoch: 30, Loss: 1.5984, Train: 0.7143, Val: 0.4780, Test: 0.4910
Epoch: 31, Loss: 1.5735, Train: 0.7286, Val: 0.4920, Test: 0.5020
Epoch: 32, Loss: 1.5443, Train: 0.7357, Val: 0.5020, Test: 0.5080
Epoch: 33, Loss: 1.5202, Train: 0.7500, Val: 0.5060, Test: 0.5150
Epoch: 34, Loss: 1.4979, Train: 0.7500, Val: 0.5120, Test: 0.5250
Epoch: 35, Loss: 1.4817, Train: 0.7643, Val: 0.5200, Test: 0.5330
Epoch: 36, Loss: 1.4519, Train: 0.7857, Val: 0.5380, Test: 0.5500
Epoch: 37, Loss: 1.4147, Train: 0.7929, Val: 0.5400, Test: 0.5560
Epoch: 38, Loss: 1.3999, Train: 0.8071, Val: 0.5500, Test: 0.5650
Epoch: 39, Loss: 1.3567, Train: 0.8143, Val: 0.5540, Test: 0.5700
Epoch: 40, Loss: 1.3329, Train: 0.8214, Val: 0.5600, Test: 0.5810
Epoch: 41, Loss: 1.3075, Train: 0.8429, Val: 0.5660, Test: 0.5900
Epoch: 42, Loss: 1.2800, Train: 0.8714, Val: 0.5720, Test: 0.5950
Epoch: 43, Loss: 1.2476, Train: 0.8714, Val: 0.5760, Test: 0.5960
Epoch: 44, Loss: 1.2044, Train: 0.8714, Val: 0.5780, Test: 0.6020
Epoch: 45, Loss: 1.1951, Train: 0.8786, Val: 0.5860, Test: 0.6020
Epoch: 46, Loss: 1.1465, Train: 0.8786, Val: 0.5880, Test: 0.6080
Epoch: 47, Loss: 1.1263, Train: 0.8786, Val: 0.5980, Test: 0.6210
Epoch: 48, Loss: 1.0969, Train: 0.8786, Val: 0.6060, Test: 0.6290
Epoch: 49, Loss: 1.0447, Train: 0.8929, Val: 0.6180, Test: 0.6340
Epoch: 50, Loss: 1.0296, Train: 0.9071, Val: 0.6220, Test: 0.6450
MAD:  0.6838
Best Test Accuracy: 0.6450, Val Accuracy: 0.6220, Train Accuracy: 0.9071
Training completed.
Seed:  4
PMPGNN(
  (convs): ModuleList(
    (0): ParallelGNNBlock(
      (conv1): GATv2Conv(32, 32, heads=1)
      (conv2): GATv2Conv(32, 32, heads=1)
      (norm): LayerNorm((32,), eps=1e-05, elementwise_affine=True)
    )
  )
  (norm): LayerNorm((64,), eps=1e-05, elementwise_affine=True)
  (mlp): Linear(in_features=64, out_features=7, bias=True)
  (proj): Linear(in_features=1433, out_features=32, bias=True)
)
Epoch: 1, Loss: 1.9494, Train: 0.1643, Val: 0.1140, Test: 0.1060
Epoch: 2, Loss: 1.9437, Train: 0.2071, Val: 0.1140, Test: 0.1130
Epoch: 3, Loss: 1.9356, Train: 0.2571, Val: 0.1240, Test: 0.1200
Epoch: 4, Loss: 1.9275, Train: 0.2857, Val: 0.1400, Test: 0.1330
Epoch: 5, Loss: 1.9202, Train: 0.3000, Val: 0.1740, Test: 0.1530
Epoch: 6, Loss: 1.9143, Train: 0.3214, Val: 0.1860, Test: 0.1810
Epoch: 7, Loss: 1.9083, Train: 0.3429, Val: 0.2240, Test: 0.2040
Epoch: 8, Loss: 1.8987, Train: 0.3929, Val: 0.2620, Test: 0.2380
Epoch: 9, Loss: 1.8902, Train: 0.4214, Val: 0.2840, Test: 0.2660
Epoch: 10, Loss: 1.8834, Train: 0.4500, Val: 0.3120, Test: 0.2980
Epoch: 11, Loss: 1.8700, Train: 0.4714, Val: 0.3400, Test: 0.3250
Epoch: 12, Loss: 1.8644, Train: 0.5000, Val: 0.3700, Test: 0.3570
Epoch: 13, Loss: 1.8541, Train: 0.5500, Val: 0.3900, Test: 0.3830
Epoch: 14, Loss: 1.8448, Train: 0.5929, Val: 0.4260, Test: 0.4130
Epoch: 15, Loss: 1.8320, Train: 0.6500, Val: 0.4400, Test: 0.4360
Epoch: 16, Loss: 1.8260, Train: 0.6929, Val: 0.4600, Test: 0.4590
Epoch: 17, Loss: 1.8126, Train: 0.7286, Val: 0.4760, Test: 0.4810
Epoch: 18, Loss: 1.7993, Train: 0.7714, Val: 0.4860, Test: 0.5020
Epoch: 19, Loss: 1.7916, Train: 0.8214, Val: 0.5040, Test: 0.5300
Epoch: 20, Loss: 1.7724, Train: 0.8429, Val: 0.5260, Test: 0.5520
Epoch: 21, Loss: 1.7569, Train: 0.8786, Val: 0.5580, Test: 0.5780
Epoch: 22, Loss: 1.7535, Train: 0.9000, Val: 0.5680, Test: 0.5930
Epoch: 23, Loss: 1.7274, Train: 0.9143, Val: 0.5920, Test: 0.6130
Epoch: 24, Loss: 1.7172, Train: 0.9286, Val: 0.6020, Test: 0.6230
Epoch: 25, Loss: 1.6881, Train: 0.9429, Val: 0.6120, Test: 0.6420
Epoch: 26, Loss: 1.6735, Train: 0.9500, Val: 0.6280, Test: 0.6560
Epoch: 27, Loss: 1.6662, Train: 0.9571, Val: 0.6320, Test: 0.6590
Epoch: 28, Loss: 1.6382, Train: 0.9643, Val: 0.6420, Test: 0.6710
Epoch: 29, Loss: 1.6147, Train: 0.9714, Val: 0.6400, Test: 0.6730
Epoch: 30, Loss: 1.5991, Train: 0.9714, Val: 0.6440, Test: 0.6820
Epoch: 31, Loss: 1.5724, Train: 0.9643, Val: 0.6540, Test: 0.6790
Epoch: 32, Loss: 1.5539, Train: 0.9643, Val: 0.6620, Test: 0.6790
Epoch: 33, Loss: 1.5191, Train: 0.9571, Val: 0.6680, Test: 0.6820
Epoch: 34, Loss: 1.4972, Train: 0.9571, Val: 0.6680, Test: 0.6870
Epoch: 35, Loss: 1.4770, Train: 0.9571, Val: 0.6720, Test: 0.6940
Epoch: 36, Loss: 1.4466, Train: 0.9643, Val: 0.6760, Test: 0.6950
Epoch: 37, Loss: 1.4148, Train: 0.9643, Val: 0.6860, Test: 0.6970
Epoch: 38, Loss: 1.3847, Train: 0.9643, Val: 0.6880, Test: 0.6960
Epoch: 39, Loss: 1.3455, Train: 0.9714, Val: 0.6920, Test: 0.6930
Epoch: 40, Loss: 1.3290, Train: 0.9714, Val: 0.6940, Test: 0.6920
Epoch: 41, Loss: 1.2933, Train: 0.9786, Val: 0.7020, Test: 0.6920
Epoch: 42, Loss: 1.2755, Train: 0.9786, Val: 0.7000, Test: 0.6960
Epoch: 43, Loss: 1.2283, Train: 0.9786, Val: 0.7000, Test: 0.6970
Epoch: 44, Loss: 1.1955, Train: 0.9786, Val: 0.6980, Test: 0.6980
Epoch: 45, Loss: 1.1548, Train: 0.9786, Val: 0.6940, Test: 0.6980
Epoch: 46, Loss: 1.1402, Train: 0.9786, Val: 0.6900, Test: 0.7000
Epoch: 47, Loss: 1.0833, Train: 0.9786, Val: 0.6920, Test: 0.7010
Epoch: 48, Loss: 1.0480, Train: 0.9786, Val: 0.6900, Test: 0.7000
Epoch: 49, Loss: 1.0277, Train: 0.9786, Val: 0.6880, Test: 0.6970
Epoch: 50, Loss: 0.9979, Train: 0.9786, Val: 0.6880, Test: 0.6980
MAD:  0.898
Best Test Accuracy: 0.7010, Val Accuracy: 0.6920, Train Accuracy: 0.9786
Training completed.
Seed:  5
PMPGNN(
  (convs): ModuleList(
    (0): ParallelGNNBlock(
      (conv1): GATv2Conv(32, 32, heads=1)
      (conv2): GATv2Conv(32, 32, heads=1)
      (norm): LayerNorm((32,), eps=1e-05, elementwise_affine=True)
    )
  )
  (norm): LayerNorm((64,), eps=1e-05, elementwise_affine=True)
  (mlp): Linear(in_features=64, out_features=7, bias=True)
  (proj): Linear(in_features=1433, out_features=32, bias=True)
)
Epoch: 1, Loss: 1.9497, Train: 0.1429, Val: 0.1620, Test: 0.1490
Epoch: 2, Loss: 1.9400, Train: 0.1429, Val: 0.1620, Test: 0.1490
Epoch: 3, Loss: 1.9315, Train: 0.1429, Val: 0.1620, Test: 0.1490
Epoch: 4, Loss: 1.9252, Train: 0.1429, Val: 0.1620, Test: 0.1490
Epoch: 5, Loss: 1.9173, Train: 0.1500, Val: 0.1620, Test: 0.1500
Epoch: 6, Loss: 1.9068, Train: 0.1714, Val: 0.1660, Test: 0.1540
Epoch: 7, Loss: 1.8972, Train: 0.1929, Val: 0.1780, Test: 0.1630
Epoch: 8, Loss: 1.8891, Train: 0.2357, Val: 0.1920, Test: 0.1800
Epoch: 9, Loss: 1.8785, Train: 0.3000, Val: 0.2120, Test: 0.1900
Epoch: 10, Loss: 1.8714, Train: 0.3429, Val: 0.2200, Test: 0.2100
Epoch: 11, Loss: 1.8597, Train: 0.3929, Val: 0.2300, Test: 0.2310
Epoch: 12, Loss: 1.8500, Train: 0.4929, Val: 0.2460, Test: 0.2660
Epoch: 13, Loss: 1.8335, Train: 0.6000, Val: 0.2760, Test: 0.2940
Epoch: 14, Loss: 1.8204, Train: 0.6857, Val: 0.3060, Test: 0.3170
Epoch: 15, Loss: 1.8104, Train: 0.7286, Val: 0.3360, Test: 0.3490
Epoch: 16, Loss: 1.7943, Train: 0.7429, Val: 0.3660, Test: 0.3830
Epoch: 17, Loss: 1.7848, Train: 0.7714, Val: 0.3820, Test: 0.4090
Epoch: 18, Loss: 1.7669, Train: 0.8000, Val: 0.4220, Test: 0.4360
Epoch: 19, Loss: 1.7445, Train: 0.8143, Val: 0.4500, Test: 0.4640
Epoch: 20, Loss: 1.7268, Train: 0.8500, Val: 0.4660, Test: 0.4930
Epoch: 21, Loss: 1.7115, Train: 0.8643, Val: 0.4860, Test: 0.5150
Epoch: 22, Loss: 1.6900, Train: 0.8929, Val: 0.5220, Test: 0.5320
Epoch: 23, Loss: 1.6580, Train: 0.9143, Val: 0.5380, Test: 0.5540
Epoch: 24, Loss: 1.6442, Train: 0.9214, Val: 0.5520, Test: 0.5610
Epoch: 25, Loss: 1.6211, Train: 0.9214, Val: 0.5620, Test: 0.5780
Epoch: 26, Loss: 1.6022, Train: 0.9286, Val: 0.5660, Test: 0.5880
Epoch: 27, Loss: 1.5781, Train: 0.9286, Val: 0.5740, Test: 0.5940
Epoch: 28, Loss: 1.5482, Train: 0.9357, Val: 0.5780, Test: 0.5990
Epoch: 29, Loss: 1.5304, Train: 0.9357, Val: 0.5880, Test: 0.6010
Epoch: 30, Loss: 1.4943, Train: 0.9357, Val: 0.6060, Test: 0.6050
Epoch: 31, Loss: 1.4680, Train: 0.9429, Val: 0.6080, Test: 0.6100
Epoch: 32, Loss: 1.4398, Train: 0.9500, Val: 0.6080, Test: 0.6110
Epoch: 33, Loss: 1.4181, Train: 0.9500, Val: 0.6080, Test: 0.6120
Epoch: 34, Loss: 1.3764, Train: 0.9571, Val: 0.6160, Test: 0.6180
Epoch: 35, Loss: 1.3499, Train: 0.9571, Val: 0.6220, Test: 0.6220
Epoch: 36, Loss: 1.3137, Train: 0.9643, Val: 0.6320, Test: 0.6270
Epoch: 37, Loss: 1.2892, Train: 0.9643, Val: 0.6360, Test: 0.6350
Epoch: 38, Loss: 1.2519, Train: 0.9714, Val: 0.6440, Test: 0.6410
Epoch: 39, Loss: 1.2226, Train: 0.9714, Val: 0.6480, Test: 0.6450
Epoch: 40, Loss: 1.1913, Train: 0.9714, Val: 0.6500, Test: 0.6470
Epoch: 41, Loss: 1.1371, Train: 0.9786, Val: 0.6520, Test: 0.6510
Epoch: 42, Loss: 1.1083, Train: 0.9786, Val: 0.6480, Test: 0.6520
Epoch: 43, Loss: 1.0699, Train: 0.9857, Val: 0.6540, Test: 0.6600
Epoch: 44, Loss: 1.0450, Train: 0.9929, Val: 0.6540, Test: 0.6620
Epoch: 45, Loss: 0.9930, Train: 0.9929, Val: 0.6560, Test: 0.6670
Epoch: 46, Loss: 0.9475, Train: 0.9929, Val: 0.6600, Test: 0.6690
Epoch: 47, Loss: 0.9518, Train: 0.9929, Val: 0.6580, Test: 0.6780
Epoch: 48, Loss: 0.8791, Train: 0.9929, Val: 0.6580, Test: 0.6800
Epoch: 49, Loss: 0.8484, Train: 0.9929, Val: 0.6580, Test: 0.6860
Epoch: 50, Loss: 0.8091, Train: 0.9929, Val: 0.6600, Test: 0.6890
MAD:  0.7957
Best Test Accuracy: 0.6890, Val Accuracy: 0.6600, Train Accuracy: 0.9929
Training completed.
Seed:  6
PMPGNN(
  (convs): ModuleList(
    (0): ParallelGNNBlock(
      (conv1): GATv2Conv(32, 32, heads=1)
      (conv2): GATv2Conv(32, 32, heads=1)
      (norm): LayerNorm((32,), eps=1e-05, elementwise_affine=True)
    )
  )
  (norm): LayerNorm((64,), eps=1e-05, elementwise_affine=True)
  (mlp): Linear(in_features=64, out_features=7, bias=True)
  (proj): Linear(in_features=1433, out_features=32, bias=True)
)
Epoch: 1, Loss: 1.9496, Train: 0.1571, Val: 0.1080, Test: 0.1050
Epoch: 2, Loss: 1.9391, Train: 0.2000, Val: 0.1220, Test: 0.1220
Epoch: 3, Loss: 1.9321, Train: 0.2786, Val: 0.1580, Test: 0.1580
Epoch: 4, Loss: 1.9232, Train: 0.4000, Val: 0.2220, Test: 0.2000
Epoch: 5, Loss: 1.9140, Train: 0.4571, Val: 0.2620, Test: 0.2380
Epoch: 6, Loss: 1.9054, Train: 0.4929, Val: 0.3040, Test: 0.2590
Epoch: 7, Loss: 1.8976, Train: 0.5071, Val: 0.3140, Test: 0.2890
Epoch: 8, Loss: 1.8886, Train: 0.5429, Val: 0.3240, Test: 0.3130
Epoch: 9, Loss: 1.8779, Train: 0.5857, Val: 0.3380, Test: 0.3380
Epoch: 10, Loss: 1.8671, Train: 0.6143, Val: 0.3600, Test: 0.3470
Epoch: 11, Loss: 1.8534, Train: 0.6214, Val: 0.3720, Test: 0.3580
Epoch: 12, Loss: 1.8427, Train: 0.6357, Val: 0.3900, Test: 0.3770
Epoch: 13, Loss: 1.8343, Train: 0.6500, Val: 0.3960, Test: 0.3860
Epoch: 14, Loss: 1.8174, Train: 0.6929, Val: 0.4040, Test: 0.3910
Epoch: 15, Loss: 1.8071, Train: 0.7214, Val: 0.4100, Test: 0.4010
Epoch: 16, Loss: 1.7940, Train: 0.7357, Val: 0.4160, Test: 0.4070
Epoch: 17, Loss: 1.7782, Train: 0.7429, Val: 0.4240, Test: 0.4170
Epoch: 18, Loss: 1.7607, Train: 0.7714, Val: 0.4360, Test: 0.4230
Epoch: 19, Loss: 1.7446, Train: 0.7714, Val: 0.4440, Test: 0.4270
Epoch: 20, Loss: 1.7297, Train: 0.7786, Val: 0.4540, Test: 0.4380
Epoch: 21, Loss: 1.7102, Train: 0.8071, Val: 0.4620, Test: 0.4470
Epoch: 22, Loss: 1.6926, Train: 0.8214, Val: 0.4700, Test: 0.4520
Epoch: 23, Loss: 1.6713, Train: 0.8357, Val: 0.4740, Test: 0.4620
Epoch: 24, Loss: 1.6522, Train: 0.8500, Val: 0.4820, Test: 0.4750
Epoch: 25, Loss: 1.6297, Train: 0.8500, Val: 0.4960, Test: 0.4850
Epoch: 26, Loss: 1.6066, Train: 0.8643, Val: 0.5060, Test: 0.4900
Epoch: 27, Loss: 1.5834, Train: 0.8786, Val: 0.5080, Test: 0.4980
Epoch: 28, Loss: 1.5647, Train: 0.8857, Val: 0.5140, Test: 0.5000
Epoch: 29, Loss: 1.5432, Train: 0.9000, Val: 0.5200, Test: 0.5100
Epoch: 30, Loss: 1.5097, Train: 0.9071, Val: 0.5300, Test: 0.5150
Epoch: 31, Loss: 1.4849, Train: 0.9143, Val: 0.5320, Test: 0.5190
Epoch: 32, Loss: 1.4548, Train: 0.9214, Val: 0.5380, Test: 0.5230
Epoch: 33, Loss: 1.4301, Train: 0.9286, Val: 0.5400, Test: 0.5270
Epoch: 34, Loss: 1.4002, Train: 0.9286, Val: 0.5500, Test: 0.5310
Epoch: 35, Loss: 1.3778, Train: 0.9357, Val: 0.5580, Test: 0.5340
Epoch: 36, Loss: 1.3287, Train: 0.9357, Val: 0.5660, Test: 0.5430
Epoch: 37, Loss: 1.2959, Train: 0.9357, Val: 0.5660, Test: 0.5510
Epoch: 38, Loss: 1.2690, Train: 0.9357, Val: 0.5740, Test: 0.5560
Epoch: 39, Loss: 1.2438, Train: 0.9429, Val: 0.5780, Test: 0.5630
Epoch: 40, Loss: 1.2025, Train: 0.9500, Val: 0.5880, Test: 0.5710
Epoch: 41, Loss: 1.1632, Train: 0.9500, Val: 0.5880, Test: 0.5750
Epoch: 42, Loss: 1.1314, Train: 0.9500, Val: 0.5940, Test: 0.5830
Epoch: 43, Loss: 1.1011, Train: 0.9500, Val: 0.6020, Test: 0.5860
Epoch: 44, Loss: 1.0678, Train: 0.9571, Val: 0.6060, Test: 0.5930
Epoch: 45, Loss: 1.0418, Train: 0.9571, Val: 0.6080, Test: 0.6000
Epoch: 46, Loss: 0.9893, Train: 0.9571, Val: 0.6160, Test: 0.6050
Epoch: 47, Loss: 0.9589, Train: 0.9643, Val: 0.6200, Test: 0.6070
Epoch: 48, Loss: 0.9215, Train: 0.9786, Val: 0.6260, Test: 0.6080
Epoch: 49, Loss: 0.8804, Train: 0.9857, Val: 0.6360, Test: 0.6180
Epoch: 50, Loss: 0.8564, Train: 0.9857, Val: 0.6460, Test: 0.6200
MAD:  0.8104
Best Test Accuracy: 0.6200, Val Accuracy: 0.6460, Train Accuracy: 0.9857
Training completed.
Seed:  7
PMPGNN(
  (convs): ModuleList(
    (0): ParallelGNNBlock(
      (conv1): GATv2Conv(32, 32, heads=1)
      (conv2): GATv2Conv(32, 32, heads=1)
      (norm): LayerNorm((32,), eps=1e-05, elementwise_affine=True)
    )
  )
  (norm): LayerNorm((64,), eps=1e-05, elementwise_affine=True)
  (mlp): Linear(in_features=64, out_features=7, bias=True)
  (proj): Linear(in_features=1433, out_features=32, bias=True)
)
Epoch: 1, Loss: 1.9482, Train: 0.2214, Val: 0.0840, Test: 0.1040
Epoch: 2, Loss: 1.9403, Train: 0.2429, Val: 0.1000, Test: 0.1180
Epoch: 3, Loss: 1.9312, Train: 0.3143, Val: 0.1320, Test: 0.1420
Epoch: 4, Loss: 1.9225, Train: 0.4071, Val: 0.1700, Test: 0.1760
Epoch: 5, Loss: 1.9136, Train: 0.5000, Val: 0.2040, Test: 0.2050
Epoch: 6, Loss: 1.9076, Train: 0.5500, Val: 0.2260, Test: 0.2340
Epoch: 7, Loss: 1.8981, Train: 0.6143, Val: 0.2580, Test: 0.2580
Epoch: 8, Loss: 1.8901, Train: 0.6571, Val: 0.2920, Test: 0.2980
Epoch: 9, Loss: 1.8791, Train: 0.7214, Val: 0.3180, Test: 0.3190
Epoch: 10, Loss: 1.8693, Train: 0.7643, Val: 0.3300, Test: 0.3360
Epoch: 11, Loss: 1.8586, Train: 0.8143, Val: 0.3500, Test: 0.3580
Epoch: 12, Loss: 1.8512, Train: 0.8500, Val: 0.3800, Test: 0.3850
Epoch: 13, Loss: 1.8399, Train: 0.8714, Val: 0.4000, Test: 0.4190
Epoch: 14, Loss: 1.8262, Train: 0.8929, Val: 0.4200, Test: 0.4310
Epoch: 15, Loss: 1.8142, Train: 0.9000, Val: 0.4560, Test: 0.4590
Epoch: 16, Loss: 1.8027, Train: 0.9071, Val: 0.4780, Test: 0.4800
Epoch: 17, Loss: 1.7876, Train: 0.9143, Val: 0.4860, Test: 0.4990
Epoch: 18, Loss: 1.7759, Train: 0.9286, Val: 0.4900, Test: 0.5050
Epoch: 19, Loss: 1.7608, Train: 0.9357, Val: 0.5020, Test: 0.5130
Epoch: 20, Loss: 1.7393, Train: 0.9357, Val: 0.5160, Test: 0.5240
Epoch: 21, Loss: 1.7258, Train: 0.9357, Val: 0.5260, Test: 0.5270
Epoch: 22, Loss: 1.7001, Train: 0.9357, Val: 0.5380, Test: 0.5360
Epoch: 23, Loss: 1.6984, Train: 0.9357, Val: 0.5460, Test: 0.5390
Epoch: 24, Loss: 1.6682, Train: 0.9357, Val: 0.5580, Test: 0.5470
Epoch: 25, Loss: 1.6508, Train: 0.9357, Val: 0.5580, Test: 0.5520
Epoch: 26, Loss: 1.6371, Train: 0.9429, Val: 0.5600, Test: 0.5560
Epoch: 27, Loss: 1.6054, Train: 0.9500, Val: 0.5620, Test: 0.5600
Epoch: 28, Loss: 1.5822, Train: 0.9500, Val: 0.5600, Test: 0.5630
Epoch: 29, Loss: 1.5585, Train: 0.9500, Val: 0.5640, Test: 0.5650
Epoch: 30, Loss: 1.5414, Train: 0.9500, Val: 0.5600, Test: 0.5660
Epoch: 31, Loss: 1.5211, Train: 0.9500, Val: 0.5600, Test: 0.5690
Epoch: 32, Loss: 1.4823, Train: 0.9500, Val: 0.5600, Test: 0.5730
Epoch: 33, Loss: 1.4612, Train: 0.9500, Val: 0.5620, Test: 0.5780
Epoch: 34, Loss: 1.4446, Train: 0.9500, Val: 0.5640, Test: 0.5790
Epoch: 35, Loss: 1.4030, Train: 0.9500, Val: 0.5640, Test: 0.5800
Epoch: 36, Loss: 1.3809, Train: 0.9571, Val: 0.5640, Test: 0.5810
Epoch: 37, Loss: 1.3390, Train: 0.9571, Val: 0.5620, Test: 0.5820
Epoch: 38, Loss: 1.3222, Train: 0.9571, Val: 0.5660, Test: 0.5840
Epoch: 39, Loss: 1.2867, Train: 0.9571, Val: 0.5700, Test: 0.5920
Epoch: 40, Loss: 1.2450, Train: 0.9714, Val: 0.5720, Test: 0.5920
Epoch: 41, Loss: 1.2249, Train: 0.9714, Val: 0.5780, Test: 0.5970
Epoch: 42, Loss: 1.1842, Train: 0.9714, Val: 0.5800, Test: 0.5970
Epoch: 43, Loss: 1.1694, Train: 0.9714, Val: 0.5860, Test: 0.6020
Epoch: 44, Loss: 1.1305, Train: 0.9714, Val: 0.5860, Test: 0.6030
Epoch: 45, Loss: 1.0915, Train: 0.9714, Val: 0.5960, Test: 0.6080
Epoch: 46, Loss: 1.0458, Train: 0.9714, Val: 0.5960, Test: 0.6100
Epoch: 47, Loss: 1.0107, Train: 0.9714, Val: 0.5980, Test: 0.6110
Epoch: 48, Loss: 0.9977, Train: 0.9714, Val: 0.6020, Test: 0.6130
Epoch: 49, Loss: 0.9383, Train: 0.9714, Val: 0.6040, Test: 0.6150
Epoch: 50, Loss: 0.8972, Train: 0.9714, Val: 0.6120, Test: 0.6200
MAD:  0.6311
Best Test Accuracy: 0.6200, Val Accuracy: 0.6120, Train Accuracy: 0.9714
Training completed.
Seed:  8
PMPGNN(
  (convs): ModuleList(
    (0): ParallelGNNBlock(
      (conv1): GATv2Conv(32, 32, heads=1)
      (conv2): GATv2Conv(32, 32, heads=1)
      (norm): LayerNorm((32,), eps=1e-05, elementwise_affine=True)
    )
  )
  (norm): LayerNorm((64,), eps=1e-05, elementwise_affine=True)
  (mlp): Linear(in_features=64, out_features=7, bias=True)
  (proj): Linear(in_features=1433, out_features=32, bias=True)
)
Epoch: 1, Loss: 1.9499, Train: 0.1571, Val: 0.1420, Test: 0.1600
Epoch: 2, Loss: 1.9420, Train: 0.1929, Val: 0.1480, Test: 0.1710
Epoch: 3, Loss: 1.9346, Train: 0.2286, Val: 0.1600, Test: 0.1890
Epoch: 4, Loss: 1.9270, Train: 0.3714, Val: 0.1860, Test: 0.2140
Epoch: 5, Loss: 1.9191, Train: 0.4643, Val: 0.2200, Test: 0.2530
Epoch: 6, Loss: 1.9102, Train: 0.5143, Val: 0.2520, Test: 0.2910
Epoch: 7, Loss: 1.9023, Train: 0.5786, Val: 0.3200, Test: 0.3400
Epoch: 8, Loss: 1.8925, Train: 0.6214, Val: 0.3640, Test: 0.3950
Epoch: 9, Loss: 1.8864, Train: 0.6286, Val: 0.4220, Test: 0.4290
Epoch: 10, Loss: 1.8779, Train: 0.6643, Val: 0.4540, Test: 0.4620
Epoch: 11, Loss: 1.8662, Train: 0.6786, Val: 0.4920, Test: 0.4870
Epoch: 12, Loss: 1.8546, Train: 0.6786, Val: 0.4960, Test: 0.5040
Epoch: 13, Loss: 1.8507, Train: 0.6857, Val: 0.5080, Test: 0.5130
Epoch: 14, Loss: 1.8329, Train: 0.6857, Val: 0.5200, Test: 0.5210
Epoch: 15, Loss: 1.8261, Train: 0.7143, Val: 0.5260, Test: 0.5220
Epoch: 16, Loss: 1.8074, Train: 0.7214, Val: 0.5280, Test: 0.5270
Epoch: 17, Loss: 1.7951, Train: 0.7357, Val: 0.5240, Test: 0.5350
Epoch: 18, Loss: 1.7855, Train: 0.7571, Val: 0.5260, Test: 0.5390
Epoch: 19, Loss: 1.7683, Train: 0.7786, Val: 0.5360, Test: 0.5420
Epoch: 20, Loss: 1.7570, Train: 0.7929, Val: 0.5520, Test: 0.5530
Epoch: 21, Loss: 1.7368, Train: 0.8071, Val: 0.5580, Test: 0.5580
Epoch: 22, Loss: 1.7210, Train: 0.8357, Val: 0.5620, Test: 0.5660
Epoch: 23, Loss: 1.7072, Train: 0.8500, Val: 0.5700, Test: 0.5740
Epoch: 24, Loss: 1.6811, Train: 0.8786, Val: 0.5920, Test: 0.5810
Epoch: 25, Loss: 1.6638, Train: 0.8714, Val: 0.6060, Test: 0.5960
Epoch: 26, Loss: 1.6416, Train: 0.8857, Val: 0.6200, Test: 0.6040
Epoch: 27, Loss: 1.6310, Train: 0.8929, Val: 0.6300, Test: 0.6130
Epoch: 28, Loss: 1.6031, Train: 0.9214, Val: 0.6300, Test: 0.6230
Epoch: 29, Loss: 1.5841, Train: 0.9214, Val: 0.6340, Test: 0.6310
Epoch: 30, Loss: 1.5590, Train: 0.9214, Val: 0.6420, Test: 0.6340
Epoch: 31, Loss: 1.5305, Train: 0.9286, Val: 0.6480, Test: 0.6410
Epoch: 32, Loss: 1.4968, Train: 0.9357, Val: 0.6600, Test: 0.6470
Epoch: 33, Loss: 1.4901, Train: 0.9357, Val: 0.6600, Test: 0.6540
Epoch: 34, Loss: 1.4454, Train: 0.9357, Val: 0.6620, Test: 0.6550
Epoch: 35, Loss: 1.4160, Train: 0.9357, Val: 0.6640, Test: 0.6530
Epoch: 36, Loss: 1.3901, Train: 0.9357, Val: 0.6680, Test: 0.6530
Epoch: 37, Loss: 1.3657, Train: 0.9357, Val: 0.6700, Test: 0.6540
Epoch: 38, Loss: 1.3163, Train: 0.9357, Val: 0.6760, Test: 0.6580
Epoch: 39, Loss: 1.2946, Train: 0.9429, Val: 0.6780, Test: 0.6690
Epoch: 40, Loss: 1.2507, Train: 0.9429, Val: 0.6840, Test: 0.6740
Epoch: 41, Loss: 1.2067, Train: 0.9571, Val: 0.6880, Test: 0.6750
Epoch: 42, Loss: 1.1836, Train: 0.9643, Val: 0.6900, Test: 0.6760
Epoch: 43, Loss: 1.1490, Train: 0.9714, Val: 0.6900, Test: 0.6790
Epoch: 44, Loss: 1.0949, Train: 0.9714, Val: 0.6900, Test: 0.6790
Epoch: 45, Loss: 1.0707, Train: 0.9714, Val: 0.6920, Test: 0.6810
Epoch: 46, Loss: 1.0151, Train: 0.9786, Val: 0.6880, Test: 0.6850
Epoch: 47, Loss: 0.9990, Train: 0.9929, Val: 0.6940, Test: 0.6880
Epoch: 48, Loss: 0.9611, Train: 0.9929, Val: 0.6960, Test: 0.6890
Epoch: 49, Loss: 0.9011, Train: 0.9929, Val: 0.6960, Test: 0.6950
Epoch: 50, Loss: 0.8682, Train: 0.9929, Val: 0.7000, Test: 0.6990
MAD:  0.5642
Best Test Accuracy: 0.6990, Val Accuracy: 0.7000, Train Accuracy: 0.9929
Training completed.
Seed:  9
PMPGNN(
  (convs): ModuleList(
    (0): ParallelGNNBlock(
      (conv1): GATv2Conv(32, 32, heads=1)
      (conv2): GATv2Conv(32, 32, heads=1)
      (norm): LayerNorm((32,), eps=1e-05, elementwise_affine=True)
    )
  )
  (norm): LayerNorm((64,), eps=1e-05, elementwise_affine=True)
  (mlp): Linear(in_features=64, out_features=7, bias=True)
  (proj): Linear(in_features=1433, out_features=32, bias=True)
)
Epoch: 1, Loss: 1.9465, Train: 0.1429, Val: 0.1560, Test: 0.1450
Epoch: 2, Loss: 1.9383, Train: 0.1571, Val: 0.1620, Test: 0.1500
Epoch: 3, Loss: 1.9280, Train: 0.2143, Val: 0.1660, Test: 0.1620
Epoch: 4, Loss: 1.9212, Train: 0.2571, Val: 0.1760, Test: 0.1740
Epoch: 5, Loss: 1.9139, Train: 0.3714, Val: 0.2060, Test: 0.2040
Epoch: 6, Loss: 1.9010, Train: 0.4643, Val: 0.2620, Test: 0.2460
Epoch: 7, Loss: 1.8933, Train: 0.5714, Val: 0.3440, Test: 0.3100
Epoch: 8, Loss: 1.8871, Train: 0.7286, Val: 0.4080, Test: 0.3820
Epoch: 9, Loss: 1.8727, Train: 0.8071, Val: 0.4920, Test: 0.4680
Epoch: 10, Loss: 1.8648, Train: 0.8714, Val: 0.5580, Test: 0.5170
Epoch: 11, Loss: 1.8550, Train: 0.8929, Val: 0.6060, Test: 0.5800
Epoch: 12, Loss: 1.8432, Train: 0.9357, Val: 0.6500, Test: 0.6140
Epoch: 13, Loss: 1.8308, Train: 0.9643, Val: 0.6740, Test: 0.6540
Epoch: 14, Loss: 1.8192, Train: 0.9786, Val: 0.6900, Test: 0.6740
Epoch: 15, Loss: 1.8075, Train: 0.9786, Val: 0.6920, Test: 0.6830
Epoch: 16, Loss: 1.7916, Train: 0.9786, Val: 0.7000, Test: 0.6880
Epoch: 17, Loss: 1.7765, Train: 0.9857, Val: 0.7060, Test: 0.6950
Epoch: 18, Loss: 1.7652, Train: 0.9857, Val: 0.7160, Test: 0.7040
Epoch: 19, Loss: 1.7511, Train: 0.9857, Val: 0.7120, Test: 0.7050
Epoch: 20, Loss: 1.7350, Train: 0.9857, Val: 0.7100, Test: 0.7100
Epoch: 21, Loss: 1.7140, Train: 0.9857, Val: 0.7080, Test: 0.7140
Epoch: 22, Loss: 1.6983, Train: 0.9929, Val: 0.7060, Test: 0.7140
Epoch: 23, Loss: 1.6761, Train: 0.9929, Val: 0.7080, Test: 0.7190
Epoch: 24, Loss: 1.6626, Train: 0.9929, Val: 0.7040, Test: 0.7200
Epoch: 25, Loss: 1.6413, Train: 0.9929, Val: 0.7060, Test: 0.7190
Epoch: 26, Loss: 1.6132, Train: 0.9929, Val: 0.7140, Test: 0.7150
Epoch: 27, Loss: 1.5906, Train: 0.9929, Val: 0.7120, Test: 0.7140
Epoch: 28, Loss: 1.5696, Train: 0.9929, Val: 0.7080, Test: 0.7130
Epoch: 29, Loss: 1.5475, Train: 0.9929, Val: 0.7060, Test: 0.7180
Epoch: 30, Loss: 1.5225, Train: 0.9929, Val: 0.7020, Test: 0.7170
Epoch: 31, Loss: 1.4996, Train: 0.9929, Val: 0.7060, Test: 0.7200
Epoch: 32, Loss: 1.4780, Train: 0.9929, Val: 0.7040, Test: 0.7190
Epoch: 33, Loss: 1.4498, Train: 0.9929, Val: 0.7040, Test: 0.7180
Epoch: 34, Loss: 1.4162, Train: 0.9929, Val: 0.7020, Test: 0.7190
Epoch: 35, Loss: 1.3944, Train: 0.9929, Val: 0.7040, Test: 0.7190
Epoch: 36, Loss: 1.3502, Train: 0.9929, Val: 0.7100, Test: 0.7180
Epoch: 37, Loss: 1.3248, Train: 0.9929, Val: 0.7100, Test: 0.7190
Epoch: 38, Loss: 1.2920, Train: 0.9929, Val: 0.7080, Test: 0.7180
Epoch: 39, Loss: 1.2720, Train: 0.9929, Val: 0.7040, Test: 0.7160
Epoch: 40, Loss: 1.2148, Train: 0.9929, Val: 0.7060, Test: 0.7130
Epoch: 41, Loss: 1.1947, Train: 0.9929, Val: 0.7020, Test: 0.7150
Epoch: 42, Loss: 1.1745, Train: 0.9929, Val: 0.7100, Test: 0.7170
Epoch: 43, Loss: 1.1228, Train: 0.9929, Val: 0.7100, Test: 0.7160
Epoch: 44, Loss: 1.0751, Train: 0.9929, Val: 0.7100, Test: 0.7160
Epoch: 45, Loss: 1.0546, Train: 0.9929, Val: 0.7060, Test: 0.7150
Epoch: 46, Loss: 1.0048, Train: 0.9929, Val: 0.7020, Test: 0.7160
Epoch: 47, Loss: 0.9754, Train: 0.9857, Val: 0.7040, Test: 0.7180
Epoch: 48, Loss: 0.9477, Train: 0.9857, Val: 0.7060, Test: 0.7210
Epoch: 49, Loss: 0.9088, Train: 0.9857, Val: 0.6980, Test: 0.7200
Epoch: 50, Loss: 0.8678, Train: 0.9857, Val: 0.6960, Test: 0.7190
MAD:  0.8281
Best Test Accuracy: 0.7210, Val Accuracy: 0.7060, Train Accuracy: 0.9857
Training completed.
Average Test Accuracy:  0.6705 ± 0.0344245551895736
Average MAD:  0.7437 ± 0.10032868981502749
