Seed:  0
PMPGNN(
  (convs): ModuleList(
    (0): ParallelGNNBlock(
      (conv1): GATv2Conv(128, 128, heads=4)
      (conv2): GATv2Conv(128, 128, heads=4)
      (norm): LayerNorm((128,), eps=1e-05, elementwise_affine=True)
    )
    (1-10): 10 x ParallelGNNBlock(
      (conv1): GATv2Conv(1024, 128, heads=4)
      (conv2): GATv2Conv(1024, 128, heads=4)
      (norm): LayerNorm((128,), eps=1e-05, elementwise_affine=True)
    )
  )
  (norm): LayerNorm((1024,), eps=1e-05, elementwise_affine=True)
  (mlp): Sequential(
    (0): Linear(in_features=1024, out_features=64, bias=True)
    (1): LeakyReLU(negative_slope=0.01)
    (2): Dropout(p=0.3, inplace=False)
    (3): Linear(in_features=64, out_features=7, bias=True)
  )
  (proj): Linear(in_features=1433, out_features=128, bias=True)
)
Epoch: 1, Loss: 1.9776, Train: 0.1429, Val: 0.0700, Test: 0.0900
Epoch: 2, Loss: 1.9787, Train: 0.1429, Val: 0.0720, Test: 0.0910
Epoch: 3, Loss: 1.9643, Train: 0.1429, Val: 0.0720, Test: 0.0910
Epoch: 4, Loss: 1.9570, Train: 0.1429, Val: 0.0720, Test: 0.0910
Epoch: 5, Loss: 2.0013, Train: 0.1429, Val: 0.0720, Test: 0.0910
Epoch: 6, Loss: 1.9709, Train: 0.1429, Val: 0.1140, Test: 0.1030
Epoch: 7, Loss: 1.9659, Train: 0.1429, Val: 0.1140, Test: 0.1030
Epoch: 8, Loss: 1.9616, Train: 0.1429, Val: 0.1560, Test: 0.1440
Epoch: 9, Loss: 1.9626, Train: 0.1429, Val: 0.1560, Test: 0.1440
Epoch: 10, Loss: 1.9543, Train: 0.2571, Val: 0.1880, Test: 0.2030
Epoch: 11, Loss: 1.9619, Train: 0.1429, Val: 0.0720, Test: 0.0910
Epoch: 12, Loss: 1.9546, Train: 0.1429, Val: 0.0720, Test: 0.0910
Epoch: 13, Loss: 1.9571, Train: 0.1429, Val: 0.0720, Test: 0.0910
Epoch: 14, Loss: 1.9242, Train: 0.1429, Val: 0.0720, Test: 0.0910
Epoch: 15, Loss: 1.9596, Train: 0.1429, Val: 0.0720, Test: 0.0910
Epoch: 16, Loss: 1.9549, Train: 0.1429, Val: 0.1620, Test: 0.1490
Epoch: 17, Loss: 1.9408, Train: 0.1429, Val: 0.1620, Test: 0.1490
Epoch: 18, Loss: 1.9661, Train: 0.1429, Val: 0.1620, Test: 0.1490
Epoch: 19, Loss: 1.9663, Train: 0.1429, Val: 0.1620, Test: 0.1490
Epoch: 20, Loss: 1.9468, Train: 0.1429, Val: 0.1620, Test: 0.1490
Epoch: 21, Loss: 1.9604, Train: 0.1429, Val: 0.0720, Test: 0.0910
Epoch: 22, Loss: 1.9509, Train: 0.1429, Val: 0.0720, Test: 0.0910
Epoch: 23, Loss: 1.9531, Train: 0.1429, Val: 0.0720, Test: 0.0910
Epoch: 24, Loss: 1.9568, Train: 0.1429, Val: 0.0720, Test: 0.0910
Epoch: 25, Loss: 1.9571, Train: 0.1429, Val: 0.0720, Test: 0.0910
Epoch: 26, Loss: 1.9456, Train: 0.1429, Val: 0.1220, Test: 0.1300
Epoch: 27, Loss: 1.9584, Train: 0.1429, Val: 0.1220, Test: 0.1300
Epoch: 28, Loss: 1.9538, Train: 0.1429, Val: 0.1220, Test: 0.1300
Epoch: 29, Loss: 1.9615, Train: 0.1429, Val: 0.1140, Test: 0.1030
Epoch: 30, Loss: 1.9560, Train: 0.1429, Val: 0.1140, Test: 0.1030
Epoch: 31, Loss: 1.9385, Train: 0.1429, Val: 0.1140, Test: 0.1030
Epoch: 32, Loss: 1.9520, Train: 0.1429, Val: 0.1140, Test: 0.1030
Epoch: 33, Loss: 1.9442, Train: 0.1429, Val: 0.1140, Test: 0.1030
Epoch: 34, Loss: 1.9451, Train: 0.1429, Val: 0.1140, Test: 0.1030
Epoch: 35, Loss: 1.9449, Train: 0.1429, Val: 0.1140, Test: 0.1030
Epoch: 36, Loss: 1.9484, Train: 0.1429, Val: 0.1140, Test: 0.1030
Epoch: 37, Loss: 1.9554, Train: 0.1429, Val: 0.1140, Test: 0.1030
Epoch: 38, Loss: 1.9439, Train: 0.1429, Val: 0.0580, Test: 0.0640
Epoch: 39, Loss: 1.9561, Train: 0.1429, Val: 0.0720, Test: 0.0910
Epoch: 40, Loss: 1.9502, Train: 0.1429, Val: 0.0720, Test: 0.0910
Epoch: 41, Loss: 1.9394, Train: 0.1429, Val: 0.0720, Test: 0.0910
Epoch: 42, Loss: 1.9662, Train: 0.1429, Val: 0.0720, Test: 0.0910
Epoch: 43, Loss: 1.9607, Train: 0.1429, Val: 0.0720, Test: 0.0910
Epoch: 44, Loss: 1.9644, Train: 0.1429, Val: 0.3160, Test: 0.3190
Epoch: 45, Loss: 1.9599, Train: 0.1429, Val: 0.3160, Test: 0.3190
Epoch: 46, Loss: 1.9593, Train: 0.1429, Val: 0.0720, Test: 0.0910
Epoch: 47, Loss: 1.9472, Train: 0.1429, Val: 0.0720, Test: 0.0910
Epoch: 48, Loss: 1.9469, Train: 0.1429, Val: 0.1140, Test: 0.1030
Epoch: 49, Loss: 1.9497, Train: 0.1429, Val: 0.1140, Test: 0.1030
Epoch: 50, Loss: 1.9473, Train: 0.1429, Val: 0.1140, Test: 0.1030
MAD:  0.0
InfoGap:  0.9999999371516353
Best Test Accuracy: 0.3190, Val Accuracy: 0.3160, Train Accuracy: 0.1429
Training completed.
Seed:  1
PMPGNN(
  (convs): ModuleList(
    (0): ParallelGNNBlock(
      (conv1): GATv2Conv(128, 128, heads=4)
      (conv2): GATv2Conv(128, 128, heads=4)
      (norm): LayerNorm((128,), eps=1e-05, elementwise_affine=True)
    )
    (1-10): 10 x ParallelGNNBlock(
      (conv1): GATv2Conv(1024, 128, heads=4)
      (conv2): GATv2Conv(1024, 128, heads=4)
      (norm): LayerNorm((128,), eps=1e-05, elementwise_affine=True)
    )
  )
  (norm): LayerNorm((1024,), eps=1e-05, elementwise_affine=True)
  (mlp): Sequential(
    (0): Linear(in_features=1024, out_features=64, bias=True)
    (1): LeakyReLU(negative_slope=0.01)
    (2): Dropout(p=0.3, inplace=False)
    (3): Linear(in_features=64, out_features=7, bias=True)
  )
  (proj): Linear(in_features=1433, out_features=128, bias=True)
)
Epoch: 1, Loss: 2.0310, Train: 0.1500, Val: 0.1560, Test: 0.1430
Epoch: 2, Loss: 1.9941, Train: 0.1500, Val: 0.0780, Test: 0.0970
Epoch: 3, Loss: 1.9905, Train: 0.1429, Val: 0.0720, Test: 0.0910
Epoch: 4, Loss: 1.9684, Train: 0.1429, Val: 0.1560, Test: 0.1440
Epoch: 5, Loss: 1.9755, Train: 0.2357, Val: 0.2440, Test: 0.2220
Epoch: 6, Loss: 1.9499, Train: 0.1429, Val: 0.1620, Test: 0.1490
Epoch: 7, Loss: 1.9433, Train: 0.1429, Val: 0.1620, Test: 0.1490
Epoch: 8, Loss: 1.9737, Train: 0.1429, Val: 0.1620, Test: 0.1490
Epoch: 9, Loss: 1.9629, Train: 0.1429, Val: 0.1620, Test: 0.1490
Epoch: 10, Loss: 1.9529, Train: 0.2786, Val: 0.2860, Test: 0.2660
Epoch: 11, Loss: 1.9522, Train: 0.1429, Val: 0.0580, Test: 0.0640
Epoch: 12, Loss: 1.9710, Train: 0.1429, Val: 0.0580, Test: 0.0640
Epoch: 13, Loss: 1.9606, Train: 0.1429, Val: 0.1620, Test: 0.1490
Epoch: 14, Loss: 1.9488, Train: 0.1429, Val: 0.1620, Test: 0.1490
Epoch: 15, Loss: 1.9593, Train: 0.1429, Val: 0.1620, Test: 0.1490
Epoch: 16, Loss: 1.9625, Train: 0.1429, Val: 0.1620, Test: 0.1490
Epoch: 17, Loss: 1.9671, Train: 0.1429, Val: 0.1620, Test: 0.1490
Epoch: 18, Loss: 1.9567, Train: 0.1429, Val: 0.1620, Test: 0.1490
Epoch: 19, Loss: 1.9559, Train: 0.1429, Val: 0.1620, Test: 0.1490
Epoch: 20, Loss: 1.9419, Train: 0.1429, Val: 0.0720, Test: 0.0910
Epoch: 21, Loss: 1.9589, Train: 0.1429, Val: 0.0720, Test: 0.0910
Epoch: 22, Loss: 1.9373, Train: 0.1429, Val: 0.0720, Test: 0.0910
Epoch: 23, Loss: 1.9661, Train: 0.1429, Val: 0.0720, Test: 0.0910
Epoch: 24, Loss: 1.9428, Train: 0.1429, Val: 0.0720, Test: 0.0910
Epoch: 25, Loss: 1.9388, Train: 0.1429, Val: 0.0720, Test: 0.0910
Epoch: 26, Loss: 1.9484, Train: 0.1429, Val: 0.0720, Test: 0.0910
Epoch: 27, Loss: 1.9478, Train: 0.1429, Val: 0.0720, Test: 0.0910
Epoch: 28, Loss: 1.9388, Train: 0.1429, Val: 0.0720, Test: 0.0910
Epoch: 29, Loss: 1.9526, Train: 0.1429, Val: 0.0720, Test: 0.0910
Epoch: 30, Loss: 1.9508, Train: 0.1429, Val: 0.0720, Test: 0.0910
Epoch: 31, Loss: 1.9500, Train: 0.1429, Val: 0.0720, Test: 0.0910
Epoch: 32, Loss: 1.9432, Train: 0.1429, Val: 0.0720, Test: 0.0910
Epoch: 33, Loss: 1.9501, Train: 0.1429, Val: 0.0720, Test: 0.0910
Epoch: 34, Loss: 1.9447, Train: 0.1429, Val: 0.0720, Test: 0.0910
Epoch: 35, Loss: 1.9434, Train: 0.1429, Val: 0.0720, Test: 0.0910
Epoch: 36, Loss: 1.9468, Train: 0.1429, Val: 0.0720, Test: 0.0910
Epoch: 37, Loss: 1.9411, Train: 0.1429, Val: 0.0720, Test: 0.0910
Epoch: 38, Loss: 1.9528, Train: 0.1429, Val: 0.0720, Test: 0.0910
Epoch: 39, Loss: 1.9495, Train: 0.1429, Val: 0.0720, Test: 0.0910
Epoch: 40, Loss: 1.9505, Train: 0.1429, Val: 0.0720, Test: 0.0910
Epoch: 41, Loss: 1.9511, Train: 0.1429, Val: 0.0720, Test: 0.0910
Epoch: 42, Loss: 1.9464, Train: 0.1429, Val: 0.0720, Test: 0.0910
Epoch: 43, Loss: 1.9414, Train: 0.1429, Val: 0.0720, Test: 0.0910
Epoch: 44, Loss: 1.9481, Train: 0.1429, Val: 0.0720, Test: 0.0910
Epoch: 45, Loss: 1.9501, Train: 0.1429, Val: 0.0720, Test: 0.0910
Epoch: 46, Loss: 1.9546, Train: 0.1429, Val: 0.0720, Test: 0.0910
Epoch: 47, Loss: 1.9490, Train: 0.1429, Val: 0.1220, Test: 0.1300
Epoch: 48, Loss: 1.9453, Train: 0.1429, Val: 0.1220, Test: 0.1300
Epoch: 49, Loss: 1.9450, Train: 0.1429, Val: 0.1220, Test: 0.1300
Epoch: 50, Loss: 1.9562, Train: 0.1429, Val: 0.1220, Test: 0.1300
MAD:  0.0001
InfoGap:  0.9999979269227879
Best Test Accuracy: 0.2660, Val Accuracy: 0.2860, Train Accuracy: 0.2786
Training completed.
Seed:  2
PMPGNN(
  (convs): ModuleList(
    (0): ParallelGNNBlock(
      (conv1): GATv2Conv(128, 128, heads=4)
      (conv2): GATv2Conv(128, 128, heads=4)
      (norm): LayerNorm((128,), eps=1e-05, elementwise_affine=True)
    )
    (1-10): 10 x ParallelGNNBlock(
      (conv1): GATv2Conv(1024, 128, heads=4)
      (conv2): GATv2Conv(1024, 128, heads=4)
      (norm): LayerNorm((128,), eps=1e-05, elementwise_affine=True)
    )
  )
  (norm): LayerNorm((1024,), eps=1e-05, elementwise_affine=True)
  (mlp): Sequential(
    (0): Linear(in_features=1024, out_features=64, bias=True)
    (1): LeakyReLU(negative_slope=0.01)
    (2): Dropout(p=0.3, inplace=False)
    (3): Linear(in_features=64, out_features=7, bias=True)
  )
  (proj): Linear(in_features=1433, out_features=128, bias=True)
)
Epoch: 1, Loss: 1.9496, Train: 0.1429, Val: 0.0720, Test: 0.0910
Epoch: 2, Loss: 1.9854, Train: 0.1429, Val: 0.0800, Test: 0.0950
Epoch: 3, Loss: 1.9847, Train: 0.1429, Val: 0.1620, Test: 0.1490
Epoch: 4, Loss: 1.9702, Train: 0.1429, Val: 0.1620, Test: 0.1520
Epoch: 5, Loss: 1.9579, Train: 0.1571, Val: 0.3400, Test: 0.3470
Epoch: 6, Loss: 1.9711, Train: 0.1429, Val: 0.1560, Test: 0.1440
Epoch: 7, Loss: 1.9839, Train: 0.1429, Val: 0.1560, Test: 0.1440
Epoch: 8, Loss: 1.9390, Train: 0.1429, Val: 0.1140, Test: 0.1030
Epoch: 9, Loss: 1.9600, Train: 0.1429, Val: 0.1220, Test: 0.1300
Epoch: 10, Loss: 1.9536, Train: 0.1429, Val: 0.1220, Test: 0.1300
Epoch: 11, Loss: 1.9773, Train: 0.1429, Val: 0.1220, Test: 0.1300
Epoch: 12, Loss: 1.9530, Train: 0.1429, Val: 0.1220, Test: 0.1300
Epoch: 13, Loss: 1.9782, Train: 0.1429, Val: 0.1220, Test: 0.1300
Epoch: 14, Loss: 1.9584, Train: 0.1429, Val: 0.1560, Test: 0.1440
Epoch: 15, Loss: 1.9639, Train: 0.1429, Val: 0.1560, Test: 0.1440
Epoch: 16, Loss: 1.9620, Train: 0.1429, Val: 0.1220, Test: 0.1300
Epoch: 17, Loss: 1.9572, Train: 0.1429, Val: 0.0580, Test: 0.0640
Epoch: 18, Loss: 1.9392, Train: 0.1429, Val: 0.0580, Test: 0.0640
Epoch: 19, Loss: 1.9427, Train: 0.1429, Val: 0.0580, Test: 0.0640
Epoch: 20, Loss: 1.9462, Train: 0.1429, Val: 0.0580, Test: 0.0640
Epoch: 21, Loss: 1.9436, Train: 0.1429, Val: 0.0580, Test: 0.0640
Epoch: 22, Loss: 1.9401, Train: 0.1429, Val: 0.0580, Test: 0.0640
Epoch: 23, Loss: 1.9506, Train: 0.1429, Val: 0.0580, Test: 0.0640
Epoch: 24, Loss: 1.9587, Train: 0.1429, Val: 0.0580, Test: 0.0640
Epoch: 25, Loss: 1.9476, Train: 0.1429, Val: 0.0580, Test: 0.0640
Epoch: 26, Loss: 1.9523, Train: 0.1429, Val: 0.3160, Test: 0.3190
Epoch: 27, Loss: 1.9474, Train: 0.1429, Val: 0.3160, Test: 0.3190
Epoch: 28, Loss: 1.9470, Train: 0.1429, Val: 0.3160, Test: 0.3190
Epoch: 29, Loss: 1.9483, Train: 0.1429, Val: 0.3160, Test: 0.3190
Epoch: 30, Loss: 1.9518, Train: 0.1429, Val: 0.0580, Test: 0.0640
Epoch: 31, Loss: 1.9414, Train: 0.1429, Val: 0.0580, Test: 0.0640
Epoch: 32, Loss: 1.9480, Train: 0.1429, Val: 0.0580, Test: 0.0640
Epoch: 33, Loss: 1.9455, Train: 0.1429, Val: 0.0580, Test: 0.0640
Epoch: 34, Loss: 1.9440, Train: 0.1429, Val: 0.0580, Test: 0.0640
Epoch: 35, Loss: 1.9458, Train: 0.1429, Val: 0.0580, Test: 0.0640
Epoch: 36, Loss: 1.9486, Train: 0.1429, Val: 0.0580, Test: 0.0640
Epoch: 37, Loss: 1.9419, Train: 0.1429, Val: 0.0580, Test: 0.0640
Epoch: 38, Loss: 1.9529, Train: 0.1429, Val: 0.0720, Test: 0.0910
Epoch: 39, Loss: 1.9470, Train: 0.1429, Val: 0.0720, Test: 0.0910
Epoch: 40, Loss: 1.9457, Train: 0.1429, Val: 0.0720, Test: 0.0910
Epoch: 41, Loss: 1.9421, Train: 0.1429, Val: 0.0720, Test: 0.0910
Epoch: 42, Loss: 1.9533, Train: 0.1429, Val: 0.3160, Test: 0.3190
Epoch: 43, Loss: 1.9471, Train: 0.1429, Val: 0.3160, Test: 0.3190
Epoch: 44, Loss: 1.9535, Train: 0.1429, Val: 0.3160, Test: 0.3190
Epoch: 45, Loss: 1.9519, Train: 0.1429, Val: 0.3160, Test: 0.3190
Epoch: 46, Loss: 1.9467, Train: 0.2643, Val: 0.1740, Test: 0.1840
Epoch: 47, Loss: 1.9519, Train: 0.1429, Val: 0.1140, Test: 0.1030
Epoch: 48, Loss: 1.9450, Train: 0.1429, Val: 0.1140, Test: 0.1030
Epoch: 49, Loss: 1.9473, Train: 0.1429, Val: 0.1140, Test: 0.1030
Epoch: 50, Loss: 1.9484, Train: 0.1429, Val: 0.1140, Test: 0.1030
MAD:  0.0011
InfoGap:  0.9999783890943945
Best Test Accuracy: 0.3470, Val Accuracy: 0.3400, Train Accuracy: 0.1571
Training completed.
Seed:  3
PMPGNN(
  (convs): ModuleList(
    (0): ParallelGNNBlock(
      (conv1): GATv2Conv(128, 128, heads=4)
      (conv2): GATv2Conv(128, 128, heads=4)
      (norm): LayerNorm((128,), eps=1e-05, elementwise_affine=True)
    )
    (1-10): 10 x ParallelGNNBlock(
      (conv1): GATv2Conv(1024, 128, heads=4)
      (conv2): GATv2Conv(1024, 128, heads=4)
      (norm): LayerNorm((128,), eps=1e-05, elementwise_affine=True)
    )
  )
  (norm): LayerNorm((1024,), eps=1e-05, elementwise_affine=True)
  (mlp): Sequential(
    (0): Linear(in_features=1024, out_features=64, bias=True)
    (1): LeakyReLU(negative_slope=0.01)
    (2): Dropout(p=0.3, inplace=False)
    (3): Linear(in_features=64, out_features=7, bias=True)
  )
  (proj): Linear(in_features=1433, out_features=128, bias=True)
)
Epoch: 1, Loss: 1.9813, Train: 0.1429, Val: 0.0600, Test: 0.0640
Epoch: 2, Loss: 1.9803, Train: 0.1429, Val: 0.0580, Test: 0.0640
Epoch: 3, Loss: 1.9922, Train: 0.1857, Val: 0.3040, Test: 0.2990
Epoch: 4, Loss: 1.9604, Train: 0.1429, Val: 0.3160, Test: 0.3190
Epoch: 5, Loss: 1.9575, Train: 0.1429, Val: 0.3160, Test: 0.3190
Epoch: 6, Loss: 1.9890, Train: 0.1429, Val: 0.3160, Test: 0.3190
Epoch: 7, Loss: 1.9896, Train: 0.1429, Val: 0.3160, Test: 0.3190
Epoch: 8, Loss: 1.9717, Train: 0.1429, Val: 0.3160, Test: 0.3190
Epoch: 9, Loss: 1.9693, Train: 0.1429, Val: 0.0580, Test: 0.0640
Epoch: 10, Loss: 1.9514, Train: 0.1429, Val: 0.0580, Test: 0.0640
Epoch: 11, Loss: 1.9596, Train: 0.1429, Val: 0.0580, Test: 0.0640
Epoch: 12, Loss: 1.9450, Train: 0.1429, Val: 0.1560, Test: 0.1440
Epoch: 13, Loss: 1.9582, Train: 0.1429, Val: 0.1560, Test: 0.1440
Epoch: 14, Loss: 1.9480, Train: 0.1429, Val: 0.1560, Test: 0.1440
Epoch: 15, Loss: 1.9435, Train: 0.1429, Val: 0.1620, Test: 0.1490
Epoch: 16, Loss: 1.9295, Train: 0.1429, Val: 0.1620, Test: 0.1490
Epoch: 17, Loss: 1.9705, Train: 0.1429, Val: 0.1620, Test: 0.1490
Epoch: 18, Loss: 1.9587, Train: 0.1429, Val: 0.1620, Test: 0.1490
Epoch: 19, Loss: 1.9571, Train: 0.1429, Val: 0.1620, Test: 0.1490
Epoch: 20, Loss: 1.9584, Train: 0.1429, Val: 0.1620, Test: 0.1490
Epoch: 21, Loss: 1.9689, Train: 0.1429, Val: 0.1140, Test: 0.1030
Epoch: 22, Loss: 1.9407, Train: 0.1429, Val: 0.1140, Test: 0.1030
Epoch: 23, Loss: 1.9507, Train: 0.1429, Val: 0.1140, Test: 0.1030
Epoch: 24, Loss: 1.9469, Train: 0.1429, Val: 0.1140, Test: 0.1030
Epoch: 25, Loss: 1.9576, Train: 0.1429, Val: 0.1140, Test: 0.1030
Epoch: 26, Loss: 1.9525, Train: 0.1429, Val: 0.1140, Test: 0.1030
Epoch: 27, Loss: 1.9454, Train: 0.1429, Val: 0.1140, Test: 0.1030
Epoch: 28, Loss: 1.9461, Train: 0.1429, Val: 0.1140, Test: 0.1030
Epoch: 29, Loss: 1.9418, Train: 0.1429, Val: 0.1140, Test: 0.1030
Epoch: 30, Loss: 1.9564, Train: 0.1429, Val: 0.1140, Test: 0.1030
Epoch: 31, Loss: 1.9385, Train: 0.1429, Val: 0.1140, Test: 0.1030
Epoch: 32, Loss: 1.9484, Train: 0.1429, Val: 0.1140, Test: 0.1030
Epoch: 33, Loss: 1.9459, Train: 0.1429, Val: 0.1140, Test: 0.1030
Epoch: 34, Loss: 1.9496, Train: 0.1429, Val: 0.1140, Test: 0.1030
Epoch: 35, Loss: 1.9495, Train: 0.1429, Val: 0.1560, Test: 0.1440
Epoch: 36, Loss: 1.9366, Train: 0.1429, Val: 0.1560, Test: 0.1440
Epoch: 37, Loss: 1.9484, Train: 0.1429, Val: 0.1560, Test: 0.1440
Epoch: 38, Loss: 1.9325, Train: 0.1429, Val: 0.1560, Test: 0.1440
Epoch: 39, Loss: 1.9554, Train: 0.1429, Val: 0.1560, Test: 0.1440
Epoch: 40, Loss: 1.9519, Train: 0.1429, Val: 0.1560, Test: 0.1440
Epoch: 41, Loss: 1.9447, Train: 0.1429, Val: 0.1560, Test: 0.1440
Epoch: 42, Loss: 1.9558, Train: 0.1429, Val: 0.1560, Test: 0.1440
Epoch: 43, Loss: 1.9413, Train: 0.1429, Val: 0.1560, Test: 0.1440
Epoch: 44, Loss: 1.9516, Train: 0.1429, Val: 0.1560, Test: 0.1440
Epoch: 45, Loss: 1.9506, Train: 0.1429, Val: 0.1560, Test: 0.1440
Epoch: 46, Loss: 1.9398, Train: 0.1429, Val: 0.1560, Test: 0.1440
Epoch: 47, Loss: 1.9439, Train: 0.1429, Val: 0.1560, Test: 0.1440
Epoch: 48, Loss: 1.9492, Train: 0.1429, Val: 0.1560, Test: 0.1440
Epoch: 49, Loss: 1.9411, Train: 0.1429, Val: 0.3160, Test: 0.3190
Epoch: 50, Loss: 1.9486, Train: 0.1429, Val: 0.3160, Test: 0.3190
MAD:  0.0011
InfoGap:  0.9999530903078266
Best Test Accuracy: 0.3190, Val Accuracy: 0.3160, Train Accuracy: 0.1429
Training completed.
Seed:  4
PMPGNN(
  (convs): ModuleList(
    (0): ParallelGNNBlock(
      (conv1): GATv2Conv(128, 128, heads=4)
      (conv2): GATv2Conv(128, 128, heads=4)
      (norm): LayerNorm((128,), eps=1e-05, elementwise_affine=True)
    )
    (1-10): 10 x ParallelGNNBlock(
      (conv1): GATv2Conv(1024, 128, heads=4)
      (conv2): GATv2Conv(1024, 128, heads=4)
      (norm): LayerNorm((128,), eps=1e-05, elementwise_affine=True)
    )
  )
  (norm): LayerNorm((1024,), eps=1e-05, elementwise_affine=True)
  (mlp): Sequential(
    (0): Linear(in_features=1024, out_features=64, bias=True)
    (1): LeakyReLU(negative_slope=0.01)
    (2): Dropout(p=0.3, inplace=False)
    (3): Linear(in_features=64, out_features=7, bias=True)
  )
  (proj): Linear(in_features=1433, out_features=128, bias=True)
)
Epoch: 1, Loss: 1.9730, Train: 0.1143, Val: 0.2460, Test: 0.2170
Epoch: 2, Loss: 1.9794, Train: 0.1500, Val: 0.3000, Test: 0.3130
Epoch: 3, Loss: 1.9685, Train: 0.1429, Val: 0.1220, Test: 0.1380
Epoch: 4, Loss: 1.9547, Train: 0.1429, Val: 0.1220, Test: 0.1300
Epoch: 5, Loss: 1.9312, Train: 0.1429, Val: 0.1140, Test: 0.1030
Epoch: 6, Loss: 1.9523, Train: 0.1429, Val: 0.1140, Test: 0.1030
Epoch: 7, Loss: 1.9620, Train: 0.1643, Val: 0.1180, Test: 0.1230
Epoch: 8, Loss: 1.9371, Train: 0.1429, Val: 0.1140, Test: 0.1030
Epoch: 9, Loss: 1.9620, Train: 0.1429, Val: 0.1220, Test: 0.1300
Epoch: 10, Loss: 1.9531, Train: 0.1429, Val: 0.1220, Test: 0.1300
Epoch: 11, Loss: 1.9801, Train: 0.1429, Val: 0.1220, Test: 0.1300
Epoch: 12, Loss: 1.9580, Train: 0.1429, Val: 0.1140, Test: 0.1030
Epoch: 13, Loss: 1.9445, Train: 0.1429, Val: 0.1560, Test: 0.1440
Epoch: 14, Loss: 1.9632, Train: 0.1429, Val: 0.1560, Test: 0.1440
Epoch: 15, Loss: 1.9792, Train: 0.1429, Val: 0.1560, Test: 0.1440
Epoch: 16, Loss: 1.9467, Train: 0.1429, Val: 0.1560, Test: 0.1440
Epoch: 17, Loss: 1.9523, Train: 0.1429, Val: 0.1560, Test: 0.1440
Epoch: 18, Loss: 1.9575, Train: 0.1429, Val: 0.1560, Test: 0.1440
Epoch: 19, Loss: 1.9660, Train: 0.1429, Val: 0.1560, Test: 0.1440
Epoch: 20, Loss: 1.9612, Train: 0.1429, Val: 0.1560, Test: 0.1440
Epoch: 21, Loss: 1.9537, Train: 0.1429, Val: 0.3160, Test: 0.3190
Epoch: 22, Loss: 1.9392, Train: 0.1429, Val: 0.3160, Test: 0.3190
Epoch: 23, Loss: 1.9452, Train: 0.1429, Val: 0.3160, Test: 0.3190
Epoch: 24, Loss: 1.9429, Train: 0.1429, Val: 0.3160, Test: 0.3190
Epoch: 25, Loss: 1.9369, Train: 0.1429, Val: 0.3160, Test: 0.3190
Epoch: 26, Loss: 1.9457, Train: 0.1429, Val: 0.3160, Test: 0.3190
Epoch: 27, Loss: 1.9580, Train: 0.1429, Val: 0.3160, Test: 0.3190
Epoch: 28, Loss: 1.9442, Train: 0.1429, Val: 0.3160, Test: 0.3190
Epoch: 29, Loss: 1.9536, Train: 0.1429, Val: 0.3160, Test: 0.3190
Epoch: 30, Loss: 1.9637, Train: 0.1429, Val: 0.3160, Test: 0.3190
Epoch: 31, Loss: 1.9602, Train: 0.1429, Val: 0.3160, Test: 0.3190
Epoch: 32, Loss: 1.9376, Train: 0.1429, Val: 0.3160, Test: 0.3190
Epoch: 33, Loss: 1.9477, Train: 0.1429, Val: 0.1140, Test: 0.1030
Epoch: 34, Loss: 1.9495, Train: 0.1714, Val: 0.1300, Test: 0.1140
Epoch: 35, Loss: 1.9501, Train: 0.1429, Val: 0.1560, Test: 0.1440
Epoch: 36, Loss: 1.9531, Train: 0.1429, Val: 0.1560, Test: 0.1440
Epoch: 37, Loss: 1.9377, Train: 0.1429, Val: 0.1560, Test: 0.1440
Epoch: 38, Loss: 1.9344, Train: 0.1429, Val: 0.1560, Test: 0.1440
Epoch: 39, Loss: 1.9565, Train: 0.1429, Val: 0.1560, Test: 0.1440
Epoch: 40, Loss: 1.9456, Train: 0.1429, Val: 0.1560, Test: 0.1440
Epoch: 41, Loss: 1.9493, Train: 0.1429, Val: 0.1560, Test: 0.1440
Epoch: 42, Loss: 1.9524, Train: 0.1429, Val: 0.1560, Test: 0.1440
Epoch: 43, Loss: 1.9465, Train: 0.1429, Val: 0.1560, Test: 0.1440
Epoch: 44, Loss: 1.9574, Train: 0.1429, Val: 0.1560, Test: 0.1440
Epoch: 45, Loss: 1.9525, Train: 0.1429, Val: 0.1220, Test: 0.1300
Epoch: 46, Loss: 1.9513, Train: 0.1429, Val: 0.1220, Test: 0.1300
Epoch: 47, Loss: 1.9489, Train: 0.1429, Val: 0.0720, Test: 0.0910
Epoch: 48, Loss: 1.9474, Train: 0.1429, Val: 0.0720, Test: 0.0910
Epoch: 49, Loss: 1.9545, Train: 0.1429, Val: 0.0720, Test: 0.0910
Epoch: 50, Loss: 1.9545, Train: 0.1429, Val: 0.0720, Test: 0.0910
MAD:  0.0
InfoGap:  0.9999997818772783
Best Test Accuracy: 0.3190, Val Accuracy: 0.3160, Train Accuracy: 0.1429
Training completed.
Seed:  5
PMPGNN(
  (convs): ModuleList(
    (0): ParallelGNNBlock(
      (conv1): GATv2Conv(128, 128, heads=4)
      (conv2): GATv2Conv(128, 128, heads=4)
      (norm): LayerNorm((128,), eps=1e-05, elementwise_affine=True)
    )
    (1-10): 10 x ParallelGNNBlock(
      (conv1): GATv2Conv(1024, 128, heads=4)
      (conv2): GATv2Conv(1024, 128, heads=4)
      (norm): LayerNorm((128,), eps=1e-05, elementwise_affine=True)
    )
  )
  (norm): LayerNorm((1024,), eps=1e-05, elementwise_affine=True)
  (mlp): Sequential(
    (0): Linear(in_features=1024, out_features=64, bias=True)
    (1): LeakyReLU(negative_slope=0.01)
    (2): Dropout(p=0.3, inplace=False)
    (3): Linear(in_features=64, out_features=7, bias=True)
  )
  (proj): Linear(in_features=1433, out_features=128, bias=True)
)
Epoch: 1, Loss: 2.0247, Train: 0.1429, Val: 0.0720, Test: 0.0910
Epoch: 2, Loss: 1.9702, Train: 0.1571, Val: 0.1720, Test: 0.1740
Epoch: 3, Loss: 1.9867, Train: 0.1571, Val: 0.3180, Test: 0.3280
Epoch: 4, Loss: 2.0032, Train: 0.1429, Val: 0.3160, Test: 0.3190
Epoch: 5, Loss: 1.9680, Train: 0.1429, Val: 0.3160, Test: 0.3190
Epoch: 6, Loss: 1.9741, Train: 0.1429, Val: 0.3160, Test: 0.3190
Epoch: 7, Loss: 1.9548, Train: 0.2000, Val: 0.1440, Test: 0.1540
Epoch: 8, Loss: 1.9798, Train: 0.1429, Val: 0.0720, Test: 0.0910
Epoch: 9, Loss: 1.9779, Train: 0.1429, Val: 0.0720, Test: 0.0910
Epoch: 10, Loss: 1.9492, Train: 0.1500, Val: 0.0840, Test: 0.0930
Epoch: 11, Loss: 1.9655, Train: 0.1429, Val: 0.0720, Test: 0.0910
Epoch: 12, Loss: 1.9508, Train: 0.1429, Val: 0.0720, Test: 0.0910
Epoch: 13, Loss: 1.9597, Train: 0.1429, Val: 0.0720, Test: 0.0910
Epoch: 14, Loss: 1.9599, Train: 0.1429, Val: 0.0720, Test: 0.0910
Epoch: 15, Loss: 1.9363, Train: 0.1429, Val: 0.1620, Test: 0.1490
Epoch: 16, Loss: 1.9522, Train: 0.1571, Val: 0.1660, Test: 0.1520
Epoch: 17, Loss: 1.9390, Train: 0.1429, Val: 0.3160, Test: 0.3190
Epoch: 18, Loss: 1.9658, Train: 0.1429, Val: 0.3160, Test: 0.3190
Epoch: 19, Loss: 1.9599, Train: 0.1429, Val: 0.3160, Test: 0.3190
Epoch: 20, Loss: 1.9598, Train: 0.1429, Val: 0.3160, Test: 0.3190
Epoch: 21, Loss: 1.9567, Train: 0.1429, Val: 0.3160, Test: 0.3190
Epoch: 22, Loss: 1.9596, Train: 0.1429, Val: 0.1220, Test: 0.1300
Epoch: 23, Loss: 1.9451, Train: 0.1429, Val: 0.0580, Test: 0.0640
Epoch: 24, Loss: 1.9542, Train: 0.1429, Val: 0.0580, Test: 0.0640
Epoch: 25, Loss: 1.9483, Train: 0.1429, Val: 0.0580, Test: 0.0640
Epoch: 26, Loss: 1.9496, Train: 0.1429, Val: 0.0580, Test: 0.0640
Epoch: 27, Loss: 1.9473, Train: 0.1429, Val: 0.0580, Test: 0.0640
Epoch: 28, Loss: 1.9505, Train: 0.1429, Val: 0.0580, Test: 0.0640
Epoch: 29, Loss: 1.9580, Train: 0.1429, Val: 0.0580, Test: 0.0640
Epoch: 30, Loss: 1.9485, Train: 0.1429, Val: 0.0580, Test: 0.0640
Epoch: 31, Loss: 1.9463, Train: 0.1429, Val: 0.0580, Test: 0.0640
Epoch: 32, Loss: 1.9378, Train: 0.1429, Val: 0.0580, Test: 0.0640
Epoch: 33, Loss: 1.9447, Train: 0.1429, Val: 0.0580, Test: 0.0640
Epoch: 34, Loss: 1.9372, Train: 0.1429, Val: 0.0580, Test: 0.0640
Epoch: 35, Loss: 1.9469, Train: 0.1429, Val: 0.1140, Test: 0.1030
Epoch: 36, Loss: 1.9566, Train: 0.1429, Val: 0.1140, Test: 0.1030
Epoch: 37, Loss: 1.9500, Train: 0.1429, Val: 0.1140, Test: 0.1030
Epoch: 38, Loss: 1.9461, Train: 0.1429, Val: 0.1140, Test: 0.1030
Epoch: 39, Loss: 1.9455, Train: 0.1429, Val: 0.1140, Test: 0.1030
Epoch: 40, Loss: 1.9515, Train: 0.1429, Val: 0.1140, Test: 0.1030
Epoch: 41, Loss: 1.9451, Train: 0.1429, Val: 0.1140, Test: 0.1030
Epoch: 42, Loss: 1.9487, Train: 0.1429, Val: 0.1140, Test: 0.1030
Epoch: 43, Loss: 1.9341, Train: 0.1429, Val: 0.0720, Test: 0.0910
Epoch: 44, Loss: 1.9510, Train: 0.1429, Val: 0.0720, Test: 0.0910
Epoch: 45, Loss: 1.9365, Train: 0.1429, Val: 0.0720, Test: 0.0910
Epoch: 46, Loss: 1.9399, Train: 0.1429, Val: 0.0720, Test: 0.0910
Epoch: 47, Loss: 1.9525, Train: 0.1429, Val: 0.0720, Test: 0.0910
Epoch: 48, Loss: 1.9416, Train: 0.1429, Val: 0.0720, Test: 0.0910
Epoch: 49, Loss: 1.9550, Train: 0.1429, Val: 0.0720, Test: 0.0910
Epoch: 50, Loss: 1.9468, Train: 0.1429, Val: 0.0720, Test: 0.0910
MAD:  0.0038
InfoGap:  0.999879512557527
Best Test Accuracy: 0.3280, Val Accuracy: 0.3180, Train Accuracy: 0.1571
Training completed.
Seed:  6
PMPGNN(
  (convs): ModuleList(
    (0): ParallelGNNBlock(
      (conv1): GATv2Conv(128, 128, heads=4)
      (conv2): GATv2Conv(128, 128, heads=4)
      (norm): LayerNorm((128,), eps=1e-05, elementwise_affine=True)
    )
    (1-10): 10 x ParallelGNNBlock(
      (conv1): GATv2Conv(1024, 128, heads=4)
      (conv2): GATv2Conv(1024, 128, heads=4)
      (norm): LayerNorm((128,), eps=1e-05, elementwise_affine=True)
    )
  )
  (norm): LayerNorm((1024,), eps=1e-05, elementwise_affine=True)
  (mlp): Sequential(
    (0): Linear(in_features=1024, out_features=64, bias=True)
    (1): LeakyReLU(negative_slope=0.01)
    (2): Dropout(p=0.3, inplace=False)
    (3): Linear(in_features=64, out_features=7, bias=True)
  )
  (proj): Linear(in_features=1433, out_features=128, bias=True)
)
Epoch: 1, Loss: 2.0141, Train: 0.1857, Val: 0.0860, Test: 0.1100
Epoch: 2, Loss: 1.9619, Train: 0.1429, Val: 0.1140, Test: 0.1030
Epoch: 3, Loss: 1.9325, Train: 0.1429, Val: 0.0720, Test: 0.0910
Epoch: 4, Loss: 1.9364, Train: 0.1429, Val: 0.0720, Test: 0.0910
Epoch: 5, Loss: 1.9917, Train: 0.1429, Val: 0.0720, Test: 0.0910
Epoch: 6, Loss: 1.9661, Train: 0.1429, Val: 0.1220, Test: 0.1300
Epoch: 7, Loss: 1.9700, Train: 0.1429, Val: 0.1220, Test: 0.1300
Epoch: 8, Loss: 1.9615, Train: 0.2286, Val: 0.1260, Test: 0.1420
Epoch: 9, Loss: 1.9527, Train: 0.2000, Val: 0.1560, Test: 0.1480
Epoch: 10, Loss: 1.9695, Train: 0.1500, Val: 0.3120, Test: 0.3130
Epoch: 11, Loss: 1.9614, Train: 0.1429, Val: 0.3160, Test: 0.3190
Epoch: 12, Loss: 1.9662, Train: 0.1429, Val: 0.0580, Test: 0.0640
Epoch: 13, Loss: 1.9639, Train: 0.1429, Val: 0.0580, Test: 0.0640
Epoch: 14, Loss: 1.9469, Train: 0.1429, Val: 0.0720, Test: 0.0910
Epoch: 15, Loss: 1.9469, Train: 0.1429, Val: 0.0720, Test: 0.0910
Epoch: 16, Loss: 1.9830, Train: 0.1429, Val: 0.0720, Test: 0.0910
Epoch: 17, Loss: 1.9458, Train: 0.1429, Val: 0.0720, Test: 0.0910
Epoch: 18, Loss: 1.9656, Train: 0.1429, Val: 0.0720, Test: 0.0910
Epoch: 19, Loss: 1.9635, Train: 0.1429, Val: 0.0720, Test: 0.0910
Epoch: 20, Loss: 1.9543, Train: 0.1429, Val: 0.0720, Test: 0.0910
Epoch: 21, Loss: 1.9525, Train: 0.1429, Val: 0.0720, Test: 0.0910
Epoch: 22, Loss: 1.9568, Train: 0.1429, Val: 0.0720, Test: 0.0910
Epoch: 23, Loss: 1.9602, Train: 0.1429, Val: 0.0720, Test: 0.0910
Epoch: 24, Loss: 1.9489, Train: 0.1429, Val: 0.0720, Test: 0.0910
Epoch: 25, Loss: 1.9407, Train: 0.1429, Val: 0.0720, Test: 0.0910
Epoch: 26, Loss: 1.9462, Train: 0.1429, Val: 0.0720, Test: 0.0910
Epoch: 27, Loss: 1.9438, Train: 0.1429, Val: 0.1560, Test: 0.1440
Epoch: 28, Loss: 1.9543, Train: 0.1429, Val: 0.1620, Test: 0.1490
Epoch: 29, Loss: 1.9448, Train: 0.1429, Val: 0.1620, Test: 0.1490
Epoch: 30, Loss: 1.9570, Train: 0.1429, Val: 0.1620, Test: 0.1490
Epoch: 31, Loss: 1.9458, Train: 0.1429, Val: 0.0720, Test: 0.0910
Epoch: 32, Loss: 1.9409, Train: 0.1429, Val: 0.0720, Test: 0.0910
Epoch: 33, Loss: 1.9419, Train: 0.1429, Val: 0.0720, Test: 0.0910
Epoch: 34, Loss: 1.9490, Train: 0.1429, Val: 0.0720, Test: 0.0910
Epoch: 35, Loss: 1.9496, Train: 0.1429, Val: 0.0720, Test: 0.0910
Epoch: 36, Loss: 1.9420, Train: 0.1429, Val: 0.0720, Test: 0.0910
Epoch: 37, Loss: 1.9396, Train: 0.1429, Val: 0.0720, Test: 0.0910
Epoch: 38, Loss: 1.9449, Train: 0.1429, Val: 0.0720, Test: 0.0910
Epoch: 39, Loss: 1.9447, Train: 0.1429, Val: 0.1620, Test: 0.1490
Epoch: 40, Loss: 1.9409, Train: 0.1429, Val: 0.1620, Test: 0.1490
Epoch: 41, Loss: 1.9483, Train: 0.1429, Val: 0.1220, Test: 0.1300
Epoch: 42, Loss: 1.9554, Train: 0.1429, Val: 0.1220, Test: 0.1300
Epoch: 43, Loss: 1.9446, Train: 0.1429, Val: 0.1220, Test: 0.1300
Epoch: 44, Loss: 1.9477, Train: 0.1429, Val: 0.1220, Test: 0.1300
Epoch: 45, Loss: 1.9514, Train: 0.1429, Val: 0.1220, Test: 0.1300
Epoch: 46, Loss: 1.9459, Train: 0.1429, Val: 0.1220, Test: 0.1300
Epoch: 47, Loss: 1.9492, Train: 0.1429, Val: 0.1220, Test: 0.1300
Epoch: 48, Loss: 1.9450, Train: 0.1429, Val: 0.0720, Test: 0.0910
Epoch: 49, Loss: 1.9466, Train: 0.1429, Val: 0.0720, Test: 0.0910
Epoch: 50, Loss: 1.9443, Train: 0.1429, Val: 0.0720, Test: 0.0910
MAD:  0.0003
InfoGap:  0.9999975764862938
Best Test Accuracy: 0.3190, Val Accuracy: 0.3160, Train Accuracy: 0.1429
Training completed.
Seed:  7
PMPGNN(
  (convs): ModuleList(
    (0): ParallelGNNBlock(
      (conv1): GATv2Conv(128, 128, heads=4)
      (conv2): GATv2Conv(128, 128, heads=4)
      (norm): LayerNorm((128,), eps=1e-05, elementwise_affine=True)
    )
    (1-10): 10 x ParallelGNNBlock(
      (conv1): GATv2Conv(1024, 128, heads=4)
      (conv2): GATv2Conv(1024, 128, heads=4)
      (norm): LayerNorm((128,), eps=1e-05, elementwise_affine=True)
    )
  )
  (norm): LayerNorm((1024,), eps=1e-05, elementwise_affine=True)
  (mlp): Sequential(
    (0): Linear(in_features=1024, out_features=64, bias=True)
    (1): LeakyReLU(negative_slope=0.01)
    (2): Dropout(p=0.3, inplace=False)
    (3): Linear(in_features=64, out_features=7, bias=True)
  )
  (proj): Linear(in_features=1433, out_features=128, bias=True)
)
Epoch: 1, Loss: 1.9752, Train: 0.1429, Val: 0.1560, Test: 0.1470
Epoch: 2, Loss: 1.9676, Train: 0.1429, Val: 0.1560, Test: 0.1460
Epoch: 3, Loss: 1.9481, Train: 0.1429, Val: 0.1620, Test: 0.1490
Epoch: 4, Loss: 1.9507, Train: 0.2643, Val: 0.4060, Test: 0.4020
Epoch: 5, Loss: 1.9694, Train: 0.1429, Val: 0.1620, Test: 0.1490
Epoch: 6, Loss: 1.9600, Train: 0.1429, Val: 0.1620, Test: 0.1490
Epoch: 7, Loss: 1.9589, Train: 0.1429, Val: 0.1620, Test: 0.1490
Epoch: 8, Loss: 1.9546, Train: 0.1429, Val: 0.1620, Test: 0.1490
Epoch: 9, Loss: 1.9697, Train: 0.1429, Val: 0.1220, Test: 0.1290
Epoch: 10, Loss: 1.9960, Train: 0.1429, Val: 0.1220, Test: 0.1300
Epoch: 11, Loss: 1.9492, Train: 0.1429, Val: 0.1220, Test: 0.1300
Epoch: 12, Loss: 1.9427, Train: 0.1429, Val: 0.1220, Test: 0.1300
Epoch: 13, Loss: 1.9716, Train: 0.1429, Val: 0.1220, Test: 0.1300
Epoch: 14, Loss: 1.9546, Train: 0.1429, Val: 0.1220, Test: 0.1300
Epoch: 15, Loss: 1.9671, Train: 0.1429, Val: 0.1220, Test: 0.1300
Epoch: 16, Loss: 1.9440, Train: 0.1429, Val: 0.1220, Test: 0.1300
Epoch: 17, Loss: 1.9540, Train: 0.1429, Val: 0.1620, Test: 0.1490
Epoch: 18, Loss: 1.9510, Train: 0.1429, Val: 0.1620, Test: 0.1490
Epoch: 19, Loss: 1.9427, Train: 0.1429, Val: 0.1620, Test: 0.1490
Epoch: 20, Loss: 1.9651, Train: 0.1429, Val: 0.1620, Test: 0.1490
Epoch: 21, Loss: 1.9527, Train: 0.1429, Val: 0.1620, Test: 0.1490
Epoch: 22, Loss: 1.9558, Train: 0.1429, Val: 0.1620, Test: 0.1490
Epoch: 23, Loss: 1.9556, Train: 0.1429, Val: 0.1620, Test: 0.1490
Epoch: 24, Loss: 1.9630, Train: 0.1429, Val: 0.1620, Test: 0.1490
Epoch: 25, Loss: 1.9549, Train: 0.1429, Val: 0.1620, Test: 0.1490
Epoch: 26, Loss: 1.9510, Train: 0.1429, Val: 0.1620, Test: 0.1490
Epoch: 27, Loss: 1.9475, Train: 0.1429, Val: 0.1620, Test: 0.1490
Epoch: 28, Loss: 1.9581, Train: 0.1429, Val: 0.1620, Test: 0.1490
Epoch: 29, Loss: 1.9567, Train: 0.1429, Val: 0.1220, Test: 0.1300
Epoch: 30, Loss: 1.9473, Train: 0.1429, Val: 0.1220, Test: 0.1300
Epoch: 31, Loss: 1.9393, Train: 0.1429, Val: 0.1220, Test: 0.1300
Epoch: 32, Loss: 1.9461, Train: 0.1429, Val: 0.1220, Test: 0.1300
Epoch: 33, Loss: 1.9590, Train: 0.1429, Val: 0.1620, Test: 0.1490
Epoch: 34, Loss: 1.9531, Train: 0.1429, Val: 0.1620, Test: 0.1490
Epoch: 35, Loss: 1.9515, Train: 0.1429, Val: 0.1620, Test: 0.1490
Epoch: 36, Loss: 1.9464, Train: 0.1429, Val: 0.1620, Test: 0.1490
Epoch: 37, Loss: 1.9585, Train: 0.1429, Val: 0.1620, Test: 0.1490
Epoch: 38, Loss: 1.9568, Train: 0.1429, Val: 0.1620, Test: 0.1490
Epoch: 39, Loss: 1.9520, Train: 0.1429, Val: 0.1620, Test: 0.1490
Epoch: 40, Loss: 1.9469, Train: 0.1429, Val: 0.1620, Test: 0.1490
Epoch: 41, Loss: 1.9494, Train: 0.1429, Val: 0.1620, Test: 0.1490
Epoch: 42, Loss: 1.9508, Train: 0.1429, Val: 0.1620, Test: 0.1490
Epoch: 43, Loss: 1.9443, Train: 0.1429, Val: 0.1620, Test: 0.1490
Epoch: 44, Loss: 1.9516, Train: 0.1429, Val: 0.1620, Test: 0.1490
Epoch: 45, Loss: 1.9410, Train: 0.1429, Val: 0.1620, Test: 0.1490
Epoch: 46, Loss: 1.9418, Train: 0.1429, Val: 0.1620, Test: 0.1490
Epoch: 47, Loss: 1.9533, Train: 0.1429, Val: 0.1620, Test: 0.1490
Epoch: 48, Loss: 1.9522, Train: 0.1429, Val: 0.3160, Test: 0.3190
Epoch: 49, Loss: 1.9450, Train: 0.1429, Val: 0.3160, Test: 0.3190
Epoch: 50, Loss: 1.9458, Train: 0.1429, Val: 0.3160, Test: 0.3190
MAD:  0.0034
InfoGap:  0.9999607315148751
Best Test Accuracy: 0.4020, Val Accuracy: 0.4060, Train Accuracy: 0.2643
Training completed.
Seed:  8
PMPGNN(
  (convs): ModuleList(
    (0): ParallelGNNBlock(
      (conv1): GATv2Conv(128, 128, heads=4)
      (conv2): GATv2Conv(128, 128, heads=4)
      (norm): LayerNorm((128,), eps=1e-05, elementwise_affine=True)
    )
    (1-10): 10 x ParallelGNNBlock(
      (conv1): GATv2Conv(1024, 128, heads=4)
      (conv2): GATv2Conv(1024, 128, heads=4)
      (norm): LayerNorm((128,), eps=1e-05, elementwise_affine=True)
    )
  )
  (norm): LayerNorm((1024,), eps=1e-05, elementwise_affine=True)
  (mlp): Sequential(
    (0): Linear(in_features=1024, out_features=64, bias=True)
    (1): LeakyReLU(negative_slope=0.01)
    (2): Dropout(p=0.3, inplace=False)
    (3): Linear(in_features=64, out_features=7, bias=True)
  )
  (proj): Linear(in_features=1433, out_features=128, bias=True)
)
Epoch: 1, Loss: 1.9791, Train: 0.2214, Val: 0.1780, Test: 0.1780
Epoch: 2, Loss: 1.9561, Train: 0.1929, Val: 0.1880, Test: 0.1750
Epoch: 3, Loss: 1.9682, Train: 0.1429, Val: 0.1560, Test: 0.1440
Epoch: 4, Loss: 1.9482, Train: 0.1429, Val: 0.1560, Test: 0.1440
Epoch: 5, Loss: 1.9838, Train: 0.1429, Val: 0.1560, Test: 0.1440
Epoch: 6, Loss: 1.9492, Train: 0.1429, Val: 0.1560, Test: 0.1440
Epoch: 7, Loss: 1.9487, Train: 0.1429, Val: 0.1620, Test: 0.1490
Epoch: 8, Loss: 1.9695, Train: 0.1429, Val: 0.1620, Test: 0.1490
Epoch: 9, Loss: 1.9708, Train: 0.1429, Val: 0.1620, Test: 0.1490
Epoch: 10, Loss: 1.9447, Train: 0.1429, Val: 0.1620, Test: 0.1490
Epoch: 11, Loss: 1.9679, Train: 0.1429, Val: 0.1620, Test: 0.1490
Epoch: 12, Loss: 1.9433, Train: 0.1429, Val: 0.1620, Test: 0.1490
Epoch: 13, Loss: 1.9689, Train: 0.1429, Val: 0.1620, Test: 0.1490
Epoch: 14, Loss: 1.9653, Train: 0.1429, Val: 0.1560, Test: 0.1440
Epoch: 15, Loss: 1.9447, Train: 0.1429, Val: 0.1560, Test: 0.1440
Epoch: 16, Loss: 1.9667, Train: 0.1429, Val: 0.1560, Test: 0.1440
Epoch: 17, Loss: 1.9540, Train: 0.1429, Val: 0.1560, Test: 0.1440
Epoch: 18, Loss: 1.9582, Train: 0.1429, Val: 0.1560, Test: 0.1440
Epoch: 19, Loss: 1.9719, Train: 0.1429, Val: 0.1560, Test: 0.1440
Epoch: 20, Loss: 1.9528, Train: 0.1429, Val: 0.1560, Test: 0.1440
Epoch: 21, Loss: 1.9590, Train: 0.1429, Val: 0.1560, Test: 0.1440
Epoch: 22, Loss: 1.9655, Train: 0.1429, Val: 0.0720, Test: 0.0910
Epoch: 23, Loss: 1.9532, Train: 0.1429, Val: 0.0720, Test: 0.0910
Epoch: 24, Loss: 1.9480, Train: 0.2286, Val: 0.1780, Test: 0.1880
Epoch: 25, Loss: 1.9357, Train: 0.1429, Val: 0.1620, Test: 0.1490
Epoch: 26, Loss: 1.9529, Train: 0.1429, Val: 0.1620, Test: 0.1490
Epoch: 27, Loss: 1.9461, Train: 0.1429, Val: 0.1620, Test: 0.1490
Epoch: 28, Loss: 1.9533, Train: 0.1429, Val: 0.1620, Test: 0.1490
Epoch: 29, Loss: 1.9489, Train: 0.1429, Val: 0.1620, Test: 0.1490
Epoch: 30, Loss: 1.9452, Train: 0.1429, Val: 0.1620, Test: 0.1490
Epoch: 31, Loss: 1.9510, Train: 0.1429, Val: 0.1620, Test: 0.1490
Epoch: 32, Loss: 1.9402, Train: 0.1429, Val: 0.1620, Test: 0.1490
Epoch: 33, Loss: 1.9446, Train: 0.1429, Val: 0.1560, Test: 0.1440
Epoch: 34, Loss: 1.9491, Train: 0.1429, Val: 0.1560, Test: 0.1440
Epoch: 35, Loss: 1.9573, Train: 0.1429, Val: 0.1560, Test: 0.1440
Epoch: 36, Loss: 1.9560, Train: 0.1429, Val: 0.1560, Test: 0.1440
Epoch: 37, Loss: 1.9334, Train: 0.1429, Val: 0.1560, Test: 0.1440
Epoch: 38, Loss: 1.9569, Train: 0.1429, Val: 0.1560, Test: 0.1440
Epoch: 39, Loss: 1.9325, Train: 0.1429, Val: 0.1560, Test: 0.1440
Epoch: 40, Loss: 1.9436, Train: 0.1429, Val: 0.1140, Test: 0.1030
Epoch: 41, Loss: 1.9505, Train: 0.1429, Val: 0.0580, Test: 0.0640
Epoch: 42, Loss: 1.9492, Train: 0.1429, Val: 0.0580, Test: 0.0640
Epoch: 43, Loss: 1.9509, Train: 0.1429, Val: 0.0580, Test: 0.0640
Epoch: 44, Loss: 1.9652, Train: 0.1429, Val: 0.0580, Test: 0.0640
Epoch: 45, Loss: 1.9539, Train: 0.1429, Val: 0.0580, Test: 0.0640
Epoch: 46, Loss: 1.9511, Train: 0.1429, Val: 0.0580, Test: 0.0640
Epoch: 47, Loss: 1.9462, Train: 0.1429, Val: 0.0580, Test: 0.0640
Epoch: 48, Loss: 1.9564, Train: 0.1429, Val: 0.0720, Test: 0.0910
Epoch: 49, Loss: 1.9593, Train: 0.1429, Val: 0.0720, Test: 0.0910
Epoch: 50, Loss: 1.9478, Train: 0.1429, Val: 0.0720, Test: 0.0910
MAD:  0.0001
InfoGap:  0.9999995802560591
Best Test Accuracy: 0.1880, Val Accuracy: 0.1780, Train Accuracy: 0.2286
Training completed.
Seed:  9
PMPGNN(
  (convs): ModuleList(
    (0): ParallelGNNBlock(
      (conv1): GATv2Conv(128, 128, heads=4)
      (conv2): GATv2Conv(128, 128, heads=4)
      (norm): LayerNorm((128,), eps=1e-05, elementwise_affine=True)
    )
    (1-10): 10 x ParallelGNNBlock(
      (conv1): GATv2Conv(1024, 128, heads=4)
      (conv2): GATv2Conv(1024, 128, heads=4)
      (norm): LayerNorm((128,), eps=1e-05, elementwise_affine=True)
    )
  )
  (norm): LayerNorm((1024,), eps=1e-05, elementwise_affine=True)
  (mlp): Sequential(
    (0): Linear(in_features=1024, out_features=64, bias=True)
    (1): LeakyReLU(negative_slope=0.01)
    (2): Dropout(p=0.3, inplace=False)
    (3): Linear(in_features=64, out_features=7, bias=True)
  )
  (proj): Linear(in_features=1433, out_features=128, bias=True)
)
Epoch: 1, Loss: 1.9816, Train: 0.1286, Val: 0.2360, Test: 0.2370
Epoch: 2, Loss: 2.0355, Train: 0.1429, Val: 0.1220, Test: 0.1300
Epoch: 3, Loss: 1.9527, Train: 0.1429, Val: 0.1220, Test: 0.1300
Epoch: 4, Loss: 1.9699, Train: 0.1500, Val: 0.1560, Test: 0.1450
Epoch: 5, Loss: 1.9398, Train: 0.1429, Val: 0.1560, Test: 0.1440
Epoch: 6, Loss: 1.9693, Train: 0.1429, Val: 0.1560, Test: 0.1440
Epoch: 7, Loss: 1.9457, Train: 0.1429, Val: 0.1560, Test: 0.1440
Epoch: 8, Loss: 1.9682, Train: 0.1429, Val: 0.1620, Test: 0.1490
Epoch: 9, Loss: 1.9679, Train: 0.1429, Val: 0.1620, Test: 0.1490
Epoch: 10, Loss: 1.9361, Train: 0.1429, Val: 0.1620, Test: 0.1490
Epoch: 11, Loss: 1.9471, Train: 0.1429, Val: 0.1620, Test: 0.1490
Epoch: 12, Loss: 1.9546, Train: 0.1429, Val: 0.1620, Test: 0.1490
Epoch: 13, Loss: 1.9488, Train: 0.1429, Val: 0.1620, Test: 0.1490
Epoch: 14, Loss: 1.9431, Train: 0.1429, Val: 0.1220, Test: 0.1300
Epoch: 15, Loss: 1.9804, Train: 0.1429, Val: 0.1220, Test: 0.1300
Epoch: 16, Loss: 1.9606, Train: 0.1429, Val: 0.1220, Test: 0.1300
Epoch: 17, Loss: 1.9658, Train: 0.1429, Val: 0.0720, Test: 0.0920
Epoch: 18, Loss: 1.9456, Train: 0.1429, Val: 0.1140, Test: 0.1030
Epoch: 19, Loss: 1.9520, Train: 0.1429, Val: 0.1140, Test: 0.1030
Epoch: 20, Loss: 1.9657, Train: 0.1429, Val: 0.3160, Test: 0.3190
Epoch: 21, Loss: 1.9555, Train: 0.1429, Val: 0.1220, Test: 0.1300
Epoch: 22, Loss: 1.9764, Train: 0.1429, Val: 0.1220, Test: 0.1300
Epoch: 23, Loss: 1.9453, Train: 0.1429, Val: 0.1220, Test: 0.1300
Epoch: 24, Loss: 1.9593, Train: 0.1429, Val: 0.1220, Test: 0.1300
Epoch: 25, Loss: 1.9485, Train: 0.1929, Val: 0.2060, Test: 0.2380
Epoch: 26, Loss: 1.9550, Train: 0.1429, Val: 0.1220, Test: 0.1300
Epoch: 27, Loss: 1.9650, Train: 0.1429, Val: 0.1220, Test: 0.1300
Epoch: 28, Loss: 1.9462, Train: 0.1429, Val: 0.1220, Test: 0.1300
Epoch: 29, Loss: 1.9568, Train: 0.1429, Val: 0.0720, Test: 0.0910
Epoch: 30, Loss: 1.9462, Train: 0.1429, Val: 0.0720, Test: 0.0910
Epoch: 31, Loss: 1.9552, Train: 0.1429, Val: 0.0720, Test: 0.0910
Epoch: 32, Loss: 1.9452, Train: 0.1429, Val: 0.0720, Test: 0.0910
Epoch: 33, Loss: 1.9661, Train: 0.1429, Val: 0.1560, Test: 0.1440
Epoch: 34, Loss: 1.9467, Train: 0.1429, Val: 0.1560, Test: 0.1440
Epoch: 35, Loss: 1.9479, Train: 0.1429, Val: 0.1560, Test: 0.1440
Epoch: 36, Loss: 1.9471, Train: 0.1429, Val: 0.1560, Test: 0.1440
Epoch: 37, Loss: 1.9497, Train: 0.1429, Val: 0.0580, Test: 0.0640
Epoch: 38, Loss: 1.9424, Train: 0.1429, Val: 0.0580, Test: 0.0640
Epoch: 39, Loss: 1.9530, Train: 0.1429, Val: 0.0580, Test: 0.0640
Epoch: 40, Loss: 1.9588, Train: 0.1429, Val: 0.1620, Test: 0.1490
Epoch: 41, Loss: 1.9529, Train: 0.1429, Val: 0.1620, Test: 0.1490
Epoch: 42, Loss: 1.9429, Train: 0.1429, Val: 0.1620, Test: 0.1490
Epoch: 43, Loss: 1.9437, Train: 0.1429, Val: 0.1620, Test: 0.1490
Epoch: 44, Loss: 1.9510, Train: 0.1429, Val: 0.1620, Test: 0.1490
Epoch: 45, Loss: 1.9397, Train: 0.1429, Val: 0.1620, Test: 0.1490
Epoch: 46, Loss: 1.9386, Train: 0.1429, Val: 0.1620, Test: 0.1490
Epoch: 47, Loss: 1.9603, Train: 0.1429, Val: 0.1620, Test: 0.1490
Epoch: 48, Loss: 1.9501, Train: 0.1429, Val: 0.1220, Test: 0.1300
Epoch: 49, Loss: 1.9485, Train: 0.1429, Val: 0.1220, Test: 0.1300
Epoch: 50, Loss: 1.9374, Train: 0.1429, Val: 0.1220, Test: 0.1300
MAD:  0.0
InfoGap:  0.9999997064595618
Best Test Accuracy: 0.3190, Val Accuracy: 0.3160, Train Accuracy: 0.1429
Training completed.
Average Test Accuracy:  0.3126 ± 0.052263180155822896
Average MAD:  0.00099 ± 0.001368539367354845
Average R:  0.999976623262824 ± 3.643151755664345e-05
