Seed:  0
PMPGNN(
  (convs): ModuleList(
    (0): ParallelGNNBlock(
      (conv1): GATv2Conv(128, 128, heads=4)
      (conv2): GATv2Conv(128, 128, heads=4)
      (norm): LayerNorm((128,), eps=1e-05, elementwise_affine=True)
    )
    (1-9): 9 x ParallelGNNBlock(
      (conv1): GATv2Conv(1024, 128, heads=4)
      (conv2): GATv2Conv(1024, 128, heads=4)
      (norm): LayerNorm((128,), eps=1e-05, elementwise_affine=True)
    )
    (10): GATv2Conv(1024, 256, heads=4)
  )
  (norm): LayerNorm((1024,), eps=1e-05, elementwise_affine=True)
  (mlp): Sequential(
    (0): Linear(in_features=1024, out_features=64, bias=True)
    (1): LeakyReLU(negative_slope=0.01)
    (2): Dropout(p=0.3, inplace=False)
    (3): Linear(in_features=64, out_features=7, bias=True)
  )
  (proj): Linear(in_features=1433, out_features=128, bias=True)
)
Epoch: 1, Loss: 1.9734, Train: 0.1786, Val: 0.1260, Test: 0.1240
Epoch: 2, Loss: 1.9651, Train: 0.1429, Val: 0.0760, Test: 0.0920
Epoch: 3, Loss: 1.9518, Train: 0.1571, Val: 0.0800, Test: 0.0930
Epoch: 4, Loss: 1.9809, Train: 0.1429, Val: 0.0720, Test: 0.0910
Epoch: 5, Loss: 1.9565, Train: 0.1429, Val: 0.0720, Test: 0.0910
Epoch: 6, Loss: 1.9729, Train: 0.1357, Val: 0.0580, Test: 0.0650
Epoch: 7, Loss: 1.9811, Train: 0.1429, Val: 0.0580, Test: 0.0640
Epoch: 8, Loss: 1.9509, Train: 0.1429, Val: 0.0580, Test: 0.0640
Epoch: 9, Loss: 1.9605, Train: 0.1857, Val: 0.1140, Test: 0.1070
Epoch: 10, Loss: 1.9514, Train: 0.1429, Val: 0.0720, Test: 0.0910
Epoch: 11, Loss: 1.9515, Train: 0.1429, Val: 0.0720, Test: 0.0910
Epoch: 12, Loss: 1.9554, Train: 0.1429, Val: 0.0720, Test: 0.0910
Epoch: 13, Loss: 1.9461, Train: 0.1429, Val: 0.0720, Test: 0.0910
Epoch: 14, Loss: 1.9585, Train: 0.1429, Val: 0.0720, Test: 0.0910
Epoch: 15, Loss: 1.9368, Train: 0.1429, Val: 0.0720, Test: 0.0910
Epoch: 16, Loss: 1.9416, Train: 0.1429, Val: 0.1620, Test: 0.1490
Epoch: 17, Loss: 1.9697, Train: 0.1429, Val: 0.1620, Test: 0.1490
Epoch: 18, Loss: 1.9642, Train: 0.1429, Val: 0.1620, Test: 0.1490
Epoch: 19, Loss: 1.9775, Train: 0.1429, Val: 0.1620, Test: 0.1490
Epoch: 20, Loss: 1.9373, Train: 0.1429, Val: 0.0580, Test: 0.0640
Epoch: 21, Loss: 1.9760, Train: 0.1429, Val: 0.0580, Test: 0.0640
Epoch: 22, Loss: 1.9412, Train: 0.1429, Val: 0.0580, Test: 0.0640
Epoch: 23, Loss: 1.9498, Train: 0.1429, Val: 0.0580, Test: 0.0640
Epoch: 24, Loss: 1.9464, Train: 0.1429, Val: 0.0580, Test: 0.0640
Epoch: 25, Loss: 1.9647, Train: 0.2286, Val: 0.1280, Test: 0.1460
Epoch: 26, Loss: 1.9534, Train: 0.1429, Val: 0.1220, Test: 0.1300
Epoch: 27, Loss: 1.9501, Train: 0.1429, Val: 0.1220, Test: 0.1300
Epoch: 28, Loss: 1.9481, Train: 0.1429, Val: 0.1220, Test: 0.1300
Epoch: 29, Loss: 1.9579, Train: 0.1429, Val: 0.1220, Test: 0.1300
Epoch: 30, Loss: 1.9524, Train: 0.1429, Val: 0.3160, Test: 0.3190
Epoch: 31, Loss: 1.9444, Train: 0.1429, Val: 0.1140, Test: 0.1030
Epoch: 32, Loss: 1.9432, Train: 0.1429, Val: 0.1140, Test: 0.1030
Epoch: 33, Loss: 1.9553, Train: 0.1429, Val: 0.1140, Test: 0.1030
Epoch: 34, Loss: 1.9418, Train: 0.1429, Val: 0.1140, Test: 0.1030
Epoch: 35, Loss: 1.9480, Train: 0.1429, Val: 0.1140, Test: 0.1030
Epoch: 36, Loss: 1.9502, Train: 0.1429, Val: 0.0580, Test: 0.0640
Epoch: 37, Loss: 1.9489, Train: 0.1429, Val: 0.0580, Test: 0.0640
Epoch: 38, Loss: 1.9528, Train: 0.1429, Val: 0.0580, Test: 0.0640
Epoch: 39, Loss: 1.9511, Train: 0.1429, Val: 0.0720, Test: 0.0910
Epoch: 40, Loss: 1.9533, Train: 0.1429, Val: 0.0720, Test: 0.0910
Epoch: 41, Loss: 1.9470, Train: 0.1429, Val: 0.0720, Test: 0.0910
Epoch: 42, Loss: 1.9529, Train: 0.1429, Val: 0.0720, Test: 0.0910
Epoch: 43, Loss: 1.9450, Train: 0.1429, Val: 0.0720, Test: 0.0910
Epoch: 44, Loss: 1.9537, Train: 0.1429, Val: 0.0720, Test: 0.0910
Epoch: 45, Loss: 1.9459, Train: 0.1429, Val: 0.0720, Test: 0.0910
Epoch: 46, Loss: 1.9503, Train: 0.1429, Val: 0.0720, Test: 0.0910
Epoch: 47, Loss: 1.9503, Train: 0.1429, Val: 0.0720, Test: 0.0910
Epoch: 48, Loss: 1.9435, Train: 0.1429, Val: 0.3160, Test: 0.3190
Epoch: 49, Loss: 1.9581, Train: 0.1429, Val: 0.3160, Test: 0.3190
Epoch: 50, Loss: 1.9491, Train: 0.1429, Val: 0.3160, Test: 0.3190
MAD:  0.0
InfoGap:  0.9999996835319962
Best Test Accuracy: 0.3190, Val Accuracy: 0.3160, Train Accuracy: 0.1429
Training completed.
Seed:  1
PMPGNN(
  (convs): ModuleList(
    (0): ParallelGNNBlock(
      (conv1): GATv2Conv(128, 128, heads=4)
      (conv2): GATv2Conv(128, 128, heads=4)
      (norm): LayerNorm((128,), eps=1e-05, elementwise_affine=True)
    )
    (1-9): 9 x ParallelGNNBlock(
      (conv1): GATv2Conv(1024, 128, heads=4)
      (conv2): GATv2Conv(1024, 128, heads=4)
      (norm): LayerNorm((128,), eps=1e-05, elementwise_affine=True)
    )
    (10): GATv2Conv(1024, 256, heads=4)
  )
  (norm): LayerNorm((1024,), eps=1e-05, elementwise_affine=True)
  (mlp): Sequential(
    (0): Linear(in_features=1024, out_features=64, bias=True)
    (1): LeakyReLU(negative_slope=0.01)
    (2): Dropout(p=0.3, inplace=False)
    (3): Linear(in_features=64, out_features=7, bias=True)
  )
  (proj): Linear(in_features=1433, out_features=128, bias=True)
)
Epoch: 1, Loss: 2.0129, Train: 0.1429, Val: 0.0720, Test: 0.0900
Epoch: 2, Loss: 1.9800, Train: 0.1429, Val: 0.0720, Test: 0.0910
Epoch: 3, Loss: 1.9679, Train: 0.1429, Val: 0.1620, Test: 0.1490
Epoch: 4, Loss: 1.9858, Train: 0.1429, Val: 0.1620, Test: 0.1490
Epoch: 5, Loss: 1.9638, Train: 0.1429, Val: 0.1620, Test: 0.1490
Epoch: 6, Loss: 1.9365, Train: 0.1429, Val: 0.1620, Test: 0.1490
Epoch: 7, Loss: 1.9874, Train: 0.1429, Val: 0.1220, Test: 0.1300
Epoch: 8, Loss: 1.9440, Train: 0.1429, Val: 0.1220, Test: 0.1300
Epoch: 9, Loss: 1.9640, Train: 0.1429, Val: 0.1220, Test: 0.1300
Epoch: 10, Loss: 1.9613, Train: 0.1429, Val: 0.1220, Test: 0.1300
Epoch: 11, Loss: 1.9335, Train: 0.1429, Val: 0.1220, Test: 0.1300
Epoch: 12, Loss: 1.9629, Train: 0.2143, Val: 0.1280, Test: 0.1400
Epoch: 13, Loss: 1.9541, Train: 0.1429, Val: 0.0720, Test: 0.0910
Epoch: 14, Loss: 1.9539, Train: 0.1429, Val: 0.0720, Test: 0.0910
Epoch: 15, Loss: 1.9607, Train: 0.1429, Val: 0.1560, Test: 0.1440
Epoch: 16, Loss: 1.9425, Train: 0.1429, Val: 0.1560, Test: 0.1440
Epoch: 17, Loss: 1.9594, Train: 0.1429, Val: 0.3160, Test: 0.3190
Epoch: 18, Loss: 1.9549, Train: 0.1429, Val: 0.3160, Test: 0.3190
Epoch: 19, Loss: 1.9493, Train: 0.1429, Val: 0.3160, Test: 0.3190
Epoch: 20, Loss: 1.9601, Train: 0.1429, Val: 0.3160, Test: 0.3190
Epoch: 21, Loss: 1.9529, Train: 0.1429, Val: 0.3160, Test: 0.3190
Epoch: 22, Loss: 1.9493, Train: 0.1429, Val: 0.3160, Test: 0.3190
Epoch: 23, Loss: 1.9527, Train: 0.1429, Val: 0.3160, Test: 0.3190
Epoch: 24, Loss: 1.9442, Train: 0.1429, Val: 0.0720, Test: 0.0910
Epoch: 25, Loss: 1.9406, Train: 0.1429, Val: 0.0720, Test: 0.0910
Epoch: 26, Loss: 1.9514, Train: 0.1429, Val: 0.0720, Test: 0.0910
Epoch: 27, Loss: 1.9462, Train: 0.1429, Val: 0.0720, Test: 0.0910
Epoch: 28, Loss: 1.9426, Train: 0.1429, Val: 0.0720, Test: 0.0910
Epoch: 29, Loss: 1.9454, Train: 0.1429, Val: 0.0720, Test: 0.0910
Epoch: 30, Loss: 1.9489, Train: 0.1429, Val: 0.0720, Test: 0.0910
Epoch: 31, Loss: 1.9491, Train: 0.1429, Val: 0.0720, Test: 0.0910
Epoch: 32, Loss: 1.9527, Train: 0.1429, Val: 0.0720, Test: 0.0910
Epoch: 33, Loss: 1.9406, Train: 0.1429, Val: 0.0720, Test: 0.0910
Epoch: 34, Loss: 1.9490, Train: 0.1429, Val: 0.0720, Test: 0.0910
Epoch: 35, Loss: 1.9461, Train: 0.1429, Val: 0.0720, Test: 0.0910
Epoch: 36, Loss: 1.9477, Train: 0.1429, Val: 0.0720, Test: 0.0910
Epoch: 37, Loss: 1.9485, Train: 0.1429, Val: 0.0720, Test: 0.0910
Epoch: 38, Loss: 1.9514, Train: 0.1429, Val: 0.0720, Test: 0.0910
Epoch: 39, Loss: 1.9495, Train: 0.1429, Val: 0.0720, Test: 0.0910
Epoch: 40, Loss: 1.9501, Train: 0.1429, Val: 0.0720, Test: 0.0910
Epoch: 41, Loss: 1.9544, Train: 0.1429, Val: 0.0720, Test: 0.0910
Epoch: 42, Loss: 1.9510, Train: 0.1429, Val: 0.0720, Test: 0.0910
Epoch: 43, Loss: 1.9404, Train: 0.1429, Val: 0.0720, Test: 0.0910
Epoch: 44, Loss: 1.9444, Train: 0.1429, Val: 0.0720, Test: 0.0910
Epoch: 45, Loss: 1.9540, Train: 0.1429, Val: 0.0720, Test: 0.0910
Epoch: 46, Loss: 1.9472, Train: 0.1429, Val: 0.0720, Test: 0.0910
Epoch: 47, Loss: 1.9436, Train: 0.1429, Val: 0.0720, Test: 0.0910
Epoch: 48, Loss: 1.9394, Train: 0.1429, Val: 0.0720, Test: 0.0910
Epoch: 49, Loss: 1.9433, Train: 0.1429, Val: 0.0720, Test: 0.0910
Epoch: 50, Loss: 1.9532, Train: 0.1429, Val: 0.0720, Test: 0.0910
MAD:  0.0001
InfoGap:  0.9999990829026046
Best Test Accuracy: 0.3190, Val Accuracy: 0.3160, Train Accuracy: 0.1429
Training completed.
Seed:  2
PMPGNN(
  (convs): ModuleList(
    (0): ParallelGNNBlock(
      (conv1): GATv2Conv(128, 128, heads=4)
      (conv2): GATv2Conv(128, 128, heads=4)
      (norm): LayerNorm((128,), eps=1e-05, elementwise_affine=True)
    )
    (1-9): 9 x ParallelGNNBlock(
      (conv1): GATv2Conv(1024, 128, heads=4)
      (conv2): GATv2Conv(1024, 128, heads=4)
      (norm): LayerNorm((128,), eps=1e-05, elementwise_affine=True)
    )
    (10): GATv2Conv(1024, 256, heads=4)
  )
  (norm): LayerNorm((1024,), eps=1e-05, elementwise_affine=True)
  (mlp): Sequential(
    (0): Linear(in_features=1024, out_features=64, bias=True)
    (1): LeakyReLU(negative_slope=0.01)
    (2): Dropout(p=0.3, inplace=False)
    (3): Linear(in_features=64, out_features=7, bias=True)
  )
  (proj): Linear(in_features=1433, out_features=128, bias=True)
)
Epoch: 1, Loss: 1.9410, Train: 0.1000, Val: 0.1220, Test: 0.1360
Epoch: 2, Loss: 2.0036, Train: 0.1500, Val: 0.1700, Test: 0.1590
Epoch: 3, Loss: 1.9891, Train: 0.1500, Val: 0.3180, Test: 0.3130
Epoch: 4, Loss: 1.9748, Train: 0.1429, Val: 0.3160, Test: 0.3190
Epoch: 5, Loss: 1.9673, Train: 0.1786, Val: 0.1720, Test: 0.1820
Epoch: 6, Loss: 1.9589, Train: 0.1429, Val: 0.1140, Test: 0.1040
Epoch: 7, Loss: 1.9934, Train: 0.1429, Val: 0.0580, Test: 0.0640
Epoch: 8, Loss: 1.9350, Train: 0.1429, Val: 0.0580, Test: 0.0640
Epoch: 9, Loss: 1.9431, Train: 0.1429, Val: 0.0580, Test: 0.0640
Epoch: 10, Loss: 1.9502, Train: 0.1429, Val: 0.0580, Test: 0.0640
Epoch: 11, Loss: 1.9609, Train: 0.2000, Val: 0.1000, Test: 0.1130
Epoch: 12, Loss: 1.9301, Train: 0.1429, Val: 0.1140, Test: 0.1030
Epoch: 13, Loss: 1.9652, Train: 0.1429, Val: 0.1140, Test: 0.1030
Epoch: 14, Loss: 1.9634, Train: 0.1429, Val: 0.3160, Test: 0.3190
Epoch: 15, Loss: 1.9661, Train: 0.1429, Val: 0.0580, Test: 0.0640
Epoch: 16, Loss: 1.9443, Train: 0.1429, Val: 0.0580, Test: 0.0640
Epoch: 17, Loss: 1.9523, Train: 0.1429, Val: 0.0580, Test: 0.0640
Epoch: 18, Loss: 1.9478, Train: 0.1429, Val: 0.0580, Test: 0.0640
Epoch: 19, Loss: 1.9417, Train: 0.1786, Val: 0.1220, Test: 0.1340
Epoch: 20, Loss: 1.9501, Train: 0.1429, Val: 0.1220, Test: 0.1300
Epoch: 21, Loss: 1.9678, Train: 0.1429, Val: 0.1220, Test: 0.1300
Epoch: 22, Loss: 1.9552, Train: 0.1429, Val: 0.1220, Test: 0.1300
Epoch: 23, Loss: 1.9585, Train: 0.1429, Val: 0.1220, Test: 0.1300
Epoch: 24, Loss: 1.9448, Train: 0.1429, Val: 0.0580, Test: 0.0640
Epoch: 25, Loss: 1.9406, Train: 0.1429, Val: 0.0580, Test: 0.0640
Epoch: 26, Loss: 1.9565, Train: 0.1429, Val: 0.0580, Test: 0.0640
Epoch: 27, Loss: 1.9400, Train: 0.1429, Val: 0.0580, Test: 0.0640
Epoch: 28, Loss: 1.9540, Train: 0.1429, Val: 0.0580, Test: 0.0640
Epoch: 29, Loss: 1.9518, Train: 0.1429, Val: 0.0580, Test: 0.0640
Epoch: 30, Loss: 1.9445, Train: 0.1429, Val: 0.0580, Test: 0.0640
Epoch: 31, Loss: 1.9498, Train: 0.1429, Val: 0.0580, Test: 0.0640
Epoch: 32, Loss: 1.9418, Train: 0.1429, Val: 0.1560, Test: 0.1440
Epoch: 33, Loss: 1.9473, Train: 0.1429, Val: 0.1220, Test: 0.1300
Epoch: 34, Loss: 1.9462, Train: 0.1429, Val: 0.1220, Test: 0.1300
Epoch: 35, Loss: 1.9485, Train: 0.1429, Val: 0.1220, Test: 0.1300
Epoch: 36, Loss: 1.9483, Train: 0.1429, Val: 0.1220, Test: 0.1300
Epoch: 37, Loss: 1.9512, Train: 0.1429, Val: 0.1220, Test: 0.1300
Epoch: 38, Loss: 1.9456, Train: 0.1429, Val: 0.0580, Test: 0.0640
Epoch: 39, Loss: 1.9433, Train: 0.1429, Val: 0.0580, Test: 0.0640
Epoch: 40, Loss: 1.9472, Train: 0.1429, Val: 0.0580, Test: 0.0640
Epoch: 41, Loss: 1.9425, Train: 0.1429, Val: 0.1140, Test: 0.1030
Epoch: 42, Loss: 1.9458, Train: 0.1429, Val: 0.1140, Test: 0.1030
Epoch: 43, Loss: 1.9502, Train: 0.1429, Val: 0.1140, Test: 0.1030
Epoch: 44, Loss: 1.9456, Train: 0.1429, Val: 0.1140, Test: 0.1030
Epoch: 45, Loss: 1.9525, Train: 0.1429, Val: 0.1140, Test: 0.1030
Epoch: 46, Loss: 1.9428, Train: 0.1429, Val: 0.1140, Test: 0.1030
Epoch: 47, Loss: 1.9486, Train: 0.1429, Val: 0.1140, Test: 0.1030
Epoch: 48, Loss: 1.9513, Train: 0.1429, Val: 0.1140, Test: 0.1030
Epoch: 49, Loss: 1.9489, Train: 0.1429, Val: 0.0580, Test: 0.0640
Epoch: 50, Loss: 1.9496, Train: 0.1429, Val: 0.0580, Test: 0.0640
MAD:  0.0014
InfoGap:  0.9999540187782259
Best Test Accuracy: 0.3190, Val Accuracy: 0.3160, Train Accuracy: 0.1429
Training completed.
Seed:  3
PMPGNN(
  (convs): ModuleList(
    (0): ParallelGNNBlock(
      (conv1): GATv2Conv(128, 128, heads=4)
      (conv2): GATv2Conv(128, 128, heads=4)
      (norm): LayerNorm((128,), eps=1e-05, elementwise_affine=True)
    )
    (1-9): 9 x ParallelGNNBlock(
      (conv1): GATv2Conv(1024, 128, heads=4)
      (conv2): GATv2Conv(1024, 128, heads=4)
      (norm): LayerNorm((128,), eps=1e-05, elementwise_affine=True)
    )
    (10): GATv2Conv(1024, 256, heads=4)
  )
  (norm): LayerNorm((1024,), eps=1e-05, elementwise_affine=True)
  (mlp): Sequential(
    (0): Linear(in_features=1024, out_features=64, bias=True)
    (1): LeakyReLU(negative_slope=0.01)
    (2): Dropout(p=0.3, inplace=False)
    (3): Linear(in_features=64, out_features=7, bias=True)
  )
  (proj): Linear(in_features=1433, out_features=128, bias=True)
)
Epoch: 1, Loss: 1.9820, Train: 0.2000, Val: 0.1280, Test: 0.1190
Epoch: 2, Loss: 1.9765, Train: 0.1429, Val: 0.1260, Test: 0.1250
Epoch: 3, Loss: 1.9736, Train: 0.1429, Val: 0.0720, Test: 0.0910
Epoch: 4, Loss: 1.9580, Train: 0.1429, Val: 0.0720, Test: 0.0910
Epoch: 5, Loss: 1.9565, Train: 0.1429, Val: 0.0720, Test: 0.0910
Epoch: 6, Loss: 1.9572, Train: 0.2071, Val: 0.2740, Test: 0.2880
Epoch: 7, Loss: 1.9701, Train: 0.1429, Val: 0.3160, Test: 0.3190
Epoch: 8, Loss: 1.9617, Train: 0.1429, Val: 0.3160, Test: 0.3190
Epoch: 9, Loss: 1.9626, Train: 0.1429, Val: 0.3160, Test: 0.3190
Epoch: 10, Loss: 1.9566, Train: 0.1429, Val: 0.1220, Test: 0.1300
Epoch: 11, Loss: 1.9668, Train: 0.1429, Val: 0.1220, Test: 0.1300
Epoch: 12, Loss: 1.9591, Train: 0.1429, Val: 0.1620, Test: 0.1490
Epoch: 13, Loss: 1.9524, Train: 0.1429, Val: 0.1620, Test: 0.1480
Epoch: 14, Loss: 1.9504, Train: 0.1429, Val: 0.1560, Test: 0.1440
Epoch: 15, Loss: 1.9515, Train: 0.1714, Val: 0.1100, Test: 0.1170
Epoch: 16, Loss: 1.9393, Train: 0.1429, Val: 0.0720, Test: 0.0910
Epoch: 17, Loss: 1.9666, Train: 0.1429, Val: 0.1140, Test: 0.1030
Epoch: 18, Loss: 1.9482, Train: 0.1429, Val: 0.1140, Test: 0.1030
Epoch: 19, Loss: 1.9422, Train: 0.1429, Val: 0.1140, Test: 0.1030
Epoch: 20, Loss: 1.9466, Train: 0.1429, Val: 0.1560, Test: 0.1440
Epoch: 21, Loss: 1.9530, Train: 0.1429, Val: 0.1560, Test: 0.1440
Epoch: 22, Loss: 1.9566, Train: 0.1429, Val: 0.1560, Test: 0.1440
Epoch: 23, Loss: 1.9445, Train: 0.1429, Val: 0.1560, Test: 0.1440
Epoch: 24, Loss: 1.9552, Train: 0.1429, Val: 0.1560, Test: 0.1440
Epoch: 25, Loss: 1.9503, Train: 0.1429, Val: 0.1560, Test: 0.1440
Epoch: 26, Loss: 1.9559, Train: 0.1429, Val: 0.1560, Test: 0.1440
Epoch: 27, Loss: 1.9575, Train: 0.1429, Val: 0.1560, Test: 0.1440
Epoch: 28, Loss: 1.9463, Train: 0.1429, Val: 0.1560, Test: 0.1440
Epoch: 29, Loss: 1.9378, Train: 0.1429, Val: 0.1140, Test: 0.1030
Epoch: 30, Loss: 1.9414, Train: 0.1429, Val: 0.1140, Test: 0.1030
Epoch: 31, Loss: 1.9446, Train: 0.1429, Val: 0.1140, Test: 0.1030
Epoch: 32, Loss: 1.9545, Train: 0.1429, Val: 0.1140, Test: 0.1030
Epoch: 33, Loss: 1.9425, Train: 0.1429, Val: 0.0580, Test: 0.0640
Epoch: 34, Loss: 1.9571, Train: 0.1429, Val: 0.0580, Test: 0.0640
Epoch: 35, Loss: 1.9419, Train: 0.1429, Val: 0.0580, Test: 0.0640
Epoch: 36, Loss: 1.9327, Train: 0.1429, Val: 0.0580, Test: 0.0640
Epoch: 37, Loss: 1.9382, Train: 0.1429, Val: 0.1620, Test: 0.1490
Epoch: 38, Loss: 1.9489, Train: 0.1429, Val: 0.1620, Test: 0.1490
Epoch: 39, Loss: 1.9530, Train: 0.1429, Val: 0.1620, Test: 0.1490
Epoch: 40, Loss: 1.9621, Train: 0.1429, Val: 0.1620, Test: 0.1490
Epoch: 41, Loss: 1.9543, Train: 0.1429, Val: 0.1620, Test: 0.1490
Epoch: 42, Loss: 1.9549, Train: 0.1429, Val: 0.1620, Test: 0.1490
Epoch: 43, Loss: 1.9488, Train: 0.1429, Val: 0.1620, Test: 0.1490
Epoch: 44, Loss: 1.9266, Train: 0.1429, Val: 0.1140, Test: 0.1030
Epoch: 45, Loss: 1.9541, Train: 0.1429, Val: 0.1140, Test: 0.1030
Epoch: 46, Loss: 1.9508, Train: 0.1429, Val: 0.1140, Test: 0.1030
Epoch: 47, Loss: 1.9565, Train: 0.1429, Val: 0.1140, Test: 0.1030
Epoch: 48, Loss: 1.9486, Train: 0.1429, Val: 0.0580, Test: 0.0640
Epoch: 49, Loss: 1.9499, Train: 0.1429, Val: 0.0580, Test: 0.0640
Epoch: 50, Loss: 1.9585, Train: 0.1429, Val: 0.0720, Test: 0.0910
MAD:  0.0003
InfoGap:  0.9999927179915176
Best Test Accuracy: 0.3190, Val Accuracy: 0.3160, Train Accuracy: 0.1429
Training completed.
Seed:  4
PMPGNN(
  (convs): ModuleList(
    (0): ParallelGNNBlock(
      (conv1): GATv2Conv(128, 128, heads=4)
      (conv2): GATv2Conv(128, 128, heads=4)
      (norm): LayerNorm((128,), eps=1e-05, elementwise_affine=True)
    )
    (1-9): 9 x ParallelGNNBlock(
      (conv1): GATv2Conv(1024, 128, heads=4)
      (conv2): GATv2Conv(1024, 128, heads=4)
      (norm): LayerNorm((128,), eps=1e-05, elementwise_affine=True)
    )
    (10): GATv2Conv(1024, 256, heads=4)
  )
  (norm): LayerNorm((1024,), eps=1e-05, elementwise_affine=True)
  (mlp): Sequential(
    (0): Linear(in_features=1024, out_features=64, bias=True)
    (1): LeakyReLU(negative_slope=0.01)
    (2): Dropout(p=0.3, inplace=False)
    (3): Linear(in_features=64, out_features=7, bias=True)
  )
  (proj): Linear(in_features=1433, out_features=128, bias=True)
)
Epoch: 1, Loss: 1.9703, Train: 0.1429, Val: 0.1620, Test: 0.1490
Epoch: 2, Loss: 1.9944, Train: 0.1429, Val: 0.3140, Test: 0.3150
Epoch: 3, Loss: 1.9796, Train: 0.1429, Val: 0.3160, Test: 0.3160
Epoch: 4, Loss: 1.9581, Train: 0.1357, Val: 0.2740, Test: 0.2770
Epoch: 5, Loss: 1.9685, Train: 0.1429, Val: 0.1220, Test: 0.1300
Epoch: 6, Loss: 1.9348, Train: 0.1429, Val: 0.1560, Test: 0.1440
Epoch: 7, Loss: 1.9538, Train: 0.1429, Val: 0.1560, Test: 0.1440
Epoch: 8, Loss: 1.9441, Train: 0.1429, Val: 0.1560, Test: 0.1440
Epoch: 9, Loss: 1.9572, Train: 0.1429, Val: 0.1620, Test: 0.1500
Epoch: 10, Loss: 1.9516, Train: 0.1429, Val: 0.1140, Test: 0.1030
Epoch: 11, Loss: 1.9610, Train: 0.1429, Val: 0.1140, Test: 0.1030
Epoch: 12, Loss: 1.9652, Train: 0.1429, Val: 0.1140, Test: 0.1030
Epoch: 13, Loss: 1.9556, Train: 0.1429, Val: 0.1140, Test: 0.1030
Epoch: 14, Loss: 1.9813, Train: 0.1429, Val: 0.1220, Test: 0.1300
Epoch: 15, Loss: 1.9675, Train: 0.1429, Val: 0.1220, Test: 0.1300
Epoch: 16, Loss: 1.9460, Train: 0.1429, Val: 0.1220, Test: 0.1300
Epoch: 17, Loss: 1.9541, Train: 0.1429, Val: 0.1220, Test: 0.1300
Epoch: 18, Loss: 1.9539, Train: 0.1429, Val: 0.3160, Test: 0.3190
Epoch: 19, Loss: 1.9474, Train: 0.1429, Val: 0.3160, Test: 0.3190
Epoch: 20, Loss: 1.9458, Train: 0.1429, Val: 0.3160, Test: 0.3190
Epoch: 21, Loss: 1.9445, Train: 0.1429, Val: 0.3160, Test: 0.3190
Epoch: 22, Loss: 1.9565, Train: 0.1429, Val: 0.3160, Test: 0.3190
Epoch: 23, Loss: 1.9322, Train: 0.1429, Val: 0.3160, Test: 0.3190
Epoch: 24, Loss: 1.9588, Train: 0.1429, Val: 0.3160, Test: 0.3190
Epoch: 25, Loss: 1.9589, Train: 0.1429, Val: 0.3160, Test: 0.3190
Epoch: 26, Loss: 1.9602, Train: 0.1429, Val: 0.1560, Test: 0.1440
Epoch: 27, Loss: 1.9485, Train: 0.1429, Val: 0.1560, Test: 0.1440
Epoch: 28, Loss: 1.9474, Train: 0.1429, Val: 0.1560, Test: 0.1440
Epoch: 29, Loss: 1.9527, Train: 0.1429, Val: 0.1560, Test: 0.1440
Epoch: 30, Loss: 1.9509, Train: 0.1429, Val: 0.1560, Test: 0.1440
Epoch: 31, Loss: 1.9508, Train: 0.1429, Val: 0.1560, Test: 0.1440
Epoch: 32, Loss: 1.9533, Train: 0.1429, Val: 0.1560, Test: 0.1440
Epoch: 33, Loss: 1.9480, Train: 0.1429, Val: 0.1560, Test: 0.1440
Epoch: 34, Loss: 1.9534, Train: 0.1429, Val: 0.1560, Test: 0.1440
Epoch: 35, Loss: 1.9461, Train: 0.1429, Val: 0.1560, Test: 0.1440
Epoch: 36, Loss: 1.9444, Train: 0.1429, Val: 0.1560, Test: 0.1440
Epoch: 37, Loss: 1.9513, Train: 0.1429, Val: 0.1560, Test: 0.1440
Epoch: 38, Loss: 1.9432, Train: 0.1429, Val: 0.1560, Test: 0.1440
Epoch: 39, Loss: 1.9522, Train: 0.1429, Val: 0.1560, Test: 0.1440
Epoch: 40, Loss: 1.9409, Train: 0.1429, Val: 0.1560, Test: 0.1440
Epoch: 41, Loss: 1.9538, Train: 0.1429, Val: 0.1560, Test: 0.1440
Epoch: 42, Loss: 1.9538, Train: 0.1429, Val: 0.1560, Test: 0.1440
Epoch: 43, Loss: 1.9532, Train: 0.1429, Val: 0.1560, Test: 0.1440
Epoch: 44, Loss: 1.9482, Train: 0.1429, Val: 0.1560, Test: 0.1440
Epoch: 45, Loss: 1.9498, Train: 0.1429, Val: 0.1560, Test: 0.1440
Epoch: 46, Loss: 1.9462, Train: 0.1429, Val: 0.1560, Test: 0.1440
Epoch: 47, Loss: 1.9482, Train: 0.1429, Val: 0.1560, Test: 0.1440
Epoch: 48, Loss: 1.9530, Train: 0.1429, Val: 0.1560, Test: 0.1440
Epoch: 49, Loss: 1.9478, Train: 0.1429, Val: 0.1560, Test: 0.1440
Epoch: 50, Loss: 1.9469, Train: 0.1429, Val: 0.1560, Test: 0.1440
MAD:  0.0
InfoGap:  0.9999994298898969
Best Test Accuracy: 0.3190, Val Accuracy: 0.3160, Train Accuracy: 0.1429
Training completed.
Seed:  5
PMPGNN(
  (convs): ModuleList(
    (0): ParallelGNNBlock(
      (conv1): GATv2Conv(128, 128, heads=4)
      (conv2): GATv2Conv(128, 128, heads=4)
      (norm): LayerNorm((128,), eps=1e-05, elementwise_affine=True)
    )
    (1-9): 9 x ParallelGNNBlock(
      (conv1): GATv2Conv(1024, 128, heads=4)
      (conv2): GATv2Conv(1024, 128, heads=4)
      (norm): LayerNorm((128,), eps=1e-05, elementwise_affine=True)
    )
    (10): GATv2Conv(1024, 256, heads=4)
  )
  (norm): LayerNorm((1024,), eps=1e-05, elementwise_affine=True)
  (mlp): Sequential(
    (0): Linear(in_features=1024, out_features=64, bias=True)
    (1): LeakyReLU(negative_slope=0.01)
    (2): Dropout(p=0.3, inplace=False)
    (3): Linear(in_features=64, out_features=7, bias=True)
  )
  (proj): Linear(in_features=1433, out_features=128, bias=True)
)
Epoch: 1, Loss: 2.0198, Train: 0.1571, Val: 0.2020, Test: 0.1850
Epoch: 2, Loss: 1.9777, Train: 0.1429, Val: 0.3160, Test: 0.3190
Epoch: 3, Loss: 1.9777, Train: 0.1429, Val: 0.1700, Test: 0.1580
Epoch: 4, Loss: 1.9945, Train: 0.1429, Val: 0.0580, Test: 0.0640
Epoch: 5, Loss: 1.9568, Train: 0.1429, Val: 0.0580, Test: 0.0640
Epoch: 6, Loss: 1.9616, Train: 0.1714, Val: 0.0600, Test: 0.0740
Epoch: 7, Loss: 1.9561, Train: 0.1429, Val: 0.0720, Test: 0.0910
Epoch: 8, Loss: 1.9696, Train: 0.1429, Val: 0.0720, Test: 0.0910
Epoch: 9, Loss: 1.9468, Train: 0.1429, Val: 0.0720, Test: 0.0910
Epoch: 10, Loss: 1.9589, Train: 0.1429, Val: 0.1220, Test: 0.1300
Epoch: 11, Loss: 1.9511, Train: 0.1429, Val: 0.0720, Test: 0.0910
Epoch: 12, Loss: 1.9511, Train: 0.1429, Val: 0.0720, Test: 0.0910
Epoch: 13, Loss: 1.9468, Train: 0.1429, Val: 0.0720, Test: 0.0910
Epoch: 14, Loss: 1.9508, Train: 0.1429, Val: 0.0720, Test: 0.0910
Epoch: 15, Loss: 1.9431, Train: 0.1429, Val: 0.0720, Test: 0.0910
Epoch: 16, Loss: 1.9550, Train: 0.1429, Val: 0.0720, Test: 0.0910
Epoch: 17, Loss: 1.9516, Train: 0.1429, Val: 0.0720, Test: 0.0910
Epoch: 18, Loss: 1.9486, Train: 0.1429, Val: 0.3160, Test: 0.3190
Epoch: 19, Loss: 1.9404, Train: 0.1429, Val: 0.3160, Test: 0.3190
Epoch: 20, Loss: 1.9602, Train: 0.1429, Val: 0.3160, Test: 0.3190
Epoch: 21, Loss: 1.9521, Train: 0.1429, Val: 0.1220, Test: 0.1300
Epoch: 22, Loss: 1.9525, Train: 0.1429, Val: 0.1220, Test: 0.1300
Epoch: 23, Loss: 1.9551, Train: 0.1429, Val: 0.1220, Test: 0.1300
Epoch: 24, Loss: 1.9513, Train: 0.1429, Val: 0.1220, Test: 0.1300
Epoch: 25, Loss: 1.9545, Train: 0.1429, Val: 0.1220, Test: 0.1300
Epoch: 26, Loss: 1.9414, Train: 0.1429, Val: 0.1220, Test: 0.1300
Epoch: 27, Loss: 1.9424, Train: 0.1429, Val: 0.1220, Test: 0.1300
Epoch: 28, Loss: 1.9473, Train: 0.1429, Val: 0.1140, Test: 0.1030
Epoch: 29, Loss: 1.9487, Train: 0.1429, Val: 0.1140, Test: 0.1030
Epoch: 30, Loss: 1.9441, Train: 0.1429, Val: 0.1140, Test: 0.1030
Epoch: 31, Loss: 1.9371, Train: 0.1429, Val: 0.1140, Test: 0.1030
Epoch: 32, Loss: 1.9518, Train: 0.1429, Val: 0.1140, Test: 0.1030
Epoch: 33, Loss: 1.9584, Train: 0.1429, Val: 0.1560, Test: 0.1440
Epoch: 34, Loss: 1.9494, Train: 0.1429, Val: 0.1560, Test: 0.1440
Epoch: 35, Loss: 1.9522, Train: 0.1429, Val: 0.1560, Test: 0.1440
Epoch: 36, Loss: 1.9485, Train: 0.1429, Val: 0.1560, Test: 0.1440
Epoch: 37, Loss: 1.9461, Train: 0.1429, Val: 0.1560, Test: 0.1440
Epoch: 38, Loss: 1.9390, Train: 0.1429, Val: 0.1560, Test: 0.1440
Epoch: 39, Loss: 1.9580, Train: 0.1429, Val: 0.1220, Test: 0.1300
Epoch: 40, Loss: 1.9675, Train: 0.1429, Val: 0.1620, Test: 0.1490
Epoch: 41, Loss: 1.9443, Train: 0.1429, Val: 0.1220, Test: 0.1300
Epoch: 42, Loss: 1.9428, Train: 0.1429, Val: 0.1220, Test: 0.1300
Epoch: 43, Loss: 1.9430, Train: 0.1429, Val: 0.1620, Test: 0.1490
Epoch: 44, Loss: 1.9536, Train: 0.1429, Val: 0.3160, Test: 0.3190
Epoch: 45, Loss: 1.9463, Train: 0.1429, Val: 0.3160, Test: 0.3190
Epoch: 46, Loss: 1.9465, Train: 0.1429, Val: 0.3160, Test: 0.3190
Epoch: 47, Loss: 1.9517, Train: 0.1429, Val: 0.3160, Test: 0.3190
Epoch: 48, Loss: 1.9574, Train: 0.1429, Val: 0.3160, Test: 0.3190
Epoch: 49, Loss: 1.9484, Train: 0.1429, Val: 0.0580, Test: 0.0640
Epoch: 50, Loss: 1.9516, Train: 0.1429, Val: 0.0580, Test: 0.0640
MAD:  0.0157
InfoGap:  0.9997753354837187
Best Test Accuracy: 0.3190, Val Accuracy: 0.3160, Train Accuracy: 0.1429
Training completed.
Seed:  6
PMPGNN(
  (convs): ModuleList(
    (0): ParallelGNNBlock(
      (conv1): GATv2Conv(128, 128, heads=4)
      (conv2): GATv2Conv(128, 128, heads=4)
      (norm): LayerNorm((128,), eps=1e-05, elementwise_affine=True)
    )
    (1-9): 9 x ParallelGNNBlock(
      (conv1): GATv2Conv(1024, 128, heads=4)
      (conv2): GATv2Conv(1024, 128, heads=4)
      (norm): LayerNorm((128,), eps=1e-05, elementwise_affine=True)
    )
    (10): GATv2Conv(1024, 256, heads=4)
  )
  (norm): LayerNorm((1024,), eps=1e-05, elementwise_affine=True)
  (mlp): Sequential(
    (0): Linear(in_features=1024, out_features=64, bias=True)
    (1): LeakyReLU(negative_slope=0.01)
    (2): Dropout(p=0.3, inplace=False)
    (3): Linear(in_features=64, out_features=7, bias=True)
  )
  (proj): Linear(in_features=1433, out_features=128, bias=True)
)
Epoch: 1, Loss: 2.0100, Train: 0.1214, Val: 0.0520, Test: 0.0540
Epoch: 2, Loss: 1.9857, Train: 0.1429, Val: 0.0560, Test: 0.0630
Epoch: 3, Loss: 1.9637, Train: 0.1429, Val: 0.0580, Test: 0.0640
Epoch: 4, Loss: 1.9476, Train: 0.1429, Val: 0.0580, Test: 0.0640
Epoch: 5, Loss: 1.9424, Train: 0.1429, Val: 0.0580, Test: 0.0640
Epoch: 6, Loss: 1.9421, Train: 0.1429, Val: 0.0580, Test: 0.0640
Epoch: 7, Loss: 1.9663, Train: 0.1429, Val: 0.0580, Test: 0.0640
Epoch: 8, Loss: 1.9552, Train: 0.1429, Val: 0.1620, Test: 0.1490
Epoch: 9, Loss: 1.9619, Train: 0.1500, Val: 0.0560, Test: 0.0670
Epoch: 10, Loss: 1.9470, Train: 0.2571, Val: 0.2100, Test: 0.2100
Epoch: 11, Loss: 1.9545, Train: 0.1929, Val: 0.1000, Test: 0.1150
Epoch: 12, Loss: 1.9533, Train: 0.1429, Val: 0.1140, Test: 0.1030
Epoch: 13, Loss: 1.9487, Train: 0.1429, Val: 0.1140, Test: 0.1030
Epoch: 14, Loss: 1.9413, Train: 0.1429, Val: 0.1140, Test: 0.1030
Epoch: 15, Loss: 1.9324, Train: 0.1429, Val: 0.1140, Test: 0.1030
Epoch: 16, Loss: 1.9805, Train: 0.1429, Val: 0.1140, Test: 0.1030
Epoch: 17, Loss: 1.9453, Train: 0.1429, Val: 0.1140, Test: 0.1030
Epoch: 18, Loss: 1.9527, Train: 0.1429, Val: 0.1140, Test: 0.1030
Epoch: 19, Loss: 1.9610, Train: 0.1429, Val: 0.0720, Test: 0.0910
Epoch: 20, Loss: 1.9676, Train: 0.1429, Val: 0.0720, Test: 0.0910
Epoch: 21, Loss: 1.9712, Train: 0.1429, Val: 0.0720, Test: 0.0910
Epoch: 22, Loss: 1.9606, Train: 0.1429, Val: 0.0720, Test: 0.0910
Epoch: 23, Loss: 1.9572, Train: 0.1429, Val: 0.0720, Test: 0.0910
Epoch: 24, Loss: 1.9525, Train: 0.1429, Val: 0.1560, Test: 0.1440
Epoch: 25, Loss: 1.9411, Train: 0.1429, Val: 0.1560, Test: 0.1440
Epoch: 26, Loss: 1.9488, Train: 0.1429, Val: 0.1560, Test: 0.1440
Epoch: 27, Loss: 1.9526, Train: 0.1429, Val: 0.1560, Test: 0.1440
Epoch: 28, Loss: 1.9500, Train: 0.1429, Val: 0.1560, Test: 0.1440
Epoch: 29, Loss: 1.9562, Train: 0.1429, Val: 0.1140, Test: 0.1030
Epoch: 30, Loss: 1.9480, Train: 0.1429, Val: 0.1620, Test: 0.1490
Epoch: 31, Loss: 1.9489, Train: 0.1429, Val: 0.0720, Test: 0.0910
Epoch: 32, Loss: 1.9437, Train: 0.1429, Val: 0.0720, Test: 0.0910
Epoch: 33, Loss: 1.9431, Train: 0.1429, Val: 0.1620, Test: 0.1490
Epoch: 34, Loss: 1.9422, Train: 0.1429, Val: 0.1620, Test: 0.1490
Epoch: 35, Loss: 1.9533, Train: 0.1429, Val: 0.1620, Test: 0.1490
Epoch: 36, Loss: 1.9419, Train: 0.1429, Val: 0.1620, Test: 0.1490
Epoch: 37, Loss: 1.9490, Train: 0.1429, Val: 0.1620, Test: 0.1490
Epoch: 38, Loss: 1.9457, Train: 0.1429, Val: 0.1140, Test: 0.1030
Epoch: 39, Loss: 1.9438, Train: 0.1429, Val: 0.1620, Test: 0.1490
Epoch: 40, Loss: 1.9429, Train: 0.1429, Val: 0.1620, Test: 0.1490
Epoch: 41, Loss: 1.9471, Train: 0.1429, Val: 0.1620, Test: 0.1490
Epoch: 42, Loss: 1.9493, Train: 0.1429, Val: 0.1620, Test: 0.1490
Epoch: 43, Loss: 1.9457, Train: 0.1429, Val: 0.1620, Test: 0.1490
Epoch: 44, Loss: 1.9493, Train: 0.1429, Val: 0.1620, Test: 0.1490
Epoch: 45, Loss: 1.9451, Train: 0.1429, Val: 0.1620, Test: 0.1490
Epoch: 46, Loss: 1.9490, Train: 0.1429, Val: 0.1620, Test: 0.1490
Epoch: 47, Loss: 1.9525, Train: 0.1429, Val: 0.0720, Test: 0.0910
Epoch: 48, Loss: 1.9469, Train: 0.1429, Val: 0.0720, Test: 0.0910
Epoch: 49, Loss: 1.9439, Train: 0.1429, Val: 0.0720, Test: 0.0910
Epoch: 50, Loss: 1.9463, Train: 0.1429, Val: 0.0720, Test: 0.0910
MAD:  0.0011
InfoGap:  0.9999972242574131
Best Test Accuracy: 0.2100, Val Accuracy: 0.2100, Train Accuracy: 0.2571
Training completed.
Seed:  7
PMPGNN(
  (convs): ModuleList(
    (0): ParallelGNNBlock(
      (conv1): GATv2Conv(128, 128, heads=4)
      (conv2): GATv2Conv(128, 128, heads=4)
      (norm): LayerNorm((128,), eps=1e-05, elementwise_affine=True)
    )
    (1-9): 9 x ParallelGNNBlock(
      (conv1): GATv2Conv(1024, 128, heads=4)
      (conv2): GATv2Conv(1024, 128, heads=4)
      (norm): LayerNorm((128,), eps=1e-05, elementwise_affine=True)
    )
    (10): GATv2Conv(1024, 256, heads=4)
  )
  (norm): LayerNorm((1024,), eps=1e-05, elementwise_affine=True)
  (mlp): Sequential(
    (0): Linear(in_features=1024, out_features=64, bias=True)
    (1): LeakyReLU(negative_slope=0.01)
    (2): Dropout(p=0.3, inplace=False)
    (3): Linear(in_features=64, out_features=7, bias=True)
  )
  (proj): Linear(in_features=1433, out_features=128, bias=True)
)
Epoch: 1, Loss: 1.9953, Train: 0.1357, Val: 0.0880, Test: 0.1370
Epoch: 2, Loss: 1.9700, Train: 0.1143, Val: 0.1960, Test: 0.2010
Epoch: 3, Loss: 1.9790, Train: 0.1429, Val: 0.1620, Test: 0.1490
Epoch: 4, Loss: 1.9634, Train: 0.1429, Val: 0.1620, Test: 0.1490
Epoch: 5, Loss: 2.0015, Train: 0.1429, Val: 0.1620, Test: 0.1490
Epoch: 6, Loss: 1.9613, Train: 0.1429, Val: 0.1620, Test: 0.1490
Epoch: 7, Loss: 1.9437, Train: 0.1429, Val: 0.0580, Test: 0.0650
Epoch: 8, Loss: 1.9612, Train: 0.1429, Val: 0.1140, Test: 0.1030
Epoch: 9, Loss: 1.9523, Train: 0.1429, Val: 0.1140, Test: 0.1030
Epoch: 10, Loss: 1.9830, Train: 0.1429, Val: 0.1140, Test: 0.1030
Epoch: 11, Loss: 1.9481, Train: 0.1429, Val: 0.1140, Test: 0.1030
Epoch: 12, Loss: 1.9453, Train: 0.1429, Val: 0.3160, Test: 0.3190
Epoch: 13, Loss: 1.9508, Train: 0.1429, Val: 0.3160, Test: 0.3190
Epoch: 14, Loss: 1.9429, Train: 0.1429, Val: 0.3160, Test: 0.3190
Epoch: 15, Loss: 1.9509, Train: 0.1429, Val: 0.3160, Test: 0.3190
Epoch: 16, Loss: 1.9638, Train: 0.1429, Val: 0.3160, Test: 0.3190
Epoch: 17, Loss: 1.9520, Train: 0.1429, Val: 0.3160, Test: 0.3190
Epoch: 18, Loss: 1.9524, Train: 0.1429, Val: 0.3160, Test: 0.3190
Epoch: 19, Loss: 1.9518, Train: 0.1429, Val: 0.1620, Test: 0.1490
Epoch: 20, Loss: 1.9505, Train: 0.1429, Val: 0.1620, Test: 0.1490
Epoch: 21, Loss: 1.9373, Train: 0.1429, Val: 0.1620, Test: 0.1490
Epoch: 22, Loss: 1.9454, Train: 0.1429, Val: 0.1620, Test: 0.1490
Epoch: 23, Loss: 1.9509, Train: 0.1429, Val: 0.1620, Test: 0.1490
Epoch: 24, Loss: 1.9431, Train: 0.1429, Val: 0.1620, Test: 0.1490
Epoch: 25, Loss: 1.9382, Train: 0.1429, Val: 0.3160, Test: 0.3190
Epoch: 26, Loss: 1.9573, Train: 0.1429, Val: 0.3160, Test: 0.3190
Epoch: 27, Loss: 1.9556, Train: 0.1429, Val: 0.3160, Test: 0.3190
Epoch: 28, Loss: 1.9507, Train: 0.1429, Val: 0.3160, Test: 0.3190
Epoch: 29, Loss: 1.9572, Train: 0.1429, Val: 0.1620, Test: 0.1490
Epoch: 30, Loss: 1.9430, Train: 0.1429, Val: 0.1620, Test: 0.1490
Epoch: 31, Loss: 1.9522, Train: 0.1429, Val: 0.3160, Test: 0.3190
Epoch: 32, Loss: 1.9471, Train: 0.1429, Val: 0.3160, Test: 0.3190
Epoch: 33, Loss: 1.9462, Train: 0.1429, Val: 0.3160, Test: 0.3190
Epoch: 34, Loss: 1.9446, Train: 0.1429, Val: 0.3160, Test: 0.3190
Epoch: 35, Loss: 1.9448, Train: 0.1429, Val: 0.3160, Test: 0.3190
Epoch: 36, Loss: 1.9430, Train: 0.1429, Val: 0.0580, Test: 0.0640
Epoch: 37, Loss: 1.9567, Train: 0.1429, Val: 0.0580, Test: 0.0640
Epoch: 38, Loss: 1.9462, Train: 0.1429, Val: 0.0580, Test: 0.0640
Epoch: 39, Loss: 1.9533, Train: 0.1429, Val: 0.0580, Test: 0.0640
Epoch: 40, Loss: 1.9545, Train: 0.1929, Val: 0.1220, Test: 0.1350
Epoch: 41, Loss: 1.9483, Train: 0.1429, Val: 0.3160, Test: 0.3190
Epoch: 42, Loss: 1.9471, Train: 0.1429, Val: 0.3160, Test: 0.3190
Epoch: 43, Loss: 1.9540, Train: 0.1429, Val: 0.1620, Test: 0.1490
Epoch: 44, Loss: 1.9494, Train: 0.1429, Val: 0.1620, Test: 0.1490
Epoch: 45, Loss: 1.9486, Train: 0.1429, Val: 0.1620, Test: 0.1490
Epoch: 46, Loss: 1.9479, Train: 0.1429, Val: 0.1620, Test: 0.1490
Epoch: 47, Loss: 1.9465, Train: 0.1429, Val: 0.1620, Test: 0.1490
Epoch: 48, Loss: 1.9424, Train: 0.1429, Val: 0.1220, Test: 0.1300
Epoch: 49, Loss: 1.9449, Train: 0.1429, Val: 0.1220, Test: 0.1300
Epoch: 50, Loss: 1.9489, Train: 0.1429, Val: 0.1220, Test: 0.1300
MAD:  0.0001
InfoGap:  0.9999988414958807
Best Test Accuracy: 0.3190, Val Accuracy: 0.3160, Train Accuracy: 0.1429
Training completed.
Seed:  8
PMPGNN(
  (convs): ModuleList(
    (0): ParallelGNNBlock(
      (conv1): GATv2Conv(128, 128, heads=4)
      (conv2): GATv2Conv(128, 128, heads=4)
      (norm): LayerNorm((128,), eps=1e-05, elementwise_affine=True)
    )
    (1-9): 9 x ParallelGNNBlock(
      (conv1): GATv2Conv(1024, 128, heads=4)
      (conv2): GATv2Conv(1024, 128, heads=4)
      (norm): LayerNorm((128,), eps=1e-05, elementwise_affine=True)
    )
    (10): GATv2Conv(1024, 256, heads=4)
  )
  (norm): LayerNorm((1024,), eps=1e-05, elementwise_affine=True)
  (mlp): Sequential(
    (0): Linear(in_features=1024, out_features=64, bias=True)
    (1): LeakyReLU(negative_slope=0.01)
    (2): Dropout(p=0.3, inplace=False)
    (3): Linear(in_features=64, out_features=7, bias=True)
  )
  (proj): Linear(in_features=1433, out_features=128, bias=True)
)
Epoch: 1, Loss: 1.9831, Train: 0.1929, Val: 0.1880, Test: 0.1660
Epoch: 2, Loss: 1.9765, Train: 0.1429, Val: 0.1560, Test: 0.1440
Epoch: 3, Loss: 1.9542, Train: 0.1714, Val: 0.1020, Test: 0.1140
Epoch: 4, Loss: 1.9621, Train: 0.1429, Val: 0.0720, Test: 0.0910
Epoch: 5, Loss: 1.9725, Train: 0.1429, Val: 0.0720, Test: 0.0910
Epoch: 6, Loss: 1.9274, Train: 0.1429, Val: 0.0720, Test: 0.0910
Epoch: 7, Loss: 1.9641, Train: 0.1429, Val: 0.0720, Test: 0.0910
Epoch: 8, Loss: 1.9620, Train: 0.1429, Val: 0.0580, Test: 0.0640
Epoch: 9, Loss: 1.9524, Train: 0.1429, Val: 0.0580, Test: 0.0640
Epoch: 10, Loss: 1.9660, Train: 0.1429, Val: 0.0580, Test: 0.0640
Epoch: 11, Loss: 1.9770, Train: 0.1429, Val: 0.1140, Test: 0.1030
Epoch: 12, Loss: 1.9509, Train: 0.1429, Val: 0.1140, Test: 0.1030
Epoch: 13, Loss: 1.9717, Train: 0.1429, Val: 0.1140, Test: 0.1030
Epoch: 14, Loss: 1.9679, Train: 0.1429, Val: 0.1140, Test: 0.1030
Epoch: 15, Loss: 1.9444, Train: 0.1429, Val: 0.1140, Test: 0.1030
Epoch: 16, Loss: 1.9502, Train: 0.1429, Val: 0.1140, Test: 0.1030
Epoch: 17, Loss: 1.9424, Train: 0.1429, Val: 0.0720, Test: 0.0910
Epoch: 18, Loss: 1.9588, Train: 0.1429, Val: 0.0720, Test: 0.0910
Epoch: 19, Loss: 1.9714, Train: 0.1429, Val: 0.0720, Test: 0.0910
Epoch: 20, Loss: 1.9352, Train: 0.1429, Val: 0.0720, Test: 0.0910
Epoch: 21, Loss: 1.9753, Train: 0.1429, Val: 0.0720, Test: 0.0910
Epoch: 22, Loss: 1.9620, Train: 0.1429, Val: 0.1620, Test: 0.1490
Epoch: 23, Loss: 1.9658, Train: 0.1429, Val: 0.1620, Test: 0.1490
Epoch: 24, Loss: 1.9476, Train: 0.1429, Val: 0.3160, Test: 0.3190
Epoch: 25, Loss: 1.9351, Train: 0.1429, Val: 0.3160, Test: 0.3190
Epoch: 26, Loss: 1.9466, Train: 0.1429, Val: 0.3160, Test: 0.3190
Epoch: 27, Loss: 1.9517, Train: 0.1429, Val: 0.3160, Test: 0.3190
Epoch: 28, Loss: 1.9525, Train: 0.1429, Val: 0.3160, Test: 0.3190
Epoch: 29, Loss: 1.9457, Train: 0.1429, Val: 0.3160, Test: 0.3190
Epoch: 30, Loss: 1.9459, Train: 0.1429, Val: 0.3160, Test: 0.3190
Epoch: 31, Loss: 1.9515, Train: 0.1429, Val: 0.3160, Test: 0.3190
Epoch: 32, Loss: 1.9503, Train: 0.1429, Val: 0.1620, Test: 0.1490
Epoch: 33, Loss: 1.9476, Train: 0.1429, Val: 0.0580, Test: 0.0640
Epoch: 34, Loss: 1.9504, Train: 0.1429, Val: 0.0580, Test: 0.0640
Epoch: 35, Loss: 1.9551, Train: 0.1429, Val: 0.0580, Test: 0.0640
Epoch: 36, Loss: 1.9453, Train: 0.1429, Val: 0.0580, Test: 0.0640
Epoch: 37, Loss: 1.9435, Train: 0.1429, Val: 0.0580, Test: 0.0640
Epoch: 38, Loss: 1.9560, Train: 0.1429, Val: 0.1620, Test: 0.1490
Epoch: 39, Loss: 1.9475, Train: 0.1429, Val: 0.1620, Test: 0.1490
Epoch: 40, Loss: 1.9440, Train: 0.1429, Val: 0.1620, Test: 0.1490
Epoch: 41, Loss: 1.9510, Train: 0.1429, Val: 0.1620, Test: 0.1490
Epoch: 42, Loss: 1.9439, Train: 0.1429, Val: 0.1620, Test: 0.1490
Epoch: 43, Loss: 1.9455, Train: 0.1429, Val: 0.1620, Test: 0.1490
Epoch: 44, Loss: 1.9473, Train: 0.1429, Val: 0.1620, Test: 0.1490
Epoch: 45, Loss: 1.9446, Train: 0.1429, Val: 0.1140, Test: 0.1030
Epoch: 46, Loss: 1.9465, Train: 0.1429, Val: 0.1140, Test: 0.1030
Epoch: 47, Loss: 1.9476, Train: 0.1429, Val: 0.1140, Test: 0.1030
Epoch: 48, Loss: 1.9522, Train: 0.1429, Val: 0.1140, Test: 0.1030
Epoch: 49, Loss: 1.9479, Train: 0.1429, Val: 0.1140, Test: 0.1030
Epoch: 50, Loss: 1.9467, Train: 0.1429, Val: 0.1140, Test: 0.1030
MAD:  0.0
InfoGap:  0.999999656154273
Best Test Accuracy: 0.3190, Val Accuracy: 0.3160, Train Accuracy: 0.1429
Training completed.
Seed:  9
PMPGNN(
  (convs): ModuleList(
    (0): ParallelGNNBlock(
      (conv1): GATv2Conv(128, 128, heads=4)
      (conv2): GATv2Conv(128, 128, heads=4)
      (norm): LayerNorm((128,), eps=1e-05, elementwise_affine=True)
    )
    (1-9): 9 x ParallelGNNBlock(
      (conv1): GATv2Conv(1024, 128, heads=4)
      (conv2): GATv2Conv(1024, 128, heads=4)
      (norm): LayerNorm((128,), eps=1e-05, elementwise_affine=True)
    )
    (10): GATv2Conv(1024, 256, heads=4)
  )
  (norm): LayerNorm((1024,), eps=1e-05, elementwise_affine=True)
  (mlp): Sequential(
    (0): Linear(in_features=1024, out_features=64, bias=True)
    (1): LeakyReLU(negative_slope=0.01)
    (2): Dropout(p=0.3, inplace=False)
    (3): Linear(in_features=64, out_features=7, bias=True)
  )
  (proj): Linear(in_features=1433, out_features=128, bias=True)
)
Epoch: 1, Loss: 1.9835, Train: 0.1357, Val: 0.1520, Test: 0.1360
Epoch: 2, Loss: 2.0125, Train: 0.1500, Val: 0.1140, Test: 0.1030
Epoch: 3, Loss: 1.9437, Train: 0.1429, Val: 0.1580, Test: 0.1460
Epoch: 4, Loss: 1.9809, Train: 0.1429, Val: 0.1560, Test: 0.1440
Epoch: 5, Loss: 1.9463, Train: 0.1429, Val: 0.1560, Test: 0.1440
Epoch: 6, Loss: 1.9586, Train: 0.1429, Val: 0.1560, Test: 0.1440
Epoch: 7, Loss: 1.9546, Train: 0.1429, Val: 0.1560, Test: 0.1440
Epoch: 8, Loss: 1.9807, Train: 0.1429, Val: 0.3160, Test: 0.3190
Epoch: 9, Loss: 1.9632, Train: 0.1429, Val: 0.3160, Test: 0.3190
Epoch: 10, Loss: 1.9658, Train: 0.1429, Val: 0.3160, Test: 0.3150
Epoch: 11, Loss: 1.9592, Train: 0.1429, Val: 0.1620, Test: 0.1490
Epoch: 12, Loss: 1.9499, Train: 0.1429, Val: 0.1620, Test: 0.1490
Epoch: 13, Loss: 1.9328, Train: 0.1429, Val: 0.0720, Test: 0.0910
Epoch: 14, Loss: 1.9407, Train: 0.1429, Val: 0.0580, Test: 0.0640
Epoch: 15, Loss: 1.9480, Train: 0.1286, Val: 0.0560, Test: 0.0640
Epoch: 16, Loss: 1.9737, Train: 0.2286, Val: 0.1240, Test: 0.1290
Epoch: 17, Loss: 1.9469, Train: 0.1429, Val: 0.0720, Test: 0.0910
Epoch: 18, Loss: 1.9750, Train: 0.1643, Val: 0.0940, Test: 0.1220
Epoch: 19, Loss: 1.9618, Train: 0.1429, Val: 0.3160, Test: 0.3190
Epoch: 20, Loss: 1.9434, Train: 0.1429, Val: 0.3160, Test: 0.3190
Epoch: 21, Loss: 1.9517, Train: 0.1429, Val: 0.1560, Test: 0.1440
Epoch: 22, Loss: 1.9560, Train: 0.1429, Val: 0.1560, Test: 0.1440
Epoch: 23, Loss: 1.9404, Train: 0.1429, Val: 0.1560, Test: 0.1440
Epoch: 24, Loss: 1.9503, Train: 0.1429, Val: 0.1560, Test: 0.1440
Epoch: 25, Loss: 1.9458, Train: 0.1429, Val: 0.0720, Test: 0.0910
Epoch: 26, Loss: 1.9577, Train: 0.1429, Val: 0.0720, Test: 0.0910
Epoch: 27, Loss: 1.9442, Train: 0.1429, Val: 0.0720, Test: 0.0910
Epoch: 28, Loss: 1.9478, Train: 0.1429, Val: 0.0720, Test: 0.0910
Epoch: 29, Loss: 1.9405, Train: 0.1429, Val: 0.3160, Test: 0.3190
Epoch: 30, Loss: 1.9406, Train: 0.1429, Val: 0.3160, Test: 0.3190
Epoch: 31, Loss: 1.9503, Train: 0.1429, Val: 0.3160, Test: 0.3190
Epoch: 32, Loss: 1.9582, Train: 0.1429, Val: 0.3160, Test: 0.3190
Epoch: 33, Loss: 1.9416, Train: 0.1429, Val: 0.3160, Test: 0.3190
Epoch: 34, Loss: 1.9321, Train: 0.1429, Val: 0.3160, Test: 0.3190
Epoch: 35, Loss: 1.9509, Train: 0.1429, Val: 0.3160, Test: 0.3190
Epoch: 36, Loss: 1.9392, Train: 0.1429, Val: 0.3160, Test: 0.3190
Epoch: 37, Loss: 1.9511, Train: 0.1429, Val: 0.3160, Test: 0.3190
Epoch: 38, Loss: 1.9542, Train: 0.1429, Val: 0.3160, Test: 0.3190
Epoch: 39, Loss: 1.9491, Train: 0.1429, Val: 0.3160, Test: 0.3190
Epoch: 40, Loss: 1.9455, Train: 0.1429, Val: 0.1220, Test: 0.1300
Epoch: 41, Loss: 1.9500, Train: 0.1429, Val: 0.1220, Test: 0.1300
Epoch: 42, Loss: 1.9438, Train: 0.1429, Val: 0.1140, Test: 0.1030
Epoch: 43, Loss: 1.9474, Train: 0.1429, Val: 0.1140, Test: 0.1030
Epoch: 44, Loss: 1.9473, Train: 0.1429, Val: 0.1620, Test: 0.1490
Epoch: 45, Loss: 1.9458, Train: 0.1429, Val: 0.1620, Test: 0.1490
Epoch: 46, Loss: 1.9521, Train: 0.1429, Val: 0.1620, Test: 0.1490
Epoch: 47, Loss: 1.9480, Train: 0.1429, Val: 0.1620, Test: 0.1490
Epoch: 48, Loss: 1.9508, Train: 0.1429, Val: 0.1620, Test: 0.1490
Epoch: 49, Loss: 1.9477, Train: 0.1429, Val: 0.1620, Test: 0.1490
Epoch: 50, Loss: 1.9496, Train: 0.1429, Val: 0.1620, Test: 0.1490
MAD:  0.0002
InfoGap:  0.9999946068360259
Best Test Accuracy: 0.3190, Val Accuracy: 0.3160, Train Accuracy: 0.1429
Training completed.
Average Test Accuracy:  0.3081 ± 0.0327
Average MAD:  0.0018899999999999998 ± 0.004626975253878067
Average R:  0.9999710597321553 ± 6.65624307109111e-05
