Seed:  0
PMPGNN(
  (convs): ModuleList(
    (0): ParallelGNNBlock(
      (conv1): GATv2Conv(128, 128, heads=2)
      (conv2): GATv2Conv(128, 128, heads=2)
      (norm): LayerNorm((128,), eps=1e-05, elementwise_affine=True)
    )
    (1-8): 8 x ParallelGNNBlock(
      (conv1): GATv2Conv(512, 128, heads=2)
      (conv2): GATv2Conv(512, 128, heads=2)
      (norm): LayerNorm((128,), eps=1e-05, elementwise_affine=True)
    )
  )
  (norm): LayerNorm((512,), eps=1e-05, elementwise_affine=True)
  (mlp): Sequential(
    (0): Linear(in_features=512, out_features=64, bias=True)
    (1): LeakyReLU(negative_slope=0.01)
    (2): Dropout(p=0.3, inplace=False)
    (3): Linear(in_features=64, out_features=7, bias=True)
  )
  (proj): Linear(in_features=1433, out_features=128, bias=True)
)
Epoch: 1, Loss: 1.9760, Train: 0.1571, Val: 0.1760, Test: 0.1590
Epoch: 2, Loss: 1.9789, Train: 0.1429, Val: 0.1680, Test: 0.1520
Epoch: 3, Loss: 1.9315, Train: 0.1500, Val: 0.1620, Test: 0.1500
Epoch: 4, Loss: 1.9314, Train: 0.1429, Val: 0.1620, Test: 0.1490
Epoch: 5, Loss: 1.9187, Train: 0.1429, Val: 0.1620, Test: 0.1490
Epoch: 6, Loss: 1.9229, Train: 0.1429, Val: 0.1640, Test: 0.1490
Epoch: 7, Loss: 1.9457, Train: 0.1714, Val: 0.1720, Test: 0.1530
Epoch: 8, Loss: 1.9381, Train: 0.2214, Val: 0.1880, Test: 0.1700
Epoch: 9, Loss: 1.9329, Train: 0.2500, Val: 0.1680, Test: 0.1630
Epoch: 10, Loss: 1.9525, Train: 0.3643, Val: 0.1640, Test: 0.1760
Epoch: 11, Loss: 1.9280, Train: 0.5214, Val: 0.3140, Test: 0.3220
Epoch: 12, Loss: 1.8939, Train: 0.5643, Val: 0.3600, Test: 0.3590
Epoch: 13, Loss: 1.8729, Train: 0.5429, Val: 0.3660, Test: 0.3640
Epoch: 14, Loss: 1.8792, Train: 0.5286, Val: 0.3780, Test: 0.3700
Epoch: 15, Loss: 1.8463, Train: 0.5786, Val: 0.4200, Test: 0.4180
Epoch: 16, Loss: 1.8467, Train: 0.6786, Val: 0.5420, Test: 0.5410
Epoch: 17, Loss: 1.8168, Train: 0.6857, Val: 0.5580, Test: 0.5820
Epoch: 18, Loss: 1.7610, Train: 0.6214, Val: 0.5080, Test: 0.5280
Epoch: 19, Loss: 1.7301, Train: 0.5857, Val: 0.4360, Test: 0.4530
Epoch: 20, Loss: 1.6737, Train: 0.5214, Val: 0.4280, Test: 0.4300
Epoch: 21, Loss: 1.6005, Train: 0.5214, Val: 0.4160, Test: 0.4390
Epoch: 22, Loss: 1.6161, Train: 0.5429, Val: 0.4220, Test: 0.4390
Epoch: 23, Loss: 1.5321, Train: 0.5643, Val: 0.4260, Test: 0.4410
Epoch: 24, Loss: 1.4237, Train: 0.5857, Val: 0.4380, Test: 0.4590
Epoch: 25, Loss: 1.3260, Train: 0.6500, Val: 0.4820, Test: 0.4940
Epoch: 26, Loss: 1.3553, Train: 0.7214, Val: 0.5060, Test: 0.5220
Epoch: 27, Loss: 1.2322, Train: 0.7714, Val: 0.5340, Test: 0.5290
Epoch: 28, Loss: 1.1737, Train: 0.8786, Val: 0.6140, Test: 0.6170
Epoch: 29, Loss: 1.0716, Train: 0.9143, Val: 0.6680, Test: 0.6980
Epoch: 30, Loss: 0.9476, Train: 0.9357, Val: 0.6820, Test: 0.7060
Epoch: 31, Loss: 0.9721, Train: 0.9286, Val: 0.6780, Test: 0.7090
Epoch: 32, Loss: 0.9096, Train: 0.9357, Val: 0.6860, Test: 0.7040
Epoch: 33, Loss: 0.8043, Train: 0.9500, Val: 0.6840, Test: 0.6930
Epoch: 34, Loss: 0.7636, Train: 0.9429, Val: 0.6960, Test: 0.7070
Epoch: 35, Loss: 0.7370, Train: 0.9500, Val: 0.7120, Test: 0.7240
Epoch: 36, Loss: 0.5829, Train: 0.9571, Val: 0.7280, Test: 0.7420
Epoch: 37, Loss: 0.5881, Train: 0.9571, Val: 0.7320, Test: 0.7530
Epoch: 38, Loss: 0.5226, Train: 0.9786, Val: 0.7500, Test: 0.7610
Epoch: 39, Loss: 0.5330, Train: 0.9714, Val: 0.7380, Test: 0.7400
Epoch: 40, Loss: 0.4900, Train: 0.9714, Val: 0.7220, Test: 0.7470
Epoch: 41, Loss: 0.4276, Train: 0.9786, Val: 0.7260, Test: 0.7420
Epoch: 42, Loss: 0.4129, Train: 0.9857, Val: 0.7240, Test: 0.7400
Epoch: 43, Loss: 0.3852, Train: 0.9857, Val: 0.7420, Test: 0.7460
Epoch: 44, Loss: 0.3488, Train: 0.9786, Val: 0.7500, Test: 0.7550
Epoch: 45, Loss: 0.3136, Train: 0.9857, Val: 0.7340, Test: 0.7620
Epoch: 46, Loss: 0.2789, Train: 0.9857, Val: 0.7280, Test: 0.7480
Epoch: 47, Loss: 0.2247, Train: 0.9857, Val: 0.7380, Test: 0.7490
Epoch: 48, Loss: 0.2057, Train: 0.9929, Val: 0.7480, Test: 0.7620
Epoch: 49, Loss: 0.1807, Train: 0.9929, Val: 0.7660, Test: 0.7700
Epoch: 50, Loss: 0.1362, Train: 0.9929, Val: 0.7660, Test: 0.7680
MAD:  0.8975
Best Test Accuracy: 0.7700, Val Accuracy: 0.7660, Train Accuracy: 0.9929
Training completed.
Seed:  1
PMPGNN(
  (convs): ModuleList(
    (0): ParallelGNNBlock(
      (conv1): GATv2Conv(128, 128, heads=2)
      (conv2): GATv2Conv(128, 128, heads=2)
      (norm): LayerNorm((128,), eps=1e-05, elementwise_affine=True)
    )
    (1-8): 8 x ParallelGNNBlock(
      (conv1): GATv2Conv(512, 128, heads=2)
      (conv2): GATv2Conv(512, 128, heads=2)
      (norm): LayerNorm((128,), eps=1e-05, elementwise_affine=True)
    )
  )
  (norm): LayerNorm((512,), eps=1e-05, elementwise_affine=True)
  (mlp): Sequential(
    (0): Linear(in_features=512, out_features=64, bias=True)
    (1): LeakyReLU(negative_slope=0.01)
    (2): Dropout(p=0.3, inplace=False)
    (3): Linear(in_features=64, out_features=7, bias=True)
  )
  (proj): Linear(in_features=1433, out_features=128, bias=True)
)
Epoch: 1, Loss: 1.9674, Train: 0.2214, Val: 0.1760, Test: 0.1580
Epoch: 2, Loss: 1.9783, Train: 0.2143, Val: 0.1880, Test: 0.1730
Epoch: 3, Loss: 1.9882, Train: 0.1571, Val: 0.1200, Test: 0.1120
Epoch: 4, Loss: 1.9863, Train: 0.1714, Val: 0.1260, Test: 0.1150
Epoch: 5, Loss: 1.9342, Train: 0.2286, Val: 0.1320, Test: 0.1320
Epoch: 6, Loss: 1.9508, Train: 0.3000, Val: 0.1820, Test: 0.1930
Epoch: 7, Loss: 1.9433, Train: 0.3786, Val: 0.2640, Test: 0.2820
Epoch: 8, Loss: 1.9405, Train: 0.3000, Val: 0.2400, Test: 0.2420
Epoch: 9, Loss: 1.9159, Train: 0.3071, Val: 0.2780, Test: 0.2760
Epoch: 10, Loss: 1.9240, Train: 0.3286, Val: 0.3360, Test: 0.3350
Epoch: 11, Loss: 1.9368, Train: 0.3643, Val: 0.2960, Test: 0.3220
Epoch: 12, Loss: 1.9186, Train: 0.4000, Val: 0.2780, Test: 0.2810
Epoch: 13, Loss: 1.8980, Train: 0.4357, Val: 0.3100, Test: 0.3100
Epoch: 14, Loss: 1.8895, Train: 0.5714, Val: 0.4200, Test: 0.4120
Epoch: 15, Loss: 1.9013, Train: 0.6571, Val: 0.4480, Test: 0.4740
Epoch: 16, Loss: 1.8451, Train: 0.6143, Val: 0.4120, Test: 0.4470
Epoch: 17, Loss: 1.8399, Train: 0.5857, Val: 0.3680, Test: 0.3980
Epoch: 18, Loss: 1.8343, Train: 0.5571, Val: 0.2980, Test: 0.3560
Epoch: 19, Loss: 1.7651, Train: 0.5429, Val: 0.2860, Test: 0.3410
Epoch: 20, Loss: 1.7454, Train: 0.5571, Val: 0.2960, Test: 0.3490
Epoch: 21, Loss: 1.7041, Train: 0.6000, Val: 0.3440, Test: 0.3820
Epoch: 22, Loss: 1.6277, Train: 0.6214, Val: 0.3980, Test: 0.4350
Epoch: 23, Loss: 1.5810, Train: 0.6714, Val: 0.4220, Test: 0.4640
Epoch: 24, Loss: 1.5228, Train: 0.6714, Val: 0.4560, Test: 0.4880
Epoch: 25, Loss: 1.4590, Train: 0.7000, Val: 0.4840, Test: 0.5100
Epoch: 26, Loss: 1.4433, Train: 0.7429, Val: 0.4900, Test: 0.5240
Epoch: 27, Loss: 1.3860, Train: 0.7786, Val: 0.5160, Test: 0.5630
Epoch: 28, Loss: 1.2678, Train: 0.8214, Val: 0.5820, Test: 0.6220
Epoch: 29, Loss: 1.1940, Train: 0.8071, Val: 0.6060, Test: 0.6430
Epoch: 30, Loss: 1.1276, Train: 0.8571, Val: 0.6360, Test: 0.6640
Epoch: 31, Loss: 1.0064, Train: 0.9000, Val: 0.6760, Test: 0.7010
Epoch: 32, Loss: 0.9277, Train: 0.9071, Val: 0.6880, Test: 0.6980
Epoch: 33, Loss: 0.9150, Train: 0.9071, Val: 0.7040, Test: 0.7220
Epoch: 34, Loss: 0.7646, Train: 0.9214, Val: 0.7100, Test: 0.7210
Epoch: 35, Loss: 0.7531, Train: 0.9357, Val: 0.6900, Test: 0.6930
Epoch: 36, Loss: 0.6774, Train: 0.9429, Val: 0.7060, Test: 0.7100
Epoch: 37, Loss: 0.6308, Train: 0.9429, Val: 0.7180, Test: 0.7340
Epoch: 38, Loss: 0.5686, Train: 0.9643, Val: 0.7360, Test: 0.7530
Epoch: 39, Loss: 0.4847, Train: 0.9643, Val: 0.7580, Test: 0.7610
Epoch: 40, Loss: 0.4606, Train: 0.9714, Val: 0.7660, Test: 0.7660
Epoch: 41, Loss: 0.3910, Train: 0.9786, Val: 0.7620, Test: 0.7590
Epoch: 42, Loss: 0.3371, Train: 0.9571, Val: 0.7520, Test: 0.7510
Epoch: 43, Loss: 0.3288, Train: 0.9786, Val: 0.7580, Test: 0.7590
Epoch: 44, Loss: 0.2861, Train: 1.0000, Val: 0.7520, Test: 0.7780
Epoch: 45, Loss: 0.2336, Train: 0.9929, Val: 0.7540, Test: 0.7760
Epoch: 46, Loss: 0.1904, Train: 1.0000, Val: 0.7620, Test: 0.7760
Epoch: 47, Loss: 0.1967, Train: 0.9857, Val: 0.7520, Test: 0.7570
Epoch: 48, Loss: 0.1768, Train: 0.9929, Val: 0.7300, Test: 0.7290
Epoch: 49, Loss: 0.1395, Train: 0.9929, Val: 0.7400, Test: 0.7420
Epoch: 50, Loss: 0.1350, Train: 0.9929, Val: 0.7460, Test: 0.7560
MAD:  0.835
Best Test Accuracy: 0.7780, Val Accuracy: 0.7520, Train Accuracy: 1.0000
Training completed.
Seed:  2
PMPGNN(
  (convs): ModuleList(
    (0): ParallelGNNBlock(
      (conv1): GATv2Conv(128, 128, heads=2)
      (conv2): GATv2Conv(128, 128, heads=2)
      (norm): LayerNorm((128,), eps=1e-05, elementwise_affine=True)
    )
    (1-8): 8 x ParallelGNNBlock(
      (conv1): GATv2Conv(512, 128, heads=2)
      (conv2): GATv2Conv(512, 128, heads=2)
      (norm): LayerNorm((128,), eps=1e-05, elementwise_affine=True)
    )
  )
  (norm): LayerNorm((512,), eps=1e-05, elementwise_affine=True)
  (mlp): Sequential(
    (0): Linear(in_features=512, out_features=64, bias=True)
    (1): LeakyReLU(negative_slope=0.01)
    (2): Dropout(p=0.3, inplace=False)
    (3): Linear(in_features=64, out_features=7, bias=True)
  )
  (proj): Linear(in_features=1433, out_features=128, bias=True)
)
Epoch: 1, Loss: 1.9924, Train: 0.1643, Val: 0.1520, Test: 0.1430
Epoch: 2, Loss: 1.9607, Train: 0.1857, Val: 0.1940, Test: 0.1690
Epoch: 3, Loss: 1.9615, Train: 0.1786, Val: 0.1980, Test: 0.1900
Epoch: 4, Loss: 1.9683, Train: 0.2357, Val: 0.2180, Test: 0.2130
Epoch: 5, Loss: 1.9572, Train: 0.2357, Val: 0.1420, Test: 0.1590
Epoch: 6, Loss: 1.9556, Train: 0.2429, Val: 0.1100, Test: 0.1410
Epoch: 7, Loss: 1.9258, Train: 0.2786, Val: 0.1300, Test: 0.1600
Epoch: 8, Loss: 1.9331, Train: 0.2714, Val: 0.1800, Test: 0.1960
Epoch: 9, Loss: 1.9374, Train: 0.3071, Val: 0.2040, Test: 0.2100
Epoch: 10, Loss: 1.9462, Train: 0.3571, Val: 0.2480, Test: 0.2500
Epoch: 11, Loss: 1.9377, Train: 0.4143, Val: 0.2800, Test: 0.2830
Epoch: 12, Loss: 1.9152, Train: 0.4786, Val: 0.3340, Test: 0.3310
Epoch: 13, Loss: 1.8986, Train: 0.6071, Val: 0.4160, Test: 0.4100
Epoch: 14, Loss: 1.8904, Train: 0.6429, Val: 0.4740, Test: 0.4640
Epoch: 15, Loss: 1.8822, Train: 0.6786, Val: 0.5040, Test: 0.4880
Epoch: 16, Loss: 1.8487, Train: 0.7357, Val: 0.5340, Test: 0.5290
Epoch: 17, Loss: 1.8771, Train: 0.7643, Val: 0.5480, Test: 0.5480
Epoch: 18, Loss: 1.8625, Train: 0.7714, Val: 0.5420, Test: 0.5670
Epoch: 19, Loss: 1.8144, Train: 0.7643, Val: 0.5460, Test: 0.5510
Epoch: 20, Loss: 1.7654, Train: 0.6857, Val: 0.4400, Test: 0.4690
Epoch: 21, Loss: 1.7552, Train: 0.6143, Val: 0.3960, Test: 0.4260
Epoch: 22, Loss: 1.6248, Train: 0.6286, Val: 0.4200, Test: 0.4320
Epoch: 23, Loss: 1.6810, Train: 0.6714, Val: 0.4960, Test: 0.5210
Epoch: 24, Loss: 1.6201, Train: 0.7500, Val: 0.5680, Test: 0.5990
Epoch: 25, Loss: 1.5189, Train: 0.7857, Val: 0.5980, Test: 0.6040
Epoch: 26, Loss: 1.4455, Train: 0.7357, Val: 0.5700, Test: 0.5810
Epoch: 27, Loss: 1.4041, Train: 0.7571, Val: 0.5680, Test: 0.5840
Epoch: 28, Loss: 1.3272, Train: 0.7571, Val: 0.5660, Test: 0.5800
Epoch: 29, Loss: 1.2787, Train: 0.7714, Val: 0.5600, Test: 0.5810
Epoch: 30, Loss: 1.1966, Train: 0.8000, Val: 0.5920, Test: 0.6100
Epoch: 31, Loss: 1.1491, Train: 0.8357, Val: 0.6040, Test: 0.5990
Epoch: 32, Loss: 1.0312, Train: 0.8643, Val: 0.6020, Test: 0.5940
Epoch: 33, Loss: 0.9426, Train: 0.8786, Val: 0.6380, Test: 0.6200
Epoch: 34, Loss: 0.8691, Train: 0.8929, Val: 0.6760, Test: 0.6640
Epoch: 35, Loss: 0.8536, Train: 0.9000, Val: 0.6880, Test: 0.6740
Epoch: 36, Loss: 0.7620, Train: 0.9071, Val: 0.6920, Test: 0.6780
Epoch: 37, Loss: 0.6398, Train: 0.9214, Val: 0.7100, Test: 0.7050
Epoch: 38, Loss: 0.5732, Train: 0.9214, Val: 0.7320, Test: 0.7320
Epoch: 39, Loss: 0.5580, Train: 0.9357, Val: 0.7300, Test: 0.7510
Epoch: 40, Loss: 0.4929, Train: 0.9643, Val: 0.7440, Test: 0.7560
Epoch: 41, Loss: 0.4343, Train: 0.9643, Val: 0.7600, Test: 0.7580
Epoch: 42, Loss: 0.3949, Train: 0.9786, Val: 0.7580, Test: 0.7630
Epoch: 43, Loss: 0.3068, Train: 0.9929, Val: 0.7620, Test: 0.7660
Epoch: 44, Loss: 0.3133, Train: 0.9929, Val: 0.7660, Test: 0.7790
Epoch: 45, Loss: 0.2273, Train: 0.9929, Val: 0.7720, Test: 0.7790
Epoch: 46, Loss: 0.2389, Train: 0.9929, Val: 0.7780, Test: 0.7780
Epoch: 47, Loss: 0.1933, Train: 0.9929, Val: 0.7900, Test: 0.7880
Epoch: 48, Loss: 0.2250, Train: 1.0000, Val: 0.7800, Test: 0.7920
Epoch: 49, Loss: 0.1378, Train: 1.0000, Val: 0.7720, Test: 0.8080
Epoch: 50, Loss: 0.1037, Train: 1.0000, Val: 0.7600, Test: 0.8050
MAD:  0.8488
Best Test Accuracy: 0.8080, Val Accuracy: 0.7720, Train Accuracy: 1.0000
Training completed.
Seed:  3
PMPGNN(
  (convs): ModuleList(
    (0): ParallelGNNBlock(
      (conv1): GATv2Conv(128, 128, heads=2)
      (conv2): GATv2Conv(128, 128, heads=2)
      (norm): LayerNorm((128,), eps=1e-05, elementwise_affine=True)
    )
    (1-8): 8 x ParallelGNNBlock(
      (conv1): GATv2Conv(512, 128, heads=2)
      (conv2): GATv2Conv(512, 128, heads=2)
      (norm): LayerNorm((128,), eps=1e-05, elementwise_affine=True)
    )
  )
  (norm): LayerNorm((512,), eps=1e-05, elementwise_affine=True)
  (mlp): Sequential(
    (0): Linear(in_features=512, out_features=64, bias=True)
    (1): LeakyReLU(negative_slope=0.01)
    (2): Dropout(p=0.3, inplace=False)
    (3): Linear(in_features=64, out_features=7, bias=True)
  )
  (proj): Linear(in_features=1433, out_features=128, bias=True)
)
Epoch: 1, Loss: 2.0126, Train: 0.1429, Val: 0.1560, Test: 0.1440
Epoch: 2, Loss: 1.9819, Train: 0.1429, Val: 0.1560, Test: 0.1510
Epoch: 3, Loss: 1.9698, Train: 0.1429, Val: 0.1580, Test: 0.1460
Epoch: 4, Loss: 1.9522, Train: 0.1429, Val: 0.1660, Test: 0.1480
Epoch: 5, Loss: 1.9660, Train: 0.1643, Val: 0.1680, Test: 0.1490
Epoch: 6, Loss: 1.9557, Train: 0.2000, Val: 0.1700, Test: 0.1520
Epoch: 7, Loss: 1.9281, Train: 0.2714, Val: 0.1920, Test: 0.1830
Epoch: 8, Loss: 1.9157, Train: 0.2786, Val: 0.1720, Test: 0.1620
Epoch: 9, Loss: 1.9385, Train: 0.2643, Val: 0.0980, Test: 0.1100
Epoch: 10, Loss: 1.9325, Train: 0.3429, Val: 0.1300, Test: 0.1530
Epoch: 11, Loss: 1.9181, Train: 0.4571, Val: 0.1980, Test: 0.2340
Epoch: 12, Loss: 1.9166, Train: 0.6143, Val: 0.3240, Test: 0.3800
Epoch: 13, Loss: 1.9016, Train: 0.7143, Val: 0.4600, Test: 0.5120
Epoch: 14, Loss: 1.8840, Train: 0.7571, Val: 0.5520, Test: 0.6140
Epoch: 15, Loss: 1.8699, Train: 0.7571, Val: 0.6220, Test: 0.6630
Epoch: 16, Loss: 1.8287, Train: 0.7643, Val: 0.6160, Test: 0.6640
Epoch: 17, Loss: 1.8367, Train: 0.7429, Val: 0.5840, Test: 0.6390
Epoch: 18, Loss: 1.8025, Train: 0.7286, Val: 0.5500, Test: 0.5920
Epoch: 19, Loss: 1.7441, Train: 0.7357, Val: 0.5380, Test: 0.5670
Epoch: 20, Loss: 1.7253, Train: 0.7286, Val: 0.5700, Test: 0.5770
Epoch: 21, Loss: 1.6621, Train: 0.7214, Val: 0.5820, Test: 0.5910
Epoch: 22, Loss: 1.6122, Train: 0.7357, Val: 0.5660, Test: 0.5880
Epoch: 23, Loss: 1.4895, Train: 0.7000, Val: 0.5360, Test: 0.5570
Epoch: 24, Loss: 1.4801, Train: 0.6857, Val: 0.5260, Test: 0.5420
Epoch: 25, Loss: 1.3872, Train: 0.7071, Val: 0.5400, Test: 0.5540
Epoch: 26, Loss: 1.2769, Train: 0.7214, Val: 0.6000, Test: 0.6160
Epoch: 27, Loss: 1.2464, Train: 0.7357, Val: 0.6220, Test: 0.6480
Epoch: 28, Loss: 1.1193, Train: 0.7429, Val: 0.6180, Test: 0.6650
Epoch: 29, Loss: 1.0648, Train: 0.7786, Val: 0.6320, Test: 0.6770
Epoch: 30, Loss: 0.9769, Train: 0.8000, Val: 0.6440, Test: 0.6810
Epoch: 31, Loss: 0.9381, Train: 0.9214, Val: 0.7200, Test: 0.7360
Epoch: 32, Loss: 0.8206, Train: 0.9357, Val: 0.7260, Test: 0.7410
Epoch: 33, Loss: 0.7488, Train: 0.9429, Val: 0.7240, Test: 0.7340
Epoch: 34, Loss: 0.6373, Train: 0.9500, Val: 0.7180, Test: 0.7410
Epoch: 35, Loss: 0.6388, Train: 0.9643, Val: 0.7300, Test: 0.7470
Epoch: 36, Loss: 0.5613, Train: 0.9786, Val: 0.7300, Test: 0.7370
Epoch: 37, Loss: 0.4942, Train: 0.9714, Val: 0.7400, Test: 0.7520
Epoch: 38, Loss: 0.4831, Train: 0.9857, Val: 0.7200, Test: 0.7570
Epoch: 39, Loss: 0.4269, Train: 0.9786, Val: 0.7160, Test: 0.7570
Epoch: 40, Loss: 0.3910, Train: 0.9857, Val: 0.7360, Test: 0.7640
Epoch: 41, Loss: 0.3703, Train: 0.9857, Val: 0.7540, Test: 0.7730
Epoch: 42, Loss: 0.3117, Train: 0.9857, Val: 0.7560, Test: 0.7690
Epoch: 43, Loss: 0.2482, Train: 0.9857, Val: 0.7420, Test: 0.7720
Epoch: 44, Loss: 0.2515, Train: 0.9857, Val: 0.7400, Test: 0.7770
Epoch: 45, Loss: 0.2071, Train: 0.9929, Val: 0.7400, Test: 0.7710
Epoch: 46, Loss: 0.2032, Train: 0.9857, Val: 0.7460, Test: 0.7550
Epoch: 47, Loss: 0.1922, Train: 0.9857, Val: 0.7360, Test: 0.7610
Epoch: 48, Loss: 0.1414, Train: 1.0000, Val: 0.7380, Test: 0.7610
Epoch: 49, Loss: 0.1322, Train: 1.0000, Val: 0.7440, Test: 0.7720
Epoch: 50, Loss: 0.1121, Train: 1.0000, Val: 0.7300, Test: 0.7650
MAD:  0.9571
Best Test Accuracy: 0.7770, Val Accuracy: 0.7400, Train Accuracy: 0.9857
Training completed.
Seed:  4
PMPGNN(
  (convs): ModuleList(
    (0): ParallelGNNBlock(
      (conv1): GATv2Conv(128, 128, heads=2)
      (conv2): GATv2Conv(128, 128, heads=2)
      (norm): LayerNorm((128,), eps=1e-05, elementwise_affine=True)
    )
    (1-8): 8 x ParallelGNNBlock(
      (conv1): GATv2Conv(512, 128, heads=2)
      (conv2): GATv2Conv(512, 128, heads=2)
      (norm): LayerNorm((128,), eps=1e-05, elementwise_affine=True)
    )
  )
  (norm): LayerNorm((512,), eps=1e-05, elementwise_affine=True)
  (mlp): Sequential(
    (0): Linear(in_features=512, out_features=64, bias=True)
    (1): LeakyReLU(negative_slope=0.01)
    (2): Dropout(p=0.3, inplace=False)
    (3): Linear(in_features=64, out_features=7, bias=True)
  )
  (proj): Linear(in_features=1433, out_features=128, bias=True)
)
Epoch: 1, Loss: 2.0095, Train: 0.1143, Val: 0.1040, Test: 0.1010
Epoch: 2, Loss: 1.9832, Train: 0.1929, Val: 0.1160, Test: 0.1330
Epoch: 3, Loss: 2.0057, Train: 0.1571, Val: 0.0880, Test: 0.1000
Epoch: 4, Loss: 1.9582, Train: 0.1714, Val: 0.0940, Test: 0.1160
Epoch: 5, Loss: 1.9669, Train: 0.2143, Val: 0.1100, Test: 0.1080
Epoch: 6, Loss: 1.9774, Train: 0.2786, Val: 0.1640, Test: 0.1640
Epoch: 7, Loss: 1.9327, Train: 0.1429, Val: 0.1140, Test: 0.1030
Epoch: 8, Loss: 1.9565, Train: 0.1429, Val: 0.1140, Test: 0.1030
Epoch: 9, Loss: 1.9300, Train: 0.1429, Val: 0.1140, Test: 0.1030
Epoch: 10, Loss: 1.9425, Train: 0.1429, Val: 0.1140, Test: 0.1030
Epoch: 11, Loss: 1.9393, Train: 0.1429, Val: 0.1160, Test: 0.1030
Epoch: 12, Loss: 1.9338, Train: 0.1500, Val: 0.1200, Test: 0.1030
Epoch: 13, Loss: 1.9162, Train: 0.2429, Val: 0.1720, Test: 0.1510
Epoch: 14, Loss: 1.9311, Train: 0.4857, Val: 0.3180, Test: 0.3150
Epoch: 15, Loss: 1.9230, Train: 0.5500, Val: 0.3580, Test: 0.3600
Epoch: 16, Loss: 1.8963, Train: 0.6429, Val: 0.4080, Test: 0.4180
Epoch: 17, Loss: 1.9023, Train: 0.6857, Val: 0.4780, Test: 0.4750
Epoch: 18, Loss: 1.8467, Train: 0.7286, Val: 0.5300, Test: 0.5090
Epoch: 19, Loss: 1.8547, Train: 0.7214, Val: 0.5220, Test: 0.5140
Epoch: 20, Loss: 1.8202, Train: 0.7214, Val: 0.5120, Test: 0.5150
Epoch: 21, Loss: 1.7915, Train: 0.7143, Val: 0.4980, Test: 0.5040
Epoch: 22, Loss: 1.7117, Train: 0.6429, Val: 0.4940, Test: 0.4810
Epoch: 23, Loss: 1.7017, Train: 0.6357, Val: 0.5040, Test: 0.4800
Epoch: 24, Loss: 1.6094, Train: 0.6643, Val: 0.5220, Test: 0.5060
Epoch: 25, Loss: 1.5449, Train: 0.7000, Val: 0.5220, Test: 0.5090
Epoch: 26, Loss: 1.5732, Train: 0.7071, Val: 0.5280, Test: 0.4990
Epoch: 27, Loss: 1.4514, Train: 0.7071, Val: 0.5220, Test: 0.4910
Epoch: 28, Loss: 1.3469, Train: 0.6929, Val: 0.5140, Test: 0.4930
Epoch: 29, Loss: 1.2839, Train: 0.7214, Val: 0.5120, Test: 0.5050
Epoch: 30, Loss: 1.1646, Train: 0.7714, Val: 0.5440, Test: 0.5320
Epoch: 31, Loss: 1.1835, Train: 0.8286, Val: 0.5700, Test: 0.5630
Epoch: 32, Loss: 1.0273, Train: 0.8357, Val: 0.5740, Test: 0.5660
Epoch: 33, Loss: 0.9706, Train: 0.8357, Val: 0.5940, Test: 0.5720
Epoch: 34, Loss: 0.8740, Train: 0.8643, Val: 0.6040, Test: 0.5810
Epoch: 35, Loss: 0.8955, Train: 0.9000, Val: 0.6320, Test: 0.6090
Epoch: 36, Loss: 0.7507, Train: 0.9143, Val: 0.6820, Test: 0.6650
Epoch: 37, Loss: 0.7165, Train: 0.9214, Val: 0.6940, Test: 0.6710
Epoch: 38, Loss: 0.6689, Train: 0.9500, Val: 0.7100, Test: 0.6850
Epoch: 39, Loss: 0.6222, Train: 0.9714, Val: 0.7440, Test: 0.7090
Epoch: 40, Loss: 0.5696, Train: 0.9714, Val: 0.7360, Test: 0.7150
Epoch: 41, Loss: 0.5382, Train: 0.9786, Val: 0.7440, Test: 0.7240
Epoch: 42, Loss: 0.4532, Train: 0.9786, Val: 0.7460, Test: 0.7360
Epoch: 43, Loss: 0.4047, Train: 0.9786, Val: 0.7280, Test: 0.7340
Epoch: 44, Loss: 0.3750, Train: 0.9786, Val: 0.7420, Test: 0.7330
Epoch: 45, Loss: 0.3885, Train: 0.9786, Val: 0.7240, Test: 0.7300
Epoch: 46, Loss: 0.3317, Train: 0.9857, Val: 0.7160, Test: 0.7250
Epoch: 47, Loss: 0.3135, Train: 0.9857, Val: 0.7260, Test: 0.7250
Epoch: 48, Loss: 0.2527, Train: 0.9929, Val: 0.7240, Test: 0.7330
Epoch: 49, Loss: 0.2009, Train: 0.9929, Val: 0.7300, Test: 0.7370
Epoch: 50, Loss: 0.2210, Train: 0.9857, Val: 0.7340, Test: 0.7470
MAD:  0.9063
Best Test Accuracy: 0.7470, Val Accuracy: 0.7340, Train Accuracy: 0.9857
Training completed.
Seed:  5
PMPGNN(
  (convs): ModuleList(
    (0): ParallelGNNBlock(
      (conv1): GATv2Conv(128, 128, heads=2)
      (conv2): GATv2Conv(128, 128, heads=2)
      (norm): LayerNorm((128,), eps=1e-05, elementwise_affine=True)
    )
    (1-8): 8 x ParallelGNNBlock(
      (conv1): GATv2Conv(512, 128, heads=2)
      (conv2): GATv2Conv(512, 128, heads=2)
      (norm): LayerNorm((128,), eps=1e-05, elementwise_affine=True)
    )
  )
  (norm): LayerNorm((512,), eps=1e-05, elementwise_affine=True)
  (mlp): Sequential(
    (0): Linear(in_features=512, out_features=64, bias=True)
    (1): LeakyReLU(negative_slope=0.01)
    (2): Dropout(p=0.3, inplace=False)
    (3): Linear(in_features=64, out_features=7, bias=True)
  )
  (proj): Linear(in_features=1433, out_features=128, bias=True)
)
Epoch: 1, Loss: 1.9558, Train: 0.1429, Val: 0.1540, Test: 0.1550
Epoch: 2, Loss: 1.9559, Train: 0.2714, Val: 0.2040, Test: 0.2010
Epoch: 3, Loss: 1.9212, Train: 0.2143, Val: 0.1280, Test: 0.1420
Epoch: 4, Loss: 1.9686, Train: 0.3000, Val: 0.1440, Test: 0.1470
Epoch: 5, Loss: 1.9649, Train: 0.2643, Val: 0.1120, Test: 0.1370
Epoch: 6, Loss: 1.9494, Train: 0.2500, Val: 0.1020, Test: 0.1230
Epoch: 7, Loss: 1.9630, Train: 0.2643, Val: 0.1220, Test: 0.1440
Epoch: 8, Loss: 1.9527, Train: 0.2500, Val: 0.1140, Test: 0.1350
Epoch: 9, Loss: 1.9095, Train: 0.2214, Val: 0.0820, Test: 0.1030
Epoch: 10, Loss: 1.9314, Train: 0.2000, Val: 0.0740, Test: 0.0960
Epoch: 11, Loss: 1.9222, Train: 0.2000, Val: 0.0740, Test: 0.0960
Epoch: 12, Loss: 1.9336, Train: 0.1857, Val: 0.0740, Test: 0.0950
Epoch: 13, Loss: 1.9272, Train: 0.1786, Val: 0.0720, Test: 0.0950
Epoch: 14, Loss: 1.9015, Train: 0.2143, Val: 0.0800, Test: 0.1060
Epoch: 15, Loss: 1.8915, Train: 0.4214, Val: 0.1880, Test: 0.2360
Epoch: 16, Loss: 1.9033, Train: 0.5357, Val: 0.3320, Test: 0.3630
Epoch: 17, Loss: 1.8884, Train: 0.6214, Val: 0.4460, Test: 0.4470
Epoch: 18, Loss: 1.8872, Train: 0.7143, Val: 0.5900, Test: 0.5840
Epoch: 19, Loss: 1.8487, Train: 0.7571, Val: 0.5580, Test: 0.5810
Epoch: 20, Loss: 1.8446, Train: 0.7357, Val: 0.5480, Test: 0.5460
Epoch: 21, Loss: 1.7549, Train: 0.7143, Val: 0.5220, Test: 0.5230
Epoch: 22, Loss: 1.6729, Train: 0.7143, Val: 0.5320, Test: 0.5350
Epoch: 23, Loss: 1.6306, Train: 0.7429, Val: 0.5280, Test: 0.5430
Epoch: 24, Loss: 1.6047, Train: 0.7357, Val: 0.5240, Test: 0.5420
Epoch: 25, Loss: 1.5051, Train: 0.7286, Val: 0.5280, Test: 0.5370
Epoch: 26, Loss: 1.4232, Train: 0.7214, Val: 0.5140, Test: 0.5170
Epoch: 27, Loss: 1.3501, Train: 0.7214, Val: 0.5140, Test: 0.5110
Epoch: 28, Loss: 1.2915, Train: 0.7429, Val: 0.5280, Test: 0.5190
Epoch: 29, Loss: 1.2171, Train: 0.7714, Val: 0.5560, Test: 0.5610
Epoch: 30, Loss: 1.1794, Train: 0.7857, Val: 0.5620, Test: 0.5760
Epoch: 31, Loss: 1.1157, Train: 0.8357, Val: 0.5740, Test: 0.5910
Epoch: 32, Loss: 1.0271, Train: 0.8214, Val: 0.5840, Test: 0.5670
Epoch: 33, Loss: 0.9401, Train: 0.8286, Val: 0.5560, Test: 0.5700
Epoch: 34, Loss: 0.8469, Train: 0.8500, Val: 0.6000, Test: 0.6030
Epoch: 35, Loss: 0.8379, Train: 0.9000, Val: 0.6440, Test: 0.6490
Epoch: 36, Loss: 0.7028, Train: 0.8857, Val: 0.6200, Test: 0.6490
Epoch: 37, Loss: 0.6824, Train: 0.9000, Val: 0.6380, Test: 0.6590
Epoch: 38, Loss: 0.6068, Train: 0.9214, Val: 0.6800, Test: 0.7070
Epoch: 39, Loss: 0.5618, Train: 0.9500, Val: 0.7300, Test: 0.7310
Epoch: 40, Loss: 0.4846, Train: 0.9571, Val: 0.6900, Test: 0.7040
Epoch: 41, Loss: 0.4865, Train: 0.9571, Val: 0.7140, Test: 0.7120
Epoch: 42, Loss: 0.4509, Train: 0.9571, Val: 0.7320, Test: 0.7340
Epoch: 43, Loss: 0.4046, Train: 0.9643, Val: 0.7600, Test: 0.7620
Epoch: 44, Loss: 0.3856, Train: 0.9786, Val: 0.7740, Test: 0.7780
Epoch: 45, Loss: 0.3090, Train: 0.9929, Val: 0.7560, Test: 0.7780
Epoch: 46, Loss: 0.2889, Train: 0.9857, Val: 0.7560, Test: 0.7650
Epoch: 47, Loss: 0.2434, Train: 0.9857, Val: 0.7300, Test: 0.7390
Epoch: 48, Loss: 0.2534, Train: 0.9857, Val: 0.7280, Test: 0.7430
Epoch: 49, Loss: 0.1744, Train: 1.0000, Val: 0.7460, Test: 0.7610
Epoch: 50, Loss: 0.1787, Train: 0.9929, Val: 0.7480, Test: 0.7810
MAD:  0.9106
Best Test Accuracy: 0.7810, Val Accuracy: 0.7480, Train Accuracy: 0.9929
Training completed.
Seed:  6
PMPGNN(
  (convs): ModuleList(
    (0): ParallelGNNBlock(
      (conv1): GATv2Conv(128, 128, heads=2)
      (conv2): GATv2Conv(128, 128, heads=2)
      (norm): LayerNorm((128,), eps=1e-05, elementwise_affine=True)
    )
    (1-8): 8 x ParallelGNNBlock(
      (conv1): GATv2Conv(512, 128, heads=2)
      (conv2): GATv2Conv(512, 128, heads=2)
      (norm): LayerNorm((128,), eps=1e-05, elementwise_affine=True)
    )
  )
  (norm): LayerNorm((512,), eps=1e-05, elementwise_affine=True)
  (mlp): Sequential(
    (0): Linear(in_features=512, out_features=64, bias=True)
    (1): LeakyReLU(negative_slope=0.01)
    (2): Dropout(p=0.3, inplace=False)
    (3): Linear(in_features=64, out_features=7, bias=True)
  )
  (proj): Linear(in_features=1433, out_features=128, bias=True)
)
Epoch: 1, Loss: 1.9870, Train: 0.2786, Val: 0.1740, Test: 0.1910
Epoch: 2, Loss: 1.9971, Train: 0.1643, Val: 0.1500, Test: 0.1590
Epoch: 3, Loss: 1.9670, Train: 0.2214, Val: 0.1800, Test: 0.1800
Epoch: 4, Loss: 1.9772, Train: 0.2786, Val: 0.2140, Test: 0.2170
Epoch: 5, Loss: 1.9583, Train: 0.2929, Val: 0.1960, Test: 0.2220
Epoch: 6, Loss: 1.9558, Train: 0.3500, Val: 0.1960, Test: 0.2260
Epoch: 7, Loss: 1.9699, Train: 0.3286, Val: 0.2400, Test: 0.2790
Epoch: 8, Loss: 1.9562, Train: 0.3000, Val: 0.2200, Test: 0.2390
Epoch: 9, Loss: 1.9522, Train: 0.2714, Val: 0.1860, Test: 0.2120
Epoch: 10, Loss: 1.9714, Train: 0.2786, Val: 0.1980, Test: 0.1900
Epoch: 11, Loss: 1.9451, Train: 0.4143, Val: 0.2860, Test: 0.2670
Epoch: 12, Loss: 1.9225, Train: 0.4929, Val: 0.3340, Test: 0.3190
Epoch: 13, Loss: 1.9392, Train: 0.5286, Val: 0.4140, Test: 0.4050
Epoch: 14, Loss: 1.9051, Train: 0.5071, Val: 0.3540, Test: 0.3640
Epoch: 15, Loss: 1.8921, Train: 0.5286, Val: 0.4180, Test: 0.4320
Epoch: 16, Loss: 1.8683, Train: 0.5786, Val: 0.4480, Test: 0.4760
Epoch: 17, Loss: 1.8588, Train: 0.5714, Val: 0.4400, Test: 0.4600
Epoch: 18, Loss: 1.8311, Train: 0.5500, Val: 0.4140, Test: 0.4200
Epoch: 19, Loss: 1.8034, Train: 0.4500, Val: 0.3860, Test: 0.3670
Epoch: 20, Loss: 1.7634, Train: 0.4286, Val: 0.3200, Test: 0.3170
Epoch: 21, Loss: 1.7179, Train: 0.3714, Val: 0.2960, Test: 0.2990
Epoch: 22, Loss: 1.6991, Train: 0.4071, Val: 0.2920, Test: 0.3080
Epoch: 23, Loss: 1.6310, Train: 0.4571, Val: 0.2620, Test: 0.3010
Epoch: 24, Loss: 1.5775, Train: 0.4000, Val: 0.2720, Test: 0.2940
Epoch: 25, Loss: 1.5493, Train: 0.4000, Val: 0.3140, Test: 0.3060
Epoch: 26, Loss: 1.4740, Train: 0.4000, Val: 0.3620, Test: 0.3470
Epoch: 27, Loss: 1.4410, Train: 0.5214, Val: 0.4420, Test: 0.4040
Epoch: 28, Loss: 1.3432, Train: 0.6000, Val: 0.5000, Test: 0.4810
Epoch: 29, Loss: 1.3029, Train: 0.6929, Val: 0.5620, Test: 0.5540
Epoch: 30, Loss: 1.2529, Train: 0.7571, Val: 0.5660, Test: 0.5570
Epoch: 31, Loss: 1.2012, Train: 0.8429, Val: 0.6340, Test: 0.6400
Epoch: 32, Loss: 1.0804, Train: 0.8500, Val: 0.6540, Test: 0.6640
Epoch: 33, Loss: 1.0856, Train: 0.8286, Val: 0.6440, Test: 0.6460
Epoch: 34, Loss: 1.0325, Train: 0.8286, Val: 0.6240, Test: 0.6240
Epoch: 35, Loss: 0.9062, Train: 0.8429, Val: 0.6220, Test: 0.6100
Epoch: 36, Loss: 0.8127, Train: 0.8429, Val: 0.6280, Test: 0.6290
Epoch: 37, Loss: 0.7536, Train: 0.8929, Val: 0.6660, Test: 0.6620
Epoch: 38, Loss: 0.7427, Train: 0.9357, Val: 0.7040, Test: 0.7230
Epoch: 39, Loss: 0.6121, Train: 0.9643, Val: 0.7280, Test: 0.7530
Epoch: 40, Loss: 0.5952, Train: 0.9643, Val: 0.7560, Test: 0.7620
Epoch: 41, Loss: 0.4986, Train: 0.9643, Val: 0.7400, Test: 0.7420
Epoch: 42, Loss: 0.4608, Train: 0.9357, Val: 0.7400, Test: 0.7330
Epoch: 43, Loss: 0.4517, Train: 0.9429, Val: 0.7400, Test: 0.7480
Epoch: 44, Loss: 0.3986, Train: 0.9571, Val: 0.7460, Test: 0.7590
Epoch: 45, Loss: 0.3642, Train: 0.9571, Val: 0.7440, Test: 0.7630
Epoch: 46, Loss: 0.3029, Train: 0.9929, Val: 0.7580, Test: 0.7740
Epoch: 47, Loss: 0.3326, Train: 0.9857, Val: 0.7540, Test: 0.7630
Epoch: 48, Loss: 0.2731, Train: 0.9857, Val: 0.7460, Test: 0.7470
Epoch: 49, Loss: 0.2274, Train: 0.9929, Val: 0.7400, Test: 0.7410
Epoch: 50, Loss: 0.1872, Train: 0.9857, Val: 0.7380, Test: 0.7350
MAD:  0.863
Best Test Accuracy: 0.7740, Val Accuracy: 0.7580, Train Accuracy: 0.9929
Training completed.
Seed:  7
PMPGNN(
  (convs): ModuleList(
    (0): ParallelGNNBlock(
      (conv1): GATv2Conv(128, 128, heads=2)
      (conv2): GATv2Conv(128, 128, heads=2)
      (norm): LayerNorm((128,), eps=1e-05, elementwise_affine=True)
    )
    (1-8): 8 x ParallelGNNBlock(
      (conv1): GATv2Conv(512, 128, heads=2)
      (conv2): GATv2Conv(512, 128, heads=2)
      (norm): LayerNorm((128,), eps=1e-05, elementwise_affine=True)
    )
  )
  (norm): LayerNorm((512,), eps=1e-05, elementwise_affine=True)
  (mlp): Sequential(
    (0): Linear(in_features=512, out_features=64, bias=True)
    (1): LeakyReLU(negative_slope=0.01)
    (2): Dropout(p=0.3, inplace=False)
    (3): Linear(in_features=64, out_features=7, bias=True)
  )
  (proj): Linear(in_features=1433, out_features=128, bias=True)
)
Epoch: 1, Loss: 1.9918, Train: 0.1571, Val: 0.0780, Test: 0.0790
Epoch: 2, Loss: 1.9656, Train: 0.1857, Val: 0.1120, Test: 0.1230
Epoch: 3, Loss: 1.9817, Train: 0.2071, Val: 0.1400, Test: 0.1370
Epoch: 4, Loss: 1.9472, Train: 0.1357, Val: 0.1160, Test: 0.0940
Epoch: 5, Loss: 1.9735, Train: 0.1571, Val: 0.1180, Test: 0.1240
Epoch: 6, Loss: 1.9411, Train: 0.1429, Val: 0.1240, Test: 0.1300
Epoch: 7, Loss: 1.9428, Train: 0.1429, Val: 0.1220, Test: 0.1310
Epoch: 8, Loss: 1.9291, Train: 0.1429, Val: 0.1300, Test: 0.1340
Epoch: 9, Loss: 1.9440, Train: 0.1500, Val: 0.1260, Test: 0.1300
Epoch: 10, Loss: 1.9391, Train: 0.1500, Val: 0.1440, Test: 0.1390
Epoch: 11, Loss: 1.9236, Train: 0.2286, Val: 0.1920, Test: 0.1980
Epoch: 12, Loss: 1.8969, Train: 0.2857, Val: 0.2200, Test: 0.2290
Epoch: 13, Loss: 1.9359, Train: 0.3357, Val: 0.2480, Test: 0.2590
Epoch: 14, Loss: 1.9254, Train: 0.4286, Val: 0.2960, Test: 0.3060
Epoch: 15, Loss: 1.9171, Train: 0.5000, Val: 0.3040, Test: 0.3170
Epoch: 16, Loss: 1.8715, Train: 0.5643, Val: 0.3560, Test: 0.3550
Epoch: 17, Loss: 1.8477, Train: 0.6286, Val: 0.4360, Test: 0.4320
Epoch: 18, Loss: 1.8476, Train: 0.6429, Val: 0.4460, Test: 0.4730
Epoch: 19, Loss: 1.7786, Train: 0.5786, Val: 0.4700, Test: 0.4770
Epoch: 20, Loss: 1.7802, Train: 0.6357, Val: 0.4980, Test: 0.4950
Epoch: 21, Loss: 1.7118, Train: 0.6929, Val: 0.4920, Test: 0.4960
Epoch: 22, Loss: 1.6705, Train: 0.6429, Val: 0.4640, Test: 0.4570
Epoch: 23, Loss: 1.6102, Train: 0.6000, Val: 0.4540, Test: 0.4420
Epoch: 24, Loss: 1.5506, Train: 0.5929, Val: 0.4480, Test: 0.4310
Epoch: 25, Loss: 1.4835, Train: 0.6071, Val: 0.4320, Test: 0.4340
Epoch: 26, Loss: 1.3876, Train: 0.6143, Val: 0.4340, Test: 0.4480
Epoch: 27, Loss: 1.3484, Train: 0.6214, Val: 0.4360, Test: 0.4510
Epoch: 28, Loss: 1.3118, Train: 0.6357, Val: 0.4580, Test: 0.4630
Epoch: 29, Loss: 1.2297, Train: 0.6786, Val: 0.4880, Test: 0.4880
Epoch: 30, Loss: 1.1155, Train: 0.7143, Val: 0.5500, Test: 0.5430
Epoch: 31, Loss: 1.1334, Train: 0.8000, Val: 0.6060, Test: 0.5850
Epoch: 32, Loss: 1.0055, Train: 0.8143, Val: 0.6300, Test: 0.6010
Epoch: 33, Loss: 0.9955, Train: 0.8071, Val: 0.6160, Test: 0.5800
Epoch: 34, Loss: 0.9623, Train: 0.8286, Val: 0.6480, Test: 0.6220
Epoch: 35, Loss: 0.9185, Train: 0.7929, Val: 0.6280, Test: 0.6260
Epoch: 36, Loss: 0.9016, Train: 0.8429, Val: 0.6360, Test: 0.6170
Epoch: 37, Loss: 0.7980, Train: 0.8500, Val: 0.5960, Test: 0.5700
Epoch: 38, Loss: 0.7386, Train: 0.8143, Val: 0.5740, Test: 0.5450
Epoch: 39, Loss: 0.7869, Train: 0.9000, Val: 0.6180, Test: 0.5910
Epoch: 40, Loss: 0.6657, Train: 0.9429, Val: 0.6840, Test: 0.6810
Epoch: 41, Loss: 0.6800, Train: 0.8643, Val: 0.6560, Test: 0.6730
Epoch: 42, Loss: 0.6168, Train: 0.9357, Val: 0.6700, Test: 0.6840
Epoch: 43, Loss: 0.6121, Train: 0.9571, Val: 0.6760, Test: 0.6740
Epoch: 44, Loss: 0.5471, Train: 0.9500, Val: 0.6420, Test: 0.6390
Epoch: 45, Loss: 0.5195, Train: 0.9714, Val: 0.7080, Test: 0.7030
Epoch: 46, Loss: 0.4642, Train: 0.9357, Val: 0.7140, Test: 0.7200
Epoch: 47, Loss: 0.5013, Train: 0.9571, Val: 0.7200, Test: 0.7320
Epoch: 48, Loss: 0.4049, Train: 0.9571, Val: 0.7240, Test: 0.7250
Epoch: 49, Loss: 0.4170, Train: 0.9643, Val: 0.7140, Test: 0.7090
Epoch: 50, Loss: 0.4338, Train: 0.9714, Val: 0.7300, Test: 0.7350
MAD:  0.9444
Best Test Accuracy: 0.7350, Val Accuracy: 0.7300, Train Accuracy: 0.9714
Training completed.
Seed:  8
PMPGNN(
  (convs): ModuleList(
    (0): ParallelGNNBlock(
      (conv1): GATv2Conv(128, 128, heads=2)
      (conv2): GATv2Conv(128, 128, heads=2)
      (norm): LayerNorm((128,), eps=1e-05, elementwise_affine=True)
    )
    (1-8): 8 x ParallelGNNBlock(
      (conv1): GATv2Conv(512, 128, heads=2)
      (conv2): GATv2Conv(512, 128, heads=2)
      (norm): LayerNorm((128,), eps=1e-05, elementwise_affine=True)
    )
  )
  (norm): LayerNorm((512,), eps=1e-05, elementwise_affine=True)
  (mlp): Sequential(
    (0): Linear(in_features=512, out_features=64, bias=True)
    (1): LeakyReLU(negative_slope=0.01)
    (2): Dropout(p=0.3, inplace=False)
    (3): Linear(in_features=64, out_features=7, bias=True)
  )
  (proj): Linear(in_features=1433, out_features=128, bias=True)
)
Epoch: 1, Loss: 1.9723, Train: 0.2714, Val: 0.1580, Test: 0.1450
Epoch: 2, Loss: 1.9715, Train: 0.2500, Val: 0.1200, Test: 0.1210
Epoch: 3, Loss: 1.9896, Train: 0.3000, Val: 0.1400, Test: 0.1470
Epoch: 4, Loss: 1.9344, Train: 0.2286, Val: 0.1660, Test: 0.1530
Epoch: 5, Loss: 1.9347, Train: 0.2071, Val: 0.1580, Test: 0.1600
Epoch: 6, Loss: 1.9277, Train: 0.2857, Val: 0.2060, Test: 0.1970
Epoch: 7, Loss: 1.9510, Train: 0.4214, Val: 0.2760, Test: 0.2680
Epoch: 8, Loss: 1.9348, Train: 0.4214, Val: 0.2740, Test: 0.2750
Epoch: 9, Loss: 1.9240, Train: 0.4429, Val: 0.2940, Test: 0.3030
Epoch: 10, Loss: 1.9407, Train: 0.5071, Val: 0.3520, Test: 0.3550
Epoch: 11, Loss: 1.9027, Train: 0.6000, Val: 0.3960, Test: 0.3780
Epoch: 12, Loss: 1.8994, Train: 0.6643, Val: 0.4180, Test: 0.4110
Epoch: 13, Loss: 1.8830, Train: 0.6714, Val: 0.4220, Test: 0.4300
Epoch: 14, Loss: 1.8945, Train: 0.6429, Val: 0.4340, Test: 0.4430
Epoch: 15, Loss: 1.8608, Train: 0.6714, Val: 0.4940, Test: 0.4920
Epoch: 16, Loss: 1.8149, Train: 0.7786, Val: 0.5640, Test: 0.5700
Epoch: 17, Loss: 1.8232, Train: 0.8143, Val: 0.5800, Test: 0.5810
Epoch: 18, Loss: 1.7895, Train: 0.8143, Val: 0.5480, Test: 0.5640
Epoch: 19, Loss: 1.7141, Train: 0.8071, Val: 0.5300, Test: 0.5460
Epoch: 20, Loss: 1.6611, Train: 0.7857, Val: 0.5040, Test: 0.5380
Epoch: 21, Loss: 1.5995, Train: 0.7714, Val: 0.4960, Test: 0.5320
Epoch: 22, Loss: 1.5232, Train: 0.7214, Val: 0.4840, Test: 0.5180
Epoch: 23, Loss: 1.4368, Train: 0.7286, Val: 0.4820, Test: 0.5160
Epoch: 24, Loss: 1.3550, Train: 0.7429, Val: 0.4780, Test: 0.5120
Epoch: 25, Loss: 1.2721, Train: 0.7643, Val: 0.4820, Test: 0.5120
Epoch: 26, Loss: 1.2231, Train: 0.8000, Val: 0.4880, Test: 0.5170
Epoch: 27, Loss: 1.0994, Train: 0.7929, Val: 0.5020, Test: 0.5250
Epoch: 28, Loss: 1.0853, Train: 0.8000, Val: 0.5120, Test: 0.5230
Epoch: 29, Loss: 0.9996, Train: 0.8143, Val: 0.5260, Test: 0.5340
Epoch: 30, Loss: 0.8913, Train: 0.8214, Val: 0.5460, Test: 0.5440
Epoch: 31, Loss: 0.7829, Train: 0.8286, Val: 0.5520, Test: 0.5520
Epoch: 32, Loss: 0.7350, Train: 0.8286, Val: 0.5640, Test: 0.5540
Epoch: 33, Loss: 0.6881, Train: 0.8214, Val: 0.5660, Test: 0.5520
Epoch: 34, Loss: 0.6254, Train: 0.8429, Val: 0.5820, Test: 0.5660
Epoch: 35, Loss: 0.5381, Train: 0.8571, Val: 0.5840, Test: 0.5770
Epoch: 36, Loss: 0.5345, Train: 0.8429, Val: 0.5880, Test: 0.5860
Epoch: 37, Loss: 0.4980, Train: 0.9357, Val: 0.6560, Test: 0.6610
Epoch: 38, Loss: 0.4359, Train: 0.9286, Val: 0.7100, Test: 0.7000
Epoch: 39, Loss: 0.4265, Train: 0.9286, Val: 0.6840, Test: 0.6760
Epoch: 40, Loss: 0.3748, Train: 0.9214, Val: 0.6280, Test: 0.6120
Epoch: 41, Loss: 0.3463, Train: 0.9000, Val: 0.5960, Test: 0.6010
Epoch: 42, Loss: 0.3729, Train: 0.9286, Val: 0.6300, Test: 0.6150
Epoch: 43, Loss: 0.3137, Train: 0.9357, Val: 0.6700, Test: 0.6530
Epoch: 44, Loss: 0.2780, Train: 0.9286, Val: 0.6440, Test: 0.6370
Epoch: 45, Loss: 0.3123, Train: 0.9357, Val: 0.6540, Test: 0.6470
Epoch: 46, Loss: 0.2741, Train: 0.9714, Val: 0.6960, Test: 0.6790
Epoch: 47, Loss: 0.2769, Train: 0.9786, Val: 0.7180, Test: 0.7050
Epoch: 48, Loss: 0.2275, Train: 0.9786, Val: 0.7280, Test: 0.7190
Epoch: 49, Loss: 0.2141, Train: 0.9857, Val: 0.7280, Test: 0.7220
Epoch: 50, Loss: 0.1926, Train: 0.9857, Val: 0.7260, Test: 0.7210
MAD:  0.9106
Best Test Accuracy: 0.7220, Val Accuracy: 0.7280, Train Accuracy: 0.9857
Training completed.
Seed:  9
PMPGNN(
  (convs): ModuleList(
    (0): ParallelGNNBlock(
      (conv1): GATv2Conv(128, 128, heads=2)
      (conv2): GATv2Conv(128, 128, heads=2)
      (norm): LayerNorm((128,), eps=1e-05, elementwise_affine=True)
    )
    (1-8): 8 x ParallelGNNBlock(
      (conv1): GATv2Conv(512, 128, heads=2)
      (conv2): GATv2Conv(512, 128, heads=2)
      (norm): LayerNorm((128,), eps=1e-05, elementwise_affine=True)
    )
  )
  (norm): LayerNorm((512,), eps=1e-05, elementwise_affine=True)
  (mlp): Sequential(
    (0): Linear(in_features=512, out_features=64, bias=True)
    (1): LeakyReLU(negative_slope=0.01)
    (2): Dropout(p=0.3, inplace=False)
    (3): Linear(in_features=64, out_features=7, bias=True)
  )
  (proj): Linear(in_features=1433, out_features=128, bias=True)
)
Epoch: 1, Loss: 1.9936, Train: 0.1857, Val: 0.0980, Test: 0.1270
Epoch: 2, Loss: 1.9840, Train: 0.1786, Val: 0.0840, Test: 0.0810
Epoch: 3, Loss: 2.0133, Train: 0.2071, Val: 0.1640, Test: 0.1540
Epoch: 4, Loss: 1.9352, Train: 0.2000, Val: 0.1880, Test: 0.1750
Epoch: 5, Loss: 1.9403, Train: 0.2000, Val: 0.2020, Test: 0.1830
Epoch: 6, Loss: 1.9296, Train: 0.1714, Val: 0.1820, Test: 0.1660
Epoch: 7, Loss: 1.9608, Train: 0.2143, Val: 0.2040, Test: 0.1860
Epoch: 8, Loss: 1.9453, Train: 0.3071, Val: 0.3200, Test: 0.3190
Epoch: 9, Loss: 1.8970, Train: 0.3929, Val: 0.4380, Test: 0.4360
Epoch: 10, Loss: 1.9166, Train: 0.3929, Val: 0.4580, Test: 0.4650
Epoch: 11, Loss: 1.8730, Train: 0.3857, Val: 0.4780, Test: 0.4880
Epoch: 12, Loss: 1.9334, Train: 0.4286, Val: 0.5120, Test: 0.5120
Epoch: 13, Loss: 1.9052, Train: 0.5571, Val: 0.5600, Test: 0.5730
Epoch: 14, Loss: 1.8578, Train: 0.4643, Val: 0.4660, Test: 0.4280
Epoch: 15, Loss: 1.8617, Train: 0.3643, Val: 0.3520, Test: 0.3220
Epoch: 16, Loss: 1.8375, Train: 0.3571, Val: 0.3340, Test: 0.3110
Epoch: 17, Loss: 1.7775, Train: 0.3571, Val: 0.3440, Test: 0.3200
Epoch: 18, Loss: 1.7399, Train: 0.4214, Val: 0.3740, Test: 0.3510
Epoch: 19, Loss: 1.6766, Train: 0.4214, Val: 0.3820, Test: 0.3630
Epoch: 20, Loss: 1.6330, Train: 0.4286, Val: 0.3940, Test: 0.3770
Epoch: 21, Loss: 1.5855, Train: 0.4286, Val: 0.4180, Test: 0.4050
Epoch: 22, Loss: 1.5357, Train: 0.4786, Val: 0.4380, Test: 0.4170
Epoch: 23, Loss: 1.4668, Train: 0.4571, Val: 0.3840, Test: 0.3700
Epoch: 24, Loss: 1.4571, Train: 0.3929, Val: 0.3520, Test: 0.3270
Epoch: 25, Loss: 1.3897, Train: 0.5071, Val: 0.3840, Test: 0.3970
Epoch: 26, Loss: 1.3241, Train: 0.6071, Val: 0.4420, Test: 0.4680
Epoch: 27, Loss: 1.3064, Train: 0.6786, Val: 0.5100, Test: 0.5080
Epoch: 28, Loss: 1.2605, Train: 0.6929, Val: 0.5460, Test: 0.5340
Epoch: 29, Loss: 1.2145, Train: 0.7500, Val: 0.5800, Test: 0.5970
Epoch: 30, Loss: 1.1258, Train: 0.7857, Val: 0.5980, Test: 0.6340
Epoch: 31, Loss: 1.1186, Train: 0.7929, Val: 0.6240, Test: 0.6610
Epoch: 32, Loss: 1.0415, Train: 0.8571, Val: 0.6680, Test: 0.6950
Epoch: 33, Loss: 1.0297, Train: 0.9214, Val: 0.6800, Test: 0.7030
Epoch: 34, Loss: 0.9585, Train: 0.9000, Val: 0.6580, Test: 0.6770
Epoch: 35, Loss: 0.8599, Train: 0.9143, Val: 0.6560, Test: 0.6750
Epoch: 36, Loss: 0.8563, Train: 0.9357, Val: 0.6760, Test: 0.6810
Epoch: 37, Loss: 0.8265, Train: 0.9357, Val: 0.6900, Test: 0.6930
Epoch: 38, Loss: 0.7464, Train: 0.9357, Val: 0.6980, Test: 0.6980
Epoch: 39, Loss: 0.6644, Train: 0.9214, Val: 0.7000, Test: 0.7090
Epoch: 40, Loss: 0.6724, Train: 0.9429, Val: 0.7320, Test: 0.7260
Epoch: 41, Loss: 0.5822, Train: 0.9429, Val: 0.7380, Test: 0.7330
Epoch: 42, Loss: 0.4974, Train: 0.9286, Val: 0.7480, Test: 0.7510
Epoch: 43, Loss: 0.5213, Train: 0.9571, Val: 0.7540, Test: 0.7610
Epoch: 44, Loss: 0.4313, Train: 0.9857, Val: 0.7580, Test: 0.7710
Epoch: 45, Loss: 0.4007, Train: 0.9929, Val: 0.7520, Test: 0.7700
Epoch: 46, Loss: 0.4221, Train: 0.9929, Val: 0.7680, Test: 0.7780
Epoch: 47, Loss: 0.3280, Train: 0.9929, Val: 0.7860, Test: 0.7890
Epoch: 48, Loss: 0.2835, Train: 0.9929, Val: 0.7800, Test: 0.7940
Epoch: 49, Loss: 0.2406, Train: 0.9857, Val: 0.7860, Test: 0.7980
Epoch: 50, Loss: 0.2445, Train: 0.9929, Val: 0.7800, Test: 0.7940
MAD:  0.9164
Best Test Accuracy: 0.7980, Val Accuracy: 0.7860, Train Accuracy: 0.9857
Training completed.
Average Test Accuracy:  0.7689999999999999 ± 0.02554603687463089
Average MAD:  0.8989699999999999 ± 0.037384784338016445
