Seed:  0
PMPGNN(
  (convs): ModuleList(
    (0): ParallelGNNBlock(
      (conv1): GATv2Conv(128, 128, heads=8)
      (conv2): GATv2Conv(128, 128, heads=8)
      (norm): LayerNorm((128,), eps=1e-05, elementwise_affine=True)
    )
    (1-5): 5 x ParallelGNNBlock(
      (conv1): GATv2Conv(2048, 128, heads=8)
      (conv2): GATv2Conv(2048, 128, heads=8)
      (norm): LayerNorm((128,), eps=1e-05, elementwise_affine=True)
    )
    (6): GATv2Conv(2048, 256, heads=8)
  )
  (norm): LayerNorm((2048,), eps=1e-05, elementwise_affine=True)
  (mlp): Sequential(
    (0): Linear(in_features=2048, out_features=64, bias=True)
    (1): LeakyReLU(negative_slope=0.01)
    (2): Dropout(p=0.3, inplace=False)
    (3): Linear(in_features=64, out_features=7, bias=True)
  )
  (proj): Linear(in_features=1433, out_features=128, bias=True)
)
Epoch: 1, Loss: 2.0281, Train: 0.1429, Val: 0.3160, Test: 0.3190
Epoch: 2, Loss: 1.9093, Train: 0.2643, Val: 0.1780, Test: 0.1800
Epoch: 3, Loss: 1.9375, Train: 0.2357, Val: 0.1760, Test: 0.1940
Epoch: 4, Loss: 1.9695, Train: 0.2786, Val: 0.4360, Test: 0.4120
Epoch: 5, Loss: 1.9364, Train: 0.2000, Val: 0.3380, Test: 0.3530
Epoch: 6, Loss: 1.9538, Train: 0.1429, Val: 0.1220, Test: 0.1300
Epoch: 7, Loss: 1.9377, Train: 0.1429, Val: 0.1620, Test: 0.1490
Epoch: 8, Loss: 1.9344, Train: 0.2786, Val: 0.2860, Test: 0.2590
Epoch: 9, Loss: 1.9389, Train: 0.2643, Val: 0.2020, Test: 0.1940
Epoch: 10, Loss: 1.9237, Train: 0.2571, Val: 0.2060, Test: 0.1840
Epoch: 11, Loss: 1.9290, Train: 0.2357, Val: 0.1700, Test: 0.1520
Epoch: 12, Loss: 1.9218, Train: 0.4071, Val: 0.3240, Test: 0.3200
Epoch: 13, Loss: 1.8822, Train: 0.4714, Val: 0.3940, Test: 0.3800
Epoch: 14, Loss: 1.8416, Train: 0.3643, Val: 0.3140, Test: 0.3130
Epoch: 15, Loss: 1.8013, Train: 0.2929, Val: 0.2440, Test: 0.2380
Epoch: 16, Loss: 1.6505, Train: 0.2786, Val: 0.2480, Test: 0.2370
Epoch: 17, Loss: 1.5683, Train: 0.3571, Val: 0.2820, Test: 0.2780
Epoch: 18, Loss: 1.5480, Train: 0.3429, Val: 0.2760, Test: 0.2460
Epoch: 19, Loss: 1.5123, Train: 0.6143, Val: 0.4360, Test: 0.4340
Epoch: 20, Loss: 1.2974, Train: 0.5071, Val: 0.3560, Test: 0.3440
Epoch: 21, Loss: 1.3536, Train: 0.5143, Val: 0.3780, Test: 0.3690
Epoch: 22, Loss: 1.3523, Train: 0.6429, Val: 0.4340, Test: 0.4390
Epoch: 23, Loss: 1.1231, Train: 0.7286, Val: 0.6100, Test: 0.6400
Epoch: 24, Loss: 0.9237, Train: 0.5286, Val: 0.4920, Test: 0.5040
Epoch: 25, Loss: 1.1004, Train: 0.7643, Val: 0.6160, Test: 0.6470
Epoch: 26, Loss: 0.8996, Train: 0.7857, Val: 0.5240, Test: 0.5470
Epoch: 27, Loss: 0.7950, Train: 0.7500, Val: 0.4980, Test: 0.4980
Epoch: 28, Loss: 0.8056, Train: 0.7929, Val: 0.5280, Test: 0.5640
Epoch: 29, Loss: 0.7297, Train: 0.9000, Val: 0.6720, Test: 0.6930
Epoch: 30, Loss: 0.6313, Train: 0.8571, Val: 0.6540, Test: 0.6660
Epoch: 31, Loss: 0.5776, Train: 0.9643, Val: 0.7160, Test: 0.7460
Epoch: 32, Loss: 0.4659, Train: 0.9500, Val: 0.7100, Test: 0.7500
Epoch: 33, Loss: 0.4584, Train: 0.9786, Val: 0.7320, Test: 0.7740
Epoch: 34, Loss: 0.2913, Train: 0.9571, Val: 0.7400, Test: 0.7800
Epoch: 35, Loss: 0.3421, Train: 0.9571, Val: 0.7300, Test: 0.7730
Epoch: 36, Loss: 0.3067, Train: 0.9929, Val: 0.7600, Test: 0.7990
Epoch: 37, Loss: 0.2108, Train: 0.9857, Val: 0.7340, Test: 0.7600
Epoch: 38, Loss: 0.1710, Train: 0.9929, Val: 0.7300, Test: 0.7480
Epoch: 39, Loss: 0.1302, Train: 0.9929, Val: 0.7240, Test: 0.7510
Epoch: 40, Loss: 0.1456, Train: 0.9786, Val: 0.7420, Test: 0.7540
Epoch: 41, Loss: 0.1018, Train: 0.9857, Val: 0.7420, Test: 0.7740
Epoch: 42, Loss: 0.1158, Train: 1.0000, Val: 0.7420, Test: 0.7720
Epoch: 43, Loss: 0.0883, Train: 0.9929, Val: 0.7280, Test: 0.7460
Epoch: 44, Loss: 0.0655, Train: 0.9857, Val: 0.7120, Test: 0.7410
Epoch: 45, Loss: 0.0731, Train: 1.0000, Val: 0.7200, Test: 0.7510
Epoch: 46, Loss: 0.0406, Train: 1.0000, Val: 0.7160, Test: 0.7630
Epoch: 47, Loss: 0.0375, Train: 1.0000, Val: 0.7100, Test: 0.7600
Epoch: 48, Loss: 0.0309, Train: 0.9929, Val: 0.7080, Test: 0.7640
Epoch: 49, Loss: 0.0303, Train: 1.0000, Val: 0.7160, Test: 0.7670
Epoch: 50, Loss: 0.0307, Train: 1.0000, Val: 0.7160, Test: 0.7690
MAD:  0.4665
Best Test Accuracy: 0.7990, Val Accuracy: 0.7600, Train Accuracy: 0.9929
Training completed.
Seed:  1
PMPGNN(
  (convs): ModuleList(
    (0): ParallelGNNBlock(
      (conv1): GATv2Conv(128, 128, heads=8)
      (conv2): GATv2Conv(128, 128, heads=8)
      (norm): LayerNorm((128,), eps=1e-05, elementwise_affine=True)
    )
    (1-5): 5 x ParallelGNNBlock(
      (conv1): GATv2Conv(2048, 128, heads=8)
      (conv2): GATv2Conv(2048, 128, heads=8)
      (norm): LayerNorm((128,), eps=1e-05, elementwise_affine=True)
    )
    (6): GATv2Conv(2048, 256, heads=8)
  )
  (norm): LayerNorm((2048,), eps=1e-05, elementwise_affine=True)
  (mlp): Sequential(
    (0): Linear(in_features=2048, out_features=64, bias=True)
    (1): LeakyReLU(negative_slope=0.01)
    (2): Dropout(p=0.3, inplace=False)
    (3): Linear(in_features=64, out_features=7, bias=True)
  )
  (proj): Linear(in_features=1433, out_features=128, bias=True)
)
Epoch: 1, Loss: 1.9722, Train: 0.1429, Val: 0.3200, Test: 0.3200
Epoch: 2, Loss: 1.9735, Train: 0.1429, Val: 0.0580, Test: 0.0640
Epoch: 3, Loss: 1.9479, Train: 0.2857, Val: 0.1980, Test: 0.1860
Epoch: 4, Loss: 1.9374, Train: 0.2429, Val: 0.1620, Test: 0.1590
Epoch: 5, Loss: 1.9419, Train: 0.2357, Val: 0.1800, Test: 0.1740
Epoch: 6, Loss: 1.9152, Train: 0.1429, Val: 0.1220, Test: 0.1300
Epoch: 7, Loss: 1.9436, Train: 0.2571, Val: 0.1860, Test: 0.2040
Epoch: 8, Loss: 1.9394, Train: 0.3286, Val: 0.2200, Test: 0.2320
Epoch: 9, Loss: 1.9407, Train: 0.2857, Val: 0.1640, Test: 0.1540
Epoch: 10, Loss: 1.9114, Train: 0.3929, Val: 0.2600, Test: 0.2460
Epoch: 11, Loss: 1.9283, Train: 0.3143, Val: 0.1520, Test: 0.1840
Epoch: 12, Loss: 1.9135, Train: 0.4714, Val: 0.4300, Test: 0.4020
Epoch: 13, Loss: 1.8265, Train: 0.4714, Val: 0.3220, Test: 0.3200
Epoch: 14, Loss: 1.7596, Train: 0.4429, Val: 0.3140, Test: 0.3040
Epoch: 15, Loss: 1.6205, Train: 0.3643, Val: 0.2520, Test: 0.2490
Epoch: 16, Loss: 1.5282, Train: 0.3071, Val: 0.2500, Test: 0.2370
Epoch: 17, Loss: 1.5104, Train: 0.3143, Val: 0.2480, Test: 0.2510
Epoch: 18, Loss: 1.4277, Train: 0.5571, Val: 0.4020, Test: 0.3890
Epoch: 19, Loss: 1.1904, Train: 0.7571, Val: 0.5440, Test: 0.5350
Epoch: 20, Loss: 1.1211, Train: 0.7429, Val: 0.6080, Test: 0.6060
Epoch: 21, Loss: 1.0850, Train: 0.6857, Val: 0.5260, Test: 0.5140
Epoch: 22, Loss: 0.9562, Train: 0.7000, Val: 0.5380, Test: 0.5000
Epoch: 23, Loss: 0.8460, Train: 0.7357, Val: 0.5520, Test: 0.5310
Epoch: 24, Loss: 0.7601, Train: 0.8214, Val: 0.5880, Test: 0.5960
Epoch: 25, Loss: 0.6648, Train: 0.8571, Val: 0.6340, Test: 0.6530
Epoch: 26, Loss: 0.7305, Train: 0.8786, Val: 0.6340, Test: 0.6340
Epoch: 27, Loss: 0.5389, Train: 0.8000, Val: 0.5960, Test: 0.5640
Epoch: 28, Loss: 0.5880, Train: 0.8571, Val: 0.6280, Test: 0.6110
Epoch: 29, Loss: 0.5118, Train: 0.9357, Val: 0.6680, Test: 0.6760
Epoch: 30, Loss: 0.3966, Train: 0.9286, Val: 0.6600, Test: 0.6830
Epoch: 31, Loss: 0.3921, Train: 0.9571, Val: 0.6380, Test: 0.6640
Epoch: 32, Loss: 0.3652, Train: 0.9500, Val: 0.6560, Test: 0.6610
Epoch: 33, Loss: 0.3508, Train: 0.9643, Val: 0.6660, Test: 0.6780
Epoch: 34, Loss: 0.2415, Train: 0.9643, Val: 0.6940, Test: 0.7020
Epoch: 35, Loss: 0.2862, Train: 0.9786, Val: 0.7040, Test: 0.7160
Epoch: 36, Loss: 0.2313, Train: 0.9857, Val: 0.7300, Test: 0.7390
Epoch: 37, Loss: 0.1702, Train: 0.9929, Val: 0.7240, Test: 0.7420
Epoch: 38, Loss: 0.1183, Train: 0.9929, Val: 0.7380, Test: 0.7470
Epoch: 39, Loss: 0.1002, Train: 0.9929, Val: 0.7380, Test: 0.7590
Epoch: 40, Loss: 0.1165, Train: 1.0000, Val: 0.7580, Test: 0.7510
Epoch: 41, Loss: 0.0837, Train: 0.9857, Val: 0.7340, Test: 0.7270
Epoch: 42, Loss: 0.0729, Train: 0.9714, Val: 0.6880, Test: 0.7080
Epoch: 43, Loss: 0.1236, Train: 0.9929, Val: 0.7580, Test: 0.7500
Epoch: 44, Loss: 0.0597, Train: 0.9857, Val: 0.7480, Test: 0.7650
Epoch: 45, Loss: 0.1067, Train: 0.9929, Val: 0.7700, Test: 0.7580
Epoch: 46, Loss: 0.0525, Train: 1.0000, Val: 0.7320, Test: 0.7410
Epoch: 47, Loss: 0.0305, Train: 1.0000, Val: 0.7020, Test: 0.7240
Epoch: 48, Loss: 0.0376, Train: 0.9929, Val: 0.7260, Test: 0.7270
Epoch: 49, Loss: 0.0197, Train: 0.9929, Val: 0.7100, Test: 0.7140
Epoch: 50, Loss: 0.0466, Train: 0.9929, Val: 0.6960, Test: 0.7210
MAD:  0.5056
Best Test Accuracy: 0.7650, Val Accuracy: 0.7480, Train Accuracy: 0.9857
Training completed.
Seed:  2
PMPGNN(
  (convs): ModuleList(
    (0): ParallelGNNBlock(
      (conv1): GATv2Conv(128, 128, heads=8)
      (conv2): GATv2Conv(128, 128, heads=8)
      (norm): LayerNorm((128,), eps=1e-05, elementwise_affine=True)
    )
    (1-5): 5 x ParallelGNNBlock(
      (conv1): GATv2Conv(2048, 128, heads=8)
      (conv2): GATv2Conv(2048, 128, heads=8)
      (norm): LayerNorm((128,), eps=1e-05, elementwise_affine=True)
    )
    (6): GATv2Conv(2048, 256, heads=8)
  )
  (norm): LayerNorm((2048,), eps=1e-05, elementwise_affine=True)
  (mlp): Sequential(
    (0): Linear(in_features=2048, out_features=64, bias=True)
    (1): LeakyReLU(negative_slope=0.01)
    (2): Dropout(p=0.3, inplace=False)
    (3): Linear(in_features=64, out_features=7, bias=True)
  )
  (proj): Linear(in_features=1433, out_features=128, bias=True)
)
Epoch: 1, Loss: 1.9766, Train: 0.1429, Val: 0.1620, Test: 0.1490
Epoch: 2, Loss: 1.9767, Train: 0.1429, Val: 0.1220, Test: 0.1300
Epoch: 3, Loss: 1.9546, Train: 0.1429, Val: 0.1220, Test: 0.1300
Epoch: 4, Loss: 1.9589, Train: 0.1429, Val: 0.1620, Test: 0.1490
Epoch: 5, Loss: 1.9653, Train: 0.3214, Val: 0.3200, Test: 0.3190
Epoch: 6, Loss: 1.9175, Train: 0.1429, Val: 0.3160, Test: 0.3190
Epoch: 7, Loss: 1.9446, Train: 0.1429, Val: 0.3160, Test: 0.3190
Epoch: 8, Loss: 1.9665, Train: 0.1429, Val: 0.3160, Test: 0.3190
Epoch: 9, Loss: 1.9395, Train: 0.3571, Val: 0.4160, Test: 0.4390
Epoch: 10, Loss: 1.9525, Train: 0.2143, Val: 0.1000, Test: 0.1220
Epoch: 11, Loss: 1.9213, Train: 0.3857, Val: 0.2480, Test: 0.2670
Epoch: 12, Loss: 1.9267, Train: 0.3500, Val: 0.2200, Test: 0.2370
Epoch: 13, Loss: 1.9326, Train: 0.4143, Val: 0.3200, Test: 0.3020
Epoch: 14, Loss: 1.8850, Train: 0.4286, Val: 0.2920, Test: 0.3000
Epoch: 15, Loss: 1.8600, Train: 0.5429, Val: 0.2940, Test: 0.3240
Epoch: 16, Loss: 1.7796, Train: 0.6429, Val: 0.4360, Test: 0.4260
Epoch: 17, Loss: 1.7032, Train: 0.5357, Val: 0.4760, Test: 0.4570
Epoch: 18, Loss: 1.5637, Train: 0.5286, Val: 0.4360, Test: 0.4180
Epoch: 19, Loss: 1.4830, Train: 0.5500, Val: 0.5380, Test: 0.5020
Epoch: 20, Loss: 1.3997, Train: 0.7214, Val: 0.5740, Test: 0.5600
Epoch: 21, Loss: 1.2378, Train: 0.7786, Val: 0.6200, Test: 0.6050
Epoch: 22, Loss: 1.1798, Train: 0.6929, Val: 0.6080, Test: 0.5910
Epoch: 23, Loss: 1.0513, Train: 0.8286, Val: 0.6600, Test: 0.6680
Epoch: 24, Loss: 0.8193, Train: 0.8429, Val: 0.6540, Test: 0.6410
Epoch: 25, Loss: 0.8660, Train: 0.9286, Val: 0.7540, Test: 0.7490
Epoch: 26, Loss: 0.6328, Train: 0.9143, Val: 0.7180, Test: 0.7290
Epoch: 27, Loss: 0.5460, Train: 0.9143, Val: 0.6720, Test: 0.6610
Epoch: 28, Loss: 0.4789, Train: 0.9286, Val: 0.7040, Test: 0.7020
Epoch: 29, Loss: 0.3945, Train: 0.9571, Val: 0.7640, Test: 0.7740
Epoch: 30, Loss: 0.3092, Train: 0.9357, Val: 0.7600, Test: 0.7760
Epoch: 31, Loss: 0.2872, Train: 0.9786, Val: 0.7660, Test: 0.7810
Epoch: 32, Loss: 0.2149, Train: 0.9571, Val: 0.7300, Test: 0.7260
Epoch: 33, Loss: 0.2244, Train: 0.9857, Val: 0.7500, Test: 0.7490
Epoch: 34, Loss: 0.1781, Train: 0.9857, Val: 0.7560, Test: 0.7630
Epoch: 35, Loss: 0.1210, Train: 1.0000, Val: 0.7480, Test: 0.7620
Epoch: 36, Loss: 0.1016, Train: 1.0000, Val: 0.7580, Test: 0.7630
Epoch: 37, Loss: 0.0819, Train: 0.9929, Val: 0.7640, Test: 0.7720
Epoch: 38, Loss: 0.0728, Train: 0.9929, Val: 0.7700, Test: 0.7750
Epoch: 39, Loss: 0.0764, Train: 1.0000, Val: 0.7480, Test: 0.7690
Epoch: 40, Loss: 0.0499, Train: 1.0000, Val: 0.7360, Test: 0.7430
Epoch: 41, Loss: 0.0481, Train: 1.0000, Val: 0.7520, Test: 0.7490
Epoch: 42, Loss: 0.0345, Train: 0.9929, Val: 0.7440, Test: 0.7580
Epoch: 43, Loss: 0.0287, Train: 1.0000, Val: 0.7500, Test: 0.7700
Epoch: 44, Loss: 0.0211, Train: 1.0000, Val: 0.7580, Test: 0.7750
Epoch: 45, Loss: 0.0133, Train: 1.0000, Val: 0.7600, Test: 0.7760
Epoch: 46, Loss: 0.0107, Train: 1.0000, Val: 0.7500, Test: 0.7690
Epoch: 47, Loss: 0.0076, Train: 1.0000, Val: 0.7460, Test: 0.7650
Epoch: 48, Loss: 0.0111, Train: 1.0000, Val: 0.7500, Test: 0.7690
Epoch: 49, Loss: 0.0072, Train: 1.0000, Val: 0.7520, Test: 0.7620
Epoch: 50, Loss: 0.0110, Train: 1.0000, Val: 0.7660, Test: 0.7600
MAD:  0.5197
Best Test Accuracy: 0.7810, Val Accuracy: 0.7660, Train Accuracy: 0.9786
Training completed.
Seed:  3
PMPGNN(
  (convs): ModuleList(
    (0): ParallelGNNBlock(
      (conv1): GATv2Conv(128, 128, heads=8)
      (conv2): GATv2Conv(128, 128, heads=8)
      (norm): LayerNorm((128,), eps=1e-05, elementwise_affine=True)
    )
    (1-5): 5 x ParallelGNNBlock(
      (conv1): GATv2Conv(2048, 128, heads=8)
      (conv2): GATv2Conv(2048, 128, heads=8)
      (norm): LayerNorm((128,), eps=1e-05, elementwise_affine=True)
    )
    (6): GATv2Conv(2048, 256, heads=8)
  )
  (norm): LayerNorm((2048,), eps=1e-05, elementwise_affine=True)
  (mlp): Sequential(
    (0): Linear(in_features=2048, out_features=64, bias=True)
    (1): LeakyReLU(negative_slope=0.01)
    (2): Dropout(p=0.3, inplace=False)
    (3): Linear(in_features=64, out_features=7, bias=True)
  )
  (proj): Linear(in_features=1433, out_features=128, bias=True)
)
Epoch: 1, Loss: 1.9735, Train: 0.1429, Val: 0.3160, Test: 0.3190
Epoch: 2, Loss: 1.9439, Train: 0.1429, Val: 0.1620, Test: 0.1490
Epoch: 3, Loss: 1.9542, Train: 0.1429, Val: 0.3160, Test: 0.3190
Epoch: 4, Loss: 1.9406, Train: 0.1429, Val: 0.1560, Test: 0.1440
Epoch: 5, Loss: 1.9463, Train: 0.1429, Val: 0.1560, Test: 0.1440
Epoch: 6, Loss: 1.9549, Train: 0.1429, Val: 0.1620, Test: 0.1490
Epoch: 7, Loss: 1.9262, Train: 0.1429, Val: 0.1620, Test: 0.1490
Epoch: 8, Loss: 1.9942, Train: 0.1714, Val: 0.1740, Test: 0.1570
Epoch: 9, Loss: 1.9197, Train: 0.1429, Val: 0.1560, Test: 0.1440
Epoch: 10, Loss: 1.9547, Train: 0.1429, Val: 0.1140, Test: 0.1030
Epoch: 11, Loss: 1.9261, Train: 0.2929, Val: 0.1320, Test: 0.1480
Epoch: 12, Loss: 1.9171, Train: 0.2429, Val: 0.0980, Test: 0.1190
Epoch: 13, Loss: 1.9176, Train: 0.3143, Val: 0.1760, Test: 0.1770
Epoch: 14, Loss: 1.9012, Train: 0.3286, Val: 0.3060, Test: 0.2830
Epoch: 15, Loss: 1.8790, Train: 0.3071, Val: 0.3240, Test: 0.2880
Epoch: 16, Loss: 1.8367, Train: 0.2786, Val: 0.2800, Test: 0.2640
Epoch: 17, Loss: 1.7524, Train: 0.3071, Val: 0.2760, Test: 0.2760
Epoch: 18, Loss: 1.6482, Train: 0.3357, Val: 0.2900, Test: 0.2790
Epoch: 19, Loss: 1.5511, Train: 0.3214, Val: 0.2680, Test: 0.2770
Epoch: 20, Loss: 1.5147, Train: 0.3929, Val: 0.3100, Test: 0.2980
Epoch: 21, Loss: 1.4665, Train: 0.4500, Val: 0.3720, Test: 0.3450
Epoch: 22, Loss: 1.3979, Train: 0.4714, Val: 0.3720, Test: 0.3510
Epoch: 23, Loss: 1.2662, Train: 0.5000, Val: 0.3840, Test: 0.3610
Epoch: 24, Loss: 1.2522, Train: 0.5643, Val: 0.3840, Test: 0.3880
Epoch: 25, Loss: 1.2066, Train: 0.5786, Val: 0.3920, Test: 0.4050
Epoch: 26, Loss: 1.1555, Train: 0.6714, Val: 0.4380, Test: 0.4700
Epoch: 27, Loss: 1.0458, Train: 0.7714, Val: 0.6420, Test: 0.6710
Epoch: 28, Loss: 0.9839, Train: 0.7429, Val: 0.6340, Test: 0.6380
Epoch: 29, Loss: 0.9122, Train: 0.8143, Val: 0.6540, Test: 0.6710
Epoch: 30, Loss: 0.8116, Train: 0.7357, Val: 0.4780, Test: 0.4990
Epoch: 31, Loss: 0.8764, Train: 0.7429, Val: 0.4900, Test: 0.5030
Epoch: 32, Loss: 0.7742, Train: 0.9071, Val: 0.6900, Test: 0.7040
Epoch: 33, Loss: 0.6258, Train: 0.7214, Val: 0.5580, Test: 0.5340
Epoch: 34, Loss: 0.7518, Train: 0.9714, Val: 0.7140, Test: 0.7410
Epoch: 35, Loss: 0.5084, Train: 0.9286, Val: 0.7220, Test: 0.7440
Epoch: 36, Loss: 0.4347, Train: 0.9357, Val: 0.6980, Test: 0.7170
Epoch: 37, Loss: 0.3995, Train: 0.9786, Val: 0.7240, Test: 0.7330
Epoch: 38, Loss: 0.3861, Train: 0.9643, Val: 0.7040, Test: 0.7440
Epoch: 39, Loss: 0.2649, Train: 0.9714, Val: 0.7120, Test: 0.7440
Epoch: 40, Loss: 0.3459, Train: 0.9643, Val: 0.6940, Test: 0.7470
Epoch: 41, Loss: 0.2425, Train: 0.9786, Val: 0.6800, Test: 0.7240
Epoch: 42, Loss: 0.2430, Train: 0.9929, Val: 0.7240, Test: 0.7490
Epoch: 43, Loss: 0.1678, Train: 0.9857, Val: 0.6920, Test: 0.7250
Epoch: 44, Loss: 0.1443, Train: 0.9929, Val: 0.7020, Test: 0.7090
Epoch: 45, Loss: 0.1919, Train: 0.9857, Val: 0.7320, Test: 0.7380
Epoch: 46, Loss: 0.1123, Train: 0.9929, Val: 0.7400, Test: 0.7500
Epoch: 47, Loss: 0.0928, Train: 0.9929, Val: 0.7360, Test: 0.7560
Epoch: 48, Loss: 0.0824, Train: 1.0000, Val: 0.7260, Test: 0.7470
Epoch: 49, Loss: 0.0734, Train: 0.9857, Val: 0.7180, Test: 0.7400
Epoch: 50, Loss: 0.0720, Train: 1.0000, Val: 0.7260, Test: 0.7560
MAD:  0.5441
Best Test Accuracy: 0.7560, Val Accuracy: 0.7360, Train Accuracy: 0.9929
Training completed.
Seed:  4
PMPGNN(
  (convs): ModuleList(
    (0): ParallelGNNBlock(
      (conv1): GATv2Conv(128, 128, heads=8)
      (conv2): GATv2Conv(128, 128, heads=8)
      (norm): LayerNorm((128,), eps=1e-05, elementwise_affine=True)
    )
    (1-5): 5 x ParallelGNNBlock(
      (conv1): GATv2Conv(2048, 128, heads=8)
      (conv2): GATv2Conv(2048, 128, heads=8)
      (norm): LayerNorm((128,), eps=1e-05, elementwise_affine=True)
    )
    (6): GATv2Conv(2048, 256, heads=8)
  )
  (norm): LayerNorm((2048,), eps=1e-05, elementwise_affine=True)
  (mlp): Sequential(
    (0): Linear(in_features=2048, out_features=64, bias=True)
    (1): LeakyReLU(negative_slope=0.01)
    (2): Dropout(p=0.3, inplace=False)
    (3): Linear(in_features=64, out_features=7, bias=True)
  )
  (proj): Linear(in_features=1433, out_features=128, bias=True)
)
Epoch: 1, Loss: 1.9619, Train: 0.1429, Val: 0.1140, Test: 0.1030
Epoch: 2, Loss: 1.9885, Train: 0.1429, Val: 0.3160, Test: 0.3190
Epoch: 3, Loss: 1.9541, Train: 0.1429, Val: 0.3240, Test: 0.3190
Epoch: 4, Loss: 1.9583, Train: 0.1786, Val: 0.1560, Test: 0.1470
Epoch: 5, Loss: 1.9288, Train: 0.1429, Val: 0.0580, Test: 0.0650
Epoch: 6, Loss: 1.9553, Train: 0.1429, Val: 0.0720, Test: 0.0910
Epoch: 7, Loss: 1.9659, Train: 0.1429, Val: 0.0720, Test: 0.0910
Epoch: 8, Loss: 1.9293, Train: 0.1786, Val: 0.0720, Test: 0.0940
Epoch: 9, Loss: 1.9374, Train: 0.2000, Val: 0.1140, Test: 0.1140
Epoch: 10, Loss: 1.9288, Train: 0.2571, Val: 0.1380, Test: 0.1290
Epoch: 11, Loss: 1.9105, Train: 0.3571, Val: 0.2600, Test: 0.2430
Epoch: 12, Loss: 1.8919, Train: 0.3714, Val: 0.2580, Test: 0.2430
Epoch: 13, Loss: 1.8398, Train: 0.3500, Val: 0.2580, Test: 0.2480
Epoch: 14, Loss: 1.7789, Train: 0.3357, Val: 0.2800, Test: 0.2620
Epoch: 15, Loss: 1.6102, Train: 0.2857, Val: 0.2260, Test: 0.2270
Epoch: 16, Loss: 1.5742, Train: 0.3714, Val: 0.2760, Test: 0.2650
Epoch: 17, Loss: 1.5470, Train: 0.3071, Val: 0.2360, Test: 0.2430
Epoch: 18, Loss: 1.5850, Train: 0.3643, Val: 0.2980, Test: 0.2760
Epoch: 19, Loss: 1.4724, Train: 0.3929, Val: 0.3460, Test: 0.3280
Epoch: 20, Loss: 1.4307, Train: 0.4357, Val: 0.4300, Test: 0.4030
Epoch: 21, Loss: 1.3574, Train: 0.5357, Val: 0.5040, Test: 0.5160
Epoch: 22, Loss: 1.3081, Train: 0.6000, Val: 0.5160, Test: 0.4860
Epoch: 23, Loss: 1.2915, Train: 0.5071, Val: 0.3880, Test: 0.4260
Epoch: 24, Loss: 1.2085, Train: 0.6000, Val: 0.4700, Test: 0.4470
Epoch: 25, Loss: 1.1533, Train: 0.5500, Val: 0.4540, Test: 0.4280
Epoch: 26, Loss: 1.0666, Train: 0.5500, Val: 0.4200, Test: 0.4120
Epoch: 27, Loss: 1.0936, Train: 0.5286, Val: 0.4700, Test: 0.4370
Epoch: 28, Loss: 1.1132, Train: 0.5857, Val: 0.5080, Test: 0.4970
Epoch: 29, Loss: 0.9460, Train: 0.7000, Val: 0.5840, Test: 0.5610
Epoch: 30, Loss: 0.9731, Train: 0.7857, Val: 0.6480, Test: 0.6100
Epoch: 31, Loss: 0.8586, Train: 0.8214, Val: 0.6480, Test: 0.6110
Epoch: 32, Loss: 0.8240, Train: 0.8643, Val: 0.6540, Test: 0.6260
Epoch: 33, Loss: 0.7319, Train: 0.8786, Val: 0.6840, Test: 0.6760
Epoch: 34, Loss: 0.7220, Train: 0.9143, Val: 0.7240, Test: 0.7080
Epoch: 35, Loss: 0.6802, Train: 0.9071, Val: 0.7080, Test: 0.6980
Epoch: 36, Loss: 0.5219, Train: 0.9071, Val: 0.7160, Test: 0.7010
Epoch: 37, Loss: 0.5109, Train: 0.9214, Val: 0.7460, Test: 0.7260
Epoch: 38, Loss: 0.5103, Train: 0.9143, Val: 0.6760, Test: 0.6970
Epoch: 39, Loss: 0.5016, Train: 0.8071, Val: 0.6900, Test: 0.6770
Epoch: 40, Loss: 0.5018, Train: 0.9571, Val: 0.7200, Test: 0.7170
Epoch: 41, Loss: 0.3600, Train: 0.9643, Val: 0.7180, Test: 0.7080
Epoch: 42, Loss: 0.3586, Train: 0.9643, Val: 0.7080, Test: 0.6880
Epoch: 43, Loss: 0.2640, Train: 0.9857, Val: 0.7340, Test: 0.7250
Epoch: 44, Loss: 0.2352, Train: 0.9857, Val: 0.7680, Test: 0.7660
Epoch: 45, Loss: 0.2600, Train: 0.9786, Val: 0.7360, Test: 0.7500
Epoch: 46, Loss: 0.1670, Train: 0.9857, Val: 0.7140, Test: 0.7260
Epoch: 47, Loss: 0.2059, Train: 0.9929, Val: 0.7220, Test: 0.7280
Epoch: 48, Loss: 0.1335, Train: 0.9929, Val: 0.7200, Test: 0.7420
Epoch: 49, Loss: 0.1514, Train: 0.9929, Val: 0.7460, Test: 0.7550
Epoch: 50, Loss: 0.0940, Train: 1.0000, Val: 0.7380, Test: 0.7570
MAD:  0.5149
Best Test Accuracy: 0.7660, Val Accuracy: 0.7680, Train Accuracy: 0.9857
Training completed.
Seed:  5
PMPGNN(
  (convs): ModuleList(
    (0): ParallelGNNBlock(
      (conv1): GATv2Conv(128, 128, heads=8)
      (conv2): GATv2Conv(128, 128, heads=8)
      (norm): LayerNorm((128,), eps=1e-05, elementwise_affine=True)
    )
    (1-5): 5 x ParallelGNNBlock(
      (conv1): GATv2Conv(2048, 128, heads=8)
      (conv2): GATv2Conv(2048, 128, heads=8)
      (norm): LayerNorm((128,), eps=1e-05, elementwise_affine=True)
    )
    (6): GATv2Conv(2048, 256, heads=8)
  )
  (norm): LayerNorm((2048,), eps=1e-05, elementwise_affine=True)
  (mlp): Sequential(
    (0): Linear(in_features=2048, out_features=64, bias=True)
    (1): LeakyReLU(negative_slope=0.01)
    (2): Dropout(p=0.3, inplace=False)
    (3): Linear(in_features=64, out_features=7, bias=True)
  )
  (proj): Linear(in_features=1433, out_features=128, bias=True)
)
Epoch: 1, Loss: 2.0117, Train: 0.1429, Val: 0.0580, Test: 0.0640
Epoch: 2, Loss: 1.9619, Train: 0.1429, Val: 0.0580, Test: 0.0640
Epoch: 3, Loss: 1.9287, Train: 0.1857, Val: 0.3160, Test: 0.3230
Epoch: 4, Loss: 1.9653, Train: 0.1429, Val: 0.1620, Test: 0.1490
Epoch: 5, Loss: 1.9799, Train: 0.1429, Val: 0.1620, Test: 0.1490
Epoch: 6, Loss: 1.9306, Train: 0.1929, Val: 0.1820, Test: 0.2130
Epoch: 7, Loss: 1.9708, Train: 0.4143, Val: 0.2920, Test: 0.2970
Epoch: 8, Loss: 1.9352, Train: 0.1500, Val: 0.1220, Test: 0.1330
Epoch: 9, Loss: 1.9402, Train: 0.2786, Val: 0.2620, Test: 0.2610
Epoch: 10, Loss: 1.8989, Train: 0.2429, Val: 0.1820, Test: 0.1700
Epoch: 11, Loss: 1.9226, Train: 0.2857, Val: 0.2060, Test: 0.1980
Epoch: 12, Loss: 1.9203, Train: 0.3357, Val: 0.1600, Test: 0.1580
Epoch: 13, Loss: 1.8482, Train: 0.4429, Val: 0.2060, Test: 0.2250
Epoch: 14, Loss: 1.8058, Train: 0.3857, Val: 0.2740, Test: 0.2670
Epoch: 15, Loss: 1.7428, Train: 0.3500, Val: 0.2900, Test: 0.2950
Epoch: 16, Loss: 1.6170, Train: 0.4000, Val: 0.3000, Test: 0.2850
Epoch: 17, Loss: 1.6155, Train: 0.2929, Val: 0.2720, Test: 0.2730
Epoch: 18, Loss: 1.5450, Train: 0.2786, Val: 0.2720, Test: 0.2730
Epoch: 19, Loss: 1.5352, Train: 0.3643, Val: 0.3040, Test: 0.3030
Epoch: 20, Loss: 1.4487, Train: 0.5071, Val: 0.4020, Test: 0.3870
Epoch: 21, Loss: 1.4209, Train: 0.5143, Val: 0.4040, Test: 0.3710
Epoch: 22, Loss: 1.4113, Train: 0.6429, Val: 0.5200, Test: 0.5200
Epoch: 23, Loss: 1.3493, Train: 0.5929, Val: 0.5000, Test: 0.5110
Epoch: 24, Loss: 1.2427, Train: 0.4786, Val: 0.3580, Test: 0.3610
Epoch: 25, Loss: 1.2180, Train: 0.6214, Val: 0.4600, Test: 0.4750
Epoch: 26, Loss: 1.0873, Train: 0.6071, Val: 0.4180, Test: 0.4570
Epoch: 27, Loss: 1.0449, Train: 0.7071, Val: 0.4900, Test: 0.4890
Epoch: 28, Loss: 1.0534, Train: 0.6286, Val: 0.4220, Test: 0.4460
Epoch: 29, Loss: 0.9037, Train: 0.6786, Val: 0.4220, Test: 0.4450
Epoch: 30, Loss: 0.8393, Train: 0.7714, Val: 0.4600, Test: 0.4880
Epoch: 31, Loss: 0.8022, Train: 0.7786, Val: 0.4800, Test: 0.5140
Epoch: 32, Loss: 0.6961, Train: 0.7857, Val: 0.5440, Test: 0.5620
Epoch: 33, Loss: 0.7196, Train: 0.6929, Val: 0.5460, Test: 0.5380
Epoch: 34, Loss: 0.7034, Train: 0.7643, Val: 0.5420, Test: 0.5960
Epoch: 35, Loss: 0.6965, Train: 0.7714, Val: 0.5380, Test: 0.5840
Epoch: 36, Loss: 0.5471, Train: 0.8286, Val: 0.6460, Test: 0.6680
Epoch: 37, Loss: 0.5029, Train: 0.8143, Val: 0.6280, Test: 0.6410
Epoch: 38, Loss: 0.4955, Train: 0.9714, Val: 0.6960, Test: 0.6920
Epoch: 39, Loss: 0.3929, Train: 0.9214, Val: 0.6560, Test: 0.6490
Epoch: 40, Loss: 0.4583, Train: 0.9857, Val: 0.7180, Test: 0.7050
Epoch: 41, Loss: 0.3156, Train: 0.9500, Val: 0.7280, Test: 0.7410
Epoch: 42, Loss: 0.3873, Train: 0.9786, Val: 0.7260, Test: 0.7450
Epoch: 43, Loss: 0.2606, Train: 0.9429, Val: 0.6840, Test: 0.6920
Epoch: 44, Loss: 0.3026, Train: 0.9714, Val: 0.7320, Test: 0.7190
Epoch: 45, Loss: 0.1916, Train: 0.8929, Val: 0.6280, Test: 0.6340
Epoch: 46, Loss: 0.2182, Train: 0.9929, Val: 0.7300, Test: 0.7430
Epoch: 47, Loss: 0.1563, Train: 0.9857, Val: 0.7080, Test: 0.7460
Epoch: 48, Loss: 0.1391, Train: 0.9929, Val: 0.7360, Test: 0.7450
Epoch: 49, Loss: 0.0976, Train: 0.9214, Val: 0.7340, Test: 0.7420
Epoch: 50, Loss: 0.2001, Train: 1.0000, Val: 0.7500, Test: 0.7830
MAD:  0.5115
Best Test Accuracy: 0.7830, Val Accuracy: 0.7500, Train Accuracy: 1.0000
Training completed.
Seed:  6
PMPGNN(
  (convs): ModuleList(
    (0): ParallelGNNBlock(
      (conv1): GATv2Conv(128, 128, heads=8)
      (conv2): GATv2Conv(128, 128, heads=8)
      (norm): LayerNorm((128,), eps=1e-05, elementwise_affine=True)
    )
    (1-5): 5 x ParallelGNNBlock(
      (conv1): GATv2Conv(2048, 128, heads=8)
      (conv2): GATv2Conv(2048, 128, heads=8)
      (norm): LayerNorm((128,), eps=1e-05, elementwise_affine=True)
    )
    (6): GATv2Conv(2048, 256, heads=8)
  )
  (norm): LayerNorm((2048,), eps=1e-05, elementwise_affine=True)
  (mlp): Sequential(
    (0): Linear(in_features=2048, out_features=64, bias=True)
    (1): LeakyReLU(negative_slope=0.01)
    (2): Dropout(p=0.3, inplace=False)
    (3): Linear(in_features=64, out_features=7, bias=True)
  )
  (proj): Linear(in_features=1433, out_features=128, bias=True)
)
Epoch: 1, Loss: 1.9830, Train: 0.1429, Val: 0.1140, Test: 0.1030
Epoch: 2, Loss: 1.9529, Train: 0.1429, Val: 0.0720, Test: 0.0910
Epoch: 3, Loss: 1.9846, Train: 0.1429, Val: 0.1140, Test: 0.1030
Epoch: 4, Loss: 1.9561, Train: 0.2786, Val: 0.2000, Test: 0.1920
Epoch: 5, Loss: 1.9298, Train: 0.1429, Val: 0.1620, Test: 0.1490
Epoch: 6, Loss: 1.9385, Train: 0.1429, Val: 0.0720, Test: 0.0910
Epoch: 7, Loss: 1.9768, Train: 0.1429, Val: 0.1560, Test: 0.1440
Epoch: 8, Loss: 1.9313, Train: 0.1429, Val: 0.1560, Test: 0.1440
Epoch: 9, Loss: 1.9725, Train: 0.2071, Val: 0.0820, Test: 0.1060
Epoch: 10, Loss: 1.9183, Train: 0.4500, Val: 0.4080, Test: 0.4500
Epoch: 11, Loss: 1.9067, Train: 0.2571, Val: 0.1360, Test: 0.1280
Epoch: 12, Loss: 1.9176, Train: 0.2714, Val: 0.1440, Test: 0.1370
Epoch: 13, Loss: 1.8904, Train: 0.4571, Val: 0.4380, Test: 0.4410
Epoch: 14, Loss: 1.8473, Train: 0.4286, Val: 0.3320, Test: 0.3170
Epoch: 15, Loss: 1.7810, Train: 0.2857, Val: 0.2800, Test: 0.2730
Epoch: 16, Loss: 1.6716, Train: 0.2786, Val: 0.2240, Test: 0.2230
Epoch: 17, Loss: 1.5972, Train: 0.3000, Val: 0.2760, Test: 0.2660
Epoch: 18, Loss: 1.5234, Train: 0.3643, Val: 0.3280, Test: 0.3050
Epoch: 19, Loss: 1.5035, Train: 0.5500, Val: 0.4200, Test: 0.4080
Epoch: 20, Loss: 1.3467, Train: 0.6286, Val: 0.4300, Test: 0.4400
Epoch: 21, Loss: 1.3994, Train: 0.5286, Val: 0.2960, Test: 0.3330
Epoch: 22, Loss: 1.4096, Train: 0.6929, Val: 0.4920, Test: 0.4760
Epoch: 23, Loss: 1.3350, Train: 0.6643, Val: 0.5480, Test: 0.5720
Epoch: 24, Loss: 1.2272, Train: 0.5929, Val: 0.5540, Test: 0.5540
Epoch: 25, Loss: 1.1781, Train: 0.7643, Val: 0.6060, Test: 0.6020
Epoch: 26, Loss: 1.0568, Train: 0.7714, Val: 0.5920, Test: 0.5900
Epoch: 27, Loss: 0.9920, Train: 0.8643, Val: 0.6620, Test: 0.6720
Epoch: 28, Loss: 0.8967, Train: 0.8071, Val: 0.6260, Test: 0.6270
Epoch: 29, Loss: 0.8662, Train: 0.8929, Val: 0.6680, Test: 0.6830
Epoch: 30, Loss: 0.7220, Train: 0.9000, Val: 0.6240, Test: 0.6490
Epoch: 31, Loss: 0.6381, Train: 0.9429, Val: 0.6840, Test: 0.6740
Epoch: 32, Loss: 0.5442, Train: 0.9286, Val: 0.6560, Test: 0.6700
Epoch: 33, Loss: 0.5211, Train: 0.9643, Val: 0.6980, Test: 0.7040
Epoch: 34, Loss: 0.4612, Train: 0.9643, Val: 0.6960, Test: 0.7090
Epoch: 35, Loss: 0.3957, Train: 0.9714, Val: 0.7080, Test: 0.7280
Epoch: 36, Loss: 0.3801, Train: 0.9786, Val: 0.7400, Test: 0.7530
Epoch: 37, Loss: 0.2347, Train: 0.9786, Val: 0.7340, Test: 0.7380
Epoch: 38, Loss: 0.3013, Train: 0.9857, Val: 0.7340, Test: 0.7430
Epoch: 39, Loss: 0.2743, Train: 0.9643, Val: 0.7400, Test: 0.7530
Epoch: 40, Loss: 0.1804, Train: 0.9714, Val: 0.7320, Test: 0.7460
Epoch: 41, Loss: 0.2110, Train: 0.9929, Val: 0.7360, Test: 0.7420
Epoch: 42, Loss: 0.1214, Train: 0.9643, Val: 0.6660, Test: 0.6920
Epoch: 43, Loss: 0.1559, Train: 0.9786, Val: 0.7220, Test: 0.7280
Epoch: 44, Loss: 0.1551, Train: 0.9857, Val: 0.7360, Test: 0.7500
Epoch: 45, Loss: 0.1042, Train: 0.9857, Val: 0.7400, Test: 0.7560
Epoch: 46, Loss: 0.1057, Train: 0.9786, Val: 0.7240, Test: 0.7430
Epoch: 47, Loss: 0.1047, Train: 0.9929, Val: 0.7420, Test: 0.7490
Epoch: 48, Loss: 0.0648, Train: 0.9929, Val: 0.7280, Test: 0.7460
Epoch: 49, Loss: 0.0286, Train: 0.9929, Val: 0.7000, Test: 0.7220
Epoch: 50, Loss: 0.0783, Train: 0.9786, Val: 0.7040, Test: 0.7230
MAD:  0.5557
Best Test Accuracy: 0.7560, Val Accuracy: 0.7400, Train Accuracy: 0.9857
Training completed.
Seed:  7
PMPGNN(
  (convs): ModuleList(
    (0): ParallelGNNBlock(
      (conv1): GATv2Conv(128, 128, heads=8)
      (conv2): GATv2Conv(128, 128, heads=8)
      (norm): LayerNorm((128,), eps=1e-05, elementwise_affine=True)
    )
    (1-5): 5 x ParallelGNNBlock(
      (conv1): GATv2Conv(2048, 128, heads=8)
      (conv2): GATv2Conv(2048, 128, heads=8)
      (norm): LayerNorm((128,), eps=1e-05, elementwise_affine=True)
    )
    (6): GATv2Conv(2048, 256, heads=8)
  )
  (norm): LayerNorm((2048,), eps=1e-05, elementwise_affine=True)
  (mlp): Sequential(
    (0): Linear(in_features=2048, out_features=64, bias=True)
    (1): LeakyReLU(negative_slope=0.01)
    (2): Dropout(p=0.3, inplace=False)
    (3): Linear(in_features=64, out_features=7, bias=True)
  )
  (proj): Linear(in_features=1433, out_features=128, bias=True)
)
Epoch: 1, Loss: 1.9724, Train: 0.1429, Val: 0.0580, Test: 0.0640
Epoch: 2, Loss: 1.9725, Train: 0.1429, Val: 0.1620, Test: 0.1490
Epoch: 3, Loss: 1.9414, Train: 0.1429, Val: 0.1140, Test: 0.1030
Epoch: 4, Loss: 1.9443, Train: 0.1429, Val: 0.1140, Test: 0.1030
Epoch: 5, Loss: 1.9486, Train: 0.4214, Val: 0.2600, Test: 0.2660
Epoch: 6, Loss: 1.9676, Train: 0.2714, Val: 0.3380, Test: 0.3490
Epoch: 7, Loss: 1.9206, Train: 0.1429, Val: 0.1560, Test: 0.1440
Epoch: 8, Loss: 1.9353, Train: 0.2071, Val: 0.1180, Test: 0.1150
Epoch: 9, Loss: 1.9386, Train: 0.2786, Val: 0.1540, Test: 0.1430
Epoch: 10, Loss: 1.9548, Train: 0.2786, Val: 0.1480, Test: 0.1410
Epoch: 11, Loss: 1.9253, Train: 0.4357, Val: 0.2320, Test: 0.2330
Epoch: 12, Loss: 1.9107, Train: 0.2286, Val: 0.1660, Test: 0.1590
Epoch: 13, Loss: 1.8914, Train: 0.3786, Val: 0.3220, Test: 0.2890
Epoch: 14, Loss: 1.8405, Train: 0.3786, Val: 0.3120, Test: 0.2780
Epoch: 15, Loss: 1.7494, Train: 0.3286, Val: 0.2540, Test: 0.2360
Epoch: 16, Loss: 1.6876, Train: 0.3571, Val: 0.2900, Test: 0.2710
Epoch: 17, Loss: 1.5836, Train: 0.3500, Val: 0.2700, Test: 0.2600
Epoch: 18, Loss: 1.5282, Train: 0.3857, Val: 0.3080, Test: 0.2890
Epoch: 19, Loss: 1.4479, Train: 0.4286, Val: 0.2940, Test: 0.2770
Epoch: 20, Loss: 1.4455, Train: 0.5214, Val: 0.3120, Test: 0.3110
Epoch: 21, Loss: 1.5182, Train: 0.5714, Val: 0.3900, Test: 0.3670
Epoch: 22, Loss: 1.3866, Train: 0.5429, Val: 0.3660, Test: 0.3460
Epoch: 23, Loss: 1.2760, Train: 0.7071, Val: 0.4760, Test: 0.4650
Epoch: 24, Loss: 1.1704, Train: 0.6214, Val: 0.4420, Test: 0.4240
Epoch: 25, Loss: 1.1572, Train: 0.6286, Val: 0.4920, Test: 0.4660
Epoch: 26, Loss: 0.9535, Train: 0.6357, Val: 0.4900, Test: 0.4590
Epoch: 27, Loss: 0.9537, Train: 0.7857, Val: 0.5820, Test: 0.5750
Epoch: 28, Loss: 0.8579, Train: 0.8786, Val: 0.6760, Test: 0.6500
Epoch: 29, Loss: 0.7428, Train: 0.9000, Val: 0.6920, Test: 0.7030
Epoch: 30, Loss: 0.6681, Train: 0.9286, Val: 0.6840, Test: 0.7200
Epoch: 31, Loss: 0.6321, Train: 0.9214, Val: 0.7160, Test: 0.7140
Epoch: 32, Loss: 0.5828, Train: 0.9357, Val: 0.7180, Test: 0.7280
Epoch: 33, Loss: 0.4752, Train: 0.9429, Val: 0.7120, Test: 0.7240
Epoch: 34, Loss: 0.4147, Train: 0.9429, Val: 0.6900, Test: 0.6910
Epoch: 35, Loss: 0.3818, Train: 0.9643, Val: 0.7360, Test: 0.7540
Epoch: 36, Loss: 0.3069, Train: 0.9571, Val: 0.7340, Test: 0.7490
Epoch: 37, Loss: 0.2569, Train: 0.9500, Val: 0.7260, Test: 0.7380
Epoch: 38, Loss: 0.2939, Train: 0.9786, Val: 0.7680, Test: 0.7740
Epoch: 39, Loss: 0.1924, Train: 0.9786, Val: 0.7740, Test: 0.7790
Epoch: 40, Loss: 0.2206, Train: 0.9857, Val: 0.7680, Test: 0.7990
Epoch: 41, Loss: 0.1367, Train: 0.9929, Val: 0.7600, Test: 0.7830
Epoch: 42, Loss: 0.0977, Train: 0.9929, Val: 0.7420, Test: 0.7670
Epoch: 43, Loss: 0.0796, Train: 0.9929, Val: 0.7380, Test: 0.7590
Epoch: 44, Loss: 0.0750, Train: 0.9857, Val: 0.7680, Test: 0.7760
Epoch: 45, Loss: 0.0721, Train: 1.0000, Val: 0.7680, Test: 0.7840
Epoch: 46, Loss: 0.0650, Train: 1.0000, Val: 0.7720, Test: 0.7800
Epoch: 47, Loss: 0.0465, Train: 0.9929, Val: 0.7620, Test: 0.7780
Epoch: 48, Loss: 0.0608, Train: 0.9857, Val: 0.7780, Test: 0.7970
Epoch: 49, Loss: 0.0444, Train: 0.9929, Val: 0.7800, Test: 0.8170
Epoch: 50, Loss: 0.0473, Train: 1.0000, Val: 0.7960, Test: 0.8140
MAD:  0.5655
Best Test Accuracy: 0.8170, Val Accuracy: 0.7800, Train Accuracy: 0.9929
Training completed.
Seed:  8
PMPGNN(
  (convs): ModuleList(
    (0): ParallelGNNBlock(
      (conv1): GATv2Conv(128, 128, heads=8)
      (conv2): GATv2Conv(128, 128, heads=8)
      (norm): LayerNorm((128,), eps=1e-05, elementwise_affine=True)
    )
    (1-5): 5 x ParallelGNNBlock(
      (conv1): GATv2Conv(2048, 128, heads=8)
      (conv2): GATv2Conv(2048, 128, heads=8)
      (norm): LayerNorm((128,), eps=1e-05, elementwise_affine=True)
    )
    (6): GATv2Conv(2048, 256, heads=8)
  )
  (norm): LayerNorm((2048,), eps=1e-05, elementwise_affine=True)
  (mlp): Sequential(
    (0): Linear(in_features=2048, out_features=64, bias=True)
    (1): LeakyReLU(negative_slope=0.01)
    (2): Dropout(p=0.3, inplace=False)
    (3): Linear(in_features=64, out_features=7, bias=True)
  )
  (proj): Linear(in_features=1433, out_features=128, bias=True)
)
Epoch: 1, Loss: 1.9712, Train: 0.1429, Val: 0.0720, Test: 0.0910
Epoch: 2, Loss: 1.9976, Train: 0.1429, Val: 0.1640, Test: 0.1500
Epoch: 3, Loss: 1.9676, Train: 0.1429, Val: 0.1620, Test: 0.1490
Epoch: 4, Loss: 1.9437, Train: 0.1429, Val: 0.1620, Test: 0.1490
Epoch: 5, Loss: 1.9628, Train: 0.1786, Val: 0.1140, Test: 0.1060
Epoch: 6, Loss: 1.9644, Train: 0.1429, Val: 0.0720, Test: 0.0910
Epoch: 7, Loss: 1.9583, Train: 0.1429, Val: 0.1560, Test: 0.1440
Epoch: 8, Loss: 1.9439, Train: 0.2786, Val: 0.2560, Test: 0.2510
Epoch: 9, Loss: 1.9652, Train: 0.2786, Val: 0.1980, Test: 0.1920
Epoch: 10, Loss: 1.9448, Train: 0.1429, Val: 0.0580, Test: 0.0640
Epoch: 11, Loss: 1.9396, Train: 0.1571, Val: 0.0580, Test: 0.0680
Epoch: 12, Loss: 1.9493, Train: 0.2071, Val: 0.0780, Test: 0.1040
Epoch: 13, Loss: 1.9284, Train: 0.1857, Val: 0.0720, Test: 0.0950
Epoch: 14, Loss: 1.9525, Train: 0.3143, Val: 0.2100, Test: 0.2210
Epoch: 15, Loss: 1.9072, Train: 0.3143, Val: 0.2580, Test: 0.2620
Epoch: 16, Loss: 1.9331, Train: 0.5714, Val: 0.4220, Test: 0.4240
Epoch: 17, Loss: 1.9051, Train: 0.3714, Val: 0.2200, Test: 0.2420
Epoch: 18, Loss: 1.9077, Train: 0.4500, Val: 0.3360, Test: 0.2990
Epoch: 19, Loss: 1.8553, Train: 0.4000, Val: 0.2340, Test: 0.2420
Epoch: 20, Loss: 1.8070, Train: 0.3929, Val: 0.2640, Test: 0.2720
Epoch: 21, Loss: 1.7450, Train: 0.3143, Val: 0.2220, Test: 0.2180
Epoch: 22, Loss: 1.5913, Train: 0.2929, Val: 0.2360, Test: 0.2250
Epoch: 23, Loss: 1.5638, Train: 0.3000, Val: 0.2360, Test: 0.2300
Epoch: 24, Loss: 1.5052, Train: 0.3500, Val: 0.2480, Test: 0.2400
Epoch: 25, Loss: 1.5024, Train: 0.2857, Val: 0.2400, Test: 0.2310
Epoch: 26, Loss: 1.4884, Train: 0.4429, Val: 0.3300, Test: 0.2960
Epoch: 27, Loss: 1.3744, Train: 0.3714, Val: 0.3320, Test: 0.3450
Epoch: 28, Loss: 1.4486, Train: 0.5857, Val: 0.4800, Test: 0.4300
Epoch: 29, Loss: 1.2607, Train: 0.5571, Val: 0.4000, Test: 0.3800
Epoch: 30, Loss: 1.3051, Train: 0.6714, Val: 0.5500, Test: 0.5430
Epoch: 31, Loss: 1.0948, Train: 0.6071, Val: 0.5220, Test: 0.5190
Epoch: 32, Loss: 1.2117, Train: 0.7286, Val: 0.5800, Test: 0.5510
Epoch: 33, Loss: 0.9466, Train: 0.6643, Val: 0.5120, Test: 0.5010
Epoch: 34, Loss: 0.9579, Train: 0.7000, Val: 0.6000, Test: 0.6060
Epoch: 35, Loss: 0.8802, Train: 0.7929, Val: 0.6200, Test: 0.6570
Epoch: 36, Loss: 0.7807, Train: 0.7071, Val: 0.5600, Test: 0.5490
Epoch: 37, Loss: 0.8115, Train: 0.7786, Val: 0.5860, Test: 0.6040
Epoch: 38, Loss: 0.6648, Train: 0.8857, Val: 0.6520, Test: 0.6830
Epoch: 39, Loss: 0.6775, Train: 0.9286, Val: 0.6980, Test: 0.6980
Epoch: 40, Loss: 0.5500, Train: 0.9143, Val: 0.6720, Test: 0.6930
Epoch: 41, Loss: 0.5398, Train: 0.8643, Val: 0.6700, Test: 0.6840
Epoch: 42, Loss: 0.4778, Train: 0.9071, Val: 0.6800, Test: 0.6920
Epoch: 43, Loss: 0.4059, Train: 0.9286, Val: 0.6900, Test: 0.7110
Epoch: 44, Loss: 0.4030, Train: 0.9786, Val: 0.7180, Test: 0.7210
Epoch: 45, Loss: 0.3339, Train: 0.9714, Val: 0.7160, Test: 0.7140
Epoch: 46, Loss: 0.3163, Train: 0.9143, Val: 0.7140, Test: 0.7080
Epoch: 47, Loss: 0.3131, Train: 0.8857, Val: 0.6800, Test: 0.7060
Epoch: 48, Loss: 0.3202, Train: 0.9714, Val: 0.7260, Test: 0.7440
Epoch: 49, Loss: 0.2002, Train: 0.9786, Val: 0.7060, Test: 0.7170
Epoch: 50, Loss: 0.1925, Train: 0.9929, Val: 0.7240, Test: 0.7220
MAD:  0.4953
Best Test Accuracy: 0.7440, Val Accuracy: 0.7260, Train Accuracy: 0.9714
Training completed.
Seed:  9
PMPGNN(
  (convs): ModuleList(
    (0): ParallelGNNBlock(
      (conv1): GATv2Conv(128, 128, heads=8)
      (conv2): GATv2Conv(128, 128, heads=8)
      (norm): LayerNorm((128,), eps=1e-05, elementwise_affine=True)
    )
    (1-5): 5 x ParallelGNNBlock(
      (conv1): GATv2Conv(2048, 128, heads=8)
      (conv2): GATv2Conv(2048, 128, heads=8)
      (norm): LayerNorm((128,), eps=1e-05, elementwise_affine=True)
    )
    (6): GATv2Conv(2048, 256, heads=8)
  )
  (norm): LayerNorm((2048,), eps=1e-05, elementwise_affine=True)
  (mlp): Sequential(
    (0): Linear(in_features=2048, out_features=64, bias=True)
    (1): LeakyReLU(negative_slope=0.01)
    (2): Dropout(p=0.3, inplace=False)
    (3): Linear(in_features=64, out_features=7, bias=True)
  )
  (proj): Linear(in_features=1433, out_features=128, bias=True)
)
Epoch: 1, Loss: 2.0285, Train: 0.1429, Val: 0.1620, Test: 0.1490
Epoch: 2, Loss: 1.9997, Train: 0.1429, Val: 0.3160, Test: 0.3210
Epoch: 3, Loss: 1.9378, Train: 0.1500, Val: 0.1580, Test: 0.1480
Epoch: 4, Loss: 1.9781, Train: 0.1429, Val: 0.1560, Test: 0.1450
Epoch: 5, Loss: 1.9570, Train: 0.1429, Val: 0.1140, Test: 0.1030
Epoch: 6, Loss: 1.9490, Train: 0.3357, Val: 0.2220, Test: 0.2580
Epoch: 7, Loss: 1.9598, Train: 0.1429, Val: 0.0720, Test: 0.0910
Epoch: 8, Loss: 1.9471, Train: 0.1429, Val: 0.0720, Test: 0.0910
Epoch: 9, Loss: 1.9493, Train: 0.1429, Val: 0.1220, Test: 0.1300
Epoch: 10, Loss: 1.9420, Train: 0.1429, Val: 0.1220, Test: 0.1300
Epoch: 11, Loss: 1.9505, Train: 0.4429, Val: 0.4480, Test: 0.4590
Epoch: 12, Loss: 1.9531, Train: 0.1429, Val: 0.3160, Test: 0.3190
Epoch: 13, Loss: 1.9469, Train: 0.1500, Val: 0.3220, Test: 0.3270
Epoch: 14, Loss: 1.9238, Train: 0.1429, Val: 0.3160, Test: 0.3190
Epoch: 15, Loss: 1.9295, Train: 0.1500, Val: 0.3160, Test: 0.3180
Epoch: 16, Loss: 1.9107, Train: 0.2000, Val: 0.3240, Test: 0.3250
Epoch: 17, Loss: 1.9188, Train: 0.3143, Val: 0.4300, Test: 0.4230
Epoch: 18, Loss: 1.9211, Train: 0.3357, Val: 0.4280, Test: 0.4330
Epoch: 19, Loss: 1.8828, Train: 0.4786, Val: 0.4840, Test: 0.5040
Epoch: 20, Loss: 1.8490, Train: 0.4071, Val: 0.4240, Test: 0.4270
Epoch: 21, Loss: 1.8038, Train: 0.4214, Val: 0.4200, Test: 0.4200
Epoch: 22, Loss: 1.6644, Train: 0.4929, Val: 0.3960, Test: 0.4150
Epoch: 23, Loss: 1.5477, Train: 0.5071, Val: 0.4020, Test: 0.4410
Epoch: 24, Loss: 1.4130, Train: 0.4929, Val: 0.3840, Test: 0.4260
Epoch: 25, Loss: 1.2936, Train: 0.6000, Val: 0.3460, Test: 0.3910
Epoch: 26, Loss: 1.1614, Train: 0.6071, Val: 0.4480, Test: 0.5090
Epoch: 27, Loss: 1.0851, Train: 0.8571, Val: 0.5960, Test: 0.6190
Epoch: 28, Loss: 0.9121, Train: 0.6714, Val: 0.4840, Test: 0.4700
Epoch: 29, Loss: 0.8776, Train: 0.7143, Val: 0.5180, Test: 0.5180
Epoch: 30, Loss: 0.8755, Train: 0.9000, Val: 0.5660, Test: 0.5750
Epoch: 31, Loss: 0.9141, Train: 0.7071, Val: 0.4040, Test: 0.4100
Epoch: 32, Loss: 0.8578, Train: 0.8571, Val: 0.5740, Test: 0.6030
Epoch: 33, Loss: 0.6518, Train: 0.8857, Val: 0.5900, Test: 0.6210
Epoch: 34, Loss: 0.7069, Train: 0.9071, Val: 0.5800, Test: 0.6140
Epoch: 35, Loss: 0.6421, Train: 0.7214, Val: 0.4880, Test: 0.5040
Epoch: 36, Loss: 0.8147, Train: 0.9429, Val: 0.6420, Test: 0.6690
Epoch: 37, Loss: 0.4985, Train: 0.7429, Val: 0.5500, Test: 0.5680
Epoch: 38, Loss: 1.2944, Train: 0.9071, Val: 0.6300, Test: 0.6380
Epoch: 39, Loss: 0.5219, Train: 0.8571, Val: 0.5300, Test: 0.5380
Epoch: 40, Loss: 0.4875, Train: 0.8929, Val: 0.5520, Test: 0.5630
Epoch: 41, Loss: 0.3975, Train: 0.8786, Val: 0.5560, Test: 0.5590
Epoch: 42, Loss: 0.4952, Train: 0.7571, Val: 0.5240, Test: 0.5250
Epoch: 43, Loss: 0.5978, Train: 0.8286, Val: 0.5360, Test: 0.5720
Epoch: 44, Loss: 0.5341, Train: 0.8214, Val: 0.5140, Test: 0.5230
Epoch: 45, Loss: 0.4700, Train: 0.9000, Val: 0.5800, Test: 0.5960
Epoch: 46, Loss: 0.4122, Train: 0.9714, Val: 0.6620, Test: 0.7000
Epoch: 47, Loss: 0.2681, Train: 0.9286, Val: 0.6360, Test: 0.6670
Epoch: 48, Loss: 0.2923, Train: 0.8571, Val: 0.5940, Test: 0.6190
Epoch: 49, Loss: 0.3784, Train: 0.9714, Val: 0.6360, Test: 0.6750
Epoch: 50, Loss: 0.2904, Train: 0.9571, Val: 0.6500, Test: 0.6950
MAD:  0.5199
Best Test Accuracy: 0.7000, Val Accuracy: 0.6620, Train Accuracy: 0.9714
Training completed.
Average Test Accuracy:  0.7666999999999999 ± 0.030397532794620034
Average MAD:  0.51987 ± 0.027755073410099272
