Seed:  0
PMPGNN(
  (convs): ModuleList(
    (0): ParallelGNNBlock(
      (conv1): GATv2Conv(128, 128, heads=1)
      (conv2): GATv2Conv(128, 128, heads=1)
      (norm): LayerNorm((128,), eps=1e-05, elementwise_affine=True)
    )
    (1-11): 11 x ParallelGNNBlock(
      (conv1): GATv2Conv(256, 128, heads=1)
      (conv2): GATv2Conv(256, 128, heads=1)
      (norm): LayerNorm((128,), eps=1e-05, elementwise_affine=True)
    )
  )
  (norm): LayerNorm((256,), eps=1e-05, elementwise_affine=True)
  (mlp): Sequential(
    (0): Linear(in_features=256, out_features=64, bias=True)
    (1): LeakyReLU(negative_slope=0.01)
    (2): Dropout(p=0.3, inplace=False)
    (3): Linear(in_features=64, out_features=7, bias=True)
  )
  (proj): Linear(in_features=1433, out_features=128, bias=True)
)
Epoch: 1, Loss: 2.0386, Train: 0.1500, Val: 0.3240, Test: 0.3070
Epoch: 2, Loss: 2.0058, Train: 0.1500, Val: 0.3320, Test: 0.3100
Epoch: 3, Loss: 1.9699, Train: 0.2071, Val: 0.3140, Test: 0.2910
Epoch: 4, Loss: 1.9580, Train: 0.2000, Val: 0.2280, Test: 0.2220
Epoch: 5, Loss: 1.9370, Train: 0.1357, Val: 0.1460, Test: 0.1430
Epoch: 6, Loss: 1.9766, Train: 0.1571, Val: 0.0880, Test: 0.0880
Epoch: 7, Loss: 1.9691, Train: 0.1500, Val: 0.0660, Test: 0.0700
Epoch: 8, Loss: 1.9802, Train: 0.1429, Val: 0.0600, Test: 0.0650
Epoch: 9, Loss: 1.9805, Train: 0.1429, Val: 0.0580, Test: 0.0640
Epoch: 10, Loss: 1.9691, Train: 0.1429, Val: 0.0580, Test: 0.0640
Epoch: 11, Loss: 1.9509, Train: 0.1429, Val: 0.0580, Test: 0.0640
Epoch: 12, Loss: 1.9397, Train: 0.1429, Val: 0.0580, Test: 0.0640
Epoch: 13, Loss: 1.9407, Train: 0.1429, Val: 0.0620, Test: 0.0650
Epoch: 14, Loss: 1.9446, Train: 0.1571, Val: 0.0620, Test: 0.0660
Epoch: 15, Loss: 1.9436, Train: 0.1500, Val: 0.0580, Test: 0.0630
Epoch: 16, Loss: 1.9399, Train: 0.1429, Val: 0.0620, Test: 0.0620
Epoch: 17, Loss: 1.9422, Train: 0.1357, Val: 0.0620, Test: 0.0640
Epoch: 18, Loss: 1.9401, Train: 0.1643, Val: 0.0600, Test: 0.0640
Epoch: 19, Loss: 1.9456, Train: 0.1786, Val: 0.0800, Test: 0.0850
Epoch: 20, Loss: 1.9595, Train: 0.1929, Val: 0.0860, Test: 0.0940
Epoch: 21, Loss: 1.9498, Train: 0.2071, Val: 0.0940, Test: 0.0990
Epoch: 22, Loss: 1.9432, Train: 0.2429, Val: 0.1100, Test: 0.1210
Epoch: 23, Loss: 1.9344, Train: 0.2714, Val: 0.1480, Test: 0.1450
Epoch: 24, Loss: 1.9563, Train: 0.2643, Val: 0.1820, Test: 0.1710
Epoch: 25, Loss: 1.9620, Train: 0.2500, Val: 0.2100, Test: 0.2040
Epoch: 26, Loss: 1.9433, Train: 0.2429, Val: 0.1900, Test: 0.1660
Epoch: 27, Loss: 1.9294, Train: 0.2357, Val: 0.1640, Test: 0.1490
Epoch: 28, Loss: 1.9525, Train: 0.2429, Val: 0.1740, Test: 0.1610
Epoch: 29, Loss: 1.9115, Train: 0.2786, Val: 0.1820, Test: 0.1690
Epoch: 30, Loss: 1.9422, Train: 0.3286, Val: 0.2280, Test: 0.2240
Epoch: 31, Loss: 1.9291, Train: 0.3286, Val: 0.2580, Test: 0.2440
Epoch: 32, Loss: 1.9341, Train: 0.3500, Val: 0.2500, Test: 0.2580
Epoch: 33, Loss: 1.9132, Train: 0.3714, Val: 0.3040, Test: 0.2980
Epoch: 34, Loss: 1.9360, Train: 0.4286, Val: 0.3220, Test: 0.3010
Epoch: 35, Loss: 1.8894, Train: 0.4500, Val: 0.3480, Test: 0.3490
Epoch: 36, Loss: 1.9085, Train: 0.4429, Val: 0.3820, Test: 0.4050
Epoch: 37, Loss: 1.9229, Train: 0.4929, Val: 0.4560, Test: 0.4780
Epoch: 38, Loss: 1.9243, Train: 0.5071, Val: 0.5020, Test: 0.5010
Epoch: 39, Loss: 1.9030, Train: 0.4857, Val: 0.4800, Test: 0.4830
Epoch: 40, Loss: 1.8739, Train: 0.4857, Val: 0.4640, Test: 0.4700
Epoch: 41, Loss: 1.9061, Train: 0.4786, Val: 0.4260, Test: 0.4310
Epoch: 42, Loss: 1.8749, Train: 0.4500, Val: 0.3780, Test: 0.3870
Epoch: 43, Loss: 1.8244, Train: 0.4429, Val: 0.3520, Test: 0.3410
Epoch: 44, Loss: 1.8810, Train: 0.4357, Val: 0.3280, Test: 0.3320
Epoch: 45, Loss: 1.8118, Train: 0.4429, Val: 0.3300, Test: 0.3480
Epoch: 46, Loss: 1.7984, Train: 0.4071, Val: 0.3580, Test: 0.3530
Epoch: 47, Loss: 1.7907, Train: 0.4429, Val: 0.3800, Test: 0.3710
Epoch: 48, Loss: 1.7623, Train: 0.4500, Val: 0.3840, Test: 0.3860
Epoch: 49, Loss: 1.7404, Train: 0.4500, Val: 0.4040, Test: 0.3990
Epoch: 50, Loss: 1.7628, Train: 0.4357, Val: 0.3740, Test: 0.3780
MAD:  0.7568
Best Test Accuracy: 0.5010, Val Accuracy: 0.5020, Train Accuracy: 0.5071
Training completed.
Seed:  1
PMPGNN(
  (convs): ModuleList(
    (0): ParallelGNNBlock(
      (conv1): GATv2Conv(128, 128, heads=1)
      (conv2): GATv2Conv(128, 128, heads=1)
      (norm): LayerNorm((128,), eps=1e-05, elementwise_affine=True)
    )
    (1-11): 11 x ParallelGNNBlock(
      (conv1): GATv2Conv(256, 128, heads=1)
      (conv2): GATv2Conv(256, 128, heads=1)
      (norm): LayerNorm((128,), eps=1e-05, elementwise_affine=True)
    )
  )
  (norm): LayerNorm((256,), eps=1e-05, elementwise_affine=True)
  (mlp): Sequential(
    (0): Linear(in_features=256, out_features=64, bias=True)
    (1): LeakyReLU(negative_slope=0.01)
    (2): Dropout(p=0.3, inplace=False)
    (3): Linear(in_features=64, out_features=7, bias=True)
  )
  (proj): Linear(in_features=1433, out_features=128, bias=True)
)
Epoch: 1, Loss: 1.9861, Train: 0.1500, Val: 0.0900, Test: 0.0870
Epoch: 2, Loss: 2.0246, Train: 0.1714, Val: 0.0980, Test: 0.1150
Epoch: 3, Loss: 1.9783, Train: 0.1857, Val: 0.1360, Test: 0.1470
Epoch: 4, Loss: 1.9558, Train: 0.2000, Val: 0.1800, Test: 0.1790
Epoch: 5, Loss: 1.9782, Train: 0.1786, Val: 0.1420, Test: 0.1670
Epoch: 6, Loss: 1.9416, Train: 0.1643, Val: 0.1060, Test: 0.1310
Epoch: 7, Loss: 1.9747, Train: 0.1786, Val: 0.1100, Test: 0.1230
Epoch: 8, Loss: 1.9311, Train: 0.1429, Val: 0.0840, Test: 0.0960
Epoch: 9, Loss: 1.9857, Train: 0.1429, Val: 0.0820, Test: 0.0880
Epoch: 10, Loss: 1.9520, Train: 0.1357, Val: 0.0820, Test: 0.0900
Epoch: 11, Loss: 1.9458, Train: 0.1429, Val: 0.0820, Test: 0.0920
Epoch: 12, Loss: 1.9469, Train: 0.1571, Val: 0.0860, Test: 0.1030
Epoch: 13, Loss: 1.9623, Train: 0.1714, Val: 0.1180, Test: 0.1240
Epoch: 14, Loss: 1.9705, Train: 0.1857, Val: 0.1500, Test: 0.1600
Epoch: 15, Loss: 1.9443, Train: 0.2000, Val: 0.1560, Test: 0.1720
Epoch: 16, Loss: 1.9703, Train: 0.1714, Val: 0.2020, Test: 0.2100
Epoch: 17, Loss: 1.9528, Train: 0.2071, Val: 0.2280, Test: 0.2340
Epoch: 18, Loss: 1.9500, Train: 0.2143, Val: 0.2000, Test: 0.2550
Epoch: 19, Loss: 1.9466, Train: 0.2000, Val: 0.2440, Test: 0.2620
Epoch: 20, Loss: 1.9423, Train: 0.2071, Val: 0.2740, Test: 0.2870
Epoch: 21, Loss: 1.9764, Train: 0.1571, Val: 0.1920, Test: 0.1970
Epoch: 22, Loss: 1.9604, Train: 0.1429, Val: 0.1500, Test: 0.1500
Epoch: 23, Loss: 1.9323, Train: 0.1786, Val: 0.1800, Test: 0.1630
Epoch: 24, Loss: 1.9493, Train: 0.2357, Val: 0.1960, Test: 0.1790
Epoch: 25, Loss: 1.9220, Train: 0.2643, Val: 0.2080, Test: 0.1990
Epoch: 26, Loss: 1.9420, Train: 0.2857, Val: 0.2240, Test: 0.2180
Epoch: 27, Loss: 1.9525, Train: 0.2929, Val: 0.2120, Test: 0.2110
Epoch: 28, Loss: 1.9528, Train: 0.3000, Val: 0.2460, Test: 0.2470
Epoch: 29, Loss: 1.9582, Train: 0.3429, Val: 0.3240, Test: 0.3060
Epoch: 30, Loss: 1.9140, Train: 0.4143, Val: 0.4020, Test: 0.3900
Epoch: 31, Loss: 1.9111, Train: 0.4571, Val: 0.4480, Test: 0.4730
Epoch: 32, Loss: 1.9169, Train: 0.4500, Val: 0.4980, Test: 0.5090
Epoch: 33, Loss: 1.8911, Train: 0.4000, Val: 0.4620, Test: 0.4520
Epoch: 34, Loss: 1.9021, Train: 0.4071, Val: 0.4160, Test: 0.4280
Epoch: 35, Loss: 1.8881, Train: 0.4143, Val: 0.4100, Test: 0.4240
Epoch: 36, Loss: 1.8896, Train: 0.4143, Val: 0.4060, Test: 0.4310
Epoch: 37, Loss: 1.9067, Train: 0.4143, Val: 0.3940, Test: 0.4160
Epoch: 38, Loss: 1.9002, Train: 0.3857, Val: 0.3620, Test: 0.3940
Epoch: 39, Loss: 1.8478, Train: 0.4000, Val: 0.3680, Test: 0.3820
Epoch: 40, Loss: 1.8620, Train: 0.3643, Val: 0.3560, Test: 0.3700
Epoch: 41, Loss: 1.8481, Train: 0.4000, Val: 0.3680, Test: 0.3760
Epoch: 42, Loss: 1.8422, Train: 0.3571, Val: 0.3640, Test: 0.3750
Epoch: 43, Loss: 1.8188, Train: 0.3143, Val: 0.3680, Test: 0.3700
Epoch: 44, Loss: 1.7726, Train: 0.3143, Val: 0.3600, Test: 0.3690
Epoch: 45, Loss: 1.7465, Train: 0.3071, Val: 0.3580, Test: 0.3760
Epoch: 46, Loss: 1.7475, Train: 0.3214, Val: 0.3760, Test: 0.3740
Epoch: 47, Loss: 1.6847, Train: 0.3214, Val: 0.3780, Test: 0.3810
Epoch: 48, Loss: 1.6669, Train: 0.3286, Val: 0.3760, Test: 0.3840
Epoch: 49, Loss: 1.6916, Train: 0.3357, Val: 0.3720, Test: 0.3900
Epoch: 50, Loss: 1.6127, Train: 0.3071, Val: 0.3720, Test: 0.4000
MAD:  0.3925
Best Test Accuracy: 0.5090, Val Accuracy: 0.4980, Train Accuracy: 0.4500
Training completed.
Seed:  2
PMPGNN(
  (convs): ModuleList(
    (0): ParallelGNNBlock(
      (conv1): GATv2Conv(128, 128, heads=1)
      (conv2): GATv2Conv(128, 128, heads=1)
      (norm): LayerNorm((128,), eps=1e-05, elementwise_affine=True)
    )
    (1-11): 11 x ParallelGNNBlock(
      (conv1): GATv2Conv(256, 128, heads=1)
      (conv2): GATv2Conv(256, 128, heads=1)
      (norm): LayerNorm((128,), eps=1e-05, elementwise_affine=True)
    )
  )
  (norm): LayerNorm((256,), eps=1e-05, elementwise_affine=True)
  (mlp): Sequential(
    (0): Linear(in_features=256, out_features=64, bias=True)
    (1): LeakyReLU(negative_slope=0.01)
    (2): Dropout(p=0.3, inplace=False)
    (3): Linear(in_features=64, out_features=7, bias=True)
  )
  (proj): Linear(in_features=1433, out_features=128, bias=True)
)
Epoch: 1, Loss: 1.9776, Train: 0.1286, Val: 0.1460, Test: 0.1420
Epoch: 2, Loss: 1.9815, Train: 0.1571, Val: 0.1640, Test: 0.1630
Epoch: 3, Loss: 2.0044, Train: 0.1929, Val: 0.1380, Test: 0.1430
Epoch: 4, Loss: 1.9468, Train: 0.2000, Val: 0.1040, Test: 0.1170
Epoch: 5, Loss: 1.9725, Train: 0.2357, Val: 0.1460, Test: 0.1500
Epoch: 6, Loss: 1.9500, Train: 0.2143, Val: 0.1440, Test: 0.1510
Epoch: 7, Loss: 1.9465, Train: 0.2000, Val: 0.1500, Test: 0.1510
Epoch: 8, Loss: 1.9724, Train: 0.2071, Val: 0.1540, Test: 0.1530
Epoch: 9, Loss: 1.9501, Train: 0.1929, Val: 0.1760, Test: 0.1780
Epoch: 10, Loss: 1.9532, Train: 0.2071, Val: 0.1660, Test: 0.1810
Epoch: 11, Loss: 1.9401, Train: 0.2071, Val: 0.1800, Test: 0.1820
Epoch: 12, Loss: 1.9671, Train: 0.2357, Val: 0.1860, Test: 0.1910
Epoch: 13, Loss: 1.9514, Train: 0.2500, Val: 0.2000, Test: 0.1960
Epoch: 14, Loss: 1.9424, Train: 0.2571, Val: 0.2040, Test: 0.2110
Epoch: 15, Loss: 1.9572, Train: 0.2571, Val: 0.2240, Test: 0.2230
Epoch: 16, Loss: 1.9107, Train: 0.2714, Val: 0.2280, Test: 0.2200
Epoch: 17, Loss: 1.9488, Train: 0.2714, Val: 0.2320, Test: 0.2210
Epoch: 18, Loss: 1.9536, Train: 0.2714, Val: 0.2340, Test: 0.2260
Epoch: 19, Loss: 1.9268, Train: 0.2643, Val: 0.2260, Test: 0.2270
Epoch: 20, Loss: 1.9421, Train: 0.2714, Val: 0.2120, Test: 0.2120
Epoch: 21, Loss: 1.9436, Train: 0.2857, Val: 0.1900, Test: 0.1870
Epoch: 22, Loss: 1.9368, Train: 0.2857, Val: 0.2900, Test: 0.2620
Epoch: 23, Loss: 1.9573, Train: 0.2857, Val: 0.3720, Test: 0.3500
Epoch: 24, Loss: 1.9368, Train: 0.2714, Val: 0.3620, Test: 0.3650
Epoch: 25, Loss: 1.9382, Train: 0.3429, Val: 0.3880, Test: 0.3910
Epoch: 26, Loss: 1.9334, Train: 0.3857, Val: 0.4160, Test: 0.4350
Epoch: 27, Loss: 1.9255, Train: 0.4714, Val: 0.4500, Test: 0.4820
Epoch: 28, Loss: 1.9520, Train: 0.5286, Val: 0.4660, Test: 0.4870
Epoch: 29, Loss: 1.9180, Train: 0.4786, Val: 0.4340, Test: 0.4540
Epoch: 30, Loss: 1.9099, Train: 0.4786, Val: 0.3960, Test: 0.4220
Epoch: 31, Loss: 1.9192, Train: 0.4643, Val: 0.3760, Test: 0.3990
Epoch: 32, Loss: 1.8811, Train: 0.4857, Val: 0.3400, Test: 0.3690
Epoch: 33, Loss: 1.9079, Train: 0.4643, Val: 0.3260, Test: 0.3510
Epoch: 34, Loss: 1.8770, Train: 0.4429, Val: 0.3080, Test: 0.3320
Epoch: 35, Loss: 1.8617, Train: 0.4571, Val: 0.2940, Test: 0.3160
Epoch: 36, Loss: 1.8624, Train: 0.4571, Val: 0.2840, Test: 0.2980
Epoch: 37, Loss: 1.8418, Train: 0.4500, Val: 0.2720, Test: 0.2990
Epoch: 38, Loss: 1.8400, Train: 0.4929, Val: 0.2800, Test: 0.3150
Epoch: 39, Loss: 1.8093, Train: 0.4714, Val: 0.2840, Test: 0.3010
Epoch: 40, Loss: 1.8168, Train: 0.4857, Val: 0.2740, Test: 0.2970
Epoch: 41, Loss: 1.8155, Train: 0.4714, Val: 0.2720, Test: 0.2940
Epoch: 42, Loss: 1.7758, Train: 0.4571, Val: 0.2680, Test: 0.2800
Epoch: 43, Loss: 1.7448, Train: 0.4571, Val: 0.2640, Test: 0.2650
Epoch: 44, Loss: 1.7191, Train: 0.4500, Val: 0.2400, Test: 0.2560
Epoch: 45, Loss: 1.7020, Train: 0.4357, Val: 0.2360, Test: 0.2620
Epoch: 46, Loss: 1.6795, Train: 0.4214, Val: 0.2300, Test: 0.2560
Epoch: 47, Loss: 1.6308, Train: 0.4929, Val: 0.3000, Test: 0.2920
Epoch: 48, Loss: 1.6312, Train: 0.5071, Val: 0.3280, Test: 0.3380
Epoch: 49, Loss: 1.5726, Train: 0.5214, Val: 0.3260, Test: 0.3460
Epoch: 50, Loss: 1.5346, Train: 0.5643, Val: 0.3700, Test: 0.3580
MAD:  0.2596
Best Test Accuracy: 0.4870, Val Accuracy: 0.4660, Train Accuracy: 0.5286
Training completed.
Seed:  3
PMPGNN(
  (convs): ModuleList(
    (0): ParallelGNNBlock(
      (conv1): GATv2Conv(128, 128, heads=1)
      (conv2): GATv2Conv(128, 128, heads=1)
      (norm): LayerNorm((128,), eps=1e-05, elementwise_affine=True)
    )
    (1-11): 11 x ParallelGNNBlock(
      (conv1): GATv2Conv(256, 128, heads=1)
      (conv2): GATv2Conv(256, 128, heads=1)
      (norm): LayerNorm((128,), eps=1e-05, elementwise_affine=True)
    )
  )
  (norm): LayerNorm((256,), eps=1e-05, elementwise_affine=True)
  (mlp): Sequential(
    (0): Linear(in_features=256, out_features=64, bias=True)
    (1): LeakyReLU(negative_slope=0.01)
    (2): Dropout(p=0.3, inplace=False)
    (3): Linear(in_features=64, out_features=7, bias=True)
  )
  (proj): Linear(in_features=1433, out_features=128, bias=True)
)
Epoch: 1, Loss: 1.9724, Train: 0.1571, Val: 0.1640, Test: 0.1640
Epoch: 2, Loss: 1.9953, Train: 0.1929, Val: 0.2380, Test: 0.2620
Epoch: 3, Loss: 1.9323, Train: 0.1857, Val: 0.2860, Test: 0.2720
Epoch: 4, Loss: 1.9690, Train: 0.1500, Val: 0.3160, Test: 0.2860
Epoch: 5, Loss: 1.9546, Train: 0.1786, Val: 0.3020, Test: 0.3080
Epoch: 6, Loss: 1.9615, Train: 0.1857, Val: 0.3400, Test: 0.3310
Epoch: 7, Loss: 1.9576, Train: 0.1714, Val: 0.3540, Test: 0.3270
Epoch: 8, Loss: 1.9681, Train: 0.2071, Val: 0.3540, Test: 0.3260
Epoch: 9, Loss: 1.9624, Train: 0.2143, Val: 0.3320, Test: 0.2960
Epoch: 10, Loss: 1.9653, Train: 0.2214, Val: 0.2420, Test: 0.2390
Epoch: 11, Loss: 1.9513, Train: 0.2000, Val: 0.1800, Test: 0.1760
Epoch: 12, Loss: 1.9725, Train: 0.1786, Val: 0.1680, Test: 0.1620
Epoch: 13, Loss: 1.9687, Train: 0.1714, Val: 0.1680, Test: 0.1620
Epoch: 14, Loss: 1.9513, Train: 0.1714, Val: 0.1940, Test: 0.1900
Epoch: 15, Loss: 1.9157, Train: 0.2071, Val: 0.2380, Test: 0.2540
Epoch: 16, Loss: 1.9294, Train: 0.2214, Val: 0.3380, Test: 0.3320
Epoch: 17, Loss: 1.9503, Train: 0.2286, Val: 0.3700, Test: 0.3610
Epoch: 18, Loss: 1.9312, Train: 0.2286, Val: 0.3620, Test: 0.3640
Epoch: 19, Loss: 1.9397, Train: 0.2214, Val: 0.3560, Test: 0.3650
Epoch: 20, Loss: 1.9437, Train: 0.2286, Val: 0.3560, Test: 0.3660
Epoch: 21, Loss: 1.9395, Train: 0.2286, Val: 0.3680, Test: 0.3660
Epoch: 22, Loss: 1.9469, Train: 0.2214, Val: 0.3680, Test: 0.3740
Epoch: 23, Loss: 1.9492, Train: 0.2286, Val: 0.3720, Test: 0.3750
Epoch: 24, Loss: 1.9473, Train: 0.2429, Val: 0.3960, Test: 0.3870
Epoch: 25, Loss: 1.9590, Train: 0.2857, Val: 0.4440, Test: 0.4410
Epoch: 26, Loss: 1.9454, Train: 0.3286, Val: 0.4720, Test: 0.4860
Epoch: 27, Loss: 1.9817, Train: 0.3357, Val: 0.4900, Test: 0.5010
Epoch: 28, Loss: 1.9310, Train: 0.3929, Val: 0.5020, Test: 0.5250
Epoch: 29, Loss: 1.9518, Train: 0.4143, Val: 0.5060, Test: 0.5150
Epoch: 30, Loss: 1.9290, Train: 0.4071, Val: 0.5100, Test: 0.5050
Epoch: 31, Loss: 1.9252, Train: 0.4143, Val: 0.5060, Test: 0.5050
Epoch: 32, Loss: 1.9495, Train: 0.3857, Val: 0.5000, Test: 0.4930
Epoch: 33, Loss: 1.9570, Train: 0.4000, Val: 0.4920, Test: 0.5040
Epoch: 34, Loss: 1.9293, Train: 0.4214, Val: 0.5100, Test: 0.5200
Epoch: 35, Loss: 1.9301, Train: 0.4429, Val: 0.5280, Test: 0.5370
Epoch: 36, Loss: 1.8919, Train: 0.4429, Val: 0.5380, Test: 0.5390
Epoch: 37, Loss: 1.9075, Train: 0.4500, Val: 0.5460, Test: 0.5450
Epoch: 38, Loss: 1.9187, Train: 0.4786, Val: 0.5720, Test: 0.5490
Epoch: 39, Loss: 1.9131, Train: 0.5929, Val: 0.6360, Test: 0.5820
Epoch: 40, Loss: 1.8654, Train: 0.5571, Val: 0.6260, Test: 0.5630
Epoch: 41, Loss: 1.9225, Train: 0.4929, Val: 0.5600, Test: 0.5040
Epoch: 42, Loss: 1.8387, Train: 0.4429, Val: 0.4860, Test: 0.4540
Epoch: 43, Loss: 1.8726, Train: 0.4214, Val: 0.4400, Test: 0.4170
Epoch: 44, Loss: 1.8570, Train: 0.4071, Val: 0.4020, Test: 0.3830
Epoch: 45, Loss: 1.8642, Train: 0.3929, Val: 0.3720, Test: 0.3600
Epoch: 46, Loss: 1.8253, Train: 0.3643, Val: 0.3680, Test: 0.3450
Epoch: 47, Loss: 1.8347, Train: 0.3500, Val: 0.3820, Test: 0.3480
Epoch: 48, Loss: 1.7554, Train: 0.3357, Val: 0.3600, Test: 0.3400
Epoch: 49, Loss: 1.7957, Train: 0.3429, Val: 0.3560, Test: 0.3390
Epoch: 50, Loss: 1.7243, Train: 0.3357, Val: 0.3560, Test: 0.3310
MAD:  0.6747
Best Test Accuracy: 0.5820, Val Accuracy: 0.6360, Train Accuracy: 0.5929
Training completed.
Seed:  4
PMPGNN(
  (convs): ModuleList(
    (0): ParallelGNNBlock(
      (conv1): GATv2Conv(128, 128, heads=1)
      (conv2): GATv2Conv(128, 128, heads=1)
      (norm): LayerNorm((128,), eps=1e-05, elementwise_affine=True)
    )
    (1-11): 11 x ParallelGNNBlock(
      (conv1): GATv2Conv(256, 128, heads=1)
      (conv2): GATv2Conv(256, 128, heads=1)
      (norm): LayerNorm((128,), eps=1e-05, elementwise_affine=True)
    )
  )
  (norm): LayerNorm((256,), eps=1e-05, elementwise_affine=True)
  (mlp): Sequential(
    (0): Linear(in_features=256, out_features=64, bias=True)
    (1): LeakyReLU(negative_slope=0.01)
    (2): Dropout(p=0.3, inplace=False)
    (3): Linear(in_features=64, out_features=7, bias=True)
  )
  (proj): Linear(in_features=1433, out_features=128, bias=True)
)
Epoch: 1, Loss: 1.9632, Train: 0.1429, Val: 0.3020, Test: 0.3040
Epoch: 2, Loss: 1.9887, Train: 0.1429, Val: 0.3020, Test: 0.3050
Epoch: 3, Loss: 1.9812, Train: 0.1571, Val: 0.2540, Test: 0.2720
Epoch: 4, Loss: 1.9617, Train: 0.1571, Val: 0.1620, Test: 0.1800
Epoch: 5, Loss: 1.9946, Train: 0.1500, Val: 0.1620, Test: 0.1550
Epoch: 6, Loss: 1.9548, Train: 0.1429, Val: 0.1600, Test: 0.1480
Epoch: 7, Loss: 1.9689, Train: 0.1643, Val: 0.1660, Test: 0.1500
Epoch: 8, Loss: 1.9607, Train: 0.1786, Val: 0.1680, Test: 0.1540
Epoch: 9, Loss: 1.9538, Train: 0.2000, Val: 0.1740, Test: 0.1550
Epoch: 10, Loss: 1.9218, Train: 0.2071, Val: 0.1700, Test: 0.1550
Epoch: 11, Loss: 1.9602, Train: 0.2000, Val: 0.1680, Test: 0.1560
Epoch: 12, Loss: 1.9465, Train: 0.2214, Val: 0.1700, Test: 0.1570
Epoch: 13, Loss: 1.9596, Train: 0.2286, Val: 0.1720, Test: 0.1630
Epoch: 14, Loss: 1.9527, Train: 0.2429, Val: 0.1840, Test: 0.1740
Epoch: 15, Loss: 1.9519, Train: 0.2571, Val: 0.1900, Test: 0.1860
Epoch: 16, Loss: 1.9301, Train: 0.2643, Val: 0.1880, Test: 0.1870
Epoch: 17, Loss: 1.9402, Train: 0.2643, Val: 0.1960, Test: 0.1890
Epoch: 18, Loss: 1.9527, Train: 0.2643, Val: 0.1960, Test: 0.1870
Epoch: 19, Loss: 1.9447, Train: 0.2714, Val: 0.1960, Test: 0.1880
Epoch: 20, Loss: 1.9514, Train: 0.2857, Val: 0.2040, Test: 0.1940
Epoch: 21, Loss: 1.9414, Train: 0.2857, Val: 0.2060, Test: 0.1920
Epoch: 22, Loss: 1.9222, Train: 0.2857, Val: 0.2040, Test: 0.1930
Epoch: 23, Loss: 1.9446, Train: 0.2786, Val: 0.2040, Test: 0.1820
Epoch: 24, Loss: 1.9262, Train: 0.2714, Val: 0.1920, Test: 0.1780
Epoch: 25, Loss: 1.9465, Train: 0.2571, Val: 0.1620, Test: 0.1560
Epoch: 26, Loss: 1.9437, Train: 0.2286, Val: 0.1280, Test: 0.1290
Epoch: 27, Loss: 1.9488, Train: 0.2214, Val: 0.1240, Test: 0.1260
Epoch: 28, Loss: 1.9071, Train: 0.2429, Val: 0.1340, Test: 0.1340
Epoch: 29, Loss: 1.9517, Train: 0.2357, Val: 0.1400, Test: 0.1470
Epoch: 30, Loss: 1.9184, Train: 0.3071, Val: 0.1520, Test: 0.1710
Epoch: 31, Loss: 1.9532, Train: 0.3643, Val: 0.2060, Test: 0.1930
Epoch: 32, Loss: 1.9161, Train: 0.3429, Val: 0.2340, Test: 0.2130
Epoch: 33, Loss: 1.9310, Train: 0.3357, Val: 0.2320, Test: 0.2310
Epoch: 34, Loss: 1.9150, Train: 0.3857, Val: 0.2820, Test: 0.2850
Epoch: 35, Loss: 1.8898, Train: 0.4214, Val: 0.3340, Test: 0.3350
Epoch: 36, Loss: 1.9306, Train: 0.4286, Val: 0.4160, Test: 0.3990
Epoch: 37, Loss: 1.9220, Train: 0.4357, Val: 0.3960, Test: 0.3850
Epoch: 38, Loss: 1.9440, Train: 0.4571, Val: 0.3720, Test: 0.3440
Epoch: 39, Loss: 1.9032, Train: 0.4714, Val: 0.3580, Test: 0.3500
Epoch: 40, Loss: 1.8903, Train: 0.4714, Val: 0.3420, Test: 0.3450
Epoch: 41, Loss: 1.8943, Train: 0.4571, Val: 0.3380, Test: 0.3300
Epoch: 42, Loss: 1.8873, Train: 0.4357, Val: 0.3400, Test: 0.3150
Epoch: 43, Loss: 1.8688, Train: 0.4571, Val: 0.3560, Test: 0.3360
Epoch: 44, Loss: 1.8457, Train: 0.4571, Val: 0.3480, Test: 0.3320
Epoch: 45, Loss: 1.8130, Train: 0.4286, Val: 0.3440, Test: 0.3250
Epoch: 46, Loss: 1.8369, Train: 0.4500, Val: 0.3380, Test: 0.3180
Epoch: 47, Loss: 1.7932, Train: 0.4857, Val: 0.3340, Test: 0.3280
Epoch: 48, Loss: 1.7742, Train: 0.4857, Val: 0.3360, Test: 0.3160
Epoch: 49, Loss: 1.7955, Train: 0.4929, Val: 0.3360, Test: 0.3120
Epoch: 50, Loss: 1.7471, Train: 0.4786, Val: 0.3400, Test: 0.3110
MAD:  0.5376
Best Test Accuracy: 0.3990, Val Accuracy: 0.4160, Train Accuracy: 0.4286
Training completed.
Seed:  5
PMPGNN(
  (convs): ModuleList(
    (0): ParallelGNNBlock(
      (conv1): GATv2Conv(128, 128, heads=1)
      (conv2): GATv2Conv(128, 128, heads=1)
      (norm): LayerNorm((128,), eps=1e-05, elementwise_affine=True)
    )
    (1-11): 11 x ParallelGNNBlock(
      (conv1): GATv2Conv(256, 128, heads=1)
      (conv2): GATv2Conv(256, 128, heads=1)
      (norm): LayerNorm((128,), eps=1e-05, elementwise_affine=True)
    )
  )
  (norm): LayerNorm((256,), eps=1e-05, elementwise_affine=True)
  (mlp): Sequential(
    (0): Linear(in_features=256, out_features=64, bias=True)
    (1): LeakyReLU(negative_slope=0.01)
    (2): Dropout(p=0.3, inplace=False)
    (3): Linear(in_features=64, out_features=7, bias=True)
  )
  (proj): Linear(in_features=1433, out_features=128, bias=True)
)
Epoch: 1, Loss: 1.9989, Train: 0.1071, Val: 0.0520, Test: 0.0660
Epoch: 2, Loss: 1.9871, Train: 0.1143, Val: 0.0660, Test: 0.0760
Epoch: 3, Loss: 1.9689, Train: 0.1357, Val: 0.0860, Test: 0.1000
Epoch: 4, Loss: 1.9996, Train: 0.1500, Val: 0.0820, Test: 0.1080
Epoch: 5, Loss: 1.9812, Train: 0.1643, Val: 0.0840, Test: 0.1030
Epoch: 6, Loss: 1.9801, Train: 0.1786, Val: 0.0820, Test: 0.1120
Epoch: 7, Loss: 1.9658, Train: 0.1786, Val: 0.1040, Test: 0.1360
Epoch: 8, Loss: 1.9900, Train: 0.1714, Val: 0.2040, Test: 0.2180
Epoch: 9, Loss: 1.9447, Train: 0.1429, Val: 0.2960, Test: 0.3070
Epoch: 10, Loss: 1.9579, Train: 0.1786, Val: 0.3200, Test: 0.3150
Epoch: 11, Loss: 1.9528, Train: 0.2071, Val: 0.3260, Test: 0.3170
Epoch: 12, Loss: 1.9620, Train: 0.2214, Val: 0.2840, Test: 0.2890
Epoch: 13, Loss: 1.9795, Train: 0.2071, Val: 0.2500, Test: 0.2430
Epoch: 14, Loss: 1.9572, Train: 0.1857, Val: 0.2000, Test: 0.1780
Epoch: 15, Loss: 1.9451, Train: 0.1643, Val: 0.1760, Test: 0.1560
Epoch: 16, Loss: 1.9387, Train: 0.1429, Val: 0.1580, Test: 0.1440
Epoch: 17, Loss: 1.9500, Train: 0.1429, Val: 0.1560, Test: 0.1430
Epoch: 18, Loss: 1.9524, Train: 0.1429, Val: 0.1560, Test: 0.1440
Epoch: 19, Loss: 1.9675, Train: 0.1429, Val: 0.1580, Test: 0.1440
Epoch: 20, Loss: 1.9518, Train: 0.1429, Val: 0.1580, Test: 0.1460
Epoch: 21, Loss: 1.9426, Train: 0.1429, Val: 0.1580, Test: 0.1450
Epoch: 22, Loss: 1.9592, Train: 0.1429, Val: 0.1580, Test: 0.1440
Epoch: 23, Loss: 1.9675, Train: 0.1429, Val: 0.1580, Test: 0.1440
Epoch: 24, Loss: 1.9350, Train: 0.1429, Val: 0.1580, Test: 0.1440
Epoch: 25, Loss: 1.9349, Train: 0.1429, Val: 0.1580, Test: 0.1440
Epoch: 26, Loss: 1.9507, Train: 0.1429, Val: 0.1600, Test: 0.1460
Epoch: 27, Loss: 1.9634, Train: 0.1429, Val: 0.1600, Test: 0.1470
Epoch: 28, Loss: 1.9525, Train: 0.1643, Val: 0.1600, Test: 0.1540
Epoch: 29, Loss: 1.9369, Train: 0.1857, Val: 0.1560, Test: 0.1620
Epoch: 30, Loss: 1.9617, Train: 0.2357, Val: 0.1640, Test: 0.1710
Epoch: 31, Loss: 1.9260, Train: 0.3071, Val: 0.2140, Test: 0.2140
Epoch: 32, Loss: 1.9271, Train: 0.3143, Val: 0.2200, Test: 0.2230
Epoch: 33, Loss: 1.9374, Train: 0.3143, Val: 0.2000, Test: 0.2150
Epoch: 34, Loss: 1.9468, Train: 0.2786, Val: 0.1640, Test: 0.1820
Epoch: 35, Loss: 1.9429, Train: 0.2500, Val: 0.1140, Test: 0.1280
Epoch: 36, Loss: 1.9366, Train: 0.2714, Val: 0.1200, Test: 0.1430
Epoch: 37, Loss: 1.9073, Train: 0.2929, Val: 0.1520, Test: 0.1730
Epoch: 38, Loss: 1.9544, Train: 0.3429, Val: 0.2260, Test: 0.2270
Epoch: 39, Loss: 1.9336, Train: 0.3857, Val: 0.2580, Test: 0.2490
Epoch: 40, Loss: 1.9264, Train: 0.4000, Val: 0.2720, Test: 0.2560
Epoch: 41, Loss: 1.9028, Train: 0.4000, Val: 0.2780, Test: 0.2720
Epoch: 42, Loss: 1.9049, Train: 0.4000, Val: 0.2800, Test: 0.2840
Epoch: 43, Loss: 1.9030, Train: 0.4143, Val: 0.2760, Test: 0.2730
Epoch: 44, Loss: 1.9085, Train: 0.3929, Val: 0.2620, Test: 0.2690
Epoch: 45, Loss: 1.9123, Train: 0.4071, Val: 0.2560, Test: 0.2710
Epoch: 46, Loss: 1.8846, Train: 0.4071, Val: 0.2720, Test: 0.2790
Epoch: 47, Loss: 1.8707, Train: 0.4214, Val: 0.2700, Test: 0.2820
Epoch: 48, Loss: 1.8650, Train: 0.4286, Val: 0.2760, Test: 0.2880
Epoch: 49, Loss: 1.8306, Train: 0.4429, Val: 0.2720, Test: 0.2840
Epoch: 50, Loss: 1.8152, Train: 0.4429, Val: 0.2920, Test: 0.2970
MAD:  0.0326
Best Test Accuracy: 0.3170, Val Accuracy: 0.3260, Train Accuracy: 0.2071
Training completed.
Seed:  6
PMPGNN(
  (convs): ModuleList(
    (0): ParallelGNNBlock(
      (conv1): GATv2Conv(128, 128, heads=1)
      (conv2): GATv2Conv(128, 128, heads=1)
      (norm): LayerNorm((128,), eps=1e-05, elementwise_affine=True)
    )
    (1-11): 11 x ParallelGNNBlock(
      (conv1): GATv2Conv(256, 128, heads=1)
      (conv2): GATv2Conv(256, 128, heads=1)
      (norm): LayerNorm((128,), eps=1e-05, elementwise_affine=True)
    )
  )
  (norm): LayerNorm((256,), eps=1e-05, elementwise_affine=True)
  (mlp): Sequential(
    (0): Linear(in_features=256, out_features=64, bias=True)
    (1): LeakyReLU(negative_slope=0.01)
    (2): Dropout(p=0.3, inplace=False)
    (3): Linear(in_features=64, out_features=7, bias=True)
  )
  (proj): Linear(in_features=1433, out_features=128, bias=True)
)
Epoch: 1, Loss: 2.0007, Train: 0.1429, Val: 0.2140, Test: 0.2180
Epoch: 2, Loss: 1.9900, Train: 0.1500, Val: 0.1540, Test: 0.1670
Epoch: 3, Loss: 1.9677, Train: 0.1429, Val: 0.1480, Test: 0.1420
Epoch: 4, Loss: 1.9662, Train: 0.1429, Val: 0.1560, Test: 0.1480
Epoch: 5, Loss: 1.9657, Train: 0.1500, Val: 0.1620, Test: 0.1470
Epoch: 6, Loss: 2.0077, Train: 0.1500, Val: 0.1700, Test: 0.1500
Epoch: 7, Loss: 1.9896, Train: 0.1643, Val: 0.1720, Test: 0.1620
Epoch: 8, Loss: 1.9708, Train: 0.2429, Val: 0.1980, Test: 0.1760
Epoch: 9, Loss: 1.9537, Train: 0.2643, Val: 0.2020, Test: 0.2020
Epoch: 10, Loss: 1.9154, Train: 0.2286, Val: 0.1460, Test: 0.1660
Epoch: 11, Loss: 1.9870, Train: 0.1929, Val: 0.1160, Test: 0.1260
Epoch: 12, Loss: 1.9839, Train: 0.1714, Val: 0.0820, Test: 0.1010
Epoch: 13, Loss: 1.9544, Train: 0.1500, Val: 0.0740, Test: 0.0970
Epoch: 14, Loss: 1.9579, Train: 0.1500, Val: 0.0740, Test: 0.0970
Epoch: 15, Loss: 1.9669, Train: 0.1643, Val: 0.0800, Test: 0.1040
Epoch: 16, Loss: 1.9564, Train: 0.1786, Val: 0.0800, Test: 0.1070
Epoch: 17, Loss: 1.9633, Train: 0.1786, Val: 0.0800, Test: 0.1090
Epoch: 18, Loss: 1.9511, Train: 0.1857, Val: 0.0800, Test: 0.1100
Epoch: 19, Loss: 1.9654, Train: 0.1786, Val: 0.0820, Test: 0.1110
Epoch: 20, Loss: 1.9633, Train: 0.2143, Val: 0.0800, Test: 0.1130
Epoch: 21, Loss: 1.9357, Train: 0.2143, Val: 0.0820, Test: 0.1120
Epoch: 22, Loss: 1.9291, Train: 0.2143, Val: 0.0820, Test: 0.1130
Epoch: 23, Loss: 1.9350, Train: 0.2357, Val: 0.0840, Test: 0.1210
Epoch: 24, Loss: 1.9214, Train: 0.2643, Val: 0.0920, Test: 0.1270
Epoch: 25, Loss: 1.9555, Train: 0.2857, Val: 0.1240, Test: 0.1590
Epoch: 26, Loss: 1.9354, Train: 0.3286, Val: 0.1820, Test: 0.1970
Epoch: 27, Loss: 1.9427, Train: 0.3571, Val: 0.2280, Test: 0.2300
Epoch: 28, Loss: 1.9292, Train: 0.3786, Val: 0.2400, Test: 0.2460
Epoch: 29, Loss: 1.9420, Train: 0.3714, Val: 0.2500, Test: 0.2580
Epoch: 30, Loss: 1.9484, Train: 0.3714, Val: 0.2480, Test: 0.2540
Epoch: 31, Loss: 1.8917, Train: 0.3786, Val: 0.2480, Test: 0.2550
Epoch: 32, Loss: 1.9216, Train: 0.3786, Val: 0.2460, Test: 0.2540
Epoch: 33, Loss: 1.9399, Train: 0.3857, Val: 0.2460, Test: 0.2560
Epoch: 34, Loss: 1.9271, Train: 0.3643, Val: 0.2340, Test: 0.2540
Epoch: 35, Loss: 1.8991, Train: 0.3714, Val: 0.2360, Test: 0.2470
Epoch: 36, Loss: 1.9173, Train: 0.3714, Val: 0.2380, Test: 0.2460
Epoch: 37, Loss: 1.9187, Train: 0.3714, Val: 0.2360, Test: 0.2470
Epoch: 38, Loss: 1.9019, Train: 0.3571, Val: 0.2340, Test: 0.2420
Epoch: 39, Loss: 1.8822, Train: 0.3429, Val: 0.2240, Test: 0.2370
Epoch: 40, Loss: 1.8907, Train: 0.3571, Val: 0.2120, Test: 0.2250
Epoch: 41, Loss: 1.8770, Train: 0.3571, Val: 0.2060, Test: 0.2120
Epoch: 42, Loss: 1.8603, Train: 0.3714, Val: 0.2000, Test: 0.2150
Epoch: 43, Loss: 1.8522, Train: 0.3857, Val: 0.2140, Test: 0.2240
Epoch: 44, Loss: 1.8428, Train: 0.3714, Val: 0.2040, Test: 0.2250
Epoch: 45, Loss: 1.8087, Train: 0.3571, Val: 0.2100, Test: 0.2100
Epoch: 46, Loss: 1.7781, Train: 0.3357, Val: 0.1960, Test: 0.2040
Epoch: 47, Loss: 1.7613, Train: 0.3429, Val: 0.1660, Test: 0.1960
Epoch: 48, Loss: 1.7483, Train: 0.3429, Val: 0.1560, Test: 0.1940
Epoch: 49, Loss: 1.7333, Train: 0.3357, Val: 0.1600, Test: 0.1900
Epoch: 50, Loss: 1.6859, Train: 0.3286, Val: 0.1800, Test: 0.2050
MAD:  0.063
Best Test Accuracy: 0.2580, Val Accuracy: 0.2500, Train Accuracy: 0.3714
Training completed.
Seed:  7
PMPGNN(
  (convs): ModuleList(
    (0): ParallelGNNBlock(
      (conv1): GATv2Conv(128, 128, heads=1)
      (conv2): GATv2Conv(128, 128, heads=1)
      (norm): LayerNorm((128,), eps=1e-05, elementwise_affine=True)
    )
    (1-11): 11 x ParallelGNNBlock(
      (conv1): GATv2Conv(256, 128, heads=1)
      (conv2): GATv2Conv(256, 128, heads=1)
      (norm): LayerNorm((128,), eps=1e-05, elementwise_affine=True)
    )
  )
  (norm): LayerNorm((256,), eps=1e-05, elementwise_affine=True)
  (mlp): Sequential(
    (0): Linear(in_features=256, out_features=64, bias=True)
    (1): LeakyReLU(negative_slope=0.01)
    (2): Dropout(p=0.3, inplace=False)
    (3): Linear(in_features=64, out_features=7, bias=True)
  )
  (proj): Linear(in_features=1433, out_features=128, bias=True)
)
Epoch: 1, Loss: 1.9539, Train: 0.2571, Val: 0.2520, Test: 0.2860
Epoch: 2, Loss: 1.9655, Train: 0.1857, Val: 0.2180, Test: 0.2040
Epoch: 3, Loss: 1.9716, Train: 0.1429, Val: 0.1220, Test: 0.1300
Epoch: 4, Loss: 1.9825, Train: 0.1429, Val: 0.1220, Test: 0.1300
Epoch: 5, Loss: 1.9557, Train: 0.1429, Val: 0.1220, Test: 0.1300
Epoch: 6, Loss: 1.9741, Train: 0.1429, Val: 0.1220, Test: 0.1300
Epoch: 7, Loss: 1.9721, Train: 0.1429, Val: 0.1220, Test: 0.1300
Epoch: 8, Loss: 1.9676, Train: 0.1429, Val: 0.1220, Test: 0.1300
Epoch: 9, Loss: 1.9473, Train: 0.1429, Val: 0.1220, Test: 0.1300
Epoch: 10, Loss: 1.9701, Train: 0.1429, Val: 0.1220, Test: 0.1300
Epoch: 11, Loss: 1.9436, Train: 0.1429, Val: 0.1220, Test: 0.1300
Epoch: 12, Loss: 1.9537, Train: 0.1429, Val: 0.1220, Test: 0.1300
Epoch: 13, Loss: 1.9459, Train: 0.1429, Val: 0.1220, Test: 0.1300
Epoch: 14, Loss: 1.9484, Train: 0.1429, Val: 0.1220, Test: 0.1300
Epoch: 15, Loss: 1.9657, Train: 0.1429, Val: 0.1220, Test: 0.1300
Epoch: 16, Loss: 1.9620, Train: 0.1429, Val: 0.1220, Test: 0.1300
Epoch: 17, Loss: 1.9582, Train: 0.1429, Val: 0.1220, Test: 0.1300
Epoch: 18, Loss: 1.9645, Train: 0.1429, Val: 0.1220, Test: 0.1310
Epoch: 19, Loss: 1.9510, Train: 0.1857, Val: 0.1220, Test: 0.1400
Epoch: 20, Loss: 1.9550, Train: 0.2357, Val: 0.1260, Test: 0.1540
Epoch: 21, Loss: 1.9568, Train: 0.2286, Val: 0.1600, Test: 0.1570
Epoch: 22, Loss: 1.9634, Train: 0.2429, Val: 0.1700, Test: 0.1600
Epoch: 23, Loss: 1.9653, Train: 0.3143, Val: 0.2400, Test: 0.2260
Epoch: 24, Loss: 1.9497, Train: 0.3571, Val: 0.2840, Test: 0.2630
Epoch: 25, Loss: 1.9467, Train: 0.3786, Val: 0.3080, Test: 0.2660
Epoch: 26, Loss: 1.9459, Train: 0.3857, Val: 0.3200, Test: 0.2790
Epoch: 27, Loss: 1.9553, Train: 0.4143, Val: 0.3140, Test: 0.3020
Epoch: 28, Loss: 1.9464, Train: 0.4071, Val: 0.2980, Test: 0.2950
Epoch: 29, Loss: 1.9286, Train: 0.4000, Val: 0.2880, Test: 0.2890
Epoch: 30, Loss: 1.9411, Train: 0.4000, Val: 0.3160, Test: 0.3180
Epoch: 31, Loss: 1.9375, Train: 0.3857, Val: 0.3220, Test: 0.3010
Epoch: 32, Loss: 1.9336, Train: 0.3714, Val: 0.3300, Test: 0.3120
Epoch: 33, Loss: 1.9236, Train: 0.4071, Val: 0.3480, Test: 0.3220
Epoch: 34, Loss: 1.9199, Train: 0.4214, Val: 0.3700, Test: 0.3400
Epoch: 35, Loss: 1.9208, Train: 0.4071, Val: 0.3680, Test: 0.3420
Epoch: 36, Loss: 1.9149, Train: 0.4357, Val: 0.3720, Test: 0.3470
Epoch: 37, Loss: 1.9269, Train: 0.4143, Val: 0.3660, Test: 0.3460
Epoch: 38, Loss: 1.9489, Train: 0.4143, Val: 0.3680, Test: 0.3340
Epoch: 39, Loss: 1.9156, Train: 0.4286, Val: 0.3740, Test: 0.3450
Epoch: 40, Loss: 1.9162, Train: 0.4429, Val: 0.3640, Test: 0.3370
Epoch: 41, Loss: 1.9009, Train: 0.4214, Val: 0.3560, Test: 0.3360
Epoch: 42, Loss: 1.8786, Train: 0.4286, Val: 0.3600, Test: 0.3430
Epoch: 43, Loss: 1.8533, Train: 0.4571, Val: 0.3580, Test: 0.3360
Epoch: 44, Loss: 1.8856, Train: 0.4500, Val: 0.3400, Test: 0.3230
Epoch: 45, Loss: 1.8717, Train: 0.4143, Val: 0.3240, Test: 0.3000
Epoch: 46, Loss: 1.8462, Train: 0.3643, Val: 0.3020, Test: 0.2680
Epoch: 47, Loss: 1.7975, Train: 0.3714, Val: 0.2940, Test: 0.2650
Epoch: 48, Loss: 1.8127, Train: 0.3786, Val: 0.2900, Test: 0.2660
Epoch: 49, Loss: 1.7732, Train: 0.3857, Val: 0.2960, Test: 0.2760
Epoch: 50, Loss: 1.7542, Train: 0.3857, Val: 0.3080, Test: 0.2830
MAD:  0.2547
Best Test Accuracy: 0.3470, Val Accuracy: 0.3720, Train Accuracy: 0.4357
Training completed.
Seed:  8
PMPGNN(
  (convs): ModuleList(
    (0): ParallelGNNBlock(
      (conv1): GATv2Conv(128, 128, heads=1)
      (conv2): GATv2Conv(128, 128, heads=1)
      (norm): LayerNorm((128,), eps=1e-05, elementwise_affine=True)
    )
    (1-11): 11 x ParallelGNNBlock(
      (conv1): GATv2Conv(256, 128, heads=1)
      (conv2): GATv2Conv(256, 128, heads=1)
      (norm): LayerNorm((128,), eps=1e-05, elementwise_affine=True)
    )
  )
  (norm): LayerNorm((256,), eps=1e-05, elementwise_affine=True)
  (mlp): Sequential(
    (0): Linear(in_features=256, out_features=64, bias=True)
    (1): LeakyReLU(negative_slope=0.01)
    (2): Dropout(p=0.3, inplace=False)
    (3): Linear(in_features=64, out_features=7, bias=True)
  )
  (proj): Linear(in_features=1433, out_features=128, bias=True)
)
Epoch: 1, Loss: 1.9338, Train: 0.1786, Val: 0.2060, Test: 0.2260
Epoch: 2, Loss: 1.9817, Train: 0.1643, Val: 0.2160, Test: 0.2130
Epoch: 3, Loss: 1.9530, Train: 0.2000, Val: 0.1740, Test: 0.1670
Epoch: 4, Loss: 1.9644, Train: 0.2143, Val: 0.1820, Test: 0.1860
Epoch: 5, Loss: 1.9583, Train: 0.2000, Val: 0.1760, Test: 0.2080
Epoch: 6, Loss: 1.9768, Train: 0.1714, Val: 0.1200, Test: 0.1630
Epoch: 7, Loss: 1.9553, Train: 0.1643, Val: 0.0980, Test: 0.1140
Epoch: 8, Loss: 1.9566, Train: 0.1857, Val: 0.0820, Test: 0.1030
Epoch: 9, Loss: 1.9610, Train: 0.1786, Val: 0.0800, Test: 0.0980
Epoch: 10, Loss: 1.9486, Train: 0.1714, Val: 0.0780, Test: 0.0950
Epoch: 11, Loss: 1.9399, Train: 0.1714, Val: 0.0760, Test: 0.0950
Epoch: 12, Loss: 1.9761, Train: 0.1714, Val: 0.0740, Test: 0.0940
Epoch: 13, Loss: 1.9326, Train: 0.1714, Val: 0.0740, Test: 0.0920
Epoch: 14, Loss: 1.9610, Train: 0.1643, Val: 0.0740, Test: 0.0920
Epoch: 15, Loss: 1.9353, Train: 0.1786, Val: 0.0740, Test: 0.0930
Epoch: 16, Loss: 1.9709, Train: 0.1857, Val: 0.0760, Test: 0.0940
Epoch: 17, Loss: 1.9778, Train: 0.1786, Val: 0.0740, Test: 0.0930
Epoch: 18, Loss: 1.9525, Train: 0.1786, Val: 0.0720, Test: 0.0940
Epoch: 19, Loss: 1.9537, Train: 0.1857, Val: 0.0720, Test: 0.0940
Epoch: 20, Loss: 1.9418, Train: 0.1857, Val: 0.0740, Test: 0.0940
Epoch: 21, Loss: 1.9363, Train: 0.2000, Val: 0.0740, Test: 0.0960
Epoch: 22, Loss: 1.9221, Train: 0.2000, Val: 0.0740, Test: 0.0920
Epoch: 23, Loss: 1.9413, Train: 0.1929, Val: 0.0760, Test: 0.0880
Epoch: 24, Loss: 1.9506, Train: 0.2214, Val: 0.0840, Test: 0.0930
Epoch: 25, Loss: 1.9305, Train: 0.2786, Val: 0.1500, Test: 0.1500
Epoch: 26, Loss: 1.9590, Train: 0.3000, Val: 0.2040, Test: 0.1790
Epoch: 27, Loss: 1.9692, Train: 0.3214, Val: 0.2460, Test: 0.2300
Epoch: 28, Loss: 1.9249, Train: 0.3214, Val: 0.2780, Test: 0.2540
Epoch: 29, Loss: 1.9334, Train: 0.3500, Val: 0.2900, Test: 0.2680
Epoch: 30, Loss: 1.9532, Train: 0.3786, Val: 0.3280, Test: 0.3050
Epoch: 31, Loss: 1.9210, Train: 0.4000, Val: 0.3780, Test: 0.3810
Epoch: 32, Loss: 1.9475, Train: 0.4714, Val: 0.4360, Test: 0.4380
Epoch: 33, Loss: 1.8973, Train: 0.4500, Val: 0.4220, Test: 0.4150
Epoch: 34, Loss: 1.9323, Train: 0.4214, Val: 0.4120, Test: 0.4010
Epoch: 35, Loss: 1.9047, Train: 0.4286, Val: 0.3940, Test: 0.3760
Epoch: 36, Loss: 1.8896, Train: 0.4214, Val: 0.3700, Test: 0.3580
Epoch: 37, Loss: 1.9125, Train: 0.4357, Val: 0.3660, Test: 0.3520
Epoch: 38, Loss: 1.9116, Train: 0.4286, Val: 0.3740, Test: 0.3540
Epoch: 39, Loss: 1.8905, Train: 0.4143, Val: 0.3440, Test: 0.3330
Epoch: 40, Loss: 1.8800, Train: 0.4143, Val: 0.3160, Test: 0.3180
Epoch: 41, Loss: 1.8601, Train: 0.4000, Val: 0.3000, Test: 0.3030
Epoch: 42, Loss: 1.8546, Train: 0.3643, Val: 0.2820, Test: 0.2980
Epoch: 43, Loss: 1.8506, Train: 0.3429, Val: 0.2660, Test: 0.2850
Epoch: 44, Loss: 1.8526, Train: 0.3714, Val: 0.2640, Test: 0.2740
Epoch: 45, Loss: 1.7941, Train: 0.3643, Val: 0.2580, Test: 0.2580
Epoch: 46, Loss: 1.7577, Train: 0.3571, Val: 0.2440, Test: 0.2530
Epoch: 47, Loss: 1.7547, Train: 0.3643, Val: 0.2520, Test: 0.2410
Epoch: 48, Loss: 1.7427, Train: 0.3786, Val: 0.2660, Test: 0.2520
Epoch: 49, Loss: 1.6900, Train: 0.3714, Val: 0.2520, Test: 0.2460
Epoch: 50, Loss: 1.6881, Train: 0.3000, Val: 0.2280, Test: 0.2270
MAD:  0.2521
Best Test Accuracy: 0.4380, Val Accuracy: 0.4360, Train Accuracy: 0.4714
Training completed.
Seed:  9
PMPGNN(
  (convs): ModuleList(
    (0): ParallelGNNBlock(
      (conv1): GATv2Conv(128, 128, heads=1)
      (conv2): GATv2Conv(128, 128, heads=1)
      (norm): LayerNorm((128,), eps=1e-05, elementwise_affine=True)
    )
    (1-11): 11 x ParallelGNNBlock(
      (conv1): GATv2Conv(256, 128, heads=1)
      (conv2): GATv2Conv(256, 128, heads=1)
      (norm): LayerNorm((128,), eps=1e-05, elementwise_affine=True)
    )
  )
  (norm): LayerNorm((256,), eps=1e-05, elementwise_affine=True)
  (mlp): Sequential(
    (0): Linear(in_features=256, out_features=64, bias=True)
    (1): LeakyReLU(negative_slope=0.01)
    (2): Dropout(p=0.3, inplace=False)
    (3): Linear(in_features=64, out_features=7, bias=True)
  )
  (proj): Linear(in_features=1433, out_features=128, bias=True)
)
Epoch: 1, Loss: 1.9610, Train: 0.2500, Val: 0.2200, Test: 0.1950
Epoch: 2, Loss: 1.9573, Train: 0.1929, Val: 0.1640, Test: 0.1800
Epoch: 3, Loss: 1.9850, Train: 0.1714, Val: 0.0800, Test: 0.0990
Epoch: 4, Loss: 1.9510, Train: 0.1786, Val: 0.0880, Test: 0.1060
Epoch: 5, Loss: 1.9528, Train: 0.1786, Val: 0.1160, Test: 0.1230
Epoch: 6, Loss: 1.9537, Train: 0.1643, Val: 0.1240, Test: 0.1260
Epoch: 7, Loss: 1.9391, Train: 0.1786, Val: 0.1240, Test: 0.1380
Epoch: 8, Loss: 1.9706, Train: 0.1857, Val: 0.1380, Test: 0.1500
Epoch: 9, Loss: 1.9461, Train: 0.2071, Val: 0.1620, Test: 0.1630
Epoch: 10, Loss: 2.0055, Train: 0.2143, Val: 0.1340, Test: 0.1590
Epoch: 11, Loss: 1.9597, Train: 0.2071, Val: 0.0880, Test: 0.1090
Epoch: 12, Loss: 1.9523, Train: 0.2000, Val: 0.0740, Test: 0.0960
Epoch: 13, Loss: 1.9574, Train: 0.1929, Val: 0.0740, Test: 0.0980
Epoch: 14, Loss: 1.9527, Train: 0.1929, Val: 0.0760, Test: 0.1030
Epoch: 15, Loss: 1.9628, Train: 0.1929, Val: 0.0760, Test: 0.1000
Epoch: 16, Loss: 1.9659, Train: 0.2000, Val: 0.0840, Test: 0.1040
Epoch: 17, Loss: 1.9662, Train: 0.2143, Val: 0.0900, Test: 0.1070
Epoch: 18, Loss: 1.9497, Train: 0.2429, Val: 0.0980, Test: 0.1260
Epoch: 19, Loss: 1.9464, Train: 0.2714, Val: 0.1260, Test: 0.1390
Epoch: 20, Loss: 1.9234, Train: 0.2714, Val: 0.1540, Test: 0.1630
Epoch: 21, Loss: 1.9637, Train: 0.2929, Val: 0.1680, Test: 0.1680
Epoch: 22, Loss: 1.9380, Train: 0.2857, Val: 0.1660, Test: 0.1600
Epoch: 23, Loss: 1.9251, Train: 0.2857, Val: 0.1620, Test: 0.1470
Epoch: 24, Loss: 1.8987, Train: 0.3071, Val: 0.1620, Test: 0.1510
Epoch: 25, Loss: 1.9391, Train: 0.3143, Val: 0.1720, Test: 0.1670
Epoch: 26, Loss: 1.9191, Train: 0.3214, Val: 0.1720, Test: 0.1700
Epoch: 27, Loss: 1.9090, Train: 0.3357, Val: 0.1880, Test: 0.1750
Epoch: 28, Loss: 1.9286, Train: 0.3357, Val: 0.1920, Test: 0.1850
Epoch: 29, Loss: 1.9250, Train: 0.3286, Val: 0.1880, Test: 0.1840
Epoch: 30, Loss: 1.9058, Train: 0.3429, Val: 0.1860, Test: 0.1920
Epoch: 31, Loss: 1.9160, Train: 0.3643, Val: 0.2200, Test: 0.2060
Epoch: 32, Loss: 1.9078, Train: 0.4214, Val: 0.2620, Test: 0.2510
Epoch: 33, Loss: 1.9261, Train: 0.4286, Val: 0.2780, Test: 0.2700
Epoch: 34, Loss: 1.8491, Train: 0.4786, Val: 0.3240, Test: 0.3020
Epoch: 35, Loss: 1.8838, Train: 0.4929, Val: 0.3500, Test: 0.3310
Epoch: 36, Loss: 1.8794, Train: 0.4857, Val: 0.3680, Test: 0.3580
Epoch: 37, Loss: 1.8291, Train: 0.4857, Val: 0.3700, Test: 0.3520
Epoch: 38, Loss: 1.8489, Train: 0.4571, Val: 0.3140, Test: 0.2960
Epoch: 39, Loss: 1.8111, Train: 0.4143, Val: 0.2700, Test: 0.2580
Epoch: 40, Loss: 1.7582, Train: 0.4143, Val: 0.2700, Test: 0.2550
Epoch: 41, Loss: 1.7882, Train: 0.4071, Val: 0.2760, Test: 0.2580
Epoch: 42, Loss: 1.7519, Train: 0.3714, Val: 0.2700, Test: 0.2410
Epoch: 43, Loss: 1.7039, Train: 0.3643, Val: 0.2600, Test: 0.2280
Epoch: 44, Loss: 1.7001, Train: 0.3357, Val: 0.2320, Test: 0.2040
Epoch: 45, Loss: 1.6874, Train: 0.3286, Val: 0.2220, Test: 0.1960
Epoch: 46, Loss: 1.6776, Train: 0.3357, Val: 0.2340, Test: 0.2020
Epoch: 47, Loss: 1.5844, Train: 0.3714, Val: 0.2560, Test: 0.2180
Epoch: 48, Loss: 1.5613, Train: 0.4357, Val: 0.2860, Test: 0.2650
Epoch: 49, Loss: 1.5723, Train: 0.4643, Val: 0.3320, Test: 0.2990
Epoch: 50, Loss: 1.5119, Train: 0.5071, Val: 0.3700, Test: 0.3400
MAD:  0.3896
Best Test Accuracy: 0.3580, Val Accuracy: 0.3680, Train Accuracy: 0.4857
Training completed.
Average Test Accuracy:  0.4196 ± 0.0959189240973855
Average MAD:  0.36132 ± 0.22762985217233703
