Seed:  0
PMPGNN(
  (convs): ModuleList(
    (0): ParallelGNNBlock(
      (conv1): GATv2Conv(128, 128, heads=4)
      (conv2): GATv2Conv(128, 128, heads=4)
      (norm): LayerNorm((128,), eps=1e-05, elementwise_affine=True)
    )
    (1-7): 7 x ParallelGNNBlock(
      (conv1): GATv2Conv(1024, 128, heads=4)
      (conv2): GATv2Conv(1024, 128, heads=4)
      (norm): LayerNorm((128,), eps=1e-05, elementwise_affine=True)
    )
    (8): GATv2Conv(1024, 256, heads=4)
  )
  (norm): LayerNorm((1024,), eps=1e-05, elementwise_affine=True)
  (mlp): Sequential(
    (0): Linear(in_features=1024, out_features=64, bias=True)
    (1): LeakyReLU(negative_slope=0.01)
    (2): Dropout(p=0.3, inplace=False)
    (3): Linear(in_features=64, out_features=7, bias=True)
  )
  (proj): Linear(in_features=1433, out_features=128, bias=True)
)
Epoch: 1, Loss: 1.9368, Train: 0.1500, Val: 0.1220, Test: 0.1300
Epoch: 2, Loss: 1.9515, Train: 0.1429, Val: 0.0720, Test: 0.0910
Epoch: 3, Loss: 1.9389, Train: 0.1429, Val: 0.0720, Test: 0.0910
Epoch: 4, Loss: 1.9830, Train: 0.2286, Val: 0.3380, Test: 0.3180
Epoch: 5, Loss: 1.9543, Train: 0.1429, Val: 0.3160, Test: 0.3190
Epoch: 6, Loss: 1.9621, Train: 0.1429, Val: 0.3160, Test: 0.3190
Epoch: 7, Loss: 1.9596, Train: 0.1429, Val: 0.1620, Test: 0.1490
Epoch: 8, Loss: 1.9558, Train: 0.1429, Val: 0.1620, Test: 0.1490
Epoch: 9, Loss: 1.9155, Train: 0.2357, Val: 0.2320, Test: 0.2020
Epoch: 10, Loss: 1.9567, Train: 0.2286, Val: 0.1400, Test: 0.1370
Epoch: 11, Loss: 1.9447, Train: 0.1929, Val: 0.0840, Test: 0.1100
Epoch: 12, Loss: 1.9393, Train: 0.1643, Val: 0.1220, Test: 0.1350
Epoch: 13, Loss: 1.9427, Train: 0.1429, Val: 0.1220, Test: 0.1300
Epoch: 14, Loss: 1.9489, Train: 0.1429, Val: 0.1220, Test: 0.1300
Epoch: 15, Loss: 1.9581, Train: 0.1929, Val: 0.1380, Test: 0.1440
Epoch: 16, Loss: 1.9550, Train: 0.2857, Val: 0.1500, Test: 0.1540
Epoch: 17, Loss: 1.9563, Train: 0.1929, Val: 0.0660, Test: 0.0820
Epoch: 18, Loss: 1.9452, Train: 0.2429, Val: 0.1040, Test: 0.1300
Epoch: 19, Loss: 1.9347, Train: 0.2071, Val: 0.0740, Test: 0.1000
Epoch: 20, Loss: 1.9246, Train: 0.2071, Val: 0.1620, Test: 0.1600
Epoch: 21, Loss: 1.9501, Train: 0.1429, Val: 0.1620, Test: 0.1490
Epoch: 22, Loss: 1.9622, Train: 0.1429, Val: 0.1620, Test: 0.1490
Epoch: 23, Loss: 1.9154, Train: 0.1786, Val: 0.1620, Test: 0.1520
Epoch: 24, Loss: 1.9425, Train: 0.2071, Val: 0.1640, Test: 0.1590
Epoch: 25, Loss: 1.9317, Train: 0.2929, Val: 0.2000, Test: 0.1980
Epoch: 26, Loss: 1.9156, Train: 0.3214, Val: 0.1740, Test: 0.2020
Epoch: 27, Loss: 1.8794, Train: 0.3214, Val: 0.1380, Test: 0.1710
Epoch: 28, Loss: 1.8726, Train: 0.3286, Val: 0.1560, Test: 0.1980
Epoch: 29, Loss: 1.8450, Train: 0.3429, Val: 0.1680, Test: 0.2070
Epoch: 30, Loss: 1.7900, Train: 0.3357, Val: 0.1780, Test: 0.2190
Epoch: 31, Loss: 1.7022, Train: 0.3286, Val: 0.1440, Test: 0.1800
Epoch: 32, Loss: 1.7303, Train: 0.3143, Val: 0.1760, Test: 0.2030
Epoch: 33, Loss: 1.6738, Train: 0.3286, Val: 0.1560, Test: 0.1850
Epoch: 34, Loss: 1.6168, Train: 0.3214, Val: 0.2120, Test: 0.2310
Epoch: 35, Loss: 1.5057, Train: 0.3857, Val: 0.2040, Test: 0.2060
Epoch: 36, Loss: 1.5481, Train: 0.3643, Val: 0.2360, Test: 0.2980
Epoch: 37, Loss: 1.4744, Train: 0.4500, Val: 0.3840, Test: 0.3670
Epoch: 38, Loss: 1.3676, Train: 0.5429, Val: 0.4460, Test: 0.4570
Epoch: 39, Loss: 1.3113, Train: 0.5071, Val: 0.3840, Test: 0.3800
Epoch: 40, Loss: 1.3514, Train: 0.5857, Val: 0.4240, Test: 0.4530
Epoch: 41, Loss: 1.3132, Train: 0.6786, Val: 0.4140, Test: 0.4300
Epoch: 42, Loss: 1.1660, Train: 0.5929, Val: 0.3720, Test: 0.3700
Epoch: 43, Loss: 1.1510, Train: 0.6429, Val: 0.4440, Test: 0.4620
Epoch: 44, Loss: 1.1145, Train: 0.7214, Val: 0.5160, Test: 0.5160
Epoch: 45, Loss: 1.0017, Train: 0.7071, Val: 0.4700, Test: 0.5090
Epoch: 46, Loss: 0.9154, Train: 0.7857, Val: 0.5820, Test: 0.5820
Epoch: 47, Loss: 0.8333, Train: 0.7357, Val: 0.5980, Test: 0.5780
Epoch: 48, Loss: 0.7775, Train: 0.8143, Val: 0.6080, Test: 0.6440
Epoch: 49, Loss: 0.7870, Train: 0.9071, Val: 0.6980, Test: 0.7150
Epoch: 50, Loss: 0.6689, Train: 0.9000, Val: 0.6800, Test: 0.7110
MAD:  0.7478
InfoGap:  0.9939970383420587
Best Test Accuracy: 0.7150, Val Accuracy: 0.6980, Train Accuracy: 0.9071
Training completed.
Seed:  1
PMPGNN(
  (convs): ModuleList(
    (0): ParallelGNNBlock(
      (conv1): GATv2Conv(128, 128, heads=4)
      (conv2): GATv2Conv(128, 128, heads=4)
      (norm): LayerNorm((128,), eps=1e-05, elementwise_affine=True)
    )
    (1-7): 7 x ParallelGNNBlock(
      (conv1): GATv2Conv(1024, 128, heads=4)
      (conv2): GATv2Conv(1024, 128, heads=4)
      (norm): LayerNorm((128,), eps=1e-05, elementwise_affine=True)
    )
    (8): GATv2Conv(1024, 256, heads=4)
  )
  (norm): LayerNorm((1024,), eps=1e-05, elementwise_affine=True)
  (mlp): Sequential(
    (0): Linear(in_features=1024, out_features=64, bias=True)
    (1): LeakyReLU(negative_slope=0.01)
    (2): Dropout(p=0.3, inplace=False)
    (3): Linear(in_features=64, out_features=7, bias=True)
  )
  (proj): Linear(in_features=1433, out_features=128, bias=True)
)
Epoch: 1, Loss: 2.0618, Train: 0.1429, Val: 0.0720, Test: 0.0910
Epoch: 2, Loss: 1.9593, Train: 0.1429, Val: 0.0720, Test: 0.0910
Epoch: 3, Loss: 1.9341, Train: 0.1429, Val: 0.0720, Test: 0.0910
Epoch: 4, Loss: 1.9341, Train: 0.1429, Val: 0.0720, Test: 0.0910
Epoch: 5, Loss: 1.9755, Train: 0.1571, Val: 0.0760, Test: 0.0930
Epoch: 6, Loss: 1.9522, Train: 0.1429, Val: 0.0720, Test: 0.0910
Epoch: 7, Loss: 1.9559, Train: 0.1429, Val: 0.0720, Test: 0.0910
Epoch: 8, Loss: 1.9662, Train: 0.1429, Val: 0.0720, Test: 0.0910
Epoch: 9, Loss: 1.9474, Train: 0.1429, Val: 0.3160, Test: 0.3190
Epoch: 10, Loss: 1.9515, Train: 0.1429, Val: 0.3160, Test: 0.3190
Epoch: 11, Loss: 1.9607, Train: 0.1500, Val: 0.3200, Test: 0.3230
Epoch: 12, Loss: 1.9513, Train: 0.1429, Val: 0.1620, Test: 0.1490
Epoch: 13, Loss: 1.9462, Train: 0.1429, Val: 0.1620, Test: 0.1490
Epoch: 14, Loss: 1.9515, Train: 0.1429, Val: 0.1620, Test: 0.1490
Epoch: 15, Loss: 1.9483, Train: 0.2143, Val: 0.3040, Test: 0.2890
Epoch: 16, Loss: 1.9504, Train: 0.1429, Val: 0.3160, Test: 0.3190
Epoch: 17, Loss: 1.9462, Train: 0.1429, Val: 0.3160, Test: 0.3190
Epoch: 18, Loss: 1.9428, Train: 0.1500, Val: 0.3160, Test: 0.3200
Epoch: 19, Loss: 1.9378, Train: 0.1429, Val: 0.0580, Test: 0.0640
Epoch: 20, Loss: 1.9320, Train: 0.1429, Val: 0.0580, Test: 0.0640
Epoch: 21, Loss: 1.9419, Train: 0.1429, Val: 0.0580, Test: 0.0640
Epoch: 22, Loss: 1.9453, Train: 0.2714, Val: 0.1620, Test: 0.1660
Epoch: 23, Loss: 1.9421, Train: 0.2857, Val: 0.2100, Test: 0.2050
Epoch: 24, Loss: 1.9314, Train: 0.2000, Val: 0.1560, Test: 0.1490
Epoch: 25, Loss: 1.9534, Train: 0.1429, Val: 0.1560, Test: 0.1440
Epoch: 26, Loss: 1.9428, Train: 0.2214, Val: 0.1620, Test: 0.1630
Epoch: 27, Loss: 1.9378, Train: 0.3929, Val: 0.4540, Test: 0.4290
Epoch: 28, Loss: 1.9312, Train: 0.1786, Val: 0.1020, Test: 0.1230
Epoch: 29, Loss: 1.9503, Train: 0.3000, Val: 0.2080, Test: 0.2140
Epoch: 30, Loss: 1.9329, Train: 0.2571, Val: 0.1860, Test: 0.1810
Epoch: 31, Loss: 1.9218, Train: 0.2000, Val: 0.1620, Test: 0.1550
Epoch: 32, Loss: 1.9452, Train: 0.2071, Val: 0.1620, Test: 0.1560
Epoch: 33, Loss: 1.9382, Train: 0.2214, Val: 0.1640, Test: 0.1650
Epoch: 34, Loss: 1.9195, Train: 0.2786, Val: 0.2040, Test: 0.2030
Epoch: 35, Loss: 1.8970, Train: 0.3429, Val: 0.2780, Test: 0.2680
Epoch: 36, Loss: 1.8412, Train: 0.3000, Val: 0.2220, Test: 0.2150
Epoch: 37, Loss: 1.7787, Train: 0.3500, Val: 0.2360, Test: 0.2450
Epoch: 38, Loss: 1.7302, Train: 0.3071, Val: 0.2200, Test: 0.2230
Epoch: 39, Loss: 1.7007, Train: 0.2929, Val: 0.2160, Test: 0.2100
Epoch: 40, Loss: 1.6864, Train: 0.3071, Val: 0.2220, Test: 0.2220
Epoch: 41, Loss: 1.5889, Train: 0.2714, Val: 0.1960, Test: 0.1910
Epoch: 42, Loss: 1.6899, Train: 0.3000, Val: 0.2260, Test: 0.2170
Epoch: 43, Loss: 1.5683, Train: 0.3000, Val: 0.2200, Test: 0.2140
Epoch: 44, Loss: 1.6784, Train: 0.3286, Val: 0.2280, Test: 0.2290
Epoch: 45, Loss: 1.5104, Train: 0.3000, Val: 0.2180, Test: 0.2190
Epoch: 46, Loss: 1.5196, Train: 0.2571, Val: 0.1820, Test: 0.1820
Epoch: 47, Loss: 1.6968, Train: 0.2929, Val: 0.2120, Test: 0.2080
Epoch: 48, Loss: 1.5589, Train: 0.3643, Val: 0.2440, Test: 0.2550
Epoch: 49, Loss: 1.4707, Train: 0.2857, Val: 0.2520, Test: 0.2220
Epoch: 50, Loss: 1.6457, Train: 0.3500, Val: 0.2860, Test: 0.2690
MAD:  0.0026
InfoGap:  0.9999925735919533
Best Test Accuracy: 0.4290, Val Accuracy: 0.4540, Train Accuracy: 0.3929
Training completed.
Seed:  2
PMPGNN(
  (convs): ModuleList(
    (0): ParallelGNNBlock(
      (conv1): GATv2Conv(128, 128, heads=4)
      (conv2): GATv2Conv(128, 128, heads=4)
      (norm): LayerNorm((128,), eps=1e-05, elementwise_affine=True)
    )
    (1-7): 7 x ParallelGNNBlock(
      (conv1): GATv2Conv(1024, 128, heads=4)
      (conv2): GATv2Conv(1024, 128, heads=4)
      (norm): LayerNorm((128,), eps=1e-05, elementwise_affine=True)
    )
    (8): GATv2Conv(1024, 256, heads=4)
  )
  (norm): LayerNorm((1024,), eps=1e-05, elementwise_affine=True)
  (mlp): Sequential(
    (0): Linear(in_features=1024, out_features=64, bias=True)
    (1): LeakyReLU(negative_slope=0.01)
    (2): Dropout(p=0.3, inplace=False)
    (3): Linear(in_features=64, out_features=7, bias=True)
  )
  (proj): Linear(in_features=1433, out_features=128, bias=True)
)
Epoch: 1, Loss: 1.9680, Train: 0.1429, Val: 0.1620, Test: 0.1500
Epoch: 2, Loss: 1.9827, Train: 0.1429, Val: 0.1560, Test: 0.1440
Epoch: 3, Loss: 1.9621, Train: 0.1429, Val: 0.1560, Test: 0.1440
Epoch: 4, Loss: 2.0001, Train: 0.1429, Val: 0.0720, Test: 0.0910
Epoch: 5, Loss: 1.9624, Train: 0.1429, Val: 0.0720, Test: 0.0910
Epoch: 6, Loss: 1.9546, Train: 0.1429, Val: 0.1620, Test: 0.1490
Epoch: 7, Loss: 1.9558, Train: 0.1429, Val: 0.1620, Test: 0.1490
Epoch: 8, Loss: 1.9393, Train: 0.1429, Val: 0.1620, Test: 0.1490
Epoch: 9, Loss: 1.9807, Train: 0.1429, Val: 0.1620, Test: 0.1490
Epoch: 10, Loss: 1.9361, Train: 0.1429, Val: 0.1620, Test: 0.1490
Epoch: 11, Loss: 1.9589, Train: 0.1429, Val: 0.0580, Test: 0.0640
Epoch: 12, Loss: 1.9344, Train: 0.1429, Val: 0.0580, Test: 0.0640
Epoch: 13, Loss: 1.9466, Train: 0.1429, Val: 0.0580, Test: 0.0640
Epoch: 14, Loss: 1.9517, Train: 0.1429, Val: 0.0580, Test: 0.0640
Epoch: 15, Loss: 1.9478, Train: 0.1429, Val: 0.0580, Test: 0.0640
Epoch: 16, Loss: 1.9528, Train: 0.1429, Val: 0.0580, Test: 0.0640
Epoch: 17, Loss: 1.9599, Train: 0.1429, Val: 0.0580, Test: 0.0640
Epoch: 18, Loss: 1.9582, Train: 0.1429, Val: 0.0580, Test: 0.0640
Epoch: 19, Loss: 1.9552, Train: 0.1429, Val: 0.0580, Test: 0.0640
Epoch: 20, Loss: 1.9492, Train: 0.1429, Val: 0.1220, Test: 0.1300
Epoch: 21, Loss: 1.9547, Train: 0.1429, Val: 0.1220, Test: 0.1300
Epoch: 22, Loss: 1.9544, Train: 0.1429, Val: 0.1220, Test: 0.1300
Epoch: 23, Loss: 1.9470, Train: 0.1429, Val: 0.1220, Test: 0.1300
Epoch: 24, Loss: 1.9500, Train: 0.1429, Val: 0.1220, Test: 0.1300
Epoch: 25, Loss: 1.9427, Train: 0.1429, Val: 0.0580, Test: 0.0640
Epoch: 26, Loss: 1.9487, Train: 0.1429, Val: 0.0580, Test: 0.0640
Epoch: 27, Loss: 1.9442, Train: 0.1429, Val: 0.0580, Test: 0.0640
Epoch: 28, Loss: 1.9444, Train: 0.1429, Val: 0.0580, Test: 0.0640
Epoch: 29, Loss: 1.9436, Train: 0.1429, Val: 0.0580, Test: 0.0640
Epoch: 30, Loss: 1.9459, Train: 0.1429, Val: 0.0580, Test: 0.0640
Epoch: 31, Loss: 1.9449, Train: 0.1429, Val: 0.0580, Test: 0.0640
Epoch: 32, Loss: 1.9418, Train: 0.1429, Val: 0.0580, Test: 0.0640
Epoch: 33, Loss: 1.9514, Train: 0.1429, Val: 0.0580, Test: 0.0640
Epoch: 34, Loss: 1.9398, Train: 0.1429, Val: 0.0580, Test: 0.0640
Epoch: 35, Loss: 1.9369, Train: 0.1429, Val: 0.0580, Test: 0.0640
Epoch: 36, Loss: 1.9489, Train: 0.1429, Val: 0.0580, Test: 0.0640
Epoch: 37, Loss: 1.9507, Train: 0.1429, Val: 0.0580, Test: 0.0640
Epoch: 38, Loss: 1.9426, Train: 0.1429, Val: 0.0580, Test: 0.0640
Epoch: 39, Loss: 1.9414, Train: 0.1429, Val: 0.0580, Test: 0.0640
Epoch: 40, Loss: 1.9399, Train: 0.1429, Val: 0.0580, Test: 0.0640
Epoch: 41, Loss: 1.9411, Train: 0.2643, Val: 0.1280, Test: 0.1430
Epoch: 42, Loss: 1.9444, Train: 0.2857, Val: 0.2020, Test: 0.2010
Epoch: 43, Loss: 1.9261, Train: 0.2357, Val: 0.1140, Test: 0.1310
Epoch: 44, Loss: 1.9188, Train: 0.1429, Val: 0.0580, Test: 0.0670
Epoch: 45, Loss: 1.9266, Train: 0.1643, Val: 0.0940, Test: 0.0900
Epoch: 46, Loss: 1.8884, Train: 0.3000, Val: 0.1960, Test: 0.2320
Epoch: 47, Loss: 1.8498, Train: 0.3071, Val: 0.3240, Test: 0.3700
Epoch: 48, Loss: 1.7970, Train: 0.3071, Val: 0.3400, Test: 0.3760
Epoch: 49, Loss: 1.7462, Train: 0.2786, Val: 0.3160, Test: 0.3310
Epoch: 50, Loss: 1.6917, Train: 0.3071, Val: 0.3200, Test: 0.3390
MAD:  0.7331
InfoGap:  0.9986481678206474
Best Test Accuracy: 0.3760, Val Accuracy: 0.3400, Train Accuracy: 0.3071
Training completed.
Seed:  3
PMPGNN(
  (convs): ModuleList(
    (0): ParallelGNNBlock(
      (conv1): GATv2Conv(128, 128, heads=4)
      (conv2): GATv2Conv(128, 128, heads=4)
      (norm): LayerNorm((128,), eps=1e-05, elementwise_affine=True)
    )
    (1-7): 7 x ParallelGNNBlock(
      (conv1): GATv2Conv(1024, 128, heads=4)
      (conv2): GATv2Conv(1024, 128, heads=4)
      (norm): LayerNorm((128,), eps=1e-05, elementwise_affine=True)
    )
    (8): GATv2Conv(1024, 256, heads=4)
  )
  (norm): LayerNorm((1024,), eps=1e-05, elementwise_affine=True)
  (mlp): Sequential(
    (0): Linear(in_features=1024, out_features=64, bias=True)
    (1): LeakyReLU(negative_slope=0.01)
    (2): Dropout(p=0.3, inplace=False)
    (3): Linear(in_features=64, out_features=7, bias=True)
  )
  (proj): Linear(in_features=1433, out_features=128, bias=True)
)
Epoch: 1, Loss: 1.9537, Train: 0.1643, Val: 0.1720, Test: 0.1480
Epoch: 2, Loss: 1.9176, Train: 0.2286, Val: 0.2260, Test: 0.2160
Epoch: 3, Loss: 1.9738, Train: 0.1429, Val: 0.0580, Test: 0.0650
Epoch: 4, Loss: 1.9323, Train: 0.1429, Val: 0.0580, Test: 0.0640
Epoch: 5, Loss: 2.0066, Train: 0.1429, Val: 0.0580, Test: 0.0640
Epoch: 6, Loss: 1.9685, Train: 0.1429, Val: 0.3160, Test: 0.3190
Epoch: 7, Loss: 1.9410, Train: 0.2143, Val: 0.3460, Test: 0.3600
Epoch: 8, Loss: 1.9444, Train: 0.1643, Val: 0.1480, Test: 0.1210
Epoch: 9, Loss: 1.9531, Train: 0.1429, Val: 0.1560, Test: 0.1440
Epoch: 10, Loss: 1.9452, Train: 0.1429, Val: 0.1560, Test: 0.1440
Epoch: 11, Loss: 1.9371, Train: 0.1429, Val: 0.1560, Test: 0.1440
Epoch: 12, Loss: 1.9357, Train: 0.1429, Val: 0.1560, Test: 0.1440
Epoch: 13, Loss: 1.9326, Train: 0.3571, Val: 0.4280, Test: 0.4440
Epoch: 14, Loss: 1.9873, Train: 0.1429, Val: 0.1620, Test: 0.1490
Epoch: 15, Loss: 1.9626, Train: 0.1429, Val: 0.1620, Test: 0.1490
Epoch: 16, Loss: 1.9369, Train: 0.2786, Val: 0.2200, Test: 0.2250
Epoch: 17, Loss: 1.9683, Train: 0.2714, Val: 0.1860, Test: 0.2060
Epoch: 18, Loss: 1.9316, Train: 0.1786, Val: 0.1060, Test: 0.1190
Epoch: 19, Loss: 1.9576, Train: 0.3286, Val: 0.2200, Test: 0.2110
Epoch: 20, Loss: 1.9320, Train: 0.1857, Val: 0.1500, Test: 0.1290
Epoch: 21, Loss: 1.9466, Train: 0.1429, Val: 0.1140, Test: 0.1030
Epoch: 22, Loss: 1.9412, Train: 0.1429, Val: 0.1140, Test: 0.1030
Epoch: 23, Loss: 1.9378, Train: 0.1500, Val: 0.1180, Test: 0.1060
Epoch: 24, Loss: 1.9414, Train: 0.3286, Val: 0.4320, Test: 0.4190
Epoch: 25, Loss: 1.9366, Train: 0.2286, Val: 0.3060, Test: 0.2880
Epoch: 26, Loss: 1.9239, Train: 0.2429, Val: 0.3820, Test: 0.3630
Epoch: 27, Loss: 1.8982, Train: 0.3000, Val: 0.4040, Test: 0.3980
Epoch: 28, Loss: 1.8950, Train: 0.5429, Val: 0.5480, Test: 0.5400
Epoch: 29, Loss: 1.8641, Train: 0.4571, Val: 0.4000, Test: 0.3950
Epoch: 30, Loss: 1.8485, Train: 0.3786, Val: 0.3200, Test: 0.3080
Epoch: 31, Loss: 1.7440, Train: 0.3286, Val: 0.2820, Test: 0.2720
Epoch: 32, Loss: 1.6704, Train: 0.3571, Val: 0.2560, Test: 0.2610
Epoch: 33, Loss: 1.6296, Train: 0.3929, Val: 0.2700, Test: 0.2750
Epoch: 34, Loss: 1.5372, Train: 0.3429, Val: 0.2360, Test: 0.2340
Epoch: 35, Loss: 1.5170, Train: 0.2786, Val: 0.2320, Test: 0.2300
Epoch: 36, Loss: 1.7579, Train: 0.3571, Val: 0.2280, Test: 0.2540
Epoch: 37, Loss: 1.4624, Train: 0.3071, Val: 0.3020, Test: 0.2970
Epoch: 38, Loss: 1.5528, Train: 0.4000, Val: 0.3600, Test: 0.3390
Epoch: 39, Loss: 1.4580, Train: 0.3429, Val: 0.3260, Test: 0.3200
Epoch: 40, Loss: 1.4658, Train: 0.4714, Val: 0.3540, Test: 0.3510
Epoch: 41, Loss: 1.3507, Train: 0.4286, Val: 0.3640, Test: 0.3520
Epoch: 42, Loss: 1.3915, Train: 0.4357, Val: 0.4160, Test: 0.4210
Epoch: 43, Loss: 1.2676, Train: 0.4143, Val: 0.4720, Test: 0.4730
Epoch: 44, Loss: 1.2980, Train: 0.4429, Val: 0.4840, Test: 0.4750
Epoch: 45, Loss: 1.2072, Train: 0.4714, Val: 0.4640, Test: 0.4620
Epoch: 46, Loss: 1.1586, Train: 0.5286, Val: 0.4160, Test: 0.4060
Epoch: 47, Loss: 1.1440, Train: 0.5000, Val: 0.3900, Test: 0.3840
Epoch: 48, Loss: 1.1307, Train: 0.5714, Val: 0.3440, Test: 0.3660
Epoch: 49, Loss: 1.0353, Train: 0.5786, Val: 0.3520, Test: 0.3810
Epoch: 50, Loss: 0.9910, Train: 0.6714, Val: 0.4400, Test: 0.4680
MAD:  0.628
InfoGap:  0.9998386750521604
Best Test Accuracy: 0.5400, Val Accuracy: 0.5480, Train Accuracy: 0.5429
Training completed.
Seed:  4
PMPGNN(
  (convs): ModuleList(
    (0): ParallelGNNBlock(
      (conv1): GATv2Conv(128, 128, heads=4)
      (conv2): GATv2Conv(128, 128, heads=4)
      (norm): LayerNorm((128,), eps=1e-05, elementwise_affine=True)
    )
    (1-7): 7 x ParallelGNNBlock(
      (conv1): GATv2Conv(1024, 128, heads=4)
      (conv2): GATv2Conv(1024, 128, heads=4)
      (norm): LayerNorm((128,), eps=1e-05, elementwise_affine=True)
    )
    (8): GATv2Conv(1024, 256, heads=4)
  )
  (norm): LayerNorm((1024,), eps=1e-05, elementwise_affine=True)
  (mlp): Sequential(
    (0): Linear(in_features=1024, out_features=64, bias=True)
    (1): LeakyReLU(negative_slope=0.01)
    (2): Dropout(p=0.3, inplace=False)
    (3): Linear(in_features=64, out_features=7, bias=True)
  )
  (proj): Linear(in_features=1433, out_features=128, bias=True)
)
Epoch: 1, Loss: 2.0008, Train: 0.2357, Val: 0.2360, Test: 0.2050
Epoch: 2, Loss: 1.9490, Train: 0.1643, Val: 0.1620, Test: 0.1650
Epoch: 3, Loss: 1.9756, Train: 0.1571, Val: 0.1720, Test: 0.1530
Epoch: 4, Loss: 1.9509, Train: 0.1429, Val: 0.0720, Test: 0.0910
Epoch: 5, Loss: 1.9179, Train: 0.1429, Val: 0.1140, Test: 0.1030
Epoch: 6, Loss: 1.9353, Train: 0.1429, Val: 0.1140, Test: 0.1030
Epoch: 7, Loss: 1.9944, Train: 0.1429, Val: 0.0580, Test: 0.0640
Epoch: 8, Loss: 1.9597, Train: 0.1429, Val: 0.0580, Test: 0.0640
Epoch: 9, Loss: 1.9467, Train: 0.1429, Val: 0.1220, Test: 0.1300
Epoch: 10, Loss: 1.9789, Train: 0.2357, Val: 0.1780, Test: 0.1870
Epoch: 11, Loss: 1.9758, Train: 0.1929, Val: 0.1440, Test: 0.1570
Epoch: 12, Loss: 1.9475, Train: 0.1429, Val: 0.1220, Test: 0.1300
Epoch: 13, Loss: 1.9550, Train: 0.1429, Val: 0.1220, Test: 0.1300
Epoch: 14, Loss: 1.9706, Train: 0.1429, Val: 0.1220, Test: 0.1300
Epoch: 15, Loss: 1.9578, Train: 0.3571, Val: 0.2720, Test: 0.2760
Epoch: 16, Loss: 1.9317, Train: 0.1429, Val: 0.1560, Test: 0.1440
Epoch: 17, Loss: 1.9383, Train: 0.3500, Val: 0.2540, Test: 0.2480
Epoch: 18, Loss: 1.9485, Train: 0.1643, Val: 0.1180, Test: 0.1210
Epoch: 19, Loss: 1.9311, Train: 0.1929, Val: 0.0900, Test: 0.1050
Epoch: 20, Loss: 1.9286, Train: 0.1714, Val: 0.0780, Test: 0.0970
Epoch: 21, Loss: 1.9331, Train: 0.1429, Val: 0.0720, Test: 0.0910
Epoch: 22, Loss: 1.9159, Train: 0.1429, Val: 0.0760, Test: 0.0930
Epoch: 23, Loss: 1.9281, Train: 0.3857, Val: 0.2400, Test: 0.2690
Epoch: 24, Loss: 1.9105, Train: 0.3571, Val: 0.2140, Test: 0.2050
Epoch: 25, Loss: 1.9014, Train: 0.3000, Val: 0.1960, Test: 0.1860
Epoch: 26, Loss: 1.8428, Train: 0.3071, Val: 0.2240, Test: 0.2060
Epoch: 27, Loss: 1.7995, Train: 0.3143, Val: 0.2320, Test: 0.2070
Epoch: 28, Loss: 1.7531, Train: 0.2929, Val: 0.2160, Test: 0.2080
Epoch: 29, Loss: 1.6548, Train: 0.2929, Val: 0.2220, Test: 0.2080
Epoch: 30, Loss: 1.6166, Train: 0.2857, Val: 0.2140, Test: 0.2080
Epoch: 31, Loss: 1.5804, Train: 0.3143, Val: 0.2140, Test: 0.2070
Epoch: 32, Loss: 1.5506, Train: 0.3000, Val: 0.2300, Test: 0.2110
Epoch: 33, Loss: 1.4796, Train: 0.3143, Val: 0.2240, Test: 0.2290
Epoch: 34, Loss: 1.5031, Train: 0.3143, Val: 0.2140, Test: 0.2140
Epoch: 35, Loss: 1.5693, Train: 0.3857, Val: 0.2460, Test: 0.2370
Epoch: 36, Loss: 1.4349, Train: 0.2929, Val: 0.3180, Test: 0.2860
Epoch: 37, Loss: 1.6777, Train: 0.5071, Val: 0.3660, Test: 0.3870
Epoch: 38, Loss: 1.3915, Train: 0.3357, Val: 0.2820, Test: 0.2770
Epoch: 39, Loss: 1.4433, Train: 0.4143, Val: 0.2500, Test: 0.2710
Epoch: 40, Loss: 1.4422, Train: 0.4357, Val: 0.2760, Test: 0.3060
Epoch: 41, Loss: 1.3310, Train: 0.3286, Val: 0.2500, Test: 0.2650
Epoch: 42, Loss: 1.3532, Train: 0.4714, Val: 0.3560, Test: 0.3680
Epoch: 43, Loss: 1.3064, Train: 0.3357, Val: 0.3460, Test: 0.3190
Epoch: 44, Loss: 1.2605, Train: 0.3643, Val: 0.2920, Test: 0.2470
Epoch: 45, Loss: 1.2583, Train: 0.4571, Val: 0.3020, Test: 0.2840
Epoch: 46, Loss: 1.2207, Train: 0.4929, Val: 0.3480, Test: 0.3380
Epoch: 47, Loss: 1.2238, Train: 0.5714, Val: 0.3660, Test: 0.3830
Epoch: 48, Loss: 1.1301, Train: 0.5714, Val: 0.3520, Test: 0.3770
Epoch: 49, Loss: 1.1091, Train: 0.6000, Val: 0.4560, Test: 0.4460
Epoch: 50, Loss: 1.1016, Train: 0.5643, Val: 0.4860, Test: 0.4610
MAD:  0.8615
InfoGap:  0.9935002652928233
Best Test Accuracy: 0.4610, Val Accuracy: 0.4860, Train Accuracy: 0.5643
Training completed.
Seed:  5
PMPGNN(
  (convs): ModuleList(
    (0): ParallelGNNBlock(
      (conv1): GATv2Conv(128, 128, heads=4)
      (conv2): GATv2Conv(128, 128, heads=4)
      (norm): LayerNorm((128,), eps=1e-05, elementwise_affine=True)
    )
    (1-7): 7 x ParallelGNNBlock(
      (conv1): GATv2Conv(1024, 128, heads=4)
      (conv2): GATv2Conv(1024, 128, heads=4)
      (norm): LayerNorm((128,), eps=1e-05, elementwise_affine=True)
    )
    (8): GATv2Conv(1024, 256, heads=4)
  )
  (norm): LayerNorm((1024,), eps=1e-05, elementwise_affine=True)
  (mlp): Sequential(
    (0): Linear(in_features=1024, out_features=64, bias=True)
    (1): LeakyReLU(negative_slope=0.01)
    (2): Dropout(p=0.3, inplace=False)
    (3): Linear(in_features=64, out_features=7, bias=True)
  )
  (proj): Linear(in_features=1433, out_features=128, bias=True)
)
Epoch: 1, Loss: 2.0174, Train: 0.1857, Val: 0.1640, Test: 0.1720
Epoch: 2, Loss: 1.9888, Train: 0.1429, Val: 0.1580, Test: 0.1470
Epoch: 3, Loss: 1.9689, Train: 0.1429, Val: 0.1620, Test: 0.1490
Epoch: 4, Loss: 1.9544, Train: 0.1429, Val: 0.1620, Test: 0.1490
Epoch: 5, Loss: 1.9515, Train: 0.1429, Val: 0.1620, Test: 0.1490
Epoch: 6, Loss: 1.9537, Train: 0.1429, Val: 0.1620, Test: 0.1490
Epoch: 7, Loss: 1.9572, Train: 0.1429, Val: 0.1620, Test: 0.1490
Epoch: 8, Loss: 1.9464, Train: 0.1429, Val: 0.1620, Test: 0.1490
Epoch: 9, Loss: 1.9678, Train: 0.1500, Val: 0.1640, Test: 0.1510
Epoch: 10, Loss: 1.9482, Train: 0.1857, Val: 0.1220, Test: 0.1340
Epoch: 11, Loss: 1.9465, Train: 0.1429, Val: 0.1220, Test: 0.1300
Epoch: 12, Loss: 1.9442, Train: 0.1429, Val: 0.1220, Test: 0.1300
Epoch: 13, Loss: 1.9382, Train: 0.1429, Val: 0.1220, Test: 0.1300
Epoch: 14, Loss: 1.9392, Train: 0.1429, Val: 0.1220, Test: 0.1300
Epoch: 15, Loss: 1.9707, Train: 0.1429, Val: 0.1220, Test: 0.1300
Epoch: 16, Loss: 1.9273, Train: 0.2786, Val: 0.2620, Test: 0.2600
Epoch: 17, Loss: 1.9537, Train: 0.2857, Val: 0.2540, Test: 0.2290
Epoch: 18, Loss: 1.9613, Train: 0.1500, Val: 0.1160, Test: 0.1040
Epoch: 19, Loss: 1.9517, Train: 0.2714, Val: 0.2000, Test: 0.1800
Epoch: 20, Loss: 1.9391, Train: 0.2857, Val: 0.2660, Test: 0.2370
Epoch: 21, Loss: 1.9461, Train: 0.2857, Val: 0.2580, Test: 0.2340
Epoch: 22, Loss: 1.9477, Train: 0.2714, Val: 0.2120, Test: 0.2020
Epoch: 23, Loss: 1.9351, Train: 0.2643, Val: 0.2360, Test: 0.2330
Epoch: 24, Loss: 1.9210, Train: 0.2786, Val: 0.2500, Test: 0.2520
Epoch: 25, Loss: 1.8931, Train: 0.5643, Val: 0.3480, Test: 0.3520
Epoch: 26, Loss: 1.8767, Train: 0.4071, Val: 0.2260, Test: 0.2350
Epoch: 27, Loss: 1.8389, Train: 0.3500, Val: 0.1840, Test: 0.1740
Epoch: 28, Loss: 1.8025, Train: 0.3643, Val: 0.1960, Test: 0.1860
Epoch: 29, Loss: 1.7171, Train: 0.3786, Val: 0.1860, Test: 0.1940
Epoch: 30, Loss: 1.6679, Train: 0.3929, Val: 0.2940, Test: 0.2820
Epoch: 31, Loss: 1.6662, Train: 0.4143, Val: 0.3160, Test: 0.3020
Epoch: 32, Loss: 1.5968, Train: 0.3643, Val: 0.2940, Test: 0.2770
Epoch: 33, Loss: 1.5599, Train: 0.2857, Val: 0.2700, Test: 0.2360
Epoch: 34, Loss: 1.5727, Train: 0.2929, Val: 0.2680, Test: 0.2370
Epoch: 35, Loss: 1.5109, Train: 0.5571, Val: 0.4740, Test: 0.4830
Epoch: 36, Loss: 1.4294, Train: 0.4714, Val: 0.4660, Test: 0.4630
Epoch: 37, Loss: 1.4249, Train: 0.6143, Val: 0.3820, Test: 0.4000
Epoch: 38, Loss: 1.2353, Train: 0.4786, Val: 0.2900, Test: 0.2830
Epoch: 39, Loss: 1.3081, Train: 0.6429, Val: 0.4500, Test: 0.4390
Epoch: 40, Loss: 1.1696, Train: 0.5571, Val: 0.5280, Test: 0.5320
Epoch: 41, Loss: 1.0980, Train: 0.5714, Val: 0.5540, Test: 0.5490
Epoch: 42, Loss: 1.0853, Train: 0.6143, Val: 0.5220, Test: 0.5190
Epoch: 43, Loss: 0.9672, Train: 0.6214, Val: 0.4660, Test: 0.4690
Epoch: 44, Loss: 0.9265, Train: 0.6643, Val: 0.4920, Test: 0.4910
Epoch: 45, Loss: 0.9358, Train: 0.7143, Val: 0.5360, Test: 0.5490
Epoch: 46, Loss: 0.9033, Train: 0.6857, Val: 0.5300, Test: 0.5460
Epoch: 47, Loss: 0.8815, Train: 0.7643, Val: 0.4820, Test: 0.5010
Epoch: 48, Loss: 0.8310, Train: 0.6500, Val: 0.3740, Test: 0.4060
Epoch: 49, Loss: 0.8839, Train: 0.6214, Val: 0.3780, Test: 0.3900
Epoch: 50, Loss: 0.7357, Train: 0.7571, Val: 0.5560, Test: 0.5520
MAD:  0.8926
InfoGap:  0.9919531838968396
Best Test Accuracy: 0.5520, Val Accuracy: 0.5560, Train Accuracy: 0.7571
Training completed.
Seed:  6
PMPGNN(
  (convs): ModuleList(
    (0): ParallelGNNBlock(
      (conv1): GATv2Conv(128, 128, heads=4)
      (conv2): GATv2Conv(128, 128, heads=4)
      (norm): LayerNorm((128,), eps=1e-05, elementwise_affine=True)
    )
    (1-7): 7 x ParallelGNNBlock(
      (conv1): GATv2Conv(1024, 128, heads=4)
      (conv2): GATv2Conv(1024, 128, heads=4)
      (norm): LayerNorm((128,), eps=1e-05, elementwise_affine=True)
    )
    (8): GATv2Conv(1024, 256, heads=4)
  )
  (norm): LayerNorm((1024,), eps=1e-05, elementwise_affine=True)
  (mlp): Sequential(
    (0): Linear(in_features=1024, out_features=64, bias=True)
    (1): LeakyReLU(negative_slope=0.01)
    (2): Dropout(p=0.3, inplace=False)
    (3): Linear(in_features=64, out_features=7, bias=True)
  )
  (proj): Linear(in_features=1433, out_features=128, bias=True)
)
Epoch: 1, Loss: 2.0105, Train: 0.1429, Val: 0.0580, Test: 0.0640
Epoch: 2, Loss: 1.9907, Train: 0.2071, Val: 0.1200, Test: 0.1320
Epoch: 3, Loss: 1.9738, Train: 0.2286, Val: 0.1800, Test: 0.1890
Epoch: 4, Loss: 1.9581, Train: 0.1429, Val: 0.0720, Test: 0.0910
Epoch: 5, Loss: 1.9449, Train: 0.1429, Val: 0.0720, Test: 0.0910
Epoch: 6, Loss: 1.9703, Train: 0.1429, Val: 0.0720, Test: 0.0910
Epoch: 7, Loss: 1.9486, Train: 0.1429, Val: 0.1620, Test: 0.1490
Epoch: 8, Loss: 1.9455, Train: 0.1429, Val: 0.1620, Test: 0.1490
Epoch: 9, Loss: 1.9670, Train: 0.1429, Val: 0.1620, Test: 0.1490
Epoch: 10, Loss: 1.9627, Train: 0.1429, Val: 0.1620, Test: 0.1490
Epoch: 11, Loss: 1.9488, Train: 0.1429, Val: 0.1620, Test: 0.1490
Epoch: 12, Loss: 1.9510, Train: 0.1429, Val: 0.1620, Test: 0.1490
Epoch: 13, Loss: 1.9609, Train: 0.1429, Val: 0.0720, Test: 0.0910
Epoch: 14, Loss: 1.9512, Train: 0.1429, Val: 0.0720, Test: 0.0910
Epoch: 15, Loss: 1.9560, Train: 0.1429, Val: 0.0720, Test: 0.0910
Epoch: 16, Loss: 1.9507, Train: 0.1429, Val: 0.0720, Test: 0.0910
Epoch: 17, Loss: 1.9413, Train: 0.2000, Val: 0.0820, Test: 0.1050
Epoch: 18, Loss: 1.9492, Train: 0.1429, Val: 0.0580, Test: 0.0640
Epoch: 19, Loss: 1.9666, Train: 0.1429, Val: 0.0580, Test: 0.0640
Epoch: 20, Loss: 1.9445, Train: 0.2857, Val: 0.2620, Test: 0.2360
Epoch: 21, Loss: 1.9448, Train: 0.2643, Val: 0.2400, Test: 0.2200
Epoch: 22, Loss: 1.9562, Train: 0.1500, Val: 0.1220, Test: 0.1060
Epoch: 23, Loss: 1.9369, Train: 0.1429, Val: 0.1140, Test: 0.1030
Epoch: 24, Loss: 1.9531, Train: 0.2857, Val: 0.2540, Test: 0.2290
Epoch: 25, Loss: 1.9299, Train: 0.1429, Val: 0.1560, Test: 0.1440
Epoch: 26, Loss: 1.9488, Train: 0.1429, Val: 0.1560, Test: 0.1440
Epoch: 27, Loss: 1.9446, Train: 0.1429, Val: 0.1560, Test: 0.1440
Epoch: 28, Loss: 1.9347, Train: 0.2857, Val: 0.2660, Test: 0.2400
Epoch: 29, Loss: 1.9309, Train: 0.1429, Val: 0.1140, Test: 0.1030
Epoch: 30, Loss: 1.9551, Train: 0.1429, Val: 0.1140, Test: 0.1030
Epoch: 31, Loss: 1.9409, Train: 0.2214, Val: 0.1460, Test: 0.1440
Epoch: 32, Loss: 1.9361, Train: 0.3357, Val: 0.1720, Test: 0.1830
Epoch: 33, Loss: 1.9207, Train: 0.4286, Val: 0.2120, Test: 0.2150
Epoch: 34, Loss: 1.9136, Train: 0.3786, Val: 0.2380, Test: 0.2550
Epoch: 35, Loss: 1.8813, Train: 0.4357, Val: 0.3800, Test: 0.3660
Epoch: 36, Loss: 1.9006, Train: 0.2929, Val: 0.3220, Test: 0.2890
Epoch: 37, Loss: 1.8154, Train: 0.2929, Val: 0.3220, Test: 0.2920
Epoch: 38, Loss: 1.7717, Train: 0.3071, Val: 0.3220, Test: 0.2940
Epoch: 39, Loss: 1.7371, Train: 0.3071, Val: 0.3020, Test: 0.2910
Epoch: 40, Loss: 1.6945, Train: 0.3143, Val: 0.3220, Test: 0.3040
Epoch: 41, Loss: 1.6453, Train: 0.3214, Val: 0.3240, Test: 0.3090
Epoch: 42, Loss: 1.6112, Train: 0.4357, Val: 0.3440, Test: 0.3420
Epoch: 43, Loss: 1.5781, Train: 0.4357, Val: 0.3600, Test: 0.3450
Epoch: 44, Loss: 1.5285, Train: 0.4429, Val: 0.3900, Test: 0.3570
Epoch: 45, Loss: 1.4667, Train: 0.4429, Val: 0.3620, Test: 0.3600
Epoch: 46, Loss: 1.4274, Train: 0.4571, Val: 0.4060, Test: 0.3800
Epoch: 47, Loss: 1.3134, Train: 0.5071, Val: 0.4320, Test: 0.4230
Epoch: 48, Loss: 1.2381, Train: 0.4714, Val: 0.3940, Test: 0.3850
Epoch: 49, Loss: 1.1978, Train: 0.4714, Val: 0.4540, Test: 0.4230
Epoch: 50, Loss: 1.1159, Train: 0.7143, Val: 0.5360, Test: 0.5210
MAD:  0.803
InfoGap:  0.9936461956240237
Best Test Accuracy: 0.5210, Val Accuracy: 0.5360, Train Accuracy: 0.7143
Training completed.
Seed:  7
PMPGNN(
  (convs): ModuleList(
    (0): ParallelGNNBlock(
      (conv1): GATv2Conv(128, 128, heads=4)
      (conv2): GATv2Conv(128, 128, heads=4)
      (norm): LayerNorm((128,), eps=1e-05, elementwise_affine=True)
    )
    (1-7): 7 x ParallelGNNBlock(
      (conv1): GATv2Conv(1024, 128, heads=4)
      (conv2): GATv2Conv(1024, 128, heads=4)
      (norm): LayerNorm((128,), eps=1e-05, elementwise_affine=True)
    )
    (8): GATv2Conv(1024, 256, heads=4)
  )
  (norm): LayerNorm((1024,), eps=1e-05, elementwise_affine=True)
  (mlp): Sequential(
    (0): Linear(in_features=1024, out_features=64, bias=True)
    (1): LeakyReLU(negative_slope=0.01)
    (2): Dropout(p=0.3, inplace=False)
    (3): Linear(in_features=64, out_features=7, bias=True)
  )
  (proj): Linear(in_features=1433, out_features=128, bias=True)
)
Epoch: 1, Loss: 1.9803, Train: 0.1429, Val: 0.0580, Test: 0.0640
Epoch: 2, Loss: 1.9530, Train: 0.1714, Val: 0.1500, Test: 0.1260
Epoch: 3, Loss: 1.9744, Train: 0.1429, Val: 0.1140, Test: 0.1030
Epoch: 4, Loss: 1.9534, Train: 0.1429, Val: 0.1140, Test: 0.1060
Epoch: 5, Loss: 1.9876, Train: 0.1429, Val: 0.0720, Test: 0.0910
Epoch: 6, Loss: 1.9789, Train: 0.1429, Val: 0.0720, Test: 0.0910
Epoch: 7, Loss: 1.9569, Train: 0.1429, Val: 0.0720, Test: 0.0910
Epoch: 8, Loss: 1.9626, Train: 0.1429, Val: 0.1560, Test: 0.1440
Epoch: 9, Loss: 1.9420, Train: 0.1429, Val: 0.1560, Test: 0.1440
Epoch: 10, Loss: 1.9518, Train: 0.1429, Val: 0.1560, Test: 0.1440
Epoch: 11, Loss: 1.9611, Train: 0.1429, Val: 0.1560, Test: 0.1440
Epoch: 12, Loss: 1.9607, Train: 0.1429, Val: 0.1560, Test: 0.1440
Epoch: 13, Loss: 1.9374, Train: 0.1429, Val: 0.1560, Test: 0.1440
Epoch: 14, Loss: 1.9617, Train: 0.2857, Val: 0.3140, Test: 0.2820
Epoch: 15, Loss: 1.9469, Train: 0.1429, Val: 0.3160, Test: 0.3190
Epoch: 16, Loss: 1.9511, Train: 0.1429, Val: 0.3160, Test: 0.3190
Epoch: 17, Loss: 1.9515, Train: 0.1429, Val: 0.3160, Test: 0.3190
Epoch: 18, Loss: 1.9675, Train: 0.1429, Val: 0.3160, Test: 0.3190
Epoch: 19, Loss: 1.9675, Train: 0.2214, Val: 0.3380, Test: 0.3560
Epoch: 20, Loss: 1.9533, Train: 0.1429, Val: 0.0720, Test: 0.0910
Epoch: 21, Loss: 1.9388, Train: 0.1429, Val: 0.0720, Test: 0.0910
Epoch: 22, Loss: 1.9435, Train: 0.2643, Val: 0.2240, Test: 0.2190
Epoch: 23, Loss: 1.9280, Train: 0.1429, Val: 0.1560, Test: 0.1440
Epoch: 24, Loss: 1.9321, Train: 0.1429, Val: 0.1560, Test: 0.1440
Epoch: 25, Loss: 1.9588, Train: 0.1786, Val: 0.1560, Test: 0.1470
Epoch: 26, Loss: 1.9371, Train: 0.1857, Val: 0.1560, Test: 0.1480
Epoch: 27, Loss: 1.9425, Train: 0.1786, Val: 0.1560, Test: 0.1470
Epoch: 28, Loss: 1.9427, Train: 0.3500, Val: 0.2540, Test: 0.2510
Epoch: 29, Loss: 1.9318, Train: 0.4000, Val: 0.3260, Test: 0.3120
Epoch: 30, Loss: 1.9206, Train: 0.3714, Val: 0.2740, Test: 0.2630
Epoch: 31, Loss: 1.9397, Train: 0.3571, Val: 0.2600, Test: 0.2580
Epoch: 32, Loss: 1.9177, Train: 0.3500, Val: 0.2800, Test: 0.2720
Epoch: 33, Loss: 1.8936, Train: 0.3643, Val: 0.3180, Test: 0.2980
Epoch: 34, Loss: 1.8875, Train: 0.4000, Val: 0.3400, Test: 0.3070
Epoch: 35, Loss: 1.8906, Train: 0.4357, Val: 0.3420, Test: 0.3450
Epoch: 36, Loss: 1.8281, Train: 0.4071, Val: 0.4520, Test: 0.4420
Epoch: 37, Loss: 1.8128, Train: 0.3643, Val: 0.4740, Test: 0.4540
Epoch: 38, Loss: 1.7230, Train: 0.3500, Val: 0.3700, Test: 0.3850
Epoch: 39, Loss: 1.7531, Train: 0.4071, Val: 0.4740, Test: 0.4690
Epoch: 40, Loss: 1.6048, Train: 0.5143, Val: 0.5120, Test: 0.5110
Epoch: 41, Loss: 1.5749, Train: 0.5000, Val: 0.4180, Test: 0.3750
Epoch: 42, Loss: 1.5487, Train: 0.6143, Val: 0.5180, Test: 0.5350
Epoch: 43, Loss: 1.3947, Train: 0.5071, Val: 0.3940, Test: 0.4370
Epoch: 44, Loss: 1.4110, Train: 0.4786, Val: 0.3620, Test: 0.3360
Epoch: 45, Loss: 1.3995, Train: 0.6143, Val: 0.4580, Test: 0.4390
Epoch: 46, Loss: 1.2745, Train: 0.7000, Val: 0.5440, Test: 0.5340
Epoch: 47, Loss: 1.2013, Train: 0.7143, Val: 0.5240, Test: 0.5370
Epoch: 48, Loss: 1.1197, Train: 0.7429, Val: 0.5480, Test: 0.5350
Epoch: 49, Loss: 1.0217, Train: 0.7143, Val: 0.4860, Test: 0.4860
Epoch: 50, Loss: 1.0850, Train: 0.8214, Val: 0.5740, Test: 0.5620
MAD:  0.7482
InfoGap:  0.9944542036391795
Best Test Accuracy: 0.5620, Val Accuracy: 0.5740, Train Accuracy: 0.8214
Training completed.
Seed:  8
PMPGNN(
  (convs): ModuleList(
    (0): ParallelGNNBlock(
      (conv1): GATv2Conv(128, 128, heads=4)
      (conv2): GATv2Conv(128, 128, heads=4)
      (norm): LayerNorm((128,), eps=1e-05, elementwise_affine=True)
    )
    (1-7): 7 x ParallelGNNBlock(
      (conv1): GATv2Conv(1024, 128, heads=4)
      (conv2): GATv2Conv(1024, 128, heads=4)
      (norm): LayerNorm((128,), eps=1e-05, elementwise_affine=True)
    )
    (8): GATv2Conv(1024, 256, heads=4)
  )
  (norm): LayerNorm((1024,), eps=1e-05, elementwise_affine=True)
  (mlp): Sequential(
    (0): Linear(in_features=1024, out_features=64, bias=True)
    (1): LeakyReLU(negative_slope=0.01)
    (2): Dropout(p=0.3, inplace=False)
    (3): Linear(in_features=64, out_features=7, bias=True)
  )
  (proj): Linear(in_features=1433, out_features=128, bias=True)
)
Epoch: 1, Loss: 1.9428, Train: 0.1429, Val: 0.0700, Test: 0.0890
Epoch: 2, Loss: 1.9433, Train: 0.1929, Val: 0.2480, Test: 0.2210
Epoch: 3, Loss: 1.9151, Train: 0.3214, Val: 0.2740, Test: 0.2990
Epoch: 4, Loss: 1.9541, Train: 0.2429, Val: 0.3380, Test: 0.3520
Epoch: 5, Loss: 1.9281, Train: 0.1429, Val: 0.3200, Test: 0.3200
Epoch: 6, Loss: 1.9419, Train: 0.1429, Val: 0.3160, Test: 0.3190
Epoch: 7, Loss: 1.9527, Train: 0.1429, Val: 0.3160, Test: 0.3190
Epoch: 8, Loss: 1.9474, Train: 0.3071, Val: 0.1980, Test: 0.1950
Epoch: 9, Loss: 1.9720, Train: 0.4214, Val: 0.2400, Test: 0.2610
Epoch: 10, Loss: 1.9473, Train: 0.1571, Val: 0.1560, Test: 0.1490
Epoch: 11, Loss: 1.9677, Train: 0.3143, Val: 0.1800, Test: 0.2030
Epoch: 12, Loss: 1.9421, Train: 0.2786, Val: 0.1380, Test: 0.1570
Epoch: 13, Loss: 1.9518, Train: 0.4214, Val: 0.4400, Test: 0.4280
Epoch: 14, Loss: 1.9592, Train: 0.1857, Val: 0.3160, Test: 0.3220
Epoch: 15, Loss: 1.9434, Train: 0.2786, Val: 0.3940, Test: 0.3810
Epoch: 16, Loss: 1.9391, Train: 0.1500, Val: 0.1280, Test: 0.1060
Epoch: 17, Loss: 1.9333, Train: 0.2500, Val: 0.2300, Test: 0.2090
Epoch: 18, Loss: 1.9329, Train: 0.2571, Val: 0.2340, Test: 0.2110
Epoch: 19, Loss: 1.9569, Train: 0.3286, Val: 0.2480, Test: 0.2450
Epoch: 20, Loss: 1.9194, Train: 0.6000, Val: 0.4080, Test: 0.4150
Epoch: 21, Loss: 1.9311, Train: 0.4929, Val: 0.3200, Test: 0.3560
Epoch: 22, Loss: 1.8814, Train: 0.4714, Val: 0.2740, Test: 0.2880
Epoch: 23, Loss: 1.8893, Train: 0.3643, Val: 0.2180, Test: 0.2410
Epoch: 24, Loss: 1.8383, Train: 0.4786, Val: 0.3040, Test: 0.3230
Epoch: 25, Loss: 1.7838, Train: 0.5929, Val: 0.4000, Test: 0.4010
Epoch: 26, Loss: 1.6758, Train: 0.4857, Val: 0.3440, Test: 0.3520
Epoch: 27, Loss: 1.5819, Train: 0.5357, Val: 0.3560, Test: 0.3880
Epoch: 28, Loss: 1.4117, Train: 0.6357, Val: 0.4440, Test: 0.4450
Epoch: 29, Loss: 1.3327, Train: 0.6357, Val: 0.4460, Test: 0.4470
Epoch: 30, Loss: 1.2010, Train: 0.6500, Val: 0.4540, Test: 0.4550
Epoch: 31, Loss: 1.0705, Train: 0.6286, Val: 0.4560, Test: 0.4500
Epoch: 32, Loss: 1.0286, Train: 0.6714, Val: 0.4960, Test: 0.5060
Epoch: 33, Loss: 0.9820, Train: 0.8000, Val: 0.6360, Test: 0.6530
Epoch: 34, Loss: 0.8649, Train: 0.7786, Val: 0.6720, Test: 0.6990
Epoch: 35, Loss: 0.8392, Train: 0.8429, Val: 0.6980, Test: 0.7190
Epoch: 36, Loss: 0.7715, Train: 0.8500, Val: 0.6940, Test: 0.6990
Epoch: 37, Loss: 0.6444, Train: 0.8571, Val: 0.6240, Test: 0.6780
Epoch: 38, Loss: 0.5828, Train: 0.8929, Val: 0.6680, Test: 0.7100
Epoch: 39, Loss: 0.5333, Train: 0.9000, Val: 0.6460, Test: 0.6770
Epoch: 40, Loss: 0.4970, Train: 0.9214, Val: 0.6500, Test: 0.6540
Epoch: 41, Loss: 0.4317, Train: 0.9071, Val: 0.6580, Test: 0.6470
Epoch: 42, Loss: 0.3877, Train: 0.9714, Val: 0.7200, Test: 0.7540
Epoch: 43, Loss: 0.3607, Train: 0.9786, Val: 0.7400, Test: 0.7710
Epoch: 44, Loss: 0.3084, Train: 0.9714, Val: 0.7280, Test: 0.7650
Epoch: 45, Loss: 0.2757, Train: 0.9714, Val: 0.6920, Test: 0.7130
Epoch: 46, Loss: 0.2759, Train: 0.9643, Val: 0.7220, Test: 0.7340
Epoch: 47, Loss: 0.2499, Train: 0.9786, Val: 0.7100, Test: 0.7390
Epoch: 48, Loss: 0.1734, Train: 0.9643, Val: 0.6980, Test: 0.7220
Epoch: 49, Loss: 0.1602, Train: 0.9571, Val: 0.7040, Test: 0.7300
Epoch: 50, Loss: 0.1631, Train: 0.9857, Val: 0.7260, Test: 0.7390
MAD:  0.8079
InfoGap:  0.9924485222436488
Best Test Accuracy: 0.7710, Val Accuracy: 0.7400, Train Accuracy: 0.9786
Training completed.
Seed:  9
PMPGNN(
  (convs): ModuleList(
    (0): ParallelGNNBlock(
      (conv1): GATv2Conv(128, 128, heads=4)
      (conv2): GATv2Conv(128, 128, heads=4)
      (norm): LayerNorm((128,), eps=1e-05, elementwise_affine=True)
    )
    (1-7): 7 x ParallelGNNBlock(
      (conv1): GATv2Conv(1024, 128, heads=4)
      (conv2): GATv2Conv(1024, 128, heads=4)
      (norm): LayerNorm((128,), eps=1e-05, elementwise_affine=True)
    )
    (8): GATv2Conv(1024, 256, heads=4)
  )
  (norm): LayerNorm((1024,), eps=1e-05, elementwise_affine=True)
  (mlp): Sequential(
    (0): Linear(in_features=1024, out_features=64, bias=True)
    (1): LeakyReLU(negative_slope=0.01)
    (2): Dropout(p=0.3, inplace=False)
    (3): Linear(in_features=64, out_features=7, bias=True)
  )
  (proj): Linear(in_features=1433, out_features=128, bias=True)
)
Epoch: 1, Loss: 1.9540, Train: 0.1286, Val: 0.1400, Test: 0.1310
Epoch: 2, Loss: 1.9674, Train: 0.1500, Val: 0.1560, Test: 0.1450
Epoch: 3, Loss: 2.0000, Train: 0.1429, Val: 0.1560, Test: 0.1440
Epoch: 4, Loss: 1.9516, Train: 0.1429, Val: 0.1560, Test: 0.1440
Epoch: 5, Loss: 1.9581, Train: 0.1429, Val: 0.1620, Test: 0.1510
Epoch: 6, Loss: 1.9595, Train: 0.1714, Val: 0.1780, Test: 0.1580
Epoch: 7, Loss: 1.9499, Train: 0.2643, Val: 0.2360, Test: 0.2090
Epoch: 8, Loss: 1.9962, Train: 0.1643, Val: 0.1800, Test: 0.1580
Epoch: 9, Loss: 2.0032, Train: 0.1429, Val: 0.1620, Test: 0.1490
Epoch: 10, Loss: 1.9314, Train: 0.1429, Val: 0.1220, Test: 0.1300
Epoch: 11, Loss: 1.9444, Train: 0.1429, Val: 0.1220, Test: 0.1300
Epoch: 12, Loss: 1.9696, Train: 0.1429, Val: 0.1220, Test: 0.1300
Epoch: 13, Loss: 1.9485, Train: 0.1429, Val: 0.1560, Test: 0.1440
Epoch: 14, Loss: 1.9401, Train: 0.1429, Val: 0.1560, Test: 0.1440
Epoch: 15, Loss: 1.9435, Train: 0.1429, Val: 0.1620, Test: 0.1490
Epoch: 16, Loss: 1.9582, Train: 0.1429, Val: 0.1620, Test: 0.1490
Epoch: 17, Loss: 1.9518, Train: 0.1429, Val: 0.1620, Test: 0.1490
Epoch: 18, Loss: 1.9567, Train: 0.1429, Val: 0.1620, Test: 0.1490
Epoch: 19, Loss: 1.9510, Train: 0.1429, Val: 0.1620, Test: 0.1490
Epoch: 20, Loss: 1.9652, Train: 0.1429, Val: 0.0580, Test: 0.0640
Epoch: 21, Loss: 1.9319, Train: 0.1429, Val: 0.0580, Test: 0.0640
Epoch: 22, Loss: 1.9577, Train: 0.1429, Val: 0.0580, Test: 0.0640
Epoch: 23, Loss: 1.9425, Train: 0.1429, Val: 0.0600, Test: 0.0660
Epoch: 24, Loss: 1.9448, Train: 0.1429, Val: 0.3160, Test: 0.3190
Epoch: 25, Loss: 1.9474, Train: 0.1429, Val: 0.3160, Test: 0.3190
Epoch: 26, Loss: 1.9442, Train: 0.1429, Val: 0.3160, Test: 0.3190
Epoch: 27, Loss: 1.9508, Train: 0.1429, Val: 0.1560, Test: 0.1440
Epoch: 28, Loss: 1.9457, Train: 0.1429, Val: 0.1560, Test: 0.1440
Epoch: 29, Loss: 1.9419, Train: 0.1429, Val: 0.1560, Test: 0.1440
Epoch: 30, Loss: 1.9611, Train: 0.1429, Val: 0.1560, Test: 0.1440
Epoch: 31, Loss: 1.9620, Train: 0.1429, Val: 0.1560, Test: 0.1440
Epoch: 32, Loss: 1.9275, Train: 0.1429, Val: 0.1560, Test: 0.1440
Epoch: 33, Loss: 1.9470, Train: 0.1429, Val: 0.1560, Test: 0.1440
Epoch: 34, Loss: 1.9402, Train: 0.1714, Val: 0.1780, Test: 0.1580
Epoch: 35, Loss: 1.9364, Train: 0.2786, Val: 0.2740, Test: 0.2590
Epoch: 36, Loss: 1.9465, Train: 0.3786, Val: 0.3180, Test: 0.2920
Epoch: 37, Loss: 1.9341, Train: 0.3857, Val: 0.3140, Test: 0.2910
Epoch: 38, Loss: 1.9384, Train: 0.4143, Val: 0.2940, Test: 0.2930
Epoch: 39, Loss: 1.9415, Train: 0.4714, Val: 0.3300, Test: 0.3300
Epoch: 40, Loss: 1.9190, Train: 0.5643, Val: 0.4860, Test: 0.4600
Epoch: 41, Loss: 1.9143, Train: 0.5000, Val: 0.4580, Test: 0.4740
Epoch: 42, Loss: 1.8746, Train: 0.4000, Val: 0.3040, Test: 0.3230
Epoch: 43, Loss: 1.8493, Train: 0.4357, Val: 0.2420, Test: 0.2530
Epoch: 44, Loss: 1.8033, Train: 0.4357, Val: 0.2200, Test: 0.2490
Epoch: 45, Loss: 1.7370, Train: 0.4643, Val: 0.2820, Test: 0.2670
Epoch: 46, Loss: 1.6950, Train: 0.5000, Val: 0.3060, Test: 0.2950
Epoch: 47, Loss: 1.6581, Train: 0.4143, Val: 0.2260, Test: 0.2510
Epoch: 48, Loss: 1.5725, Train: 0.4214, Val: 0.2820, Test: 0.2960
Epoch: 49, Loss: 1.4591, Train: 0.4214, Val: 0.3260, Test: 0.3230
Epoch: 50, Loss: 1.4395, Train: 0.6429, Val: 0.4940, Test: 0.4920
MAD:  0.9013
InfoGap:  0.9936416139826179
Best Test Accuracy: 0.4920, Val Accuracy: 0.4940, Train Accuracy: 0.6429
Training completed.
Average Test Accuracy:  0.5419 ± 0.11519587666231809
Average MAD:  0.7126 ± 0.2493224739168132
Average R:  0.9952120439485952 ± 0.002902106568213459
