Seed:  0
PMPGNN(
  (convs): ModuleList(
    (0): ParallelGNNBlock(
      (conv1): GATv2Conv(128, 128, heads=4)
      (conv2): GATv2Conv(128, 128, heads=4)
      (norm): LayerNorm((128,), eps=1e-05, elementwise_affine=True)
    )
    (1-3): 3 x ParallelGNNBlock(
      (conv1): GATv2Conv(1024, 128, heads=4)
      (conv2): GATv2Conv(1024, 128, heads=4)
      (norm): LayerNorm((128,), eps=1e-05, elementwise_affine=True)
    )
  )
  (norm): LayerNorm((1024,), eps=1e-05, elementwise_affine=True)
  (mlp): Sequential(
    (0): Linear(in_features=1024, out_features=64, bias=True)
    (1): LeakyReLU(negative_slope=0.01)
    (2): Dropout(p=0.3, inplace=False)
    (3): Linear(in_features=64, out_features=7, bias=True)
  )
  (proj): Linear(in_features=1433, out_features=128, bias=True)
)
Epoch: 1, Loss: 1.9714, Train: 0.2000, Val: 0.0760, Test: 0.1030
Epoch: 2, Loss: 1.9400, Train: 0.3071, Val: 0.2240, Test: 0.2500
Epoch: 3, Loss: 1.8956, Train: 0.5357, Val: 0.3620, Test: 0.3550
Epoch: 4, Loss: 1.8663, Train: 0.5857, Val: 0.3460, Test: 0.3510
Epoch: 5, Loss: 1.8332, Train: 0.6786, Val: 0.4860, Test: 0.4930
Epoch: 6, Loss: 1.7297, Train: 0.7571, Val: 0.5560, Test: 0.5380
Epoch: 7, Loss: 1.6395, Train: 0.8500, Val: 0.6240, Test: 0.6360
Epoch: 8, Loss: 1.4772, Train: 0.8857, Val: 0.6900, Test: 0.6930
Epoch: 9, Loss: 1.3211, Train: 0.9000, Val: 0.6860, Test: 0.7190
Epoch: 10, Loss: 1.1720, Train: 0.9286, Val: 0.7100, Test: 0.7620
Epoch: 11, Loss: 0.9612, Train: 0.9357, Val: 0.7460, Test: 0.7720
Epoch: 12, Loss: 0.8475, Train: 0.9643, Val: 0.7460, Test: 0.7770
Epoch: 13, Loss: 0.6650, Train: 0.9714, Val: 0.7580, Test: 0.7810
Epoch: 14, Loss: 0.5389, Train: 0.9786, Val: 0.7580, Test: 0.7820
Epoch: 15, Loss: 0.4333, Train: 0.9857, Val: 0.7780, Test: 0.7870
Epoch: 16, Loss: 0.3425, Train: 0.9786, Val: 0.7660, Test: 0.7890
Epoch: 17, Loss: 0.2401, Train: 0.9786, Val: 0.7740, Test: 0.7850
Epoch: 18, Loss: 0.2333, Train: 0.9929, Val: 0.7560, Test: 0.7890
Epoch: 19, Loss: 0.1679, Train: 0.9929, Val: 0.7420, Test: 0.7800
Epoch: 20, Loss: 0.1022, Train: 0.9857, Val: 0.7420, Test: 0.7810
Epoch: 21, Loss: 0.1012, Train: 0.9929, Val: 0.7460, Test: 0.7810
Epoch: 22, Loss: 0.0728, Train: 0.9929, Val: 0.7500, Test: 0.7850
Epoch: 23, Loss: 0.0578, Train: 1.0000, Val: 0.7560, Test: 0.7860
Epoch: 24, Loss: 0.0458, Train: 1.0000, Val: 0.7580, Test: 0.7920
Epoch: 25, Loss: 0.0503, Train: 1.0000, Val: 0.7560, Test: 0.7870
Epoch: 26, Loss: 0.0245, Train: 1.0000, Val: 0.7680, Test: 0.7920
Epoch: 27, Loss: 0.0242, Train: 1.0000, Val: 0.7680, Test: 0.7910
Epoch: 28, Loss: 0.0134, Train: 1.0000, Val: 0.7640, Test: 0.7880
Epoch: 29, Loss: 0.0121, Train: 1.0000, Val: 0.7580, Test: 0.7800
Epoch: 30, Loss: 0.0188, Train: 1.0000, Val: 0.7560, Test: 0.7830
Epoch: 31, Loss: 0.0089, Train: 1.0000, Val: 0.7600, Test: 0.7870
Epoch: 32, Loss: 0.0071, Train: 1.0000, Val: 0.7640, Test: 0.7840
Epoch: 33, Loss: 0.0062, Train: 1.0000, Val: 0.7640, Test: 0.7870
Epoch: 34, Loss: 0.0072, Train: 1.0000, Val: 0.7640, Test: 0.7870
Epoch: 35, Loss: 0.0107, Train: 1.0000, Val: 0.7640, Test: 0.7840
Epoch: 36, Loss: 0.0038, Train: 1.0000, Val: 0.7680, Test: 0.7850
Epoch: 37, Loss: 0.0039, Train: 1.0000, Val: 0.7740, Test: 0.7860
Epoch: 38, Loss: 0.0085, Train: 1.0000, Val: 0.7660, Test: 0.7890
Epoch: 39, Loss: 0.0032, Train: 1.0000, Val: 0.7660, Test: 0.7810
Epoch: 40, Loss: 0.0048, Train: 0.9929, Val: 0.7620, Test: 0.7760
Epoch: 41, Loss: 0.0283, Train: 1.0000, Val: 0.7540, Test: 0.7790
Epoch: 42, Loss: 0.0038, Train: 1.0000, Val: 0.7480, Test: 0.7860
Epoch: 43, Loss: 0.0054, Train: 1.0000, Val: 0.7500, Test: 0.7860
Epoch: 44, Loss: 0.0029, Train: 1.0000, Val: 0.7520, Test: 0.7860
Epoch: 45, Loss: 0.0063, Train: 1.0000, Val: 0.7560, Test: 0.7850
Epoch: 46, Loss: 0.0022, Train: 1.0000, Val: 0.7560, Test: 0.7860
Epoch: 47, Loss: 0.0035, Train: 1.0000, Val: 0.7520, Test: 0.7900
Epoch: 48, Loss: 0.0026, Train: 1.0000, Val: 0.7500, Test: 0.7900
Epoch: 49, Loss: 0.0028, Train: 1.0000, Val: 0.7480, Test: 0.7920
Epoch: 50, Loss: 0.0026, Train: 1.0000, Val: 0.7460, Test: 0.7940
MAD:  0.6024
Best Test Accuracy: 0.7940, Val Accuracy: 0.7460, Train Accuracy: 1.0000
Training completed.
Seed:  1
PMPGNN(
  (convs): ModuleList(
    (0): ParallelGNNBlock(
      (conv1): GATv2Conv(128, 128, heads=4)
      (conv2): GATv2Conv(128, 128, heads=4)
      (norm): LayerNorm((128,), eps=1e-05, elementwise_affine=True)
    )
    (1-3): 3 x ParallelGNNBlock(
      (conv1): GATv2Conv(1024, 128, heads=4)
      (conv2): GATv2Conv(1024, 128, heads=4)
      (norm): LayerNorm((128,), eps=1e-05, elementwise_affine=True)
    )
  )
  (norm): LayerNorm((1024,), eps=1e-05, elementwise_affine=True)
  (mlp): Sequential(
    (0): Linear(in_features=1024, out_features=64, bias=True)
    (1): LeakyReLU(negative_slope=0.01)
    (2): Dropout(p=0.3, inplace=False)
    (3): Linear(in_features=64, out_features=7, bias=True)
  )
  (proj): Linear(in_features=1433, out_features=128, bias=True)
)
Epoch: 1, Loss: 1.9905, Train: 0.1714, Val: 0.3140, Test: 0.3230
Epoch: 2, Loss: 1.9260, Train: 0.4214, Val: 0.4100, Test: 0.3990
Epoch: 3, Loss: 1.8863, Train: 0.6786, Val: 0.5160, Test: 0.4880
Epoch: 4, Loss: 1.8295, Train: 0.8071, Val: 0.5580, Test: 0.5670
Epoch: 5, Loss: 1.7601, Train: 0.8500, Val: 0.5680, Test: 0.5750
Epoch: 6, Loss: 1.6526, Train: 0.8286, Val: 0.5520, Test: 0.5550
Epoch: 7, Loss: 1.5277, Train: 0.8571, Val: 0.6060, Test: 0.6030
Epoch: 8, Loss: 1.3307, Train: 0.8929, Val: 0.7260, Test: 0.7330
Epoch: 9, Loss: 1.1979, Train: 0.9214, Val: 0.7220, Test: 0.7270
Epoch: 10, Loss: 1.0315, Train: 0.9286, Val: 0.7200, Test: 0.7340
Epoch: 11, Loss: 0.8229, Train: 0.9214, Val: 0.7300, Test: 0.7420
Epoch: 12, Loss: 0.7159, Train: 0.9357, Val: 0.7340, Test: 0.7560
Epoch: 13, Loss: 0.5722, Train: 0.9643, Val: 0.7480, Test: 0.7680
Epoch: 14, Loss: 0.4252, Train: 0.9714, Val: 0.7660, Test: 0.7810
Epoch: 15, Loss: 0.3880, Train: 0.9857, Val: 0.7780, Test: 0.7910
Epoch: 16, Loss: 0.2997, Train: 0.9786, Val: 0.7740, Test: 0.7990
Epoch: 17, Loss: 0.2527, Train: 0.9929, Val: 0.7760, Test: 0.8010
Epoch: 18, Loss: 0.1565, Train: 1.0000, Val: 0.7740, Test: 0.7990
Epoch: 19, Loss: 0.1292, Train: 1.0000, Val: 0.7740, Test: 0.7880
Epoch: 20, Loss: 0.1039, Train: 1.0000, Val: 0.7680, Test: 0.7780
Epoch: 21, Loss: 0.0698, Train: 1.0000, Val: 0.7600, Test: 0.7730
Epoch: 22, Loss: 0.0554, Train: 1.0000, Val: 0.7540, Test: 0.7750
Epoch: 23, Loss: 0.0580, Train: 1.0000, Val: 0.7620, Test: 0.7690
Epoch: 24, Loss: 0.0470, Train: 1.0000, Val: 0.7600, Test: 0.7630
Epoch: 25, Loss: 0.0337, Train: 1.0000, Val: 0.7500, Test: 0.7630
Epoch: 26, Loss: 0.0267, Train: 1.0000, Val: 0.7500, Test: 0.7650
Epoch: 27, Loss: 0.0161, Train: 1.0000, Val: 0.7500, Test: 0.7620
Epoch: 28, Loss: 0.0140, Train: 1.0000, Val: 0.7500, Test: 0.7640
Epoch: 29, Loss: 0.0132, Train: 1.0000, Val: 0.7500, Test: 0.7640
Epoch: 30, Loss: 0.0086, Train: 1.0000, Val: 0.7520, Test: 0.7690
Epoch: 31, Loss: 0.0079, Train: 1.0000, Val: 0.7540, Test: 0.7720
Epoch: 32, Loss: 0.0065, Train: 1.0000, Val: 0.7560, Test: 0.7770
Epoch: 33, Loss: 0.0114, Train: 1.0000, Val: 0.7600, Test: 0.7780
Epoch: 34, Loss: 0.0062, Train: 1.0000, Val: 0.7620, Test: 0.7810
Epoch: 35, Loss: 0.0045, Train: 1.0000, Val: 0.7600, Test: 0.7810
Epoch: 36, Loss: 0.0040, Train: 1.0000, Val: 0.7600, Test: 0.7820
Epoch: 37, Loss: 0.0051, Train: 1.0000, Val: 0.7700, Test: 0.7820
Epoch: 38, Loss: 0.0038, Train: 1.0000, Val: 0.7760, Test: 0.7840
Epoch: 39, Loss: 0.0030, Train: 1.0000, Val: 0.7740, Test: 0.7810
Epoch: 40, Loss: 0.0040, Train: 1.0000, Val: 0.7740, Test: 0.7820
Epoch: 41, Loss: 0.0037, Train: 1.0000, Val: 0.7760, Test: 0.7830
Epoch: 42, Loss: 0.0028, Train: 1.0000, Val: 0.7720, Test: 0.7800
Epoch: 43, Loss: 0.0031, Train: 1.0000, Val: 0.7740, Test: 0.7800
Epoch: 44, Loss: 0.0047, Train: 1.0000, Val: 0.7720, Test: 0.7800
Epoch: 45, Loss: 0.0031, Train: 1.0000, Val: 0.7660, Test: 0.7800
Epoch: 46, Loss: 0.0020, Train: 1.0000, Val: 0.7660, Test: 0.7810
Epoch: 47, Loss: 0.0013, Train: 1.0000, Val: 0.7660, Test: 0.7820
Epoch: 48, Loss: 0.0018, Train: 1.0000, Val: 0.7660, Test: 0.7830
Epoch: 49, Loss: 0.0016, Train: 1.0000, Val: 0.7660, Test: 0.7840
Epoch: 50, Loss: 0.0022, Train: 1.0000, Val: 0.7680, Test: 0.7850
MAD:  0.4833
Best Test Accuracy: 0.8010, Val Accuracy: 0.7760, Train Accuracy: 0.9929
Training completed.
Seed:  2
PMPGNN(
  (convs): ModuleList(
    (0): ParallelGNNBlock(
      (conv1): GATv2Conv(128, 128, heads=4)
      (conv2): GATv2Conv(128, 128, heads=4)
      (norm): LayerNorm((128,), eps=1e-05, elementwise_affine=True)
    )
    (1-3): 3 x ParallelGNNBlock(
      (conv1): GATv2Conv(1024, 128, heads=4)
      (conv2): GATv2Conv(1024, 128, heads=4)
      (norm): LayerNorm((128,), eps=1e-05, elementwise_affine=True)
    )
  )
  (norm): LayerNorm((1024,), eps=1e-05, elementwise_affine=True)
  (mlp): Sequential(
    (0): Linear(in_features=1024, out_features=64, bias=True)
    (1): LeakyReLU(negative_slope=0.01)
    (2): Dropout(p=0.3, inplace=False)
    (3): Linear(in_features=64, out_features=7, bias=True)
  )
  (proj): Linear(in_features=1433, out_features=128, bias=True)
)
Epoch: 1, Loss: 1.9753, Train: 0.1429, Val: 0.3160, Test: 0.3190
Epoch: 2, Loss: 1.9462, Train: 0.4929, Val: 0.4300, Test: 0.4560
Epoch: 3, Loss: 1.9044, Train: 0.5857, Val: 0.3660, Test: 0.3710
Epoch: 4, Loss: 1.8583, Train: 0.6571, Val: 0.4000, Test: 0.3930
Epoch: 5, Loss: 1.7672, Train: 0.8071, Val: 0.5720, Test: 0.5620
Epoch: 6, Loss: 1.7110, Train: 0.9071, Val: 0.6800, Test: 0.6930
Epoch: 7, Loss: 1.5773, Train: 0.9000, Val: 0.6980, Test: 0.7090
Epoch: 8, Loss: 1.3622, Train: 0.9143, Val: 0.7040, Test: 0.7260
Epoch: 9, Loss: 1.2507, Train: 0.9357, Val: 0.7240, Test: 0.7460
Epoch: 10, Loss: 1.0094, Train: 0.9500, Val: 0.7460, Test: 0.7710
Epoch: 11, Loss: 0.8466, Train: 0.9643, Val: 0.7600, Test: 0.7970
Epoch: 12, Loss: 0.7406, Train: 0.9643, Val: 0.7660, Test: 0.8020
Epoch: 13, Loss: 0.5787, Train: 0.9643, Val: 0.7660, Test: 0.7900
Epoch: 14, Loss: 0.5361, Train: 0.9714, Val: 0.7620, Test: 0.7890
Epoch: 15, Loss: 0.4056, Train: 0.9714, Val: 0.7660, Test: 0.7920
Epoch: 16, Loss: 0.3156, Train: 0.9929, Val: 0.7720, Test: 0.7880
Epoch: 17, Loss: 0.2499, Train: 0.9929, Val: 0.7760, Test: 0.7920
Epoch: 18, Loss: 0.1925, Train: 0.9929, Val: 0.7680, Test: 0.7920
Epoch: 19, Loss: 0.1239, Train: 1.0000, Val: 0.7580, Test: 0.7910
Epoch: 20, Loss: 0.1079, Train: 1.0000, Val: 0.7520, Test: 0.7860
Epoch: 21, Loss: 0.0940, Train: 1.0000, Val: 0.7480, Test: 0.7830
Epoch: 22, Loss: 0.0725, Train: 1.0000, Val: 0.7520, Test: 0.7830
Epoch: 23, Loss: 0.0485, Train: 1.0000, Val: 0.7500, Test: 0.7900
Epoch: 24, Loss: 0.0350, Train: 1.0000, Val: 0.7500, Test: 0.7900
Epoch: 25, Loss: 0.0362, Train: 1.0000, Val: 0.7500, Test: 0.7910
Epoch: 26, Loss: 0.0254, Train: 1.0000, Val: 0.7480, Test: 0.7900
Epoch: 27, Loss: 0.0178, Train: 1.0000, Val: 0.7500, Test: 0.7860
Epoch: 28, Loss: 0.0154, Train: 1.0000, Val: 0.7520, Test: 0.7810
Epoch: 29, Loss: 0.0128, Train: 1.0000, Val: 0.7440, Test: 0.7780
Epoch: 30, Loss: 0.0116, Train: 1.0000, Val: 0.7440, Test: 0.7700
Epoch: 31, Loss: 0.0110, Train: 1.0000, Val: 0.7400, Test: 0.7700
Epoch: 32, Loss: 0.0119, Train: 1.0000, Val: 0.7420, Test: 0.7680
Epoch: 33, Loss: 0.0095, Train: 1.0000, Val: 0.7400, Test: 0.7670
Epoch: 34, Loss: 0.0067, Train: 1.0000, Val: 0.7440, Test: 0.7660
Epoch: 35, Loss: 0.0054, Train: 1.0000, Val: 0.7380, Test: 0.7660
Epoch: 36, Loss: 0.0091, Train: 1.0000, Val: 0.7400, Test: 0.7660
Epoch: 37, Loss: 0.0106, Train: 1.0000, Val: 0.7500, Test: 0.7710
Epoch: 38, Loss: 0.0048, Train: 1.0000, Val: 0.7560, Test: 0.7800
Epoch: 39, Loss: 0.0043, Train: 0.9929, Val: 0.7600, Test: 0.7850
Epoch: 40, Loss: 0.0128, Train: 1.0000, Val: 0.7580, Test: 0.7860
Epoch: 41, Loss: 0.0056, Train: 1.0000, Val: 0.7580, Test: 0.7780
Epoch: 42, Loss: 0.0030, Train: 0.9929, Val: 0.7520, Test: 0.7720
Epoch: 43, Loss: 0.0183, Train: 1.0000, Val: 0.7500, Test: 0.7730
Epoch: 44, Loss: 0.0328, Train: 1.0000, Val: 0.7520, Test: 0.7760
Epoch: 45, Loss: 0.0077, Train: 0.9929, Val: 0.7440, Test: 0.7770
Epoch: 46, Loss: 0.0373, Train: 1.0000, Val: 0.7460, Test: 0.7680
Epoch: 47, Loss: 0.0147, Train: 1.0000, Val: 0.7300, Test: 0.7580
Epoch: 48, Loss: 0.0015, Train: 1.0000, Val: 0.7280, Test: 0.7530
Epoch: 49, Loss: 0.0018, Train: 1.0000, Val: 0.7200, Test: 0.7380
Epoch: 50, Loss: 0.0061, Train: 0.9929, Val: 0.7140, Test: 0.7300
MAD:  0.422
Best Test Accuracy: 0.8020, Val Accuracy: 0.7660, Train Accuracy: 0.9643
Training completed.
Seed:  3
PMPGNN(
  (convs): ModuleList(
    (0): ParallelGNNBlock(
      (conv1): GATv2Conv(128, 128, heads=4)
      (conv2): GATv2Conv(128, 128, heads=4)
      (norm): LayerNorm((128,), eps=1e-05, elementwise_affine=True)
    )
    (1-3): 3 x ParallelGNNBlock(
      (conv1): GATv2Conv(1024, 128, heads=4)
      (conv2): GATv2Conv(1024, 128, heads=4)
      (norm): LayerNorm((128,), eps=1e-05, elementwise_affine=True)
    )
  )
  (norm): LayerNorm((1024,), eps=1e-05, elementwise_affine=True)
  (mlp): Sequential(
    (0): Linear(in_features=1024, out_features=64, bias=True)
    (1): LeakyReLU(negative_slope=0.01)
    (2): Dropout(p=0.3, inplace=False)
    (3): Linear(in_features=64, out_features=7, bias=True)
  )
  (proj): Linear(in_features=1433, out_features=128, bias=True)
)
Epoch: 1, Loss: 1.9753, Train: 0.3071, Val: 0.1260, Test: 0.1840
Epoch: 2, Loss: 1.9424, Train: 0.3000, Val: 0.2260, Test: 0.2140
Epoch: 3, Loss: 1.8680, Train: 0.2643, Val: 0.1420, Test: 0.1540
Epoch: 4, Loss: 1.8566, Train: 0.5357, Val: 0.2640, Test: 0.2910
Epoch: 5, Loss: 1.8180, Train: 0.6929, Val: 0.4860, Test: 0.4860
Epoch: 6, Loss: 1.7243, Train: 0.8143, Val: 0.6460, Test: 0.6620
Epoch: 7, Loss: 1.6069, Train: 0.8857, Val: 0.7160, Test: 0.7300
Epoch: 8, Loss: 1.4639, Train: 0.8857, Val: 0.7300, Test: 0.7310
Epoch: 9, Loss: 1.2574, Train: 0.9000, Val: 0.7180, Test: 0.7140
Epoch: 10, Loss: 1.0528, Train: 0.9143, Val: 0.7300, Test: 0.7380
Epoch: 11, Loss: 0.9077, Train: 0.9357, Val: 0.7500, Test: 0.7520
Epoch: 12, Loss: 0.7457, Train: 0.9429, Val: 0.7680, Test: 0.7680
Epoch: 13, Loss: 0.6456, Train: 0.9500, Val: 0.7720, Test: 0.7740
Epoch: 14, Loss: 0.4946, Train: 0.9571, Val: 0.7740, Test: 0.7800
Epoch: 15, Loss: 0.4208, Train: 0.9857, Val: 0.7680, Test: 0.7790
Epoch: 16, Loss: 0.3280, Train: 0.9857, Val: 0.7620, Test: 0.7750
Epoch: 17, Loss: 0.2553, Train: 0.9929, Val: 0.7720, Test: 0.7840
Epoch: 18, Loss: 0.1945, Train: 0.9929, Val: 0.7680, Test: 0.7940
Epoch: 19, Loss: 0.1638, Train: 0.9929, Val: 0.7660, Test: 0.7930
Epoch: 20, Loss: 0.1239, Train: 0.9929, Val: 0.7680, Test: 0.7880
Epoch: 21, Loss: 0.0992, Train: 0.9929, Val: 0.7680, Test: 0.7870
Epoch: 22, Loss: 0.0723, Train: 1.0000, Val: 0.7720, Test: 0.7870
Epoch: 23, Loss: 0.0597, Train: 1.0000, Val: 0.7740, Test: 0.7900
Epoch: 24, Loss: 0.0421, Train: 1.0000, Val: 0.7780, Test: 0.7940
Epoch: 25, Loss: 0.0343, Train: 1.0000, Val: 0.7780, Test: 0.7920
Epoch: 26, Loss: 0.0300, Train: 1.0000, Val: 0.7780, Test: 0.7980
Epoch: 27, Loss: 0.0178, Train: 1.0000, Val: 0.7820, Test: 0.8020
Epoch: 28, Loss: 0.0197, Train: 1.0000, Val: 0.7840, Test: 0.8020
Epoch: 29, Loss: 0.0174, Train: 1.0000, Val: 0.7760, Test: 0.8000
Epoch: 30, Loss: 0.0109, Train: 1.0000, Val: 0.7840, Test: 0.7950
Epoch: 31, Loss: 0.0084, Train: 1.0000, Val: 0.7840, Test: 0.7990
Epoch: 32, Loss: 0.0078, Train: 1.0000, Val: 0.7840, Test: 0.8010
Epoch: 33, Loss: 0.0070, Train: 1.0000, Val: 0.7800, Test: 0.7950
Epoch: 34, Loss: 0.0101, Train: 1.0000, Val: 0.7760, Test: 0.8040
Epoch: 35, Loss: 0.0050, Train: 1.0000, Val: 0.7800, Test: 0.8010
Epoch: 36, Loss: 0.0060, Train: 1.0000, Val: 0.7800, Test: 0.7870
Epoch: 37, Loss: 0.0064, Train: 1.0000, Val: 0.7740, Test: 0.7860
Epoch: 38, Loss: 0.0045, Train: 1.0000, Val: 0.7720, Test: 0.7820
Epoch: 39, Loss: 0.0141, Train: 1.0000, Val: 0.7720, Test: 0.7820
Epoch: 40, Loss: 0.0046, Train: 1.0000, Val: 0.7720, Test: 0.7880
Epoch: 41, Loss: 0.0038, Train: 1.0000, Val: 0.7680, Test: 0.7920
Epoch: 42, Loss: 0.0027, Train: 1.0000, Val: 0.7740, Test: 0.7890
Epoch: 43, Loss: 0.0022, Train: 1.0000, Val: 0.7720, Test: 0.7860
Epoch: 44, Loss: 0.0070, Train: 1.0000, Val: 0.7720, Test: 0.7910
Epoch: 45, Loss: 0.0056, Train: 1.0000, Val: 0.7720, Test: 0.7960
Epoch: 46, Loss: 0.0011, Train: 1.0000, Val: 0.7820, Test: 0.7940
Epoch: 47, Loss: 0.0027, Train: 1.0000, Val: 0.7720, Test: 0.7960
Epoch: 48, Loss: 0.0032, Train: 1.0000, Val: 0.7720, Test: 0.7960
Epoch: 49, Loss: 0.0033, Train: 1.0000, Val: 0.7720, Test: 0.7970
Epoch: 50, Loss: 0.0014, Train: 1.0000, Val: 0.7720, Test: 0.7970
MAD:  0.586
Best Test Accuracy: 0.8040, Val Accuracy: 0.7760, Train Accuracy: 1.0000
Training completed.
Seed:  4
PMPGNN(
  (convs): ModuleList(
    (0): ParallelGNNBlock(
      (conv1): GATv2Conv(128, 128, heads=4)
      (conv2): GATv2Conv(128, 128, heads=4)
      (norm): LayerNorm((128,), eps=1e-05, elementwise_affine=True)
    )
    (1-3): 3 x ParallelGNNBlock(
      (conv1): GATv2Conv(1024, 128, heads=4)
      (conv2): GATv2Conv(1024, 128, heads=4)
      (norm): LayerNorm((128,), eps=1e-05, elementwise_affine=True)
    )
  )
  (norm): LayerNorm((1024,), eps=1e-05, elementwise_affine=True)
  (mlp): Sequential(
    (0): Linear(in_features=1024, out_features=64, bias=True)
    (1): LeakyReLU(negative_slope=0.01)
    (2): Dropout(p=0.3, inplace=False)
    (3): Linear(in_features=64, out_features=7, bias=True)
  )
  (proj): Linear(in_features=1433, out_features=128, bias=True)
)
Epoch: 1, Loss: 2.0406, Train: 0.3571, Val: 0.3800, Test: 0.3930
Epoch: 2, Loss: 1.9035, Train: 0.3929, Val: 0.4240, Test: 0.4060
Epoch: 3, Loss: 1.9223, Train: 0.5071, Val: 0.3440, Test: 0.3440
Epoch: 4, Loss: 1.8442, Train: 0.5429, Val: 0.3180, Test: 0.3370
Epoch: 5, Loss: 1.8308, Train: 0.6786, Val: 0.4320, Test: 0.4100
Epoch: 6, Loss: 1.7401, Train: 0.8286, Val: 0.6120, Test: 0.6360
Epoch: 7, Loss: 1.6460, Train: 0.9143, Val: 0.6840, Test: 0.6930
Epoch: 8, Loss: 1.5050, Train: 0.8929, Val: 0.6720, Test: 0.6890
Epoch: 9, Loss: 1.3922, Train: 0.9071, Val: 0.7060, Test: 0.7110
Epoch: 10, Loss: 1.1945, Train: 0.9357, Val: 0.7140, Test: 0.7280
Epoch: 11, Loss: 1.0252, Train: 0.9571, Val: 0.7240, Test: 0.7280
Epoch: 12, Loss: 0.8863, Train: 0.9714, Val: 0.7280, Test: 0.7250
Epoch: 13, Loss: 0.7604, Train: 0.9786, Val: 0.7400, Test: 0.7260
Epoch: 14, Loss: 0.6035, Train: 0.9929, Val: 0.7520, Test: 0.7360
Epoch: 15, Loss: 0.5097, Train: 0.9929, Val: 0.7500, Test: 0.7540
Epoch: 16, Loss: 0.4334, Train: 0.9929, Val: 0.7500, Test: 0.7590
Epoch: 17, Loss: 0.2949, Train: 0.9929, Val: 0.7500, Test: 0.7530
Epoch: 18, Loss: 0.2684, Train: 0.9929, Val: 0.7440, Test: 0.7520
Epoch: 19, Loss: 0.1926, Train: 0.9857, Val: 0.7480, Test: 0.7470
Epoch: 20, Loss: 0.1796, Train: 0.9929, Val: 0.7480, Test: 0.7510
Epoch: 21, Loss: 0.1244, Train: 0.9929, Val: 0.7460, Test: 0.7550
Epoch: 22, Loss: 0.0998, Train: 1.0000, Val: 0.7560, Test: 0.7570
Epoch: 23, Loss: 0.0910, Train: 1.0000, Val: 0.7540, Test: 0.7610
Epoch: 24, Loss: 0.0579, Train: 1.0000, Val: 0.7580, Test: 0.7620
Epoch: 25, Loss: 0.0580, Train: 1.0000, Val: 0.7600, Test: 0.7670
Epoch: 26, Loss: 0.0571, Train: 1.0000, Val: 0.7420, Test: 0.7540
Epoch: 27, Loss: 0.0348, Train: 1.0000, Val: 0.7400, Test: 0.7430
Epoch: 28, Loss: 0.0290, Train: 1.0000, Val: 0.7380, Test: 0.7420
Epoch: 29, Loss: 0.0227, Train: 1.0000, Val: 0.7380, Test: 0.7460
Epoch: 30, Loss: 0.0226, Train: 1.0000, Val: 0.7420, Test: 0.7470
Epoch: 31, Loss: 0.0221, Train: 1.0000, Val: 0.7520, Test: 0.7550
Epoch: 32, Loss: 0.0191, Train: 1.0000, Val: 0.7600, Test: 0.7640
Epoch: 33, Loss: 0.0111, Train: 1.0000, Val: 0.7580, Test: 0.7690
Epoch: 34, Loss: 0.0175, Train: 1.0000, Val: 0.7580, Test: 0.7700
Epoch: 35, Loss: 0.0112, Train: 1.0000, Val: 0.7580, Test: 0.7710
Epoch: 36, Loss: 0.0132, Train: 1.0000, Val: 0.7600, Test: 0.7720
Epoch: 37, Loss: 0.0101, Train: 1.0000, Val: 0.7580, Test: 0.7750
Epoch: 38, Loss: 0.0097, Train: 1.0000, Val: 0.7520, Test: 0.7750
Epoch: 39, Loss: 0.0069, Train: 1.0000, Val: 0.7540, Test: 0.7730
Epoch: 40, Loss: 0.0075, Train: 1.0000, Val: 0.7560, Test: 0.7720
Epoch: 41, Loss: 0.0086, Train: 1.0000, Val: 0.7580, Test: 0.7710
Epoch: 42, Loss: 0.0089, Train: 1.0000, Val: 0.7540, Test: 0.7630
Epoch: 43, Loss: 0.0029, Train: 1.0000, Val: 0.7540, Test: 0.7560
Epoch: 44, Loss: 0.0037, Train: 1.0000, Val: 0.7560, Test: 0.7560
Epoch: 45, Loss: 0.0082, Train: 1.0000, Val: 0.7600, Test: 0.7590
Epoch: 46, Loss: 0.0032, Train: 1.0000, Val: 0.7540, Test: 0.7650
Epoch: 47, Loss: 0.0022, Train: 1.0000, Val: 0.7540, Test: 0.7690
Epoch: 48, Loss: 0.0054, Train: 1.0000, Val: 0.7520, Test: 0.7680
Epoch: 49, Loss: 0.0033, Train: 1.0000, Val: 0.7520, Test: 0.7710
Epoch: 50, Loss: 0.0063, Train: 1.0000, Val: 0.7540, Test: 0.7690
MAD:  0.5893
Best Test Accuracy: 0.7750, Val Accuracy: 0.7580, Train Accuracy: 1.0000
Training completed.
Seed:  5
PMPGNN(
  (convs): ModuleList(
    (0): ParallelGNNBlock(
      (conv1): GATv2Conv(128, 128, heads=4)
      (conv2): GATv2Conv(128, 128, heads=4)
      (norm): LayerNorm((128,), eps=1e-05, elementwise_affine=True)
    )
    (1-3): 3 x ParallelGNNBlock(
      (conv1): GATv2Conv(1024, 128, heads=4)
      (conv2): GATv2Conv(1024, 128, heads=4)
      (norm): LayerNorm((128,), eps=1e-05, elementwise_affine=True)
    )
  )
  (norm): LayerNorm((1024,), eps=1e-05, elementwise_affine=True)
  (mlp): Sequential(
    (0): Linear(in_features=1024, out_features=64, bias=True)
    (1): LeakyReLU(negative_slope=0.01)
    (2): Dropout(p=0.3, inplace=False)
    (3): Linear(in_features=64, out_features=7, bias=True)
  )
  (proj): Linear(in_features=1433, out_features=128, bias=True)
)
Epoch: 1, Loss: 1.9612, Train: 0.2071, Val: 0.3120, Test: 0.3270
Epoch: 2, Loss: 1.9295, Train: 0.3714, Val: 0.4480, Test: 0.4470
Epoch: 3, Loss: 1.8680, Train: 0.5643, Val: 0.4100, Test: 0.4200
Epoch: 4, Loss: 1.7920, Train: 0.8143, Val: 0.5520, Test: 0.5890
Epoch: 5, Loss: 1.7276, Train: 0.7286, Val: 0.5540, Test: 0.5650
Epoch: 6, Loss: 1.6171, Train: 0.8214, Val: 0.6680, Test: 0.6920
Epoch: 7, Loss: 1.4357, Train: 0.8786, Val: 0.6920, Test: 0.7420
Epoch: 8, Loss: 1.3147, Train: 0.9500, Val: 0.7580, Test: 0.7920
Epoch: 9, Loss: 1.0408, Train: 0.9571, Val: 0.7600, Test: 0.7650
Epoch: 10, Loss: 0.9121, Train: 0.9571, Val: 0.7560, Test: 0.7600
Epoch: 11, Loss: 0.7237, Train: 0.9500, Val: 0.7740, Test: 0.7770
Epoch: 12, Loss: 0.6032, Train: 0.9643, Val: 0.7800, Test: 0.7890
Epoch: 13, Loss: 0.4591, Train: 0.9786, Val: 0.7880, Test: 0.7870
Epoch: 14, Loss: 0.3281, Train: 0.9929, Val: 0.7840, Test: 0.7860
Epoch: 15, Loss: 0.2946, Train: 0.9929, Val: 0.7880, Test: 0.7850
Epoch: 16, Loss: 0.2296, Train: 0.9929, Val: 0.7940, Test: 0.7880
Epoch: 17, Loss: 0.1529, Train: 0.9929, Val: 0.7960, Test: 0.7930
Epoch: 18, Loss: 0.1101, Train: 1.0000, Val: 0.7920, Test: 0.8010
Epoch: 19, Loss: 0.1005, Train: 1.0000, Val: 0.7880, Test: 0.7980
Epoch: 20, Loss: 0.0869, Train: 1.0000, Val: 0.7780, Test: 0.7860
Epoch: 21, Loss: 0.0727, Train: 1.0000, Val: 0.7680, Test: 0.7850
Epoch: 22, Loss: 0.0623, Train: 1.0000, Val: 0.7620, Test: 0.7800
Epoch: 23, Loss: 0.0368, Train: 1.0000, Val: 0.7620, Test: 0.7790
Epoch: 24, Loss: 0.0287, Train: 1.0000, Val: 0.7680, Test: 0.7800
Epoch: 25, Loss: 0.0386, Train: 1.0000, Val: 0.7760, Test: 0.7830
Epoch: 26, Loss: 0.0323, Train: 1.0000, Val: 0.7800, Test: 0.7890
Epoch: 27, Loss: 0.0153, Train: 1.0000, Val: 0.7760, Test: 0.7880
Epoch: 28, Loss: 0.0111, Train: 1.0000, Val: 0.7760, Test: 0.7940
Epoch: 29, Loss: 0.0079, Train: 1.0000, Val: 0.7760, Test: 0.7980
Epoch: 30, Loss: 0.0092, Train: 1.0000, Val: 0.7780, Test: 0.7990
Epoch: 31, Loss: 0.0098, Train: 1.0000, Val: 0.7800, Test: 0.7990
Epoch: 32, Loss: 0.0081, Train: 1.0000, Val: 0.7780, Test: 0.7970
Epoch: 33, Loss: 0.0083, Train: 1.0000, Val: 0.7760, Test: 0.7990
Epoch: 34, Loss: 0.0047, Train: 1.0000, Val: 0.7840, Test: 0.7990
Epoch: 35, Loss: 0.0029, Train: 1.0000, Val: 0.7840, Test: 0.7980
Epoch: 36, Loss: 0.0045, Train: 1.0000, Val: 0.7840, Test: 0.7990
Epoch: 37, Loss: 0.0034, Train: 1.0000, Val: 0.7840, Test: 0.8000
Epoch: 38, Loss: 0.0026, Train: 1.0000, Val: 0.7840, Test: 0.7990
Epoch: 39, Loss: 0.0066, Train: 1.0000, Val: 0.7840, Test: 0.7990
Epoch: 40, Loss: 0.0046, Train: 1.0000, Val: 0.7860, Test: 0.7990
Epoch: 41, Loss: 0.0028, Train: 1.0000, Val: 0.7860, Test: 0.8030
Epoch: 42, Loss: 0.0025, Train: 1.0000, Val: 0.7820, Test: 0.8010
Epoch: 43, Loss: 0.0039, Train: 1.0000, Val: 0.7820, Test: 0.8010
Epoch: 44, Loss: 0.0090, Train: 1.0000, Val: 0.7820, Test: 0.8030
Epoch: 45, Loss: 0.0027, Train: 1.0000, Val: 0.7820, Test: 0.8020
Epoch: 46, Loss: 0.0021, Train: 1.0000, Val: 0.7800, Test: 0.8030
Epoch: 47, Loss: 0.0021, Train: 1.0000, Val: 0.7780, Test: 0.7990
Epoch: 48, Loss: 0.0038, Train: 1.0000, Val: 0.7760, Test: 0.8000
Epoch: 49, Loss: 0.0018, Train: 1.0000, Val: 0.7740, Test: 0.7980
Epoch: 50, Loss: 0.0017, Train: 1.0000, Val: 0.7720, Test: 0.7960
MAD:  0.606
Best Test Accuracy: 0.8030, Val Accuracy: 0.7860, Train Accuracy: 1.0000
Training completed.
Seed:  6
PMPGNN(
  (convs): ModuleList(
    (0): ParallelGNNBlock(
      (conv1): GATv2Conv(128, 128, heads=4)
      (conv2): GATv2Conv(128, 128, heads=4)
      (norm): LayerNorm((128,), eps=1e-05, elementwise_affine=True)
    )
    (1-3): 3 x ParallelGNNBlock(
      (conv1): GATv2Conv(1024, 128, heads=4)
      (conv2): GATv2Conv(1024, 128, heads=4)
      (norm): LayerNorm((128,), eps=1e-05, elementwise_affine=True)
    )
  )
  (norm): LayerNorm((1024,), eps=1e-05, elementwise_affine=True)
  (mlp): Sequential(
    (0): Linear(in_features=1024, out_features=64, bias=True)
    (1): LeakyReLU(negative_slope=0.01)
    (2): Dropout(p=0.3, inplace=False)
    (3): Linear(in_features=64, out_features=7, bias=True)
  )
  (proj): Linear(in_features=1433, out_features=128, bias=True)
)
Epoch: 1, Loss: 1.9680, Train: 0.3571, Val: 0.2560, Test: 0.2550
Epoch: 2, Loss: 1.9113, Train: 0.5214, Val: 0.2440, Test: 0.2790
Epoch: 3, Loss: 1.8922, Train: 0.5857, Val: 0.2660, Test: 0.2950
Epoch: 4, Loss: 1.8597, Train: 0.7071, Val: 0.3880, Test: 0.4350
Epoch: 5, Loss: 1.8153, Train: 0.7929, Val: 0.4920, Test: 0.5100
Epoch: 6, Loss: 1.7301, Train: 0.8143, Val: 0.5160, Test: 0.5310
Epoch: 7, Loss: 1.6232, Train: 0.8786, Val: 0.5680, Test: 0.5840
Epoch: 8, Loss: 1.5234, Train: 0.8857, Val: 0.5880, Test: 0.6030
Epoch: 9, Loss: 1.3426, Train: 0.8929, Val: 0.6060, Test: 0.6140
Epoch: 10, Loss: 1.1931, Train: 0.9071, Val: 0.6440, Test: 0.6600
Epoch: 11, Loss: 1.0129, Train: 0.9357, Val: 0.7000, Test: 0.7010
Epoch: 12, Loss: 0.9031, Train: 0.9429, Val: 0.7180, Test: 0.7260
Epoch: 13, Loss: 0.7457, Train: 0.9571, Val: 0.7440, Test: 0.7470
Epoch: 14, Loss: 0.6299, Train: 0.9714, Val: 0.7500, Test: 0.7610
Epoch: 15, Loss: 0.4837, Train: 0.9857, Val: 0.7620, Test: 0.7640
Epoch: 16, Loss: 0.4008, Train: 0.9857, Val: 0.7540, Test: 0.7600
Epoch: 17, Loss: 0.3303, Train: 0.9929, Val: 0.7660, Test: 0.7610
Epoch: 18, Loss: 0.2346, Train: 0.9929, Val: 0.7600, Test: 0.7630
Epoch: 19, Loss: 0.1910, Train: 1.0000, Val: 0.7540, Test: 0.7690
Epoch: 20, Loss: 0.1379, Train: 1.0000, Val: 0.7600, Test: 0.7710
Epoch: 21, Loss: 0.0988, Train: 1.0000, Val: 0.7480, Test: 0.7650
Epoch: 22, Loss: 0.0734, Train: 1.0000, Val: 0.7420, Test: 0.7560
Epoch: 23, Loss: 0.0517, Train: 1.0000, Val: 0.7400, Test: 0.7570
Epoch: 24, Loss: 0.0554, Train: 1.0000, Val: 0.7480, Test: 0.7570
Epoch: 25, Loss: 0.0336, Train: 1.0000, Val: 0.7520, Test: 0.7580
Epoch: 26, Loss: 0.0300, Train: 1.0000, Val: 0.7580, Test: 0.7630
Epoch: 27, Loss: 0.0194, Train: 1.0000, Val: 0.7600, Test: 0.7680
Epoch: 28, Loss: 0.0157, Train: 1.0000, Val: 0.7580, Test: 0.7630
Epoch: 29, Loss: 0.0126, Train: 1.0000, Val: 0.7500, Test: 0.7650
Epoch: 30, Loss: 0.0108, Train: 1.0000, Val: 0.7400, Test: 0.7650
Epoch: 31, Loss: 0.0108, Train: 1.0000, Val: 0.7320, Test: 0.7640
Epoch: 32, Loss: 0.0180, Train: 1.0000, Val: 0.7420, Test: 0.7690
Epoch: 33, Loss: 0.0097, Train: 1.0000, Val: 0.7560, Test: 0.7680
Epoch: 34, Loss: 0.0085, Train: 1.0000, Val: 0.7560, Test: 0.7690
Epoch: 35, Loss: 0.0103, Train: 1.0000, Val: 0.7340, Test: 0.7640
Epoch: 36, Loss: 0.0028, Train: 1.0000, Val: 0.7220, Test: 0.7500
Epoch: 37, Loss: 0.0099, Train: 1.0000, Val: 0.7180, Test: 0.7480
Epoch: 38, Loss: 0.0042, Train: 0.9929, Val: 0.7180, Test: 0.7470
Epoch: 39, Loss: 0.0056, Train: 0.9929, Val: 0.7240, Test: 0.7470
Epoch: 40, Loss: 0.0329, Train: 0.9929, Val: 0.7340, Test: 0.7560
Epoch: 41, Loss: 0.0041, Train: 0.9929, Val: 0.7420, Test: 0.7560
Epoch: 42, Loss: 0.0238, Train: 1.0000, Val: 0.7480, Test: 0.7650
Epoch: 43, Loss: 0.0028, Train: 1.0000, Val: 0.7460, Test: 0.7680
Epoch: 44, Loss: 0.0040, Train: 1.0000, Val: 0.7500, Test: 0.7740
Epoch: 45, Loss: 0.0026, Train: 1.0000, Val: 0.7500, Test: 0.7720
Epoch: 46, Loss: 0.0022, Train: 1.0000, Val: 0.7480, Test: 0.7760
Epoch: 47, Loss: 0.0583, Train: 1.0000, Val: 0.7540, Test: 0.7740
Epoch: 48, Loss: 0.0022, Train: 1.0000, Val: 0.7500, Test: 0.7640
Epoch: 49, Loss: 0.0021, Train: 1.0000, Val: 0.7400, Test: 0.7570
Epoch: 50, Loss: 0.0027, Train: 1.0000, Val: 0.7360, Test: 0.7520
MAD:  0.5943
Best Test Accuracy: 0.7760, Val Accuracy: 0.7480, Train Accuracy: 1.0000
Training completed.
Seed:  7
PMPGNN(
  (convs): ModuleList(
    (0): ParallelGNNBlock(
      (conv1): GATv2Conv(128, 128, heads=4)
      (conv2): GATv2Conv(128, 128, heads=4)
      (norm): LayerNorm((128,), eps=1e-05, elementwise_affine=True)
    )
    (1-3): 3 x ParallelGNNBlock(
      (conv1): GATv2Conv(1024, 128, heads=4)
      (conv2): GATv2Conv(1024, 128, heads=4)
      (norm): LayerNorm((128,), eps=1e-05, elementwise_affine=True)
    )
  )
  (norm): LayerNorm((1024,), eps=1e-05, elementwise_affine=True)
  (mlp): Sequential(
    (0): Linear(in_features=1024, out_features=64, bias=True)
    (1): LeakyReLU(negative_slope=0.01)
    (2): Dropout(p=0.3, inplace=False)
    (3): Linear(in_features=64, out_features=7, bias=True)
  )
  (proj): Linear(in_features=1433, out_features=128, bias=True)
)
Epoch: 1, Loss: 1.9882, Train: 0.2571, Val: 0.2340, Test: 0.2310
Epoch: 2, Loss: 1.8994, Train: 0.4000, Val: 0.2360, Test: 0.2300
Epoch: 3, Loss: 1.8950, Train: 0.4786, Val: 0.2800, Test: 0.2930
Epoch: 4, Loss: 1.8605, Train: 0.5214, Val: 0.2660, Test: 0.2690
Epoch: 5, Loss: 1.7571, Train: 0.6714, Val: 0.4540, Test: 0.4290
Epoch: 6, Loss: 1.7031, Train: 0.7571, Val: 0.5020, Test: 0.5090
Epoch: 7, Loss: 1.5586, Train: 0.7929, Val: 0.5480, Test: 0.5560
Epoch: 8, Loss: 1.4631, Train: 0.8071, Val: 0.5660, Test: 0.5630
Epoch: 9, Loss: 1.3007, Train: 0.8500, Val: 0.5880, Test: 0.6010
Epoch: 10, Loss: 1.1481, Train: 0.9000, Val: 0.6620, Test: 0.6520
Epoch: 11, Loss: 0.9985, Train: 0.9143, Val: 0.7080, Test: 0.7010
Epoch: 12, Loss: 0.8234, Train: 0.9143, Val: 0.7180, Test: 0.7270
Epoch: 13, Loss: 0.6863, Train: 0.9286, Val: 0.7280, Test: 0.7430
Epoch: 14, Loss: 0.6033, Train: 0.9429, Val: 0.7560, Test: 0.7590
Epoch: 15, Loss: 0.4989, Train: 0.9643, Val: 0.7740, Test: 0.7770
Epoch: 16, Loss: 0.4020, Train: 0.9929, Val: 0.7920, Test: 0.7860
Epoch: 17, Loss: 0.3018, Train: 0.9929, Val: 0.7940, Test: 0.7960
Epoch: 18, Loss: 0.2503, Train: 0.9929, Val: 0.7940, Test: 0.7940
Epoch: 19, Loss: 0.1985, Train: 1.0000, Val: 0.7920, Test: 0.7950
Epoch: 20, Loss: 0.1555, Train: 1.0000, Val: 0.7980, Test: 0.7980
Epoch: 21, Loss: 0.1188, Train: 1.0000, Val: 0.7860, Test: 0.7920
Epoch: 22, Loss: 0.0855, Train: 1.0000, Val: 0.7720, Test: 0.7900
Epoch: 23, Loss: 0.0645, Train: 1.0000, Val: 0.7700, Test: 0.7910
Epoch: 24, Loss: 0.0416, Train: 1.0000, Val: 0.7660, Test: 0.7830
Epoch: 25, Loss: 0.0512, Train: 1.0000, Val: 0.7720, Test: 0.7850
Epoch: 26, Loss: 0.0371, Train: 1.0000, Val: 0.7700, Test: 0.7880
Epoch: 27, Loss: 0.0168, Train: 1.0000, Val: 0.7660, Test: 0.7860
Epoch: 28, Loss: 0.0178, Train: 1.0000, Val: 0.7620, Test: 0.7850
Epoch: 29, Loss: 0.0219, Train: 1.0000, Val: 0.7600, Test: 0.7880
Epoch: 30, Loss: 0.0114, Train: 1.0000, Val: 0.7560, Test: 0.7900
Epoch: 31, Loss: 0.0095, Train: 1.0000, Val: 0.7520, Test: 0.7880
Epoch: 32, Loss: 0.0096, Train: 1.0000, Val: 0.7500, Test: 0.7770
Epoch: 33, Loss: 0.0091, Train: 1.0000, Val: 0.7520, Test: 0.7740
Epoch: 34, Loss: 0.0064, Train: 1.0000, Val: 0.7640, Test: 0.7760
Epoch: 35, Loss: 0.0086, Train: 1.0000, Val: 0.7660, Test: 0.7800
Epoch: 36, Loss: 0.0062, Train: 1.0000, Val: 0.7620, Test: 0.7740
Epoch: 37, Loss: 0.0095, Train: 1.0000, Val: 0.7580, Test: 0.7750
Epoch: 38, Loss: 0.0036, Train: 1.0000, Val: 0.7540, Test: 0.7730
Epoch: 39, Loss: 0.0034, Train: 1.0000, Val: 0.7540, Test: 0.7750
Epoch: 40, Loss: 0.0065, Train: 1.0000, Val: 0.7560, Test: 0.7720
Epoch: 41, Loss: 0.0124, Train: 1.0000, Val: 0.7460, Test: 0.7740
Epoch: 42, Loss: 0.0026, Train: 1.0000, Val: 0.7520, Test: 0.7710
Epoch: 43, Loss: 0.0023, Train: 1.0000, Val: 0.7460, Test: 0.7580
Epoch: 44, Loss: 0.0205, Train: 1.0000, Val: 0.7500, Test: 0.7690
Epoch: 45, Loss: 0.0041, Train: 1.0000, Val: 0.7500, Test: 0.7750
Epoch: 46, Loss: 0.0069, Train: 1.0000, Val: 0.7460, Test: 0.7740
Epoch: 47, Loss: 0.0019, Train: 1.0000, Val: 0.7420, Test: 0.7750
Epoch: 48, Loss: 0.0050, Train: 0.9929, Val: 0.7420, Test: 0.7710
Epoch: 49, Loss: 0.0436, Train: 1.0000, Val: 0.7360, Test: 0.7710
Epoch: 50, Loss: 0.0047, Train: 1.0000, Val: 0.7440, Test: 0.7600
MAD:  0.5317
Best Test Accuracy: 0.7980, Val Accuracy: 0.7980, Train Accuracy: 1.0000
Training completed.
Seed:  8
PMPGNN(
  (convs): ModuleList(
    (0): ParallelGNNBlock(
      (conv1): GATv2Conv(128, 128, heads=4)
      (conv2): GATv2Conv(128, 128, heads=4)
      (norm): LayerNorm((128,), eps=1e-05, elementwise_affine=True)
    )
    (1-3): 3 x ParallelGNNBlock(
      (conv1): GATv2Conv(1024, 128, heads=4)
      (conv2): GATv2Conv(1024, 128, heads=4)
      (norm): LayerNorm((128,), eps=1e-05, elementwise_affine=True)
    )
  )
  (norm): LayerNorm((1024,), eps=1e-05, elementwise_affine=True)
  (mlp): Sequential(
    (0): Linear(in_features=1024, out_features=64, bias=True)
    (1): LeakyReLU(negative_slope=0.01)
    (2): Dropout(p=0.3, inplace=False)
    (3): Linear(in_features=64, out_features=7, bias=True)
  )
  (proj): Linear(in_features=1433, out_features=128, bias=True)
)
Epoch: 1, Loss: 1.9349, Train: 0.1643, Val: 0.1220, Test: 0.1390
Epoch: 2, Loss: 1.9449, Train: 0.2571, Val: 0.1560, Test: 0.1790
Epoch: 3, Loss: 1.8922, Train: 0.4786, Val: 0.2540, Test: 0.2920
Epoch: 4, Loss: 1.8298, Train: 0.8143, Val: 0.4960, Test: 0.5080
Epoch: 5, Loss: 1.7770, Train: 0.7857, Val: 0.5300, Test: 0.5510
Epoch: 6, Loss: 1.6814, Train: 0.8214, Val: 0.6480, Test: 0.6660
Epoch: 7, Loss: 1.5842, Train: 0.9071, Val: 0.7040, Test: 0.7470
Epoch: 8, Loss: 1.4583, Train: 0.9214, Val: 0.7040, Test: 0.7280
Epoch: 9, Loss: 1.2806, Train: 0.9214, Val: 0.7180, Test: 0.7440
Epoch: 10, Loss: 1.1437, Train: 0.9429, Val: 0.7400, Test: 0.7810
Epoch: 11, Loss: 0.8974, Train: 0.9500, Val: 0.7620, Test: 0.7900
Epoch: 12, Loss: 0.7472, Train: 0.9643, Val: 0.7680, Test: 0.7890
Epoch: 13, Loss: 0.6650, Train: 0.9714, Val: 0.7360, Test: 0.7710
Epoch: 14, Loss: 0.5572, Train: 0.9714, Val: 0.7440, Test: 0.7740
Epoch: 15, Loss: 0.4052, Train: 0.9857, Val: 0.7500, Test: 0.7780
Epoch: 16, Loss: 0.3016, Train: 0.9857, Val: 0.7640, Test: 0.7940
Epoch: 17, Loss: 0.2642, Train: 0.9786, Val: 0.7760, Test: 0.7890
Epoch: 18, Loss: 0.1818, Train: 0.9857, Val: 0.7640, Test: 0.7920
Epoch: 19, Loss: 0.1218, Train: 0.9929, Val: 0.7680, Test: 0.8040
Epoch: 20, Loss: 0.1195, Train: 1.0000, Val: 0.7580, Test: 0.8050
Epoch: 21, Loss: 0.0683, Train: 1.0000, Val: 0.7680, Test: 0.8020
Epoch: 22, Loss: 0.0763, Train: 1.0000, Val: 0.7880, Test: 0.7960
Epoch: 23, Loss: 0.0599, Train: 1.0000, Val: 0.7820, Test: 0.7870
Epoch: 24, Loss: 0.0456, Train: 1.0000, Val: 0.7760, Test: 0.7820
Epoch: 25, Loss: 0.0413, Train: 1.0000, Val: 0.7720, Test: 0.7860
Epoch: 26, Loss: 0.0256, Train: 1.0000, Val: 0.7680, Test: 0.7870
Epoch: 27, Loss: 0.0240, Train: 1.0000, Val: 0.7600, Test: 0.7850
Epoch: 28, Loss: 0.0143, Train: 1.0000, Val: 0.7500, Test: 0.7900
Epoch: 29, Loss: 0.0142, Train: 1.0000, Val: 0.7540, Test: 0.7910
Epoch: 30, Loss: 0.0113, Train: 1.0000, Val: 0.7640, Test: 0.8000
Epoch: 31, Loss: 0.0083, Train: 1.0000, Val: 0.7620, Test: 0.8050
Epoch: 32, Loss: 0.0154, Train: 1.0000, Val: 0.7680, Test: 0.8090
Epoch: 33, Loss: 0.0068, Train: 1.0000, Val: 0.7660, Test: 0.8090
Epoch: 34, Loss: 0.0093, Train: 1.0000, Val: 0.7680, Test: 0.8080
Epoch: 35, Loss: 0.0066, Train: 1.0000, Val: 0.7700, Test: 0.8070
Epoch: 36, Loss: 0.0341, Train: 1.0000, Val: 0.7620, Test: 0.8050
Epoch: 37, Loss: 0.0040, Train: 1.0000, Val: 0.7640, Test: 0.8000
Epoch: 38, Loss: 0.0044, Train: 0.9929, Val: 0.7560, Test: 0.7890
Epoch: 39, Loss: 0.0273, Train: 1.0000, Val: 0.7620, Test: 0.7840
Epoch: 40, Loss: 0.0093, Train: 1.0000, Val: 0.7600, Test: 0.7850
Epoch: 41, Loss: 0.0020, Train: 1.0000, Val: 0.7600, Test: 0.7810
Epoch: 42, Loss: 0.0156, Train: 1.0000, Val: 0.7620, Test: 0.7790
Epoch: 43, Loss: 0.0037, Train: 1.0000, Val: 0.7580, Test: 0.7800
Epoch: 44, Loss: 0.0029, Train: 1.0000, Val: 0.7560, Test: 0.7830
Epoch: 45, Loss: 0.0033, Train: 1.0000, Val: 0.7480, Test: 0.7820
Epoch: 46, Loss: 0.0283, Train: 1.0000, Val: 0.7520, Test: 0.7870
Epoch: 47, Loss: 0.0015, Train: 1.0000, Val: 0.7520, Test: 0.7910
Epoch: 48, Loss: 0.0020, Train: 1.0000, Val: 0.7620, Test: 0.7940
Epoch: 49, Loss: 0.0024, Train: 1.0000, Val: 0.7640, Test: 0.7970
Epoch: 50, Loss: 0.0047, Train: 1.0000, Val: 0.7700, Test: 0.7980
MAD:  0.5743
Best Test Accuracy: 0.8090, Val Accuracy: 0.7680, Train Accuracy: 1.0000
Training completed.
Seed:  9
PMPGNN(
  (convs): ModuleList(
    (0): ParallelGNNBlock(
      (conv1): GATv2Conv(128, 128, heads=4)
      (conv2): GATv2Conv(128, 128, heads=4)
      (norm): LayerNorm((128,), eps=1e-05, elementwise_affine=True)
    )
    (1-3): 3 x ParallelGNNBlock(
      (conv1): GATv2Conv(1024, 128, heads=4)
      (conv2): GATv2Conv(1024, 128, heads=4)
      (norm): LayerNorm((128,), eps=1e-05, elementwise_affine=True)
    )
  )
  (norm): LayerNorm((1024,), eps=1e-05, elementwise_affine=True)
  (mlp): Sequential(
    (0): Linear(in_features=1024, out_features=64, bias=True)
    (1): LeakyReLU(negative_slope=0.01)
    (2): Dropout(p=0.3, inplace=False)
    (3): Linear(in_features=64, out_features=7, bias=True)
  )
  (proj): Linear(in_features=1433, out_features=128, bias=True)
)
Epoch: 1, Loss: 1.9833, Train: 0.2000, Val: 0.1160, Test: 0.1200
Epoch: 2, Loss: 1.9182, Train: 0.3571, Val: 0.2480, Test: 0.2200
Epoch: 3, Loss: 1.8771, Train: 0.6000, Val: 0.3420, Test: 0.3310
Epoch: 4, Loss: 1.8299, Train: 0.8071, Val: 0.6060, Test: 0.5880
Epoch: 5, Loss: 1.7804, Train: 0.8214, Val: 0.6420, Test: 0.6580
Epoch: 6, Loss: 1.7021, Train: 0.8643, Val: 0.6800, Test: 0.6900
Epoch: 7, Loss: 1.6286, Train: 0.9143, Val: 0.7140, Test: 0.7170
Epoch: 8, Loss: 1.5471, Train: 0.9286, Val: 0.7020, Test: 0.6990
Epoch: 9, Loss: 1.3395, Train: 0.9357, Val: 0.6940, Test: 0.7000
Epoch: 10, Loss: 1.1578, Train: 0.9429, Val: 0.7160, Test: 0.7070
Epoch: 11, Loss: 0.8871, Train: 0.9500, Val: 0.7440, Test: 0.7310
Epoch: 12, Loss: 0.7640, Train: 0.9786, Val: 0.7520, Test: 0.7670
Epoch: 13, Loss: 0.6010, Train: 0.9929, Val: 0.7780, Test: 0.7900
Epoch: 14, Loss: 0.4488, Train: 0.9929, Val: 0.7840, Test: 0.7950
Epoch: 15, Loss: 0.3275, Train: 0.9929, Val: 0.7840, Test: 0.7970
Epoch: 16, Loss: 0.2561, Train: 0.9929, Val: 0.7840, Test: 0.7970
Epoch: 17, Loss: 0.1826, Train: 1.0000, Val: 0.7780, Test: 0.7940
Epoch: 18, Loss: 0.1253, Train: 1.0000, Val: 0.7760, Test: 0.7930
Epoch: 19, Loss: 0.0894, Train: 1.0000, Val: 0.7660, Test: 0.7880
Epoch: 20, Loss: 0.0829, Train: 1.0000, Val: 0.7720, Test: 0.7900
Epoch: 21, Loss: 0.0556, Train: 1.0000, Val: 0.7740, Test: 0.7890
Epoch: 22, Loss: 0.0387, Train: 1.0000, Val: 0.7680, Test: 0.7870
Epoch: 23, Loss: 0.0448, Train: 1.0000, Val: 0.7620, Test: 0.7790
Epoch: 24, Loss: 0.0300, Train: 1.0000, Val: 0.7620, Test: 0.7690
Epoch: 25, Loss: 0.0234, Train: 1.0000, Val: 0.7500, Test: 0.7700
Epoch: 26, Loss: 0.0163, Train: 1.0000, Val: 0.7540, Test: 0.7710
Epoch: 27, Loss: 0.0259, Train: 1.0000, Val: 0.7560, Test: 0.7690
Epoch: 28, Loss: 0.0162, Train: 1.0000, Val: 0.7560, Test: 0.7620
Epoch: 29, Loss: 0.0197, Train: 1.0000, Val: 0.7580, Test: 0.7660
Epoch: 30, Loss: 0.0069, Train: 1.0000, Val: 0.7560, Test: 0.7670
Epoch: 31, Loss: 0.0069, Train: 1.0000, Val: 0.7580, Test: 0.7670
Epoch: 32, Loss: 0.0051, Train: 1.0000, Val: 0.7540, Test: 0.7690
Epoch: 33, Loss: 0.0046, Train: 1.0000, Val: 0.7520, Test: 0.7690
Epoch: 34, Loss: 0.0058, Train: 1.0000, Val: 0.7520, Test: 0.7690
Epoch: 35, Loss: 0.0025, Train: 1.0000, Val: 0.7500, Test: 0.7670
Epoch: 36, Loss: 0.0057, Train: 1.0000, Val: 0.7500, Test: 0.7680
Epoch: 37, Loss: 0.0046, Train: 1.0000, Val: 0.7500, Test: 0.7680
Epoch: 38, Loss: 0.0038, Train: 1.0000, Val: 0.7540, Test: 0.7710
Epoch: 39, Loss: 0.0041, Train: 1.0000, Val: 0.7540, Test: 0.7710
Epoch: 40, Loss: 0.0023, Train: 1.0000, Val: 0.7540, Test: 0.7690
Epoch: 41, Loss: 0.0035, Train: 1.0000, Val: 0.7580, Test: 0.7700
Epoch: 42, Loss: 0.0018, Train: 1.0000, Val: 0.7620, Test: 0.7690
Epoch: 43, Loss: 0.0036, Train: 1.0000, Val: 0.7620, Test: 0.7700
Epoch: 44, Loss: 0.0020, Train: 1.0000, Val: 0.7620, Test: 0.7730
Epoch: 45, Loss: 0.0023, Train: 1.0000, Val: 0.7620, Test: 0.7770
Epoch: 46, Loss: 0.0024, Train: 1.0000, Val: 0.7600, Test: 0.7780
Epoch: 47, Loss: 0.0022, Train: 1.0000, Val: 0.7620, Test: 0.7790
Epoch: 48, Loss: 0.0018, Train: 1.0000, Val: 0.7640, Test: 0.7790
Epoch: 49, Loss: 0.0036, Train: 1.0000, Val: 0.7660, Test: 0.7770
Epoch: 50, Loss: 0.0025, Train: 1.0000, Val: 0.7640, Test: 0.7780
MAD:  0.4844
Best Test Accuracy: 0.7970, Val Accuracy: 0.7840, Train Accuracy: 0.9929
Training completed.
Average Test Accuracy:  0.7959 ± 0.010921996154549782
Average MAD:  0.54737 ± 0.06056170489674149
