Seed:  0
PMPGNN(
  (convs): ModuleList(
    (0): ParallelGNNBlock(
      (conv1): GATv2Conv(128, 128, heads=2)
      (conv2): GATv2Conv(128, 128, heads=2)
      (norm): LayerNorm((128,), eps=1e-05, elementwise_affine=True)
    )
    (1-9): 9 x ParallelGNNBlock(
      (conv1): GATv2Conv(512, 128, heads=2)
      (conv2): GATv2Conv(512, 128, heads=2)
      (norm): LayerNorm((128,), eps=1e-05, elementwise_affine=True)
    )
  )
  (norm): LayerNorm((512,), eps=1e-05, elementwise_affine=True)
  (mlp): Sequential(
    (0): Linear(in_features=512, out_features=64, bias=True)
    (1): LeakyReLU(negative_slope=0.01)
    (2): Dropout(p=0.3, inplace=False)
    (3): Linear(in_features=64, out_features=7, bias=True)
  )
  (proj): Linear(in_features=1433, out_features=128, bias=True)
)
Epoch: 1, Loss: 1.9930, Train: 0.1500, Val: 0.1540, Test: 0.1530
Epoch: 2, Loss: 1.9632, Train: 0.2214, Val: 0.1780, Test: 0.1820
Epoch: 3, Loss: 1.9688, Train: 0.1571, Val: 0.1740, Test: 0.1630
Epoch: 4, Loss: 1.9622, Train: 0.2071, Val: 0.1640, Test: 0.1700
Epoch: 5, Loss: 1.9983, Train: 0.2286, Val: 0.1580, Test: 0.1760
Epoch: 6, Loss: 1.9492, Train: 0.2071, Val: 0.1100, Test: 0.1420
Epoch: 7, Loss: 1.9671, Train: 0.2571, Val: 0.1440, Test: 0.1590
Epoch: 8, Loss: 1.9471, Train: 0.2571, Val: 0.1660, Test: 0.1760
Epoch: 9, Loss: 1.9170, Train: 0.3429, Val: 0.2020, Test: 0.2270
Epoch: 10, Loss: 1.9386, Train: 0.4286, Val: 0.2760, Test: 0.2920
Epoch: 11, Loss: 1.9370, Train: 0.4857, Val: 0.3260, Test: 0.3180
Epoch: 12, Loss: 1.9361, Train: 0.4071, Val: 0.2860, Test: 0.2910
Epoch: 13, Loss: 1.9334, Train: 0.3357, Val: 0.2320, Test: 0.2270
Epoch: 14, Loss: 1.9178, Train: 0.2714, Val: 0.2020, Test: 0.1960
Epoch: 15, Loss: 1.9236, Train: 0.2714, Val: 0.2200, Test: 0.2020
Epoch: 16, Loss: 1.9263, Train: 0.3429, Val: 0.2500, Test: 0.2310
Epoch: 17, Loss: 1.9079, Train: 0.3286, Val: 0.2600, Test: 0.2410
Epoch: 18, Loss: 1.9126, Train: 0.4429, Val: 0.3100, Test: 0.2860
Epoch: 19, Loss: 1.8890, Train: 0.5071, Val: 0.3620, Test: 0.3670
Epoch: 20, Loss: 1.8575, Train: 0.5500, Val: 0.3560, Test: 0.3740
Epoch: 21, Loss: 1.8671, Train: 0.5000, Val: 0.3460, Test: 0.3510
Epoch: 22, Loss: 1.8670, Train: 0.5071, Val: 0.3440, Test: 0.3490
Epoch: 23, Loss: 1.8016, Train: 0.5143, Val: 0.3600, Test: 0.3550
Epoch: 24, Loss: 1.7722, Train: 0.5357, Val: 0.3860, Test: 0.3760
Epoch: 25, Loss: 1.7145, Train: 0.5500, Val: 0.3940, Test: 0.3900
Epoch: 26, Loss: 1.7028, Train: 0.5500, Val: 0.4040, Test: 0.3880
Epoch: 27, Loss: 1.6263, Train: 0.5214, Val: 0.3920, Test: 0.3850
Epoch: 28, Loss: 1.6042, Train: 0.5714, Val: 0.3920, Test: 0.3990
Epoch: 29, Loss: 1.5280, Train: 0.5857, Val: 0.4100, Test: 0.3990
Epoch: 30, Loss: 1.4297, Train: 0.6143, Val: 0.4300, Test: 0.4130
Epoch: 31, Loss: 1.3868, Train: 0.7071, Val: 0.4800, Test: 0.4770
Epoch: 32, Loss: 1.3090, Train: 0.7786, Val: 0.5220, Test: 0.5210
Epoch: 33, Loss: 1.2502, Train: 0.7571, Val: 0.5200, Test: 0.5200
Epoch: 34, Loss: 1.1411, Train: 0.7786, Val: 0.5020, Test: 0.5100
Epoch: 35, Loss: 1.1634, Train: 0.8286, Val: 0.5600, Test: 0.5660
Epoch: 36, Loss: 1.0097, Train: 0.8429, Val: 0.5940, Test: 0.5940
Epoch: 37, Loss: 0.9923, Train: 0.8357, Val: 0.5740, Test: 0.5880
Epoch: 38, Loss: 0.8713, Train: 0.8500, Val: 0.6060, Test: 0.5970
Epoch: 39, Loss: 0.8177, Train: 0.8714, Val: 0.6200, Test: 0.6080
Epoch: 40, Loss: 0.8095, Train: 0.9071, Val: 0.6580, Test: 0.6470
Epoch: 41, Loss: 0.7547, Train: 0.9357, Val: 0.6800, Test: 0.7040
Epoch: 42, Loss: 0.7007, Train: 0.9071, Val: 0.6700, Test: 0.6970
Epoch: 43, Loss: 0.6273, Train: 0.9214, Val: 0.6820, Test: 0.6950
Epoch: 44, Loss: 0.5686, Train: 0.9500, Val: 0.6960, Test: 0.7040
Epoch: 45, Loss: 0.5478, Train: 0.9357, Val: 0.6880, Test: 0.7050
Epoch: 46, Loss: 0.5283, Train: 0.9286, Val: 0.6700, Test: 0.6890
Epoch: 47, Loss: 0.5525, Train: 0.9500, Val: 0.7000, Test: 0.7160
Epoch: 48, Loss: 0.4404, Train: 0.9643, Val: 0.6900, Test: 0.7060
Epoch: 49, Loss: 0.4155, Train: 0.9643, Val: 0.6620, Test: 0.6810
Epoch: 50, Loss: 0.3950, Train: 0.9643, Val: 0.6580, Test: 0.6840
MAD:  0.9319
Best Test Accuracy: 0.7160, Val Accuracy: 0.7000, Train Accuracy: 0.9500
Training completed.
Seed:  1
PMPGNN(
  (convs): ModuleList(
    (0): ParallelGNNBlock(
      (conv1): GATv2Conv(128, 128, heads=2)
      (conv2): GATv2Conv(128, 128, heads=2)
      (norm): LayerNorm((128,), eps=1e-05, elementwise_affine=True)
    )
    (1-9): 9 x ParallelGNNBlock(
      (conv1): GATv2Conv(512, 128, heads=2)
      (conv2): GATv2Conv(512, 128, heads=2)
      (norm): LayerNorm((128,), eps=1e-05, elementwise_affine=True)
    )
  )
  (norm): LayerNorm((512,), eps=1e-05, elementwise_affine=True)
  (mlp): Sequential(
    (0): Linear(in_features=512, out_features=64, bias=True)
    (1): LeakyReLU(negative_slope=0.01)
    (2): Dropout(p=0.3, inplace=False)
    (3): Linear(in_features=64, out_features=7, bias=True)
  )
  (proj): Linear(in_features=1433, out_features=128, bias=True)
)
Epoch: 1, Loss: 1.9706, Train: 0.1357, Val: 0.3140, Test: 0.3130
Epoch: 2, Loss: 1.9644, Train: 0.1429, Val: 0.1140, Test: 0.1030
Epoch: 3, Loss: 1.9740, Train: 0.1429, Val: 0.1140, Test: 0.1030
Epoch: 4, Loss: 1.9787, Train: 0.1429, Val: 0.1140, Test: 0.1030
Epoch: 5, Loss: 1.9484, Train: 0.1429, Val: 0.1140, Test: 0.1030
Epoch: 6, Loss: 1.9346, Train: 0.1429, Val: 0.1140, Test: 0.1030
Epoch: 7, Loss: 1.9495, Train: 0.1429, Val: 0.1160, Test: 0.1050
Epoch: 8, Loss: 1.9428, Train: 0.1571, Val: 0.1240, Test: 0.1290
Epoch: 9, Loss: 1.9781, Train: 0.1714, Val: 0.1660, Test: 0.1610
Epoch: 10, Loss: 1.9725, Train: 0.2857, Val: 0.2720, Test: 0.2540
Epoch: 11, Loss: 1.9720, Train: 0.2000, Val: 0.1700, Test: 0.1610
Epoch: 12, Loss: 1.9342, Train: 0.2286, Val: 0.1740, Test: 0.1740
Epoch: 13, Loss: 1.9529, Train: 0.3143, Val: 0.2480, Test: 0.2460
Epoch: 14, Loss: 1.9233, Train: 0.2929, Val: 0.3020, Test: 0.3020
Epoch: 15, Loss: 1.9177, Train: 0.3143, Val: 0.2860, Test: 0.2950
Epoch: 16, Loss: 1.9400, Train: 0.3786, Val: 0.2860, Test: 0.2840
Epoch: 17, Loss: 1.9090, Train: 0.4214, Val: 0.3260, Test: 0.3380
Epoch: 18, Loss: 1.8956, Train: 0.4714, Val: 0.4580, Test: 0.4730
Epoch: 19, Loss: 1.8994, Train: 0.5357, Val: 0.5280, Test: 0.5450
Epoch: 20, Loss: 1.8790, Train: 0.6071, Val: 0.5420, Test: 0.5910
Epoch: 21, Loss: 1.8615, Train: 0.6500, Val: 0.5280, Test: 0.6020
Epoch: 22, Loss: 1.8376, Train: 0.6214, Val: 0.5140, Test: 0.5480
Epoch: 23, Loss: 1.8119, Train: 0.5929, Val: 0.4640, Test: 0.5000
Epoch: 24, Loss: 1.7952, Train: 0.5857, Val: 0.4460, Test: 0.4780
Epoch: 25, Loss: 1.7189, Train: 0.5643, Val: 0.4260, Test: 0.4610
Epoch: 26, Loss: 1.7278, Train: 0.5571, Val: 0.4280, Test: 0.4640
Epoch: 27, Loss: 1.6672, Train: 0.5714, Val: 0.4260, Test: 0.4710
Epoch: 28, Loss: 1.6101, Train: 0.5714, Val: 0.4340, Test: 0.4570
Epoch: 29, Loss: 1.5691, Train: 0.5357, Val: 0.3880, Test: 0.3960
Epoch: 30, Loss: 1.5018, Train: 0.5357, Val: 0.3920, Test: 0.4170
Epoch: 31, Loss: 1.4492, Train: 0.6214, Val: 0.4520, Test: 0.4700
Epoch: 32, Loss: 1.3425, Train: 0.6857, Val: 0.5140, Test: 0.5400
Epoch: 33, Loss: 1.3552, Train: 0.6857, Val: 0.5540, Test: 0.5870
Epoch: 34, Loss: 1.2944, Train: 0.6786, Val: 0.5600, Test: 0.5580
Epoch: 35, Loss: 1.2331, Train: 0.6571, Val: 0.5380, Test: 0.5480
Epoch: 36, Loss: 1.1866, Train: 0.7143, Val: 0.5720, Test: 0.5430
Epoch: 37, Loss: 1.0910, Train: 0.7143, Val: 0.5900, Test: 0.6010
Epoch: 38, Loss: 1.0649, Train: 0.7357, Val: 0.5820, Test: 0.5900
Epoch: 39, Loss: 0.8872, Train: 0.8000, Val: 0.6080, Test: 0.6020
Epoch: 40, Loss: 0.9267, Train: 0.8357, Val: 0.6060, Test: 0.6110
Epoch: 41, Loss: 0.8625, Train: 0.8929, Val: 0.6680, Test: 0.6890
Epoch: 42, Loss: 0.7842, Train: 0.8857, Val: 0.6740, Test: 0.6890
Epoch: 43, Loss: 0.7086, Train: 0.9143, Val: 0.7280, Test: 0.7350
Epoch: 44, Loss: 0.6644, Train: 0.8714, Val: 0.7140, Test: 0.7430
Epoch: 45, Loss: 0.6481, Train: 0.9000, Val: 0.7400, Test: 0.7480
Epoch: 46, Loss: 0.5787, Train: 0.9500, Val: 0.7540, Test: 0.7580
Epoch: 47, Loss: 0.5551, Train: 0.9786, Val: 0.7700, Test: 0.7630
Epoch: 48, Loss: 0.4793, Train: 0.9786, Val: 0.7820, Test: 0.7740
Epoch: 49, Loss: 0.4332, Train: 0.9786, Val: 0.7680, Test: 0.7850
Epoch: 50, Loss: 0.4072, Train: 0.9857, Val: 0.7760, Test: 0.7810
MAD:  0.8881
Best Test Accuracy: 0.7850, Val Accuracy: 0.7680, Train Accuracy: 0.9786
Training completed.
Seed:  2
PMPGNN(
  (convs): ModuleList(
    (0): ParallelGNNBlock(
      (conv1): GATv2Conv(128, 128, heads=2)
      (conv2): GATv2Conv(128, 128, heads=2)
      (norm): LayerNorm((128,), eps=1e-05, elementwise_affine=True)
    )
    (1-9): 9 x ParallelGNNBlock(
      (conv1): GATv2Conv(512, 128, heads=2)
      (conv2): GATv2Conv(512, 128, heads=2)
      (norm): LayerNorm((128,), eps=1e-05, elementwise_affine=True)
    )
  )
  (norm): LayerNorm((512,), eps=1e-05, elementwise_affine=True)
  (mlp): Sequential(
    (0): Linear(in_features=512, out_features=64, bias=True)
    (1): LeakyReLU(negative_slope=0.01)
    (2): Dropout(p=0.3, inplace=False)
    (3): Linear(in_features=64, out_features=7, bias=True)
  )
  (proj): Linear(in_features=1433, out_features=128, bias=True)
)
Epoch: 1, Loss: 1.9819, Train: 0.1500, Val: 0.1620, Test: 0.1480
Epoch: 2, Loss: 1.9432, Train: 0.1714, Val: 0.1180, Test: 0.1140
Epoch: 3, Loss: 1.9427, Train: 0.1571, Val: 0.0780, Test: 0.0830
Epoch: 4, Loss: 1.9606, Train: 0.1857, Val: 0.1040, Test: 0.1170
Epoch: 5, Loss: 1.9394, Train: 0.2500, Val: 0.1860, Test: 0.1910
Epoch: 6, Loss: 1.9492, Train: 0.2571, Val: 0.2520, Test: 0.2580
Epoch: 7, Loss: 1.9461, Train: 0.2714, Val: 0.3240, Test: 0.3120
Epoch: 8, Loss: 1.9632, Train: 0.2714, Val: 0.3600, Test: 0.3560
Epoch: 9, Loss: 1.9344, Train: 0.2714, Val: 0.2500, Test: 0.2590
Epoch: 10, Loss: 1.9555, Train: 0.2429, Val: 0.2140, Test: 0.2200
Epoch: 11, Loss: 1.9291, Train: 0.3000, Val: 0.2500, Test: 0.2460
Epoch: 12, Loss: 1.9213, Train: 0.3571, Val: 0.3160, Test: 0.3350
Epoch: 13, Loss: 1.9666, Train: 0.4071, Val: 0.3780, Test: 0.4040
Epoch: 14, Loss: 1.9132, Train: 0.4643, Val: 0.4240, Test: 0.4640
Epoch: 15, Loss: 1.9396, Train: 0.5000, Val: 0.4560, Test: 0.4880
Epoch: 16, Loss: 1.9101, Train: 0.5214, Val: 0.4680, Test: 0.4820
Epoch: 17, Loss: 1.8932, Train: 0.5857, Val: 0.5060, Test: 0.5140
Epoch: 18, Loss: 1.9072, Train: 0.6429, Val: 0.5260, Test: 0.5490
Epoch: 19, Loss: 1.9136, Train: 0.6929, Val: 0.5680, Test: 0.5930
Epoch: 20, Loss: 1.8664, Train: 0.7214, Val: 0.6060, Test: 0.6280
Epoch: 21, Loss: 1.8859, Train: 0.7500, Val: 0.6500, Test: 0.6510
Epoch: 22, Loss: 1.8429, Train: 0.7857, Val: 0.6440, Test: 0.6500
Epoch: 23, Loss: 1.8483, Train: 0.7929, Val: 0.6420, Test: 0.6400
Epoch: 24, Loss: 1.7947, Train: 0.7643, Val: 0.5840, Test: 0.5670
Epoch: 25, Loss: 1.7452, Train: 0.5643, Val: 0.4480, Test: 0.4250
Epoch: 26, Loss: 1.7140, Train: 0.5286, Val: 0.3740, Test: 0.3630
Epoch: 27, Loss: 1.6613, Train: 0.5357, Val: 0.3780, Test: 0.3640
Epoch: 28, Loss: 1.6005, Train: 0.5429, Val: 0.3820, Test: 0.3800
Epoch: 29, Loss: 1.5289, Train: 0.6429, Val: 0.4620, Test: 0.4490
Epoch: 30, Loss: 1.4538, Train: 0.6714, Val: 0.4840, Test: 0.4650
Epoch: 31, Loss: 1.3665, Train: 0.6857, Val: 0.4840, Test: 0.4650
Epoch: 32, Loss: 1.2748, Train: 0.6857, Val: 0.4940, Test: 0.4680
Epoch: 33, Loss: 1.2949, Train: 0.6714, Val: 0.4820, Test: 0.4710
Epoch: 34, Loss: 1.1476, Train: 0.6643, Val: 0.4780, Test: 0.4740
Epoch: 35, Loss: 1.0444, Train: 0.7000, Val: 0.4980, Test: 0.4870
Epoch: 36, Loss: 1.0216, Train: 0.7071, Val: 0.5060, Test: 0.4970
Epoch: 37, Loss: 0.9685, Train: 0.7429, Val: 0.5120, Test: 0.5090
Epoch: 38, Loss: 0.8931, Train: 0.7500, Val: 0.5160, Test: 0.5120
Epoch: 39, Loss: 0.9127, Train: 0.7500, Val: 0.5240, Test: 0.5210
Epoch: 40, Loss: 0.8415, Train: 0.7357, Val: 0.5180, Test: 0.5120
Epoch: 41, Loss: 0.7853, Train: 0.7429, Val: 0.5360, Test: 0.5220
Epoch: 42, Loss: 0.7007, Train: 0.8214, Val: 0.5520, Test: 0.5520
Epoch: 43, Loss: 0.6997, Train: 0.8286, Val: 0.5660, Test: 0.5620
Epoch: 44, Loss: 0.6394, Train: 0.8571, Val: 0.5880, Test: 0.6020
Epoch: 45, Loss: 0.6572, Train: 0.8786, Val: 0.6180, Test: 0.6110
Epoch: 46, Loss: 0.5456, Train: 0.9000, Val: 0.6440, Test: 0.6390
Epoch: 47, Loss: 0.5064, Train: 0.9143, Val: 0.6560, Test: 0.6610
Epoch: 48, Loss: 0.4886, Train: 0.9143, Val: 0.6680, Test: 0.6640
Epoch: 49, Loss: 0.4251, Train: 0.9214, Val: 0.6540, Test: 0.6540
Epoch: 50, Loss: 0.4734, Train: 0.9286, Val: 0.6680, Test: 0.6620
MAD:  0.8944
Best Test Accuracy: 0.6640, Val Accuracy: 0.6680, Train Accuracy: 0.9143
Training completed.
Seed:  3
PMPGNN(
  (convs): ModuleList(
    (0): ParallelGNNBlock(
      (conv1): GATv2Conv(128, 128, heads=2)
      (conv2): GATv2Conv(128, 128, heads=2)
      (norm): LayerNorm((128,), eps=1e-05, elementwise_affine=True)
    )
    (1-9): 9 x ParallelGNNBlock(
      (conv1): GATv2Conv(512, 128, heads=2)
      (conv2): GATv2Conv(512, 128, heads=2)
      (norm): LayerNorm((128,), eps=1e-05, elementwise_affine=True)
    )
  )
  (norm): LayerNorm((512,), eps=1e-05, elementwise_affine=True)
  (mlp): Sequential(
    (0): Linear(in_features=512, out_features=64, bias=True)
    (1): LeakyReLU(negative_slope=0.01)
    (2): Dropout(p=0.3, inplace=False)
    (3): Linear(in_features=64, out_features=7, bias=True)
  )
  (proj): Linear(in_features=1433, out_features=128, bias=True)
)
Epoch: 1, Loss: 2.0199, Train: 0.1429, Val: 0.1180, Test: 0.1300
Epoch: 2, Loss: 1.9927, Train: 0.1429, Val: 0.1220, Test: 0.1300
Epoch: 3, Loss: 1.9650, Train: 0.1429, Val: 0.1220, Test: 0.1300
Epoch: 4, Loss: 1.9832, Train: 0.1571, Val: 0.1240, Test: 0.1290
Epoch: 5, Loss: 1.9573, Train: 0.2286, Val: 0.1160, Test: 0.1450
Epoch: 6, Loss: 1.9667, Train: 0.2143, Val: 0.1020, Test: 0.1230
Epoch: 7, Loss: 1.9679, Train: 0.1500, Val: 0.0600, Test: 0.0650
Epoch: 8, Loss: 1.9610, Train: 0.2571, Val: 0.1900, Test: 0.1900
Epoch: 9, Loss: 1.9550, Train: 0.1857, Val: 0.1640, Test: 0.1660
Epoch: 10, Loss: 1.9313, Train: 0.1786, Val: 0.1600, Test: 0.1590
Epoch: 11, Loss: 1.9685, Train: 0.2286, Val: 0.1920, Test: 0.1770
Epoch: 12, Loss: 1.9407, Train: 0.2714, Val: 0.1840, Test: 0.1750
Epoch: 13, Loss: 1.9681, Train: 0.2357, Val: 0.1820, Test: 0.1600
Epoch: 14, Loss: 1.9706, Train: 0.2786, Val: 0.2260, Test: 0.2050
Epoch: 15, Loss: 1.9421, Train: 0.2929, Val: 0.2220, Test: 0.2140
Epoch: 16, Loss: 1.9200, Train: 0.2786, Val: 0.1900, Test: 0.1930
Epoch: 17, Loss: 1.9309, Train: 0.2500, Val: 0.1380, Test: 0.1630
Epoch: 18, Loss: 1.9331, Train: 0.2357, Val: 0.1100, Test: 0.1390
Epoch: 19, Loss: 1.9339, Train: 0.2357, Val: 0.1160, Test: 0.1420
Epoch: 20, Loss: 1.9238, Train: 0.2429, Val: 0.1260, Test: 0.1510
Epoch: 21, Loss: 1.8948, Train: 0.2857, Val: 0.1440, Test: 0.1670
Epoch: 22, Loss: 1.9205, Train: 0.3357, Val: 0.1680, Test: 0.1890
Epoch: 23, Loss: 1.9159, Train: 0.3786, Val: 0.2040, Test: 0.2380
Epoch: 24, Loss: 1.8957, Train: 0.4357, Val: 0.3060, Test: 0.3430
Epoch: 25, Loss: 1.8959, Train: 0.4643, Val: 0.3300, Test: 0.3840
Epoch: 26, Loss: 1.8821, Train: 0.4571, Val: 0.3480, Test: 0.3850
Epoch: 27, Loss: 1.8827, Train: 0.4929, Val: 0.3420, Test: 0.3850
Epoch: 28, Loss: 1.8369, Train: 0.4357, Val: 0.2840, Test: 0.3350
Epoch: 29, Loss: 1.7720, Train: 0.3857, Val: 0.2600, Test: 0.3010
Epoch: 30, Loss: 1.7784, Train: 0.3571, Val: 0.2500, Test: 0.2700
Epoch: 31, Loss: 1.7257, Train: 0.4214, Val: 0.2980, Test: 0.3280
Epoch: 32, Loss: 1.7005, Train: 0.4143, Val: 0.3100, Test: 0.3370
Epoch: 33, Loss: 1.6559, Train: 0.3929, Val: 0.2800, Test: 0.2960
Epoch: 34, Loss: 1.6098, Train: 0.4000, Val: 0.2600, Test: 0.2940
Epoch: 35, Loss: 1.5670, Train: 0.4714, Val: 0.3680, Test: 0.4080
Epoch: 36, Loss: 1.4566, Train: 0.6286, Val: 0.4440, Test: 0.4950
Epoch: 37, Loss: 1.4842, Train: 0.6714, Val: 0.4760, Test: 0.5310
Epoch: 38, Loss: 1.4045, Train: 0.6857, Val: 0.5120, Test: 0.5470
Epoch: 39, Loss: 1.3363, Train: 0.6786, Val: 0.4780, Test: 0.4920
Epoch: 40, Loss: 1.2907, Train: 0.8143, Val: 0.6000, Test: 0.6410
Epoch: 41, Loss: 1.1766, Train: 0.8786, Val: 0.6560, Test: 0.7010
Epoch: 42, Loss: 1.2055, Train: 0.8857, Val: 0.6300, Test: 0.6600
Epoch: 43, Loss: 1.0971, Train: 0.8500, Val: 0.5800, Test: 0.5960
Epoch: 44, Loss: 1.0542, Train: 0.8714, Val: 0.6220, Test: 0.6360
Epoch: 45, Loss: 0.9744, Train: 0.8571, Val: 0.6500, Test: 0.6810
Epoch: 46, Loss: 0.9474, Train: 0.8857, Val: 0.6180, Test: 0.6570
Epoch: 47, Loss: 0.8579, Train: 0.8929, Val: 0.5860, Test: 0.6310
Epoch: 48, Loss: 0.8384, Train: 0.8714, Val: 0.5860, Test: 0.6140
Epoch: 49, Loss: 0.7439, Train: 0.8857, Val: 0.5720, Test: 0.5970
Epoch: 50, Loss: 0.7318, Train: 0.9143, Val: 0.6280, Test: 0.6320
MAD:  0.8804
Best Test Accuracy: 0.7010, Val Accuracy: 0.6560, Train Accuracy: 0.8786
Training completed.
Seed:  4
PMPGNN(
  (convs): ModuleList(
    (0): ParallelGNNBlock(
      (conv1): GATv2Conv(128, 128, heads=2)
      (conv2): GATv2Conv(128, 128, heads=2)
      (norm): LayerNorm((128,), eps=1e-05, elementwise_affine=True)
    )
    (1-9): 9 x ParallelGNNBlock(
      (conv1): GATv2Conv(512, 128, heads=2)
      (conv2): GATv2Conv(512, 128, heads=2)
      (norm): LayerNorm((128,), eps=1e-05, elementwise_affine=True)
    )
  )
  (norm): LayerNorm((512,), eps=1e-05, elementwise_affine=True)
  (mlp): Sequential(
    (0): Linear(in_features=512, out_features=64, bias=True)
    (1): LeakyReLU(negative_slope=0.01)
    (2): Dropout(p=0.3, inplace=False)
    (3): Linear(in_features=64, out_features=7, bias=True)
  )
  (proj): Linear(in_features=1433, out_features=128, bias=True)
)
Epoch: 1, Loss: 2.0214, Train: 0.1429, Val: 0.0840, Test: 0.0910
Epoch: 2, Loss: 1.9773, Train: 0.1357, Val: 0.1080, Test: 0.1010
Epoch: 3, Loss: 1.9437, Train: 0.1429, Val: 0.1140, Test: 0.1030
Epoch: 4, Loss: 1.9703, Train: 0.1500, Val: 0.1140, Test: 0.1050
Epoch: 5, Loss: 1.9932, Train: 0.1429, Val: 0.0660, Test: 0.0860
Epoch: 6, Loss: 1.9604, Train: 0.1357, Val: 0.0600, Test: 0.0580
Epoch: 7, Loss: 1.9458, Train: 0.1286, Val: 0.0700, Test: 0.0660
Epoch: 8, Loss: 1.9467, Train: 0.1643, Val: 0.1100, Test: 0.1080
Epoch: 9, Loss: 1.9496, Train: 0.1929, Val: 0.1120, Test: 0.1120
Epoch: 10, Loss: 1.9319, Train: 0.2214, Val: 0.1420, Test: 0.1320
Epoch: 11, Loss: 1.9448, Train: 0.2286, Val: 0.1980, Test: 0.1850
Epoch: 12, Loss: 1.9184, Train: 0.2571, Val: 0.2460, Test: 0.2210
Epoch: 13, Loss: 1.9483, Train: 0.1714, Val: 0.1720, Test: 0.1630
Epoch: 14, Loss: 1.9343, Train: 0.1429, Val: 0.1620, Test: 0.1530
Epoch: 15, Loss: 1.9592, Train: 0.2000, Val: 0.1900, Test: 0.1810
Epoch: 16, Loss: 1.9190, Train: 0.2357, Val: 0.1560, Test: 0.1760
Epoch: 17, Loss: 1.9370, Train: 0.2143, Val: 0.1300, Test: 0.1470
Epoch: 18, Loss: 1.9185, Train: 0.2429, Val: 0.1400, Test: 0.1530
Epoch: 19, Loss: 1.9031, Train: 0.2929, Val: 0.1820, Test: 0.2000
Epoch: 20, Loss: 1.9354, Train: 0.3357, Val: 0.1960, Test: 0.2230
Epoch: 21, Loss: 1.8689, Train: 0.3571, Val: 0.2180, Test: 0.2240
Epoch: 22, Loss: 1.8745, Train: 0.3857, Val: 0.2180, Test: 0.2290
Epoch: 23, Loss: 1.8496, Train: 0.3929, Val: 0.1960, Test: 0.2170
Epoch: 24, Loss: 1.8288, Train: 0.3643, Val: 0.2080, Test: 0.2100
Epoch: 25, Loss: 1.8076, Train: 0.3643, Val: 0.2300, Test: 0.2320
Epoch: 26, Loss: 1.7922, Train: 0.3714, Val: 0.2340, Test: 0.2380
Epoch: 27, Loss: 1.7371, Train: 0.3786, Val: 0.2240, Test: 0.2300
Epoch: 28, Loss: 1.7202, Train: 0.3571, Val: 0.2220, Test: 0.2250
Epoch: 29, Loss: 1.6369, Train: 0.3643, Val: 0.2240, Test: 0.2250
Epoch: 30, Loss: 1.6048, Train: 0.4071, Val: 0.2240, Test: 0.2340
Epoch: 31, Loss: 1.5485, Train: 0.5000, Val: 0.3360, Test: 0.3340
Epoch: 32, Loss: 1.4499, Train: 0.4786, Val: 0.3400, Test: 0.3220
Epoch: 33, Loss: 1.4199, Train: 0.4500, Val: 0.3260, Test: 0.3170
Epoch: 34, Loss: 1.3962, Train: 0.4786, Val: 0.3380, Test: 0.3330
Epoch: 35, Loss: 1.3784, Train: 0.5500, Val: 0.3760, Test: 0.3620
Epoch: 36, Loss: 1.3077, Train: 0.5857, Val: 0.4100, Test: 0.4070
Epoch: 37, Loss: 1.2109, Train: 0.7000, Val: 0.4740, Test: 0.4870
Epoch: 38, Loss: 1.2194, Train: 0.7071, Val: 0.4840, Test: 0.4890
Epoch: 39, Loss: 1.1364, Train: 0.7071, Val: 0.4800, Test: 0.4850
Epoch: 40, Loss: 1.0663, Train: 0.7000, Val: 0.4800, Test: 0.4900
Epoch: 41, Loss: 1.0691, Train: 0.7429, Val: 0.5120, Test: 0.4940
Epoch: 42, Loss: 0.9844, Train: 0.7429, Val: 0.5120, Test: 0.4970
Epoch: 43, Loss: 0.9334, Train: 0.7286, Val: 0.5060, Test: 0.5170
Epoch: 44, Loss: 0.8685, Train: 0.7214, Val: 0.4860, Test: 0.4920
Epoch: 45, Loss: 0.8885, Train: 0.7643, Val: 0.5460, Test: 0.5520
Epoch: 46, Loss: 0.8322, Train: 0.7786, Val: 0.5720, Test: 0.5530
Epoch: 47, Loss: 0.8305, Train: 0.7786, Val: 0.5720, Test: 0.5660
Epoch: 48, Loss: 0.7350, Train: 0.7857, Val: 0.5880, Test: 0.5820
Epoch: 49, Loss: 0.7414, Train: 0.8786, Val: 0.6260, Test: 0.6220
Epoch: 50, Loss: 0.7225, Train: 0.8714, Val: 0.6180, Test: 0.6150
MAD:  0.8343
Best Test Accuracy: 0.6220, Val Accuracy: 0.6260, Train Accuracy: 0.8786
Training completed.
Seed:  5
PMPGNN(
  (convs): ModuleList(
    (0): ParallelGNNBlock(
      (conv1): GATv2Conv(128, 128, heads=2)
      (conv2): GATv2Conv(128, 128, heads=2)
      (norm): LayerNorm((128,), eps=1e-05, elementwise_affine=True)
    )
    (1-9): 9 x ParallelGNNBlock(
      (conv1): GATv2Conv(512, 128, heads=2)
      (conv2): GATv2Conv(512, 128, heads=2)
      (norm): LayerNorm((128,), eps=1e-05, elementwise_affine=True)
    )
  )
  (norm): LayerNorm((512,), eps=1e-05, elementwise_affine=True)
  (mlp): Sequential(
    (0): Linear(in_features=512, out_features=64, bias=True)
    (1): LeakyReLU(negative_slope=0.01)
    (2): Dropout(p=0.3, inplace=False)
    (3): Linear(in_features=64, out_features=7, bias=True)
  )
  (proj): Linear(in_features=1433, out_features=128, bias=True)
)
Epoch: 1, Loss: 1.9818, Train: 0.1786, Val: 0.1160, Test: 0.1120
Epoch: 2, Loss: 1.9912, Train: 0.2000, Val: 0.1680, Test: 0.1440
Epoch: 3, Loss: 1.9447, Train: 0.3357, Val: 0.2340, Test: 0.2450
Epoch: 4, Loss: 1.9688, Train: 0.2571, Val: 0.1900, Test: 0.2010
Epoch: 5, Loss: 1.9677, Train: 0.3071, Val: 0.1720, Test: 0.1970
Epoch: 6, Loss: 1.9430, Train: 0.3571, Val: 0.1880, Test: 0.2180
Epoch: 7, Loss: 1.9663, Train: 0.3714, Val: 0.2040, Test: 0.2370
Epoch: 8, Loss: 1.9679, Train: 0.3143, Val: 0.1920, Test: 0.2320
Epoch: 9, Loss: 1.9490, Train: 0.2571, Val: 0.1220, Test: 0.1430
Epoch: 10, Loss: 1.9563, Train: 0.2357, Val: 0.1180, Test: 0.1430
Epoch: 11, Loss: 1.9216, Train: 0.2857, Val: 0.1660, Test: 0.1770
Epoch: 12, Loss: 1.9432, Train: 0.3714, Val: 0.2440, Test: 0.2660
Epoch: 13, Loss: 1.9136, Train: 0.4500, Val: 0.3080, Test: 0.3900
Epoch: 14, Loss: 1.9550, Train: 0.5714, Val: 0.3880, Test: 0.4610
Epoch: 15, Loss: 1.9346, Train: 0.5857, Val: 0.4440, Test: 0.4970
Epoch: 16, Loss: 1.9055, Train: 0.5429, Val: 0.4380, Test: 0.4960
Epoch: 17, Loss: 1.8786, Train: 0.4357, Val: 0.4000, Test: 0.3970
Epoch: 18, Loss: 1.9040, Train: 0.4643, Val: 0.4020, Test: 0.4000
Epoch: 19, Loss: 1.8679, Train: 0.4429, Val: 0.3980, Test: 0.4230
Epoch: 20, Loss: 1.9008, Train: 0.4071, Val: 0.3300, Test: 0.3490
Epoch: 21, Loss: 1.8656, Train: 0.3714, Val: 0.2960, Test: 0.3000
Epoch: 22, Loss: 1.8166, Train: 0.3643, Val: 0.2900, Test: 0.2920
Epoch: 23, Loss: 1.8148, Train: 0.3857, Val: 0.2940, Test: 0.2970
Epoch: 24, Loss: 1.7454, Train: 0.3929, Val: 0.2900, Test: 0.2970
Epoch: 25, Loss: 1.7468, Train: 0.4286, Val: 0.2900, Test: 0.3200
Epoch: 26, Loss: 1.7096, Train: 0.4357, Val: 0.2980, Test: 0.3340
Epoch: 27, Loss: 1.6507, Train: 0.4429, Val: 0.3040, Test: 0.3280
Epoch: 28, Loss: 1.6010, Train: 0.4071, Val: 0.2960, Test: 0.3230
Epoch: 29, Loss: 1.5836, Train: 0.4286, Val: 0.3020, Test: 0.3230
Epoch: 30, Loss: 1.5316, Train: 0.4714, Val: 0.3200, Test: 0.3340
Epoch: 31, Loss: 1.5333, Train: 0.5357, Val: 0.3660, Test: 0.3880
Epoch: 32, Loss: 1.4363, Train: 0.5643, Val: 0.3960, Test: 0.4130
Epoch: 33, Loss: 1.3698, Train: 0.5929, Val: 0.4480, Test: 0.4310
Epoch: 34, Loss: 1.3319, Train: 0.6500, Val: 0.4600, Test: 0.4610
Epoch: 35, Loss: 1.2719, Train: 0.6429, Val: 0.4800, Test: 0.4560
Epoch: 36, Loss: 1.2124, Train: 0.7429, Val: 0.5300, Test: 0.5140
Epoch: 37, Loss: 1.1397, Train: 0.7214, Val: 0.4780, Test: 0.4990
Epoch: 38, Loss: 1.1258, Train: 0.7929, Val: 0.5400, Test: 0.5420
Epoch: 39, Loss: 1.0098, Train: 0.7500, Val: 0.5600, Test: 0.5410
Epoch: 40, Loss: 0.8941, Train: 0.7714, Val: 0.6240, Test: 0.5860
Epoch: 41, Loss: 0.8908, Train: 0.8643, Val: 0.6480, Test: 0.6410
Epoch: 42, Loss: 0.8166, Train: 0.8714, Val: 0.6660, Test: 0.6680
Epoch: 43, Loss: 0.7589, Train: 0.9143, Val: 0.7060, Test: 0.6990
Epoch: 44, Loss: 0.6876, Train: 0.9214, Val: 0.7200, Test: 0.6990
Epoch: 45, Loss: 0.6242, Train: 0.9429, Val: 0.7220, Test: 0.7080
Epoch: 46, Loss: 0.6179, Train: 0.9571, Val: 0.7340, Test: 0.7490
Epoch: 47, Loss: 0.5339, Train: 0.9786, Val: 0.7440, Test: 0.7430
Epoch: 48, Loss: 0.5059, Train: 0.9786, Val: 0.7360, Test: 0.7390
Epoch: 49, Loss: 0.4310, Train: 0.9429, Val: 0.6760, Test: 0.6690
Epoch: 50, Loss: 0.4285, Train: 0.9571, Val: 0.6980, Test: 0.6820
MAD:  0.8054
Best Test Accuracy: 0.7490, Val Accuracy: 0.7340, Train Accuracy: 0.9571
Training completed.
Seed:  6
PMPGNN(
  (convs): ModuleList(
    (0): ParallelGNNBlock(
      (conv1): GATv2Conv(128, 128, heads=2)
      (conv2): GATv2Conv(128, 128, heads=2)
      (norm): LayerNorm((128,), eps=1e-05, elementwise_affine=True)
    )
    (1-9): 9 x ParallelGNNBlock(
      (conv1): GATv2Conv(512, 128, heads=2)
      (conv2): GATv2Conv(512, 128, heads=2)
      (norm): LayerNorm((128,), eps=1e-05, elementwise_affine=True)
    )
  )
  (norm): LayerNorm((512,), eps=1e-05, elementwise_affine=True)
  (mlp): Sequential(
    (0): Linear(in_features=512, out_features=64, bias=True)
    (1): LeakyReLU(negative_slope=0.01)
    (2): Dropout(p=0.3, inplace=False)
    (3): Linear(in_features=64, out_features=7, bias=True)
  )
  (proj): Linear(in_features=1433, out_features=128, bias=True)
)
Epoch: 1, Loss: 1.9842, Train: 0.1500, Val: 0.1600, Test: 0.1530
Epoch: 2, Loss: 1.9718, Train: 0.1286, Val: 0.1780, Test: 0.1700
Epoch: 3, Loss: 1.9790, Train: 0.3143, Val: 0.2900, Test: 0.2340
Epoch: 4, Loss: 1.9692, Train: 0.2571, Val: 0.1660, Test: 0.1840
Epoch: 5, Loss: 1.9410, Train: 0.2429, Val: 0.1380, Test: 0.1710
Epoch: 6, Loss: 1.9503, Train: 0.3000, Val: 0.1840, Test: 0.2160
Epoch: 7, Loss: 1.9204, Train: 0.2714, Val: 0.2020, Test: 0.2090
Epoch: 8, Loss: 1.9555, Train: 0.2786, Val: 0.1860, Test: 0.1880
Epoch: 9, Loss: 1.9445, Train: 0.3143, Val: 0.2140, Test: 0.2170
Epoch: 10, Loss: 1.9208, Train: 0.3714, Val: 0.2520, Test: 0.2600
Epoch: 11, Loss: 1.9158, Train: 0.4429, Val: 0.3760, Test: 0.3630
Epoch: 12, Loss: 1.9464, Train: 0.4286, Val: 0.4400, Test: 0.4270
Epoch: 13, Loss: 1.9073, Train: 0.4286, Val: 0.4820, Test: 0.4620
Epoch: 14, Loss: 1.9397, Train: 0.4929, Val: 0.4800, Test: 0.4590
Epoch: 15, Loss: 1.9214, Train: 0.5286, Val: 0.4880, Test: 0.4540
Epoch: 16, Loss: 1.8706, Train: 0.5786, Val: 0.4800, Test: 0.4510
Epoch: 17, Loss: 1.8817, Train: 0.5714, Val: 0.4220, Test: 0.4010
Epoch: 18, Loss: 1.8474, Train: 0.5714, Val: 0.3880, Test: 0.3830
Epoch: 19, Loss: 1.8752, Train: 0.5214, Val: 0.3880, Test: 0.3770
Epoch: 20, Loss: 1.8152, Train: 0.5143, Val: 0.3920, Test: 0.3860
Epoch: 21, Loss: 1.7515, Train: 0.5786, Val: 0.4240, Test: 0.4250
Epoch: 22, Loss: 1.7117, Train: 0.6071, Val: 0.4420, Test: 0.4430
Epoch: 23, Loss: 1.6848, Train: 0.6429, Val: 0.4540, Test: 0.4400
Epoch: 24, Loss: 1.5889, Train: 0.6143, Val: 0.4520, Test: 0.4360
Epoch: 25, Loss: 1.5858, Train: 0.6286, Val: 0.4500, Test: 0.4200
Epoch: 26, Loss: 1.5130, Train: 0.6286, Val: 0.4720, Test: 0.4390
Epoch: 27, Loss: 1.4319, Train: 0.5929, Val: 0.4720, Test: 0.4310
Epoch: 28, Loss: 1.3307, Train: 0.5929, Val: 0.4720, Test: 0.4550
Epoch: 29, Loss: 1.3278, Train: 0.6214, Val: 0.5020, Test: 0.4660
Epoch: 30, Loss: 1.2568, Train: 0.7214, Val: 0.5620, Test: 0.5420
Epoch: 31, Loss: 1.1420, Train: 0.7429, Val: 0.5620, Test: 0.5450
Epoch: 32, Loss: 1.1232, Train: 0.7500, Val: 0.5540, Test: 0.5610
Epoch: 33, Loss: 1.0622, Train: 0.7429, Val: 0.5400, Test: 0.5440
Epoch: 34, Loss: 0.9975, Train: 0.7929, Val: 0.5720, Test: 0.5740
Epoch: 35, Loss: 0.9467, Train: 0.8071, Val: 0.6140, Test: 0.6070
Epoch: 36, Loss: 0.9394, Train: 0.8071, Val: 0.6460, Test: 0.6520
Epoch: 37, Loss: 0.8268, Train: 0.8286, Val: 0.6700, Test: 0.6460
Epoch: 38, Loss: 0.7708, Train: 0.8429, Val: 0.6720, Test: 0.6490
Epoch: 39, Loss: 0.7183, Train: 0.9214, Val: 0.7000, Test: 0.6790
Epoch: 40, Loss: 0.6922, Train: 0.9357, Val: 0.7300, Test: 0.7160
Epoch: 41, Loss: 0.6435, Train: 0.9429, Val: 0.7220, Test: 0.7070
Epoch: 42, Loss: 0.5526, Train: 0.9429, Val: 0.7000, Test: 0.6870
Epoch: 43, Loss: 0.5460, Train: 0.9214, Val: 0.7060, Test: 0.6880
Epoch: 44, Loss: 0.4894, Train: 0.9643, Val: 0.7280, Test: 0.7110
Epoch: 45, Loss: 0.4442, Train: 0.9714, Val: 0.7420, Test: 0.7450
Epoch: 46, Loss: 0.3931, Train: 0.9786, Val: 0.7500, Test: 0.7430
Epoch: 47, Loss: 0.3937, Train: 0.9786, Val: 0.7440, Test: 0.7250
Epoch: 48, Loss: 0.3762, Train: 0.9929, Val: 0.7260, Test: 0.7120
Epoch: 49, Loss: 0.3095, Train: 0.9714, Val: 0.7280, Test: 0.7030
Epoch: 50, Loss: 0.3115, Train: 0.9857, Val: 0.7400, Test: 0.7280
MAD:  0.8597
Best Test Accuracy: 0.7450, Val Accuracy: 0.7420, Train Accuracy: 0.9714
Training completed.
Seed:  7
PMPGNN(
  (convs): ModuleList(
    (0): ParallelGNNBlock(
      (conv1): GATv2Conv(128, 128, heads=2)
      (conv2): GATv2Conv(128, 128, heads=2)
      (norm): LayerNorm((128,), eps=1e-05, elementwise_affine=True)
    )
    (1-9): 9 x ParallelGNNBlock(
      (conv1): GATv2Conv(512, 128, heads=2)
      (conv2): GATv2Conv(512, 128, heads=2)
      (norm): LayerNorm((128,), eps=1e-05, elementwise_affine=True)
    )
  )
  (norm): LayerNorm((512,), eps=1e-05, elementwise_affine=True)
  (mlp): Sequential(
    (0): Linear(in_features=512, out_features=64, bias=True)
    (1): LeakyReLU(negative_slope=0.01)
    (2): Dropout(p=0.3, inplace=False)
    (3): Linear(in_features=64, out_features=7, bias=True)
  )
  (proj): Linear(in_features=1433, out_features=128, bias=True)
)
Epoch: 1, Loss: 1.9981, Train: 0.1643, Val: 0.1280, Test: 0.1110
Epoch: 2, Loss: 1.9810, Train: 0.1429, Val: 0.1580, Test: 0.1450
Epoch: 3, Loss: 1.9386, Train: 0.1857, Val: 0.1840, Test: 0.1730
Epoch: 4, Loss: 1.9597, Train: 0.1571, Val: 0.1580, Test: 0.1600
Epoch: 5, Loss: 1.9703, Train: 0.1857, Val: 0.1960, Test: 0.1840
Epoch: 6, Loss: 1.9621, Train: 0.2357, Val: 0.2340, Test: 0.2220
Epoch: 7, Loss: 1.9423, Train: 0.2643, Val: 0.2500, Test: 0.2430
Epoch: 8, Loss: 1.9531, Train: 0.2786, Val: 0.2540, Test: 0.2490
Epoch: 9, Loss: 1.9788, Train: 0.2286, Val: 0.2060, Test: 0.1920
Epoch: 10, Loss: 1.9145, Train: 0.1429, Val: 0.1580, Test: 0.1450
Epoch: 11, Loss: 1.9232, Train: 0.1429, Val: 0.1560, Test: 0.1440
Epoch: 12, Loss: 1.9246, Train: 0.1429, Val: 0.1560, Test: 0.1440
Epoch: 13, Loss: 1.9357, Train: 0.1429, Val: 0.1560, Test: 0.1440
Epoch: 14, Loss: 1.9453, Train: 0.1429, Val: 0.1560, Test: 0.1440
Epoch: 15, Loss: 1.9297, Train: 0.1786, Val: 0.1560, Test: 0.1470
Epoch: 16, Loss: 1.9314, Train: 0.2143, Val: 0.1560, Test: 0.1500
Epoch: 17, Loss: 1.9041, Train: 0.3143, Val: 0.1940, Test: 0.2010
Epoch: 18, Loss: 1.9074, Train: 0.4429, Val: 0.3960, Test: 0.3540
Epoch: 19, Loss: 1.8883, Train: 0.5000, Val: 0.4440, Test: 0.4340
Epoch: 20, Loss: 1.9062, Train: 0.4929, Val: 0.4880, Test: 0.4860
Epoch: 21, Loss: 1.8707, Train: 0.5000, Val: 0.5020, Test: 0.4810
Epoch: 22, Loss: 1.8600, Train: 0.6500, Val: 0.5560, Test: 0.5660
Epoch: 23, Loss: 1.8140, Train: 0.6429, Val: 0.4880, Test: 0.5030
Epoch: 24, Loss: 1.8032, Train: 0.6000, Val: 0.4060, Test: 0.4310
Epoch: 25, Loss: 1.7652, Train: 0.5714, Val: 0.3720, Test: 0.3900
Epoch: 26, Loss: 1.6880, Train: 0.5214, Val: 0.3360, Test: 0.3630
Epoch: 27, Loss: 1.6435, Train: 0.5286, Val: 0.2980, Test: 0.3370
Epoch: 28, Loss: 1.6154, Train: 0.4714, Val: 0.2880, Test: 0.3320
Epoch: 29, Loss: 1.4938, Train: 0.4643, Val: 0.2800, Test: 0.3190
Epoch: 30, Loss: 1.4159, Train: 0.5071, Val: 0.3280, Test: 0.3510
Epoch: 31, Loss: 1.4164, Train: 0.5357, Val: 0.4040, Test: 0.3960
Epoch: 32, Loss: 1.3433, Train: 0.5571, Val: 0.4420, Test: 0.4620
Epoch: 33, Loss: 1.2721, Train: 0.5929, Val: 0.4660, Test: 0.5040
Epoch: 34, Loss: 1.2051, Train: 0.7000, Val: 0.5480, Test: 0.5830
Epoch: 35, Loss: 1.1652, Train: 0.7500, Val: 0.6220, Test: 0.6470
Epoch: 36, Loss: 1.0972, Train: 0.7429, Val: 0.6720, Test: 0.6850
Epoch: 37, Loss: 1.0414, Train: 0.7714, Val: 0.6740, Test: 0.6920
Epoch: 38, Loss: 0.9556, Train: 0.7643, Val: 0.6720, Test: 0.6710
Epoch: 39, Loss: 0.9350, Train: 0.7786, Val: 0.6720, Test: 0.6870
Epoch: 40, Loss: 0.8203, Train: 0.7929, Val: 0.6720, Test: 0.6840
Epoch: 41, Loss: 0.8139, Train: 0.8071, Val: 0.6660, Test: 0.6650
Epoch: 42, Loss: 0.7350, Train: 0.8429, Val: 0.7000, Test: 0.6840
Epoch: 43, Loss: 0.7087, Train: 0.8857, Val: 0.7200, Test: 0.7210
Epoch: 44, Loss: 0.6867, Train: 0.9357, Val: 0.7460, Test: 0.7340
Epoch: 45, Loss: 0.5926, Train: 0.9500, Val: 0.7320, Test: 0.7320
Epoch: 46, Loss: 0.5846, Train: 0.9500, Val: 0.7340, Test: 0.7350
Epoch: 47, Loss: 0.5408, Train: 0.9500, Val: 0.7560, Test: 0.7300
Epoch: 48, Loss: 0.4854, Train: 0.9286, Val: 0.7360, Test: 0.7270
Epoch: 49, Loss: 0.4748, Train: 0.9500, Val: 0.7400, Test: 0.7500
Epoch: 50, Loss: 0.4992, Train: 0.9357, Val: 0.7520, Test: 0.7300
MAD:  0.9071
Best Test Accuracy: 0.7500, Val Accuracy: 0.7400, Train Accuracy: 0.9500
Training completed.
Seed:  8
PMPGNN(
  (convs): ModuleList(
    (0): ParallelGNNBlock(
      (conv1): GATv2Conv(128, 128, heads=2)
      (conv2): GATv2Conv(128, 128, heads=2)
      (norm): LayerNorm((128,), eps=1e-05, elementwise_affine=True)
    )
    (1-9): 9 x ParallelGNNBlock(
      (conv1): GATv2Conv(512, 128, heads=2)
      (conv2): GATv2Conv(512, 128, heads=2)
      (norm): LayerNorm((128,), eps=1e-05, elementwise_affine=True)
    )
  )
  (norm): LayerNorm((512,), eps=1e-05, elementwise_affine=True)
  (mlp): Sequential(
    (0): Linear(in_features=512, out_features=64, bias=True)
    (1): LeakyReLU(negative_slope=0.01)
    (2): Dropout(p=0.3, inplace=False)
    (3): Linear(in_features=64, out_features=7, bias=True)
  )
  (proj): Linear(in_features=1433, out_features=128, bias=True)
)
Epoch: 1, Loss: 1.9626, Train: 0.1571, Val: 0.3080, Test: 0.3220
Epoch: 2, Loss: 1.9878, Train: 0.1429, Val: 0.3140, Test: 0.3180
Epoch: 3, Loss: 1.9564, Train: 0.1714, Val: 0.3020, Test: 0.2830
Epoch: 4, Loss: 1.9510, Train: 0.2214, Val: 0.2980, Test: 0.2960
Epoch: 5, Loss: 1.9519, Train: 0.2143, Val: 0.3780, Test: 0.3700
Epoch: 6, Loss: 1.9279, Train: 0.2071, Val: 0.3540, Test: 0.3480
Epoch: 7, Loss: 1.9694, Train: 0.2357, Val: 0.3560, Test: 0.3720
Epoch: 8, Loss: 1.9839, Train: 0.2286, Val: 0.3500, Test: 0.3620
Epoch: 9, Loss: 1.9598, Train: 0.1571, Val: 0.3300, Test: 0.3320
Epoch: 10, Loss: 1.9369, Train: 0.1429, Val: 0.3160, Test: 0.3190
Epoch: 11, Loss: 1.9283, Train: 0.1714, Val: 0.3160, Test: 0.3300
Epoch: 12, Loss: 1.8983, Train: 0.2643, Val: 0.3440, Test: 0.3620
Epoch: 13, Loss: 1.9331, Train: 0.3286, Val: 0.3960, Test: 0.3990
Epoch: 14, Loss: 1.9332, Train: 0.4286, Val: 0.4360, Test: 0.4490
Epoch: 15, Loss: 1.8726, Train: 0.4214, Val: 0.3580, Test: 0.3790
Epoch: 16, Loss: 1.9281, Train: 0.4571, Val: 0.3720, Test: 0.3650
Epoch: 17, Loss: 1.9237, Train: 0.5929, Val: 0.4540, Test: 0.4360
Epoch: 18, Loss: 1.8756, Train: 0.6286, Val: 0.4780, Test: 0.4770
Epoch: 19, Loss: 1.8346, Train: 0.6786, Val: 0.5040, Test: 0.5090
Epoch: 20, Loss: 1.8221, Train: 0.6857, Val: 0.5260, Test: 0.5220
Epoch: 21, Loss: 1.8271, Train: 0.7143, Val: 0.5520, Test: 0.5510
Epoch: 22, Loss: 1.7911, Train: 0.7714, Val: 0.5820, Test: 0.5980
Epoch: 23, Loss: 1.7509, Train: 0.7500, Val: 0.6020, Test: 0.5970
Epoch: 24, Loss: 1.7189, Train: 0.7214, Val: 0.5840, Test: 0.5810
Epoch: 25, Loss: 1.6642, Train: 0.7429, Val: 0.5780, Test: 0.5720
Epoch: 26, Loss: 1.5899, Train: 0.7357, Val: 0.5560, Test: 0.5630
Epoch: 27, Loss: 1.5201, Train: 0.7500, Val: 0.5640, Test: 0.5570
Epoch: 28, Loss: 1.4360, Train: 0.7429, Val: 0.5760, Test: 0.5760
Epoch: 29, Loss: 1.4201, Train: 0.7786, Val: 0.6140, Test: 0.5940
Epoch: 30, Loss: 1.3276, Train: 0.7857, Val: 0.6460, Test: 0.6440
Epoch: 31, Loss: 1.2246, Train: 0.8500, Val: 0.6440, Test: 0.6560
Epoch: 32, Loss: 1.1914, Train: 0.7929, Val: 0.5580, Test: 0.5590
Epoch: 33, Loss: 1.0814, Train: 0.7643, Val: 0.5320, Test: 0.5160
Epoch: 34, Loss: 1.0570, Train: 0.7857, Val: 0.5340, Test: 0.5320
Epoch: 35, Loss: 1.0188, Train: 0.8071, Val: 0.5440, Test: 0.5390
Epoch: 36, Loss: 0.8977, Train: 0.8071, Val: 0.5420, Test: 0.5450
Epoch: 37, Loss: 0.8697, Train: 0.8214, Val: 0.5620, Test: 0.5630
Epoch: 38, Loss: 0.7981, Train: 0.8214, Val: 0.5540, Test: 0.5790
Epoch: 39, Loss: 0.7360, Train: 0.8286, Val: 0.5700, Test: 0.5850
Epoch: 40, Loss: 0.7425, Train: 0.8286, Val: 0.5720, Test: 0.5870
Epoch: 41, Loss: 0.6560, Train: 0.9429, Val: 0.6400, Test: 0.6800
Epoch: 42, Loss: 0.6219, Train: 0.8500, Val: 0.6700, Test: 0.6480
Epoch: 43, Loss: 0.5772, Train: 0.9214, Val: 0.6880, Test: 0.6890
Epoch: 44, Loss: 0.5541, Train: 0.8857, Val: 0.6380, Test: 0.6560
Epoch: 45, Loss: 0.5262, Train: 0.8357, Val: 0.5880, Test: 0.6010
Epoch: 46, Loss: 0.5489, Train: 0.9214, Val: 0.6720, Test: 0.6790
Epoch: 47, Loss: 0.4677, Train: 0.9500, Val: 0.6900, Test: 0.6920
Epoch: 48, Loss: 0.4369, Train: 0.9286, Val: 0.6760, Test: 0.6880
Epoch: 49, Loss: 0.4825, Train: 0.9571, Val: 0.7020, Test: 0.7090
Epoch: 50, Loss: 0.3570, Train: 0.9857, Val: 0.7140, Test: 0.7360
MAD:  0.8407
Best Test Accuracy: 0.7360, Val Accuracy: 0.7140, Train Accuracy: 0.9857
Training completed.
Seed:  9
PMPGNN(
  (convs): ModuleList(
    (0): ParallelGNNBlock(
      (conv1): GATv2Conv(128, 128, heads=2)
      (conv2): GATv2Conv(128, 128, heads=2)
      (norm): LayerNorm((128,), eps=1e-05, elementwise_affine=True)
    )
    (1-9): 9 x ParallelGNNBlock(
      (conv1): GATv2Conv(512, 128, heads=2)
      (conv2): GATv2Conv(512, 128, heads=2)
      (norm): LayerNorm((128,), eps=1e-05, elementwise_affine=True)
    )
  )
  (norm): LayerNorm((512,), eps=1e-05, elementwise_affine=True)
  (mlp): Sequential(
    (0): Linear(in_features=512, out_features=64, bias=True)
    (1): LeakyReLU(negative_slope=0.01)
    (2): Dropout(p=0.3, inplace=False)
    (3): Linear(in_features=64, out_features=7, bias=True)
  )
  (proj): Linear(in_features=1433, out_features=128, bias=True)
)
Epoch: 1, Loss: 1.9940, Train: 0.1357, Val: 0.0500, Test: 0.0580
Epoch: 2, Loss: 2.0026, Train: 0.1214, Val: 0.1460, Test: 0.1400
Epoch: 3, Loss: 1.9507, Train: 0.1429, Val: 0.1560, Test: 0.1440
Epoch: 4, Loss: 1.9728, Train: 0.1429, Val: 0.1560, Test: 0.1440
Epoch: 5, Loss: 1.9779, Train: 0.1500, Val: 0.1560, Test: 0.1450
Epoch: 6, Loss: 1.9563, Train: 0.2071, Val: 0.2200, Test: 0.1910
Epoch: 7, Loss: 1.9706, Train: 0.1786, Val: 0.3140, Test: 0.3260
Epoch: 8, Loss: 1.9416, Train: 0.1571, Val: 0.3120, Test: 0.3070
Epoch: 9, Loss: 1.9805, Train: 0.1571, Val: 0.3180, Test: 0.3130
Epoch: 10, Loss: 1.9555, Train: 0.2071, Val: 0.2480, Test: 0.2690
Epoch: 11, Loss: 1.9351, Train: 0.1429, Val: 0.1220, Test: 0.1300
Epoch: 12, Loss: 1.9274, Train: 0.1429, Val: 0.1220, Test: 0.1300
Epoch: 13, Loss: 1.9410, Train: 0.1429, Val: 0.1220, Test: 0.1300
Epoch: 14, Loss: 1.9079, Train: 0.1429, Val: 0.1220, Test: 0.1300
Epoch: 15, Loss: 1.9216, Train: 0.1429, Val: 0.1220, Test: 0.1300
Epoch: 16, Loss: 1.9401, Train: 0.1500, Val: 0.1240, Test: 0.1320
Epoch: 17, Loss: 1.9202, Train: 0.1643, Val: 0.1300, Test: 0.1370
Epoch: 18, Loss: 1.9403, Train: 0.1714, Val: 0.1320, Test: 0.1400
Epoch: 19, Loss: 1.8953, Train: 0.2071, Val: 0.1500, Test: 0.1480
Epoch: 20, Loss: 1.9216, Train: 0.2571, Val: 0.1600, Test: 0.1740
Epoch: 21, Loss: 1.9155, Train: 0.3143, Val: 0.1920, Test: 0.2050
Epoch: 22, Loss: 1.8742, Train: 0.3857, Val: 0.2520, Test: 0.2660
Epoch: 23, Loss: 1.8779, Train: 0.4357, Val: 0.3220, Test: 0.3170
Epoch: 24, Loss: 1.8708, Train: 0.4786, Val: 0.3380, Test: 0.3460
Epoch: 25, Loss: 1.8436, Train: 0.5286, Val: 0.3600, Test: 0.3610
Epoch: 26, Loss: 1.7940, Train: 0.5571, Val: 0.3860, Test: 0.3820
Epoch: 27, Loss: 1.7862, Train: 0.5643, Val: 0.3860, Test: 0.3730
Epoch: 28, Loss: 1.6940, Train: 0.5429, Val: 0.3620, Test: 0.3690
Epoch: 29, Loss: 1.6968, Train: 0.5214, Val: 0.3720, Test: 0.3650
Epoch: 30, Loss: 1.6221, Train: 0.4786, Val: 0.3780, Test: 0.3690
Epoch: 31, Loss: 1.5566, Train: 0.4714, Val: 0.3720, Test: 0.3720
Epoch: 32, Loss: 1.4842, Train: 0.5214, Val: 0.3800, Test: 0.3830
Epoch: 33, Loss: 1.4794, Train: 0.5500, Val: 0.3640, Test: 0.3820
Epoch: 34, Loss: 1.3572, Train: 0.5429, Val: 0.3800, Test: 0.3800
Epoch: 35, Loss: 1.3094, Train: 0.5500, Val: 0.3860, Test: 0.3840
Epoch: 36, Loss: 1.2584, Train: 0.5571, Val: 0.4060, Test: 0.3880
Epoch: 37, Loss: 1.1756, Train: 0.5643, Val: 0.4340, Test: 0.4150
Epoch: 38, Loss: 1.1253, Train: 0.6000, Val: 0.4680, Test: 0.4680
Epoch: 39, Loss: 1.0025, Train: 0.6214, Val: 0.5220, Test: 0.5180
Epoch: 40, Loss: 1.0362, Train: 0.6571, Val: 0.5600, Test: 0.5470
Epoch: 41, Loss: 0.9306, Train: 0.6643, Val: 0.5660, Test: 0.5440
Epoch: 42, Loss: 0.8904, Train: 0.6286, Val: 0.5260, Test: 0.5130
Epoch: 43, Loss: 0.8093, Train: 0.7357, Val: 0.5740, Test: 0.5460
Epoch: 44, Loss: 0.8203, Train: 0.9000, Val: 0.6680, Test: 0.6790
Epoch: 45, Loss: 0.7427, Train: 0.9071, Val: 0.6780, Test: 0.6930
Epoch: 46, Loss: 0.7131, Train: 0.9071, Val: 0.6680, Test: 0.6850
Epoch: 47, Loss: 0.7044, Train: 0.8786, Val: 0.6260, Test: 0.6510
Epoch: 48, Loss: 0.6598, Train: 0.8429, Val: 0.6120, Test: 0.6370
Epoch: 49, Loss: 0.6798, Train: 0.9500, Val: 0.6840, Test: 0.6920
Epoch: 50, Loss: 0.6363, Train: 0.9286, Val: 0.7000, Test: 0.7020
MAD:  0.9272
Best Test Accuracy: 0.7020, Val Accuracy: 0.7000, Train Accuracy: 0.9286
Training completed.
Average Test Accuracy:  0.7169999999999999 ± 0.04494218508261475
Average MAD:  0.8769199999999999 ± 0.0392993078819462
