Seed:  0
PMPGNN(
  (convs): ModuleList(
    (0): ParallelGNNBlock(
      (conv1): GATv2Conv(128, 128, heads=4)
      (conv2): GATv2Conv(128, 128, heads=4)
      (norm): LayerNorm((128,), eps=1e-05, elementwise_affine=True)
    )
    (1-8): 8 x ParallelGNNBlock(
      (conv1): GATv2Conv(1024, 128, heads=4)
      (conv2): GATv2Conv(1024, 128, heads=4)
      (norm): LayerNorm((128,), eps=1e-05, elementwise_affine=True)
    )
    (9): GATv2Conv(1024, 256, heads=4)
  )
  (norm): LayerNorm((1024,), eps=1e-05, elementwise_affine=True)
  (mlp): Sequential(
    (0): Linear(in_features=1024, out_features=64, bias=True)
    (1): LeakyReLU(negative_slope=0.01)
    (2): Dropout(p=0.3, inplace=False)
    (3): Linear(in_features=64, out_features=7, bias=True)
  )
  (proj): Linear(in_features=1433, out_features=128, bias=True)
)
Epoch: 1, Loss: 1.9796, Train: 0.1143, Val: 0.1440, Test: 0.1240
Epoch: 2, Loss: 1.9729, Train: 0.1786, Val: 0.1680, Test: 0.1510
Epoch: 3, Loss: 1.9516, Train: 0.1429, Val: 0.1560, Test: 0.1440
Epoch: 4, Loss: 1.9921, Train: 0.1429, Val: 0.0720, Test: 0.0910
Epoch: 5, Loss: 1.9472, Train: 0.1429, Val: 0.0720, Test: 0.0910
Epoch: 6, Loss: 1.9396, Train: 0.1714, Val: 0.1640, Test: 0.1610
Epoch: 7, Loss: 1.9568, Train: 0.1429, Val: 0.1620, Test: 0.1490
Epoch: 8, Loss: 1.9630, Train: 0.1643, Val: 0.0920, Test: 0.1050
Epoch: 9, Loss: 1.9629, Train: 0.1429, Val: 0.0720, Test: 0.0910
Epoch: 10, Loss: 1.9543, Train: 0.1429, Val: 0.0720, Test: 0.0910
Epoch: 11, Loss: 1.9760, Train: 0.1429, Val: 0.0720, Test: 0.0910
Epoch: 12, Loss: 1.9691, Train: 0.1429, Val: 0.0720, Test: 0.0910
Epoch: 13, Loss: 1.9572, Train: 0.1429, Val: 0.0720, Test: 0.0910
Epoch: 14, Loss: 1.9703, Train: 0.2571, Val: 0.1120, Test: 0.1360
Epoch: 15, Loss: 1.9667, Train: 0.1643, Val: 0.0580, Test: 0.0660
Epoch: 16, Loss: 1.9600, Train: 0.1429, Val: 0.3160, Test: 0.3190
Epoch: 17, Loss: 1.9719, Train: 0.1429, Val: 0.1140, Test: 0.1030
Epoch: 18, Loss: 1.9701, Train: 0.1429, Val: 0.1140, Test: 0.1030
Epoch: 19, Loss: 1.9450, Train: 0.1429, Val: 0.1140, Test: 0.1030
Epoch: 20, Loss: 1.9611, Train: 0.1429, Val: 0.1560, Test: 0.1440
Epoch: 21, Loss: 1.9232, Train: 0.2571, Val: 0.2320, Test: 0.2270
Epoch: 22, Loss: 1.9551, Train: 0.1429, Val: 0.1620, Test: 0.1490
Epoch: 23, Loss: 1.9555, Train: 0.1429, Val: 0.1620, Test: 0.1490
Epoch: 24, Loss: 1.9333, Train: 0.1429, Val: 0.1040, Test: 0.1000
Epoch: 25, Loss: 1.9525, Train: 0.2429, Val: 0.1980, Test: 0.1830
Epoch: 26, Loss: 1.9482, Train: 0.1429, Val: 0.0580, Test: 0.0640
Epoch: 27, Loss: 1.9437, Train: 0.1429, Val: 0.0580, Test: 0.0640
Epoch: 28, Loss: 1.9440, Train: 0.1429, Val: 0.0580, Test: 0.0640
Epoch: 29, Loss: 1.9418, Train: 0.1429, Val: 0.0580, Test: 0.0640
Epoch: 30, Loss: 1.9410, Train: 0.1429, Val: 0.3160, Test: 0.3190
Epoch: 31, Loss: 1.9389, Train: 0.1429, Val: 0.3160, Test: 0.3190
Epoch: 32, Loss: 1.9480, Train: 0.1429, Val: 0.3160, Test: 0.3190
Epoch: 33, Loss: 1.9555, Train: 0.1429, Val: 0.3160, Test: 0.3190
Epoch: 34, Loss: 1.9379, Train: 0.1500, Val: 0.3180, Test: 0.3220
Epoch: 35, Loss: 1.9305, Train: 0.2643, Val: 0.1780, Test: 0.2000
Epoch: 36, Loss: 1.9349, Train: 0.3143, Val: 0.2060, Test: 0.2200
Epoch: 37, Loss: 1.9243, Train: 0.2643, Val: 0.1660, Test: 0.1660
Epoch: 38, Loss: 1.9361, Train: 0.2929, Val: 0.1880, Test: 0.2030
Epoch: 39, Loss: 1.9239, Train: 0.3071, Val: 0.1920, Test: 0.2060
Epoch: 40, Loss: 1.9240, Train: 0.2571, Val: 0.1700, Test: 0.1710
Epoch: 41, Loss: 1.8640, Train: 0.2643, Val: 0.1520, Test: 0.1350
Epoch: 42, Loss: 1.8281, Train: 0.2571, Val: 0.1400, Test: 0.1360
Epoch: 43, Loss: 1.7749, Train: 0.2643, Val: 0.1380, Test: 0.1330
Epoch: 44, Loss: 1.7382, Train: 0.2643, Val: 0.1700, Test: 0.1560
Epoch: 45, Loss: 1.6704, Train: 0.2786, Val: 0.1740, Test: 0.1510
Epoch: 46, Loss: 1.6187, Train: 0.2714, Val: 0.1380, Test: 0.1330
Epoch: 47, Loss: 1.6331, Train: 0.2857, Val: 0.2560, Test: 0.2370
Epoch: 48, Loss: 1.6196, Train: 0.3071, Val: 0.2540, Test: 0.2460
Epoch: 49, Loss: 1.7575, Train: 0.2929, Val: 0.2560, Test: 0.2270
Epoch: 50, Loss: 1.5486, Train: 0.2429, Val: 0.2200, Test: 0.2030
MAD:  0.0067
InfoGap:  0.9999915963562671
Best Test Accuracy: 0.3220, Val Accuracy: 0.3180, Train Accuracy: 0.1500
Training completed.
Seed:  1
PMPGNN(
  (convs): ModuleList(
    (0): ParallelGNNBlock(
      (conv1): GATv2Conv(128, 128, heads=4)
      (conv2): GATv2Conv(128, 128, heads=4)
      (norm): LayerNorm((128,), eps=1e-05, elementwise_affine=True)
    )
    (1-8): 8 x ParallelGNNBlock(
      (conv1): GATv2Conv(1024, 128, heads=4)
      (conv2): GATv2Conv(1024, 128, heads=4)
      (norm): LayerNorm((128,), eps=1e-05, elementwise_affine=True)
    )
    (9): GATv2Conv(1024, 256, heads=4)
  )
  (norm): LayerNorm((1024,), eps=1e-05, elementwise_affine=True)
  (mlp): Sequential(
    (0): Linear(in_features=1024, out_features=64, bias=True)
    (1): LeakyReLU(negative_slope=0.01)
    (2): Dropout(p=0.3, inplace=False)
    (3): Linear(in_features=64, out_features=7, bias=True)
  )
  (proj): Linear(in_features=1433, out_features=128, bias=True)
)
Epoch: 1, Loss: 2.0322, Train: 0.1500, Val: 0.1560, Test: 0.1450
Epoch: 2, Loss: 1.9590, Train: 0.1429, Val: 0.3160, Test: 0.3190
Epoch: 3, Loss: 1.9499, Train: 0.2286, Val: 0.3420, Test: 0.3310
Epoch: 4, Loss: 2.0021, Train: 0.1786, Val: 0.1440, Test: 0.1410
Epoch: 5, Loss: 1.9790, Train: 0.1429, Val: 0.1620, Test: 0.1490
Epoch: 6, Loss: 1.9619, Train: 0.1429, Val: 0.1620, Test: 0.1490
Epoch: 7, Loss: 1.9473, Train: 0.1429, Val: 0.1620, Test: 0.1490
Epoch: 8, Loss: 1.9710, Train: 0.1429, Val: 0.1620, Test: 0.1490
Epoch: 9, Loss: 1.9468, Train: 0.1429, Val: 0.1220, Test: 0.1300
Epoch: 10, Loss: 1.9723, Train: 0.1429, Val: 0.1220, Test: 0.1300
Epoch: 11, Loss: 1.9757, Train: 0.1429, Val: 0.1220, Test: 0.1300
Epoch: 12, Loss: 1.9545, Train: 0.1429, Val: 0.1560, Test: 0.1440
Epoch: 13, Loss: 1.9592, Train: 0.1429, Val: 0.1220, Test: 0.1300
Epoch: 14, Loss: 1.9592, Train: 0.1429, Val: 0.1220, Test: 0.1300
Epoch: 15, Loss: 1.9565, Train: 0.1429, Val: 0.0720, Test: 0.0910
Epoch: 16, Loss: 1.9504, Train: 0.1429, Val: 0.0720, Test: 0.0910
Epoch: 17, Loss: 1.9471, Train: 0.1429, Val: 0.0720, Test: 0.0910
Epoch: 18, Loss: 1.9416, Train: 0.1429, Val: 0.0720, Test: 0.0910
Epoch: 19, Loss: 1.9414, Train: 0.1429, Val: 0.0720, Test: 0.0910
Epoch: 20, Loss: 1.9434, Train: 0.1429, Val: 0.0720, Test: 0.0910
Epoch: 21, Loss: 1.9507, Train: 0.1429, Val: 0.0720, Test: 0.0910
Epoch: 22, Loss: 1.9516, Train: 0.1429, Val: 0.0720, Test: 0.0910
Epoch: 23, Loss: 1.9577, Train: 0.1429, Val: 0.0720, Test: 0.0910
Epoch: 24, Loss: 1.9447, Train: 0.1429, Val: 0.0720, Test: 0.0910
Epoch: 25, Loss: 1.9403, Train: 0.1429, Val: 0.0720, Test: 0.0910
Epoch: 26, Loss: 1.9410, Train: 0.1429, Val: 0.0720, Test: 0.0910
Epoch: 27, Loss: 1.9411, Train: 0.1429, Val: 0.0720, Test: 0.0910
Epoch: 28, Loss: 1.9477, Train: 0.1429, Val: 0.0580, Test: 0.0640
Epoch: 29, Loss: 1.9435, Train: 0.1429, Val: 0.0580, Test: 0.0640
Epoch: 30, Loss: 1.9479, Train: 0.1429, Val: 0.0580, Test: 0.0640
Epoch: 31, Loss: 1.9411, Train: 0.1429, Val: 0.1560, Test: 0.1440
Epoch: 32, Loss: 1.9514, Train: 0.1429, Val: 0.1560, Test: 0.1440
Epoch: 33, Loss: 1.9455, Train: 0.1429, Val: 0.1560, Test: 0.1440
Epoch: 34, Loss: 1.9361, Train: 0.1929, Val: 0.1760, Test: 0.1570
Epoch: 35, Loss: 1.9541, Train: 0.1429, Val: 0.1140, Test: 0.1030
Epoch: 36, Loss: 1.9402, Train: 0.1429, Val: 0.1140, Test: 0.1030
Epoch: 37, Loss: 1.9475, Train: 0.1429, Val: 0.1140, Test: 0.1030
Epoch: 38, Loss: 1.9436, Train: 0.1429, Val: 0.1140, Test: 0.1030
Epoch: 39, Loss: 1.9525, Train: 0.1429, Val: 0.1140, Test: 0.1030
Epoch: 40, Loss: 1.9410, Train: 0.1429, Val: 0.1560, Test: 0.1440
Epoch: 41, Loss: 1.9469, Train: 0.1429, Val: 0.1620, Test: 0.1490
Epoch: 42, Loss: 1.9521, Train: 0.1429, Val: 0.1620, Test: 0.1490
Epoch: 43, Loss: 1.9455, Train: 0.1429, Val: 0.0720, Test: 0.0910
Epoch: 44, Loss: 1.9425, Train: 0.1429, Val: 0.0720, Test: 0.0910
Epoch: 45, Loss: 1.9390, Train: 0.1429, Val: 0.0720, Test: 0.0910
Epoch: 46, Loss: 1.9565, Train: 0.1429, Val: 0.0720, Test: 0.0910
Epoch: 47, Loss: 1.9508, Train: 0.1429, Val: 0.0720, Test: 0.0910
Epoch: 48, Loss: 1.9518, Train: 0.1429, Val: 0.0720, Test: 0.0910
Epoch: 49, Loss: 1.9490, Train: 0.1429, Val: 0.0720, Test: 0.0910
Epoch: 50, Loss: 1.9458, Train: 0.1429, Val: 0.0720, Test: 0.0910
MAD:  0.0007
InfoGap:  0.9999286890233634
Best Test Accuracy: 0.3310, Val Accuracy: 0.3420, Train Accuracy: 0.2286
Training completed.
Seed:  2
PMPGNN(
  (convs): ModuleList(
    (0): ParallelGNNBlock(
      (conv1): GATv2Conv(128, 128, heads=4)
      (conv2): GATv2Conv(128, 128, heads=4)
      (norm): LayerNorm((128,), eps=1e-05, elementwise_affine=True)
    )
    (1-8): 8 x ParallelGNNBlock(
      (conv1): GATv2Conv(1024, 128, heads=4)
      (conv2): GATv2Conv(1024, 128, heads=4)
      (norm): LayerNorm((128,), eps=1e-05, elementwise_affine=True)
    )
    (9): GATv2Conv(1024, 256, heads=4)
  )
  (norm): LayerNorm((1024,), eps=1e-05, elementwise_affine=True)
  (mlp): Sequential(
    (0): Linear(in_features=1024, out_features=64, bias=True)
    (1): LeakyReLU(negative_slope=0.01)
    (2): Dropout(p=0.3, inplace=False)
    (3): Linear(in_features=64, out_features=7, bias=True)
  )
  (proj): Linear(in_features=1433, out_features=128, bias=True)
)
Epoch: 1, Loss: 1.9857, Train: 0.2071, Val: 0.2560, Test: 0.2260
Epoch: 2, Loss: 1.9804, Train: 0.1429, Val: 0.1560, Test: 0.1440
Epoch: 3, Loss: 1.9507, Train: 0.1429, Val: 0.0720, Test: 0.0910
Epoch: 4, Loss: 1.9454, Train: 0.1429, Val: 0.0720, Test: 0.0910
Epoch: 5, Loss: 1.9684, Train: 0.1429, Val: 0.1620, Test: 0.1490
Epoch: 6, Loss: 1.9773, Train: 0.1429, Val: 0.1620, Test: 0.1490
Epoch: 7, Loss: 1.9495, Train: 0.1429, Val: 0.1620, Test: 0.1490
Epoch: 8, Loss: 1.9524, Train: 0.1429, Val: 0.1560, Test: 0.1440
Epoch: 9, Loss: 1.9273, Train: 0.1714, Val: 0.2480, Test: 0.2250
Epoch: 10, Loss: 1.9516, Train: 0.1429, Val: 0.3160, Test: 0.3190
Epoch: 11, Loss: 1.9704, Train: 0.1429, Val: 0.3160, Test: 0.3190
Epoch: 12, Loss: 1.9514, Train: 0.1429, Val: 0.3160, Test: 0.3190
Epoch: 13, Loss: 1.9797, Train: 0.1429, Val: 0.1620, Test: 0.1500
Epoch: 14, Loss: 1.9729, Train: 0.1429, Val: 0.1140, Test: 0.1030
Epoch: 15, Loss: 1.9516, Train: 0.1429, Val: 0.1140, Test: 0.1030
Epoch: 16, Loss: 1.9338, Train: 0.1429, Val: 0.1140, Test: 0.1030
Epoch: 17, Loss: 1.9582, Train: 0.1429, Val: 0.1140, Test: 0.1030
Epoch: 18, Loss: 1.9587, Train: 0.1429, Val: 0.1140, Test: 0.1030
Epoch: 19, Loss: 1.9512, Train: 0.1429, Val: 0.1140, Test: 0.1030
Epoch: 20, Loss: 1.9538, Train: 0.1429, Val: 0.1140, Test: 0.1030
Epoch: 21, Loss: 1.9609, Train: 0.1429, Val: 0.1140, Test: 0.1030
Epoch: 22, Loss: 1.9413, Train: 0.1429, Val: 0.1140, Test: 0.1030
Epoch: 23, Loss: 1.9606, Train: 0.1429, Val: 0.1140, Test: 0.1030
Epoch: 24, Loss: 1.9381, Train: 0.1429, Val: 0.1620, Test: 0.1490
Epoch: 25, Loss: 1.9548, Train: 0.1429, Val: 0.3160, Test: 0.3190
Epoch: 26, Loss: 1.9378, Train: 0.1429, Val: 0.3160, Test: 0.3190
Epoch: 27, Loss: 1.9530, Train: 0.1429, Val: 0.3160, Test: 0.3190
Epoch: 28, Loss: 1.9453, Train: 0.1429, Val: 0.3160, Test: 0.3190
Epoch: 29, Loss: 1.9487, Train: 0.1429, Val: 0.3160, Test: 0.3190
Epoch: 30, Loss: 1.9391, Train: 0.1429, Val: 0.3160, Test: 0.3190
Epoch: 31, Loss: 1.9507, Train: 0.1429, Val: 0.3160, Test: 0.3190
Epoch: 32, Loss: 1.9360, Train: 0.1714, Val: 0.3160, Test: 0.3210
Epoch: 33, Loss: 1.9468, Train: 0.2071, Val: 0.3160, Test: 0.3310
Epoch: 34, Loss: 1.9398, Train: 0.2857, Val: 0.3540, Test: 0.3650
Epoch: 35, Loss: 1.9414, Train: 0.2643, Val: 0.1880, Test: 0.1850
Epoch: 36, Loss: 1.9429, Train: 0.2643, Val: 0.1840, Test: 0.1830
Epoch: 37, Loss: 1.9365, Train: 0.2786, Val: 0.2100, Test: 0.2070
Epoch: 38, Loss: 1.9271, Train: 0.2643, Val: 0.1980, Test: 0.1880
Epoch: 39, Loss: 1.9181, Train: 0.2571, Val: 0.1940, Test: 0.1870
Epoch: 40, Loss: 1.9176, Train: 0.2714, Val: 0.2040, Test: 0.2030
Epoch: 41, Loss: 1.9207, Train: 0.2857, Val: 0.2100, Test: 0.2090
Epoch: 42, Loss: 1.8969, Train: 0.2786, Val: 0.1940, Test: 0.1910
Epoch: 43, Loss: 1.8299, Train: 0.2857, Val: 0.2080, Test: 0.2060
Epoch: 44, Loss: 1.8081, Train: 0.2857, Val: 0.2080, Test: 0.2090
Epoch: 45, Loss: 1.7731, Train: 0.2857, Val: 0.2060, Test: 0.2040
Epoch: 46, Loss: 1.6698, Train: 0.2786, Val: 0.2000, Test: 0.1940
Epoch: 47, Loss: 1.6137, Train: 0.2786, Val: 0.2000, Test: 0.1940
Epoch: 48, Loss: 1.6096, Train: 0.2857, Val: 0.2100, Test: 0.2100
Epoch: 49, Loss: 1.5080, Train: 0.2714, Val: 0.1980, Test: 0.1870
Epoch: 50, Loss: 1.6699, Train: 0.2929, Val: 0.2060, Test: 0.2120
MAD:  0.0763
InfoGap:  0.9999933913654786
Best Test Accuracy: 0.3650, Val Accuracy: 0.3540, Train Accuracy: 0.2857
Training completed.
Seed:  3
PMPGNN(
  (convs): ModuleList(
    (0): ParallelGNNBlock(
      (conv1): GATv2Conv(128, 128, heads=4)
      (conv2): GATv2Conv(128, 128, heads=4)
      (norm): LayerNorm((128,), eps=1e-05, elementwise_affine=True)
    )
    (1-8): 8 x ParallelGNNBlock(
      (conv1): GATv2Conv(1024, 128, heads=4)
      (conv2): GATv2Conv(1024, 128, heads=4)
      (norm): LayerNorm((128,), eps=1e-05, elementwise_affine=True)
    )
    (9): GATv2Conv(1024, 256, heads=4)
  )
  (norm): LayerNorm((1024,), eps=1e-05, elementwise_affine=True)
  (mlp): Sequential(
    (0): Linear(in_features=1024, out_features=64, bias=True)
    (1): LeakyReLU(negative_slope=0.01)
    (2): Dropout(p=0.3, inplace=False)
    (3): Linear(in_features=64, out_features=7, bias=True)
  )
  (proj): Linear(in_features=1433, out_features=128, bias=True)
)
Epoch: 1, Loss: 1.9933, Train: 0.1571, Val: 0.1160, Test: 0.1190
Epoch: 2, Loss: 1.9306, Train: 0.1429, Val: 0.1220, Test: 0.1300
Epoch: 3, Loss: 1.9599, Train: 0.1500, Val: 0.1680, Test: 0.1530
Epoch: 4, Loss: 1.9329, Train: 0.1429, Val: 0.1620, Test: 0.1490
Epoch: 5, Loss: 1.9841, Train: 0.1429, Val: 0.1640, Test: 0.1490
Epoch: 6, Loss: 1.9716, Train: 0.1429, Val: 0.1220, Test: 0.1300
Epoch: 7, Loss: 1.9747, Train: 0.1429, Val: 0.1220, Test: 0.1300
Epoch: 8, Loss: 1.9297, Train: 0.1429, Val: 0.1220, Test: 0.1300
Epoch: 9, Loss: 1.9549, Train: 0.1643, Val: 0.1660, Test: 0.1470
Epoch: 10, Loss: 1.9531, Train: 0.1429, Val: 0.1560, Test: 0.1440
Epoch: 11, Loss: 1.9365, Train: 0.1429, Val: 0.1560, Test: 0.1440
Epoch: 12, Loss: 1.9544, Train: 0.1429, Val: 0.1560, Test: 0.1440
Epoch: 13, Loss: 1.9454, Train: 0.1786, Val: 0.1560, Test: 0.1480
Epoch: 14, Loss: 1.9507, Train: 0.1643, Val: 0.1220, Test: 0.1040
Epoch: 15, Loss: 1.9482, Train: 0.1429, Val: 0.1140, Test: 0.1030
Epoch: 16, Loss: 1.9474, Train: 0.1429, Val: 0.1140, Test: 0.1030
Epoch: 17, Loss: 1.9609, Train: 0.1429, Val: 0.1140, Test: 0.1030
Epoch: 18, Loss: 1.9388, Train: 0.1429, Val: 0.0720, Test: 0.0910
Epoch: 19, Loss: 1.9421, Train: 0.1429, Val: 0.0720, Test: 0.0910
Epoch: 20, Loss: 1.9425, Train: 0.1429, Val: 0.0720, Test: 0.0910
Epoch: 21, Loss: 1.9389, Train: 0.1429, Val: 0.0720, Test: 0.0910
Epoch: 22, Loss: 1.9327, Train: 0.1429, Val: 0.0720, Test: 0.0910
Epoch: 23, Loss: 1.9442, Train: 0.1429, Val: 0.0720, Test: 0.0910
Epoch: 24, Loss: 1.9637, Train: 0.1429, Val: 0.0720, Test: 0.0910
Epoch: 25, Loss: 1.9377, Train: 0.1429, Val: 0.0720, Test: 0.0910
Epoch: 26, Loss: 1.9468, Train: 0.1429, Val: 0.0720, Test: 0.0910
Epoch: 27, Loss: 1.9531, Train: 0.1429, Val: 0.0580, Test: 0.0640
Epoch: 28, Loss: 1.9462, Train: 0.1429, Val: 0.0580, Test: 0.0640
Epoch: 29, Loss: 1.9396, Train: 0.1429, Val: 0.0580, Test: 0.0640
Epoch: 30, Loss: 1.9544, Train: 0.1429, Val: 0.0580, Test: 0.0640
Epoch: 31, Loss: 1.9460, Train: 0.1429, Val: 0.3160, Test: 0.3190
Epoch: 32, Loss: 1.9440, Train: 0.1429, Val: 0.1220, Test: 0.1300
Epoch: 33, Loss: 1.9336, Train: 0.1429, Val: 0.1220, Test: 0.1300
Epoch: 34, Loss: 1.9545, Train: 0.1429, Val: 0.1220, Test: 0.1300
Epoch: 35, Loss: 1.9353, Train: 0.1429, Val: 0.1220, Test: 0.1300
Epoch: 36, Loss: 1.9379, Train: 0.1429, Val: 0.1220, Test: 0.1300
Epoch: 37, Loss: 1.9420, Train: 0.1429, Val: 0.1220, Test: 0.1300
Epoch: 38, Loss: 1.9399, Train: 0.1429, Val: 0.1620, Test: 0.1490
Epoch: 39, Loss: 1.9448, Train: 0.1429, Val: 0.1620, Test: 0.1490
Epoch: 40, Loss: 1.9457, Train: 0.1429, Val: 0.0720, Test: 0.0910
Epoch: 41, Loss: 1.9387, Train: 0.1429, Val: 0.0720, Test: 0.0910
Epoch: 42, Loss: 1.9483, Train: 0.1429, Val: 0.0720, Test: 0.0910
Epoch: 43, Loss: 1.9588, Train: 0.1429, Val: 0.0720, Test: 0.0910
Epoch: 44, Loss: 1.9498, Train: 0.1429, Val: 0.0720, Test: 0.0910
Epoch: 45, Loss: 1.9529, Train: 0.1429, Val: 0.0720, Test: 0.0910
Epoch: 46, Loss: 1.9498, Train: 0.1500, Val: 0.1480, Test: 0.1470
Epoch: 47, Loss: 1.9442, Train: 0.1429, Val: 0.1560, Test: 0.1440
Epoch: 48, Loss: 1.9444, Train: 0.1429, Val: 0.1560, Test: 0.1440
Epoch: 49, Loss: 1.9451, Train: 0.1429, Val: 0.1560, Test: 0.1440
Epoch: 50, Loss: 1.9462, Train: 0.1429, Val: 0.1560, Test: 0.1440
MAD:  0.0001
InfoGap:  0.9999989054126672
Best Test Accuracy: 0.3190, Val Accuracy: 0.3160, Train Accuracy: 0.1429
Training completed.
Seed:  4
PMPGNN(
  (convs): ModuleList(
    (0): ParallelGNNBlock(
      (conv1): GATv2Conv(128, 128, heads=4)
      (conv2): GATv2Conv(128, 128, heads=4)
      (norm): LayerNorm((128,), eps=1e-05, elementwise_affine=True)
    )
    (1-8): 8 x ParallelGNNBlock(
      (conv1): GATv2Conv(1024, 128, heads=4)
      (conv2): GATv2Conv(1024, 128, heads=4)
      (norm): LayerNorm((128,), eps=1e-05, elementwise_affine=True)
    )
    (9): GATv2Conv(1024, 256, heads=4)
  )
  (norm): LayerNorm((1024,), eps=1e-05, elementwise_affine=True)
  (mlp): Sequential(
    (0): Linear(in_features=1024, out_features=64, bias=True)
    (1): LeakyReLU(negative_slope=0.01)
    (2): Dropout(p=0.3, inplace=False)
    (3): Linear(in_features=64, out_features=7, bias=True)
  )
  (proj): Linear(in_features=1433, out_features=128, bias=True)
)
Epoch: 1, Loss: 2.0035, Train: 0.1357, Val: 0.1560, Test: 0.1450
Epoch: 2, Loss: 1.9432, Train: 0.1429, Val: 0.1220, Test: 0.1300
Epoch: 3, Loss: 1.9548, Train: 0.1500, Val: 0.1320, Test: 0.1370
Epoch: 4, Loss: 2.0199, Train: 0.1786, Val: 0.1280, Test: 0.1320
Epoch: 5, Loss: 1.9689, Train: 0.1429, Val: 0.1220, Test: 0.1300
Epoch: 6, Loss: 1.9487, Train: 0.1500, Val: 0.0800, Test: 0.0970
Epoch: 7, Loss: 1.9898, Train: 0.1429, Val: 0.0720, Test: 0.0910
Epoch: 8, Loss: 1.9466, Train: 0.1500, Val: 0.0720, Test: 0.0910
Epoch: 9, Loss: 1.9354, Train: 0.1429, Val: 0.0720, Test: 0.0910
Epoch: 10, Loss: 1.9532, Train: 0.1643, Val: 0.1620, Test: 0.1590
Epoch: 11, Loss: 1.9507, Train: 0.1429, Val: 0.1620, Test: 0.1490
Epoch: 12, Loss: 1.9581, Train: 0.1429, Val: 0.1620, Test: 0.1490
Epoch: 13, Loss: 1.9593, Train: 0.1429, Val: 0.1620, Test: 0.1490
Epoch: 14, Loss: 1.9592, Train: 0.1429, Val: 0.1620, Test: 0.1490
Epoch: 15, Loss: 1.9508, Train: 0.1429, Val: 0.1620, Test: 0.1490
Epoch: 16, Loss: 1.9494, Train: 0.1429, Val: 0.1560, Test: 0.1440
Epoch: 17, Loss: 1.9444, Train: 0.1429, Val: 0.1560, Test: 0.1440
Epoch: 18, Loss: 1.9531, Train: 0.1429, Val: 0.1560, Test: 0.1440
Epoch: 19, Loss: 1.9594, Train: 0.1429, Val: 0.1560, Test: 0.1440
Epoch: 20, Loss: 1.9403, Train: 0.1429, Val: 0.1560, Test: 0.1440
Epoch: 21, Loss: 1.9581, Train: 0.1429, Val: 0.1720, Test: 0.1510
Epoch: 22, Loss: 1.9523, Train: 0.1429, Val: 0.3160, Test: 0.3190
Epoch: 23, Loss: 1.9411, Train: 0.1429, Val: 0.3160, Test: 0.3190
Epoch: 24, Loss: 1.9634, Train: 0.1429, Val: 0.3160, Test: 0.3190
Epoch: 25, Loss: 1.9421, Train: 0.1429, Val: 0.3160, Test: 0.3190
Epoch: 26, Loss: 1.9592, Train: 0.1429, Val: 0.3160, Test: 0.3190
Epoch: 27, Loss: 1.9405, Train: 0.1429, Val: 0.3160, Test: 0.3190
Epoch: 28, Loss: 1.9537, Train: 0.1429, Val: 0.3160, Test: 0.3190
Epoch: 29, Loss: 1.9437, Train: 0.1429, Val: 0.3160, Test: 0.3190
Epoch: 30, Loss: 1.9409, Train: 0.1429, Val: 0.3160, Test: 0.3190
Epoch: 31, Loss: 1.9462, Train: 0.1429, Val: 0.3160, Test: 0.3190
Epoch: 32, Loss: 1.9486, Train: 0.1429, Val: 0.3160, Test: 0.3190
Epoch: 33, Loss: 1.9479, Train: 0.1429, Val: 0.3160, Test: 0.3190
Epoch: 34, Loss: 1.9494, Train: 0.2714, Val: 0.4120, Test: 0.3780
Epoch: 35, Loss: 1.9465, Train: 0.1429, Val: 0.1560, Test: 0.1440
Epoch: 36, Loss: 1.9465, Train: 0.1429, Val: 0.1560, Test: 0.1440
Epoch: 37, Loss: 1.9472, Train: 0.1429, Val: 0.1560, Test: 0.1440
Epoch: 38, Loss: 1.9400, Train: 0.1429, Val: 0.1560, Test: 0.1440
Epoch: 39, Loss: 1.9546, Train: 0.1429, Val: 0.1560, Test: 0.1440
Epoch: 40, Loss: 1.9444, Train: 0.1429, Val: 0.1560, Test: 0.1440
Epoch: 41, Loss: 1.9456, Train: 0.1429, Val: 0.1560, Test: 0.1440
Epoch: 42, Loss: 1.9455, Train: 0.1429, Val: 0.1560, Test: 0.1440
Epoch: 43, Loss: 1.9463, Train: 0.1429, Val: 0.1560, Test: 0.1440
Epoch: 44, Loss: 1.9461, Train: 0.1429, Val: 0.1560, Test: 0.1440
Epoch: 45, Loss: 1.9422, Train: 0.1429, Val: 0.1560, Test: 0.1440
Epoch: 46, Loss: 1.9358, Train: 0.1429, Val: 0.1560, Test: 0.1440
Epoch: 47, Loss: 1.9478, Train: 0.1429, Val: 0.1560, Test: 0.1440
Epoch: 48, Loss: 1.9396, Train: 0.2786, Val: 0.4680, Test: 0.4470
Epoch: 49, Loss: 1.9316, Train: 0.2786, Val: 0.4480, Test: 0.4450
Epoch: 50, Loss: 1.9314, Train: 0.2786, Val: 0.4580, Test: 0.4520
MAD:  0.21
InfoGap:  0.9999779212612339
Best Test Accuracy: 0.4520, Val Accuracy: 0.4580, Train Accuracy: 0.2786
Training completed.
Seed:  5
PMPGNN(
  (convs): ModuleList(
    (0): ParallelGNNBlock(
      (conv1): GATv2Conv(128, 128, heads=4)
      (conv2): GATv2Conv(128, 128, heads=4)
      (norm): LayerNorm((128,), eps=1e-05, elementwise_affine=True)
    )
    (1-8): 8 x ParallelGNNBlock(
      (conv1): GATv2Conv(1024, 128, heads=4)
      (conv2): GATv2Conv(1024, 128, heads=4)
      (norm): LayerNorm((128,), eps=1e-05, elementwise_affine=True)
    )
    (9): GATv2Conv(1024, 256, heads=4)
  )
  (norm): LayerNorm((1024,), eps=1e-05, elementwise_affine=True)
  (mlp): Sequential(
    (0): Linear(in_features=1024, out_features=64, bias=True)
    (1): LeakyReLU(negative_slope=0.01)
    (2): Dropout(p=0.3, inplace=False)
    (3): Linear(in_features=64, out_features=7, bias=True)
  )
  (proj): Linear(in_features=1433, out_features=128, bias=True)
)
Epoch: 1, Loss: 2.0036, Train: 0.1643, Val: 0.1240, Test: 0.1230
Epoch: 2, Loss: 1.9840, Train: 0.1714, Val: 0.1540, Test: 0.1350
Epoch: 3, Loss: 1.9603, Train: 0.1500, Val: 0.1500, Test: 0.1440
Epoch: 4, Loss: 1.9509, Train: 0.2000, Val: 0.3240, Test: 0.3240
Epoch: 5, Loss: 1.9696, Train: 0.1429, Val: 0.3180, Test: 0.3180
Epoch: 6, Loss: 1.9663, Train: 0.1429, Val: 0.1620, Test: 0.1490
Epoch: 7, Loss: 1.9554, Train: 0.1429, Val: 0.1620, Test: 0.1490
Epoch: 8, Loss: 1.9527, Train: 0.1429, Val: 0.1620, Test: 0.1490
Epoch: 9, Loss: 1.9519, Train: 0.1429, Val: 0.0720, Test: 0.0910
Epoch: 10, Loss: 1.9517, Train: 0.1429, Val: 0.0720, Test: 0.0910
Epoch: 11, Loss: 1.9789, Train: 0.1429, Val: 0.0720, Test: 0.0910
Epoch: 12, Loss: 1.9563, Train: 0.1429, Val: 0.0580, Test: 0.0640
Epoch: 13, Loss: 1.9585, Train: 0.1429, Val: 0.0580, Test: 0.0640
Epoch: 14, Loss: 1.9588, Train: 0.1429, Val: 0.0580, Test: 0.0640
Epoch: 15, Loss: 1.9660, Train: 0.1429, Val: 0.0580, Test: 0.0640
Epoch: 16, Loss: 1.9368, Train: 0.1429, Val: 0.0580, Test: 0.0640
Epoch: 17, Loss: 1.9627, Train: 0.1429, Val: 0.0580, Test: 0.0640
Epoch: 18, Loss: 1.9557, Train: 0.1429, Val: 0.0580, Test: 0.0640
Epoch: 19, Loss: 1.9408, Train: 0.1429, Val: 0.0580, Test: 0.0640
Epoch: 20, Loss: 1.9388, Train: 0.1429, Val: 0.1220, Test: 0.1300
Epoch: 21, Loss: 1.9697, Train: 0.1429, Val: 0.1220, Test: 0.1300
Epoch: 22, Loss: 1.9540, Train: 0.1429, Val: 0.1220, Test: 0.1300
Epoch: 23, Loss: 1.9540, Train: 0.1429, Val: 0.1220, Test: 0.1300
Epoch: 24, Loss: 1.9534, Train: 0.1429, Val: 0.1220, Test: 0.1300
Epoch: 25, Loss: 1.9482, Train: 0.1429, Val: 0.1220, Test: 0.1300
Epoch: 26, Loss: 1.9571, Train: 0.1429, Val: 0.1220, Test: 0.1300
Epoch: 27, Loss: 1.9536, Train: 0.1429, Val: 0.1220, Test: 0.1300
Epoch: 28, Loss: 1.9441, Train: 0.1429, Val: 0.1220, Test: 0.1300
Epoch: 29, Loss: 1.9529, Train: 0.1429, Val: 0.0580, Test: 0.0640
Epoch: 30, Loss: 1.9425, Train: 0.1429, Val: 0.0580, Test: 0.0640
Epoch: 31, Loss: 1.9428, Train: 0.1429, Val: 0.0580, Test: 0.0640
Epoch: 32, Loss: 1.9440, Train: 0.1429, Val: 0.1220, Test: 0.1300
Epoch: 33, Loss: 1.9481, Train: 0.1429, Val: 0.1220, Test: 0.1300
Epoch: 34, Loss: 1.9532, Train: 0.1429, Val: 0.1220, Test: 0.1300
Epoch: 35, Loss: 1.9472, Train: 0.1429, Val: 0.1220, Test: 0.1300
Epoch: 36, Loss: 1.9587, Train: 0.1429, Val: 0.1220, Test: 0.1300
Epoch: 37, Loss: 1.9432, Train: 0.1429, Val: 0.1220, Test: 0.1300
Epoch: 38, Loss: 1.9493, Train: 0.1429, Val: 0.1220, Test: 0.1300
Epoch: 39, Loss: 1.9375, Train: 0.1429, Val: 0.1220, Test: 0.1300
Epoch: 40, Loss: 1.9408, Train: 0.1429, Val: 0.1220, Test: 0.1300
Epoch: 41, Loss: 1.9589, Train: 0.1429, Val: 0.1220, Test: 0.1300
Epoch: 42, Loss: 1.9432, Train: 0.1429, Val: 0.1220, Test: 0.1300
Epoch: 43, Loss: 1.9483, Train: 0.1429, Val: 0.1220, Test: 0.1300
Epoch: 44, Loss: 1.9599, Train: 0.1429, Val: 0.1220, Test: 0.1300
Epoch: 45, Loss: 1.9522, Train: 0.1429, Val: 0.1220, Test: 0.1300
Epoch: 46, Loss: 1.9381, Train: 0.1429, Val: 0.1220, Test: 0.1300
Epoch: 47, Loss: 1.9408, Train: 0.1429, Val: 0.1220, Test: 0.1300
Epoch: 48, Loss: 1.9426, Train: 0.1429, Val: 0.1220, Test: 0.1300
Epoch: 49, Loss: 1.9444, Train: 0.1429, Val: 0.1220, Test: 0.1300
Epoch: 50, Loss: 1.9432, Train: 0.1429, Val: 0.1220, Test: 0.1300
MAD:  0.0012
InfoGap:  0.9999315093955374
Best Test Accuracy: 0.3240, Val Accuracy: 0.3240, Train Accuracy: 0.2000
Training completed.
Seed:  6
PMPGNN(
  (convs): ModuleList(
    (0): ParallelGNNBlock(
      (conv1): GATv2Conv(128, 128, heads=4)
      (conv2): GATv2Conv(128, 128, heads=4)
      (norm): LayerNorm((128,), eps=1e-05, elementwise_affine=True)
    )
    (1-8): 8 x ParallelGNNBlock(
      (conv1): GATv2Conv(1024, 128, heads=4)
      (conv2): GATv2Conv(1024, 128, heads=4)
      (norm): LayerNorm((128,), eps=1e-05, elementwise_affine=True)
    )
    (9): GATv2Conv(1024, 256, heads=4)
  )
  (norm): LayerNorm((1024,), eps=1e-05, elementwise_affine=True)
  (mlp): Sequential(
    (0): Linear(in_features=1024, out_features=64, bias=True)
    (1): LeakyReLU(negative_slope=0.01)
    (2): Dropout(p=0.3, inplace=False)
    (3): Linear(in_features=64, out_features=7, bias=True)
  )
  (proj): Linear(in_features=1433, out_features=128, bias=True)
)
Epoch: 1, Loss: 1.9821, Train: 0.1429, Val: 0.0580, Test: 0.0640
Epoch: 2, Loss: 1.9524, Train: 0.1429, Val: 0.0580, Test: 0.0640
Epoch: 3, Loss: 1.9355, Train: 0.1429, Val: 0.0580, Test: 0.0640
Epoch: 4, Loss: 1.9714, Train: 0.1429, Val: 0.3160, Test: 0.3190
Epoch: 5, Loss: 1.9574, Train: 0.1643, Val: 0.2520, Test: 0.2620
Epoch: 6, Loss: 1.9563, Train: 0.1429, Val: 0.1220, Test: 0.1300
Epoch: 7, Loss: 1.9760, Train: 0.2071, Val: 0.1020, Test: 0.1310
Epoch: 8, Loss: 1.9547, Train: 0.1429, Val: 0.1220, Test: 0.1300
Epoch: 9, Loss: 1.9265, Train: 0.1429, Val: 0.1220, Test: 0.1300
Epoch: 10, Loss: 1.9555, Train: 0.1429, Val: 0.1140, Test: 0.1030
Epoch: 11, Loss: 1.9414, Train: 0.1429, Val: 0.1140, Test: 0.1030
Epoch: 12, Loss: 1.9499, Train: 0.1500, Val: 0.1160, Test: 0.1090
Epoch: 13, Loss: 1.9592, Train: 0.1429, Val: 0.3160, Test: 0.3190
Epoch: 14, Loss: 1.9524, Train: 0.1429, Val: 0.1620, Test: 0.1490
Epoch: 15, Loss: 1.9482, Train: 0.1429, Val: 0.1620, Test: 0.1490
Epoch: 16, Loss: 1.9489, Train: 0.1429, Val: 0.1620, Test: 0.1490
Epoch: 17, Loss: 1.9632, Train: 0.2571, Val: 0.1920, Test: 0.1990
Epoch: 18, Loss: 1.9609, Train: 0.1429, Val: 0.0580, Test: 0.0640
Epoch: 19, Loss: 1.9590, Train: 0.1429, Val: 0.0580, Test: 0.0640
Epoch: 20, Loss: 1.9567, Train: 0.1429, Val: 0.0580, Test: 0.0640
Epoch: 21, Loss: 1.9540, Train: 0.1429, Val: 0.0580, Test: 0.0640
Epoch: 22, Loss: 1.9516, Train: 0.1429, Val: 0.1140, Test: 0.1030
Epoch: 23, Loss: 1.9507, Train: 0.1429, Val: 0.1140, Test: 0.1030
Epoch: 24, Loss: 1.9629, Train: 0.1429, Val: 0.1560, Test: 0.1440
Epoch: 25, Loss: 1.9436, Train: 0.1429, Val: 0.1560, Test: 0.1440
Epoch: 26, Loss: 1.9503, Train: 0.1429, Val: 0.1560, Test: 0.1440
Epoch: 27, Loss: 1.9492, Train: 0.1429, Val: 0.1560, Test: 0.1440
Epoch: 28, Loss: 1.9604, Train: 0.1429, Val: 0.1560, Test: 0.1440
Epoch: 29, Loss: 1.9616, Train: 0.1429, Val: 0.1560, Test: 0.1440
Epoch: 30, Loss: 1.9386, Train: 0.1429, Val: 0.1560, Test: 0.1440
Epoch: 31, Loss: 1.9442, Train: 0.1429, Val: 0.1560, Test: 0.1440
Epoch: 32, Loss: 1.9615, Train: 0.1429, Val: 0.1560, Test: 0.1440
Epoch: 33, Loss: 1.9570, Train: 0.1429, Val: 0.1560, Test: 0.1440
Epoch: 34, Loss: 1.9454, Train: 0.1429, Val: 0.1560, Test: 0.1440
Epoch: 35, Loss: 1.9534, Train: 0.1429, Val: 0.0720, Test: 0.0910
Epoch: 36, Loss: 1.9459, Train: 0.1429, Val: 0.0720, Test: 0.0910
Epoch: 37, Loss: 1.9489, Train: 0.1429, Val: 0.0720, Test: 0.0910
Epoch: 38, Loss: 1.9499, Train: 0.1429, Val: 0.0720, Test: 0.0910
Epoch: 39, Loss: 1.9497, Train: 0.1429, Val: 0.0720, Test: 0.0910
Epoch: 40, Loss: 1.9507, Train: 0.1429, Val: 0.0720, Test: 0.0910
Epoch: 41, Loss: 1.9434, Train: 0.1429, Val: 0.0720, Test: 0.0910
Epoch: 42, Loss: 1.9480, Train: 0.1429, Val: 0.0720, Test: 0.0910
Epoch: 43, Loss: 1.9485, Train: 0.1429, Val: 0.0720, Test: 0.0910
Epoch: 44, Loss: 1.9481, Train: 0.1429, Val: 0.0720, Test: 0.0910
Epoch: 45, Loss: 1.9460, Train: 0.1429, Val: 0.0720, Test: 0.0910
Epoch: 46, Loss: 1.9486, Train: 0.1429, Val: 0.0720, Test: 0.0910
Epoch: 47, Loss: 1.9484, Train: 0.1429, Val: 0.0720, Test: 0.0910
Epoch: 48, Loss: 1.9476, Train: 0.1429, Val: 0.0720, Test: 0.0910
Epoch: 49, Loss: 1.9475, Train: 0.1429, Val: 0.0720, Test: 0.0910
Epoch: 50, Loss: 1.9491, Train: 0.1429, Val: 0.0720, Test: 0.0910
MAD:  0.0013
InfoGap:  0.9999513912553084
Best Test Accuracy: 0.3190, Val Accuracy: 0.3160, Train Accuracy: 0.1429
Training completed.
Seed:  7
PMPGNN(
  (convs): ModuleList(
    (0): ParallelGNNBlock(
      (conv1): GATv2Conv(128, 128, heads=4)
      (conv2): GATv2Conv(128, 128, heads=4)
      (norm): LayerNorm((128,), eps=1e-05, elementwise_affine=True)
    )
    (1-8): 8 x ParallelGNNBlock(
      (conv1): GATv2Conv(1024, 128, heads=4)
      (conv2): GATv2Conv(1024, 128, heads=4)
      (norm): LayerNorm((128,), eps=1e-05, elementwise_affine=True)
    )
    (9): GATv2Conv(1024, 256, heads=4)
  )
  (norm): LayerNorm((1024,), eps=1e-05, elementwise_affine=True)
  (mlp): Sequential(
    (0): Linear(in_features=1024, out_features=64, bias=True)
    (1): LeakyReLU(negative_slope=0.01)
    (2): Dropout(p=0.3, inplace=False)
    (3): Linear(in_features=64, out_features=7, bias=True)
  )
  (proj): Linear(in_features=1433, out_features=128, bias=True)
)
Epoch: 1, Loss: 1.9796, Train: 0.1429, Val: 0.3160, Test: 0.3180
Epoch: 2, Loss: 1.9752, Train: 0.1429, Val: 0.3160, Test: 0.3190
Epoch: 3, Loss: 1.9659, Train: 0.1429, Val: 0.0720, Test: 0.0910
Epoch: 4, Loss: 1.9741, Train: 0.1429, Val: 0.0720, Test: 0.0910
Epoch: 5, Loss: 1.9782, Train: 0.1429, Val: 0.0720, Test: 0.0910
Epoch: 6, Loss: 1.9637, Train: 0.1429, Val: 0.1220, Test: 0.1300
Epoch: 7, Loss: 1.9681, Train: 0.1429, Val: 0.1220, Test: 0.1300
Epoch: 8, Loss: 1.9585, Train: 0.1429, Val: 0.1220, Test: 0.1300
Epoch: 9, Loss: 1.9454, Train: 0.1429, Val: 0.1220, Test: 0.1300
Epoch: 10, Loss: 1.9362, Train: 0.1429, Val: 0.1220, Test: 0.1310
Epoch: 11, Loss: 1.9539, Train: 0.1429, Val: 0.0580, Test: 0.0640
Epoch: 12, Loss: 1.9662, Train: 0.1429, Val: 0.0580, Test: 0.0640
Epoch: 13, Loss: 1.9604, Train: 0.1429, Val: 0.0580, Test: 0.0640
Epoch: 14, Loss: 1.9524, Train: 0.1429, Val: 0.0720, Test: 0.0910
Epoch: 15, Loss: 1.9525, Train: 0.1571, Val: 0.1140, Test: 0.1110
Epoch: 16, Loss: 1.9685, Train: 0.1429, Val: 0.1140, Test: 0.1030
Epoch: 17, Loss: 1.9489, Train: 0.1429, Val: 0.1140, Test: 0.1030
Epoch: 18, Loss: 1.9423, Train: 0.1429, Val: 0.1220, Test: 0.1300
Epoch: 19, Loss: 1.9555, Train: 0.1429, Val: 0.1220, Test: 0.1300
Epoch: 20, Loss: 1.9448, Train: 0.1429, Val: 0.3160, Test: 0.3190
Epoch: 21, Loss: 1.9394, Train: 0.1429, Val: 0.3160, Test: 0.3190
Epoch: 22, Loss: 1.9549, Train: 0.1429, Val: 0.3160, Test: 0.3190
Epoch: 23, Loss: 1.9410, Train: 0.1429, Val: 0.3160, Test: 0.3190
Epoch: 24, Loss: 1.9507, Train: 0.1786, Val: 0.3160, Test: 0.3220
Epoch: 25, Loss: 1.9476, Train: 0.1429, Val: 0.0580, Test: 0.0640
Epoch: 26, Loss: 1.9497, Train: 0.1429, Val: 0.1620, Test: 0.1490
Epoch: 27, Loss: 1.9492, Train: 0.1429, Val: 0.1620, Test: 0.1490
Epoch: 28, Loss: 1.9477, Train: 0.1429, Val: 0.1620, Test: 0.1490
Epoch: 29, Loss: 1.9473, Train: 0.1429, Val: 0.1620, Test: 0.1490
Epoch: 30, Loss: 1.9494, Train: 0.1429, Val: 0.1620, Test: 0.1490
Epoch: 31, Loss: 1.9503, Train: 0.1429, Val: 0.1620, Test: 0.1490
Epoch: 32, Loss: 1.9475, Train: 0.1429, Val: 0.1620, Test: 0.1490
Epoch: 33, Loss: 1.9504, Train: 0.1429, Val: 0.1620, Test: 0.1490
Epoch: 34, Loss: 1.9438, Train: 0.1429, Val: 0.1620, Test: 0.1490
Epoch: 35, Loss: 1.9474, Train: 0.1429, Val: 0.1620, Test: 0.1490
Epoch: 36, Loss: 1.9444, Train: 0.1429, Val: 0.1620, Test: 0.1490
Epoch: 37, Loss: 1.9500, Train: 0.1429, Val: 0.1620, Test: 0.1490
Epoch: 38, Loss: 1.9450, Train: 0.1429, Val: 0.1620, Test: 0.1490
Epoch: 39, Loss: 1.9464, Train: 0.1429, Val: 0.1620, Test: 0.1490
Epoch: 40, Loss: 1.9467, Train: 0.1429, Val: 0.1620, Test: 0.1490
Epoch: 41, Loss: 1.9464, Train: 0.1429, Val: 0.1620, Test: 0.1490
Epoch: 42, Loss: 1.9514, Train: 0.1429, Val: 0.1620, Test: 0.1490
Epoch: 43, Loss: 1.9469, Train: 0.1429, Val: 0.1620, Test: 0.1490
Epoch: 44, Loss: 1.9466, Train: 0.1429, Val: 0.1620, Test: 0.1490
Epoch: 45, Loss: 1.9429, Train: 0.1429, Val: 0.1620, Test: 0.1490
Epoch: 46, Loss: 1.9451, Train: 0.1429, Val: 0.1620, Test: 0.1490
Epoch: 47, Loss: 1.9503, Train: 0.1429, Val: 0.1620, Test: 0.1490
Epoch: 48, Loss: 1.9502, Train: 0.1429, Val: 0.1620, Test: 0.1490
Epoch: 49, Loss: 1.9499, Train: 0.1429, Val: 0.1620, Test: 0.1490
Epoch: 50, Loss: 1.9475, Train: 0.1429, Val: 0.1620, Test: 0.1490
MAD:  0.0001
InfoGap:  0.9999991686671592
Best Test Accuracy: 0.3220, Val Accuracy: 0.3160, Train Accuracy: 0.1786
Training completed.
Seed:  8
PMPGNN(
  (convs): ModuleList(
    (0): ParallelGNNBlock(
      (conv1): GATv2Conv(128, 128, heads=4)
      (conv2): GATv2Conv(128, 128, heads=4)
      (norm): LayerNorm((128,), eps=1e-05, elementwise_affine=True)
    )
    (1-8): 8 x ParallelGNNBlock(
      (conv1): GATv2Conv(1024, 128, heads=4)
      (conv2): GATv2Conv(1024, 128, heads=4)
      (norm): LayerNorm((128,), eps=1e-05, elementwise_affine=True)
    )
    (9): GATv2Conv(1024, 256, heads=4)
  )
  (norm): LayerNorm((1024,), eps=1e-05, elementwise_affine=True)
  (mlp): Sequential(
    (0): Linear(in_features=1024, out_features=64, bias=True)
    (1): LeakyReLU(negative_slope=0.01)
    (2): Dropout(p=0.3, inplace=False)
    (3): Linear(in_features=64, out_features=7, bias=True)
  )
  (proj): Linear(in_features=1433, out_features=128, bias=True)
)
Epoch: 1, Loss: 1.9212, Train: 0.1429, Val: 0.1140, Test: 0.1030
Epoch: 2, Loss: 1.9487, Train: 0.1714, Val: 0.0900, Test: 0.1020
Epoch: 3, Loss: 1.9493, Train: 0.1429, Val: 0.3160, Test: 0.3190
Epoch: 4, Loss: 1.9663, Train: 0.2500, Val: 0.2760, Test: 0.2890
Epoch: 5, Loss: 1.9696, Train: 0.2286, Val: 0.1820, Test: 0.1740
Epoch: 6, Loss: 1.9666, Train: 0.1429, Val: 0.1620, Test: 0.1490
Epoch: 7, Loss: 1.9669, Train: 0.1571, Val: 0.1640, Test: 0.1510
Epoch: 8, Loss: 1.9921, Train: 0.1571, Val: 0.1220, Test: 0.1340
Epoch: 9, Loss: 1.9663, Train: 0.1429, Val: 0.1140, Test: 0.1030
Epoch: 10, Loss: 1.9618, Train: 0.1429, Val: 0.1140, Test: 0.1030
Epoch: 11, Loss: 1.9566, Train: 0.2071, Val: 0.2100, Test: 0.1910
Epoch: 12, Loss: 1.9733, Train: 0.1429, Val: 0.1560, Test: 0.1440
Epoch: 13, Loss: 1.9441, Train: 0.1429, Val: 0.1560, Test: 0.1440
Epoch: 14, Loss: 1.9461, Train: 0.1429, Val: 0.1560, Test: 0.1440
Epoch: 15, Loss: 1.9493, Train: 0.1429, Val: 0.1560, Test: 0.1440
Epoch: 16, Loss: 1.9646, Train: 0.1429, Val: 0.1620, Test: 0.1490
Epoch: 17, Loss: 1.9401, Train: 0.1429, Val: 0.1620, Test: 0.1490
Epoch: 18, Loss: 1.9544, Train: 0.1500, Val: 0.0800, Test: 0.0960
Epoch: 19, Loss: 1.9447, Train: 0.1429, Val: 0.0720, Test: 0.0910
Epoch: 20, Loss: 1.9460, Train: 0.1429, Val: 0.0720, Test: 0.0910
Epoch: 21, Loss: 1.9498, Train: 0.1429, Val: 0.1140, Test: 0.1030
Epoch: 22, Loss: 1.9423, Train: 0.1429, Val: 0.1140, Test: 0.1030
Epoch: 23, Loss: 1.9592, Train: 0.1429, Val: 0.0580, Test: 0.0640
Epoch: 24, Loss: 1.9512, Train: 0.1429, Val: 0.0580, Test: 0.0640
Epoch: 25, Loss: 1.9478, Train: 0.1429, Val: 0.0580, Test: 0.0640
Epoch: 26, Loss: 1.9393, Train: 0.1429, Val: 0.0580, Test: 0.0640
Epoch: 27, Loss: 1.9570, Train: 0.1429, Val: 0.1620, Test: 0.1490
Epoch: 28, Loss: 1.9490, Train: 0.1429, Val: 0.1620, Test: 0.1490
Epoch: 29, Loss: 1.9528, Train: 0.1429, Val: 0.1620, Test: 0.1490
Epoch: 30, Loss: 1.9598, Train: 0.1429, Val: 0.1620, Test: 0.1490
Epoch: 31, Loss: 1.9376, Train: 0.2571, Val: 0.1840, Test: 0.1940
Epoch: 32, Loss: 1.9428, Train: 0.1429, Val: 0.0720, Test: 0.0910
Epoch: 33, Loss: 1.9566, Train: 0.1929, Val: 0.0720, Test: 0.0960
Epoch: 34, Loss: 1.9412, Train: 0.2357, Val: 0.1180, Test: 0.1390
Epoch: 35, Loss: 1.9490, Train: 0.1429, Val: 0.0580, Test: 0.0640
Epoch: 36, Loss: 1.9509, Train: 0.1429, Val: 0.0580, Test: 0.0640
Epoch: 37, Loss: 1.9464, Train: 0.1429, Val: 0.0580, Test: 0.0640
Epoch: 38, Loss: 1.9360, Train: 0.1429, Val: 0.0580, Test: 0.0640
Epoch: 39, Loss: 1.9410, Train: 0.1429, Val: 0.0580, Test: 0.0640
Epoch: 40, Loss: 1.9430, Train: 0.3357, Val: 0.3940, Test: 0.4010
Epoch: 41, Loss: 1.9411, Train: 0.3286, Val: 0.4540, Test: 0.4440
Epoch: 42, Loss: 1.9480, Train: 0.1857, Val: 0.1560, Test: 0.1480
Epoch: 43, Loss: 1.9520, Train: 0.1857, Val: 0.1560, Test: 0.1480
Epoch: 44, Loss: 1.9308, Train: 0.4429, Val: 0.3020, Test: 0.2990
Epoch: 45, Loss: 1.9171, Train: 0.3929, Val: 0.2600, Test: 0.2660
Epoch: 46, Loss: 1.9012, Train: 0.2929, Val: 0.2100, Test: 0.2050
Epoch: 47, Loss: 1.8962, Train: 0.2929, Val: 0.2120, Test: 0.2090
Epoch: 48, Loss: 1.8615, Train: 0.3071, Val: 0.2260, Test: 0.2230
Epoch: 49, Loss: 1.8281, Train: 0.3286, Val: 0.2340, Test: 0.2330
Epoch: 50, Loss: 1.7626, Train: 0.3214, Val: 0.3040, Test: 0.2740
MAD:  0.0167
InfoGap:  0.999981558547006
Best Test Accuracy: 0.4440, Val Accuracy: 0.4540, Train Accuracy: 0.3286
Training completed.
Seed:  9
PMPGNN(
  (convs): ModuleList(
    (0): ParallelGNNBlock(
      (conv1): GATv2Conv(128, 128, heads=4)
      (conv2): GATv2Conv(128, 128, heads=4)
      (norm): LayerNorm((128,), eps=1e-05, elementwise_affine=True)
    )
    (1-8): 8 x ParallelGNNBlock(
      (conv1): GATv2Conv(1024, 128, heads=4)
      (conv2): GATv2Conv(1024, 128, heads=4)
      (norm): LayerNorm((128,), eps=1e-05, elementwise_affine=True)
    )
    (9): GATv2Conv(1024, 256, heads=4)
  )
  (norm): LayerNorm((1024,), eps=1e-05, elementwise_affine=True)
  (mlp): Sequential(
    (0): Linear(in_features=1024, out_features=64, bias=True)
    (1): LeakyReLU(negative_slope=0.01)
    (2): Dropout(p=0.3, inplace=False)
    (3): Linear(in_features=64, out_features=7, bias=True)
  )
  (proj): Linear(in_features=1433, out_features=128, bias=True)
)
Epoch: 1, Loss: 1.9635, Train: 0.1429, Val: 0.1100, Test: 0.1230
Epoch: 2, Loss: 1.9934, Train: 0.1429, Val: 0.1620, Test: 0.1500
Epoch: 3, Loss: 1.9376, Train: 0.1357, Val: 0.2800, Test: 0.2690
Epoch: 4, Loss: 1.9637, Train: 0.1214, Val: 0.0860, Test: 0.0940
Epoch: 5, Loss: 1.9638, Train: 0.1500, Val: 0.0760, Test: 0.0950
Epoch: 6, Loss: 1.9503, Train: 0.1429, Val: 0.1140, Test: 0.1030
Epoch: 7, Loss: 1.9616, Train: 0.1429, Val: 0.1140, Test: 0.1030
Epoch: 8, Loss: 1.9482, Train: 0.1429, Val: 0.1560, Test: 0.1440
Epoch: 9, Loss: 1.9389, Train: 0.1429, Val: 0.1560, Test: 0.1440
Epoch: 10, Loss: 1.9624, Train: 0.1429, Val: 0.1560, Test: 0.1440
Epoch: 11, Loss: 1.9441, Train: 0.1643, Val: 0.1200, Test: 0.1080
Epoch: 12, Loss: 1.9537, Train: 0.1429, Val: 0.0720, Test: 0.0910
Epoch: 13, Loss: 1.9615, Train: 0.1429, Val: 0.0720, Test: 0.0910
Epoch: 14, Loss: 1.9531, Train: 0.2714, Val: 0.1060, Test: 0.1380
Epoch: 15, Loss: 1.9487, Train: 0.1429, Val: 0.0580, Test: 0.0640
Epoch: 16, Loss: 1.9441, Train: 0.1429, Val: 0.0580, Test: 0.0640
Epoch: 17, Loss: 1.9464, Train: 0.1429, Val: 0.0580, Test: 0.0640
Epoch: 18, Loss: 1.9531, Train: 0.1429, Val: 0.3160, Test: 0.3190
Epoch: 19, Loss: 1.9650, Train: 0.1429, Val: 0.3160, Test: 0.3190
Epoch: 20, Loss: 1.9659, Train: 0.1429, Val: 0.3160, Test: 0.3190
Epoch: 21, Loss: 1.9713, Train: 0.1429, Val: 0.3160, Test: 0.3190
Epoch: 22, Loss: 1.9570, Train: 0.1429, Val: 0.3160, Test: 0.3190
Epoch: 23, Loss: 1.9700, Train: 0.1429, Val: 0.1620, Test: 0.1490
Epoch: 24, Loss: 1.9564, Train: 0.1429, Val: 0.1620, Test: 0.1490
Epoch: 25, Loss: 1.9548, Train: 0.1429, Val: 0.1620, Test: 0.1490
Epoch: 26, Loss: 1.9466, Train: 0.1429, Val: 0.1620, Test: 0.1490
Epoch: 27, Loss: 1.9428, Train: 0.1429, Val: 0.1620, Test: 0.1490
Epoch: 28, Loss: 1.9482, Train: 0.1429, Val: 0.1620, Test: 0.1490
Epoch: 29, Loss: 1.9497, Train: 0.1429, Val: 0.1620, Test: 0.1490
Epoch: 30, Loss: 1.9401, Train: 0.2429, Val: 0.1860, Test: 0.1740
Epoch: 31, Loss: 1.9492, Train: 0.1429, Val: 0.0580, Test: 0.0640
Epoch: 32, Loss: 1.9420, Train: 0.1429, Val: 0.0580, Test: 0.0640
Epoch: 33, Loss: 1.9437, Train: 0.1429, Val: 0.1560, Test: 0.1440
Epoch: 34, Loss: 1.9485, Train: 0.1429, Val: 0.1560, Test: 0.1440
Epoch: 35, Loss: 1.9490, Train: 0.1429, Val: 0.1560, Test: 0.1440
Epoch: 36, Loss: 1.9488, Train: 0.1429, Val: 0.1560, Test: 0.1440
Epoch: 37, Loss: 1.9519, Train: 0.1429, Val: 0.1560, Test: 0.1440
Epoch: 38, Loss: 1.9502, Train: 0.1429, Val: 0.1560, Test: 0.1440
Epoch: 39, Loss: 1.9513, Train: 0.1429, Val: 0.1560, Test: 0.1440
Epoch: 40, Loss: 1.9604, Train: 0.1429, Val: 0.1560, Test: 0.1440
Epoch: 41, Loss: 1.9419, Train: 0.1429, Val: 0.1560, Test: 0.1440
Epoch: 42, Loss: 1.9429, Train: 0.1429, Val: 0.1620, Test: 0.1490
Epoch: 43, Loss: 1.9305, Train: 0.1429, Val: 0.1620, Test: 0.1490
Epoch: 44, Loss: 1.9514, Train: 0.1429, Val: 0.1620, Test: 0.1490
Epoch: 45, Loss: 1.9471, Train: 0.1429, Val: 0.1620, Test: 0.1490
Epoch: 46, Loss: 1.9420, Train: 0.1429, Val: 0.1620, Test: 0.1490
Epoch: 47, Loss: 1.9587, Train: 0.1429, Val: 0.1620, Test: 0.1490
Epoch: 48, Loss: 1.9505, Train: 0.1429, Val: 0.1620, Test: 0.1490
Epoch: 49, Loss: 1.9508, Train: 0.1429, Val: 0.1620, Test: 0.1490
Epoch: 50, Loss: 1.9434, Train: 0.1429, Val: 0.1620, Test: 0.1490
MAD:  0.0004
InfoGap:  0.9999973671481257
Best Test Accuracy: 0.3190, Val Accuracy: 0.3160, Train Accuracy: 0.1429
Training completed.
Average Test Accuracy:  0.3517 ± 0.04992404230428461
Average MAD:  0.03135 ± 0.06357754713733457
Average R:  0.9999751498432147 ± 2.629524623089992e-05
