Seed:  0
AntiSymmetricDGN(
  (convs): ModuleList(
    (0): AntiSymmetricConv(128, phi=GCNConv(128, 128), num_iters=3, epsilon=0.1, gamma=0.1)
    (1): AntiSymmetricConv(128, phi=GCNConv(128, 128), num_iters=1, epsilon=0.1, gamma=0.1)
  )
  (hidden): Linear(in_features=1433, out_features=128, bias=True)
  (fc): Linear(in_features=128, out_features=7, bias=True)
)
Epoch: 1, Loss: 1.9483, Train: 0.4214, Val: 0.1900, Test: 0.2140
Epoch: 2, Loss: 1.9248, Train: 0.6714, Val: 0.2560, Test: 0.2760
Epoch: 3, Loss: 1.8987, Train: 0.8214, Val: 0.3240, Test: 0.3380
Epoch: 4, Loss: 1.8733, Train: 0.9143, Val: 0.3820, Test: 0.4040
Epoch: 5, Loss: 1.8516, Train: 0.9286, Val: 0.4260, Test: 0.4480
Epoch: 6, Loss: 1.8252, Train: 0.9786, Val: 0.4740, Test: 0.4720
Epoch: 7, Loss: 1.7987, Train: 0.9857, Val: 0.5080, Test: 0.5050
Epoch: 8, Loss: 1.7677, Train: 0.9929, Val: 0.5280, Test: 0.5310
Epoch: 9, Loss: 1.7411, Train: 1.0000, Val: 0.5420, Test: 0.5550
Epoch: 10, Loss: 1.7078, Train: 1.0000, Val: 0.5680, Test: 0.5700
Epoch: 11, Loss: 1.6686, Train: 1.0000, Val: 0.5840, Test: 0.5760
Epoch: 12, Loss: 1.6300, Train: 1.0000, Val: 0.6000, Test: 0.5890
Epoch: 13, Loss: 1.5987, Train: 1.0000, Val: 0.6140, Test: 0.6020
Epoch: 14, Loss: 1.5545, Train: 1.0000, Val: 0.6200, Test: 0.6070
Epoch: 15, Loss: 1.5006, Train: 0.9929, Val: 0.6300, Test: 0.6090
Epoch: 16, Loss: 1.4465, Train: 0.9929, Val: 0.6300, Test: 0.6110
Epoch: 17, Loss: 1.3970, Train: 0.9929, Val: 0.6280, Test: 0.6180
Epoch: 18, Loss: 1.3533, Train: 0.9929, Val: 0.6240, Test: 0.6250
Epoch: 19, Loss: 1.2991, Train: 0.9929, Val: 0.6320, Test: 0.6290
Epoch: 20, Loss: 1.2297, Train: 0.9929, Val: 0.6340, Test: 0.6330
Epoch: 21, Loss: 1.1700, Train: 0.9929, Val: 0.6380, Test: 0.6360
Epoch: 22, Loss: 1.1279, Train: 0.9929, Val: 0.6440, Test: 0.6430
Epoch: 23, Loss: 1.0585, Train: 0.9929, Val: 0.6500, Test: 0.6500
Epoch: 24, Loss: 0.9903, Train: 0.9929, Val: 0.6520, Test: 0.6540
Epoch: 25, Loss: 0.9399, Train: 0.9929, Val: 0.6520, Test: 0.6560
Epoch: 26, Loss: 0.8738, Train: 0.9929, Val: 0.6560, Test: 0.6630
Epoch: 27, Loss: 0.8330, Train: 0.9929, Val: 0.6580, Test: 0.6730
Epoch: 28, Loss: 0.7746, Train: 0.9929, Val: 0.6600, Test: 0.6740
Epoch: 29, Loss: 0.7037, Train: 0.9929, Val: 0.6620, Test: 0.6750
Epoch: 30, Loss: 0.6722, Train: 0.9929, Val: 0.6640, Test: 0.6800
Epoch: 31, Loss: 0.6118, Train: 0.9929, Val: 0.6680, Test: 0.6820
Epoch: 32, Loss: 0.5734, Train: 0.9929, Val: 0.6680, Test: 0.6870
Epoch: 33, Loss: 0.5181, Train: 0.9929, Val: 0.6700, Test: 0.6900
Epoch: 34, Loss: 0.4751, Train: 1.0000, Val: 0.6680, Test: 0.6880
Epoch: 35, Loss: 0.4479, Train: 1.0000, Val: 0.6740, Test: 0.6910
Epoch: 36, Loss: 0.3965, Train: 1.0000, Val: 0.6740, Test: 0.6920
Epoch: 37, Loss: 0.3757, Train: 1.0000, Val: 0.6720, Test: 0.6940
Epoch: 38, Loss: 0.3440, Train: 1.0000, Val: 0.6720, Test: 0.6990
Epoch: 39, Loss: 0.3071, Train: 1.0000, Val: 0.6800, Test: 0.7000
Epoch: 40, Loss: 0.2878, Train: 1.0000, Val: 0.6800, Test: 0.7000
Epoch: 41, Loss: 0.2570, Train: 1.0000, Val: 0.6880, Test: 0.6980
Epoch: 42, Loss: 0.2352, Train: 1.0000, Val: 0.6860, Test: 0.6970
Epoch: 43, Loss: 0.2188, Train: 1.0000, Val: 0.6880, Test: 0.6970
Epoch: 44, Loss: 0.1990, Train: 1.0000, Val: 0.6860, Test: 0.6980
Epoch: 45, Loss: 0.1813, Train: 1.0000, Val: 0.6860, Test: 0.6980
Epoch: 46, Loss: 0.1636, Train: 1.0000, Val: 0.6880, Test: 0.6970
Epoch: 47, Loss: 0.1624, Train: 1.0000, Val: 0.6900, Test: 0.6970
Epoch: 48, Loss: 0.1368, Train: 1.0000, Val: 0.6900, Test: 0.6990
Epoch: 49, Loss: 0.1298, Train: 1.0000, Val: 0.6880, Test: 0.6990
Epoch: 50, Loss: 0.1138, Train: 1.0000, Val: 0.6880, Test: 0.6980
MAD:  0.8723
InfoGap:  0.9744760245084763
Best Test Accuracy: 0.7000, Val Accuracy: 0.6800, Train Accuracy: 1.0000
Training completed.
Seed:  1
AntiSymmetricDGN(
  (convs): ModuleList(
    (0): AntiSymmetricConv(128, phi=GCNConv(128, 128), num_iters=3, epsilon=0.1, gamma=0.1)
    (1): AntiSymmetricConv(128, phi=GCNConv(128, 128), num_iters=1, epsilon=0.1, gamma=0.1)
  )
  (hidden): Linear(in_features=1433, out_features=128, bias=True)
  (fc): Linear(in_features=128, out_features=7, bias=True)
)
Epoch: 1, Loss: 1.9490, Train: 0.1786, Val: 0.1540, Test: 0.1410
Epoch: 2, Loss: 1.9252, Train: 0.2429, Val: 0.1560, Test: 0.1450
Epoch: 3, Loss: 1.8995, Train: 0.3357, Val: 0.1600, Test: 0.1560
Epoch: 4, Loss: 1.8725, Train: 0.4643, Val: 0.1760, Test: 0.1650
Epoch: 5, Loss: 1.8471, Train: 0.6429, Val: 0.1820, Test: 0.1750
Epoch: 6, Loss: 1.8205, Train: 0.8071, Val: 0.1960, Test: 0.1950
Epoch: 7, Loss: 1.7919, Train: 0.8929, Val: 0.2180, Test: 0.2220
Epoch: 8, Loss: 1.7642, Train: 0.9571, Val: 0.2700, Test: 0.2520
Epoch: 9, Loss: 1.7278, Train: 0.9643, Val: 0.3160, Test: 0.2970
Epoch: 10, Loss: 1.6932, Train: 0.9714, Val: 0.3520, Test: 0.3490
Epoch: 11, Loss: 1.6584, Train: 0.9929, Val: 0.4000, Test: 0.3920
Epoch: 12, Loss: 1.6215, Train: 0.9929, Val: 0.4320, Test: 0.4370
Epoch: 13, Loss: 1.5788, Train: 0.9929, Val: 0.4580, Test: 0.4680
Epoch: 14, Loss: 1.5306, Train: 0.9929, Val: 0.4900, Test: 0.4970
Epoch: 15, Loss: 1.4914, Train: 1.0000, Val: 0.5140, Test: 0.5220
Epoch: 16, Loss: 1.4295, Train: 1.0000, Val: 0.5340, Test: 0.5430
Epoch: 17, Loss: 1.3763, Train: 1.0000, Val: 0.5440, Test: 0.5670
Epoch: 18, Loss: 1.3209, Train: 1.0000, Val: 0.5720, Test: 0.5840
Epoch: 19, Loss: 1.2735, Train: 1.0000, Val: 0.5880, Test: 0.5940
Epoch: 20, Loss: 1.2161, Train: 1.0000, Val: 0.5980, Test: 0.6020
Epoch: 21, Loss: 1.1528, Train: 1.0000, Val: 0.6080, Test: 0.6130
Epoch: 22, Loss: 1.1058, Train: 1.0000, Val: 0.6180, Test: 0.6170
Epoch: 23, Loss: 1.0342, Train: 1.0000, Val: 0.6240, Test: 0.6260
Epoch: 24, Loss: 0.9761, Train: 1.0000, Val: 0.6300, Test: 0.6340
Epoch: 25, Loss: 0.9252, Train: 1.0000, Val: 0.6400, Test: 0.6440
Epoch: 26, Loss: 0.8718, Train: 1.0000, Val: 0.6420, Test: 0.6490
Epoch: 27, Loss: 0.8026, Train: 1.0000, Val: 0.6520, Test: 0.6540
Epoch: 28, Loss: 0.7416, Train: 1.0000, Val: 0.6500, Test: 0.6590
Epoch: 29, Loss: 0.6944, Train: 1.0000, Val: 0.6540, Test: 0.6640
Epoch: 30, Loss: 0.6411, Train: 1.0000, Val: 0.6600, Test: 0.6720
Epoch: 31, Loss: 0.5855, Train: 1.0000, Val: 0.6620, Test: 0.6790
Epoch: 32, Loss: 0.5429, Train: 1.0000, Val: 0.6660, Test: 0.6790
Epoch: 33, Loss: 0.4912, Train: 1.0000, Val: 0.6700, Test: 0.6860
Epoch: 34, Loss: 0.4519, Train: 1.0000, Val: 0.6700, Test: 0.6880
Epoch: 35, Loss: 0.4283, Train: 1.0000, Val: 0.6760, Test: 0.6890
Epoch: 36, Loss: 0.4006, Train: 1.0000, Val: 0.6820, Test: 0.6880
Epoch: 37, Loss: 0.3500, Train: 1.0000, Val: 0.6820, Test: 0.6950
Epoch: 38, Loss: 0.3176, Train: 1.0000, Val: 0.6840, Test: 0.6990
Epoch: 39, Loss: 0.2913, Train: 1.0000, Val: 0.6880, Test: 0.7000
Epoch: 40, Loss: 0.2727, Train: 1.0000, Val: 0.6860, Test: 0.7040
Epoch: 41, Loss: 0.2588, Train: 1.0000, Val: 0.6900, Test: 0.7060
Epoch: 42, Loss: 0.2260, Train: 1.0000, Val: 0.6960, Test: 0.7090
Epoch: 43, Loss: 0.2047, Train: 1.0000, Val: 0.6920, Test: 0.7100
Epoch: 44, Loss: 0.1921, Train: 1.0000, Val: 0.6920, Test: 0.7120
Epoch: 45, Loss: 0.1716, Train: 1.0000, Val: 0.6900, Test: 0.7140
Epoch: 46, Loss: 0.1691, Train: 1.0000, Val: 0.6900, Test: 0.7130
Epoch: 47, Loss: 0.1414, Train: 1.0000, Val: 0.6900, Test: 0.7130
Epoch: 48, Loss: 0.1350, Train: 1.0000, Val: 0.6900, Test: 0.7150
Epoch: 49, Loss: 0.1289, Train: 1.0000, Val: 0.6920, Test: 0.7150
Epoch: 50, Loss: 0.1192, Train: 1.0000, Val: 0.6940, Test: 0.7160
MAD:  0.921
InfoGap:  0.9768712390214205
Best Test Accuracy: 0.7160, Val Accuracy: 0.6940, Train Accuracy: 1.0000
Training completed.
Seed:  2
AntiSymmetricDGN(
  (convs): ModuleList(
    (0): AntiSymmetricConv(128, phi=GCNConv(128, 128), num_iters=3, epsilon=0.1, gamma=0.1)
    (1): AntiSymmetricConv(128, phi=GCNConv(128, 128), num_iters=1, epsilon=0.1, gamma=0.1)
  )
  (hidden): Linear(in_features=1433, out_features=128, bias=True)
  (fc): Linear(in_features=128, out_features=7, bias=True)
)
Epoch: 1, Loss: 1.9509, Train: 0.1643, Val: 0.1580, Test: 0.1440
Epoch: 2, Loss: 1.9250, Train: 0.2500, Val: 0.1620, Test: 0.1480
Epoch: 3, Loss: 1.9015, Train: 0.5500, Val: 0.1760, Test: 0.1580
Epoch: 4, Loss: 1.8771, Train: 0.7786, Val: 0.2060, Test: 0.1880
Epoch: 5, Loss: 1.8550, Train: 0.8571, Val: 0.2540, Test: 0.2280
Epoch: 6, Loss: 1.8336, Train: 0.9357, Val: 0.3240, Test: 0.3050
Epoch: 7, Loss: 1.8052, Train: 0.9714, Val: 0.3780, Test: 0.3880
Epoch: 8, Loss: 1.7771, Train: 0.9857, Val: 0.4540, Test: 0.4390
Epoch: 9, Loss: 1.7473, Train: 0.9929, Val: 0.5120, Test: 0.4920
Epoch: 10, Loss: 1.7198, Train: 0.9929, Val: 0.5460, Test: 0.5430
Epoch: 11, Loss: 1.6816, Train: 1.0000, Val: 0.5800, Test: 0.5630
Epoch: 12, Loss: 1.6461, Train: 1.0000, Val: 0.6080, Test: 0.5790
Epoch: 13, Loss: 1.6108, Train: 1.0000, Val: 0.6060, Test: 0.5930
Epoch: 14, Loss: 1.5595, Train: 1.0000, Val: 0.6140, Test: 0.6040
Epoch: 15, Loss: 1.5180, Train: 1.0000, Val: 0.6240, Test: 0.6070
Epoch: 16, Loss: 1.4681, Train: 1.0000, Val: 0.6280, Test: 0.6130
Epoch: 17, Loss: 1.4050, Train: 1.0000, Val: 0.6360, Test: 0.6110
Epoch: 18, Loss: 1.3611, Train: 1.0000, Val: 0.6360, Test: 0.6160
Epoch: 19, Loss: 1.3048, Train: 1.0000, Val: 0.6360, Test: 0.6210
Epoch: 20, Loss: 1.2443, Train: 1.0000, Val: 0.6420, Test: 0.6240
Epoch: 21, Loss: 1.1828, Train: 1.0000, Val: 0.6460, Test: 0.6300
Epoch: 22, Loss: 1.1214, Train: 1.0000, Val: 0.6480, Test: 0.6390
Epoch: 23, Loss: 1.0692, Train: 1.0000, Val: 0.6520, Test: 0.6470
Epoch: 24, Loss: 1.0229, Train: 1.0000, Val: 0.6540, Test: 0.6540
Epoch: 25, Loss: 0.9535, Train: 1.0000, Val: 0.6560, Test: 0.6620
Epoch: 26, Loss: 0.8958, Train: 1.0000, Val: 0.6600, Test: 0.6670
Epoch: 27, Loss: 0.8370, Train: 1.0000, Val: 0.6640, Test: 0.6700
Epoch: 28, Loss: 0.7806, Train: 1.0000, Val: 0.6700, Test: 0.6720
Epoch: 29, Loss: 0.7290, Train: 1.0000, Val: 0.6740, Test: 0.6760
Epoch: 30, Loss: 0.6659, Train: 1.0000, Val: 0.6740, Test: 0.6780
Epoch: 31, Loss: 0.6140, Train: 1.0000, Val: 0.6740, Test: 0.6800
Epoch: 32, Loss: 0.5560, Train: 1.0000, Val: 0.6780, Test: 0.6810
Epoch: 33, Loss: 0.5297, Train: 1.0000, Val: 0.6780, Test: 0.6880
Epoch: 34, Loss: 0.4743, Train: 1.0000, Val: 0.6820, Test: 0.6900
Epoch: 35, Loss: 0.4340, Train: 1.0000, Val: 0.6860, Test: 0.6910
Epoch: 36, Loss: 0.4012, Train: 1.0000, Val: 0.6860, Test: 0.6920
Epoch: 37, Loss: 0.3652, Train: 1.0000, Val: 0.6880, Test: 0.6960
Epoch: 38, Loss: 0.3391, Train: 1.0000, Val: 0.6980, Test: 0.6940
Epoch: 39, Loss: 0.2990, Train: 1.0000, Val: 0.6980, Test: 0.6960
Epoch: 40, Loss: 0.2826, Train: 1.0000, Val: 0.6980, Test: 0.7000
Epoch: 41, Loss: 0.2583, Train: 1.0000, Val: 0.7000, Test: 0.7010
Epoch: 42, Loss: 0.2413, Train: 1.0000, Val: 0.7020, Test: 0.7030
Epoch: 43, Loss: 0.2106, Train: 1.0000, Val: 0.7040, Test: 0.7030
Epoch: 44, Loss: 0.2020, Train: 1.0000, Val: 0.7060, Test: 0.7040
Epoch: 45, Loss: 0.1828, Train: 1.0000, Val: 0.7080, Test: 0.7050
Epoch: 46, Loss: 0.1656, Train: 1.0000, Val: 0.7100, Test: 0.7040
Epoch: 47, Loss: 0.1533, Train: 1.0000, Val: 0.7120, Test: 0.7040
Epoch: 48, Loss: 0.1470, Train: 1.0000, Val: 0.7120, Test: 0.7050
Epoch: 49, Loss: 0.1343, Train: 1.0000, Val: 0.7100, Test: 0.7070
Epoch: 50, Loss: 0.1173, Train: 1.0000, Val: 0.7080, Test: 0.7070
MAD:  0.8364
InfoGap:  0.9762292243540287
Best Test Accuracy: 0.7070, Val Accuracy: 0.7100, Train Accuracy: 1.0000
Training completed.
Seed:  3
AntiSymmetricDGN(
  (convs): ModuleList(
    (0): AntiSymmetricConv(128, phi=GCNConv(128, 128), num_iters=3, epsilon=0.1, gamma=0.1)
    (1): AntiSymmetricConv(128, phi=GCNConv(128, 128), num_iters=1, epsilon=0.1, gamma=0.1)
  )
  (hidden): Linear(in_features=1433, out_features=128, bias=True)
  (fc): Linear(in_features=128, out_features=7, bias=True)
)
Epoch: 1, Loss: 1.9471, Train: 0.3786, Val: 0.1860, Test: 0.1760
Epoch: 2, Loss: 1.9236, Train: 0.6571, Val: 0.2280, Test: 0.2360
Epoch: 3, Loss: 1.8979, Train: 0.7929, Val: 0.2720, Test: 0.3090
Epoch: 4, Loss: 1.8736, Train: 0.8571, Val: 0.3140, Test: 0.3690
Epoch: 5, Loss: 1.8522, Train: 0.9214, Val: 0.3560, Test: 0.4160
Epoch: 6, Loss: 1.8236, Train: 0.9357, Val: 0.3980, Test: 0.4520
Epoch: 7, Loss: 1.7975, Train: 0.9857, Val: 0.4360, Test: 0.4720
Epoch: 8, Loss: 1.7696, Train: 0.9857, Val: 0.4480, Test: 0.4810
Epoch: 9, Loss: 1.7385, Train: 0.9857, Val: 0.4540, Test: 0.4780
Epoch: 10, Loss: 1.7008, Train: 0.9929, Val: 0.4800, Test: 0.4850
Epoch: 11, Loss: 1.6605, Train: 0.9929, Val: 0.4820, Test: 0.4910
Epoch: 12, Loss: 1.6306, Train: 1.0000, Val: 0.4840, Test: 0.4930
Epoch: 13, Loss: 1.5809, Train: 1.0000, Val: 0.5020, Test: 0.4880
Epoch: 14, Loss: 1.5397, Train: 1.0000, Val: 0.5020, Test: 0.4920
Epoch: 15, Loss: 1.4962, Train: 1.0000, Val: 0.5060, Test: 0.4980
Epoch: 16, Loss: 1.4434, Train: 1.0000, Val: 0.5060, Test: 0.4990
Epoch: 17, Loss: 1.3878, Train: 1.0000, Val: 0.5180, Test: 0.5090
Epoch: 18, Loss: 1.3378, Train: 1.0000, Val: 0.5280, Test: 0.5140
Epoch: 19, Loss: 1.2754, Train: 1.0000, Val: 0.5300, Test: 0.5280
Epoch: 20, Loss: 1.2143, Train: 1.0000, Val: 0.5420, Test: 0.5490
Epoch: 21, Loss: 1.1695, Train: 1.0000, Val: 0.5560, Test: 0.5630
Epoch: 22, Loss: 1.1170, Train: 1.0000, Val: 0.5740, Test: 0.5790
Epoch: 23, Loss: 1.0642, Train: 1.0000, Val: 0.5980, Test: 0.5900
Epoch: 24, Loss: 0.9906, Train: 1.0000, Val: 0.6080, Test: 0.5950
Epoch: 25, Loss: 0.9329, Train: 1.0000, Val: 0.6240, Test: 0.6080
Epoch: 26, Loss: 0.8725, Train: 1.0000, Val: 0.6420, Test: 0.6210
Epoch: 27, Loss: 0.8307, Train: 1.0000, Val: 0.6440, Test: 0.6230
Epoch: 28, Loss: 0.7767, Train: 1.0000, Val: 0.6540, Test: 0.6240
Epoch: 29, Loss: 0.7056, Train: 1.0000, Val: 0.6660, Test: 0.6350
Epoch: 30, Loss: 0.6585, Train: 1.0000, Val: 0.6640, Test: 0.6440
Epoch: 31, Loss: 0.6085, Train: 1.0000, Val: 0.6780, Test: 0.6570
Epoch: 32, Loss: 0.5480, Train: 1.0000, Val: 0.6840, Test: 0.6600
Epoch: 33, Loss: 0.5228, Train: 1.0000, Val: 0.6860, Test: 0.6660
Epoch: 34, Loss: 0.4797, Train: 1.0000, Val: 0.6920, Test: 0.6710
Epoch: 35, Loss: 0.4545, Train: 1.0000, Val: 0.6900, Test: 0.6720
Epoch: 36, Loss: 0.4056, Train: 1.0000, Val: 0.6960, Test: 0.6770
Epoch: 37, Loss: 0.3700, Train: 1.0000, Val: 0.7020, Test: 0.6770
Epoch: 38, Loss: 0.3445, Train: 1.0000, Val: 0.7020, Test: 0.6780
Epoch: 39, Loss: 0.3106, Train: 1.0000, Val: 0.7040, Test: 0.6820
Epoch: 40, Loss: 0.2882, Train: 1.0000, Val: 0.7000, Test: 0.6850
Epoch: 41, Loss: 0.2621, Train: 1.0000, Val: 0.6980, Test: 0.6900
Epoch: 42, Loss: 0.2448, Train: 1.0000, Val: 0.6940, Test: 0.6940
Epoch: 43, Loss: 0.2190, Train: 1.0000, Val: 0.6940, Test: 0.6930
Epoch: 44, Loss: 0.2043, Train: 1.0000, Val: 0.6960, Test: 0.6960
Epoch: 45, Loss: 0.1935, Train: 1.0000, Val: 0.7000, Test: 0.6960
Epoch: 46, Loss: 0.1693, Train: 1.0000, Val: 0.7040, Test: 0.6950
Epoch: 47, Loss: 0.1552, Train: 1.0000, Val: 0.7020, Test: 0.6950
Epoch: 48, Loss: 0.1475, Train: 1.0000, Val: 0.7020, Test: 0.6960
Epoch: 49, Loss: 0.1272, Train: 1.0000, Val: 0.7020, Test: 0.6960
Epoch: 50, Loss: 0.1218, Train: 1.0000, Val: 0.7040, Test: 0.7000
MAD:  0.9195
InfoGap:  0.9773679617792368
Best Test Accuracy: 0.7000, Val Accuracy: 0.7040, Train Accuracy: 1.0000
Training completed.
Seed:  4
AntiSymmetricDGN(
  (convs): ModuleList(
    (0): AntiSymmetricConv(128, phi=GCNConv(128, 128), num_iters=3, epsilon=0.1, gamma=0.1)
    (1): AntiSymmetricConv(128, phi=GCNConv(128, 128), num_iters=1, epsilon=0.1, gamma=0.1)
  )
  (hidden): Linear(in_features=1433, out_features=128, bias=True)
  (fc): Linear(in_features=128, out_features=7, bias=True)
)
Epoch: 1, Loss: 1.9488, Train: 0.1571, Val: 0.0740, Test: 0.0680
Epoch: 2, Loss: 1.9225, Train: 0.2714, Val: 0.0880, Test: 0.0730
Epoch: 3, Loss: 1.9003, Train: 0.5000, Val: 0.0960, Test: 0.0900
Epoch: 4, Loss: 1.8776, Train: 0.6500, Val: 0.1080, Test: 0.1070
Epoch: 5, Loss: 1.8550, Train: 0.7714, Val: 0.1400, Test: 0.1400
Epoch: 6, Loss: 1.8283, Train: 0.8357, Val: 0.1880, Test: 0.1780
Epoch: 7, Loss: 1.8023, Train: 0.8857, Val: 0.2440, Test: 0.2240
Epoch: 8, Loss: 1.7788, Train: 0.9357, Val: 0.2880, Test: 0.2770
Epoch: 9, Loss: 1.7461, Train: 0.9643, Val: 0.3320, Test: 0.3310
Epoch: 10, Loss: 1.7092, Train: 0.9714, Val: 0.3760, Test: 0.3640
Epoch: 11, Loss: 1.6747, Train: 0.9714, Val: 0.4040, Test: 0.4000
Epoch: 12, Loss: 1.6354, Train: 0.9857, Val: 0.4280, Test: 0.4350
Epoch: 13, Loss: 1.5983, Train: 0.9857, Val: 0.4400, Test: 0.4650
Epoch: 14, Loss: 1.5580, Train: 0.9857, Val: 0.4600, Test: 0.4970
Epoch: 15, Loss: 1.5191, Train: 0.9857, Val: 0.4820, Test: 0.5140
Epoch: 16, Loss: 1.4643, Train: 0.9929, Val: 0.5020, Test: 0.5290
Epoch: 17, Loss: 1.4073, Train: 0.9929, Val: 0.5220, Test: 0.5480
Epoch: 18, Loss: 1.3684, Train: 1.0000, Val: 0.5440, Test: 0.5630
Epoch: 19, Loss: 1.3079, Train: 1.0000, Val: 0.5500, Test: 0.5690
Epoch: 20, Loss: 1.2560, Train: 1.0000, Val: 0.5580, Test: 0.5810
Epoch: 21, Loss: 1.1961, Train: 1.0000, Val: 0.5740, Test: 0.5870
Epoch: 22, Loss: 1.1385, Train: 1.0000, Val: 0.5860, Test: 0.5930
Epoch: 23, Loss: 1.0942, Train: 1.0000, Val: 0.5940, Test: 0.6020
Epoch: 24, Loss: 1.0237, Train: 1.0000, Val: 0.5960, Test: 0.6140
Epoch: 25, Loss: 0.9654, Train: 1.0000, Val: 0.6060, Test: 0.6210
Epoch: 26, Loss: 0.9257, Train: 1.0000, Val: 0.6100, Test: 0.6350
Epoch: 27, Loss: 0.8500, Train: 1.0000, Val: 0.6280, Test: 0.6480
Epoch: 28, Loss: 0.8161, Train: 1.0000, Val: 0.6340, Test: 0.6550
Epoch: 29, Loss: 0.7464, Train: 1.0000, Val: 0.6360, Test: 0.6610
Epoch: 30, Loss: 0.6811, Train: 1.0000, Val: 0.6440, Test: 0.6640
Epoch: 31, Loss: 0.6396, Train: 1.0000, Val: 0.6420, Test: 0.6660
Epoch: 32, Loss: 0.6011, Train: 1.0000, Val: 0.6480, Test: 0.6660
Epoch: 33, Loss: 0.5509, Train: 1.0000, Val: 0.6500, Test: 0.6700
Epoch: 34, Loss: 0.5144, Train: 1.0000, Val: 0.6520, Test: 0.6780
Epoch: 35, Loss: 0.4754, Train: 1.0000, Val: 0.6580, Test: 0.6820
Epoch: 36, Loss: 0.4324, Train: 1.0000, Val: 0.6620, Test: 0.6850
Epoch: 37, Loss: 0.4006, Train: 1.0000, Val: 0.6720, Test: 0.6920
Epoch: 38, Loss: 0.3637, Train: 1.0000, Val: 0.6720, Test: 0.6940
Epoch: 39, Loss: 0.3448, Train: 1.0000, Val: 0.6700, Test: 0.7000
Epoch: 40, Loss: 0.3079, Train: 1.0000, Val: 0.6720, Test: 0.7010
Epoch: 41, Loss: 0.2675, Train: 1.0000, Val: 0.6740, Test: 0.7040
Epoch: 42, Loss: 0.2638, Train: 1.0000, Val: 0.6760, Test: 0.7070
Epoch: 43, Loss: 0.2302, Train: 1.0000, Val: 0.6720, Test: 0.7060
Epoch: 44, Loss: 0.2094, Train: 1.0000, Val: 0.6760, Test: 0.7110
Epoch: 45, Loss: 0.1906, Train: 1.0000, Val: 0.6780, Test: 0.7150
Epoch: 46, Loss: 0.1827, Train: 1.0000, Val: 0.6780, Test: 0.7180
Epoch: 47, Loss: 0.1701, Train: 1.0000, Val: 0.6760, Test: 0.7150
Epoch: 48, Loss: 0.1477, Train: 1.0000, Val: 0.6740, Test: 0.7140
Epoch: 49, Loss: 0.1377, Train: 1.0000, Val: 0.6800, Test: 0.7130
Epoch: 50, Loss: 0.1351, Train: 1.0000, Val: 0.6840, Test: 0.7130
MAD:  0.8925
InfoGap:  0.9764386881142855
Best Test Accuracy: 0.7180, Val Accuracy: 0.6780, Train Accuracy: 1.0000
Training completed.
Seed:  5
AntiSymmetricDGN(
  (convs): ModuleList(
    (0): AntiSymmetricConv(128, phi=GCNConv(128, 128), num_iters=3, epsilon=0.1, gamma=0.1)
    (1): AntiSymmetricConv(128, phi=GCNConv(128, 128), num_iters=1, epsilon=0.1, gamma=0.1)
  )
  (hidden): Linear(in_features=1433, out_features=128, bias=True)
  (fc): Linear(in_features=128, out_features=7, bias=True)
)
Epoch: 1, Loss: 1.9474, Train: 0.2643, Val: 0.0920, Test: 0.0860
Epoch: 2, Loss: 1.9204, Train: 0.4214, Val: 0.1140, Test: 0.1170
Epoch: 3, Loss: 1.8955, Train: 0.6071, Val: 0.1420, Test: 0.1450
Epoch: 4, Loss: 1.8715, Train: 0.7500, Val: 0.1860, Test: 0.1740
Epoch: 5, Loss: 1.8423, Train: 0.8714, Val: 0.2140, Test: 0.2100
Epoch: 6, Loss: 1.8188, Train: 0.9286, Val: 0.2580, Test: 0.2420
Epoch: 7, Loss: 1.7959, Train: 0.9429, Val: 0.3000, Test: 0.2810
Epoch: 8, Loss: 1.7575, Train: 0.9643, Val: 0.3340, Test: 0.3250
Epoch: 9, Loss: 1.7272, Train: 0.9857, Val: 0.3680, Test: 0.3760
Epoch: 10, Loss: 1.6928, Train: 0.9929, Val: 0.4020, Test: 0.4010
Epoch: 11, Loss: 1.6578, Train: 0.9929, Val: 0.4340, Test: 0.4270
Epoch: 12, Loss: 1.6160, Train: 1.0000, Val: 0.4540, Test: 0.4610
Epoch: 13, Loss: 1.5708, Train: 1.0000, Val: 0.4840, Test: 0.4750
Epoch: 14, Loss: 1.5310, Train: 1.0000, Val: 0.4960, Test: 0.4880
Epoch: 15, Loss: 1.4754, Train: 1.0000, Val: 0.5040, Test: 0.4990
Epoch: 16, Loss: 1.4339, Train: 1.0000, Val: 0.5100, Test: 0.5100
Epoch: 17, Loss: 1.3906, Train: 1.0000, Val: 0.5140, Test: 0.5170
Epoch: 18, Loss: 1.3297, Train: 1.0000, Val: 0.5220, Test: 0.5280
Epoch: 19, Loss: 1.2644, Train: 1.0000, Val: 0.5380, Test: 0.5320
Epoch: 20, Loss: 1.2041, Train: 1.0000, Val: 0.5560, Test: 0.5440
Epoch: 21, Loss: 1.1504, Train: 1.0000, Val: 0.5640, Test: 0.5550
Epoch: 22, Loss: 1.1103, Train: 1.0000, Val: 0.5840, Test: 0.5740
Epoch: 23, Loss: 1.0287, Train: 1.0000, Val: 0.5960, Test: 0.5890
Epoch: 24, Loss: 0.9817, Train: 1.0000, Val: 0.6120, Test: 0.5990
Epoch: 25, Loss: 0.9327, Train: 1.0000, Val: 0.6200, Test: 0.6050
Epoch: 26, Loss: 0.8663, Train: 1.0000, Val: 0.6320, Test: 0.6240
Epoch: 27, Loss: 0.8033, Train: 1.0000, Val: 0.6380, Test: 0.6330
Epoch: 28, Loss: 0.7510, Train: 1.0000, Val: 0.6440, Test: 0.6380
Epoch: 29, Loss: 0.6917, Train: 1.0000, Val: 0.6420, Test: 0.6470
Epoch: 30, Loss: 0.6500, Train: 1.0000, Val: 0.6420, Test: 0.6510
Epoch: 31, Loss: 0.6006, Train: 1.0000, Val: 0.6420, Test: 0.6550
Epoch: 32, Loss: 0.5608, Train: 1.0000, Val: 0.6500, Test: 0.6580
Epoch: 33, Loss: 0.5017, Train: 1.0000, Val: 0.6500, Test: 0.6640
Epoch: 34, Loss: 0.4696, Train: 1.0000, Val: 0.6520, Test: 0.6700
Epoch: 35, Loss: 0.4338, Train: 1.0000, Val: 0.6600, Test: 0.6760
Epoch: 36, Loss: 0.3974, Train: 1.0000, Val: 0.6700, Test: 0.6790
Epoch: 37, Loss: 0.3539, Train: 1.0000, Val: 0.6780, Test: 0.6840
Epoch: 38, Loss: 0.3271, Train: 1.0000, Val: 0.6740, Test: 0.6870
Epoch: 39, Loss: 0.2968, Train: 1.0000, Val: 0.6760, Test: 0.6920
Epoch: 40, Loss: 0.2712, Train: 1.0000, Val: 0.6800, Test: 0.6930
Epoch: 41, Loss: 0.2434, Train: 1.0000, Val: 0.6800, Test: 0.6950
Epoch: 42, Loss: 0.2257, Train: 1.0000, Val: 0.6820, Test: 0.7000
Epoch: 43, Loss: 0.2043, Train: 1.0000, Val: 0.6820, Test: 0.7020
Epoch: 44, Loss: 0.1860, Train: 1.0000, Val: 0.6880, Test: 0.7020
Epoch: 45, Loss: 0.1789, Train: 1.0000, Val: 0.6900, Test: 0.7040
Epoch: 46, Loss: 0.1643, Train: 1.0000, Val: 0.6920, Test: 0.7050
Epoch: 47, Loss: 0.1481, Train: 1.0000, Val: 0.6920, Test: 0.7050
Epoch: 48, Loss: 0.1387, Train: 1.0000, Val: 0.6960, Test: 0.7070
Epoch: 49, Loss: 0.1218, Train: 1.0000, Val: 0.7020, Test: 0.7090
Epoch: 50, Loss: 0.1182, Train: 1.0000, Val: 0.7040, Test: 0.7100
MAD:  0.9645
InfoGap:  0.9776370394974947
Best Test Accuracy: 0.7100, Val Accuracy: 0.7040, Train Accuracy: 1.0000
Training completed.
Seed:  6
AntiSymmetricDGN(
  (convs): ModuleList(
    (0): AntiSymmetricConv(128, phi=GCNConv(128, 128), num_iters=3, epsilon=0.1, gamma=0.1)
    (1): AntiSymmetricConv(128, phi=GCNConv(128, 128), num_iters=1, epsilon=0.1, gamma=0.1)
  )
  (hidden): Linear(in_features=1433, out_features=128, bias=True)
  (fc): Linear(in_features=128, out_features=7, bias=True)
)
Epoch: 1, Loss: 1.9473, Train: 0.4357, Val: 0.1960, Test: 0.1800
Epoch: 2, Loss: 1.9217, Train: 0.5357, Val: 0.2220, Test: 0.2160
Epoch: 3, Loss: 1.8987, Train: 0.6857, Val: 0.2600, Test: 0.2610
Epoch: 4, Loss: 1.8727, Train: 0.7500, Val: 0.3000, Test: 0.2980
Epoch: 5, Loss: 1.8463, Train: 0.8643, Val: 0.3420, Test: 0.3430
Epoch: 6, Loss: 1.8199, Train: 0.9071, Val: 0.3860, Test: 0.3930
Epoch: 7, Loss: 1.7898, Train: 0.9429, Val: 0.4100, Test: 0.4220
Epoch: 8, Loss: 1.7614, Train: 0.9571, Val: 0.4320, Test: 0.4430
Epoch: 9, Loss: 1.7242, Train: 0.9643, Val: 0.4600, Test: 0.4750
Epoch: 10, Loss: 1.6925, Train: 0.9643, Val: 0.4780, Test: 0.5010
Epoch: 11, Loss: 1.6517, Train: 0.9857, Val: 0.4940, Test: 0.5250
Epoch: 12, Loss: 1.6101, Train: 0.9929, Val: 0.5020, Test: 0.5450
Epoch: 13, Loss: 1.5694, Train: 0.9929, Val: 0.5200, Test: 0.5580
Epoch: 14, Loss: 1.5323, Train: 1.0000, Val: 0.5440, Test: 0.5710
Epoch: 15, Loss: 1.4745, Train: 1.0000, Val: 0.5540, Test: 0.5890
Epoch: 16, Loss: 1.4162, Train: 1.0000, Val: 0.5640, Test: 0.5970
Epoch: 17, Loss: 1.3798, Train: 1.0000, Val: 0.5780, Test: 0.6010
Epoch: 18, Loss: 1.3226, Train: 1.0000, Val: 0.5900, Test: 0.6090
Epoch: 19, Loss: 1.2757, Train: 1.0000, Val: 0.6040, Test: 0.6160
Epoch: 20, Loss: 1.2117, Train: 1.0000, Val: 0.6100, Test: 0.6200
Epoch: 21, Loss: 1.1422, Train: 1.0000, Val: 0.6220, Test: 0.6240
Epoch: 22, Loss: 1.1016, Train: 1.0000, Val: 0.6320, Test: 0.6390
Epoch: 23, Loss: 1.0321, Train: 1.0000, Val: 0.6340, Test: 0.6440
Epoch: 24, Loss: 0.9795, Train: 1.0000, Val: 0.6360, Test: 0.6570
Epoch: 25, Loss: 0.9127, Train: 1.0000, Val: 0.6400, Test: 0.6640
Epoch: 26, Loss: 0.8648, Train: 1.0000, Val: 0.6460, Test: 0.6680
Epoch: 27, Loss: 0.8138, Train: 1.0000, Val: 0.6500, Test: 0.6760
Epoch: 28, Loss: 0.7514, Train: 1.0000, Val: 0.6620, Test: 0.6780
Epoch: 29, Loss: 0.7069, Train: 1.0000, Val: 0.6640, Test: 0.6890
Epoch: 30, Loss: 0.6441, Train: 1.0000, Val: 0.6740, Test: 0.6940
Epoch: 31, Loss: 0.6092, Train: 1.0000, Val: 0.6740, Test: 0.6960
Epoch: 32, Loss: 0.5509, Train: 1.0000, Val: 0.6780, Test: 0.7000
Epoch: 33, Loss: 0.4918, Train: 1.0000, Val: 0.6780, Test: 0.6980
Epoch: 34, Loss: 0.4780, Train: 1.0000, Val: 0.6800, Test: 0.7010
Epoch: 35, Loss: 0.4240, Train: 1.0000, Val: 0.6800, Test: 0.7020
Epoch: 36, Loss: 0.4034, Train: 1.0000, Val: 0.6780, Test: 0.7040
Epoch: 37, Loss: 0.3496, Train: 1.0000, Val: 0.6720, Test: 0.7010
Epoch: 38, Loss: 0.3363, Train: 1.0000, Val: 0.6720, Test: 0.7020
Epoch: 39, Loss: 0.3004, Train: 1.0000, Val: 0.6720, Test: 0.7050
Epoch: 40, Loss: 0.2830, Train: 1.0000, Val: 0.6760, Test: 0.7030
Epoch: 41, Loss: 0.2603, Train: 1.0000, Val: 0.6800, Test: 0.7030
Epoch: 42, Loss: 0.2280, Train: 1.0000, Val: 0.6780, Test: 0.7020
Epoch: 43, Loss: 0.2156, Train: 1.0000, Val: 0.6820, Test: 0.7080
Epoch: 44, Loss: 0.1973, Train: 1.0000, Val: 0.6860, Test: 0.7090
Epoch: 45, Loss: 0.1862, Train: 1.0000, Val: 0.6840, Test: 0.7100
Epoch: 46, Loss: 0.1616, Train: 1.0000, Val: 0.6860, Test: 0.7100
Epoch: 47, Loss: 0.1557, Train: 1.0000, Val: 0.6860, Test: 0.7090
Epoch: 48, Loss: 0.1486, Train: 1.0000, Val: 0.6920, Test: 0.7060
Epoch: 49, Loss: 0.1308, Train: 1.0000, Val: 0.6900, Test: 0.7100
Epoch: 50, Loss: 0.1230, Train: 1.0000, Val: 0.6880, Test: 0.7130
MAD:  0.9518
InfoGap:  0.9771161656826735
Best Test Accuracy: 0.7130, Val Accuracy: 0.6880, Train Accuracy: 1.0000
Training completed.
Seed:  7
AntiSymmetricDGN(
  (convs): ModuleList(
    (0): AntiSymmetricConv(128, phi=GCNConv(128, 128), num_iters=3, epsilon=0.1, gamma=0.1)
    (1): AntiSymmetricConv(128, phi=GCNConv(128, 128), num_iters=1, epsilon=0.1, gamma=0.1)
  )
  (hidden): Linear(in_features=1433, out_features=128, bias=True)
  (fc): Linear(in_features=128, out_features=7, bias=True)
)
Epoch: 1, Loss: 1.9484, Train: 0.2714, Val: 0.1140, Test: 0.1180
Epoch: 2, Loss: 1.9227, Train: 0.3571, Val: 0.1280, Test: 0.1460
Epoch: 3, Loss: 1.8962, Train: 0.5714, Val: 0.1480, Test: 0.1670
Epoch: 4, Loss: 1.8713, Train: 0.7857, Val: 0.1820, Test: 0.1920
Epoch: 5, Loss: 1.8471, Train: 0.8786, Val: 0.2160, Test: 0.2280
Epoch: 6, Loss: 1.8246, Train: 0.9214, Val: 0.2640, Test: 0.2710
Epoch: 7, Loss: 1.7958, Train: 0.9429, Val: 0.3060, Test: 0.3070
Epoch: 8, Loss: 1.7642, Train: 0.9643, Val: 0.3520, Test: 0.3490
Epoch: 9, Loss: 1.7339, Train: 0.9857, Val: 0.3880, Test: 0.3960
Epoch: 10, Loss: 1.6979, Train: 0.9857, Val: 0.4180, Test: 0.4280
Epoch: 11, Loss: 1.6607, Train: 0.9857, Val: 0.4420, Test: 0.4590
Epoch: 12, Loss: 1.6281, Train: 0.9857, Val: 0.4580, Test: 0.4780
Epoch: 13, Loss: 1.5874, Train: 0.9929, Val: 0.4760, Test: 0.4890
Epoch: 14, Loss: 1.5350, Train: 0.9929, Val: 0.4880, Test: 0.5040
Epoch: 15, Loss: 1.4914, Train: 1.0000, Val: 0.4980, Test: 0.5220
Epoch: 16, Loss: 1.4422, Train: 1.0000, Val: 0.5180, Test: 0.5300
Epoch: 17, Loss: 1.3896, Train: 1.0000, Val: 0.5320, Test: 0.5390
Epoch: 18, Loss: 1.3419, Train: 1.0000, Val: 0.5380, Test: 0.5450
Epoch: 19, Loss: 1.2737, Train: 1.0000, Val: 0.5540, Test: 0.5570
Epoch: 20, Loss: 1.2285, Train: 1.0000, Val: 0.5620, Test: 0.5760
Epoch: 21, Loss: 1.1671, Train: 1.0000, Val: 0.5800, Test: 0.5800
Epoch: 22, Loss: 1.1149, Train: 1.0000, Val: 0.5880, Test: 0.5870
Epoch: 23, Loss: 1.0503, Train: 1.0000, Val: 0.5920, Test: 0.5950
Epoch: 24, Loss: 1.0118, Train: 1.0000, Val: 0.6020, Test: 0.6040
Epoch: 25, Loss: 0.9382, Train: 1.0000, Val: 0.6080, Test: 0.6120
Epoch: 26, Loss: 0.8705, Train: 1.0000, Val: 0.6120, Test: 0.6160
Epoch: 27, Loss: 0.8186, Train: 1.0000, Val: 0.6180, Test: 0.6250
Epoch: 28, Loss: 0.7599, Train: 1.0000, Val: 0.6240, Test: 0.6330
Epoch: 29, Loss: 0.7171, Train: 1.0000, Val: 0.6300, Test: 0.6400
Epoch: 30, Loss: 0.6536, Train: 1.0000, Val: 0.6380, Test: 0.6490
Epoch: 31, Loss: 0.6050, Train: 1.0000, Val: 0.6400, Test: 0.6550
Epoch: 32, Loss: 0.5536, Train: 1.0000, Val: 0.6440, Test: 0.6600
Epoch: 33, Loss: 0.5171, Train: 1.0000, Val: 0.6540, Test: 0.6660
Epoch: 34, Loss: 0.4791, Train: 1.0000, Val: 0.6620, Test: 0.6690
Epoch: 35, Loss: 0.4351, Train: 1.0000, Val: 0.6720, Test: 0.6740
Epoch: 36, Loss: 0.4028, Train: 1.0000, Val: 0.6760, Test: 0.6810
Epoch: 37, Loss: 0.3687, Train: 1.0000, Val: 0.6740, Test: 0.6810
Epoch: 38, Loss: 0.3467, Train: 1.0000, Val: 0.6720, Test: 0.6810
Epoch: 39, Loss: 0.3113, Train: 1.0000, Val: 0.6740, Test: 0.6830
Epoch: 40, Loss: 0.2805, Train: 1.0000, Val: 0.6740, Test: 0.6870
Epoch: 41, Loss: 0.2587, Train: 1.0000, Val: 0.6760, Test: 0.6890
Epoch: 42, Loss: 0.2414, Train: 1.0000, Val: 0.6780, Test: 0.6910
Epoch: 43, Loss: 0.2228, Train: 1.0000, Val: 0.6800, Test: 0.6890
Epoch: 44, Loss: 0.1999, Train: 1.0000, Val: 0.6800, Test: 0.6910
Epoch: 45, Loss: 0.1852, Train: 1.0000, Val: 0.6900, Test: 0.6930
Epoch: 46, Loss: 0.1717, Train: 1.0000, Val: 0.6880, Test: 0.6950
Epoch: 47, Loss: 0.1645, Train: 1.0000, Val: 0.6880, Test: 0.6980
Epoch: 48, Loss: 0.1418, Train: 1.0000, Val: 0.6880, Test: 0.6990
Epoch: 49, Loss: 0.1340, Train: 1.0000, Val: 0.6880, Test: 0.7000
Epoch: 50, Loss: 0.1209, Train: 1.0000, Val: 0.6900, Test: 0.7010
MAD:  0.9672
InfoGap:  0.9759865868836641
Best Test Accuracy: 0.7010, Val Accuracy: 0.6900, Train Accuracy: 1.0000
Training completed.
Seed:  8
AntiSymmetricDGN(
  (convs): ModuleList(
    (0): AntiSymmetricConv(128, phi=GCNConv(128, 128), num_iters=3, epsilon=0.1, gamma=0.1)
    (1): AntiSymmetricConv(128, phi=GCNConv(128, 128), num_iters=1, epsilon=0.1, gamma=0.1)
  )
  (hidden): Linear(in_features=1433, out_features=128, bias=True)
  (fc): Linear(in_features=128, out_features=7, bias=True)
)
Epoch: 1, Loss: 1.9443, Train: 0.2571, Val: 0.1820, Test: 0.1720
Epoch: 2, Loss: 1.9189, Train: 0.3429, Val: 0.2140, Test: 0.1960
Epoch: 3, Loss: 1.8921, Train: 0.5357, Val: 0.2520, Test: 0.2410
Epoch: 4, Loss: 1.8658, Train: 0.7714, Val: 0.2920, Test: 0.2920
Epoch: 5, Loss: 1.8437, Train: 0.8786, Val: 0.3440, Test: 0.3500
Epoch: 6, Loss: 1.8176, Train: 0.9429, Val: 0.4340, Test: 0.4180
Epoch: 7, Loss: 1.7861, Train: 0.9643, Val: 0.4800, Test: 0.4840
Epoch: 8, Loss: 1.7601, Train: 0.9714, Val: 0.5420, Test: 0.5210
Epoch: 9, Loss: 1.7252, Train: 0.9857, Val: 0.5660, Test: 0.5580
Epoch: 10, Loss: 1.6881, Train: 0.9857, Val: 0.5880, Test: 0.5790
Epoch: 11, Loss: 1.6506, Train: 0.9929, Val: 0.6020, Test: 0.6080
Epoch: 12, Loss: 1.6123, Train: 0.9929, Val: 0.6060, Test: 0.6060
Epoch: 13, Loss: 1.5675, Train: 1.0000, Val: 0.6160, Test: 0.6120
Epoch: 14, Loss: 1.5230, Train: 1.0000, Val: 0.6160, Test: 0.6150
Epoch: 15, Loss: 1.4729, Train: 1.0000, Val: 0.6140, Test: 0.6140
Epoch: 16, Loss: 1.4169, Train: 1.0000, Val: 0.6100, Test: 0.6190
Epoch: 17, Loss: 1.3680, Train: 1.0000, Val: 0.6160, Test: 0.6270
Epoch: 18, Loss: 1.3120, Train: 1.0000, Val: 0.6240, Test: 0.6260
Epoch: 19, Loss: 1.2667, Train: 1.0000, Val: 0.6340, Test: 0.6330
Epoch: 20, Loss: 1.1971, Train: 1.0000, Val: 0.6340, Test: 0.6400
Epoch: 21, Loss: 1.1449, Train: 1.0000, Val: 0.6300, Test: 0.6420
Epoch: 22, Loss: 1.0892, Train: 1.0000, Val: 0.6320, Test: 0.6470
Epoch: 23, Loss: 1.0338, Train: 1.0000, Val: 0.6360, Test: 0.6530
Epoch: 24, Loss: 0.9708, Train: 1.0000, Val: 0.6380, Test: 0.6600
Epoch: 25, Loss: 0.9102, Train: 1.0000, Val: 0.6420, Test: 0.6640
Epoch: 26, Loss: 0.8616, Train: 1.0000, Val: 0.6480, Test: 0.6620
Epoch: 27, Loss: 0.8044, Train: 1.0000, Val: 0.6500, Test: 0.6620
Epoch: 28, Loss: 0.7431, Train: 1.0000, Val: 0.6560, Test: 0.6660
Epoch: 29, Loss: 0.6997, Train: 1.0000, Val: 0.6580, Test: 0.6670
Epoch: 30, Loss: 0.6331, Train: 1.0000, Val: 0.6640, Test: 0.6690
Epoch: 31, Loss: 0.5941, Train: 1.0000, Val: 0.6680, Test: 0.6710
Epoch: 32, Loss: 0.5468, Train: 1.0000, Val: 0.6700, Test: 0.6760
Epoch: 33, Loss: 0.4855, Train: 1.0000, Val: 0.6720, Test: 0.6780
Epoch: 34, Loss: 0.4634, Train: 1.0000, Val: 0.6740, Test: 0.6800
Epoch: 35, Loss: 0.4127, Train: 1.0000, Val: 0.6760, Test: 0.6790
Epoch: 36, Loss: 0.3758, Train: 1.0000, Val: 0.6740, Test: 0.6800
Epoch: 37, Loss: 0.3497, Train: 1.0000, Val: 0.6780, Test: 0.6860
Epoch: 38, Loss: 0.3115, Train: 1.0000, Val: 0.6840, Test: 0.6860
Epoch: 39, Loss: 0.2923, Train: 1.0000, Val: 0.6880, Test: 0.6900
Epoch: 40, Loss: 0.2684, Train: 1.0000, Val: 0.6920, Test: 0.6880
Epoch: 41, Loss: 0.2415, Train: 1.0000, Val: 0.6920, Test: 0.6880
Epoch: 42, Loss: 0.2253, Train: 1.0000, Val: 0.6860, Test: 0.6920
Epoch: 43, Loss: 0.1966, Train: 1.0000, Val: 0.6880, Test: 0.6920
Epoch: 44, Loss: 0.1916, Train: 1.0000, Val: 0.6880, Test: 0.6910
Epoch: 45, Loss: 0.1758, Train: 1.0000, Val: 0.6900, Test: 0.6910
Epoch: 46, Loss: 0.1649, Train: 1.0000, Val: 0.6920, Test: 0.6910
Epoch: 47, Loss: 0.1487, Train: 1.0000, Val: 0.6920, Test: 0.6910
Epoch: 48, Loss: 0.1398, Train: 1.0000, Val: 0.6920, Test: 0.6940
Epoch: 49, Loss: 0.1219, Train: 1.0000, Val: 0.6920, Test: 0.6930
Epoch: 50, Loss: 0.1127, Train: 1.0000, Val: 0.6920, Test: 0.6910
MAD:  0.9507
InfoGap:  0.9767457414418459
Best Test Accuracy: 0.6940, Val Accuracy: 0.6920, Train Accuracy: 1.0000
Training completed.
Seed:  9
AntiSymmetricDGN(
  (convs): ModuleList(
    (0): AntiSymmetricConv(128, phi=GCNConv(128, 128), num_iters=3, epsilon=0.1, gamma=0.1)
    (1): AntiSymmetricConv(128, phi=GCNConv(128, 128), num_iters=1, epsilon=0.1, gamma=0.1)
  )
  (hidden): Linear(in_features=1433, out_features=128, bias=True)
  (fc): Linear(in_features=128, out_features=7, bias=True)
)
Epoch: 1, Loss: 1.9498, Train: 0.3143, Val: 0.1100, Test: 0.1510
Epoch: 2, Loss: 1.9256, Train: 0.4071, Val: 0.1420, Test: 0.1920
Epoch: 3, Loss: 1.8981, Train: 0.5571, Val: 0.1720, Test: 0.2210
Epoch: 4, Loss: 1.8724, Train: 0.6857, Val: 0.1980, Test: 0.2510
Epoch: 5, Loss: 1.8526, Train: 0.8143, Val: 0.2380, Test: 0.2860
Epoch: 6, Loss: 1.8258, Train: 0.8571, Val: 0.2800, Test: 0.3110
Epoch: 7, Loss: 1.7966, Train: 0.8929, Val: 0.3060, Test: 0.3370
Epoch: 8, Loss: 1.7677, Train: 0.9143, Val: 0.3260, Test: 0.3630
Epoch: 9, Loss: 1.7342, Train: 0.9500, Val: 0.3640, Test: 0.3980
Epoch: 10, Loss: 1.7052, Train: 0.9714, Val: 0.3840, Test: 0.4260
Epoch: 11, Loss: 1.6710, Train: 0.9786, Val: 0.4160, Test: 0.4540
Epoch: 12, Loss: 1.6270, Train: 0.9786, Val: 0.4440, Test: 0.4790
Epoch: 13, Loss: 1.5888, Train: 0.9786, Val: 0.4720, Test: 0.4960
Epoch: 14, Loss: 1.5428, Train: 0.9857, Val: 0.5020, Test: 0.5090
Epoch: 15, Loss: 1.4965, Train: 0.9929, Val: 0.5060, Test: 0.5170
Epoch: 16, Loss: 1.4503, Train: 1.0000, Val: 0.5260, Test: 0.5300
Epoch: 17, Loss: 1.4091, Train: 1.0000, Val: 0.5420, Test: 0.5500
Epoch: 18, Loss: 1.3352, Train: 1.0000, Val: 0.5540, Test: 0.5630
Epoch: 19, Loss: 1.3012, Train: 1.0000, Val: 0.5700, Test: 0.5700
Epoch: 20, Loss: 1.2481, Train: 1.0000, Val: 0.5760, Test: 0.5740
Epoch: 21, Loss: 1.1795, Train: 1.0000, Val: 0.5880, Test: 0.5840
Epoch: 22, Loss: 1.1240, Train: 1.0000, Val: 0.6000, Test: 0.5910
Epoch: 23, Loss: 1.0554, Train: 1.0000, Val: 0.6100, Test: 0.5990
Epoch: 24, Loss: 1.0090, Train: 1.0000, Val: 0.6180, Test: 0.6100
Epoch: 25, Loss: 0.9404, Train: 1.0000, Val: 0.6260, Test: 0.6240
Epoch: 26, Loss: 0.8792, Train: 1.0000, Val: 0.6340, Test: 0.6340
Epoch: 27, Loss: 0.8229, Train: 1.0000, Val: 0.6460, Test: 0.6470
Epoch: 28, Loss: 0.7690, Train: 1.0000, Val: 0.6520, Test: 0.6520
Epoch: 29, Loss: 0.7068, Train: 1.0000, Val: 0.6580, Test: 0.6600
Epoch: 30, Loss: 0.6594, Train: 1.0000, Val: 0.6600, Test: 0.6620
Epoch: 31, Loss: 0.6087, Train: 1.0000, Val: 0.6660, Test: 0.6700
Epoch: 32, Loss: 0.5686, Train: 1.0000, Val: 0.6700, Test: 0.6730
Epoch: 33, Loss: 0.5193, Train: 1.0000, Val: 0.6720, Test: 0.6830
Epoch: 34, Loss: 0.4810, Train: 1.0000, Val: 0.6740, Test: 0.6840
Epoch: 35, Loss: 0.4338, Train: 1.0000, Val: 0.6760, Test: 0.6860
Epoch: 36, Loss: 0.3963, Train: 1.0000, Val: 0.6800, Test: 0.6910
Epoch: 37, Loss: 0.3681, Train: 1.0000, Val: 0.6820, Test: 0.6980
Epoch: 38, Loss: 0.3376, Train: 1.0000, Val: 0.6840, Test: 0.7000
Epoch: 39, Loss: 0.3103, Train: 1.0000, Val: 0.6920, Test: 0.7030
Epoch: 40, Loss: 0.2868, Train: 1.0000, Val: 0.6920, Test: 0.7080
Epoch: 41, Loss: 0.2633, Train: 1.0000, Val: 0.6960, Test: 0.7110
Epoch: 42, Loss: 0.2339, Train: 1.0000, Val: 0.6980, Test: 0.7120
Epoch: 43, Loss: 0.2134, Train: 1.0000, Val: 0.6980, Test: 0.7140
Epoch: 44, Loss: 0.1996, Train: 1.0000, Val: 0.7000, Test: 0.7130
Epoch: 45, Loss: 0.1832, Train: 1.0000, Val: 0.7000, Test: 0.7130
Epoch: 46, Loss: 0.1704, Train: 1.0000, Val: 0.7020, Test: 0.7140
Epoch: 47, Loss: 0.1460, Train: 1.0000, Val: 0.7020, Test: 0.7140
Epoch: 48, Loss: 0.1375, Train: 1.0000, Val: 0.7020, Test: 0.7140
Epoch: 49, Loss: 0.1316, Train: 1.0000, Val: 0.7020, Test: 0.7160
Epoch: 50, Loss: 0.1191, Train: 1.0000, Val: 0.7020, Test: 0.7170
MAD:  0.9549
InfoGap:  0.9773358087986708
Best Test Accuracy: 0.7170, Val Accuracy: 0.7020, Train Accuracy: 1.0000
Training completed.
Average Test Accuracy:  0.7075999999999999 ± 0.008039900496896719
Average MAD:  0.92308 ± 0.041601341324529424
Average R:  0.9766204480081797 ± 0.0008726242846801589
