Seed:  0
AntiSymmetricDGN(
  (convs): ModuleList(
    (0): AntiSymmetricConv(128, phi=GCNConv(128, 128), num_iters=3, epsilon=0.1, gamma=0.1)
    (1): AntiSymmetricConv(64, phi=GCNConv(64, 64), num_iters=1, epsilon=0.1, gamma=0.1)
  )
  (hidden): Linear(in_features=1433, out_features=128, bias=True)
  (hidden2): Linear(in_features=128, out_features=64, bias=True)
  (fc): Linear(in_features=64, out_features=7, bias=True)
)
Epoch: 1, Loss: 1.9486, Train: 0.2429, Val: 0.1720, Test: 0.1650
Epoch: 2, Loss: 1.9440, Train: 0.2714, Val: 0.1780, Test: 0.1730
Epoch: 3, Loss: 1.9354, Train: 0.2857, Val: 0.1980, Test: 0.1790
Epoch: 4, Loss: 1.9310, Train: 0.2857, Val: 0.2060, Test: 0.1830
Epoch: 5, Loss: 1.9219, Train: 0.2857, Val: 0.2080, Test: 0.1930
Epoch: 6, Loss: 1.9145, Train: 0.3071, Val: 0.2120, Test: 0.1970
Epoch: 7, Loss: 1.9050, Train: 0.3214, Val: 0.2180, Test: 0.2030
Epoch: 8, Loss: 1.8951, Train: 0.4143, Val: 0.2180, Test: 0.2040
Epoch: 9, Loss: 1.8846, Train: 0.4571, Val: 0.2220, Test: 0.2030
Epoch: 10, Loss: 1.8692, Train: 0.5143, Val: 0.2360, Test: 0.2100
Epoch: 11, Loss: 1.8565, Train: 0.5429, Val: 0.2380, Test: 0.2180
Epoch: 12, Loss: 1.8359, Train: 0.6071, Val: 0.2540, Test: 0.2350
Epoch: 13, Loss: 1.8149, Train: 0.6643, Val: 0.2660, Test: 0.2630
Epoch: 14, Loss: 1.7985, Train: 0.7000, Val: 0.2740, Test: 0.2840
Epoch: 15, Loss: 1.7706, Train: 0.7214, Val: 0.2780, Test: 0.3010
Epoch: 16, Loss: 1.7461, Train: 0.7500, Val: 0.2840, Test: 0.3100
Epoch: 17, Loss: 1.7131, Train: 0.7643, Val: 0.2940, Test: 0.3180
Epoch: 18, Loss: 1.6803, Train: 0.8000, Val: 0.3160, Test: 0.3350
Epoch: 19, Loss: 1.6369, Train: 0.8214, Val: 0.3400, Test: 0.3460
Epoch: 20, Loss: 1.6084, Train: 0.8214, Val: 0.3460, Test: 0.3600
Epoch: 21, Loss: 1.5575, Train: 0.8571, Val: 0.3700, Test: 0.3800
Epoch: 22, Loss: 1.5352, Train: 0.8857, Val: 0.3940, Test: 0.4060
Epoch: 23, Loss: 1.4563, Train: 0.9000, Val: 0.4300, Test: 0.4370
Epoch: 24, Loss: 1.4020, Train: 0.9214, Val: 0.4620, Test: 0.4600
Epoch: 25, Loss: 1.3475, Train: 0.9571, Val: 0.4940, Test: 0.4810
Epoch: 26, Loss: 1.2827, Train: 0.9571, Val: 0.5200, Test: 0.5230
Epoch: 27, Loss: 1.2290, Train: 0.9714, Val: 0.5380, Test: 0.5560
Epoch: 28, Loss: 1.1839, Train: 0.9714, Val: 0.5660, Test: 0.5730
Epoch: 29, Loss: 1.1202, Train: 0.9714, Val: 0.5880, Test: 0.6040
Epoch: 30, Loss: 1.0305, Train: 0.9786, Val: 0.6060, Test: 0.6270
Epoch: 31, Loss: 0.9570, Train: 0.9857, Val: 0.6240, Test: 0.6390
Epoch: 32, Loss: 0.8823, Train: 0.9929, Val: 0.6360, Test: 0.6460
Epoch: 33, Loss: 0.8280, Train: 0.9929, Val: 0.6420, Test: 0.6540
Epoch: 34, Loss: 0.7559, Train: 0.9929, Val: 0.6500, Test: 0.6560
Epoch: 35, Loss: 0.6965, Train: 0.9929, Val: 0.6520, Test: 0.6660
Epoch: 36, Loss: 0.6568, Train: 0.9929, Val: 0.6520, Test: 0.6750
Epoch: 37, Loss: 0.5771, Train: 0.9929, Val: 0.6680, Test: 0.6770
Epoch: 38, Loss: 0.5276, Train: 0.9929, Val: 0.6700, Test: 0.6810
Epoch: 39, Loss: 0.4500, Train: 0.9929, Val: 0.6820, Test: 0.6820
Epoch: 40, Loss: 0.4354, Train: 1.0000, Val: 0.6820, Test: 0.6840
Epoch: 41, Loss: 0.3583, Train: 1.0000, Val: 0.6800, Test: 0.6830
Epoch: 42, Loss: 0.3181, Train: 1.0000, Val: 0.6740, Test: 0.6800
Epoch: 43, Loss: 0.2816, Train: 1.0000, Val: 0.6720, Test: 0.6810
Epoch: 44, Loss: 0.2493, Train: 1.0000, Val: 0.6700, Test: 0.6810
Epoch: 45, Loss: 0.2237, Train: 1.0000, Val: 0.6780, Test: 0.6840
Epoch: 46, Loss: 0.2214, Train: 1.0000, Val: 0.6840, Test: 0.6910
Epoch: 47, Loss: 0.1682, Train: 1.0000, Val: 0.6840, Test: 0.6910
Epoch: 48, Loss: 0.1482, Train: 1.0000, Val: 0.6820, Test: 0.6930
Epoch: 49, Loss: 0.1421, Train: 1.0000, Val: 0.6820, Test: 0.6930
Epoch: 50, Loss: 0.1195, Train: 1.0000, Val: 0.6780, Test: 0.6920
MAD:  0.9577
InfoGap:  0.9864323725923896
Best Test Accuracy: 0.6930, Val Accuracy: 0.6820, Train Accuracy: 1.0000
Training completed.
Seed:  1
AntiSymmetricDGN(
  (convs): ModuleList(
    (0): AntiSymmetricConv(128, phi=GCNConv(128, 128), num_iters=3, epsilon=0.1, gamma=0.1)
    (1): AntiSymmetricConv(64, phi=GCNConv(64, 64), num_iters=1, epsilon=0.1, gamma=0.1)
  )
  (hidden): Linear(in_features=1433, out_features=128, bias=True)
  (hidden2): Linear(in_features=128, out_features=64, bias=True)
  (fc): Linear(in_features=64, out_features=7, bias=True)
)
Epoch: 1, Loss: 1.9506, Train: 0.1429, Val: 0.3160, Test: 0.3190
Epoch: 2, Loss: 1.9445, Train: 0.1429, Val: 0.3160, Test: 0.3190
Epoch: 3, Loss: 1.9358, Train: 0.1429, Val: 0.3160, Test: 0.3190
Epoch: 4, Loss: 1.9279, Train: 0.1429, Val: 0.3160, Test: 0.3190
Epoch: 5, Loss: 1.9195, Train: 0.2000, Val: 0.3160, Test: 0.3190
Epoch: 6, Loss: 1.9084, Train: 0.2357, Val: 0.3160, Test: 0.3210
Epoch: 7, Loss: 1.9018, Train: 0.3000, Val: 0.3200, Test: 0.3250
Epoch: 8, Loss: 1.8918, Train: 0.3357, Val: 0.3240, Test: 0.3280
Epoch: 9, Loss: 1.8804, Train: 0.4286, Val: 0.3340, Test: 0.3320
Epoch: 10, Loss: 1.8619, Train: 0.5286, Val: 0.3500, Test: 0.3410
Epoch: 11, Loss: 1.8515, Train: 0.7000, Val: 0.3640, Test: 0.3530
Epoch: 12, Loss: 1.8274, Train: 0.8000, Val: 0.3900, Test: 0.3800
Epoch: 13, Loss: 1.8054, Train: 0.8500, Val: 0.4320, Test: 0.4070
Epoch: 14, Loss: 1.7886, Train: 0.8714, Val: 0.4620, Test: 0.4450
Epoch: 15, Loss: 1.7572, Train: 0.9000, Val: 0.4940, Test: 0.4720
Epoch: 16, Loss: 1.7264, Train: 0.9071, Val: 0.5040, Test: 0.5010
Epoch: 17, Loss: 1.6971, Train: 0.9286, Val: 0.5260, Test: 0.5260
Epoch: 18, Loss: 1.6646, Train: 0.9571, Val: 0.5340, Test: 0.5400
Epoch: 19, Loss: 1.6169, Train: 0.9714, Val: 0.5460, Test: 0.5480
Epoch: 20, Loss: 1.5844, Train: 0.9857, Val: 0.5540, Test: 0.5630
Epoch: 21, Loss: 1.5272, Train: 0.9857, Val: 0.5620, Test: 0.5730
Epoch: 22, Loss: 1.4848, Train: 0.9929, Val: 0.5720, Test: 0.5730
Epoch: 23, Loss: 1.4340, Train: 0.9857, Val: 0.5880, Test: 0.5840
Epoch: 24, Loss: 1.3511, Train: 0.9857, Val: 0.6000, Test: 0.5870
Epoch: 25, Loss: 1.3068, Train: 0.9929, Val: 0.6000, Test: 0.5830
Epoch: 26, Loss: 1.2515, Train: 0.9929, Val: 0.6120, Test: 0.5900
Epoch: 27, Loss: 1.1739, Train: 0.9929, Val: 0.6100, Test: 0.6000
Epoch: 28, Loss: 1.1188, Train: 0.9929, Val: 0.6280, Test: 0.6100
Epoch: 29, Loss: 1.0533, Train: 0.9929, Val: 0.6220, Test: 0.6170
Epoch: 30, Loss: 0.9919, Train: 0.9929, Val: 0.6280, Test: 0.6230
Epoch: 31, Loss: 0.9094, Train: 1.0000, Val: 0.6380, Test: 0.6390
Epoch: 32, Loss: 0.8422, Train: 1.0000, Val: 0.6400, Test: 0.6560
Epoch: 33, Loss: 0.7674, Train: 1.0000, Val: 0.6500, Test: 0.6680
Epoch: 34, Loss: 0.7062, Train: 1.0000, Val: 0.6560, Test: 0.6700
Epoch: 35, Loss: 0.6613, Train: 1.0000, Val: 0.6620, Test: 0.6770
Epoch: 36, Loss: 0.5842, Train: 1.0000, Val: 0.6680, Test: 0.6760
Epoch: 37, Loss: 0.5217, Train: 1.0000, Val: 0.6640, Test: 0.6740
Epoch: 38, Loss: 0.4568, Train: 1.0000, Val: 0.6660, Test: 0.6760
Epoch: 39, Loss: 0.4279, Train: 1.0000, Val: 0.6680, Test: 0.6780
Epoch: 40, Loss: 0.3756, Train: 1.0000, Val: 0.6700, Test: 0.6760
Epoch: 41, Loss: 0.3306, Train: 1.0000, Val: 0.6740, Test: 0.6850
Epoch: 42, Loss: 0.2918, Train: 1.0000, Val: 0.6760, Test: 0.6880
Epoch: 43, Loss: 0.2677, Train: 1.0000, Val: 0.6800, Test: 0.6930
Epoch: 44, Loss: 0.2323, Train: 1.0000, Val: 0.6840, Test: 0.6990
Epoch: 45, Loss: 0.1943, Train: 1.0000, Val: 0.6840, Test: 0.7020
Epoch: 46, Loss: 0.1751, Train: 1.0000, Val: 0.6840, Test: 0.7020
Epoch: 47, Loss: 0.1574, Train: 1.0000, Val: 0.6840, Test: 0.7030
Epoch: 48, Loss: 0.1515, Train: 1.0000, Val: 0.6900, Test: 0.7020
Epoch: 49, Loss: 0.1298, Train: 1.0000, Val: 0.6900, Test: 0.7010
Epoch: 50, Loss: 0.1244, Train: 1.0000, Val: 0.6880, Test: 0.7000
MAD:  0.9403
InfoGap:  0.9871491184458137
Best Test Accuracy: 0.7030, Val Accuracy: 0.6840, Train Accuracy: 1.0000
Training completed.
Seed:  2
AntiSymmetricDGN(
  (convs): ModuleList(
    (0): AntiSymmetricConv(128, phi=GCNConv(128, 128), num_iters=3, epsilon=0.1, gamma=0.1)
    (1): AntiSymmetricConv(64, phi=GCNConv(64, 64), num_iters=1, epsilon=0.1, gamma=0.1)
  )
  (hidden): Linear(in_features=1433, out_features=128, bias=True)
  (hidden2): Linear(in_features=128, out_features=64, bias=True)
  (fc): Linear(in_features=64, out_features=7, bias=True)
)
Epoch: 1, Loss: 1.9471, Train: 0.1429, Val: 0.1620, Test: 0.1480
Epoch: 2, Loss: 1.9410, Train: 0.1500, Val: 0.1620, Test: 0.1480
Epoch: 3, Loss: 1.9336, Train: 0.2000, Val: 0.1620, Test: 0.1500
Epoch: 4, Loss: 1.9289, Train: 0.3000, Val: 0.1620, Test: 0.1520
Epoch: 5, Loss: 1.9186, Train: 0.3786, Val: 0.1720, Test: 0.1580
Epoch: 6, Loss: 1.9109, Train: 0.4286, Val: 0.1800, Test: 0.1660
Epoch: 7, Loss: 1.9040, Train: 0.4786, Val: 0.1840, Test: 0.1810
Epoch: 8, Loss: 1.8942, Train: 0.5286, Val: 0.2040, Test: 0.1940
Epoch: 9, Loss: 1.8800, Train: 0.6214, Val: 0.2220, Test: 0.2080
Epoch: 10, Loss: 1.8691, Train: 0.6643, Val: 0.2420, Test: 0.2220
Epoch: 11, Loss: 1.8500, Train: 0.7286, Val: 0.2640, Test: 0.2400
Epoch: 12, Loss: 1.8378, Train: 0.7571, Val: 0.2900, Test: 0.2680
Epoch: 13, Loss: 1.8122, Train: 0.8071, Val: 0.3060, Test: 0.2880
Epoch: 14, Loss: 1.7923, Train: 0.8571, Val: 0.3200, Test: 0.3060
Epoch: 15, Loss: 1.7711, Train: 0.9000, Val: 0.3480, Test: 0.3280
Epoch: 16, Loss: 1.7449, Train: 0.9500, Val: 0.3800, Test: 0.3600
Epoch: 17, Loss: 1.7111, Train: 0.9571, Val: 0.4100, Test: 0.3780
Epoch: 18, Loss: 1.6735, Train: 0.9571, Val: 0.4300, Test: 0.4130
Epoch: 19, Loss: 1.6350, Train: 0.9857, Val: 0.4580, Test: 0.4430
Epoch: 20, Loss: 1.6132, Train: 0.9929, Val: 0.4840, Test: 0.4850
Epoch: 21, Loss: 1.5454, Train: 1.0000, Val: 0.5120, Test: 0.5120
Epoch: 22, Loss: 1.5043, Train: 1.0000, Val: 0.5400, Test: 0.5430
Epoch: 23, Loss: 1.4401, Train: 1.0000, Val: 0.5560, Test: 0.5690
Epoch: 24, Loss: 1.3737, Train: 1.0000, Val: 0.5760, Test: 0.5800
Epoch: 25, Loss: 1.3169, Train: 1.0000, Val: 0.5840, Test: 0.5930
Epoch: 26, Loss: 1.2491, Train: 1.0000, Val: 0.5940, Test: 0.6020
Epoch: 27, Loss: 1.1862, Train: 1.0000, Val: 0.6020, Test: 0.6110
Epoch: 28, Loss: 1.1271, Train: 1.0000, Val: 0.6040, Test: 0.6180
Epoch: 29, Loss: 1.0502, Train: 1.0000, Val: 0.6140, Test: 0.6350
Epoch: 30, Loss: 0.9860, Train: 1.0000, Val: 0.6220, Test: 0.6370
Epoch: 31, Loss: 0.9244, Train: 1.0000, Val: 0.6360, Test: 0.6450
Epoch: 32, Loss: 0.8633, Train: 1.0000, Val: 0.6420, Test: 0.6450
Epoch: 33, Loss: 0.7811, Train: 1.0000, Val: 0.6460, Test: 0.6520
Epoch: 34, Loss: 0.7330, Train: 1.0000, Val: 0.6460, Test: 0.6510
Epoch: 35, Loss: 0.6620, Train: 1.0000, Val: 0.6480, Test: 0.6510
Epoch: 36, Loss: 0.5803, Train: 1.0000, Val: 0.6460, Test: 0.6540
Epoch: 37, Loss: 0.4980, Train: 1.0000, Val: 0.6400, Test: 0.6600
Epoch: 38, Loss: 0.4852, Train: 1.0000, Val: 0.6400, Test: 0.6660
Epoch: 39, Loss: 0.4346, Train: 1.0000, Val: 0.6360, Test: 0.6660
Epoch: 40, Loss: 0.3751, Train: 1.0000, Val: 0.6380, Test: 0.6710
Epoch: 41, Loss: 0.3441, Train: 1.0000, Val: 0.6440, Test: 0.6700
Epoch: 42, Loss: 0.2860, Train: 1.0000, Val: 0.6460, Test: 0.6670
Epoch: 43, Loss: 0.2671, Train: 1.0000, Val: 0.6480, Test: 0.6660
Epoch: 44, Loss: 0.2275, Train: 1.0000, Val: 0.6480, Test: 0.6640
Epoch: 45, Loss: 0.2127, Train: 1.0000, Val: 0.6460, Test: 0.6610
Epoch: 46, Loss: 0.1900, Train: 1.0000, Val: 0.6460, Test: 0.6600
Epoch: 47, Loss: 0.1501, Train: 1.0000, Val: 0.6480, Test: 0.6610
Epoch: 48, Loss: 0.1475, Train: 1.0000, Val: 0.6480, Test: 0.6630
Epoch: 49, Loss: 0.1202, Train: 1.0000, Val: 0.6620, Test: 0.6680
Epoch: 50, Loss: 0.1152, Train: 1.0000, Val: 0.6720, Test: 0.6660
MAD:  0.7947
InfoGap:  0.9891235651448369
Best Test Accuracy: 0.6710, Val Accuracy: 0.6380, Train Accuracy: 1.0000
Training completed.
Seed:  3
AntiSymmetricDGN(
  (convs): ModuleList(
    (0): AntiSymmetricConv(128, phi=GCNConv(128, 128), num_iters=3, epsilon=0.1, gamma=0.1)
    (1): AntiSymmetricConv(64, phi=GCNConv(64, 64), num_iters=1, epsilon=0.1, gamma=0.1)
  )
  (hidden): Linear(in_features=1433, out_features=128, bias=True)
  (hidden2): Linear(in_features=128, out_features=64, bias=True)
  (fc): Linear(in_features=64, out_features=7, bias=True)
)
Epoch: 1, Loss: 1.9473, Train: 0.1500, Val: 0.0780, Test: 0.0910
Epoch: 2, Loss: 1.9398, Train: 0.2071, Val: 0.0840, Test: 0.0980
Epoch: 3, Loss: 1.9301, Train: 0.3000, Val: 0.0920, Test: 0.1190
Epoch: 4, Loss: 1.9215, Train: 0.3714, Val: 0.1220, Test: 0.1530
Epoch: 5, Loss: 1.9167, Train: 0.4500, Val: 0.1500, Test: 0.1890
Epoch: 6, Loss: 1.9060, Train: 0.5143, Val: 0.1880, Test: 0.2280
Epoch: 7, Loss: 1.8943, Train: 0.5643, Val: 0.2400, Test: 0.2590
Epoch: 8, Loss: 1.8829, Train: 0.6857, Val: 0.2680, Test: 0.2990
Epoch: 9, Loss: 1.8720, Train: 0.7643, Val: 0.3060, Test: 0.3360
Epoch: 10, Loss: 1.8519, Train: 0.8643, Val: 0.3580, Test: 0.3660
Epoch: 11, Loss: 1.8375, Train: 0.8929, Val: 0.3940, Test: 0.3970
Epoch: 12, Loss: 1.8198, Train: 0.9214, Val: 0.4040, Test: 0.4120
Epoch: 13, Loss: 1.7911, Train: 0.9429, Val: 0.4240, Test: 0.4330
Epoch: 14, Loss: 1.7724, Train: 0.9571, Val: 0.4440, Test: 0.4590
Epoch: 15, Loss: 1.7411, Train: 0.9643, Val: 0.4600, Test: 0.4580
Epoch: 16, Loss: 1.7160, Train: 0.9857, Val: 0.4720, Test: 0.4700
Epoch: 17, Loss: 1.6796, Train: 0.9929, Val: 0.4780, Test: 0.4850
Epoch: 18, Loss: 1.6477, Train: 0.9857, Val: 0.4900, Test: 0.4870
Epoch: 19, Loss: 1.5954, Train: 0.9857, Val: 0.4960, Test: 0.4920
Epoch: 20, Loss: 1.5524, Train: 0.9857, Val: 0.5020, Test: 0.4970
Epoch: 21, Loss: 1.5264, Train: 0.9857, Val: 0.5060, Test: 0.5050
Epoch: 22, Loss: 1.4631, Train: 0.9929, Val: 0.5160, Test: 0.5050
Epoch: 23, Loss: 1.4131, Train: 0.9929, Val: 0.5200, Test: 0.5050
Epoch: 24, Loss: 1.3301, Train: 0.9929, Val: 0.5320, Test: 0.5210
Epoch: 25, Loss: 1.2994, Train: 0.9929, Val: 0.5420, Test: 0.5270
Epoch: 26, Loss: 1.2210, Train: 0.9929, Val: 0.5480, Test: 0.5380
Epoch: 27, Loss: 1.1665, Train: 0.9929, Val: 0.5700, Test: 0.5590
Epoch: 28, Loss: 1.0814, Train: 0.9929, Val: 0.5800, Test: 0.5710
Epoch: 29, Loss: 1.0085, Train: 0.9929, Val: 0.5900, Test: 0.5770
Epoch: 30, Loss: 0.9359, Train: 0.9929, Val: 0.6000, Test: 0.5890
Epoch: 31, Loss: 0.8869, Train: 0.9929, Val: 0.6160, Test: 0.5960
Epoch: 32, Loss: 0.7985, Train: 0.9929, Val: 0.6240, Test: 0.6090
Epoch: 33, Loss: 0.7615, Train: 0.9929, Val: 0.6280, Test: 0.6150
Epoch: 34, Loss: 0.6662, Train: 1.0000, Val: 0.6360, Test: 0.6200
Epoch: 35, Loss: 0.6205, Train: 1.0000, Val: 0.6420, Test: 0.6240
Epoch: 36, Loss: 0.5701, Train: 1.0000, Val: 0.6480, Test: 0.6320
Epoch: 37, Loss: 0.5211, Train: 1.0000, Val: 0.6520, Test: 0.6320
Epoch: 38, Loss: 0.4881, Train: 1.0000, Val: 0.6720, Test: 0.6340
Epoch: 39, Loss: 0.4088, Train: 1.0000, Val: 0.6820, Test: 0.6390
Epoch: 40, Loss: 0.3839, Train: 1.0000, Val: 0.6920, Test: 0.6480
Epoch: 41, Loss: 0.3297, Train: 1.0000, Val: 0.6980, Test: 0.6570
Epoch: 42, Loss: 0.3025, Train: 1.0000, Val: 0.6960, Test: 0.6570
Epoch: 43, Loss: 0.2498, Train: 1.0000, Val: 0.6900, Test: 0.6560
Epoch: 44, Loss: 0.2303, Train: 1.0000, Val: 0.6860, Test: 0.6580
Epoch: 45, Loss: 0.2317, Train: 1.0000, Val: 0.6840, Test: 0.6600
Epoch: 46, Loss: 0.1799, Train: 1.0000, Val: 0.6780, Test: 0.6640
Epoch: 47, Loss: 0.1571, Train: 1.0000, Val: 0.6760, Test: 0.6650
Epoch: 48, Loss: 0.1567, Train: 1.0000, Val: 0.6760, Test: 0.6650
Epoch: 49, Loss: 0.1290, Train: 1.0000, Val: 0.6880, Test: 0.6630
Epoch: 50, Loss: 0.1217, Train: 1.0000, Val: 0.6920, Test: 0.6630
MAD:  0.8862
InfoGap:  0.9878051932901144
Best Test Accuracy: 0.6650, Val Accuracy: 0.6760, Train Accuracy: 1.0000
Training completed.
Seed:  4
AntiSymmetricDGN(
  (convs): ModuleList(
    (0): AntiSymmetricConv(128, phi=GCNConv(128, 128), num_iters=3, epsilon=0.1, gamma=0.1)
    (1): AntiSymmetricConv(64, phi=GCNConv(64, 64), num_iters=1, epsilon=0.1, gamma=0.1)
  )
  (hidden): Linear(in_features=1433, out_features=128, bias=True)
  (hidden2): Linear(in_features=128, out_features=64, bias=True)
  (fc): Linear(in_features=64, out_features=7, bias=True)
)
Epoch: 1, Loss: 1.9479, Train: 0.2214, Val: 0.1460, Test: 0.1380
Epoch: 2, Loss: 1.9397, Train: 0.2929, Val: 0.1600, Test: 0.1490
Epoch: 3, Loss: 1.9323, Train: 0.3786, Val: 0.1780, Test: 0.1580
Epoch: 4, Loss: 1.9256, Train: 0.4643, Val: 0.1840, Test: 0.1790
Epoch: 5, Loss: 1.9157, Train: 0.5357, Val: 0.2020, Test: 0.2080
Epoch: 6, Loss: 1.9081, Train: 0.5714, Val: 0.2300, Test: 0.2320
Epoch: 7, Loss: 1.8984, Train: 0.6714, Val: 0.2460, Test: 0.2610
Epoch: 8, Loss: 1.8884, Train: 0.7786, Val: 0.2660, Test: 0.2880
Epoch: 9, Loss: 1.8767, Train: 0.8357, Val: 0.3140, Test: 0.3150
Epoch: 10, Loss: 1.8625, Train: 0.9000, Val: 0.3540, Test: 0.3670
Epoch: 11, Loss: 1.8487, Train: 0.9357, Val: 0.3760, Test: 0.3930
Epoch: 12, Loss: 1.8346, Train: 0.9643, Val: 0.4040, Test: 0.4190
Epoch: 13, Loss: 1.8120, Train: 0.9643, Val: 0.4280, Test: 0.4340
Epoch: 14, Loss: 1.7905, Train: 0.9786, Val: 0.4180, Test: 0.4290
Epoch: 15, Loss: 1.7617, Train: 0.9786, Val: 0.4060, Test: 0.4140
Epoch: 16, Loss: 1.7351, Train: 0.9857, Val: 0.4060, Test: 0.4020
Epoch: 17, Loss: 1.7081, Train: 0.9857, Val: 0.3900, Test: 0.3960
Epoch: 18, Loss: 1.6773, Train: 0.9857, Val: 0.3760, Test: 0.3920
Epoch: 19, Loss: 1.6288, Train: 0.9929, Val: 0.3720, Test: 0.3860
Epoch: 20, Loss: 1.5952, Train: 0.9857, Val: 0.3760, Test: 0.3820
Epoch: 21, Loss: 1.5493, Train: 0.9857, Val: 0.3820, Test: 0.3830
Epoch: 22, Loss: 1.4937, Train: 0.9929, Val: 0.3880, Test: 0.3870
Epoch: 23, Loss: 1.4552, Train: 0.9929, Val: 0.3980, Test: 0.4000
Epoch: 24, Loss: 1.3872, Train: 0.9929, Val: 0.4240, Test: 0.4230
Epoch: 25, Loss: 1.3317, Train: 0.9929, Val: 0.4540, Test: 0.4420
Epoch: 26, Loss: 1.2850, Train: 0.9929, Val: 0.4760, Test: 0.4630
Epoch: 27, Loss: 1.2029, Train: 0.9929, Val: 0.4940, Test: 0.4880
Epoch: 28, Loss: 1.1423, Train: 0.9929, Val: 0.5180, Test: 0.5130
Epoch: 29, Loss: 1.0687, Train: 0.9929, Val: 0.5320, Test: 0.5250
Epoch: 30, Loss: 1.0093, Train: 0.9929, Val: 0.5580, Test: 0.5480
Epoch: 31, Loss: 0.9252, Train: 0.9929, Val: 0.5740, Test: 0.5640
Epoch: 32, Loss: 0.8945, Train: 1.0000, Val: 0.5900, Test: 0.5770
Epoch: 33, Loss: 0.7900, Train: 1.0000, Val: 0.6100, Test: 0.5820
Epoch: 34, Loss: 0.7539, Train: 1.0000, Val: 0.6240, Test: 0.5970
Epoch: 35, Loss: 0.6934, Train: 1.0000, Val: 0.6260, Test: 0.6080
Epoch: 36, Loss: 0.6110, Train: 1.0000, Val: 0.6280, Test: 0.6120
Epoch: 37, Loss: 0.5631, Train: 1.0000, Val: 0.6360, Test: 0.6230
Epoch: 38, Loss: 0.4821, Train: 1.0000, Val: 0.6400, Test: 0.6290
Epoch: 39, Loss: 0.4484, Train: 1.0000, Val: 0.6420, Test: 0.6340
Epoch: 40, Loss: 0.3922, Train: 1.0000, Val: 0.6420, Test: 0.6390
Epoch: 41, Loss: 0.3505, Train: 1.0000, Val: 0.6520, Test: 0.6460
Epoch: 42, Loss: 0.3294, Train: 1.0000, Val: 0.6560, Test: 0.6540
Epoch: 43, Loss: 0.2905, Train: 1.0000, Val: 0.6580, Test: 0.6580
Epoch: 44, Loss: 0.2390, Train: 1.0000, Val: 0.6540, Test: 0.6590
Epoch: 45, Loss: 0.2063, Train: 1.0000, Val: 0.6620, Test: 0.6630
Epoch: 46, Loss: 0.1966, Train: 1.0000, Val: 0.6600, Test: 0.6640
Epoch: 47, Loss: 0.1829, Train: 1.0000, Val: 0.6600, Test: 0.6670
Epoch: 48, Loss: 0.1551, Train: 1.0000, Val: 0.6640, Test: 0.6680
Epoch: 49, Loss: 0.1272, Train: 1.0000, Val: 0.6620, Test: 0.6660
Epoch: 50, Loss: 0.1216, Train: 1.0000, Val: 0.6600, Test: 0.6720
MAD:  0.9169
InfoGap:  0.986760594882071
Best Test Accuracy: 0.6720, Val Accuracy: 0.6600, Train Accuracy: 1.0000
Training completed.
Seed:  5
AntiSymmetricDGN(
  (convs): ModuleList(
    (0): AntiSymmetricConv(128, phi=GCNConv(128, 128), num_iters=3, epsilon=0.1, gamma=0.1)
    (1): AntiSymmetricConv(64, phi=GCNConv(64, 64), num_iters=1, epsilon=0.1, gamma=0.1)
  )
  (hidden): Linear(in_features=1433, out_features=128, bias=True)
  (hidden2): Linear(in_features=128, out_features=64, bias=True)
  (fc): Linear(in_features=64, out_features=7, bias=True)
)
Epoch: 1, Loss: 1.9475, Train: 0.1429, Val: 0.1560, Test: 0.1440
Epoch: 2, Loss: 1.9413, Train: 0.1429, Val: 0.1560, Test: 0.1440
Epoch: 3, Loss: 1.9334, Train: 0.1429, Val: 0.1560, Test: 0.1440
Epoch: 4, Loss: 1.9247, Train: 0.1429, Val: 0.1560, Test: 0.1440
Epoch: 5, Loss: 1.9177, Train: 0.1643, Val: 0.1560, Test: 0.1440
Epoch: 6, Loss: 1.9106, Train: 0.2500, Val: 0.1560, Test: 0.1440
Epoch: 7, Loss: 1.9020, Train: 0.3143, Val: 0.1560, Test: 0.1450
Epoch: 8, Loss: 1.8896, Train: 0.5000, Val: 0.1580, Test: 0.1510
Epoch: 9, Loss: 1.8801, Train: 0.7429, Val: 0.1840, Test: 0.1690
Epoch: 10, Loss: 1.8636, Train: 0.8857, Val: 0.2320, Test: 0.2030
Epoch: 11, Loss: 1.8489, Train: 0.9143, Val: 0.2960, Test: 0.2660
Epoch: 12, Loss: 1.8308, Train: 0.9500, Val: 0.3940, Test: 0.3450
Epoch: 13, Loss: 1.8167, Train: 0.9857, Val: 0.4500, Test: 0.4270
Epoch: 14, Loss: 1.7889, Train: 0.9929, Val: 0.4820, Test: 0.4780
Epoch: 15, Loss: 1.7621, Train: 1.0000, Val: 0.5020, Test: 0.5130
Epoch: 16, Loss: 1.7328, Train: 1.0000, Val: 0.5240, Test: 0.5300
Epoch: 17, Loss: 1.7032, Train: 0.9929, Val: 0.5380, Test: 0.5380
Epoch: 18, Loss: 1.6732, Train: 0.9929, Val: 0.5460, Test: 0.5520
Epoch: 19, Loss: 1.6225, Train: 0.9929, Val: 0.5480, Test: 0.5560
Epoch: 20, Loss: 1.5925, Train: 0.9929, Val: 0.5600, Test: 0.5540
Epoch: 21, Loss: 1.5444, Train: 0.9929, Val: 0.5580, Test: 0.5530
Epoch: 22, Loss: 1.4965, Train: 0.9929, Val: 0.5480, Test: 0.5530
Epoch: 23, Loss: 1.4447, Train: 0.9929, Val: 0.5500, Test: 0.5580
Epoch: 24, Loss: 1.3980, Train: 0.9929, Val: 0.5620, Test: 0.5670
Epoch: 25, Loss: 1.3421, Train: 0.9929, Val: 0.5800, Test: 0.5800
Epoch: 26, Loss: 1.2694, Train: 0.9929, Val: 0.5840, Test: 0.5950
Epoch: 27, Loss: 1.2021, Train: 0.9929, Val: 0.6060, Test: 0.6090
Epoch: 28, Loss: 1.1222, Train: 0.9929, Val: 0.6140, Test: 0.6180
Epoch: 29, Loss: 1.0626, Train: 0.9929, Val: 0.6200, Test: 0.6250
Epoch: 30, Loss: 1.0150, Train: 0.9929, Val: 0.6280, Test: 0.6310
Epoch: 31, Loss: 0.9423, Train: 1.0000, Val: 0.6320, Test: 0.6340
Epoch: 32, Loss: 0.8668, Train: 1.0000, Val: 0.6340, Test: 0.6410
Epoch: 33, Loss: 0.7902, Train: 1.0000, Val: 0.6360, Test: 0.6470
Epoch: 34, Loss: 0.7127, Train: 1.0000, Val: 0.6380, Test: 0.6510
Epoch: 35, Loss: 0.6497, Train: 1.0000, Val: 0.6380, Test: 0.6560
Epoch: 36, Loss: 0.5817, Train: 1.0000, Val: 0.6400, Test: 0.6570
Epoch: 37, Loss: 0.5490, Train: 1.0000, Val: 0.6500, Test: 0.6630
Epoch: 38, Loss: 0.4890, Train: 1.0000, Val: 0.6600, Test: 0.6670
Epoch: 39, Loss: 0.4434, Train: 1.0000, Val: 0.6600, Test: 0.6670
Epoch: 40, Loss: 0.3838, Train: 1.0000, Val: 0.6600, Test: 0.6680
Epoch: 41, Loss: 0.3268, Train: 1.0000, Val: 0.6560, Test: 0.6720
Epoch: 42, Loss: 0.2994, Train: 1.0000, Val: 0.6580, Test: 0.6750
Epoch: 43, Loss: 0.2649, Train: 1.0000, Val: 0.6640, Test: 0.6770
Epoch: 44, Loss: 0.2469, Train: 1.0000, Val: 0.6680, Test: 0.6710
Epoch: 45, Loss: 0.2173, Train: 1.0000, Val: 0.6720, Test: 0.6750
Epoch: 46, Loss: 0.1737, Train: 1.0000, Val: 0.6760, Test: 0.6750
Epoch: 47, Loss: 0.1664, Train: 1.0000, Val: 0.6740, Test: 0.6750
Epoch: 48, Loss: 0.1528, Train: 1.0000, Val: 0.6760, Test: 0.6730
Epoch: 49, Loss: 0.1455, Train: 1.0000, Val: 0.6760, Test: 0.6730
Epoch: 50, Loss: 0.1204, Train: 1.0000, Val: 0.6740, Test: 0.6760
MAD:  0.9113
InfoGap:  0.9876314289867878
Best Test Accuracy: 0.6770, Val Accuracy: 0.6640, Train Accuracy: 1.0000
Training completed.
Seed:  6
AntiSymmetricDGN(
  (convs): ModuleList(
    (0): AntiSymmetricConv(128, phi=GCNConv(128, 128), num_iters=3, epsilon=0.1, gamma=0.1)
    (1): AntiSymmetricConv(64, phi=GCNConv(64, 64), num_iters=1, epsilon=0.1, gamma=0.1)
  )
  (hidden): Linear(in_features=1433, out_features=128, bias=True)
  (hidden2): Linear(in_features=128, out_features=64, bias=True)
  (fc): Linear(in_features=64, out_features=7, bias=True)
)
Epoch: 1, Loss: 1.9486, Train: 0.1429, Val: 0.1140, Test: 0.1030
Epoch: 2, Loss: 1.9411, Train: 0.1429, Val: 0.1140, Test: 0.1030
Epoch: 3, Loss: 1.9312, Train: 0.1429, Val: 0.1160, Test: 0.1050
Epoch: 4, Loss: 1.9253, Train: 0.2357, Val: 0.1180, Test: 0.1110
Epoch: 5, Loss: 1.9176, Train: 0.4214, Val: 0.1260, Test: 0.1130
Epoch: 6, Loss: 1.9075, Train: 0.5643, Val: 0.1500, Test: 0.1440
Epoch: 7, Loss: 1.8952, Train: 0.6786, Val: 0.2080, Test: 0.1840
Epoch: 8, Loss: 1.8896, Train: 0.7357, Val: 0.2560, Test: 0.2560
Epoch: 9, Loss: 1.8785, Train: 0.7786, Val: 0.3100, Test: 0.3150
Epoch: 10, Loss: 1.8593, Train: 0.8357, Val: 0.3420, Test: 0.3650
Epoch: 11, Loss: 1.8443, Train: 0.8786, Val: 0.3660, Test: 0.3930
Epoch: 12, Loss: 1.8316, Train: 0.9071, Val: 0.3860, Test: 0.4060
Epoch: 13, Loss: 1.8064, Train: 0.9357, Val: 0.3860, Test: 0.4140
Epoch: 14, Loss: 1.7895, Train: 0.9500, Val: 0.3880, Test: 0.4150
Epoch: 15, Loss: 1.7578, Train: 0.9643, Val: 0.3840, Test: 0.4100
Epoch: 16, Loss: 1.7293, Train: 0.9643, Val: 0.3780, Test: 0.4130
Epoch: 17, Loss: 1.6959, Train: 0.9714, Val: 0.3800, Test: 0.4060
Epoch: 18, Loss: 1.6645, Train: 0.9714, Val: 0.3920, Test: 0.4040
Epoch: 19, Loss: 1.6170, Train: 0.9714, Val: 0.3900, Test: 0.4030
Epoch: 20, Loss: 1.5872, Train: 0.9714, Val: 0.4020, Test: 0.4120
Epoch: 21, Loss: 1.5401, Train: 0.9714, Val: 0.4080, Test: 0.4230
Epoch: 22, Loss: 1.4801, Train: 0.9786, Val: 0.4180, Test: 0.4290
Epoch: 23, Loss: 1.4510, Train: 0.9786, Val: 0.4260, Test: 0.4350
Epoch: 24, Loss: 1.3911, Train: 0.9857, Val: 0.4440, Test: 0.4540
Epoch: 25, Loss: 1.3285, Train: 0.9857, Val: 0.4580, Test: 0.4650
Epoch: 26, Loss: 1.2484, Train: 0.9929, Val: 0.4800, Test: 0.4900
Epoch: 27, Loss: 1.1934, Train: 0.9929, Val: 0.5140, Test: 0.5080
Epoch: 28, Loss: 1.1281, Train: 0.9929, Val: 0.5480, Test: 0.5250
Epoch: 29, Loss: 1.0479, Train: 0.9929, Val: 0.5700, Test: 0.5400
Epoch: 30, Loss: 0.9802, Train: 0.9929, Val: 0.5780, Test: 0.5610
Epoch: 31, Loss: 0.9125, Train: 0.9929, Val: 0.5960, Test: 0.5770
Epoch: 32, Loss: 0.8528, Train: 1.0000, Val: 0.6020, Test: 0.5910
Epoch: 33, Loss: 0.7700, Train: 1.0000, Val: 0.6200, Test: 0.6080
Epoch: 34, Loss: 0.6976, Train: 1.0000, Val: 0.6280, Test: 0.6140
Epoch: 35, Loss: 0.6425, Train: 1.0000, Val: 0.6320, Test: 0.6190
Epoch: 36, Loss: 0.6076, Train: 1.0000, Val: 0.6320, Test: 0.6240
Epoch: 37, Loss: 0.5232, Train: 1.0000, Val: 0.6320, Test: 0.6270
Epoch: 38, Loss: 0.4700, Train: 1.0000, Val: 0.6360, Test: 0.6330
Epoch: 39, Loss: 0.4196, Train: 1.0000, Val: 0.6340, Test: 0.6380
Epoch: 40, Loss: 0.3906, Train: 1.0000, Val: 0.6380, Test: 0.6380
Epoch: 41, Loss: 0.3445, Train: 1.0000, Val: 0.6420, Test: 0.6420
Epoch: 42, Loss: 0.2923, Train: 1.0000, Val: 0.6480, Test: 0.6450
Epoch: 43, Loss: 0.2621, Train: 1.0000, Val: 0.6480, Test: 0.6510
Epoch: 44, Loss: 0.2457, Train: 1.0000, Val: 0.6560, Test: 0.6560
Epoch: 45, Loss: 0.1997, Train: 1.0000, Val: 0.6560, Test: 0.6620
Epoch: 46, Loss: 0.1759, Train: 1.0000, Val: 0.6660, Test: 0.6660
Epoch: 47, Loss: 0.1501, Train: 1.0000, Val: 0.6700, Test: 0.6680
Epoch: 48, Loss: 0.1404, Train: 1.0000, Val: 0.6680, Test: 0.6710
Epoch: 49, Loss: 0.1263, Train: 1.0000, Val: 0.6700, Test: 0.6670
Epoch: 50, Loss: 0.1177, Train: 1.0000, Val: 0.6740, Test: 0.6630
MAD:  0.9561
InfoGap:  0.986111412756145
Best Test Accuracy: 0.6710, Val Accuracy: 0.6680, Train Accuracy: 1.0000
Training completed.
Seed:  7
AntiSymmetricDGN(
  (convs): ModuleList(
    (0): AntiSymmetricConv(128, phi=GCNConv(128, 128), num_iters=3, epsilon=0.1, gamma=0.1)
    (1): AntiSymmetricConv(64, phi=GCNConv(64, 64), num_iters=1, epsilon=0.1, gamma=0.1)
  )
  (hidden): Linear(in_features=1433, out_features=128, bias=True)
  (hidden2): Linear(in_features=128, out_features=64, bias=True)
  (fc): Linear(in_features=64, out_features=7, bias=True)
)
Epoch: 1, Loss: 1.9500, Train: 0.2000, Val: 0.1380, Test: 0.1250
Epoch: 2, Loss: 1.9419, Train: 0.2286, Val: 0.1360, Test: 0.1260
Epoch: 3, Loss: 1.9338, Train: 0.3000, Val: 0.1400, Test: 0.1260
Epoch: 4, Loss: 1.9251, Train: 0.3571, Val: 0.1420, Test: 0.1280
Epoch: 5, Loss: 1.9183, Train: 0.4143, Val: 0.1380, Test: 0.1300
Epoch: 6, Loss: 1.9108, Train: 0.4786, Val: 0.1340, Test: 0.1330
Epoch: 7, Loss: 1.8996, Train: 0.5643, Val: 0.1540, Test: 0.1480
Epoch: 8, Loss: 1.8900, Train: 0.6000, Val: 0.1620, Test: 0.1650
Epoch: 9, Loss: 1.8769, Train: 0.6286, Val: 0.1960, Test: 0.2040
Epoch: 10, Loss: 1.8607, Train: 0.7214, Val: 0.2240, Test: 0.2370
Epoch: 11, Loss: 1.8523, Train: 0.7929, Val: 0.2580, Test: 0.2700
Epoch: 12, Loss: 1.8338, Train: 0.8357, Val: 0.3000, Test: 0.3160
Epoch: 13, Loss: 1.8076, Train: 0.8714, Val: 0.3420, Test: 0.3690
Epoch: 14, Loss: 1.7862, Train: 0.9071, Val: 0.3820, Test: 0.4020
Epoch: 15, Loss: 1.7680, Train: 0.9071, Val: 0.4160, Test: 0.4120
Epoch: 16, Loss: 1.7296, Train: 0.9357, Val: 0.4420, Test: 0.4310
Epoch: 17, Loss: 1.7029, Train: 0.9429, Val: 0.4580, Test: 0.4380
Epoch: 18, Loss: 1.6729, Train: 0.9500, Val: 0.4600, Test: 0.4490
Epoch: 19, Loss: 1.6341, Train: 0.9786, Val: 0.4660, Test: 0.4540
Epoch: 20, Loss: 1.5838, Train: 0.9786, Val: 0.4620, Test: 0.4590
Epoch: 21, Loss: 1.5360, Train: 0.9857, Val: 0.4620, Test: 0.4570
Epoch: 22, Loss: 1.4935, Train: 0.9857, Val: 0.4580, Test: 0.4660
Epoch: 23, Loss: 1.4520, Train: 0.9786, Val: 0.4580, Test: 0.4660
Epoch: 24, Loss: 1.3784, Train: 0.9643, Val: 0.4640, Test: 0.4690
Epoch: 25, Loss: 1.3238, Train: 0.9714, Val: 0.4740, Test: 0.4730
Epoch: 26, Loss: 1.2742, Train: 0.9714, Val: 0.4880, Test: 0.4790
Epoch: 27, Loss: 1.1794, Train: 0.9714, Val: 0.4900, Test: 0.4950
Epoch: 28, Loss: 1.1341, Train: 0.9857, Val: 0.5080, Test: 0.5050
Epoch: 29, Loss: 1.0566, Train: 0.9857, Val: 0.5280, Test: 0.5170
Epoch: 30, Loss: 1.0129, Train: 0.9857, Val: 0.5320, Test: 0.5280
Epoch: 31, Loss: 0.9154, Train: 0.9857, Val: 0.5520, Test: 0.5490
Epoch: 32, Loss: 0.8743, Train: 0.9929, Val: 0.5700, Test: 0.5600
Epoch: 33, Loss: 0.7799, Train: 0.9929, Val: 0.5780, Test: 0.5800
Epoch: 34, Loss: 0.7435, Train: 0.9929, Val: 0.6020, Test: 0.5910
Epoch: 35, Loss: 0.6689, Train: 1.0000, Val: 0.6120, Test: 0.5970
Epoch: 36, Loss: 0.6209, Train: 1.0000, Val: 0.6200, Test: 0.6130
Epoch: 37, Loss: 0.5736, Train: 1.0000, Val: 0.6300, Test: 0.6230
Epoch: 38, Loss: 0.5046, Train: 1.0000, Val: 0.6320, Test: 0.6310
Epoch: 39, Loss: 0.4545, Train: 1.0000, Val: 0.6400, Test: 0.6410
Epoch: 40, Loss: 0.4208, Train: 1.0000, Val: 0.6380, Test: 0.6390
Epoch: 41, Loss: 0.3654, Train: 1.0000, Val: 0.6460, Test: 0.6340
Epoch: 42, Loss: 0.3230, Train: 1.0000, Val: 0.6460, Test: 0.6340
Epoch: 43, Loss: 0.3164, Train: 1.0000, Val: 0.6540, Test: 0.6340
Epoch: 44, Loss: 0.2639, Train: 1.0000, Val: 0.6560, Test: 0.6340
Epoch: 45, Loss: 0.2342, Train: 1.0000, Val: 0.6620, Test: 0.6410
Epoch: 46, Loss: 0.2175, Train: 1.0000, Val: 0.6680, Test: 0.6470
Epoch: 47, Loss: 0.1767, Train: 1.0000, Val: 0.6640, Test: 0.6530
Epoch: 48, Loss: 0.1715, Train: 1.0000, Val: 0.6660, Test: 0.6570
Epoch: 49, Loss: 0.1457, Train: 1.0000, Val: 0.6720, Test: 0.6530
Epoch: 50, Loss: 0.1463, Train: 1.0000, Val: 0.6700, Test: 0.6560
MAD:  0.7934
InfoGap:  0.9860552893951535
Best Test Accuracy: 0.6570, Val Accuracy: 0.6660, Train Accuracy: 1.0000
Training completed.
Seed:  8
AntiSymmetricDGN(
  (convs): ModuleList(
    (0): AntiSymmetricConv(128, phi=GCNConv(128, 128), num_iters=3, epsilon=0.1, gamma=0.1)
    (1): AntiSymmetricConv(64, phi=GCNConv(64, 64), num_iters=1, epsilon=0.1, gamma=0.1)
  )
  (hidden): Linear(in_features=1433, out_features=128, bias=True)
  (hidden2): Linear(in_features=128, out_features=64, bias=True)
  (fc): Linear(in_features=64, out_features=7, bias=True)
)
Epoch: 1, Loss: 1.9478, Train: 0.1429, Val: 0.1620, Test: 0.1490
Epoch: 2, Loss: 1.9389, Train: 0.1429, Val: 0.1620, Test: 0.1490
Epoch: 3, Loss: 1.9307, Train: 0.1571, Val: 0.1620, Test: 0.1490
Epoch: 4, Loss: 1.9264, Train: 0.2071, Val: 0.1660, Test: 0.1490
Epoch: 5, Loss: 1.9168, Train: 0.2857, Val: 0.1740, Test: 0.1530
Epoch: 6, Loss: 1.9081, Train: 0.4429, Val: 0.1820, Test: 0.1590
Epoch: 7, Loss: 1.8984, Train: 0.5429, Val: 0.2060, Test: 0.1840
Epoch: 8, Loss: 1.8871, Train: 0.6714, Val: 0.2340, Test: 0.2190
Epoch: 9, Loss: 1.8745, Train: 0.8357, Val: 0.2720, Test: 0.2560
Epoch: 10, Loss: 1.8620, Train: 0.9286, Val: 0.3400, Test: 0.3060
Epoch: 11, Loss: 1.8466, Train: 0.9571, Val: 0.3680, Test: 0.3410
Epoch: 12, Loss: 1.8305, Train: 0.9714, Val: 0.4000, Test: 0.3600
Epoch: 13, Loss: 1.8070, Train: 0.9786, Val: 0.4220, Test: 0.3840
Epoch: 14, Loss: 1.7828, Train: 0.9786, Val: 0.4280, Test: 0.4020
Epoch: 15, Loss: 1.7619, Train: 0.9786, Val: 0.4320, Test: 0.4110
Epoch: 16, Loss: 1.7308, Train: 0.9786, Val: 0.4220, Test: 0.4290
Epoch: 17, Loss: 1.6983, Train: 0.9857, Val: 0.4240, Test: 0.4300
Epoch: 18, Loss: 1.6707, Train: 0.9929, Val: 0.4180, Test: 0.4260
Epoch: 19, Loss: 1.6405, Train: 0.9929, Val: 0.4120, Test: 0.4280
Epoch: 20, Loss: 1.5846, Train: 0.9929, Val: 0.4060, Test: 0.4280
Epoch: 21, Loss: 1.5435, Train: 1.0000, Val: 0.4020, Test: 0.4300
Epoch: 22, Loss: 1.4939, Train: 1.0000, Val: 0.4000, Test: 0.4320
Epoch: 23, Loss: 1.4469, Train: 1.0000, Val: 0.4020, Test: 0.4380
Epoch: 24, Loss: 1.3936, Train: 1.0000, Val: 0.4080, Test: 0.4480
Epoch: 25, Loss: 1.3251, Train: 1.0000, Val: 0.4160, Test: 0.4520
Epoch: 26, Loss: 1.2746, Train: 1.0000, Val: 0.4340, Test: 0.4650
Epoch: 27, Loss: 1.2207, Train: 1.0000, Val: 0.4420, Test: 0.4780
Epoch: 28, Loss: 1.1554, Train: 1.0000, Val: 0.4700, Test: 0.5010
Epoch: 29, Loss: 1.0841, Train: 1.0000, Val: 0.4880, Test: 0.5190
Epoch: 30, Loss: 1.0122, Train: 1.0000, Val: 0.5300, Test: 0.5290
Epoch: 31, Loss: 0.9412, Train: 1.0000, Val: 0.5520, Test: 0.5490
Epoch: 32, Loss: 0.8848, Train: 1.0000, Val: 0.5680, Test: 0.5660
Epoch: 33, Loss: 0.8030, Train: 1.0000, Val: 0.5760, Test: 0.5740
Epoch: 34, Loss: 0.7343, Train: 1.0000, Val: 0.5880, Test: 0.5870
Epoch: 35, Loss: 0.6683, Train: 1.0000, Val: 0.6040, Test: 0.5980
Epoch: 36, Loss: 0.6156, Train: 1.0000, Val: 0.6100, Test: 0.6120
Epoch: 37, Loss: 0.5625, Train: 1.0000, Val: 0.6220, Test: 0.6250
Epoch: 38, Loss: 0.4969, Train: 1.0000, Val: 0.6260, Test: 0.6320
Epoch: 39, Loss: 0.4325, Train: 1.0000, Val: 0.6300, Test: 0.6360
Epoch: 40, Loss: 0.3874, Train: 1.0000, Val: 0.6340, Test: 0.6470
Epoch: 41, Loss: 0.3620, Train: 1.0000, Val: 0.6440, Test: 0.6540
Epoch: 42, Loss: 0.3068, Train: 1.0000, Val: 0.6480, Test: 0.6610
Epoch: 43, Loss: 0.2740, Train: 1.0000, Val: 0.6500, Test: 0.6610
Epoch: 44, Loss: 0.2490, Train: 1.0000, Val: 0.6520, Test: 0.6660
Epoch: 45, Loss: 0.2175, Train: 1.0000, Val: 0.6520, Test: 0.6690
Epoch: 46, Loss: 0.1801, Train: 1.0000, Val: 0.6540, Test: 0.6710
Epoch: 47, Loss: 0.1614, Train: 1.0000, Val: 0.6560, Test: 0.6710
Epoch: 48, Loss: 0.1530, Train: 1.0000, Val: 0.6560, Test: 0.6690
Epoch: 49, Loss: 0.1257, Train: 1.0000, Val: 0.6560, Test: 0.6670
Epoch: 50, Loss: 0.1238, Train: 1.0000, Val: 0.6580, Test: 0.6670
MAD:  0.8728
InfoGap:  0.9854937568306923
Best Test Accuracy: 0.6710, Val Accuracy: 0.6540, Train Accuracy: 1.0000
Training completed.
Seed:  9
AntiSymmetricDGN(
  (convs): ModuleList(
    (0): AntiSymmetricConv(128, phi=GCNConv(128, 128), num_iters=3, epsilon=0.1, gamma=0.1)
    (1): AntiSymmetricConv(64, phi=GCNConv(64, 64), num_iters=1, epsilon=0.1, gamma=0.1)
  )
  (hidden): Linear(in_features=1433, out_features=128, bias=True)
  (hidden2): Linear(in_features=128, out_features=64, bias=True)
  (fc): Linear(in_features=64, out_features=7, bias=True)
)
Epoch: 1, Loss: 1.9505, Train: 0.1429, Val: 0.1140, Test: 0.1030
Epoch: 2, Loss: 1.9433, Train: 0.1429, Val: 0.1140, Test: 0.1030
Epoch: 3, Loss: 1.9359, Train: 0.1429, Val: 0.1140, Test: 0.1030
Epoch: 4, Loss: 1.9297, Train: 0.1571, Val: 0.1160, Test: 0.1030
Epoch: 5, Loss: 1.9217, Train: 0.2143, Val: 0.1160, Test: 0.1040
Epoch: 6, Loss: 1.9131, Train: 0.2643, Val: 0.1200, Test: 0.1040
Epoch: 7, Loss: 1.9032, Train: 0.3357, Val: 0.1220, Test: 0.1060
Epoch: 8, Loss: 1.8936, Train: 0.4071, Val: 0.1320, Test: 0.1160
Epoch: 9, Loss: 1.8816, Train: 0.4714, Val: 0.1540, Test: 0.1310
Epoch: 10, Loss: 1.8664, Train: 0.6071, Val: 0.1660, Test: 0.1500
Epoch: 11, Loss: 1.8498, Train: 0.7143, Val: 0.1760, Test: 0.1770
Epoch: 12, Loss: 1.8359, Train: 0.7857, Val: 0.1980, Test: 0.2140
Epoch: 13, Loss: 1.8082, Train: 0.8214, Val: 0.2420, Test: 0.2540
Epoch: 14, Loss: 1.7884, Train: 0.8929, Val: 0.2760, Test: 0.3020
Epoch: 15, Loss: 1.7611, Train: 0.9071, Val: 0.3140, Test: 0.3420
Epoch: 16, Loss: 1.7329, Train: 0.9571, Val: 0.3520, Test: 0.3840
Epoch: 17, Loss: 1.7087, Train: 0.9714, Val: 0.3900, Test: 0.4200
Epoch: 18, Loss: 1.6678, Train: 0.9929, Val: 0.4320, Test: 0.4500
Epoch: 19, Loss: 1.6269, Train: 1.0000, Val: 0.4300, Test: 0.4700
Epoch: 20, Loss: 1.5917, Train: 1.0000, Val: 0.4380, Test: 0.4780
Epoch: 21, Loss: 1.5350, Train: 1.0000, Val: 0.4560, Test: 0.4850
Epoch: 22, Loss: 1.4868, Train: 1.0000, Val: 0.4680, Test: 0.4950
Epoch: 23, Loss: 1.4339, Train: 1.0000, Val: 0.4800, Test: 0.5070
Epoch: 24, Loss: 1.3824, Train: 1.0000, Val: 0.4840, Test: 0.5120
Epoch: 25, Loss: 1.3134, Train: 1.0000, Val: 0.5080, Test: 0.5220
Epoch: 26, Loss: 1.2445, Train: 1.0000, Val: 0.5240, Test: 0.5330
Epoch: 27, Loss: 1.1849, Train: 1.0000, Val: 0.5420, Test: 0.5510
Epoch: 28, Loss: 1.1103, Train: 1.0000, Val: 0.5560, Test: 0.5630
Epoch: 29, Loss: 1.0713, Train: 1.0000, Val: 0.5880, Test: 0.5900
Epoch: 30, Loss: 0.9825, Train: 1.0000, Val: 0.6180, Test: 0.6040
Epoch: 31, Loss: 0.8935, Train: 1.0000, Val: 0.6260, Test: 0.6170
Epoch: 32, Loss: 0.8569, Train: 1.0000, Val: 0.6380, Test: 0.6320
Epoch: 33, Loss: 0.7885, Train: 1.0000, Val: 0.6420, Test: 0.6440
Epoch: 34, Loss: 0.6888, Train: 1.0000, Val: 0.6460, Test: 0.6510
Epoch: 35, Loss: 0.6558, Train: 1.0000, Val: 0.6560, Test: 0.6590
Epoch: 36, Loss: 0.6067, Train: 1.0000, Val: 0.6680, Test: 0.6670
Epoch: 37, Loss: 0.5412, Train: 1.0000, Val: 0.6700, Test: 0.6750
Epoch: 38, Loss: 0.4735, Train: 1.0000, Val: 0.6620, Test: 0.6770
Epoch: 39, Loss: 0.4326, Train: 1.0000, Val: 0.6640, Test: 0.6840
Epoch: 40, Loss: 0.3931, Train: 1.0000, Val: 0.6700, Test: 0.6880
Epoch: 41, Loss: 0.3569, Train: 1.0000, Val: 0.6740, Test: 0.6870
Epoch: 42, Loss: 0.2993, Train: 1.0000, Val: 0.6760, Test: 0.6850
Epoch: 43, Loss: 0.2803, Train: 1.0000, Val: 0.6760, Test: 0.6860
Epoch: 44, Loss: 0.2503, Train: 1.0000, Val: 0.6740, Test: 0.6870
Epoch: 45, Loss: 0.2109, Train: 1.0000, Val: 0.6720, Test: 0.6880
Epoch: 46, Loss: 0.1869, Train: 1.0000, Val: 0.6740, Test: 0.6870
Epoch: 47, Loss: 0.1631, Train: 1.0000, Val: 0.6760, Test: 0.6930
Epoch: 48, Loss: 0.1495, Train: 1.0000, Val: 0.6800, Test: 0.6940
Epoch: 49, Loss: 0.1259, Train: 1.0000, Val: 0.6780, Test: 0.6890
Epoch: 50, Loss: 0.1311, Train: 1.0000, Val: 0.6760, Test: 0.6890
MAD:  0.9208
InfoGap:  0.9874700447544456
Best Test Accuracy: 0.6940, Val Accuracy: 0.6800, Train Accuracy: 1.0000
Training completed.
Average Test Accuracy:  0.6774000000000001 ± 0.013770983988081572
Average MAD:  0.89502 ± 0.056639611580589076
Average R:  0.987003277707845 ± 0.001006478427927904
