Seed:  0
GCN(
  (convs): ModuleList(
    (0): GCNConv(1433, 128)
    (1-2): 2 x GCNConv(128, 128)
    (3): GCNConv(128, 7)
  )
  (mlp): Linear(in_features=128, out_features=7, bias=True)
  (residual_fc): None
)
Epoch: 1, Loss: 1.9446, Train: 0.3714, Val: 0.1940, Test: 0.1880
Epoch: 2, Loss: 1.9312, Train: 0.4500, Val: 0.2360, Test: 0.2390
Epoch: 3, Loss: 1.9172, Train: 0.5143, Val: 0.2920, Test: 0.3140
Epoch: 4, Loss: 1.9006, Train: 0.5786, Val: 0.3720, Test: 0.4020
Epoch: 5, Loss: 1.8812, Train: 0.5929, Val: 0.4360, Test: 0.4640
Epoch: 6, Loss: 1.8572, Train: 0.6357, Val: 0.4780, Test: 0.5120
Epoch: 7, Loss: 1.8288, Train: 0.6500, Val: 0.4920, Test: 0.5340
Epoch: 8, Loss: 1.7966, Train: 0.6857, Val: 0.5040, Test: 0.5450
Epoch: 9, Loss: 1.7599, Train: 0.6857, Val: 0.5220, Test: 0.5610
Epoch: 10, Loss: 1.7177, Train: 0.6857, Val: 0.5240, Test: 0.5640
Epoch: 11, Loss: 1.6699, Train: 0.6929, Val: 0.5340, Test: 0.5740
Epoch: 12, Loss: 1.6164, Train: 0.6929, Val: 0.5500, Test: 0.5820
Epoch: 13, Loss: 1.5579, Train: 0.6929, Val: 0.5540, Test: 0.5860
Epoch: 14, Loss: 1.4948, Train: 0.6929, Val: 0.5560, Test: 0.5900
Epoch: 15, Loss: 1.4279, Train: 0.7000, Val: 0.5600, Test: 0.5970
Epoch: 16, Loss: 1.3585, Train: 0.7000, Val: 0.5700, Test: 0.6000
Epoch: 17, Loss: 1.2880, Train: 0.7000, Val: 0.5740, Test: 0.6050
Epoch: 18, Loss: 1.2177, Train: 0.7000, Val: 0.5840, Test: 0.6100
Epoch: 19, Loss: 1.1489, Train: 0.7000, Val: 0.5840, Test: 0.6170
Epoch: 20, Loss: 1.0830, Train: 0.7000, Val: 0.5800, Test: 0.6140
Epoch: 21, Loss: 1.0212, Train: 0.7000, Val: 0.5800, Test: 0.6130
Epoch: 22, Loss: 0.9647, Train: 0.7000, Val: 0.5860, Test: 0.6150
Epoch: 23, Loss: 0.9137, Train: 0.7071, Val: 0.5900, Test: 0.6170
Epoch: 24, Loss: 0.8679, Train: 0.7143, Val: 0.5860, Test: 0.6140
Epoch: 25, Loss: 0.8265, Train: 0.7214, Val: 0.5900, Test: 0.6100
Epoch: 26, Loss: 0.7895, Train: 0.7357, Val: 0.5940, Test: 0.6170
Epoch: 27, Loss: 0.7573, Train: 0.7500, Val: 0.6000, Test: 0.6230
Epoch: 28, Loss: 0.7296, Train: 0.7643, Val: 0.6020, Test: 0.6270
Epoch: 29, Loss: 0.7057, Train: 0.7714, Val: 0.6040, Test: 0.6280
Epoch: 30, Loss: 0.6855, Train: 0.7714, Val: 0.6100, Test: 0.6280
Epoch: 31, Loss: 0.6677, Train: 0.7786, Val: 0.6140, Test: 0.6250
Epoch: 32, Loss: 0.6521, Train: 0.7786, Val: 0.6120, Test: 0.6230
Epoch: 33, Loss: 0.6383, Train: 0.7786, Val: 0.6060, Test: 0.6210
Epoch: 34, Loss: 0.6263, Train: 0.7857, Val: 0.6080, Test: 0.6280
Epoch: 35, Loss: 0.6155, Train: 0.7929, Val: 0.6080, Test: 0.6280
Epoch: 36, Loss: 0.6064, Train: 0.8000, Val: 0.6080, Test: 0.6290
Epoch: 37, Loss: 0.5988, Train: 0.8071, Val: 0.6100, Test: 0.6230
Epoch: 38, Loss: 0.5924, Train: 0.8214, Val: 0.6080, Test: 0.6240
Epoch: 39, Loss: 0.5875, Train: 0.8214, Val: 0.6140, Test: 0.6260
Epoch: 40, Loss: 0.5834, Train: 0.8357, Val: 0.6140, Test: 0.6220
Epoch: 41, Loss: 0.5797, Train: 0.8286, Val: 0.6120, Test: 0.6160
Epoch: 42, Loss: 0.5768, Train: 0.8286, Val: 0.6080, Test: 0.6150
Epoch: 43, Loss: 0.5740, Train: 0.8214, Val: 0.6100, Test: 0.6140
Epoch: 44, Loss: 0.5719, Train: 0.8143, Val: 0.6080, Test: 0.6110
Epoch: 45, Loss: 0.5701, Train: 0.8000, Val: 0.6040, Test: 0.6110
Epoch: 46, Loss: 0.5685, Train: 0.8143, Val: 0.6060, Test: 0.6100
Epoch: 47, Loss: 0.5671, Train: 0.8214, Val: 0.6100, Test: 0.6130
Epoch: 48, Loss: 0.5656, Train: 0.8357, Val: 0.6040, Test: 0.6130
Epoch: 49, Loss: 0.5647, Train: 0.8500, Val: 0.6100, Test: 0.6110
Epoch: 50, Loss: 0.5637, Train: 0.8357, Val: 0.6080, Test: 0.6080
MAD:  0.8104
InfoGap:  0.9976837551221251
Best Test Accuracy: 0.6290, Val Accuracy: 0.6080, Train Accuracy: 0.8000
Training completed.
Seed:  1
GCN(
  (convs): ModuleList(
    (0): GCNConv(1433, 128)
    (1-2): 2 x GCNConv(128, 128)
    (3): GCNConv(128, 7)
  )
  (mlp): Linear(in_features=128, out_features=7, bias=True)
  (residual_fc): None
)
Epoch: 1, Loss: 1.9455, Train: 0.4571, Val: 0.2460, Test: 0.2510
Epoch: 2, Loss: 1.9293, Train: 0.6000, Val: 0.3460, Test: 0.3560
Epoch: 3, Loss: 1.9136, Train: 0.6500, Val: 0.3840, Test: 0.3990
Epoch: 4, Loss: 1.8956, Train: 0.7071, Val: 0.4080, Test: 0.4250
Epoch: 5, Loss: 1.8747, Train: 0.7143, Val: 0.4320, Test: 0.4490
Epoch: 6, Loss: 1.8502, Train: 0.7143, Val: 0.4580, Test: 0.4730
Epoch: 7, Loss: 1.8209, Train: 0.7286, Val: 0.5100, Test: 0.5110
Epoch: 8, Loss: 1.7860, Train: 0.7571, Val: 0.5380, Test: 0.5510
Epoch: 9, Loss: 1.7452, Train: 0.7571, Val: 0.5740, Test: 0.5970
Epoch: 10, Loss: 1.6982, Train: 0.7786, Val: 0.5960, Test: 0.6160
Epoch: 11, Loss: 1.6445, Train: 0.8000, Val: 0.6120, Test: 0.6330
Epoch: 12, Loss: 1.5840, Train: 0.8000, Val: 0.6280, Test: 0.6430
Epoch: 13, Loss: 1.5169, Train: 0.8000, Val: 0.6400, Test: 0.6480
Epoch: 14, Loss: 1.4434, Train: 0.8000, Val: 0.6440, Test: 0.6530
Epoch: 15, Loss: 1.3640, Train: 0.8000, Val: 0.6460, Test: 0.6560
Epoch: 16, Loss: 1.2800, Train: 0.8071, Val: 0.6440, Test: 0.6570
Epoch: 17, Loss: 1.1929, Train: 0.8071, Val: 0.6500, Test: 0.6650
Epoch: 18, Loss: 1.1049, Train: 0.8071, Val: 0.6540, Test: 0.6750
Epoch: 19, Loss: 1.0182, Train: 0.8071, Val: 0.6580, Test: 0.6840
Epoch: 20, Loss: 0.9345, Train: 0.8071, Val: 0.6640, Test: 0.6880
Epoch: 21, Loss: 0.8554, Train: 0.8143, Val: 0.6700, Test: 0.6950
Epoch: 22, Loss: 0.7824, Train: 0.8214, Val: 0.6680, Test: 0.6970
Epoch: 23, Loss: 0.7165, Train: 0.8286, Val: 0.6740, Test: 0.7000
Epoch: 24, Loss: 0.6578, Train: 0.8357, Val: 0.6740, Test: 0.7000
Epoch: 25, Loss: 0.6062, Train: 0.8500, Val: 0.6760, Test: 0.7000
Epoch: 26, Loss: 0.5607, Train: 0.8500, Val: 0.6740, Test: 0.7010
Epoch: 27, Loss: 0.5208, Train: 0.8500, Val: 0.6720, Test: 0.7000
Epoch: 28, Loss: 0.4864, Train: 0.8714, Val: 0.6700, Test: 0.6970
Epoch: 29, Loss: 0.4565, Train: 0.9143, Val: 0.6740, Test: 0.7070
Epoch: 30, Loss: 0.4271, Train: 0.9429, Val: 0.6860, Test: 0.7220
Epoch: 31, Loss: 0.3780, Train: 0.9500, Val: 0.7100, Test: 0.7460
Epoch: 32, Loss: 0.3120, Train: 0.9714, Val: 0.7460, Test: 0.7650
Epoch: 33, Loss: 0.2444, Train: 0.9786, Val: 0.7600, Test: 0.7770
Epoch: 34, Loss: 0.1941, Train: 0.9929, Val: 0.7500, Test: 0.7600
Epoch: 35, Loss: 0.1674, Train: 0.9929, Val: 0.7300, Test: 0.7290
Epoch: 36, Loss: 0.1507, Train: 0.9857, Val: 0.7340, Test: 0.7400
Epoch: 37, Loss: 0.1312, Train: 0.9857, Val: 0.7480, Test: 0.7550
Epoch: 38, Loss: 0.1141, Train: 0.9857, Val: 0.7500, Test: 0.7650
Epoch: 39, Loss: 0.0998, Train: 0.9786, Val: 0.7620, Test: 0.7790
Epoch: 40, Loss: 0.0858, Train: 0.9857, Val: 0.7740, Test: 0.7870
Epoch: 41, Loss: 0.0738, Train: 0.9786, Val: 0.7760, Test: 0.7900
Epoch: 42, Loss: 0.0670, Train: 0.9857, Val: 0.7740, Test: 0.7880
Epoch: 43, Loss: 0.0616, Train: 0.9929, Val: 0.7580, Test: 0.7820
Epoch: 44, Loss: 0.0511, Train: 1.0000, Val: 0.7560, Test: 0.7700
Epoch: 45, Loss: 0.0438, Train: 1.0000, Val: 0.7480, Test: 0.7660
Epoch: 46, Loss: 0.0408, Train: 1.0000, Val: 0.7440, Test: 0.7620
Epoch: 47, Loss: 0.0383, Train: 1.0000, Val: 0.7460, Test: 0.7610
Epoch: 48, Loss: 0.0348, Train: 1.0000, Val: 0.7440, Test: 0.7640
Epoch: 49, Loss: 0.0308, Train: 1.0000, Val: 0.7480, Test: 0.7660
Epoch: 50, Loss: 0.0274, Train: 1.0000, Val: 0.7540, Test: 0.7670
MAD:  0.417
InfoGap:  0.9983555930666625
Best Test Accuracy: 0.7900, Val Accuracy: 0.7760, Train Accuracy: 0.9786
Training completed.
Seed:  2
GCN(
  (convs): ModuleList(
    (0): GCNConv(1433, 128)
    (1-2): 2 x GCNConv(128, 128)
    (3): GCNConv(128, 7)
  )
  (mlp): Linear(in_features=128, out_features=7, bias=True)
  (residual_fc): None
)
Epoch: 1, Loss: 1.9445, Train: 0.4429, Val: 0.4040, Test: 0.4380
Epoch: 2, Loss: 1.9278, Train: 0.5643, Val: 0.4800, Test: 0.5170
Epoch: 3, Loss: 1.9109, Train: 0.6071, Val: 0.4980, Test: 0.5400
Epoch: 4, Loss: 1.8925, Train: 0.6357, Val: 0.5160, Test: 0.5630
Epoch: 5, Loss: 1.8718, Train: 0.6429, Val: 0.5220, Test: 0.5750
Epoch: 6, Loss: 1.8475, Train: 0.6429, Val: 0.5320, Test: 0.5890
Epoch: 7, Loss: 1.8193, Train: 0.6500, Val: 0.5520, Test: 0.6000
Epoch: 8, Loss: 1.7866, Train: 0.6500, Val: 0.5640, Test: 0.6060
Epoch: 9, Loss: 1.7490, Train: 0.6571, Val: 0.5720, Test: 0.6110
Epoch: 10, Loss: 1.7063, Train: 0.6714, Val: 0.5800, Test: 0.6170
Epoch: 11, Loss: 1.6579, Train: 0.6714, Val: 0.5860, Test: 0.6180
Epoch: 12, Loss: 1.6039, Train: 0.6714, Val: 0.5960, Test: 0.6150
Epoch: 13, Loss: 1.5446, Train: 0.6786, Val: 0.5960, Test: 0.6190
Epoch: 14, Loss: 1.4800, Train: 0.6786, Val: 0.5980, Test: 0.6200
Epoch: 15, Loss: 1.4111, Train: 0.6786, Val: 0.6020, Test: 0.6250
Epoch: 16, Loss: 1.3395, Train: 0.6786, Val: 0.6040, Test: 0.6250
Epoch: 17, Loss: 1.2665, Train: 0.6786, Val: 0.6080, Test: 0.6240
Epoch: 18, Loss: 1.1938, Train: 0.6786, Val: 0.6060, Test: 0.6240
Epoch: 19, Loss: 1.1231, Train: 0.6786, Val: 0.6040, Test: 0.6220
Epoch: 20, Loss: 1.0556, Train: 0.6786, Val: 0.6040, Test: 0.6200
Epoch: 21, Loss: 0.9925, Train: 0.6786, Val: 0.6020, Test: 0.6210
Epoch: 22, Loss: 0.9343, Train: 0.6857, Val: 0.6000, Test: 0.6220
Epoch: 23, Loss: 0.8822, Train: 0.6857, Val: 0.6000, Test: 0.6230
Epoch: 24, Loss: 0.8362, Train: 0.6857, Val: 0.5960, Test: 0.6210
Epoch: 25, Loss: 0.7957, Train: 0.6857, Val: 0.6000, Test: 0.6190
Epoch: 26, Loss: 0.7606, Train: 0.6929, Val: 0.6020, Test: 0.6210
Epoch: 27, Loss: 0.7303, Train: 0.6929, Val: 0.6020, Test: 0.6210
Epoch: 28, Loss: 0.7040, Train: 0.6929, Val: 0.5980, Test: 0.6180
Epoch: 29, Loss: 0.6812, Train: 0.6929, Val: 0.6000, Test: 0.6210
Epoch: 30, Loss: 0.6617, Train: 0.7000, Val: 0.6020, Test: 0.6190
Epoch: 31, Loss: 0.6450, Train: 0.7071, Val: 0.5960, Test: 0.6200
Epoch: 32, Loss: 0.6311, Train: 0.7071, Val: 0.5940, Test: 0.6200
Epoch: 33, Loss: 0.6195, Train: 0.7071, Val: 0.5960, Test: 0.6180
Epoch: 34, Loss: 0.6098, Train: 0.7143, Val: 0.5920, Test: 0.6130
Epoch: 35, Loss: 0.6019, Train: 0.7143, Val: 0.5900, Test: 0.6090
Epoch: 36, Loss: 0.5951, Train: 0.7143, Val: 0.5920, Test: 0.6060
Epoch: 37, Loss: 0.5892, Train: 0.7143, Val: 0.5840, Test: 0.5990
Epoch: 38, Loss: 0.5841, Train: 0.7143, Val: 0.5800, Test: 0.5980
Epoch: 39, Loss: 0.5800, Train: 0.7143, Val: 0.5820, Test: 0.5940
Epoch: 40, Loss: 0.5767, Train: 0.7143, Val: 0.5820, Test: 0.5950
Epoch: 41, Loss: 0.5740, Train: 0.7143, Val: 0.5800, Test: 0.5920
Epoch: 42, Loss: 0.5718, Train: 0.7143, Val: 0.5780, Test: 0.5910
Epoch: 43, Loss: 0.5701, Train: 0.7143, Val: 0.5780, Test: 0.5910
Epoch: 44, Loss: 0.5686, Train: 0.7143, Val: 0.5780, Test: 0.5910
Epoch: 45, Loss: 0.5673, Train: 0.7143, Val: 0.5780, Test: 0.5900
Epoch: 46, Loss: 0.5661, Train: 0.7143, Val: 0.5780, Test: 0.5890
Epoch: 47, Loss: 0.5651, Train: 0.7143, Val: 0.5780, Test: 0.5890
Epoch: 48, Loss: 0.5642, Train: 0.7143, Val: 0.5780, Test: 0.5890
Epoch: 49, Loss: 0.5633, Train: 0.7143, Val: 0.5760, Test: 0.5890
Epoch: 50, Loss: 0.5626, Train: 0.7143, Val: 0.5760, Test: 0.5890
MAD:  0.4226
InfoGap:  0.9976023267954588
Best Test Accuracy: 0.6250, Val Accuracy: 0.6020, Train Accuracy: 0.6786
Training completed.
Seed:  3
GCN(
  (convs): ModuleList(
    (0): GCNConv(1433, 128)
    (1-2): 2 x GCNConv(128, 128)
    (3): GCNConv(128, 7)
  )
  (mlp): Linear(in_features=128, out_features=7, bias=True)
  (residual_fc): None
)
Epoch: 1, Loss: 1.9469, Train: 0.3786, Val: 0.2600, Test: 0.2530
Epoch: 2, Loss: 1.9291, Train: 0.5857, Val: 0.3500, Test: 0.3600
Epoch: 3, Loss: 1.9117, Train: 0.6143, Val: 0.4120, Test: 0.4300
Epoch: 4, Loss: 1.8925, Train: 0.6286, Val: 0.4440, Test: 0.4670
Epoch: 5, Loss: 1.8705, Train: 0.6357, Val: 0.4620, Test: 0.4940
Epoch: 6, Loss: 1.8450, Train: 0.6286, Val: 0.4920, Test: 0.5090
Epoch: 7, Loss: 1.8152, Train: 0.6429, Val: 0.5080, Test: 0.5390
Epoch: 8, Loss: 1.7806, Train: 0.6500, Val: 0.5200, Test: 0.5510
Epoch: 9, Loss: 1.7406, Train: 0.6571, Val: 0.5280, Test: 0.5600
Epoch: 10, Loss: 1.6938, Train: 0.6500, Val: 0.5440, Test: 0.5600
Epoch: 11, Loss: 1.6394, Train: 0.6500, Val: 0.5600, Test: 0.5610
Epoch: 12, Loss: 1.5778, Train: 0.6786, Val: 0.5760, Test: 0.5770
Epoch: 13, Loss: 1.5106, Train: 0.7214, Val: 0.5960, Test: 0.5950
Epoch: 14, Loss: 1.4389, Train: 0.7357, Val: 0.6100, Test: 0.6140
Epoch: 15, Loss: 1.3638, Train: 0.7500, Val: 0.6280, Test: 0.6420
Epoch: 16, Loss: 1.2853, Train: 0.7643, Val: 0.6500, Test: 0.6560
Epoch: 17, Loss: 1.2036, Train: 0.7929, Val: 0.6740, Test: 0.6810
Epoch: 18, Loss: 1.1192, Train: 0.8143, Val: 0.6880, Test: 0.6990
Epoch: 19, Loss: 1.0315, Train: 0.8714, Val: 0.7040, Test: 0.7200
Epoch: 20, Loss: 0.9371, Train: 0.9071, Val: 0.7180, Test: 0.7400
Epoch: 21, Loss: 0.8443, Train: 0.9214, Val: 0.7540, Test: 0.7620
Epoch: 22, Loss: 0.7547, Train: 0.9500, Val: 0.7760, Test: 0.7790
Epoch: 23, Loss: 0.6678, Train: 0.9643, Val: 0.7900, Test: 0.7910
Epoch: 24, Loss: 0.5846, Train: 0.9643, Val: 0.7940, Test: 0.8010
Epoch: 25, Loss: 0.5062, Train: 0.9643, Val: 0.7980, Test: 0.8000
Epoch: 26, Loss: 0.4338, Train: 0.9714, Val: 0.7980, Test: 0.7990
Epoch: 27, Loss: 0.3681, Train: 0.9714, Val: 0.8040, Test: 0.8010
Epoch: 28, Loss: 0.3098, Train: 0.9786, Val: 0.8100, Test: 0.7980
Epoch: 29, Loss: 0.2590, Train: 0.9786, Val: 0.8020, Test: 0.8030
Epoch: 30, Loss: 0.2158, Train: 0.9786, Val: 0.7980, Test: 0.8030
Epoch: 31, Loss: 0.1796, Train: 0.9929, Val: 0.8000, Test: 0.7980
Epoch: 32, Loss: 0.1494, Train: 0.9929, Val: 0.8000, Test: 0.7990
Epoch: 33, Loss: 0.1244, Train: 0.9929, Val: 0.7960, Test: 0.7980
Epoch: 34, Loss: 0.1037, Train: 1.0000, Val: 0.7940, Test: 0.7960
Epoch: 35, Loss: 0.0867, Train: 1.0000, Val: 0.7940, Test: 0.7950
Epoch: 36, Loss: 0.0729, Train: 1.0000, Val: 0.7920, Test: 0.7940
Epoch: 37, Loss: 0.0615, Train: 1.0000, Val: 0.7940, Test: 0.7950
Epoch: 38, Loss: 0.0522, Train: 1.0000, Val: 0.7880, Test: 0.7950
Epoch: 39, Loss: 0.0445, Train: 1.0000, Val: 0.7860, Test: 0.7940
Epoch: 40, Loss: 0.0381, Train: 1.0000, Val: 0.7820, Test: 0.7940
Epoch: 41, Loss: 0.0329, Train: 1.0000, Val: 0.7800, Test: 0.7940
Epoch: 42, Loss: 0.0284, Train: 1.0000, Val: 0.7820, Test: 0.7920
Epoch: 43, Loss: 0.0248, Train: 1.0000, Val: 0.7800, Test: 0.7900
Epoch: 44, Loss: 0.0217, Train: 1.0000, Val: 0.7800, Test: 0.7890
Epoch: 45, Loss: 0.0192, Train: 1.0000, Val: 0.7780, Test: 0.7890
Epoch: 46, Loss: 0.0170, Train: 1.0000, Val: 0.7780, Test: 0.7900
Epoch: 47, Loss: 0.0151, Train: 1.0000, Val: 0.7820, Test: 0.7900
Epoch: 48, Loss: 0.0134, Train: 1.0000, Val: 0.7820, Test: 0.7880
Epoch: 49, Loss: 0.0120, Train: 1.0000, Val: 0.7820, Test: 0.7880
Epoch: 50, Loss: 0.0107, Train: 1.0000, Val: 0.7800, Test: 0.7880
MAD:  0.4375
InfoGap:  0.9985230518504977
Best Test Accuracy: 0.8030, Val Accuracy: 0.8020, Train Accuracy: 0.9786
Training completed.
Seed:  4
GCN(
  (convs): ModuleList(
    (0): GCNConv(1433, 128)
    (1-2): 2 x GCNConv(128, 128)
    (3): GCNConv(128, 7)
  )
  (mlp): Linear(in_features=128, out_features=7, bias=True)
  (residual_fc): None
)
Epoch: 1, Loss: 1.9432, Train: 0.4786, Val: 0.2720, Test: 0.2810
Epoch: 2, Loss: 1.9268, Train: 0.5929, Val: 0.3360, Test: 0.3350
Epoch: 3, Loss: 1.9106, Train: 0.6429, Val: 0.3700, Test: 0.3600
Epoch: 4, Loss: 1.8917, Train: 0.6786, Val: 0.3960, Test: 0.4000
Epoch: 5, Loss: 1.8695, Train: 0.6929, Val: 0.4180, Test: 0.4180
Epoch: 6, Loss: 1.8436, Train: 0.6929, Val: 0.4200, Test: 0.4420
Epoch: 7, Loss: 1.8133, Train: 0.6929, Val: 0.4420, Test: 0.4530
Epoch: 8, Loss: 1.7781, Train: 0.7071, Val: 0.4560, Test: 0.4540
Epoch: 9, Loss: 1.7377, Train: 0.7143, Val: 0.4580, Test: 0.4600
Epoch: 10, Loss: 1.6916, Train: 0.7214, Val: 0.4600, Test: 0.4610
Epoch: 11, Loss: 1.6396, Train: 0.7214, Val: 0.4600, Test: 0.4620
Epoch: 12, Loss: 1.5813, Train: 0.7286, Val: 0.4640, Test: 0.4670
Epoch: 13, Loss: 1.5166, Train: 0.7357, Val: 0.4620, Test: 0.4710
Epoch: 14, Loss: 1.4453, Train: 0.7429, Val: 0.4780, Test: 0.4840
Epoch: 15, Loss: 1.3675, Train: 0.7571, Val: 0.5060, Test: 0.5000
Epoch: 16, Loss: 1.2855, Train: 0.7786, Val: 0.5460, Test: 0.5360
Epoch: 17, Loss: 1.2015, Train: 0.8000, Val: 0.5500, Test: 0.5510
Epoch: 18, Loss: 1.1167, Train: 0.8143, Val: 0.5580, Test: 0.5660
Epoch: 19, Loss: 1.0327, Train: 0.8214, Val: 0.5680, Test: 0.5700
Epoch: 20, Loss: 0.9515, Train: 0.8286, Val: 0.5700, Test: 0.5770
Epoch: 21, Loss: 0.8750, Train: 0.8357, Val: 0.5720, Test: 0.5810
Epoch: 22, Loss: 0.8047, Train: 0.8357, Val: 0.5760, Test: 0.5820
Epoch: 23, Loss: 0.7417, Train: 0.8357, Val: 0.5780, Test: 0.5840
Epoch: 24, Loss: 0.6861, Train: 0.8357, Val: 0.5780, Test: 0.5820
Epoch: 25, Loss: 0.6377, Train: 0.8357, Val: 0.5800, Test: 0.5860
Epoch: 26, Loss: 0.5955, Train: 0.8357, Val: 0.5800, Test: 0.5870
Epoch: 27, Loss: 0.5588, Train: 0.8357, Val: 0.5820, Test: 0.5870
Epoch: 28, Loss: 0.5261, Train: 0.8357, Val: 0.5820, Test: 0.5840
Epoch: 29, Loss: 0.4968, Train: 0.8357, Val: 0.5820, Test: 0.5820
Epoch: 30, Loss: 0.4703, Train: 0.8429, Val: 0.5800, Test: 0.5830
Epoch: 31, Loss: 0.4461, Train: 0.8857, Val: 0.5860, Test: 0.5920
Epoch: 32, Loss: 0.4080, Train: 0.9429, Val: 0.6420, Test: 0.6430
Epoch: 33, Loss: 0.3497, Train: 0.9571, Val: 0.7500, Test: 0.7370
Epoch: 34, Loss: 0.2893, Train: 0.9786, Val: 0.7920, Test: 0.7780
Epoch: 35, Loss: 0.2436, Train: 0.9571, Val: 0.7840, Test: 0.7850
Epoch: 36, Loss: 0.2207, Train: 0.9643, Val: 0.7780, Test: 0.7810
Epoch: 37, Loss: 0.2029, Train: 0.9714, Val: 0.7760, Test: 0.7910
Epoch: 38, Loss: 0.1774, Train: 0.9857, Val: 0.7880, Test: 0.8030
Epoch: 39, Loss: 0.1509, Train: 0.9857, Val: 0.7980, Test: 0.8010
Epoch: 40, Loss: 0.1288, Train: 0.9929, Val: 0.8120, Test: 0.8010
Epoch: 41, Loss: 0.1127, Train: 0.9929, Val: 0.8080, Test: 0.7920
Epoch: 42, Loss: 0.1015, Train: 0.9929, Val: 0.8060, Test: 0.7910
Epoch: 43, Loss: 0.0892, Train: 1.0000, Val: 0.7980, Test: 0.7940
Epoch: 44, Loss: 0.0757, Train: 1.0000, Val: 0.7920, Test: 0.7940
Epoch: 45, Loss: 0.0666, Train: 1.0000, Val: 0.7980, Test: 0.7950
Epoch: 46, Loss: 0.0609, Train: 1.0000, Val: 0.7980, Test: 0.7980
Epoch: 47, Loss: 0.0553, Train: 1.0000, Val: 0.8000, Test: 0.8010
Epoch: 48, Loss: 0.0491, Train: 1.0000, Val: 0.7980, Test: 0.7980
Epoch: 49, Loss: 0.0433, Train: 1.0000, Val: 0.7980, Test: 0.7970
Epoch: 50, Loss: 0.0378, Train: 1.0000, Val: 0.8000, Test: 0.7950
MAD:  0.4259
InfoGap:  0.9981812756741419
Best Test Accuracy: 0.8030, Val Accuracy: 0.7880, Train Accuracy: 0.9857
Training completed.
Seed:  5
GCN(
  (convs): ModuleList(
    (0): GCNConv(1433, 128)
    (1-2): 2 x GCNConv(128, 128)
    (3): GCNConv(128, 7)
  )
  (mlp): Linear(in_features=128, out_features=7, bias=True)
  (residual_fc): None
)
Epoch: 1, Loss: 1.9467, Train: 0.2571, Val: 0.2280, Test: 0.2400
Epoch: 2, Loss: 1.9433, Train: 0.3429, Val: 0.3740, Test: 0.3780
Epoch: 3, Loss: 1.9381, Train: 0.3786, Val: 0.3960, Test: 0.4130
Epoch: 4, Loss: 1.9296, Train: 0.4214, Val: 0.4500, Test: 0.4700
Epoch: 5, Loss: 1.9184, Train: 0.5000, Val: 0.5280, Test: 0.5090
Epoch: 6, Loss: 1.9040, Train: 0.5286, Val: 0.5480, Test: 0.5350
Epoch: 7, Loss: 1.8890, Train: 0.5286, Val: 0.5640, Test: 0.5500
Epoch: 8, Loss: 1.8715, Train: 0.5429, Val: 0.5960, Test: 0.5760
Epoch: 9, Loss: 1.8490, Train: 0.5714, Val: 0.6380, Test: 0.6070
Epoch: 10, Loss: 1.8210, Train: 0.6214, Val: 0.6680, Test: 0.6620
Epoch: 11, Loss: 1.7890, Train: 0.6286, Val: 0.7000, Test: 0.6800
Epoch: 12, Loss: 1.7522, Train: 0.6643, Val: 0.7040, Test: 0.6940
Epoch: 13, Loss: 1.7104, Train: 0.6571, Val: 0.7060, Test: 0.6980
Epoch: 14, Loss: 1.6632, Train: 0.6571, Val: 0.7040, Test: 0.7000
Epoch: 15, Loss: 1.6102, Train: 0.6714, Val: 0.7060, Test: 0.6980
Epoch: 16, Loss: 1.5516, Train: 0.6714, Val: 0.7040, Test: 0.6980
Epoch: 17, Loss: 1.4879, Train: 0.6714, Val: 0.7080, Test: 0.7020
Epoch: 18, Loss: 1.4202, Train: 0.6714, Val: 0.7100, Test: 0.7050
Epoch: 19, Loss: 1.3496, Train: 0.6786, Val: 0.7120, Test: 0.7040
Epoch: 20, Loss: 1.2774, Train: 0.6786, Val: 0.7160, Test: 0.7060
Epoch: 21, Loss: 1.2048, Train: 0.6786, Val: 0.7160, Test: 0.7070
Epoch: 22, Loss: 1.1334, Train: 0.6786, Val: 0.7140, Test: 0.7080
Epoch: 23, Loss: 1.0649, Train: 0.6786, Val: 0.7120, Test: 0.7080
Epoch: 24, Loss: 1.0012, Train: 0.6786, Val: 0.7120, Test: 0.7040
Epoch: 25, Loss: 0.9431, Train: 0.6786, Val: 0.7140, Test: 0.7030
Epoch: 26, Loss: 0.8906, Train: 0.6857, Val: 0.7160, Test: 0.7020
Epoch: 27, Loss: 0.8439, Train: 0.6929, Val: 0.7120, Test: 0.7010
Epoch: 28, Loss: 0.8032, Train: 0.7000, Val: 0.7120, Test: 0.7010
Epoch: 29, Loss: 0.7678, Train: 0.7000, Val: 0.7180, Test: 0.7040
Epoch: 30, Loss: 0.7372, Train: 0.7000, Val: 0.7200, Test: 0.7030
Epoch: 31, Loss: 0.7106, Train: 0.7000, Val: 0.7180, Test: 0.6990
Epoch: 32, Loss: 0.6877, Train: 0.7071, Val: 0.7160, Test: 0.6980
Epoch: 33, Loss: 0.6677, Train: 0.7071, Val: 0.7200, Test: 0.7010
Epoch: 34, Loss: 0.6503, Train: 0.7071, Val: 0.7180, Test: 0.7000
Epoch: 35, Loss: 0.6351, Train: 0.7143, Val: 0.7120, Test: 0.6970
Epoch: 36, Loss: 0.6224, Train: 0.7143, Val: 0.7100, Test: 0.6950
Epoch: 37, Loss: 0.6119, Train: 0.7143, Val: 0.7040, Test: 0.6920
Epoch: 38, Loss: 0.6036, Train: 0.7143, Val: 0.7020, Test: 0.6880
Epoch: 39, Loss: 0.5966, Train: 0.7143, Val: 0.7020, Test: 0.6890
Epoch: 40, Loss: 0.5906, Train: 0.7143, Val: 0.7020, Test: 0.6900
Epoch: 41, Loss: 0.5855, Train: 0.7143, Val: 0.6960, Test: 0.6910
Epoch: 42, Loss: 0.5813, Train: 0.7143, Val: 0.6960, Test: 0.6910
Epoch: 43, Loss: 0.5778, Train: 0.7143, Val: 0.6980, Test: 0.6860
Epoch: 44, Loss: 0.5748, Train: 0.7143, Val: 0.6960, Test: 0.6860
Epoch: 45, Loss: 0.5721, Train: 0.7143, Val: 0.6900, Test: 0.6810
Epoch: 46, Loss: 0.5700, Train: 0.7143, Val: 0.6900, Test: 0.6820
Epoch: 47, Loss: 0.5683, Train: 0.7143, Val: 0.6900, Test: 0.6800
Epoch: 48, Loss: 0.5667, Train: 0.7143, Val: 0.6920, Test: 0.6770
Epoch: 49, Loss: 0.5653, Train: 0.7143, Val: 0.6860, Test: 0.6730
Epoch: 50, Loss: 0.5643, Train: 0.7143, Val: 0.6860, Test: 0.6730
MAD:  0.5088
InfoGap:  0.9980317109730095
Best Test Accuracy: 0.7080, Val Accuracy: 0.7140, Train Accuracy: 0.6786
Training completed.
Seed:  6
GCN(
  (convs): ModuleList(
    (0): GCNConv(1433, 128)
    (1-2): 2 x GCNConv(128, 128)
    (3): GCNConv(128, 7)
  )
  (mlp): Linear(in_features=128, out_features=7, bias=True)
  (residual_fc): None
)
Epoch: 1, Loss: 1.9478, Train: 0.4214, Val: 0.2440, Test: 0.2310
Epoch: 2, Loss: 1.9337, Train: 0.5071, Val: 0.3180, Test: 0.3130
Epoch: 3, Loss: 1.9202, Train: 0.5500, Val: 0.3500, Test: 0.3500
Epoch: 4, Loss: 1.9057, Train: 0.5500, Val: 0.3680, Test: 0.3710
Epoch: 5, Loss: 1.8886, Train: 0.5857, Val: 0.3800, Test: 0.3810
Epoch: 6, Loss: 1.8676, Train: 0.5929, Val: 0.3920, Test: 0.3880
Epoch: 7, Loss: 1.8429, Train: 0.6286, Val: 0.4080, Test: 0.4000
Epoch: 8, Loss: 1.8134, Train: 0.6357, Val: 0.4240, Test: 0.4110
Epoch: 9, Loss: 1.7782, Train: 0.6500, Val: 0.4320, Test: 0.4320
Epoch: 10, Loss: 1.7374, Train: 0.6643, Val: 0.4600, Test: 0.4480
Epoch: 11, Loss: 1.6914, Train: 0.6929, Val: 0.4840, Test: 0.4710
Epoch: 12, Loss: 1.6402, Train: 0.7214, Val: 0.4980, Test: 0.5050
Epoch: 13, Loss: 1.5829, Train: 0.7357, Val: 0.5280, Test: 0.5350
Epoch: 14, Loss: 1.5193, Train: 0.7500, Val: 0.5520, Test: 0.5530
Epoch: 15, Loss: 1.4499, Train: 0.7714, Val: 0.5780, Test: 0.5830
Epoch: 16, Loss: 1.3746, Train: 0.7929, Val: 0.6000, Test: 0.6070
Epoch: 17, Loss: 1.2942, Train: 0.8143, Val: 0.6180, Test: 0.6320
Epoch: 18, Loss: 1.2069, Train: 0.8643, Val: 0.6560, Test: 0.6570
Epoch: 19, Loss: 1.1155, Train: 0.9214, Val: 0.6780, Test: 0.6790
Epoch: 20, Loss: 1.0218, Train: 0.9286, Val: 0.7140, Test: 0.7160
Epoch: 21, Loss: 0.9267, Train: 0.9429, Val: 0.7340, Test: 0.7330
Epoch: 22, Loss: 0.8312, Train: 0.9500, Val: 0.7560, Test: 0.7570
Epoch: 23, Loss: 0.7371, Train: 0.9571, Val: 0.7760, Test: 0.7710
Epoch: 24, Loss: 0.6460, Train: 0.9643, Val: 0.7900, Test: 0.7920
Epoch: 25, Loss: 0.5601, Train: 0.9643, Val: 0.7940, Test: 0.8020
Epoch: 26, Loss: 0.4808, Train: 0.9643, Val: 0.8000, Test: 0.8140
Epoch: 27, Loss: 0.4092, Train: 0.9643, Val: 0.8040, Test: 0.8190
Epoch: 28, Loss: 0.3456, Train: 0.9786, Val: 0.8040, Test: 0.8180
Epoch: 29, Loss: 0.2903, Train: 0.9786, Val: 0.8020, Test: 0.8170
Epoch: 30, Loss: 0.2429, Train: 0.9857, Val: 0.8020, Test: 0.8130
Epoch: 31, Loss: 0.2028, Train: 0.9929, Val: 0.7980, Test: 0.8110
Epoch: 32, Loss: 0.1693, Train: 0.9929, Val: 0.7940, Test: 0.8060
Epoch: 33, Loss: 0.1414, Train: 1.0000, Val: 0.7920, Test: 0.8030
Epoch: 34, Loss: 0.1183, Train: 1.0000, Val: 0.7920, Test: 0.8040
Epoch: 35, Loss: 0.0991, Train: 1.0000, Val: 0.7900, Test: 0.8040
Epoch: 36, Loss: 0.0833, Train: 1.0000, Val: 0.7900, Test: 0.8030
Epoch: 37, Loss: 0.0703, Train: 1.0000, Val: 0.7860, Test: 0.8020
Epoch: 38, Loss: 0.0594, Train: 1.0000, Val: 0.7840, Test: 0.7990
Epoch: 39, Loss: 0.0504, Train: 1.0000, Val: 0.7840, Test: 0.7970
Epoch: 40, Loss: 0.0428, Train: 1.0000, Val: 0.7820, Test: 0.7950
Epoch: 41, Loss: 0.0365, Train: 1.0000, Val: 0.7800, Test: 0.7940
Epoch: 42, Loss: 0.0313, Train: 1.0000, Val: 0.7820, Test: 0.7910
Epoch: 43, Loss: 0.0269, Train: 1.0000, Val: 0.7780, Test: 0.7870
Epoch: 44, Loss: 0.0232, Train: 1.0000, Val: 0.7780, Test: 0.7850
Epoch: 45, Loss: 0.0201, Train: 1.0000, Val: 0.7740, Test: 0.7850
Epoch: 46, Loss: 0.0175, Train: 1.0000, Val: 0.7740, Test: 0.7840
Epoch: 47, Loss: 0.0153, Train: 1.0000, Val: 0.7740, Test: 0.7840
Epoch: 48, Loss: 0.0135, Train: 1.0000, Val: 0.7740, Test: 0.7830
Epoch: 49, Loss: 0.0120, Train: 1.0000, Val: 0.7740, Test: 0.7820
Epoch: 50, Loss: 0.0107, Train: 1.0000, Val: 0.7740, Test: 0.7800
MAD:  0.4233
InfoGap:  0.9984325834084302
Best Test Accuracy: 0.8190, Val Accuracy: 0.8040, Train Accuracy: 0.9643
Training completed.
Seed:  7
GCN(
  (convs): ModuleList(
    (0): GCNConv(1433, 128)
    (1-2): 2 x GCNConv(128, 128)
    (3): GCNConv(128, 7)
  )
  (mlp): Linear(in_features=128, out_features=7, bias=True)
  (residual_fc): None
)
Epoch: 1, Loss: 1.9471, Train: 0.3500, Val: 0.1800, Test: 0.1920
Epoch: 2, Loss: 1.9291, Train: 0.4571, Val: 0.2460, Test: 0.2650
Epoch: 3, Loss: 1.9122, Train: 0.5357, Val: 0.3180, Test: 0.3490
Epoch: 4, Loss: 1.8933, Train: 0.5429, Val: 0.3920, Test: 0.4170
Epoch: 5, Loss: 1.8718, Train: 0.5571, Val: 0.4340, Test: 0.4500
Epoch: 6, Loss: 1.8470, Train: 0.5643, Val: 0.4540, Test: 0.4770
Epoch: 7, Loss: 1.8180, Train: 0.5643, Val: 0.4720, Test: 0.4980
Epoch: 8, Loss: 1.7841, Train: 0.5714, Val: 0.4760, Test: 0.5090
Epoch: 9, Loss: 1.7451, Train: 0.5714, Val: 0.4820, Test: 0.5140
Epoch: 10, Loss: 1.7012, Train: 0.5714, Val: 0.4840, Test: 0.5230
Epoch: 11, Loss: 1.6524, Train: 0.5714, Val: 0.4940, Test: 0.5240
Epoch: 12, Loss: 1.5985, Train: 0.5714, Val: 0.4960, Test: 0.5290
Epoch: 13, Loss: 1.5404, Train: 0.5714, Val: 0.5000, Test: 0.5300
Epoch: 14, Loss: 1.4788, Train: 0.5714, Val: 0.5000, Test: 0.5310
Epoch: 15, Loss: 1.4150, Train: 0.5714, Val: 0.5000, Test: 0.5330
Epoch: 16, Loss: 1.3507, Train: 0.5714, Val: 0.5100, Test: 0.5370
Epoch: 17, Loss: 1.2876, Train: 0.5714, Val: 0.5120, Test: 0.5410
Epoch: 18, Loss: 1.2273, Train: 0.5786, Val: 0.5140, Test: 0.5470
Epoch: 19, Loss: 1.1711, Train: 0.5786, Val: 0.5220, Test: 0.5480
Epoch: 20, Loss: 1.1198, Train: 0.5929, Val: 0.5340, Test: 0.5540
Epoch: 21, Loss: 1.0745, Train: 0.6143, Val: 0.5320, Test: 0.5590
Epoch: 22, Loss: 1.0349, Train: 0.6214, Val: 0.5360, Test: 0.5620
Epoch: 23, Loss: 1.0013, Train: 0.6214, Val: 0.5440, Test: 0.5640
Epoch: 24, Loss: 0.9727, Train: 0.6357, Val: 0.5460, Test: 0.5640
Epoch: 25, Loss: 0.9486, Train: 0.6571, Val: 0.5460, Test: 0.5650
Epoch: 26, Loss: 0.9287, Train: 0.6571, Val: 0.5420, Test: 0.5710
Epoch: 27, Loss: 0.9122, Train: 0.6571, Val: 0.5440, Test: 0.5740
Epoch: 28, Loss: 0.8983, Train: 0.6571, Val: 0.5400, Test: 0.5720
Epoch: 29, Loss: 0.8863, Train: 0.6643, Val: 0.5320, Test: 0.5670
Epoch: 30, Loss: 0.8767, Train: 0.6786, Val: 0.5240, Test: 0.5610
Epoch: 31, Loss: 0.8693, Train: 0.6929, Val: 0.5260, Test: 0.5590
Epoch: 32, Loss: 0.8631, Train: 0.6929, Val: 0.5300, Test: 0.5590
Epoch: 33, Loss: 0.8579, Train: 0.6857, Val: 0.5380, Test: 0.5590
Epoch: 34, Loss: 0.8535, Train: 0.6857, Val: 0.5420, Test: 0.5620
Epoch: 35, Loss: 0.8505, Train: 0.7000, Val: 0.5460, Test: 0.5660
Epoch: 36, Loss: 0.8480, Train: 0.7000, Val: 0.5460, Test: 0.5680
Epoch: 37, Loss: 0.8458, Train: 0.7071, Val: 0.5420, Test: 0.5680
Epoch: 38, Loss: 0.8438, Train: 0.7071, Val: 0.5420, Test: 0.5690
Epoch: 39, Loss: 0.8420, Train: 0.7071, Val: 0.5360, Test: 0.5640
Epoch: 40, Loss: 0.8405, Train: 0.7000, Val: 0.5320, Test: 0.5610
Epoch: 41, Loss: 0.8395, Train: 0.7143, Val: 0.5320, Test: 0.5610
Epoch: 42, Loss: 0.8387, Train: 0.7143, Val: 0.5300, Test: 0.5580
Epoch: 43, Loss: 0.8380, Train: 0.7000, Val: 0.5280, Test: 0.5600
Epoch: 44, Loss: 0.8373, Train: 0.6929, Val: 0.5280, Test: 0.5590
Epoch: 45, Loss: 0.8366, Train: 0.7000, Val: 0.5260, Test: 0.5670
Epoch: 46, Loss: 0.8366, Train: 0.7000, Val: 0.5300, Test: 0.5630
Epoch: 47, Loss: 0.8362, Train: 0.7071, Val: 0.5280, Test: 0.5590
Epoch: 48, Loss: 0.8358, Train: 0.7143, Val: 0.5340, Test: 0.5610
Epoch: 49, Loss: 0.8356, Train: 0.7071, Val: 0.5340, Test: 0.5600
Epoch: 50, Loss: 0.8355, Train: 0.7143, Val: 0.5360, Test: 0.5620
MAD:  0.772
InfoGap:  0.9975539222359657
Best Test Accuracy: 0.5740, Val Accuracy: 0.5440, Train Accuracy: 0.6571
Training completed.
Seed:  8
GCN(
  (convs): ModuleList(
    (0): GCNConv(1433, 128)
    (1-2): 2 x GCNConv(128, 128)
    (3): GCNConv(128, 7)
  )
  (mlp): Linear(in_features=128, out_features=7, bias=True)
  (residual_fc): None
)
Epoch: 1, Loss: 1.9485, Train: 0.3643, Val: 0.2340, Test: 0.2380
Epoch: 2, Loss: 1.9309, Train: 0.5286, Val: 0.4160, Test: 0.4320
Epoch: 3, Loss: 1.9153, Train: 0.6500, Val: 0.5480, Test: 0.5510
Epoch: 4, Loss: 1.8979, Train: 0.6857, Val: 0.5940, Test: 0.6070
Epoch: 5, Loss: 1.8775, Train: 0.7143, Val: 0.6220, Test: 0.6570
Epoch: 6, Loss: 1.8534, Train: 0.7429, Val: 0.6540, Test: 0.6820
Epoch: 7, Loss: 1.8250, Train: 0.7643, Val: 0.6800, Test: 0.6880
Epoch: 8, Loss: 1.7914, Train: 0.7643, Val: 0.6920, Test: 0.6970
Epoch: 9, Loss: 1.7521, Train: 0.7786, Val: 0.7020, Test: 0.7040
Epoch: 10, Loss: 1.7067, Train: 0.7929, Val: 0.7040, Test: 0.7090
Epoch: 11, Loss: 1.6549, Train: 0.7929, Val: 0.7020, Test: 0.7120
Epoch: 12, Loss: 1.5964, Train: 0.7929, Val: 0.7080, Test: 0.7170
Epoch: 13, Loss: 1.5308, Train: 0.8071, Val: 0.7120, Test: 0.7230
Epoch: 14, Loss: 1.4580, Train: 0.8286, Val: 0.7100, Test: 0.7300
Epoch: 15, Loss: 1.3775, Train: 0.8357, Val: 0.7180, Test: 0.7360
Epoch: 16, Loss: 1.2904, Train: 0.8714, Val: 0.7240, Test: 0.7400
Epoch: 17, Loss: 1.1977, Train: 0.8714, Val: 0.7280, Test: 0.7430
Epoch: 18, Loss: 1.1002, Train: 0.8857, Val: 0.7400, Test: 0.7500
Epoch: 19, Loss: 0.9995, Train: 0.9000, Val: 0.7500, Test: 0.7580
Epoch: 20, Loss: 0.8976, Train: 0.9143, Val: 0.7580, Test: 0.7670
Epoch: 21, Loss: 0.7968, Train: 0.9286, Val: 0.7600, Test: 0.7770
Epoch: 22, Loss: 0.6987, Train: 0.9500, Val: 0.7620, Test: 0.7860
Epoch: 23, Loss: 0.6054, Train: 0.9643, Val: 0.7780, Test: 0.7940
Epoch: 24, Loss: 0.5183, Train: 0.9643, Val: 0.7800, Test: 0.7960
Epoch: 25, Loss: 0.4389, Train: 0.9643, Val: 0.7820, Test: 0.7940
Epoch: 26, Loss: 0.3683, Train: 0.9714, Val: 0.7820, Test: 0.7930
Epoch: 27, Loss: 0.3070, Train: 0.9786, Val: 0.7840, Test: 0.7950
Epoch: 28, Loss: 0.2546, Train: 0.9857, Val: 0.7840, Test: 0.7950
Epoch: 29, Loss: 0.2105, Train: 0.9857, Val: 0.7840, Test: 0.7960
Epoch: 30, Loss: 0.1740, Train: 0.9857, Val: 0.7840, Test: 0.7960
Epoch: 31, Loss: 0.1440, Train: 0.9857, Val: 0.7800, Test: 0.7980
Epoch: 32, Loss: 0.1196, Train: 0.9857, Val: 0.7780, Test: 0.7950
Epoch: 33, Loss: 0.0996, Train: 0.9929, Val: 0.7760, Test: 0.7940
Epoch: 34, Loss: 0.0834, Train: 1.0000, Val: 0.7780, Test: 0.7940
Epoch: 35, Loss: 0.0700, Train: 1.0000, Val: 0.7800, Test: 0.7930
Epoch: 36, Loss: 0.0591, Train: 1.0000, Val: 0.7780, Test: 0.7930
Epoch: 37, Loss: 0.0500, Train: 1.0000, Val: 0.7760, Test: 0.7880
Epoch: 38, Loss: 0.0426, Train: 1.0000, Val: 0.7720, Test: 0.7820
Epoch: 39, Loss: 0.0365, Train: 1.0000, Val: 0.7740, Test: 0.7830
Epoch: 40, Loss: 0.0314, Train: 1.0000, Val: 0.7760, Test: 0.7860
Epoch: 41, Loss: 0.0272, Train: 1.0000, Val: 0.7740, Test: 0.7840
Epoch: 42, Loss: 0.0236, Train: 1.0000, Val: 0.7740, Test: 0.7840
Epoch: 43, Loss: 0.0206, Train: 1.0000, Val: 0.7720, Test: 0.7810
Epoch: 44, Loss: 0.0181, Train: 1.0000, Val: 0.7740, Test: 0.7820
Epoch: 45, Loss: 0.0160, Train: 1.0000, Val: 0.7720, Test: 0.7810
Epoch: 46, Loss: 0.0142, Train: 1.0000, Val: 0.7720, Test: 0.7810
Epoch: 47, Loss: 0.0127, Train: 1.0000, Val: 0.7700, Test: 0.7810
Epoch: 48, Loss: 0.0114, Train: 1.0000, Val: 0.7680, Test: 0.7790
Epoch: 49, Loss: 0.0102, Train: 1.0000, Val: 0.7680, Test: 0.7780
Epoch: 50, Loss: 0.0092, Train: 1.0000, Val: 0.7680, Test: 0.7770
MAD:  0.5297
InfoGap:  0.9985189723083749
Best Test Accuracy: 0.7980, Val Accuracy: 0.7800, Train Accuracy: 0.9857
Training completed.
Seed:  9
GCN(
  (convs): ModuleList(
    (0): GCNConv(1433, 128)
    (1-2): 2 x GCNConv(128, 128)
    (3): GCNConv(128, 7)
  )
  (mlp): Linear(in_features=128, out_features=7, bias=True)
  (residual_fc): None
)
Epoch: 1, Loss: 1.9460, Train: 0.1857, Val: 0.1300, Test: 0.1390
Epoch: 2, Loss: 1.9357, Train: 0.3071, Val: 0.2000, Test: 0.2160
Epoch: 3, Loss: 1.9236, Train: 0.3857, Val: 0.2940, Test: 0.3230
Epoch: 4, Loss: 1.9100, Train: 0.4429, Val: 0.3240, Test: 0.3740
Epoch: 5, Loss: 1.8929, Train: 0.5214, Val: 0.3880, Test: 0.4280
Epoch: 6, Loss: 1.8730, Train: 0.5643, Val: 0.4420, Test: 0.4960
Epoch: 7, Loss: 1.8500, Train: 0.6429, Val: 0.4820, Test: 0.5380
Epoch: 8, Loss: 1.8220, Train: 0.6714, Val: 0.5140, Test: 0.5690
Epoch: 9, Loss: 1.7889, Train: 0.7000, Val: 0.5420, Test: 0.5970
Epoch: 10, Loss: 1.7505, Train: 0.7643, Val: 0.5600, Test: 0.6220
Epoch: 11, Loss: 1.7060, Train: 0.8214, Val: 0.5760, Test: 0.6440
Epoch: 12, Loss: 1.6542, Train: 0.8429, Val: 0.5820, Test: 0.6600
Epoch: 13, Loss: 1.5947, Train: 0.8571, Val: 0.6000, Test: 0.6660
Epoch: 14, Loss: 1.5281, Train: 0.8714, Val: 0.6280, Test: 0.6840
Epoch: 15, Loss: 1.4548, Train: 0.8714, Val: 0.6580, Test: 0.7040
Epoch: 16, Loss: 1.3749, Train: 0.8929, Val: 0.6880, Test: 0.7290
Epoch: 17, Loss: 1.2888, Train: 0.9000, Val: 0.7080, Test: 0.7470
Epoch: 18, Loss: 1.1972, Train: 0.9000, Val: 0.7400, Test: 0.7600
Epoch: 19, Loss: 1.1014, Train: 0.9143, Val: 0.7500, Test: 0.7660
Epoch: 20, Loss: 1.0025, Train: 0.9286, Val: 0.7540, Test: 0.7730
Epoch: 21, Loss: 0.9020, Train: 0.9429, Val: 0.7560, Test: 0.7750
Epoch: 22, Loss: 0.8018, Train: 0.9429, Val: 0.7580, Test: 0.7830
Epoch: 23, Loss: 0.7039, Train: 0.9429, Val: 0.7600, Test: 0.7880
Epoch: 24, Loss: 0.6102, Train: 0.9500, Val: 0.7720, Test: 0.7900
Epoch: 25, Loss: 0.5228, Train: 0.9643, Val: 0.7800, Test: 0.7950
Epoch: 26, Loss: 0.4433, Train: 0.9786, Val: 0.7840, Test: 0.7960
Epoch: 27, Loss: 0.3728, Train: 0.9786, Val: 0.7920, Test: 0.7990
Epoch: 28, Loss: 0.3114, Train: 0.9786, Val: 0.7940, Test: 0.7960
Epoch: 29, Loss: 0.2591, Train: 0.9857, Val: 0.7940, Test: 0.7960
Epoch: 30, Loss: 0.2153, Train: 0.9857, Val: 0.7940, Test: 0.7970
Epoch: 31, Loss: 0.1789, Train: 0.9857, Val: 0.7960, Test: 0.7980
Epoch: 32, Loss: 0.1488, Train: 0.9857, Val: 0.7980, Test: 0.7970
Epoch: 33, Loss: 0.1240, Train: 0.9857, Val: 0.7940, Test: 0.7970
Epoch: 34, Loss: 0.1037, Train: 0.9857, Val: 0.7940, Test: 0.7970
Epoch: 35, Loss: 0.0869, Train: 0.9857, Val: 0.7880, Test: 0.7950
Epoch: 36, Loss: 0.0732, Train: 1.0000, Val: 0.7860, Test: 0.7920
Epoch: 37, Loss: 0.0620, Train: 1.0000, Val: 0.7820, Test: 0.7900
Epoch: 38, Loss: 0.0527, Train: 1.0000, Val: 0.7820, Test: 0.7890
Epoch: 39, Loss: 0.0449, Train: 1.0000, Val: 0.7820, Test: 0.7890
Epoch: 40, Loss: 0.0385, Train: 1.0000, Val: 0.7800, Test: 0.7890
Epoch: 41, Loss: 0.0332, Train: 1.0000, Val: 0.7820, Test: 0.7910
Epoch: 42, Loss: 0.0287, Train: 1.0000, Val: 0.7820, Test: 0.7870
Epoch: 43, Loss: 0.0250, Train: 1.0000, Val: 0.7840, Test: 0.7860
Epoch: 44, Loss: 0.0219, Train: 1.0000, Val: 0.7840, Test: 0.7840
Epoch: 45, Loss: 0.0192, Train: 1.0000, Val: 0.7840, Test: 0.7840
Epoch: 46, Loss: 0.0170, Train: 1.0000, Val: 0.7820, Test: 0.7840
Epoch: 47, Loss: 0.0150, Train: 1.0000, Val: 0.7820, Test: 0.7850
Epoch: 48, Loss: 0.0134, Train: 1.0000, Val: 0.7800, Test: 0.7840
Epoch: 49, Loss: 0.0120, Train: 1.0000, Val: 0.7800, Test: 0.7840
Epoch: 50, Loss: 0.0107, Train: 1.0000, Val: 0.7800, Test: 0.7840
MAD:  0.4617
InfoGap:  0.9983560947002843
Best Test Accuracy: 0.7990, Val Accuracy: 0.7920, Train Accuracy: 0.9786
Training completed.
Average Test Accuracy:  0.7348 ± 0.08796567512388002
Average MAD:  0.52089 ± 0.14019784912758113
Average R:  0.9981239286134951 ± 0.00036341675531294823
